Pichu
0.0, 0.0, 0.0, 0.0, 0.0, 0.0
0.0020321132058377, 0.016154805196471, -0.1015546211858, -0.010995719974106, -0.013905061372942002, 0.013477630182358001
-0.0023232038903670997, 0.0085220859499363, -0.23386864243635, 0.030378711099217002, 0.06875594186827101, -0.030015610329136
0.0013115513131103, 0.001327119162358, -0.14759054616199, 0.0070795567514899, 0.050491150544402, 0.006848517865753
0.022292504564894, 0.0051043303465759995, -0.12341079826999, 0.0047743503043227, 0.026661500574458003, 0.0006147081768401
0.0095888710545468, 0.019616685758038002, -0.14040275333191, 0.0097568064185382, 0.049723006666066, 0.015241358343615001
0.012990235303107, 0.016148160073859, -0.10370794377109, 0.0061356855538526, 0.012457744819284002, 0.0026128483866964
0.020939111200173003, 0.020969846376811003, -0.2225880491326, -0.0018197893536995, 0.024465446317083, 0.01801628325359
0.0051321532813905, 0.014588056150513002, -0.11031270426217, 0.0091160391865842, 0.042622906617088, 0.012119310257440001
0.0084240011457238, 0.01628941376474, -0.05678882406379, 0.011405787332385, 0.039983396052653004, 0.015094465892405002
0.016798326269813, 0.015117002898332002, -0.078872829275237, 0.0008875404681264999, 0.039255101730730005, 0.022318968450558002
-0.0037300635513072, -0.029725389172824003, -0.14600120874171, 0.04877261374564901, -0.019076709407913003, -0.1464464471046
-0.13471372228831, -0.12554239411621, 0.16969958654501, 0.094138730678331, -0.057120644414323005, -0.50001351492318
-0.12630137159102, -0.11436060497859, -0.13015242592767, 0.063054610375852, -0.15260172846381, -0.41588357944419
-0.091154727545268, 0.06069099742934601, -0.23872340108439, -0.38485931537215, -0.084432996583019, 0.71449825978446
-0.12464084861518, 0.09143772719172301, -0.29058088671847, -0.57558100626391, -0.02211738611804, 1.2451884797432666
-0.029648444333113002, 0.03005922852606, -0.27117352465217, 0.15653734472541, -0.17626758655918, -0.13753260202772
-0.22036463408714, -0.12125439405671, -0.24868841472735, 0.72399014962077, -0.3764162096902, -1.5114014038114643
-0.30822315831078, -0.07145215182211201, -0.11259965529723, 0.84204414997612, -0.49376086692042, -1.4069334128043713
-0.10794978938587, -0.073697145299287, -0.25516500068991, -0.083811471441049, -0.35840537795603, 0.07849260895019601
-0.108170410599, -0.30206382486717, -0.61546102416086, -1.1492713371133232, -0.20539075003199, 1.0380509846187285
-0.017240215151614002, -0.46194153829917, -0.18776057868216, -0.89828377330213, -0.12187677455138, 0.24933752212213
0.067760952848821, -0.3979027001372, -0.34956962344557, 0.3432290614801, -0.35721159240726, -1.3849580246966333
-0.10024520678815, -0.14601221019279, -0.44822750295191, 0.96120979343381, -0.51034304617267, -1.6992649524893384
-0.24241216051695, -0.033697169104578005, -0.58396127195463, 0.061969236362315, -0.47400144027756, -0.022670813733782002
-0.20843134397718, -0.16458489990186, -0.87875624775624, -1.1304240118242468, -0.27237046343707, 1.2145011652641333
-0.17949815718741, -0.30535922367626, -0.69283376100338, -1.178868587179681, -0.19821250959962, 0.74562629512129
0.033653276989525, -0.08676436216147401, -0.65253162905521, 0.12332298926556, -0.33664804166106, -0.87530706878646
-0.09170682134345501, 0.21188225368388, -0.88257774455862, 0.98459300323979, -0.50278124811411, -1.314421525369082
-0.07190174257539, 0.0029428834015066, -0.73246837752083, 0.036446360538236, -0.42161406463832, -0.56482143029895
-0.1624714186128, -0.095890655416589, -0.96109407807449, -1.2908387194415054, -0.10289874440177, 0.95349762611238
-0.050227226306548, -0.09363815943881101, -0.66094943391968, -1.0986763410789884, 0.018511470907512, 0.68950443965284
0.2288890381502, -0.3359521132248, -0.5381058895399, -0.39818780057558, -0.10540863498306, -0.81088667464464
0.061240634504364004, -0.38823041690572, -0.50995917071894, 0.33474821297632, -0.31886176090257, -1.9297020053900193
0.030211297371720004, -0.23458249933739, -0.53271321302811, 0.12655423949844, -0.31905235446519997, -1.2175973376487763
0.22002920764056, -0.1879049657345, -0.77292375579466, -1.2557308305122517, -0.05860409798468601, 0.62889924622396
0.28003127939799, -0.38821885456894, -0.76677254264641, -1.5903493432563836, 0.09557537074601001, 0.37631563669259
0.28746746005012, -0.57126462749395, -0.20773906138678, -0.73682642397507, -0.09286631902303501, -1.342519616074178
0.039209438321621, -0.51858737503882, -0.16041646924459, 0.07545609597876901, -0.34470292114646, -2.0935182824970293
-0.17287498022879, -0.34015289923773, 0.10905198564617, 0.35523485902854, -0.49318878253589, -1.9430976525316899
0.06291551914781801, -0.25526120674666, -0.17280398130612, -0.54391066531898, -0.39425694996846, -0.32751603651291
0.050030160285101, -0.2713796921983, -0.44910876275085, -1.1368853193978, -0.16065419974898, 0.18355385301329
0.16860707898065, -0.32731179877247, -0.7151408661042, -0.43880304172678, -0.10427869884492, -1.4278790763264166
0.014470528703885, -0.22379030755981, -0.57022305406252, 0.37004569312256, -0.3872258805694, -2.2291343425976895
-0.014184308319854, -0.11798902906884, -0.30337551327639, 0.40780961615125, -0.53545912742235, -1.7772737399753686
0.20681388505711, -0.18388563660847, -0.57620956704993, -0.63736855541791, -0.35578989520599, -0.31301137753292
0.14312065333793, -0.25266744894483, -0.42395749855352, -0.67794441615198, -0.23968755327232, -0.42096008437261
0.25398013182759, -0.1813830991474, -0.29794991625506, 0.028722097064033003, -0.32201737929692, -1.1989521748680732
0.09376889812833501, -0.17494653072735, -0.25473601353566, 0.40753932770195, -0.41978914096989, -1.6555197768904952
0.25245270384656, -0.11371503138903, -0.29189559203999, 0.08466992611092901, -0.38774876951634, -0.76903504065621
0.22793017557978, -0.11403546114677, -0.31060754213759, -0.63536318017814, -0.21573083527842, 0.29686341150132
0.32650258377243, -0.20245341658876, -0.4038619215753, -0.43995835199187, -0.19459937320703, -0.41430147685047
0.31581975648835, -0.1637339351768, -0.19065960936554, 0.50442669498306, -0.48060961636189997, -1.5068830540068374
0.25030458645413, -0.075099346635022, -0.21572142153856, 0.56243632460054, -0.48868517840743, -1.2505493496379718
0.42969361061003, -0.030264827659384003, -0.17902894383326, -0.058636988276916005, -0.27209619721089, 0.010799697064814
0.46162005155305, -0.13687478746235, -0.2474962298204, -0.32836035955346, -0.19021272637347, -0.010901072691381
0.48803058963117, -0.25994792191496, 0.069827125370314, 0.17160163579743, -0.38650477837199, -1.265884928119083
0.34125517773791, -0.26112691521441, 0.023001612803276002, 0.47634143541044, -0.46813827979507, -1.7693380515022614
0.49118639385202, -0.09837203461549, -0.15934020608799, 0.1903062347027, -0.43164596445532, -0.66417205852521
0.52856100330489, -0.029693411062154004, -0.53027526687085, -0.57008203872874, -0.17959762170465, 0.61221740833252
0.63780802984288, -0.13374190271684, -0.36861549267302, 0.023296936370414002, -0.26286772096431, -0.55733783813515
0.57459943122922, -0.12125784832102, -0.29568602013061, 0.67381902698008, -0.45314497482779, -1.401137787572316
0.5717053202992, -0.073156662061635, -0.33853404079104, 0.47860240017548, -0.45629869818315, -1.0153114343284004
0.73858933182134, -0.07195641687531601, -0.46388046086208, -0.69731092632623, -0.21504594197078, 0.29226167756763
0.63668875546856, -0.25588378823282, -0.57638754165197, -0.97454787875822, -0.093065785348932, 0.073212285848556
0.61946014290897, -0.3531984093523, -0.36284875895112, -0.132427106198, -0.19410851666293, -1.0616027848244738
0.47147407857265, -0.19496333256484, -0.4351358309226, 0.44869399256135, -0.35070545580598, -1.3538257874236685
0.43886695977072, -0.21379860795828, -0.43907861358713, 0.09650343150011301, -0.46682483751058, -0.92237476863601
0.49149666331811, -0.3814150614887, -0.32301443698, -1.0582873234672001, -0.29444567879441, 0.14361358444782
0.42874218038263, -0.39764815404545, -0.28121698677007, -0.83528537828452, -0.27588792987906, -0.20093920190411
0.49585772167386, -0.079463225527077, -0.52334071280184, 0.40275541584121, -0.41106664415642, -0.87741011936961
0.24093409687252, -0.0045632163745116, -0.426085911773, 0.69100786462099, -0.5060190897192, -1.0509256509328966
0.43665221903898, -0.14209372982344, -0.39469384205259, -0.25713021611333, -0.39390533396421, -0.28842318837763
0.39597072717194, -0.21224203663513, -0.43285890434013, -0.96094752676378, -0.22196208030035, 0.1976643414775
0.50550597573174, -0.16610572070636, -0.37735259730165, -0.48760888545244, -0.22850323835736, -0.061832296346919
0.39520993624336, -0.070157574759656, -0.30879195112584, 0.44303781193187, -0.49142782977341, -0.67974038266123
0.38196995157792, -0.044702733012771, -0.41788042890398, 0.55046678248588, -0.50418341865262, -0.71311536539855
0.47581525760532, -0.10990717568515, -0.38826536394655, -0.26542384366494, -0.42369755095968, 0.012214605677265001
0.41378925480952, -0.17273794998883, -0.42201645867195, -0.86016622432414, -0.35363787873458, 0.42378424453973
0.46007121377661, -0.21846840639974, -0.27940295502741, -0.44597696707054, -0.35768108276198, -0.018249188539143
0.42002620204897, -0.14966013366926, -0.38710240195447, 0.35310773975186, -0.50625676005415, -0.78211997317476
0.36483041756874, -0.10649058211842, -0.46391813468852, 0.57579432351932, -0.54559757193119, -1.0680533434064017
0.40000697181024, -0.16459960643038, -0.41098962069553, -0.16416646753648, -0.58279594903145, -0.050554041070828004
0.36579864876803, -0.27573758753, -0.587063179435, -0.90530880921332, -0.36177514916665, 0.56402890356918
0.42004728363716, -0.18150246389765, -0.27322468631733, -0.088635092644677, -0.59328714798132, -0.3645672617645
0.19278416806262, -0.09610139969257801, -0.058539995520097005, 0.75101015004675, -0.84903229955321, -1.5281776223292158
0.22130789054542, 0.14318342830888, -0.2803238306867, 1.0432840819216742, -0.71391652778803, -1.097059199626576
0.31387801074761, 0.39311301123069, -1.1248321501092438, 0.8301789247839, -0.13821170474507, 0.37454625612817
0.23456521210944, 0.15193807876939, -1.2165612980904816, -0.1573410547493, 0.058394827516927005, 0.83635341523062
0.26873160075054, -0.05679855571204501, -0.54550527227826, -0.52227780140198, -0.41533026005284, 0.74126449283183
-0.09622900346223101, -0.13615533097927, 0.57962802361456, 0.24928156026104, -1.0174890748485277, -0.80351197968262
-0.016185015989826003, -0.092774822195634, 0.46462923336582, 0.68655929263319, -0.97303410982398, -1.5283209342738096
0.35194178793209, 0.045808772772469, -0.16823688567235, 0.53696890066638, -0.68170899069619, -0.64856403813249
0.45766997064661, 0.052308796941207006, -0.55799828397099, -0.44229295909078997, -0.34964293241193, 0.72045412997285
0.37264592328245, -0.08362497208291701, -0.1909538347239, -0.021229564497898, -0.67486835821104, 0.28066379752893
0.17320880047856, -0.22051670405142, 0.42184553977345, 0.69603852298283, -1.0129414551562699, -1.1572100506236673
0.13249971014486, -0.13113528409587, 0.41768606643816, 0.72556639557922, -1.0044484165809409, -1.4821567076817652
0.41488197334915, 0.0097506242562661, 0.29822300182383, -0.047138148885645006, -0.76932022881768, -0.19002152415605
0.50419104099227, -0.12096962541922, -0.23295788852815, -0.78862639130333, -0.42977421918475, 0.68146055958294
0.53415540115027, -0.3012340815141, 0.41156416043647, -0.14347612009515, -0.73417111712247, -0.66539681339954
0.37546907957204, -0.22329636488831, 0.45473562408412, 0.55539093693715, -1.00424637932389, -1.4121214986765704
0.50652701857867, -0.16959541462785999, 0.11376533655763, 0.36380939576098, -0.9188181411302, -0.7840297121137
0.56162875518945, -0.23422375284188, -0.48785188195056, -0.8150575707413, -0.49686685746854, 0.54470813111762
0.54407927786447, -0.32621333471079, -0.31117288252025, -0.78040471587589, -0.41844236266061, 0.050388444802883
0.56040236202793, -0.17251168172221, -0.23191804082014, 0.43740596375763, -0.72851323033539, -1.2577841208421279
0.33623989467248, -0.06372395863581401, -0.23139721408208, 1.0294402220673402, -0.92771070937232, -1.8686144064824473
0.42765124795009, -0.19427978158831, -0.20366552512160999, 0.39640526112907, -1.140295563654221, -0.9864891478909
0.09349180563888501, -0.41184181449653, 0.16514333864584, -0.12717950451064, -1.7770652596492937, -0.50329317168843
-0.52843868020325, -0.35900730121435, 1.2374852727021328, 0.0787250129446, -2.500337709963998, -1.221514143944292
0.25762844332613, -0.19340404180764, 0.74105169356821, 0.28505302549524, -1.5059027033540173, -0.93922163550305
0.51630543636576, -0.055841553085505, -1.9050987588129908, 0.08374682087950501, 0.4927782295331, -0.37002749616391
0.69032939651704, -0.052022822239051005, -1.9971744500046118, 0.038701235872125005, 0.78566762691671, -0.31000589567188
0.76825120769261, -0.047188244972654, -1.5761970739414441, 0.088956962488259, 0.63707547918793, -0.30291444744744
0.65947881430141, -0.1758632528655, -0.86747595053447, 0.07434215155028001, -0.39712481042539, -0.48212195432245
0.17808545911, -0.29213581002276, 0.41985885996424, 0.13542148712009, -1.9765780208772896, -0.8981444419617
0.075816306688693, -0.28340155541824, 1.2515314539546423, 0.19179101104516, -2.959458106023687, -1.2117984265383088
0.34758017047485, -0.25991790075872, 1.4910983185790847, 0.21160797382439, -2.750872054887562, -1.1892603177987433
0.98956544929336, -0.067368172251916, -0.52344739860753, 0.19034720978138, -0.4849171432291, -0.51627029388965
1.047558509900774, -0.032966123311282, -1.9710228371088605, -0.11130806111937, 0.83722833854725, -0.22224246636023
1.1961787994097683, -0.07494232721996501, -1.7910046630939953, -0.40101452755512, 1.192952429211384, -0.18281295719328
1.1363079662293054, -0.06910714633664501, -1.5961064186533094, -0.39744025926784, 1.3333851501529095, -0.15145321078156
1.1689300349078666, -0.07141000053546201, -1.6120642400102578, -0.36243574711856, 1.5647955913489688, -0.13362994778383
1.092097759484976, -0.08315063677275701, -1.8208728793710203, -0.38444511426784, 1.8335296701932724, -0.11895825467206
1.0445215602746583, -0.06398408785604101, -1.805508448955139, -0.3730768583826, 1.910866217490064, -0.11291758895893
0.96054590272142, -0.065199004353977, -1.7990024654128445, -0.38410223375929, 2.011890396854647, -0.11210844756234
0.48899701810988, -0.21478205642402, -1.4231338190076426, -0.3258493833539, 0.67390440044459, -0.44537532251992
0.32075423353592, -0.33012546779077, -0.25084179688221, -0.048959241690813005, -1.237976962531903, -0.82777432679565
0.41514395887044, -0.26306748461722, 0.90326049625999, 0.032657094544816, -2.2833987091126287, -0.94751388798168
0.55872505775606, -0.30030619382045, 1.1308191941097938, 0.069185738112331, -2.3535351022822604, -0.97173950717829
0.62002178890033, -0.32141463530203, 1.2176330221232274, 0.068441404829039, -2.4494879555598197, -0.943722822238
0.68184455349518, -0.34045438803728, 1.088370898963212, 0.096199362167562, -2.587932563011893, -0.90185694545774
0.79756484209732, -0.19856307622317, 0.71720990361572, 0.21939255340587, -1.9010286277627688, -0.82977175017837
0.63125244427348, -0.12725281642255, -1.5860624034179591, -0.055171777140673006, 0.48385510788616, -0.54988316508907
0.78128988794437, -0.13844256289464, -1.9157408560456959, -0.1575958275232, 0.86250177683179, -0.54642925167999
0.76803356773192, -0.17382758310709, -1.213902699566047, -0.11798990489601, 0.52818221176447, -0.55357929967786
0.77309463049597, -0.16763233422211, -0.83799168047842, -0.12615927965793, 0.48024422562912, -0.55729618231627
0.99745886160611, -0.17475448631916, -0.7674279040621, -0.12686933160191, 0.48161578422251, -0.56865737914119
0.95515213262605, -0.17062030704751, -0.84102101286417, -0.10907654934184, 0.51740878966535, -0.54618978773559
1.016229242754428, -0.18194857441215, -0.78053142137286, -0.1147653723554, 0.48609166499385, -0.56238010876608
1.0429293011938092, -0.17595604200204, -0.90712457855513, -0.1181147628502, 0.51079861138734, -0.54638214148686
1.0047793308859536, -0.16499533525748, -0.89173536021071, -0.1043410864621, 0.53081586002498, -0.53903574928669
1.0136870018401742, -0.16322172118395, -0.82362583558486, -0.10824563935292, 0.55807136714912, -0.53626170052395
1.0251726231874576, -0.16448147104568, -0.81922538095866, -0.10757578359488, 0.55221988021406, -0.5350080177576
1.0015692845176403, -0.16401676456198, -0.79389596908247, -0.1031502950354, 0.52964757050621, -0.54148815268104
0.99509988803026, -0.16871468001219, -0.71033125022447, -0.1084499332041, 0.52596884849921, -0.53777480115593
0.98834981761572, -0.16178335094747, -0.61335366265676, -0.11369628068239, 0.54619858298147, -0.53092865698009
0.96689652134903, -0.15778544456098, -0.7473746966961899, -0.10992039926496, 0.5702820547926, -0.5247929662848
0.95347574407919, -0.16197729695561, -0.67617785853869, -0.10832096300679, 0.58308233969841, -0.52332338417848
0.96137274650496, -0.15669357714, -0.73254599399734, -0.09704976408504801, 0.59656695623307, -0.51970592291004
0.94996318369007, -0.15116335742976, -0.71143978759518, -0.10445358422024, 0.58226780102061, -0.51763622845392
0.95412173547742, -0.14990993819083, -0.71282112455127, -0.09500595034318701, 0.59890525348402, -0.51350410786901
0.9477718149977999, -0.15122359968649, -0.63433505310146, -0.09537784779955101, 0.58916953040817, -0.51965389234667
0.90684975018596, -0.14478766811252, -0.71758066802091, -0.11257509957458, 0.61328890553494, -0.52288875374416
0.89401969659534, -0.15003815419654, -0.62479939913923, -0.09626954140561801, 0.63897162477019, -0.51199519261097
0.96433930031684, -0.15004104169131, -0.69910451978744, -0.099016106051467, 0.62405750729833, -0.51228413736777
0.96443014626017, -0.15293043102315, -0.71921379877438, -0.10769932078637, 0.63499201535606, -0.5091046846902
0.92152727853966, -0.15355155270756, -0.68660779586869, -0.11607685110801, 0.64392397497371, -0.5121497628699
0.95260087456686, -0.14786179318722, -0.71346228268965, -0.10749671255622, 0.62444794491944, -0.4999372975878
1.0100529099645619, -0.14712982358215, -0.70293747500375, -0.10763813513256, 0.62617029103313, -0.50163452729627
0.95494702736699, -0.14445686127021, -0.72838446538858, -0.11110896297505, 0.65929739303972, -0.4992860211415
0.98260164249212, -0.14655060444578, -0.67732733005473, -0.12313338822913, 0.64904561415674, -0.4950238650092
0.96761791004813, -0.14987062158453, -0.68449740560789, -0.11498177235013, 0.65162934505197, -0.4930774274086
0.95078720027372, -0.14821664604906, -0.70819823086615, -0.10775174076068, 0.66525930331407, -0.50787694303306
0.96266267371683, -0.15020954126528, -0.63635914217003, -0.10961781622321, 0.64559877177032, -0.50039853526896
0.93628089617303, -0.15242006401314, -0.52701838448637, -0.11073836009099, 0.6200479601984, -0.5188600441417
0.94526507363031, -0.15214933550727, -0.68037938239368, -0.11363142746393, 0.64633946881966, -0.51069786792074
0.93867391854601, -0.1555168406945, -0.62996419006244, -0.10980385217667, 0.63917750941286, -0.49995926645475
0.95866960718747, -0.14835166845892, -0.59755007940344, -0.10308639017276, 0.6550744338604, -0.50836428824271
0.96242097128418, -0.14897621563453, -0.65105454171177, -0.10132549255199, 0.65945291659903, -0.49964556903441
0.95542915285122, -0.14706266847681, -0.57952191038545, -0.09517146404081, 0.63399814938085, -0.49952045042951
0.96628057950061, -0.13613198079751, -0.61494930303119, -0.08966236413058101, 0.6297270655646799, -0.4958347804073
0.95782784883046, -0.1443231820822, -0.49316398911587, -0.09520680906711801, 0.63823634969759, -0.49159651291314
0.9396924892264, -0.13228790903322, -0.71580034846047, -0.084860188773985, 0.65123735823333, -0.48719456148296
0.93777110596198, -0.14099074849343, -0.60435141338234, -0.09584120262334, 0.6501936464781, -0.49496153019107
0.93455778495806, -0.14182232250268, -0.61042840758877, -0.09468186511343901, 0.65612984924159, -0.49183308627721
0.94880562694845, -0.13352458769733, -0.61965671229126, -0.09011511454952001, 0.64617664790331, -0.48945510854191
0.95893423768478, -0.13570990731482, -0.6116977974623, -0.089752762771988, 0.64738477923039, -0.48243912257269
0.94150850404142, -0.13211240518941, -0.60137613144318, -0.09483619492287801, 0.63370846995869, -0.48600777106917
0.94282864290154, -0.12890685057777, -0.6130966493072, -0.09219786494587301, 0.63642149602138, -0.48601423017229
0.9377601466095, -0.13004044803592, -0.62851811366406, -0.08039361321161001, 0.65403849451395, -0.48429635143856997
0.95704696643297, -0.13524693121981, -0.6029718905322, -0.086196821725134, 0.66611674564382, -0.49379279590343
0.95475122505296, -0.12711595147518, -0.63354866464581, -0.08957478090489, 0.66684389764891, -0.48895294392044
0.94872430474584, -0.12486444351885, -0.59335576502334, -0.07993740056262201, 0.65041434002853, -0.4938726318231
0.94676224817702, -0.12169196445779, -0.61804649758925, -0.069568243576134, 0.65699685031639, -0.49336393692182
0.93259939799313, -0.12428670492245, -0.49582304582794, -0.08484737460177401, 0.63509646547747, -0.49441310243292
0.93125595880969, -0.11566420073213, -0.69534938883337, -0.08159147766471, 0.62874561991422, -0.49050834558003
0.85734862837954, -0.12902259319805, -0.78085535752234, -0.022449015669016, 0.77882820522568, -0.50390705790505
0.91373552033452, -0.13052440944691, -0.59630954021834, -0.07643546871270901, 0.69077816553251, -0.4986354453189
0.94375608428903, -0.12976724156261, -0.60564458385153, -0.07909892093175201, 0.65044816339182, -0.49023050306342
0.96175549315257, -0.12835095705533, -0.56269486230628, -0.07494788065661001, 0.63511744429057, -0.48241092661972
0.96241890327871, -0.12106715721973, -0.60146149648965, -0.070595040909791, 0.62156254632133, -0.4844393924732
0.96474902970546, -0.12605734632018, -0.50818144355013, -0.07330894315555901, 0.6146356588861, -0.48206958553077
0.95944036344443, -0.12343929930984, -0.61020354498268, -0.06907278212746801, 0.63996185545405, -0.47534408011847
0.95789119165329, -0.13102153194874, -0.52544989435021, -0.071606850652926, 0.64794797591093, -0.48434814863297
0.96912886881593, -0.12739310081978, -0.5284216758337, -0.067216500290565, 0.63090828727116, -0.48031243405609
0.95178380914904, -0.1212482684092, -0.49439489371199, -0.060305003598014, 0.6292114329936, -0.47597389253358
0.97077915166991, -0.12380998068268, -0.57275342410961, -0.051075159833508, 0.63945580890499, -0.47635234360421
0.9510711555163, -0.11989172407003, -0.48497945452176, -0.052956108197251, 0.62568538876673, -0.47677783352792
0.97471894370106, -0.11354119968483, -0.65431330763202, -0.068380717489097, 0.63328348838735, -0.47135820479644
0.95904551782879, -0.12911360447708, -0.57059299109361, -0.068603321965229, 0.63425095161887, -0.47672410155879
0.98892718621483, -0.12789817969712, -0.54478623120752, -0.05939833152516601, 0.63916864760335, -0.48253696005213
0.99170668161899, -0.1241912515896, -0.56859724390925, -0.057696228272344004, 0.65433046610498, -0.47472913856192
0.97718029083442, -0.12213940973684, -0.55928234971508, -0.051510068042527, 0.63865520906759, -0.47679992312301
0.97438465626001, -0.12086671768984, -0.54860681284506, -0.054447461598457, 0.63827762174224, -0.48374198285766
0.90175991363947, -0.12338858695275, -0.27554358467695, -0.052757860509647, 0.63547605939194, -0.485074890535
0.96542145965069, -0.1242713773081, -0.69328969697856, -0.055813341931623, 0.64855651709227, -0.48697255456864
0.97052290815842, -0.12538235568637, -0.60215818637873, -0.052002092162132, 0.65274262240105, -0.48856692869362
0.97977439662493, -0.12946656614359, -0.59627004145612, -0.061057604744840004, 0.65480045381083, -0.48464773337858
0.97654931236044, -0.12554203990291, -0.58694294472666, -0.05912074491943001, 0.64685205687081, -0.48112871010634
0.97835750388698, -0.12768844612377, -0.57794405973129, -0.048329182756707, 0.63517797042125, -0.48699065633555
0.97776666859177, -0.12394614864891, -0.56500515257491, -0.05188634785456701, 0.63097534080218, -0.48722212890894
0.9780908873051, -0.12212149103042, -0.54308349575971, -0.05077246629933101, 0.64140351039022, -0.48955985242658
0.9759762681694, -0.11882078929796, -0.59128969379484, -0.052162869596175006, 0.65495910863386, -0.48109281848399
0.97110453030481, -0.12567725727813, -0.55032163716232, -0.05412778693103001, 0.65803003960349, -0.48796819798004
0.98679358078504, -0.12380876220064, -0.57931780752466, -0.047996470020673004, 0.64950476675441, -0.48374351867275
0.96639604639228, -0.11899854780768, -0.56726289775963, -0.05032009615281, 0.65274403159316, -0.48827098425649
0.98236534982776, -0.12399695134551, -0.54158587091305, -0.040200512046587006, 0.63260420671245, -0.48819117769996
0.9702668485845, -0.11596673994388, -0.55456377601045, -0.047795055550184005, 0.62563549783307, -0.49030194037164
0.96054819871043, -0.1133201885056, -0.63614278471235, -0.04775323260238001, 0.65156072363768, -0.48060536021378
0.93786574993603, -0.11813724308884, -0.53464198370526, -0.052036490779631, 0.65039461716717, -0.47318562718743
0.96569364679403, -0.11449509651667, -0.55429382006679, -0.046030207671157, 0.64782378567642, -0.47310181729894
0.9632127498037, -0.11461522174213, -0.51725488953727, -0.048479427681589006, 0.63920167463508, -0.46841429357007
0.9983647286225, -0.10496453673349, -0.58501095248539, -0.032776433589782, 0.63814442159396, -0.47578727817409
0.98182755933781, -0.10769054061737, -0.52275390122463, -0.045629218708363006, 0.63121128195773, -0.47552116419269
1.0007522535312456, -0.11091385359175, -0.50664539625317, -0.049055671591016, 0.63210664083452, -0.46403338130104
0.99910997844982, -0.10459178889962, -0.61234298471891, -0.046768813954813006, 0.64764769516599, -0.4628944629683
0.98525075778333, -0.10956073139727, -0.5076707780791, -0.045319599767863004, 0.64809302332447, -0.46447876152046
0.97809934695591, -0.10887236776427, -0.58810266724047, -0.046332637479985006, 0.66538686776626, -0.46828277999969
0.97042214389956, -0.1065053811146, -0.5006497759359, -0.037431932959065, 0.63717674383166, -0.47137727737474
0.9442594594761899, -0.11664028857506, -0.70912140900065, 0.0093784364682607, 0.71476536894442, -0.49392629394066
0.94217841487914, -0.11612499595223, -0.53204232723919, -0.010109846443566, 0.66878596288473, -0.48443302046299
0.97441664194088, -0.083910770066313, -0.69160997282041, -0.024864850129760002, 0.61162922644097, -0.45410224921817
0.96603469423529, -0.070324422315247, -0.72751545424922, -0.0008415985286978, 0.60281215956014, -0.46640971498733
0.95041917752228, -0.07345238182026101, -0.6081252852238, -0.0078023325102079995, 0.63609570301216, -0.46681520386635
0.96437572726868, -0.064919645442658, -0.62351923274392, -0.0073448774031339, 0.62902002459364, -0.46019467986642
0.94086759722059, -0.07636016580579301, -0.55973373722832, -0.0069621434244494, 0.61774636084276, -0.45921530740906
0.94318535361728, -0.06509043606652401, -0.57321140998538, 0.012853228549970001, 0.60718946848083, -0.45706591679026
0.96495916737145, -0.051687832128205005, -0.60035537944006, 0.0082317572371222, 0.61181751229265, -0.42851193248632
0.98174224919724, -0.046697646852889005, -0.68589656561596, 0.018011721405997, 0.60456214282605, -0.42093150915309
0.99361659218988, -0.057999546705144005, -0.64308521914075, 0.010447433054422, 0.62582726357832, -0.42905962550455
0.93078474341629, -0.063974319892821, -0.50873104580751, 0.015912618832135, 0.62954411373865, -0.43594994701847
0.8517001327586, -0.040660825977467, -0.15038029466214, 0.039514729229371, 0.61475294429237, -0.41989014950027
0.90324676562213, -0.036546713430452, -0.27964209647437, 0.027955527439010003, 0.59959029686152, -0.42186102343794
1.0106205926237408, -0.055266693085742, -0.59479154480676, -0.0013010712841592, 0.54538380132389, -0.4186007757243
1.006058293228973, -0.10111530748938, -0.57881732881752, -0.0069895273489038, 0.55736444130116, -0.43754354051523
1.022289101052328, -0.092727206158616, -0.46835310081977, 0.006179360643318, 0.54990041882022, -0.41901646085275
1.0493173613180948, -0.06725784592379801, -0.56070375379439, 0.020132321590972002, 0.54060372906311, -0.42091848719822
1.048090117300053, -0.059968164448362005, -0.59932863045965, 0.024399643369699003, 0.54751383125315, -0.4147962311569
1.0096067822872345, -0.059622059194208, -0.46779853144789, 0.017736509490673, 0.55060416173045, -0.41400405779331
1.0166241293371963, -0.064241858898215, -0.6691848703292, 0.009623575089719, 0.54483378588821, -0.40987065685869
0.97494870894924, -0.059465618682945004, -0.64510004557132, 0.023625763814930003, 0.56773501308408, -0.40802401308383
0.99047453164676, -0.066207961461304, -0.54918480452837, 0.029363739103518003, 0.5843664968522, -0.40812516629185
1.0099426799083318, -0.065493306074502, -0.56701511244827, 0.023160167874497, 0.58086979825401, -0.40356046903742
1.0172419289441217, -0.064611807106749, -0.53905807064545, 0.023767072031888003, 0.56555888774303, -0.40596326127783
0.99656444766649, -0.060171427511061006, -0.49566756209063, 0.019854556108233, 0.56247417106153, -0.40500418536839
0.9960058161662, -0.057983464696943, -0.48741544421693, 0.0085578407526403, 0.57389524341365, -0.4003359131963
0.98158747619661, -0.062151669160898, -0.51636686327388, 0.026284877522079003, 0.58846787482868, -0.39877640300901
0.99740344344744, -0.06318459224051101, -0.50639499658657, 0.021112078670363, 0.58666296386571, -0.39880205705101
1.0086477844859068, -0.060095882985208, -0.5173671896683, 0.019969751914840003, 0.57764971338599, -0.40922600080268
0.99168781878441, -0.058695612926862005, -0.45690645662999, 0.033228800153233005, 0.55952787545113, -0.40420881214043
1.0052235346305785, -0.052201488828368, -0.46186991969397, 0.027086343063066003, 0.56188299823511, -0.40528163275166
1.0054829933390528, -0.057678760615332, -0.35503305294112, 0.025762207077649, 0.56858852471711, -0.40699680913387
0.98982798580683, -0.045355370188278, -0.48372875533229, 0.032625835877369, 0.57275004065846, -0.39016781151247
0.97231999387209, -0.043319173336183, -0.36733335472138, 0.037300913323566005, 0.57920667959398, -0.39770419132881
0.98903325352844, -0.049820133139154, -0.44631310576145, 0.036319663444934, 0.59136147763882, -0.39999798033237
1.0205914927062172, -0.04946918094239101, -0.48555840614509, 0.029403108342851002, 0.54513582051867, -0.40072109304034
0.96477165615286, -0.052146097693123006, -0.59624426437815, 0.08086550623821201, 0.63569490405007, -0.41060308705564
0.89001586972464, -0.055469953606743005, -0.2312177559383, 0.038726229130776, 0.57993163375672, -0.43067396553692
0.74740128238115, -0.06922958666890601, 0.19784801844223, 0.040523567123122, 0.55306689579669, -0.43139610753816
0.78942474638762, -0.064914171977365, -0.16962626695919, 0.019049505092034, 0.52409029955882, -0.41533304802752
0.85078657009732, -0.061108623997123, -0.24066140029981, 0.019718827025915, 0.47705059785754, -0.39165445432793
0.87405515262262, -0.07690659700831301, -0.30496089456567, 0.036497062518814, 0.43300775937577, -0.3778483331591
0.8282583465153, -0.08977430062162, -0.16640230900453, 0.048590602320156, 0.39548944493637, -0.41066412949592
0.77719764234055, -0.085161947945981, -0.11070209162552, 0.081154529641157, 0.37600509390543, -0.39095000014971
0.75121183808798, -0.098588643414436, 0.024431663667577003, 0.095609220174521, 0.36271002860941, -0.35557829381304
0.63787893888414, -0.13745496936055, 0.44253665973626, 0.091593993216768, 0.36697501311922, -0.3532857846886
0.7491048671086, -0.12752589903858, 0.52176629925398, 0.10879786302457, 0.35666960300431, -0.29728202965969
0.61526804955761, -0.09305760713324601, 0.20861797190174, 0.13386310569145, 0.38871579885816, -0.28977636429438
0.7285332086255, -0.09811168051358601, 0.24090196227899, 0.11859359576107, 0.340157108917, -0.33582384787432
0.7516872593434, -0.11812135075573, 0.39266088731028, 0.13397067895517, 0.37243784209302, -0.3468673554963
0.84759467171858, -0.036476739698837, -0.27214326333186, 0.19469373640626, 0.2902521498518, -0.30399858468674
0.87229361710435, -0.040121120973819, -0.29767623846634, 0.14268084274771, 0.331138666244, -0.35616569663344
0.86133874576019, -0.033226417819498005, -0.46262548008309, 0.25578169259572, 0.27970310018882, -0.39316388608007
0.80148929505719, -0.011374961674169001, -0.16918304109101, 0.24630948077944, 0.25428000239456, -0.30387806383971
0.67783864654991, -0.13510986465527, 0.61770637472414, 0.17264393316305, 0.28444157934872, -0.3541021281224
0.7057282090459, -0.10166633267948, 0.76761378824288, 0.12121746512003, 0.30737636539558, -0.34388059817886
0.88374146266886, -0.13275328582921, 0.57138992810866, 0.11291238233678, 0.26374118957087, -0.2930102013014
0.81985678827737, -0.11479550012499, 0.46529574806496, 0.15640888157111, 0.30202755263186, -0.26244049589086
0.80404123591493, -0.087376861445994, 0.258127677282, 0.22106757452553, 0.3010610457906, -0.2321260983642
0.74706031263429, -0.07425788249447, -0.17641808301825, 0.24645443383297, 0.28975503253833, -0.25243530082588
0.70302051305033, -0.038884822318345, 0.17091750143798, 0.24273146388045, 0.27390883680314, -0.29175323145862
0.93850068726236, 0.0089199450535899, -0.56893259804575, 0.22492658109337, 0.32339046920777, -0.24318637638093
0.57749880114366, -0.038008046235291006, -0.031276362836523006, 0.20607120198991, 0.2918529419402, -0.31545365177157
0.9878478421988, 0.037192745332982, -0.66436080251677, 0.20380866497198, 0.32842242933923, -0.33455077072871
0.73540960414819, 0.0097817402185656, -0.50690118885959, 0.16866537924363, 0.30039714110184, -0.3364178087662
0.95013521777075, -0.0076477167345273, -0.3741451821323, 0.18197484497225, 0.32316001224222, -0.33752487172107
0.9793589530663, -0.013309009531579001, -0.23177231990626, 0.18683662041139, 0.30901950136042, -0.33547281171403
1.1125280889574611, -0.041707832435994005, -0.22074788841407, 0.18062665851819, 0.34221774948664, -0.33181971856643
1.0436416421255466, -0.038377933229609, 0.006533638682161, 0.18773038899561, 0.35169829461777, -0.33538339896829
1.0786601520259314, 0.017565437703997003, -0.32177195962981, 0.17996117299709, 0.40636439696948, -0.29243075596544
1.0809001210152238, 0.020950847362480002, -0.35054448254826, 0.16758325884176, 0.38105308557634, -0.24683650453393
0.9684863571686, 0.018826866858022002, 0.30007513077902, 0.15953486582267, 0.3528455907212, -0.30807762874479
0.93836948964496, -0.016217584755489, 0.12022190308292, 0.13822741163688, 0.41081395618848, -0.29304423309121
0.9540788154497, -0.056420751235240006, 0.22660461776591, 0.1144673367158, 0.36238276212029, -0.31004547050735
0.95188909202813, -0.058273495413224005, 0.25446696395659, 0.12545263291628, 0.34424309784971, -0.3042182077392
0.98485714855478, -0.059007747478628005, 0.05703884182656901, 0.1428724240724, 0.32524142014157, -0.30912215324145
0.7952552967499, -0.09102711782802601, 0.83765667922354, 0.12508613647571, 0.31670359824577, -0.29008920288888
0.65166397135457, -0.062262313992553005, 0.90820535330506, 0.12816091729636, 0.3962828257362, -0.25537133043008
0.93670773055584, -0.028625221905777, 0.12308551216507, 0.1364543751914, 0.34880431308848, -0.27855210771429
0.85271251567066, -0.021941271826779, 0.55868038013965, 0.12833629938896, 0.35747875916459, -0.24066164809243
0.99436225425855, 0.035262329855451004, -0.28167635547645997, 0.091922622856503, 0.38747649912017, -0.25473031397387
0.69039243572312, -0.000544548874779, -0.012101956737149, 0.076904585555226, 0.36131964855067, -0.27409637023157
0.83739627421368, 0.018072995237279, 0.34701374800914, 0.09320161315981801, 0.35671890300586, -0.23435892333355
0.86038376140002, 0.047526680369988, -0.27854545845218, 0.043780153069231005, 0.34379902579369, -0.26336303109516
0.83429629554875, -0.008920380072391, 0.42771873108288, 0.05870896417126, 0.29105384936155, -0.27247997467776
0.81704078301368, -0.014849065527194002, 0.19517386361951, 0.086534218741353, 0.25895728930891, -0.24896961238198
0.73846300331663, -0.038826898421330004, 0.625999902456, 0.051754299042765003, 0.24027596027088, -0.2916115696086
0.69732978062967, -0.018717565387371002, 0.27993253767477, 0.07499936649095401, 0.24731270585418, -0.29578525397956
0.76334958132974, -0.0060499648511924, 0.58601328999613, 0.10834592914074, 0.26589505369069, -0.22436751060277
0.81869907542334, 0.044941852973329005, 0.46755930536185, 0.06577069518956001, 0.23997733747038, -0.2138128632365
0.82979062083532, 0.11590813123218, -0.0062844719686905, 0.086930310069598, 0.35890255556933, -0.19492974489369
0.74661256168762, 0.08694293400683001, 0.3088106412742, 0.11458081779205, 0.31746546543687, -0.20796797541285
0.75138390246407, 0.10793268160104, 0.043005568412433005, 0.092579457705211, 0.32128486858246, -0.20422102345533
0.76486618563916, 0.10032464193779, -0.10038667448071, 0.06631796609813301, 0.32679840563553, -0.22613036863325
0.86053635505919, 0.049151985379403004, 0.20231965367182, 0.06291408114375201, 0.29542915484286, -0.25594540831848
0.92286997009708, 0.016468769267659, 0.13173480420511, 0.07436918224373201, 0.2737734395343, -0.2300343274213
0.74597003057325, -0.039855136508033004, 0.11022041272512, 0.043678200429797004, 0.30599273346953, -0.34703958329148
0.79469011576599, -0.059365622839022004, 0.22334906477214, 0.070971041153797, 0.23924999913864, -0.36087903129431
0.98203057706756, -0.08217441198048901, -0.1051223390245, 0.059754920836729, 0.30400693431426, -0.37003291733984
0.84315918542769, -0.12128465540878, 0.32193005679878, 0.036313617946862005, 0.29572453526044, -0.36096069408344
0.87842301198715, -0.10907297375465, 0.15049843096074, 0.05964881298487801, 0.27623183299853, -0.37650315031745
0.88519066450014, -0.09138983716307801, 0.030625287203692002, 0.091360250265083, 0.30092223075734, -0.39515810725211997
0.87004946012716, -0.15042027018673, 0.55177657545755, 0.041304978184808, 0.25117853355954, -0.41867651893668
0.85528723083452, -0.08641559618512601, -0.32679041751754, 0.05917597174392301, 0.29634435622006, -0.44059058465134
0.8660329030666, -0.11879520300138, 0.021478689633652, 0.098834894105676, 0.27987372803633, -0.43524798186921
0.84930477391945, -0.133805674399, 0.36776897196507, 0.05960271362467501, 0.2442209788005, -0.42041044109707
0.78556412995472, -0.11249808897644, 0.06762017180877901, 0.08542389568118201, 0.33013041067314, -0.43069240545415
0.7575294159793, -0.17238631475306, 0.48481449530203, 0.07554653063772501, 0.29450389274196, -0.42600297356133
0.89472368386382, -0.1673801416296, 0.41052320685698, 0.03674124115637, 0.2420310340504, -0.42109314075309
0.90150997477112, -0.1473837455396, 0.15651019312026, 0.044481623729439, 0.2239317518216, -0.42161982191479
0.91766691759641, -0.09306455675658401, -0.013484281142715, 0.05646579123025901, 0.22313172747974, -0.36227271035992
0.89185077511909, -0.058739073976967, 0.19520969104967, 0.043936963555653005, 0.23129119016941, -0.33835756626364
0.79219185332454, 0.04667444389466, -0.44536463632388, 0.12486505583551, 0.2812782760367, -0.36247729008279
0.81138235825697, -0.027585760749876002, 0.26592686635301, 0.094253329457309, 0.2618696853202, -0.30067095147028
0.82164700738559, -0.0049478327724123, 0.40418672475601, 0.08034985327006501, 0.28572927446169, -0.30426105622797
0.7884706475768, 0.032551534970972004, -0.38228326802859, 0.08974944805590601, 0.2864696191781, -0.30809543146118
0.92059601015679, 0.0079318549064922, 0.59476180781169, 0.049793021946331006, 0.26920335846241, -0.30276107482086
0.85169588355364, 0.064751784418283, -0.45769091276523, 0.072072178487718, 0.36740287566648, -0.31409345826637
0.96451627551868, 0.05804072078020601, -0.38949175887919, 0.06565116177445, 0.3243420433378, -0.29309546893638
0.94053073372679, 0.052126946207529, 0.11738871934354, 0.06181893073670901, 0.30666113427494, -0.32360239456268
0.98127114355606, 0.03873536530215, -0.33201297482637, 0.06433596219917001, 0.32857668368833, -0.30251319184352
0.94927969094748, 0.027849431784933, -0.2784023337346, 0.075128939021255, 0.30051333429894, -0.31404722839178
1.0350675211962772, 0.040357999438770005, -0.40546469956052, 0.05416743617496501, 0.27780256269008, -0.30900386346808
1.01603659295708, 0.047322184230953, -0.47542227753848, 0.071765394477248, 0.30643528647389, -0.3206874395542
1.0087748943742685, 0.012869313166126, -0.14486328490738, 0.081018542633911, 0.31591109627258, -0.33243613073975997
1.008694276705217, 0.026350102969462, -0.06996498121710801, 0.08177113075629601, 0.32387088891898, -0.33009232201826
1.0244506277682794, 0.050587854340858, -0.18162914948057, 0.10200654620181, 0.27351099346881, -0.33162121713399
0.96620597714204, 0.015033218448462001, 0.032907288565483, 0.09116751165080701, 0.28833320070623, -0.32620896329321
0.96864124054211, 0.04111265841304, 0.18159304344819, 0.09954664408996601, 0.32592171211713, -0.31364170614486
1.038026892855946, 0.043735798077406005, -0.10920724157901, 0.10588995767404, 0.27807314085538, -0.3330112462138
0.9404591545225099, 0.026572916370035, 0.26989134592246, 0.11486293838487, 0.24998802866936, -0.33377002916305
0.90432853858118, 0.024921059136331, 0.08548623564039301, 0.10782473008327, 0.19997099280839, -0.31462676181556
0.90566893269192, 0.029938397154144, 0.1479144794029, 0.08012337375874501, 0.18066488883163, -0.3234557169743
0.96414586439844, 0.021639458508484002, 0.14753444301479, 0.10356865847432, 0.17481751665731, -0.31201531633138
0.98687797177151, 0.0090913486548091, 0.045467985597803004, 0.09294782638575301, 0.20715095855429, -0.30111152153547
0.96452990049059, -0.0052687719073703, 0.12703822148651, 0.08474592590518, 0.21721842755902, -0.32409988058876
0.94392422126914, -0.0018381103704784, 0.14188477555283, 0.12574850871785, 0.20644028398921, -0.31495131406153
0.93364784226484, -0.012391375777617002, 0.12995272098442, 0.13359885623144999, 0.20487521031884, -0.31076795243705
0.92048340775099, -0.0014439278638473, 0.09799260270636301, 0.113602823573, 0.18558534833942, -0.34125658050354
0.8786958600675, 0.0071515838982711, 0.1094185567486, 0.16507205864656, 0.22130237098889, -0.29792181287111
0.89432614510609, -0.0038696593422074, 0.15462586780662, 0.16302623031566, 0.24717089386414, -0.28421844616934
0.94335693865763, -0.011668760756332, 0.05338471840166201, 0.11851129345563, 0.26067246384928, -0.31820287673695
0.97391635776341, -0.029423248130225003, 0.040500152985741, 0.13874097771572, 0.23076529204412, -0.29842464304155
0.97220766172959, -0.014870245322921001, -0.021007777096739, 0.11614943525067, 0.20622681348486, -0.29182374847871
0.94296877772793, -0.011140856457868002, 0.003854528978796, 0.12371709983709, 0.2420309325418, -0.30174911634645
0.89042767007995, -0.0023489504547045, 0.14499640551217, 0.17343027207893, 0.27137888779175, -0.28220550671382
0.95803211224464, 0.0070587532001181, -0.026412509441191, 0.14724128541799, 0.23759151468508, -0.2979107270676
0.94820374304977, 0.014931328514476, -0.014957555136934001, 0.1738766652319, 0.2312873825565, -0.29074910993571
0.93514778102109, 0.020086993863544, -0.043946468097103, 0.15287682932279, 0.22768386178023, -0.29199327554783
0.97307221260397, 0.0097293744924326, -0.09368198734340201, 0.15635990592158, 0.19659999787862, -0.27691644595384
0.97131974679874, 0.027417651460857003, -0.06380463285213, 0.15826994839171, 0.21489600432444, -0.28737751536149
0.9509854315052, 0.03414512500825, 0.044873804275325, 0.14569106578288, 0.2421013444275, -0.31376766071077
0.92446284058182, 0.023559615696124, 0.075028850944547, 0.15404162255928, 0.25138017412853, -0.30354612796363
0.94048299839688, 0.045007437681658005, -0.052417604286082005, 0.16929003462719, 0.21706779581786, -0.2989963296883
0.89133546466126, 0.05240191143405801, 0.1525559590951, 0.16952188980785, 0.22672731129137, -0.31446481418182
0.92064619746781, 0.056595109683892, 0.021338758178333, 0.16010069311387, 0.24251680197362, -0.27149397258833
0.92370900222076, 0.064607040362488, -0.099091345135339, 0.17642079780443, 0.22529450594132, -0.25225049987637
0.92432411849425, 0.089991761456887, -0.05150885538117501, 0.19417590608929, 0.23153852115277, -0.27891303146782
0.90495243479457, 0.07913549948562501, 0.084661817778929, 0.1908048217783, 0.23874499787783, -0.25812414355017
0.89332692540203, 0.0845473883576, 0.018370439893824, 0.18836736289675, 0.20110592322919, -0.22854795430829
0.94404698269679, 0.13160877518047, -0.27697991563479, 0.25498778391149, 0.19355505787203, -0.2618359318601
0.88702835377042, 0.09991197425011801, 0.041703229857876, 0.23311691193911, 0.23429224887386, -0.27994181706093
0.91528337027128, 0.05476092279743101, 0.071045714937415, 0.20472652945766, 0.25662577730693, -0.25547185138088
0.92648944931882, 0.11573090653552, -0.17329009142004, 0.23835027696034, 0.22505926467144, -0.25606895927261
0.89528335170365, 0.11721971721967, 0.072850097966194, 0.22920040438763, 0.19574347792288, -0.27236902521337
0.91503011560184, 0.08983001181217401, 0.12933923987344, 0.25362186885392, 0.21145913307909, -0.21421312346502
0.8891770150778, 0.10908726258245, -0.38299431708357, 0.35018559472152, 0.20760663602849, -0.18290133948418
0.78369541402827, 0.070238442597057, 0.2293323999721, 0.31559346905421, 0.23860714258516, -0.14913475221606
0.70622264788512, 0.030950408252577003, 0.5333882125028, 0.23732811877319, 0.2541574199486, -0.16416189894794
0.84365322348558, 0.031020799875007003, 0.32691168221011, 0.28846798707828, 0.20673503656899, -0.14694809658327
0.84998648852828, 0.061871512636969, 0.043640007551790004, 0.27353340228944, 0.14687791197004, -0.13622076582679
0.89585114928357, 0.026462853174008, 0.13787167317849, 0.242264386852, 0.15900784372282, -0.1608143339072
0.89925530901131, 0.019488952089508002, 0.33438086787355, 0.25086228161998, 0.21048563375504, -0.16255087187743
1.0121720870997577, -0.05468040874847, -0.18795539573889, 0.25196310529194, 0.3273201010555, -0.22112742718717
1.0458220435235344, -0.08932255219993401, -0.11506708367186, 0.20473868878339, 0.303665214618, -0.13995745533363
0.94256850092499, -0.015646571590313, -0.18484265663559, 0.18350988876442, 0.2304651955916, -0.11165551088069
0.90946161630268, -0.023205675385822, 0.38412471304007, 0.23476768760006, 0.24894889341004, -0.09150976615778901
0.99401975841053, -0.076334714139751, 0.28008891531485, 0.14853568590699, 0.29398171121056, -0.17278918857503
0.91703683479644, -0.18044407407528, -0.16260116888247, 0.13058657409117, 0.30140686776693, -0.22527908562085
0.73039515681394, -0.31420752075221, -0.17485488574892, 0.16997488906149, 0.29991191912621, -0.17762748131023
0.59480324187054, -0.45873540238494, 0.32983070900641, 0.15942383610056, 0.35437063412916, -0.14337693527002
0.53614588363363, -0.38298454919103, 0.027172447951859004, 0.07149193338472701, 0.38567130812211, -0.19593879470203
0.76494853874501, -0.15026874291247, -0.07861200507442301, 0.25481917992309, 0.31364339462145, -0.074004783535808
0.78301283099876, 0.050912342036214, -0.96428748188426, 0.18468021884784, 0.38392855456302, -0.21673441898513
1.1333733920658013, 0.41032911132148, -2.288826241350654, 0.58648677554212, -0.0015208688203418, -0.4609804525073
1.2712423502402441, 0.3710883726468, -2.7430355266517688, 0.3518612963713, -0.11954600663534, -0.74345460256321
1.2371687702005933, 0.38575691243372, -3.090089732149899, 0.34567080034701, 0.17819578184331, -0.65005057560052
1.0859497394861282, 0.33666377156421, -3.3003301010578534, 0.27825997261765, 0.49674901571672, -0.59011034623084
0.86430961914256, 0.27695173809379, -0.72855070733354, 0.37233343529594, 0.22273998599671, -0.32757230442232
1.0895568742066173, 0.2964334870928, -0.72776218433041, 0.39165719569043, 0.1574483767024, -0.22291585681396
0.8211043423199, 0.22600657666302, 0.25975560673227, 0.41392228361753, 0.29657330591729, -0.30560050308131
0.89009213031973, 0.2219956011657, 0.45793087039184, 0.37699547542309, 0.11719947072545, -0.20350816260257
0.90606888835683, 0.2357233662921, 0.58379305459644, 0.36839841645496, 0.08953003096357001, -0.17660752079985
1.0035771936676672, 0.23354144344109, 0.34316369812509, 0.37455936290049, 0.094853902444504, -0.17406818803159
1.0354371819505888, 0.22656033941969, 0.19917335182684, 0.37265484911669, 0.08221777970911401, -0.17473445723005
1.0511661588090655, 0.2106198999586, 0.30595080658397, 0.36172324702236, 0.035419408384059, -0.15836703116347
1.0764034464667556, 0.20099039930307, 0.12872583364841, 0.35682800505623, 0.043840318766222006, -0.15331409615324
1.0492238675919014, 0.19850480442898, 0.20900423318405, 0.34220835850449, 0.047923185715755004, -0.15218405093039
1.0319953657730596, 0.18951691327237, 0.17714365717084, 0.34396961971905, 0.089464848119994, -0.17162719718129
1.020036549198712, 0.20007069879037, 0.19576145238412, 0.33115842712569, 0.076858634115817, -0.14282411182668
1.0684078674060844, 0.21154385454809, 0.24707827317560999, 0.35941304323002, 0.069371147735726, -0.11222673092279
1.022494038860367, 0.20649607136424, 0.1206191035019, 0.36312123646503, 0.09117992316899001, -0.12443573228342
1.0260512036240694, 0.21992803841853, 0.22130888995487, 0.34336854965931, 0.09153520173426301, -0.10161757686081
1.024506355659634, 0.230729682576, 0.22080730562439, 0.34155609968251, 0.075777394593826, -0.08992426663726401
1.0128320231473644, 0.21541532716705, 0.18943943406456, 0.35002155185259, 0.072109134076975, -0.08502503949381501
1.0212098891602504, 0.22179196694195, 0.34633246895163, 0.3640299655778, 0.07372707042968, -0.077831192706168
1.0147467098355591, 0.21532619655787, 0.1686138075991, 0.35624011295785, 0.07366811020279601, -0.077148973408647
0.99656322397565, 0.21230624792487, 0.26919989381294, 0.35339005935716, 0.096898851342491, -0.071221548086599
1.0210833935527166, 0.21596523708192, 0.25362054123879, 0.35252941635079, 0.08340466278910601, -0.077672692017609
1.00585634132081, 0.2166759826612, 0.24598839936466, 0.3635567429096, 0.07626625806034501, -0.07717555421092301
1.0102304257086527, 0.21156408417746, 0.29517925013995, 0.36716396201948, 0.073489965905684, -0.079468132177214
1.0109153140064924, 0.21379725705104, 0.38611442523759, 0.37856950680299, 0.08496258621552501, -0.07224087155146601
0.97850430669868, 0.2244046981274, 0.22110660450485, 0.38906172322059, 0.09712188738321101, -0.06770659032621901
0.97202029206329, 0.23055719167386, 0.27195290990228, 0.38077982239765, 0.09140546141708401, -0.07247565731052001
0.98386261055834, 0.22554347289928, 0.27261285124948, 0.38290193768586, 0.10007986608725, -0.06403931299571601
0.98984229716945, 0.22880806145513, 0.31346310002785, 0.38727755921749, 0.08170376191303201, -0.064104830216997
0.97403680847951, 0.23952057285857, 0.27115518569178, 0.39155926818855, 0.07284921248086401, -0.064226398724482
0.98474356238051, 0.22416474474981, 0.38858303673293, 0.39689941999967, 0.090815469698291, -0.054736323290874
0.95659853279139, 0.23699159735551, 0.2819090508112, 0.41591071373857, 0.1073745514812, -0.043554939203351004
0.97744489705118, 0.23002826755392, 0.32340742206545, 0.39825382311642, 0.10913488490589, -0.05287409567636701
0.98587163579821, 0.22458109027894, 0.32368720160054, 0.40249603488356, 0.10214025474276, -0.05257473734173
0.99061123928826, 0.22886015066652, 0.3056091953714, 0.40592903326031, 0.08767574459886801, -0.060106656898369006
0.97548976614946, 0.23847440425603, 0.30879465431083, 0.40818176023046, 0.082099316377804, -0.061083286232632004
0.97322077239217, 0.23815205991072, 0.38391982620055, 0.41645906140418, 0.10065040558252, -0.043295591285828
0.96508759155723, 0.23511206336931, 0.26185557718176, 0.43389286652259, 0.1053465821879, -0.055163004221966
0.97422692595612, 0.22128023278577, 0.35919603299913, 0.42236073088015, 0.11572050546541, -0.06636459535182801
0.9851938833407899, 0.22873933181617, 0.29327065305846, 0.42306488506279, 0.10377987968681, -0.059912881303493
0.98492668420443, 0.23788778039102, 0.29926761694712, 0.43385168362409, 0.09649904474712401, -0.054276996850244
0.97453950019202, 0.24222289679792, 0.30640520922958, 0.42907890694425, 0.084436184312163, -0.048192982431088
0.97555766455342, 0.24592436117445, 0.31717728461826, 0.42685955025764, 0.07844092742837501, -0.039102381639449006
0.97171761358813, 0.2262845224442, 0.38344502488273, 0.43076941792552, 0.10609336769638, -0.041958561499913005
0.97900028334598, 0.23256811852089, 0.34977392921085, 0.43004049236358, 0.10848694521744, -0.04167811525184
0.96902744734781, 0.23996956091801, 0.32423415426019, 0.42364232316896, 0.10444759548472, -0.033111378062046004
0.98216856721293, 0.23562541333133, 0.31158857007359, 0.44231547045673, 0.086007640572028, -0.035938799038923004
0.97401047197964, 0.2427037013666, 0.3616474716459, 0.4336745007836, 0.081715539349652, -0.043106494020667005
0.96686129787583, 0.24236572042089, 0.25496053903171, 0.44205632217813, 0.08234708161564501, -0.039971594746666006
0.95798782539958, 0.227943151433, 0.30252267050002, 0.44181113611889, 0.09052405773261801, -0.041083154801812
0.97949221428491, 0.23456392252499, 0.34195156772403, 0.43180484666927, 0.10550893050241, -0.042874135382677
0.98337478440195, 0.24218719855926, 0.32605666582825, 0.42936307766408, 0.10777524962692, -0.035867164848260004
0.97727527223693, 0.23966800743197, 0.30083162347171, 0.4422004017062, 0.09644125641685, -0.037213010942831005
0.96439070584846, 0.24191087108566, 0.40724365206797, 0.43316395444233, 0.08932938193709401, -0.027755661252338002
0.96085296106335, 0.24167745867225, 0.22498326634362, 0.43163249457515, 0.10119874640683, -0.027124035591759
0.93503788117262, 0.24119955047082, 0.34352500126818, 0.42926522564576, 0.12156427860623, -0.026546364126537002
0.97937317172853, 0.24112625377077, 0.31346595827357, 0.42192369398992, 0.11555223938939, -0.028003624174217003
0.97959776119986, 0.24165369223059, 0.30088135791339, 0.41165288170912, 0.11164865004451, -0.027444479165288003
0.97024588362859, 0.23962711704993, 0.29415269379055, 0.40074731931897, 0.11694131273419, -0.027678893524279
0.99136537603297, 0.24635387204678, 0.38251154994279, 0.41414275769307, 0.09940332229967001, -0.010015914582327002
0.95626646426594, 0.24707802830487, 0.24134522666168, 0.41023668148106, 0.12041644208855, -0.010170090784089
0.96981649146149, 0.24469310703039, 0.29783739546242, 0.42099522986196, 0.12262587131625, -0.019699158119931
0.96929922894385, 0.24744598830483, 0.300406238335, 0.4258413941398, 0.11827400211276, -0.014327386774992
0.98590205170206, 0.2427885795598, 0.31419712812558, 0.40432672753697, 0.11495128955238, -0.01284283495022
0.98403084241133, 0.24661060979557, 0.32668792497406, 0.40843338421413, 0.09853656927736901, -0.018275019686436002
0.98968896761743, 0.25573214022908, 0.38080423650005, 0.41908757118659, 0.11173509093139, 0.006929871220375
0.97224227066878, 0.25213316685523, 0.26929883791806, 0.42144607389451, 0.11814814464178, 0.005317857039018
0.97530882759356, 0.25248352763513, 0.31513266916259, 0.41350549345118, 0.11814621584936, -0.0054282860032772
0.97788344969933, 0.24990049238663, 0.30651226034457, 0.41948624547276, 0.12629673037845, -0.0011629614240206
0.97888023359917, 0.24650436537009, 0.31477625152674, 0.4121261901225, 0.11557966966018, -0.010206802568485001
0.96863397931714, 0.25218324698976, 0.32534969058505, 0.41341341949062, 0.11380066267203, -0.008427975289022999
0.98836942404499, 0.25282220992303, 0.34053392639823, 0.42897436335738, 0.11115824695212, -0.0005165712880467
0.97815661096104, 0.24523451654419, 0.29418778524952, 0.43555036090325, 0.12602833790092, 0.0081414746445624
0.97023942870182, 0.24710632945656, 0.32654503713016, 0.41494241924742997, 0.12662577517968, 0.0088071917129755
0.97687119220474, 0.25521243738475, 0.34205466552532, 0.41786843836182, 0.10205499316731, 0.017301537835889003
0.97671503646764, 0.25503934322299, 0.34417432047957, 0.42073208609366, 0.11153556451767, 0.019500262788707
0.96212556977848, 0.26352732500229, 0.39434327013047, 0.41957438873076, 0.1050848543063, 0.031072907457699004
0.98560314590151, 0.26590471820406, 0.37325820205564, 0.41669345396253, 0.09520520431083, 0.029369224634273
0.96799150762942, 0.24639628242147, 0.27926737610022, 0.43698957557812, 0.14450870121692, 0.019670667135326003
0.99219521293921, 0.25442701418341, 0.34542582410122, 0.41405658498178, 0.11557897108962, 0.030542176490829003
0.98253401609419, 0.25579124312281, 0.31465828686866, 0.41455286396239, 0.11628615583792, 0.02128531290699
0.98303615605793, 0.25240511900483, 0.33310268176063, 0.42186652673964, 0.11008448868271, 0.026696378534822002
0.97312272317563, 0.26081721959542, 0.42115273054869, 0.42879521908096, 0.081993151386876, 0.022695266758607002
0.9696707363714, 0.25977169094544, 0.27835413978205, 0.41975199023448, 0.09436668390868201, 0.034692418161669
0.95627929560174, 0.25483201074035, 0.36086274021055, 0.42440039847370997, 0.10183403496089, 0.032968751665629
0.97442810244456, 0.2583921696505, 0.3516989947522, 0.4177111812417, 0.11663124736491, 0.028788568394147004
0.98091704311518, 0.25754951775817, 0.34902495988579, 0.41136808979064, 0.11795703472508, 0.028764792408081004
0.97990478204993, 0.26134892226481, 0.34590957239976, 0.41622524793634, 0.11318764589151, 0.029797521924916002
0.97081419500622, 0.26050602798394, 0.43055874942972, 0.42277290265381, 0.10313076562652, 0.029825705624554003
0.96052233037754, 0.26508070246485, 0.26044191237548, 0.42054173406103, 0.1077588125949, 0.029494281276245003
0.95521987271861, 0.25711440113609, 0.35232772805333, 0.41907167426645, 0.11179697617191, 0.035851306358826
0.97641385795375, 0.25723492820217, 0.35288490588298, 0.40663526222332, 0.11594669039713, 0.032865267457326
0.98415402987743, 0.25906599690114, 0.32580672310209, 0.40467073941358, 0.11593358553766, 0.037298412742843005
0.9800008834354, 0.261254056604, 0.34818839432704, 0.41618358943254, 0.12001161482056, 0.028359874735811003
0.97347029239913, 0.26382743086996, 0.42579099204519, 0.42540033433404, 0.10400980506287, 0.04224680480721801
0.96532473037771, 0.2650295458594, 0.2810508193256, 0.40438040355073, 0.10794440751502, 0.0369198944377
0.95272779652518, 0.25820239619218, 0.35133542769469, 0.42032601994594, 0.1244637985329, 0.042176375318351
0.9794033263678, 0.26025918294831, 0.36122391177596, 0.41004233653381, 0.12813583922407, 0.035548222498788
0.976690802429, 0.26079979437089, 0.36408654316929, 0.41297391499991, 0.11936242095159, 0.044153078689696
0.97773411006365, 0.26641910462755, 0.3588815447893, 0.42249085590996, 0.11857197566221, 0.045051016148693
0.95063080476081, 0.27118599349287, 0.428908016195, 0.42081890667758, 0.10385109097541, 0.046686278524343004
0.97650808390606, 0.26992301370987, 0.32351766646604, 0.42022102180818, 0.11669367632088, 0.048040016603357
0.96227205466817, 0.2661315861227, 0.38120876791256, 0.42116954332258, 0.11482276062253, 0.035011925262972005
0.92149970174618, 0.263799991216, 0.19034148129169, 0.48367249066229, 0.23083416208705, 0.0061707713074708
0.95249986775606, 0.26961633370729, 0.32084699732045, 0.42268537275967, 0.1482285262626, 0.021198954453537002
0.97250091962495, 0.27480473665166, 0.36761287653319, 0.4235606383058, 0.10737178854738, 0.024021840523869003
0.96445781035762, 0.27650477152473, 0.43332437082987, 0.42869391887411, 0.10011873491801, 0.022530987514489002
0.97239636834498, 0.28182142784066, 0.32844622073692, 0.42049663967794, 0.07304134807161401, 0.027539054018308
0.96028725952103, 0.270298950582, 0.38677488054395, 0.42238083568884, 0.08719000670339201, 0.035477850895149
0.97271031010911, 0.2705326345621, 0.36195601730907, 0.422973759655, 0.10185902003366, 0.024943376720987002
0.97065458936119, 0.27487755140472, 0.35938079414283, 0.41527348223774, 0.10192319100377, 0.030738720093150002
0.9801800082207, 0.27410356949999, 0.3573904753042, 0.42917477237769, 0.10401060488907, 0.033433813212144003
0.96434525226775, 0.28242847826241, 0.37353335237613, 0.42193695810598, 0.09110393687175301, 0.033762255629744005
0.97744787782813, 0.28219622285505, 0.37209739044978, 0.42555579573729, 0.092861905965991, 0.041499580443400005
0.96341402738965, 0.27691807803242, 0.36393853606273, 0.42904120258646, 0.1135694553097, 0.041223970181260006
0.96674370266206, 0.27357040298558, 0.35483388465118, 0.43033331700022, 0.12308514513883, 0.030862908137901
0.98051052051024, 0.27413424560087, 0.34895031000252, 0.41769993267665, 0.12628169934224, 0.026926869216508
0.97360048290557, 0.27330591105404, 0.36259058142335, 0.41212881172131, 0.11968991503776, 0.020300391328714
0.97113952339663, 0.27542356620708, 0.38788334491192, 0.41784889053016, 0.10435125572344, 0.016306293220988
0.97656511987088, 0.27132565163691, 0.46438581983375, 0.43150658374899, 0.11796510656652, 0.031172399852258004
0.95936567351698, 0.27646991154915, 0.27926744586626, 0.43405218400052, 0.1354877997207, 0.031418814364799
0.96743340254664, 0.26969949026441, 0.33089230404033, 0.42027162627872, 0.13595511300593, 0.041819461766067004
0.97218722416899, 0.27371458741877, 0.31127064474131, 0.42002108584157, 0.13736872245338, 0.026937986325055
0.97470525029133, 0.28645072436843, 0.28311438641865, 0.42496024353974, 0.12265271279242, 0.018662835482177002
0.94609223191395, 0.30151050295409, 0.24145802353692, 0.45023722331616, 0.1860367245233, 0.016525355374047
0.96821923945647, 0.30076093869263, 0.35917290858905, 0.42625109620407, 0.11470683295505, 0.011693897338869
0.98262685293692, 0.30379388444561, 0.23749684542886, 0.42584790995167, 0.12422786119226, 0.012321169854722001
0.97234218969814, 0.29568226567871, 0.31432232114374997, 0.42527184674674, 0.14234878960452, 0.004207948407193
1.0018101353009585, 0.28556974817644, 0.30566189712011, 0.41013200061424, 0.15015869260855, -0.0089269268057608
0.98838104874028, 0.28955862426675, 0.31838629720988, 0.4131199878372, 0.13492038586958, -0.01019439887868
0.99701667148595, 0.28674070095137, 0.25337001121624, 0.4210078699898, 0.14179185620256, -0.022768224895904
0.99126476503869, 0.26054612740894, 0.4487000719191, 0.41701821331445, 0.15362968452962, -0.027723161627746
0.916476347371, 0.28189430782478, 0.44424138623532, 0.43714453331221, 0.17486708959961, -0.0090458611999114
0.85010261081493, 0.30259907662108, 0.70278375925464, 0.44579960542785, 0.19244472676158, 0.017970480483433002
0.95513023663999, 0.28259670647289, 0.60235302392328, 0.44415684878257, 0.12103329346427, 0.034254737070926
1.050956244040508, 0.23924108647082, 0.34150508043904, 0.40584572340329, 0.089010591498871, 0.032678823163663
1.0640534413936213, 0.21758915332614, 0.324861527027, 0.40225061749294, 0.080598681064682, 0.045688715439323006
1.0304871889129381, 0.22880826813403, 0.38021094794172, 0.42115829456478, 0.11850739803576, 0.027728244910850002
0.98120317583314, 0.24346195766512, 0.4506004234893, 0.42860262312885, 0.11627925422912, 0.036849545372553
1.0247972340974663, 0.23510285100973, 0.32070414679248, 0.42532785648864, 0.09370467425307101, 0.037394703476495005
1.0564301483148921, 0.2391392799031, 0.1892378799794, 0.43417239806649, 0.09451548444188, 0.039538824845174
1.039804286462066, 0.24103881590756, 0.25118331497334, 0.44573703580838, 0.11535195858426, 0.027983772919883004
1.0066752058296413, 0.24411081334336, 0.3505700436003, 0.43712020885519, 0.10100196685821, 0.024874251384291002
1.0219612611028437, 0.24650077261321, 0.22981188983483, 0.42749142721144, 0.08982773506447801, 0.016475660610042003
0.99159921029328, 0.23925536242939, 0.31745841083408, 0.43178391777714, 0.1089992251012, 0.023862406260492002
1.0124242354271307, 0.24792853199874, 0.32476823481358, 0.42896121029774, 0.12557900436469, 0.028870329252497003
1.0055376194983645, 0.24463658822067, 0.32850283839772, 0.42403357700205, 0.11764998174084, 0.024914485215147
1.0105667767160138, 0.25010613547558, 0.33261292176395, 0.42778507376744, 0.11403935318898, 0.023334188224635
1.0104939158617834, 0.25449449423975, 0.38511515730444, 0.42491311758685, 0.1116446678943, 0.025283873562071003
1.0161519824873613, 0.25252325993985, 0.26496972489201, 0.41384008408763, 0.1146905628397, 0.017481563005363
0.96841331047622, 0.25497329914787, 0.36531335744053, 0.42541931637587, 0.14006087600519, 0.027698442445707003
1.0061229364963604, 0.25659597580667, 0.38109917364827, 0.41742706277286, 0.15401669568896, 0.032767566986372
1.0148104058450307, 0.25661476026674, 0.34565863182636, 0.42349052858087, 0.13427293938054, 0.037976149256922005
1.0128873970495087, 0.25917899787314, 0.31585352882454, 0.43226853005226, 0.12529004809712, 0.031786555809281004
1.0068021071545932, 0.26371487910135, 0.3768218966156, 0.430606821016, 0.13002549329841, 0.039152758936289
1.0248472615321849, 0.26246930841683, 0.34443102253682, 0.42637646659717, 0.12148693910562999, 0.033400710103986
1.0058284245451716, 0.25664103406679, 0.37402553532853, 0.42893193148479, 0.14007020193549, 0.036393727730268
0.99760475869538, 0.25644994830344, 0.39674429518562, 0.41543169374536, 0.14746905129296, 0.038374219890063004
1.0157428167027804, 0.26080566601443, 0.36663248820704, 0.42099358017857, 0.13743016935288, 0.032925843894515
1.0191199947199325, 0.2607643547833, 0.3797678905282, 0.43222629908825, 0.13428900020262, 0.029922132115855003
1.0121299098824386, 0.26270392119603, 0.39907547107282, 0.42499393764161, 0.13299779400852, 0.036983319222435
1.017423717509705, 0.2601518940287, 0.51379178592878, 0.42435476398023, 0.13879902526001, 0.046519585013092
0.99835104502329, 0.25591088513074, 0.37011171595179, 0.4202751468592, 0.14117094938434, 0.043367722593077
1.0090191590059736, 0.25985246060278, 0.4236623821753, 0.41404900972005, 0.14565024026676, 0.039418691538866006
1.007588057514143, 0.24515942957764, 0.43031849872076, 0.41774064333443, 0.14164454500767, 0.016915038409519002
1.0083732937374088, 0.25047532060968, 0.43618009967862, 0.42165010218083, 0.13239244182473, 0.034672991097372
1.003194735525548, 0.2550433604907, 0.43314827515777, 0.42019473049850997, 0.13207763032724, 0.034202675773287006
1.0134721776347713, 0.25812127655362, 0.52748683351302, 0.42084658275675, 0.12222747396027, 0.04451879906474401
1.0010520090672728, 0.25801805535508, 0.38974778360311, 0.40724028830296, 0.11490049866679, 0.047422773626136006
0.98717918388769, 0.25515403376198, 0.48326628085851, 0.41040959630276, 0.1174143036711, 0.045359103817162
1.004227462217563, 0.25654542535571, 0.4834047132955, 0.41592752739659, 0.12884244105858, 0.038440070161776
0.99693855549204, 0.25326872531809, 0.47146517228531, 0.41786205177959, 0.12352799106257, 0.039741214773309004
1.0162042421924682, 0.2576012781024, 0.47659807251461, 0.42184732411874, 0.11833776810339, 0.038987867962224004
1.0091418427719032, 0.26447439531205, 0.52124908406085, 0.42524685838528997, 0.11260060299257, 0.044812620073941004
1.023058073863415, 0.26110435615262, 0.44651509264889, 0.41589911373165, 0.11681617198512, 0.050660185876992
1.0004158882667322, 0.25008532469645, 0.44515332012184, 0.41448109128577, 0.11786773287674, 0.019079526370224
1.0159501207076271, 0.2552107682776, 0.47688096387998, 0.40725947336934, 0.1382770373893, 0.012318684870210001
1.0010940138005966, 0.25638197172376, 0.43264191921273, 0.41206995468925, 0.13292801800285, 0.0032364124062954
1.022405923543881, 0.25423829784056, 0.43507812926533, 0.40511100128557, 0.13028316769092, -0.019245625121813003
1.0246618438750636, 0.25383646487389, 0.45278148402987, 0.40660435152282, 0.10624626962039, -0.014470994793358002
1.056388369682127, 0.24322239249587, 0.47997446909006, 0.3906253546538, 0.15023797370331, -0.011893686271647
1.0246112106699088, 0.24488138676544, 0.47377158665266, 0.38881181663288, 0.14964811678209, -0.0093633227734315
1.0198447103593926, 0.23557424853489, 0.51959915375986, 0.39309780962187, 0.15189924154264, -0.0053915675402355
1.0090577749746894, 0.23543387716439, 0.49092680502776, 0.40469487702243, 0.15322113477793, -0.0003582937530582
1.0001414624563378, 0.22746751680944, 0.54538692247203, 0.39988975463475, 0.1330214020067, -0.008754556145311499
0.96905054787121, 0.22497406550873, 0.68910945263067, 0.40606592021315, 0.13498339381417, -0.010570731111194
0.94622396512242, 0.22693238436294, 0.84872372044606, 0.41570849281174, 0.17010411545644, 0.0019029231032669
1.0154126939431447, 0.23920946779797, 0.47666821493179, 0.43136531258325, 0.11343516863543, 0.0055400264897852
1.0048484342551254, 0.22972584232667, 0.45858479942594, 0.41590176865922, 0.08463749214629, -0.014003908954704
1.047423132470463, 0.24056303682498, 0.32760399950868, 0.4318291606306, 0.08404685263896401, -0.0077560664917126
1.0350356549951027, 0.24646854145539, 0.42959072403916, 0.44507408870189, 0.08960147577832, -0.0089849257176291
0.99182462950559, 0.24112367041094, 0.50483369686947, 0.46514247291166, 0.094288981547698, -0.016572107017458003
0.99714525903003, 0.24471577482862, 0.37248514518849, 0.49854742313033, 0.1301680373261, -0.0063772329029882
1.0169780447827774, 0.25475515623396, 0.34721928197655, 0.45197658912679, 0.10802245379087, 0.016840841423436
1.0246113237017604, 0.25142772736484, 0.42348624607381, 0.42872247589684, 0.11478687589385, 0.011371300743254
0.99091627026734, 0.24678371411719, 0.45285548918102, 0.42196318061253, 0.11982884706744, 0.012180602737204001
1.0078384274001702, 0.25765671736795, 0.45775840861132, 0.42841018541721, 0.11020562065181, 0.017035457262012003
1.018074913955551, 0.26421735966122, 0.43889160578249, 0.40707684132565, 0.09186198787093401, 0.029038314257677004
1.0393555320328844, 0.26417020906554, 0.40126684082648, 0.41421616799404, 0.10083421376144, 0.020578922736487003
1.0137991843724166, 0.27598353711091, 0.43839473554364, 0.42718365878885, 0.13311288500098, 0.011416265808233001
1.035697194058586, 0.27326166178029, 0.44359117437352, 0.40754295321294, 0.13205597149587, 0.0038277584342597
1.0276052439897525, 0.27541183118717, 0.40774699314767, 0.40385192953699, 0.151179945865, -0.008323623348242
1.0144054807959146, 0.28220887933682, 0.38584586437648, 0.40539063416046, 0.13895406025674, -0.0090120130228856
1.035670102889373, 0.28410000189949, 0.3580763979226, 0.40589599354565997, 0.12250287928582, -0.015774881407422
1.0804764769493205, 0.27091424358132, 0.31203500903877, 0.39621636247294, 0.11440746007587, -0.013053038401876
1.0174839848478585, 0.27783286887335, 0.35054896594788, 0.41045978777826, 0.16459914943078, -0.0013015005839106999
1.0611674311950696, 0.25196402155723, 0.37822300056032, 0.40129254875735, 0.15651795563122, -0.0067904796493071995
1.066496786482103, 0.23777814544807, 0.36318300198076, 0.39665665845205, 0.143732197281, -0.008837650909642199
1.0086348440240211, 0.24742825422043, 0.53026726861825, 0.41282938033416, 0.12928376582777, 0.0012423853604223
0.98718269449215, 0.26335290935404, 0.59407078601702, 0.42207294075462, 0.13833370538378, 0.0030849534385429997
1.025146133255033, 0.27855905062955, 0.44927749627285, 0.41835480599207, 0.13056585845472, 0.019877000843231
1.026046898612733, 0.2858686845385, 0.3566051206682, 0.42481496326449, 0.12670055271795, 0.030279581414724
1.0411092965442221, 0.28809890215794, 0.34265914269802, 0.42642769533107, 0.1209797285758, 0.014668763127105001
1.0213851080456573, 0.28169039283998, 0.40067260283316, 0.44441057418657, 0.1193073552671, 0.0093009142195421
1.0197457472652016, 0.30706350357397, 0.39998739151627, 0.47964360122751, 0.1133961583004, 0.06188756950125401
1.0021307893332174, 0.3337039081142, 0.49549612589071, 0.4674275017318, 0.12218817234843, 0.081064235943392
1.014461813883922, 0.35822150098761, 0.36905357504081, 0.42208565700626, 0.11895839786895, 0.040072347638345
1.005635954894188, 0.34838247806146, 0.43807723992167, 0.43083574429211, 0.12715140910469, 0.030523570876591
1.0113869686487083, 0.32143934359512, 0.49024520741805, 0.40809399127226, 0.11991934515205, 0.040507725708632
1.0398259132496923, 0.30252783172604, 0.44300499126278, 0.40653463881573, 0.13312680957316, 0.033861861495024
1.0252872234183554, 0.29430605925788, 0.46719876210418, 0.40716121243337, 0.12572669869422, 0.022532902595781
1.0099495851642537, 0.30153240055944, 0.51547752040261, 0.40181143691966, 0.12032590351272, 0.027523061193699003
1.0279010273799511, 0.29713494413342, 0.44733770629631, 0.3860611783747, 0.11690598267914, 0.033489819604096
1.0283796997167114, 0.28366212883217, 0.4548360662428, 0.38489120971542, 0.13267025887862, 0.014022575549508
1.0322503432829364, 0.28185507094059, 0.4671316521739, 0.38814559098974, 0.14346808964478, 0.0054431951953911
1.0120155445089425, 0.28661957142801, 0.48121020806084, 0.39424615577367, 0.15230973543921, 0.0047564230433888
0.99904343877443, 0.2781986390027, 0.42849997736841, 0.38538425180193, 0.15092461895116, -0.024037185921135
1.0080712103681093, 0.27861889987509, 0.43084951099427, 0.37717817790386, 0.13949371930666, -0.01735772601724
1.0504418791560624, 0.2729898663308, 0.39868967597322, 0.38070234755214, 0.13959491620884, -0.0050528293485013
0.99625554175653, 0.28772579425795, 0.3968678639646, 0.39447547839495, 0.18709505993621, -0.0052498528958276995
1.0428877629375375, 0.27562454705734, 0.39338766300315, 0.37908399653288, 0.17473942873564, -0.011917888580407002
1.0477697868005966, 0.27080788415157, 0.34365738528901, 0.38039507726856, 0.17270977565565, -0.0082757703305318
1.0441145300330565, 0.26998823786198, 0.34047182535733, 0.38135592769933, 0.14503759643186, -0.01187676629108
1.0058288418352141, 0.27955300700546, 0.49541643777912, 0.40024914163999, 0.15604986035172, -0.0055404986040389
0.98141511059664, 0.28501003463846, 0.64540606942712, 0.39011569514754, 0.17581134712361, -0.0035783446261812998
1.0595441316223182, 0.28083360983403, 0.45502035765327, 0.39276065387489, 0.1300126634677, 0.013685900675068
1.0449755720986231, 0.27228800497968, 0.40037109152492, 0.39367524503784, 0.1467286864707, -0.0022123415876352
1.0599578706271053, 0.26543365337809, 0.38004359002632, 0.38864126828894, 0.14476378749114, 0.005155101156043
1.0378855775926317, 0.27223128541998, 0.41586524746008, 0.41226609476277, 0.12549516007895, 0.014488683496503
1.0133562977479635, 0.27416621100676, 0.51222370314488, 0.40720768427757, 0.11722659120212, 0.0090124460732617
1.0413464716379273, 0.28301481481182, 0.42478014818021, 0.41792551109089, 0.10117394694616, 0.024625884582469
1.0447649276504207, 0.28056541158439, 0.3877309226763, 0.42707134876396, 0.13110571331152, 0.030207308528843003
1.0362533413032264, 0.27910835720241, 0.44913678516452, 0.40544938680269, 0.13610824953351, 0.026159133233254
1.0308080546426888, 0.27337801373109, 0.44883536920825, 0.39142867770261, 0.13714820613681, 0.024303978637086002
1.0286649887229016, 0.27852220122499, 0.44805883442995, 0.40340959860139, 0.11658508124466, 0.029728415127583
1.0243666391107304, 0.28284289563248, 0.45669846041112, 0.40358126825966, 0.11333137482633, 0.024015322733845
1.0382514161757552, 0.2805322254149, 0.48110451252393, 0.39595109144496, 0.1312133237437, 0.035080958800147
1.0162328115527999, 0.27879315788457, 0.42360380373828, 0.38320890591462, 0.15253323506472, 0.031658023136327006
1.019537349473842, 0.28071556655513, 0.47725952699392, 0.38898008198068, 0.15758196489941, 0.026390725697078003
1.0208975755185201, 0.28528605799081, 0.43396126899646, 0.39106782903684, 0.14836320545376, 0.01224668431548
1.0456038038895157, 0.28374849814374, 0.43683983258489, 0.38676285479225, 0.11970149724932, 0.013265055935539002
1.0612510861325357, 0.28307145096155, 0.43969266480247, 0.38241227307989, 0.13345084934157, -0.0023413070170563
1.04531552139559, 0.28081599959862, 0.46728143318484, 0.38528603298371, 0.14129323723961, 0.0049079410765185995
1.0494614717654347, 0.28848930597493, 0.43429990777227, 0.38728246739624, 0.15469117205645, -0.0010481340887366999
1.0292742346153967, 0.28962551613042, 0.45666812018322, 0.39692059197952, 0.17379338487024, 0.0020559499189134
1.043331506240422, 0.28569681228483, 0.51385716400358, 0.38806271318377, 0.18214331469159, -0.0057441602954607
1.05142839286062, 0.28335744503941, 0.47566037414008, 0.39312994180265, 0.16473263036543, -0.0061787547840375
1.0116612548983197, 0.28790862882053, 0.57349360496914, 0.39090047210232, 0.16031207417244, -0.011665563823172001
1.0105130039835317, 0.29287646531829997, 0.59297025620292, 0.40529587536257, 0.15498394358486, -0.0056261931852741
1.0177051654413307, 0.29082895339639, 0.60780195513284, 0.38906561120946, 0.15734482727302, 0.0007474059753003
1.0549907995817518, 0.2798277609355, 0.49119826426858, 0.38963385016253, 0.12856471146288, 0.01655590436942
1.0406114105341533, 0.27828361173274, 0.47313080180109, 0.40091818271999, 0.13367154205873, 0.017614059780457002
1.056107195543117, 0.28374437617462, 0.43963172494036, 0.40630869032222, 0.14132996351285, 0.014143593384626
1.0294782864515526, 0.28946392053444, 0.42398682300484, 0.41568159105356, 0.15180032412163, 0.017315144808494002
1.0285794152243883, 0.29316487950407, 0.44101406879107, 0.4067864932991, 0.13816030989377, 0.024296981582249
1.0412744246156238, 0.28271358746601, 0.49594564338621, 0.39979121105065, 0.11599385374147, 0.034737111926288006
1.0315658634954024, 0.27684053619456, 0.44759951818067, 0.3847266634559, 0.13097597080878, 0.019982427423572
1.0269763665692087, 0.27911423436392, 0.49063636154163, 0.38850809206298, 0.13483180410749, 0.022822491697032002
1.0221054918160708, 0.28136726045906, 0.4740080456407, 0.39266079580105, 0.15104052007365, 0.022175718245142
1.019725379895982, 0.29089913202245, 0.46966537105092, 0.38398084190078, 0.13210170817533, 0.019783109306918
1.0257451906524493, 0.2897051156364, 0.45687050808037, 0.39599715404157, 0.13381795217907, 0.01284698429441
1.0225195605578592, 0.29357383774512, 0.46174986306559, 0.39815824592692, 0.13631174705663, 0.013324127592422
1.027349894121305, 0.29090680397947, 0.44841036794304, 0.38721699818608, 0.1508581245969, 0.0076031845812321
1.032973260770068, 0.29080737446497, 0.51319824537555, 0.39202170002377, 0.1536925717542, 0.0029407911610106
1.040666445959173, 0.28969895438992, 0.53776922690619, 0.38132889005907, 0.15686296402706, -0.011733884725233
1.0535992027010945, 0.28706424045536, 0.50239775722976, 0.39300378175911, 0.14420571024493, -0.0049006783438665
1.0289515823586166, 0.28626513986705, 0.53539578876632, 0.38561458145906, 0.1357647845677, -0.015981864332462
1.0034327572938244, 0.27781509590276, 0.56615139444759, 0.38590245829867, 0.13237851077399, -0.023446651404920003
1.0160746942325458, 0.27928035189837, 0.68475851643179, 0.39459589181466, 0.15299412481042, -0.0047415206801283
1.0420094302142338, 0.28505451900925, 0.60322120615998, 0.39703359763492, 0.12475365479396, 0.0059747594058364
1.0147800045213722, 0.28637920525243, 0.67205914437349, 0.39284848755841, 0.13512043883576, 0.003943866383529
0.99821861089446, 0.27203563128242, 0.62633149002292, 0.39700343303641, 0.12289623028129, 0.0066466010752928
1.0611064485823551, 0.26080216844592, 0.43236949983366, 0.39574296271918, 0.09425091378889201, 0.018004694426057
