Pichu
0.0, 0.0, 0.0, 0.0, 0.0, 0.0
0.11844415938669, -0.040057742684401, -0.12790718446287, 0.028168809756433003, -0.15912011573176, 0.18081824721502
0.034724253221196, -0.014932450119074, -0.07261188469693501, 0.16986452102438, -0.17755532886701, 0.20904969864366
0.014073197220819001, 0.10646221055962, -0.13993641780331, 0.46835365289807, -0.017202129911685002, 0.20025374188163
-0.06868410656092801, 0.28487981020272, -0.40375657336855, 0.8283458412252, -0.08420153756584, -0.28851066393904
-0.09228536770909401, 0.27743102330950997, -0.49022402359001, 0.61392849153272, 0.035961102194505004, -0.025580761404117
-0.073907423436479, 0.13502384627668, -0.53925736221612, 0.27858882387507, 0.023414023962313003, 0.25797361475289
-0.10564342304804, -0.050964940802883, -0.24673360319981, -0.12425135921433, -0.21732423101428, 0.68543211262197
-0.0085025127938059, 0.02826128855529, -0.29079808707045, 0.15952688441163, -0.09249383566232401, 0.25018805359413
0.018482826452311002, 0.082571494869891, -0.13357834405698, 0.27425527391405, -0.0054415773533654, 0.058447138842456
0.06477320656588301, 0.10976746165785, -0.16027735997453, 0.33365193263462, 0.022008637950813002, -0.028480497286623004
0.06670048516322301, 0.097430961309863, -0.068136964518285, 0.30109893998034, -0.019886252748587, 0.051269651593235
0.08978520433715001, 0.10031411650977, -0.049870234697115004, 0.31199272424739, -0.034271293716554005, 0.056064248308087004
0.061771046940928005, 0.1049194786006, 0.035944354115382, 0.30110122879982, -0.030103333300341, 0.07586717676484801
0.05641254375564501, 0.08520669119369201, -0.0002093601184825, 0.26795480736385, -0.045707116233957006, 0.069806666554038
0.045963801229086006, 0.081820525619964, -0.019865672978405, 0.25468716375056, -0.064681830128058, 0.07715958875039901
0.044536751935664004, 0.072331006710807, -0.020452490159177, 0.24435541295133, -0.026924729093213, 0.053384152928659
0.046255473873034005, 0.074233538118048, 0.0001996757907006, 0.24229113158863, -0.025804182018007, 0.059294785773445005
0.039341539605864, 0.079066204387088, -0.012819427268867001, 0.24917640962505, -0.035008891238898006, 0.048810985628819005
0.012977781640586002, 0.076643123060582, -0.068790440516431, 0.23432059439198, -0.0055242003561559, 0.043213842297638
0.013430941385084001, 0.08890621754568101, 0.062300786979569006, 0.23839926597319, -0.026843353523086002, 0.07541662643043001
0.030788421646094, 0.07945250588934301, 0.0094332505758135, 0.21688274696422, -0.042683458709104005, 0.07977193445807
0.02423271759655, 0.057923391566779, -0.10377864182365, 0.20299187203179, -0.047549112722545, 0.062965914229042
0.0081164635835769, 0.058138003773973004, -0.13066583880487, 0.20530647555555, 0.037246848290733006, 0.039488492751479004
0.0018907356885291, 0.05751022220081901, -0.17457654014101, 0.20248297423949, 0.06985609715801, 0.035930906834599
0.040466090032563004, 0.061825863325639004, -0.24424414431102, 0.20216931426211, 0.049982074063952005, 0.033428271447352005
0.035126604589992005, 0.06621040140699, -0.31571527737957, 0.20767285823345, 0.046128345800576, 0.023831118646964
0.06358467946737001, 0.070168121893611, -0.36250569862915, 0.18863058041874, -0.032764613288869, 0.037836042910714004
0.05825248704460301, 0.06958058943845301, -0.42495845233983, 0.18514894809673, -0.040257786134053, 0.035433280411879
0.033091931811732, 0.063496889025731, -0.39983673566747, 0.18692840995193, -0.015246810258728, 0.035663914376339
0.024967177501030002, 0.07054335111081801, -0.37131433486285, 0.19167507899558, 0.05624678389162, 0.025414367469347002
0.022694258902670003, 0.08609790930432401, -0.35760703479156, 0.20736605442628, 0.030392923270796002, 0.06378523015205101
0.0013647906108848, 0.10605436553223, -0.25582643901141, 0.23711346521182, 0.020212035865677002, 0.089593230493656
-0.07582852138325101, 0.10446872976072, -0.08006985891491901, 0.23961058491256, 0.055786131189972006, 0.084223823145432
-0.041071339065078004, 0.041610137470698, -0.032339335619262, 0.21851604937147, 0.041972848465142, 0.07699623497265401
0.0063853141779494, -0.02637683921496, -0.116931718011, 0.17281240791379, -0.049954894788556005, 0.069031547179424
0.036234770281204004, 0.013846210333800001, -0.12429328407809, 0.20765843236255, -0.07537819720753901, 0.07259181319765101
0.074283489073309, 0.081155702017928, -0.12644601177418, 0.24952455219494, -0.07024972840101601, 0.092456896046059
0.032913150710412, 0.12807993660838, -0.10049877103371, 0.27299091020224, -0.06359797913470501, 0.090418244279133
0.057737162669613006, 0.13346056023463, -0.08080313900645901, 0.27404744512615, -0.06096753676159, 0.098206444328193
0.045583774516548006, 0.10522717093122, 0.0081611486685697, 0.23853731081213, -0.06158297733740101, 0.1115912072855
0.051092532001186006, 0.082923309295843, -0.070636354160536, 0.19914857812085, -0.10256552882999, 0.11527747608733
0.050331302010912, 0.07009995644266401, -0.10102328630655, 0.19671401248676, -0.11073985682796, 0.11251526717861
0.051225736197516004, 0.07238835082592801, -0.074641077096383, 0.19976572984124, -0.063624450335186, 0.1055236696999
0.038680766958346005, 0.079485614701611, -0.049267013647042, 0.20429675888576, -0.06075665345696701, 0.10417832273843
0.038562971399023004, 0.08074627527542201, -0.013406930461608001, 0.21643790557787, -0.06669379256319401, 0.1000039763564
0.035809926782815006, 0.087553557581383, -0.020615470312353, 0.2179627004438, -0.055597684453741004, 0.10739648682531
0.042407154741038004, 0.066779154987226, -0.061695914725605004, 0.20567052296661, -0.043757499177840005, 0.11436095428262
0.026613954665437003, 0.067054192853794, -0.17874042111841, 0.20667387228755, -0.043970731768711004, 0.10533112808141
-0.013740081422904001, 0.11183460393325, -0.21993562115825, 0.24770879073784, 0.035227054762938005, 0.13070632670731
-0.019925506997298, 0.34674698551755, -0.16456123872905, 0.015523448566338001, -0.073211906099672, 0.91272154524043
-0.051693236685237, 0.21536713015718, -0.18973328671605, -0.11984560065663, -0.15823272123338, 0.4643232664357
-0.0019166206009665, 0.18502579548755, -0.40367309836369, 0.020234672426547, -0.10722339911512, 0.12164017268333
-0.011302234572074, 0.09911010678326301, -0.42631140066189, 0.07847914389638601, -0.030883384564098, -0.44518754892333
0.0032621826091568, 0.033941509443485, -0.39686257593788, 0.058858357248747, -0.02129030609858, -0.40242260618001
-0.024659462230133003, 0.026139647293051002, -0.68374295646592, -0.16600776836286, -0.05834054392262, -0.025964418467645002
-0.06386649219809801, -0.19967440653189, -0.7757773201135, -0.88158059133043, -0.49560471609573, 0.64879625471879
-0.1204760382687, -0.19970269685653, -0.72274595381478, -0.77298814156556, -0.50114192277972, 0.581329450608
-0.035951513965794005, -0.084938651856425, -0.6247219830757, -0.10109015909143, -0.21426416563822, -0.02842291627092
-0.082748710313365, -0.09487185188055401, -0.44564154399461, 0.09887617648223201, -0.040815191782971, -0.57351844687478
0.047827874431757005, -0.09440845761926801, -0.27194802285932, 0.066290337121732, 0.13434574141976, -0.52048856493064
-0.010122862019394, -0.080595557808378, -0.070681191576881, -0.19929515243667, 0.10375477055165, -0.11530927720613
-0.19403915829945, -0.33452630548694, -0.28061669902533, -1.27102247585756, -0.40057050011142, 0.94127833220137
-0.18977974817097, -0.28774597960277, -0.27735743345392, -0.86400949175116, -0.3139108050394, 0.64079953097188
0.03706208503702, -0.1896397751341, -0.028987284445312, -0.35597692678011, 0.094319070373185, 0.011976846731156001
0.036177282742091005, -0.15605083745743, -0.021447027355446003, -0.1451045164624, 0.08506529790338001, -0.14385947055373
0.048938622717781, -0.17973666999855, -0.028625762466403002, -0.09661600148992301, 0.058617047668506006, -0.12843883515837
-0.085876353478316, -0.28022459122957, -0.29759181020011, -0.83897396904314, -0.41614439532992, 0.70207028983921
-0.19759736291796, -0.28169622228089, -0.56474994846801, -1.006955669583685, -0.70206243150095, 1.0211081554337655
-0.069017892867722, -0.16905551056562, -0.50029849725927, -0.47286331296427, -0.37766346409051, 0.46098676270972
-0.09007701324465, -0.16226345418063, -0.35444154920915, -0.12320363136435, -0.07529223781128, -0.30405808647259
-0.009227456772574, -0.11769005997984, -0.3455140385135, 0.21492838173674, 0.24689498682522, -0.91601065438434
0.03667591765808, -0.017399705694511002, -0.11850333284389, 0.21462630012126, 0.15499069312985, -0.28105571301695
-0.023429046299363, -0.4408465613002, -0.85037919331542, -1.2158857790168842, -0.59899399749109, 1.0471973839994975
0.012132194082485, -0.93736997543697, -1.1879065715700177, -2.284898889321194, -1.5118013807033728, 2.7281079741315377
-0.037858297829786, -0.50268345638762, -0.90433956233278, -0.92940542999985, -0.53781994956913, 1.0047831946975623
-0.063546078511203, -0.37658518413589, -0.78101045919118, -0.51876995405587, -0.21130445802836, 0.2867594223155
-0.16554767473091, 0.090451319989354, -1.3468166730789075, 0.66693920008604, -0.40467747365881, -1.1424145200123645
-0.20696263984444, -0.015598365871125001, -1.1475293060539102, 0.23261435300479, -0.26471287156548, -0.57185151397929
-0.14903342443749, -0.3923621913464, -1.1831097339148224, -0.89271387380844, -0.51402466884541, 0.3638642250757
-0.12843421121844, -0.5533005130122, -1.330251433700379, -1.336708607480077, -0.7538358485235, 0.90519164627583
-0.081872440603742, -0.45214633856044, -1.3251092319929734, -0.94661442294848, -0.7741359603255, 0.47045666118269
-0.099175862858475, -0.23331960926036, -1.323951710843378, -0.18050467231273, -0.67801443655414, -0.38222580556722
-0.24870398366767, -0.05280715657400101, -1.3408921981941315, 0.48570590691487, -0.77015907613595, -1.1169502986714068
-0.18118334026142, -0.015523046619361, -0.83534089672725, 0.64239242897128, -0.5930032024498, -0.72231718671873
-0.07201532175582101, -0.07233055649678401, -0.483575140804, 0.22985309301292, -0.4858017802792, 0.051690865364916
-0.22442634272109, -0.14465564916316, -0.58139701167972, -0.57805179755235, -0.72331969281077, 0.79544884865432
-0.25997021903197, -0.18203358960792, -0.61127393720535, -0.66030036861216, -0.7957605703487, 0.87904255800511
-0.12837290005774, -0.042485845905267, -0.72806417379404, 0.041077966759052, -0.74373323101057, 0.0026737230683334
-0.18208039390671, 0.11366856142618, -0.79769656028881, 0.53426184637111, -0.62115780660155, -0.78612379313748
-0.11732552370009, 0.12332838725018, -0.71844362642683, 0.47844449082884, -0.49866560923893, -0.44433229171339
-0.037063124764406, 0.060342914065078, -0.71646755851914, -0.04955259778882801, -0.57737096936444, 0.32192382929159
-0.10653796885219, 0.0075473052617753, -0.71709431251225, -0.45684566893846, -0.61023635374274, 0.92825643112712
-0.19855826726641, -0.07553992469863001, -0.46151960594673, -0.81528186910429, -0.82448410647619, 1.5245192937574787
-0.087785765706893, -0.16806496610037, -0.38804206596528, -0.4795950304289, -0.58180280118286, 0.59206548336346
0.05996024539161401, -0.28147056376747, -0.14804100304193, -0.1432061735832, -0.39954441119461, -0.15759888338583
0.076250236665324, -0.36345184027096, 0.014055238762257002, -0.077839344647617, -0.25132672341939, -0.31571392553727
-0.026612034101682003, -0.32198264446316, -0.08115938733078401, -0.58896797842585, -0.30349925494942, 0.41241723768037
-0.20763287430068, -0.27906691037404, -0.30037642062966, -0.94469998187155, -0.57920069504781, 1.0102468781716982
-0.18959851090868, -0.28963536203183, -0.43555500816663, -1.032895686539483, -0.61891732617547, 1.0155586803616168
-0.10520864082799, -0.28484141753517, -0.59599142127656, -0.87778678384711, -0.55560951194354, 0.64897910552913
-0.1314719493837, -0.21255792783359, -0.76501786576218, -0.30035959020661, -0.41390363368932, 0.0078370391875874
-0.15138668967532, -0.14495413709937, -0.90250306576418, 0.08889637684787101, -0.27321029850981, -0.3310758311817
-0.13019690448991, -0.073103591017566, -0.9662230790892, 0.21650606944952, -0.31487272530727, -0.31550038116373
-0.09694844457374001, -0.11068923530578, -1.084966490009819, -0.21734433545651, -0.36793748068268, 0.16376064827063
-0.11784793394187, -0.16401180196235, -1.3419782687008452, -0.57779977801638, -0.30972656492731, 0.77956445624133
-0.11287868275006, -0.1915729972006, -1.3897164369381643, -0.58010843885698, -0.17884008772092, 0.65515644380556
-0.035409532327381005, -0.172434971099, -1.5247998530091844, -0.24326354213458, 0.046518775158864004, 0.26432589485431
0.010654828523719, -0.30495313818138, -1.4471647519860222, 0.05827250882678801, 0.53552988020754, -0.1420216769046
0.073257452624296, -0.26110658060416, -1.2461073652649, 0.18712452402253, 0.47815028525615, -0.023750780938807003
-0.016037183555089003, -0.2098690372278, -1.1149651598010597, -0.025538073444289003, 0.25105919717383, 0.39960165641802
-0.09828915708965401, -0.19909545252803, -0.99993751423535, -0.8142258099048, -0.26529314744011, 2.200839144775253
-0.09368365961021201, -0.15324710251233, -0.64401260301871, -0.40906081018131, -0.11520486251482, 1.1061239758638441
0.033082492902387, -0.21540708198708, -0.21469547508867, -0.2321567462571, 0.12289844930383, 0.42097137992658
0.042171022451590004, -0.34819210639479, -0.21882224557396, -0.13477315940594, 0.16303053192764, -0.1774273533839
0.061747214672497004, -0.41591376018423, -0.15585778233425, -0.017815162156784, 0.26602950158991, -0.45395138412883
0.054956196790621005, -0.35295569110449, -0.27071566256769, 0.062206263271676006, 0.44161551087999, -0.37062935089712
0.011313480815274, -0.22722315307214, -0.53955368610515, -0.23964306023897, -0.052037878678374005, 0.11460010616371
0.11562879391304, 0.0023955834193377, -1.1628770657416978, -0.42629985270328, -2.1215992153784486, 0.81102055800402
-0.15535914870324, 0.044123161612909, -0.95565174700018, 0.04760661917078501, -1.0660949992731603, 0.43241790010656
-0.1025030406806, -0.05138410062473701, -0.51237051473283, 0.10753323301196, -0.043202321340392, 0.299488146769
0.27895371387869, -0.21165239621609, 0.21139777606437, -0.044265747452768005, 0.25946228949972, -0.18120502994558
0.44235137738551, -0.26548047784037, 1.0584733225796559, -0.13811188726589, 0.34988393627233, -0.35309138539052
-0.026869805853327003, -0.10502615423901, 0.97875523789147, 0.11905282570954, -0.33665117855637, 0.06419919292134
-0.5367720091153, 0.12060877497517, 0.40908299822233, 0.51311284345396, -2.414486599355541, -0.22190058652713
-0.50337405275234, 0.06701002942119601, 0.94017732847204, 0.48898385348893, -1.6682687901262927, 0.18107991635037
-0.063997857258238, -0.017479748835100003, 0.84892715877649, 0.39255807759682, -0.51408652854295, 0.3117453828219
0.17852776460706, -0.078812001089632, 0.5153981280202, 0.29992711518323, 0.27623407698901997, 0.087646384992501
0.21427525137571, -0.086665420106333, 0.39634009548194, 0.26433248756517, 0.63649213469923, -0.029115041914427
0.16391714298636, 0.030087516158604003, 0.21489814433683, 0.27232105767139, 0.10065378454108, 0.18871455939235
0.030399319361306004, 0.11278542088432, -0.08825299896598, 0.31732061828615, -1.1117504430659937, 0.32792335781647
0.0025460796224501, 0.12749136880297, -0.32902376000812, 0.32260526993008, -1.3554032391779551, 0.33576152685078
-0.02176696017221, 0.046135139965695, -0.78480019264695, 0.29140008247607, -0.19247631616424, 0.26857768519332
-0.034592399203917004, 0.0086453812218316, -0.97416651269031, 0.2998678692022, 0.47264181897854, 0.15976053621243
0.047000896253749, 0.0094840725626707, -0.81059051871769, 0.26655160788037, 0.37311092795113, 0.16379477326441
0.018418836984485, 0.10652841573178, -0.57698675910874, 0.25463349283832, -0.99319293469976, 0.27459050455255
-0.067767518323193, 0.13084363338968, -0.45753321115472, 0.31858682641693, -1.4611530973060152, 0.26205719034165
0.016805013015313, 0.033582087988059, -0.73211608455621, 0.28832776227439, -0.17593319130129, 0.19722573677664
0.11341823874743, -0.030439850870024, -0.82733715835236, 0.25351216040748, 0.57002856029072, -0.0034003054518366997
0.11705314596152, -0.032000528650339005, -0.65846366126972, 0.22718799190847, 0.55273831449342, 0.018124871039359003
-0.0027050019331905997, 0.07739003421441801, -0.42373468821262, 0.25714486711807, -0.63879944062446, 0.23305703033991
-0.13647309420989, 0.1656560076042, -0.24174790409129, 0.29553577215893, -1.8432661045677676, 0.21624252145569
-0.09212192275599901, 0.072892147733953, -0.32278145162236, 0.26365462106687, -0.81268948251964, 0.3147944252972
0.1038348058356, -0.018154151165884, -0.54392091092295, 0.24521781162572, 0.30481392566097, 0.06447262378129501
0.18657816248784, -0.05276646915422, -0.35856509257972, 0.19692199667931, 0.51980587568932, -0.015349633914965001
0.12656263193015, 0.001680106190446, -0.21617041718967, 0.20586718094548, -0.0057965628840183, 0.14803008771698
-0.13036540222779, 0.09710444020874501, -0.090039480729535, 0.24456331338583, -0.98618055106855, 0.28558447142552
-0.10378105522178, 0.060964155294333, -0.39232355230123, 0.34293948536265, -0.27132647891159, 0.31940540010982
0.21887656327695, 0.035429788879124, -0.52945116420791, 0.48227052181292, 0.65056763746407, 0.15246103000103
0.28042310372895, 0.02704774644317, -0.21605078763919, 0.47644344565459, 0.73845885043826, 0.10862073537971
0.076848616870859, 0.10121411986816, 0.05422785464360701, 0.53581139998984, 0.08315364525701101, 0.19823212778764
-0.14183674807559, 0.20182590084996, 0.014998063942340002, 0.57238243970352, -1.4555711518764884, 0.1488318494998
-0.21795872783112, 0.20923200595785, -0.000417336553775, 0.60470870033989, -1.3731980022591548, 0.22233752011296
0.023382351899729002, 0.1272821420318, -0.10274455773722, 0.44850798745012, -0.42135229772337, 0.4134173902155
0.08580324929977501, 0.20022290226715, -0.2405234267958, 0.21698428629222, -0.28739265189127, 1.2017942319628494
0.038811721465368, 0.15732447188308, -0.214401878102, -0.18675068205255, -0.6661410164911999, 1.701053440374143
0.024271029107391002, 0.09801638766753201, -0.31337382095289, 0.16018068938564, -0.608477855783, 0.82711098674688
0.06443078504079901, 0.17643432636097, -0.51338579075369, 0.56554961438238, -0.26404739485104, 0.3064676066085
-0.048557158733789005, -0.030648930281354004, -0.48770895195087, 0.44357582732414, -0.21050520654317, -0.42520375998199
0.040826668447512, -0.09617390007568301, -0.6803251295673, 0.3523147284538, -0.34865831912834, -0.19146070616337
-0.0043102947051448, -0.38139769009108, -1.4775379032135265, -0.74103341084369, -0.58045484712855, 0.64330005717344
0.028884601770461003, -0.53550424899118, -2.001148961618197, -1.0071411024481136, -0.69628643204523, 0.68084644620412
0.016746356389784, -0.28349561779851, -1.9419887106111542, -0.38079615392981, -0.48570903704415, 0.26977836129478
-0.072388110268331, -0.17178602049966, -1.5555032609527988, 0.074199325179242, -0.21618381299515, -0.16321459693429
-0.0068743608296666, -0.16654233991805, -1.002965504821918, 0.21268395319154, -0.11395295899674, -0.29020494829759
-0.042347776799244, -0.19506620658986, -0.93409151930983, -0.10381548276693, -0.2184805777615, 0.1141893146616
-0.13848806817441, -0.34405310289793, -0.99354234152448, -0.81080425918616, -0.48774620026171, 0.70164957195321
-0.11691385601806, -1.0617883201872864, -1.160304342131446, -2.695793345496252, -1.7087138682465206, 3.155256820866174
-0.08441341070374, -0.44243552452901, -0.86527790410857, -0.79975460811315, -0.66735569067615, 1.0449057187312243
-0.050038916622037, -0.3894743943853, -0.36461947291091, -0.74206899690565, -0.25225075918492, 0.75414716486063
-0.07625833454678001, -0.54489430403969, -0.52075848450905, -1.3266882025787714, -0.41315036111817, 1.0413861955591739
-0.25419294129802, -0.90841035104676, -0.8525716567691, -2.2567107481020967, -0.85943378079901, 1.8875058982241992
-0.10963332223098, -0.57424641935265, -0.63065261314462, -1.2200395781986872, -0.37088020123425, 0.81077052924854
-0.13513227383276, -0.56406619313446, -0.39510328167162, -1.336110812546578, -0.3473788973039, 0.7921447009942
-0.17481341418246, -0.68488736086298, -0.61401068586715, -1.7297897159205353, -0.4732531033263, 0.98735367355407
-0.25369947795429, -0.7518531107012, -0.80669621769343, -1.8334424340214406, -0.52218008325147, 1.0937801658003858
-0.1517707817561, -0.39412426839501, -0.90152743576734, -1.0506758700839283, -1.5044217827342274, 0.39086946418438
-0.13819438406957, -0.41799814386538, -1.186140415886186, -1.2256937022189525, -1.0894551890081168, 0.66335949270499
-0.08960100910766901, -0.39382404873002, -1.2618775238266757, -1.2403929456646927, -1.1722822981530683, 0.74079584045905
-0.019359551045185, -0.19797470791075, -1.483351149458528, -0.87681329675212, -1.4290945339127656, 0.76928363957201
-0.0096236768318201, 0.021731823886302, -1.8160525943311305, -0.36893262044266, -0.90265693992959, 0.65215282240602
-0.063674254075142, -0.03828490321622, -1.761184005033091, -0.39175733602261, -0.64070001757374, 0.62405308368065
-0.023275519262181, -0.048275975540988, -1.5389605346496422, -0.37545506564868, -1.1172702197377231, 0.5200702323343
-0.10889756763354, -0.045263930744944, -1.3974100997699845, -0.3144760709375, -1.8948984980909234, 0.274338496591
0.33267060744861, -0.11673967506366, -1.7520987831014057, -0.31092886606052, -0.78306237019425, 0.46835655958033
0.59805332636963, -0.14356678148529, -0.84311091791269, -0.34259074449983, 0.47851212601294, -0.050751782852292
0.46937694246607, -0.092059372028086, -0.06609220556053101, -0.2230753252498, 0.22552896335167, 0.17997681456688
-0.21463968124804, 0.04727351606052, -0.10857734967925, -0.06434220318085, -1.3209384073076464, 0.26427522316785
-0.52879016195705, 0.15244401468214, -0.14179856548517, 0.040439100337155004, -2.4430140787776646, 0.11011205564461
-0.094778127083831, -0.033298449796546004, -0.2495962390558, -0.04902346834538401, -0.90056575529703, 0.36784449404807
0.22132282710192, -0.09022292706190001, -0.44571115852427, -0.07234317014076201, 0.24779785907039, 0.07931188498385601
0.19292806512068, 0.0080710630590702, 0.031701620749503, -0.069702736108122, -0.085897909449585, 0.30355045289561
-0.19683090639297, 0.11573988759208, 0.11484331251272, 0.034800435407927, -1.7109424656568653, 0.44830257692869
-0.31647022435658, 0.10688527595005, 0.16887974303754, 0.0042248869677726, -2.0611124401050667, 0.49801199451239
0.10490338487251, -0.064009195512577, -0.25940241701674, -0.083234459139415, -0.49428305349324, 0.27591122406065
0.23688026764196, -0.10378595105638, -0.22556764954211, -0.12308772551065, 0.28835057794621, 0.062130334520798004
0.14860119434669, 0.004957052266444, 0.012389716600448, -0.021104879734531002, -0.53920659856681, 0.32813958453531
-0.07049332907543601, 0.17301933225036, -0.070099273110516, 0.25426310008106, -2.4897811111396533, 0.21887416883513
-0.1148002588379, 0.08689552808187001, 0.0077200251779444996, 0.18917386991751, -1.435332449443266, 0.43832073342044
0.097532027876449, -0.011249716122399, -0.217744877395, 0.10891632223063, -0.15382929725639, 0.29711621484706
0.14630846300569, 0.024451518279191002, -0.01834961811009, 0.11782051175022, -0.21105765834134, 0.36330398477486
0.036448848844318, 0.10737926237416, 0.026146513758258, 0.25987552365149, -0.9315491389673, 0.44043720894937
0.065750022622269, 0.25262048654147, -0.27151470868756, 0.51207440586976, -2.604214668144798, 0.092266692705861
-0.0063861831495344995, 0.28717418094849, -0.28016361452065, 0.84037605738367, -3.0610943900967964, -0.12556935348016
-0.002560926359622, 0.16503350509675, 0.067838242718158, 1.0109498984274066, -1.6305793956088641, 0.176393603562
0.067839121452673, 0.045173394199699006, 0.032923691581736005, 0.98540353572862, -1.1686845861309116, -0.31834420917362
0.16171166324978, 0.22127186010287, -0.3387158653107, 1.0924838400794465, -1.1660827730235668, -0.19885051209532
0.11399608561095, 0.28207943109327, -0.82575699609975, 0.73477269157619, -1.2095601032297454, 0.32563199842533
0.050421056834718, -0.010446538729619, -0.9853820059574, -0.27322371034751, -0.99098918789118, 0.84899649100996
0.10155397329777, 0.10883097772828, -1.165840742646895, 0.74016570374109, -1.0140978379093253, 0.73519625191382
0.1167828730148, -0.021355980859653, -1.254190173299357, 1.2649791506913164, -0.88990281152906, 0.58549164903535
0.15818531701007, 0.13111240213996, -1.2696426576537583, 1.364129635010667, -0.88294423226186, 0.68529850073779
0.11303259073741, 0.28623004092768, -0.86523966987526, 1.1364120123515544, -1.0403939564679825, 0.66397813891732
0.19977091168978, 0.39395481611828, -0.12899979976385, 0.47575012733926, -0.79560611249618, 0.786229820694
0.11885921637329, 0.25165827675933, -0.15605628900624, 0.20990055934594, -0.60228507972134, 0.58528674262007
0.17425926334808, 0.12347616619354, -0.30133817989699, 0.23489247755527, -0.54519404950815, 0.53393328534047
0.18589564855683, 0.039810316872410004, -0.21680800571487, 0.46510470375949, -0.53169055370034, 0.48935609023349
0.13796111153771, 0.09766847461278201, -0.22303218323917, 0.63590955762445, -0.61391246098539, 0.46274608492794
0.06063598590146901, 0.26793443648521, -0.48574872936429, 0.83853592107009, -0.8705431356742, 0.39186429622875
0.022559843951325, 0.33500214203924, -0.65309116478903, 0.65145050855027, -0.86150138473087, 0.50526703105415
0.029998856899912003, 0.22286516916962, -0.66267927425198, 0.59683195239273, -0.76772160697116, 0.58780906405844
0.1121029883869, 0.18154674024915, -0.38247855815145, 0.72268004631535, -0.71528081860339, 0.62996227926719
0.07875281426614901, 0.17642729232392, -0.24783002633556, 0.8022411346279, -0.68508621288437, 0.57537344165028
0.089694568514494, 0.18600033242029, -0.19449044936066, 0.56198161436116, -0.67494177659987, 0.69416614786037
-0.011445299111801002, -0.11637952736039, -0.61035746349824, -0.53794887782143, -0.854875499108, 1.3967909959405933
-0.22061268861184, -0.52627540854328, -0.6342319987176, -1.356049038716829, -0.99538495493274, 2.5555762786733336
0.019724207712180003, -0.23778568712561, -0.28499702390884, -0.31912103157246, -0.51302185892341, 1.1251439269783672
0.09187486604472901, -0.16606972850292, -0.35496003103569, -0.11017865156164, -0.41381858070089, 0.85389560720769
0.10770344389402, -0.11053944833771, -0.53707929396155, 0.060886337369865005, -0.38704792379151, 0.73516194065194
0.08502377961353601, -0.10076161747635, -0.63407383550594, 0.089358868660512, -0.42247556545939, 0.68659403158211
-0.035309410869544006, -0.60397814129822, -0.84955163182121, -1.3040707872721542, -0.91267002174762, 1.449249368607849
0.0048956263514351, -0.38732092722243, -1.06365377414306, -0.54043048223567, -0.56309440434977, 0.84939193367515
0.030006427808791, -0.29241284845876, -0.92927888740887, -0.26604641205208, -0.30409043990914, 0.64947863487802
0.09264475726957701, -0.2225711596801, -0.95999455920884, -0.093732570944211, -0.37925898362453, 0.58842683443524
0.062220008110891005, -0.17678005608167, -1.0320387969686502, 0.025106930699986003, -0.36903552734534, 0.5501907586244
0.084301435492292, -0.16135732724286, -1.0154901409200534, 0.09737297945004801, -0.37443908758122, 0.52615217772674
0.064868036330331, -0.089329139258776, -0.96562082447983, 0.25061419630972, -0.41003810011141, 0.44481012165327
0.030309199700131004, -0.055529840789529, -0.78373805215011, 0.28476485840438, -0.43242425216985, 0.43709414816014
0.06107840948692501, -0.061675210087611, -0.60153130101369, 0.18835292306266, -0.41817215242196, 0.4871828332502
0.017710615582809, -0.070711281591936, -0.62333647806957, 0.13048886523675, -0.43904842450991, 0.56235254870775
0.063692521787302, -0.070087882906349, -0.66510801589972, 0.16305191092755, -0.45138361833622, 0.53136990754492
0.068269297054417, -0.086952722179767, -0.6628375189739, 0.16297830564882, -0.45172927750824, 0.51379638873394
0.025137433540699004, -0.061734948828769, -0.65542308157899, 0.17485907473202, -0.50301275268969, 0.48305030257792
-0.07590250104861801, -0.013934133804486002, -0.5631312506918, 0.2679483855462, -0.69349214165174, 0.47632342575765
-0.070642457388043, -0.029779217077231003, -0.5679660969269, 0.24293111696088, -0.58216027654459, 0.47289041711374
0.11818206186856, -0.08241620919311701, -0.85707496811881, 0.2312705945251, -0.049691282992935, 0.41384673307185
0.077793854009851, -0.052731817243510004, -0.75615139138421, 0.22871372695756, 0.0093243297067049, 0.40347107791321
-0.0032753925823025, -0.020566321455910003, -0.57910665640469, 0.2586973789567, -0.35858269071013, 0.47076749732754
-0.050467354635755, -0.018725165284484, -0.47411138959817, 0.25958851286573, -0.52578939325277, 0.46970330737113
-0.0056400266101528, -0.021154036838529, -0.64334026001929, 0.25720622061394, -0.37622768442716, 0.46338558164435
0.11464787780475, -0.072932617249893, -0.72665570314437, 0.23767155254339, 0.059013696126332005, 0.38189343221388
0.10232335885411, -0.058395179120368006, -0.62863645451158, 0.23075951822878, -0.06924436069815701, 0.41449645511571
-0.0070783547856616, -0.020062134299572, -0.57948989477605, 0.23112830377553, -0.40868218754448, 0.46798842029282
-0.15550242387856, 0.0016344744413661, -0.438272355934, 0.26252508839203, -0.60127215210135, 0.48361644981325
-0.021885493008342003, -0.018374037841668002, -0.57327526695176, 0.27136992836566, -0.47409204323389, 0.44779315949910997
0.036561304554883, -0.012156086407697001, -0.67417424402507, 0.32302740739125, -0.42661616934325, 0.40179742609703
0.018607240187748002, -0.0043499107431207, -0.76117868149038, 0.3557969486983, -0.57005852861928, 0.36349445229947
0.041981497018493005, -0.16129737589849, -0.97904692272051, -0.27845569115806, -0.82198418745137, 0.67441000414462
-0.0003050513938962, -0.41787590847897, -1.1210338915150126, -0.81470498967452, -1.1403460218164185, 1.1304783396147444
0.017850123315154003, -0.27279252324838, -1.0516727865096969, -0.34523698124404, -0.70787297399059, 0.66276002825271
0.017008365280988, -0.18847653219657, -0.98081691972489, -0.085677659959523, -0.62441924240147, 0.51199657261677
0.053719855996620006, -0.073934965839086, -0.9639044567815, 0.24240289179891, -0.64742468875989, 0.37201597582321
0.067844661388593, -0.036113762515952004, -0.9192928653778, 0.31552877644066, -0.64048127740772, 0.36323659138697
0.085774788289113, -0.056240165121682006, -0.89557776238117, 0.23124826267201, -0.59037286923384, 0.40233909689925
0.056358412793503, -0.11250999336704, -0.75125681437101, 0.10137002478415, -0.46712183586003, 0.48626730994849
0.04691204776727, -0.12589098698052, -0.69931728403936, -0.11398385945022, -0.50193807432459, 0.65269445473555
0.024346406535924, -0.12982312467632, -0.64727092457982, -0.1282291148673, -0.46963811719091, 0.65540744181355
0.074145271661868, -0.13501076600644, -0.70752185379201, -0.0258060518097, -0.52659227877598, 0.52027627318525
0.060068111858111006, -0.16677723150909, -0.62968154084887, 0.030513139521134002, -0.5448259413312599, 0.42140807754412
0.035823446197813004, -0.11490114175623, -0.48903577489148, -0.035207279931199, -0.67858668825234, 0.5673555979117
-0.029167339010880002, -0.061175552472466005, -0.52063614821784, -0.09992650111617601, -0.83411929042254, 0.68314483942486
-0.12014478277563, -0.07386879086909601, -0.49408569851348, -0.067758943458346, -1.0473606419745052, 0.62954237655056
-0.07049931867698, -0.1607179803711, -0.47723234861393, 0.0050325787337132, -1.0913213171930636, 0.43070351899546
-0.023982654349887, -0.17645744041348, -0.43117750410965, 0.028998987044505, -1.131238423219332, 0.37817200331654
0.0093722271034097, -0.08920566831896301, -0.4522473729325, -0.029540113604203003, -1.0656162680754946, 0.5379887860413
-0.0157114561956, -0.14379930245021, -0.38568431664426, 0.019271030361409, -1.021475327702502, 0.47689134764782
0.066591709668379, -0.18002784825869, -0.41990296543803, 0.046398707380981, -1.0967898719849007, 0.37463599162923
0.054026579824473, -0.17468421032223, -0.3340642914682, 0.055213005606902, -1.059863013020682, 0.37394791665826
0.041182877732503, -0.13630962296471, -0.26596411821085, 0.14453462189208, -1.1789585723644966, 0.37015308857115
-0.023111071253551004, -0.11783708687081, -0.14485865765936, 0.15506500963986, -1.2467590035011225, 0.37990791844982
-0.012949860807285002, -0.074380344832258, -0.10483903754054, 0.15870002706218, -1.2703441830759732, 0.4359768162936
0.1482926759137, -0.097296759482126, -0.31766942384679, 0.12723099268011, -0.91660865142817, 0.49114211182301
0.16278170291101, -0.13848991724174, -0.49551501314258, 0.016551271480284003, -0.48665921103095, 0.45688208675452
0.14860956104516, -0.1278572265313, -0.55247918387241, -0.056277871834709, -0.67140127586838, 0.50150432300856
0.010409666499133, -0.080386909415033, -0.51774630407506, -0.097676538466299, -1.4538620844862682, 0.59295692611326
-0.036496453527185, -0.10468251152651, -0.59910275779909, -0.094946685014478, -1.4698931624858893, 0.55653792554556
0.10130860514663, -0.14863813630496, -0.73959991660951, -0.069040867687019, -0.85319910718188, 0.49900263780934
0.12415090982185, -0.17851976519464, -0.93438835466002, -0.072277720487817, -0.40062234335726, 0.3929361654721
0.17251277914468, -0.17704568723318, -0.99450755510827, -0.051169422140871, -0.33968060733064, 0.39663133113789
0.1925963278135, -0.16985855747273, -1.0298442798164984, -0.023838602792319002, -0.39034719224415, 0.4077345904023
0.17817224758696, -0.16984366245605, -1.1580121006885762, 0.035944942901776, -0.3609292610593, 0.39350719182334
0.15448758173955, -0.17496042211562, -1.1021041548867039, 0.040433443726737, -0.27541866874294, 0.3410386567016
0.16987579033666, -0.15003377025073, -0.99720542374946, 0.14041787294972, -0.25572895784063, 0.33832151097707
0.13440503783416, -0.14510362181209, -0.85185598611619, 0.15192911213145, -0.30266778252627, 0.31569474879266
0.06635780511704001, -0.12080928812962, -0.67822127061467, 0.13642073637411, -0.35535821590701, 0.34451066866866
0.048790624044497, -0.15230847506642, -0.78144250125715, -0.0050885199629088, -0.41844381616206, 0.3933823787342
0.024107431878199, -0.17362992407995, -0.69403738233608, -0.08560463138024, -0.40823178023511, 0.41839377966597
0.069904711288406, -0.22076831301558, -0.68737372028633, -0.22722218823961, -0.43008951352686, 0.45038640887145
0.057214641035942, -0.19308242630753, -0.68832871452049, -0.17427829372477, -0.42423140824497, 0.30575921312353
0.0804267034806, -0.18641323846641, -0.70678668146755, -0.12118189225333, -0.4567062876289, 0.13869012397418
0.05760118655165, -0.14507479363677, -0.70761375070231, -0.012160985718584, -0.43595899887507, 0.13213320931206
0.056135595862041004, -0.12980415094706, -0.6939072441088, 0.049825070859313, -0.4540427641075, 0.14285813493749
0.063774612962034, -0.12158394786557, -0.67396063407386, 0.047986861840201005, -0.46032512486487, 0.20884138434605
0.061528926858898006, -0.18688929913632, -0.62517350285171, -0.06235423023811101, -0.42797722480339, 0.26937723868517
0.035296516386970005, -0.22229628431442, -0.55695420080392, -0.13307352889621, -0.40442253988523, 0.2758915378098
0.047265130674156004, -0.2724775412092, -0.55338983320732, -0.20585274794773, -0.4757886715602, 0.31570347089798
0.12451730541825, -0.28679065074842, -0.52142158338803, -0.17488517405407, -0.45477801286864, 0.27137416928377
0.10405611238028, -0.29980535886016, -0.42203396085589, -0.13800321299371, -0.26847596408241, 0.2623840689846
0.08707184706837201, -0.27345701389552, -0.4074987942551, -0.17616261664468, -0.43887547864551, 0.31539917465319
0.044437708348212, -0.2421165330575, -0.50283881834894, -0.11761706443706, -0.67672749139624, 0.35538194435561
0.079523861518068, -0.25054523910864, -0.62690232902086, -0.092769512839296, -0.45267338212619, 0.33342673213152
0.12311020149658, -0.25107288675051, -0.73100159322353, -0.073333656470612, -0.30137801736044, 0.30299329103195
0.15324813730506, -0.24167988767487, -0.82588903853768, -0.06812968651271001, -0.23770429219404, 0.29898355282432
0.15309714819807, -0.24851604533983, -0.87668239580063, -0.07518996884343901, -0.22665708244053, 0.29254842111458
0.17441794640752, -0.25659034913277, -0.97853520944399, -0.11520754793597, -0.35843939739344, 0.30248651398421
0.1572954530371, -0.25303753251354, -1.0565922006224968, -0.11201835102087, -0.33143097120028, 0.30194669766394
0.10915101192599, -0.2531744923725, -1.031573366811631, -0.10438087191451, -0.24981409033152, 0.29831644008376
0.055894068537599005, -0.23886006127654, -1.0232216425513128, -0.08503851268844301, -0.13990542802705, 0.29759397310075
0.08586910869169401, -0.2400395798855, -0.9925269044186, -0.080883764705415, -0.20313527071523, 0.2778043603667
0.11720496837935, -0.24765619420967, -0.97150340047956, -0.092977414760989, -0.2889786425561, 0.2764553148639
0.11661792437902, -0.23850317190741, -0.81413034969483, -0.088125248655638, -0.31351447638862, 0.30303565240056
0.10233472328623, -0.24684283794244, -0.74517220778292, -0.1146761101283, -0.27773405736658, 0.31371523255206
0.056303024157695, -0.2663618007864, -0.68413505765583, -0.12898170184414, -0.26397329827882, 0.31522487084454
0.088613879282079, -0.26767045489042, -0.65342541891183, -0.12802028890182, -0.23894262014969, 0.30805482028153
0.076503216378389, -0.25814463871736, -0.64663894399871, -0.12233772569956, -0.25624315334621, 0.30207279167424
0.047901585198417, -0.24643479334273, -0.59817229056931, -0.095645556690356, -0.23408893156238, 0.31113700857719
0.037281295496509, -0.25779406011903, -0.50888110635516, -0.1045995500121, -0.18856107409009, 0.32197241650626
0.035533455768005005, -0.27185884441557, -0.5217952730738, -0.12674637661849, -0.21388760581119, 0.31719485385377
0.045080695459901, -0.27018952060979, -0.46975578393497, -0.12988002485503, -0.21023775754948, 0.31620439620214
0.036666016248451005, -0.24709950596825, -0.44367489738286, -0.11493000129691, -0.16413326455774, 0.30274750774391
-0.016146005446404002, -0.22640973316873, -0.33591878146369, -0.081575527827851, -0.10410062710894, 0.28803804019751
0.021583064166596003, -0.22483304785287, -0.1530139139041, -0.05661160962903201, -0.056327196969646005, 0.30351763315652
-0.010767773696687001, -0.22825188190029, -0.080516623909562, -0.080421401722108, -0.042314819935161, 0.33250492498004
-0.0031093552671674, -0.22734285798961, -0.14876383952558, -0.09815253376193901, -0.1186044373984, 0.32974854155154
0.016924277667525002, -0.22638290191892, -0.2596792331653, -0.09536456727129801, -0.14030623992828, 0.3295479640096
-0.014073617970576002, -0.21795822652648, -0.36181828300532, -0.082903654612048, -0.08443278229404401, 0.32880189065461
-0.014232577322494002, -0.21654167831335, -0.46100442244313, -0.09813441444015, -0.050037959370520003, 0.31887853271008
0.013843463922475001, -0.21822399356124, -0.54802708609312, -0.09862761767727901, -0.042052574762319, 0.30731710758798
0.06471437911151201, -0.22912390225839, -0.65103856882164, -0.11608533890913, -0.13584913120506, 0.29917153688609
0.046986479935060006, -0.22914817675673, -0.86618468476857, -0.11164759539836, -0.17527936912103, 0.3026582845659
0.039608826617165006, -0.23092124714167, -0.8284922516403, -0.10511488741373, -0.11598324516821, 0.30249170457658
0.015929123503134, -0.22725789074178, -0.8120903640079, -0.089530781352991, -0.015732371295584, 0.30350047663912
0.034045296061786, -0.22305185201483, -0.82463624080669, -0.10529115507609, -0.028649203278163, 0.29847603383983
0.037573933064546004, -0.22961666612493, -0.87488208803599, -0.09351380861973001, -0.024386898835349002, 0.28780429960877
0.016429921767676003, -0.24530472117883, -0.8358023784861, -0.108229481571, -0.088424312635349, 0.29463443239475
-0.011227645670412002, -0.24200960048604, -0.85595198219677, -0.12470944587737, -0.033937522599157, 0.31351621823252
-0.024969591905417, -0.24017470870403, -0.78592273627993, -0.11985237992816, -0.024843140319566002, 0.31105138044343
0.0035043096434101, -0.23052471812814, -0.67123512478832, -0.10795428610501, -0.037538489414664006, 0.30891577327456
0.0074735634719471, -0.22045139618396, -0.49593625923087, -0.088136249068785, -0.083885200843543, 0.29898719285443
-0.020685431960008, -0.21611936095688, -0.37453944394696, -0.076173696852424, -0.052927008396631, 0.3179089162677
-0.022446774775328002, -0.2277855029732, -0.35811489017454, -0.09180332100921401, -0.085304448211965, 0.32103893351557
0.022091593795264, -0.24496441907098, -0.427671969845, -0.12064296452355, -0.14755524785211, 0.30713744596913
0.06451249328112, -0.25162487256586, -0.46176618880826, -0.11073463871014, -0.16524328438796, 0.30572503458972
0.062926691466212, -0.23593833211315, -0.46492155984768, -0.10867121302024, -0.18000310717535, 0.31193760334866
0.036379250007432, -0.22577610932268, -0.44781271515929, -0.08728191073034801, -0.15117001869447, 0.3159449070961
0.015800808956154003, -0.22262394929997, -0.34684333349915, -0.085281825122186, -0.15466473464893, 0.32243090328776
0.011072290566949, -0.22047112600759, -0.42916252010597, -0.11040521266838, -0.21096108045075, 0.33089715669945
0.027021042443251, -0.22501597543121, -0.43790930346251, -0.11802792883272, -0.21286384550241, 0.33161988729645
0.048968248073611005, -0.22115798278289, -0.43467087715294, -0.1268401512507, -0.17810455660633, 0.33369938468445
0.035012277647402, -0.22161929518367, -0.42722025588292, -0.1249172096819, -0.16574754624024, 0.3316368807932
-0.025653601231011004, -0.23326570534165, -0.57589549446827, -0.1359414306115, -0.18651214945333, 0.3166745048578
-0.011381837996948, -0.22301638619466, -0.45634886825308, -0.1466663936146, -0.29779465272127, 0.30061239664608
0.052455716667008004, -0.22474375092761, -0.65015555372409, -0.17557741718986, -0.28521308166389, 0.32554933463222
0.056506936193226005, -0.21959772717045, -0.73569368287568, -0.13412387535813, -0.23048443708476, 0.3193364676882
-0.052617386946013006, -0.2014257869797, -0.47345210256565, -0.08639028960915901, -0.31085811652496, 0.31904419186966
-0.3426230658534, -0.13087971869483, -0.06306407599546801, 0.03626108024986, -0.83139233543718, 0.23913113674738
-0.57409884721811, -0.080104441881965, 0.43071334101675, 0.14474314060336, -1.1284774232952592, 0.11873309888563
-0.46267052818262, -0.16047860587728, 0.78142592955511, 0.056218925625176004, -0.8961019821051, 0.13541969081414
-0.38220368328372, -0.13602963480154, 0.9176153236090699, 0.04768723821293901, -0.84897780522482, 0.20209514011333
-0.21107448364783, -0.09747988322952501, 0.88922750491887, 0.07329608398821601, -0.90886200675143, 0.33420536432341
-0.13789676675211, -0.13346677608871, 0.87876403514094, 0.0093658188485771, -0.86843378705284, 0.31629245232357
0.026618129947713003, -0.11171426015903, 0.7273570070871, 0.010482214107581002, -0.7186536530147, 0.38564519552104
0.07255863118835, -0.10983149322383, 0.51069487905336, 0.029255894359081002, -0.54021558432241, 0.36849839491147
0.088326923625128, -0.08970909761720701, 0.3204389769311, 0.04003720359927, -0.40882912642814, 0.37179412701047
0.13907647577128, -0.090765622508018, 0.2704879147463, 0.018025334884624003, -0.4104656723985, 0.3812562376497
0.09127566024656501, -0.09627785516123401, 0.15608258243768, 0.032579500311966006, -0.39339987668625, 0.37638673704272
0.091217516404286, -0.098139347264345, 0.10987607131163, 0.036176466415054, -0.37528116823852997, 0.36261374724534
0.11611310268797, -0.099224340057629, 0.06939838139571601, 0.038810496772965004, -0.36226712765192, 0.36038340366888
0.13528701527306, -0.10467840862284, 0.012649510921903001, 0.026348094801667003, -0.4343088722932, 0.37688605552279
0.17461489626996, -0.10692047408944, -0.17087162370253, -0.0016248901203797, -0.60488982077572, 0.37004036090237
0.064642177573503, -0.089030008800159, -0.23258915666377, 0.057882225166679006, -0.52939322521371, 0.36940881384202
0.061010091731063004, -0.08207486706234801, -0.47121760577778, 0.097130587904091, -0.5294733534178, 0.35188668117013
0.049968478934464, -0.06489314824727001, -0.59319648295253, 0.097603183482804, -0.44270873078318, 0.36852849288189
0.017318391359094, -0.080939927588956, -0.5294040350786, 0.091664132306289, -0.38341214487949, 0.36830066636742
0.031868466670519, -0.10115642733538, -0.47719158395507, 0.079381172739309, -0.40912373224062, 0.35915650019644
0.035406325484675004, -0.09201213492459001, -0.45807611502483, 0.08792046682404901, -0.45406322833848, 0.35976617512873
0.06798579049191601, -0.080940309648781, -0.48424622462804, 0.10233176725776, -0.50117589848221, 0.36408543777613
0.040668652011987, -0.07889145826983701, -0.47074971238205, 0.10984135813274, -0.5185695109516, 0.36714795795599
0.040924816641122005, -0.07700843719073501, -0.42595152406139, 0.1053060746189, -0.48683787708659, 0.36844231948109
0.037184880926136005, -0.079394966230152, -0.37972020757476, 0.092281841786454, -0.45565392982966, 0.36633590188695
0.043683113044880005, -0.084783189223035, -0.35759175687026, 0.080793023551449, -0.48058253695275, 0.37929387839076
0.050541744828762, -0.08325342955835201, -0.35430641431529, 0.08480438588354201, -0.4790496684843, 0.3787505375891
0.029096162077101, -0.081149280850508, -0.36001063987492, 0.08589774396924901, -0.4596439348734, 0.38936941221185
0.035909277738495005, -0.087140027702827, -0.34706531450876, 0.08062271498802401, -0.39998541025472, 0.37905806111913
0.030593388829039003, -0.090231237677903, -0.35558998597452, 0.07317926659482, -0.39150697775537, 0.37141917317406997
0.06553646794279301, -0.09255958927452701, -0.37141407109641, 0.071737546813967, -0.41060287767541, 0.37062570684086
0.087707887236649, -0.09810450143372401, -0.366605964919, 0.05755395053210201, -0.45825236703992, 0.37153802240758
0.09839724553590001, -0.09398081794406801, -0.35212027567621, 0.040846651251977006, -0.45533364216652, 0.38316312527312
0.085169480409199, -0.10121640057112, -0.30564730825834, 0.041126761225842, -0.41551952468988, 0.37759789896668
0.087788514641031, -0.09911791632964301, -0.26193589320149, 0.018678261376172, -0.40404057880352, 0.35585987678976
0.09137121302090101, -0.10575498571826, -0.2160364796271, -2.46850424277e-05, -0.36889383277947, 0.34255868659984
0.05519255166781, -0.10616747835952, -0.13926554319379, 0.0065031559509755, -0.30175995873875, 0.35194783210383
0.06789881418268601, -0.10847450925198, -0.16025625481366, 0.0097130777363697, -0.23738053465525, 0.37164116377553
0.081714184222496, -0.11148731306189, -0.20721864232938, 0.013498262386704001, -0.25368558736207, 0.38756017678886
0.047916978734166005, -0.10824302235552, -0.34686057161345, 0.0039769629729173, -0.21301918864134, 0.37442740070693
0.059069872593978, -0.1133916972982, -0.37578971329289, 0.013704859757210001, -0.205385819043, 0.36324018521547
0.06509648048494701, -0.12291865760058, -0.42191694323074, 0.0047480406208769, -0.17600015652686, 0.33869719941561
0.088895034786654, -0.13146597741076, -0.48605443421428, -0.017495445986208003, -0.2200134238275, 0.32129497861008
0.14635777241311, -0.13448555679376, -0.56460084614744, -0.023998604061400003, -0.27799753351705, 0.31409274131433
0.13724273017761, -0.1347457289959, -0.60636259536102, -0.027364843741222004, -0.30671712153442, 0.30735059248376
0.13243719654977, -0.13344075671179, -0.67288869170635, -0.022378085394290002, -0.33588634160098, 0.31128523157999
0.038672505725606, -0.13490373168895, -0.67089340076979, -0.0060767871792907, -0.24955160111039, 0.30485743149198
0.07639789438799101, -0.15378511753055, -0.45725112115829, -0.023140858564571, -0.26546297529555, 0.31182034952452
0.036678617675273, -0.12770603447713, -0.31698347834106, -0.0079498801967964, -0.27117343766607, 0.3360521172865
0.31268454077699, -0.99833495063691, -1.236714719035436, -2.3590837319851126, -1.7302396434114546, 2.579967257826239
0.264412299249, -0.97323566275631, -1.188610196082528, -1.7495833431406957, -2.301578286622424, 2.8331335506480153
-0.015570839050395002, -0.38981196890174, -0.43606170896532, -0.16030853926587, -0.71359138230629, 0.79418496786937
0.016540299132331, -0.27758183150262, -0.20797478967951, 0.040071440610126005, -0.59235487288302, 0.52386024931969
-0.0038147457788388, -0.7590990718932, -0.88157878056389, -1.508173328733099, -0.93207373420344, 1.2259389276171826
-0.14091178281632, -0.90561475376341, -0.8319508753284, -1.651220966466389, -1.222071309264011, 1.7341864814897632
0.046458254263838004, -0.2862964148951, -0.58842513187383, 0.027015301275508004, -0.65071936652145, 0.58105287060763
0.037768912318229, -0.13895550928315, -0.36421714420058, 0.37983514649047, -0.55595939008269, 0.29827738244741
-0.0024707560724005, -0.47422062922273, -0.59535992074343, -0.78072473904265, -0.64576378755802, 0.67348990855148
-0.18110644736478, -0.85803162046637, -0.77671835212571, -1.7191517542063022, -1.058670771853331, 1.5348531658464868
0.017163222831036003, -0.47229408814577, -0.48405371325004, -0.50507092242074, -0.52038804540663, 0.64006678023092
0.066333099429298, -0.3111270592562, -0.25956255144936, -0.1033860049894, -0.31693936686057, 0.35825856330334
0.053056765605838004, -0.08968455341770801, -0.39726083675143997, 0.43583123958505, -0.36117038062701, -0.0039570239864306
-0.017934129468763, 0.06861180591700801, -0.48577062843043, 0.67858025298235, -0.13134371575728, -0.09740619395686101
-0.0038646936779689997, -0.24330583120812, -0.46025593015729, -0.38750831442154, -0.19682033364903, 0.54109613025529
-0.053049722404263006, -0.28121344585615, -0.77645607524619, -0.35166388425634, -0.34498265222166, 1.2116084444496462
0.042866519179746, -0.0054454179091121, -0.8446050213429, 0.50903809905954, -0.29002489390178, 0.83028964301113
-0.040588215042759, -0.017443163031361, -0.65676723837398, 0.34000017473202, -0.25139115047557997, 0.66363910126475
-0.016112812416281, -0.18518496744801, -0.68250905865509, -0.31457102056861, -0.43860754295803, 1.01466505020192
-0.013437025283330002, -0.18789173408535, -0.86520086705104, -0.15332189239553, -0.40598650721039, 0.98152286151145
0.056114243137406004, -0.073412842506673, -0.89380742415681, 0.28511606829916, -0.34751270872001, 0.67614189576973
0.028417484718568004, -0.05681512822823501, -0.79012139726728, 0.32999770085805, -0.29431491169166, 0.59223667457998
0.026882348449445002, -0.16393174218317, -0.72088420433901, 0.043312305916643, -0.28246714960154, 0.72913035672506
-0.036253510750821005, -0.23812353893112, -0.62603485814542, -0.09423180759677101, -0.27838629115928, 0.79421718682632
0.034399545009435005, -0.22120846263183, -0.53071122036777, 0.011503627178576, -0.27902285582384, 0.65968063677139
0.026365846113069, -0.17943393779255, -0.51038933869511, 0.15987854189444, -0.2940241406774, 0.5210236959276
0.046891579972249006, -0.16718946846534, -0.42027306037934, 0.22553598398131, -0.33046147751401, 0.34589409567246
0.075598031694009, -0.14936814445544, -0.26405576572802, 0.15133934398107, -0.2559307052987, 0.42085308351015
0.10309870007232, -0.17277023542891, -0.1750430616174, 0.05876927531520901, -0.15935776143455, 0.47018412651362
0.09791969964272101, -0.17732188651055, -0.16535918403957, 0.017568437142274, -0.1406479864866, 0.50159579111406
0.1259766991315, -0.19199243313837, -0.17292856895149, 0.027516668070398, -0.16366285017593, 0.43390184229321
0.09338912269615701, -0.2128653086828, -0.1932046084494, -0.019064010983038, -0.19202419841997, 0.43702231501359
0.1031661004352, -0.20933342628252, -0.21180790831307, 0.0026705236589529, -0.17485875761638, 0.44889355312307
0.09702856228671401, -0.19306102388064, -0.27909465438072, -0.01508174161185, -0.1828791123956, 0.47143492555635
0.076365920292933, -0.19894431111855, -0.28340963068957, -0.01975548354086, -0.12661646940877, 0.45412191710494
0.029407884922821002, -0.14936263158833, -0.31028881371945, 0.22006800558336, -0.24834235151595, 0.033554896432289004
0.020887523125725, -0.1051390050767, -0.25333842028325, 0.25988659684345, -0.17988670578945, 0.10311936561139
0.039252732074751, -0.11750382321681, -0.27487434858491, 0.14052526074521, -0.14932423870714, 0.3480136901458
0.027680108878170004, -0.17120685501503, -0.30208804069786, 0.06451794729217701, -0.14308916365816, 0.4414466346662
0.08763108611405801, -0.13788305710263, -0.49213896305811, 0.25147443049432, -0.25738240994544, 0.29836204120588
0.038050351492656, -0.072235812362742, -0.63258163179844, 0.4029453087737, -0.24245601172559, 0.2068335652038
0.045510329611137004, -0.07600968621128701, -0.76971493291279, 0.31519851849233, -0.15736658430088, 0.34510783149322
0.065182357891002, -0.18624663537011, -0.8359674543791, -0.1488802479536, -0.22917404883388, 0.6946782912754
-0.028715542768059002, -0.38455352230119, -0.75329755957437, -0.66206488663885, -0.63719237684368, 1.3598294704148435
0.045795515360177, -0.30655633477266, -0.89051659722472, -0.28715577519897, -0.33121972152621, 0.69848608450512
0.039152349076284, -0.25402091835782, -0.9194900905992, -0.10968359939997, -0.21448004156967, 0.50686816157736
0.09190415796512401, -0.22830245914058, -1.0008650251949636, -0.008506819655361899, -0.19917738598797, 0.43647500533208
0.096929664702929, -0.25695838762518, -1.023803918718283, -0.013993366212607002, -0.16592079171971, 0.41447878531914
0.095947892146682, -0.28917568566453, -0.91129917213291, 0.019681124709130002, -0.15107878407098, 0.366055108608
0.07968623168131901, -0.27383251054071, -0.84755550400385, 0.07075537253779801, -0.11061434097129, 0.22616603557838
0.06980188535883501, -0.25696507956699, -0.71694348988247, 0.1032873044479, -0.15677106291942, 0.28361721370982
-0.03897249671615, -0.30287469176204, -0.48531963086745, -0.2742669389123, -0.37674058712407, 0.94138460001998
-0.040226223211237006, -0.33186161953202, -0.58016710128311, -0.1625564788867, -0.39897311314119, 0.72972817753564
-0.0070466900307397, -0.31951054228354, -0.50968907512865, -0.09193947601474901, -0.34409016494469, 0.55646723826723
0.039569465291896005, -0.28359703021065, -0.49637308975898, 0.060721772333840004, -0.33722372796409, 0.2706289191326
0.034265726160216003, -0.26322066490038, -0.48531668281795, 0.1046364129854, -0.33219674031054, 0.31527929431776
0.081324103502874, -0.25921062679142, -0.53547641475497, 0.10088876509292, -0.32383049167947, 0.38683684380971
0.015375530500460002, -0.26668319270017, -0.50108070827156, 0.040909090014450006, -0.29742708210069, 0.42835850443466
0.029244023344667, -0.25928975717616, -0.52973137468357, 0.1614597118573, -0.26616509523251, 0.2130624516495
0.039599860952117004, -0.25969430072492, -0.75985600447002, 0.19081519670991, -0.23183818815216, 0.040811467553454
0.040352727381597, -0.238262622759, -0.65994547835876, 0.19857382424837, -0.23620856948895, 0.069580367398323
-0.015736241428381002, -0.26084227345505, -0.75392030004926, -0.10971220142662, -0.17728739354028, 0.43056076945991
-0.071209731651139, -0.26466159502253, -0.70175929506429, -0.17491498310274, -0.07353100871794001, 0.51683353359251
-0.008059519794915199, -0.2641326391637, -0.60601402136551, -0.086793094078373, -0.19080506416993, 0.42802860561862
0.031203517452768004, -0.05383421435579801, -0.93071386539308, 0.46177844779031, -0.30919532502977, -0.12508749242718
-0.055185254761597004, -0.053856424311138004, -0.98927358782261, 0.24683666078729, -0.26449880798072, 0.19530214968645
0.020969197915302003, -0.14156655488041, -1.0414768933097516, -0.058613668173019, -0.16026603675787, 0.40563743327509
-0.0099296035807534, -0.18905100599862, -1.0638081822406704, -0.25505692957564, -0.11848788260609, 0.51458897150816
0.05873069705025401, -0.23079606997235, -1.0995809044627545, -0.32751382759451, -0.18127616167779, 0.46817454971942
0.06123466264790801, -0.22831097583192, -1.1290690525370286, -0.22734638181197, -0.21487955231865, 0.10083884730291
0.021761952729246, -0.1683540260534, -1.0818635054397359, -0.12466162355393, -0.34364713835132, 0.08609231256862601
0.012335087740430002, -0.17020706358976, -1.0074656618606, -0.24721383100379, -0.43267840392044, 0.46234726699472
0.013173168159091002, -0.22176567465834, -1.0062577621427196, -0.42032625720425, -0.52283544821471, 0.79900462913756
0.07647567559792001, -0.25774661386883, -1.0809682243924936, -0.3364512530659, -0.39016227014868, 0.66171665786484
0.10282736753035, -0.2157414305592, -1.0086330194692654, -0.15670727060127, -0.27600481945178, 0.44165351440322
0.10455120410646, -0.19265364092059, -0.97375622558961, -0.030845168140871, -0.28716810634509, 0.2591528700207
0.07091949230328501, -0.21001745438777, -0.78563986576169, -0.13738856814551, -0.31593178748207, 0.39597646202912
0.0084581060206574, -0.24283982344155, -0.67852287957983, -0.2925989674131, -0.39583842161015, 0.68575967691797
0.0046375480030747, -0.26384747129941, -0.68878998686139, -0.37067962246826, -0.45314148202789, 0.78514072966341
0.07498148423329401, -0.26155249602274, -0.73959603562865, -0.24839234124929, -0.40217938614797, 0.57847734563831
0.07310542182532401, -0.20513146381206, -0.79600217643947, -0.021180513229182, -0.3533040139332, 0.2667350185861
-0.017500503132292, -0.21507014109969, -0.69273819695732, -0.1494475750175, -0.315149498284, 0.36570892209587
-0.08358029258235801, -0.25447028835453, -0.69445322589755, -0.34903734793538, -0.3317261192273, 0.64594915219661
-0.09892614615631401, -0.32856000767059, -0.66417060227377, -0.51920071563513, -0.40466085991656, 0.8665360340425
-0.10807529809609, -0.36847191194808, -0.6026837944949, -0.14342101304058, -0.47565548609719, 0.28831541905717
-0.070827068308525, -0.35188176356871, -0.29159303125091, -0.08816236850193701, -0.28747164519879, 0.25513283175353
0.043003993199795004, -0.30943952931335, -0.19494849154857, -0.13254193133239, -0.21434906411485, 0.34605942907165
0.031383925150977, -0.28897566970176, -0.2009441659347, -0.26796097619784, -0.26907394433933, 0.53518462864805
0.02710789859146, -0.28849326671864, -0.09473008522215501, -0.21910980879735, -0.33193472882096, 0.29496750336037
0.019103684865148, -0.28828458518808, -0.029431002079279, -0.12454482853899, -0.2927085941557, 0.14102870781561
0.07149340799624501, -0.26680975440067, -0.029674401123490003, -0.11077679051457, -0.22124820068479, 0.19644501935293
0.089814845040508, -0.27303932442214, -0.17144912987241, -0.18309433300164, -0.16194134161266, 0.322310673911
0.06529144418247701, -0.2773736041848, -0.41200331387466, -0.24132955956631, -0.13755497509797, 0.43347889882063
0.092887407977239, -0.27379560687302, -0.50816228756623, -0.19197429405576, -0.11429558924824999, 0.41238322798021
0.10484943365294, -0.23181947068638, -0.62096671629523, -0.094496126604517, -0.15636554055302, 0.28367893444334
0.03789608656532, -0.21474576382369, -0.74780451249851, -0.07236914005594601, -0.13118658486652, 0.2836498786232
0.08005471670661, -0.24918129511016, -0.79536996984056, -0.13607915297339, -0.12392495755197, 0.36097730196718
0.07402440154185201, -0.2349429114142, -0.8100885394246, -0.14917968518931, -0.12534466174442, 0.35823365846585997
0.12963504690325, -0.19887132206687, -0.85721572850528, 0.023637324893751, -0.19318245437592, 0.22269926901409
0.011433520942818002, -0.18576474442449, -0.77093584527846, 0.056139197388290006, -0.14512042018568, 0.2118621383671
0.036834021773757004, -0.21085639833598, -0.63165342253093, 0.01782907552169, -0.18131099801066, 0.2351512428284
0.044267714116791, -0.18167526265071, -0.52239410263242, -0.0005018645637788, -0.20254905227755, 0.34722213281607
0.039810748748839005, -0.21474869385298, -0.47303551899681, -0.024754516380678, -0.14511320488977, 0.3567371336255
0.076163705630616, -0.22327203450125, -0.54639434784816, -0.051398740209074006, -0.20883142175558, 0.27494444348301
0.014066314256481001, -0.22880551940239, -0.61559044429089, -0.066987260540755, -0.152364843779, 0.29419797916339
0.012815958159923, -0.22005600423492, -0.46569433891203, -0.044931870466085, -0.09030110064897101, 0.30854736394617
-0.0029981408425816, -0.21027076387919, -0.3706777109892, -0.049128485560866006, -0.1040334016359, 0.3485229607757
0.0089081921632234, -0.22165804734801, -0.31154928080988, -0.063670750850745, -0.08609660615212501, 0.36818094495182
0.031016588667533002, -0.22829674455294, -0.25774884140301, -0.092242845892197, -0.099099698028229, 0.35455212355981
0.043854445796191, -0.22551120917587, -0.20761044254872, -0.09805445260983801, -0.125747992792, 0.36142107685239
0.036666515548964, -0.24489488515146, -0.16175851875735, -0.1106087882187, -0.10748250610401, 0.34751382003591
0.052567126161254, -0.2576958296065, -0.095763380363288, -0.13933619900522, -0.09854572077399501, 0.36369171044651
0.05563049624710201, -0.26177152211854, -0.10188637272577, -0.1660704765055, -0.09782154771727601, 0.38365499623969
0.042461760676932005, -0.27421929718742, -0.09642147064992801, -0.16248944534249, -0.04587223909336301, 0.38306669656078
0.047956679779538006, -0.27031192057526, -0.09263545680458601, -0.16442967234351, -0.040241319115433, 0.38520407167185
0.0091536438470277, -0.25368475961259, -0.17834250249321, -0.14076788227876, -0.018023142397535, 0.39130856036642
0.048094476961532004, -0.24348980938904, -0.16379456643132, -0.12643469136994, 0.022210252875743002, 0.39567100212054
0.048263681692082006, -0.24386123764217, -0.12570884871577, -0.12067233902031, 0.021784379759297003, 0.4012575934422
0.020496709434835003, -0.23801311001624, -0.19850185008038, -0.11627025442556, 0.065197467575933, 0.3972485303353
-0.0072715429450488, -0.23753429627219, -0.22979559438214, -0.10269313160408, 0.13726507662082, 0.37502910585952
-0.015947294161099003, -0.23850890568673, -0.34087103007149, -0.09837405880103801, 0.21041232480674, 0.37156235110095
0.077699810601265, -0.23990061186786, -0.76671703999761, -0.10748106638682, 0.23662895706266, 0.35705210532712
0.16683172926123999, -0.25555728034343, -0.98937699701781, -0.1337336958711, 0.088237173053289, 0.33024900705479
0.14445846369944, -0.25357176217482, -0.73130240550001, -0.1270291118971, 0.075729747646229, 0.34205802090636
0.07781100746479501, -0.25665772948471, -0.477732298641, -0.12495003116773, 0.07550600880685701, 0.34838363050364
0.06388200031883101, -0.25259539206243, -0.43843101192755, -0.12257489592017, 0.083007443476504, 0.35331799372331
0.10999221158691, -0.25794789111659, -0.51596526471876, -0.14324914979522, 0.016636234884661, 0.348599938949
0.11411513741934, -0.25163362570274, -0.54364481001737, -0.11547455980318, 0.0092490669617605, 0.34759269254657
0.068409851231335, -0.25483559338657, -0.57682022813732, -0.1158591549158, 0.043570083420067005, 0.35378281017759
0.09202924845198, -0.24434250006642, -0.59090806600656, -0.13227680732371, 0.01482962793367, 0.36076920193648
0.10051850868896, -0.24655271817288, -0.58775910293579, -0.1400381986717, 0.043094664791834006, 0.35224847891074
0.086621843584593, -0.23457737889602, -0.58718477171098, -0.11785361440451, 0.085842106999392, 0.35570265551725
0.0922616973804, -0.24081060315957, -0.57169136380207, -0.13315759208385, 0.07877980279428701, 0.3418433053984
0.071548967010763, -0.2371133240922, -0.50932426187146, -0.12383717030611, 0.053485573879625006, 0.35925700157599
0.037929677737669004, -0.24090695307394, -0.50266585500908, -0.13397504486263, 0.032751814495981, 0.35911835064935
0.025921088646569, -0.23095402029795, -0.44547159614018, -0.12294775736501, 0.033571705282826006, 0.3727480493664
0.035764826300236, -0.23605725837238, -0.39460146411899, -0.13397568515563, 0.059068566409625003, 0.36372596164904
0.070386096167941, -0.23131038014125, -0.41072169987261997, -0.12662375176678, 0.060654808362598005, 0.35251755774679
0.034886213874725, -0.25318807260049, -0.56284823847841, -0.11789078380487, 0.07632402536978401, 0.33646685644205
0.10090555407148, -0.25071387009332, -0.59281603643316, -0.17462417090979, 0.050571240221262005, 0.40127461494498
-0.035670038265429, -0.26438704717108, -0.44703033294705, -0.35690978695594, -0.015750144677923, 0.73995020959896
0.0002279940121977, -0.24470520074068, -0.74268911419045, -0.21649953289686, -0.043119809584325, 0.56590013681295
0.033118508361633, -0.23359911505734, -0.82274800161264, -0.11418539794774, -0.01804031069156, 0.35658579103494
0.056842248525906004, -0.20681849907976, -0.99247914151686, -0.052941346188061005, 0.054551565932319, 0.32882486677685
0.029634266840877003, -0.2504941263116, -1.0509965201468776, -0.17244819625815, 0.10730462051727, 0.40477004985198
0.079985095622948, -0.18385287208098, -1.133631106560529, 0.068831598310856, -0.021150516357435003, 0.38087912033709
0.08306270872037501, 0.017651357231975, -1.2914318924847277, 0.51276830102641, -0.16986820052852, 0.2599170654833
-0.016170780682581, 0.066853139893425, -1.1670462610216845, 0.59906244374528, -0.21326904312247, -0.0018117767113109999
-0.063798416107978, 0.032876881477877005, -0.96796467621144, 0.48285833165852, -0.080701723637465, 0.14428904314323
-0.038619855288139, -0.08467855128597601, -0.74898555734761, 0.16846475124656, -0.046851578626874, 0.45637330693716
-0.12066418352517, -0.11266666753619, -0.51418003656899, -0.10744524999883, -0.14043218702637, 0.78613611354993
-0.1551251695475, -0.11460524843803, -0.32539483022997, -0.038375847861675, -0.27470663415516, 0.8945426181317
-0.056943990722946, 0.081711699499874, -0.71547714604113, 0.64006037577466, -0.35017646406898, 0.46500215021906
-0.08016311857031701, 0.10295135050526, -0.76563380064264, 0.58483913550454, -0.24374861282756, 0.51609165339751
-0.040979750910503, -0.024098116962149002, -0.71851727056765, 0.08980411801031801, -0.17993627318164, 0.85477004855134
-0.077797358841785, -0.25070156354813, -0.70398466258807, -0.61441783759373, -1.1098715883389154, 2.216763501270276
-0.010393256615397, -0.039360269919947004, -0.9449373523663, 0.34993114179828, -0.81714494343925, 0.93281956266528
-0.053697031666557, -0.025027980113249002, -0.66997566500752, 0.30826281940005, -0.4746884058952, 0.7243520077514
0.011519029768210001, -0.18882819905849, -0.64678066646776, -0.32514530981556, -0.45771714293563, 1.0706952706724566
-0.19301534969769, -0.48232071007774, -0.66775668120443, -1.0610816434951993, -0.72260341109245, 1.7012021414924279
0.077081144945189, -0.27466032468103, -0.68977545328616, -0.20065824633636, -0.29998266913909, 0.74187009847505
0.12410432044001, -0.19504374548829, -0.70262929522619, 0.041982394578994005, -0.14412769989939, 0.55826368769444
0.12261715278651, -0.16063259248882, -0.86239755286048, 0.08662403705170901, -0.08287570311697101, 0.57134525857292
0.037480103286282006, -0.50815802587474, -1.0758980550553283, -0.91405551256928, -0.26315957208174, 1.0231407315522247
0.0019876964498769, -0.45752332310231, -1.2298962689230986, -0.50203292939143, -0.36753770134374, 0.85388782261051
0.09433098617275301, -0.16116728808722, -1.240299281005892, 0.19694985379934, -0.15663890894095, 0.49158366828105
0.036048710006287, -0.08684224621921001, -1.401078053785987, 0.37538004789995, -0.09234361737918201, 0.37066205417529
0.023943744469111003, -0.07571295729288201, -1.5261192083331685, 0.37275762975342, 0.20932615860303, 0.39116657093375
0.039474931513646005, -0.24384317638593, -1.6271387728990407, 0.15398079412347, 0.57865085656676, 0.19442781302539
0.17418978810258, -0.37872609861038, -1.5377913601105648, 0.050709458165229, 0.96418415390683, -0.20783076306166
0.29321792888543, -0.41674770722418, -1.207579874639413, -0.02113920455847, 1.0538426144549111, -0.36932356602678
0.37765221415679, -0.40019105645175, -0.86868764757445, -0.04990437271770701, 1.0212611640245919, -0.33781825418676
0.18840360413727, -0.34462523543726, -0.64772838167219, -0.0664596198247, 0.97347958851326, -0.1741685333303
0.05795001620502001, -0.28897183582751, -0.55237402902804, -0.06743196234843, 0.90185832819624, -0.015464313830957001
-0.072681884850746, -0.25258553336567, -0.48530301861706, -0.059342381207420004, 0.6631357315768, 0.10268353088837
-0.17431114912012, -0.21854625366829, -0.30391717566035, -0.021216692978381, 0.36404194199577, 0.22997461721065
-0.082127138859098, -0.20474023828393, -0.29430815612411, -0.037960169226505004, 0.37323462016475, 0.28395335184353
-0.025761163834921, -0.21347845966417, -0.32173154124491, -0.053523283871983005, 0.32644033466333, 0.30402722363949
-0.0014253048051052, -0.21512932327989, -0.34548306054735, -0.063917931515424, 0.30777805040882, 0.29937391512973
0.010682772718772, -0.208761281561, -0.33407192838586, -0.061962428729714004, 0.31457617693055, 0.28820726004871
-0.014850747013271002, -0.19420528030599, -0.34479379713922, -0.040379137806648, 0.25384994044668, 0.29548827908989
0.0065384262396848995, -0.19273413440176, -0.28708072770587, -0.027371280867505003, 0.24762118773017, 0.29358417114023
-0.0068170996735424, -0.19152320933878, -0.23041888832336, -0.042042665885834, 0.26783802854118, 0.32258077981392
0.036266028642499004, -0.19691429090906, -0.31532160054, -0.05007463385020101, 0.18486351124522, 0.32464859595962
0.040471931995508005, -0.19458017454343, -0.3636958722719, -0.038846994884692, 0.17127341785081, 0.33785719549995
0.096794801198298, -0.19419459396501, -0.35448855760654, -0.029630180313509002, 0.20615023789975, 0.33866653790601
0.092720288061617, -0.18625379539687, -0.34310904707661, -0.026530704624447003, 0.20944495156737, 0.3421870772115
0.1064240640935, -0.18797877737186, -0.33395123351422, -0.024131207574285003, 0.18903938343942, 0.3327457228349
0.11566464635473, -0.18664202829184, -0.37074698942094, -0.033367909546229, 0.19133290314115, 0.32868209468346
0.09387500848395801, -0.19603235026838, -0.40772202074966, -0.048465498404463, 0.21401317788758, 0.33745531151346
0.07844953694129901, -0.20123702395064, -0.491126270737, -0.076850841883891, 0.18546535668112, 0.34120289171997
0.06100321813160701, -0.20827874012114, -0.50887870498392, -0.07123771678472901, 0.2155488079764, 0.33824161015282
0.050413897959747, -0.21131757079385, -0.52175681674576, -0.07399918960766201, 0.28476033645876, 0.32807808440997
0.067631605705401, -0.2052987428134, -0.56499483878968, -0.075303369518136, 0.30357349364648, 0.32645288626955
0.09076262676364101, -0.2007070567696, -0.68604965264946, -0.079582193737458, 0.27947588445099, 0.32549825486305
0.10393427176268, -0.20079237846897, -0.78819016397172, -0.064718784768982, 0.27058915749745, 0.32464354130904
0.11058841817965, -0.21789235709887, -0.8119662303434, -0.1116021036449, 0.20483752045947, 0.31430693887921
0.10885610660237, -0.22032516452407, -0.80504841761432, -0.092792674570666, 0.17466732017736, 0.33665696882871
0.06919192743711801, -0.20528298123265, -0.6549635668152, -0.06923183135614401, 0.18802799493587, 0.35430918609422
0.056417283825598005, -0.19195781812058, -0.53023980376209, -0.068054506188453, 0.21732315810397, 0.34762687275198
0.04884645778845301, -0.19012155357496, -0.41789210254149, -0.07860055884550901, 0.20226783169019, 0.34789448845512
0.046108944905699, -0.21639454817152, -0.34830274873207, -0.10363263387438, 0.20683780023739, 0.34536791654809
0.040204090670203, -0.24115776413199, -0.26742324112092, -0.13696467851158, 0.21605337459133, 0.35634675574379
0.07359701436363901, -0.25494088337109, -0.34095810174913, -0.16612835366525, 0.17985319454685, 0.3503971143262
0.068198529777781, -0.25845497502066, -0.36697320127513, -0.17995285498317, 0.17634110749346, 0.34861491028666
0.08521762509345501, -0.25392147732773, -0.3685701973755, -0.18171520402198, 0.18731307812799, 0.33803773602748
0.04985469445684, -0.23975640846324, -0.38709969971212, -0.15808139417539, 0.19353801061358, 0.34553707554306
0.036806614590994005, -0.23865816046626, -0.40930853989737, -0.15328252234516, 0.21651453972178, 0.35069632505181
0.062210246007732006, -0.23780429029692, -0.29632154961546, -0.1601852389551, 0.2036112187153, 0.35965006371406
0.038552358949654, -0.24285477434046, -0.35064677789724, -0.16569984630601, 0.1901222149106, 0.35907056786634
0.044229969497194, -0.24126362188401, -0.37083843772351, -0.16494533698906, 0.18603930236566, 0.35356375398699
0.046130057789879005, -0.23897585569098, -0.34876105870384, -0.15965433503999, 0.2148215580597, 0.35061641493189
0.048485341780569007, -0.23434737823099, -0.31383085609332, -0.15818906313668, 0.20215507016691, 0.34606392995499
0.048654596133833, -0.23132546705902, -0.31445909383367, -0.14676985975027, 0.21659998227975, 0.34854612165447
0.02879068092004, -0.22714250282347, -0.30317114945179, -0.14693969749296, 0.22922988579005, 0.35486901086742
0.040142702495474004, -0.2347739342682, -0.32697534129205, -0.14419958954415, 0.22484384584597, 0.35629334762515
0.038193920538843004, -0.23240814797699, -0.38067287282979, -0.15182558469421, 0.22052505804047, 0.36214616092181
0.032368515398950005, -0.24183744975642, -0.39507916458927, -0.16148173731881, 0.28430889105612, 0.34342740750651
0.011102456887072001, -0.23533936064131, -0.41042946838774, -0.15289037856822, 0.32406195939893, 0.34814489864153
0.010567220136384, -0.2330660999138, -0.49741042539699, -0.1538051040249, 0.34146070590102, 0.34226454710061
0.037889373276001004, -0.23303245240497, -0.57533278596354, -0.15504663585313, 0.34227583662926, 0.33862593238123
0.08452212201675201, -0.24493709103502, -0.66082753159204, -0.16519138090103, 0.26777098353137, 0.34716679795952
0.10496091633465, -0.25385207294895, -0.73111998758552, -0.1710101792084, 0.21075792583021, 0.32838210901073
0.06769675254609, -0.25913448983906, -0.82272133710314, -0.17206071686341, 0.23187245608856, 0.32200516868358
0.09264198693424501, -0.25410882143869, -0.70557704773539, -0.17501650041969, 0.25271275592022, 0.33492060823222
0.052539944326042004, -0.23766079043642, -0.5371064604173, -0.16032317991937, 0.2310283909151, 0.3502494616428
0.0023613503580157, -0.23646563388415, -0.42398331064094, -0.14900481036279, 0.26270592318326, 0.3576057984678
0.02357086958582, -0.23950425984792, -0.32243790640113, -0.15174299096026, 0.25208122951477, 0.37671215200355
0.036098937441730004, -0.24730509204212, -0.37311399904146, -0.17271338391472, 0.18702779027271, 0.379824994501
0.06452772078395701, -0.2567215935364, -0.36185655483191, -0.19225450301764, 0.18550668115334, 0.36139709270771
0.10780909799954, -0.25998410020663, -0.36814436455508, -0.20751894606146, 0.16415392880768, 0.36125258100992
0.09159127244172201, -0.25500255030806, -0.37686712836302, -0.19940731308772, 0.16525065932515, 0.36788886429855
0.050267668864464, -0.26217225846501, -0.27500251969995, -0.19945879570965, 0.17779726628209, 0.37345649572735
0.063521156428781, -0.26690588406791, -0.35445830556316, -0.21309085098174, 0.15588347379108, 0.37409331462072
0.05785172012130901, -0.2668042031107, -0.38597172564964, -0.21041252967755, 0.1475436359489, 0.36958753470098
0.08300010578009101, -0.26347490833154, -0.38841319158354, -0.21958930348418, 0.19670032804947, 0.37434848928533
0.063543857159125, -0.2576336977815, -0.37007799524653, -0.20960497917363, 0.20183516598613999, 0.36944311012485
0.05840519022013901, -0.25650375175203, -0.39890302201371, -0.21180218980427, 0.22857427372628, 0.35255275859468
0.011325379182889, -0.24813723812847, -0.34019678601495, -0.2022243553849, 0.23439371873372, 0.37300982291689
0.038169036889686, -0.25748522239555, -0.29171192746098, -0.21168653910522, 0.2124682098579, 0.37623167237171
0.055547681575081005, -0.26119114121524, -0.36411631874347, -0.22016818286322, 0.19378517760046, 0.366346649003
0.04985743102497701, -0.2538949381608, -0.41726875868427, -0.2144740574978, 0.25975464683376, 0.36477478644684
0.037269359592914005, -0.25291040245503, -0.39953190077884, -0.21357451321682, 0.30812773905288, 0.37072500340627
0.057007210807579006, -0.25703202993906, -0.4442339346967, -0.20550831958835, 0.27062453435352, 0.35463879117154
0.070529963125328, -0.25326280022347, -0.48485776753106, -0.20919306264265, 0.24422809225207, 0.35466447139157
0.058661691191713, -0.25744521699336, -0.61244821379599, -0.21068129319447, 0.25316649830032, 0.35803440703429
0.08652760100121501, -0.25762865391381, -0.58540711777489, -0.20903418458818, 0.25245309467029, 0.35870843433285
0.06926604738730201, -0.26858803241934, -0.55144380255659, -0.21631953392342, 0.24678685482461, 0.35100741670768
0.06912977672075, -0.26082410415718, -0.53041100854683, -0.21135171320608, 0.29421076281495, 0.35766872278585
0.057281762461932006, -0.26140915840324, -0.49480460604811, -0.21143464332261, 0.25444355049982, 0.35095051907986
0.046174044788156, -0.25948260968405, -0.42893715496024, -0.20518015619713, 0.22814763114989, 0.34939559264796
0.039903056790591, -0.2599894454325, -0.31729533938946, -0.19772453061264, 0.25091942887629, 0.35350203606342
0.035742069431926, -0.25611805544604, -0.28122534839141, -0.20933085355958, 0.22829108539057, 0.36626555116171
0.053953279240071005, -0.25536240066503, -0.2750056559547, -0.216601148489, 0.23297130377529, 0.35910273089944
0.08110585128201801, -0.25934154898274, -0.2954947683591, -0.22073710385163, 0.22747406536637, 0.35104772175023
0.055359236844594005, -0.25333813828813, -0.26421793527894, -0.20746588901709, 0.20314612975995, 0.35085554932008
0.033035733301222, -0.26518723142137, -0.21104844424242, -0.2280458622021, 0.24111446344507, 0.35520999972887
0.031526223626619006, -0.27122233535253, -0.22919413201008, -0.22260110215424, 0.25850414887734, 0.37032528988165
0.040537078901941005, -0.27244724065603, -0.29606497952489, -0.23464320408787, 0.22138391776501, 0.36499970497981
0.042739129265285, -0.26815211141867, -0.29469629060499, -0.23573908595235, 0.23847908571868, 0.36221471102435
0.058697790327096, -0.26160266843695, -0.26859081326715, -0.22453525899749, 0.24151404688943, 0.36128857585692997
0.049778409119427006, -0.25529702626976, -0.27981829886172, -0.21677475951909, 0.22300556984929, 0.36547153131679
0.017315272565581002, -0.25968236827301, -0.35210242753502, -0.20773425219958, 0.22668989710661, 0.34890188089333
0.034416892830108, -0.26333704195115, -0.2039985765301, -0.21771103687397, 0.23579766635543, 0.35977667975354
0.04160609751522, -0.25902176741321, -0.28925865328454, -0.22774859769257, 0.21017466357879, 0.36038494210384
0.054142541439896004, -0.25070786882727, -0.32847293856515, -0.21703181493693, 0.21413923596138, 0.35778511688572
0.04730205249905001, -0.2513789279291, -0.32784850237785, -0.21698097164648, 0.27953716598016, 0.36108651602777
0.042230867248266, -0.25123170909923, -0.33379701185232, -0.22175780419676, 0.28767363947262, 0.34902208614817
0.05755611427388001, -0.25208883987894, -0.36956564074861, -0.22464254367926, 0.27466116084476, 0.35011475571931
0.04792301203049, -0.26003957877185, -0.4213398068026, -0.24107445390916, 0.27881687903761, 0.35919481199416
0.05850254861797301, -0.26129896803554, -0.51770677224675, -0.24027083090188, 0.25579450218381, 0.3648569625074
0.045012890655715, -0.24546966964359, -0.56100864041587, -0.20401221944597, 0.27493159517724, 0.36070074730678
0.027511591613987002, -0.23820144994195, -0.57563491676988, -0.18971884335443, 0.3294202383513, 0.358604641313
0.063137453196798, -0.25375678775406, -0.55019475423618, -0.20957510741935, 0.31321238997092, 0.35703278891527
0.083043433555434, -0.26180890403543, -0.55055950985186, -0.21523059068267, 0.25800129670985, 0.3515611701056
0.05631456130883301, -0.26433704480524, -0.48510570100634, -0.22705636206655, 0.25854022529168, 0.35175292317844997
0.037300881236493, -0.26686377782588, -0.46773494735402, -0.21552875335005, 0.2402483522136, 0.36288913867371
0.043548599321005, -0.26555207943987, -0.43012134133179, -0.21926944959608, 0.23034912881084, 0.36559008069764
0.048388595808084, -0.26253744757037, -0.38878678088975, -0.2201947362936, 0.25549087070225, 0.36118241707168
0.06207632723002301, -0.25460328746407, -0.3747887262495, -0.21631817200496, 0.25104359741237, 0.36171026118943
0.064129778062819, -0.25062857102907, -0.30562496577469, -0.20776146886442, 0.22914234907442, 0.35219883019411
-0.016620898811422, -0.24997576413797, -0.24874410326509, -0.20188390544473, 0.25724351664612, 0.36150437964689
0.029012627618178, -0.25626751708266, -0.19628859527113, -0.21768765886257, 0.25412193364797, 0.3817147438024
0.039622178990984004, -0.26655771928434, -0.26573796190615, -0.23014809749918, 0.22049305478473, 0.37921132212684
0.05888512384891, -0.2668417297485, -0.28048599829814, -0.23501552347956, 0.24483822544797, 0.37711056472805
0.073087451179543, -0.26541769399051, -0.2802820655162, -0.23168515332723, 0.21553209419583, 0.36349079332723
