the brain
0.0, 0.0, 0.0, 0.0, 0.0, 0.0
0.053152315273883005, -1.82832709123e-05, -0.2181010386296, -0.0030162891973244997, -0.0056327536210569, -0.013065917646131001
0.00042118007481719996, -0.0034903044741331998, -0.08292449407035801, -0.0021943078162397, 0.010635710577920001, -0.0039448096079784
0.0410980169142, -0.0067546021373759, -0.10590353089447, -0.0039742893110319, 0.013556849569486001, -0.0078978736801145
0.040654346368485, -0.0072298065898098, -0.13087752308191, 0.0034820285688433, 0.0085707239794894, -0.0079299876295225
0.050620101594485004, -0.0038433992194607997, -0.14138722720693, 0.0008880544226781, 0.0048571202790807, -0.0081649605999541
0.042479577567610005, -0.0038961357818363, -0.18492089847403, -0.0032902753101551, -0.018538742653537003, -0.0053319772582752
0.042817546835686005, -0.0052224966300953, -0.15199842298254, 0.0042898443792014, -0.014036522611740002, -0.0044536109592658
0.0044424370063069, -0.0085850246608659, -0.048227720256021005, -0.003952593480421, -0.010365482079685, 0.0013154536179824999
0.032964995060033, -0.0094009344359381, -0.19011462718364, 0.0025131874971401, -0.039925910287445, -0.00739845459452
0.022967009839587, -0.011595511499297, -0.21344357444072, 0.0041150796948215, -0.032307229094344005, -0.010504874402454002
0.036146864232669, -0.0068976152390594, -0.17076718344891, 0.017336452565449002, -0.022855322120282, -0.0067914905433925
0.036412792400412, -0.012454034555384, -0.18961774844824, 0.012318968058945001, -0.015980874961486, -0.0078423955868767
0.049326856895905005, -0.0068766210018433, -0.19874324925688, 0.0049584262588702, -0.022412193827076002, -0.011660594057143
0.052078917885946006, -0.012192163691111, -0.15024207431459, 0.0061312811205707, -0.016620099387982, -0.0080566693759811
0.055098226315273, -0.010063826629017001, -0.18138415820801, 0.010111521242304002, -0.026496533312208, 0.0005398225820694999
0.06944329951148101, -0.015490409189764002, -0.1229481999781, 0.010854823577217001, -0.019306225536931003, -0.0020358307832145
0.027374993367506, -0.01334944997837, -0.15045322316909, 0.015807920519481, -0.043076288866009005, -0.022237326118454002
-0.037672763437546004, -0.033371830192173005, 0.082151366340415, 0.0057131234201266, -0.037502767082118006, -0.024666348660146
0.10228351689093, 0.0026496162354704, -0.35488040676061, 0.030408548011869003, -0.052964583527364, -0.016106069772046
0.064736087761201, -0.007982190023597199, -0.22992931476585, 0.020141956347232003, -0.046558452878647, -0.008885742554841999
0.09061166950525401, -0.0043028368175608, -0.2619611411876, 0.023885592383019003, -0.043479726978377, -0.002141149275752
0.07805373793921101, -0.010511703553043001, -0.25248234062685, 0.021290970102592, -0.042828372689382006, -0.0054782925536192
0.07861820218675501, -0.011712873296750002, -0.26577314260078, 0.019058210918496, -0.038967464249649, -0.0082883885153728
0.064683038233353, -0.0094294243399602, -0.23745511694533, 0.020651048609363003, -0.032499856511446004, -0.0071518725932027
0.07851529773381101, 0.0024389349037675, -0.24444136358802, 0.016133899328695002, -0.022809129856031, -0.012513623178994002
0.064765497681843, 0.0047553525544811, -0.18913637908575, 0.01293428477655, -0.022885757022601, -0.0061823357747545
0.078547861004837, 0.0076282366023197, -0.24673412923193, 0.0085149582761926, -0.024972495017065003, -0.0086810839236919
0.071739478387216, 0.00767701072829, -0.18920945456268, 0.011110862888410001, -0.0032504863473150998, -0.0036984856606655
0.06650252229478501, 0.0034529150355125, -0.19940464339514, 0.005913102514221, -0.0053277863557265, -0.0042982397070072
0.091456955315989, 0.0072035051635281, -0.17460287117267, 0.017352461107271, 0.0099354073003576, -0.0060021838654415
0.10235892240436, 0.0080245271231186, -0.18640705377885, 0.015440390539711002, 0.0076733829706634, -0.017157476794285
0.097200416348711, 0.0030891589349966, -0.14463626040134, 0.018047929027342, 0.018263784487864, -0.014283465867269002
0.08119465550211401, 0.0021636952932213, -0.15422331523899, 0.018870923562886003, 0.014068678798667002, -0.0063603138210387
0.020080435966552002, -0.0043036325600857, 0.0087333350754651, 0.015384229025698002, 0.039886640172670004, -0.012531290041882002
0.0180668782829, -0.0014418977798053, 0.029673915151989003, 0.0087122871541196, 0.0093438318278641, -0.010846611437887
0.11031553372524, 0.0062221238143261, -0.28961876948186, 0.010298998447216, -0.016684237442948002, -0.012451445265797001
0.064723840696166, 0.0008707539907791, -0.1994036985871, 0.0070485515018003, -0.0067248802217993, -0.010778566584869
0.08641220603803, 0.0008606615342465, -0.24731963544055, 0.0096909783732458, -0.011632568742415, -0.0087905609560598
0.086923251928677, -0.0023730370552457, -0.1985589694615, 0.0018687248982911999, -0.0039609024340534, -0.0076550117078468
0.08395073588255701, 0.0022802347479379, -0.24367082095197, 0.0054559126835982, -0.015052288151274, -0.01392068611897
0.07146211936909, 0.0009981300941463, -0.23782549562497, 0.0096548245739611, -0.020761154602634002, -0.0065604505073288
0.035561528477573004, -0.0036003328804533, -0.21409605059385, 0.0065404644112020995, -0.04091727965123, -0.0052921445263475
0.0069497306814162, -0.0070675517022383, -0.10912461282666, 0.017236076271168, -0.052352938004718005, 0.0031672049342585
0.081793023508082, -0.0066799260762184995, -0.36723177101781, 0.0086204229506882, -0.04808582282112701, -0.0034122487912995997
0.048009796735576, -0.010165168773312, -0.22041226099383, 0.010304124615553, -0.034885135905902004, -0.0023430391355021
0.058027071152629006, -0.0034614295889134, -0.25040244952377, 0.0054296544811676, -0.031354391399343005, -0.0072172659767407
0.060774776695498, -0.0059161800890554, -0.18993923245161, 0.0033928851216063, -0.022109498530041002, 0.0029012519272865
0.055508235242697004, -0.0040842719607059, -0.20820481417047, 0.0027519536186347998, -0.034981650911831, -0.0014536326018488
0.06906321957035, -0.0055954487130603, -0.18176726462714, 0.0048361201450195, -0.040907806355425, -0.0012721940564381
0.07499745340527, -0.0054757070733973, -0.19087577660152, 0.0010167264643834, -0.025361775843434003, -0.0036862862658273
0.054552514597802006, -0.0057809380164482, -0.20475762721511, -0.0003223845310422, -0.052009886724432006, -0.0049129108562262
0.037004663441339, -0.0052721828513588, -0.060560074623954005, -0.0099503415276221, -0.034914850613428, 0.012963969083035001
0.087870637991005, -0.013729303438224, -0.3035231706758, -0.0010059787428156, -0.041602462718955006, 0.0068237069307319
0.035423346088199005, -0.011121004567330001, -0.19727868581054, 0.0004500726100474, -0.041174816142228, 0.0061359580806433
0.06860595050328501, -0.0081946401714559, -0.22648035767465, -0.0009519496724953, -0.049902271267432005, -0.0002399135941107
0.063984358236768, -0.0056566752969771, -0.23882700849697, -0.0078126496955132, -0.053943371012252, -0.0065097144400517995
0.06542708857812, -0.010770889175660001, -0.19567116149502, -0.009224450497006, -0.047213589275557, -0.004112627801
0.067870641230624, -0.0077201170692565, -0.18170426219146, 0.003185843913513, -0.044090407717747006, -0.0020033318189202
0.072714320545349, -0.009350984880090599, -0.21088035231939, -0.0009735588007912999, -0.023331976061819002, -0.010523867208734002
0.064652038179536, -0.009263820840041, -0.1955359114347, -0.0060088373458604995, -0.05253139715011101, -0.0023790304005002
0.060377071999896004, -0.011873545789187001, -0.10863165111284, -0.0074807188012303, -0.041446943211824, 0.0046754458299007
0.057233320616226005, -0.0095358737507539, -0.21138352283254, -0.006213791861657, -0.018857580591113, -0.0037090501769496
0.049695299054048, -0.0092415857501359, -0.13629970617329, -0.0068763966483737, -0.032228499019969, -0.0057557687137307
0.079157688595441, -0.0069098661332866, -0.18075627232884, -0.0074284714290747, -0.04106450051027501, -0.0006663547441922
0.09028489901611, -0.0061693631988118, -0.12561888660767, -0.0095139353341898, -0.013918024334879, -0.0054519150588567
0.09254131054929501, -0.0008462454596133, -0.16924132521707, -0.0047989133776743, -0.0099909245844025, -0.0062202767189866994
0.08312598180765901, -0.006606405072016, -0.09628958000960601, 0.0044616480686923, 0.0002623568656221, -0.0022385648485728
0.077950998203916, -0.0005783536074613, -0.13322571901403, 0.008061060068910799, -0.0045007668422662, -0.0055449874922494
0.034040718656543005, -0.012994693745819, 0.0036202236708816, 0.0095917302637704, 0.01137338704229, -0.0051299505328757
0.06380474311689101, -0.0047934847575691, -0.16206968071767, 0.0094454641117743, -0.00165821543474, -0.0003157533189919
0.062467804207513, -0.0074526211579585, -0.1963845041415, 0.0089969047805007, -0.0069615393037149, -0.002705588602481
0.041053033780448, -0.0051120114281483, -0.089805352742628, 0.0060797159784397, -0.01131441508094, 0.0001794874431981
0.06741918592387801, -0.0010069222054543, -0.15017918828208, 0.0048748808262397995, -0.0074968441723400996, -0.0013017981425613
0.06554374265871, -0.0042561789291729, -0.15763828115667, 0.0012695354619712, -0.0050339283041312, -0.0058000552162288
0.07419100171986101, -0.0070097967149479, -0.22172633271692, 0.0051978003213428, -0.019681600050791, -0.011149697542504
0.055436399313737006, -0.012609463915820001, -0.25263494944179, 0.010795810714560001, -0.046470807069583, -0.0043075686019801995
0.022928847510016, -0.015456600096852001, -0.12400273380848, 0.0034739542014214997, -0.041243712316627004, -0.0017010537096055999
0.048930545225957, -0.0051938733637574, -0.32226062368549, 0.012529755102531001, -0.055290283152785, 0.0025986293611868
0.025934234544482, -0.0071598161248705, -0.21678062510081, 0.012130447080985, -0.052742257786598, -0.0009291314091043
0.043643442105303, -0.0073212254732574, -0.20171054450617, 0.0064860688013485, -0.045878276616195, -0.0020528568880778
0.049892294046839, -0.008382739696665099, -0.22192518621345, 0.0065319270358438, -0.043458051732072005, -0.0027472449249692998
0.038204723830789, -0.009821667145425499, -0.18050410876485, 0.0075339553495967, -0.039549859588265006, -0.0012534570777347
0.05334655092832401, -0.008795415011630999, -0.18946480986052, 0.012157994035259, -0.050865874252007004, -0.0059324855439687
0.045175752864571005, -0.0093587133167463, -0.18545247596625, 0.0086443635265862, -0.052617512325988006, -0.011224435948512001
0.038206645055767, -0.012027243768807, -0.15811064879812, 0.0055448090945895995, -0.05640089223906201, -0.0011953337639441
0.024573367704099004, -0.016696137681588, -0.11594848117607, 0.0091542451822947, -0.064159598529403, -0.0017687429299568
0.068567643468672, -0.010544815000242002, -0.29574004374688, 0.018227109623647, -0.062602624954414, 0.0018404287862432
0.028968457237214, -0.014870696733082, -0.19289353899906, 0.011873807776264001, -0.06177537606338, 0.0020620382286048
0.04792820401141001, -0.010191195557173, -0.20744730665108, 0.011165428671553, -0.060118827351909, -0.0026740612802467
0.05519667055377601, -0.011083095258481002, -0.20415869847985, 0.010023598278477, -0.055042912185731006, 0.0014185687621865
0.06305190892234301, -0.015001658983953002, -0.20816345685132, 0.0097104166481243, -0.054707896367507, 0.001091119550307
0.038107159676778, -0.022434720175066, -0.2241561141493, 0.0027014249801153, -0.050810540428328006, -0.020167728605236003
0.041886025000905006, -0.016345072231237, -0.12255361263486, 0.0078338187161689, -0.065127330495271, -0.0064088937171842995
0.053549160721721, -0.023123328696601, -0.20280631556736, 0.0042632979530616, -0.08671281201908801, -0.0007520436670310999
0.010549973766924, -0.017633508390153003, -0.038547324040182004, 0.010273359744509, -0.06574542700762301, 0.0061000561804839
0.092008526472967, -0.02087495531244, -0.29795562242043, 0.0082052246675667, -0.05981588921742201, -0.0009476730589846999
0.044778796681031005, -0.019817134672213, -0.2144292112226, 0.0059740961821439995, -0.050833074389424006, 0.0025543312758548
0.09184558055352901, -0.021354416994159003, -0.26393962947221, 0.013249705350566, -0.045696708474067003, 0.0041973389160963
0.077726635870161, -0.013514710191683, -0.20295979586994, 0.011226293774616002, -0.034109324128518005, 0.0070748722651733
0.08012236656371201, -0.019495981046676002, -0.18498919206853, 0.0096876786050172, -0.035348123963372, -0.0013583770077345
0.079356412188455, -0.010588244600218, -0.19988668222443, 0.003031282084561, -0.009038363015278, -0.0012775518077353999
0.08337454621461601, -0.019788011122490002, -0.17960435605238, 0.016662818649728, -0.018275830478525, -0.0061212197708914
0.071312025382953, -0.019086148883842, -0.09640274554507401, 0.011701461607943001, -0.012627057652836001, -0.0018716031540667
0.082050230586656, -0.028129262651912002, -0.11158203081789, 0.014104509462242001, -0.0089071649630977, -0.001799381596671
0.087465223994048, -0.019171923665257003, -0.17616060694627, 0.017349294755278, -0.0032703383725523998, -0.0006755420742746
0.055674888671354006, -0.027945888285557004, -0.08349420585904001, 0.017067692429826, 0.014740008955284002, -0.0001184592668411
0.058881487809302004, -0.023413676150448003, -0.074018127165819, 0.016953319048840003, 0.0026700527563968, -0.0013940690057005
0.080264881965301, -0.025820285927941004, -0.07536455189432001, 0.024598698637333, -0.0058835807358371, -0.0035186873760751
0.08442438294502201, -0.020911013486413003, -0.13279001841995, 0.020985500658790002, -0.0095488869730337, -0.0035193618708302
0.076311650194109, -0.024394382044425, -0.18128823501669, 0.025613698232460003, -0.018192510704984, -0.0069517961388506
0.06258644663085501, -0.02176056920591, -0.13915603750571, 0.017850631813117003, -0.026015087136368003, -0.003245650395759
0.028054964274792003, -0.032450061164979005, -0.1036365232531, 0.023578634144237002, -0.045030149879073, 0.0006133124201686999
0.081646260347083, -0.02366655175648, -0.29596239067072, 0.025114244391425, -0.052094212351329, -0.0059835943178143
0.064704633663417, -0.028191716158006003, -0.22564306386954, 0.029024282283038, -0.040821453706852, -0.0026958004075406
0.060964954601529, -0.028257854837203004, -0.19903349600313, 0.02295968550832, -0.033396495343613004, -0.0055188673513257
0.079342648500887, -0.031757451723028005, -0.18495142637753, 0.019025669182639003, -0.024941209641191002, -0.009407423781024599
0.06052990574456601, -0.035121166798661, -0.19485458418853, 0.020749721552651, -0.028166701628345003, -0.0083527046483171
0.07020616173124901, -0.036126889991497005, -0.21571613211513, 0.030723557683118, -0.049873299799908004, -0.0073182883751881
0.05916718934860601, -0.033147306128607, -0.21960227382712, 0.033945570784064, -0.051936048638127, -0.0010540558765609
0.056984201204974, -0.035696125921457, -0.21116841996203, 0.037684530580769, -0.08132256430137601, 0.0034141532009105
0.02542305193387, -0.043578831513504, -0.095955013151407, 0.026178128004754, -0.068652953907962, 0.0021951221980152
0.058423990902636, -0.031883166475985006, -0.29076664721641, 0.026110762684706003, -0.06316920346693801, 0.0020068884834088
0.039318614647857006, -0.034645249453688, -0.14596513993211, 0.029213598512774, -0.060292700096133, 0.0062958812495274
0.06677489995357201, -0.028795161355776002, -0.19000458695866, 0.034043888156001005, -0.060433435037095, -0.0058846385129174995
0.07539839441193301, -0.032651172750267, -0.18509876787404, 0.034911971911603, -0.056241075569093, -0.0065422133374460996
0.070499307413283, -0.03363999454904, -0.17916985392467, 0.030632795249859002, -0.05556666168522301, -0.0056951545329299
0.06373416800332, -0.031794898480675, -0.19051750194194, 0.029129113163777004, -0.066449057929352, -0.0037758669330994
0.06587793876421301, -0.027346046168761, -0.16660553939448, 0.031942734362057, -0.069434719516744, -0.0007688549126718
0.045002127639, -0.036013048383415, -0.19363938382787, 0.041414620878341, -0.093682374248652, 0.0003803347545445
0.023577404619513003, -0.035516872002048006, -0.023969526912688003, 0.036904768960709, -0.056433397261972, 0.0098169122627177
0.07205696578218, -0.031707525936741005, -0.26333099361233, 0.039313410036297, -0.082612109322564, 0.0092019832268617
0.036120099804504, -0.038081527539391, -0.15946453461358, 0.034833634205849, -0.056530059146854, 0.0099985185758583
0.078729301101956, -0.036311465282287, -0.18789027113904, 0.029712682281540004, -0.06629727523793201, 0.0033936843498238
0.076021604015962, -0.031350130501307, -0.18134525440934, 0.024506173362087002, -0.040678686362261005, -0.0031295327139340997
0.079827278801175, -0.031747148160273, -0.17008263299798, 0.027650637417459004, -0.041438945517960006, -0.0051885352659428
0.07916251151184901, -0.030857090292161004, -0.17722474254065, 0.029994106397445004, -0.040414487145363005, -0.0032081890283664
0.08374758885991801, -0.027588060411690003, -0.15786477229468, 0.030138208635184002, -0.019853016241819, 0.0005415211806306
0.07585082574082101, -0.030913851943998004, -0.1755738912795, 0.031089154628846004, -0.024726005723946003, -0.0036649290632043
0.057334193028798004, -0.031208602280499, -0.032296750833648004, 0.032321585165608, 0.0027217559056061, 0.0044046857950457
0.10204352855865, -0.034357708968169004, -0.20029277400622, 0.030714418121105, -0.015847723175165, -0.0007812412802656
0.049107570913461004, -0.034912151236482, -0.12197193559693, 0.029318615395588003, -0.0005112827380699, -0.001854945394381
0.08010539508255701, -0.031063390056604002, -0.12913853570815, 0.029244337531425003, -0.011460076747278001, 0.0024904363002798
0.07436123920830501, -0.030075231246901004, -0.12484491559426, 0.033480461927459, -0.0092276681257991, -0.000864874646363
0.090457369753556, -0.025590784462524004, -0.16018525903936, 0.040153933904606004, -0.0081308156996158, 0.0005197846910263
0.091274926089924, -0.026452245211353004, -0.15152119301215, 0.033948822101454, -0.020167551142632002, -0.0078128574791041
0.07987160576705901, -0.028566014325881003, -0.18614880223707, 0.042516502440102, -0.032794744893013004, 0.0016770481042429
0.028017914685299003, -0.031449981672506004, -0.07157574118854501, 0.025020813437372003, -0.024426815683262004, -0.0003448546040891
0.077823527350368, -0.027582968990609, -0.3195689895573, 0.032272853388341, -0.04843765139874601, -0.002121979631848
0.049501885948791007, -0.029184373541697003, -0.21562575906405, 0.030398918473025, -0.030539456966517, 6.9999553277e-06
0.071724675172016, -0.029184843380686002, -0.235367089508, 0.032255026914029004, -0.034237662883641, -0.0020669355002052
0.058585445589011007, -0.028833864801188002, -0.20889445415738, 0.031660192148671, -0.025860619282299, 0.0079471437658332
0.059545224486043005, -0.027214123241486, -0.23144460020436, 0.032751958392269, -0.036390472473496, 0.0013789262171331
0.056654920874759006, -0.029573286411881002, -0.20953354897547, 0.034331146689074006, -0.04565012735248, 0.0038303098545688
0.06729629710568301, -0.028637928025662004, -0.18729941355937, 0.03083795244029, -0.040241072156876, 0.0002431750580909
0.071438530999766, -0.032943864207616004, -0.19054449428294, 0.032561595508237, -0.050284223023329, 0.0002528305124669
0.034555002549420004, -0.039953192418157, -0.10557833329001, 0.035412202283008, -0.042559666298249005, 0.010527677976588
0.089393602717675, -0.030040196811788003, -0.31480480481136, 0.030343704275556, -0.038587834965648, 0.007213938806851
0.029394627972361004, -0.035452165823371004, -0.16417471382019, 0.031474305855351, -0.040383690050564004, 0.0028315477364188
0.060609506784232006, -0.029671260940374002, -0.21000613025874, 0.030449514838395003, -0.04909195449819, 0.0055896116965985995
0.062780246749515, -0.03245256732735, -0.21246443673232, 0.035523515974268005, -0.046872560732650004, 0.0044021991487169995
0.078257838739044, -0.032745956854114, -0.21007750001121, 0.033773150824209, -0.05142109355133401, 0.008314874324309
0.066954097821983, -0.035757743815042, -0.21179552694163, 0.038247497109559006, -0.048347472453958006, 0.0074984581762309
0.084592702053165, -0.034016063816153005, -0.18941597175287, 0.030396551274607, -0.055383509628436, 0.0039643757672711
0.071127251472569, -0.035115305519339, -0.20305970685151, 0.025486715205483002, -0.06299459725756601, 0.003100446780476
0.032113914619257, -0.038141038083207006, -0.1266929966269, 0.032107110895011004, -0.061300567710072, 0.011069722439771001
0.050297101017321, -0.039423832612742, -0.1965033864309, 0.024727565945503002, -0.070990964289181, 0.0083940957225385
0.068723835783302, -0.035221531181585004, -0.28844880080313, 0.036967466104973, -0.060625530087925004, -0.000576363885413
0.067625130869538, -0.039592103010523, -0.21729171332685, 0.024619036959915002, -0.061191159686438006, 0.0061278328685115
0.07472140075443601, -0.039589339469193005, -0.23282186633568, 0.028762544478299002, -0.053869065250358006, 0.0080983736305865
0.06871480685997701, -0.033482681699093006, -0.24694384484587, 0.025166146701939, -0.054047390257125, 0.0038843926865586
0.07235179072237101, -0.038303254750698006, -0.20498604823781, 0.030790631957228004, -0.055012921988923005, 0.0021840930764232
0.082077659941031, -0.036808005149028, -0.24481272454795, 0.028490194088465003, -0.064995569376361, 0.0047474375027305995
0.076117485828379, -0.034496655067177, -0.21588081934029, 0.032533383290406004, -0.068551443432828, 0.0038739555073355
0.056402542325400006, -0.040240742359827004, -0.16384961460667, 0.030970213322382003, -0.065419432692965, 0.0043286600088006
0.068529570700418, -0.036080389024631, -0.19702673791654, 0.030003947509118, -0.05767062900189, 0.0043361567741125
0.066509465325592, -0.040173355131074, -0.17983595758294, 0.042429374749639, -0.032734537167738005, -0.009381441177534
0.060050320759116003, -0.043874919144730004, -0.09519355711459901, 0.024666698764830002, -0.045140490054038, 0.0001290379329852
0.11896888329569, -0.026713809697389002, -0.1945407002854, 0.039833082811242, -0.041312909193268, 0.0007982678578504
0.10687335018417, -0.025153410754588, -0.16641727571514, 0.039622469371052, -0.026029712152602, -0.0029491334934232
0.10404821834308, -0.027694704931414002, -0.12157981063749, 0.041155446008848004, -0.0074619570803710995, -0.0037506567315689
0.11320852037528, -0.032605226011820004, -0.09633083301051601, 0.037032588930419004, 0.0053780254420667, 0.0067991666456788
0.078051888134815, -0.037297382832102, -0.15234466120904, 0.040726777899554006, 0.0051588066671283996, -0.001013760774943
0.035564642416342, -0.037870167595177, 0.041831731268793006, 0.033301429893878, 0.029070178421794, 0.012025914126646001
0.065719381355046, -0.032310872136147, -0.1286789398707, 0.041129885512251003, -0.025180116426868, 0.0091749528935899
0.06064100094899501, -0.033187915259628005, -0.18433625624993, 0.041700665610340006, -0.02310937384657, 0.0052951227809762
0.07176526845582, -0.03383752994461, -0.16731670289709, 0.037660110688081005, -0.030352682190218003, 0.005756084810163
0.07284234795859, -0.031341157707861, -0.19822811187465, 0.035385972693426006, -0.017636038305771002, 0.0005939079574394
0.089586700033491, -0.03402055389775, -0.18443147696229, 0.031833584446362, -0.016544321959241, 0.0010632079516201
0.067684273814982, -0.032193528132576005, -0.16916546565078, 0.036020394195309, -0.021870581654345002, 0.0006315009307603
0.07964383849947301, -0.035853607279878005, -0.20130379310752, 0.034364542259484, -0.034381255413907005, -0.0029332704837574997
0.030819653865224002, -0.031656743524573004, -0.17815981294261, 0.025485147854434002, -0.053348292860605, 0.0040347248375003
0.06584994599326001, -0.034473093514206, -0.29811452646936, 0.022183143110032003, -0.051103026482565005, 0.0056687617834276
0.032785542709609004, -0.028116079850539002, -0.25178668839126, 0.039515946420095004, -0.043270616646240004, 0.0085609245672878
0.058177138606163005, -0.037677047143355, -0.21472642755422, 0.039177723407265004, -0.052092346350602, 0.0007255505308699
0.069679047903125, -0.032653223312508, -0.24084906573866, 0.031458466650028, -0.052046483108314, -0.0007291660951298
0.05942041701469201, -0.034617038087467, -0.26454787778534, 0.03464957028867, -0.05613363269216601, 0.0018045920418455
0.057704832808762006, -0.0303747210875, -0.26714374517762, 0.036825353606286006, -0.062808176821287, 0.000715280194806
0.055139464796428006, -0.031629983392044, -0.30335562462642, 0.038501863156584, -0.063303806932248, 0.0001074535024005
0.05326057039291401, -0.031414722375233003, -0.22072512502347, 0.039552353517359, -0.063886345771114, -0.0018989807364521
0.054157623462998, -0.037189780529539, -0.24243721763171, 0.039169204306830005, -0.089372545746131, 0.0015672706059201
0.031442417348295004, -0.044258968185207005, -0.13776396649384, 0.035315795318091, -0.088772488408525, 0.0073591350194648
0.05997228767023301, -0.034797838317546, -0.31881467807301, 0.040235904800565006, -0.06628522082433301, 0.0064472578785961
0.040566167364446, -0.038905423113877, -0.21233723101475, 0.041331942631537, -0.079883810683675, 0.0047667646812514
0.05739770980764201, -0.036599703872256, -0.23013474216763, 0.036683117483348, -0.071036553455136, 0.011139482968618001
0.07023251789924001, -0.037700012114496, -0.22741029351236, 0.039574277073534, -0.06760737775679501, 0.0072458128189322
0.074240724021557, -0.035000071562649004, -0.21937212952484, 0.037609579991733005, -0.07767359441052901, 0.0043130597489156
0.07592416764637601, -0.037088081383563, -0.18943279565269, 0.037347972886109006, -0.072571485943588, 0.0073790750930694
0.08766763426796001, -0.03551131019986, -0.18281140830726, 0.030557286365983004, -0.056489723434745, -0.007791768834903299
0.068193037270545, -0.039212693272070005, -0.19455241236653, 0.041212455859551, -0.06678478921755701, 0.0065101804404275
0.040370629670453004, -0.041641705036809, -0.054890819719810004, 0.031039287905109004, -0.05772928679494001, 0.011437693904129001
0.059090441066397006, -0.038606515733622004, -0.26510408567295, 0.034797510303958, -0.09734986743788701, 0.0054733225683897
0.050167333662686005, -0.039675401725737004, -0.20141225847278, 0.037923266642883, -0.07722838410775301, 0.0059381734256139
0.06841247786568301, -0.036006939284157005, -0.19633448967998, 0.029115161339401, -0.070973794072114, 0.013701637783068
0.088120491136984, -0.03823173361122, -0.18618695636751, 0.027495070577254, -0.064404833898811, 0.011976310891867
0.08918401150902701, -0.037959769651767006, -0.22387237130215, 0.028438835056932003, -0.05895341958719601, 0.0046526332774985
0.08046509676006301, -0.035303654309385, -0.15225643352723, 0.022741908180372, -0.057924248619381, 0.0055366367902307
0.08777382803083, -0.033095955638393, -0.16250492737207, 0.032802021821052005, -0.05365353816801, 0.0029438313803415
0.08617856100835601, -0.032805579858889, -0.18556342046328, 0.027570594312328, -0.067139431514094, -0.001943512953147
0.061769075118532, -0.027254784662217, 0.0097177438752061, 0.025654351218835, -0.029885499365427004, 0.0067798541356419995
0.090987792384046, -0.024767586607854, -0.22340765746283, 0.024046076019620003, -0.039581843169775005, -0.0050719376415713
0.060605877592862005, -0.028760278618474, -0.07745078358349901, 0.025563442147234, -0.029271959218908003, -0.0029536859160388
0.1037957661537, -0.033070731259208, -0.19394453419894, 0.027646678997137002, -0.042553550809795004, 0.0047889020722264
0.08642615406888801, -0.027353461262752003, -0.11998933517862, 0.023204179813104003, -0.016464432314726, -0.0012520604516184
0.10515778756421, -0.034666873295200004, -0.097073525988164, 0.031277741442699, -0.023865374373535003, -0.001387116913828
0.09359193940680201, -0.032191881587752005, -0.12226287172142, 0.034880803614865, -0.033047460406178, -0.0020608936177014
0.086831929470477, -0.040447948696193003, -0.14685562611716, 0.035273934650071004, -0.041939250383309, -0.0010292448791934
0.039932375267116, -0.041628569749176, -0.07482339968717601, 0.030704780538973003, -0.028366946922913003, 0.011456724347424
0.08359684669777001, -0.046833510560804, -0.23663549674960999, 0.032535234276042005, -0.057415456629078, 0.0071424913785128
0.05056750319804101, -0.047659637324028004, -0.19197839082386, 0.040174483358668, -0.052623412645304006, -0.0009015687514591
0.08144332195958101, -0.047234355365828005, -0.22438538201609, 0.036170195039639, -0.063988906074671, 0.0033963442375654
0.076829613348046, -0.043972361095885, -0.16422653458638, 0.030820926145023003, -0.046794517868293, 0.0022231494993303
0.08495950968952001, -0.043574977752499, -0.20633867218236, 0.033508404580252005, -0.051899186009044, 0.00507600423673
0.085945920325077, -0.042234464597954005, -0.1431064710641, 0.029393690405790002, -0.076662033914124, 0.0042578795532033
0.10361048975167, -0.044798909912631, -0.19992116814664, 0.036185012321329, -0.084089285308208, 0.001320277952897
0.092081156817906, -0.04379257518312701, -0.19547709910375, 0.030680254510728002, -0.091870522323794, -0.0015658190564638
0.031795163735173, -0.050936646770652, -0.047728728406324, 0.031672241654108, -0.063868236711381, -0.0005322483227608
0.07928910455325201, -0.04300458217961, -0.2784354106999, 0.037193789514973, -0.06618004964396701, 0.0031754931892
0.056953013180777, -0.05056573443166101, -0.19915244447454, 0.046371312041601005, -0.070850217710463, 0.0056752696802979995
0.07774584817452701, -0.051417114811552006, -0.21054437944773, 0.038834989457284, -0.07409267913697301, 0.0035673266033004
0.080903963897616, -0.048036378064892006, -0.20239555251262, 0.036965438346605005, -0.076966206337891, 0.0062439786133873
0.084097068627698, -0.044531244833974006, -0.20476917958564, 0.036967399478912005, -0.072508962140648, 0.010123145199024
0.084253290776265, -0.044346240529064, -0.21831437880817, 0.024913617938864003, -0.046502627787706, 0.0025734618448788
0.09373522179391801, -0.04213784943815, -0.22787862389339, 0.031651613286993, -0.066591966828367, 0.010224540689121
0.08698420575849301, -0.041092036175944, -0.17643210269395, 0.033052048260473005, -0.06905907695497601, 0.012411151783579
0.062717645314429, -0.047854249439194, -0.092315409127454, 0.034363513685565006, -0.066584271107959, 0.019181472329759003
0.076714884415573, -0.044742316884982, -0.21151129419517, 0.040262907855411006, -0.06793039631589701, 0.017178634538901002
0.070073985233641, -0.04284491190545801, -0.1050053712223, 0.040122161417567005, -0.044812646435574005, 0.017545880469547002
0.09445791390813901, -0.048338365610475005, -0.17673252308247, 0.039175470104089005, -0.062041463161249005, 0.015585360697600002
0.11211500289321, -0.041395211237518006, -0.12473972590777, 0.041376658926173, -0.033092222802730005, 0.016114074659893
0.10825394169002, -0.047357424541832005, -0.14054458078011, 0.035486854256804, -0.041735554331846, 0.012715249353402002
0.1104095516209, -0.044200766966144, -0.05537647655020501, 0.041697199423746, -0.012425908329174002, 0.010704102503207
0.099645046276191, -0.045561422149998004, -0.091114217599357, 0.044319636739461, -0.019378885573655, 0.0081214303156331
0.084952755887075, -0.048358775908110004, -0.036065453218387, 0.044757946628218005, -0.015897936509695003, 0.010934517455006001
0.023702758066724002, -0.047719779188941006, 0.080294967260743, 0.038233869247553, -0.0024558815267734, 0.022436343737159
0.096378380045153, -0.045330520733916004, -0.16187134187604, 0.048780044987527006, -0.05689090493501701, 0.013674002264032
0.08673141859357601, -0.05345992892415401, -0.20557868315102, 0.047061803076209004, -0.05668755530334701, 0.011550985076969
0.092551857211249, -0.04998375450557, -0.1946794445585, 0.041518801352603, -0.048159680512561004, 0.0086705070568534
0.09009983788400801, -0.050570533135445, -0.17404829867458, 0.037093194100874, -0.044891598130102, 0.013147833454493002
0.09189968007778701, -0.047631173567168006, -0.16287092489786, 0.043330554533600005, -0.04316841018511, 0.01346916524058
0.082650338606504, -0.050547441800457005, -0.17042794638652, 0.042684229214965, -0.055782971261242, 0.012949738504955
0.087941239158887, -0.050219653746702, -0.18339608192636, 0.043897300154226, -0.053444165053207, 0.01088774979297
0.07762754499687201, -0.049082844555771006, -0.19892908441774, 0.035482103512847, -0.07258120195912801, 0.0087675790240005
0.049912997434633004, -0.055339964378869004, -0.10573074528637, 0.036873731509437, -0.055924387258285004, 0.011451291710542
0.08687800227050001, -0.04933865916407, -0.24321730660304, 0.036478782642888, -0.059106249896598004, 0.013264252010584001
0.057249139115176005, -0.053291231617405004, -0.14812003844258, 0.046562373680201004, -0.05428435032998401, 0.0071219235825333
0.08585234912045901, -0.052695788211909005, -0.16014079967879, 0.047904450437506005, -0.051466975850113006, 0.0095079405164161
0.067406943160482, -0.051350383307541006, -0.08498779468385101, 0.037735924875623, -0.05412784932885101, 0.016621859197324
-0.056334960684956005, -0.020792973328290002, 0.27198889442797, 0.021768268431530003, 0.01695100836269, 0.042401387605491
-0.07849245844054001, -0.06124146117806101, 0.3899123644659, 0.0050429309990067, -0.058313273508533006, 0.0056536782903055995
0.14044524813, -0.07433633755284601, 0.0082439957730916, 0.010588025593240001, -0.12048262022992, -0.014672104346359
0.17350592506153, -0.061899407275482, -0.3037676951352, 0.045087718431644004, -0.11347616177439, 0.0014243425528498
0.14729579497751, -0.069619164143362, -0.22670154862586, 0.025485102497199003, -0.12919571861899, 0.0077897444579845
0.11130216690604999, -0.06869059498926701, -0.25969272905849, 0.03207045783344, -0.066118213439728, 0.008662793962212
0.078568890743119, -0.06912956934640001, -0.16308357553194, 0.026531822121806003, -0.066911428877531, -0.0080164373933924
0.12638686484692999, -0.065556061026681, -0.27062934922612, 0.032075310163381006, -0.082622696341383, -0.011211002083
0.12293643847148, -0.06119442937651601, -0.30272505909375, 0.030831932099387, -0.069286181518226, -0.0095546140647823
0.14564494674602, -0.057165808461589, -0.33558020861797, 0.030797838305236, -0.051171939660288004, -0.007529215714921
0.12968084799382, -0.055016189348767, -0.31876793878914, 0.041668954593803, -0.092751582953099, -0.0005153224342424
0.13954134671032, -0.05986189046917, -0.30211884200683, 0.043855769087736, -0.08940703613337601, -0.0026462499458091
0.12091694465111, -0.05693362955942, -0.21196320144705, 0.035174530808982, -0.06440618261152001, -0.012415284256663
0.10113879925501, -0.057904017077737006, -0.28949612327511, 0.037405751296493005, -0.09588213612975201, 0.0079748625037354
0.11369326937056, -0.04948698251250801, -0.29998210985929, 0.045824937670246, -0.084427133229603, 0.0011287493442873999
0.10335604245899, -0.05002982004906201, -0.30019729405748, 0.0353679144046, -0.095950995800738, 0.014009303217834002
0.11708669455905, -0.047657703570978004, -0.28556559474188997, 0.044344945744118, -0.08999394021958401, 0.014197064899257001
0.10879038599965, -0.048078522219812, -0.26006700249598, 0.039188832721159, -0.09013130010530501, 0.0037627034614159
0.10615798495528, -0.048855609074031005, -0.27453806401968, 0.043660462692382, -0.095657857347792, 0.011244563653732002
0.089563898912407, -0.051364792707090004, -0.24385321607718, 0.052280315731746005, -0.10971246568335, 0.0098562640651241
0.05953836681424501, -0.049582874326237, -0.13598393248053, 0.037094511773985005, -0.099976844282366, 0.014992241687685
0.08342058011867301, -0.048920790676747004, -0.28856600888976, 0.038546216717293004, -0.10755186990348, 0.014907427937184001
0.07637058578509301, -0.048140565211782005, -0.23902062510759, 0.048872732812675006, -0.097987842402231, 0.014463485912158002
0.08051084286849601, -0.05319132453137, -0.21864973075083, 0.048754717133061, -0.10379483629994, 0.012672966088514
0.08683012223412101, -0.048416854427188, -0.22243615166451, 0.044073893973283006, -0.088987524386613, 0.014505618295241001
0.09652945646576301, -0.05105379364218501, -0.21609420573036, 0.042570393671254, -0.09225961313590501, 0.015094286448906001
0.08935591579410701, -0.051890953551901, -0.18204971116428, 0.038465878008429, -0.10569670000028, 0.011338807134580001
0.11132510310831, -0.045825766180688, -0.20995021910255, 0.05107054993366, -0.1024576846186, 0.011088623757056
0.09695059904621901, -0.047244955163032, -0.21601276803878, 0.053020864093914, -0.090871162520682, 0.019141313617531002
0.06585013192318101, -0.04912646161850601, -0.07012943562862001, 0.041172181106481, -0.058210183525195004, 0.0287915919366
0.091563758478183, -0.038578403221685, -0.21554981976243, 0.046437646138996, -0.09302526736915301, 0.013835060351968001
0.09634996725581, -0.044145860265213006, -0.20205300597793, 0.043971835885244004, -0.07456349327325, 0.014034618173192001
0.10672585435006, -0.042593084123608, -0.20261115966937, 0.044625207393820004, -0.067399969745163, 0.014865646668555001
0.10987906280361, -0.040286504512348005, -0.18738034164879, 0.040276303864321, -0.047958949580010006, 0.010855837837539
0.11535442886433, -0.039524254922528, -0.17019385465456, 0.045702968357249005, -0.046328384893316005, 0.011675955882755001
0.10595584342663, -0.046925669348576005, -0.16014561032562, 0.05211713080897801, -0.044792318180980006, 0.012491446069001001
0.10557182498932, -0.040369221445546, -0.13940001972864, 0.0449743558984, -0.048398358861545004, 0.016380906003249002
0.06459757380007601, -0.049247215387219004, -0.10698665966846, 0.048037000395625, -0.041541852160211, 0.015892865164799
0.062787024823726, -0.046477619707722004, -0.024461333426398002, 0.04808107641087601, -0.04747773171204701, 0.016590040618842002
0.10165806096653, -0.044480912177040005, -0.12915462824928, 0.046425864192672, -0.042193726585122, 0.013835044371067001
0.021085094290450003, -0.05095979135942601, 0.018081806705526, 0.037959414481948006, -0.05107440319284601, 0.018894418724997003
0.13050110281791, -0.047522985688067, -0.24727514093459, 0.045121909520987005, -0.06305526741476801, 0.010909968558786001
0.08974204154786901, -0.047417261089265, -0.18686960597712, 0.046786174743187005, -0.064393522271856, 0.0099398766416156
0.11126262721256, -0.048086973778527005, -0.21530552900519, 0.05569242960562801, -0.073346507716187, 0.010816602795369001
0.097732122452788, -0.046508431784940005, -0.16825040505281, 0.051418720149474004, -0.07751817612603301, 0.0090448074957564
0.086780114446087, -0.043088998076711, -0.21858052539335, 0.048455432239073004, -0.10433346455276, 0.0092173648753086
0.055670297405575005, -0.050695429930606, -0.09503261463098901, 0.036413474310631, -0.079777091103211, 0.0090264493893382
0.11439872398304, -0.049046140228994006, -0.27995639390766, 0.055029392813660004, -0.082123185004962, 0.008959289082902699
0.059902914048447005, -0.047047022522504006, -0.15527059396134, 0.046207338226758, -0.075039550004556, 0.0064945105590122
0.08250804883721001, -0.046783035650318, -0.17126904860057, 0.046152936293841006, -0.078618760591197, 0.010511483733024001
0.09143834774105401, -0.043318119608167005, -0.20622184052745, 0.04145298349761, -0.07770222913752, 0.012621181537332
0.077039884043932, -0.045312168684538, -0.19130396269723, 0.050486906368388006, -0.08764050627381201, 0.0087293411596757
0.093194936032437, -0.038862833704391, -0.23496256023117, 0.049620068695221, -0.089173165344159, 0.012050739974402001
0.077150058899994, -0.043615289820131006, -0.16918205334001, 0.042827729590288, -0.07800446260306701, 0.0044806608873569995
0.077082614274478, -0.036870133858768, -0.23424820830183, 0.035099487645133, -0.1036214704011, 0.008498493348701
0.08260616622803901, -0.043703177596349, -0.14896477773477, 0.038589776417840005, -0.082018210518163, 0.019724446888425
0.05793951680099801, -0.033801871043957, -0.17671780855254, 0.044150282075781005, -0.025960910609908003, 0.017186378742914
0.075510922993966, -0.037160543484265, -0.15988180307997, 0.041583058007785, -0.05518602361, 0.015057941434248
0.13802815556089, -0.037621082508619, -0.23390890727004, 0.046137438071369004, -0.039384397874033, 0.006444236134161
0.11480084045184, -0.037458524893869, -0.30163341857801, 0.044070768217155006, -0.052377303808913006, 0.0028696164868249998
0.12352861797441, -0.042264746017463, -0.25856794910692, 0.048214456091912, -0.054214281777633, 0.012266865476824
0.11788777965487, -0.039263739071122, -0.23799024250453, 0.053153356507989004, -0.036640616665407, 0.01313294776791
0.12799311508152, -0.0459880551297, -0.21675141717707, 0.046967104244127006, -0.02161591832187, 0.0056185438331787995
0.08543824823368901, -0.046285874293859004, -0.11760703398907, 0.047277545691727006, -0.036383585112849004, 0.015993719978974003
0.1298763260256, -0.04376459379817001, -0.24791541262295, 0.049748060734477004, -0.022638171975555003, -0.0037921727204789997
0.070956320441763, -0.037481731556518, -0.14772801043208, 0.042759470425361004, -0.045058477512393, 0.020836152801852
0.09720791876732801, -0.039998084208336004, -0.18346037606262, 0.044684419348661006, -0.047953147374266, 0.014021398227583002
0.09420451824840201, -0.034475537545071, -0.15351838267891, 0.044652269598136, -0.053644711945797, 0.018861633945594
0.11512470817136, -0.041170475354018, -0.19440469065016, 0.036634580380974, -0.059444464284643006, 0.0074052599377953995
0.10456524207006, -0.041339777386289, -0.16585982575841, 0.039775177598258, -0.064709842043427, 0.015628120542737
0.07312140977174, -0.043910142792867, -0.14091557613452, 0.03591030036027, -0.086703644219738, 0.027170510678090003
0.046336676321907, -0.039863227952131, -0.056953910920364004, 0.043082610029898, -0.082684066839999, 0.032046148525751
0.11788794772422, -0.047533219911106005, -0.26284583930459, 0.043989504098641004, -0.07802647342924701, 0.014483115461487001
0.077584866302619, -0.044903515710880006, -0.19307791569717, 0.044643949261786005, -0.08186772279399601, 0.015043297364319001
-0.0086519520681843, -0.05367747301416301, -0.10726604169418, 0.042029637516405004, -0.057313870688713006, 0.010750730341878002
-0.035806354754085, -0.061321559550303, -0.0005701427814273999, 0.05835874630950501, -0.16638507208833, -0.0012000371513196
0.09138213466442001, -0.035893990687248, -0.2214739041292, 0.055910491941307004, -0.12738178350686, 0.017605873269427003
0.074924516230975, -0.034748578415797, -0.217185649763, 0.030735663198348, 0.089278473453839, 0.050742738163707
0.056970050142746004, -0.037589031809917, -0.2125068872893, 0.030333902473456003, 0.020369822451957002, 0.027797404029620002
0.080631622198591, -0.036238425701843005, -0.09375295879060601, 0.047764226684483005, -0.097468678353316, 0.031829911529498
0.20389385516458, -0.046525608228674006, -0.4198492731555, 0.025523532985147, -0.09883962759631601, 0.024480089844729002
0.18098538202915, -0.037661609715620006, -0.26722162743312, 0.043925682870510005, -0.086638356144545, 0.019980751931945002
0.24319710021356, -0.032628627318895, -0.4760470885666, 0.048469500915369, -0.089794588828445, 0.015393997432924002
0.21391069644596, -0.028995897811738003, -0.4837796539283, 0.050768780228137, -0.09760235099408901, 0.014868798208415001
0.19584726288398, -0.024576710337802003, -0.54275034965457, 0.06359794329528501, -0.11231964911343, 0.016127339059728
0.1750416976385, -0.026204236651484, -0.37144468963682997, 0.048760796439451005, -0.06967927207162601, 0.0066494353698482
0.17089448055901, -0.040141064093911, -0.19421670622259, 0.040946744955846, -0.049338648936270005, 0.0053065419388282995
0.13666363867095999, -0.041130550731846, -0.050473199654339, 0.030863480864795, -0.017961658321063, 0.0065931269750464
0.19206397298291, -0.030255155877108003, -0.19818713375944, 0.037250250687339004, -0.046831298299075, 0.0075229641148953
0.18026061885198, -0.030228178803440003, -0.26012601723769, 0.048359598124617, -0.038610298080226, 0.0016578032950864
0.13973062810979, -0.028279620876842004, -0.17271989193516, 0.035402119403339004, -0.028959684417168, 0.012602551274064
0.15617296388217, -0.033048711276314, -0.16581310272551, 0.044596472709556, -0.025467274360748002, 0.020736358336852
0.16527817341401, -0.033464256383754006, -0.19800295844561, 0.049384050705187005, -0.025845259680068, 0.016950358705487
0.15246942677463, -0.036667691386384, -0.22623584203496, 0.049437994832019, -0.048506637862954005, 0.038881203471785
0.15828489027563, -0.035422158553458004, -0.35658409457221, 0.061545309440933005, -0.091052945970442, 0.059291729364728006
0.096208351249096, -0.028899510022126002, -0.34443527605125, 0.06116974045092301, -0.08033249790249701, 0.13211115860958
0.14255421270478, -0.033632365900702, -0.49555288277663, 0.053152229572077006, -0.097703141484114, 0.22513478145967
0.046045360695100006, 0.0065654441768429, -0.19956021014577, 0.11923823700485, -0.041320570256392006, 0.4345471717406
0.12497775627873, -0.040357436439155, -0.19700124909487, 0.1008135921958, -0.11976037987065, 0.46607602559776
0.10903849538536, -0.024556865005104, -0.11561302652216, 0.10853769582794, -0.1200614124657, 0.56805617042722
0.15419376103855, -0.038071081596302, -0.019802431778463, 0.09882099201244401, -0.15648636282678, 0.62583679191247
0.13999228477414, -0.040818918961952, -0.0059037984972988, 0.08600191862648501, -0.20899496965952, 0.71971301873226
0.1543214711587, -0.042035262114518, 0.0060223306919402, 0.057300508246645, -0.24879261474308, 0.81722623395668
0.12707454275731, -0.050560848280221005, 0.055729147584422004, 0.05528010591046301, -0.28642419861018, 0.86975064216633
0.11845514625213, -0.045918904779853005, 0.051175856542975004, 0.057046336854717, -0.31615844350254, 0.9055905732891
0.18579514623507, -0.042719407993624, -0.18066625795354, 0.079345135134715, -0.35379886111245, 0.87465984551107
0.14210776845119, -0.056423441121047004, -0.13538061299449, 0.088153488577334, -0.30707916051372, 0.7603866807992
0.16680265834666, -0.054489574356275, -0.15998810651952, 0.12508348389621, -0.29063123582423, 0.68358097965533
0.16681485019238, -0.034381336909437, -0.20744385851783, 0.1581793351152, -0.31136482824423, 0.6765793556804
0.19917271631249, -0.038578268860772, -0.31673224521091, 0.12758259546765, -0.29281474621897, 0.5453361206963
0.19423071625887, -0.037584627414513, -0.33702201948806, 0.10482078129665, -0.26766537622005, 0.44106179165339
0.21771373512624, -0.049920737153429005, -0.49352516474122, 0.09491951338453301, -0.23318806142495, 0.35647357607443
0.2124346404621, -0.042510718831961, -0.48101337886689, 0.080679702553049, -0.21010116362619, 0.28714764925789
0.24594398945429, -0.057642355172654, -0.58715020787212, 0.06949897100348501, -0.19097345906639, 0.22253390276149
0.23821271518581, -0.054908630452860006, -0.70935669446305, 0.058934939298017006, -0.14710926479056, 0.18465222492245
0.27484753538432, -0.070310620769869, -0.65344532587332, 0.028848890623741002, -0.15847046187638, 0.13790886818473
0.28053130623381, -0.068241390093585, -0.62812973950995, 0.0066806907075867, -0.1458502313043, 0.10406377825289
0.30570596638297, -0.065710005908046, -0.58542894575777, -0.0050221960107909, -0.13836882174804, 0.08353434879233
0.30028034264996, -0.07275355503000501, -0.58747590269458, -0.010794184691451, -0.12209297812293, 0.061121213878426006
0.31138951461801, -0.074933791150185, -0.53762501890441, -0.01186679304576, -0.11482021994822, 0.052535640762671004
0.28588831436665, -0.085171247367851, -0.52651489869145, -0.0044278375356588, -0.12148571555344, 0.059969443030671005
0.27919342833433, -0.08425093354986701, -0.39371047205049, -0.0028445785067463, -0.083430903948918, 0.07408768900411
0.27329016949306, -0.075165385217711, -0.53390880528147, 0.0066391712208254995, -0.08459430238852, 0.07962328966188001
0.23085799280646, -0.07380799214585601, -0.4116475834947, 0.0055568549687509995, -0.071282421199595, 0.08622182329140901
0.24094958363797, -0.07922970178128101, -0.44324848859654997, 0.0028328102934720998, -0.07711834136477501, 0.085879105796078
0.24414092281819, -0.07575881869326201, -0.38253111911303, 0.008085046095617299, -0.058329382476971, 0.09212560402547501
0.24596094090839, -0.076691447435489, -0.39596359442917, 0.019562277996133002, -0.062429802339615, 0.10692942882034
0.21848721951239, -0.071209219891516, -0.3421852734633, 0.027278405768397, -0.05523278717502501, 0.10976295658689
0.20421801331365, -0.06901682217649001, -0.35086278690484, 0.026738583102248, -0.06124332632854, 0.11710673579624
0.16814607689587, -0.07164076857071301, -0.21967414670095, 0.025984574445160002, -0.068465820487392, 0.13243266924108
0.21379448773518, -0.067378751987716, -0.50526169667384, 0.035179020856833006, -0.077742803712433, 0.12621758877149
0.18278222048829, -0.066667352590159, -0.37885285137469, 0.034088256621599006, -0.076174710259133, 0.12808656819054
0.18940040411659, -0.067588997385728, -0.38458610026964, 0.035357812406112, -0.066056634406517, 0.12940082513006
0.20195020098333, -0.063284092525541, -0.34569770049693, 0.038319872091252004, -0.049530328453652, 0.13252786092922
0.18286588015011, -0.06846773199148401, -0.36056416995455, 0.040525106285051, -0.058778633544606, 0.13412589062882
0.18686423763062, -0.06443891445566301, -0.32885876146160997, 0.034035577067461, -0.050094493617398005, 0.13132822538695
0.19569858677276, -0.066247282549191, -0.31111637826131, 0.038542907121491006, -0.05546429117479901, 0.12787907685599
0.1688867242041, -0.061533842867947004, -0.27683147503394, 0.043338977355531, -0.074392305699645, 0.1319512983003
0.1393319214318, -0.07573415506662101, -0.20270534686072, 0.034841718510752004, -0.069955106035436, 0.13741299169126
0.19187440841145, -0.058104614105215, -0.4188100063429, 0.046804268964224, -0.05487939275193, 0.13972402464326
0.15540846033833, -0.067242273140782, -0.31284748711299, 0.041951027416574006, -0.046588949291534, 0.13197431723309
0.18449310108035, -0.059825210636881, -0.321681362755, 0.04160997430373, -0.051551476473133004, 0.14216431161358
0.18110666095882, -0.06409602119881701, -0.30970585170248, 0.041117385390818, -0.062454342334244003, 0.13239945232541
0.18322610215257, -0.066207862222213, -0.2890509880971, 0.044309908236683, -0.054205916647001, 0.13701244174507
0.1771349976037, -0.063949909117978, -0.314321607301, 0.043996229634196006, -0.057966180064533, 0.14109508947469
0.16658188344552, -0.06264114211874901, -0.27365372067978, 0.037184385481245, -0.050469554192776, 0.13622116110752
0.16298004215484, -0.06497916136258501, -0.21881767767347, 0.048411957459128005, -0.054194809216088005, 0.13856309939472
0.061038254109042005, -0.062950738208285, -0.052818322390248, 0.036338099820213, -0.038758793325354, 0.15683878555648
0.14177271672504, -0.05858229067279701, -0.18608272805133, 0.031071533135265002, -0.07687766918189501, 0.15542523028455
0.14063285904057, -0.076187439000477, -0.15850008976809, 0.026366308393365002, -0.07873351388571001, 0.135185682748
0.23795668740563, -0.08027326473270001, -0.36731487486506, 0.027825550985271, -0.09518144723634, 0.12964660847405
0.22758035730867, -0.072214372986572, -0.36421167820544, 0.03887779227316, -0.08570391450537601, 0.13106165084627
0.19317443478487, -0.060339193070499, -0.35804142829838, 0.052123205075117, -0.08289802453587, 0.13505437317858
0.16187596829354, -0.062151451289645006, -0.32531049668329, 0.050046586249235005, -0.07915300100991901, 0.13406101754752
0.16487588949584, -0.058845288889370004, -0.30723720775496, 0.046426824275563, -0.071248613522792, 0.13124493347664
0.14907871326528999, -0.06958896132391601, -0.31332311166191, 0.050048887923161006, -0.11429803305579, 0.1304502086954
0.18010595602218, -0.083654451446626, -0.26898630358647, 0.048723001693585004, -0.093669644777782, 0.12716566687541
0.16946770631092, -0.07121445612033, -0.37902072129981, 0.05545931515258701, -0.059048925093344, 0.12636855710427
0.14547777116165, -0.078602522083955, -0.29288399751207, 0.03815833148145, -0.06815108499719201, 0.13069482770203
0.16403734420368, -0.074226535340413, -0.33173798057671, 0.041797707628368, -0.075962830150111, 0.12788952538189
0.16340895188788, -0.073355978640863, -0.30063715274200997, 0.047288970658187005, -0.09292242607551401, 0.1280438940286
0.17673878262365, -0.06931463611822801, -0.29922164216738, 0.042165691237740006, -0.087063301076143, 0.13129526623811
0.16267996882209, -0.06709598758613901, -0.28153485900062, 0.046334282233051007, -0.098630925965331, 0.12776399896787
0.17406316283251, -0.071955916840753, -0.25295947583367, 0.048769302853749, -0.084178006278199, 0.13649594994538
0.13327387821864, -0.07623680255211901, -0.15924747432259, 0.04939722643199201, -0.08878045427957501, 0.13819813229551
0.15017466227837, -0.076815234092446, -0.2835711368061, 0.046603785395307004, -0.089749726400227, 0.13884574262937
0.14081220095919, -0.07185257558633401, -0.16847819106087, 0.05196621590760701, -0.054356272780142004, 0.13776211469408
0.17196303986092, -0.074981701257885, -0.27427621133643, 0.048459433798632004, -0.077334875180743, 0.13455450859598
0.19841041026383, -0.069488591044054, -0.23849455812349, 0.05256453141693201, -0.066926880564424, 0.13146198727105
0.18613156790488, -0.067947303645963, -0.20936626779019, 0.045600325489273, -0.045807500018165005, 0.12602187088203
0.18367571337695, -0.067071880042523, -0.24477807947561, 0.050528634299222004, -0.040466119099171007, 0.13338769965343
0.18592337611559, -0.070628385913899, -0.18457010806756, 0.054515673893503, -0.034421416888806004, 0.1375080085602
0.1494552549836, -0.070925024217624, -0.14588290358577, 0.051210101715776, -0.016033316112177003, 0.13123810537916
0.14429875635354, -0.072626276711443, -0.17382188294389, 0.055953645337566006, -0.023231756885293, 0.13536956077657
0.16295536801247, -0.073027203386306, -0.2263750790896, 0.062555426924295, -0.015052292204091001, 0.1288152980273
0.16626146511624, -0.07717484609745001, -0.19075722576615, 0.054754196196222, -0.00045611504867819997, 0.13219215525544
0.16929467237911, -0.07285710949300901, -0.16500212003675, 0.058909554526545005, -0.0050420623498902, 0.13385847298922
0.1866236478352, -0.07077350527938, -0.14692488638066, 0.055220491887212, 0.011224314496157, 0.13704845078039
0.18718740506496, -0.07161994223241, -0.12766070010013, 0.058237294637260004, 0.0020259100960966, 0.13217590362672
0.13797673083884, -0.069301502820742, -0.11341826888004, 0.066325918671471, 0.0008704724721361, 0.13449736567683
0.072047028860413, -0.080571072663994, 0.094725868198857, 0.049545769638338004, 0.014700722116236001, 0.12730377065732
0.20469211606819, -0.075914467789847, -0.33830749501438, 0.064705229008525, -0.042615155490099005, 0.12139007966268
0.1509933331747, -0.06659847828397601, -0.25379176381762, 0.056541113032293006, -0.029258667812798, 0.1244375984823
0.16913165638473, -0.065888512468926, -0.28984482295978, 0.056605178094492004, -0.031196591458336004, 0.12447953818991
0.15289993459324, -0.064748683331148, -0.23453683929259, 0.055937821720965, -0.030193384335393002, 0.12297525871738
0.15575399633206, -0.068792614160532, -0.24633856193039, 0.052999692613856, -0.021805643348547003, 0.12613061126294
0.14529384740649, -0.06772431954586401, -0.26490432920158, 0.062204619972458006, -0.022273996375265, 0.12163118768055
0.11553746139032, -0.07356301599137001, -0.18141750678392, 0.04486566865007301, -0.042050960972038004, 0.12885460680817
0.15313780472661, -0.070691958858178, -0.32058441665394, 0.052756090938861, -0.042532943763812, 0.12424799640443
0.12663143078815, -0.07287610602252201, -0.27077246188595, 0.047091356457635, -0.032117266579379, 0.12600376039135
0.13854370613938, -0.07154782440320101, -0.23450639898846, 0.051351759894726005, -0.041452034614129, 0.12264704345292
0.14013888814209, -0.07036383865849201, -0.21438512959772, 0.041673902097051005, -0.039315764454264004, 0.12538917290093
0.15257515150464, -0.06770022180394601, -0.23542861964431, 0.054130021289934, -0.042160221499202004, 0.12812186116909
0.16022653534985, -0.07399617061322901, -0.24652677119181, 0.057443042574169004, -0.050320890952771, 0.1311050128702
0.14705470428692, -0.072447230125098, -0.21616929028943, 0.051275612953834, -0.053426895558936004, 0.12647009711568
0.15728959612611, -0.074315253673835, -0.21657726671839, 0.046143450144221006, -0.059829944777611006, 0.11677272137819
0.14426448651623, -0.07562698304688201, -0.21887370948556, 0.056500315430041005, -0.07449416661986001, 0.12048009483078
0.12848362549128, -0.07914771000564301, -0.15742385571249, 0.05259602395027001, -0.061293883658325006, 0.11655513043935
0.1660697861949, -0.067890484598323, -0.34661799094825, 0.051688119745718006, -0.057650892132096, 0.11740388027409
0.13475303494173, -0.06688976332565401, -0.19590523468001, 0.051810104957427, -0.053455878714458005, 0.13003749338776
0.15064687982207, -0.06918648500836701, -0.23762103497586, 0.048137467309999, -0.067445088190203, 0.11999084044798
0.15225106528148, -0.07040236353661, -0.23034424844773, 0.046978875660257005, -0.059971726800467, 0.11759281778653
0.15613688180375, -0.070500224503768, -0.25435549430045, 0.05564346868678, -0.07120184635997201, 0.12193073393134
0.16109456762692, -0.073590388606596, -0.25069394162892, 0.052470584913343006, -0.073813253268026, 0.12043024610925
0.14883833757616, -0.070933591159268, -0.24611404265637, 0.051877474193702006, -0.07798334942738801, 0.11404776133756
0.14518780229547, -0.07235854547482601, -0.26217264410544, 0.05581434627897901, -0.09548893446044901, 0.12317103703996
0.12907946614962, -0.07624299421134101, -0.12961393616866, 0.046633295472309, -0.05545222209589001, 0.12674722612268
0.1403107442107, -0.069565962056748, -0.32202023774167, 0.05912211060319, -0.062152808010340004, 0.12467110841165
0.12620294476321, -0.07540020188740401, -0.14993418689669, 0.052149641826230005, -0.06537594309301101, 0.12747385959064
0.16422409699118, -0.07132171153463601, -0.23128210965509, 0.04608725979869, -0.07624454875488, 0.12393541632002
0.14704025329773, -0.074252506228647, -0.23495041828304, 0.040777603643564, -0.08356928967341201, 0.11925649477812
0.15207435249345, -0.07172042572945901, -0.19263264385032, 0.049322705841597, -0.06918361103982401, 0.1207439705675
0.15223146116683, -0.074690631923986, -0.29132510438041, 0.050550716433864, -0.08766963528735101, 0.11577440623102
0.14560831272594, -0.07289283519364301, -0.17845801914979, 0.054699524547352, -0.067109405346936, 0.11428409922623
0.13699335765784, -0.07355817088309201, -0.21982717532891, 0.052728089103376, -0.077985775133785, 0.12485721008917999
0.09827301143101001, -0.06944567232722401, -0.11984782449684, 0.04804306953504801, -0.097297796655936, 0.12704285649315
0.14358508093972, -0.07421831983143, -0.2937394020397, 0.05282678715078001, -0.084100303465966, 0.12709248314378999
0.13733009294532, -0.067032388864006, -0.25796178408479, 0.045585070798209004, -0.081558961678368, 0.1278776471267
0.15261852881198, -0.07242596235219001, -0.22490446128972, 0.051592719694472, -0.07889545739999, 0.1245476663081
0.15496042156378, -0.068495693013501, -0.22798413521119, 0.04536171959947, -0.072094550935812, 0.12057964254681
0.14516942795052, -0.07230584405767501, -0.2571846647547, 0.048597490746383004, -0.086308876878895, 0.11985481711119
0.14568584252345, -0.07316760501061201, -0.20664233733267, 0.049440625837278006, -0.08025046042160501, 0.11527135841329
0.15812736967453, -0.076572850631478, -0.26021983711536, 0.058468374784985004, -0.09700748047478601, 0.11912049645426
0.12260138906544, -0.079340607318756, -0.10092205828276, 0.054560624901518, -0.066541005213593, 0.12077397361198
0.14922872328384, -0.078103640294938, -0.35375565988166, 0.058528253544722006, -0.082942701355181, 0.11992494498575
0.11376705407293, -0.07915188728036701, -0.18580653273282, 0.054644988357337006, -0.086736828867202, 0.12417406900431
0.16715242042362, -0.078069693047756, -0.23089486130226, 0.053624553732303, -0.081712406943096, 0.11938467760023
0.17077317565177, -0.07512025517746801, -0.23573491976435, 0.050228425410964006, -0.065533685406889, 0.11950290405162
0.17244526559369, -0.07839893487686701, -0.22935167043389, 0.049533223348515, -0.059022031862295, 0.12381182645481
0.16312522887329, -0.074850906864577, -0.22383994708506, 0.047145972513248, -0.053850204628149004, 0.12183584341832
0.16480189265007, -0.071828540055878, -0.21899213055606, 0.048583296973591004, -0.044536501185420005, 0.11928502231853
0.16289010716084, -0.069258870188996, -0.1967359093128, 0.052340451588029004, -0.056370390103053, 0.12576899965287
0.17428596516096, -0.073341919745634, -0.16874058561547, 0.050617548630138, -0.042776106194664, 0.12244717139083
0.18002770372438, -0.076414030062612, -0.24492823347866, 0.055145851290523004, -0.032088738998244, 0.11353453683782
0.16267430395959, -0.08108597856733901, -0.16535697663269, 0.046067764071727, -0.012082980567244, 0.11280483920411
0.17537820432233, -0.08578900624136401, -0.17167825532169, 0.058843937453759, -0.021680063382156, 0.11820104962526
0.18778569386692, -0.08255199149541201, -0.12868689070179, 0.061127577234547, -0.0073743696927404, 0.11204291321334
0.18175324448799, -0.08120586341916601, -0.12694199865557, 0.064592167813184, -0.0075945087820883, 0.11389306411748
0.17178492801987, -0.08367053590086301, -0.09297216899341901, 0.06327779222848, 0.0019271943842319999, 0.11801832757062
0.15258483794939, -0.083054135862921, -0.1298913635976, 0.064253214632674, 0.0017804765484592, 0.12533853507553
0.11302127245513, -0.08132267373653901, 0.007322240462024, 0.056959824314876006, 0.0090886165064153, 0.13017047338582
0.16985425044067, -0.08225317703390801, -0.24171170816856, 0.063510630153708, -0.013767433901102001, 0.12560955425261
0.13683449502813, -0.076865498524131, -0.14024894798203, 0.059340708714440006, -0.0018044797201344999, 0.1224010010966
0.15554483444567, -0.079357055529594, -0.13497046051371, 0.063307751872827, -0.0089969493403195, 0.12317513015358
0.17807032310171, -0.08089479871199501, -0.17283639777366, 0.053705573338431005, -0.0061177403370773, 0.12565731092324
0.1593804679357, -0.08291329459334, -0.15826031277095, 0.054976448865810004, -0.014702941829013001, 0.11609537076828
0.16792723819295, -0.07693285459636001, -0.14865771953635, 0.058164413331631006, -0.0066544095210337, 0.12239003224766
0.13753156076221, -0.086179966919059, -0.15101988369236, 0.05776265955076901, -0.020561222794972002, 0.12261797230415
0.13626219700336, -0.086054382940196, -0.11433562836364, 0.063387467758312, -0.021911063051123003, 0.12938578108104
0.16606480469037, -0.084098554826221, -0.25843190679019, 0.058906086387573005, -0.0098406313394094, 0.12442290678672
0.14223387571458, -0.08228356851690001, -0.15945413644427, 0.057410924666652006, -0.0050484884781866, 0.13570694096299
0.16660679701515, -0.080253741049038, -0.18562050800475, 0.05533982083262701, -0.0050615474536236, 0.13153957121302
0.15932699398883, -0.081180296053416, -0.18197158474959, 0.059727847900213, -0.017060413341769002, 0.12706356273663
0.1694695542694, -0.082239295351793, -0.18205798896154, 0.055127227628579, -0.011657624922923, 0.12155569418552
0.16130022901478, -0.080781584531917, -0.18411221364844, 0.054453792441675, -0.018923966738391, 0.12304875466248
0.16220007945438, -0.081806245180067, -0.17622513735, 0.052423654131231005, -0.013004818103490001, 0.12109983249963
0.14778077946287, -0.079943102241932, -0.21187246790886, 0.059109219211708, -0.028513530473969, 0.11964325936062
0.11402364213918, -0.08258424569443801, -0.066371790035712, 0.054852330095815006, -0.015025495597744002, 0.12407010537346
0.15416831011173, -0.07929579073251401, -0.27453959248101, 0.044834685620788, -0.022774624340565, 0.12231767505036
0.13209927362448, -0.07979875198597, -0.15113331307582, 0.057328123436256005, -0.028357363233774004, 0.12349718783538
0.1575079020974, -0.08190597128011601, -0.19105639357534, 0.053504947205863004, -0.029205686318014002, 0.12623071633858
0.16718098724483, -0.081038741401426, -0.18119769285943, 0.049289465199568006, -0.033806293263210004, 0.11844865292579
0.13843767974518, -0.08064509215281, -0.17221290016178, 0.04876857801635601, -0.023749064096281, 0.12041027942073
0.15068836861564, -0.078083538381647, -0.17352478551466, 0.05110802392441, -0.043366588585582004, 0.11448648736366
0.16877566942836, -0.076089346245527, -0.23861906751691, 0.052767531428899006, -0.052180012601651005, 0.12033081951633
0.14352649925533, -0.075759654992641, -0.23277727040278, 0.050152457002764, -0.052717576229949006, 0.1275155676039
0.13584589703782, -0.08667386877466701, -0.12904700898566, 0.054937079877221004, -0.043671501471756004, 0.12580439949758
0.13567621389616, -0.084635051953464, -0.19656270196118, 0.049615526504067003, -0.049411044692592006, 0.12729986509079
0.1351923660705, -0.09089090716348401, -0.16415471756496, 0.06203076348383801, -0.038340461997718005, 0.13155877126505
0.12623560846468, -0.087681746782757, -0.14296137989277, 0.056279296165725, -0.047077217364291005, 0.12153705320545
0.1410177914408, -0.086607217717012, -0.17381610027013, 0.054418326864983005, -0.058382408690473, 0.12498404616152
0.17163358882453, -0.08359854406122501, -0.19836993269832, 0.05601960869674501, -0.047144500471178005, 0.12063211333804
0.15536915671197, -0.088547528776657, -0.22014964660083, 0.055048382280615, -0.055730085700141006, 0.1240110131626
0.16780617384443, -0.086785938142152, -0.17372335500035, 0.052772010837628, -0.048863690434876005, 0.11385409566154
0.14637923863401, -0.09715050562949001, -0.22816995225418, 0.062166805791481004, -0.07149708146340601, 0.11349113903424
0.12389318905098, -0.095354653443266, -0.08970949651999201, 0.057135352722867, -0.061193554117802, 0.12442268378748
0.14267374198361, -0.09724186693912501, -0.2520215988723, 0.06871959120417301, -0.054015566272070006, 0.12259660814497
0.13043940847946, -0.090826595899357, -0.1896080429665, 0.061171606802623006, -0.049028044041676, 0.1198643292202
0.15342994654286, -0.10050700248985, -0.19966248061437, 0.058510137483038, -0.051818808315965005, 0.1178690383032
0.15196504832804, -0.092298162411018, -0.19145457719885, 0.061324758218335, -0.045049545407168004, 0.12225044589264
0.16506821607056, -0.08830310584519101, -0.2319253951074, 0.05799499674760301, -0.05512615223292901, 0.12238100065882
0.153573425028, -0.090602600321542, -0.18110290517236, 0.057003651099775, -0.061077069641410006, 0.11525277055474
0.16588078740961, -0.09470479632239001, -0.20248291082372, 0.059150080416035006, -0.054814650519346, 0.11350923374059
0.13758037671437, -0.08947905922070701, -0.17337362730838, 0.051699482625452, -0.066926654688277, 0.12072192797929
0.11080035739991, -0.096868736177611, -0.035428287345531, 0.052476214558952, -0.048023909582833, 0.12599827199792
0.16503266211361, -0.09003171930112801, -0.32122968664254997, 0.064865387281172, -0.06439211806077501, 0.11477709244373
0.12312243359429, -0.09582917617136001, -0.16241570795205, 0.06465295661166501, -0.051855281132469004, 0.11656775812649
0.15967437953462, -0.087327031383905, -0.1970977551921, 0.060644308437558005, -0.048714555645583, 0.11899254586211
0.16946376852931, -0.09010758592452801, -0.18640580815817, 0.06368297166520101, -0.046645006936844, 0.12642378754871
0.17437422128509, -0.082640256926718, -0.18961552721411, 0.061770536047084004, -0.06400779742908701, 0.12611770146058
0.1822797693467, -0.082739055317903, -0.20752212438713, 0.065780794054522, -0.054472690079031, 0.12525853340668
0.17454177337505, -0.078792977098983, -0.16733326247623, 0.058708480441022004, -0.04501895544378701, 0.12480382749213
0.14540404639537, -0.07875056029773, -0.095201340947661, 0.057802737191724005, -0.032652779505118, 0.12882652758818
0.14377686089755, -0.07747994995334201, -0.12207593857326, 0.058545946339909005, -0.047319832650022, 0.13336375842207
0.15630960610085, -0.07559744334393201, -0.15500432506988, 0.060790312357404, -0.041236647630323, 0.12904494084373
0.15526902967954, -0.07645302992271501, -0.14726841597266999, 0.057942171536570004, -0.036247107420043, 0.13253297145139
0.17394780509613, -0.07871941944612, -0.14509726865828, 0.057714541130147005, -0.028013640505889004, 0.12744718607616
0.17081842101825, -0.081112874041337, -0.12179046337267, 0.057550175736522005, -0.035303661117857, 0.12286250878087
0.17566047346842, -0.07700836034361301, -0.12601791755294, 0.054004682140556, -0.038079733181948, 0.11952955723513
0.14311813986828, -0.080739724137402, -0.12957868353343, 0.06252384560203901, -0.04913583508094101, 0.11060620835973
0.14037583288718, -0.076438610205385, -0.11259683285862, 0.057929175518809, -0.056487588980329004, 0.12714961306084
0.11007846366614, -0.08154997663937101, -0.067151558659441, 0.05762162652982, -0.057568518488427006, 0.1243561489477
0.16540042477063, -0.07894067651650401, -0.27903654278176, 0.057660828741016, -0.053732736237567004, 0.12025910811708
0.14960257803444, -0.08217048102619401, -0.15956948442224, 0.05926027109897301, -0.04521466049204, 0.12054093898194
0.15934710467971, -0.08012759962395101, -0.19328398968854, 0.060415224011618, -0.044065066654593005, 0.12155087553464
0.15159979193401, -0.08116373273200701, -0.16250606121956, 0.06230841100499201, -0.053958166359219004, 0.11746473398043
0.16563263347707, -0.08239452053405401, -0.17527938844852, 0.060110536418518004, -0.049094437596450005, 0.12052573888809
0.15375653603192, -0.08187922653226401, -0.18815934428161, 0.064943311049533, -0.06151183797706301, 0.11626599573118
0.15844676001197, -0.079806439536618, -0.1684404969088, 0.062478253698450004, -0.057190634557743, 0.12408302777779
0.11460067314459, -0.087502437898666, -0.13992235190038, 0.053729021034235006, -0.06861296494986101, 0.11514386097427
0.13053774687041, -0.091627059228815, -0.15415872640548, 0.05642081696660901, -0.066418187767269, 0.12137204076235
0.14954615494323, -0.08322941557092, -0.24748854535953, 0.053112639617619, -0.049734098684965006, 0.11894138344016
0.14058440215191, -0.086270597487952, -0.1712690494704, 0.051254676784690006, -0.059378042430916, 0.12268560939537
0.15414706877724, -0.087039869878198, -0.1937043938424, 0.053110321382449005, -0.045483767411499, 0.1190485514997
0.15061773096538, -0.08407703161794901, -0.1943949938295, 0.057263100961253005, -0.059643685176681005, 0.1185084987518
0.14765265282171, -0.086978216109104, -0.16986939411645, 0.052378803525281, -0.056853247275154006, 0.12623499517037
0.15980990184237, -0.082833510586112, -0.1865762078694, 0.054155980976083005, -0.059703103418196006, 0.11981988148509
0.15048316224827, -0.08480457146134, -0.12946578539471, 0.052966588278293, -0.045073563709106, 0.12112064742456
0.13358839139179, -0.090948693279397, -0.11319764103441, 0.052324324856236004, -0.073849822634444, 0.12310937826254
0.10481973877374, -0.09699322333214601, -0.039870998918195004, 0.06289432866231601, -0.069692161981054, 0.12732490199546
0.16361811921351, -0.08460994982275001, -0.26215382777652, 0.058298173146208006, -0.059474387884799, 0.11957042563912999
0.13112042456089, -0.09554743741143301, -0.15800333163432, 0.061248270594838006, -0.057074495393031006, 0.12160068453083
0.15986006909633, -0.09084699527304001, -0.19188857426195, 0.060768051081225, -0.046875762781917005, 0.11965760400808
0.14956917923843, -0.091422998626164, -0.18625378808614, 0.05422101064135901, -0.053313142468898005, 0.11606536224644
0.13896213883106, -0.08794478099883801, -0.15932182493388, 0.054773934529122006, -0.075946395343939, 0.11869632570445
0.15289796800063, -0.085372023768228, -0.17885479767711, 0.063445175842977, -0.07955289640127501, 0.1188372727238
0.14354763893856, -0.09480292533647701, -0.10896708300446, 0.06586644826514, -0.06807674545638501, 0.11575495407814
0.11730446864238, -0.11070607448323, -0.0016077566082157999, 0.063265341415161, -0.053153518935729005, 0.11968098707726
0.12793095852425, -0.11315054803784, -0.05415142807888101, 0.062504350430229, -0.080227576523031, 0.11858580006285
0.16436660524507, -0.09189795629634201, -0.19544406663255, 0.08310719115800401, -0.076923314766277, 0.13031322150103
0.13333427376852, -0.10158463562565, -0.13491956092828, 0.070039234988626, -0.074952646012569, 0.12855472510715
0.16428942300111, -0.094993329183331, -0.13997418822084, 0.07215690442153401, -0.069937854851395, 0.12428358181347
0.15528406728525, -0.09185032903215301, -0.13029625241971, 0.07389466715416501, -0.066693902180791, 0.12123170884811
0.15087550216858, -0.095744736282559, -0.12508765308201, 0.069042275683837, -0.06770737170528701, 0.12428819147523
0.1546802237431, -0.094535610361757, -0.16803510267026, 0.07370672600295901, -0.074094627712379, 0.12197541365154
0.15455807964397, -0.10011494274866, -0.12677282838474, 0.071068847252877, -0.07585320845844301, 0.120558074664
0.12955628665179, -0.09769190084351301, -0.0452993323499, 0.072964956025139, -0.05931009002958901, 0.1297531051664
0.18326287057927, -0.09665732227340101, -0.19902380988521, 0.071757625705769, -0.053093293889558, 0.1259614560838
0.13486599540086, -0.09756628319812101, -0.11378939107882, 0.079580350603352, -0.045908808993006006, 0.12770681003387
0.16445890835719, -0.097299017686941, -0.18692798243422, 0.075473744749565, -0.040132113473904, 0.12736399722798
0.15554593893498, -0.09264581368843801, -0.12869200878944, 0.065746217239044, -0.037826091148754, 0.12524753271105
0.16770619112793, -0.092291257234049, -0.16501488187918, 0.06742611389724601, -0.022317763187092002, 0.12465173637461
0.1679829419286, -0.09059981481370201, -0.16926449655292, 0.06858846915165101, -0.026606416050084004, 0.12163750419141
0.16226148973758, -0.088497306972771, -0.1312131477831, 0.068798251080267, -0.012365800391067001, 0.12672001564762
0.16877465393236, -0.091120786358173, -0.16526284848293, 0.069891108568852, -0.031079482379417003, 0.12207538206618
0.15506338519284, -0.089381320942246, -0.075335239263212, 0.06849556912273501, -0.010760784076555, 0.12213250860683
0.1818867624058, -0.085304896282101, -0.20580536031963, 0.069817792640013, -0.020198598112349003, 0.12011661927622
0.14116606860064, -0.09148942041577601, -0.10210097766208, 0.07146829544252101, 0.0017364563292375, 0.12219545350778
0.15636546160254, -0.093359461696986, -0.11860323387824, 0.070578599841167, -0.012754103937474, 0.11986710831578
0.16335188945191, -0.08438463911101801, -0.12202030883653, 0.066988074395914, -0.014447885539787, 0.11891563906087
0.16848461391306, -0.091320290186316, -0.13440113736718, 0.07156440740705701, -0.014331441193286, 0.12111291583527
0.15619316779433, -0.08628027801394601, -0.14126675554577, 0.071252169965966, -0.031927502703040005, 0.1171932143896
0.13822089467974, -0.094412635351169, -0.12926363584201, 0.072250715424254, -0.043362791156808, 0.1239842617873
0.13213937355978, -0.09442080311098301, -0.13789512234908, 0.07055190420219, -0.04781871500103901, 0.12533049367889
0.16325133519644, -0.087549014205205, -0.24901898835673, 0.071517932375126, -0.034058650027864006, 0.11917719202604
0.14142218037076, -0.094965664872125, -0.16636770214671, 0.07725894563233, -0.03595988781283, 0.12353563725778
0.1579871663286, -0.09515723398058801, -0.14190020297853, 0.071561779130259, -0.042233876732272004, 0.11997627620182
0.15584253400774, -0.09365276406782201, -0.08840841515004101, 0.06740344500980801, -0.04015843946768, 0.11906284944148
0.15907371513044, -0.09624011442376501, -0.08534720504219101, 0.072304798220852, -0.050250934575483006, 0.12436189937591
0.16263513513927, -0.09207748285035401, -0.09912589320387101, 0.06928969889014701, -0.061013196209986006, 0.12355318808227
0.16461221657786, -0.096126184866562, -0.090858309628413, 0.070343783061162, -0.06612563011919201, 0.11793195212378
0.11848847813257, -0.09818904790764, 0.0011206606757899, 0.062068548640165006, -0.059253673983524005, 0.12018849682317
0.14999859347437, -0.10800826126396, -0.06278670580304001, 0.073123399453849, -0.07578219565445801, 0.11570992963974
0.15843689921379, -0.097849395784912, -0.18575746596712, 0.08045308566261401, -0.06423461801399001, 0.11618126676986
0.15147003765134, -0.10231919849155, -0.09635961053772901, 0.070932588311963, -0.06493887600609301, 0.11993397215642
0.16255913564874, -0.09840232140483601, -0.12172418872621, 0.06611969127487201, -0.06177713904752301, 0.1162526680924
0.15800240285128, -0.09837967436184801, -0.12648893017009, 0.06958304442476801, -0.058777648681950005, 0.12069928628024
0.14836555959428, -0.09730152230077901, -0.13190257685617, 0.064370151365906, -0.065793928315453, 0.11555977925625
0.15346236531935, -0.09340645026241301, -0.13849371080702, 0.06653955109573101, -0.073146649428941, 0.12403723448614
0.15753320906147, -0.099091087083868, -0.10088726725258, 0.066063278024521, -0.064577893508778, 0.12165838638151
0.14168664796543, -0.10682347898892999, -0.119047020486, 0.061938556986422005, -0.07727881695729301, 0.12467809286456
0.13214514034516, -0.10547271228893, -0.018292502801605, 0.07024447267398, -0.07207233114540601, 0.13581582383464
0.14212864067421, -0.10373430719774, -0.18614593289537, 0.06333079618751701, -0.06412183254657501, 0.13068892475769
0.12537535708305, -0.10228530854493, -0.086478195475381, 0.062054212521450006, -0.066575926522852, 0.13208452645485
0.15148417152095, -0.09657195734996801, -0.09530479712529301, 0.065146613295561, -0.048864678875855, 0.13481405757037
0.16110547834292, -0.09856068238276601, -0.1224445980912, 0.063552959539205, -0.06319691753786601, 0.12594093829952
0.16731014425698, -0.10570126090845, -0.10545190436785, 0.069264066238721, -0.068175122089355, 0.12676116102378
0.16622544304812, -0.10634957272813, -0.12471660883229, 0.06402638332260001, -0.05670908536415101, 0.12455690606612
0.16596809026565, -0.10635526153146, -0.1020262785546, 0.073025144967425, -0.060075954368709, 0.12760699565233
0.14155618807385, -0.10707441364691, -0.010113515164959001, 0.061262314339122007, -0.050781030254115005, 0.13138949234092
0.16624339291202, -0.10152245580618, -0.18766022318443, 0.062680031871459, -0.041090213650088005, 0.1233710058989
0.14744944420182, -0.10087774311117, -0.055196333872343004, 0.066937370411089, -0.034196473550993, 0.12305044859119
0.19406404506769, -0.10391112519877, -0.16485921594181, 0.068491955353845, -0.038613870261632, 0.1212963922385
0.18368437951469, -0.09579263231808201, -0.14573111978464, 0.07473948185340701, -0.028699367506318, 0.12045928266328
0.17193280426786, -0.09847607105745, -0.09944738213401501, 0.066145306390366, -0.018348376065678, 0.12068883905994
0.1777953997568, -0.09564096147084301, -0.12634232459849, 0.07584046060629901, -0.013993744966682, 0.12029440936415
0.19248608980551, -0.09840976670039, -0.09581273392377801, 0.072561760070419, -7.466056966299999e-05, 0.11840621584397
0.16673351761133, -0.10293405407599, -0.034159548891293, 0.07356105043091801, 0.011772834873200001, 0.11953553104378
0.18116002659262, -0.1033046433787, -0.13284473811145, 0.06991804786172201, -0.0035160040401831, 0.12010530685955
0.16016156183726, -0.09994927689578101, -0.074689894940746, 0.07761420193745801, 0.014713776700442, 0.12091830024505
0.16516718421519, -0.10069881624698, -0.09480972118706901, 0.07065643924916, 0.0006993848611969999, 0.12168735347745
0.15947167065156, -0.09695774423150101, -0.038535689864306, 0.07205146075750901, 0.016318068555005002, 0.12092894189909
0.18202528245156, -0.094527749823021, -0.09746778823160501, 0.067677809811752, 0.0094240983975433, 0.11196929566847
0.18139310783815, -0.09575852022362301, -0.077722374927864, 0.069066519365196, -0.007275674262353, 0.12152469437227
0.1771586279984, -0.099353243098873, -0.11128407968132, 0.068374808382994, -0.018976776400936, 0.12522307502213
0.12268645825838, -0.10117622318162, 0.028828042717809, 0.055668482469099, -0.0056533445216778, 0.12958473247781
0.18449827760325, -0.09515869244389001, -0.25045228662518, 0.07048107277530301, -0.025133931465531, 0.12276147891088
0.14301467781416, -0.10043468186883, -0.14716368222041, 0.06628993507113401, -0.02778159737632, 0.11990836455583
0.16580373277062, -0.09838738967587801, -0.15023576440639, 0.067760315029218, -0.018921394548089002, 0.12367133355428
0.1681580852895, -0.09794206003454901, -0.15890032310468, 0.066935111444316, -0.021971618953338, 0.11871462854968
0.1671197688084, -0.09925778355160901, -0.11527812260954, 0.06924598714825801, -0.018719612170669, 0.1266859749857
0.17095784112058, -0.097787096990607, -0.1757675611877, 0.07079251256843501, -0.029690720398197003, 0.1256796897448
0.1502899313684, -0.10261925848397, -0.13871809199036, 0.078608530492383, -0.039756362231954, 0.12367230030008
0.14747860795953, -0.10372720318998, -0.14067926771935, 0.065805989575331, -0.054537614991094004, 0.12735663752449
0.14695833585806, -0.10471897983009, -0.22030330774776, 0.071892590564492, -0.053440526956552006, 0.11954104483137
0.14097137856532, -0.10457694053114, -0.13044284269, 0.075198202461894, -0.049968149775442006, 0.12849939243029
0.14734492056757, -0.10010553134901, -0.14125336813708, 0.07225036658273401, -0.05952593727038501, 0.12612114583317
0.15575879594608, -0.09992102686933, -0.11698905907272, 0.068011480870428, -0.051206472867335005, 0.12253374028257
0.16995033492222, -0.095344668321985, -0.17028748182804, 0.069495022208377, -0.063580052779099, 0.11803187703632
0.16508511884322, -0.10025733460506, -0.083976477370915, 0.070458319186841, -0.057112655671331, 0.12342456734991
0.16064943092352, -0.10056181771785, -0.14492592748183, 0.066950896774374, -0.06618791360966, 0.12687128803563
0.15982308688165, -0.10378596282441, -0.060425881193937006, 0.06640720673738501, -0.06682246844770401, 0.1140171932487
0.14980968602307, -0.11070947170564, -0.04057788444362, 0.07037525766011, -0.06957264452393301, 0.12394909975053
0.18296605697232, -0.09602574042153501, -0.19293777713495, 0.073856392178757, -0.06462211232725801, 0.11635230117809
0.1528471612039, -0.10761131360796, -0.08087969723378101, 0.075447724721188, -0.06195376907309501, 0.1133657003911
0.17528010732948, -0.10013288795462, -0.14432495352293, 0.064344742506343, -0.067451657747748, 0.11144560639532
0.16671337117383, -0.099406184250173, -0.075658956683178, 0.070360420633736, -0.059952915678364006, 0.11838424638352
0.19120707156306, -0.09984160563661201, -0.12632095637208, 0.070767482974935, -0.074276339765387, 0.11887981866304
0.17542209781606, -0.099646297269738, -0.12219556777445, 0.06459193673392101, -0.079955640829483, 0.11297933551756
0.16644675168543, -0.10015583590394, -0.10352581083899, 0.07347882400441001, -0.08168256597635301, 0.11604292484747
0.14595404907488, -0.10301199192317, -0.018502695227448, 0.06226863619173301, -0.07744753737496801, 0.13004305877959
0.1870733172239, -0.099358387944807, -0.18984857779671, 0.06594668014148601, -0.07911409850087, 0.11918948038416
0.14833701735777, -0.10184064262313, -0.135160279024, 0.064083188251165, -0.05751136427752301, 0.11008419300969
0.16914118440598, -0.09665864374815501, -0.11142033867638, 0.058579267802777, -0.078662011365786, 0.11139460961623
0.15229190704062, -0.09734468313449401, -0.072506494242369, 0.06518050917894201, -0.073135065156485, 0.12163416144376
0.19733818205518, -0.09389852490156601, -0.14057063162389, 0.061388367260705005, -0.078829255223075, 0.1135119002554
0.17660816543456, -0.09740301778488, -0.090421477084574, 0.061709097617185, -0.090609422210442, 0.11980341671013
0.19376952105737, -0.097689099872518, -0.13106835801944, 0.06821422915665601, -0.071047832724001, 0.12088969395023
0.15471538493654, -0.093932869001751, -0.07136690566012001, 0.058107583618434, -0.07887684393383, 0.12947781927876
0.17840119681733, -0.096358869185277, -0.17491324808589, 0.055249430185298, -0.079943628203527, 0.1268577179367
0.15187519054243, -0.09344439599130501, -0.10943180709557, 0.06081581039623501, -0.043818233300877, 0.12208621408222
0.18136623143026, -0.09389399644912201, -0.13265126405105, 0.059780368335528, -0.055973594069547, 0.118609162425
