Pichu
0.0, 0.0, 0.0, 0.0, 0.0, 0.0
0.017537130417889003, -0.0039419421061262, -0.095997993245566, -0.010721256704172, -0.0060569867591964, -3.24665188737e-05
0.032318839109301, 0.0010094664543881, -0.10123199563799, -0.011144802634456, -0.013751931868988002, -0.0028481261797724
0.04750239916274, 0.0041704620738452, -0.13838829936968, -0.002512291225357, 0.0015027802175797, -0.0009400085916030999
0.025555057649652, 0.0023388592724422, -0.17117527587835, -0.0031394275214579, -0.0074570109587968, -0.0099863381457778
-0.0060214394347445, -0.0041931448773127, -0.05942936251718801, 0.0079718378086463, -0.024202729422993, 0.0081128007901074
0.0036776685287227, 0.0024272406198899, -0.17149375804397, -0.0029369647175213, -0.069441290794894, 0.010770126369673
-0.0046775253945896, -0.0005687512538382, -0.1958333687776, 0.0048344279413914, -0.04320373573905, 0.011115252048662
0.0068415577054463, 0.0048878388450147, -0.18804299777157, 0.0023395540630058997, 0.018617696156729, 0.0065156061430943
0.0066933003506308, -0.002752626356102, -0.14606145466419, -0.0064867405692068, 0.016902050233829, 0.0039872321183179
0.013318012852448002, 0.0003964566515262, -0.15657745115584, -0.008744113440841, 0.0066868660255217, -0.001662949654494
-0.011021766255954002, -0.0038021943374039998, -0.062724423595617, 0.0091611546758741, -0.019458469955395002, 0.011952407631394001
0.0051434679505821, 0.0001808231958801, -0.14699852672558, 0.006028168135223, -0.07758895105522201, 0.021655097901832003
0.011154960598563001, 0.002160311873723, -0.22122872492753, -0.0067567701862183, -0.059243432432946004, 0.013443248533317001
0.014484551971700002, -0.0013400594698585, -0.1700401191643, 0.0036348347298003, -0.0093579648607923, 0.0068697577859914
0.011953318106252001, 0.0060704453280695, -0.159150264376, -0.0084703909651431, 0.015650715077926, 0.0008566183559371
0.019377760859338, 0.0043258427956394, -0.17401325709542, -0.012458131950158002, 0.012401282142837, -0.0059902778050173995
0.0106059119677, 0.0035103663964409, -0.17393911557059, 0.0043289245325802, -0.0082232608656227, -0.014229040310174001
0.025928287788656003, 0.0042575391917891, -0.21045989995503, 0.0028395883756782998, -0.027157862980608002, 0.0056820147513899
0.009576021145993199, 0.0052317228131308, -0.23501994669629, -0.0022170139072, -0.033011504074591004, -0.0016533850033233
0.022152076494267002, 0.0001492126043308, -0.19797917577252, -0.001593052987234, 0.011523292759282001, -0.0051756735793471
0.036594754347717, -0.0011244934153261, -0.20060986571479, -0.010808351833079, 0.026497559493129003, -0.010660645226407
0.030876064919646003, 0.0007750554510953999, -0.17774085930818, -0.0072960977997642, 0.010740029044309, -0.014432473474709
0.010697889875169, -0.0006100022285231999, -0.05347014274720201, 0.014163715875603002, 0.015091329506042, -0.0068044274387047
-0.0013742010338188, -0.0035645984442288997, 0.025751515322495002, 0.015455615241506002, 0.0032798205084189997, -0.0026658751774712
0.032859276664526, -0.0055959550060046, -0.062824787673935, 0.0043290755394018, -0.024978760686288, -0.0010831488752939
0.028415945866828003, -0.008208908300573, -0.041173202143423, -0.0002855992533317, -0.026078576212507, -0.0017457101996275
0.04464577557976, 0.0009168347608055, -0.07804165132016701, 0.0026434680149752, -0.027244963178063002, -0.0078575661139022
0.042975575944677005, 0.0087426222204939, -0.10186669258429, -0.0008565958486187999, -0.026828794039497002, 0.0021020144688523998
0.027098826319456003, 0.0006256380555612, -0.07286384413564101, 0.017645739446876002, -0.029606662806831004, 0.0047040413938615
0.035061937995318, 0.0011766206889007, -0.10887497604248, 0.021689170905406, -0.085549514138958, 0.0096365137412813
0.029966487534617003, 0.0020949995829524, -0.18710010928668, 0.002452705967452, -0.084309520901133, 0.0094973884102679
0.027007272684569, -0.0043489439883504, -0.14482103731369, 0.0011623384835823, -0.046559395753306004, 0.006854198355327
0.036138024665916, -0.00043304736779199997, -0.12532218284708, 0.006264537441682, -0.012177259683817, 0.0024404961182305
0.0088716738875, 0.0029185052307046, -0.14762970530908, 0.013404217931884002, -0.016433202113731, 0.0061542035818327
0.010223684178541, 0.0026169771430225, -0.1461489576895, 0.026800748656277, -0.016268197658931, 0.011937400321719001
0.018194946972538, 0.0048145059727727, -0.14227305967946, 0.018962665099945, -0.036796797226509005, 0.016174412212062002
0.011367452853797, 0.0040004015623921, -0.20282384506837, -0.0088701863445121, -0.0048758387779174, 0.0074930166644426996
-0.0030427706476432, -0.015744120864011002, -0.16070735717853, -0.018865731040423002, 0.032254761154689005, -0.014660987284226
0.015231469395107002, -0.0094320239445734, -0.19489312165026, -0.025469195966869, 0.047486189799192, -0.022563342881394003
0.040217875858283, 0.0048083802421025, -0.23749841263576, -0.025990917146201, 0.025106367533491002, -0.019874342881439
0.054747204721088, 0.014982812597287001, -0.27497188407674, -0.016969201408157, 0.013287361891930001, -0.0011739744017809
0.047398832608083, 0.0091022866340529, -0.23428914476462, -8.4676845488e-06, -0.0036183012960255, 0.0072579382961516
0.042229220792152, 0.013666485084495, -0.25461527687834, 0.0004455075107285, -0.0089248600315646, 0.0073014364229977
0.02252460658758, -0.00032214701568349997, -0.17140835501876, -0.0033629490372616, 0.0069670331413848, 0.0049882138810823
0.043569614567989, -0.004725977431319, -0.1175245200699, -0.010416379897164001, 0.025203950509001, -0.0043419390312409
0.043427171892372, 0.0018281889205144, -0.08977114534646001, 0.0022774576575029, 0.012539352616590001, 0.0014883086869665
0.010183747093331, 0.0008696418942628, -0.0028534543824487, 0.028338072802703004, 0.017354269846293003, 0.0079707874893195
0.043367631225286, 0.0037307985090508, -0.07601315262142201, 0.018224390362575, -0.03149337047385, 0.010764509845190002
0.055835242882750005, 0.0009661656490676, -0.17522394606332, 0.010155687513065, -0.026174387157348003, -5.2208655005e-05
0.052970039620611004, 0.0030119978468608, -0.12111077576856, 0.003092082891371, -0.013353587106126, 0.0074722133351052
0.063676385205766, 0.0036625591720849, -0.12476666262989, -0.0021706029924905, 0.0033459220270547, 0.003285343781313
0.034326530362126004, 0.0054181761694723, -0.12614631858978, 0.010235926779568002, -0.0079356849055851, -0.010332007352504
0.011364240548426, 0.0034435130240539, -0.081387308812535, 0.014734175309456001, -0.013903863522629002, 0.010817927400236
0.029016860539070002, 0.0059562684427388, -0.1504499771751, 0.0042406801622041, -0.06505573880220601, 0.00047829992015049997
0.013366108530077001, 0.000920610350045, -0.18791811363273, -0.0025709234185052, -0.048496852089388004, -0.0064747783269946
0.023328333078954003, -0.0017923583924161, -0.13352344992223, -0.0020873153092894, -0.01470422460863, -0.0052211835715350995
0.036259136652388, -0.0052203657734020996, -0.10645055636958, -0.014270401757150001, -0.0031608389081211, -0.015792916358703002
0.03024577802442, -0.0046251893101399, -0.11373973746128, -0.019153287025607, -0.011657032817381001, -0.015598584895694002
0.020641435797531003, -0.0081024422231025, -0.088991407460178, -0.000851030030649, -0.014310717244054002, -0.0045666741556005
0.023818978627891, 0.0011548043622137, -0.12412475300966, -0.011033204052641, -0.05913241736928, -0.0021546822056149
0.027737375850135002, -0.0012276920964738, -0.22551072058158, -0.011479918990974001, -0.035018863872193, -0.0087641660794415
0.021119422529117002, -0.0069245725827477, -0.22423356710013, -0.0070093899892919, 0.014220186338607001, -0.011930473421544002
0.021838149769074, -0.0046479913412774, -0.22803368856518, -0.017930604649750003, 0.043025420419792, -0.017573513570184
0.0069974410732987, -0.0005040805666889999, -0.2379964927047, -0.030493817461753003, 0.034861906884564, -0.013342948177051001
0.01603648161306, 0.0011928772469491, -0.19584730906142, -0.012254143272581002, 0.023053504892829, -0.012929611377525001
0.040733883844667, 0.0005550921030614, -0.072878488879973, 0.0063342627982943, 0.0022917297962591, -0.0046940347018266
0.018831870235573003, 0.010588736183242001, 0.079656404804558, -0.00162151856016, -0.026535944729639, 0.0055071963495755
-0.23656731750289, 0.058463126030646004, 0.46371678312762, 0.0030262393865517, -0.011998409771109001, -0.030023410701182
-0.3416742396959, 0.050864030973710006, 0.71474193542026, -0.090609890773009, -0.29151852956992, -0.036238696768254
-0.3052642411123, 0.07833614439544101, 0.81376188075469, -0.085203619284797, -0.30410201664995, -0.020401826294978002
-0.20338624481557, 0.038148936928967, 0.70876028372584, -0.06687592537080801, -0.28057877633875, -0.017817826411628
-0.12824931387371, -0.0083355131823167, 0.39615042842622, -0.071388779045596, -0.21251568026268, 0.040950793033314004
-0.057758359283030004, -0.012399729094293, 0.33321084428941, -0.021438731239578002, -0.16864262741704, 0.011844924966642
0.0016284408728699, 0.0031803843503865, 0.31579847536361, -0.0007075729053403999, -0.14370942446267, 0.015040216423862001
-0.016503983417175003, 0.00698809170017, 0.25030377723057, 0.026206963994237, -0.015376436897266001, 0.020331878741456002
0.08809335677971401, -0.043865760784983006, -0.10321201732334, 0.051425555506568, 0.24512228278053, -0.072025469405479
0.11822196341247, -0.029939591433447002, -0.24539529194315, 0.058854260091311006, 0.31774697739857, -0.09344112746099201
0.14185930042975, -0.017196785654173, -0.48680037034942, 0.06383491464575901, 0.40454299004251, -0.1068603392156
0.07297576486556401, 0.019826162802896, -0.65087797743585, 0.11236275251488, 0.45150797218982, -0.088537525540545
0.15497944741091, 0.046449315230356, -0.73356342526109, 0.14358972845756, 0.32456876077364, -0.044890153070397
0.051437349478875, 0.082832297369306, -0.31244863957816, 0.12439396334531, 0.082903451200539, 0.034689476488718
-0.15807804742343, 0.10219177711446, 0.16529223236014, 0.042076062613636, -0.10462010679725, 0.056654348850104
-0.34069453531604, 0.12017707877548, 0.49444886089325, -0.019527276683514002, -0.32823349991472, 0.11942780903679
-0.39904478533142, 0.14185583138816, 0.73135124976274, -0.071580071088541, -0.46977125606013, 0.13215324850519
-0.45963758407134, 0.14566585704717, 0.91659752443765, -0.12509671250801999, -0.53446025493035, 0.17481996209821
-0.49128814257449, 0.16083644917899, 0.96187128887658, -0.18527782464627, -0.59850482393904, 0.1954683053081
-0.50223628823861, 0.15256488161553, 1.0763677073057607, -0.24061522910534, -0.74759801842998, 0.20336845172488
-0.31578291158747, 0.11360453302265, 0.91288677688107, -0.17102985275645, -0.6190305986792, 0.15354993833572
-0.012996881718915, 0.021039663596644, -0.081735820784786, 0.020942710093764003, 0.25416057021837, -0.038835305809885
0.14798187205677, 0.0075558307784683995, -0.70074225680476, 0.053645722266724004, 0.72663117849366, -0.14485399587952
0.27010856599234, -0.0030766983351044, -0.78151834089241, 0.07719704456184101, 0.78859531588764, -0.17278426643719
0.26230464766964, 0.018255752131614, -0.61955760302333, 0.06844044204784, 0.64783745775262, -0.1394982384646
0.08148044435828401, 0.038260744569064004, 0.10677884895425, 0.003131904129442, 0.3187636949654, -0.06028081042674101
-0.45775465246496, 0.11670544063887, 1.0729440943170956, -0.06188594540844, -0.10142645598086, 0.041791345527737
-0.88216898310062, 0.19166790037066, 1.8295716185977113, -0.12374536208538, -0.38137835521537, 0.1017669585651
-1.0476234196145784, 0.23864887871699, 2.330667911634187, -0.20316901551126, -0.58508819733739, 0.15329288572999
-1.067436724933688, 0.25137198454785, 2.5666671593664847, -0.28314408518645, -0.8132474814918, 0.1936785956007
-0.56069032950683, 0.14109843292548, 2.2251951132799306, -0.23246157910551, -0.91767609279312, 0.15047482259998
-0.026247787146404, 0.011755923797179001, 0.8688797165091, -0.018603158050676003, 0.35012378900061, 0.021761497516323003
0.1119465596704, 0.0072304763457673995, -0.038379275582183, 0.13288574738286, 1.2688554986938987, -0.11848179970278
0.08140024406333, 0.0082034321797257, -0.34547153440294, 0.16436388642961, 1.5540234236710175, -0.22620794599725
0.19602690768217, 0.08834554508098601, -0.21970988828614, 0.057066453702907007, 0.98877481411692, -0.14313900591458
-0.37378934698154, 0.13988275299239, 0.88040568506521, -0.13988905291082, -0.16874275998961, 0.14385383131212
-1.2504187391141544, 0.27911859736535, 2.3766244657975886, -0.31500090178784, -0.54431661668603, 0.34584924075094
-1.5566151840488174, 0.32760221236974, 3.1597082104035543, -0.44722813700267, -1.0180866194994778, 0.44444467502375
-0.92827749971883, 0.2319127957339, 2.821183675505876, -0.51031220425825, -1.366073135897137, 0.35227008537379
-0.14554754382509, 0.032680249976642005, 0.81493269102249, -0.09181224128968801, 0.7039647057427, -0.195447092907
0.13969935958009, 0.046906418816317005, -0.14850016113259, 0.09812551421993601, 1.754248698313306, -0.28983161473342
0.24698217109364, 0.08665451467139301, -0.17270766532312, 0.030338725917049003, 1.3005784254125619, -0.24334146462456
-0.17906930864966, 0.15002499255463, 0.49634295720858, -0.2728687041011, -0.37074283548236, 0.032205420167462
-0.84253100885134, 0.20395857160968, 1.7687367538197252, -0.55274702477516, -1.2286619002776735, 0.35567005799238
-1.1366967890968471, 0.21841280872146, 2.364620286197632, -0.71265089405549, -1.876166070148556, 0.45609520865019
-0.77103059239166, 0.15600026381136, 2.3519921426607233, -0.5812666542788, -1.639907496519745, 0.33873267831851
-0.018658480997750002, 0.010484438091478001, 0.70660551355687, -0.07312313352520601, 0.58062418393157, -0.05335265363738
0.25491776870239, 0.030827490111836, 0.0265630057336, 0.21331310379805, 1.5888761167245329, -0.17431738797794
0.41680886062837, 0.09282201514328, 0.11738477324148, 0.14015805641846, 1.1905979621912752, -0.15095394672396
-0.14873652112666, 0.16759914768432, 0.75670866040511, -0.18159547572226, -0.37094184208182, 0.030857624283785003
-0.82668045121787, 0.21562583974969, 1.7397026290862567, -0.5607896573857, -1.350215267981447, 0.33814970353036
-1.0976812115661123, 0.21276145123685, 2.403555819141416, -0.69072072965054, -1.845979724394658, 0.43903046190343
-0.56687431852758, 0.11852214033838, 2.2509157996654885, -0.51829502438936, -1.3858179877486105, 0.26124203121451
-0.048454539823706004, 0.0066510842586314, 0.77819887283409, -0.07283638953323601, 0.47295946523123, -0.038619442418245005
0.24000766679216, 0.025423164596249003, 0.25074058880865, 0.17988274361594, 1.2238517780732976, -0.15078018027736
0.34065104173714, 0.09164817760896601, 0.22611642811696, 0.1030226744032, 0.87894357626101, -0.09656107607441601
-0.046200183516717, 0.14894004855646, 0.62464747533688, -0.13915515007209, -0.11567624123117, 0.012906701176751
-0.51687695538877, 0.19132357408308, 1.3002240848526483, -0.39101627556938, -1.070137112739555, 0.23483941637331
-0.65524991443356, 0.19139614670776, 1.737571359943269, -0.56129927105428, -1.4213018047072126, 0.34806981551544
-0.48623519000107, 0.1492457811599, 1.7585464480153594, -0.56916057896547, -1.364399363972898, 0.30195529396503
-0.13711405644352, 0.062220910942491006, 1.1063757284027034, -0.26419534556439, -0.49001880306206, 0.13452035330375
-0.02005021396379, 0.061479607450393006, 0.32916442510616, -0.08082123571681, 0.14973872181331, 0.057698808064084006
0.18670461239396, 0.07676261399527001, 0.20066563385485, -0.069641281802372, 0.18376389246142, 0.039627370861289
0.2151266790376, 0.077172239773173, 0.32128612503793, -0.10394933864815, -0.025375104761520002, 0.0093740620559187
0.22591449782954, 0.07039796040627201, 0.42197039168419, -0.12066398785285, -0.036587113991549, 0.013163659577309
0.23432345200843, 0.066249779709129, 0.40487039869305, -0.126640620279, -0.022798120796081, -0.008553712062054
0.18851501696783, 0.056600175909505, 0.56598619533332, -0.09914711847674, -0.025739235413072003, -0.00448512337161
0.22848932114402, 0.049584453017793004, 0.5012177889219, -0.10651823973215, -0.07483335886516401, -0.0090522920627839
0.22344831712942, 0.060753142413976, 0.5052861052936, -0.11466894842819, -0.074689661372924, -0.0073981961762244995
0.14252260654387, 0.07527468012147501, 0.60625330610136, -0.10907337460019, -0.05558679962947301, 0.0034044513548435
0.12219326484905, 0.08127062691041201, 0.72869320829543, -0.11117506151693, -0.12729579380715, 0.0045530906497081
0.21442323552512, 0.05902724225023501, 0.62677132669153, -0.11906972529179, -0.14990205573202, -0.009490201822021099
0.23699452333637, 0.039907660072881004, 0.55922850261139, -0.11710269644481, -0.17409114069266, -0.0094157236703215
0.21116387395318, 0.055530176415271006, 0.46960435138573, -0.11001812895531, -0.17009527259475, 0.0014947893919048999
0.18013671010364, 0.055205219850266, 0.49558483366887, -0.09715424747507301, -0.16064503102761, 0.006651093980444
0.16745299499488, 0.055080934318703006, 0.52514797148761, -0.11368005157094, -0.12703605344893, -0.0013035859711564
0.15508276524619, 0.05908597633943301, 0.57896131449336, -0.10835138719371, -0.10743219235113, 0.0005226109474756
0.13611285769039, 0.059382660316795004, 0.60322175098896, -0.10509197328956, -0.1262472220125, 0.00264311265731
0.12925473487087, 0.064714046567914, 0.58377172820691, -0.10133708555399, -0.12710165889571, -0.011764096349225001
0.12963740989897, 0.072971464728895, 0.44600599331715, -0.11221627895717, -0.18276491772324, -0.0094006086069742
0.09022501921431501, 0.06598210041664601, 0.36213693950039, -0.10986765041499, -0.08234858649807601, -0.0003878194247178
0.07046463690344901, 0.063671678670439, 0.3894482984764, -0.09765804431768901, -0.0070313734834166, -0.013340007367502
0.08994311714292001, 0.062481494344925004, 0.37730996475755, -0.099295932215802, -0.0060952646988989, -0.021388403642692
0.10538466464096, 0.059413971995955, 0.31126528769009, -0.10298352978922, -0.022716191593906, -0.033317658327771005
0.13381858026744, 0.05995886012169101, 0.29759258955855, -0.07508324155974401, -0.1257662793306, -0.0080765021880698
0.12653188578163, 0.057086313517025006, 0.33542841784892, -0.076930313257454, -0.18043717701331, -0.0099077880387327
0.1078679918971, 0.058010655902696, 0.32234328894739, -0.062517487987374, -0.039599317614905004, -0.0053535160576583
0.11272632045816, 0.052355023603786, 0.42421060347813, -0.083054747301435, -0.029067297658071003, -0.0082645113723238
0.12821235804167, 0.04966541112922301, 0.44162700220889, -0.09006036473470001, -0.055848833754970004, -0.019590075070592003
0.12502720545404, 0.05610450468486101, 0.46113895101647, -0.08561115631127701, -0.057533843904160005, -0.011463332453464
0.10939056840718, 0.053209361026563005, 0.49607105468327, -0.079916380825388, -0.11148571859055, -0.014598104115224001
0.11209327521288, 0.05554593950555001, 0.46051639884809, -0.10346010330823, -0.1088209295671, -0.016656724619360002
0.098099895592148, 0.052671113303687005, 0.49556947941879, -0.10189435759126, -0.096758636727371, -0.018221494460031
0.12058338933639, 0.05285635575742301, 0.48207239024848, -0.10161084647906, -0.072120970820936, -0.023413225574553
0.10948212836901, 0.0552379028617, 0.48854803748341, -0.097078447960806, -0.08013128319840801, -0.022234879579372
0.07738204162439401, 0.046695844839359006, 0.54214507737508, -0.091153749103121, -0.13603033750306, -0.009433558957419
0.077794591475783, 0.053328989735600005, 0.49372835370893, -0.10066710887553, -0.16050904554146, -0.010965485194602002
0.077810684218274, 0.048648045914073006, 0.49984917135155, -0.092154546529412, -0.11978579534038, -0.013065557453325001
0.08784283658680801, 0.050349863466224005, 0.52967696301297, -0.096224683189137, -0.12282690091382, -0.0090575325081361
0.1020293082112, 0.047441870424756005, 0.53237138235009, -0.10379427060202, -0.11205641373386, -0.010305902165184
0.080604219496698, 0.049707462024898, 0.5754669436011, -0.08490495034673301, -0.11862698018875, -0.0026763658483026998
0.084941142787526, 0.054637131067268, 0.54896654634748, -0.08949069579499001, -0.17496931496853, 0.0026357582302404
0.08472330611569101, 0.055985045582836006, 0.49447380915582, -0.10496243330758, -0.18204101022956, -0.0004378435114532
0.08684437728846, 0.053999560538962, 0.46214192654598, -0.10621596401241, -0.14456816646987, 0.006584885087562
0.07691314907221701, 0.053325610956681, 0.45107756228983, -0.10637829427822, -0.11510581050365, -0.0024098644925612
0.06699329831176701, 0.057108846674448, 0.45893299989834, -0.10663263077886, -0.10787466393062, 0.0039377888263608
0.078447798345602, 0.056419771591644005, 0.46136187900451, -0.091122369062252, -0.13225173931184, -0.0003681722909769
0.077365773939244, 0.053236996346828006, 0.47933485980063, -0.09417141686668001, -0.1923014262645, 0.011523359122878002
0.071648170491592, 0.056025180749286, 0.4163335866012, -0.10594188450883, -0.18958001813824, 0.0096421103856585
0.061624507091865004, 0.052509944739225003, 0.38197634467266, -0.09196940827116801, -0.11162341247849, -0.006121345173191
0.028100705025835, 0.05866106086121001, 0.39073098211984, -0.09414878926483201, -0.029538060777004, -0.0055330671749236
0.035297931521052005, 0.060880431561750006, 0.35490964854832, -0.088513435924937, -0.025239532731530002, -0.018530509396464
0.076276030426998, 0.058475857202069007, 0.29306510193932, -0.07135190038474601, -0.08823004035423401, -0.018689840100794
0.13815964849331, 0.065582246111378, 0.21668617061873, -0.05890644780126401, -0.19043207879357, -0.029008856766829003
0.12756157327627, 0.055179566158672005, 0.19642807819289, -0.06351421697786301, -0.16369254882979, -0.035473674760860004
0.09243361099378901, 0.038596206209806, 0.24513873930336, -0.08557718698451601, -0.057360035071251, -0.019726708505936
0.05594205687031, 0.041079895924059, 0.24778595145891, -0.08257093405049701, 0.025469290162530002, -0.012981788403391
0.048192800555292, 0.036008860967383004, 0.22402020333077, -0.07996505856268801, -0.0020314511109377, -0.023256999678945
0.087452133365193, 0.033333346408885, 0.15893581764912, -0.069659570883007, -0.052719024126373006, -0.013429263038333
0.085528137931692, 0.027394280606272, 0.13407853229912, -0.054383499926649, -0.042663565748513, -0.0026652674468032
0.089291026722092, 0.026794210121812004, 0.16177476554421, -0.063342865885387, -0.05611156605383601, -0.011687857828912001
0.12113776755125, 0.023701381231718003, 0.14591879524575, -0.060817553610533, -0.036002166318606005, -0.019297711536076
0.14925541943212, 0.025022727906366, 0.16199029643199, -0.056464621520532006, -0.08388740820607701, -0.018610610779684
0.15730766455038, 0.025719700127205, 0.14774348941751, -0.05520882945369301, -0.1137255312765, -0.012043925230733001
0.14213799756244, 0.031855517708460006, 0.15920942643853, -0.062097957823323, -0.1243089489472, -0.014329524403066
0.12227741870843, 0.026651054698912, 0.22566090906669, -0.07085652410932901, -0.09840442745698501, -0.0088998654102909
0.12128097752659, 0.037950344565739, 0.26318869072733, -0.074688826476589, -0.09001135908753301, -0.012373199685583001
0.043008343410947, 0.054979669069777005, 0.36584517905593, -0.051620269781191004, -0.11539774449778, 0.016671758546546
0.1265924569307, 0.026124378565348, 0.23896748018828, -0.057125526624171, -0.16205432616136, -0.016259042250913
0.07097944839915, 0.022703036652014, 0.21702900107521, -0.077160908391251, -0.090680982874453, -0.035000069279602
0.1318909719615, 0.032342964855964, 0.25518708284532, -0.08346454777746601, -0.1189403630527, -0.033656522993319005
0.12017312541142999, 0.048645126700313006, 0.29856617815629, -0.08599021524931101, -0.074662506932353, -0.0053093750667804
0.09705581971792, 0.042298172690956, 0.38342500206594, -0.07337852088721801, -0.09875999972539201, -0.0063108030814394
0.1484416861112, 0.021651201398766, 0.34467656671726, -0.082718960687651, -0.14751708848382, -0.032106802514278006
0.16400243580233, 0.029254987924851, 0.25847817306083, -0.089647056826507, -0.18191082976973, -0.020333841430707003
0.14879401379274, 0.033415945014278005, 0.25397045499564, -0.08046445248617001, -0.13418251890309, -0.018075988916176
0.14127932909912, 0.029929713190005, 0.24043879806907, -0.087200482472386, -0.11347378335162, -0.029899492280156002
0.13318763634961, 0.036684707028245, 0.28003818875196, -0.08941754501012401, -0.11858025356357, -0.030548001030765003
0.11259381767642, 0.039372238833039, 0.28665035350416, -0.095821946798207, -0.14884854643028, -0.026816288245104004
0.12119875278896, 0.039572036512654, 0.27074272116868, -0.084943649711416, -0.14209570054185, -0.014501938415545002
0.09050022874261901, 0.042103984587834, 0.30073548365039, -0.074884684202245, -0.18092929558155, -0.011526361312648
0.08469466681439501, 0.044116908121685006, 0.29366692784734, -0.08871733069889001, -0.18344731444821, -0.0092369965235931
0.1195140877956, 0.041912949672922, 0.28769395895, -0.094927771098106, -0.12155284652713, -0.026277238622366
0.11109979652305, 0.037961158449448, 0.25819354510035, -0.10050634254292, -0.07353885802255801, -0.032527798145724006
0.08987961147309001, 0.042528051506883005, 0.2391242406316, -0.10429154250461, -0.076166214471953, -0.030683993808222003
0.08922296663774301, 0.042360550386096006, 0.21741330101367, -0.092507523466597, -0.0656107845128, -0.038280850828607
0.10364535065775, 0.042521827332808, 0.19353724121173, -0.073151161916032, -0.07795483796234101, -0.012923668637862
0.11291018093574, 0.049349573279514, 0.15077395512287, -0.08024639993839801, -0.066059918375707, -0.011267986396494001
0.10010776912193, 0.040410929092503, 0.15794551816956, -0.077516530163524, -0.049586934335211004, -0.026154779728310002
0.1094869040285, 0.033852459378112, 0.15989220523066, -0.07202281001850701, -0.047758889862523, -0.01637996621394
0.12234710566091, 0.030530407130508003, 0.14427584800053, -0.08436366777937701, -0.041563448739362005, -0.022178557427884
0.12883741538206, 0.029617449872634004, 0.11803783006426, -0.080166372664942, -0.063607938087495, -0.027098811781159002
0.12779816226657, 0.020952300522598003, 0.1552961329037, -0.08217607943916201, -0.077863436102018, -0.015884060596105
0.11805743940351, 0.021408269791229003, 0.14173151397545, -0.081874192539739, -0.098547448855308, -0.011527307523784001
0.10970779705212, 0.025792137843629003, 0.21492940840977, -0.082333759835976, -0.10381954491164, -0.025232465364802004
0.10769500573451, 0.026141319938579002, 0.25369411114593, -0.07161600760457501, -0.086930025461926, -0.014444836922105
0.10913936835345, 0.02554832321955, 0.26727280816272, -0.08092475477725, -0.094752834037837, -0.024044512115268
0.08494050328810801, 0.029809276892370003, 0.35314523048431, -0.06017335175006901, -0.09745720305951701, -0.013166882846435001
0.10388117408288, 0.028882885377372002, 0.33995187779938, -0.06392373831744501, -0.16876281330773, -0.009616685368013099
0.11643457426854, 0.036448704143470005, 0.30585795650906, -0.076500527294784, -0.16076982049434, -0.013841881511242
0.13141331656676, 0.040271971830883005, 0.31764911077818, -0.06331062407478001, -0.14706297962501, -0.0058501748274267995
0.13176522297909, 0.030558395948896002, 0.31151336621631, -0.07728423262985501, -0.14025767645591, -0.013515038285619
0.11766285906711, 0.034796361935734, 0.32232408715636, -0.068424829800901, -0.14802381144572, -0.016029160449505
0.09446575392106801, 0.031144522407833, 0.41142064184563, -0.055524796051015006, -0.15557988095745, -0.0019796532798805
0.11795325461097, 0.039548762102205, 0.34646459184226, -0.061341125610228, -0.17190929760365, -0.0016806101600404
0.11015221941386, 0.042925603200835, 0.33242427098847, -0.06009504372963401, -0.14556126911239, 0.0007268229177773
0.12160807963329, 0.042347837816006005, 0.33234923312913, -0.063822148930917, -0.1188667306861, 0.0026420779574654997
0.12512919866137, 0.045730173559011, 0.32986842846027997, -0.07324261875014401, -0.1439657229544, -0.0079594999617607
0.12848007627728, 0.04359028701492, 0.34067617503322, -0.07148273477705401, -0.152244345395, -0.012983548684255001
0.11020299055806, 0.043730602126649004, 0.39582946292699, -0.05085053792481901, -0.14137361156606, 0.015736541556151
0.1223426041587, 0.044343274771964, 0.40953932359448, -0.05669147769570101, -0.15479910624067, 0.016926025085803
0.11933220364711, 0.041623483384547, 0.37276811595847, -0.075063838658132, -0.15485180258223, 0.010280247999656001
0.11744495957962, 0.042319487936061, 0.3691527995747, -0.081745061035704, -0.13639714084621, 0.0066898115741839
0.11636314550336, 0.044859572427019004, 0.37937483216365, -0.083152031154733, -0.13061757185475, 0.0043280937549385
0.10816072822409, 0.04554723819265501, 0.35747301308892, -0.07521057636806501, -0.14100067476687, 0.0001086102617156
0.11537294539224, 0.044662683514164005, 0.37204264760364, -0.08475696005607901, -0.13992821358584, -0.0023649133906076
0.09252338971227701, 0.040892083706385, 0.42087301118625, -0.06553702202512, -0.14052663853617, 0.016883266923182
0.11549738988956999, 0.044611509023165005, 0.37236125986072, -0.07300514073448, -0.18425427779402, 0.011682532055171
0.11055611667467, 0.042748301863355, 0.33315593015619, -0.072287012790615, -0.15885596842418, 0.013564266963595
0.11643999786938, 0.043104464741984004, 0.33904444866041, -0.074304849132221, -0.11500269333042, 0.010716093425316
0.09561624956680101, 0.047518293565682004, 0.33474596422388, -0.080776710913147, -0.07266498840511601, -0.0040487546347666
0.10575394413338, 0.047259733373709006, 0.30196141300059, -0.08117038775225201, -0.066221052901793, -0.0087023726015791
0.11494395445134, 0.048697708049922, 0.27584724696992, -0.06921000071667101, -0.08993904346051901, -0.0062656271786358
0.11510420747111, 0.052241805008325, 0.22323454914082, -0.066196796244326, -0.05751142695067601, 0.0046046346599126
0.07855119941808601, 0.048639284310388005, 0.22804044831748, -0.047001480957663, -0.016948735190015, 0.001115685719763
0.10385750446738, 0.040951194139682005, 0.18428162634003, -0.048317356659536, -0.011942570517563, -0.0031910568522989
0.14127446321633, 0.031723643136967, 0.12909328834842, -0.04954789609009701, -0.0074356024810272, -0.0054752819327415
0.16594239248416, 0.034297022644926005, 0.083175293883817, -0.038158682795508006, -0.021116820139783003, -0.008929027086321
0.14809264024896, 0.023765827026080003, -0.19241006690433, 0.091022902227679, 0.21385863268173, 0.027769414569452002
0.089950717245019, 0.073373195182221, -0.38831532914976, 0.19459648563479, 0.34450901607836, 0.08737607507290801
0.24065714393286, 0.07815515104501701, -0.42297079111653, 0.23814087333899, 0.35526762786976, 0.084893040343789
0.27509165492875, 0.08732395475426401, -0.31826984022024, 0.23875933190959, 0.3234799814273, 0.090877807331426
0.25695113340704, 0.11759083217703, -0.23168674957293, 0.20036909188572, 0.24133707267687, 0.09838886558347801
0.19239005033471, 0.13048706081649, -0.012380057743224001, 0.19633331401335, 0.16534873088625, 0.13034938317259
0.18045382541762, 0.1040537717227, -0.098506850472048, 0.16958859024416, 0.076112514994363, 0.07554056283962
0.20170830465212, 0.090746893001049, -0.075145078720773, 0.16182881642351, 0.10834001975466, 0.045365338450234
0.23502343795963, 0.095368922504071, -0.11693512322739, 0.14088632755289, 0.13523032457841, 0.0465962076002
0.26372746487464, 0.08438483963222701, -0.10848797334762, 0.13962702857063, 0.14364222860035, 0.046060318161847004
0.24432429969456, 0.081638430514581, -0.072295129994004, 0.15528862622412, 0.12751969230713, 0.047413386596734004
0.21494816740864, 0.08212915996872701, -0.075154063408102, 0.14184445673794, 0.081069526021579, 0.047328619147769
0.2037869829757, 0.082733805043846, -0.072222579399636, 0.13155565577053, 0.058316525401825005, 0.047027633889619
0.14957003958144, 0.090311607665555, 0.052136153682485004, 0.12137464985899, 0.12216025267475, 0.053966886706777004
0.12781029292529, 0.10341666019823, 0.14760744898743, 0.11454905483381, 0.10006604647856, 0.065805115716059
0.0013092039096104, 0.10475933613271, 0.44838407394743, 0.038156852074409005, 0.025978697613393, 0.08953480006329001
-0.5525209811394, 0.16265514060396, 1.0932517127550718, -0.061127505527519006, -0.48066820253840997, 0.23105151857204
-0.48883301726048, 0.18834081399453, 1.1556553768466749, -0.11440615184574, -0.65710221916884, 0.2637714422557
-0.34863945512808, 0.16145635102243, 0.9179643704415, -0.14897982201811, -0.80208158585123, 0.2729533440217
-0.35449039243455, 0.13802758429131, 0.62173644051606, -0.14537839558623, -0.67852074551068, 0.27452571803634
-0.31524133999664, 0.14989816114647, 0.46072682787644, -0.13359024981769, -0.66185399961001, 0.30671986571858
-0.432214992743, 0.17160137070232, 1.126421771629598, -0.19163213777517, -0.68421889178182, 0.35607832274867
-0.94406528095629, 0.28423146914539, 1.7770530963642808, -0.23840040723253, -0.70503610258719, 0.38109170562805
-1.5980744025172093, 0.44550578695847, 2.300132824774094, -0.31864313629815, -0.72009121962424, 0.58084882132586
-1.603834678242355, 0.4989016567936, 3.013472362703195, -0.37678881623759, -1.067966911214205, 0.57363244380878
-1.0813093913722158, 0.41670663082142, 3.059803920597022, -0.44235082493489, -1.2840949180658436, 0.32252239957438
-0.39405144712046, 0.28933733753487, 2.4460287604840385, -0.39693974540813, -1.0174145124422538, 0.23672535128367
-0.18536790476179, 0.25301856342478, 1.9065760487661696, -0.32671425960766, -0.69034737518754, 0.16973722510179
-0.05776706642658701, 0.22342037600694, 1.7047971151543961, -0.30123797240674, -0.5600182929096, 0.12680973616559
-0.035351876267444, 0.21151568461406, 1.507976998585141, -0.28710814252269, -0.47128747966634, 0.09341960621838001
0.026556412186383, 0.22005217981873, 1.3446838086901138, -0.26823212229639, -0.43276712613279, 0.08826890700838001
0.039842504393365, 0.21346453467968, 1.2752704935145245, -0.2517822089072, -0.38173368200561, 0.079634281098267
0.056127868464643, 0.22420111927964, 1.2826335003288516, -0.23820404432208, -0.38523014111921, 0.079551313345982
0.035973916480064004, 0.22241454214528, 1.3890913647892535, -0.2562747476537, -0.46960535681458, 0.07709074364464501
-0.034893708599786, 0.18587325281389, 1.7488097579791042, -0.30479123652317, -0.4844629840389, 0.08536860567806501
0.02158085851923, 0.18940553030168, 1.6194578310059746, -0.29709302802544, -0.57966488930476, 0.06001206525948
0.048735755933943005, 0.20841158109244, 1.6419358974434646, -0.25453110033313, -0.54029668115353, 0.05399884697631
0.05837918587824101, 0.22575558926959, 1.6225706833656275, -0.2264065219709, -0.5421543107069, 0.067521235757871
-0.019146377551972002, 0.24690212268199, 1.6218952862549907, -0.2165565274858, -0.50816954639369, 0.087111385616224
-0.40815902937317, 0.29679864774345, 2.2031911607490957, -0.2668913121879, -0.70247426136562, 0.15839006556209
-1.314180367081383, 0.39253841463, 3.339224076459769, -0.35088577352407, -0.93550470596548, 0.26995324796412
-1.1884434272136315, 0.38249773169947, 3.4103574560733536, -0.3524846387677, -1.2359377166249434, 0.19381821626222
-0.44956083933132, 0.30629328083458, 2.8921176128401562, -0.32493988793967, -1.1262700587838053, 0.13359956234197
-0.38664520388945, 0.26706166586677, 2.6568317612795003, -0.30945756256777, -0.90274991434912, 0.12548045180519
-0.23261723515834, 0.28001508612905, 2.6303669141473067, -0.32837580944682, -0.92103609885097, 0.1276533050282
-0.28406559181205, 0.31220470576987, 2.582425009733204, -0.32351390130344, -0.98875532370103, 0.13925861407786
-0.34593073213285, 0.3135195660811, 2.3719048403302785, -0.34081135103444, -1.1242661813495187, 0.15000595175041
-0.31903132183378, 0.30389293443438997, 2.2374098133301072, -0.36739171571981, -1.1325233627754925, 0.1789046950844
-0.27247359565526, 0.28501581212269, 2.156087312288851, -0.38447383826939, -1.1369526885981376, 0.19582650179636
-0.27139711475427, 0.26224639711121, 1.996954706229673, -0.33352052403052, -0.90501482539752, 0.1808747410743
-0.2466255491662, 0.26715458746172, 1.8863074215984643, -0.24485185330154, -0.85765375302255, 0.19680524688406
-0.19709349744775, 0.26060080934575, 1.6507985093310316, -0.24270798645151, -0.82281415418681, 0.16546474993554
-0.14058217521696, 0.24833213277905, 1.9624280286893967, -0.25807114928053, -0.83853236660723, 0.16947405865903
-0.18608336903595, 0.25291436927444, 2.1538794534218533, -0.2872429703303, -0.8682246648375, 0.12207573191991
-0.092855251774505, 0.26398728783178, 2.1437765305576524, -0.25654384129014, -0.82616678101516, 0.15509757029034
-0.15451222095753, 0.28615950224168, 2.002821248165211, -0.20941521271482, -0.72753761168611, 0.15807794184389
-0.21475559038673, 0.28238374091233, 2.009258648357068, -0.16875484981894, -0.70746044148901, 0.16362082868217
-0.12653520012716, 0.26657776856143, 1.7953353745495593, -0.14495171125043, -0.63946280207336, 0.1287229031707
-0.10965164144753, 0.24520955511251, 1.4432385844369566, -0.13252967666765, -0.59530897513107, 0.13779233075295
-0.038881205686005005, 0.24529962713482, 1.738957625742994, -0.12562325781128, -0.64258128023553, 0.15241882060036
-0.068878583491155, 0.24577971242017, 1.6492835982896779, -0.16778656568053, -0.71057150781451, 0.1621554696104
-0.17224407818835, 0.24074198127305, 1.6415439463638477, -0.13274455626314, -0.66406887212873, 0.16462137697482
-0.049019562393897, 0.25848808946329, 1.3944176630916476, -0.09487682546895801, -0.50858623761323, 0.11497944074343
-0.08667506396144001, 0.24500523857277, 1.4685046089340268, -0.061085905387684006, -0.41494009037384, 0.11612026847011
-0.1017846730292, 0.24386236172531, 1.5231628022774901, -0.12515821432482, -0.69748560492599, 0.07671055099768001
-0.042213991107818004, 0.2666603937654, 1.2329154799796385, -0.06279770186703701, -0.43817008836074, 0.050570779492213
0.021098055045568002, 0.240523048547, 1.3665670631283753, -0.085563648227375, -0.51833916592651, 0.07708774239987601
0.027818535677552002, 0.23075828455834, 1.4624352935585527, -0.11795653786076, -0.58835194662319, 0.094225687002969
0.048379565396752006, 0.22767162527442, 1.4430792022808259, -0.1080999582707, -0.57649930742666, 0.075396877206369
0.023573624126811, 0.24348547846191, 1.5981897388866901, -0.12898238241492, -0.60597656626405, 0.06875691391015701
0.0065265706086316, 0.23600447541769, 1.6370338798257182, -0.15319111633804, -0.56852734824262, 0.071342638611728
-0.006259797227759, 0.21227604121558, 1.605491571281088, -0.14668971057296, -0.4934358792682, 0.086849938739133
-0.016518609433101, 0.20415020755298, 1.6666969064882982, -0.16774747429633, -0.50974270545998, 0.073876525890471
-0.0022386682543559, 0.23450356115276, 1.7138520173671163, -0.12613963897389, -0.44496248074231, 0.090862198968053
-0.15648989880725, 0.19641611973188, 1.8456439418082944, -0.18236067226771, -0.58019168872794, 0.039000146509715006
-0.073963015850408, 0.23623225879586, 1.750992489857564, -0.14566654198282, -0.47915068242367, 0.070465957960213
-0.20345858121699, 0.2032644061663, 1.9473587936791257, -0.14343294349189, -0.49763503162408, 0.088507419696098
-0.037443362969743, 0.22462734584152, 1.6771766419348408, -0.08981373475967301, -0.44952016266597, 0.0871517639109
-0.037156505904372, 0.24437329099272, 1.6053700174306966, -0.090580839353722, -0.48804126337343, 0.096229076800251
-0.23110680308287, 0.22291261934168, 1.9759403891837835, -0.14692059680919, -0.56372386303827, 0.097356092706967
-0.16674747691303, 0.24479571543878, 1.6432193749258701, -0.14039015842043, -0.72479009708966, 0.12069484553682
-0.23497943348534, 0.24595966544592, 1.6868656161907316, -0.09038229999324801, -0.62656501879199, 0.18414784296929
-0.24724186729773, 0.24034746894111, 1.7386141182779056, -0.14655985405026, -0.71846338237035, 0.12113874143748
-0.11362527344213, 0.23958929821098, 1.4728035391592318, -0.10516305979139, -0.61372046576805, 0.12600382966063
-0.049398780662605, 0.23643818840669, 1.5181892388548979, -0.088587022135546, -0.5304860956822, 0.13658962679127
-0.09888509904198901, 0.23447272056832, 1.4543051426620532, -0.1297481592296, -0.64661764436812, 0.10794254108786
-0.055373431023245004, 0.22060823935593, 1.3128074599998885, -0.09531804674402701, -0.4946288463821, 0.10403152981624
-0.023073686445808, 0.20076367560269, 1.545658975679574, -0.14117798690235, -0.65243216945947, 0.1134135830467
0.0028942019434262, 0.19312538305235, 1.633858214260182, -0.13946984417939, -0.66013580585354, 0.09132262497415
0.07519360797584801, 0.22620386054755, 1.540802758004296, -0.087953517968836, -0.48558066770996, 0.11765793854349
-0.012391706841657002, 0.216543060975, 1.6560752550459712, -0.10950637950352, -0.59753490597412, 0.1078709722634
0.042356778413657, 0.2056954791039, 1.6082939027268397, -0.10333840002856, -0.57477538298459, 0.09963811112180901
-0.037904716828106005, 0.23191341192735, 1.4736982977363875, -0.07683554302644101, -0.48227749413138, 0.098042229791126
-0.032177078956774005, 0.21561223758159, 1.5120740404777935, -0.07210059040552001, -0.45457673961084, 0.10041015013061
-0.041191096611586, 0.21648106837809, 1.4375036946749884, -0.069277093870935, -0.36583828762354, 0.09435318984234901
-0.051088951833091006, 0.20541472425256, 1.3287532105557487, -0.042115230256111004, -0.3718052751563, 0.06787013074923001
-0.0007882221937232, 0.19802887657874, 1.2453610521109808, -0.09409893142022101, -0.46979746398543, 0.06222931372394001
0.049329622033752005, 0.16889297196876, 1.2267583663613624, -0.11741381529558, -0.50160675103514, 0.06538451497606501
0.054635185280001004, 0.18231327542841, 1.1644820160870442, -0.09667208415569101, -0.44408820472512, 0.07788991049973301
0.025083158137686003, 0.16854953845014, 0.89573953955746, -0.019888993922781, -0.40104366397641, 0.08511904925839
0.09889082142354601, 0.16859652636325, 0.95716737471428, -0.039270885392601006, -0.40834148887966, 0.096963658321202
0.06796976386617201, 0.175469246593, 1.1635153058879968, -0.034769742169996, -0.42765194052309, 0.12019937016611
0.028305319287825002, 0.2062336619783, 1.2460129756889524, -0.053901911269523005, -0.49885773335023, 0.12355533524129
0.090975032423995, 0.17345197542103, 1.188750388919239, -0.077762341973253, -0.46077043652333, 0.10703949222572
0.058712724673903004, 0.17915884237105, 1.3272942205912366, -0.11174417540131, -0.48965372927107, 0.078883498252136
0.07952564355564501, 0.15880721999716, 1.2197854264578933, -0.11460486741751, -0.46216925910702, 0.05141374536909701
0.026541923459963004, 0.14582643786432, 1.3576868035596592, -0.10219648271682, -0.42524450825511, 0.08029952877931201
-0.041123342905174005, 0.18758062519652, 1.553151458754266, -0.10594559703743, -0.47424639681317, 0.09204468808671301
0.054560685804847006, 0.16125724350591, 1.3883417045147501, -0.12082106800346, -0.45106310655356, 0.067139499995042
0.05542550469699101, 0.17452027945933, 1.224723240509901, -0.09019919712668101, -0.40456549468597, 0.064366690001074
0.0008031915898363, 0.17860007802142, 1.2610186961328989, -0.094633890614622, -0.39708919401067, 0.08727220715641901
0.0074530366078948, 0.18452728015457, 1.382662567240986, -0.12330804550482, -0.47215535807953, 0.08848056081936101
-0.021937910773161002, 0.15350589751852, 1.2256054916459846, -0.11969838836317, -0.32615846382041, 0.06887752372785401
-0.08724277198329901, 0.13171530608014, 0.75108476013401, -0.082310676650145, -0.35943998681689, 0.05098495860795001
-0.026812755140372003, 0.15546371552129, 1.2262980258191523, -0.10835239302425, -0.38905379359448, 0.059616034180608006
-0.013135813657565, 0.17326646393118, 1.3268599069285714, -0.1091765558099, -0.41503629960752, 0.086952719431635
0.034522358776225004, 0.17428058474242, 1.2814667075128012, -0.097174712369661, -0.44214635576748, 0.086602350395987
0.0492710756516, 0.21332058944571, 1.0320552543320747, -0.035937801731607, -0.5142529620145, 0.055817272574977005
-0.08572543819716001, 0.2209770238668, 0.8225924895944, -0.038193364521046005, -0.58962530978943, 0.09570630233682101
-0.09329850506681, 0.2343639777944, 1.0052732089764025, -0.085801814903675, -0.60357468339393, 0.10799796580825
-0.059701774622731005, 0.22434374299323, 1.0328380078432846, -0.055813696927123006, -0.56402714961164, 0.09516677342832901
-0.0033598586522824, 0.21707837378272, 0.91603765904063, -0.08783462956519701, -0.47108860280187, 0.061723060196866006
0.0083668710956177, 0.18815405203583, 1.0078265675149265, -0.056141469581120006, -0.49776634932423, 0.07518552557486301
0.033703956631672, 0.19004628950838, 1.0381648209268068, -0.07033697509975301, -0.44691637802484, 0.1049473674449
0.026425729743874003, 0.18984499272643, 1.0777975385778038, -0.071761791554215, -0.37679745270085, 0.10623014944374
0.021391114257945, 0.19089401362598, 1.1184206049180878, -0.058942212044392005, -0.3394004788894, 0.10406292309521
0.023155395270554, 0.18924492658008, 1.0977258662942002, -0.058877544996834, -0.3662764437354, 0.10757339894077
0.0082248072702416, 0.17899189880936, 1.1387222765935687, -0.050073683289549004, -0.37357201639931, 0.10026392624177
0.014445576344593002, 0.18560933974151, 1.0969509524209418, -0.052253139206292, -0.37059726722956, 0.09961631869989501
0.015159199245728, 0.18346365199323, 1.1056182166749493, -0.070005040833893, -0.37681232483087, 0.10001623266552
0.01490040600327, 0.18434512983359, 1.1093377107796116, -0.07397490728944, -0.35967522761084, 0.09208381508312401
-0.0008402529975236, 0.18523922837509, 1.0795792245873217, -0.077789389497079, -0.35573647571548, 0.07814294463420701
0.0001462237448568, 0.17900018288016, 1.1367155269837235, -0.068142900066506, -0.39768074063044, 0.089989679832919
-0.0058534506896657, 0.18458822442655, 1.101495751168849, -0.068948560348457, -0.44147428428813, 0.08557893677294601
0.005395989377223, 0.17995651963431, 1.0938064877487268, -0.08089075942253601, -0.42551017585982, 0.07917032778276101
-0.010864824020637001, 0.18471728672701, 1.1472241792789741, -0.092177649003899, -0.40797411854921, 0.080860386959585
-0.019259414333699, 0.19215266174947, 1.150990061752323, -0.09992541899815201, -0.42263496270184, 0.07637794727397
-0.033934933887954, 0.19485664105935, 1.1389467773325903, -0.08741647456306001, -0.44469030242521, 0.075923062353143
-0.07241106465716701, 0.1913059117836, 1.1872951380672254, -0.09736990819728801, -0.54570576860948, 0.090357280629316
-0.04661756244646, 0.19219931113909, 1.079290415181113, -0.10521888467441, -0.57825337985802, 0.099098223173657
-0.022648389707642002, 0.19369924634618, 1.0751234410223478, -0.11314138858365, -0.50158504047213, 0.10808180605166
0.019621505667404, 0.1864868992943, 1.0358372346291143, -0.08942893098195101, -0.43263320147682, 0.08973826220033701
-0.0037997311176523, 0.18452155188211, 1.0549362944498306, -0.09057110944624301, -0.42332801648432, 0.071736376798659
-0.08913561761648, 0.18070583242533, 1.227055063885451, -0.06501614805186601, -0.41102861446768, 0.077149019694898
-0.021717859076765003, 0.17520733306224, 1.2001180750555311, -0.08497546042206201, -0.45588968395286, 0.066816165636515
-0.010714365583493, 0.17737420014882, 1.2048907832060711, -0.1017294716587, -0.47136212218976997, 0.078736390006603
0.0083217775501656, 0.18253490695436, 1.2507957796479785, -0.09566448081143501, -0.49735859191187, 0.075399807701611
0.026966435133847003, 0.19043938669706, 1.2581369884529159, -0.08906938359793001, -0.49946902829856, 0.087083610437858
-0.051396391761763006, 0.19811746405953, 1.4338894308119934, -0.058845519667685, -0.43193319524552, 0.10756223191079
-0.08862102906600701, 0.21045900860173, 1.5585390871310083, -0.08280170460513, -0.48960501586157, 0.11599561386111
-0.13961777934549, 0.21221567867408, 1.613949380043895, -0.15536393693847, -0.57516001858869, 0.11292503357682
-0.2255348469617, 0.27807494124184, 1.7449613322071165, -0.22297856177005, -0.83348529626659, 0.20203153463448
-0.082882638014891, 0.22809735724945, 1.7103446867969359, -0.1735215287152, -0.7126710270518, 0.12843454340635
-0.14604465669317, 0.22564437400513, 1.540686681730825, -0.14041980023654, -0.57071407199282, 0.11398858657692
-0.26827154461797, 0.32069152484306, 1.414157884939217, -0.13500066311914, -0.59009173494665, 0.17567907654883
-0.21930949048853, 0.34558319052299, 1.1831918197197346, -0.19086703888788, -0.63636704938052, 0.13268558968314
-0.10529097883057, 0.2927136731879, 1.2962642632371706, -0.23663852078568, -0.63643293334954, 0.09662721827373101
-0.039213762676875, 0.23248022231935, 1.3205526153479505, -0.20718693504724, -0.57529102651287, 0.088749610749669
0.0059836139271951, 0.20776578691963, 1.368210985236804, -0.15599447786055, -0.4344251299638, 0.062603484183147
0.043273448026937, 0.19581964334818, 1.2917136537688043, -0.11812671767765, -0.46809827983748, 0.07123299061679
0.07631082567305901, 0.20538855978739, 1.2452572791612515, -0.11498018604777, -0.47469256424013, 0.06943229060704001
0.062575316704038, 0.22838633515498, 1.154094447070785, -0.09120179591836601, -0.48841610889624, 0.083707689854741
0.052979520929671, 0.24060596471009, 1.0660559097839375, -0.1236943265567, -0.51015623610676, 0.07115930536114
0.0037042066727102, 0.23036296783163, 1.0631434728683644, -0.12262681968629, -0.35369320108897, 0.06628047062544701
-0.046611075106659, 0.24996123250634, 1.0673482231801323, -0.096782246749934, -0.31144615340148, 0.062427354207488
-0.047296560246475, 0.24818157785823, 1.0150121473709022, -0.077270553227333, -0.36428941473839, 0.06848480559281901
-0.02986458193649, 0.22817697636313, 0.89612221962793, -0.07308369408296801, -0.38159935057346, 0.06896831116895301
0.039309900156165006, 0.18735521563981, 0.80116011241189, -0.079874132391916, -0.44060198324373, 0.071466013272277
0.064373542475141, 0.13719202367169, 0.5656194515337, -0.097884684734013, -0.46711938164784, 0.11620297680206
0.0021167461540566998, 0.13814184324908, 0.44158464676979, -0.071247400881633, -0.53249225735585, 0.12329894350608
-0.051701029157612, 0.12741208755158, 0.55530694805009, -0.059027612948025006, -0.66563390016674, 0.15316727377594
-0.018858579490483002, 0.10758606018081, 0.28899839633426, -0.035967148117264, -0.58646025211527, 0.16918888159603
-0.0048640322300215, 0.09689672081665401, 0.16884830239432, -0.019500548513469003, -0.44890302933847, 0.1606687245886
-0.016785248831840002, 0.09984080745232701, 0.049248495073103006, -0.039236068493604004, -0.52132885035315, 0.20397854877572
0.016723842245362, 0.056993573563109, -0.12752869505367, -0.12145379286591, -0.65634728454119, 0.25070241500014
-0.11839416849007, -0.023788764324352, -0.35920071977983997, -0.26185523084241, -0.82409408556547, 0.3879564995987
-0.11549688340008, -0.11078502288091, -0.27837546644495, -0.33835129030534, -0.88429591151257, 0.42781377393282
-0.28554869037975, -0.08253727306336901, 0.55136574436797, -0.31910483576391, -0.55742546890855, 0.44397562544616
-0.86039300803778, 0.10865339075951, 2.040938549258023, -0.3583192170036, -0.56778614989348, 0.36120589356581
-0.84531858835544, 0.2800892989281, 2.6246511769979493, -0.41475871498229, -0.96292959388155, 0.2969083077039
-0.56055357908596, 0.30733448480664, 2.4381124387157866, -0.47486130198075, -1.071814950623785, 0.29570552436083
-0.54976371542532, 0.27571449136404, 2.3990725794357632, -0.46852720923385, -1.0649104059479522, 0.28238403228568
-0.41060770770441, 0.26224946124029, 2.319918690810176, -0.45526420612642, -1.1414646041213745, 0.24891185578863
-0.22073834296959, 0.23831242606236, 2.042681843653467, -0.40903953101369, -1.048713442003297, 0.26541404667461
-0.20881917621534, 0.16790733290877, 1.561563629247495, -0.31799101705512, -0.92436497861612, 0.24368309068207
-0.028071188120158002, 0.16095088043067, 1.2390223426684996, -0.22500897810572, -0.76672564085934, 0.25731921080678
0.019411631779964002, 0.16155690254602, 1.1165561919513032, -0.1665829901176, -0.5956764966388, 0.25777111643227
0.066320515232601, 0.14947728222791, 1.0757757359318056, -0.16625748250802, -0.58901446786433, 0.23099845246796
0.090134337669951, 0.14191562012763, 0.96811439641533, -0.13007325579127, -0.50628539231963, 0.21878590913151
0.092289992286259, 0.14144143332753, 0.98444812011667, -0.11632419233711, -0.52445791146914, 0.23289156931477
0.108663247005, 0.14002208041713, 0.91306669600907, -0.096555035713571, -0.53136053682546, 0.23147034357896
0.13100610563977, 0.13931198021374, 0.89777787301455, -0.09803901980326, -0.55228928699716, 0.22448513941867
0.15115885386922, 0.13530572457157, 0.92186488248217, -0.1087192614805, -0.53595579830486, 0.21377656174488
0.15400547013854, 0.13698102376668, 0.92363255631944, -0.12646155660959, -0.57901851852134, 0.20480086176794
0.12236353019799, 0.14376322701474, 0.95854973799737, -0.15572282096003, -0.66491960616438, 0.20819397805895
0.08880584141799701, 0.13648348769308, 1.0127566368563865, -0.11684845263902, -0.68366547663529, 0.20268212335253
0.054511521983892, 0.15026276698276, 0.92996012295667, -0.20418684659872, -0.65209283385619, 0.18885715892366
-0.0042617319778926, 0.12489705904178, 1.1505045195766779, -0.12597210784136, -0.5604222328531, 0.18928326677592
-0.043779471500019006, 0.10787814234718, 1.2732912875321327, -0.14977856757375, -0.57685147984954, 0.1502818940403
0.03170746122814, 0.13842817553734, 1.2780215214363941, -0.11232188612618, -0.58724211802434, 0.17211958895219
0.022547115563365003, 0.16084584630272, 1.2661370725123855, -0.08536484227205601, -0.6401100903275599, 0.18275121786271
0.043033251130061005, 0.18916736862163, 1.3176969585802163, -0.05297632693578801, -0.61216414497451, 0.20656378067705
0.042042087638270005, 0.18148508764478, 1.2835801760183019, -0.07252912521334501, -0.59775925466922, 0.19350952052223
0.023163305981224003, 0.17781177174038, 1.2977548592700683, -0.097694197292851, -0.58930680152307, 0.19731955371215
-0.040759994244623, 0.18485644867812, 1.3178659034188427, -0.080321143459418, -0.47859073763725, 0.19061350009213
-0.0079321884956313, 0.16923200340191, 1.3000933881614074, -0.080220681340828, -0.48476407275775, 0.18911872311214
0.037116321876856005, 0.1678456203858, 1.2202391813399696, -0.08878876249729001, -0.49016535578013, 0.1864852007469
0.011783936956429, 0.17100859094067, 1.2850224953509959, -0.07466744778162601, -0.46216671902299, 0.20446896025521
0.041243008349809006, 0.17392350048084, 1.2351539365533297, -0.08116407868089001, -0.51468263377315, 0.19438371852545
0.040883652260616, 0.17399273904569, 1.1958058209416662, -0.08283528211374201, -0.5074546291141, 0.20216752711966
0.045849131182519, 0.14984979288442, 1.2267884886470175, -0.078160015905053, -0.51326731411693, 0.20485093909501
0.070282275160424, 0.16377063353366, 1.256147813879351, -0.053421925539001006, -0.52088341102407, 0.21672047110901
0.065806670642766, 0.20239763372358, 1.1806959664167989, -0.008293436494241399, -0.5003280130673, 0.2227373692012
0.072508732160335, 0.193778937697, 1.1348430797263114, -0.011798087250418001, -0.52288691456003, 0.21346076166533
0.058520784173407, 0.18364255839685, 1.0925724597700317, -0.029704792604542004, -0.54931051456532, 0.21268789901127
0.034798450961081, 0.16858605051645, 1.091566101215057, -0.052632139970827004, -0.57188518770985, 0.20644666215248
0.054217561628919005, 0.16535999096973, 1.1055275762208345, -0.052661749349242004, -0.54075486174805, 0.21408609899732
0.022388536374945003, 0.17411526110146, 1.112918547732276, -0.034914621623275, -0.47337586460762, 0.20287899140809
0.0094409614032993, 0.1729443083005, 1.1899280956842189, -0.033764477085588, -0.55682127434691, 0.21984318563087
-0.038749405334771, 0.16102871281115, 1.1360030724790728, -0.064108687405153, -0.36845371746308, 0.16101426878651
0.08827288425759701, 0.14283160240499, 0.92019568496788, -0.029105629718588003, -0.32381439943043, 0.12503949246994
0.11540184429111, 0.16263661030365, 0.93848938248303, -0.022094355023221, -0.34655562764262, 0.15576174923017
0.031383608431325004, 0.16650108470824, 0.80284814701046, -0.014901570897252001, -0.32495276103041, 0.13913348897727
0.06939956354173, 0.12919521949669, 0.51769297229971, -0.0042484556740458, -0.35290601178482, 0.12514084591886
0.16158676839728, 0.12843097512091, 0.38984229243744, -0.0017557823838439, -0.33068867382036, 0.13224534749804
0.16992842676845, 0.13411488181224, 0.38699794912712, 0.036340707712836005, -0.29309090927324, 0.15465836117787
0.19601625620761, 0.13583547442573, 0.41044995287877, 0.042904774871746, -0.31374633457728, 0.15697010150472
0.2130015590951, 0.13041392749688, 0.3919688019773, 0.028598335325872002, -0.33980142599143, 0.15412020347965
0.22223206637967, 0.12181263318498, 0.34328860517332, 0.034259910638495004, -0.40364348004795, 0.15769270333511
0.23977539182448, 0.11730696893291, 0.36117898800026, 0.034363593708545005, -0.3737843472842, 0.16020281266871
0.19502733407148, 0.11606726935361, 0.4224522715211, 0.030329481761363002, -0.34893203435179, 0.16030565909685
0.19526152050345, 0.12184846401318, 0.49090792105652, 0.036816866652721006, -0.33177998684932, 0.15263723133114
0.16301653790108, 0.12398897348758, 0.49013140873275, 0.011989285162152, -0.34235548808938, 0.15500374818848
0.17249506776092, 0.11428139135095, 0.43954559424422, 0.014253963982659, -0.36186154940823, 0.1558751207779
0.17878048832238, 0.11358990279996, 0.45206615059253, 0.015157286819243, -0.35131277138169, 0.15529675162014
0.14633008558158, 0.11598371145609, 0.46775989287551, 0.0030169643230942, -0.32951546690891, 0.13457297360812
0.13190983988325, 0.11851015855031, 0.52782876947432, 0.010124140827811, -0.31092961725117, 0.13810276749104
0.15358741701199, 0.12341510834538, 0.62807173525303, -0.0057992773357335, -0.35179735654022, 0.14499666215851
0.06478883155265901, 0.11335092115136, 0.85944300424455, 0.013122118075989002, -0.30290690440608, 0.1507235047623
0.07946808734557101, 0.12419333524601, 0.96756133218181, 0.012339188943199, -0.36815626939371, 0.15298228449035
0.16484034210193, 0.12924472700341, 0.91758190027254, 0.0015059839580005, -0.44760609829163, 0.14097077001742
0.22303325816562, 0.13881700852916, 0.83006001351853, -0.0060475722167539, -0.46285955596234, 0.14038511656715
0.23423378039641, 0.13546989099274, 0.71028166122594, 0.013115378252117001, -0.42346112800374, 0.15417034905538
0.18186057971002, 0.13528922957485, 0.67580077299489, 0.018198522359108002, -0.40775960395284, 0.14592946309316
0.17244238996258, 0.12738928285358, 0.76388880107391, 0.015367286756712001, -0.43480996061495, 0.15545454624359
0.19098771191763, 0.13086871251984, 0.72791049738357, 0.018138107784177, -0.43574864195025, 0.15400665402331
0.17947519079009, 0.12688790361795, 0.73651676013608, 0.013531031164298001, -0.40578222203513997, 0.15677457092278
0.1840583523588, 0.1265920358203, 0.74951685034813, 0.0083016585203267, -0.37958467488244, 0.15155782766448
0.17489111001575, 0.13242621109231, 0.73789119090546, 0.0075158882978044, -0.38624252746416, 0.14106364886283
0.15397703191954, 0.13652629353019, 0.74723618262549, -0.0028990336206848, -0.38218107061654, 0.13717842960321
0.17697609323229, 0.1339698571387, 0.74040338973883, -0.0004539274491426, -0.36589495170317, 0.13471306568301
0.19142567259239, 0.13383266070911, 0.78693706223121, 0.0096586235641618, -0.36437386296135, 0.1459239693101
0.2153874862059, 0.13219017084377, 0.77441977158846, 0.0058619040104763, -0.37291487093643, 0.14445582804889
0.17556631100497, 0.13515293037329, 0.7621439221942, -0.0037869116923234, -0.37364343796603, 0.14166585787451
0.15467685631998, 0.13065263241865, 0.7586445338132, -0.010665951777891002, -0.3711446983509, 0.14573888211239
0.17124984957979, 0.13278659298633, 0.7659202912646, -0.0090909564202437, -0.35653848780498, 0.14364369575346
0.16535420741977, 0.13476298439389, 0.77148750058743, -0.0081784264963167, -0.36132775028955, 0.13883937904697
0.17468010004244, 0.13936208298041, 0.75857863356845, -0.0047176187389206, -0.38335759106668, 0.14050903836838
0.17016533163134, 0.13555716879013, 0.77041938969798, 0.00407270145374, -0.35565995497963, 0.15137530896414
0.16370410429216, 0.1306252436444, 0.81346574870776, -0.0021660594853527997, -0.38753161539187, 0.14584508110995
0.18545606540824, 0.13378555822461, 0.76027479497068, -0.0099866007864856, -0.40293681831298, 0.13984577206618
0.16540717391643, 0.12791172033285, 0.7736822178523, -0.0037969627520050998, -0.37830989237022, 0.14446830226634
0.16180614617024, 0.13156464705486, 0.77212621908573, -0.0015817615811031, -0.32784436160954, 0.13813841793265
0.14468758400755, 0.1334388891226, 0.76046143762504, -0.002925575866823, -0.34948806422848, 0.14689742160671
0.17775783997818, 0.13544029023583, 0.75697142880821, -0.0003924902465712, -0.35094171972387, 0.13988687036492
0.153624160272, 0.12748421445395, 0.77944487383675, 0.021349254638278, -0.34517296720652, 0.15172879119698
0.17460205469136, 0.13536838004366, 0.79596041287591, 0.010469353543467001, -0.39161236354867, 0.15385413063824
0.17385255755834, 0.13787620154706, 0.78144134675827, 0.0040818715938815, -0.3873582443987, 0.15187974101335
0.16746463887265, 0.1372281690393, 0.78283265217041, -0.0085887183485842, -0.37408150670805, 0.15620636291453
0.1838397051822, 0.1362082210777, 0.78308260563191, -0.0074688227336898, -0.35627799516197, 0.15581718232142
0.17924106201584, 0.14129392914158, 0.77018660009188, -0.0036552053462161, -0.37476411464769, 0.14402178922472
0.18661145028363, 0.12829232084514, 0.78417577368873, 0.012616840437816001, -0.37326490114791, 0.14580312877522
0.1799605902609, 0.12523894030389, 0.76117800460711, 0.016876143247533, -0.36664904434643, 0.14504474573603
0.16446508556919, 0.13025875987133, 0.73760502917106, 0.009181956276632099, -0.3355424160352, 0.1515875499714
0.16533864311416, 0.12322951231064, 0.76802268608382, 0.013788570706288, -0.32891582819535, 0.13476407763249
0.17934076116497, 0.11588848903327, 0.75663591825219, 0.019498603245264, -0.31774997204753, 0.14031567671221
0.1719526856121, 0.11083665517685, 0.73838456149263, 0.023562706819330002, -0.33101168431089, 0.11945496025646
0.16435479247003, 0.087097002181674, 0.80137091757347, 0.027452186188355, -0.3264701992236, 0.11280529806694
0.17871826890701, 0.10011049146521, 0.7472239289626, 0.038744499462612006, -0.3281634028433, 0.11522041379589
0.16923171466313, 0.11504232949879, 0.75433245998671, 0.029993536541654, -0.32645309907338, 0.12666997159817
0.16566348103654, 0.12790020772533, 0.76010974023874, 0.021461229192286, -0.32601244587583, 0.13710868445236
0.16382734416336, 0.12871831949405, 0.76195606514777, 0.018769793011099, -0.31678961931582, 0.13851864932027
0.15637168598397, 0.12749713323247, 0.78698751061916, 0.029095638023729, -0.34456302792949, 0.15187506815087
0.16892361923428, 0.1264381033371, 0.72086903716215, 0.025158130679266002, -0.38336667544133, 0.14833221722765
0.14539674564671, 0.12343311250227, 0.73050501977992, 0.023174753542048003, -0.37951466317862, 0.14799152746369
0.14852877206851, 0.12182226142275, 0.74580776457049, 0.020811196566622003, -0.35128763595426, 0.14673613562032
0.16826477192558, 0.11413139859886, 0.76294645672731, 0.015131628883486, -0.31840996563484, 0.13791460361158
0.13265973043277, 0.10352343520255, 0.77076252572657, 0.022649721641457003, -0.31318756350758, 0.10944700219206
-0.079046430756184, 0.08398589971577, 1.0277625176172196, 0.014838066823065002, -0.38996119647004, 0.07781377890093201
0.074757701016976, 0.1111851909213, 0.87564973469449, 0.058823871690003006, -0.50071552024706, 0.13179085856745
0.15482919563806, 0.08776209435681001, 0.73625488708086, 0.099281200133965, -0.36472283047344, 0.12853706121028
0.17550744333608, 0.09329919374227501, 0.77458136410293, 0.07386291908588401, -0.345051307307, 0.13852349700909
0.20549944569197, 0.088629440723497, 0.76687918069382, 0.062893890245784, -0.33234235339875, 0.09598243851108501
0.20341882044038, 0.092476569642308, 0.74583159638827, 0.044072707298633, -0.3136190702025, 0.08395737527045101
0.18556987420119, 0.087936495942734, 0.78140645649955, 0.045529551220183005, -0.34297169315645, 0.10372361585993
0.19497981592219, 0.08346334308373701, 0.73696878454635, 0.050330867591827005, -0.33636714999125, 0.10232664426154
0.1794085468706, 0.082189208623672, 0.75036687564136, 0.041093013480472, -0.31990826091071, 0.09790200502341101
0.18054737804714, 0.079556848939019, 0.75852320243146, 0.031552003252898, -0.28877812498531, 0.08926048664352301
0.17735910853426, 0.079188852851093, 0.74461348555067, 0.025590033962802003, -0.30375107573605, 0.081362979256831
0.18364207273982, 0.077021711743102, 0.72975754420265, 0.034188646531504004, -0.29557643719821, 0.07654524184015801
0.18192785545392, 0.06267946063803201, 0.78870913771007, 0.044089122475768, -0.30038008777392, 0.084174647254488
0.18626590987398, 0.070483293423082, 0.70138884282658, 0.026943813199631003, -0.31924119868629, 0.081388324227413
0.14617646682952, 0.059726942781981006, 0.56859281452233, -0.023178260925305002, -0.40643343172312, 0.07299672134294201
0.15513666276609, 0.07879479630658501, 0.6474392458613, -0.041328686933087, -0.30612303310246, 0.07233977537769
0.11318922187756, 0.15485107253839, 0.85940912596503, -0.010218224998663001, -0.23823714401913, 0.06385043355170901
0.1183870676331, 0.17951734073218, 0.98810725474894, 0.0061698484013448, -0.30266043986461, 0.058194429615724005
-0.0044755970432449, 0.14523679947426, 1.4115798794867986, -0.08127151926720301, -0.095919896719919, 0.08506377534294901
-0.086080009489162, 0.1304002670633, 1.7079571497843586, -0.12291108385727, -0.23884448062859, -0.013507776621197001
-0.040214814994702, 0.13303802647736, 1.8294835909204874, -0.13615151030263, -0.35768065800396, -0.052633354289166004
0.13413317600744, 0.1315211097947, 1.820779388853152, -0.14282232478262, -0.34854149053571, -0.035093603512646
0.2276361465775, 0.14585503281655, 1.7803250793179572, -0.14558031563642, -0.33007881506214, -0.047343343835956
0.24603227732931, 0.13880010669446, 1.693338459863335, -0.14278659670047, -0.31445636697456, -0.047255396116098004
0.22144985387551, 0.17010066571176, 1.575917579449724, -0.12889515289312, -0.2315792332056, -0.015163444698005001
0.13107080622795, 0.16763882851148, 1.4963403158841442, -0.11193985741722, -0.27355579192951, -0.0037174756903992
0.12600684925364, 0.15875645412043, 1.3802626034806054, -0.10353977880472, -0.23311186889962, -0.013013059646212001
0.14269871177611, 0.15098524741374, 1.3058086480054552, -0.088696196641371, -0.19060765908552, -0.0036607766603813
0.11097548372108, 0.14629114065817, 1.1030220871883383, -0.061532834847304006, -0.12776446466624, 0.021622319384687002
0.10383328050542, 0.10875480873115, 0.99034144527781, -0.075686676833739, -0.11533880238232, 0.0078685740321086
0.15619205848847, 0.09872560673809501, 0.9899591354206, -0.064292387047003, -0.19174524735936, 0.001333458092669
0.18493565926088, 0.099019293996566, 1.0562176918629835, -0.051436020436751, -0.22445022104119, -0.0049531131343262
0.1866079278128, 0.09938414021952001, 1.0896686209480986, -0.040365529677608, -0.28706830560682, 0.019278417818582
0.18753847487918, 0.1115412319728, 0.86498186237016, -0.030876840848881003, -0.30464054216395, 0.0096649003586241
0.15415499154495, 0.10234296662191, 0.8222212530137, -0.033000215496766, -0.26284951408893, 0.016639651696232
0.1636834884622, 0.11137026853724, 0.8570787895986, -0.014679446867024002, -0.18864513376303, 0.027561576832233002
0.18502344056003, 0.12788557426316, 0.85983484369507, 0.016641075382401, -0.13400810492568, 0.039627972454739
0.17390705668709, 0.12160718217099, 0.85001521545962, 0.00234881830494, -0.18857624292845, 0.027362085642219
0.20385608197366, 0.09465931789944601, 0.88006081242603, -0.024118895478476003, -0.28763646991898, 0.0094186388869718
0.14558041488489, 0.08474080844669901, 0.96396739031549, -0.03358508676065, -0.33593942650178, -0.0091358039371681
0.090154547076413, 0.15396171940551, 0.95313805149233, -0.035942801925721, -0.38375496431198, 0.09196372879096301
0.12367680473258, 0.16990060880569, 0.92397088928756, -0.050806691048755, -0.36950248160967, 0.14647174172014
0.1904254251903, 0.13826942914904, 0.82256892567176, -0.0042226706432467, -0.28197480180597, 0.061992797926147
0.16699290750515, 0.14307713308057, 0.69941375462475, 0.037368216628262, -0.26967183518769, 0.040379448492845006
0.11876024130618, 0.11734769270356, 0.64170912491589, -0.0036602236069399, -0.31238532440152, 0.050842386234888
0.07280948563749501, 0.11962383125241, 0.58965217832841, 0.025478806986900002, -0.24863357695955, 0.044637868005416005
0.06738904678033701, 0.12230830190136, 0.68073982334334, 0.023139779517188003, -0.27472378797256, 0.06979559111255901
0.09073983973211401, 0.14968691349397, 0.74743230163882, 0.023392397280093003, -0.32093110906708, 0.09414004145129501
0.15247924198022, 0.15540906944306, 0.80709716673371, 0.034568962227246, -0.35240866177085, 0.08408414164757201
0.17325535862507, 0.15354501183808, 0.8367265561062, 0.025954318075252003, -0.3113034902332, 0.09600559282757301
0.14899803315941, 0.12758285061608, 0.98073985430664, 0.0026495166132846, -0.28727520321248, 0.09569826851546001
0.17134025800773, 0.11928542833858, 0.94932161380394, -0.013111058257072001, -0.3168983392885, 0.08518902500561201
0.16154976080309, 0.12979589435381, 0.95463904592896, 0.0007660394800233, -0.30755519977847, 0.09329581271520701
0.17114737841746, 0.13522186997795, 0.93993248371202, 0.0044093087249436995, -0.28265331056081, 0.089974149653887
0.10964655261013, 0.155570634795, 0.98118381048355, 0.0016499369553275999, -0.30903961772192, 0.09761780837542
0.0081810192722889, 0.18378826298135, 1.2885289221192466, 0.029575935747149004, -0.2710948011794, 0.12550459768433
0.14370431286675, 0.17188097191612, 1.0814526963621345, 0.032011010675056004, -0.37044876538944, 0.15556407352149
0.18388718074263, 0.18038870435696, 1.016470859901092, 0.020560184586832002, -0.36522218493993, 0.18388361964256
0.15209894143207, 0.19440019325594, 1.0530456872234597, 0.013599804299131001, -0.35602703984464, 0.19928949164078
0.08223163576042501, 0.16937052998846, 1.1952724493233995, -0.0017998587196662, -0.38066170727186, 0.17035837005242999
0.14470478399119, 0.14203684898107, 1.1595702470625961, -0.019021295879486002, -0.42479892219339, 0.1500574934292
0.17421195520902, 0.13791280528312, 1.023252206020687, -0.012343237232248, -0.47672494097776, 0.14240733287152
0.17501134388107, 0.15574860764225, 0.96533105053423, -0.026012900468299002, -0.46723621148839, 0.14518261027453
0.15124860003523, 0.15759519473412, 1.0185361347614221, -0.021539574032794002, -0.42307624777807, 0.14216349138559
0.16902806252846, 0.14836501650067, 1.0002688090034781, -0.020685807224643003, -0.36739970507967, 0.14217613229253
0.14256385193737, 0.13989831403836, 1.016361266203101, -0.011521322586122, -0.37227367151642, 0.13979158897681
0.13533425642627, 0.14103571241911, 0.94639742290114, 0.014983687912604002, -0.38539006438029, 0.131087648164
0.13380068508375, 0.13694974473075, 0.97689374059618, 0.0033890516086556, -0.41170793101467, 0.1659391951277
0.11446370440191, 0.18516186810457, 0.99601648129141, -0.07277251512560001, -0.36472027019664, 0.14770558521827
0.12961163493096, 0.13376805540553, 0.99713795189229, -0.05110315675429, -0.35059878132593, 0.13815429471482
0.13289981965194, 0.15948198029788, 0.88124580619326, 0.025101210176622, -0.41412686221926, 0.10237903803545
0.033889210878798, 0.17079067425778, 0.9597737046426, -0.0006086730911214, -0.51384764443149, 0.11757191507684
0.051053522144919004, 0.16928733044364, 1.0243102660866867, -0.016697128647562003, -0.5128996865648, 0.16638019915409
0.15256400956709, 0.16015269776545, 0.87403272891295, -0.018859356317635002, -0.3454033175197, 0.150585330603
0.11634640257784, 0.14261566851511, 0.83388626944109, -0.0067633761044414, -0.16188351130353, 0.13039224040347
0.12527294115893, 0.14883917682671, 0.81166757996847, 0.007925267696739, -0.21071708155596, 0.13156884894763
0.1747601066588, 0.14248174801134, 0.78795933871139, 0.0046279337867902, -0.2820332369444, 0.1355419157749
0.20479727740468, 0.14017024609999, 0.71516611434769, 0.014533283511004, -0.26297757670632, 0.13223452012871
0.22298773983163, 0.13581832020529, 0.75239617355807, -0.010347945679961001, -0.31216695218927, 0.13252502446685
0.23908369534696, 0.1309871343037, 0.75484896893343, -0.013630781292217, -0.31682734235042, 0.12148567178509
0.24349289225709, 0.12444308818029, 0.7885290178399, -0.0058388164541244, -0.34133845691435, 0.12740212576507
0.21057271185334, 0.11616322939144, 0.87830226555372, 0.0013234787055759999, -0.32976809971689, 0.134238479797
0.20575210078048, 0.12665741943898, 0.86409264689008, -0.0071522001476941, -0.36079029755184, 0.13647642645512
0.17205464828976, 0.13811189883422, 0.87801807774258, -0.0059136460729347, -0.34898553818186, 0.12499163839521
0.18695319537847, 0.14151025865233, 0.88265764486321, -0.0026967871854034, -0.32258215501333, 0.13101145945641
0.1830923733096, 0.141765494469, 0.86711716410424, 0.0005453410626918, -0.32094854617993, 0.12843457872533
0.16516033459976, 0.14012940461923, 0.91218723696202, 0.0028505111665005998, -0.35683579562243, 0.13753058522581
0.17626810080378, 0.13492829423882, 0.85713304294837, -0.025274315649082002, -0.37556407369103, 0.13287985942145
0.17420872577832, 0.13570780945491, 0.89176158993863, -0.023869516079423003, -0.35411579188675, 0.12013019903236
0.1825921348708, 0.13019784803762, 0.90654757908775, -0.0064005190652050995, -0.3317123611349, 0.12316819150027
0.17411197064116, 0.13112907605344, 0.894201255586, -0.015559174281785002, -0.32622441011315, 0.11975547720057
0.16192321327038, 0.12711387170548, 0.93310622555422, 0.008389707246277, -0.31776356274421, 0.13104072615071
0.1525840479281, 0.13221133421847, 0.97366520196826, 0.018519292114677, -0.3544358144858, 0.13830781760992
0.12590741715892, 0.14310239073688, 1.135023835241673, -0.0043200457689363, -0.35759884203182, 0.14069733587325
-0.063992705300045, 0.11241098977286999, 1.6103420557316093, -0.079748197298404, -0.39868328474647, 0.11673228158314
-0.82766282996589, 0.32640977604354, 2.636119822347261, -0.21867777671252, -0.26177128998625, 0.19913064189767
-1.324602566562525, 0.46078546188849, 3.433586269158922, -0.378560624481, -0.85332204037973, 0.23078565031543
-0.92403502715078, 0.40931056620609, 3.450750166748903, -0.50392153543276, -1.0463363237023093, 0.15196797482834
-0.75756640438871, 0.34328275211925, 3.4443732363423014, -0.61623425995114, -1.1806476998132667, 0.09555796336650901
-0.51702875415961, 0.29806773939768, 3.2850824978700706, -0.64833825989009, -1.273727750188471, 0.029965272137863003
-0.28789328303408, 0.25169934666543, 2.957131463555318, -0.63715408328181, -1.2540583849465856, 0.0016797344384364
-0.21439117833443, 0.22371787396676, 2.4066754043766467, -0.62378575471465, -1.0244657189474768, -0.0030358816030883
-0.1645084667746, 0.20606206807659, 2.3084503542796666, -0.60180350259549, -0.91468982600449, -0.022944175146854002
-0.052942050361742, 0.19997375856504, 2.1971631276757773, -0.58898695048612, -0.88408515915742, -0.022087907716137
-0.041773517932299005, 0.19955736831673, 2.164487603119238, -0.56827780617656, -0.87758920958316, -0.029932315004807003
-0.013464630691923002, 0.19243908166589, 2.103368567628637, -0.54122992614168, -0.81799019494782, -0.013438866603385
0.0013809998244292, 0.18369355315734, 2.0029872702126825, -0.53044692799405, -0.77214448897139, -0.0095489880970304
0.0032135190051089, 0.17295411705609, 1.9388396078450159, -0.50773556425284, -0.76702976071369, -0.0071757947250645
0.053988305101083, 0.16292764767849, 1.8738198965148158, -0.50956103080025, -0.73099016844939, -0.01786840479654
0.07631004396710801, 0.14937677119022, 1.7486632988008544, -0.47944488876299, -0.63519314521029, -0.024227953400906003
0.12453322031028, 0.14302927937198, 1.4892357531128344, -0.4245055271815, -0.52967879652789, -0.015229232900004
0.052901685533663007, 0.14152800238895, 1.1639378687692918, -0.34525875185095, -0.47393315302679, -0.0093573848350399
0.1699248184163, 0.13736389781099, 1.0311684922525672, -0.25897495924441, -0.39594270567643, 0.045048651926435
0.17915027479434, 0.11765242029618, 0.97822035440279, -0.2393048960238, -0.37353752924537, 0.012049535687271
0.16792559138204, 0.12162609722512, 1.0424054713114177, -0.24759602837466, -0.39092774705256, 0.018687007779933002
0.18066919088962, 0.11549176194483, 1.0616015764252245, -0.24146975997644, -0.41063405494063, 0.026638462827116002
0.18690194890271, 0.11295947280789, 1.06457955311632, -0.25280798173254, -0.43854161058304, 0.027495218383301
0.17827134675991, 0.09991535374188101, 1.1249878990573545, -0.24932529736441, -0.52982241402567, 0.032278039465888
0.18390500278604, 0.10336161414768, 1.0701233630655183, -0.24556249448811, -0.52699756501777, 0.034723833661494
0.15549089473871, 0.10511116875003, 1.1234250861638166, -0.22308106953188, -0.49350695515208, 0.039131105382041
0.15583421888415, 0.09597470483839601, 1.1896671572233701, -0.22278963272319, -0.47162127573794, 0.053405689013864006
0.1552479143686, 0.09768048600196501, 1.2103564557289905, -0.22523529173218, -0.45700137027307, 0.043145440939310005
0.1505117970413, 0.09758576280005901, 1.2484683032791204, -0.21149552046061, -0.45854759474059, 0.059729572252593004
0.13465184491399, 0.09547014185065901, 1.2834049860312895, -0.20052383416784, -0.50889796317917, 0.060630225225562
0.13552838869945, 0.1066564688641, 1.1971895104310541, -0.19154649470706, -0.52236342975977, 0.073983996464084
0.060037348996865005, 0.094529704217023, 1.3586966031401202, -0.17356537867616, -0.47295459061548, 0.060068082409616
-0.08263802176986601, 0.12157329403623, 1.9464911619026801, -0.15501590538288, -0.50760782755618, 0.14953650546206
-0.30307615035188, 0.13083549201935, 2.4992442884122767, -0.18887501703127, -0.5165941073043, 0.05990346646243801
-0.098807628021656, 0.18172930605477, 2.4653644694039687, -0.15762426708047, -0.60457326398651, 0.086043036940287
0.02803067918092, 0.18559338566524, 2.440147303508576, -0.20108335079093, -0.70176699134782, 0.077790803514523
0.091120317259357, 0.18535948819656, 2.19780042493064, -0.21061952554714, -0.56907448983469, 0.05977136913197201
-0.0026255477322953, 0.17604745826179, 2.0392745115577613, -0.22259912355069, -0.52708606356789, 0.042104382390451
-0.024114292596875003, 0.19032600539086, 1.7051093660534202, -0.19573988441039, -0.37001011223902, 0.026285145665776003
-0.080003641799491, 0.19024476191177, 1.3101558486839524, -0.15529131893296, -0.49298062724363, 0.013614227737726001
0.04826848764781701, 0.16591948492131, 0.89015538154814, -0.13496140534039, -0.4339699579901, 0.043047761917672005
0.1111874080343, 0.15311554130367, 0.89527654799921, -0.13657026792567, -0.43875489102379, 0.051483492749834006
0.09590676912675501, 0.13771940866953, 0.77865072305955, -0.13106163542522, -0.41331092514351, 0.046161548541093
0.12141962495641, 0.12839910627296, 0.83410094315666, -0.14048057532879, -0.40767916124085, 0.05649906840261001
0.15958830991006, 0.11757606435264, 0.8159542122834, -0.13938361017135, -0.39307874292122, 0.03978572204563
0.1638120099738, 0.11612927829568, 0.87540616691697, -0.14112814754175, -0.42805895770053, 0.044319629849861
0.14641849894563, 0.11165964546255, 1.017661340528546, -0.12989615115625, -0.45751601790337, 0.067069747218817
0.14331426349233, 0.11763451092925, 1.0660211067083079, -0.1470191091674, -0.48091705066869, 0.065287890689536
0.12463560245985, 0.13904883762227, 1.0755506244594366, -0.1597615973271, -0.50486961973908, 0.047023924272412004
0.13760235397141, 0.14662411072082, 1.0804159002202618, -0.15325337513911, -0.49282867505117, 0.04584527187274701
0.13705561585253, 0.16462821439128, 1.0216541265449495, -0.15343602732124, -0.47979473504203, 0.05867913075509801
0.1118572309955, 0.16452753521345, 1.0515370461068647, -0.15908215769211, -0.46371793745401, 0.055095101281178005
0.081144447544748, 0.1726847290926, 1.1525429100553433, -0.14889348583804, -0.51962780001338, 0.06365981824358401
0.072960488440172, 0.18114109187493, 1.1811449202491824, -0.15073903092905, -0.53175695169063, 0.072313699315472
0.066509684440584, 0.18274905255439, 1.2542178528160954, -0.15986887011643, -0.51038095170793, 0.06193532691895701
0.06741317523673, 0.15879519295666, 1.3130476858801816, -0.15932796642411, -0.51306164176193, 0.054188192096184
0.079280310911919, 0.14442619125547, 1.3331788376224405, -0.16964431258574, -0.51406772932472, 0.05020724188350301
0.1131762191416, 0.15923396549512, 1.2591505350559036, -0.14686170506447999, -0.49440401390275, 0.055459162979298
0.081251573223014, 0.16667546952104, 1.2311905345919385, -0.11865133499237, -0.50440664107838, 0.07622709645865501
0.084134618499224, 0.16494513095542, 1.0759873566307563, -0.12591582572089, -0.56557704597676, 0.088268885551763
0.07237524420312301, 0.14918943955857, 1.0647271280153583, -0.12331698726578, -0.50806121530369, 0.088835752692328
0.060783461989381005, 0.14796349462418, 1.1152363767344364, -0.13117656702732, -0.44567421693052, 0.08592073425416301
