Pichu
0.0, 0.0, 0.0, 0.0, 0.0, 0.0
0.031404945164688, 0.013723619771175002, -0.093704581835472, 0.014092738372497, -0.051080915122165005, 0.012885971010869001
0.040751139009704, 0.017715660872924, -0.12031422838745, 0.019553863669529003, -0.043591043705823, 0.017365964678703
0.023192744361496, 0.024199975336034, -0.15409337921324, 0.028345454841325002, 0.013513199255073001, 0.016178465633198
0.042530168443425005, 0.019028968656185002, -0.07296131960603401, 0.013883829231746001, 0.037715707372872005, 0.0013870826680985
-0.018561383282355, 0.021602165857091002, -0.16864788085032, 0.0075341068455149, 0.037888002925713, 5.23302312984e-05
0.048745479533108, 0.0097879257301812, -0.10374594207924, 0.0068205252296999, -0.017143504365734002, -0.01053145427371
0.031643471568097, 0.0099075590923475, -0.012084340617373, 0.0032748789334949998, -0.022841494001333, -0.0011364539166674
0.04965760661995101, 0.010507151082849001, -0.027287448612792004, 0.019703492295883, -0.027845660065486003, -0.002532688339764
0.052455475255151006, 0.013543126050739, -0.044001976982321, 0.018955658048429, -0.025088509117687, -0.0051105397478731
0.056393187024682004, 0.012235655012312, -0.0029824613522332, 0.014919446599094001, -0.023443838995001003, 0.0030367734555672
0.033562329056882, 0.012359167487143, -0.013620053309252, 0.020960761607131003, -0.039133152181120005, -0.0031062238622482
0.040772951383946, 0.0044401609994573, -0.0027902289534053, 0.010075502633662001, -0.05085173786951001, -0.020104947285998
0.027786926893441, 0.0042835663252874, 0.0057872092764868, 0.014028672659293001, -0.05983583895744601, -0.011685350933936
0.045910698243423004, 0.0087996826304068, 0.043248184110003, 0.017576316982295, -0.06723669016354901, -0.010243156378697
0.034334862989482004, 0.0050343877409019, -0.021963728514917003, 0.020714444979880002, -0.07070835469145101, -0.0087077289084232
0.034248502856125004, 0.0054721742588384, -0.0028552452632897, 0.023314620559979002, -0.063614347548463, -0.0099862640093862
0.027750822340307003, -0.0016673065893641, 0.032860052943387, 0.010005911598071, -0.05552346743733601, -0.023734989695972
0.020111679276341003, -0.006689778213402, 0.034292689634714005, 0.0049791277129575, -0.056161752178340005, -0.018645390418147
0.044193638473764, -0.017405163870010003, -0.027494337394967, -0.023160099125749, -0.031769162065893, -0.026097699847702
0.0053013663587423996, -0.069389663294682, 0.0061045786034127, -0.16909685547335, 0.10668865266604, -0.025199663374576003
-0.055275250805204006, -0.16172436661554, -0.22711129844449, -0.36767537077629, 0.194238682841, -0.089027277552418
-0.0045911141890675, -0.18652640567381, -0.34585787079828, -0.43602422755964, 0.18792999707592, -0.09692557462705101
0.07644353710101401, -0.09762371818545401, -0.2755868465654, -0.19885001457722, 0.09004426078103, -0.022246692747969
0.004278651608782, 0.016821877689474, -0.29705589946705, 0.026986524628289002, -0.000893864256254, 0.058441243560029006
-0.024975628846753, 0.13524428331444, -0.20195749693785, 0.22516221845154, 0.016063373627209002, 0.21239444320229
-0.045079300886865, 0.20935068079665, -0.16794907668404, 0.24424752509002, 0.10243244410586, 0.33094487931219
0.023010266473191, 0.08564414071581601, -0.11150617722159, 0.015850455908169, 0.04574021513360901, 0.13813618514226
-0.0003717472821376, -0.087429937831485, -0.063397418112032, -0.41018499352994, -0.063922863112084, -0.047275854272798006
-0.020359350166771, -0.17460620585835, -0.085077418170678, -0.55220706648483, -0.13378157407102, -0.099510257503231
0.1324449128877, -0.093739057358313, 0.010843553718009, -0.29023975621264, -0.10169405056439, -0.084090536551589
-0.025723227138588003, 0.06405205829572501, -0.049307374696637006, 0.032325541685182, -0.020066382828129, 0.06214110138922901
-0.056478549080735005, 0.15030546568675, -0.2080901764364, 0.18843975007896, -0.022069779061557, 0.17453077054892
0.081638011426999, 0.069754719974632, -0.048152145247993, -0.057972141832029006, -0.018605546448085, 0.10857060579612
-0.010729816501047, -0.039633836927742, -0.045372892280410006, -0.28243488498359, -0.04107625058933, -0.015499094848459
-0.009729450282504699, -0.07389347119587901, -0.10483792357878, -0.34516304918062, 0.23306075048797, -0.15603493821494
-0.10146554863752, -0.054742176375627005, -0.49664121281235, -0.31175898002495, 0.51516153995692, -0.16597982099264
0.026203049802306002, 0.023332658315562003, -0.07593243445405701, -0.08554248433405001, 0.10159377224657, -0.042200516501474
-0.11550852266809, 0.012512832350705001, 0.12229622518414, -0.083509567314692, -0.2001217047392, -0.036403704575384
-0.050961276961374, -0.019811779024033003, 0.1872465447294, -0.18590789926968, -0.18364240911408, 0.0010199480702005
0.039522155216394, -0.0045418605605563, 0.10534258639874, -0.15756138027879, -0.093920037423349, 0.008093737971104499
0.047056639032329005, 0.0079587235899659, 0.07623092131891, -0.13518275223608, -0.094009108825766, -0.018193091563179
0.085064438026363, 0.0028372483996236, 0.079841476372127, -0.13297499906222, -0.094568387054156, -0.028263783493289
0.13446730702469, 0.0010202691156146, 0.011926321796027001, -0.12001867067167, -0.10620637930079, -0.035172535473976
0.11317043603016, 0.0080199617890666, -0.069798175403864, -0.11097542267161, -0.081417369017417, -0.034820629282781006
0.10133796177633, 0.0024211595482365, -0.06480904763452801, -0.10608388316927, -0.049890808114426005, -0.025680372224845004
0.041552665654779004, 0.015074033332521001, -0.1061620799595, -0.09911043199167101, -0.024847100119625, -0.017166702416588003
0.072519821331696, 0.0076629545978066, -0.12179440317867, -0.11607569073329, -0.038830835569229005, -0.012353401007147002
0.09474695611410101, 0.0053179731985085995, -0.13125198623329, -0.1148746786165, -0.079234504855119, -0.010444497121291
0.10781490693805, 0.0003090793995374, -0.19678601023938, -0.11509588192165, -0.046406261978751, -0.017605075220399002
0.06911207370736301, 0.013192277620953001, -0.18969463609744, -0.097790554650635, -0.014104839224912001, -0.0047371249808448
0.075215932972036, 0.0056818379158674, -0.073475240904618, -0.10250409092475, -0.032295009251217005, -0.0084663814013911
0.09113597151798801, 0.0091169979257637, -0.093937925363753, -0.09491981825497, -0.04809651866973701, -0.0070686328225506995
0.075973726935551, 0.009285197596281899, -0.074204187743409, -0.09949524477021, -0.046733946758545, -0.0084663659196839
0.047527602892824004, 0.0085866487901545, 0.01880260223882, -0.077810819205964, -0.040999932535592004, -0.0024479657759261
0.068000434516589, 0.015991347956257, -0.052265264097588006, -0.08058934157813501, -0.036292022027306005, -0.0075369954368282996
0.056021319646921, 0.012505544480961, -0.014422133851146001, -0.084738936379792, -0.042895643866813, -0.0059918337248741
0.06749307386938501, 0.01732208098346, 0.0015336421388448, -0.085453770455164, -0.035383975014593005, -0.0019273848756034
0.047405498017406004, 0.017371837018774, -9.99977843824e-05, -0.087202839612896, -0.043558787371196006, -0.0014756846100514999
0.037233122058237006, 0.011258820524857, 0.010532640420631002, -0.08573656760651101, -0.050013586835103006, -0.0066126072461997
0.036908925271495, 0.011180354583322, 0.032167786581677, -0.07929982074712201, -0.05222460921643501, 0.0010255490534013
0.057724035406443004, 0.017198397540048, -0.073681785875691, -0.07987565715443301, -0.041447415352199, 0.0010393903194915
0.034461370048144, 0.012669901392223001, 0.010015556264456, -0.084346304710791, -0.026481291305105, -0.0056893224117738
0.037127378201685005, 0.017482259575392, -0.041835384425909006, -0.08035192269013301, -0.009389731881969, -0.0028548226039441
0.031660112702451004, 0.010474671845461001, -0.029787503742983, -0.095313014238741, -0.0072275149894405, 0.0067598168171957
0.028191971499114003, 0.0082525989554458, -0.027808578389013003, -0.09858026006088201, 0.014488401805741001, 0.012450972207348001
0.022603161433145003, 0.017235483083498003, -0.061599419076874, -0.08611493578809801, 0.043021166513411, 0.0092878726993292
-0.0036026906438602, 0.024496652093053004, -0.11943961231211, -0.10041762678192, 0.028781705198589, 0.0065907381917393
0.053785525740496005, 0.017866605174655003, -0.09323166496608401, -0.08731338008915501, 0.013787809525760001, 0.0022873453714261998
0.033771715814447004, 0.012257794606054001, -0.045869845192435005, -0.08337567217542001, 0.015655439797942, 0.0087436993065786
0.036263385374735, 0.015228565531041, -0.013993760339785001, -0.09035278859979301, 0.016136595700581, 0.010153004724833001
0.039101995182025, 0.014048036228455001, 0.0072956997904291, -0.08264598797240601, 0.025635413180785, 0.0074607042664842
0.013074016645422001, 0.015686388335824, -0.022228174757686, -0.07890382173329301, 0.022164513728406002, 0.014462349081238002
0.043753922258248, 0.015260679314655001, 0.024593687326802, -0.08899483896137801, -0.0031982533669297, 0.008613545490615
0.029988928251678003, 0.013296051908547001, 0.049052578974787, -0.08504801612623701, -0.0058194247013042995, 0.0096075884518337
0.029320346672938, 0.014345744627883001, 0.04235731489634, -0.08103851482353501, -0.015413683457035001, 0.0092460256706551
0.014628420125125002, 0.0073135879625458, 0.11831951996474, -0.074977460854403, -0.040344380106927, 0.011758367465727
0.048579987199637006, 0.013696206423135002, -0.032079246024279, -0.08009062376763, -0.050269693237533004, -0.000311678223466
0.031624556697567, 0.014686009577946002, 0.031082169380022003, -0.08185107584745001, -0.034223543563773, 0.0062386945086979
0.021205837115064, 0.017582037212372, -0.028842492534172003, -0.085995692497229, -0.0046095426541894, 0.007600966848176799
0.017594774736039, 0.015494032860390002, -0.030764438784478, -0.09231049578278301, 0.011327707304136, 0.0065488207610502995
0.020768244107964, 0.018668369360555003, -0.027786758004372, -0.09989012679176701, -0.004744078514042, 0.0099208469292745
0.037103337377206, 0.011654435161126001, 0.023678721428422003, -0.08590933498243801, -0.015990035193126, 0.015788233996415
0.027669918844689, 0.025267454456438004, -0.09260930976423401, -0.08932720525277901, 0.020310524406031, 0.014690215299794002
0.041900309513694, 0.018027484416213, -0.0079705329804299, -0.084925536754775, 0.013891575352432002, 0.011645663745524
0.042237357502191, 0.028835394013252004, 0.010379738708893001, -0.11619996276829, 0.045980634174646005, 0.035362887683276
-0.035232235322897, -0.04936239597531, 0.11865664486843, -0.24379359078164, 0.15075498331249, 0.013768313549179002
0.015430440200949, -0.0052041688549303, 0.077446714273813, -0.07336739099966401, -0.0010694452460866999, -0.025029918242318
0.02120491721565, 0.015728986610237, 0.091888185028863, -0.08429492006850901, 0.015596178264197002, 0.024739284277854
0.057451276074807, 0.003272220514955, -0.04761498822568801, -0.17964117937343, 0.076380244986613, 0.053015827530971005
0.08973624464029001, 0.020099422401541, -0.045498846764369, -0.11439308982563, -0.0054810582521666, 0.019097660237071
0.07179081660604901, 0.013750480370941, -0.075273269524793, -0.1360118066358, 0.0075013552261887, 0.028531510795443003
0.10637594292313, 0.035895993530984, -0.11906454694758, -0.11948127219537, -0.0008909503538498, 0.06909740467411
0.10852315677531, 0.046789028620235006, -0.12809137410458, -0.096318963880759, -0.042689410622551, 0.079173084695738
0.11235147070143, 0.033559897771053004, -0.10252706661077, -0.09735980174112101, -0.020700331071982003, 0.045589946750154
0.08018095861667, 0.036249429913721, -0.11767745684444, -0.076572184226009, -0.033314675210542, 0.025449164761877002
0.037990941267076, 0.026112412107975002, 0.0007464809220555, -0.08535117111335401, -0.056710425634853005, 0.025270459043828002
0.059497369691465005, 0.034354415989200006, -0.043764227749955004, -0.07236182979797501, -0.042836438308578, 0.04213283559589601
0.014136167736886002, 0.04924866456394, -0.12136443950908, -0.063472958972367, -0.06976591123105401, 0.035191269177909004
0.045470427686764, 0.042622894635993, -0.057271452596195004, -0.072478567714037, -0.083125142205134, 0.031607373301474
0.06330228747727701, 0.041768577489182, -0.064977796810889, -0.06378261575194201, -0.08918745010429101, 0.026092903382494002
0.057561511267234, 0.043891428531532, -0.10229498985901, -0.066140018938592, -0.08436805939148201, 0.022673816573238
0.06298315032091101, 0.03355840488003, -0.014038971827494001, -0.06402705600884401, -0.052258568773273006, 0.020005213754355003
0.05012360068496301, 0.04059172598467101, -0.10552856722411, -0.07322731009514301, -0.051853910381899, 0.020902173915599002
0.047360535148634, 0.042582327116549, -0.08967587650901901, -0.067750566590606, -0.049431761349343004, 0.018906397202292
0.034417328150781, 0.042300289158623, -0.06426069473019, -0.07098333489905301, -0.061496044197717, 0.014176401440200001
0.05219975204012001, 0.031452055285885, -0.025861784449434003, -0.071935632635465, -0.040835355623951006, 0.014647843393111001
0.036299021660524004, 0.036236861044914005, -0.066466807105741, -0.07134777856638501, 0.015133568583379001, 0.021475760645397003
0.045295251544596, 0.035603673563061, -0.0057070158629112, -0.076522197210787, -0.017916307066066003, 0.020051238644451002
0.059221233165811, 0.028906499198525, -0.0060005242553872, -0.077364109311573, -0.024256818317846002, 0.021165167911599003
0.06464220197706301, 0.032086353277650005, -0.020626485929004002, -0.07153591148709, -0.024863100399045, 0.017358561863387002
0.05357719669526401, 0.034933284821573006, 0.030839272487255, -0.07031028720539101, -0.039503899263328, 0.016825078140102
0.048766913119363, 0.027625553417350002, 0.021046218399866, -0.070000256674469, -0.040134312929161, 0.014614578685284001
0.046035459434700006, 0.046563518104547, -0.035369939795283, -0.054853320878465006, -0.022996326287692003, 0.013936873284461
0.056318438369587005, 0.036423436117807004, 0.053153744120730005, -0.061613271932873005, -0.026003361676980002, 0.0058032198812505995
0.058560147744319, 0.034818816371694004, 0.031809030969113, -0.06635952995484701, -0.022965936319928, 0.0088680289056593
0.031129562272887, 0.035188813134470004, 0.041195790224991, -0.061460519099928, -0.024374576811534, 0.010588695845873
0.024817656892683, 0.038717435803256005, 0.047583180297805006, -0.058142858293380006, -0.045408873526413006, 0.010722605767196
0.014847391216136001, 0.036231935455621006, 0.11558168126575, -0.052188671705227, -0.062196027669973, 0.015074880386496
0.07818159088930701, 0.041431047792787, -0.038671632340406006, -0.04673118695033, -0.063930162175833, 0.018612223597213002
0.080194843087468, 0.044248472374121, 0.033223521341938005, -0.047876035699387004, -0.052395623565225, 0.018570308639192002
0.07438156374964701, 0.045874476629172004, 0.034842987209403, -0.050150690235623005, -0.056868782386374, 0.021170943702693002
0.07452388329862901, 0.043552885400316, 0.01291143941684, -0.053458183142901, -0.046611942994149, 0.020770947842388
0.061365862412348, 0.046431455180325, 0.032514596157898, -0.059033169266645, -0.035730457044717, 0.014823666134078001
0.043960506580615004, 0.040116575340465005, 0.031934494407514, -0.060668299611170005, -0.019802112003745, 0.014724667296621
0.014146411274154001, 0.04867440128384801, 0.023094730188512002, -0.05185258171939, 0.024402255048773, 0.036568627084599
0.037755579888234005, 0.043919311940707, 0.048922511776609, -0.058453966381264, -0.015276581896782002, 0.019963379662409002
0.073919433387199, 0.04151288899949, 0.0061454904450102, -0.057968729414736006, -0.02724154851955, 0.011390440591475
0.07048931025953001, 0.042528272495915, 0.015369096554271001, -0.056356765733250005, -0.035745221522521, 0.020829563230307
0.05750919266180501, 0.041590261264473, 0.11251376943791, -0.057854135367005004, -0.024896874888566, 0.019265090600584
0.04819088382982, 0.043421635949492006, 0.017625723523782, -0.04816769241456301, -0.010798351074467001, 0.019440496742096
0.050437506500141005, 0.040977503949951005, 0.062838267666929, -0.052730498242320005, -0.031800099677627, 0.015823988334264003
0.051679665075379, 0.037697443979616004, 0.07053773403126201, -0.061110865222336004, -0.029220089458567, 0.011743577648856002
0.052885899499858, 0.034022249796718, 0.045615577763233, -0.062816094737388, -0.028080955842546003, -0.0068752583295943
0.044575324270701, 0.036056115283913004, 0.032690966601245, -0.06484978637185801, -0.034326237104292, -0.0061525884237681
0.074120794240149, 0.034973341967562, 0.072796790032392, -0.055372646716721007, -0.028498534025610003, -0.011955454064915001
0.07012101760406, 0.056679529697716, -0.05834208825947101, -0.047736153350897, 0.0032781643099114, -0.0040218987140521
0.050703372697302004, 0.04008941351793, 0.04646260858186, -0.051925275721250004, -0.0080562841894806, -0.0081754960346244
0.062492635960238005, 0.043070819725375006, 0.029345772039218003, -0.056780973569991004, -0.0044694365061286, -0.0010841294910491
0.070256885546245, 0.038045477026855005, 0.048659474848354006, -0.056465596666297004, -0.008620975855162, -0.011316248408031
0.048288008683898, 0.03839773272742, 0.032817188559072, -0.055553162403289, -0.022867746615331003, -0.0083442787674941
0.075759735284516, 0.031363064468741, 0.08136637777173801, -0.05231850207519301, -0.025887213470687002, -0.008853071461724999
0.056324941402341004, 0.039035828480027006, -0.048757561691324, -0.05044158352945401, -0.0092312336879262, -0.0027845406776696
0.042486790535926, 0.040640988658629, 0.041993462896666, -0.04223018562741, 0.001699051726837, -0.0028575157084555
0.039821544639502, 0.042474144219335, 0.021239366514006, -0.05300578163298401, 0.020162784375049002, 0.0005166530474069
0.047099947398357, 0.041245809607047004, 0.040854209507533004, -0.052684432962481, 0.01774970697207, 0.0028992075821744
0.05688642643284501, 0.046577312375837, 0.0090185517575686, -0.05771919502197401, 0.0052989759580231, 0.011165515384098
0.082695935889856, 0.043174704737292006, 0.05157654242881501, -0.05147004808113301, 0.0026362604495717, 0.011011142603484
0.07580076766353601, 0.055586220986840004, -0.037825990084789006, -0.042621807191548004, 0.010716521910538, 0.013710984961191
0.050323126515459005, 0.047191680584613004, 0.041386004274932005, -0.04901759216771501, 0.004036175181684, 0.0088954678166897
0.050548273995018, 0.051202195838829005, 0.022149345161865, -0.040984553017327, 0.0037814192162784997, 0.022369360954056002
0.038145245564158006, 0.048116564339325006, 0.049403215796936004, -0.037614595461929, 0.0092080341634359, 0.0065252326085625
0.05666183966916501, 0.046853397575141, 0.037281130227178, -0.041041276763602, -0.024615108359691003, 0.0059217321701918995
0.058139406876777, 0.040297864820992006, 0.10145043361113, -0.045260021360528, -0.023034147353531, 0.0047837672982839
0.057558214366278004, 0.057192509971988006, -0.02320368378043, -0.041107618443963004, 0.015141004771825001, 0.0082072428872066
0.032566376185988004, 0.057371569650560006, 0.04496148495108, -0.032447120079887, 0.0083082037643297, 0.014722878951782
0.031402664123858004, 0.051001498788399005, 0.028759151435505004, -0.029454122752730003, 0.0029975870766003, 0.0056823353921966
0.052019123229014, 0.055261308945452, 0.01213512533373, -0.039138798308411, -0.011134534043212001, 0.0054699395511754
0.04278325062981601, 0.05040763165695301, 0.027163600341382002, -0.041840301048736005, -0.017558876232288002, 0.0060166150720257
0.050296556576322, 0.046782028779292, 0.089496367473753, -0.032732065889646, -0.017517684636475, 0.0066200166852269995
0.037883853118625, 0.047804047669009, 0.051547191466535004, -0.029482605600753, -0.029230309669660004, -0.021388214305559
0.037293908581053005, 0.046125378115714, 0.083905907967219, -0.035393162342995, -0.025321642988011, -0.011038260315577001
0.038181609984710006, 0.05695939293231601, 0.037316658159762005, -0.024717120167822, -0.0029197723815004, -0.0010739387671079
0.031036228502178003, 0.062925181853433, 0.036426049810429004, -0.034543174454620004, -0.010514893220171, 0.003695647334367
0.013229392098157001, 0.062028860293071, -0.0040209470468357, -0.035225609305436, 0.022303197852824003, 0.0068236747751281
0.021776693451766003, 0.062820852902053, 0.027470671801552, -0.031590582065905, -0.0030993304887644998, -0.0002319880024078
0.06450756507956501, 0.071752713439867, -0.062774348274203, -0.018994724289641003, -0.0023249821414935, 0.0004701447356627
0.04708263682521201, 0.064506253655601, -0.054696322277202, -0.034997519394803, 0.032545627280761005, -0.0012490031033956
0.048954304371774005, 0.058884947062048006, 0.005516301031712, -0.035378283177262, 0.0073749113268695, 0.0036920538253701
0.048594723990959, 0.059990541807188005, 0.018195679160980003, -0.036011482361244004, -0.0092987135246993, -0.0020884615076374
0.058319566468121004, 0.05860829824517601, 0.0087469263758478, -0.03045663214929, -0.014827050061115002, -0.0006012311736605
0.052035562678205007, 0.04340493927053601, 0.15454680559155, -0.030007398722626002, 0.0078007451072832, -0.0062976986759742
0.06907796270123501, 0.056468909567796, 0.08018962726473401, -0.022885380674211003, -0.0096996454012012, -0.001365903608963
0.036683983271062, 0.065882325002186, 0.059810017147963, -0.021544589625932, -0.034963414145821, 0.0059113365913115
0.069267338559894, 0.06890184339062301, -0.024563958434753, -0.016917236053783, -0.025980116617507, -0.0060206931047134
0.07661832306086, 0.06544351839662, -0.06942545789998, -0.014558487829581001, -0.064408496575277, -0.009639246635227099
0.06714037062221101, 0.059765680264718006, 0.06607363619683801, -0.022184719558603003, -0.072295640158754, 0.0022577200979384
0.078046752062674, 0.06173824783235501, 0.069588829652811, -0.01887398038562, -0.084721357921425, 0.0039952922417917
0.083837015153973, 0.06136447805872001, -0.021744298953725, -0.017695198623179, -0.065932108562528, 0.0005556309628633
0.06085627200780001, 0.06232335131260801, 0.038404385547794004, -0.015934973260422, -0.053968738541264, 0.0079977738684524
0.074462448001008, 0.06744444956411101, 0.015911904831902, -0.012135747111770002, -0.038955095820889005, 0.0062435867245484
0.07770365399835301, 0.07209770151856901, 0.055149790955507004, -0.018598233933512003, -0.053224725591669006, 0.0076089883880062995
0.077624856210707, 0.070679984417852, 0.029365377048545003, -0.028011956175645003, -0.052622852178480006, 0.0045883365658106
0.056928702017954004, 0.060312148314197005, 0.066498434583697, -0.023694083859032003, -0.047710114263426, -0.0021416595407294
0.047659206179347005, 0.067932699486074, -0.028187712030016004, -0.0350602172451, -0.010183164964445001, -0.0088046332441133
0.032877995994326004, 0.06989393094021501, 0.030706909633181, -0.026661868313962, -0.0024243584435203, -0.0047324286586536
0.05972722983004101, 0.07239574353714401, 0.023141014726858002, -0.029891910835226004, 0.0099519343073001, 0.000996296431561
0.056656590511463004, 0.06977291885034301, 0.0004062886819113, -0.032215608987531, 0.0018868164148372, -9.86500362088e-05
0.071269685228548, 0.065390070143113, 0.0079760686808637, -0.031181065082458003, -0.023098201130996, 0.0006052946642337999
0.09303019347630401, 0.067413126401516, -0.020457174710695, -0.029644692809320004, -0.0018036079746000999, 0.0051364040315678
0.07603553084978401, 0.066968164592173, -0.036753796069419004, -0.027382987761565003, 0.012848557926908002, -4.53970956906e-05
0.071947884111976, 0.064501275880708, 0.020239070286117003, -0.029113290002011002, 0.0037519240462187, 0.0052504547799135
0.076995397167519, 0.066560031167629, -0.004795211003146, -0.028626096566042, -0.0016102614112585, 0.0032125944749941
0.06312188615099801, 0.06290849625623, 0.028963270519350003, -0.020700996019263, -0.0058725760478562, 0.0013324923272616
0.052317723555951004, 0.063850060847618, 0.079153898518713, -0.020714245064639, -0.012626724068350002, 0.013167459404621001
0.050128836199124005, 0.067957763912369, 0.016874529167593, -0.020124864397965, -0.0027937617843752, 0.0084228191030069
0.053980292559070005, 0.067175858210367, 0.011751265857195001, -0.011238724543198, -0.019136658031819003, 0.011415953439396002
0.081234406659835, 0.06831221920529501, 0.020707341380608, -0.017647257982454003, -0.012077098090156, 0.013169593002377002
0.05850079644177, 0.06979780877915001, 0.049324635062760004, -0.020508205760091002, -0.0078283690572149, 0.016728347002625002
0.063382377531043, 0.07271410111040301, 0.039306972093309, -0.017459265688875, -0.02790438011929, 0.015987651508883
0.061076541719383, 0.073229428261358, 0.061792982090006006, -0.020009263176624003, -0.036017295125128, 0.025490855950224003
0.052996652417813005, 0.06773590726421601, 0.020418854079835, -0.021241051286034002, -0.024693787610240003, 0.019717540904148
0.05190241371745501, 0.06639769434762001, -0.019822612407295003, -0.02233445633166, -0.012832091841914, 0.019146351976716002
0.054632712613589006, 0.06494993844775, 0.050992384915718, -0.026369896964414, -0.0039069364096585, 0.020403952313692002
0.06746271303087001, 0.062252204380382, 0.044048356691621, -0.030201253040610002, 0.0048006063478478, 0.020536314203549
0.062410048615459006, 0.06905097594596901, 0.060677736283318004, -0.036770235735752006, -0.0044599293935939, 0.018320177830127002
0.058644056561605006, 0.068647376682962, 0.11170842250798, -0.034895412040638, -0.014313391883768001, 0.019665426897379
0.063974144758904, 0.062550709543414, 0.053851151393653006, -0.036514529128056, 0.0097949269460258, 0.024235475830645004
0.036928369726971, 0.06330711719986301, 0.064553702830244, -0.03615470239783, -0.0019000089692151, 0.025298608293788
0.043833913847516004, 0.061411333493917, 0.055856361084311, -0.03700827135056, 0.031881517070947, 0.023852289444466
0.030763297559482, 0.06207525337004, 0.050132007796004005, -0.030253012803149, 0.024978462191483003, 0.055319850138246
0.054041367609567, 0.062571511017945, 0.020398532201768002, -0.025107782614316003, 0.0023222746279101, 0.063618472712735
0.07829194543558701, 0.067062471221082, 0.021213459263638, -0.018284034084948, 0.0074325964880940995, 0.060379726578522
0.06215906246227001, 0.067758601570177, 0.01644628422917, -0.012155138867108001, 0.017181689830921002, 0.050062767102907
0.04917557165064201, 0.07014963327993301, 0.07726212015144701, -0.026173524445031, 0.0035300993167571, 0.047178300184398
0.046568781049982, 0.075337827871649, 0.054023858590886, -0.02046297359832, 0.002710198589271, 0.057698675123017004
0.058894341528607, 0.07241616699143001, 0.058629841724022004, -0.014105664742824, 0.0023409055624278, 0.055696406101845
0.046908046155396003, 0.07372260380294, 0.12572781959817, -0.016627479698837003, -0.014420061531419, 0.055058554696867004
0.073710355532958, 0.07003847265665901, 0.039188055821263, -0.019118267642152003, -0.025703826697684003, 0.054332671206048004
0.052401284285435, 0.07144273992569901, 0.02708360838844, -0.011282934515975, -0.041364226258192006, 0.052741099948415006
0.049137163361038, 0.07436844792488301, 0.07168444088890401, -0.006334882617821, -0.015714328362572, 0.055065557672956005
0.037806260154647005, 0.07461299952375401, 0.08037009635132501, -0.0078767246880872, -0.027082065137279003, 0.058321425301159004
0.052179641997878, 0.07929465921784, 0.082373764365138, -0.00033785758692309997, -0.038022318300567, 0.058995738253703
0.044777544373624, 0.078078488260804, 0.1404167610864, -0.006492327797081, -0.055146499705312005, 0.05816179472457501
0.063489794836925, 0.07843838768856201, -0.0088177947396785, -0.008366085803212, -0.079305319179002, 0.050041885499305
0.056324754311836006, 0.07637831500459101, 0.05838532923579701, -0.0039321435299236, -0.067012262001806, 0.053689673046423005
0.050024248830361, 0.080828749303659, 0.043730224608279, -0.0020703842749511, -0.060713395712745005, 0.05353928728999301
0.05106296538267, 0.07987070362251, 0.06375838537346401, -0.0023271331968878, -0.049005194860406005, 0.059077970788877006
0.063335703797049, 0.06525140092270501, 0.013696752594746, -0.0097092854482046, -0.011468668344568, 0.048015395371631006
0.002162154588274, 0.050523610112493005, -0.081006838297024, -0.016847348474483, 0.08104135516637301, 0.048536998041487006
-0.08307376074827001, 0.057091012831377005, 0.22439303088175, -0.013347923696865, 0.047960056542687, 0.073497489659664
0.06652377206319701, 0.080972763082179, 0.15361128883299, -0.0040271486185211, -0.11895661899166, 0.07818489326955101
0.095011215760502, 0.08178226965865, 0.17267237956386, 0.025313578489208, -0.08534544006896101, 0.054885366716291004
0.1376560778643, 0.07013205846966801, 0.08128955997499, 0.0029043351646441, -0.086134151197406, 0.056441338878204
0.10045920877068, 0.082028772563817, 0.10302196009541, 0.0027151131441569, -0.094472564919387, 0.06307820808224801
0.10284959077022, 0.07539314218302201, 0.16183439454218, -0.0047879282786908, -0.13369517085037, 0.060276301119417
0.12001472146726, 0.08254510293226301, -0.0008088041988558, 0.009044449606621499, -0.13377111444081, 0.043141155430481005
0.09839195179995401, 0.07851193501778701, 0.07948471219217301, -0.0037736615507906997, -0.12759309620101, 0.041371292726504
0.1031327962997, 0.08422689068927, 0.08833934835807301, 4.04745741804e-05, -0.10584501966536, 0.044042029199102
0.06321991043832301, 0.08765743412236901, 0.019318601848554003, -0.007875273920472, -0.063535189570484, 0.042876928277490005
0.041587124855925, 0.07556182184877, 0.091390044870927, -0.0081706193856579, -0.062705581926022, 0.041261337641451006
0.040884941717880006, 0.08483032485007201, 0.042412167510782, -0.0081747616432181, -0.019514524611851002, 0.042073164825121
0.038951898825505, 0.07916054756399, 0.030725428882254, -0.0081406720932205, -0.025251824575737002, 0.04483062605786001
0.087551516660302, 0.075594292920487, -0.038845049363377, -0.018055604290191003, -0.032137594021315004, 0.04354918619953
0.08605575428306, 0.07387585980588801, -0.13817601536961, -0.023658099262246, -0.032863047450426, 0.036304271918011
0.097936733626726, 0.074517422851737, -0.10638177682448, -0.015671215203599, -0.060112012146209, 0.044194859731577
0.11104050171839, 0.078694371026992, -0.07823883287168701, -0.0085456985177028, -0.041287086046712, 0.050246145045327005
0.11148340919523, 0.08950936336177301, -0.075644198026053, -0.0041953066719374, -0.014503664620329001, 0.052827212313414
0.093308985031521, 0.069034087553846, 0.040817490374197005, -0.0020877764936156, -0.046372720614188005, 0.049782593112262005
0.089477015369595, 0.077809610173404, -0.015952235648617002, -0.0057305216999951, -0.035149658106648, 0.044021623020824005
0.09280022798005301, 0.078647142145676, 0.021231925155718003, -0.011660553513326, -0.037086072939766006, 0.039061821398710006
0.05998907610706201, 0.081515117298879, 0.044166160041591004, 0.0007715869714242999, -0.06348647054285801, 0.043445211591538004
0.07653674276974601, 0.082767110673508, 0.036627091733156, -0.0039298040838254, -0.06512710253597201, 0.045712840035115006
0.07868793245369, 0.07964496515357901, 0.014298548807230001, 0.0033875753451786, -0.068481342738394, 0.044679664819962
0.07807230176815601, 0.07803614144418601, 0.061006970870424004, 0.0014109932513099, -0.054072227992634, 0.04193702589270901
0.06350486243203, 0.077324962761517, 0.07532367823805701, -0.0024850130647913, -0.050579383250799005, 0.034308761651754005
0.06473057834678901, 0.07788292309830101, 0.050126389676773006, 0.0052931681049897, -0.05812176430409301, 0.036588447976104006
0.043880410250854006, 0.07888934073751801, 0.057965856281605006, 0.0067331172364015, -0.06676313550620801, 0.036889759193645004
0.06284344185348001, 0.07860151230015801, -0.014967758110519001, 0.008265274421921799, -0.073142617515772, 0.037562934640274
0.058113497575706004, 0.07515786091057301, 0.0080698241009003, -0.0038714376219655, -0.06936857656169701, 0.041856131145578006
0.044945537080579, 0.07059043254962101, 0.049155647664580006, -0.011619458241647, -0.025968975785775002, 0.027467218844009003
0.015196896190170001, 0.074330904663849, 0.032011127378811004, -0.021574444996808002, 0.026688744096649, 0.032400093282924
-0.004118996576033, 0.069860110819236, 0.07977420792166101, -0.038371274531462, -0.016757890226433002, 0.025747235254094003
0.05104927177562701, 0.09032832423841401, 0.061616117179637005, -0.0053666273637685, -0.043119351691346, 0.044938519450801004
0.09541826980333701, 0.10292787872065, 0.014722320236049, -0.0005530424975914, 0.021187459607184003, 0.098341355135764
0.014097298599028, 0.09771758998098201, 0.19816804946926, -0.019689796785755, 0.00028956585965299997, 0.087528212228002
-0.035288634924933004, 0.056917612129094006, 0.17551408109267, -0.088341757230944, 0.099903420313578, 0.040676617162515
0.0039283984632331, 0.08314687187922101, 0.21840905755309, -0.056199197297904006, 0.058710275304860005, 0.08861999808222201
0.06862200520946901, 0.10802979404516, 0.046771261162217005, -0.034480500220838005, -0.011922317223822, 0.14344228933758
0.10450902521519, 0.12171488292871, -0.07958240306209301, -0.028298984946988, -0.032108999185924005, 0.13276360203524
0.1062827152079, 0.12171294056172, -0.14732940413041, -0.0074997653310868, 0.0084238115811524, 0.14489064508588
0.066437089029586, 0.12124011619631, -0.024424204278448002, -0.022213990081223003, -0.0013082684901223, 0.14695464046073
0.06778691204772701, 0.11432867938229, 0.035906401104519, -0.040290562949405, 0.0043265625153758, 0.16029788611571
0.035144045660010004, 0.1002862114061, 0.030047377671508002, -0.053677726959000006, 0.035202268439537006, 0.15773760834129
-0.014101053422777001, 0.11917953140336, -0.013287505238486002, -0.05528031257934501, 0.13899328986076, 0.13211062393442
-0.026680070042598, 0.1155849016834, -0.019088519200819002, -0.05450082411940001, 0.11126404221558, 0.17297566940542
0.098915577212074, 0.11421580429107, -0.24399313375796, -0.059861112283942, 0.023555585882747, 0.16372972673979
0.12934787884688, 0.10442450517028, -0.28603196359734, -0.057964671663165004, -0.024393941542437, 0.14924718122343
0.15168688244478, 0.1022959198106, -0.42284307684236, -0.06992272480347, 0.010070182499387001, 0.16522788939385
0.13137026675248, 0.1089740170533, -0.4202043153077, -0.06653789567981801, -0.0043781398102289, 0.15976373082359
0.034303268037546006, 0.12202777680872, -0.02521239372815, -0.04222434670242, 0.026310467862261003, 0.14521866912897
0.027327944400578, 0.12670570654787, -0.12541432504899, -0.046649354771753006, 0.031149237962303, 0.14119579361537
0.051692947263476, 0.11920711652196, -0.084875708135955, -0.032436136295378004, 0.034977169600825, 0.15092261247999
0.060162281204192, 0.12522910884457, -0.075834284077544, -0.021159329099336002, 0.027390660292897002, 0.14052553176596
0.047446487928328, 0.11886675248204, -0.08137962587474701, -0.02750391910585, 0.00013010436338129999, 0.13070578374179
0.0020761886668304998, 0.11181235917444, 0.01872930755402, -0.031001225014073003, -0.014889580525057, 0.11640845864399
0.040561720514931, 0.10275121040747, 0.032908399122274, -0.013605925573632001, -0.027298191689032, 0.10355916313949
0.07744952669393301, 0.10529333080748, -0.10740612631967, -0.0054692885572017, -0.044065775037961004, 0.09080239221007401
0.07770407198911701, 0.10932749978749, -0.058609839826095, -0.0057482020578429, -0.034068173925996, 0.10886630913419
0.09922872613291, 0.12452457415442, -0.08081012462751, -0.01602145367248, -0.015585847814202, 0.12406715255035
0.072198689588404, 0.12548645686671, -0.10470594028213, -0.010610022866492002, -0.017546630698948, 0.12332275791877
0.085478355958418, 0.10727191189653, -0.010466379180137, -0.012479620299450002, -0.017834470050801, 0.10606529656354
0.079450793605346, 0.11581902378656, -0.12394690519985, -0.0071728955355126, -0.010968138689933, 0.10916807293473
0.072702816459853, 0.10975794199378, 0.0019354285538041999, -0.021343891451832003, -0.024226152035760003, 0.11319059112599
0.095682555216319, 0.1139317079847, -0.057988770812398005, -0.026667803203337, -0.011393389938419, 0.11949593243504
0.08762501740232201, 0.1133225167794, -0.068434188470627, -0.020177803780440002, -0.010125197934812001, 0.12171574903652
0.06082609194660601, 0.10705917352906, -0.049451554043542005, -0.0164206692531, 0.0067808647616199, 0.12663251608136
0.08478589114804101, 0.10715439063272, -0.17689447274738, -0.014490910232765001, 0.024584984812537, 0.12166518350545
0.056455120835149, 0.10333612542645, -0.089757337308751, -0.013624366502337, 0.013394784071603001, 0.11846519443101
0.071729521033882, 0.10298768441605, -0.06549398442033601, -0.021703509517361, 0.03374403668874, 0.11266604050509
0.073393795738008, 0.10548631059845, -0.073308774136013, -0.019297514214097002, 0.014078043853457001, 0.12200555553659
0.040604314809477, 0.1035087938251, 0.070239070668196, -0.016923333893666, -0.0001212344167298, 0.1139496069605
0.066875825867504, 0.10959138337977, 0.028619440425949, -0.026588153208179, -0.007702106668489, 0.12528637577709
0.05538059338732201, 0.10623419994062, -0.015461513381023001, -0.019485025669517, -0.021089295026622, 0.12023395579342
0.071127745045666, 0.09629104012317201, 0.031127887703688004, -0.024099077620594003, -0.025951527589274003, 0.10603076332137
0.10149487403839, 0.09797337966401401, -0.051795382771573, -0.021202940359339003, -0.032774031294935, 0.10304452010595
0.078922109325156, 0.10958403901607, -0.024771974216873, -0.013784530202964001, -0.040556107096485, 0.1066100921254
0.07839867141029, 0.10409628623531, 0.041833887679662, -0.0094099321455147, -0.054362742548634005, 0.1146698165145
0.071486448035773, 0.10434016358561, -0.049694631615522004, -0.0097381026757775, -0.054422193538087006, 0.11351832120185
0.095338745077662, 0.11361163657931, -0.091677261694176, 0.0055441058170858995, -0.043751045652236004, 0.12120746146611
0.074199715456225, 0.10301591059359, 0.016368875521987, -0.012860855350457001, -0.030627279832059002, 0.11788451727991
0.071988091190285, 0.11098757890212, -0.03033271497681, -0.0043119836256839, -0.029240680308239002, 0.12048484602429
0.08038860897516101, 0.11023724794741, -0.040853995636615, -0.00315403479262, -0.0296240486158, 0.12393777691864
0.07161715919021801, 0.11484280877271, -0.12693811520575, -2.97251236096e-05, 0.034806428693818, 0.12444938126951
0.06378969700105501, 0.10628110922838, -0.041563891787295006, -0.017792248697066002, -0.0039186039799582, 0.11746818742329
0.11474251556502, 0.10245894933574, -0.12198964585352, -0.021967004850433, 0.01336744539975, 0.12258190699821
0.083100381148171, 0.10591601405925, -0.10503314793336, -0.024798411274461002, 0.010944144544113, 0.12488065261096
0.09861911528976, 0.1111733450893, -0.13855232143677, -0.016286875859855002, 0.022345729324056002, 0.12391321182525
0.10071394715085, 0.10905812239982, -0.035000490569218, -0.016372032615144, 0.0015145417527604, 0.12241202299153
0.10896832998157, 0.11608918769436, -0.11073460014664, -0.0047635508782428, 0.012143189394355, 0.1265605086144
0.09046983817114901, 0.10896895697426, -0.028888368468227003, -0.017096365014341003, -0.0023888142365351, 0.11996621932612
0.098794010219393, 0.1117569165716, -0.026776995435141, -0.013322103649810001, 0.010767101042233001, 0.12919082084551
0.08586158354815801, 0.11444137804692, -0.023688724897371, -0.0083278415359767, -0.0078724132736409, 0.12346777783823
0.09184785934718001, 0.11609515319076, -0.0013714042157861, -0.00028139426202129997, -0.020372641100088, 0.118795288367
0.07830147697850101, 0.11869600462859, 0.068004172369737, -0.0033462918973683, -0.035981984557946003, 0.12057048503309
0.11175561648886, 0.121372136994, -0.045394806107726005, 0.0038687400846784, -0.042325305241280003, 0.12900864664548
0.09652223708983801, 0.12271536762657, -0.088260848520483, 0.0020469579546899, -0.031532508356761, 0.12552755322164
0.11014707484789, 0.11709249020248, -0.014807393498905001, -0.008943172742686599, -0.018803772061077, 0.12586253685884
0.09008869345994101, 0.11607278818334, -0.03126344861212, -0.0051752117078773, -0.025001307349477003, 0.12015230008346
0.07983643590671001, 0.11773513285613, 0.018807580488560002, -0.0028968179081718, -0.019321953929635, 0.11760537403208
0.085161700149914, 0.12099015276608, 0.013092581138978002, -0.0016319684801774, -0.032535513244013, 0.12096393589074
0.11027977993679, 0.11864019084427, -0.058792064555382, 0.000819352284372, -0.019857365057096, 0.12265663002547
0.076057942538775, 0.12733336521794, -0.10485679185213, 0.010756808742184001, 0.038533342303309, 0.12219549591674
0.066568132584779, 0.11472430221631, -0.031119644966694, -0.003408593779453, 0.016873829231335, 0.11737597664213
0.099276648624568, 0.11555350274494999, -0.081136716018553, -0.0074907393056728, 0.013772364316267001, 0.12410981281044
0.092584636413911, 0.11660220439775, -0.10455096767028, -0.006363710825332, 0.018747918091673, 0.12558812269163
0.090902275560165, 0.11762735198546, -0.13958071636236, -0.018135266456004002, 0.032438157484648004, 0.12290258023415
0.091321636830702, 0.11826924707053, -0.058921031321331, -0.0019935703981438, 0.0067932477345336, 0.13397296578303
0.12229542572244, 0.12466620324266, -0.061269438001892, 0.0067188070481027, 0.023752463730862, 0.12854669126528
0.11177563197264, 0.12415899641117, 0.0024190952798103, -0.0017365236612845, 0.0074161644612055, 0.12800420638044
0.098931842477965, 0.1305111922747, 0.065395272295119, -0.015950083267172, 0.0091693979333457, 0.1273627202248
0.07335807715996501, 0.12766412164192, 0.00025727124138799997, -0.0168575495358, 0.007965942780384, 0.13127481691064
0.082514998379542, 0.12050300297274, 0.0048056943296871995, -0.019979619444474003, -0.035157714393569, 0.11127254159759
0.09749814780094801, 0.12289835786057, -0.0080431178640496, -0.021096289642596, -0.08223333388512101, 0.11789465949429
0.14275097895504, 0.12678396641858, -0.05810134323931, -0.009106183559160699, -0.082196812600553, 0.10087956967449
0.15207958052569, 0.14680693983629, -0.16934518926115, 0.015227740601383, -0.033080535339671, 0.09745424501291101
0.09420957652287401, 0.13157039328831, -0.011342667453692001, -0.0057778037649235, -0.014637613994420002, 0.100856396233
0.08489199673564701, 0.12303925435786, -0.0050716649995625, -0.013872438033781001, -0.031347477573708, 0.10838016948984
0.08972900765928, 0.12670789088368, -0.034826069213285, -0.017328568117026003, -0.056195808537109, 0.09723414706468
0.066754697141579, 0.12593139722954, 0.0063322834527636, -0.012269499851648002, -0.06064581900206101, 0.09860203972767201
0.07661831807289801, 0.12465949867472, 0.027047725226956, -0.011743169307419001, -0.064491925983426, 0.087253454040255
0.09940730122013601, 0.13101396822538, -0.07584990107341101, -0.0094089536070226, -0.031615828534806004, 0.088756022413464
0.086135203092997, 0.12825585268901, -0.054095679042776006, -0.0056478285882225, -0.022153545983068002, 0.093872729599973
0.067062367339253, 0.12972795094355, -0.06332954419018, -0.0061613634704835996, -0.013823259502208002, 0.090523477062095
0.054971505838766005, 0.12200974227325, -0.058077291909087, -0.021603435888612, -0.009479027315372, 0.08904082938240601
0.05269479024345, 0.12294289113805, -0.063853200667795, -0.022941033183288002, -0.015094602442048001, 0.09829313293993301
0.080012510730842, 0.12299989267625, -0.10077657771295, -0.013148692757510001, 0.012854213467768001, 0.1007714587035
0.062215160693313, 0.13106474564637, -0.09878161585922401, -0.0024769753644535, 0.035320462850926, 0.10379936186548
0.08656419252396501, 0.12678377467909, -0.10306038831844, -0.019722182410280002, -0.0074816930381527, 0.09050061095011101
0.092634588423739, 0.12679962214556, -0.18821848972081, -0.024436332794676, -0.010764530942283001, 0.095963379415668
0.07782465838470101, 0.13279902316834, -0.16671511269937, -0.028366585177645003, -0.0366873224986, 0.08342342835392001
0.077270554871688, 0.123786188673, -0.0049340806801008, -0.026500276633875, -0.037760017440961004, 0.08363272213502901
0.09544832313312601, 0.12832369109062, -0.062316528389943004, -0.024462234884979003, -0.0007053329560728, 0.08477662264025701
0.09102617213708801, 0.12818612618016, 0.010577366838084001, -0.018045813652869003, -0.030889248206738003, 0.08558566799052801
0.10241813450152, 0.13194884688482, 0.0075393507796516, -0.021370651739147, -0.015806825173700002, 0.089748442151432
0.08441128116853501, 0.1271777110422, 0.037251090905754, -0.021836159301425, -0.025662747368048, 0.095146883154927
0.070389400292121, 0.13746378552573, 0.056902238943877005, -0.027909607243292, -0.034902095010534005, 0.09166621195822201
0.08497841399327301, 0.12907751278096, 0.08597051140291001, -0.02767102513005, -0.037558395688444005, 0.08590068095803201
0.09564637181697201, 0.12094350548126, -0.083779047926662, -0.026980173191489, -0.0611016412938, 0.077397033527066
0.086091532727602, 0.11891849679999, 0.030284848511251003, -0.027854848475323, -0.049064505043945, 0.078774947876818
0.09307700829012401, 0.11995149524631, 0.0094298483335945, -0.026457120445152003, -0.034255574974282, 0.08642908954820301
0.09022862847443701, 0.12456369931689, -0.028771533628987003, -0.029410754494903, -0.022900678875484002, 0.091021641798132
0.068849539030797, 0.1227429401097, -0.0071282298204249, -0.023678279264175, -0.024472603914006002, 0.09873887931814601
0.10773197468935, 0.12464346883532, -0.020534793359424, -0.027789302625766003, 0.00048453797546969997, 0.099703240996487
0.068886883698331, 0.12270709310317, 0.0035272792819788, -0.022424139846499002, 0.0025320367298884, 0.1038087347821
0.11035488531238, 0.11910698629747, -0.028411175816361003, -0.02736985423118, 0.0016701906759836, 0.097428315510902
0.09557945354991, 0.12699516040259, -0.073688177138443, -0.020918317874024, 0.012887286896357, 0.10219556986028
0.13820835216061, 0.12977323557554, -0.067367004931547, -0.021374825615552002, -0.0035211684187364, 0.1135366201033
0.1378403028969, 0.1209821439484, -0.034618500637033, -0.017640558477070002, 0.0065918547303591, 0.11296415712285
0.12818350351303, 0.13129251951952, -0.07019608417212801, -0.015175869252828001, 0.029243358833016004, 0.10433522609483
0.1071883266621, 0.11029893521337, 0.030368300616383, -0.024056312214362, 0.001665070261202, 0.10155947984895
0.11879724406989, 0.11612524026665, 0.014121752386944, -0.021650360494597003, 0.014402300242483, 0.08664768432436501
0.09607070350965301, 0.10961334119194, 0.021804978237667003, -0.014401666166677, 0.0020222286106659, 0.08796249711098801
0.047274568554817, 0.1068766099685, 0.09286510489448001, -0.019315495100696002, 0.010998844708561, 0.06407030317105901
0.083743476529369, 0.11272085850173, -0.026985942047917003, -0.0079384351669025, 0.012481226038496001, 0.073570886243285
0.094909246292394, 0.10695117326903, 0.06229981462104701, -0.020827585375455003, -0.0097831106366461, 0.059318005446299005
0.09938382402411201, 0.11575740425176, 0.011375027774205002, 0.0018355505888293, -0.016907869703606002, 0.061108422094871
0.10389636690746, 0.10799041044637, 0.057118210927094, -0.025265079797045002, -0.027401675591169003, 0.05001607075412701
0.10004977708372, 0.1041176551894, 0.040463528865888006, -0.016998729001268, -0.03818171960899, 0.044313559323349
0.09428960511161001, 0.099218196380372, 0.062721406884614, -0.021564340150898, -0.04931219961329, 0.044032625012904
0.11290035948654, 0.09980923886110601, -0.034695654062375, -0.011870075335279002, -0.040372351355248005, 0.039330046570807006
0.10845908593976, 0.1018652859551, -0.011064495270750001, -0.020806716404853, -0.023673275594565002, 0.045271291067747
0.09180519677366901, 0.09556538804274901, 0.029825520044040002, -0.024455941209842003, -0.026049538158999002, 0.04067088741522
0.11371924301826, 0.095371594498989, 0.044590876082814, -0.033743521616822, -0.019303567678803, 0.036927828593894006
0.088379830558341, 0.09717623172221701, 0.02005451553468, -0.023992815533844, -0.032904667139920005, 0.032305400387822
0.1014631753562, 0.07809051778237401, 0.11082595030611, -0.03368742404607, -0.028683934451276004, 0.012964970301793001
0.09752146016134901, 0.11124583671636, -0.09550368512995801, -0.0031686931936505, 0.044069089156609, 0.028910197722614002
0.083696293034674, 0.09283340087778401, -0.0040672256924341, -0.032462015047502, 0.023415683776963, 0.017510754632703
0.086617727050757, 0.088097261433076, -0.012359228292109002, -0.036716330997187005, 0.049134781941632004, 0.0070519561749048994
0.12555310338185, 0.07704557173428801, -0.032452841564057006, -0.06316369418390601, 0.013863354980716001, -0.0013377810573849999
0.12360393518463, 0.07180609487495901, -0.040573806928898004, -0.05822494259550601, 0.0087614231149646, -0.0058399470062953
0.15477599097433, 0.069012835977627, -0.030026366935987002, -0.059604083348280004, 0.017012023948011, 0.0012200550903464
0.16073354259943, 0.072639791169924, -0.064804588945963, -0.047357309708074, 0.045219444588732005, 0.0044490079827992
0.15509840904314, 0.07656000017254, -0.033112543602422, -0.05588280013668401, 0.030400774555524004, 0.013539004814548
0.16075776502409, 0.07025083281812801, -0.038630203035541, -0.044011137721097, 0.025044654121154003, 0.013511164980034001
0.13910086008035, 0.071273334857285, 0.011712556854118001, -0.047783365396979006, -0.0001145786530022, 0.013207565249633001
0.12834290719834, 0.07670160175408701, -0.0010715282869235, -0.038325359902294, -0.015292971919085002, 0.017144671644051
0.11977083307485, 0.07125497955791, 0.06827759978931701, -0.039620675179381004, -0.032014594819611004, 0.0070022644295970994
0.13278454765583, 0.074093993414425, 0.0045346010047727, -0.026134290561740003, -0.055236115873379, 0.0027255970484355
0.10527245163977, 0.07382007186452501, 0.083995702639013, -0.029997932624802003, -0.031516379113056, 0.013728474914764002
0.13874005342333, 0.083458110161383, 0.04309325689303101, -0.022700298355094, -0.038715304467467, 0.026409601445858
0.15738604068332, 0.08879221917688601, -0.00581520756283, -0.020595298432421003, -0.05132152456487701, 0.027748989849494
0.11447933488706, 0.092452460256566, -0.0357254718126, -0.028517306971328003, -0.063492353957169, 0.027174375711681003
0.13840947851932, 0.08516314051464001, -0.039957354022404, -0.028536431024691004, -0.09350786527488501, 0.014906461747891002
0.16178822969709, 0.07700209148617801, -0.064933789900738, -0.034515917611576005, -0.08652867533585501, 0.0091371960457891
0.1317192699904, 0.076943213529233, 0.048417956559452004, -0.032815116802885, -0.069579839096643, 0.0048201479051221
0.16308172874801, 0.085560421791882, 0.040729354132809, -0.026208153339919, -0.056939795247429, 0.012289550876348001
0.1558405097146, 0.080259718866523, 0.037129200297049005, -0.030065304497326, -0.06749430077290501, 0.0079750387369681
0.15466251735151, 0.08167814051979701, 0.0645246594361, -0.017439456229125003, -0.07545357274582401, 0.012101368699664002
0.15040065039262, 0.08268622440131301, -0.048746971066216005, -0.027869782588633003, -0.044513308146864, 0.010199362088521001
0.12382245917194, 0.07753043744672401, 0.017977375552186002, -0.02843739890052, -0.045543998112331, 0.0087855966608849
0.12257292345819, 0.08311438376133101, 0.022743830757345002, -0.028159256363117002, -0.022952441444557003, 0.010382773315466
0.11920079332675, 0.08445244488231701, 0.013118428183760002, -0.030292756987337, -0.034429722701431, 0.0074888224084707
0.12998766490769, 0.08711521829877901, 0.017160091500469002, -0.032308384986531005, -0.042477666958895, 0.016186200532824
0.14275500198717, 0.087815910101023, 0.0055034163578069, -0.023775761124555, -0.018484143182849, 0.02209904860356
0.120718508144, 0.090739306282049, -0.0062433589242795, -0.032560945100277, 0.0010518683148481, 0.031655509336107
0.12519618209712, 0.089381636518471, -0.0064798056220295, -0.030645616381007, 0.003116948987027, 0.018887405827364003
0.1296570231677, 0.09158125225061, -0.029977498902047, -0.029960349864020002, -0.0011415495349427, 0.019430802866904
0.1350385012221, 0.09578500778627101, -0.0094826858894674, -0.032113464191351006, -0.013105670926283002, 0.026576528228614
0.13713242615542, 0.08374575605425201, -0.020947154850966, -0.036509619057025, 0.010792559734063002, 0.04549585777533301
0.10488606493942, 0.07467906586327701, -0.018342974750615002, -0.043675331049914, 0.06248614927613601, 0.046602013810025
0.10082441128072, 0.08571507106201601, -0.027407723430684, -0.027486813163166004, 0.021855043714106, 0.038476299415254
0.1177543919199, 0.090926580204328, -0.033232137579578006, -0.015275579928309002, 0.0073489780027681, 0.031899526795732006
0.114639545019, 0.09355713743480501, -0.0080288425382428, -0.022477866224534, -0.012580890921788001, 0.036950068088902
0.10112155157571, 0.08736412162490301, 0.038215275165853005, -0.021422207486560003, -0.027352057778971, 0.020606800721111002
0.11799561147152, 0.09556088646564001, -0.048570677180342005, -0.015716682623767003, -0.030358536927928004, 0.035497208174879
0.10301913115482, 0.089623406579123, 0.020816539385853, -0.018094160850075, -0.029802673173209, 0.033006804744611005
0.094184192096773, 0.097947433865922, 0.010888231929527, -0.014308496230751, -0.032551496944458004, 0.031774873349385
0.064386217389289, 0.097240355184459, 0.09719645930821101, -0.011367194674861001, -0.051568788869186005, 0.035192525336150006
0.084842829446942, 0.09356924720632201, 0.072490608693203, -0.0085583400138418, -0.09052205442984901, 0.034450424874145
0.13594286088926, 0.091100344543421, -0.09992164366245701, -0.014663718911787001, -0.10794079302651, 0.030054913754889
0.107930155457, 0.08987560877293001, -0.0013831353669277, -0.010470853558739, -0.07146021011615, 0.026041749776633
0.11805661005823, 0.09208333027397701, 0.0068711691225816, -0.010709503973184, -0.06502655930838601, 0.03245024387645
0.10864386424498, 0.092560659225943, 0.07385445394182201, -0.010571340510191, -0.08288412322419, 0.03853947411221
0.11261283836549, 0.09148678977336501, 0.11985383119295, -0.0058172620848164, -0.1148657859898, 0.036379009331656005
0.16844655901142, 0.086888937970168, -0.09083041226418101, -0.014263846557409001, -0.13826342402707, 0.023750631177980003
0.13642194758896, 0.076035024562547, -0.040332341867762, -0.0069352660429144, -0.091889085200083, 0.014600034567980001
0.11821189216781, 0.07041279758893, -0.17936698997691, 0.0024710958982461, -0.0064876886803954, 0.023698942815908
0.041455926196248, 0.080687078030201, -0.027722543139578, 0.011041028541046001, 0.002463500765735, 0.033653679682311005
0.080008387763305, 0.082949451394212, 0.19913134884859, -0.0045635526404872, -0.14848251720179, 0.029022215999315003
0.08975165247806201, 0.06818860007966901, 0.28736340632078, -0.010104127917042, -0.13967153746386, 0.0076547264391956995
0.1905860450406, 0.057140874723785005, 0.083610584185035, -0.0093239287949259, -0.1378189168332, -0.010114117566386001
0.15136720686922, 0.06612774446887701, 0.06907213574819601, 0.0053909546484128, -0.10970312819148, -0.010986199458974001
0.16208709499601, 0.08314618351814601, 0.032507448491146, 0.021151921530765002, -0.1378752826518, -0.020331443686877
0.15240588709421, 0.066822468565185, 0.052014876303416, -0.0025299587093986, -0.17407338780751, -0.13680817304574
0.1420629388997, 0.0052974952924327995, 0.16659173840435, -0.058747028305607005, -0.15124625192951, -0.37430734692489
0.08318589366189501, 0.014606917758974, 0.18245960650776, 0.0006986429247945, -0.031983201692087, -0.42270603904122
0.15024216680159, -0.0066825747900008, 0.064046242009745, -0.030395182517881, -0.08023479681409201, -0.40154601148918
0.14961668717961, 0.0026006387864174, 0.05133777903749501, -0.048477859472979, -0.08815472774374701, -0.33293742122274
0.13103074615385, 0.0068788261268331995, 0.012912581714514001, -0.050729297068432, -0.0087182617526792, -0.26483302173487
0.15376308312473, 0.029624704294980004, -0.057032538481834004, -0.025274948702426, -0.015983293295338, -0.22580610389946
0.17987492862364, 0.04705760127359, -0.14030859731389, 0.0014218708105546, -0.033904874630652004, -0.20487245407099
0.21683020670062, 0.059229807425885, -0.22440865450463, 0.012668702988221, 0.0040121160436538995, -0.19138598420342
0.18944367042425, 0.06918614728220701, -0.16322204175874, 0.0068227136558738, -0.029080221658101, -0.1772906963352
0.20347144443303, 0.07677337595366901, -0.1245248207227, 0.012750652153778, -0.029904198684685003, -0.17445496254389
0.18262693774188, 0.06944378078780601, -0.051750771367011006, 0.0094450328399499, -0.026476156717902002, -0.16849040678994
0.18349542611497, 0.058718348625742, -0.065548285409235, 0.008895924033455, -0.044157782665816006, -0.16334636276841
0.17936366004512, 0.06444281022723601, 0.014172519206649001, 0.0079997616370339, -0.045075208363012, -0.142236067304
0.16119529609994, 0.066758145110409, -0.12069125101986, 0.005215311183305, -0.047830836405809006, -0.14922247586761
0.13702474906719, 0.07689493963260101, -0.039586339159932, 0.013311188512229, -0.036765423429266, -0.12284468739226
0.12886131406061, 0.081373372695691, 0.0020159979465769, 0.008779424891700499, -0.036413063374741005, -0.11804991790753
0.13064019340524, 0.073183915622393, 0.000769721726619, 0.0062029106745404, -0.054707318567821, -0.12687193294595
0.10047883193077, 0.072334098703798, 0.017987316299611002, 0.011605689675691, -0.055928486246029, -0.11989395751949
0.1258555557897, 0.07319335604846401, -0.033781508242921005, 0.0045306920746179995, -0.051142148614302003, -0.11621578073609
0.11127993820242, 0.07348627856013701, -0.085052732034154, 0.0098257142531332, -0.016445904651218, -0.11503412645542
0.11000922875517, 0.080183697562776, -0.0054973460814666, 0.0072514477500562995, -0.010156800650004, -0.10312328487838
0.11537289961525, 0.083293429073666, -0.029302113608275, 0.0072796009783537, -0.0032062915745466, -0.1002048872378
0.10882623835763, 0.08501482256617501, -0.052586537768472004, 0.0071545823829116, -0.0011689446587036, -0.10146915076424
0.11371361809592, 0.087607487571768, -0.073638375255062, 0.0092138876671218, -0.009048320740943, -0.09457826883956401
0.1121293450164, 0.096581475930821, -0.016062470458966003, 0.01393327087469, -0.013519161782694002, -0.078333859784823
0.10763474755412, 0.09897791979341901, -0.09395971873719, 0.013330202664208, -0.0013227555307936, -0.083430316220265
0.09319331871256001, 0.101308105649, -0.011026309438709001, 0.022674013925105003, 0.013629508507197002, -0.064448663355352
0.09179065836932901, 0.11005090140871, 0.065709994128636, 0.022008523004645, -0.0023461641611745, -0.057256338041315004
0.09299094242630701, 0.11083624972707, 0.07020386211727, 0.026330098868648, -0.029720059240600002, -0.05914231657974701
0.09978572738263901, 0.10246200005596, 0.04114735600066401, 0.012077956450288, -0.06354636950232001, -0.063477937911412
0.10634781823988, 0.096632860821729, 0.099719685965843, 0.014238402771079002, -0.07363670716126901, -0.060641227231208
0.12707717229464, 0.09276335910892901, -0.047182911755863005, 0.016501529240368, -0.06117465551674701, -0.06746490295351501
0.12221939037709, 0.09828260730932001, -0.006142221100234, 0.021441442495066, -0.037456230976106, -0.06382657931456301
0.10946819184124, 0.098712637242132, 0.05846428616323301, 0.021746064015558002, -0.037758156324533006, -0.056911104094851006
0.1022998427974, 0.10101949943102, -0.0015553354913728, 0.018206068587515, -0.027208379318709, -0.06275739600532901
0.11048648461647, 0.10170366539074, 0.037440575557953, 0.01859747601891, -0.051774161354327004, -0.06304084254664001
0.11441307403877, 0.09023736491008101, 0.056202203972005, 0.034383226967650005, -0.037750835975396003, -0.065169249148902
0.11208904074612, 0.10218031268974, -0.01164090422888, 0.032452128791933, -0.033049715098103005, -0.06746084089509301
0.092445241479971, 0.09667568884552201, 0.060284165487311005, 0.033383377942955005, -0.031179288472441002, -0.073109440925748
0.10757335436707, 0.09930358814753201, 0.0673376356134, 0.030795812843511003, -0.028159458981715003, -0.07311524685107301
0.085087349418431, 0.10248807430211, 0.054199108320414004, 0.024149271946599, -0.037574469794729004, -0.072820962625829
0.10164661503914, 0.11211518334409, -0.0075240918341159, 0.034803104745484, -0.028134478833331002, -0.072939914815748
0.089322376606549, 0.11437555910228, 0.0001585840725836, 0.042631550623898, -0.0065066853985413994, -0.06514144731615601
0.089030368689719, 0.10946387624848, -0.008198598534927, 0.038550294668160005, 0.019350319549470002, -0.06461317147050001
0.09371521393509101, 0.10499354743752, 0.046365769300249, 0.02665271227858, -0.0012782806646301, -0.06695075394593701
0.10535569675348, 0.10404683619467, 0.038847147544187, 0.015620104198349001, -0.0045500893666388, -0.075750897972819
0.10355130665258, 0.10673002732386, 0.021666110556431, 0.024036359279788002, -0.020057564020413, -0.06774382761349401
0.11043859756933, 0.11043348068626, 0.0021923343336372, 0.016408124232979, 0.0031982210943938, -0.062935260303167
0.1205455306588, 0.11394811843141, 0.06017946408005301, 0.021592418540857, -0.0013982634812928, -0.05600294992924101
0.12876029497092, 0.10500116204716, 0.027813257858291, 0.020612958053272002, 0.023174349189752003, -0.060434245366515
0.10036973298652, 0.10373082342964, 0.063981409523992, 0.018498925683362002, 0.0062401470410071, -0.065273589273485
0.11087476173929, 0.10479932612104, 0.10711917070778, 0.020607909879344, -9.59325521863e-05, -0.06402818885290701
0.0887093329302, 0.11152839706781, 0.088637986469354, 0.033255863293741, -0.0004034837187444, -0.060702996885227005
0.08561667279233501, 0.11501031580874, 0.14963270115944, 0.031598426195323, -0.013933927618431001, -0.052700068823061004
0.10915377832643999, 0.11115480311399, 0.072100961065769, 0.030238938953571003, -0.029391182612397003, -0.05653350183888001
0.12773188505776, 0.11281630759616999, 0.018778171740668002, 0.039595622811221004, -0.050720718082952004, -0.053775286083527
0.12156724400711, 0.11149566906075, 0.09370013486973, 0.031851274267071, -0.036833932615436, -0.048121939975884
0.13546919721004, 0.1101878132017, 0.066764531406981, 0.034414933217436, -0.033416195461343, -0.054389886253690005
0.11159814569303, 0.11219833415487, 0.07338520542039101, 0.035021578201708, -0.053947362160534, -0.046830474892588
0.14088735406609, 0.10659156072751, 0.08465550052886801, 0.037013193091154, -0.064826314802786, -0.050522888126901006
0.14183539992864, 0.10721313220985, -0.025128203693977003, 0.033915670701840005, -0.064913452411525, -0.048527281791655004
0.12413866533528, 0.1106079127082, 0.0057177292897027995, 0.039511618207583005, -0.018546494318872002, -0.050909772975788005
0.011387023974228002, 0.11522681200605, 0.049345275582159, 0.034018380539261005, 0.10280908694867, -0.040690321645606
0.076024934173973, 0.10529172957737, 0.082706371752249, 0.018267500879753002, -0.0059845104194368, -0.051729009939435
0.16340697539049, 0.1045462492237, 0.031433567059121, 0.022580486589743, -0.07311658675534101, -0.058944615355655004
0.16270663449112, 0.11777057802363, -0.078863687394486, 0.045368086159189004, -0.044477043681564, -0.059518538939993
0.12378259713614, 0.112105728048, -0.04742983455973301, 0.039436611199361, -0.020599883685020002, -0.06249215857055101
0.12533580052299, 0.10659289658533, -0.06750166122328101, 0.037334880073304, 0.040041750908624, -0.06904534127385101
0.10612869333746, 0.09629174869414, -0.018307398927210002, 0.013149083326364, 0.012001647149998, -0.068655126348793
0.11821516988281, 0.09737745274565701, -0.019206723541863, 0.008634751590038, -0.0064760094423445, -0.07206375732508201
0.15182281304983, 0.10304203509167, -0.06110274831560401, 0.02077711630044, -0.010301234965214, -0.062375425181696004
0.12799251333832, 0.11012960620235, -0.089635003101103, 0.033202062714805004, 0.031507523156155, -0.054703701185529
0.13650674088405, 0.1097508107889, -0.059129524917377004, 0.024382358812407003, 0.017364994962401, -0.054718704359049006
0.12677231969653, 0.1124416724383, -0.058019763050383005, 0.022318683211184003, 0.029594280053038, -0.058665954840701
0.14195675598052, 0.10868744626049, -0.06252894563726201, 0.02487270826477, 0.002317403633909, -0.052543008914039006
0.14346541708935, 0.11920643694327, -0.017968949707605, 0.027431891070037, -0.0014041847781344, -0.045317546026093
0.13843978543883, 0.11225594464985, -0.04327550860866, 0.038564999094818, 0.020117406715955, -0.048068231718338
0.12648438431114, 0.11710880875082, -0.0019609602537915, 0.036209741251694, 0.011142998549047, -0.043275156066965005
0.12914970297368, 0.11120362667845, 0.012924181450606, 0.029878719239341003, 0.020152735903406, -0.05463996160612
0.11716118039947, 0.10947170567819, 0.038701876580245, 0.026308470821853003, 0.010382949903727, -0.054006771633796004
0.11742696541197, 0.11686391106324, 0.054673439973316, 0.033943291732397005, 0.0072521046361834, -0.053688351463736
0.12392361021275, 0.11946116445874, 0.07664770914326201, 0.033464351692317006, -0.011770509944684001, -0.043051697548870005
0.14078676385175, 0.12110683844565, -0.045997287067912, 0.033285984468267, -0.0005177281015144, -0.038962910079954005
0.10695980548922, 0.11881417519629, 0.0095712920238649, 0.038627413523185, -0.008869883372924, -0.039099910297806004
0.11810187677184, 0.11538367307448, 0.031232064864177, 0.039009749687638005, -0.0050940565019067, -0.048997400875792005
0.11159144173863, 0.11612562109179, 0.031983954414082, 0.036304670273834, -0.0089758020768854, -0.047679944072955005
0.10344344099281, 0.11466616016342, 0.076197736317058, 0.035709196143067, -0.023446328932161004, -0.048481447765216006
0.1026740599669, 0.11373336661905, 0.027125416511968002, 0.038907610095157, -0.035599058514157005, -0.045923981985066004
0.13900777843817, 0.12002265518328, -0.049644107205897, 0.052491039266114, -0.022306516039521003, -0.036841774461681
0.1253194709601, 0.1139803015711, 0.021284823513502003, 0.040556878005283, -0.016647809829521, -0.038421558323696
0.1245941951749, 0.11767308181818, -0.002853900204152, 0.048073193268675006, -0.0074280213424517995, -0.037494895618851005
0.11224900176461, 0.11692901970481, 0.021218016203639, 0.042958326433435, -0.0046906068720771, -0.045732365750034004
0.10711655961289, 0.11903308077131, 0.0037537502920073, 0.04120064781559701, -0.0091062475274856, -0.04262317027634201
0.10453441531771, 0.11758335309106, 0.026771337234596, 0.035835867750409006, 0.0051004536260987, -0.039683640910715
0.10230047827713, 0.11836174428553, -0.015545946171488, 0.03644756481906, 0.048397140861651006, -0.033056925155023
0.10783890007428, 0.12129479078605, 0.0096917058294067, 0.042940940624971, 0.021021709298761, -0.04013967372351
0.13550428295127, 0.12521057427792, -0.012310666211822, 0.038726486296308, 0.034618883573408005, -0.040306106622552004
0.11899559575785, 0.12185516384955, -0.01663056680463, 0.034452892762072, 0.031190167096632002, -0.034583868020999005
0.13688445945768, 0.12523491945642, -0.033355611240512, 0.044363554029546004, 0.030691374799715003, -0.040147436995955
0.12529302099766, 0.12725804068739, -0.020486743008802002, 0.037273776970664, 0.026232376529499002, -0.034010002506249006
0.15248490576417, 0.12187552074087, 0.0038567437368716, 0.040086231436036006, 0.032915850150734005, -0.030736473573923003
0.14144980237255, 0.13140775518684, -0.027043145550368002, 0.039494323950132006, 0.056726736253062, -0.016231346244688
0.15026020909786, 0.13449511344305, -0.022444647882543002, 0.035035720859953004, 0.053448550554755, -0.023684965715326002
0.13813586117208, 0.14008194804164, -0.042662308409694004, 0.042851214408325004, 0.07086773801466101, -0.021441940311824
0.1279813999633, 0.13882095579422, -0.020638822639427002, 0.039604019668764, 0.048760476746941006, -0.029763067402889
0.11378804270298, 0.13963109235984, -0.04684343684101901, 0.046049212801859, 0.032606523039174, -0.024193873397192003
0.12511878650216, 0.13560348542498, 0.087613832364291, 0.047683046919695, 0.041902292926074, -0.021515399287516
0.12952990844189, 0.14155095837581, -0.035499597114026005, 0.06302619705191001, 0.01908690115917, -0.016417124191213002
0.10211778339881, 0.14084078341759, 0.05338785123896501, 0.056331587804552004, 0.011796819263468001, -0.019828321198542
0.11472582409423, 0.14299780982004, 0.060910065127185005, 0.06181951725249601, 0.007841324798697799, -0.0093751149863567
0.12661241859936, 0.14420047833383, 0.05441737063052501, 0.059530154539656, -0.010303706391278, -0.0080075127535676
0.14430920673505, 0.1389158426117, 0.000682976758485, 0.064310590570092, -0.021634888359414, -0.0038193434786485997
0.13893394629987, 0.13892418673673, 0.046984442970228, 0.057890543514007006, -0.034818527642803, -0.0043423483635536995
0.1486569581578, 0.13201814596549, -0.035781331710994, 0.05688945451795201, -0.036049535398785006, -0.016620350027033
0.15679656778721, 0.13073140218344, -0.025532311167859003, 0.058688538150887, -0.032344575532226, -0.019612369668552003
0.14904934568835, 0.12964631461906, 0.039697353812457, 0.05700666065315001, -0.019583740312953003, -0.010603241741052
0.15022851626179, 0.13385558859749, 0.034185226851649, 0.058302398970161005, -0.024452794986434, -0.008563427376441399
0.13365367680677, 0.13227634172692, 0.020544192038671003, 0.060827316736955, -0.022722160482011002, -0.0088792873328479
0.13540443386539, 0.13295357793759, 0.061714777221168006, 0.05951105855796, -0.033305602030928, -0.0092798712675101
0.14646925939939, 0.12975632648743, -0.030287756434625, 0.06986216290781, -0.030037658888429002, -0.011727933721628002
0.13948973786892999, 0.1286546102896, -0.025565267014953003, 0.06578538207298, -0.020170557900391, -0.010747681630289
0.14599638535216, 0.12360372442971, 0.043422946637708, 0.054958583823578, -0.01905708400452, -0.020289379850729
0.14231298008747, 0.12609560790244, 0.026846252992730003, 0.051741112932461, -0.015652645515495, -0.023072246714529003
0.12765804171421, 0.12133960082865, 0.035278263069987, 0.05605920804775601, -0.016353718408108002, -0.018410466970471003
0.12197257426323, 0.12611298217277, 0.074787293720355, 0.052270489060623, -0.032899056497717, -0.019333926893811002
0.13284675630294, 0.12046881077279, 0.0018915246656099, 0.05145693214107001, 0.0051979531432095, -0.029208332915816003
0.11169866021596, 0.12925874025243, 0.040547868321021, 0.05574555346723101, 0.013094046886349001, -0.018161599238518
0.1395066705729, 0.12989541905843, 0.023741382769592003, 0.050027109193665, 0.011234405935669002, -0.023172503058273
0.13140458094747, 0.13198767503101, -0.016122649517651, 0.043683861333004004, 0.011280421552058, -0.017402866086426
0.13959316777497, 0.12500983310668, -0.039956020566311, 0.049196511177404006, 0.0035954978331113998, -0.019416837355017
0.12267483689391, 0.13167432232671, 0.012287731350644001, 0.051658295561506, 0.0026465399257678, -0.011109569108812
0.13578956881449, 0.13403726385871, -0.0020751870887172, 0.052512431006406006, 0.053988677688916006, -0.013542011269241
0.11332270776771, 0.13975007999567, 0.007275277407256, 0.056545771983885, 0.044521651846054, -0.0015331074841541
0.14541666586806, 0.13297870739002, -0.06021903900856201, 0.059512611683659004, 0.05960336883319801, -0.016926900834806
0.17382148212225, 0.13604991031976, -0.046543139323109, 0.045258995379524006, 0.013731045586928002, -0.013759432941009002
0.16185347498927, 0.1389222962951, 0.016886782419424002, 0.051424440351312, -0.021942681437287, -0.0082194058790251
0.14004391920949, 0.13603238598173, 0.11824684995081, 0.05368515019599301, -0.018712683220279, -0.002274119355918
0.14124116440966, 0.13906255804311, 0.0064789064740433, 0.05775535591922801, -0.014208159122256002, -0.0022113595680309
0.12300302270605, 0.13328550660392, 0.058664480987149006, 0.060271885335207005, -0.019403330469943, -0.002468733986201
0.14912065598607, 0.14071244547715, 0.056555160915187, 0.065163590370025, -0.018893638493465002, -0.0074873672635423
0.13897617656974, 0.13658111970034, 0.07026170960789001, 0.064403587881802, -0.024937112951167004, -0.0021595102598501
0.14314274053519, 0.14147127572854, 0.069802970550341, 0.063921795554974, -0.039652248336642, 0.0001008848141188
0.14524696841214, 0.13380854937533, 0.026704523955339003, 0.06369150388796001, -0.044605385647654004, -0.0060332057095377
0.15087706692425, 0.13079931232378, -0.033378642300462, 0.06824106189945, -0.040259875636125, -0.0041355004883734
0.1472776503055, 0.13464551792121, 0.029254964893802003, 0.058944877906177, -0.032947352372326, -0.010973114099019
0.15043283664646, 0.13318323419589, 0.032220100047891005, 0.06078431967020401, -0.02801928053193, -0.0060256359425089
0.1395700537717, 0.13039311342899, 0.048867579350982, 0.053349170674763004, -0.038979501876253, -0.0061770596735028
0.14661420584353, 0.12877485840787, 0.07286468499965401, 0.066690404366592, -0.042826583972677, -0.0026507876221718
0.13134450197753, 0.12905489945839, -0.014647898895335002, 0.06791009898191, -0.038321314073465, -0.0016104057659294
0.11750712955524, 0.12777456370204, 0.026044068675486, 0.057699531658587, -0.027214272480656002, -0.009791594830278
0.13615155950546, 0.12919655693334, -0.0039985698461429, 0.047547953767791, 0.0063268815108918, -0.0032774503831094
0.10925824950931, 0.12886661962404, -0.01496495131928, 0.06325739539734801, -0.033114361558581, -0.016686821096861003
0.13861724744376, 0.1250423438999, 0.000103882142529, 0.068510286311528, 0.0087303008680038, -0.011016365577211001
0.14067260125444, 0.12982144296062, 0.018963730870231, 0.061078820681421, -0.013428594926781001, -0.0039144769740205
0.13654571849153, 0.13277513998915, -0.041810710689416004, 0.07484742277878101, 0.0073123398021419, -0.010380836546129
0.13171032352499, 0.13422669235185, 0.029882172530554002, 0.060865466657891006, -0.0075414473034125, -0.0055940315100579995
0.13400425967607, 0.13074093135116, 0.017363956807, 0.057243419725289006, -0.0024642588945772, -0.011232640596334002
0.14028717495537, 0.13369635282681, 0.010239014112934, 0.05284892738517501, -0.011341633459747001, -0.0060334000810325
0.15010473433722, 0.12972983479215, -0.0040621423412437, 0.05692623687861, -0.0058572227305968, -0.0061849416772754
0.1469461904959, 0.13622075761077, 0.030714280698540004, 0.056718039116421, -0.015743730018293, -0.0035161399469527
0.16281218287263, 0.13326511609008, 0.011075567460913, 0.060948438301069004, -0.0089131032085982, -0.0037560016975576
0.14809237844573, 0.13665955195296, 0.04886800788204, 0.05442600134351901, -0.016031402780666, -0.002856458493737
0.15001860173806, 0.13656252024999, 0.076952518149088, 0.058184390070647005, -0.012914013930255002, 0.0021654454437427
0.13639704200157, 0.13225986556459, 0.05152854902267601, 0.061790515317539006, -0.0034773805423052, -0.002730157567598
0.10796237003369, 0.13673017039687, 0.023346828915547003, 0.061727281721165005, -0.0067977227282186, -0.0085624259143382
0.12905291147255, 0.13508356150095, 0.072147410017284, 0.055743644453647004, -0.041677157787920006, -0.003564094953624
0.12584709033144, 0.13812331263163, 0.12446300693205, 0.066073669353037, -0.03999362882651, 0.0033639501477799
0.14275491555672, 0.13129165208524, 0.013938876846020002, 0.06177454425881, -0.052669508175693006, 0.0010160016175865
0.13212716182951, 0.13112133765536, 0.10224923206429, 0.063286662465172, -0.047269064132333005, 0.0054891473671853
0.1301498109383, 0.13167948243986, 0.07406487760215401, 0.053304667435415, -0.055128060021053006, -0.002055340426531
0.12815215046313, 0.13052890225533, 0.09012991372176901, 0.055561196991238, -0.053987269956740004, -0.0038179050507807
0.12532457631031, 0.13150418108831, 0.062187036597903006, 0.054570384655256, -0.048748930065594005, -0.0051614037443985
0.12827976137888, 0.13050245298827, 0.080934238108015, 0.051986355658221, -0.058643974153023005, -0.010765057842578
0.12613426809988, 0.12553473834325, 0.0942945156033, 0.058381649737093005, -0.044587906942931, -0.012672793247464
0.13521043357204, 0.1315371991647, 0.022941942723157003, 0.06465336044494001, -0.031137697713221002, -0.0097369442770462
0.10546820221206, 0.12474790429775, 0.046804621171143, 0.05715628493704301, -0.027482974761499003, -0.0078737055110874
0.11599002152265, 0.12987219804294, 0.049416743184659, 0.050151639953708006, -0.0026228871530374, -0.012540754987528002
0.08673317592120601, 0.13085117708339, 0.011891211720065001, 0.048951486949301, 0.025751514862776003, -0.0078900488491541
0.095985634205083, 0.12967521815754, -0.04117172688061, 0.050225304783909006, 0.015368172631619001, -0.017678464709648
0.12143564827392, 0.13186209442348, 0.019815152401511, 0.053961622026638005, -0.018736633045604002, -0.017675795629852
0.15330267636285, 0.13370274222525, 0.011822008796689001, 0.056528675311887, -0.024950800326421003, -0.0013795340248504999
0.1148738682283, 0.13657070036138, 0.01393269385438, 0.060152957545541, 0.0041465081754923, -0.0008509442774977
0.13129590005739, 0.13277270557556, 0.044274201534151, 0.047836912100867005, -0.011873526010042, -0.0046074156480395995
0.12590098348712, 0.12966234906596, 0.04500767615122701, 0.051429894986139, -0.014830586709732, -0.0095919910666882
0.14159940938268, 0.12538356760711, 0.043182569689149006, 0.053069521630108, -0.026715926381218003, -0.0048064071777369
0.12739608933354, 0.12536218808191, 0.055213837809538, 0.054298939906282005, -0.025181799350593, -0.011700489766927
0.12574871318133, 0.12594513259846, 0.14708613428905, 0.06747614489436, -0.029952831996367002, -0.010817659781391
0.13416321124455, 0.13322850619785, 0.024315541781733, 0.063419563894842, -0.019092827715258002, -0.010891475115293
0.12517044167748, 0.13449228594553, 0.05372045307136, 0.06789158160903501, -0.024355064263182003, -0.010752364215705001
0.1328425164811, 0.12920698873455, 0.07262346473929801, 0.064275950815562, -0.026373056036481, -0.01065985733745
0.13144464031618, 0.13153500400367, 0.058931545489971, 0.06441841401387201, -0.030221659921787002, -0.0085689059202656
0.12976650750393, 0.13067632896244, 0.065771027227987, 0.071349164044455, -0.032162545312599, -0.014411881438767002
0.12614008937157, 0.12816349645135, 0.091245237382401, 0.06792835961619001, -0.018731901684467003, -0.0082551682108235
0.10833808060387, 0.12797929719617, 0.016328659682396, 0.06819913135257401, -0.022371211623601003, -0.023697582285309
0.11971152935308, 0.12265009590357, 0.044190851379365, 0.079590639430068, -0.022121972282106002, -0.025432979103062
0.12320834608075, 0.12612510174837, 0.082490042591258, 0.059405645350845006, -0.023980761496366, -0.012762381555456
0.13117874378544, 0.12869754409502, 0.070882076173767, 0.06372521499080301, -0.037452578048268, -0.018462938976539
0.11977556982914, 0.12434545158017, 0.05878069355978301, 0.05532278015665101, -0.027303213736327003, -0.018642862180093003
0.11588182638013, 0.12707145497259, 0.07541523696970201, 0.05192726342904801, -0.019320200835373003, -0.015086721977754002
0.11999494593838, 0.1327629693304, 0.04275278628633, 0.062388048587168, 0.0096722161543631, -0.013079544790305
0.10743689007238, 0.13570834236867, 0.032664844807771, 0.05656392064797001, 0.0079980009461081, -0.018388485207999003
0.14565044158253, 0.131171909871, -0.009759669139808599, 0.056460201506905006, 0.0055277714527914995, -0.017329513420280003
0.13915731738386, 0.13044886541924, -0.013637191489874, 0.066093691190693, 0.009092954306317699, -0.013619492248687
0.12690340016165, 0.14137420681933, -0.060409438621756004, 0.06088668832196101, 0.03235096423643, -0.019858771927733002
0.14254692743456, 0.13873732766952, 0.016827375429568, 0.0577718092823, 0.0059436064813249, -0.015228759008016
0.15086738496858, 0.13826718782143, -0.07094237363981401, 0.059721514147567004, 0.041503931412644, -0.015080010392843
0.14446619624953, 0.13710900052797, -0.0026163482286101, 0.05652794696114401, 0.0046645827023649, -0.012155737160368002
0.15659959137192, 0.13795027996819, -0.0057727070031691995, 0.053501466017502004, 0.017723753573927, -0.0083212881703583
0.1412286367434, 0.13735391121881, -0.0014788032405415, 0.059770760073945, 0.012292778292244, -0.0062928309455489
0.13773301204306, 0.13641320853226, 0.043926585741237006, 0.059252855584630004, -0.0065139591817823, -0.0052759820138416
0.1478039596961, 0.12857542816801, -0.011299409126726001, 0.06691503652351101, -0.0075792717792623, -0.012916088838678001
0.1431795361253, 0.13395816000249, -0.046804655262390006, 0.07043057177959401, 0.0074417606719971, -0.0050424063133168995
0.12875374443541, 0.12880903232133, 0.079663580229031, 0.062036706328082, 0.010016496383478, -0.0052209440198501995
0.12247259656924, 0.12763812533209, 0.086574775091156, 0.06445272581114, 0.004510360670449, -0.0050966482566891
0.11607305082383, 0.13413728909325, 0.070112548018259, 0.066499543375477, -0.010283658119760002, -0.0082068130729209
0.13287370735156, 0.13818679481341, 0.088566587054621, 0.06975848634600901, -0.035350117246099, 0.0003903695328775
0.13458223170999, 0.14262578995808, 0.037517093315097005, 0.08185276319913101, -0.045849243121327, 0.0074397944806008
0.1328719534184, 0.13900707021829, 0.060451654808697006, 0.07565879918964201, -0.026112655669126003, 0.01282131083877
0.15371304893443, 0.13941105820978, 0.049201868196318006, 0.074671769408075, -0.020143448325112, 0.010195257104043001
0.17241116237303, 0.13734038562838, -0.0037929498445644, 0.066336591426359, -0.033886774445531, -0.0008297595660332
0.18318344101402, 0.13596655226238, 0.0065232064010767995, 0.069740262986462, -0.039685735211322, -0.0061508223557131
0.17588331487875, 0.13558653443929, -0.023142558383487003, 0.06689498749315201, -0.031392426856412005, -0.0009126954494001999
0.17250292936399, 0.14195876440817, -0.0055149044938332, 0.071388621265702, -0.035632108471993, 0.0091058612323002
0.17199274126876, 0.14028280684353, -0.08900202405974801, 0.070277984511462, 0.0062379916461059, 0.0052770019233468
0.15045368622109, 0.1350328420112, -0.021041570107822, 0.06477295559052901, 0.015702874782568002, 0.0046240758879035
0.15239167649753, 0.13974142995323, -0.023708696600214, 0.06333788558009501, 0.020085287279469, -0.0003018660182273
0.16115819955038, 0.14145377926284, -0.041233870042006, 0.060068657572531006, 0.013316659246383, 0.0061005582308711
0.16545766018254, 0.14165836232829, -0.027768872295265003, 0.060626934101150005, 0.008894843504099699, 0.011548175082472
0.19145553935057, 0.14344253518281, -0.009605098737093599, 0.075050313788698, 0.017491240756607, 0.019569667325238002
0.14692850512644, 0.13620854581448, -0.059982657243663, 0.060586090019121006, 0.08926388271706401, 0.021148333777681
0.13220037061403, 0.13700961034372, -0.010386071703102, 0.062128751968129, 0.059169795650127005, 0.023693289434912
0.13690132351866, 0.15151957481404, -0.031665741399291, 0.07744321543191901, 0.051220167946099, 0.032829887853480004
0.15156328599909, 0.15216889835838, -0.10268418880068, 0.078275472222762, 0.023324450287626003, 0.030831169387692002
0.14599281361136, 0.15219560650988, -0.065843674526295, 0.08327524819717101, 0.016330375957257, 0.028105639173380003
0.15059637440506, 0.14439796035764, -0.07406438545001601, 0.08153572158633801, 0.015922718472364, 0.035531584453273
0.14218831655571, 0.15209744115856, -0.085866211600406, 0.091644353888125, 0.023155360217269, 0.030515624159623004
0.13873024463497, 0.15049558791324, -0.0081915178313099, 0.08405765882863801, 0.015580564278725001, 0.025320210008905
0.14176529949748, 0.15261657471953, 0.0028399211397464, 0.084845154843892, 0.016128673737452002, 0.029211762881554002
0.11595986170866, 0.14625265373099, 0.025269207686147002, 0.08254625136613501, 0.0013334879254182, 0.027126117960740003
0.11555137652723, 0.14926665102247, 0.07767389142748801, 0.084870771806514, -0.0098092531052265, 0.028818746808445
0.13179101050544, 0.14923319951148, -0.016697394130329002, 0.08706299917083701, -0.023059405183385003, 0.02450598967005
0.1515316965456, 0.14957988360764, 0.0074502785940561, 0.087878493415115, -0.023956949252082003, 0.019381783480750002
0.15518903608525, 0.14486233768656, 0.036046546971498006, 0.08435416187624101, -0.010065059090762002, 0.023200148358202003
0.14855183549021, 0.15074912503777, 0.060185653987204005, 0.07565166315301501, -0.011947621913850001, 0.020843138963225
0.13223855976119, 0.14413334346995, 0.047447914753630006, 0.07844221307051401, -0.025931764723107, 0.018866272668679
