Pichu
0.0, 0.0, 0.0, 0.0, 0.0, 0.0
-0.035560552214838004, -0.024415475864175, 0.041827283641521, 0.002027212298519, 0.1623647918119, -0.017749290283629
0.01976092770848, 0.026741217991016003, 0.029600772446535, 0.041906353010740006, 0.068205980739551, -0.028193695399939003
0.074176613680333, 0.0019628763614451, -0.10466983281369, 0.029909699679091004, -0.0053519033607339, -0.06026420047654701
0.068843152242089, -0.0089301290557671, -0.11650547757114, -0.011372797311657001, -0.013138411796242, -0.15226733163359
-0.0082595029284312, 0.0067328060515694, 0.014689456519179002, 0.02879624439657, 0.1633124610635, -0.092981179162352
0.041298164170720006, -0.022332782486924, 0.018065559295397, -0.0019106444268077, 0.068451905740824, -0.07118948482765401
-0.031323614912033004, -0.029803741654298003, 0.30495640850811, 0.028677965686144002, -0.0052046640739849, -0.07586361816362601
-0.07801905038510601, -0.022926007961709002, 0.24884715698772, 0.020594072165528002, -0.045555595058591004, -0.05939384450287401
-0.030006588255378, 0.011523629416512, 0.36768729835724, 0.024739462470363002, -0.09345771951000101, -0.041217222096007006
-0.0093138287974665, -0.0095843978746752, 0.49019379820878, 0.049641819834447, -0.20887501848482, -0.013130515967059001
-0.2292022356225, -0.23659245320618, 0.53153806236029, 0.15844420808084, -0.3433330765508, -0.16934421570814
-0.17115080949216, -0.8080874569559799, 0.83131475067938, -0.18433734733796, -0.44479291671976, -1.2680972944566833
-0.09038732880013901, -1.2437015229241775, 0.91304706555391, -0.61766915036826, -0.22747919997883, -2.1466384430749708
0.14142242415901, -0.70364063122261, 0.43313013130298, -0.27168865592231, -0.17516437394494, -0.87802339722283
-0.032015588386161004, 0.33027359837395, 0.50246230623414, 0.61382369692945, -0.44615136251045, 1.1018086786539198
-0.16649783730808, 0.6707159434145, 0.51633810055575, 0.66923340541845, -0.31517156851585, 1.558590012590101
-0.14053550215911, 1.0529453319918711, 0.41069010797515, 0.70521830030197, -0.34288760576102, 1.9818349154821309
-0.19233225655956, 1.2675118581966358, 0.389969877299, 0.74786502994844, -0.36569423760397, 2.30335476122672
-0.048654267313109005, 1.1896321183166543, 0.50588111662441, 0.6440262897157, -0.24784981626695, 1.9586405177284685
-0.023115391489069003, 0.65640214065059, 0.42076600789581, 0.27256805319168, -0.42572447862644, 1.311375467383823
-0.15744781563949, 0.050306427664659, 0.67989187006397, -0.040096569086264, -0.40583555463363, 0.41416014967482
-0.09322975869949601, -0.47419772750178, 0.63593601033423, -0.28417245396237, -0.30037117457828, -0.55102317074127
0.061956981322748, -0.78903308413983, 0.75746578907269, -0.4263876206245, -0.18436624950311, -0.99114268501811
0.40036777579909, -1.0066976309753273, 1.0617699782953045, -0.56104320654932, -0.21728847475281, -1.3362942835812563
0.53948515963455, -1.2498874082789486, 1.1877772169416736, -0.67166675770457, -0.22657998974197, -1.6850501342402904
0.63555879319133, -1.2781143761434925, 1.0292009015601338, -0.71759163307419, -0.25180646799676, -1.5922621807560182
0.69430998983859, -0.8217719806889, 0.74604001455851, -0.41548407905471, -0.2960295891578, -0.87613314292679
0.52943232105979, -0.37906049553721, 0.84048220217747, -0.029911968160209003, -0.30426998225567, -0.30390704586606
0.66013162418435, 0.099278134215562, 0.82459647544953, 0.015675969940162002, -0.15148145602971, 0.52480498712575
0.42718492775428, 0.36069319211792, 0.67186766706633, 0.21875498135538, -0.21595727607609, 0.89917575833164
0.39270501348075, 0.31089592278041, 0.60865007849244, 0.33481475063975, -0.29770754887144, 0.64922739682169
0.38702269698488, 0.24480890006819, 0.56076896427866, 0.25064037973982, -0.16852916902409, 0.39980212471335
0.37933258812448, 0.21345428075629, 0.55814994778618, 0.23596577151261, -0.15841110786187, 0.3578648354426
0.4451957574731, 0.20566374275805, 0.48193999199256, 0.19593749019129, -0.17496548267671, 0.35422090521654
0.48062026238456, 0.20418059287335, 0.46324091511312, 0.19866890410298, -0.31254549502826, 0.38941995348896
0.37293616274721, 0.21994234136518, 0.65848274599667, 0.1800589928251, -0.34176323605334, 0.39932367367833
0.30779738414921, 0.36885168887566, 0.77823170401901, 0.12251262272153, -0.54693176165265, 0.80606819498943
0.28844739979803, 0.70657990540909, 0.80965822461086, 0.048245572386616004, -0.73442320486776, 1.4540106209603763
0.15990591096599, 0.93988815204373, 0.84580533435382, 0.14034623728867, -0.59496816019223, 1.612891079699522
0.0070997108219271994, 1.2752671906096784, 0.7175437385622, 0.43848069623235, -0.26008055571419, 1.5101385807869883
0.066114273193505, 1.1910631478857125, 0.71005834338114, 0.49667734655755, -0.16114449241427, 1.0880032105396114
0.28517522761618, 0.23008928338335, 0.65526457813125, 0.15408072593322, -0.21182600180901, -0.61394763710003
0.22805066132667, -0.57869463344171, 0.75085068945469, -0.13111821917912, -0.26460688292173, -1.7901042883452967
0.36963391610209, -0.92223006528867, 0.96057378420269, -0.38087697328901, -0.16591351208413, -2.2102336175220074
0.20870567569521, -1.1233518829411993, 1.582727996490326, -0.50180590243001, -0.19132938252735, -2.43999347972677
0.36870957565503, -0.50920694000073, 1.4028366573666204, -0.2832730464636, -0.17597577999918, -1.0045701235834734
-0.1116805467897, 0.21239960657915, 1.5944813040258001, -0.15836611107943, -0.6801603266059, 1.0527310659434468
-0.46324809488404, 0.45375478315239, 1.9782190708832927, 0.06324239069710601, -0.71298926481749, 1.5826678557881573
-0.29360661952348, 0.66070813831626, 1.7777552377929995, 0.13651149132124, -0.57152485828349, 1.672815507130889
-0.23124920609252, 0.87373844961997, 1.9610088872384892, 0.15269152628443, -0.60906239664409, 1.6812054409406463
0.053091679743347005, 1.0374738050625558, 2.1691838814993787, 0.12083207732419, -0.48447891476979, 1.3136841374124222
0.44285852017439, 0.9606370783042, 3.307800374735215, 0.014024306218553, -0.55094460780813, 0.27297358807467
0.48086249855689, 0.78577475831351, 3.5333348359142307, -0.12774631345104, -0.98414496124202, 0.10320560286083
0.058739568857432006, 0.6097225364298, 3.9984858504771195, -0.31277439884163, -2.7154604908018842, 0.40080281149657
0.58870515732847, 0.46091120804519, 4.540968873470953, -0.41167229472919, -4.780747767062414, 0.15234819298444
0.8036492836162, 0.3418026398475, 5.096403239344035, -0.37797540336077, -5.2415756875507284, 0.11304701953883
1.0547378070776767, 0.32970186782795, 3.934496500381009, -0.054334661209744006, -2.3279279464431046, -0.24448803269325
1.43466836870952, 0.41401969394789, 2.335065074245551, -0.060378961035869004, -0.41412183270331, -0.41664971916025
1.5747426587225197, 0.38579760070185, 1.7584961954350484, -0.11351876233963, 0.36544128451755997, -0.52875846870098
1.3609353726453928, 0.36974261972217, 1.3806845730715245, -0.10982242608828, 0.92171752687509, -0.5607580581876
1.0208036555063509, 0.33904406579185, 1.0232292323549166, -0.097894892862649, 1.1669487118512283, -0.47662900099858
0.67916155142733, 0.32797133009833, 0.98902410258695, -0.12413493038285, 0.78497073756478, -0.1103449748384
0.37174188321411, 0.33525045532298, 0.70494979456727, -0.1150359692265, 0.6943995744029, 0.1830750639583
0.0082077900575277, 0.073225191563346, -0.052578643176641, -0.33878350185773, -0.80790545179291, 0.3357510229191
-0.16288804182111, 0.1194144942341, 0.69359847955905, -0.27685300772004, -2.39861114983558, 0.61704269446109
-0.30072082373758, 0.17490380639719, 1.353861035383595, -0.19180474441897, -1.958624920574377, 0.52503423793234
-0.13576957985104, 0.2829280085467, 1.2680281113900405, -0.12217175450775, -0.018376027711047002, 0.094577823331321
0.023447031878478002, 0.25385003429905, 0.21406676561658, -0.15073087702293, 1.1587843937678137, -0.36782322541779
0.1627185441995, 0.28294435970919, -0.1039794370055, -0.16855322633945, 1.5648288960917023, -0.35294361369106
0.15406918522131, 0.30675206016582, -0.036487160317895, -0.14149458435095, 1.4662732688781426, -0.18364230788247
0.10590613478852, 0.30281419214662, 0.10249979694663, -0.11577927913881, 1.0284046413116035, 0.083861155705773
-0.15066293194408, 0.29182191973227, 0.47327250796584, -0.032254548570223, -0.10222469104176, 0.26103765901875
-0.16144299929483, 0.21773206653107, 0.6517189625899, -0.057903943482229006, -0.72391209523517, 0.26820657892474997
-0.050700167758857, 0.16612958153021, 0.84525741830847, 0.10111298958463, -1.3223243659881259, 0.056718089860577005
-0.041468431350709004, 0.28725216872894, 1.0840541961162917, 0.15489079263735, -1.8812912577606942, 0.2755075903613
-0.20405136083609, 0.35883153542858, 1.3131470523970252, 0.053921944545996005, -1.6808911075501338, 0.37977139979589
-0.013432170577387001, 0.36450769753323, 1.1579829297874449, -0.1224080188916, -0.56250771891467, 0.18138978136302
-0.11082195577685, 0.25500353945181, 0.74759405362221, -0.34585564784109, -0.13859384239262, -0.12907280254675
0.11728357776905, 0.33122814938046, 0.76348696214475, -0.26323290072148, 0.069489983966334, -0.050164271850572005
-0.0062188460380894995, 0.37508196368162, 0.46598208680291, -0.15027820439258, 0.53338899908747, -0.14890323799836
0.09651594746447101, 0.37802563010093, 0.41386927162366, -0.12027214279444, 0.55907258945583, -0.10629026404841
0.18629188700111, 0.39266192430012, 0.43164237005586, -0.067358541155924, 0.09683796122806901, 0.11106230099179
0.09843784118529901, 0.41610952463604, 0.74612643742923, 0.045218382683639, -0.81233654537157, 0.35493114624946
0.027681924096183003, 0.41031522946353, 1.0457416658471193, 0.051290104027058005, -1.0411567607185344, 0.4121647171472
0.06601929261659101, 0.3908291696671, 1.2585656626878803, 0.007646091938034, -0.93025739866568, 0.40173956346666
0.22917047320163, 0.34616504886858, 0.78314657276329, -0.040898675491414, -0.85189390831309, 0.32557644893691
0.20693431488665, 0.32600740505356, 0.82091609827507, -0.03072679786432, -0.64006078735682, 0.30730757237493
0.26420615499686, 0.25595725642342, 0.71166286146075, -0.003460883830748, -0.60166708650794, 0.16574949404615
0.25722350453645, 0.13879176867402, 0.94198750410868, 0.0092027161414326, -0.56500816792261, -0.0041020918906588995
0.18333162539947, -0.28985311799951, 1.2277694772799121, 0.1467528164489, -0.73318044936176, -0.85899072516411
-0.030435471160737002, -0.51734942068124, 1.8499001233056562, 0.18131521912529, -0.85833872470893, -1.3342171337737405
0.23386756498149, -0.32127094139013, 1.6567127601057838, 0.099695738808961, -0.88509977090857, -0.92832581192567
-0.060485844748795, 0.18114725636487, 1.4309325086344709, 0.08259808127701401, -0.94812270433089, -0.3245520472335
0.14670589097719, 0.60350453185937, 1.3460254891346877, 0.14502725077018, -1.0164322136218922, 0.2926911988926
-0.043560181173157006, 0.7112782548954, 1.4255721459350412, 0.015632365060692002, -1.0738041971667638, 0.64174917842715
0.26396084772545, 0.68543249055822, 1.741656916020019, 0.07707601081753501, -1.078130900952649, 0.71211613035282
0.45702360260798, 0.75910665680675, 1.7552331115429818, 0.027513804533945002, -1.1383293857142243, 0.66773657811808
0.38576033051023, 0.87333037075995, 2.396145530940748, 0.11811857812926, -1.4905586461363949, 0.71068625317469
0.74071896877032, 0.82788616278444, 2.0721768754815146, 0.10273300799151, -1.4277940182347248, 0.64664529169279
0.59992505565891, 0.63439595599335, 1.7817551530801872, 0.014473539237579, -1.3038076270135153, 0.37408684383877
0.68985565415002, 0.67327185614827, 1.9620892246061525, 0.025651489134755002, -1.2115334248786598, 0.36392345457467
0.74241391870587, 0.63924202909153, 2.126505833647711, 0.045857104907053005, -1.2107523801483522, 0.30971161142369
0.66514916604665, 0.55285971474698, 1.5652587017202546, 0.07370641482046801, -0.85243190128164, 0.13346303386156
0.42707224258159, 0.5166842918115, 1.3133158001201832, 0.044156363744893005, -0.79672068347702, 0.15426424898473
0.64052718099237, 0.49108946612697, 1.2353593353044843, 0.027546305339732003, -0.85024251917645, 0.10593080546872
0.61916042953137, 0.48652095422935, 1.3554078738612907, 0.037524141202621, -0.78346023702064, 0.11067580372728
0.690292681267, 0.47886954083581, 1.4297117144440974, 0.082368746895932, -1.018859084977655, 0.12800070955633
0.5342626158897, 0.4743589178941, 1.5137406391745147, 0.064223182136028, -1.0662575017112397, 0.15739438371693
0.62953043138394, 0.43902250867943, 1.2456597642317218, 0.03405060688738, -0.95047600146297, 0.13700960742869
0.57313006646097, 0.37549979627597, 1.103770613792674, 0.022074345415924002, -0.86121518128914, 0.13308741802481
0.56839661883934, 0.29959743887776, 0.70341053219502, 0.078534989988949, -0.63231350282196, 0.11349069947176
0.11494365936171, 0.21265796074052, -0.0095965779819315, 0.0083597775347062, -0.50420471193256, 0.06378986516577001
0.30072371683626997, 0.18749788541433, 0.1278744219855, -0.026888006500929002, -0.40497483938538, 0.10781806406202
0.38109202078798, 0.20322022515866, 0.09358950041538201, -0.0076634754001289, -0.43870442141399, 0.11799784894505
0.42217693040324, 0.20677590668186, 0.2609444266897, -0.023213908831146, -0.50496360896919, 0.10599778553681
0.35958120822008, 0.17872739080156, 0.2141505773448, -0.06473816006088, -0.45531566969876, 0.064374086590589
0.29764106182109, 0.20313487253947, 0.34680732346055, -0.045705936399768006, -0.40673210205445, 0.071786721948633
0.34225240465846, 0.22819729481973, 0.16580639361331, -0.010515835220776001, -0.48541569716694, 0.09300302361261101
0.32637088580494, 0.21291846776618, 0.08974731484246201, -0.040355621871663, -0.5189455831916, 0.10899215570158
0.30048646206676, 0.22726858423646, 0.18266223811622, -0.047801863929134006, -0.36441940891005997, 0.11017650857602
0.30364790534892, 0.24638538847381, 0.39767166648801, -0.017981233898394, -0.36307202367933, 0.10687078086592
0.241131829407, 0.22628686624918, 0.92694933002501, -0.010724178092257002, -0.45816674800594, 0.092315396099669
-0.20037815689016, 0.30088960181905, 1.5090308703468196, 0.045210087705738006, -0.49715882207993, 0.088682024541021
0.16081027552695, 0.27114685969418, 0.89959089629401, 0.022078169394452, -0.34684792957538, 0.11256754872793
-0.06000169761478401, 0.23789918809786, 0.26044003254671, -0.0057740406064742, -0.24792963201579, 0.11761260443021
0.22202968301831, 0.24912500582291, 0.39754309897691, 0.021970167592892, -0.15604051067457, 0.15397213513238
0.32004696853545, 0.18727920858042, -0.83590023429835, 0.031058458455081, -0.051471041246976004, 0.1442527713242
-0.17794035973035, 0.14374674304288, -1.3979153748165882, -0.039606530012618005, 0.16549893983314, 0.10637446684983
0.44997531164433, 0.14457568681824, -1.059032987769949, -0.0089229591593, 0.059669252039831006, 0.13068045140065
0.53980463662254, 0.13998514104316, -0.94247603323753, -0.035763937158619, 0.06601872337768501, 0.11885995691585
0.54815527424576, 0.10773130236912, -0.98874200648626, -0.061770666718269, 0.024163659759628003, 0.10999533669689
0.61763747272469, 0.12480403399025, -0.8802240555012399, -0.033470330849749, -0.026603500227256, 0.14602515917485
0.54096768014061, 0.1413480012598, -1.0408022073525347, -0.06570444165498701, 0.06012508927235301, 0.14004373397289
0.49788664411204, 0.14546192879701, -0.83504935416368, -0.064693338733306, 0.045398401549363004, 0.11092865851832
0.62638221721036, 0.1584192076459, -0.99919982702985, -0.061214904803831, -0.07838674436501701, 0.10812458002428
0.65742667765103, 0.16447394878322, -0.9951857040970999, -0.053741189526314, -0.10186421853408, 0.1069458975433
0.64925503793522, 0.16334670206763, -1.0791043027931093, -0.060414695614273005, -0.060207571017332005, 0.10754693808512
0.58431426823057, 0.16739235126282, -0.90706197846721, -0.051849791759534004, -0.020058045451616, 0.09167583040251101
0.58898551666651, 0.15441828607985, -0.90176808970356, -0.056575984743375, -0.013994737866587, 0.10347116001009
0.57809107405888, 0.15342615198934, -0.80028811018915, -0.049017693646009004, -0.060251000246702005, 0.10828952248167
0.5553471309349, 0.159682563329, -0.8403099057116, -0.05634944032063301, -0.042431372119866, 0.12073494845204
0.55453567414507, 0.15522399819502, -0.78323614228565, -0.046917741912361005, -0.040616384968855, 0.10833667722466
0.51968045396213, 0.15404029889312, -0.65867013629204, -0.051166002660941005, 0.044580811544196006, 0.11105862136524
0.5932799309303, 0.16216434676686, -0.87649145919726, -0.021344870396037, -0.017314119812304, 0.099123731600779
0.47548556044442, 0.14618176087669, -0.53917572500798, -0.017775220161158, 0.021732303614815002, 0.10851133767442
0.53284650145556, 0.16407670286597, -0.7453621974507, -0.02877074694945, -0.0027491611714243, 0.11177795288168
0.61251233946592, 0.17683240971649, -0.89349791849851, -0.021616300346194002, -0.036662905417568004, 0.10988188188124
0.59915338438318, 0.17986940947261, -0.80742824998913, -0.028426176117657003, -0.028156948463961003, 0.10408738871527
0.59636821652817, 0.17807303135528, -0.88002831565494, -0.020371180945073, -0.020080288689866003, 0.1031546019073
0.56234204619785, 0.1727283313384, -0.76265153381761, -0.019458616464381, -0.009987277470338899, 0.10691220371745
0.57922538542396, 0.17401899103184, -0.71896412696788, -0.028308686384019004, 0.021865319914177003, 0.10600859380876
0.48245255281176, 0.16913199064388, -0.82571591643254, 0.0056736358971913, 0.24570854207583, 0.090570395551733
0.49860718097639, 0.14476342658842, -1.1883460108819581, -0.015783071720181, 0.3055790468525, 0.12180832599159
0.25904385087644, 0.13710999019032, -1.6852630633554313, -0.041745847591148, 0.49291491297124, 0.09803349843624701
0.41353768403134, 0.11103790538779, -1.8410882131967032, -0.06948469076084901, 0.51151357229732, 0.14908824395431
0.60517564033007, 0.10562319989357, -1.862301560044635, -0.074357413880817, 0.43282055754073, 0.19689157620411
0.70265791066508, 0.09609012603646201, -2.048441760252754, -0.06919434945924201, 0.4467765351575, 0.19183996021667
0.60023497808552, 0.12720086489494, -1.722526309180529, -0.031704197674238, 0.47530202405502, 0.17280377874764
0.58557618609258, 0.13491611896953, -1.708802890649017, -0.037258731633149, 0.49241802687216, 0.14408824310165
0.53354815111503, 0.12320206992344, -1.6026058888962131, -0.042627314109147, 0.47165585497418, 0.15756845064868
0.54269206036756, 0.11733422377635, -1.648877425086452, -0.06775937543771701, 0.45585099626971, 0.16008035850576
0.6714152661263, 0.10461006443406, -1.809353595642175, -0.06760773906494501, 0.33437180096373, 0.17034407223479
0.66165664886345, 0.10155712588388, -1.7339649245272348, -0.07623774468134101, 0.36089066471066, 0.16504105003212
0.64412305394769, 0.10092111410473, -1.7478553671670203, -0.072804281024446, 0.38271703618727, 0.16282610404678
0.5753040278681, 0.11053383448605, -1.5317541884336763, -0.054358196930798006, 0.36671608173473, 0.15817516639867
0.66104012584452, 0.11411526672766, -1.7605506658117023, -0.07276756018277501, 0.34196428156412, 0.16819786925484
0.63278232413452, 0.10866174613999, -1.7128532286004585, -0.07172742069532301, 0.34894451974894, 0.16820256539482
0.62487174882734, 0.11079935012421, -1.6945003826334737, -0.078168981887085, 0.38918567271373, 0.16443996639721
0.60937984606395, 0.10670374014558, -1.6869549074918604, -0.06995769099303001, 0.38254504273227, 0.16428536861651
0.56422844736914, 0.11695134573774, -1.4895982568764063, -0.06660542397927001, 0.40147167572117, 0.17422369925276
0.60920922622593, 0.11200805589804, -1.7586116628770385, -0.084326590362421, 0.38733706271134, 0.17680283853746
0.58258551272393, 0.10876018320354, -1.61785661317903, -0.090846496203889, 0.42048715995976, 0.16460909517129
0.57821450477488, 0.11813177481267, -1.6966977361449187, -0.09097069777435, 0.45721776322436, 0.1718622251085
0.53572994572832, 0.11134857045034, -1.5839946547111259, -0.079165443287698, 0.44741807257263, 0.16843868589031
0.47624587586442, 0.12018005233202, -1.3081123480738759, -0.08325809749006101, 0.46934517779898, 0.16123499997413
0.61687466926618, 0.11068020519292, -1.6670476313088367, -0.068115009550809, 0.37045594930977, 0.15831107170854
0.58031260498229, 0.09973140123594401, -1.5405818001454519, -0.066040002689893, 0.32429489900371, 0.14810050880988
0.6113561459024, 0.099176472935876, -1.6177213916654518, -0.06160532511165401, 0.31298226695799, 0.14686245577432
0.57526881489338, 0.10441609947977, -1.5228007550630007, -0.047852532879712, 0.333526924334, 0.15007422508243
0.56991420471499, 0.10616957209514, -1.3770118602099068, -0.05052347315998, 0.34865656970418, 0.14269494803463
0.62759177108638, 0.11366975822103, -1.5594697766123509, -0.043330802218021006, 0.33061847189617, 0.14530469870047
0.58950596840816, 0.11846563264449, -1.350992710101433, -0.051354805169488, 0.34734299628085, 0.15426841744517
0.62389610243945, 0.11686704177928, -1.4945356461669415, -0.049640498753691004, 0.3407897506712, 0.16523611856435
0.61589681118321, 0.084388169298537, -1.4187139385869132, -0.057172487807041004, 0.34237319850847, 0.19315986428169
0.57654240160761, 0.09610874918313801, -1.2623950556266785, -0.054508186228069, 0.37177273490978, 0.18112440889739
0.73920493430519, 0.049895930442348004, -1.490984581021547, -0.069136034484173, 0.26114742622282, 0.17073927461647
0.66435890317292, 0.05672755913072101, -0.96842920790508, -0.07655505312720001, 0.33693257066943, 0.18569195135006
0.6673253081965, 0.0025755565940112, -1.028858201719253, -0.12063968599202, 0.38355096288279, 0.18970293665554
0.69373455131859, -0.0003489819005915, -1.2116758137279806, -0.12303828695896, 0.29756848517851, 0.21024089808114
0.77817446132602, 0.023512716669126, -1.3859664953013464, -0.11940806361654, 0.25067774229518, 0.20279899665439
0.8058905283514, 0.032498957503233006, -1.5042578433621945, -0.10030936080399, 0.16327588329938, 0.21276233633744
0.77591995924067, 0.038621830533351005, -1.4661214434549252, -0.11366527847247, 0.17215025914589, 0.20191714968581
0.76781735681539, 0.048074179186923006, -1.536281991175432, -0.10005991938845, 0.17403724859679, 0.21305933868457
0.71317198830791, 0.057944012659718006, -1.2623639906083304, -0.098231895699476, 0.20651238350059, 0.21241451732785
0.78653628587913, 0.046975931119710004, -1.6064660454862936, -0.11364246754302, 0.19915067856254, 0.21141619032002
0.74733980487088, 0.053783172058851005, -1.4336646908556432, -0.09342239767399, 0.21101486490386, 0.21608783859844
0.74278023343714, 0.053181463890912, -1.4638902364214714, -0.10043899157509, 0.2195028743594, 0.20974566630394
0.7143286071875, 0.05377085235630501, -1.3466411923053712, -0.10311467911208, 0.21861542524242, 0.20422722005813
0.70744353665037, 0.062194049724215, -1.3874246496002371, -0.10886764831358, 0.24664187154447, 0.20599676823117
0.66313818817082, 0.067906786612143, -1.3478025167685006, -0.097314358070616, 0.311656903632, 0.19939934577987
0.68949727348521, 0.064796900620131, -1.3146901994379863, -0.10205493380817, 0.26652960610434, 0.2006179741148
0.69479954070382, 0.06516931793227, -1.4083631918807182, -0.08565856122132301, 0.26865195533132, 0.18542329593659
0.68507983065245, 0.060820244402767, -1.3244167287189612, -0.099892371610034, 0.23374133178298, 0.20032273259029
0.68987097869725, 0.05579863867724501, -1.4343017733017562, -0.11781191753305, 0.25348039241212, 0.19415307406399
0.68925752636156, 0.057750721064974, -1.3748160341637028, -0.11148081359805, 0.24285144990063, 0.19287066049737
0.66930456090462, 0.07404030402436401, -1.3321889221018433, -0.10961028504559, 0.27167519548165, 0.19853974695848
0.68083393312824, 0.070115408961197, -1.3807962491359713, -0.09841222259317901, 0.25869135557782, 0.18628413814537
0.65479696695571, 0.061338257623074, -1.2969490985723482, -0.08727017997545701, 0.2826595924665, 0.18579406867663
0.6958055253494, 0.06804655145353601, -1.2102770205266768, -0.095819201848583, 0.27614830057799, 0.18596241683749
0.69890965025498, 0.07024607119923301, -1.3819125349242687, -0.10103202270627, 0.26575552211838, 0.18206489462899
0.66106167164839, 0.08181988449916901, -1.2279055110557642, -0.090955357399428, 0.27237460134917, 0.18733427157568
0.6531871059946, 0.07649903002878401, -1.3302541260533638, -0.09846452203444901, 0.27858646421006, 0.18018486461981
0.64785884185088, 0.078276455067845, -1.2772421051009277, -0.089079480591207, 0.27422566377155, 0.19175929094842
0.59606022464583, 0.08746941699435701, -1.098873599690207, -0.09851738052835, 0.29785757908218, 0.19544089080393
0.64896428484495, 0.077081066269026, -1.219629424548075, -0.11560355784657, 0.26340345063143, 0.16013423816719
0.67378641032084, 0.038797199820190004, -1.2719734071672828, -0.12227917945167, 0.2362897237786, 0.14679759055103
0.66252922050881, 0.042153666081634004, -1.2625443676489252, -0.1342003501347, 0.25335066147941, 0.1569576866523
0.70366618423526, 0.058839212128121, -1.3741114118911646, -0.11271385293206, 0.22802593864408, 0.16191200417105
0.63631928294342, 0.06912571995255601, -1.2150271678471154, -0.11114992955979, 0.24483366050002, 0.17011304458675
0.6446607000959, 0.06933512476481, -1.3110949325603818, -0.11591300725353999, 0.25600444197313, 0.16381546738039
0.66828103649943, 0.063830808004155, -1.32814154901305, -0.11731111343394, 0.23024051434272, 0.16378650432061
0.64335226059614, 0.06586179287746101, -1.3332387098462581, -0.10840090300701, 0.31398973682672, 0.17164247337395
0.66363482138122, 0.062023186972977006, -1.3700766558055932, -0.10799828779756, 0.31819112592382, 0.17897020615992
0.65714904162358, 0.054786898255256004, -1.295375166122035, -0.10840567575722, 0.265421336491, 0.18142026296109
0.69698155968781, 0.050813307675202, -1.3541271656233969, -0.11664543362221, 0.28067571617099, 0.1915528845497
0.69398492457671, 0.041069605446258005, -1.334269280069146, -0.095584412087808, 0.25529679057576, 0.18640185770491
0.72244798753595, 0.028699808481513003, -1.3697511875039385, -0.10473872360224, 0.25477731927367, 0.20404186992759
0.69903052320398, 0.033473719935465, -1.2318896520829643, -0.08629057109344, 0.28340363986654, 0.2015899281331
0.68384776056277, 0.031994623546737, -1.0244928947211416, -0.070655523699352, 0.31793408221336, 0.19809132276056
0.74749697849149, 0.019353389684177002, -1.2730344481203446, -0.11684716696887, 0.29296678939347, 0.20204535713675
0.70577770892684, 0.0083648081077216, -1.2451200927979285, -0.09799832424250501, 0.25447964495324, 0.20727671377557
0.67728055178883, 0.018749687539688, -1.184072970495331, -0.11404846637471, 0.32009201915483, 0.1996760353111
0.6519432094454, 0.024203224877407004, -1.1635709458606114, -0.09844012115612201, 0.34861579131677, 0.20361579843853
0.65626588847958, 0.035842591359167, -1.0389483818873932, -0.09258383067234201, 0.31435960777127, 0.20352832717301
0.77365328855214, 0.038094955501434005, -1.400631229901881, -0.095939264800331, 0.19878665587495, 0.2073076357385
0.73317727328687, 0.03819079940416, -1.2422034887818918, -0.09116866943510801, 0.1970759898357, 0.21138816539536
0.70148766545324, 0.035453893463913005, -1.2565008485683768, -0.08327584668960701, 0.22638935468184, 0.20084637202585
0.64265695793363, 0.040923869012763, -1.054413629779552, -0.08758715066208701, 0.25220731278624, 0.21025275420197
0.73256699644998, 0.050385513184780004, -1.3788083246339433, -0.09670236723447301, 0.20087040895124, 0.21484783207885
0.69868491797409, 0.050945703940465006, -1.2627983977546233, -0.09169979564186201, 0.2103638657542, 0.21795425468741
0.70674514467982, 0.056101980721023, -1.2511342890867563, -0.10366208089568, 0.23113602548994, 0.21622255488648
0.6772918537232, 0.053462290742386, -1.238450841700583, -0.083690702554571, 0.22776918773498, 0.21056676706424
0.68297329562653, 0.060117658894748, -1.123207590353079, -0.09818379176837101, 0.22569758562651, 0.21339069143198
0.70046543407549, 0.056194977873074, -1.3411497706588702, -0.09135262660707401, 0.23032051069034, 0.19609507516553
0.67430069963738, 0.056988992471217005, -1.1686577904694448, -0.10095078493882, 0.23173262357073, 0.20302501043269
0.68653487467091, 0.06215440702161001, -1.2518582991391811, -0.10365491835273, 0.21650878840392, 0.21139073481629
0.6406144276124, 0.11472531847139, -0.96980177990374, -0.078775238381095, 0.28102736949907, 0.23248385211853
0.69586114677415, 0.094217562608644, -1.0252384817686981, -0.094263258723423, 0.25065938658338, 0.21532122687522
0.71437659533901, 0.058875713093144, -1.0173661587818872, -0.13204998854964, 0.24537987111698, 0.20996719119447
0.74110531353663, 0.014077102077199002, -1.3698436821750075, -0.1607486279334, 0.21613734826491, 0.19910033331726
0.69280620639294, 0.036099328443691, -1.1966843018123305, -0.14159393778482, 0.20955172628479, 0.19610919054723
0.66881553175375, 0.048511048256171, -1.3228683073546146, -0.12645748463362, 0.23405932067213, 0.19940183761817
0.66738263259494, 0.044960416209006, -1.2469742428432309, -0.13155207755776, 0.22986742158363999, 0.194417576715
0.68362759707987, 0.041278537468975, -1.0929094961452803, -0.13337422503028, 0.24485529419407, 0.18982266180851
0.74578261998956, 0.03750881611994, -1.249727745149995, -0.14687051307014, 0.2292540635805, 0.18561232895841
0.70929088383622, 0.033575716035613004, -1.2005385516640175, -0.12767739276277, 0.22873301314901, 0.18681425051594
0.73361869808875, 0.042451012071686, -1.22765541348968, -0.12264162350441, 0.2512439430382, 0.18861878003984
0.70324923151111, 0.047166233771692004, -1.188476809027175, -0.10949694158889, 0.25263478313045, 0.18089519779281
0.64322866117338, 0.060378438034266006, -0.95637961199685, -0.10185101611961, 0.34886849544278, 0.1892948645698
0.69485813614132, 0.055008422514361006, -1.1460876828067872, -0.10338134874306, 0.31392777778353, 0.1785257261617
0.7036822883425, 0.049684315873611, -1.1707217060742054, -0.09492222352953701, 0.26151933555443, 0.19640269679587
0.69020511460124, 0.052643036074668005, -1.1261783524619846, -0.10390495246901, 0.26538038328765, 0.19248006831299
0.6867184875498, 0.042372951260951, -1.2081975761704091, -0.08901843852874201, 0.26192298001259, 0.18555355098031
0.64056798631829, 0.054269878755033, -1.0064059001111494, -0.082652326700567, 0.28354264492104, 0.1800984002159
0.65810394757086, 0.069333718567353, -1.1536349539085642, -0.09416973444670901, 0.28973390108376, 0.17785122479655
0.48492557463902, 0.06985627047133501, -0.68369895381023, -0.10660587434635, 0.32656076514459, 0.28512469699587
0.37701828906644, 0.08617505611993001, -0.45066970427067, -0.19764654184112, 0.27837414472143, 0.43733878079491
0.50145063231725, 0.12065874011692, 0.25713600048977, -0.17378082166941, 0.25080026827438, 0.49995973850482
0.57079717690952, 0.10025230358044, 0.95015864775898, -0.23173531994598, 0.07448875361677801, 0.48402848985793
0.91923730500797, 0.10214475691777, 0.87502424540704, -0.25488845055836, -0.084049385766572, 0.50527140213189
0.97473342041587, 0.090276079664344, 0.54391819020458, -0.28215488332963, -0.20054951172626, 0.47954378408243997
1.0524033988134727, 0.07513057634053501, 0.1088836573904, -0.333624648534, -0.12371072244648999, 0.42893994887432
1.0485780100297644, 0.06492067903788301, 0.1079080686276, -0.33412684535617, -0.19256704618691, 0.37686222552966
1.0670709550230324, 0.05123288021830601, -0.20369704319807, -0.34184926525399, -0.15087389218892, 0.32759553821055
0.87582336314235, 0.054201687139869004, -0.21368607210732, -0.29137489411128, -0.043060309120676, 0.2545660293551
0.88530774779697, 0.079172776009248, -0.42136817244735, -0.32025484249956, 0.052945371365972, 0.23204817903166
0.63470705701521, 0.088104720257001, -0.6982767765532, -0.31992900655871, 0.16335260784769, 0.2045477880237
0.54765113913243, 0.018219099629224002, -1.483644564803254, -0.28674013553052, 0.21831160741196, 0.17055225938517
0.030795109722412003, 0.048871941884810005, -0.43060919812132, -0.26304368475761, 0.14572000000113, 0.22613761216774
0.17143910666333, 0.075116270237122, -0.37350838696538, -0.24782112664083, 0.27463182681976, 0.18186273594824
0.39655868243651, 0.0016139076548689999, -0.90326898752501, -0.27581055359956, -0.06766079351628701, 0.23432949214605
-0.40839107803624, 0.08146031879856501, 0.19459822993628, -0.31651854949872, 0.09678696447663301, 0.1768794632826
0.044675350223908006, 0.066071260938639, 0.19907115292127, -0.30815861769634, 0.15830018711082, 0.11475113449901
0.20979879769647, 0.051333223092381, 0.17620416441448, -0.30641613169469, 0.16118256585505, 0.07387072201904901
0.28219174279989, 0.063670336580635, -0.063146441036887, -0.29498835230638, 0.12304645799763, 0.06842911120822001
0.40706203630497, 0.081608796372533, -0.43980665010591, -0.27663453890364, 0.15066915510805, 0.076447355566249
0.28114851894003, 0.057009108916084, -0.70548880266407, -0.30092292903743, 0.11074036484782, 0.07176018902530301
0.40749879081009, 0.062634834450253, -0.7720672319431, -0.28631305249576, 0.10503960110252, 0.11944094693802
0.44126390245994, 0.060671106243258006, -0.85408519483061, -0.28106986338186, 0.043789221955162, 0.13358180589451
0.38064120255318, 0.063493448363169, -0.70052982349171, -0.26713086296191, 0.06927364225997, 0.13594857931322
0.32924763224586, 0.09048708954876401, -0.96207717330039, -0.25716394085508, 0.50151996656332, 0.12533379318057
0.30219435491587, 0.10045236666087, -0.96862505619206, -0.26880437085188, 0.49078156967174, 0.1179928350942
0.33377491998401, 0.081247001340391, -0.88900991355317, -0.26665673903101, 0.46293228501371, 0.12359636389554
0.41612516947088, 0.07587591679467101, -0.91547535436148, -0.2381379719051, 0.43249974796585, 0.11222185523843
0.36869788089838, 0.09632613506187301, -0.94728302735903, -0.20660167562683, 0.42701814345613, 0.09935237579896601
0.39114993427471, 0.046992365740941004, -0.93086821841592, -0.21792430453878, 0.32320798011312, 0.085402623835083
0.40059316825378, 0.025936000344844, -0.98325499330932, -0.2277759517154, 0.27072131974582, 0.10117321992632
0.27398020335315, -0.0070288155786122995, -0.86024213272788, -0.2708604320927, 0.063125740024511, 0.11241083728739
0.15705783284865, -0.0032480325142065, -0.67085551430239, -0.28585738508101, -0.073277047147146, 0.1500853922788
0.36165723062327, 0.011771478415113001, -0.57574776269638, -0.24836907095283, 0.0070286639959133, 0.12801913467748
0.30281597844957, 0.011984461135457002, -0.68441091261767, -0.2382475622983, 0.079186768043101, 0.13623381113387
0.39821335469824, -0.015358218542838002, -1.1051720920301782, -0.21257398375624, 0.097874204253277, 0.13657254088916
0.40806085744531, -0.031653896456406004, -1.0416102729252472, -0.18102834583568, 0.09085514093508101, 0.16177355494705
0.49063895571657, -0.037533847853391006, -1.1650985689990967, -0.17213149643033, 0.050493983652510004, 0.15258494232661
0.470727768492, -0.076481565438251, -0.87391065522287, -0.17225975724624, 0.099326919107242, 0.14736943638033
0.27998647265237, -0.040757959631470005, -0.41099204628149, -0.18263748304993999, 0.14022605267646, 0.15374653573117
0.30286155566352, 0.0007601845236182, -0.35760442132592, -0.15806672704445, -0.11353798430541, 0.17219608646192
0.2040538238335, 0.0098925624180045, -0.67582162239529, -0.14143442318292, -0.020627909971458, 0.17412009743818
-0.19155983348688, 0.048370637451526005, 0.51688554554294, -0.11705586926155, -0.32785046486688, 0.26939960292813
-0.25669695802828, 0.07686445942329001, 0.6531831131827, -0.13700204484119, -0.22281758445478, 0.3241720982671
0.093774937351444, 0.070025366799898, 0.23568618921185, -0.15792924280709, -0.26609305780184, 0.2674095246049
0.40963618006859, 0.0353659415415, -0.45428113545817, -0.18320693479848, -0.20374121198453, 0.26006425665395
0.11261025983239, 0.022987324222743, -0.056420230837239, -0.18686565900165, -0.18407268997195, 0.21276116299459
0.36030151695086, 0.051714326887166005, -0.10966029312586, -0.17512523835591, -0.074086005389686, 0.19245147428383
0.36196339733993, 0.076801896604273, -0.6892816589612, -0.18762091627011, -0.01495399897938, 0.19559696088279
0.20784544582039, 0.058051562913352006, -1.3771296125251542, -0.17311852276551, 0.32139930926644, 0.086275018480634
-0.02433754082776, -0.20796807510861, -0.85275208367639, -0.070935085115765, -0.1139709545188, -0.56134515551782
0.34722214598737, -0.050298600006363006, -1.0756981259548684, -0.12783890042181, 0.12973655201365, -0.3494211514341
0.32750081468607, 0.0039674165917548, -0.85864508384797, -0.13933087270643, 0.023037251500899, -0.17436398009387
0.38386844346006, -0.021892781298406, -0.9816171261987799, -0.25929586677166, -0.15554322108879, -0.0089893526028723
0.20185947994303, 0.024797965322079, -0.33799369526565, -0.2124552277637, -0.08234131975494101, 0.06601176468920801
0.15835999009615, 0.051685098344023, -0.3552878742167, -0.18125509058655, 0.07742800219625601, 0.045881202962568
0.40943462561897, 0.0096836799144377, -0.92494406974868, -0.24689736245342, 0.027735143045686004, 0.036844026189138006
0.47446566500256, -0.027481464390189003, -1.131874377845972, -0.28621374836198, 0.094393881610474, 0.044089263631070005
0.15419525304911, 0.0065104026805628, -0.28604071847279, -0.21410510827387, 0.03539108024462, 0.08502600040235801
0.32580574822801, 0.029783332473482003, -0.29650798352747, -0.22204979600361, 0.030561843533305003, 0.08311857287223101
0.44234186332781, 0.045503713715778, -0.58376907655192, -0.18839645370699, 0.11293903654995, 0.10797920521941
0.43758904755052, 0.095159069431877, -0.25284407511421, -0.14712983303464, 0.08727668290047101, 0.1417677046986
0.47503763775887, 0.19650951080304, 1.157000672730201, -0.17190696073148, -0.0703019764796, 0.21198995333435
0.66217388021156, 0.19370805439084, 0.63127617075007, -0.14435924163083, -0.16229279464099, 0.30906698481978
0.29417011659446, 0.20728435440652, 0.89566792225189, -0.18080965020973, -0.47559053834631, 0.37975017751367
0.24985067786719, 0.18787645450353, 0.70439210086171, -0.12412623104234, -0.23418414562325, 0.36223318429192
0.48394480897609, 0.11417905634038, 0.1181280897615, 0.062056170612422, -0.43046466303477, 0.1763780022035
0.64237400744713, 0.1130193402026, 0.09973562271635701, -0.051717116287052, -0.25161039262161, 0.19799496641358
0.62554022874838, 0.08204258900750601, -0.77181548519695, -0.15353435589508, -0.040017873839433005, 0.10387469020257
0.60322117235411, 0.08439679502944701, -0.21325353765247, -0.12490789186539, -0.046512035686717, 0.098876227737652
0.64958486166128, 0.09038590952033901, -0.23429398222179, -0.11444527433974, -0.018054026634950003, 0.08512148145961901
0.68007922419774, 0.064354053146724, -0.255637670036, -0.0090686864554293, -0.094381948919367, 0.037908633768913
0.62783207071968, 0.067701441764958, -0.51673416404154, -0.05585978923147401, 0.013626016523530002, 0.025616344414713003
0.60741352419488, 0.07002035080899201, -0.38298391788601, -0.08611948443457801, 0.063677768949519, 0.013349245319702002
0.69921522899009, 0.053682132373176004, -0.50794840669617, -0.11511881584096, 0.021566018921905003, 0.030835986737833002
0.67923359512975, 0.030131680776808, -0.73590566311792, -0.13852203991619, 0.033117099792178, 0.042974972877586004
0.63828727574439, 0.056288485591992, -0.73362123536185, -0.13899764540601, 0.034889766483806005, 0.06804523376381301
0.66079232131678, 0.05818070887692701, -0.79293653493938, -0.13936133328728, 0.029040395069586004, 0.09110799629716301
0.7015761506755, 0.031945927888401005, -1.0744377217436627, -0.15057358638852, 0.0023573272832515, 0.06370175129951501
0.68110719596543, 0.011046339524332, -0.8623784353137, -0.15541619414406, 0.013150648869026001, 0.094980050912448
0.66071589544551, 0.010500114740639001, -0.97108314575869, -0.20465426593859, 0.076971134131616, 0.082528395613741
0.56757101141376, 0.052309642586032004, -0.81360928004477, -0.16803805121241, 0.083108430649104, 0.031708484881486004
0.65079294792861, 0.031959003405776, -0.72043205718672, -0.16677116004908, -0.0032372599851989, 0.050417545525563004
0.55755654685923, 0.082090875117207, -0.81796735446019, -0.19403069255174, 0.11848728406234, 0.033086931942457
0.59852239029744, 0.079158014422367, -0.72751195198097, -0.17074596614225, 0.07510311376150301, 0.09778646108394601
0.62385367432034, 0.10950780409311, -1.1238627896861615, -0.17687885712931, 0.037756111025098, 0.19554578576825
0.62341131771903, 0.16108041108716, -0.9246441837089, -0.14630929364753, 0.06741844878158601, 0.20597626382985
0.67065769034573, 0.13494152681285, -1.0925821061149936, -0.14424271228866, 0.05897594672895701, 0.15731660484399
0.59223002487676, 0.098379707125789, -0.86616297001342, -0.11349688177725, 0.061310634365264, 0.13915662749799
0.59462624860546, 0.07634371598339501, -0.84849785431783, -0.11564567174383, 0.10618794955713, 0.14737994056421
0.62063659672892, 0.093621071387939, -0.96306060758281, -0.15230401288805, 0.09650460896089401, 0.12786023204019
0.41704914224894, 0.081690387273364, -0.63380521633573, -0.14100667305879, 0.14112221461336, 0.10954643448609
0.50430950266978, 0.017612452499961, -0.56092894775355, -0.13064221552304, 0.11036267921707, 0.09771420026669601
0.54565489765876, 0.067576766388022, -0.78470162754123, -0.13380748913232, 0.06934346786312501, 0.10883094367059
0.55392771643266, 0.07652968537353301, -0.81178789411768, -0.12067449674242, 0.085291598579774, 0.07821157713782201
0.56579282794833, 0.07839662733156601, -0.77991280473695, -0.13335941321275, 0.08120147986336501, 0.072531772545137
0.60223431058469, 0.047533947943758, -0.94422225299391, -0.13363037078533, 0.10060848988123, 0.09455672102416601
0.63113685113391, 0.039491028876609005, -1.0198698037023814, -0.081923601271659, 0.025574007421594002, 0.074721823102652
0.55463400760055, 0.085219348335014, -0.95744098411542, -0.054218554243905, 0.22295370046645, 0.10872004884929
0.44265740892574, 0.038105938939304, -0.75943145833028, -0.10830086945563, 0.32474627886676, 0.08097009540540201
0.49930276566562, -0.036241426821847, -0.99301874499305, -0.16848921829554, 0.28183787423636, 0.055247929413422006
0.57615117404776, -0.030541642327443004, -0.98485640163355, -0.14393468298505, 0.14835650996402, 0.10289214538108
0.64353042310868, -0.013846800335106001, -1.1182670653651539, -0.17198963595067, 0.12218151896723, 0.08392760528842001
0.55565909157961, -0.0018487396775626, -0.98563123069734, -0.16802566877671, 0.16118299121036, 0.025067246692692002
0.55570203941451, 0.032768821852839004, -0.76675498609716, -0.14396802468388, 0.084818027082889, 0.06476695562208201
0.46504992838219, 0.0056009712658805, -0.6036276026324, -0.16363721083528, 0.15287520424073, 0.020047067871427002
0.48924970760463, -0.022924464912403002, -0.56810244946559, -0.14996270189932, 0.1632265448252, 0.07706348479423
0.63577013683808, 0.0081367965979489, -1.2151842111666065, -0.13091625148316, -0.025659184235843003, 0.065917218316123
0.5530374829114, 0.010095891118134, -0.92841184580112, -0.12814508743221, 0.0082713840251889, 0.08288264461429001
0.5571332145376, 0.0005334379957872, -0.93342975009054, -0.056240510911468006, 0.004143676338418, 0.09586070732471601
0.45437268495653, -0.0012453570580822, -0.44216831668405, -0.15366679791799, 0.27203473855037, 0.12341728848719
0.68883461929886, -0.040981748980622006, -0.7528248982114, -0.21288331691578, 0.13276708296055, 0.085282824636325
0.79161479378837, -0.069354596662593, -0.79477984042069, -0.19769331780453, 0.060005549933336004, 0.07765444446290301
0.82797340857684, -0.045529850394110005, -0.92842585508018, -0.18581805938256, 0.061591132566885004, 0.11190200209125
0.77059333110237, -0.067157794236034, -0.80920828019916, -0.12083024612523, 0.04867987586701401, 0.096822395926397
0.71609186183988, -0.074820955846097, -0.76643691959972, -0.10094913069501, 0.099671237334715, 0.084475880669412
0.73273710402823, -0.05335686961807801, -0.67224475106243, -0.088185587838188, 0.13400883240122, 0.035016068135853
0.74987061743391, -0.051412964153111, -0.74750020558638, -0.09831893286789901, 0.1572818183052, 0.026676512987248
0.71882642999494, -0.05352926834836701, -0.83478739410112, -0.090385145601306, 0.14288790915335, 0.033313928623478005
0.72986636359248, -0.050416248349045005, -0.98213712315118, -0.07669517329087501, 0.13704856950079, 0.014409683857853002
0.70467063401668, -0.037652942973352005, -1.2048196444187167, -0.08647192292426101, 0.16619885811728, 0.026398148303486003
0.69542361433137, -0.08972895187349701, -1.2113227145527052, -0.1088091801996, 0.15505445797383, 0.011785195596833001
0.63627839185187, -0.088295193957797, -0.98434850000922, -0.17184995608543, 0.24088658664111, 0.0056730825647503
0.59843582858429, -0.070277557861846, -0.9284649511778, -0.1830968941458, 0.12291838242395, 0.07322218523091001
0.76087136429617, -0.085972261477638, -1.177826944140719, -0.14138924006514, 0.01620131478695, 0.041495827176928006
0.70576793317622, -0.096412725272151, -0.91710746863047, -0.12355529120359, 0.011779732697649, -0.023755113941030002
0.71472533477583, -0.08981158398343801, -0.84665915974173, -0.13434245033814, 0.042076029583132, -0.010649434648149
0.68834567715342, -0.023077020463282003, -0.86197031393853, -0.09698756627148701, 0.004932064304062, 0.020156416108277002
0.68548566940201, -0.033463990770656, -1.068218865942229, -0.14898554785652, 0.058021463562860004, 0.017183514946859
0.61627456609218, -0.03671918294805, -0.65785986179594, -0.12285468973932, 0.18140275803955, 0.009845120173479
0.72032841020161, 0.010208230826486002, -0.83183877078004, -0.12571592532926, 0.15335790459156, -0.0031186398237493997
0.75746772064608, 0.018506196796485002, -0.9656766102176, -0.1212331017776, 0.12437332454847, -0.0070339238317390996
0.75393637866506, 0.0019480204727138, -0.94288978198508, -0.12490502488704, 0.10488822001574, 0.0017999875360262
0.76930478574332, -0.023835559626308, -1.1040052085191367, -0.16132490746305, 0.10726875260483, 0.0062074131023628
0.80262843928418, -0.06646156758886601, -1.1663765847714054, -0.17846334158622, 0.047877810079763, 0.034341750507024
0.75601395989728, -0.07003466834871501, -1.0921768654386452, -0.16770953827671, 0.07751970658136201, 0.03886481425574
0.69305001878659, -0.062814326534888, -0.96006362122815, -0.1569699002227, 0.19972597591024, 0.052817461146635006
0.71684165814954, -0.06900524660681501, -0.96836635005504, -0.15951212149238, 0.21707449478452, 0.096622132140755
0.71688501521105, -0.060835495384602006, -0.9743412913186, -0.17670183377042, 0.16638735591459, -0.0006608638017907
0.6612822364217, -0.041783960664648005, -0.80862105519149, -0.16223572555767, 0.10327452415909, 0.031797981026044
0.49033936760865, -0.019462237124133003, -0.55679922894196, -0.2777034110091, -0.057278732627725, 0.12716492879867
0.48482647059791, -0.035805240551713004, -0.78449680150852, -0.30350087954421, 0.037536463614389004, 0.1569097545311
0.4900188940514, -0.039798237921297004, -0.56125808628741, -0.28740597893117, 0.069785400282734, 0.06681694371546901
0.52382030439822, -0.083802807707669, -0.58486837829271, -0.1581057770578, 0.091794199320545, 0.07883348436749
0.5480388733481, -0.17031155521108, -0.71093676033835, -0.050526775137675006, 0.12453041584517, 0.11098089441617
0.51416709079824, -0.13147732501554, -0.75772110834439, -0.014746955863830001, 0.13925502226608, 0.095680857277293
0.7218543064968, -0.21080706890912, -0.87670565798477, 0.038687130816603, 0.08397321051433601, 0.09325517232274601
0.52419549443491, -0.4134369036849, -0.52113150256789, 0.10892555983135, -0.06744882313914301, 0.036383064060814006
0.043096689792428006, -0.61311512970207, -0.21145122408824, 0.16178163002229, 0.045132012564061005, -0.2226259147308
0.23875537401644, -0.56524415057136, -0.80866348620344, 0.13996791519193, 0.1906744153072, -0.31025749759729
0.092055191588242, -0.55504561423501, -0.29849285864562, 0.15526075927793, 0.026859012216381, -0.33580707108309
0.2873059360231, -0.61706763776915, -0.30859250442949, 0.2117911983891, 0.036052135630969005, -0.46615987805939
0.50103928580132, -0.50738723537211, -0.60560186175588, 0.17702175097059, 0.18549774249224, -0.50388372172339
0.43960791058082, -0.34095229603895, -0.36279441650956, 0.14338033159743, 0.24053811199453, -0.26290500450072
0.49481381923289, -0.30607226346354, -0.61021904171299, 0.23987769096195, 0.30172923053766, -0.033539959969756006
0.67608600691253, -0.22986597096625, -1.1711313907534628, 0.22357114217323, 0.13313544964565, 0.13806095428351
0.18433531770157, -0.14912795087106, -0.13888048307551, 0.10305672270158, 0.1363422081078, 0.10299347156174
0.63800437324804, -0.077286215337069, 0.1643771616458, -0.023615255665933, 0.6134071040028, -0.15602939682044
0.64002740637588, -0.066772357954359, -0.26256320453954, -0.07128689565123701, 0.68735476944056, -0.12728908925209
0.60446163728773, -0.0060674643992942, 0.36616894635242, -0.11474531248097, 0.65548074391566, -0.1110575972482
0.55419397588043, -0.014148894772011, -0.23272090601338, -0.22330006264822, 0.86944040165581, -0.16071340843658
0.33679826279154, -0.018786275834041, -0.21730967862702, -0.18752432340708, 0.89497999267082, -0.14752842517088
0.50891712025665, -0.014593673275590002, -0.38436701867434, -0.19343840960669, 0.89161789869387, -0.10632206978417
0.53319410389878, -0.042749942260161, -0.50350565679332, -0.21423332432853, 0.85817750576954, -0.11702296554659
0.51804302108966, -0.034971229015634, -0.27967563255322, -0.19080191909166, 0.93047616904083, -0.088839241184913
0.36761274046515, -0.060300755331922, -0.45839795445671, -0.28129284211958, 0.9778431735549, -0.11595335055081
0.29102777828883, -0.025632298592877002, -0.30364467702683, -0.2451212668128, 1.0848352495099398, -0.10092573434807
0.34490373655361, 0.015898271857992002, -0.63536194143178, -0.21221416857196, 1.118625118312601, -0.08729047334190601
0.22623573664084, -0.042202120992225006, -0.20309369908598, -0.23010662499257, 1.091038864859717, -0.13361577288923
0.08083615900675101, -0.09523528275549001, 0.35588203684466, -0.2170055978784, 1.2313301303976796, -0.0042848675740467
-0.16808388567556, -0.18921973333561, 0.40631221379846, -0.1903096385239, 1.2872205972403599, 0.068047733646802
0.015617082960724001, -0.1172202058639, 0.23837198915922, -0.2429198456188, 1.216423103646328, -0.030871621434335004
-0.012625527504893002, -0.14273202457579, 0.18883039163729, -0.14274857405334, 1.0745449136912617, -0.010000570989541002
0.1521129907813, -0.08219648004230601, -0.17574905287942, -0.12831344212879, 0.98567107679966, 0.086337066541444
0.018150796821757003, -0.077284211545722, 0.14865739358648, -0.16821682319558, 0.99193461281748, 0.11213503349182
0.0026272064011649, -0.06649720468501001, 0.13486789503017, -0.20198785087948, 1.022270654434031, 0.087158509419301
0.22272407948947, -0.097439614267084, 0.094263149986357, -0.19794931868144, 0.95959646897502, 0.11704980114485
0.13423119621182, -0.14130948284563, 0.57851026941116, -0.21217852847673999, 0.91689679785985, 0.13608985411697
-0.12600696308748, -0.12061972934272, 1.0280228065142232, -0.22922703804592, 0.91487861689699, 0.14075239199816
0.058209612925420005, -0.097677555790022, 0.89372271210883, -0.21991126184164, 0.93621312661911, 0.16869139075401
0.067735523103712, -0.09747118606481701, 0.92164429098829, -0.1677182464253, 0.89106564348243, 0.17361850218485
0.16865871919024, -0.084082856490846, 0.57358877652259, -0.16526062696139, 0.8185149366691, 0.16338918167585
0.21625048169118, -0.065153651843353, 0.29291074194055, -0.17017049778842, 0.8162763070241, 0.17579483226535
0.20350507412427, -0.076457606144986, -0.012187258173194, -0.18353411605302, 0.77260685086063, 0.18052390746409
0.29936207065201, -0.07402669145771501, 0.083155997337351, -0.13131023200343, 0.65801936392986, 0.22746164340793
0.19339239175008, -0.047387710654150005, -0.099518164700353, -0.11543467694729, 0.6363601779797, 0.34672684671583
0.25922403815501, -0.038287260603132006, 0.17195892013676, -0.12820392138167, 0.595209593556, 0.3229047705471
0.23410610227728, -0.06653979435634601, 0.05811407533286501, -0.1354295580247, 0.65933769500041, 0.28717230299523
0.26746507885414, -0.055027672521678006, 0.14649493392554, -0.12470716991757, 0.65917799950343, 0.29995155276827
0.2475970923403, -0.046663901249611006, 0.033197570441356, -0.12441120308591, 0.7040988995472, 0.28641861154202
0.29432591757939, -0.05382673300475901, 0.041282205693666, -0.13136594560465, 0.61901118688733, 0.28443238885057
0.3374709629268, -0.048549068468972, -0.041780793600250006, -0.13050174311104, 0.6081411066811, 0.29377279517148
0.37415965439045, -0.052122280100039005, -0.050428559691721005, -0.13354675838682, 0.58433802767683, 0.2819551748986
0.32306680764302, -0.037033513544536004, -0.030799382564792, -0.11802947712695, 0.66336811067222, 0.27471009075862
0.34695659556327, -0.042923779007832, 0.12182761168888, -0.12106897635256, 0.60620376339607, 0.29417967041103
0.29457327762501, -0.036496127755013, 0.23994551339147, -0.11308989530501, 0.62869434206601, 0.29449119848314
0.33688832878492, -0.047918388998418, 0.28488726912121, -0.12276307873562, 0.61991760610368, 0.28997143901906
0.45960530116733, -0.047408839102687006, -0.17053038962322, -0.13213724269628999, 0.54045444672611, 0.28450873118179
0.4449498253316, -0.050872450722199, -0.10374522174154, -0.12636568197959, 0.54211677706728, 0.28627198178619
0.44964134614391, -0.047949316362845, -0.11676488809301, -0.12733802979383, 0.54930997508512, 0.27421264913995
0.43104590753117, -0.041155852348932, -0.060164747180235005, -0.12737307614828, 0.57098015169745, 0.27656703188907
0.43261600173647, -0.03625253486022, 0.05240404163836201, -0.13156648390537, 0.58313138679685, 0.28503517293953
0.37989681007338, -0.029504017700671, -0.018608813666334, -0.12192253994504999, 0.65483791229107, 0.27029498384497
0.35742474003245, -0.033119285710613004, 0.065612240166818, -0.12019685412791, 0.63745775906803, 0.25657180549072
0.37347268951791, -0.034109385107346006, 0.034692131141580006, -0.12136181153926, 0.60681838122895, 0.25724202861282
0.36942018473185, -0.037236881363873, 0.035698144742099, -0.12573246961058, 0.59001358419234, 0.2477298844848
0.36119843716135, -0.029321710296098, -0.013416658532076001, -0.12145683980183, 0.66479907346225, 0.24163703857398
0.29956258546569, -0.019032801441157002, 0.085386090023764, -0.11104228988383, 0.72215529328041, 0.2419963772989
0.30096315826293, -0.040565967177143, 0.051796151338191, -0.13136742986121, 0.72435145934763, 0.24570441819883
0.34658877040454, -0.066893372410483, -0.043441838116189006, -0.15349965305752, 0.70350685506884, 0.24222957986683
0.43211776854158, -0.045257510909513, -0.22507912324601, -0.13668191462312, 0.7018547632627, 0.23286751933747
0.45133391125849, -0.060002907239929, -0.44194947048825, -0.14106364925268, 0.68164117713454, 0.19454235517409
0.56180074996183, -0.091311125925082, -0.66939271516577, -0.16107803922033, 0.5542747550613, 0.23289455242564
0.60529757135882, -0.10704732339885, -0.8205755991622, -0.17483516293876, 0.51185933927479, 0.24051946640117
0.64598863865606, -0.090940532295382, -0.77383945428113, -0.16137439643335, 0.52101525224769, 0.23636706124129
0.60050322707899, -0.072382522675093, -0.78829654111253, -0.14429331447163, 0.59786556290329, 0.23050392649625
0.57013290039435, -0.054141267588285004, -0.59386663460349, -0.13031311765882, 0.5694191726822, 0.22307057529859
0.51470225411151, -0.057576698205444005, -0.54188781477933, -0.1247202253173, 0.56787706850519, 0.22580807396465
0.49242658554991, -0.045059602697188006, -0.38890134137694, -0.12570598866869, 0.58017064399502, 0.22376764959474
0.55541898116112, -0.045976973658791005, -0.59859225277352, -0.14413786471056, 0.59240148503202, 0.2089233910957
0.55361435568027, -0.049957381563448006, -0.4897873534192, -0.14502231405143, 0.55254810208717, 0.22542913212054
0.45879022137604, -0.030771152505415, -0.28470483969094, -0.12717018385884, 0.58243016184288, 0.24753025239866
0.48754119910212, -0.028388670847225003, -0.34612183465975, -0.11916481159006, 0.56057345666128, 0.24253189459033
0.56668164886457, -0.028620124058365, -0.55322172801696, -0.14261279976796, 0.57611021529451, 0.22702737012708
0.55077004803638, -0.032074146377322005, -0.47652440046777, -0.13996672044229, 0.57746088638281, 0.22455529159877
0.55047411680503, -0.026161644508933, -0.42017472739383, -0.13383796305768, 0.59084205068064, 0.22719281576469
0.54675283284853, -0.033684245960932, -0.39218863923652, -0.13474823889217, 0.58044855247552, 0.22661159948801
0.54717337355865, -0.034570010673682004, -0.39113900332491, -0.14283204254086, 0.6237957556029, 0.21874124119789
0.53875184348966, -0.037342840112878, -0.46221791411454, -0.13447898265581, 0.64486007689122, 0.20381467585198
0.53859810276034, -0.041585241334960006, -0.42888817552046, -0.1418670846147, 0.6049216526366, 0.21353445801701
0.53316103976752, -0.043412844151580005, -0.38352063446556, -0.12362523442744, 0.61318806042049, 0.2338101423662
0.51282632528848, -0.035775147652282, -0.21873107075478, -0.11233051425199, 0.64522211013164, 0.23789276915146
0.52587128296241, -0.042851390106538004, -0.3787213846538, -0.12987896634398, 0.65098608740726, 0.2350697524
0.49866456396746, -0.036438886434066, -0.27944515133306, -0.12595187858063, 0.62631118901677, 0.22757951525572
0.39959931127561, -0.023819171849416003, -0.24702743013987, -0.13048790168099, 0.65672297139363, 0.23247104851377
0.33884108629504, -0.032492864000812, -0.080068082638224, -0.13533430704726, 0.65629823806921, 0.22366304486184
0.47171942483646, -0.036448652833379, -0.29706594085661, -0.13414773798197, 0.57141685047835, 0.24850611174979
0.60400088085588, -0.053024791671162, -0.42415943961521, -0.15872918474225, 0.45014043851508, 0.30555500063286
0.59011466575704, -0.034801151373477, -0.37649080637852, -0.14151311007725, 0.48531424878183, 0.28974046619483
0.59315816099301, -0.053134144404968005, -0.44527435305419, -0.14868672141244, 0.51300702854932, 0.28123601325468
0.55827694052276, -0.040563954522212, -0.2756827821803, -0.16122236910342, 0.5528376565246, 0.28699571688083
0.55505343224864, -0.096818533879634, -0.50718092217625, -0.19256625397596, 0.60322392503238, 0.27796288975318
0.52283796326161, -0.078306377321104, -0.39691204871728, -0.16657245442311, 0.61932962166002, 0.28079207976523
0.57662785694541, -0.053177720307981007, -0.62160349990333, -0.14905657891412, 0.60311838765214, 0.26715670538446
0.58279360250652, -0.06205720788693501, -0.59344956620525, -0.1385071934166, 0.54306196030692, 0.25918906614816
0.50740735411429, -0.080416632130669, -0.66318907249465, -0.16019061001681, 0.60862790311319, 0.28404402942137
0.59858056168123, -0.08803819641041001, -0.9269873385012, -0.16896042689759, 0.62622533666671, 0.30116470556922
0.55296406081592, -0.042057994250150006, -0.63276219305616, -0.13355553868391, 0.70019970819083, 0.31068458153713
0.5504721040256, -0.042413536171107005, -0.59473318681967, -0.12979316521304, 0.66726832772306, 0.28358085598009
0.52989094457006, -0.064280436495147, -0.34735331034531, -0.12896638344171, 0.6699285576867, 0.2748403332981
0.41789028580584, -0.056425271302468, -0.17650321263712, -0.1644473878951, 0.61273307461402, 0.30351086895787
0.46772787867777, -0.033642354614774, -0.31832247207484, -0.14923357077292, 0.53513289089541, 0.29787670830684
0.54445764417843, -0.032491946261024, -0.38334897477996, -0.14791499727477, 0.49793445675647, 0.30635728559715
0.58786255079907, -0.04736159243766801, -0.55754848281297, -0.14653005434982, 0.39817214863901, 0.29581647091544
0.56946899795156, -0.056450263311389005, -0.53523548561823, -0.1326553146255, 0.41280023027212, 0.324503552495
0.49870542358658, -0.089054047020726, -0.7562373600028099, -0.17866569772008, 0.46650658935103, 0.3205282861787
0.52677618053056, -0.09052318086564701, -0.87230295627302, -0.18081095257253, 0.47540081285002, 0.31920047418981
0.57917948970762, -0.069066861882505, -1.0163398080086146, -0.170593703837, 0.54082718225003, 0.30953421449316
0.57608006887216, -0.063231295271594, -1.1838443996792047, -0.18073670196307, 0.54119675141561, 0.28225601369904
0.53741258326636, -0.023545231391337, -1.1614074981359355, -0.1269988601684, 0.71307037450581, 0.20675882491944
0.32308636310091, 0.021675129948293, -1.4309415507484395, -0.13539589523751, 1.0170052590109526, 0.18355669390211
0.18342107149624, 0.018318490044184, -1.9530973245771928, -0.20128884475951, 1.3572722885465704, 0.14562818965871
-0.1016319864168, -0.0027937469242107, -2.613109143031817, -0.23170240950844, 1.7409405584424664, 0.15599150040639
-0.11375938199676, -0.011666538421701001, -2.90360550777575, -0.20623033606788, 1.683530002397904, 0.1684576650458
0.40632573330914, -0.041319544397859, -2.787300492099996, -0.21138498255771, 1.3754422066443512, 0.11836494857838
0.33158395614958, -0.030849047007879004, -2.4207770829923763, -0.12957619180228, 1.22453793678785, 0.10698092939905
0.58704804770524, -0.07624524698873701, -2.5396618581784507, -0.19541277302244, 0.87576146725836, 0.16335713626359
0.52177143244455, -0.15615298366912, -2.383161589747969, -0.28597774589584, 0.048016838196068, 0.39544274189653
0.41772329157783, -0.13879697313791, -2.156153485228746, -0.21412449943261, 0.41154953083451, 0.30050447316609
0.51612596327358, -0.07609555744563201, -1.8087423893033205, -0.21383405854996, 0.64664375564482, 0.1779229515173
0.57906300528578, -0.07085932791792901, -1.9057824219890305, -0.22055639416044, 0.72133967191886, 0.11459241478783
0.50939121561637, -0.09590505732585701, -1.973297564972774, -0.25755895352451, 0.8149114889146, 0.12307844391508
0.63437767204594, -0.068515380371234, -1.8839989237038473, -0.24264858480733, 0.87315776961475, 0.021526907536896
0.495519575098, -0.080814404418344, -2.081439794902813, -0.22570541278953, 0.91093970137557, 0.048969939041336
0.52028134355249, -0.083518028400434, -2.028533302461394, -0.20923351688234, 0.90223310637689, 0.021907311401135002
0.60935957897132, -0.087023788170067, -2.106306971904389, -0.20408783178892, 0.86789832754707, 0.06013465477386701
0.55839419102016, -0.08610587351056401, -2.024225049351668, -0.18073934540439, 0.76475159934888, 0.062083093327197005
0.61311255244603, -0.090659199727117, -2.085554357878841, -0.19623300585662, 0.70861430781913, 0.080337889203814
0.51246188539041, -0.05845875146658001, -1.7851284942113934, -0.19846515664481, 0.73497587795218, 0.11825577490523
0.54659903009966, -0.052645752591511004, -1.8237060254770645, -0.19019125990827, 0.741843204532, 0.12209223378422
0.59633353523941, -0.08004231272059001, -1.9220346229576983, -0.19112588153655, 0.71978324086473, 0.097859835884953
0.66141876832744, -0.092341541990096, -2.1553205374500757, -0.20143627323536, 0.72116623092159, 0.093376312782564
0.61977700650865, -0.08380627983173801, -1.9954283221659637, -0.18740986001311, 0.73943791939446, 0.09902693297405601
0.59250900879979, -0.07945337060501101, -1.9839585044449504, -0.18974078228511, 0.79165157989646, 0.080671203173411
0.58218067226406, -0.07912658828994301, -1.879906723023708, -0.18607475503403, 0.7961519528845, 0.07250173814743101
0.65012939952194, -0.072677258276126, -1.9844161467792196, -0.20865075481761, 0.78862436423361, 0.085513634647808
0.62001803028563, -0.086144107315057, -1.960661300294217, -0.19967163849787, 0.78264687285712, 0.10110633080544
0.59771214236466, -0.15487125861247, -2.0597377708421885, -0.17551277464152, 0.85648852580942, 0.10861248365839
0.55640398737663, -0.16474457409884, -1.8433724671051954, -0.070537034480011, 0.87751648239153, 0.10165043923756
0.64929235848547, -0.20742681348397, -2.0591112695667997, -0.14425546376116, 0.81002018066179, 0.11582344933979
0.61158953547703, -0.22995082943263, -2.1055973818267555, -0.16924085488467, 0.89164486415322, 0.08437304337898201
0.68234864348336, -0.19777840647376, -2.1223977434574035, -0.1356486795232, 0.71270685336816, 0.1316176883207
0.59353206733177, -0.16271973026102, -1.947371582364814, -0.10802204081958, 0.77511429118012, 0.11819820663663
0.62545648540556, -0.13402458466915, -1.7814462751251505, -0.10688218146193, 0.76527602668655, 0.11670459984484
0.72025055147103, -0.14070386628101, -1.9856413278929828, -0.13397572986117, 0.70246933547354, 0.12185251682378
0.72373028817865, -0.1896231442264, -2.047868084887062, -0.12226197448687, 0.57545358116072, 0.12939890482558
0.5387092344515, -0.16057081925312, -1.9787382513603342, 0.055060739717594, 0.55321294807661, 0.10189582399389
0.49181689975221, -0.11377800595864, -1.9161004529165415, 0.14552849477008, 0.66923092681442, 0.094792977401652
0.6439159030941, -0.10241767505171, -1.9385917173978082, 0.17150670357898, 0.64914556069608, 0.066771923064807
0.66040047992843, -0.19971703242841, -2.0012505428601797, 0.268984787364, 0.5969051920191, -0.25986807273731
0.46854051548698, -0.26817580858334, -1.9705965316682454, 0.38546027360717, 0.52145817801202, -0.56087772456118
0.63990627639958, -0.20148082204033, -2.0689328148074377, 0.40448663523654, 0.57496507049546, -0.49631680016024
0.66157244230889, -0.17726907303012, -2.006071061107671, 0.39986651065826, 0.5586056641146, -0.37921841336897
0.72758391992205, -0.1322871888558, -2.075689794546431, 0.39028407232494, 0.61064477776955, -0.31607971115814
0.68916642110133, -0.1257143933132, -2.1494270666460964, 0.38167339761901, 0.62060163098812, -0.26637420358174
0.74365152944333, -0.1045863138025, -2.137499756399432, 0.36910464906902, 0.64266043405156, -0.23775254894711
0.71210795234561, -0.11351350859426, -2.1581205553649525, 0.3405868426748, 0.649595585152, -0.22797369769783
0.71131804522456, -0.08519390451271101, -2.0258481394168473, 0.34550148467427, 0.62669035198048, -0.18463751591418
0.73004219652951, -0.08853555853987101, -2.1707998898218515, 0.30858806751103, 0.66345517492817, -0.19329811458787
0.71409518581423, -0.095300932436526, -2.059602870797097, 0.32434506291193, 0.61018161203077, -0.19357997085452
0.70229401048249, -0.07389726255823101, -2.0542035167064827, 0.32416023388913, 0.59025120408865, -0.18677659034499
0.73482066763843, -0.09144322150858801, -2.059710982748642, 0.31919593420649, 0.55091613041807, -0.19331988205894
0.71281450384295, -0.071411961371423, -1.9127367612447772, 0.32671321265462, 0.59829164408427, -0.18302966663856
0.7433002690359, -0.10498906505818, -2.0747643711208035, 0.29492677534704, 0.60099585608678, -0.19172449398793
0.70871572592768, -0.09432417851095501, -1.9362821286516718, 0.30430000967082, 0.58504892637568, -0.1805948752664
0.73206842283009, -0.07034750163742201, -1.991510440329896, 0.31388228093108, 0.57388765142568, -0.16330680818253
0.72082316930815, -0.06743238692929701, -1.965340007116398, 0.31546011522342, 0.53376092656365, -0.14502446686621
0.67720764743672, -0.042466435560113, -1.80815950817554, 0.31900595896249, 0.55965425429335, -0.14657728711462
0.73711777887226, -0.082079094273066, -2.0383493615588493, 0.2794433530211, 0.56659636868467, -0.15117902471027
0.70974813833487, -0.085928940228833, -1.954703719479759, 0.29806369487164, 0.5869288090028, -0.14494058808803
0.7167457956105, -0.08343886444204701, -1.9829991763273047, 0.2916291619464, 0.59188754068923, -0.14243893226758
0.67591416165886, -0.091252037822693, -1.9444326372076635, 0.27782073419088, 0.60237390934728, -0.14052399589552
0.70291009624338, -0.072828369103204, -1.8902006103358309, 0.28729194749377, 0.53893491356032, -0.11901917500728
0.61383387649662, -0.058957330006746, -1.8231391406954192, 0.2601361713366, 0.62788880343571, -0.15383333732485
0.69342572995324, -0.11681405533871, -1.93371318633167, 0.26215337281779, 0.60832870210424, -0.18111200454874
0.68156209108861, -0.10631997879329, -1.9407242721201865, 0.25378429303019, 0.67544930489513, -0.15071498154078
0.62166681562092, -0.12201986071059, -1.8677039167340892, 0.24074806307235, 0.70945181696014, -0.14424094382478
0.70555656256984, -0.1028571862765, -1.9962370889096923, 0.25651687434973, 0.62270899940109, -0.11936855421427
0.80779594650967, -0.07699193451011001, -2.097690920864959, 0.27002232313831, 0.61234417252196, -0.10973309797203
0.74461458234299, -0.084737866631133, -2.0510146242218656, 0.26466726066018, 0.68112383092169, -0.1110899976021
0.74207656674137, -0.074469945858707, -2.025357721522198, 0.26431628720861, 0.64073122493322, -0.099069063856955
0.75291140815219, -0.08339585512684601, -2.0172788851396377, 0.26433516757887, 0.66264460203614, -0.11426907216963
0.74832949630268, -0.08763786421307401, -2.0112211501467803, 0.26368842123015, 0.62933352997037, -0.10784348402189
0.75309271493764, -0.07738337221124801, -1.976190869229979, 0.24903696500658, 0.70807126607492, -0.11956417405576
0.67039171588643, -0.08669428248694801, -1.8749559978867139, 0.24370983671773, 0.75382037103702, -0.12116069104393
0.71819556932914, -0.080525027222187, -1.921976167537593, 0.24763853594312, 0.70304593647458, -0.11921421083638
0.73807355679125, -0.080205838961439, -1.9897142249973925, 0.24891859114444, 0.69405326366577, -0.11492449029167
0.73674906471989, -0.066699587056958, -1.9093415452039149, 0.25818444269905, 0.65899577742679, -0.10610183970412
0.72863939150243, -0.077392589046233, -2.0817307342075204, 0.22911581228304, 0.71685173083711, -0.12732399954051
0.64443533601186, -0.08307456629277801, -1.8777334789716225, 0.2143869619295, 0.833126270182, -0.1309040181557
0.66047609697435, -0.07962448056193701, -1.8339655812112474, 0.23117131120676, 0.76749268780717, -0.1141391632544
0.73996931579261, -0.084724105922481, -1.9973408050712624, 0.21858575693485, 0.70703970468919, -0.10046169924258
0.75524054920707, -0.05748457813315701, -1.9725541597849339, 0.24788422056956, 0.66271778008852, -0.095689116756605
0.79102710166289, -0.076046804417398, -2.1412593274516416, 0.22253558984328, 0.6838728241397, -0.10111997737587
0.73441318549053, -0.08224892283879201, -2.0510896810518857, 0.23001630394381, 0.70313814956052, -0.10295281397584
0.72711688733727, -0.076506764272842, -2.0526154613245513, 0.22602917319248, 0.71552211335233, -0.1042999247575
0.7191932566195, -0.08911449666844001, -2.0677114385965427, 0.21906459020208, 0.71171236417638, -0.10579827773626
0.68397120645791, -0.084274135208401, -1.9603100135600053, 0.22745888210916, 0.69571986553177, -0.10188345421727
0.69822430609462, -0.07508604319561901, -2.0478490762533808, 0.21232492387135, 0.70949568240395, -0.094948263652445
0.70006350762285, -0.084686084161496, -2.0386657872357556, 0.21384019559609, 0.71726537020169, -0.099282976747582
0.67908857257455, -0.072066915479417, -1.987099680684262, 0.2244256859724, 0.71385565249071, -0.09358583730975101
0.72650962401743, -0.089694626585473, -2.1863488117857406, 0.20591090932532, 0.79580851586371, -0.08011530789233501
0.66801658511795, -0.08520198315617601, -2.1001211352269156, 0.20143998416532, 0.85169284131397, -0.09337978085427401
0.66272388515114, -0.10575088352569, -2.095139711335983, 0.20835222356151, 0.92921617592042, -0.12323769716338
0.64048409617493, -0.062758729350037, -2.033680547962093, 0.25365832601816, 0.93247021438421, -0.13396981061311
0.61060984022908, -0.11591641167622, -1.8798939687047045, 0.21599190414776, 0.92591332900731, -0.15178331977875
0.61446818223271, -0.13253484078739, -2.0707885280613993, 0.22613680288123, 0.92108733013082, -0.12206380036352
0.70288776359073, -0.11906414242154, -2.2010768639849463, 0.23798434890577, 0.84770900772361, -0.08592554942845601
0.72159691809143, -0.10995031887134, -2.240369969807447, 0.22588668939246, 0.92198317846926, -0.11045600924958
0.65230296232247, -0.11291607821411, -2.108613034611224, 0.22637268198992, 0.87934040864806, -0.1041325073281
0.69440505924361, -0.10657133875999, -2.127625514986792, 0.2232774421818, 0.86425064142686, -0.09334111333473301
0.69202487938623, -0.11513007094155, -2.0772155411634996, 0.21772817728131, 0.86074534146715, -0.088899622205237
0.67427987343707, -0.084284431999723, -1.9383430092257599, 0.2208389744258, 0.89357947197114, -0.08582725375816201
0.72845204484339, -0.086849447701679, -2.1632356010876186, 0.21472666405951, 0.83214956070334, -0.081471003161332
0.6933174736084, -0.090261579776809, -2.0923424917792732, 0.22133467804123, 0.82973225633532, -0.08322645701133101
0.70244131312441, -0.09478865162491601, -2.114884648585547, 0.2275620661376, 0.81983045111675, -0.08720030529306501
0.55260289380121, -0.15551010970747, -1.717555471659613, 0.24219098222414, 0.93518799126955, -0.10781001486501
0.57337338674974, -0.07663091132588601, -1.9957709142686997, 0.26846975401531, 0.84546175037731, -0.091573944555184
0.6841328615075, -0.022862562252393002, -2.076459107238508, 0.28660508486535, 0.77407679368051, -0.08619390630822
0.69775851335305, -0.017711034194913003, -2.133697689845982, 0.28707626221129, 0.79523682713768, -0.09474011872307901
0.71589233913807, -0.018102187955720002, -2.0365968393412794, 0.28794614807143, 0.77574376349408, -0.10254169904995
0.71119072508342, -0.022165625318790003, -1.9749498013762032, 0.28463763052744, 0.79981427139511, -0.090203081753742
0.70587565764535, -0.024633428389145003, -2.2026455699768546, 0.2748794321973, 0.79128657149259, -0.09451249865106601
0.61226192538418, -0.009867594732348, -1.9578475077834223, 0.28450805578947, 0.84119625890522, -0.085715164575882
0.65606626856777, -0.022958766555779, -2.106570674343747, 0.27461677139171, 0.85623249582549, -0.11118042555088
0.63046902531402, -0.039600809924358, -2.0321967239062357, 0.28736646429782, 0.78964159923473, -0.11567483063202
0.63856117991221, -0.046310914743353006, -1.9503488515006162, 0.2925919669319, 0.74452940431236, -0.1134028839552
0.67936459575551, -0.060898869002138006, -2.1109886117890637, 0.26988275613374, 0.75283709257729, -0.12517725799648
0.647602869632, -0.047027999631096, -1.9509178219877903, 0.28096104328227, 0.77652916660887, -0.11173491790944
0.64570605322979, -0.04308702808104101, -2.0318941176431076, 0.27543331902151, 0.75892167479437, -0.11115726870009
0.64741579823953, -0.047201187351877005, -1.962093387364071, 0.28536302488056, 0.76611914620502, -0.11709704708172
0.65347684774363, -0.032605306497281, -1.86344271300269, 0.27432481290659, 0.759974223485, -0.11467827849332
0.65982833057363, -0.047100937708613004, -1.984699600172287, 0.24890092847925, 0.71185414953349, -0.13084063775913
0.63420187248243, -0.044700945118157004, -1.8807322333074485, 0.25832970906886, 0.69781177579044, -0.11822718101151
0.68424086490575, -0.048038201257337, -2.0079664294471073, 0.24295770988464999, 0.70053343133616, -0.1259099384026
0.67333694741523, -0.055081844046907004, -1.9646729499174924, 0.26005135343951, 0.68936608879668, -0.11851848777053
0.72090624237549, -0.039851213464224, -1.8816476518823357, 0.27145047717623, 0.69331207064669, -0.10423963618775
0.660716774964, -0.071919456858623, -1.9901623429062836, 0.24987422602874, 0.81282654357622, -0.1237024436767
0.6574546352484, -0.052228968721331, -1.8019533022733658, 0.27201883975883, 0.69731381727638, -0.14906697055137
0.44547085032169, -0.028341840360004002, -1.0325169592963532, 0.24673030766629, 0.92099086197203, -0.13199056596671999
0.17262809978535, 0.0034618656549396, -0.70606122421718, 0.2532800863837, 0.86490952722078, -0.16100247999193
0.16390309586486, 0.054429711900167, -0.24597888110111, 0.18674849189325, 0.89477121352892, -0.1861387593001
0.37780802649272, 0.11157079309583, -0.029141466897592002, 0.14249000890916, 0.87125383898174, -0.25204647426054
0.55224884573743, 0.09572863316642401, -0.43498098446008, 0.08880722986347901, 0.86858995177635, -0.27745080996623
0.46467110269579, 0.07532968933717, -0.8605944568585, 0.051332969187167, 0.94446474872101, -0.27169730538033
0.59312962085122, 0.050723541513594005, -1.0962373583371574, 0.053474637140748, 0.97119514111031, -0.25937630705788
0.6741568633269, 0.022119405803641003, -1.4452925180792042, 0.019434469588541, 0.9943652508452, -0.20803748404665
0.60097974344522, -0.023204794414573002, -1.5213076454691097, -0.039349572415688004, 0.93630347780285, -0.15669542915433
0.59049509060177, 0.017406857778679, -1.2727920408460296, -0.047346339691451, 0.97429532591535, -0.10951003085179
0.58192675982178, -0.0011300107152963, -0.81060521154015, -0.013310251365639, 0.95841870406934, -0.08016790789853001
0.49185308472137, 0.0068979961510397, -0.44842323035958, -0.0051882973507284, 0.93488301789132, -0.075751005039889
0.525771898561, -0.0028450359481274, -0.65239153128648, -0.051270691328440005, 0.83137662723945, 0.009468646687739099
0.57899073040878, -0.019765322999152003, -1.0247013205001538, -0.13241982704315, 0.64072341157228, 0.07202427509183
0.51012497563697, -0.035483343045473, -1.214788066320926, -0.14856435305669, 0.55544176865607, 0.12238183400144
0.64870971309979, -0.014152281179284002, -1.2222516262554886, -0.11102594956196, 0.59374791868847, 0.036210933412533
0.64392348229031, 0.0018334551507655, -1.1410323335085069, -0.1022861182921, 0.54038030348114, -0.036730883183866005
0.67316368896707, -0.0094689799401726, -1.1244514477344316, -0.12105548079462, 0.51118509806168, -0.012610035609069
0.6984864990266, -0.0018628896070322, -1.1673862170640834, -0.10078278706512, 0.51869568427612, -0.0075491799821305995
0.7061889313654099, 0.0037282971165651, -1.1661544148566967, -0.10181686103344, 0.51502253744735, -0.0070098367344365
0.66022881704078, -0.0040009066475689995, -1.149869165813293, -0.11265393670744, 0.57801485335519, -0.0058179013522968
0.68706089000071, 0.0034141994344206, -1.091929129757147, -0.11338426329627, 0.51897062472652, -9.46203878493e-05
0.6968856828886, 0.010555410870415002, -1.2142219575253959, -0.11131085095514, 0.50547636990782, 0.0033190904594129
0.72135729200242, 0.017385047185002, -1.1956237174951754, -0.1070532933205, 0.47184771036379, 0.0049032423006614
0.68619421068832, 0.0087122209637421, -1.173610623653928, -0.12385857687928, 0.55240225394226, 0.0002623030517599
0.67170104269952, 0.020217574124762, -1.1387985802737643, -0.10926750139735, 0.67739163297656, 0.019259402956738003
0.73694890585669, 0.018280582965807, -1.2837301263314322, -0.11346534044669, 0.63378417554071, 0.015587485245893002
0.76722083258318, 0.012301427988336002, -1.3661678818558507, -0.1135560437324, 0.60140951213978, 0.030102585357319002
0.79745336045737, 0.016150874844801003, -1.3762673144946875, -0.09562367331049, 0.58404609480637, 0.04722774259804
0.75380534811697, 0.015702798100759002, -1.3145872468352695, -0.086931954562685, 0.62106908216369, 0.043456917824958
0.71256976929721, 0.0069278669659316, -1.2647864418230117, -0.089018807002014, 0.64927439713466, 0.038321530671543
0.75280487244831, 0.0041291935528882, -1.288696864290949, -0.08920363251565601, 0.59448725091639, 0.030365472818244
0.77412487303609, -0.0030750750068332, -1.255194040650871, -0.085342891538214, 0.60671207932793, 0.035104536431064
0.72318314649615, 0.014739133840975001, -1.2844289474501998, -0.07373899187650601, 0.66669220570059, 0.037513706463849
0.69382924595761, 0.011674122870387, -1.2430019723368422, -0.069201510379196, 0.67818102155847, 0.041582106957696006
0.70214935165146, 0.017063433650759, -1.2480550485156243, -0.077777385700992, 0.61047061857419, 0.041576124617115004
0.68122051538385, 0.020857331344107003, -1.10115145508486, -0.07532807436137101, 0.59107957490896, 0.051337883973567006
0.57838740741765, 0.036304013024668, -0.93984336119421, -0.07788953622047301, 0.61656323065822, 0.05274504076744901
0.75361198738797, 0.012931183673449, -1.2695918373198314, -0.081874211969652, 0.50691062649144, 0.043997760413271005
0.736091013428, 0.021151130724879, -1.2493633195001246, -0.080119629788044, 0.54306236238423, 0.047586693790722
0.71816733172102, 0.017263292285765, -1.150681362029898, -0.08232497083561001, 0.52847530822172, 0.05569280725780001
0.71674657763546, 0.016555039924279, -1.12566935567264, -0.082103532191062, 0.52942861715052, 0.047841753027542004
0.7370092726185, 0.025263745457255002, -1.2377364956719317, -0.07728096354938101, 0.54574008450405, 0.036021196345323005
0.70042851921667, 0.024510916638712, -1.1363607114518812, -0.070397516449724, 0.56382182325219, 0.034938768491655
