Pichu
0.0, 0.0, 0.0, 0.0, 0.0, 0.0
0.014487311540490001, -0.0031244712312689, 0.046021573529337, -0.0036383904437833, 0.039011542552528006, 0.0018706446832632
-0.003774803483596, -0.0026358933020181998, 0.11808071090903, 0.0023905866873235, 0.026199403924692003, 0.009260020495468299
-0.0027854468834646, 0.016777146876096, 0.050379526292727, 0.0068924739991815, 0.0025411729718063, 0.012240240621293001
0.019560653044751002, -0.0086861033487924, -0.042034495080172006, 0.0022516988384732, 0.01080114396494, 0.0010013851705925
0.023234686102099, 0.0021931076209478, -0.015011834282745001, -0.01748372231278, 0.013628116834025001, 0.011581757114761
0.0073121548874491, 0.0011321285114576, -0.06636877274172501, -0.014470789808251, 0.011843351607049002, 0.0093744246396193
-0.033135977245227, -0.0035273522777504998, -0.14428461198465, -0.011134103711207, 0.032642147385148, -0.0055425437740511995
-0.016554420514184, -0.0043624838232153, -0.10104841193535, -0.0028053348081688, 0.035746581826976, -0.0027076109216958
-0.008707855856971999, -0.0003305247824991, -0.042038625726469006, 0.0018201484992402, 0.029393660384953002, 0.0027516476653908
-0.033315424567425006, -0.0025835324828108, -0.019859738890608002, 0.01863065948304, 0.016970146222514002, 0.0024742796836197
-0.019440625585362, 0.0098736791629134, -0.048001971369135005, -0.0016523521670349, -0.0028911773271065, 0.0036475039105725
-0.038470277717594, 0.0068247711969241, -0.080800879467692, -0.024864792937975003, 0.037007215672211005, 0.0023730384450538
-0.011394495611557, 0.0061051240611542995, -0.034326004364177, -0.012388098409271001, 0.024804861757252, -0.0047456594304704
-0.013229956785016001, 0.0049584937333508, -0.11482152210685, -0.0095669239042199, 0.0066041789706507, -0.010393302675189
-0.0061614745203894, 0.0085576823617712, -0.10877358699646, -0.000763954083301, -0.029077936015664003, -0.011496889417718
-0.015433073090446002, 0.003058735576997, -0.054564139567291, -0.0044416871706631, -0.022774636095434002, -0.0024985993709201
-0.033744499581164, 0.0087174037260751, -0.09483513888455701, -0.015262785323058001, -0.020128826492660002, -0.0069137330991425995
-0.067365723522204, -0.0014449645425318, -0.078549674358718, -0.0014734778266079, -0.063173551285433, -0.016946428796654003
-0.045546475253882, 0.010306773449391, 0.038743817649251, -0.0060389249255705, -0.027333073776757002, 0.004211038448785
-0.0026138003923762997, 0.014026228774614001, -0.10950993632038, -0.022849295286792002, -0.032235837621543, 0.0015256469098876
-0.030440238354673, 0.0063628325205432, 0.0045986838196937, -0.017640093870021002, -0.038280769032835005, 6.59757571156e-05
0.0049882134749967, 0.010728194721984, 0.030313585247226004, -0.019450732023461002, -0.029183753167199, 0.0024602418762218
-0.0051060224031153996, 0.0065297131438084, 0.011926949275824002, -0.017702583381971, -0.049358591693628, -0.0073884707568314
0.018782468611018, 0.0012945449926533, 0.0049107540395714, -0.020639063023812, -0.060967571474296, -0.0025598013433611
0.024463454957819, 0.006463376029737, -0.0086399605944094, -0.017416739485906, -0.040472656998854, 0.0043061703668841
0.01716121598894, -0.0057153098921808995, 0.010136539176418, -0.013024057004096002, -0.026494854422746003, -0.0001023423068813
0.019359792929455003, 0.016700242104639003, -0.15375735016528, -0.024225948464064003, -0.038395345602575, 0.011416194652813001
-0.029166115531904003, -0.0024849744295353, -0.027285363233277002, -0.024261807617145, 0.0015818115689546, -0.0043604030278239
0.01856781665169, -0.00040668273486439997, -0.05275074457442801, -0.028472507410872, -0.027200053296198002, 0.0013986119108074
0.030855569037129004, -0.0001390520270454, -0.1298605480151, -0.028282489389059, -0.032311202276861004, 0.0039405009200679
0.027833094764331, 0.008465857830654299, -0.12015371138247, -0.009867448852018899, -0.021833077934313, 0.008541492562863899
0.014179064851532001, 0.0085942012466934, -0.073296891500972, -0.014380402306839, 0.015919712319508002, 0.0083663511138272
0.015710041334382002, 0.0042606685883211, 0.039112815445078004, -0.0010352124111403, 0.041455782765383004, 0.0078929684820369
-0.0050202100263294, 0.016012697867179, 0.014123503107073, -0.011265113664267001, 0.014603204581366, 0.02586874750974
0.013394488704488, -0.01332438984392, -0.15123953252492, -0.024152377428043003, 0.021836198813313, -0.0068792254811083
0.024360338927749, -0.0086406383789796, 0.007972885895858199, -0.018524643574848003, 0.044847920229434006, 0.012697101556672
0.055315082203336, -0.015341297550068002, -0.022263005005856002, -0.023036079844103, 0.023910492756993, 0.024216176603590003
0.012334140900756001, -0.0038824297617314, -0.032111509785236005, -0.0064517057982348, 0.0053086669920907, 0.020793959962038002
0.0044072013308442, 0.0026583930732542, 0.048726302092666006, -0.0088873026346607, 0.025614504337150002, 0.027130000544912002
-0.011812436743782, 0.0070357017400824, -0.10457497257037, -0.010822536153976001, -0.023582308320698003, 0.029276137687517002
0.0019127302104076, -0.028910116162515, -0.16611545372023, -0.015441066536317001, -0.0097288123700142, 0.0042532336560122
0.039063804144786, -0.021400784534809, -0.064156072979745, -0.031276792974164004, 0.0089548692313266, 0.0086136337666455
0.018495539345787, -0.013764904414889001, -0.07833239204845101, -0.03140341941224, 0.0022656631255887, 0.019770742978087
0.0059898827180982, -0.010169192174438001, -0.018938383837125, -0.015827335491294, 0.0024381079307237, 0.019647063346943
-0.036293870229554, -0.0053479379733181, 0.006924481901169999, 0.0001846992324868, 0.005970401126836, 0.021031856905396003
-0.0038446662860887, -0.0081460866678363, -0.24344694187416, -0.032204421759655, -0.030169812431000004, -0.0017833656916521
-0.05752864497216301, -0.021104077700686, -0.22270211071835, 0.007373537447718, -0.034252499564612, -0.010321736789335002
-0.0062634354877933, -0.017054607228358002, -0.15581759357167, -0.0026791791912261, -0.0098920427242821, -0.0045841022100812
0.020513459095443002, -0.0024809917995441, -0.10184683434227, -0.025203966923815, 0.0011694769129952, 0.0093130367917769
8.080163308829999e-05, -0.0022752827636767997, -0.037277759672684006, -0.018944208861544, -0.025766258219416003, 0.0082765390476223
0.0072915278794954, -0.0065053640786649, 0.021402847600929, -0.023258421066788, -0.012764211714869002, 0.0079446803095681
-0.024245866408141, -0.003272778141034, 0.17119035961224, -0.027379898913740004, 0.0073949655648498, 0.018307487041674002
0.024110349897729002, 0.0023168234892361, -0.087930985610619, -0.036685079422319, -0.022938525726706002, 0.010550452856482
0.013978931629540002, -0.010148782073013, -0.035473599260918004, -0.036219878172287, -0.048649274697662004, 0.015192654584008002
0.019096686964158, 0.0027810042039566997, -0.087576776262461, -0.046215538000633, -0.040194395478014004, 0.017889242768443
-0.010885327049922, 0.0043292587827035, -0.07156252779783401, -0.026456087923036, -0.043372966425067, 0.007535483124202
-0.050964210528664004, 0.0002058851235773, -0.11839791420739999, -0.021836817989155002, -0.051738725121297006, 0.0002698635514577
-0.011371585639108001, 0.00409317544823, -0.059492275702236, -0.016607202576167, -0.0029868235860262, 0.0053467603705459
0.0090207987430774, -0.0007532391207940999, 0.015836492318333003, -0.030036348847587, -0.032062539721647, 0.014423335548569002
-0.0059021184737249, 0.0024419780091662, 0.067975015175137, -0.045417800429739, -0.030376676589905, 0.0093884167214953
-0.016939086037664003, 0.016590124590648, -0.074692498398301, -0.034381495789871, -0.067378447739915, 0.022384657806840003
-0.019545038146648, 0.0047658211434955, -0.013620422396137002, -0.04602138245987, -0.045079582417007005, 0.01874520919602
-0.014906740175771002, 0.008630759460557, -0.039072092844914, -0.046128212107213004, -0.051178434399611006, 0.018981405882051
-0.014355803441448002, 0.0096559598265881, -0.07790468248722601, -0.053682515726977006, -0.053264335559147, 0.016271362857094
-0.021448257506386, 0.0074268332267013, -0.09897435805950701, -0.04409123006748401, -0.031505388888302004, 0.013497262781929002
-0.024571785952371, 0.008938460724680899, -0.063127223870253, -0.043907733043637, -0.011436431057006001, 0.012064394476744001
-0.010595410034183001, 0.0093353002918889, -0.057817694614206, -0.038735298065400006, -0.013806746305775, 0.014375814011117
-0.024440945117003003, 0.012999622455072002, 0.047559406689539, -0.03571874364316, -0.011015369562826002, 0.0021938105545176
-0.010720204507204002, 0.02382195811877, -0.14035052175197, -0.051123592809966006, -0.040700984801644004, 0.0057406793263412
-0.08633021455900601, 0.018321353128544, 0.0069672447968443995, -0.027323080067307003, 0.010688512363241, 0.0017586502391009
-0.0013687543341481, 0.0043428178177512995, -0.08573787022922501, -0.041904495058011006, -0.02126384431742, 0.0024970130076186
0.026736514181877002, 0.0071091910710441, -0.085667635779671, -0.047323841205269, -0.04564606309874401, 0.0029529326246345
0.020420290682522, 0.011681865593791, -0.087790262014071, -0.030584179342491004, -0.040124277183694004, 0.013584948585005
0.015050822326608001, 0.013040722951912002, -0.032552636949126, -0.032409801872472, -0.011767957570559, 0.010911046080245
-0.0060535711233618995, 0.0029065065867677, 0.025008068685023, -0.032677620241735005, 0.0075941870484996, 0.0036741286667017
-0.013090640431827002, 0.015179559081791002, -0.063558537294349, -0.013016513618826001, 0.013240868708307001, 0.010163280622390001
-0.043437545482514, 0.0069177686558585, -0.13847901602883, -0.050584448182914, 0.047275844493403, -0.0007476495849334999
-0.026070544221443, -0.0094620466793174, -0.1558475596199, -0.0047217863491799995, 0.032736668042346005, -0.0030553324157084
0.038669237981674, -0.0085182159663106, -0.14879239391307, -0.034275867749793, -0.0035859939672195, 0.0036086686613513
0.038924228207442006, 0.0016710360924135, -0.051133261607019004, -0.045901149250766, -0.0036221077019023, 0.0084968509081026
0.020465812887493003, 0.0025037976930048, 0.06674649920008201, -0.031042731155411004, 0.028797969375852002, 0.015336630303632002
-0.0095058565618981, 0.017269640320030002, 0.10856567456339, -0.022293749394624002, 0.028846025870546, 0.043052717214484004
0.044127164995704, -0.0017214563366297, -0.037225696160984, -0.051836041432495004, -0.022147243118237, 0.021396778286173
0.063138804197695, -0.0071326402904706, 0.011095284999011001, -0.046042545833594004, -0.0094182876162929, 0.021121054116049
0.041402189847571005, -0.0069448511022063, -0.046715969846557, -0.050731036895704004, -0.02239698076813, 0.026169587608872003
0.020770782070582, -0.0009153576075676, -0.0299110032428, -0.049195789388243004, -0.046091462733623, 0.039167409053851
-0.011247276297253, 0.0042309655100729, 0.16540560290698, -0.04692570663551401, -0.022082967274003003, 0.031229340950669003
0.030268796142957, 0.0090203298337866, -0.012877017927937, -0.049032090702301, -0.051618004479225, 0.028580481962148
0.021152273522102003, -0.0058310582790495, -0.031941744391401, -0.047085488050394, -0.034229306315693, 0.017158515163087
0.013222426022518, 0.0043924828859746, 0.0008742494649228, -0.055559218790052003, -0.034420557501165, 0.021455881965917002
0.029103303858687004, 0.0039409805237824, -0.024612167995340002, -0.055099490391737005, -0.049061721448924005, 0.018177612289888
0.030174556973050003, 0.0028693208162293, -0.006571959831322, -0.051191520084515, -0.024123910316628003, 0.030776670858567
0.01940085907986, 0.0056339828266784, -0.010659522558192, -0.05421980161977501, 0.027865886863607, 0.0081121905724253
-0.003192771881427, -0.0059943004776643, -0.04161527876433, -0.023843857675983002, -0.0049732348735594, -0.016104060755016
0.018605359631624, -0.0093994281732157, 0.016701480655251, -0.039760275573994, 0.036330857710047, 0.0075547988055781
-0.0061852533932063, -0.0010475929074083, 0.07511403224251201, -0.053035126240488006, -0.02155698266126, 0.022895419131195003
0.025645916574595, 0.010156988967275, -0.059634894293534, -0.06418606160163601, -0.01185126854363, 0.025288916317737
0.013249780293263002, 0.0041722199842904, 0.047555441687791, -0.052644486251690006, -0.040846327728915006, 0.025694897173192004
0.030182931431411004, 0.011499637259139, 0.0074151526746792, -0.063757756697894, -0.06732267632041901, 0.022198281156086002
0.033047217869635, 0.012237950086619001, -0.022487510726118, -0.062143595055715005, 0.0005277116571326, 0.028072715244452002
0.020357478270721003, 0.011334226044199001, 0.025201744802016, -0.062881638966346, -0.039403837959651, 0.030989458555026002
0.036388759222821004, 0.010317317627756001, 0.039254056740263006, -0.06186368984020801, -0.016680242793075003, 0.024632392119852003
0.022758928964863003, 0.0030619493986280997, 0.07537226296704601, -0.051184393448195004, 0.0053677808153392, 0.025741079080573003
-0.033984049680447, 0.011532425123576, -0.07828162929094, -0.03649026683078, 0.023924078572218004, 0.011631247583834001
-0.034193854068231, 0.010900692958048, -0.14042293874955, -0.067569282994551, -0.059693477024035005, 0.009766019287509
-0.023133567459055003, 0.0052162921362809, 0.0093019845625396, -0.061988757737841, -0.041724640850879006, 0.017014548573920003
0.044354766274085, 0.016487202376432, -0.06641031557400301, -0.060201064151252, -0.0078178037563189, 0.032551604192589005
0.031988572901722, 0.011831982957280001, -0.034826434033176, -0.06449123239481401, -0.029285022765464002, 0.027665986011908002
0.040128358931251, 0.013136169389976, -0.014790908502459002, -0.053318622677152004, -0.017804937606976, 0.027995896492456002
0.031299596857396, 0.017246555184419, -0.0092422925513319, -0.05885088093558501, -0.0098148453371279, 0.02334510445635
0.0020359839298436, 0.0019648519262699, 0.18109499982840999, -0.048797471241294, 0.019831132794361002, 0.026949823677949004
0.038436129025393, 0.019030119320297002, 0.016657640759336, -0.043487227066114006, -0.020772089741257, 0.03144180327281
0.017776440009949, 0.0010264920530202, 0.054464644755341005, -0.048164970514443003, -0.025756567129269003, 0.033896175571421
0.031574842796561, 0.0028864568170391, 0.10583307873696, -0.048253312554761, -0.0088242675389514, 0.033074447636320004
0.049990133390260004, 0.0063673392792759995, 0.06116731186949401, -0.045237548000274005, -0.027246133984129003, 0.025253924913146
-0.022339635900576003, 0.023550823004278004, -0.025921650844219, -0.027553204042852, -0.07767644549932001, 0.012438647937173001
-0.0095370425429283, 0.011351290452185001, 0.23888111822291, -0.045749589622015, 0.026422325960283002, 0.034406742283086
0.083696382491955, 0.015733731560095002, -0.030472373585538004, -0.061897255375388004, -0.024326223647648002, 0.033652109112005
0.09074001156792501, -0.0027820919893228, 0.020066997950377002, -0.062010616452614006, -0.015600841838968002, 0.035033797941311
0.06705007278835501, 0.0091489536347359, 0.05504822627098101, -0.045651671693266005, -3.7921170867e-06, 0.038789637974341006
0.065545169825825, 0.011692982987314, 0.047415257129978, -0.058164471771624, -0.018612523948934003, 0.035000089704349
0.05029002018680501, 0.0093312452874098, 0.074673166747903, -0.060085926644497, -0.0086497165854925, 0.031038409158697003
0.021884230764563, 0.0041401191684958, 0.17380847016732, -0.049813329250176, -0.0096418581277911, 0.043896630943243004
0.073627172855996, 0.014167534287477001, -0.010341009001220001, -0.054241672142282, -0.020604125232463, 0.022107090558493
0.07062342546294201, 0.002420025368943, 0.082818454503017, -0.057519393530644, -0.019177580744297002, 0.025258701972086003
0.081440602883973, 0.0059754588475883, 0.055229078800755005, -0.05446746276631301, -0.012179597046471001, 0.028207474841233003
0.068104545591763, 0.0041667761187318, 0.06896887845850701, -0.050140168371679006, -0.0097353178978436, 0.01860048493682
0.07539471108652901, 0.0021210806584257, 0.08485723773258201, -0.044027998284656006, 0.012867595130162002, 0.023787895595545002
0.075909262993893, 0.0021140190049486, 0.09824117624430401, -0.04711424196219, 0.013737299024744002, 0.028201612842258004
0.061921725835902004, 0.0031996711436064, 0.11012061211268, -0.046002279466599, 0.013914953222202, 0.025125908686488
0.045541013735121004, -0.0038270024306646, 0.15536820441021, -0.03084947404333, 0.040000801678228004, 0.026963879249932002
0.029081209381511004, 0.021722746925962003, 0.093751156355606, -0.042712317469772006, 0.012114169062506001, 0.036790264147439
0.048065201807049006, 0.0051438693337697, 0.0072651930665973, -0.055892413932227006, 0.013886637805148, 0.0092016396713597
0.084647546146783, 0.0045663985953386995, 0.098296359386791, -0.044526447128999, 0.034464617787992, 0.025564520613105
0.099275560813272, 0.0007445368415005, 0.068393804010591, -0.055170304745718005, 0.010213252029687, 0.029943854729825
0.07785947852221001, 0.0093781956622634, 0.10528180458232, -0.049316914568851004, 0.006959260594251, 0.028905022764598002
0.069689344490274, 0.012188480047545, 0.14665951860806, -0.040397941428964, 0.025099176533018002, 0.030417824588783
0.062686464948562, 0.012240086726433001, 0.15802127909792, -0.043400733851087, 0.027109715618308, 0.027835006227817004
0.048375716980293006, -0.0022546533235014, 0.2065492038081, -0.037540476123448005, 0.024400140351191, 0.027004281575518003
0.039726248421695004, 0.0044936918105192, 0.17972918325604, -0.049894485184596, -0.014647670759469001, 0.037892410410451
0.06869678608356601, 0.0014154229107754, -0.013160967603614002, -0.047282987574512006, -0.0075614808035774994, 0.016767213408168002
0.09142013412251701, 0.0027218056000986998, 0.13265273359392, -0.04852925191692, 0.011561218269056001, 0.028457997988083003
0.093484484452113, 0.0018600677476709, 0.10485153445626, -0.052409689653823005, -0.017085748491406, 0.032937248484779004
0.08175030742231601, 0.0075798957653965, 0.11738961844367, -0.051373904910191004, -0.015224642525860001, 0.034838279792968004
0.073872471911856, 0.01202964475033, 0.11741411719533, -0.045176789774454, 0.0019986227441591, 0.033115703135346
0.051241492188990004, 0.0083412296158121, 0.16237977488171, -0.045801262482821, 0.005998497202215, 0.036367587281228006
0.039515405642652005, 0.0006836036297574, 0.23230583213424, -0.034526240510638004, 0.018492947147745003, 0.037549716271761
0.035663375915689, 0.017874886141172, 0.12046667890868, -0.040135088253223004, -0.017939149704914, 0.04486497861903
0.075408259506075, -0.0007471701967209, 0.035927438671390005, -0.06370681240609401, 0.012421326026887001, 0.023318599322452
0.07665964162423601, -0.0050399345345056995, 0.11027996251314, -0.047640551025282, 0.032515893786439, 0.029702413190841003
0.08485016648674101, 0.0069635073734247, 0.099926136068005, -0.052388891705447006, 0.018651127982143002, 0.034598362540385
0.073285296716217, 0.013745048822075001, 0.12048702201387, -0.058103676807377005, 0.011619179768609001, 0.04261424852942201
0.05397367723891101, 0.012510736378224, 0.11518206094035, -0.071186339366646, 0.0010875980112382, 0.039604588450172
0.059172815496286, 0.007016365237133899, 0.13305257437169, -0.06109980049270201, 0.0099707539386691, 0.029200937031970003
0.033507795115835, -0.0003246966678559, 0.23242295331743, -0.054924353428939005, 0.025354055398204, 0.031414519708375
0.05339460034727601, 0.019083963345966, 0.059269163550345005, -0.052808049571285, 0.0025750110036876998, 0.035732497148713
-0.0056034589910853, 0.022574817141287003, 0.057973921948614004, -0.033934619765686, 0.036510648172967, 0.021836652165045
0.057804633327843004, 0.012602891770305002, 0.09411016078855601, -0.06795079473018001, -0.0020608201695665, 0.041353833319256
0.054858915132830005, 0.0059789606950243, 0.075105662846376, -0.077313383957748, -0.014077278477716, 0.042092117233982006
0.031301361699498, 0.019708892575509, 0.015858459950395, -0.05598439265951301, 0.012080895085099, 0.029625801684015
0.026128574363208004, 0.00704727213217, 0.010410206188268, -0.044333432883326, 0.050538165405970004, 0.017682237407114002
0.037762452317124, 0.012153080091222, 0.10290343698005, -0.080085335659989, -0.048600532324467004, 0.027006990807100003
0.010040188908894, 0.020596694660925, 0.17455534181846, -0.068872507673813, -0.013992801507101001, 0.028489814271567004
0.040830239294806, 0.030630451421164002, -0.0039000229679360997, -0.05201175003672501, 0.046117246561951, 0.020581196627108
0.0091698712125168, 0.016772348652263, 0.08359357806716601, -0.05506026468131701, 0.0054799475595718, 0.020114959881377
-0.042968814873473, 0.016992217526255002, -0.0023936753066579, -0.08047722454454401, -0.10244483513135, 0.012380489676551
0.0055509499329581, 0.015353981075999001, -0.063574804838653, -0.04651318263570001, 0.029742557704095004, 0.015638911790138002
0.022899061984051002, 0.021608808779575002, 0.065432290525128, -0.075629272967106, -0.0066230774584107996, 0.024171711924596002
0.029262632423688, 0.017257261467779002, 0.10202214230035, -0.072761128007891, -0.013225438767587002, 0.02651737615223
0.0017558424372202, 0.031204904014717004, 0.25380663489946, -0.074933090187057, -0.014603325683225001, 0.035123892133492006
0.057052754730533006, 0.031595051333694, 0.066882834688333, -0.08699476647101301, -0.045898973725270006, 0.033261566709531
0.025070101412068002, 0.019337047446756, 0.10612639864094, -0.08990847414505, -0.03859820979577, 0.031801437550007
0.04942160946848, 0.035285443879784, 0.07416516392633901, -0.094432039535114, -0.031034503701990002, 0.041861079620319
0.036268728660901, 0.030737397004666003, 0.074729506306207, -0.10590611119499, -0.0064431522596982, 0.035382649125435005
-0.013774627025025, 0.025324406140423, 0.15200613327911, -0.12032054664782, 0.031469960849102, 0.034116464440158
-0.0006951391224215, 0.026760155439794, 0.12410619497576, -0.11726293451357, -0.014912918284670002, 0.027461908760088003
0.043311253092681, 0.045683520663919, -0.09308637335396201, -0.10476558707455, -0.031401227183845005, 0.030705007523429
-0.057960575243314, 0.031237378250264004, -0.016495881224560003, -0.09834227593318001, -0.0052037008721637, 0.015199442919063002
0.014199592964853002, 0.044153525891522, -0.092420590893223, -0.10204106487658, -0.070027032797735, 0.027578516847019
-0.010036989804480001, 0.036364879885219005, -0.16595407699887, -0.097868682585714, -0.073445489840709, 0.022881112880365
0.040708686285293005, 0.038203830408445, -0.14272584212401, -0.11080332365803, -0.09097790493348101, 0.039236858610132
0.065587830279016, 0.028540887987725003, 0.061383713229486006, -0.09990370304648201, -0.045685699789717, 0.049213825839910005
0.08798586946820801, 0.051358289219633, -0.049639269966936, -0.10141544484338, -0.045366245800354005, 0.05456456587844501
0.046823402684923, 0.031993489725946005, 0.054552746856567004, -0.09949531956556501, -0.029969049468443, 0.055690260029171004
0.07988593091608301, 0.022776634841621003, 0.07178829795679101, -0.09651812828351301, -0.04420939049979, 0.050795209609073
0.09938541194229, 0.020431510292359, 0.08298759076501701, -0.1024232372593, -0.062088102409618005, 0.054468612386495
0.070295574972039, 0.028189109401851, 0.12425141790873, -0.080390809877374, -0.047611222279096005, 0.047426862364492006
0.025624400868317004, 0.027044342755911003, 0.20510708683578, -0.08552727036438201, -0.044279708082860005, 0.059303691713927006
0.09187700911869101, 0.030146483307706, -0.043780187817115006, -0.10005512840768, -0.099078492242804, 0.040237413079705006
0.063497395034703, 0.013724225750816001, 0.07463836700552601, -0.098745056636428, -0.054774527117245, 0.045639903936614004
0.08028850822783201, 0.025963958021927, 0.045462962872617, -0.09748601346029201, -0.034508181063111, 0.04499049857659
0.071906240730344, 0.024812601822027002, 0.036871247126322004, -0.088017467673745, -0.033974138292941006, 0.037475549323456
0.042581164228524, 0.023921135838526, 0.09980093308269, -0.08382723947470401, -0.018391785501100003, 0.028373994670123002
0.038814590839776, 0.033971454305259004, 0.040963921156223, -0.068120703254834, -0.034180112864913, 0.049743959134222006
0.034307055378807, 0.022573176713393, 0.0015541424658468, -0.08508668368289801, -0.018390635229706003, 0.028513872014883004
0.058425681390782004, 0.019583136846152, 0.083174733858179, -0.09659060850791601, -0.017327943702631, 0.037370659208394004
0.029949534894093, 0.012118809861989, -0.019856761212374, -0.081445234754162, -0.036982519472085, 0.01064159318858
0.017431956705295, 0.017941811857399, 0.050647886363334005, -0.08608907872964, -0.066412393013835, 0.027181405308031002
-0.021835209651013, 0.014980359390709002, 0.08366350353867401, -0.067630391896369, -0.084474296776848, 0.015049121228496002
0.017046992844247003, 0.02134538680152, 0.16369575744193, -0.08834488665328101, -0.078785043206338, 0.027038910447414
0.049866025853618004, 0.03026353180861, 0.13437483855577, -0.10870926717547, -0.064179683684774, 0.046195116126415005
0.06180098402045801, 0.014863439517919002, 0.19962512150285, -0.10154051617598, -0.049157576677465, 0.052530558452942
0.08067211085792901, 0.035377923472125004, 0.025978551039845, -0.097501304865166, -0.096210915451235, 0.055681580646694005
0.033015797648544, 0.027298556377358, 0.10694408997159, -0.10093544223807, -0.061798540164774006, 0.046941696237923006
0.05554187878673401, 0.025631059672781002, 0.11457884530184, -0.11515678986554, -0.08840153325899401, 0.041246171418302
0.046333846687159, 0.02933240080857, 0.053295339638732, -0.12267278599036, -0.07863878552376301, 0.040002552689819004
0.044358336404520006, 0.031038242543932, 0.06586665695217, -0.11666075943869, -0.07674413170850401, 0.043933916239626
0.039713683744931005, 0.032228939509658, 0.07175122884540501, -0.11431519068886, -0.07391748841880401, 0.048702340864878006
0.040915791342104005, 0.031013098785231, 0.082645611042229, -0.10623253332126, -0.028183495822211004, 0.037342178972993
0.030739530885585002, 0.037720839254015, 0.066204419992596, -0.09657276767385001, -0.051588350384596006, 0.039911181168305006
0.028881888143374, 0.042616757758415, 0.03258094915567, -0.12506996649911, -0.06488179770317501, 0.039690005376061
-0.014674924973815002, 0.044051750109424005, 0.10340250045084, -0.12603470816973, 0.0010545026391035, 0.035014975798666005
0.046523949944853, 0.033130270040506005, 0.051029661872219, -0.09950888920065401, -0.01876836064742, 0.035572029619613005
0.074335303609819, 0.033750465856882, -0.02091336634828, -0.11697870967867, -0.0091496063192865, 0.024550844142739003
0.08145318830185201, 0.03564192900752, -0.0025596948217868, -0.11408360297667, -0.035211247062831005, 0.028558853940389
0.059889104176538005, 0.036376332032339004, 0.06340657196504501, -0.11391089344432, -0.022829702131064, 0.027059540077365003
0.037721257643667, 0.039617399689269, 0.06885292214536601, -0.11734702962282, -0.027915744093425003, 0.028370170507127004
0.010886037547368001, 0.032500491860017, 0.11245992158602, -0.09888615834978101, -0.012927490547613002, 0.031112511855259
0.012610721331123, 0.044723658683557, -0.022708249422125, -0.12432802308415, -0.024302583907797003, 0.0182096674535
-0.011930987705097, 0.013850190459471001, 0.066436215932635, -0.08517554146780601, -0.046377245055638006, 0.0062037045983519
0.05791978488779401, 0.014000986081982001, 0.11968017706998, -0.12197454561127, -0.036243138078616004, 0.033852854035159
0.064861846483919, 0.028285868963174, 0.20029369674954, -0.11488420055981, -0.054299803923372005, 0.030423409814045003
0.05436913537231201, 0.046607543156227005, 0.123266859265, -0.09685038725938701, -0.09943223221762601, 0.041215328018141005
0.015343729550009, 0.036841253385796004, 0.2898609890782, -0.10927762355451, -0.07711229686222401, 0.033843512202924
0.07004894752162301, 0.039477469065284, -0.0017762746926299, -0.10955073820799, -0.095356965024651, 0.031582720998272
0.063484244699349, 0.022169263232843003, 0.024409470887829, -0.09715311158350201, -0.060743357760650006, 0.034073623229587
0.067524938438524, 0.034101883795088, 0.09144677897376101, -0.11562082191136, -0.09521969572418501, 0.042547053120968
0.057960261805721, 0.0321892238759, 0.08073710710031701, -0.12356435333098, -0.08141167849608301, 0.031810469313560005
0.017724121294189002, 0.026206585382533003, 0.08516448469844201, -0.089440443224096, -0.0095275878947287, 0.011771803124744
0.009062814354141, 0.050406952642921006, 0.058705431444834005, -0.11598978555503, -0.055591618476214, 0.039648225842281004
-0.030758990548394004, 0.02812278544624, -0.06746696385799, -0.11594358647409, -0.16257577236767, 0.0096921842102105
0.016145342240891, 0.022410741947111002, 0.027182770912981002, -0.08384246674857701, -0.06141047096543101, 0.011294273037287
0.030645576474568004, 0.030933959065658004, 0.11697917611428, -0.107777642688, -0.07861456969091, 0.026078490721855002
0.047296746687258, 0.046273694127759, 0.086011394220895, -0.10568964616877, -0.0673727395637, 0.040495182267211
-0.059403961373684006, 0.030432128446532, 0.19202810569465, -0.07938585715450401, -0.11036020781713, 0.025576879982760002
-0.083714095973385, 0.03910772746233, -0.19492401394002, -0.08635642783847601, -0.15159373903016, 0.016541463250884
-0.14924214817887, 0.071233501568621, 0.23210677337033, -0.045278323495386005, 0.06476344646256, 0.04803365016031701
-0.08505099017751, 0.075663789532214, 0.23100392278508, -0.073077672366693, -0.004850961451365, 0.029581054013617002
0.050036069238596007, 0.055364802831909005, -0.13406482424689, -0.1065598744939, -0.11762756040085, 0.013413295997645002
0.020632124670356, 0.045018674934892006, -0.061846565226796005, -0.11953321751151, -0.22236358375723, -0.0082188350973547
0.15800336141984, 0.014426137766949001, -0.30998702556309, -0.17653031498878, -0.19071821253107, 0.0072562834323052
0.10533447601685, -0.0057613503600169, -0.38578467408243, -0.13688755405653, -0.35259937101576, -0.016135895084314
0.12260967797021, 0.0028196484423754, -0.25250883064642, -0.15177754562724, -0.27778394814524, 0.003840053874204
0.18279334509856, 0.026411768006303002, -0.41108634986191, -0.15966151979804, -0.20863476336216, 0.021521330304495
0.05097488226637201, 0.0027614250955505, -0.22962129544554, -0.1308360515132, -0.27966135952296, -0.012840754401603
0.15304734966935, 0.014893457690886002, -0.23504577094827, -0.14832493694373, -0.17324459918326, -0.0016932288664722
0.19217534248275, 0.0042916712559815, -0.13405086773428, -0.14943430551823, -0.10916679973562, 0.010146654445482
0.18681080637315, 0.0092082247641764, -0.093996852075599, -0.13350797562098, -0.12306951765431, 0.016007985880542003
0.16419999538215, 0.0071956905022301, 0.11845512921233, -0.12188959097854, -0.082381834042726, 0.020132810374650003
0.16088032066015, 0.019890824646692, -0.025669724015448002, -0.12450762245197, -0.10429516321361999, 0.016508456526172003
0.09974459289826101, 0.010189902335517, -0.01813631680634, -0.13986098506006, -0.12507292764692, -0.0014436963543597
0.09800201378998101, -0.0018429452369295, 0.031351512524907005, -0.10885061434616, -0.12750022014992, -0.010247606147821001
0.15676482902356, 0.011012277678826001, 0.062246704682765004, -0.12463034369016, -0.084849875181704, 0.0031945830152362
0.14708339433485, 0.01573908549436, 0.09140119887353401, -0.10157878891988, -0.060062704767740005, 0.0087017199990143
0.09163704739207401, 0.01369882774234, 0.28861024227434, -0.11507292816545, -0.054564575083096006, 0.017239414798086
0.16863543036147, 0.022553759191530003, -0.042033178626685, -0.12427183394239, -0.1298870405339, 0.010680904842741
0.13238002993785, 0.016627978422472, 0.048087493055457, -0.12967108514178, -0.11157870017024, 0.018138331628483002
0.06391183386030701, 0.024570215797227003, -0.055628697010411, -0.12766768967625, -0.17990207366902, -0.0076192506949652
0.043934902489980006, 0.020674895749831, -0.0041962109548568, -0.12392831726784, -0.20918197354489, -0.0035211472112046
0.09418065789169801, 0.026964243183742003, 0.071233577533741, -0.12056061491304, -0.11859432490368, 0.02252468826969
0.089696600582717, 0.025274741849303003, 0.24339015956326, -0.11701736701306, -0.083812756830416, 0.02330058771669
0.124917915639, 0.036846623473276004, 0.069342788961261, -0.13014760284448, -0.1184981151914, 0.025985027650059
0.07726301357424001, 0.023780002854917003, 0.10868782921035, -0.13280831576455, -0.10230974419969, 0.026970518817953003
0.10436580882542, 0.034303673609402, 0.08232761298982401, -0.13595927858634, -0.08658977424208701, 0.02627032079058
0.058539555430132006, 0.036429683912091004, 0.12402581573005, -0.12990172388309, -0.14433524350976, 0.018202132604381003
-0.17340089441359, 0.082959662132588, 0.91863407901035, -0.10952829671193, -0.042312183305678, 0.096454632817423
-0.12279030792501, 0.06818309993759, -0.087022126383184, -0.13324010880304, -0.1626490788577, 0.10028440306596
0.061029637728681, 0.057881248302998005, -0.0052696056334757, -0.14981944058446, -0.16037648158577, 0.026030839043256003
-0.12019064475212, 0.025549365489570004, 0.50035991105749, -0.054470153117927, -0.27102486902385, 0.08735859414873501
-0.0006202698513137, 0.029019132862957, -0.26897235999014, -0.17950167722388, -0.23698743112114, 0.023629820663302003
-0.17521603901396, 0.024400570961657, 0.028677872028235, -0.09585334798860401, -0.2255269887144, 0.030684946170955
0.039873025458906, 0.058446875026154005, -0.58749806684747, -0.1532036841987, -0.18342361722114, 0.0055812287111705996
-0.14249237734426, 0.04858793081373201, -1.0869497934446033, -0.24603138642375, -0.45042976916075, -0.1263914293353
0.10078336346799, 0.061715889620586, -1.0913584471723303, -0.2171229111737, -0.39639577310782, -0.11808033026905
0.10374806707878, 0.013448714692378001, -0.085149915196342, -0.12652029452365, -0.21709922050748, -0.1617267837176
0.08701781276363901, 0.10625524869645, -0.45065898104351, -0.15463615665681, -0.24405763832449, -0.1132595004132
0.10527831616766, 0.049999092977936005, -0.69480405921448, -0.15669003470032, -0.30417101192574, -0.1126343349062
0.07878523818941201, 0.096750249340145, -1.2269281642505714, -0.18601703215354, -0.37574021373759, -0.063106780392197
-0.17785867406961, 0.10402181828505, -1.1715051399185175, -0.16495431353512, -0.25060278893587, -0.023626329966569003
-0.28929246846675, 0.09378023025281401, -1.093554157397341, -0.20534405668262, -0.37055432827405, -0.017588863787377
-0.09706569329832801, 0.06850446779524501, -0.63070929790582, -0.1105466435383, -0.15606390089962, 0.004875961591858
0.0088272632982723, 0.0070408396226286, -0.17543740956319, -0.07969789379543901, -0.06881857894868601, -0.036780972895815
-0.09730001581702401, 0.0044619419510724, -0.38162262273795, -0.04734549628311201, -0.15351773814392, -0.043120484398043
0.13118161542515, 0.003924841935165, -0.45093821687986, -0.044718684434408004, -0.083876739782189, 0.087340223554419
0.09721826477987401, 0.005804592044724, -0.48146846440915, -0.1034268097848, -0.089731036516003, 0.068266904790139
0.13511588134895, 0.036409012478267, -0.48590559870903, -0.090778014154307, -0.15594804748604, 0.016307806960833
0.11151746604525, 0.036690586939228005, -0.50669650830186, -0.09036909079932201, -0.19169346141875, -0.0057182105025122
0.015405979484784001, 0.038003055926718, -0.33035600568814, -0.1137500330903, -0.18694315981534, -0.016606557627925
0.09756881573169901, 0.021944180102552002, -0.63291113801637, -0.15761233894887, -0.36468287813412, -0.043172359450510005
-0.0096013488373611, -0.0037928854513266, -0.023030624679116003, -0.13284380381831, -0.13232017498182, -0.053068305198842
0.0067229937201126995, 0.003629442747423, -0.09189690874159501, -0.11213856185079, -0.20819561521627, -0.02678957800712
-0.017826990478982, 0.035298350470967, -0.022962069321423, -0.03298457716999, -0.28708762809386, 0.019436298801942
-0.09388438678218201, 0.09417848317633401, 0.54327791162115, 0.052466651939715, -0.34633302321089, 0.07872382085992201
-0.38741261040524, 0.12331726225273, 0.50269047839963, 0.10285520761452, -0.41654740372857, 0.14811347896671
-0.43623054195573, 0.12380420704026, 0.7341317453027, 0.091535768583309, -0.39113983852374, 0.18123488641184
-0.34246441642326, 0.10411147142792, 0.50090738480612, 0.038848716466763, -0.38433131799023, 0.09260774920520301
-0.14401565340599, 0.052247906760323, -0.12416219174153, -0.039710194086362005, -0.36909637939592, 0.017948134873463
-0.16091870738083, 0.05583376794485401, -0.44832836743867, -0.055819751761172, -0.39045817570631, -0.039186827198194
-0.019936459128042, 0.043235362418237, -0.7630900689934, -0.06948875774876401, -0.43361677519465, -0.07695814573783001
-0.06715851586785, 0.011248165681113, -0.58735114443967, -0.08852440703446701, -0.44671020458098, -0.091725851943547
-0.0068858502521961, 0.0063725042984238, -0.58860980219358, -0.09499883810893, -0.46855387514789, -0.10741223007133
0.017162033819298, 0.041817012164886, -0.5468472102052, -0.13800398143352, -0.47591801666747, -0.09538957225498
-0.18473265421993, 0.079177821049893, 0.065880065035869, -0.09843106185711001, -0.32231652061071, -0.095466642149044
-0.12639598979991, 0.08693864700201401, -0.37854570174506, -0.050238522952644006, -0.39880194642114, -0.11467721351967
-0.12687699855392, 0.07515886684883501, -0.23222246008905, -0.015909693683566, -0.30999418438707, -0.056997242350519006
-0.2057550169792, 0.009501492174633799, -0.36028948486663, -0.07495187588002601, -0.41340591312003, -0.098570421581326
-0.08959550883817101, 0.0064457808488548995, -0.64706476306903, 0.0097032661558698, -0.15572352639218, -0.15599140390134
-0.14751799218758, 0.012238704447658, -0.53040168601466, 0.022192167560031003, -0.42046478119027, -0.15150766254398
-0.10539222615731, 0.0021504620000677, -0.64640163744243, -0.036026418573859, -0.35733076150622, -0.12176364095476
-0.092107645760874, -0.0057694485685511, -0.68237430990309, -0.045555034858505004, -0.37203934791070997, -0.10550513403839
0.014961059946181, 0.0042572451965705, -0.7869178905116, -0.07475318439091, -0.43889990551286, -0.085602809974105
-0.06677036827687301, 0.0067192321541293, -0.39143442410068, -0.045897933197964, -0.32131801217136, -0.09182566143288501
-0.030952785101492002, 0.069018685504404, -0.35710992943455, -0.013975045181266, -0.33073913829859, -0.058173494428357
0.048397820474587, 0.024461404724169, -0.68542368647521, -0.08466965368241801, -0.37662428964573, -0.06568374095783601
-0.044412712763493005, 0.015620834920247002, -0.66314068078151, -0.083928126884087, -0.31042608184229, -0.072280608482702
-0.09783706669260901, 0.027236422172284003, -0.50647680232809, -0.017835482909729, -0.31129834487012, -0.093213301863048
0.017574341762241, -0.0014575813115988, -0.35288288698085, -0.027336046355509003, -0.15431550022775, -0.10212346055289
-0.065801637229702, 0.0068821488187814, -0.39635046347649, -0.060039854783379004, -0.2444358490934, -0.14246181585082
-0.13466271032107, 0.056658654464671006, -0.74089501020855, -0.1205005798536, -0.21134209426988, -0.19355964970442
-0.08812034304425201, -0.023209541098133002, -0.69040328793063, -0.11845730027386, -0.33572287214831, -0.15733860363644
-0.026187083156847, 0.025650108674836, -0.63604871486232, -0.072344277372729, -0.39256339783116, -0.11706655882549
-0.08171347673503501, 0.050344724072194, -0.22764088636286, 0.016627204837739003, -0.31396136528771, -0.11808261344964
-0.05947071677060801, 0.064254415737328, -0.34395647516997, -0.0027460832936527, -0.26025738847933, -0.11438763515591
-0.015246930582336001, 0.029684776510629004, -0.65624316473474, -0.075442206489418, -0.42203485229504, -0.11032397359488
0.033234181502689, 0.037584975018900006, -0.61802507714663, -0.097644002602946, -0.4111133565728, -0.1114989509454
0.044822360937958, 0.0001616817557587, -0.55035371662612, -0.10409002157841, -0.34254737772205, -0.12548472666149
5.6062360808399996e-05, 0.013450274713882, -0.62378128570636, -0.047568464606575, -0.4166261275822, -0.11004650388962
-0.09878144035443001, 0.031078246375102002, -0.24525094608056, -0.037289246389646, -0.38805722226234, -0.14597506439599
-0.17840708298085, 0.025550871658467002, -0.13502526282902, -0.047701222510637006, -0.54501852693948, -0.10603743369016
-0.30300797432723, 0.020441712343417, 0.22258823752449, -0.021647955394913, -0.52264728549027, -0.14573170446228
-0.3185997929439, 0.074684979200103, -0.15496217814179, -0.048313622145227005, -0.81311465990317, -0.28514569744938
-0.49292494437153, 0.11856673198104, 0.18675009861411, 0.051158788260167, -0.81026404459559, -0.19273007080554
-0.58170733901224, 0.3349318622477, -0.017052668725367003, 0.29549735756645, -0.85271695506767, -0.037968971850496004
-0.70995984415076, 0.3520639741153, 0.14066516160169, 0.35837265452671, -0.77506525797649, 0.030926894414772
-0.444635748536, 0.31830695793719, -0.08760095135396301, 0.26935347718562, -0.66026466429455, 0.0001048942091046
-0.31323729953084, 0.25447477811717, -0.10140062476195, 0.18201813748659, -0.68857562670651, -0.08130230538300301
-0.18827618424584, 0.20681138166551, -0.69147415368276, 0.1225432088511, -0.60798282851875, -0.16044735173865
-0.1966803987276, 0.16056369500576, -0.69875378912505, 0.064436755970356, -0.60274567696714, -0.18050133559274
-0.09115177673276201, 0.14118865266898, -0.97397625977662, 0.017372022898445, -0.55049201928532, -0.18387538797788
-0.095463161898096, 0.11085792795222, -0.66232318141565, 0.0016879691535368999, -0.59113512787427, -0.20173783696212
-0.05359242400012, 0.09932478549730901, -0.73615039086243, 0.029462016761311, -0.64622214380539, -0.22887108042274
-0.070663752161416, 0.10351498966362, -0.45974253045723, 0.027729170799099003, -0.62796323046423, -0.21885340131222
-0.012716402986071, 0.10574275414554, -0.68879666323585, 0.023994174520910003, -0.68828517391745, -0.22495067611976
0.0096687350796911, 0.09246187415489401, -0.77118932594131, 0.028547061305536, -0.69161508707648, -0.22716833717375
-0.052624817630083004, 0.11374651242306, -0.83408806294689, 0.030953093498068, -0.64794482025807, -0.23320356835633
-0.13863059772103, 0.15066924573819, -0.41990915659092, 0.021761442775688002, -0.58940823697268, -0.21633860845447
0.047060113682177, 0.12242910968198, -0.073584689504257, 0.03950377011895, -0.46696715410178, -0.21549014871574
0.12102374406975, 0.06930899653278301, -0.28554357252796, 0.059170386225418, -0.52659769259307, -0.17721217397103
0.037219100362269004, 0.13421272686262, -0.37221892698235, 0.09569665094938201, -0.57855096816093, -0.1805874274177
-0.09248871379907701, 0.1894971826317, -0.6278373694266, -0.008967781914952, -0.65186815544653, -0.20101924864502
-0.045825691190843, 0.17462388757355, -0.59898814203284, -0.028199366397476004, -0.56803431777569, -0.2222022258855
0.004391974047693, 0.14538444608273, -0.39875715258362, 0.085822286254047, -0.52989891649158, -0.18996662991743
0.012384243542376001, 0.15685282137152, -0.61754406093294, 0.10396473853275, -0.49903038765902, -0.21487334563807
-0.19739753775427, 0.15773544874471, -0.58028774622079, 0.050493117442079, -0.60250932282086, -0.19330178877449
-0.22954800921006, 0.2071150728004, -0.86737728851162, -0.08727769738800001, -0.64384564229659, -0.16448066979785
-0.043175040464873006, 0.16741821587764, -0.73441586114554, -0.025582484404338003, -0.70305484260195, -0.17275014173933
0.018560003487962003, 0.11350481843335, -0.59831578530381, -0.0034723538588414997, -0.60186909862702, -0.15828176073168
-0.031143232028802002, 0.16085484359927, -0.89678965899984, 0.019726122296483, -0.64361974745964, -0.13777117297819
-0.15136365259113, 0.19085482652507, -0.85337572983742, -0.0046932909936092, -0.62281905481896, -0.11949953859915
-0.068374035182034, 0.18446637755199, -0.70125076841959, -0.098066050274226, -0.62475097279854, -0.11676926499498
0.13802551370221, 0.14099211630557, -0.92369597631389, 0.03313307653836, -0.61965575521735, -0.14331357913554
0.078028475493289, 0.13703021748868, -0.51234244993175, 0.030452096517561002, -0.51931743515535, -0.11115008153719
0.0053976012510894, 0.18486903985317, -0.82586378713039, -0.020596898111445, -0.55327861524776, -0.11598476884671
-0.069382746416821, 0.22902473250185, -0.81521403741364, -0.0061304527067101, -0.49347765829728, -0.081347982727049
0.0028834764774115, 0.1755382237711, -0.62702591805464, -0.038580679861794004, -0.49142862933902, -0.14067932224095
0.029554198536740003, 0.14661631763621, -0.94102002940106, -0.049210833002084, -0.64441030958675, -0.17118439461636
-0.0007848084507581, 0.13592695392066, -0.81717078243965, -0.023462464949330002, -0.66200624834573, -0.16505409092843
-0.06379243900291101, 0.18407468284591, -0.9723075193204, -0.12066693465397, -0.64400386305742, -0.10794568448238
-0.010942470784766001, 0.13793404570432, -0.69979644597493, -0.13991348301311, -0.53399917679346, -0.14138035231286
0.09167397254471701, 0.15077341463443, -0.70034536951221, -0.04825988480700601, -0.5554871058573, -0.1327887002116
0.05346032204909901, 0.17774961686249, -0.70250369743889, -0.044873132149727005, -0.57919815567648, -0.12195948671777
0.0064963610550757, 0.19522537394249, -0.75937685049555, -0.082853598172359, -0.54590615180796, -0.12670998677522
-0.012100184650567001, 0.13219276865542, -0.49540214316695, 0.0018470138926379, -0.52195731333784, -0.1003517394194
-0.078562381727676, 0.14526203136549, -0.42071482404166, 0.0068402856987229, -0.52393453987571, -0.08102727180770401
-0.015355799308812002, 0.17000517698911, -0.73572391927558, -0.014996378874297, -0.57111987449274, -0.1011201785274
0.039804910134361, 0.16309950576209, -0.80434962512781, -0.027194819102195, -0.53673711736855, -0.13324432528342
0.025252190115338, 0.15790802309844, -0.77649596214077, -0.013729034572598001, -0.56163681274983, -0.13065882532064
0.022870953035605, 0.16242033908238, -0.77814706800456, -0.031626959347068, -0.57833640215806, -0.11258833103137
-0.0074458349257035, 0.15136970500435, -0.63326739567414, -0.034416939437309, -0.55561866495208, -0.10929252251169
-0.015109274211744001, 0.16749529330418, -0.722116497706, -0.038660228378345006, -0.57559863139016, -0.094912496604204
0.013135410688774002, 0.12882863792669, -0.64881292519851, -0.061072379926426, -0.51478973404105, -0.11028985007106
0.028261718253841002, 0.13752693639966, -0.67387076672861, -0.053600619246372, -0.52900455342427, -0.09720389176982501
-0.015689949587843, 0.12032771683519, -0.75628994588051, -0.048558802983577, -0.58898575743627, -0.11910578574568
-0.0028226655773388, 0.10706312841925, -0.59004431151089, -0.022401274415186002, -0.52498166642894, -0.10377606521162
0.010870183668258001, 0.11632381550105, -0.56520884777052, -0.029184009483901003, -0.50084064442546, -0.089636598456971
-0.029642065675429003, 0.12793368474669, -0.61332373209909, -0.06511000570549501, -0.41102928395685, -0.09898643101147801
0.020971318546719003, 0.12047051984787, -0.53481973438996, -0.052980240359412005, -0.47473076959063, -0.09410768444282201
0.09976497545294401, 0.11358619502478, -0.66191539871399, -0.06413469581287, -0.490544209218, -0.08344471476032901
0.093138765129189, 0.10597870079648, -0.60517134227156, -0.041549294352253005, -0.47136006899482, -0.07794621555579001
0.080571261626701, 0.11672368015338, -0.5911705141134, -0.048461083330888007, -0.48506719453344, -0.072062424712411
0.063504154171765, 0.10940888576819, -0.64623730803389, -0.05796093903946101, -0.48248030348013, -0.083805322555087
0.014172084710017002, 0.062734193052201, -0.50933583005387, -0.058303077863079006, -0.5209517392254, -0.10066062811826999
0.060069007251248, 0.064358154773897, -0.54959787773215, -0.048711188685461, -0.50744060006281, -0.10546811847301
0.046523756302571, 0.097310799367813, -0.56933403792214, -0.017321547202713002, -0.47896359196642, -0.1009529895777
0.02851765055291, 0.10235479281985, -0.51495931252575, -0.019445953247445, -0.47565918665518, -0.11576007658181
0.019112760099634002, 0.11974641941931, -0.69267057649692, -0.032457071302348005, -0.47918550371741, -0.11090671559388
-0.002090697936205, 0.10494283069412, -0.52117085194935, -0.038462395027338, -0.46674255650635, -0.09752953437344401
0.04020806507928, 0.10163984212754, -0.58275871431799, -0.060046703517531004, -0.46572987187352, -0.1037877255993
0.037590678295402004, 0.10084305372084, -0.58185510508379, -0.06944413767716201, -0.4552444587782, -0.1052292372569
0.042374206667249004, 0.094566737573036, -0.53417255143847, -0.04551494341010601, -0.45448788343887, -0.10336864092622
0.068095064537131, 0.10960201006629, -0.69002737323737, -0.07175283021072401, -0.39095005308018, -0.10121522851164
-0.05359845997581401, 0.09894491820074101, -0.41687239088703, -0.07269509618256001, -0.30842517603248, -0.1004329434416
0.039143151772, 0.09924606363132, -0.61832839787199, -0.061363691591538004, -0.44620802066288, -0.095238895631526
0.1335505393917, 0.059259433893611005, -0.58719997721462, -0.075406014122974, -0.45839224080044, -0.10477762969919
0.12635369166176, 0.023813456294428003, -0.38380095030725, -0.07953147666745, -0.38604013404608, -0.1082610253679
0.041217360405855004, 0.10606403108874, -0.17044850126219, 0.012061897574251001, -0.32913596568011, -0.11068094214511
0.10215427701929, 0.13007158970995, -0.84567874336505, -0.013428070481470001, -0.47153566945292, -0.10524179964406
0.030059689419134002, 0.095527785741626, -0.72720296255206, -0.051646650899360005, -0.44700881028416, -0.10963552907704
0.051376899335086004, 0.09563059270065201, -0.86680946286236, -0.021460565070283003, -0.49568003620981, -0.10600558868327
0.10338892388255, 0.09698733545514501, -0.84520429638839, -0.029503085881589, -0.48266353125445, -0.09091882474516401
0.08436242478814, 0.10476629546385, -0.60940105929465, -0.017041927448209003, -0.42127985509253, -0.08472796182807
0.08564461733746401, 0.1219202481278, -0.73728773502693, -0.040892324390222, -0.43987096291915, -0.053296316840446
0.05764365887928, 0.084753920135131, -0.64307990673415, -0.07800036474435601, -0.42977852644582, -0.070185152897899
0.10019120039206, 0.10216971337843, -0.6448762795995, -0.07321065329184501, -0.43863978222395, -0.065345126548671
0.08466084017733101, 0.09803218459116701, -0.64889059528213, -0.072111877320694, -0.43080718867721, -0.06823153937394401
0.078608135231801, 0.08194772042881901, -0.57835084745597, -0.050233025370416004, -0.42567750816763, -0.060962991006357006
0.016055642317325, 0.10879320087655, -0.52730329851492, -0.03970995565983, -0.43114457136578, -0.051559267271391006
0.069417346299028, 0.079562030995781, -0.70580999561537, -0.08826153972132601, -0.47028221989519, -0.07421820548044901
0.080661619272856, 0.084179688702204, -0.61792178089216, -0.06653348187239501, -0.42563491916288, -0.078578172609415
0.07639736047218801, 0.08233715779475301, -0.59389361987133, -0.07018792883874801, -0.42150133361853, -0.080647811750556
0.030207582680106003, 0.07665856480580001, -0.62969036723161, -0.043192306728852006, -0.46688339576491, -0.09586528523398201
0.053152330264016, 0.07642817122199701, -0.4781963421402, -0.052113276364452, -0.44425084806752, -0.081850502613104
0.044104758934359, 0.080392933685086, -0.46174752757967, -0.060101227805567, -0.43444324966944, -0.08070627424255401
0.067303711757417, 0.08993187537783201, -0.62479057787484, -0.07888945878794, -0.45232205217772997, -0.08172857623326801
0.049850418138959005, 0.08721173511598501, -0.54203451584571, -0.069915015484678, -0.43308070711614, -0.08412591162675101
0.07458575196786, 0.086316683091588, -0.54669509479137, -0.07828017974727501, -0.42085353389187, -0.08004091704289401
0.073307691156671, 0.091356894138772, -0.58861444518232, -0.068960218294774, -0.41538977059892, -0.073399193038956
0.048112318862725004, 0.091618285911284, -0.5118422822833, -0.070923383402792, -0.40060040162183, -0.067223119692171
0.043887952339167, 0.08757995801524701, -0.47981474198603, -0.06368380427898, -0.40705163117087, -0.08207425459630001
0.06243019494833801, 0.099389136265809, -0.58085611672537, -0.072728282025905, -0.43038987732307, -0.06871008660533301
0.029750029493198004, 0.0825040696821, -0.5086455654316, -0.09955920351823601, -0.35824907012889, -0.086648046871243
0.11299185254966, 0.08858692890974, -0.6602383058281, -0.09400593421465801, -0.51936423692835, -0.06584748818502001
0.049674034063244006, 0.09319208456861201, -0.69147687410524, -0.068534741107315, -0.50285101617317, -0.06025187739462701
0.033351388240438005, 0.09325149026815001, -0.678030876748, -0.07545548338501201, -0.3871716222396, -0.08730816258731201
0.033197375527744, 0.092295336901188, -0.60139643690891, -0.074915955845281, -0.32705114895128, -0.08882585607272901
0.029210582962090004, 0.08425883679991701, -0.52077024765506, -0.071255123839691, -0.29422140204927, -0.0816898032182
0.073218225691821, 0.09418243417901101, -0.6116011564433, -0.076723206117356, -0.34611061893653, -0.07155074745168301
-0.036748918077262, 0.08488551770043001, -0.53912646849292, -0.065128438117557, -0.2635643040462, -0.09117966204087401
0.016933398766792, 0.07144069437330401, -0.66280295451084, -0.05602959089765001, -0.3661059456519, -0.08986218466524001
0.10101098165887, 0.07057533588666501, -0.73882328247545, -0.066800566565961, -0.42450409195185, -0.076584067870106
0.11030692208301, 0.07549110917061601, -0.71048639832206, -0.06921119794001701, -0.41860394994398, -0.07012027771652801
0.07989391950773901, 0.06831324980391901, -0.59244212709385, -0.062359701544923006, -0.37218786765288, -0.07267174355606
0.033207867928625005, 0.078457884093417, -0.4320151182376, -0.053759952914681004, -0.33234484880726, -0.062247150693035005
0.059278262940406, 0.075360453958161, -0.61881392040708, -0.07389673190405201, -0.39151741742763, -0.06608260673697401
0.06969548945560501, 0.057260800491881, -0.5262944223799499, -0.072579589978915, -0.38232103339458, -0.067994278978005
0.11049874136999, 0.06619296074768201, -0.54564321171399, -0.061267285238308, -0.3744014005984, -0.06506657573810201
0.07555788485591801, 0.07119754892297, -0.56923417226622, -0.060717283634329, -0.41481852104505, -0.055451072213766
0.018183159106372002, 0.08425784452540701, -0.29321016286193, -0.04520484712325001, -0.3356849740878, -0.047930119803575005
0.064527938564399, 0.078941841092327, -0.66560376646558, -0.072235997849797, -0.4182579305578, -0.05629349650152601
0.076193133827871, 0.052783377990565004, -0.66164228645101, -0.078538753658676, -0.39340209561898, -0.066574819730901
0.09415165152090901, 0.06771930290559601, -0.6130297732929, -0.07963414080233, -0.38110207560847, -0.055979678328917
0.084642346608297, 0.06821720290948201, -0.64194324807671, -0.07774733365794001, -0.36590613520777, -0.056499251462356
0.045305961413954, 0.062168120619780005, -0.46372535986617, -0.05803926812920401, -0.33730838687351, -0.050713354479869
0.033939887824435, 0.07866872127714601, -0.58682163251516, -0.061371406159197006, -0.38147012561284, -0.039943363047581004
0.06517326839344001, 0.054614727725048, -0.64846134228713, -0.082276754228293, -0.40746540527162, -0.051048849122858
0.07127750173316201, 0.06857119449601101, -0.58791210419893, -0.08688296338674201, -0.38779900557527, -0.053016516622933
0.06918472097480101, 0.06530693093133, -0.6139940034386, -0.093843248206009, -0.40844087200334, -0.050470641604768
0.063398033824321, 0.072996948747725, -0.59635074967609, -0.09477779765392001, -0.42586795262279, -0.062513678348438
0.056007752994238005, 0.070279228059729, -0.58263401093541, -0.08541744959351401, -0.39653166365961, -0.06659710361783401
0.061763983609081, 0.07237677558463901, -0.53836309334069, -0.095880031282928, -0.39614409889499, -0.069045903123105
0.035061077531384, 0.061195365515051, -0.4379356738414, -0.06223161734705, -0.38889575495022, -0.06831642465377101
0.017743571260226, 0.078910479428365, -0.55654938941606, -0.07616117911786101, -0.41919415582749, -0.055915091415597
0.023991356247263, 0.070096486905214, -0.56795127126033, -0.087261479127236, -0.40469643948638, -0.069553966457534
0.057801875576732005, 0.067789486387982, -0.51219142985506, -0.089259832959487, -0.40192433542525, -0.07146288939419801
0.056217371667722005, 0.066697518958706, -0.53576531256325, -0.10557772144525, -0.41443488104333, -0.07482316244777801
0.056835901960279, 0.072565714868614, -0.58224013910345, -0.10209754697329, -0.4111664256747, -0.07493050208367201
0.055795157479323, 0.06395498663792401, -0.55751047752183, -0.09335415091543801, -0.4163199973673, -0.07627661037290501
0.06791788180861201, 0.065917343048198, -0.54532758513025, -0.09442179683884201, -0.40829322195992, -0.06849124776929101
0.023071904578815, 0.066322536469425, -0.38304692292371, -0.08512807800234601, -0.40366649153523, -0.080179416480972
0.056359745916563, 0.07449370451072401, -0.58432448675077, -0.099567723733939, -0.41378320566438, -0.069960366353725
0.024360704145771003, 0.07001754925452901, -0.52054801189209, -0.10145214737268, -0.38530282451613, -0.07861991350606201
0.048640615434596, 0.070620381005683, -0.53836694189754, -0.10318206155519, -0.39776412783965, -0.067988922892217
0.058076512466536, 0.070175246017341, -0.5584228593636, -0.10325397593086, -0.41202485295425, -0.07721575123733601
0.055546751917386006, 0.070150482905667, -0.55664200031185, -0.092226566687112, -0.42550027177331, -0.070650691655696
0.065289059874338, 0.069415872238899, -0.50683392311352, -0.10051211901297, -0.38285907142341, -0.08170803829217001
0.05633246717302701, 0.065813023497601, -0.46240461558685, -0.08962581007588101, -0.37578009361581, -0.07953451264284901
0.043841840006204, 0.076049890102829, -0.38903093517014997, -0.09477763000583901, -0.37082858728424, -0.062878474277722
0.07955655747123401, 0.072765175751634, -0.57156095752682, -0.12779093251339, -0.38190151118061, -0.078985168566172
0.063074854795722, 0.05983459023845401, -0.47062165323059, -0.1058387683873, -0.36707021115967, -0.06911394629598
0.10092292495417, 0.060698715161992, -0.46631335021989, -0.11048540273686, -0.36281516887396, -0.066939752114666
0.09954510460940401, 0.067669077536661, -0.46770771010008, -0.10571089668663, -0.33715616399755, -0.073455534690906
0.09181522714111501, 0.06918190530502001, -0.45462657871346, -0.10993339907596, -0.3361571757427, -0.065091270174121
0.090959731846717, 0.07232233884610001, -0.40902935924496, -0.09552359173470401, -0.33787198454141, -0.063251408777923
0.075702954985969, 0.062970107524809, -0.28293559041397, -0.10068056948932, -0.31928881964051997, -0.07130614691761
0.08553744338163201, 0.067057276742846, -0.51769431414318, -0.09990786867170601, -0.39099251883077, -0.05628890044313901
0.07325773947568101, 0.067783110446498, -0.4833206179334, -0.09216527680490001, -0.37354547445703, -0.061399855914991
0.09075433779490101, 0.07658242187910601, -0.47194958734265, -0.12462421559095, -0.35549154870259, -0.076619825063599
0.10959234296539, 0.073375033354662, -0.53115574342309, -0.12434608978575, -0.35016265340954, -0.0716522386271
0.08525462390901101, 0.06774705363160001, -0.5187583926854, -0.1169581230905, -0.36128048696478, -0.0654174848676
0.095730023875085, 0.065335006153699, -0.49144118586058, -0.11201557317464, -0.35440965761936, -0.057766293316065004
0.087192576565077, 0.059522985561853, -0.44462685546115, -0.10045820238797, -0.32257541142236, -0.070194123347145
0.09399410354786401, 0.07965728889350601, -0.54490299298124, -0.10060448189356, -0.35527426708758, -0.053509191833461006
0.076006849303383, 0.069977288939827, -0.46936212863236, -0.12986653764058, -0.30805095471694, -0.052164632671798
0.10882367626526, 0.07655239223582501, -0.39771809677639, -0.11148769642975, -0.32523846453481, -0.043263721706080005
0.15435967524462, 0.07626291581778501, -0.43935918480219, -0.11964399166387, -0.36323284083899, -0.043151790449154
0.13666698610522, 0.07270341028468101, -0.38064350979806, -0.10546607623364, -0.3517618619744, -0.034104894236259
0.12441772305845, 0.07606333699399001, -0.43559242250726, -0.09554613119449401, -0.33013041789478, -0.035456189481696
0.056116069071744004, 0.06618706557052001, -0.13357929332192, -0.1116281969161, -0.26549944510455, -0.040842162325428005
0.10506621358957, 0.06270595786094, -0.5353167404117, -0.11913638338293, -0.37505722784412, -0.051075933981459
0.08355926573278401, 0.047163654028909006, -0.44681742243434, -0.11306300179513, -0.34991093187407, -0.05958393879528501
0.10322134373133, 0.050812914423354005, -0.4559425303078, -0.11014284956653, -0.34377736950283, -0.047919392699950006
0.095377386549783, 0.062997988130759, -0.53569981667861, -0.09901294478455301, -0.35025823873021, -0.053707905697519
0.048274105110867, 0.06326063270217501, -0.31831982416506, -0.08391501185281201, -0.30929334434567, -0.06118828287425
0.07753896110446301, 0.070957525110036, -0.56301578753548, -0.086643646585808, -0.34891893047396, -0.063030263402487
0.08889193528846101, 0.050865116437637005, -0.54436258223379, -0.09909849235515, -0.35965090583021, -0.054632658110328004
0.07182606638882601, 0.05591687560512101, -0.57019926877314, -0.089461063204421, -0.36033111597816, -0.063681212490394
0.10858045300991, 0.050176857353351006, -0.57965302892093, -0.07670071606852201, -0.30415899954349, -0.070844425858973
0.07818325593599501, 0.055454198766737, -0.4409006218509, -0.08593557340808301, -0.34161194256405, -0.056242384075948004
0.04609572077745901, 0.067568655813141, -0.3463045312579, -0.090328521420274, -0.31793615246717, -0.038623547863683
0.1098745766199, 0.064314037171996, -0.61517766421222, -0.13662482187686, -0.39114209549413, -0.054475373048312
0.094140177062095, 0.05877420861016901, -0.46780785587796, -0.1262236383444, -0.37839886416605, -0.051660012096511006
0.10447205509899, 0.06889795939938301, -0.43574277679988, -0.12635223658551, -0.39424376528887, -0.049979818267802005
0.089480875592418, 0.06886239656695001, -0.46230308234913, -0.11720783399061, -0.39471588919963, -0.05283804536469901
0.09923419721358201, 0.07273512964383, -0.46947357302323, -0.11532371004093, -0.36686339797236, -0.054822149033622
0.10489987519349, 0.06910717521391001, -0.42517670905191, -0.10996447179194, -0.33886299364289, -0.07072744620755
0.08656131813958601, 0.06583519657218401, -0.48115932132454, -0.1088412199681, -0.3632834049994, -0.06356303936158801
0.080459679088138, 0.06597100139609201, -0.32348965109347, -0.11032805843372, -0.3609785161793, -0.063421788698459
0.082929401140758, 0.078301942222693, -0.55493996290887, -0.12858876947409, -0.36151806613794, -0.063812675942436
0.038724088547401, 0.070990826395029, -0.40347559674152, -0.11237770189805, -0.27612913749739, -0.066157529346168
0.09241093124577901, 0.076031055390301, -0.45985731855244, -0.12832518571385, -0.35324438538241, -0.055986413195011006
0.09677504391497001, 0.07610150269763201, -0.51915724157184, -0.14143346842995, -0.35556280695227, -0.066366802310931
0.10868937059434, 0.07201922084930501, -0.54742194283862, -0.1333577201407, -0.34479781327667, -0.07004837034983401
0.08193266626437401, 0.08012800649219401, -0.47713226476713, -0.12629235710668, -0.27879498668838, -0.07106178105704
0.050240890881043006, 0.064219280181169, -0.68537457209503, -0.07745484481084, -0.19081849033035, -0.087767155238056
0.064075101190742, 0.06463942335924401, -0.46319935438924, -0.11967264040079, -0.3318023354066, -0.068587687466772
0.10669790457177, 0.07974299309714601, -0.56153777321082, -0.13949990012395, -0.30666746373954, -0.06451677005277201
0.09396223193137401, 0.06494634577911801, -0.48033423377359, -0.11167302896151, -0.30225344637595, -0.055666975348629
0.15760405112925, 0.064820985528625, -0.55281497121401, -0.13638539076948, -0.36989039225451, -0.042155568310003
0.15581624031548, 0.072595596434378, -0.47078459733707, -0.14266526792981, -0.38506022952939, -0.044835910795001
0.13188792843546, 0.083464504332644, -0.47419918703408, -0.12750948964226, -0.36413328032317, -0.047472929776397006
0.13054613555284, 0.078531853483133, -0.48895766784341, -0.12874009939466, -0.33064779527534, -0.037881296195752
0.084255397917017, 0.06505252681954, -0.25401829358996, -0.12821224673661, -0.26695940983647, -0.047120286275103
0.14005414724939, 0.06996412216365401, -0.55638234161279, -0.13027600403919, -0.30996370770843, -0.049604457454371004
0.11181544611807, 0.048505125961896, -0.44951538321616, -0.11535874479478, -0.26280475218718, -0.05823782463892901
0.13100567178706, 0.033422936700251, -0.31275422080821, -0.13939938061235, -0.26979650691968, -0.044110248124827
0.14095441177871, 0.046641783212464004, -0.33639974123987, -0.11633774311769, -0.27080124825805, -0.046239947821503
0.12878842905372, 0.10663426977054, -0.50003597821488, -0.071185989469929, -0.31702469385277, -0.040450525563214004
0.081837965138329, 0.10039342445741, -0.31394718937572, -0.06365776043363601, -0.26948570433842, -0.033912506548876
0.12658037663757, 0.1001438259452, -0.53282417724913, -0.10118576776981, -0.33185028642107, -0.040811483499873
0.15523759319201, 0.057608010491581006, -0.60403795332933, -0.1177511782801, -0.27911988963205, -0.05434599731801001
0.13404585761023, 0.068214707317233, -0.48246919027862, -0.12956096184043, -0.30011403038282, -0.05315544948317501
0.13931842677715, 0.070545253848892, -0.51492853695438, -0.1214522082572, -0.30433607435265, -0.048114249293262
0.11585820635236, 0.07535783125291301, -0.47997766514606, -0.11116704757475, -0.31663694607697, -0.036248603123525
0.08390639673953501, 0.083067203194264, -0.34555080241594, -0.11647844020787, -0.27469952358474, -0.051525926407922
0.092475517197771, 0.06848089002476, -0.81672792456385, -0.09747260495665501, -0.2337418341945, -0.089586900876954
0.091384001888311, 0.06253900849513401, -0.5609366026628, -0.09525689144096301, -0.35605242301535, -0.07722190255297401
0.11321470429583, 0.0755373598496, -0.51051332357004, -0.13144360977225, -0.34566870774306, -0.06701084569266501
0.11540023585159, 0.07627319608873101, -0.51955498228811, -0.11912775410386, -0.33402265311487, -0.070461634576851
0.11092259027499, 0.08092563621288401, -0.45491130153979, -0.13564102168755, -0.36435086697971, -0.062396488819718
0.1209011283551, 0.07916462727533101, -0.43275036144259, -0.14062008932564, -0.30256993393978, -0.05265928666443501
0.11109692436343, 0.07615665553827, -0.39972588604679, -0.14550389924468, -0.35603208226909, -0.053005891960580004
0.098570469477085, 0.076251114793766, -0.2630831644795, -0.14113195587748, -0.37540662345626, -0.053452071085397006
0.10972194459471, 0.09414978768349001, -0.48174033516512, -0.143053890675, -0.29628630349222, -0.061999610372428
0.044068416326438, 0.080973668080382, -0.31080883438086, -0.12125591930614, -0.27350956866413, -0.052472653229997
0.125235111377, 0.081107006470457, -0.49170740136531, -0.15987764978116, -0.3565107018698, -0.053121559142755
0.1327018306917, 0.079432931869805, -0.52323734316101, -0.16873087415185, -0.33703835770439, -0.053177662364081
0.14553119489336, 0.076324873455222, -0.57627479064641, -0.15783493454898, -0.30674904680979, -0.048279501075327004
0.13570381770852, 0.07882646072025401, -0.55353648952792, -0.14741576471733, -0.28865398640739, -0.049087916550816006
0.12627718576526, 0.07226679278987601, -0.52146451107051, -0.12926748487099, -0.2890305357735, -0.05480415498641301
0.15358350295704, 0.09333159913356401, -0.67589754662401, -0.13034069308785, -0.27756816092927, -0.037405260741340006
0.09383643495916501, 0.07779710053579901, -0.49569746271011, -0.13300622826447, -0.21565785195687, -0.047842616757440004
0.16694931406635, 0.064516488822215, -0.53479809231524, -0.14711197646131, -0.26770215557406, -0.034136622892492
0.17569369367047, 0.06136859613339501, -0.5389011605398, -0.14709709088873, -0.26109888561775, -0.031759663918555
0.14407058167607, 0.076329486687679, -0.52380648151247, -0.13254648974989, -0.2805477666327, -0.035134858787403
0.09206201871986801, 0.074996841636587, -0.25978188779093, -0.11280373025376, -0.18443998469427, -0.045888332801711
0.12743114763829, 0.084614336419287, -0.57516420005502, -0.11017118600313, -0.30574675743745, -0.045743049094671
0.12255327096731, 0.046706378727985005, -0.69622687685368, -0.084907751860735, -0.25758235945786, -0.06859640023466
0.14023559758387, 0.07363097931217501, -0.53184601498336, -0.12657067153367, -0.26147518737493, -0.03912480773922
0.14848214764866, 0.080311165410945, -0.48932715283794, -0.13548065204272, -0.31908998619095, -0.035429413694685004
0.12592140312083, 0.083048862616159, -0.40219007759621, -0.12492700704473, -0.34956568170935, -0.036664079835455006
0.10536358237851, 0.089546564734233, -0.37957193584663, -0.14054776103304, -0.37797690424038, -0.033339327471137
0.15441858745626, 0.07162590806746501, -0.60899679517803, -0.15166704392217, -0.36880392061853, -0.05175562396281701
0.1416810064428, 0.07764359661758401, -0.44059843129722, -0.1423810667899, -0.33833007244969, -0.05217214723204001
0.13731067064929, 0.07883229541269, -0.44755922017752, -0.15087559947641, -0.33752927998153, -0.038861032992312
0.13323859862316, 0.08290244998988701, -0.44782354705606, -0.14534801884216, -0.32280859496174, -0.046847385329339006
0.13064311337303, 0.080926200930493, -0.46372971006452, -0.13568793731826, -0.31085145780982, -0.05193973055230901
0.14313915162966, 0.07943176776749801, -0.46332051101329, -0.14112676341783, -0.32538007429028, -0.057660973309841004
0.12297801832599, 0.078502458140073, -0.4696953095377, -0.12954102700292, -0.32260423600714, -0.056559893645228
0.10701814006892, 0.082167078587949, -0.33621620959082, -0.14276566138118, -0.29658997943321, -0.060700562544911005
0.13237247017687, 0.08684514795228, -0.57107875941103, -0.14049827846214, -0.31010988604232, -0.059384097750623005
0.10997139876181, 0.074199653500901, -0.4605247756149, -0.12505742533415, -0.28166027898985, -0.06296992545614201
0.12606821293291, 0.081423337419703, -0.51436561195056, -0.14068099133543, -0.28996929005144, -0.06998414502165601
0.10288437649864, 0.081435255110026, -0.56117614331806, -0.14527318666486, -0.26931738292718, -0.07211352605519601
0.07893712885581801, 0.063305519320084, -0.7131769211339, -0.081084366639096, -0.21774585102838, -0.09167451260930401
0.08777852132250401, 0.08355744223964501, -0.52129856564948, -0.14165960169479, -0.26965829779135, -0.078727147223457
0.1044620212986, 0.087334381378445, -0.42980342130633, -0.13227194653115, -0.27580500037583, -0.060008534655882004
0.11530213394143, 0.07427636009397501, -0.39979969772302, -0.144951558161, -0.33001827072170997, -0.060540493022688005
0.14780691548145, 0.088763846806686, -0.5801341141707, -0.15129180033172, -0.3327245286498, -0.048159897166325
0.091442390778093, 0.075275611525513, -0.40717216286583, -0.14382746505977, -0.27290249256528, -0.051966579845554
0.16453894347465, 0.07690371358806, -0.50760283584182, -0.15845375002374, -0.33308005200798, -0.04293818454154601
0.16822191331732, 0.076049294488806, -0.54341323271336, -0.15371461533593, -0.32751801009395, -0.042873377135832
0.15353072111448, 0.08022618620378501, -0.52911287061168, -0.1440696906127, -0.30125131286965, -0.046151154771410005
0.1636175348681, 0.081916123045181, -0.55140617675754, -0.13804455113248, -0.27258639251256, -0.034898141323431005
0.12679793143781, 0.073118342865928, -0.33826316522101, -0.12923880933504, -0.21361001736971, -0.043975315802001
0.14653593148494, 0.08604053810831701, -0.49342511257965, -0.12726803680255, -0.25579048673948, -0.035121426719946
0.13886144102705, 0.054418320037052006, -0.45485343066104, -0.1268115799955, -0.25074919275147, -0.047898493178993
0.15431316418308, 0.06772490122175201, -0.37912741902689, -0.13229845304574, -0.20498356092528, -0.032808433742545
0.16009083354332, 0.067632389128187, -0.45929775184934, -0.13309000752512, -0.24871499988788, -0.047802876753512004
0.14107443085489, 0.0768253719837, -0.44888784172549, -0.11691880365976, -0.27440233382395, -0.037069359958522
0.093421590706112, 0.08544205516094101, -0.34786217415335, -0.11792229837519, -0.24888687088706, -0.030282522231361002
0.1647546493701, 0.07398113062969501, -0.66156980657096, -0.13771295800648, -0.32347295535381, -0.051650621525764
0.1485031739231, 0.065419356886823, -0.50313600000592, -0.13707995610348, -0.28520094645713, -0.056834752304437006
0.14199007945543, 0.074433804559748, -0.50428539554512, -0.1471098542778, -0.28242099831301, -0.041528126314445
0.1484947773393, 0.073236407395305, -0.53570214584111, -0.12995957556581, -0.28151773820538, -0.043072801029669004
0.10615184082135, 0.068166899936082, -0.29898163364302, -0.12627769481494, -0.22485863207921, -0.047455677397067006
0.12100626509921, 0.083972996464431, -0.47425350822205, -0.12953481408308, -0.2864575298618, -0.047722841441608
0.14305773001475, 0.06858340053425001, -0.56317627433888, -0.13696364274964, -0.28403894285358, -0.058125388085172
0.15288767660499, 0.07580113679136001, -0.49447118211131, -0.13801856143362, -0.2765998796792, -0.057924578956804
0.14216837651885, 0.074650952533356, -0.55581669893698, -0.14802826322523, -0.28028162749404, -0.058672781630426
0.13464492725778, 0.07860359046789, -0.51135498106453, -0.14295204074097, -0.27551283748588, -0.060115855343349005
0.14007183495625, 0.07791835850824601, -0.51159817357556, -0.1495401699598, -0.24479630774145, -0.065273793136639
0.1332221655177, 0.07583561262437201, -0.50477615693561, -0.14224015015208, -0.23584095118408, -0.064612958659884
0.11459470616444, 0.071263322868913, -0.45998372861875, -0.13317436026121, -0.24253740065767, -0.063755265496183
0.11617004249831, 0.081444094018581, -0.52577728765683, -0.15079141161354, -0.25504712753238, -0.056827889086346006
0.07529740722196601, 0.08444204184382001, -0.53319415489561, -0.12294855327016, -0.15285451966374, -0.06773426540499901
0.09191563596516701, 0.07499000445074401, -0.46916098717094, -0.14413212985743, -0.23839859744797, -0.057524388635032
0.12153234386889, 0.076999774153582, -0.58465868207083, -0.15852257226221, -0.2719094065675, -0.071468284635944
0.11147028009227, 0.06305958682427501, -0.73252800030944, -0.11813637370697, -0.20239138566316, -0.083669965252001
0.12657364055957, 0.069213534683944, -0.55999321595331, -0.13485220096943, -0.22964710749505, -0.07006338146890101
0.14622894120403, 0.076241827237731, -0.49248603792779, -0.16058316461887, -0.23642649641556, -0.061978939723192
0.15060522485487, 0.06675548514667401, -0.41298639493561, -0.14664454182462, -0.2770789147041, -0.048766363590118
0.16673996721407, 0.07823740161428401, -0.50792529018052, -0.16194457113001, -0.33390329847449, -0.037020926243636
0.11503023286175, 0.076716812638838, -0.49458640893838, -0.16339631606563, -0.25732542562981, -0.051589066895008
0.16903449081772, 0.06569758016400201, -0.41460618739205, -0.15961308253776, -0.2961652158813, -0.046264877816210005
0.1952054044005, 0.07063868602055101, -0.50256633660442, -0.16447095578108, -0.30387552594761, -0.040837895682095005
0.19538509946442, 0.074112701860038, -0.49851416267225, -0.16008660849285, -0.29633884799296, -0.041112952933769
0.17166614435082, 0.077844456551296, -0.48178512122933, -0.14365221959219, -0.25677117337614, -0.043132624678618
0.13880923528773, 0.06942354202902301, -0.3721032235602, -0.14004821248492, -0.22948537700809, -0.039940617701452005
0.12055435000325, 0.082716327366121, -0.36634313044074, -0.13205437854695, -0.25062709425842, -0.028124937837745
0.15288970886607, 0.05916480443472601, -0.48450298762163, -0.14958454139715, -0.25912800393124, -0.05256275923634401
0.16545197198761, 0.06293247103549801, -0.39760206540017, -0.15542395261693, -0.24535918617401, -0.035160662428944
0.18119453499323, 0.07126223254253901, -0.47204244025351, -0.1597427801155, -0.25424263526714, -0.034107084387946005
0.15029751397245, 0.083349569707464, -0.47546433534298, -0.15503291699868, -0.27809896944666, -0.033899901228095004
0.13906628298235, 0.077413375635783, -0.43409318082138, -0.15343424554805, -0.26664840433883, -0.029444310931128002
0.09823569957039101, 0.079594730517445, -0.39487909034897, -0.1590472111035, -0.28425616934308, -0.028290558660628
0.15288757456615, 0.077990378958199, -0.64772165285001, -0.16660908724873, -0.27158719903294, -0.045199822595263006
0.13054490570841, 0.073007642087675, -0.44890554912236, -0.15844704489150999, -0.27991117574855, -0.037752825944349006
0.15641728497775, 0.076839429672531, -0.45242697772151, -0.17187242233588, -0.27050014074764, -0.037310491653122
0.1492485438402, 0.077830083957517, -0.48860566677386, -0.16358769005797, -0.27054710644059, -0.030816649384986003
0.12110952328831, 0.07394537362976, -0.35721913763122, -0.15972811454803, -0.23256133192774, -0.039079114101485006
0.12391259789503, 0.08924923015116, -0.48901426698321, -0.15494911401077, -0.28846700171404, -0.037802966755499004
0.14016884052944, 0.06900192663778801, -0.53546659135995, -0.15348814820834, -0.27743263930988, -0.051463101091849005
0.14981248872278, 0.07595479805784401, -0.42880562743815, -0.15779540726474, -0.25405352670947, -0.049565080162775006
0.16423426940584, 0.080015265304663, -0.47725441779136, -0.1580977415659, -0.25638456963272, -0.04498131277728001
0.13411772799763, 0.08806165850800701, -0.41104543251745, -0.14424974517128, -0.25286072959153, -0.052356029857514
0.14612301310006, 0.08142967366577501, -0.42428378390452, -0.15562067879297, -0.24615728226387, -0.046964377042451
0.15378642628857, 0.07692441349928701, -0.44503042351532, -0.16054541908741, -0.25329734515336, -0.047037177961909
0.13836636280346, 0.069415868102866, -0.41380674454643, -0.15475003791256, -0.26239369297668, -0.051112222350335
0.10232682963951, 0.07260125972275201, -0.54322175241512, -0.1382222491626, -0.23089389137588, -0.06005353606042001
0.08557844544333301, 0.07112558903230101, -0.59581004376736, -0.13805912836278, -0.2196523659014, -0.08787755568295201
0.11918722429385, 0.070070827241705, -0.47711012758982, -0.1439922860461, -0.20653332080476, -0.06270295540536601
0.14869719799732, 0.07556823644480501, -0.52567973980342, -0.1678963503878, -0.22662411576157, -0.051433251308372
0.14804161855608, 0.080811016914948, -0.48298900612378, -0.16378815200354999, -0.28935677726495, -0.044861474284180004
0.12612789040259, 0.08094173002461201, -0.43379369747897, -0.16589168825901, -0.29355086008872, -0.045466406613724
0.12814474199163, 0.081974990301881, -0.39443887937142, -0.16976461401551, -0.28370993569149, -0.04676628162811201
0.11457470442414, 0.07622300078571101, -0.38724404350056, -0.15377762106804, -0.28368632691866, -0.048444986622008
0.14531151063043, 0.082888922628139, -0.56576975022191, -0.16214124603924, -0.29571810970069, -0.037514682656722004
0.093970694057548, 0.090626611818307, -0.43872998666832, -0.15807787256313, -0.19464903778747, -0.050542148719353
0.14723570712286, 0.069092691584451, -0.46130690652417, -0.169057402295, -0.25768418841044, -0.045581276447057006
0.21159253307469, 0.07200973635353601, -0.59073227508679, -0.18208586820443, -0.25925121701169, -0.041298904218951
0.19479428681854, 0.06969466827785101, -0.57720469352727, -0.17357305650374, -0.28897901049945, -0.042690940450631
0.20202012050502, 0.07387074012599201, -0.56082974920441, -0.16157757855658, -0.2501170585191, -0.03672935863909
0.13399993850494, 0.06395214584617001, -0.49015329885393, -0.15350787932982, -0.23946905818054, -0.051042384898212
0.07617599356747301, 0.063473249217408, -0.40447779919078, -0.14416892476949, -0.24521747143168, -0.052206974436180005
0.13645486932213, 0.064866315427498, -0.56319546663981, -0.15564483083494, -0.33489497949022, -0.054423987651357
0.11211258839714, 0.052203744384056006, -0.44319660596894, -0.13658077105777, -0.30573044020854, -0.060705943839367005
0.17003062439212, 0.064017759869225, -0.42866574863612, -0.15466801592615, -0.32746483822037, -0.038754125678971005
0.17922758680507, 0.06927573400845201, -0.46320908902578, -0.14839341967097, -0.27633236699042, -0.027855296974995003
0.17353751696979, 0.06936035820368601, -0.49471199036033, -0.1419823647035, -0.34345082937912, -0.015914633409266
0.12362307414328, 0.06825963491287501, -0.16147290702363, -0.14113477502098, -0.30017543330447, -0.024083342717617
0.14336130049761, 0.08480018036611901, -0.43543611468587, -0.13750888381135, -0.37472452072211, -0.021217020574896002
0.16141695978497, 0.065253190135773, -0.51757274228778, -0.15526271834101, -0.36058836382237, -0.036379265844206005
0.15938712597665, 0.075236437958541, -0.43096394938174, -0.15660883224425, -0.35429359681403, -0.031016470166649
0.15156685624215, 0.073294957342093, -0.4418390353375, -0.15350208300364, -0.35069992337833, -0.035786724412704
0.14067345624718, 0.072339441832573, -0.42306146735967, -0.14532697399223, -0.33607781889051, -0.037568548816646
0.10389525245224, 0.077108625110316, -0.28063037693394, -0.15097889903547, -0.31527584498319, -0.038404147887052
0.13476651669085, 0.065692236257615, -0.7208142865001, -0.13673729884684, -0.29926215676207, -0.068367423099415
0.13277998113539, 0.065036851869211, -0.54140382523979, -0.14932416565345, -0.37462604979915, -0.063968569671845
0.14205742658475, 0.074136678033505, -0.46489968331506, -0.15356725219247, -0.33606739771667, -0.04894851681732101
0.14604910283093, 0.076477953201096, -0.4430824720023, -0.17901768702696, -0.37157477502759, -0.045416023395248
0.13634182567984, 0.08165996389886801, -0.40996536862859, -0.17382963007121, -0.37919935754227, -0.042372375876419004
0.15268038489648, 0.080851325530034, -0.38081566540113, -0.17353176692432, -0.37096109113007, -0.045812533750922
0.14289005463341, 0.07300687023758701, -0.33582079266275, -0.16494938948767, -0.35203316924506, -0.044464191069588
0.13445221910809, 0.08226626868905901, -0.39201647181738, -0.16540398751106, -0.34290382371102, -0.036949282024920004
0.12800557273835, 0.08044970547205, -0.44953377863774, -0.16533280027042999, -0.2788981715775, -0.061993577434059005
0.11499276438108, 0.08195192791721101, -0.4379139922001, -0.1690071310683, -0.29320680646243, -0.04978495904863801
0.12347574669265, 0.07827128608690101, -0.45588403995335, -0.16842260691984, -0.276671314418, -0.05067660504144501
0.12946201293313, 0.08016452064893201, -0.47503182711175, -0.16180283195594, -0.27980702355109, -0.048965936553867
0.15325848878809, 0.074226895593197, -0.5144813769835, -0.16707758046712, -0.26479387050059, -0.04992909172400101
0.13922184212432, 0.073044422278875, -0.58202392239378, -0.15620743806654, -0.240242826647, -0.06151338495950601
0.13901510445464, 0.058176517572091004, -0.5939305521328, -0.11547855918947, -0.17831384787425, -0.062855492031703
0.14606824427752, 0.084677373387619, -0.5935686290171, -0.15717090477626, -0.2258671214086, -0.048464754472126004
0.13383734915005, 0.070957843601451, -0.42183086477708, -0.15786765412775, -0.25076872378963, -0.039472646324922006
0.20787679216567, 0.07200876563412201, -0.4512609267644, -0.17474576501018, -0.30182560157918, -0.038511097885660005
0.20485678626989, 0.07476918789091401, -0.39928889175572, -0.17062904073557, -0.35010347139274, -0.031991741008063006
0.17118773270602, 0.07592303928622901, -0.30647608401044, -0.14601964022229, -0.28798353324109, -0.024747901861304003
0.11164598093914, 0.082627863538411, -0.26172437863106, -0.15512329011655, -0.26840654371461, -0.023921502424411
0.17959956280937, 0.06531843697849, -0.48096086165482, -0.15164685606368, -0.29041122868693, -0.04967645951220501
0.16358753442214, 0.06533956642647801, -0.38248682415431, -0.15874302756224, -0.280043012313, -0.039000537516936
