Pichu
0.0, 0.0, 0.0, 0.0, 0.0, 0.0
-0.087038292869919, -0.031784893022848, 0.15421493047764, -0.0014148159863387, 0.1188779623238, 0.015077164793155
-0.068786949218942, -0.011247140616516, 0.14063292551839, 0.023496676022171002, 0.09825738799750301, 0.032417439608771005
-0.012646339591844, 0.028602708850778, 0.013037635515172001, 0.047281935304320004, 0.026689864417948003, 0.019840524561114
0.09954279478937901, 0.031825615328639, -0.22965109236289, 0.020269654077578, -0.09497520139240001, 0.0034424599771621
0.12848770929016, 0.0075478718196753, -0.38889975815831, 0.023920528907244002, -0.09801238792793901, 0.0014818312487314
0.07786997575851601, 0.0011919688610315, -0.26670128387979, 0.020525342507219, -0.042906020922787, -0.010672727122943001
0.07015517415110101, 0.006215146269651, -0.3013355243744, 0.025984843692623, -0.066281988702291, 0.025151196060605
0.018374925477783, 0.023638329607819003, -0.28664499323361, 0.09882342835091901, -0.052302382866918004, 0.16686218724911
-0.26840848598644, 0.058765953214986004, 0.3860160899755, 0.24442185442224, 0.16219221229138, 0.41885531211418
-0.042827931465808, 0.12310596944793, 0.07814581749537601, 0.36583649520577, -0.048804030242285, 0.50591604515306
0.08284938855737001, 0.15610812884402, -0.31346676190455, 0.37789678362598, -0.23507867641165, 0.48945387652411
0.099633672833335, 0.045682127210882, -0.24318425554232, 0.078306701208861, -0.25292026030596, 0.23897292568383
-0.065231937437544, -0.08516609935607401, -0.71116413491956, -0.29120581618951, -0.52722781986195, -0.18333822663959
-0.08614984708640101, -0.316885030496, -0.71844828113632, -0.87775199686053, -0.73506806328207, -0.65535103060654
-0.07676400316376601, -0.55568507707755, -0.55194579004932, -1.6209031632023296, -1.0825486229753547, -1.016480865014992
-0.033997764716827, -0.82152775260905, -0.43700932370336, -2.2631005356737814, -1.2861905222698333, -1.2584702603748597
-0.017522112880023002, -0.90671745791872, -0.44614002654173, -2.3995231283108014, -1.3531062984720805, -1.2031742440230748
0.076424014960165, -0.77417710940522, -0.58904082194207, -1.836956717143919, -0.97700607971942, -0.85594793188794
0.052852585566660004, -0.56439989038368, -0.89689334581098, -1.1034468869263931, -0.73313337187727, -0.43539678194481
0.22054485171187, -0.37600209780738, -0.77106009725302, -0.52338327354482, -0.57105116865469, -0.03571305122922
0.14973786126281, -0.15933163562461, -0.49445472352377, 0.11671323041741, -0.38212252142393, 0.60204188034232
-0.000355429609949, 0.033007087003307005, -0.054651260541491005, 0.5491210629865, -0.29665521603350997, 1.2120795539215268
0.021726473642419003, 0.16737421669597, -0.0052989701722244, 0.87666818961596, -0.24270009411394, 1.6242243765749038
-0.07974945396728, 0.29912624077306, 0.18990735200734, 1.135567492460316, -0.29390238094756, 2.1696902505906053
-0.089199370540019, 0.45305038969397, 0.15776813659201, 1.1832306509782802, -0.47861734425471, 2.676294795999076
0.033451834809588, 0.29344673696039, 0.028412659421045, 1.0272901159209613, -0.52412794965742, 1.8724997133953247
-0.083940358689312, 0.17683413205654, -0.051874499771612, 0.97588817223032, -0.84622792968676, 1.0861894451528504
-0.34332147468896, 0.14726993987385, 0.14891515217822, 0.96898951202147, -1.1723343921518463, 0.77775597017173
-0.22383574470788, 0.15423002324235, 0.09474527370853701, 0.89031152520024, -1.1190122398515767, 0.70350000021744
0.28478816437663, 0.2509374804948, -0.66797395736642, 0.82333546784834, -0.42322157288428, 0.8012841430525
0.26017053068082, 0.30537855731852, -1.2623593017245245, 0.76763587886491, 0.09524373289489, 0.98982473525905
0.19851376925515, 0.30425487503654, -1.5509323409185396, 0.67750849011472, 0.5813552226291, 1.0664821744334885
-0.26422682211373, 0.30733873263195, -1.89097572554461, 0.63333975806519, 1.6545829325785069, 1.1707861614808974
-1.1277789803270875, 0.22629945896279, -2.646238874903119, 0.62341094149291, 3.3393412033351026, 1.350071734838734
-1.7352170827890414, 0.085721880335137, -3.576395954189765, 0.65085702314424, 4.676779299450974, 1.386582492127686
-1.8336580482592766, -0.052366572085653006, -3.954715656806475, 0.7711150217361, 4.979492689641375, 1.1022286156388474
-1.29106568204914, -0.10925773345824, -3.7127380170690176, 1.0235803783299882, 4.012820709602067, 0.62016932049969
-0.53254907839577, -0.037214325913479, -2.870350331952698, 0.64970044342101, 2.3846581802422753, 0.66404644659036
-0.26228143305562, 0.078326179898901, -2.3936654274935263, 0.2748970482078, 1.0219420903272167, 1.3172214305731662
-0.25391591532106, -0.074406305115815, -1.5314330178950162, 0.4552714073228, 0.17117184373794, 1.0737922552392
-0.15127350662762, -0.24000658117143, -0.66721883018428, 0.68211550659501, -0.35903775681703, 0.30958526543171
0.24070180915269, -0.36420226784208, -0.7145749908825, 0.68193374140933, -0.79886661124924, -0.44516093729114
0.86880958790881, -0.48345382424853, -0.86577488643471, 0.39450452504754, -1.9501542318302683, -0.87539271217896
1.5819404034148028, -0.19362352065807, -0.62355646259016, -0.13821642040984, -2.202180935321625, 0.3802331116306
2.213488378852258, 0.30161174461967, -0.75705105407545, -0.55316418730023, -2.208839236453084, 2.930068669876725
2.589865853211393, 0.017808842792135002, -0.40900600230999, -0.16533264001189, -1.8569641954208567, 1.952160068440894
2.357097144117752, -0.45041597668365, -0.43157574792667, 0.33328988931892, -1.6089705633581575, 0.048757633464282
1.88533622013772, -0.65803132912073, 0.06446893973491001, 0.42693897475571, -1.9409453641675296, -1.064725059006688
1.4938257554344305, -0.60785508536364, 0.84294269536378, 0.40238694132649, -2.8975995067139992, -1.2106524774455731
1.4289462940628463, -0.50958062535713, 1.1603667707052345, 0.32060334988231, -3.3644810039829576, -1.087853436988164
1.4036775644538408, -0.29481498462615, 0.25766406493806, 0.33463326915138, -2.237583864562611, -0.37553993435682
1.299635609397525, -0.15596775192392, -0.78808634648364, 0.48180592781379, -1.3469872067088284, 0.24125080983789
1.3614945155233427, -0.11265605416059, -1.227895074381967, 0.45460778037935, -0.75931742429284, 0.36864429644094
1.19930441914705, -0.096636857419738, -1.413192327239266, 0.46463751961947, -0.49475194350218, 0.48728922920056
1.1251154492352409, -0.08235932789256101, -1.6908551010375394, 0.47698675254556, -0.24210673100797, 0.55315521055299
0.96012069203486, -0.051735133475184006, -1.979882523993931, 0.46695652710333, 0.10396658816458, 0.6815707680412
0.83916578626255, -0.043181685352211, -2.1752135207400443, 0.45033369740267, 0.3967235984299, 0.77446985794236
0.8462424872969, -0.048490944276331, -2.0969836578355063, 0.43748443392025, 0.57278906272838, 0.80345942524317
0.8920506335012099, -0.060315210639105006, -1.8785058658597338, 0.49462172030302, 0.21726074688252, 0.68296371131763
0.77577456949533, -0.09462266565911401, -1.7073712735881188, 0.53496464235471, -0.014447626741593, 0.58136601227042
0.71742711464428, -0.10157629230972, -1.6196505796743355, 0.48658361093884, -0.051368519899762, 0.55415810134696
0.80819405194657, -0.10317725280883, -1.8146252083432521, 0.49335803708963, -0.12194359205321, 0.39893093969983
0.76464652848331, -0.26696173295875, -2.058136263722158, 0.25186433981374, 0.16524770479801, -0.20007161236662
0.62075501227854, -0.44503751238775, -2.518517045614461, 0.012435974044663001, 0.41546843700952, -0.90659104130051
0.4524119813352, -0.50645027585406, -2.6138712904386807, -0.030108056524692003, 0.55804934753941, -1.0881722025878402
0.51212338468216, -0.37214926581514, -2.3766836860735974, 0.090926570862405, 0.39087870352362, -0.66827931935504
0.62881188574995, -0.25121102816364, -1.8952901102028061, 0.21141478222979, 0.19825564618517, -0.14939645194741
0.58689815434881, -0.16664957434292, -1.7273901629646573, 0.21307937215003, 0.026453774081436003, 0.18468419206477
0.56491470838999, -0.079338398470436, -1.5683154059001925, 0.20147234068075, -0.12504196224602, 0.51397380286972
0.51942739284126, -0.014463101002219002, -1.4941140362780316, 0.17352225566054, -0.23198444472577, 0.81132964899404
0.48953836507923, 0.028980566599995, -1.6790056365731205, 0.05277430702587001, -0.39764829981936, 1.18376674308413
0.48820928969688, -0.06446514708952, -1.7550089353685756, 0.09171005454075201, -0.35264824574052, 0.81550198019022
0.42873509854772, -0.11245419523437, -1.4053815338330364, 0.21575989462733, -0.48062412934753, 0.43865768736977
0.48647379529385, -0.084179006682237, -1.3727297890333934, 0.25554874028062, -0.38219491501009, 0.40524268026485
0.61990397885867, -0.074567271520436, -1.6217423106885667, 0.19791304454016, -0.14725306886551, 0.41719933449765
0.6538073503118, -0.013156266761895002, -2.0018954717424124, 0.22182129904033, 0.27329646831565, 0.54336456950999
0.66964470958943, -0.0043221585470588, -1.864539115747101, 0.32544388817147, 0.34216611065162, 0.65406846113063
0.61338668168171, 0.062583659803101, -1.7765956677772687, 0.47417584044252997, 0.17061987840955, 0.92594159899702
0.50393997162443, 0.16912687149245, -1.7007104822158783, 0.5756545954091, -0.021716194144892002, 1.5865203740590077
0.50447761988919, 0.14526469358101, -1.6051787242306117, 0.50525704940281, -0.042680627685233, 1.4521289850012582
0.55187084779321, 0.024217052780493003, -1.671249113759273, 0.40888043861087, -0.08837168323552201, 0.73641590537806
0.53209096156336, -0.021477083981652, -1.6553849118034467, 0.37777825430272, -0.11877635574581, 0.43502529372953
0.5787213102269, -0.0053594165470742, -1.6879472956818022, 0.40352165088049, -0.13430950253757, 0.47307565185686
0.60409323500541, 0.0007705774979525, -1.7339112733089115, 0.43631810317866, -0.17961688305008, 0.53155630439818
0.54145078646671, -0.08063506700603501, -1.417795381491552, 0.44243114210056, -0.11169430097382, 0.18844478191431
0.46679232626818, -0.22957827222684, -1.557520717133944, 0.3395738049824, -0.27874403320949, -0.62116900812553
0.41788244162242, -0.22464382846668, -1.5371104074685438, 0.35811797034186, -0.25602889983852, -0.63024779012822
0.55164779086926, -0.18527115877403, -1.609242975418462, 0.31061065339549, -0.20530924918677, -0.47890801040185
0.51230443276873, -0.1822547165125, -1.6637087316279433, 0.29535422328911, -0.12751320822017, -0.3600574412887
0.55228307829488, -0.11160761345957, -1.6076977966539308, 0.4369329004051, -0.15120931457586, 0.0018223501590241
0.51042476262303, 0.017862523654525002, -1.597563923015041, 0.56769196540843, -0.16189802533817, 0.72990703389523
0.44516721204179, 0.08084330990381401, -1.5176562685232995, 0.60991883484466, -0.11053174279952, 1.1486380476249771
0.45658867814754, 0.11735215561757, -1.5315028851826646, 0.68598205587592, -0.10849190430273, 1.3335260050011686
0.51733655258686, 0.10613161480438, -1.5754082379698353, 0.66942715438533, -0.074892728102917, 1.2250890342638556
0.57663651428781, 0.11249045908899, -1.5449948909051339, 0.62287590761014, -0.031596548609056, 0.94266089156691
0.56835936263894, 0.015734786260746002, -1.6200966674166817, 0.65374583245723, -0.12560396379367, 0.43467430317489
0.46750991963094, -0.11327896711178, -1.3782243586687735, 0.50466639309015, -0.26660660091419, -0.23595480890607
0.41675303590475, -0.13746124695858, -1.369021665069107, 0.41033294267745, -0.28715793879391, -0.46802930308789
0.48862259736999, -0.13504548442058, -1.444954521671904, 0.38406627115328, -0.30575216148454, -0.34390874523612
0.5265450819995, -0.081068614791183, -2.002488671523191, 0.38912866172298, 0.10290286502285, -0.11057486642781
-0.057124784377715, -0.030401810611686002, -3.9240806638812895, 0.4405519782207, 0.93189742918888, 0.18574136021047
-1.090692176149671, -0.04683685672645, -5.808542258289774, 0.49549603806446, 2.8646241205875453, 0.48569868995627
-2.625584627285009, -0.037606410138436006, -7.46900206469658, 0.75497239943266, 6.166139588425467, 0.70102790041041
-3.089275664916665, -0.09209142544092501, -8.232534422220727, 0.61540858636839, 7.332411908981674, 0.89635625939543
-0.48851634343119, -0.0008862006642611, -6.4563655155161905, 0.66359214587229, 2.5213313093093097, 0.66635427570892
0.53591883459909, -0.0026456244405473, -4.828253982536994, 0.45645493132451, 0.96115384340506, 0.59909795002641
0.69558850513829, -0.051125341490781004, -3.291456144622317, 0.28822940244375, 0.6681766097088, 0.39007628879456
0.67109804951637, -0.09457272955788701, -2.1888602482324795, 0.24237954604926, 0.43855471294711, 0.2952946380947
0.66924715567389, -0.11632902047755, -2.10298295190955, 0.26289919735496, 0.26451054212135, 0.29932286977969
0.69260959027743, -0.069938285648883, -2.015796578314043, 0.26367496383886, 0.36538181357732, 0.32077806046854
0.7885048653697599, -0.099336422230289, -2.3307365993605234, 0.26578667021628, 0.15997673727589, 0.29894781705625
0.7337961698731, -0.08467827353512701, -2.295594728786475, 0.31585438405888, 0.098576815752032, 0.30684353539747
0.81161273618184, -0.06520038759296401, -2.342537829666668, 0.24715457554775, 0.034723457648903, 0.36378261717772997
1.3911273511385376, -0.06451185710255701, -2.0480047035069955, -0.08838378193346101, -0.35435513492139, 0.27352968897542
1.8849120851855352, -0.16468684405609, -1.1085322453308335, -0.61811198594713, -1.0795627948789868, 0.077635194360873
2.095502535279431, -0.31347618400455, -0.33179750012357, -0.90938183787113, -1.975625150460405, -0.049033566050904004
1.6344202927695946, -0.29599685312255, -0.71465764918602, -0.4664158432593, -1.7329624952723106, 0.13449761700878
1.3541609401500287, -0.19323902961699, -1.635047905462614, -0.1470079494049, -1.3548470788904556, 0.30786856446227
1.3883338621006394, -0.16072521807967, -2.203022044850779, -0.041549246786647, -0.89597547907539, 0.34077057674997
1.3408341305239664, -0.12915319511934, -2.3446706549316767, 0.013292879970521001, -0.76361219532383, 0.33745074968042
1.3467169020559802, -0.10368356183587, -2.3762837327540747, 0.053203253093323, -0.69739197222387, 0.33992928206683
1.2796621974957705, -0.08545635594299, -2.3546411246838748, 0.071229710413517, -0.75534227564416, 0.3439277918703
1.218551284515545, -0.0656703924874, -2.406922375858262, 0.12555196881243, -0.71671263446146, 0.35374827222201
1.184388983693376, -0.055128088174778, -2.4190682082501604, 0.14665744094495, -0.72132918010628, 0.35374373587687
1.1593508401020867, -0.054982401760421004, -2.4259811340096302, 0.13502372598672, -0.65678353781476, 0.36021223912035
1.1133348458954613, -0.062429678911073004, -2.32742766960434, 0.13420243684986, -0.59924421316761, 0.36007413754981
1.1108441081807032, -0.06541495403007301, -2.3629227313762886, 0.13517165090122, -0.62124959794218, 0.35870396885822
1.1337530108094027, -0.064935056368898, -2.4253924757852645, 0.12524519168987, -0.65531258465974, 0.35495608808417
1.1769391877362885, -0.06270430511064, -2.5539535965649085, 0.1419434688404, -0.7529877784896, 0.35019589329848
1.2220494533835098, -0.054477299515415, -2.5681908562087408, 0.14385124836134, -0.72460842050182, 0.35639304222107
1.1552573758591609, -0.053129815921764, -2.4442372327857025, 0.14925128090197, -0.65074859112468, 0.3517886484495
1.0805305821226003, -0.052492855797499, -2.3106310989744756, 0.15123093485835, -0.58345903120304, 0.34489667111767
1.0453904183750646, -0.05023162667545401, -2.251450850670694, 0.15513035437607, -0.571482584498, 0.34707521575879
1.0464080812029253, -0.051351794818048004, -2.276490719402516, 0.15171989619373, -0.60808353555422, 0.34722729586119
1.016031178245419, -0.058349277517346004, -2.2904315432053233, 0.15069902024431, -0.57647653328758, 0.35609779332073
0.94791635940318, -0.054612008578226005, -2.127787785634899, 0.16068240532265, -0.4771117478658, 0.35661596505604
0.92011898153965, -0.053265550314042, -2.07443933692422, 0.15057652862073, -0.44778331583402, 0.35175112138437
0.90399661245887, -0.052761818815041, -2.086346686892707, 0.16389364043672, -0.47610152547141, 0.34832002383347
0.94245006275994, -0.042218454040554, -2.1861948784956464, 0.16666063401044, -0.54312655016013, 0.35482336674033
0.94146747643658, -0.048543831778003005, -2.172265779695448, 0.16595862005781, -0.50105649177201, 0.35422281260415
0.89503374118131, -0.043275443488292, -2.0309860520550145, 0.17250470934501, -0.42545290666638, 0.35252806785847
0.88414415925657, -0.046484239135020006, -2.0265130583294546, 0.1706712181815, -0.406537810536, 0.34658851016921
0.8735585709411, -0.046652387100367, -2.0245922695442116, 0.17927647777069, -0.4254136000893, 0.34758046102816
0.8716961854902, -0.041632099495618004, -2.120679924347258, 0.18034083130898, -0.47776335600107, 0.34927778936245
0.90286466529963, -0.053104570742068, -2.0958222859385938, 0.1755869334024, -0.42563070716402, 0.34800111872846
0.84206951022734, -0.040642599644859, -1.9210465451208878, 0.18676626507833, -0.3413394317803, 0.35280679152278
0.8298673266997, -0.040609600684201004, -1.9028131605082053, 0.17489916443832, -0.33310275952177, 0.34807968754583
0.83225468881013, -0.039124678145194006, -1.9605032641116424, 0.18028722069896, -0.3525815812673, 0.35086563966104
0.86425205963808, -0.039253348313781, -2.0577027417867715, 0.18723372488019, -0.44253249085043, 0.34643043867012
0.93019048454394, -0.040691400455119, -2.1198133314486487, 0.17948901180138, -0.44008770510899, 0.34297611462752
0.86803465410405, -0.039178350139751, -1.9751097891895377, 0.18557566055861, -0.33585381544216, 0.34445990886042
0.86114111982673, -0.041302743401609006, -1.9111754205997697, 0.17760486869385, -0.32430906709128, 0.34897338010074
0.83816920457261, -0.039326810192569006, -1.9012924820056778, 0.18238865595674, -0.3210644058687, 0.34933467868719
0.86155699965342, -0.040546289068408, -1.9643108520534958, 0.18387294693416, -0.35636241398577, 0.33677264798008
0.87926256109996, -0.043911925245468005, -1.9126483917865928, 0.1763343234523, -0.32416884097392, 0.33455127580226
0.84152829745568, -0.042240312012311, -1.939909801744217, 0.18170559653889, -0.32532788835861, 0.34025742890324
0.82908473148788, -0.038338082062506, -1.8914800976170971, 0.1831032686267, -0.29539420439398, 0.34685785049548
0.80974445936844, -0.034805631833565005, -1.8684883301920396, 0.17714740627854, -0.28124907364474, 0.34688330998357
0.81670196449347, -0.038618131023171, -1.8718682545590584, 0.18866259519289, -0.30593394661203, 0.34198898679225
0.78830223800585, -0.041546351152596, -1.8211364933706295, 0.17429841066068, -0.2801242590215, 0.33176791215069
0.79151471052618, -0.043052861688882005, -1.8923321759294, 0.1906910083005, -0.29728518690452, 0.32997161836538
0.7981528794344, -0.044311900181959005, -1.855017387182527, 0.18545438124011, -0.27866300334515, 0.33582629521361
0.79631753400265, -0.039223765984243, -1.8121585253296477, 0.18108332821153, -0.25263171014335, 0.34110244061806
0.76886793084049, -0.037777154537407, -1.8178234441220928, 0.18652149828829, -0.27609869110942, 0.33789352365989
0.78531151466771, -0.035116177370967006, -1.8341231398177267, 0.18394326775041, -0.2972528250739, 0.34408938109622
0.7834830400442, -0.037296607406696006, -1.8467045984574104, 0.18276541094978999, -0.27815476417168, 0.34692720577924
0.73595284189452, -0.035749209423126004, -1.7196007103901891, 0.1912070671475, -0.20123733521899, 0.34890153573653
0.74947509457928, -0.03740412180581, -1.7576393244745827, 0.18158546141395, -0.24084157558382, 0.34904822629914
0.76718548446013, -0.028934167488345004, -1.8392563434950508, 0.19719962598503, -0.27746645287959, 0.34340991287358
0.77827405260322, -0.032386769774315004, -1.8858521846891465, 0.19719048361582, -0.29982824536124, 0.33135970007654
0.77454021248591, -0.032256443307964004, -1.8556629357289816, 0.19225028863509, -0.26026639076961, 0.33652775747415
0.71104293125267, -0.022756929827415003, -1.7297833039681065, 0.19963591875777, -0.16508366935229, 0.34375302287861
0.70611707955471, -0.025728482609384002, -1.7225434058400657, 0.19627483244615, -0.1968949164978, 0.34327631920631
0.76784399753415, -0.026504242543651003, -1.851283961671396, 0.19555773138006, -0.23147006537922, 0.34147036708274
0.78160476516185, -0.027627033346244, -1.9363391878628058, 0.19762235394318, -0.29567820679691, 0.33657109986704
0.79840067616522, -0.033416201700277, -1.9159884312403608, 0.18870011236452, -0.2774047374764, 0.33346656795046997
0.79277602858679, -0.025789594097146002, -1.9011155184206083, 0.20084968852078, -0.23080337153039, 0.34450021941559
0.75687982998258, -0.033756592014199005, -1.8113876679854242, 0.19655745336184, -0.18814951461355, 0.34250457826094
0.78183459606011, -0.03199488043273, -1.8182526197352655, 0.19285618155913, -0.20118692910426, 0.33977867196604
0.78861210172822, -0.029750860343984, -1.8221952135268231, 0.19612700323889, -0.23891753172931, 0.33882097573089
0.76551443091131, -0.033550703269850005, -1.7407066109897698, 0.19951660474734, -0.20082627266923, 0.33892917787542
0.75518247118794, -0.029469634314506003, -1.762622554825212, 0.19688076994852, -0.18817396873396, 0.34253127451726
0.75834226721028, -0.032372026846436, -1.8423889542705414, 0.19309846525929, -0.21038178987763, 0.34248760242552
0.75802892659417, -0.03241675084607, -1.8201336338694993, 0.19632321500501, -0.19315946012465, 0.34356689169237
0.74321765674004, -0.030432923525017003, -1.7488407910023982, 0.21399956904188, -0.16268526028124, 0.35228126164133
0.73666007431189, -0.028933821556549003, -1.730425592168592, 0.20607274641096, -0.20459079011105, 0.35372982720317
0.74557202154398, -0.028008649718554, -1.7946767138549657, 0.20596915172562, -0.20426404120105, 0.35504701747112
0.74996645719942, -0.025365450189250002, -1.7996196519645549, 0.21188214819083, -0.1829712272828, 0.35392753437233
0.72037845423037, -0.026281473462025, -1.7728307404080634, 0.2123769589224, -0.1583597749105, 0.3539455031885
0.71085194189597, -0.027722565504911003, -1.7540137275912837, 0.21514008965383, -0.16623013182529, 0.35418786407042
0.72438830842596, -0.025995531168371003, -1.7910786793136264, 0.22432083363399, -0.20620377187503, 0.35502610666538
0.73832106360587, -0.028533142961521003, -1.8133286434625946, 0.21981911739776, -0.19891230260364, 0.35635932691723
0.73455711001145, -0.027968015547791002, -1.803937530403332, 0.22648610862142, -0.17490611460203, 0.35779942221292
0.71193803085589, -0.021728752340899, -1.7573287392920836, 0.21956807883826, -0.14595438339129, 0.3665800060602
0.71408909677941, -0.028036682776654002, -1.7728328726914562, 0.21686782856547, -0.15085778870065, 0.36071700014371
0.72850537653013, -0.031725229814527, -1.8410250845474736, 0.23252561325637, -0.16051445478337, 0.34859723679664
0.73902234106345, -0.024694770027122, -1.8195118930388516, 0.22177219946111, -0.18550113792387, 0.35789792440655
0.7497709615367, -0.019818828351183003, -1.850964839774179, 0.22168606455316, -0.18645181966359, 0.35906632563037
0.73196287904655, -0.018802188552926, -1.8060905817823083, 0.23940332447026, -0.16684984736772, 0.34507927538591
0.72423278008198, -0.019240200325488, -1.8029518308322583, 0.21769542366644, -0.16023018993971, 0.34221161763897
0.73390393907507, -0.013820439129798, -1.82127555673707, 0.2315950524382, -0.19612525961529, 0.35389752079486
0.73343171414543, -0.027224687451168003, -1.8016423233291845, 0.22248832883623, -0.21084262212516, 0.3598601788956
0.76194969231231, -0.025353234524327, -1.8628201003209097, 0.22587929943773, -0.19043528172956, 0.35676607474478
0.74021516929471, -0.015893764589386, -1.8163263575351092, 0.24636785337728, -0.13724251075551, 0.36090589261614
0.7247659594854, -0.016969585887506, -1.8045971731953059, 0.22872305254724, -0.14615088401782, 0.36285100122869
0.73683071788956, -0.016375900278025, -1.8237303050171347, 0.23585414690492, -0.16900406896961, 0.36069957261173
0.7366124326616, -0.018394410922556, -1.8311442340856787, 0.2332519026104, -0.22426451656492, 0.36533047122305
0.76412485344261, -0.024856877376842, -1.855654107870552, 0.23285053642033, -0.17663496853296, 0.36143237348771
0.72976118153117, -0.023501983353149, -1.773115369146655, 0.23751394768845, -0.12471855970245, 0.36873370437998
0.71597676635703, -0.024906204833381, -1.7311354325316954, 0.24178601400106, -0.11407704838387, 0.37745771162495
0.76353536987252, -0.025647901735469002, -1.8130687967089156, 0.24593461243898, -0.16721265427567, 0.36482005138409
0.73375837788506, -0.028375991629271003, -1.8096932274885784, 0.24287341879305, -0.15040306535304, 0.36618011528289
0.69186726225058, -0.015067716182008, -1.6735310792289875, 0.24626705380115, -0.09658317975186201, 0.37522255502118
0.76985247022907, -0.0097807699264584, -1.94155718337902, 0.23322059737531, -0.20975501325004, 0.36730222104357
0.75083476338896, -0.015640283541176, -1.9092467924742018, 0.22408251602161, -0.19194403410042, 0.36440337924593
0.75523209478341, -0.020800567218195003, -1.8777708754737275, 0.22849646370213, -0.19901844806908, 0.35594055045804
0.73685161389031, -0.019109701828351002, -1.8379891269503719, 0.24055134374856, -0.20142811124007, 0.35645306723048
0.71450431533399, -0.017484335781946, -1.7952644503139141, 0.23769801913026, -0.17335731281634, 0.36282278881369
0.73476025157054, -0.015091409604663002, -1.8628732662187473, 0.25267931258278, -0.1793115982331, 0.36382913769819
0.73126631699291, -0.0175715087219, -1.8307433700823295, 0.24293877500525, -0.17107426643057, 0.36256744847893
0.72274672532054, -0.017035601364248, -1.8381295189666635, 0.23740056619795, -0.16563800771106, 0.36041726934357
0.72936985868184, -0.016370625483784002, -1.8551779056200044, 0.24377173032818, -0.18050708549413, 0.35959114135244
0.71570523050396, -0.017781461063689, -1.7937545841795561, 0.23255522517028, -0.15298982309155, 0.36019975443823
0.74191757145165, -0.014455360050258001, -1.83938530764594, 0.24529027684017, -0.16767538016457, 0.36338305394401
0.72762878984689, -0.014797340215566002, -1.8140709673346875, 0.25237546446538, -0.13550229232526, 0.357785696973
0.73328652896992, -0.011652848737266, -1.8105572277807158, 0.24929115870926, -0.11943052172095, 0.36007539906432
0.72776544773332, -0.01030948461145, -1.8152327797015624, 0.24664294008728, -0.16894451959026, 0.36158442342874
0.74349243882943, -0.016376955750688, -1.8253089525473012, 0.24365619369022, -0.17898810627749, 0.36190683959471
0.75926123189725, -0.010997711978581001, -1.8523529406529227, 0.25063399310413, -0.13295512218911, 0.36009139281029
0.71637242067046, -0.011002028934576, -1.755265096310653, 0.25378610123859, -0.095298267131164, 0.36589918772264
0.74355453288294, -0.01468386998829, -1.7451426424664347, 0.23780204258626, -0.11482849692877, 0.36208162654864
0.7590421883617, -0.016399613397527, -1.7988613095025576, 0.2469183893251, -0.16498116653896, 0.35547003258394
0.75623562533824, -0.022244703595613, -1.7565805910937544, 0.24375877476639, -0.1484806077788, 0.35693796945282
0.73658679898047, -0.020821005256027002, -1.7607885372733434, 0.24421922984889, -0.12081866782156, 0.35777772016325
0.74913143031114, -0.012452807206579, -1.836316999907988, 0.24929605220401, -0.14057701199522, 0.36095644587254
0.73908079145007, -0.008822966310086, -1.8137791282741595, 0.24772406110748, -0.12676051750161, 0.36288377475535
0.73187820579223, -0.0088044788681738, -1.7990352251782862, 0.2575021713351, -0.15247166089309, 0.36434739077939
0.72367373141495, -0.017070172107023, -1.7630474819066686, 0.2454283350331, -0.13140831612103, 0.35879597985501
0.71685056552124, -0.016027932644174, -1.796612260659256, 0.25253175868453, -0.12394830816653, 0.3617262552345
0.73521013366229, -0.0099439433529057, -1.8379909585637357, 0.26043087946901, -0.14339740735741, 0.36059421560745
0.71752970722637, -0.0090571571983887, -1.7932671341677089, 0.25776330227489, -0.12844041017862, 0.36663014353116
0.71969593668199, -0.011053962600002002, -1.7983719888358418, 0.26082475433618, -0.12025558005483, 0.36271541525313
0.7177916864733, -0.0098381407363117, -1.7997566176974147, 0.26354574628747, -0.13457719617453, 0.35966027871348
0.73217418869727, -0.013000885725627001, -1.7889313256110855, 0.26658788651637, -0.12746115005106, 0.37075813705433
0.7347846183634, -0.010164875848988, -1.839311936575365, 0.2626834702844, -0.15335273509342, 0.36964776787741
0.72832461744732, -0.0069388871301526, -1.8190173537692917, 0.26161168719464, -0.13051827871175, 0.3701652942364
0.7337818071552, -0.0050556688095442, -1.8132890412183267, 0.27383560254214, -0.13051057163895, 0.36440679747017
0.72594761712427, 0.0014499071652355, -1.8344943266584022, 0.26949507398243, -0.15087089039691, 0.36271306679545
0.73417588461452, -0.010089988219356002, -1.7921568444184697, 0.26593634845726, -0.14270786967278, 0.36373155144206
0.74232176379489, -0.00074040579943, -1.831371073966601, 0.27331028293468, -0.13296196254772, 0.36996882770308
0.74278595622881, -0.0038321895087881, -1.8065968558483267, 0.28052685520147, -0.10907683179648, 0.35731071079056
0.72243152173884, 0.0019395240458953, -1.7615246869705894, 0.28657677504465, -0.063720300080565, 0.36262250607262
0.67076783707498, 0.0043924947074319, -1.7492500346706277, 0.29091546042651, -0.05862441033882101, 0.36112688025308
0.7156961869807, 0.0019674035197888, -1.834623380532734, 0.28430819042533, -0.15929023594071, 0.36898336222972
0.79613090872204, -0.019673682266080003, -1.9258150104207303, 0.26837043870653, -0.16233634556195, 0.35986420367291
0.80352349441262, -0.015665225094386, -1.8731520802385873, 0.25408989451884, -0.14271011420771, 0.3581502156782
0.78289187199351, -0.010392048401393001, -1.8134139481570986, 0.25649374425081, -0.12136631061817, 0.3603871064999
0.73398728669661, -0.0068829916745849, -1.728588750106691, 0.26379344770663, -0.08286477104652, 0.36110747249833
0.69191402518581, -0.0071010405177556, -1.607608031784629, 0.2727325297888, -0.036495516314511006, 0.3622902629211
0.66984545907246, 0.0006024038146811, -1.6115758757166632, 0.28802038351249, -0.029354772840273, 0.35809768086269
0.78009496053007, -0.0074066847707547, -1.9662205115684785, 0.2736360690909, -0.21412788236983, 0.36079458883314
0.80997269759869, -0.011643286755985001, -2.0251477287592747, 0.2601806882714, -0.22053013235601, 0.36322959415641
0.79103509241993, -0.0099589619317548, -1.9176174873439635, 0.2609325915388, -0.17935918943969, 0.36120984317511
0.58287691345804, -0.032385705170466, -1.3287205435699503, 0.33493655862372, -0.10512520682919, 0.34618504978334
0.44635545982149, -0.034984273756658, -1.5306088194138765, 0.30794820225307, -0.30184905162736, 0.33193461571346
0.67499760876306, -0.014725189949692002, -1.769365032543572, 0.3814178423951, -0.42264028718687, 0.31481480542464
0.78795480273353, -0.03982517288917, -2.0495359048837285, 0.36933199166949, -0.55579377751215, 0.32837668050849
0.76813038822921, 0.022617655960913002, -2.0046177265273375, 0.3986792956818, -0.40040549510243, 0.33782295018286
0.60674059508436, 0.0021131277249977, -1.8810409940892414, 0.35001843312118, -0.38980293332848, 0.34855925076139
0.91070032641236, 0.0036670205806652, -2.0750406802901176, 0.3517505848112, -0.52581940017904, 0.35751479375364
0.92550897413126, 0.011619827037530001, -2.083147910072132, 0.41995528583748, -0.49824717705421, 0.35404272348061
0.94293821672972, 0.064165955438823, -2.9419338744805836, 0.49217828496909, -0.87050588880174, 0.36502249747122
0.75412605120911, 0.019246788381340002, -2.333155595936038, 0.39906591790051, -0.53168372949187, 0.36395779281541
0.82283454061654, 0.039395915120177004, -2.3024805548030343, 0.41422843401367, -0.50477531654886, 0.37399180281416
0.7825157387718, 0.011457026301162, -2.2782122227723405, 0.38563939883476, -0.44846685183671, 0.376107442143
0.82756939201491, 0.019253805201467, -2.2779539531903654, 0.37911446820824, -0.38341487767342, 0.39817458014006
0.85395067315491, 0.037560113853365, -2.366434394568614, 0.40381821650909, -0.41105947539783, 0.3884539650861
0.92555479091881, 0.041724606770487005, -2.4769704801453347, 0.41602261484443, -0.5025949508185, 0.38197136267861
0.98650118978049, 0.033927594267156004, -2.5602283468835423, 0.40477102811026, -0.61459532303044, 0.36238799950942
0.80015541713901, -0.0042207743871057, -2.111554553973076, 0.39766052798422, -0.4597260666324, 0.36250680117773
0.65794774390291, -0.0074055831263738, -1.8936688534165238, 0.53565488325144, -0.73763714156841, 0.36294660180339
0.45038048254367, 0.026704786551707, -2.12304879617334, 0.49467229717482, -0.82607860980245, 0.3661497661301
0.63685615508758, 0.047913529545256, -2.179531654509614, 0.45080174300028, -0.68305956991244, 0.36868690993745
0.82702835323122, 0.046125091517073, -2.2188387172281256, 0.43607973089488, -0.57939300700246, 0.38076724442477
0.86422644723055, 0.052375980681753004, -2.253681521479227, 0.45221759967995, -0.65742165621073, 0.38050726041405
0.88575308081624, 0.039639390013059, -2.315215365908916, 0.45189447783401, -0.68291365047809, 0.37858759705372
0.80893175563967, 0.03286618932875, -2.389267466013415, 0.43743773787402, -0.64589690966539, 0.36404890561681
0.80430214718668, 0.043143743765725, -2.4746934176877664, 0.43932927343526, -0.69176176198311, 0.37665178927737
0.78496029939809, 0.039580515129337, -2.3400807071648484, 0.45569224224422, -0.62073973960926, 0.37280234106748
0.66801414309234, 0.018082078059871002, -2.027685174088858, 0.46657767000178, -0.59747596751825, 0.36187382181862
0.73904096551356, 0.0031239416766348, -2.1280831680373975, 0.4800694485888, -0.69601802718139, 0.36168844766996
0.83717768501455, 0.037389615401493, -2.3109368177385594, 0.52836578230572, -0.80598945847088, 0.33939052049364
0.7732940095943, 0.084059147258757, -2.5552734961039647, 0.52425527489882, -0.69733093398345, 0.37174322312772
0.66799291728803, 0.056893923489566005, -2.118517185273381, 0.46903063256254, -0.64716815794919, 0.39286431804826
0.88106906038475, 0.06832287247426201, -2.3260507612079193, 0.51643493937778, -0.82164672878439, 0.37586975141197
0.75738371822589, 0.07538897398400901, -2.0468379676686186, 0.49500716831901, -0.75465659692663, 0.36583110166431
0.85625988587529, 0.06822142501313501, -1.9457836193476528, 0.46793613808501, -0.73666218383574, 0.39682373774334
0.88070011770529, 0.07043682986360801, -1.9656015162238474, 0.46877823580511, -0.6188073688551, 0.38337338362182
0.93565971557762, 0.065015488800039, -1.996517098446039, 0.46142008377809, -0.63133117629258, 0.38743684455549
0.94440120402911, 0.054387047183493006, -2.0390143951378064, 0.45379347352502, -0.6079030894924, 0.39038460989612
0.95618739732434, 0.07239858507761, -2.1169425376992583, 0.42912306909783, -0.5553221326071, 0.39318307043877
0.83163562898923, 0.06067280258279101, -1.9431446336778702, 0.44448467670853, -0.46792071986407, 0.39214348335082
0.81567091269993, 0.053003088661702, -1.8943804241123945, 0.42194182807435, -0.4673158923852, 0.39560159983929
0.83290233183473, 0.055955024065942, -1.8431276835615897, 0.41191824878352, -0.41198882255854, 0.40588831489336
0.82025065520064, 0.049281573169302005, -1.8696494793383183, 0.41467616785503, -0.39782507542602, 0.40837444330629
0.79003478259106, 0.045852910953443, -1.874516550166707, 0.4225392663173, -0.3613704790723, 0.40832518917444
0.77856923755343, 0.047083171454061004, -1.919750799850779, 0.42886850031492, -0.44894099038474, 0.41014117907228
0.79319260978735, 0.048548946957645, -1.9756649698823932, 0.42455067937782, -0.4389716424721, 0.40767467665703
0.71267831454756, 0.04996071186230001, -1.8034489103102527, 0.42841422010854, -0.31112811743846, 0.41323256650682
0.65998510145756, 0.049631854334258006, -1.700822377255303, 0.41830200370942, -0.28143191216646, 0.41235257048737
0.68915611133296, 0.036275031712348006, -1.7806632675127665, 0.4333685823292, -0.38011348712893, 0.41251653870461
0.80930513011347, 0.048623477065976, -2.0544453688589597, 0.41525281506963, -0.50413197379354, 0.40026732041126
0.81086948111838, 0.057175727225126004, -2.071586089743016, 0.43202156641607, -0.48777813172919, 0.40430268250519
0.73671946044407, 0.05207537329933801, -1.9177927240744295, 0.42257060923635, -0.40334995908885, 0.39971303371793
0.74352949516704, 0.047911512860792003, -1.8457758454888387, 0.41845728986218, -0.37426379972727, 0.39906721016124
0.68178673892827, 0.052650629110639, -1.800807782652741, 0.44045536320011, -0.33315990339636997, 0.41069344711453
0.72112251886079, 0.046376551953421004, -1.7111164040256277, 0.42215708713952, -0.33870422229492, 0.40166506399031
0.67874240173717, 0.047269126945648006, -1.6999943824202466, 0.42426522037261, -0.25445881496106, 0.42030480950139
0.63066344144048, 0.036879306088320005, -1.5166559341084518, 0.41929462606632, -0.15878661054934, 0.42324411518443
0.66511234929681, 0.037700534594942006, -1.6448470143855232, 0.41982665117261, -0.30623739360866, 0.41499926389206
0.79512861722784, 0.05032469378438, -2.0171106992465826, 0.43882091519726, -0.45892460282077, 0.40422636245718
0.80297101606816, 0.050572823363237006, -1.901969935719188, 0.43726293528425, -0.41046491444841, 0.39924871451265
0.73672319025221, 0.05620968416012, -1.8067260568231225, 0.42556111013071, -0.23217506770946, 0.40784333094393
0.74283188749346, 0.036389652293634, -1.7017970346378308, 0.4065124932206, -0.29798177920709, 0.40262327894135
0.76440373139618, 0.041114642613444004, -1.814796833016703, 0.40948172771799, -0.29564652029669, 0.40315663089465
0.71801997811481, 0.040844559060868, -1.801573661457693, 0.43208693954799, -0.27943480042538, 0.39678337090942
0.70325598146611, 0.048232899316776004, -1.7491241585841952, 0.43238801754672, -0.29310783396893, 0.3979647570995
0.71926757673755, 0.048721795254685, -1.8254295749715856, 0.42333357094852, -0.3077597387001, 0.40587844633633
0.68070109507216, 0.036395813419643, -1.7187783561716288, 0.41304834375718, -0.24165938065245, 0.41201737385254
0.68520055576106, 0.038774103654905, -1.8116815769983317, 0.41854741529495, -0.30186579451232, 0.40884795461509
0.6995956080309, 0.051295584460578005, -1.8611671744090195, 0.44742394147716, -0.31714425846917, 0.40621747783528
0.68920349572958, 0.053828067254701004, -1.7697090218108114, 0.43622887547235, -0.27666579813027, 0.4058776292108
0.71829658642442, 0.041109600430882, -1.7619068395318207, 0.42032328030385, -0.29536349986883, 0.40615344467291
0.74135607857019, 0.045358702542897006, -1.7687846437670505, 0.41405871055522, -0.28644474009058, 0.40969970951584
0.68359073874534, 0.038163273386833, -1.702952382881315, 0.41639104900285, -0.26504404289342, 0.40798320218652
0.67041062220405, 0.036873550522237, -1.6178307662871174, 0.42467392314435, -0.23634381171942, 0.40757220705009
0.67268916298313, 0.038581501907703, -1.681070799587214, 0.42020992008186, -0.25795679518534, 0.4051422875654
0.67305136866904, 0.035661318261858005, -1.7353899170562581, 0.42598551034253, -0.28392885967036, 0.41220236210014
0.72168528543118, 0.047797172715256006, -1.7214035030959112, 0.41411140916227, -0.25296298779396, 0.41115718385108
0.6333266347402, 0.026065074741597003, -1.5667750788880328, 0.4048626391691, -0.13587770613769, 0.41474113408093
0.66108456842544, 0.045748696851527, -1.726255409203175, 0.43104683679331, -0.26478654502092, 0.40822846586493
0.7113976089717, 0.07004853263202901, -1.8805483333641895, 0.43336914398341, -0.31493263370223, 0.40750033995026
0.68411018776416, 0.075125621830815, -1.805924742060156, 0.45240043320441, -0.2438980383845, 0.4044936093743
0.71078406552686, 0.059599338923580006, -1.7607737149533598, 0.42280840588923, -0.26408064724265, 0.39929794286803
0.73558797741744, 0.05370503439714801, -1.7702947415966528, 0.41995624606702, -0.27479513356888, 0.39624880679704
0.71317249885763, 0.050215015585186006, -1.7660717257416139, 0.43557622487067, -0.26466180944747, 0.39683193659348
0.67070148281618, 0.044927891132317, -1.6729021239546373, 0.43009061578775, -0.21679416112696, 0.40121543249151
0.68074061869186, 0.05012966916163, -1.7585515684334532, 0.43366198286378, -0.26683654604605, 0.40219018363974
0.68947414246639, 0.057873040528888, -1.7446761996496931, 0.41739312896588, -0.2510288388012, 0.40279110388164
0.70239370212624, 0.060275372312230006, -1.7151864548261078, 0.40820196473866, -0.24327375086241, 0.40141418606453
0.68420200419518, 0.049409545041059, -1.7166102122289904, 0.43602542478929, -0.2311478846587, 0.39797515762036
0.6657748978879799, 0.053514235234673004, -1.616655108640659, 0.41658929691796, -0.19739765111447, 0.39482311085086
0.68462712441501, 0.047991068217733, -1.6808785462988862, 0.41797936909186, -0.2561968490718, 0.39634427674543
0.68554548453815, 0.043603868302924, -1.7022715133421993, 0.40696984624977, -0.23912013137795, 0.39221626733147
0.67009597158244, 0.051976224196774, -1.6689262740804767, 0.40593977076853, -0.22805777812696, 0.39694835021618
0.65959106805698, 0.044039617596667004, -1.6449943921318233, 0.41890943256061, -0.23402210587749, 0.38976182495758
0.58758116509764, 0.045212079810455004, -1.3164050310177802, 0.40811892532425, -0.082177712792405, 0.39508324465362
0.57358991303456, 0.043013870898526006, -0.96431459913555, 0.39891057528265, -0.0064168040599599995, 0.38097365526784
0.52081809073162, -0.06767515930409801, -0.74076550132795, 0.2091102858903, -0.18644509528077, 0.35370418136855
0.54511566544935, -0.04119057338367001, -0.72149062900563, 0.10750263373963, -0.21122688590242, 0.23098732937763
0.50939088460683, -0.09590289417582101, -0.75566779811986, 0.060009206454819004, -0.30782490893419, 0.22065291204586
0.70377165573258, -0.14275996999283, -0.9749121956081, 0.056903771458270004, -0.48509410683368, 0.24567748852967
0.65065482007022, -0.17641159519754, -0.93345094167737, 0.073350880612261, -0.47525605007995, 0.25011210280238
0.47400304942801, -0.12710160686503, -0.40694418811085, -0.07069143383443101, -0.60301087401075, 0.15742438669509
0.44119890744836, -0.24233131804039, 0.076448550003976, -0.50042529960465, -0.5816747965661, -0.26996019073708
0.7532032509932, -0.69471473516147, 0.1235794711184, -1.4484347129542408, -1.116490060672649, -1.1619399576088256
1.0524260920828175, -1.421945453125753, 0.13174187007288, -2.577864991825982, -1.5533538237322466, -2.0839355329738583
1.1623429834074681, -1.4702685737779866, -0.05056617222393801, -2.641161324456409, -1.6889277814020829, -1.8669130737211088
1.0159830250684134, -0.70413639499975, -1.0582526694780812, -1.1182339080931682, -1.148558399647162, -0.33051216881449
0.99323990924241, 0.10300933367152, -1.6055915232144482, 0.09339681038787001, -0.66835435942923, 1.4573589193009584
0.98316507263358, 0.54981637379425, -1.7329152504615015, 0.7247621359924, -0.39715727133688, 2.1938664141652486
1.1396093627454709, 0.2432378581767, -1.3794378956935207, 0.46366364048899, -0.43321063153176, 1.018185870356692
1.009449571717696, 0.06457683573199201, -1.3278936480417682, 0.34652541595143, -0.52578390470487, 0.27573799546869
0.98169493823372, 0.039850299450370004, -1.3106534999920993, 0.38443185029251, -0.42336111230263, 0.43434190906369
0.94155742866006, 0.074062404608914, -1.7268508641252422, 0.44987448516049, -0.308439712962, 0.5938348152045
0.79348679778611, 0.054780903701013, -2.107603848547938, 0.53753031898618, -0.29125935496672, 0.62785799701974
0.95074829098942, 0.057077824165390006, -2.353684787189157, 0.56619919230746, -0.46726565643683, 0.6123260128039
0.89874464783294, 0.02855401791703, -2.147997399217612, 0.59000370804585, -0.45706328410995, 0.49337755344614
0.91561427648594, 0.015082500922882, -2.1662834401827356, 0.60092514336722, -0.53282522407716, 0.33001588100919
0.85549131094166, 0.006090003497637, -2.1828764323961956, 0.58814028678164, -0.54854940959114, 0.31170327627622
0.86746325182023, 0.025157799783198, -2.155433263807155, 0.55359818992509, -0.55981614843946, 0.38959053540675
0.87962550801321, 0.012224008514943001, -1.9138948913468787, 0.52748426800383, -0.43570523975463, 0.42625167268667
0.90546592588043, 0.031123711182070003, -1.9564682815882035, 0.53187945968383, -0.47321407375932, 0.45508915829266
0.90440138143332, 0.047752848609571005, -2.0074613674574397, 0.53449638943869, -0.4924173710794, 0.47002713638166
0.88103679900945, 0.028164287635462002, -2.012673699607321, 0.54543948988762, -0.50024274466416, 0.46935601001348
0.81099029906585, 0.017503704031179002, -1.8056448424429474, 0.53185291375697, -0.41683490312901, 0.46710625967914
0.86059374556728, 0.010599269202982, -1.9285216714885853, 0.50615896467362, -0.53104263248873, 0.46119935581416
0.83376062007252, -0.01052447872937, -1.935739186895543, 0.5044885942186, -0.52093099736014, 0.41521330759113
0.74454942952688, -0.085971679011258, -1.610406476666284, 0.44596624028083, -0.43151118155372, 0.36019095446651
0.81938031969853, -0.021093797094434003, -1.7231121718251923, 0.49257225739702, -0.46522843732179, 0.36723040209818
0.87610085843285, 0.038129665184145005, -1.9062246065921575, 0.55252683274309, -0.52931866566923, 0.40136571507156
0.86517938458785, 0.042554130314569005, -1.9646791393324357, 0.52600578151928, -0.54105557680508, 0.41279968400174
0.82902553834827, 0.029723107639186, -1.862437860049723, 0.52075476573883, -0.49318609111622, 0.42486879280288
0.80511447897921, 0.02671567049485, -1.8087415750526596, 0.53333666933755, -0.46428156266182, 0.4254293957857
0.78519418347259, 0.035844563220816, -1.7375996867241335, 0.54505827953524, -0.44091438901219, 0.42445810184759
0.78454703702359, 0.043112824714376004, -1.7004469709032402, 0.54888002509945, -0.39085817333559, 0.42110861588259
0.76294468259558, 0.019363855687086002, -1.6679398937376608, 0.52409433383188, -0.36524247325614, 0.43109541444593
0.73888702238298, 0.028738199488969003, -1.578981623296389, 0.53954788030972, -0.33922151135712, 0.44244472309219
0.7142964905914, 0.031492343879924, -1.5771807109985045, 0.55089498041262, -0.35002811545894, 0.44600174789549
0.75173175434064, 0.037545010242879005, -1.6336248440822656, 0.55619822560035, -0.4166290293748, 0.44674979863036
0.78365976993033, 0.046633944837751004, -1.6318126285968768, 0.5551431807399, -0.36387853841705, 0.43955145257663
0.74900618823072, 0.031665941317252005, -1.5571341092873463, 0.54512233438641, -0.32190426738188, 0.4397721700459
0.74380059975788, 0.023234526222722002, -1.532948887773604, 0.53304731797196, -0.30813725770507, 0.44749491453066
0.72527589048454, 0.025603706833376, -1.4811272840082528, 0.53279872916291, -0.31475668760039, 0.44203648779574
0.69318897847683, 0.012551364655238002, -1.3543678644078396, 0.53490799041724, -0.26777868435459, 0.4516876925568
0.65573768225105, 0.025199418247454003, -1.384145936664111, 0.55531535443542, -0.29564440108264, 0.45950424194636
0.70427161670567, 0.033466386522575005, -1.554677428826948, 0.54399323883139, -0.36142623156596, 0.45718169530972
0.71014713805465, 0.027531559253494, -1.5129478387836803, 0.53918411481741, -0.3241390096265, 0.4521741528883
0.71114214628261, 0.022482341318392003, -1.463406493398385, 0.54597371199476, -0.31821100594606, 0.45051934813554
0.68317719122719, 0.031824658137168005, -1.4067478169876966, 0.54873392789349, -0.29983576498449, 0.44932322006932
0.68400830934158, 0.033252154756234005, -1.4249133312306954, 0.5541055588749499, -0.28114634313168, 0.44714470677681
0.66340967498786, 0.029731969259232, -1.3906134804758865, 0.55407179945068, -0.26999962625639, 0.44411097445794
0.65981141127519, 0.028514867080311004, -1.401746035308765, 0.53220825767256, -0.2872014173155, 0.44134296874849
0.55966021493191, 0.013258596998733002, -1.2187803836035669, 0.54296582561276, -0.17367712754553, 0.42397735298564
0.46172698195579, -0.028150540568328, -0.65207275999595, 0.51260595760611, -0.14023559480567, 0.46671179837311
0.70330933079906, 0.049772582383987005, -1.5478126581131395, 0.60587107614309, -0.2423520239777, 0.44045449968222
0.64954574567682, 0.037468889627988, -1.4595239806009122, 0.56816766480088, -0.15592664126308, 0.43138942874793
0.6945064710351, 0.013222504818299001, -1.3505249715847458, 0.52756253101102, -0.24900025124154, 0.45382371595939
0.84266325088352, 0.040750863576226, -1.718223424099302, 0.5666135708967, -0.4523653904767, 0.45686472997916
0.89289965955413, 0.08278099506563401, -1.91465347166945, 0.59026155322249, -0.47528389115063, 0.4454556332133
0.7406129134359, 0.07794593077976901, -1.6551265365667378, 0.57887478579375, -0.38006309594704, 0.43957224725393
0.78611596293706, 0.052087333837793, -1.6589039837890502, 0.55113255137736, -0.43700052669611, 0.42887351051705
0.8825745523313699, 0.05899390862618901, -1.88314807339585, 0.54311268318493, -0.45083915286631, 0.42910898021513
0.84975073190941, 0.053372826981408, -1.8486773271821484, 0.56209986057756, -0.46310694233669, 0.43787852211188
0.78896803192519, 0.052352576947359, -1.6954574602453196, 0.56034929745502, -0.40074240964607, 0.43616302268896
0.78269548787797, 0.05486630208290601, -1.7171107003589041, 0.58614383844382, -0.35111836877366, 0.44385719397614
0.77559181548441, 0.035351672779259005, -1.6408047283133498, 0.56461106787643, -0.35624885388101, 0.43525348556619
0.756053310477, 0.033219946706327004, -1.5653145250449634, 0.55940324849184, -0.34911508912008, 0.4362854239791
0.58302037870501, 0.035387583430288, -1.1389231921697711, 0.55999186402027, -0.16687988782408, 0.43928656719302
0.61702498946578, 0.041885722578623004, -1.164573848428207, 0.55123124027351, -0.31398771612066, 0.42109555473715
0.83966989775698, 0.05260627171102401, -1.6402455998785443, 0.55558404251049, -0.55527538924114, 0.42239643517722
0.90540778039667, 0.066340352800674, -1.8791460360342327, 0.56441278533412, -0.61108338700631, 0.43060008359781
0.87873172227094, 0.06313710405669201, -1.8204638699523332, 0.5730024900627, -0.57704253336308, 0.42947079110742
0.85619950058272, 0.055309897503196, -1.6929572500023307, 0.56339442527508, -0.4987764144529, 0.4248835682482
0.80513914910426, 0.05278175291820401, -1.6553563799966153, 0.55568998148925, -0.43794564942133, 0.42831815848263
0.80533502883198, 0.049304922510856004, -1.605583867683825, 0.55614526094963, -0.42158737123991, 0.42985880555826
0.77202897058862, 0.04855816671853801, -1.6186075499578267, 0.55876762544415, -0.41258722318868, 0.43586891548047
0.76147388666614, 0.043964711856910005, -1.5348200583705367, 0.55017642807199, -0.39820325760428, 0.44257341261433
0.76804600342116, 0.053389182355113, -1.525508699399568, 0.55479599899047, -0.35318805674131, 0.44180826394354
0.72613724482375, 0.041065624144226, -1.411882769114735, 0.54629134449148, -0.30513451052208, 0.45511222036371
0.71729147863096, 0.037021212149143, -1.3688583354503403, 0.5355555020499, -0.28389649056701, 0.4635457834262
0.70746891478497, 0.037547289541969, -1.4069694692390806, 0.54856490545543, -0.34508838394997, 0.46147551642259
0.7535527405956, 0.044561082807949, -1.4292773858566121, 0.56126842459233, -0.32403727548221, 0.45067301858115
0.71773856039973, 0.029301522880337, -1.4212739054615877, 0.53920617898046, -0.30850514092951997, 0.45538959989906
0.6816581459786, 0.035452533794117, -1.4229708194744948, 0.54612693251124, -0.28962487976455, 0.46272301255988
0.6701027114585, 0.03853577673545, -1.3768822041584152, 0.55035891160134, -0.28968822095494, 0.45732436312238
0.64206834178747, 0.031373793606933, -1.2894692419234464, 0.54519521307809, -0.27734906674756, 0.45149047968333
0.63910882915518, 0.037742901214155, -1.3141242238093218, 0.54582046251435, -0.31018257727496, 0.45666771910309
0.69123691834378, 0.043904475135514, -1.4243170703189854, 0.55187417510206, -0.31250499517154, 0.44861957866205
0.66424223049462, 0.041660679881454006, -1.366731577347726, 0.53790860655151, -0.28986528926009, 0.44875297148784
0.65080536883302, 0.039580646354831, -1.3334381197360567, 0.5609309039255, -0.29965840480488, 0.42902012616068
0.610286634408, 0.010580979858245, -1.1844601227408282, 0.51914293845556, -0.24336794741899, 0.41833031815801
0.63733666852022, 0.029615554925902003, -1.3255598160929785, 0.5563180930658, -0.28833065868955, 0.43542244697621
0.65609657787428, 0.050572331139263, -1.3708099959866953, 0.56988398453541, -0.28142163597962, 0.43611460990229
0.66162390784617, 0.043979417254519, -1.3568389529701783, 0.5544894869103, -0.28976989281277, 0.44254025166491
0.65033681716012, 0.045587266849206005, -1.368463012438489, 0.56202758873388, -0.30978603349679, 0.43897601228656
0.64624854097827, 0.042737923156637006, -1.3755508638892362, 0.55838353740057, -0.31010068184684, 0.44472843832242
0.64324144259018, 0.043073507129918004, -1.3029353066804892, 0.55906846292302, -0.26558137339404, 0.44116579075578
0.67638344406864, 0.039467893238278005, -1.3222692078898757, 0.5530019645429, -0.28277355902063, 0.43497582303795
0.657114252054, 0.034000514720723005, -1.3151247134890425, 0.55165307124677, -0.25458008037179, 0.43791856873875
0.64562208904299, 0.03571367927413, -1.3089250655325158, 0.56050433546661, -0.25874329672476, 0.43825564674452
0.64154144239834, 0.036027523603311004, -1.317848641358743, 0.564342801801, -0.29071068805154, 0.43725110988756
0.63110379355478, 0.043100552515941006, -1.2050553554428134, 0.56827388044305, -0.21194799867967, 0.4319345180419
0.66119690717266, 0.038236866285400004, -1.301329133259017, 0.55822501835902, -0.2365400806284, 0.43666203757376
0.66225507099041, 0.035449003646907, -1.2925698446471343, 0.54736170688295, -0.24173304298171, 0.44519202022723
0.65219913728027, 0.035289518600020005, -1.278751364116709, 0.54992918938425, -0.21656057334207, 0.43908594267788
0.62908388213256, 0.029838578347472004, -1.2886869791096365, 0.55805722782733, -0.24713094450044, 0.44205317976047
0.66084281806855, 0.036811485427285004, -1.2268217757089006, 0.55711577901225, -0.22091572772188, 0.4377072035195
0.68809628491082, 0.031098293168097004, -1.2695549538055515, 0.54902708834355, -0.20932101135299, 0.44332874217602
0.66790889248132, 0.024932996234124, -1.2563522355818773, 0.54127427411002, -0.18879522231696, 0.44923648842738
0.64447613181634, 0.021199794301577, -1.2533625951497187, 0.53691993235585, -0.19230569411791, 0.44495640882393
0.62433813867859, 0.022629258171253, -1.2663569101112206, 0.54477939512978, -0.20694060117847, 0.43590049746131
0.63169685995717, 0.019780740766521, -1.2321452051211383, 0.54017760858111, -0.21276428780444, 0.43181613934875
0.62304265872476, 0.024726586385902003, -1.2898802818115365, 0.5532740311068, -0.24334041575762, 0.44125065313424
0.63659490431231, 0.016475055325378, -1.2911256528453814, 0.54993108040925, -0.22249591209808, 0.43933305678771
0.61422085996898, 0.017294305029695003, -1.2750214894916323, 0.53535259304939, -0.1988575898784, 0.43827075507442
0.62020308116013, 0.020301544913601, -1.262216580555646, 0.54785020438094, -0.20309258386145, 0.43694191119817
0.62170467524296, 0.016149357249307, -1.2315190869152233, 0.54437800781577, -0.20823444669559, 0.44525116880158
0.63435118330139, 0.019760367198203, -1.2487358107904938, 0.5543662880623, -0.22031441076593, 0.45099522354068
0.62727184745814, 0.018393917910973, -1.286391620222289, 0.55148998063327, -0.22495748664058, 0.44374018988984
0.62097325213872, 0.017796997812645002, -1.2747733860245682, 0.53916267838475, -0.21043489629103, 0.44738907881353
0.62042721721168, 0.015848879768279003, -1.2711704674091777, 0.54452422763853, -0.22078377036305, 0.4426877710239
0.61702625388571, 0.017878776716672002, -1.2630326193034012, 0.54332628001773, -0.22150814550256, 0.43977514023373
0.63079133247273, 0.018427896693510002, -1.2549049398922183, 0.55583536301386, -0.18275517808667, 0.43450661607533
0.66182544340386, 0.014980936349789002, -1.2748691783043022, 0.54477438986739, -0.2197772608032, 0.43620030299781
0.6454908272148, 0.015096537840510002, -1.2693230691301798, 0.53739844455618, -0.21418350269583, 0.43705919297225
0.63564957089556, 0.019085891804772003, -1.265275407573375, 0.54707263273592, -0.21660312189141, 0.43584489375132
0.63102350086546, 0.017310128856452, -1.2717911336900918, 0.5514407223775, -0.22527078828318, 0.44061527421425
0.62515206207682, 0.025189657912571002, -1.156469176056837, 0.54742814334732, -0.17410129192426, 0.44259308118158
0.65798938197903, 0.026185017242296, -1.253053512307662, 0.54237960047718, -0.22427856039927, 0.43818403662496
0.66021914680524, 0.027807725102871002, -1.2510059272168244, 0.53656271475417, -0.22451142704871, 0.44158683023441
0.67216590937732, 0.023377651098079003, -1.2679763046201504, 0.53737704967139, -0.21472301895047, 0.44207591547231
0.63892028178209, 0.021039723339848, -1.2432944213699142, 0.54371162357048, -0.2233768007977, 0.43928070438178
0.63277172228175, 0.024908510531776003, -1.1322618859614277, 0.54326404557693, -0.16448733501485, 0.44252587080729
0.65252995376045, 0.028913759687656002, -1.215007559390517, 0.54990584436996, -0.18747802401004, 0.44107694934567
0.66028934076604, 0.020107494884371, -1.2453143400579927, 0.53756579678195, -0.19774609295234, 0.44281020743205
0.64970755306873, 0.020190072226614002, -1.2466707755334232, 0.54320180955673, -0.19111763918331, 0.44068777242535
0.63907660561199, 0.019288357518189, -1.2075961885139077, 0.54737859604787, -0.19143537995928, 0.43807858325018
0.63103440499083, 0.013883282172161001, -1.1689458490969236, 0.54123341319379, -0.13746200676475, 0.4369755478798
0.64480228471152, 0.025820537711198, -1.222748462080983, 0.55746262032228, -0.21135693873765, 0.43696823572576
0.64400382879465, 0.019895049492531, -1.27946587140199, 0.55054055817958, -0.22151711516677, 0.43610336981124
0.63515628840398, 0.025933372445923003, -1.2547120239164677, 0.53646663814676, -0.20186296839775, 0.43983749054161
0.6319771852039, 0.027060781979465, -1.232965896365158, 0.54847176552565, -0.22008672625559, 0.43302881094269
0.62836656860897, 0.022593726300851002, -1.202676261013146, 0.54891614125887, -0.20275665094631, 0.44147283124388
0.64278164988984, 0.022142385259341, -1.2707628179591015, 0.56043851665769, -0.2334332759241, 0.44192809822712
0.64078519631344, 0.027788428990609, -1.2736173959523012, 0.56022617429317, -0.22294757117673, 0.43092091636306
0.62035542849318, 0.025676781754775002, -1.2503159162586335, 0.54642831506216, -0.20206387369987, 0.43853060768566
0.63661808103839, 0.024609476616271, -1.2595199302295361, 0.55765968729093, -0.21081372055967, 0.43902481651249
0.62314674844812, 0.015926502838062, -1.2326583183984483, 0.55562289851004, -0.2178422846662, 0.43631776057366
0.62190670111447, 0.014864372844652002, -1.1771057094080564, 0.5615438033163, -0.19573873187688, 0.43895189134166
0.65025844472197, 0.024157009229753, -1.2620696781694898, 0.56394848799558, -0.23191266549342, 0.44255911962871
0.63822130785288, 0.020338208079486, -1.261851775498236, 0.55889302640148, -0.19829400152296, 0.43827032076327
0.6541352247175, 0.023530185781418002, -1.2801957610786887, 0.56234322318281, -0.20075994197444, 0.43543578935954
0.65005299628386, 0.023470143689013002, -1.2856707002339314, 0.56154684658654, -0.21696046867476, 0.43111147778436
0.63489982587038, 0.020185579922667, -1.207878123454607, 0.54980328033079, -0.17747735479086, 0.43247814839163
0.67580535697233, 0.030920980711622, -1.2726500145196826, 0.55701380083338, -0.19607192007993, 0.43690840443123
0.66089671365563, 0.026056176547786, -1.254483750437542, 0.55164654524757, -0.20328970680884, 0.43705158350025
0.66837114254212, 0.027285259767583003, -1.2585433988617845, 0.55576005289086, -0.20657655500757, 0.43597351500514
0.65399446056261, 0.024707887302719, -1.2514023430827845, 0.55354744642871, -0.21576812781122, 0.43603198605248
0.64339376274041, 0.029810109790535003, -1.186183978230763, 0.55518845429385, -0.20135336663623, 0.43545280190491
0.67689506335714, 0.035089867360079005, -1.2266257089575001, 0.55519684922266, -0.17574485949279, 0.43741557057449
0.6625693910911999, 0.024791098120301003, -1.2435177624621112, 0.55228558180468, -0.17729044522847, 0.44655850370837
0.67194039512717, 0.014711701026184002, -1.2323790313924863, 0.54713927525597, -0.18997756368755, 0.44937511162929
0.6667741586538, 0.019849678252155, -1.214110599641793, 0.55156133188292, -0.20151806719816, 0.45216865511746
0.63934504466249, 0.026285835897802003, -1.1100596881582117, 0.56823194829032, -0.15483070097422, 0.45298441153399
0.62454517845032, 0.037225869661999006, -1.1455289990649322, 0.56764514052963, -0.15108392656316, 0.45451046310927
0.65371817127082, 0.015897208677389002, -1.2693510689695247, 0.54686988469994, -0.20986295399878, 0.46654044029813
0.64464904655358, 0.0075700334402319, -1.2788030178473122, 0.54202393527739, -0.19497321428051, 0.46303849233262
0.65337707647243, 0.010019938853042, -1.27055468391256, 0.54991832314022, -0.19808503065658, 0.45182460619067
0.62328680006392, 0.015546404936088002, -1.1886282522743568, 0.55622220295837, -0.19682692946998, 0.44997411920149
0.62844578890299, 0.018278270999666002, -1.1785323380679156, 0.55255505416699, -0.21156280442536, 0.4502527603669
0.66693265688602, 0.021410765641751, -1.2894351790643461, 0.5634797363674, -0.21865256171935, 0.44361044017097
0.63051463230139, 0.020190286300896, -1.284540333764359, 0.55983391945783, -0.19546357283707, 0.4450426746061
0.63980979792449, 0.016893924612165, -1.2604089988662759, 0.56394702268376, -0.19612461339044, 0.43887258276547
0.63523201847688, 0.011445056652831001, -1.240816784048942, 0.56569047772246, -0.19151503579267, 0.43605634364842
0.62106026608686, 0.0081496892615805, -1.1825685040715774, 0.56216219820591, -0.17312035390826, 0.44620659740897
0.65022234573995, 0.019362777261736002, -1.2630568757532799, 0.56390720073752, -0.22087858754899, 0.44825496065925
0.64089161141715, 0.017159698622288, -1.2778263794942921, 0.56164359758052, -0.20711976743141, 0.4380490255876
0.634889236027, 0.022996618991926003, -1.2695423400485937, 0.55770812122452, -0.1957447501864, 0.44461320157729
0.64847975969344, 0.017382624711161, -1.2669232614364099, 0.56499392975228, -0.2063928611373, 0.43983471760612
0.64152926366447, 0.016649184930174, -1.1728643409419701, 0.55721511828295, -0.16607899939979, 0.4396352839274
0.66106563111658, 0.026734219675140003, -1.2316134569421182, 0.56829569769343, -0.18999381492696, 0.44799234244457
0.6697956810950499, 0.020876251165188, -1.2534185228215349, 0.56045576695854, -0.2095072231961, 0.44527176480192
0.66390379936945, 0.027944698188977, -1.2517863735238426, 0.55549849172015, -0.21228367145227, 0.44870774511206
0.67533672457881, 0.028439575786793004, -1.2519561979224125, 0.56348557117805, -0.2105842951305, 0.44535736201874
0.64205581894617, 0.024231715049982002, -1.1540282751177522, 0.5708358022431, -0.19048739621494, 0.45032296767017
0.65979564539904, 0.031198670225425003, -1.2221198286571868, 0.56958856865206, -0.17085793059352, 0.44981322776153
0.67139335935102, 0.027889717155337, -1.226231673940876, 0.55942134551014, -0.16632693328398, 0.4496865116736
0.67348085312909, 0.021972940789459, -1.2043356475490876, 0.55810029127667, -0.17173493083688, 0.45121170933279
0.66421957950974, 0.018655743205567, -1.2150130993421637, 0.56799259117497, -0.1590932882037, 0.44726189028932
0.64323486997026, 0.013672534065216001, -1.0921820922005718, 0.56137496456912, -0.14056074116209, 0.45169923041844
0.62477111456497, 0.028316913145329, -1.121464012399125, 0.56652860050553, -0.13560692950778, 0.45439093066333
0.65913914014609, 0.027083879189074, -1.2982241492453803, 0.57811864752439, -0.20225422008124, 0.45651068508169
0.63627265151576, 0.028346212122317003, -1.2627547798208338, 0.59341569094411, -0.17103525093861, 0.45132677161749
0.6329793856301, 0.033910340705552, -1.2128616553384217, 0.59015267873875, -0.18495770587414, 0.43928007180239
0.61459640365532, 0.021472766788442, -1.2012264560806494, 0.57843642921081, -0.19001812941374, 0.44450500732655
0.62073316952278, 0.0074129358378137, -1.1498051565333163, 0.57250075038225, -0.17495925901959, 0.45838417888748
0.65541611748873, 0.026510924730070003, -1.2742106698160787, 0.59574575541067, -0.22633771739653, 0.45075572650112
0.64112651178107, 0.033807888378861, -1.2664398960857428, 0.59068833282452, -0.21063886129139, 0.45185656776651
0.64877140873935, 0.028162508543616002, -1.2292907902767756, 0.58200660684135, -0.19782623098687, 0.44541086218837
0.62988106911804, 0.023091374801709003, -1.2344495419935118, 0.5902787413201, -0.21084187064893, 0.4518275684421
0.62191593970471, 0.020899782268911003, -1.1805431699817113, 0.58111084879667, -0.18596924475554, 0.45497597123673
0.65828221858474, 0.027629566836883, -1.2709994417625639, 0.59216581157866, -0.22406628234502, 0.46072714094277
0.66471807762976, 0.027406520720409003, -1.2624158732977877, 0.57372259247153, -0.21298909733805, 0.46547685329147
0.67482260927117, 0.029306830899324003, -1.2182255466395633, 0.58103335701973, -0.18015665381654, 0.45741801888868
0.66064831669663, 0.034724524656509, -1.2343381159541165, 0.58590459085146, -0.21587559777503, 0.45833281493835
0.62099943382599, 0.043701614658646006, -1.0606872340031435, 0.59279954207721, -0.12867642159309, 0.45720020954129
0.67489507949161, 0.040807111252188, -1.1976590716948348, 0.57576311292833, -0.1970152310751, 0.45371223878757
0.70130850228999, 0.016858742368177002, -1.2954289874690963, 0.554216145423, -0.21965019015718, 0.46088796679258
0.7102193504041, 0.015253106097592001, -1.2732561384366465, 0.55617769554312, -0.19595641318559, 0.46273917811083
0.67512590522711, 0.018118375384288, -1.223927058205296, 0.56208868086894, -0.20502250440374, 0.46466306523002
0.66829974763081, 0.024412669049560003, -1.1971556725100836, 0.56777787681939, -0.2128932229081, 0.46678365038516
0.69039089293066, 0.027811095056634, -1.215342554483354, 0.57136787985687, -0.17495644449003, 0.45823870497551
0.67903891222516, 0.023514666522194003, -1.232011400165611, 0.57677645084708, -0.17127570362986, 0.4662076769268
0.66338984947247, 0.024056214233228002, -1.2140491093579022, 0.56334659987513, -0.16166665195214, 0.46443824762097
0.66362455205496, 0.02391315321551, -1.2233708512659838, 0.57067331377269, -0.17812929179357, 0.45889066543267
0.65683856087543, 0.019030520122398, -1.165866760840011, 0.57082130957105, -0.16879136883242, 0.45851623268199
0.64096819484254, 0.020482983743013, -1.2074870947559333, 0.58316716751557, -0.15906123737433, 0.45726518027996
0.66995137152491, 0.026411101214184003, -1.2731563178324454, 0.56694376172582, -0.21231559326337, 0.4562700730423
0.65542274453694, 0.024991934484223002, -1.2306644820674573, 0.5651951160976, -0.1932989440691, 0.46440115691546
0.66074362744267, 0.023238029120778003, -1.2282326336532996, 0.5733582788026, -0.20226435754978, 0.45691063112972
0.65786516366915, 0.023007182894168, -1.193571771906935, 0.57474137007967, -0.20442834269636, 0.45851167411314
0.6490572104524, 0.022188837381932003, -1.156547172782561, 0.57375938161889, -0.18219270676686, 0.46173383937012
0.67061314045113, 0.026653126724868, -1.2445175353598144, 0.58426454000439, -0.21368308965218, 0.45816083843671
0.67719797212991, 0.02809380487294, -1.2394590882646312, 0.57252533465811, -0.19865930085858, 0.45672778572255
0.66603728838337, 0.030929624707402, -1.2377319269828815, 0.57721590273079, -0.18429510243426, 0.45128622471131
0.65345525863766, 0.031178399229427, -1.237219391412985, 0.58909134018088, -0.19651032980811, 0.44995847535821
0.66032431891314, 0.030006304285799004, -1.1967400127249546, 0.5722807329918, -0.17417053326323, 0.45566805399898
0.6627074830704, 0.028705133002332003, -1.2125184174522818, 0.5767891564525, -0.16896657000615, 0.4501286472136
0.69465766528218, 0.022552285491803003, -1.1066241035425763, 0.5678838313627, -0.18823724889287, 0.45353971984608
0.70820516155557, -0.0077876059668945995, -1.121787487030961, 0.54286303461201, -0.16595151536363, 0.44369599068042
0.61860891941901, -0.046801561169499004, -0.91046845478541, 0.52590779779201, -0.045178958217878006, 0.43975663799842
0.67662142470996, 0.044040917828736, -1.0901776234061171, 0.62181908774563, -0.12479104548629, 0.44323474976646
0.70267478050905, 0.099603642531878, -1.3639299047633662, 0.68247458182554, -0.21315212701898, 0.44056621934015
0.69635503724502, 0.077581316629377, -1.2882260171024573, 0.65365495568604, -0.15974414277595, 0.44508028683108
0.72005388525212, 0.058158524384975006, -1.2542842322417953, 0.6259263006931, -0.15401765747894, 0.45296062360593
0.70648752107766, 0.046663544643039005, -1.2590034816076447, 0.60912968794547, -0.17608175584515, 0.45105409367737
0.67781819918466, 0.049361294531734004, -1.2547765287970347, 0.61639174555598, -0.15236589623659, 0.44639463813447
0.69537802100742, 0.05215561213796201, -1.2938466296942486, 0.61145754272375, -0.18740329150616, 0.44696160801138
0.68231535453883, 0.042391363775929, -1.2883524818020164, 0.60416328881037, -0.19009310082885, 0.44990460101557
0.67824263135408, 0.04008301856205, -1.2502485161899375, 0.60122206219924, -0.16874426100463, 0.45127781147897
0.69222596710462, 0.042388341982390006, -1.2397351662035545, 0.60672054397707, -0.19105325473996, 0.44377667311655
0.66097364345799, 0.040595797529988, -1.2043580758029395, 0.60742336988239, -0.16029624049917, 0.44498379156728
0.67919521693745, 0.041706455795323005, -1.2191549574602314, 0.61138487694479, -0.18034955161657, 0.45209582680383
0.67947882204481, 0.038747398387292006, -1.2641652544647748, 0.60299425816374, -0.19983054937022, 0.45792425109693
0.6678138404503, 0.036399507272845, -1.2467490231663814, 0.58982561217032, -0.18131829925915, 0.4538202245684
0.67621380615241, 0.037344697710373, -1.2502519364468223, 0.59576356979192, -0.18478193209917, 0.45462684606356
0.65459369289935, 0.040975902045499, -1.2213212797681139, 0.60362719158626, -0.18973325536201, 0.45339518442403
0.65865313125403, 0.039132145978121, -1.1711961214399937, 0.60063239495583, -0.17605639886006, 0.44830148497398
0.67736560366717, 0.037636917154460006, -1.2250843802497355, 0.60124831343894, -0.19600164045397, 0.45231436459209
0.64254175119609, 0.038243177117422006, -1.2042998200039736, 0.58737554684834, -0.19598164361282, 0.45749224507358
0.67078960984887, 0.043130301133864006, -1.227124323786894, 0.59570943354851, -0.19027388976771, 0.45280774069272
0.66479433981873, 0.040973249352777005, -1.2511062127346833, 0.60559577868539, -0.19799513882892, 0.45381386335293
0.66711977831566, 0.041539979467764006, -1.1841413885484178, 0.59740310597932, -0.15293577725319, 0.44415893309525
0.66958655610049, 0.045708953169146006, -1.2113071760732093, 0.5902016047056, -0.17397097091039, 0.44915918406025
0.65908290882905, 0.043453014151268, -1.1604673594963621, 0.58597452888659, -0.17150683263143, 0.45647427392547
0.67677324593036, 0.047848993622332005, -1.2025567215783917, 0.58725740953529, -0.18838661438327, 0.45953886978907
0.67285652770227, 0.041683398420342, -1.2357142834655541, 0.60283610670373, -0.19886521581996, 0.46200591028647
0.67421176404548, 0.053214551656053, -1.172660674305746, 0.59556430468829, -0.16766572115001, 0.45687850454809
0.6929889777016, 0.045064723239075004, -1.2205443277047274, 0.59184975690248, -0.14164026035003, 0.46284706382459
0.67284551884352, 0.034186468593835, -1.168328206946151, 0.58378594814407, -0.1324517701491, 0.46349494027037
0.69466439050485, 0.036087414375412005, -1.1751151404220785, 0.58630113406159, -0.14544410511218, 0.4605013828092
0.67824532105357, 0.039360575427441, -1.1760297032179214, 0.58711953418538, -0.16322647658932, 0.4562186915504
0.65141536444574, 0.031697338873929004, -1.1202869635782007, 0.58988314368557, -0.10595862360123, 0.45053508378009
0.67167424286083, 0.039532191704547005, -1.2096994502119314, 0.59559329389774, -0.17288599076758, 0.45309040111658
0.67031313242732, 0.036542664218767, -1.2366648224502024, 0.59563401169871, -0.18916450472089, 0.44976422806893
0.65517832210647, 0.038962929703257, -1.2193581615152365, 0.59058472447465, -0.16881749299411, 0.44785066128204
0.6745845407377, 0.040146391643144, -1.1968537755231676, 0.59449106750087, -0.17833778812334, 0.44902805230431
0.6333231058869, 0.032563925599511004, -1.0507805481840362, 0.59048408409017, -0.14563067389481, 0.45470462526303
0.65178995009045, 0.040406909493176005, -1.190538315505205, 0.5982282226683, -0.19258807125814, 0.45805925374686
0.68647479755983, 0.042977468572729, -1.2563641566437833, 0.59346555132469, -0.2180876107708, 0.45002143040442
0.67334450228599, 0.041617634043474, -1.2374723514522943, 0.58787143810209, -0.20445419734652, 0.4511850888703
0.67250083381649, 0.037800113562439, -1.2207441030359456, 0.59986958377213, -0.19515481945234, 0.44802045096318
0.6473093912547, 0.038684729349108, -1.1364152650277437, 0.58957931216661, -0.16522298189526, 0.45098520473282
0.67989877977828, 0.042972765435697, -1.2050857531637191, 0.59584569726085, -0.20261638046503, 0.45751071796233
0.68665632127071, 0.042516491804313, -1.2102024629847425, 0.59139785680924, -0.19231019055309, 0.44606745512741
0.66570200828417, 0.043847874010895, -1.2098041595619917, 0.59088287197044, -0.1819499417692, 0.4495500489396
0.64699822096905, 0.043678434648228, -1.2014567995528556, 0.59601550067081, -0.18180638502023, 0.45174081183302
0.66044352041696, 0.041347159270544005, -1.1877407313181116, 0.59120201752796, -0.20402700073193, 0.45251373628613
0.69414910572922, 0.045730176954464005, -1.2288266060089814, 0.59036177555133, -0.17829056018895, 0.45055307670011
0.70379957021898, 0.041245930363715, -1.2009053855904215, 0.58638276547939, -0.16597055614826, 0.44701024292522
0.68795051647472, 0.046400161986616006, -1.214476885136658, 0.58245261357585, -0.16450036592602, 0.45259467073802
0.67771003789283, 0.043385926868107, -1.208341911082322, 0.58763125373996, -0.17653461100232, 0.45279816770234
0.66935081710914, 0.037203515633575004, -1.0662700178273061, 0.59024088215158, -0.13198993911535, 0.4498614490616
0.64661765466068, 0.039164001580093005, -1.0945276694957058, 0.58764900923214, -0.13723986110206, 0.4459411931187
0.67808145575448, 0.039260885118922006, -1.2081880918037775, 0.58389311469113, -0.19600794350669, 0.45174207653565
0.67481156405628, 0.040788750210587005, -1.2317028889229749, 0.58233137668818, -0.19205331483053, 0.45745837158315
0.66775624446572, 0.043597703472599, -1.232652003731482, 0.58708043815684, -0.18724934478931, 0.45158773346639
0.63317924867114, 0.038241165619578, -1.0983226076729533, 0.58772348184104, -0.15371755877523, 0.45347372166997
0.64774697427297, 0.04247324750029, -1.1696720057547245, 0.5929131453178, -0.20122862822897, 0.45035017975543
0.68998734856288, 0.04314439041208001, -1.2575330662466109, 0.58445892996338, -0.22515210847864, 0.4469293338091
0.68140979812448, 0.043110051421014005, -1.2453737150211965, 0.58377643732015, -0.19866260500222, 0.44728593419059
0.66974776667191, 0.043045529875059, -1.2223052040310596, 0.59060974536493, -0.20564530881337, 0.44716085287702
0.64686467596883, 0.036954345364293005, -1.1387439935867292, 0.58561035573088, -0.1763991071418, 0.45069597503709
0.64759748038587, 0.038190195079742, -1.1647363618382363, 0.58820786834347, -0.19068261722191, 0.44785917152047
0.69365440142998, 0.046431699937753, -1.2248266827358454, 0.5933035272562, -0.2116592718748, 0.44382286950572
0.67017655132039, 0.050150784136582006, -1.2292257170474452, 0.58573235069477, -0.20530974141673, 0.44897290639723
0.67460394703097, 0.04968880316665, -1.2208218555063806, 0.59501757534036, -0.20948149841159, 0.44259603139165
0.65813683591702, 0.041070815226908, -1.1803255534041448, 0.59165284409136, -0.19085661014131, 0.44792990774392
0.67415642107812, 0.044200776453597004, -1.1731790858789672, 0.59026616281546, -0.17277838696814, 0.44508678059419
0.71010425618205, 0.047416481427489006, -1.1988862489794565, 0.5915397572752, -0.17574389766992, 0.44179351224407
0.69336195400656, 0.049959261090514004, -1.1848099523384956, 0.58642403600967, -0.18311361959951, 0.44394116318299
0.67536291412924, 0.049682283006411004, -1.1970688158751406, 0.59174503545786, -0.1825200234173, 0.44652063921342
0.66815862756928, 0.044875873256715, -1.2074052399218007, 0.59405831918747, -0.21180528549245, 0.44433344960111
0.69202418999162, 0.050133453335940006, -1.1891315257318942, 0.59695547041668, -0.1630863486484, 0.44157217001611
0.7009874362736, 0.043746320853174, -1.1615755362698754, 0.58347210102941, -0.15768261541096, 0.44201644875879
0.70198414733141, 0.045415074000985, -1.161413682491285, 0.58681036961644, -0.15974195306003, 0.44918907196093
0.68204713635136, 0.041580221968566006, -1.1673719866034473, 0.58258926282924, -0.157693224646, 0.44612321821978
0.66755169872021, 0.037927703385501006, -1.1186397516624185, 0.58808836695705, -0.15134349015879, 0.44829691175132
0.64142942147547, 0.037412157530344006, -1.0112776196033397, 0.5920765607229, -0.1141606636999, 0.44406179725162
0.6756929818057, 0.046560311930021005, -1.2055392036498565, 0.6003488631603, -0.20640797265285, 0.44538163412893
0.6863038295545, 0.049739089981551, -1.258707418259054, 0.5909131878046, -0.2165658459418, 0.44835583640607
0.68467904045407, 0.051214406034102, -1.2154180985245409, 0.5878447233266, -0.19419098579038, 0.4462550451193
0.66656702445003, 0.04096494060982701, -1.1956107620619152, 0.60183304122621, -0.17513755524529, 0.44026888412938
0.64256459658441, 0.044403446614583, -1.1148982169346404, 0.59057678405995, -0.15314123124748, 0.44714611918542
0.66815983692959, 0.046676627468457, -1.2221090050127683, 0.59536394903414, -0.21505496475534, 0.45048084435932
0.6773705738227, 0.044511901538898, -1.2203888582114895, 0.58916196628953, -0.21402806011095, 0.44919769483126
0.67787989371783, 0.046715794475076004, -1.2094839875210024, 0.58645442374401, -0.19600876283865, 0.44591333367098
0.67219367299092, 0.045457732200157, -1.2063182715133047, 0.59245305952962, -0.20612685117336, 0.44092405987763
0.64954165179498, 0.037764633672418, -1.1110778104951038, 0.59339211294738, -0.15632108849515, 0.4465988831466
0.67326620867117, 0.050372861053967, -1.1924150913594562, 0.58865906403742, -0.20180285779925, 0.44389573112579
0.68714631195577, 0.04484049893870801, -1.2431688348113572, 0.58572042398061, -0.20527230011251, 0.43365015737395
0.6967611924557, 0.04742587828841, -1.1953396027185574, 0.58464966366799, -0.18505914848751, 0.43879664585905
0.67577313368323, 0.048370555754592, -1.1976247290762563, 0.59013090939841, -0.21215341645183, 0.44638989948815
0.67295919621169, 0.04490565068116, -1.1645451239517675, 0.59160585175565, -0.20879253128733, 0.44563632163072
0.70973618752387, 0.053155902173328, -1.1814705497910407, 0.58652462924761, -0.17470142120216, 0.44141167757002
0.69401779297859, 0.04809693270389501, -1.181855334625697, 0.58455539157213, -0.169949902519, 0.4430189902188
0.69635680133508, 0.044067441626202006, -1.2122180279306551, 0.58680493212727, -0.13156766997935, 0.43903984745084
0.68799984064408, 0.048964646214480004, -1.1901326702257504, 0.58408440316446, -0.14798238470121, 0.44424889436685
0.69143788171234, 0.046164986054012, -1.1789029568670286, 0.58746019273302, -0.18457948600685, 0.44172037913577
0.68779089706062, 0.042422327023093, -1.1005640364345801, 0.58750974793304, -0.14375098094116, 0.43703846129595
0.68384374709599, 0.040081005731759003, -1.16285826205494, 0.58720039092838, -0.16410060365763, 0.44477587785799
0.66432059062385, 0.043218423761336, -1.1923606525797519, 0.5823070068654, -0.16585969454205, 0.44886047070622
0.68145712442405, 0.048228857518121004, -1.1937057726739444, 0.58246927859281, -0.18062397523598, 0.4457746976034
0.64540129661028, 0.042397697218644004, -1.1310834668489163, 0.59424615245716, -0.15584155203318, 0.44490824508608
0.62690388064637, 0.044247003229857, -1.061735486928894, 0.59608592691238, -0.14893667814948, 0.44322749172374
0.67175437434024, 0.041815275618917, -1.270553607344726, 0.57732083336892, -0.22725180436071, 0.43710886636154
0.67814810448804, 0.040714670676793005, -1.2359750318029488, 0.58433448153267, -0.22185648370321, 0.4429589478641
0.66246597398614, 0.046838645164102, -1.229616374971972, 0.58532545315908, -0.1987249031885, 0.44138576012895
