the plane
0.0, 0.0, 0.0, 0.0, 0.0, 0.0
-0.07362302969987701, -0.0080219874568219, 0.14413088512726, -0.025915466056345003, 0.018780738491271, 0.018223965641927003
-0.18006230499641, -0.0031468987735858997, 0.28932307146653, -0.034540880069146004, 0.018837333615712, 0.018434378715657
-0.19637497413308, -0.0038484000270404, 0.24316752794295, -0.030285802711011, 0.031050165770095003, 0.0075507934974241
-0.10258328820749, -0.0029099508768662997, 0.13295314289292, -0.023644009366320003, 0.015152350998507001, -0.0012435796091961
-0.11294519942691, 0.00047640805268929997, 0.1112285256417, -0.024441997014042, 0.0085728326585068, 0.0054062731184092
-0.10021696371089, 0.0052811979155861, 0.098662247816632, -0.027049369531545003, 0.022424442972298002, 0.0082791795579009
-0.09531589603114901, 0.0008393426273129, 0.11529867003734, -0.030126232582023002, 0.027538729589492, 0.015764417376271
-0.10326128878817, 0.0018683336877072, 0.16407448582885, -0.029920414021162002, 0.011061914314182, 0.021584023161019
-0.15821857860711, 0.0015533857048179, 0.240682799177, -0.038404861030643, -0.019352074577836, 0.012743752664379
-0.098134181662688, -0.0045817213318889, 0.17799223899967, -0.032932007216890005, -0.019631731910030002, -0.0004967140168304
-0.058286871941936005, -0.0041212385390986, 0.071320086109734, -0.030738406429521, -0.0046386402030771, -0.003294566676001
-0.11078144994944, -0.0038948617566948998, 0.16826153938109, -0.038987255162377006, -0.0094670250587527, 0.0025317004009975
-0.08277540945186, 0.000188657629827, 0.11910254838143, -0.040626584906990004, 0.009423647716823, 0.0024089714987248
-0.10519221472706, 0.0008885228008386, 0.14764053041247, -0.039982018771160005, -0.0093177760141308, 0.0071367894242679
-0.09645550045878701, 0.0021963422571396, 0.16274823481922, -0.03917483073485, -0.019787225320158003, 0.012200639275476
-0.10506085590392, 0.0020445949018904, 0.22445603033423, -0.039657889788205, -0.036706826128984, 0.0038028512165478997
-0.11965390630312, -0.0047266208224920996, 0.24047561956545, -0.051777926118805, -0.036720952062664, -1.4460743899e-05
-0.066039147122193, 0.0065045678330578, 0.07360755570197, -0.026640021584623003, -0.011607376093591, 7.93648778998e-05
-0.12623263122688, 0.012291950731382001, 0.043151666556391, -0.017919274514710003, -0.0022552863918194, 0.0065047308370633
-0.070160391648534, 0.011312987826846001, 0.07177596746682001, -0.019010792208619003, 0.00523253357796, 0.013375490154465002
-0.1174713972943, 0.21139684631975, 0.19387462035379, 0.038654356343732, 0.087613156797281, 0.23324873113048
-0.047648505657086004, 0.71239046628861, -0.35119609669788, 0.11009702006047, -0.024011755138455, 0.89567899469361
-0.1648711545962, 0.39227723890049, 0.038598393636937005, -0.023346553046892003, 0.043213338222747005, 0.51605193396598
-0.26232316254493, -0.80599923664964, -0.10188017831008, -0.047572672509268006, 0.20928795937637, -1.217072770356546
-0.14336915406470999, -0.43257318262553, -0.16635408181838, 0.060630521109928004, 0.29119213624182, -0.60964163081225
-0.044579203542756005, 0.83809830997951, -0.80254066887459, 0.18860934878804, 0.29739042556388, 1.264483578544915
-0.2339158727579, 0.70150967212206, -0.5785329571455, 0.16269227186393, 0.1902648256178, 0.98454430006237
-0.45110671950557, -0.23831423933947, -0.3863625170198, 0.36488584656444, 0.26855794348701, -0.73250152925676
-0.46993586397008, -0.21831596879932, -0.43031061405337, 0.46819018367284, 0.33326672007175, -0.78271630814359
-0.3597940594591, 0.49393690891219, -0.43971456664973, 0.2854239855041, 0.24842988993743, 0.50833333527388
-0.38583360213699, 0.39045076885369, -0.20920578464709, 0.17751145635525, 0.15964824719388, 0.4498238175352
-0.45981943165597, -0.57311506837116, -0.88241528886531, 0.14468041765811, 0.52669838387112, -1.052836277264305
-0.67230153960916, -0.79074945283443, -2.071899876131469, 0.027619952609056003, 1.144326119403161, -1.2898405094631549
-0.83456030498066, -0.25666056220965, -2.427144220823645, 0.013875729464526, 1.1964952221150318, -0.14280528997927
-0.47233621115657, 0.21253557587736, -1.7315313904134888, -0.018582214604367, 0.85872100792684, 0.62776112959324
-0.28342751996002, -0.3793016624407, -1.322009799247538, 0.039909220117784, 0.72861614645451, -0.37148633088385
-0.45358639087121, -1.2244391575760618, -1.5191177453110973, -0.031400837077718, 0.83233498156175, -1.8887190449952431
-0.1781066388572, -0.7628888561434, -1.297724441433029, -0.022433089089277002, 0.92995762804528, -0.98818695313466
-0.116303528192, -0.42496252440111, -1.479072114519435, 0.075512021498172, 0.91676944443775, -0.43090839672666
-0.18168265439319, -0.37322904343313, -0.44456869045979, 0.033354741884756005, -0.11941018674401, -0.45968866293792
-0.55488481856937, -0.37069384392651, -0.4084563663649, -0.063622456932122, 0.41654572776827997, -0.28477268174728
-0.15948221320028, -0.41432284934568, -2.904185380125241, -0.11350628692438999, 1.9913782730599043, -0.24958898986351
-0.21653878494714, -0.40262473135402, -3.211276834666114, 0.022112546046623, 1.56458698997462, -0.29077888384451
-0.37321999833724, -0.23652928630605, 0.11832511580021, 0.051021757098046, -0.10918585515616, -0.21301133668074
-0.26776251351869, -0.18967724993091, -0.50609359492656, 0.07135357894142201, 0.68260101911567, -0.07939112228844601
0.32896533025144997, -0.14254655870343, -2.930088263381232, 0.12478938528183, 2.125161002811905, -0.073259518828899
0.33174982988772, -0.14286916294493, -2.2968904871149665, 0.16420097546547, 1.1427217139035644, -0.074953740566469
-0.27940680106731, -0.1531693582661, 0.15275575777861, 0.050911918484706005, 0.13872942388743, -0.097980665085916
0.29160542098566, -0.11187671349019, -1.1081441599384998, 0.081846272033155, 1.2784362744140634, -0.021870172802129002
0.35563333210982, -0.079375186098205, -3.1471420660336564, 0.082363207768544, 2.1026248462872585, 0.011406088642364
0.24945007571292, -0.10331055521908, -0.48593368660894, 0.09849861493363701, 0.30693894343129, -0.09938484341061701
-0.014747676807997, -0.07679846698098601, -0.4197886188727, 0.055750718046831, 0.8612132973757, -0.011615053749160002
0.55075121807254, -0.036704998690234004, -2.327595530840395, 0.10885197749762, 1.8292639228207022, 0.020572910045244003
0.52720672188314, -0.08143305257465401, -1.5914687478552634, 0.07894597818776601, 1.2485359599661277, -0.045943737381861006
0.47728655662459, -0.09984645904852901, -1.076814295472919, 0.09004000564115601, 1.2313548754446506, -0.063857122441158
0.6268647771331, -0.079100196062552, -1.1918226807487966, 0.10937944536701, 1.2267021550897033, -0.048368248270706
0.62750025008733, -0.071521162401251, -0.96198221219061, 0.096744557613822, 1.1667495441717421, -0.041685221351707005
0.57538485812203, -0.11262163477495, -1.0642383496580368, 0.083553528919796, 1.2049601733726474, -0.07923617572114601
0.70906052260022, -0.28859198484633, -1.3145015466562198, 0.14436712365478999, 1.041549497338518, -0.32616504782289
0.27443012341973, -0.66245118652698, -0.33633020424627, 0.15884682250791, -0.31969198241129, -0.96674958608905
0.06410041105292101, -0.77179398756878, -0.65697345066571, 0.13901301352401, 0.025177221597096, -1.0232116174766626
0.65977031231115, -0.47510537198004, -1.294191506319884, 0.21749778109297999, 0.68142320116225, -0.49146372270427
0.72195083629431, -0.018020678210369002, -1.4711099605841262, 0.19713460191529, 0.8503523992291, 0.17229372956497
0.79262685875102, 0.15695313361715, -1.2623183782955731, 0.20096539474414, 0.81103017591445, 0.36584652053184
0.80106819173768, 0.23672264166554, -1.2607812324293826, 0.21849626231044, 0.78663371757, 0.41683938311247
0.80821262529233, 0.33495062758022, -1.0108325414541315, 0.17570870838981, 0.6711221487601, 0.51665118573094
0.38219414589893, 0.71878500620295, -0.22549455426385, 0.0036474241558399, -0.050813573390052005, 1.066227319510382
0.41799231413947, 0.96824368409594, -1.0089277580240938, 0.22095842602061, 0.58447917238502, 1.2123760917601392
0.50795574561139, 1.0269415523501808, -1.2187410852032028, 0.23713879506567, 0.50319068271304, 1.2295284772791533
0.39064098436103, 0.44183482580341, -0.53221514700856, 0.097068639608198, 0.39253544839807, 0.39678554542996
0.31320834597639, 0.020781068448538, -0.51194196908782, 0.05704381938122301, 0.34933594363433, -0.13437227785422
0.13547682958802, -0.072223021881959, -0.27370984471672, 0.031152907923597, 0.33671730715657, -0.22277301043393
0.36490761483545, -0.050285280920402006, -0.43245314819702, 0.034180691614980004, 0.31885336593735, -0.15502322159814
0.30440609612922, -0.043853435485414004, -0.24680516562142, 0.053481131122100005, 0.24764768242442, -0.15219860653662
0.29724444453962, -0.041676158808990005, -0.32069149306211, 0.036697121817762, 0.20736177372448, -0.13929719098547
0.41230049306558, -0.046413687959634006, -0.71267332196097, 0.051569065519679005, 0.20042890131916, -0.1513029406725
0.3740763208226, -0.057191827491837, -0.50392921914381, 0.040202490446933005, 0.19758932212127, -0.14739686182202
0.41449255425639, -0.059537120711926, -0.45749413000642, 0.036001120889421, 0.20565392021617, -0.14348709971161
0.35341837949831, -0.053866110031426, -0.23014010257031, 0.024031316766152003, 0.16952349927399, -0.12793819438774
0.24542211406519, -0.050777810552439004, -0.028388358780714003, 0.027169102354658, 0.17231605017289, -0.12122306996384
0.17791868967455, -0.05483547071692001, 0.11802382257447, 0.012622948386940001, 0.14847182850769, -0.13008799681127
0.23109108627976999, -0.05316452400070001, 0.038635612194747, 0.020850987961516, 0.15688804403845, -0.13558488641932
0.33249258340944, -0.052086957082596, -0.15301266103936, 0.016170571345757, 0.15372456583454, -0.14221675481747
0.30149794625515, -0.05310469064718001, -0.040645808477434, 0.020713365099911, 0.11412746742985, -0.1318741144488
0.26997884920701, -0.052387838253305, -0.014346762582245001, 0.011909057106036, 0.11039384173637, -0.13290058403246
0.26488243504016, -0.048080944134823, 0.068249432689652, 0.017345532901385, 0.09935278493461301, -0.13567106690257
0.27267304475005, -0.048008551068693006, 0.065149792363779, 0.016238831783733, 0.09117307005608401, -0.12706609877636
0.2159655503322, -0.051016057886003004, 0.18843752234064, 0.0057952155201478, 0.051906568961878, -0.13153908384072
0.24028009057933, -0.057333817856334006, 0.10582188000654, 0.0076233435311186, 0.054517223837297006, -0.14180387323407
0.30053879362221, -0.037597071565162, -0.14837503830788, 0.017786962150523, 0.065129911452301, -0.13818281336744
0.26468411949557, -0.019867326125580002, -0.011552968743034001, 0.025374847332188002, 0.055331298583014006, -0.11340352868287
0.29191066533862, -0.0043629450819331, -0.12672538866997, 0.036063208738760004, 0.071369963526403, -0.089706067581568
0.28059262588378, -0.0076811833995292, -0.12704716769382, 0.031614314592755, 0.08079003744551601, -0.09148843804493001
0.2655876047427, -0.010859883675414001, -0.041661089774456005, 0.035995386181977, 0.07555711630092801, -0.10392766527244
0.28602272754355, -0.0006592302266595, -0.06309227241698301, 0.05038164238525401, 0.064354337796321, -0.098536406341221
0.46528748655835, 0.10214329055997, -0.70818249630366, 0.030696354648304003, 0.81709711579297, 0.073842269028749
0.3033724349671, 0.22803740796718, -3.39915146472646, 0.0059446429084398, 2.599654571328397, 0.42296396554801
0.52581708820178, 0.16638978414604, -3.1884834140203653, 0.046173437925236004, 2.703575990100874, 0.36262854782997
0.74537241377049, 0.16480204592601, -3.192195442156348, 0.09461630553354701, 2.9903878264932358, 0.31921352336721
0.63493873404951, 0.20220763320523, -3.153122623516733, 0.13523905081944, 2.98529037994754, 0.35201282632087
0.93678724231783, 0.17690472442133, -3.302910826427427, 0.09380734884564501, 3.2218342767871575, 0.33182986600314
0.86999424118572, 0.1685948457458, -3.0438763963708304, 0.12525043211744, 3.018989884913508, 0.30598523455478
0.96804422034753, 0.15397149912161, -2.9052306224175037, 0.1400559750068, 3.083100720085785, 0.26878439712531
1.150375500529651, 0.15406661301898, -3.0875051118055468, 0.13984599330071, 3.249881500747993, 0.25802299258358
1.1538051538021468, 0.15760161336813, -3.179978975487389, 0.12110262464073, 3.2631021367256903, 0.26533446836573
1.0954920870185405, 0.17519975620369, -3.1987353462628976, 0.12377682322227, 3.2312011222245056, 0.27841923519449
1.0916948785189422, 0.19185687804058, -3.0763172159407777, 0.13432088223906, 3.1869571775898797, 0.27698528190284
1.0337235822712127, 0.20902947962016, -3.0481532729216836, 0.14233810451955, 3.059564196289419, 0.29426607017148
1.083815111866427, 0.20897297827943, -2.7864047170239177, 0.15529676787234, 2.9395870187609123, 0.29459986160329
0.66440906207305, 0.14263085483856, -0.91775458409271, 0.07063209765245701, 0.50339486720572, 0.1596207204789
-0.54567865314968, 0.09749101564302101, -0.47934483980728, -0.013571155505624, -0.38449116835647, 0.24319346431842
-0.75148931743459, 0.12513352618664, 0.28130879049157, 0.08914679335990801, -0.77841993247183, 0.27523816430822
-0.73548670795565, 0.11740390146279, 0.73003618026044, 0.098051920965829, -0.96512867388866, 0.26656106694052
-0.60022533506222, 0.12553360595033, 0.74382459313564, 0.11028582127075, -1.078113899855927, 0.27652599002063
-0.73244418435022, 0.1456947336149, 0.86217098718886, 0.11806789457426, -1.2891502613530197, 0.30575326143693
-0.78655996053822, 0.16909362361914, 0.73892094971632, 0.13814434840093, -1.4437819790499604, 0.29759688370675
-0.70682616938944, 0.1887705519807, 0.70163391775159, 0.12114625567128, -1.4623566732896223, 0.29673206551118
-0.3768281080713, 0.19186045623491, 0.54579307699821, 0.11564357477327, -1.4905088888766556, 0.29235364980411
-0.42175686124341, 0.20370927905495, 0.4124359615359, 0.12022278093711, -1.72100457278056, 0.32145636832748
-0.50864678734961, 0.20869541769993, 0.59404466882744, 0.09960501483682901, -1.6537027530067674, 0.34387570519147
-0.33215292242648, 0.21378804341565, 0.34830057903459, 0.10426712390509, -1.7144717906840796, 0.33929429801132
-0.27979251768487, 0.21456426653954, 0.25790805685646, 0.1138567454284, -1.781984897954727, 0.32373883576316
-0.23060160246602, 0.20952320002828, 0.27115559056801, 0.10848282258378, -1.8039209753963548, 0.3297848677594
-0.06829250491541501, 0.13967415523626, 0.46626098764761, 0.09266220634887701, -1.729197807367118, 0.2386704422031
0.80213171363824, -0.9618383507793, -1.0208115447670534, -0.13111438183379, -0.39213463105829, -1.5658796231614642
0.93463758318378, -2.1818440737417335, -2.652470580077086, 0.017273291125405002, 0.72002018256553, -4.135059090937433
1.0140684639951556, -2.1508994353347033, -2.260103803578777, 0.080181148634622, 1.0570633457965313, -4.068541831237334
1.0911352879701144, -2.1586005763067138, -1.6489723973386172, 0.11855980226622, 1.1231692818890606, -4.066836927045924
1.1445124450299975, -2.0937869832054203, -1.6973396741227993, 0.09967415832311301, 1.0991379769691345, -3.9335955782078567
1.2115510575750938, -2.068607706393394, -1.4136669151840053, 0.095522617815557, 1.17353119972428, -3.8718049083473804
1.2609298102062794, -2.058020938879463, -1.2704196265354444, 0.10289667610124, 1.1787353563555942, -3.8413889327035036
1.2670141549110898, -2.047333405054136, -1.4927548724598467, 0.13151694042874, 1.1954630567764823, -3.860681130706941
1.2180049312618517, -1.980734475240119, -1.2854175473357163, 0.17344064914322, 1.182290117852278, -3.8036826731008855
1.2756114317906453, -1.8727631559549778, -1.4790339622858197, 0.20813119937728, 1.232528521978565, -3.6795763773610877
1.2623085718638, -1.8240824892343042, -1.5353969649681614, 0.24103546172254, 1.2213471174250348, -3.6547534189949586
1.2181742581606172, -1.7991526795137789, -1.3562723139673376, 0.2522469735267, 1.1524998707300453, -3.627789717678221
1.2294881156579671, -1.7707308724204822, -1.460802903488703, 0.2570287299162, 1.178736067335899, -3.5739380268917302
1.2559160200091084, -1.7083920388500626, -1.5573434155742507, 0.23078962748382, 1.13304438148304, -3.437080483264867
1.237695830328373, -1.6061500506895212, -1.4626705234705029, 0.18548039214242, 1.0435115151410415, -3.235301987310281
1.2425511921467285, -1.5023661362026048, -1.3639178055906533, 0.18876162587606, 0.97813107074935, -3.046345252903806
1.2426801625742971, -1.3558784017202479, -1.3206299225320974, 0.18335412697622, 1.0168780217466555, -2.799776977401878
1.3271730692694836, -0.51086129275077, -1.4546812293704452, -0.023997426672577003, 0.93868701239839, -1.3952293883805649
1.303453331055513, -0.046138758140539006, -1.6286914865101858, -0.22103675717371, 0.8025434830503, -0.52268138991915
1.0752444164878967, -0.36297086549383, -1.031147218043222, -0.30896790750984, 0.49513937852607, -0.87738786375033
0.90884496546102, -0.69660241901847, -1.498038701253347, -0.3539636002573, 0.44025146427877, -1.3197764732445898
1.1318845919195841, -0.78377161616624, -2.2228607492651267, -0.35065478592029, 0.53387843836793, -1.4002112497859383
0.98850505839731, -0.78134810223112, -2.0205969433119835, -0.34420104391267, 0.33796106509071, -1.3809055721802226
1.1121084069007205, -0.65046679294589, -1.897819282961407, -0.40397257266196, 0.28107812896592, -1.0971933207157258
1.334606495079265, -0.60405462936775, -2.2202664372127314, -0.42004888454145, 0.47972666530376, -0.96988084411582
1.216178787043401, -0.6358863388473, -2.140964237591332, -0.36320482745226, 0.56935691708975, -1.0620223025264726
1.3863567217324464, -0.63332403738747, -2.518694140585671, -0.25507354570624, 0.76945683232022, -1.1581744311351012
1.3247284538267818, -0.64161006068412, -2.2017404564498912, -0.2945073039917, 0.67065150581082, -1.1881805657497482
1.2425106861773265, -0.68125480099249, -2.0213790431507124, -0.40012442848608, 0.48572978299487, -1.1787110193506378
1.1932414838571823, -0.68757678803389, -1.7925848411806178, -0.40660696319136, 0.39321152905497, -1.2148360513924847
0.79613981395828, -0.70758634202458, -0.77386290544417, -0.42465866850155, 0.24205140150492999, -1.2794105064965104
0.54107181131485, -0.71126473286573, -0.42225136821898, -0.40881681046035, 0.27051315666224, -1.3566389422576326
0.76773385532492, -0.69612948424577, -0.17800301733696, -0.4200176841324, 0.18789848173381, -1.306530191201742
0.57032269361349, -0.64355915536101, 0.048468685715206, -0.42794568511424, 0.075521663726153, -1.230809661166416
0.73256220310393, -0.52761646088429, -0.20243886373515, -0.36934805073375, 0.08313321683638701, -1.0892643714391463
0.83733622532588, -0.47982361899325, -0.34440909746635, -0.29655649536095, 0.17120898273197, -1.1091480452968847
0.98127654067338, -0.48064612348679, -0.57475062887875, -0.24332532151141, 0.15673500129911, -1.1423850257079387
0.98225167573618, -0.50833720103746, -0.53719077039658, -0.20095955209004, 0.18500198741434, -1.2337602067924458
0.97119384072564, -0.53359664319362, -0.43368216148648, -0.19395071687135, 0.14925900468681, -1.2969049029890392
0.84759259559006, -0.53692661112897, -0.19262620804762, -0.18925812637954, 0.12379053202237, -1.3106280649152762
0.80330255820316, -0.49929171433796, -0.23090521099841, -0.2435409874488, -0.013528084476708, -1.2173557572622247
0.6848297012484, -0.51481959149053, -0.11070105391815, -0.29199009562475, -0.053572336012276005, -1.2002342395521004
0.83774673117196, -0.51873009383085, -0.21148710632609, -0.2674678395585, -0.0043656497295101, -1.2188787922410524
0.86255956512284, -0.54495761696239, -0.44311348324613997, -0.23436428053146, -0.009559820664225, -1.2892868785204021
0.8884146378954, -0.58482418118414, -0.46024654473015, -0.24337052127193, -0.029541013149034002, -1.3388680795551975
0.88544698559655, -0.600162610491, -0.47817130839256, -0.23603206630939, -0.056046528835033006, -1.399965648443203
0.80771534775245, -0.56953600509524, -0.32122320231793, -0.22350236956438, -0.12344457467545, -1.3728181085076108
0.87669355400255, -0.49740929444505, -0.62636788018422, -0.21471308315842, -0.077394775915315, -1.2422956331570196
0.93135364345726, -0.36370716910932, -0.83506335257459, -0.25898215435898, -0.015201410264192002, -0.99168568480847
0.90271434270099, -0.33265338056844, -0.92644428103479, -0.24255463384996, 0.0057323294723318, -0.9349715439771
0.96080409150522, -0.40728356935025, -0.80363208688712, -0.22054082021673, -0.082009343653426, -1.0685109468568355
0.72260815365322, -0.4692490570721, -0.32399353535157, -0.18343600199328, -0.3381126635247, -1.211634734560405
0.31042416305627, -0.4804014060598, 0.12667524095713, -0.21741182660715, -0.42666776443187, -1.2356142580364122
0.62042539026097, -0.47951129625533, -0.21968841031248, -0.21559577946643, -0.34371464232046, -1.2065254181733338
0.76982107987606, -0.45010473463249, -0.87624217198492, -0.19007286203648, -0.060105142220571006, -1.2003743914184812
1.0105241791900643, -0.42130254123502, -1.5044424107762742, -0.12969914779549, 0.13249398235542, -1.1909285251983692
1.021319661204541, -0.39765466136319, -1.3501014716493174, -0.10957063241742, 0.19293339247036, -1.1808791705974138
1.0491828541107675, -0.40399670020898, -0.91364444831394, -0.11025079112573, 0.18314378037391, -1.1847891495100338
0.8923449975003, -0.4417643892156, -0.56006201760524, -0.12446917862975, 0.11351646892233, -1.2242139496558704
0.98600151912873, -0.45518038524282, -0.51915580711207, -0.10335261070072, 0.11611733633174, -1.2599587693993932
0.96699512141208, -0.45808136946689, -0.40051004160046, -0.09882083579296501, 0.10261306438744, -1.2650002160639766
0.95541911889995, -0.45099712006441, -0.32753368724054, -0.10903849340715, 0.062689760916757, -1.2584197736337766
0.91151562534053, -0.45629447032673, -0.4074510766766, -0.1126272391893, 0.059745540009362004, -1.2612050079450625
0.97812514660833, -0.46927536995148, -0.46696394289473, -0.10514057869621, 0.056172383675949004, -1.2776890161519474
1.0024607771909761, -0.4716987540016, -0.58959908385836, -0.10076374391516, 0.0065413917505449, -1.2858087362580493
0.91864853904998, -0.48010028093822, -0.35995481088566, -0.10705427089024, 0.018641095420567, -1.2957056572360421
0.92945273233322, -0.48887816944121, -0.44455958483044, -0.11067858370797, 0.034450489086393005, -1.3098411192022332
0.97805315263246, -0.4895175298816, -0.50568241897962, -0.10623217060968, 0.026531585372366003, -1.3227391612853026
0.98508328069559, -0.49047433857586, -0.44516645167318, -0.10067671937076, 0.013751454726946001, -1.3131650809368085
0.94006289914917, -0.49250619713027, -0.43245564755709, -0.10429305556397, -0.022215337970985002, -1.32654507073672
0.96641218971035, -0.48748050681383, -0.57806320816942, -0.08906327155262701, -0.021930781308507, -1.331794842878974
1.00735140840199, -0.47631335791689, -0.84912636942999, -0.08218907763335301, -0.047502710006968006, -1.319995217857076
0.95269594455072, -0.48087627838173, -0.74223263398646, -0.084353624295067, -0.0094923464966716, -1.316026984044977
0.96714743659439, -0.48449244346756, -0.71938361105564, -0.07995712420909601, 0.012784117699355, -1.3186417479021106
0.95952543554833, -0.48448201949958, -0.69111045691282, -0.07737901608932, 0.0023343602753121, -1.3183911645935835
0.93364575114009, -0.48221497579254, -0.6355397705139, -0.073094728491898, 0.0014230478193489, -1.3156724826639403
0.87717810506139, -0.47804310311427, -0.45504447058718, -0.08112855962681301, -0.028771840542492003, -1.3166519238412635
0.87758220732473, -0.47666972262363, -0.53979749474568, -0.073076602849329, -0.010279892258091, -1.3168882993380389
0.98766615736259, -0.47229458794172, -0.90384591956041, -0.06895332355005801, -0.021853590634002003, -1.3131387098331955
0.94294452902291, -0.47705022677077, -0.66215739921292, -0.07354528917026401, -0.026508544483349, -1.3134111345256594
0.94656362697006, -0.47958475727321, -0.66853441365775, -0.075729240302967, -0.015889886362569, -1.312924194541827
0.9108298669546, -0.48109731244744, -0.56533658814416, -0.07513926633329701, -0.023238104028701002, -1.316119693323502
0.91365624085313, -0.48023174485226, -0.46627738632875, -0.08151605352147001, -0.042026723526193, -1.3122496596177218
0.82700254598643, -0.47867089256351, -0.22970927863728, -0.085624605307672, -0.059335836616168, -1.3094356538142387
0.86195588245802, -0.4916971099022, -0.30926021320432, -0.09789425108244801, -0.064677476564691, -1.3133820856447038
0.9304538170436, -0.48866542298544, -0.64138842474224, -0.09140203115909301, -0.047672210558282004, -1.3144309898640003
0.8702814876144, -0.48244657473127, -0.39396067368742, -0.09097156321946401, -0.057144366321187, -1.3107711921657654
0.8558950435714, -0.48278705032912, -0.3908213100663, -0.09810750094715101, -0.034681580007256005, -1.3046997346978928
0.8844072114272999, -0.48541429921853, -0.39333970813694, -0.09056815258765301, -0.037983711276663, -1.304348497944531
0.89335270042016, -0.48866522778703, -0.31188768263823, -0.09185175791460001, -0.056273736680547005, -1.3060903032049966
0.83053810145374, -0.48901140989144, -0.20962306967728, -0.09882275359475001, -0.08392645418656901, -1.3109931983565948
0.84064968486229, -0.49350299271466, -0.2719239309719, -0.093763853218066, -0.08302994371349101, -1.3215004151939
0.88235969482069, -0.49027733627848, -0.38313628029358, -0.098869748132307, -0.07473527546382601, -1.3219905711931879
0.86301252115636, -0.4861838513536, -0.27719504037159, -0.09359971571267801, -0.083145179769765, -1.316327375493372
0.85912996878348, -0.48986976102673, -0.33968003107923, -0.10211665588986, -0.063168088425823, -1.3193570997806534
0.83984546593677, -0.48683406386563, -0.28308269081305, -0.09654791752882501, -0.079250096512452, -1.315748709100755
0.83112822739314, -0.48929972300743, -0.18432741622748, -0.092969095698109, -0.091616792201581, -1.314399646638924
0.79377494702992, -0.49114078491837, -0.16073336824123, -0.10248069406009, -0.10235986117219, -1.3212722448922398
0.85119512812725, -0.49853998276576, -0.17617491400801, -0.097048090705435, -0.090651982179499, -1.3374519740982056
0.8936061143865, -0.49004698723013, -0.36507530956631, -0.09658100087494001, -0.09407543078307401, -1.3288722270300086
0.84705457185628, -0.48748800206472, -0.33579674536783, -0.09535086897095, -0.06983691666003901, -1.3209811615786624
0.85438208280323, -0.48828290213557, -0.35780492802362, -0.09081786335005901, -0.07768231336582401, -1.3250265588831935
0.85967482773063, -0.48738561706454, -0.45232717356832, -0.081050794154852, -0.08761763344423801, -1.3188661482636042
0.84927491606542, -0.48226399200722, -0.51620569383632, -0.07603133570885301, -0.08855568004688201, -1.3188012927363217
0.88250985550704, -0.48110834559916, -0.58532654335059, -0.070406202461854, -0.098263395951571, -1.312974468910552
0.86439097847005, -0.47705463180706, -0.50549725973752, -0.058275614742261006, -0.074554844728399, -1.3219579056011503
0.80822082603276, -0.473469865192, -0.5311685254964, -0.056240649144176, -0.06472383663879301, -1.3077026359148367
0.86975663630406, -0.48385275117857, -0.48737252412938, -0.06295461043927801, -0.046030275851017, -1.3178791868352258
0.90375155421103, -0.48654784169338, -0.51654192071362, -0.055443971561462004, -0.051590032633637005, -1.3196863660013445
0.92777457940762, -0.48742445825177, -0.56385070029493, -0.058330493432516006, -0.055387297511115006, -1.3198463682195685
0.89911356977358, -0.48599224290258, -0.46223956465311, -0.06117961757116901, -0.07355185184846201, -1.3171065724508522
0.76908851979982, -0.48697560466861, -0.011911985137537, -0.07894120174852201, -0.078824652913872, -1.3145528456858682
0.82345778205045, -0.48773628883297, -0.26511333373534, -0.07847822610987501, -0.079811730066579, -1.3178246129313438
0.78436286350136, -0.49213303610511, -0.030031932763567002, -0.088858141269536, -0.12045390424181, -1.309278756578277
0.78998010534093, -0.47569887848553, -0.49850822282436, -0.078664117916332, -0.07004747453113401, -1.3069176903614232
0.85269172464842, -0.48095906590822, -0.32975735483554, -0.083800193093302, -0.10272419386458, -1.31018170758874
0.83542942549037, -0.47947574983454, -0.33372684906484, -0.083869980470269, -0.082126520889869, -1.3092014908138658
0.86531577499941, -0.4868494963941, -0.22077328713038, -0.084069850260232, -0.11463064183086, -1.3172883231367458
0.82962564458281, -0.49362449997971, -0.2806761221685, -0.09514945272847901, -0.10069967345276, -1.3236784452860209
0.89175454206734, -0.49235302055339, -0.36819372427793, -0.08975420170133201, -0.10589118182819, -1.3321192109490099
0.86244890362619, -0.48453502686647, -0.37420720646137, -0.08805605697157501, -0.1062715924141, -1.3216388382526132
0.84055192501237, -0.48306491910436, -0.27706583924045, -0.09401489843464801, -0.09715224224532501, -1.3221349194441825
0.85767448572536, -0.48446702794887, -0.28442554250789, -0.09000707088565901, -0.10369469743575, -1.3249579902673432
0.85032663155209, -0.48800816071546, -0.25775239570582, -0.09777939081481701, -0.10029729410716, -1.321150490082437
0.81681701438886, -0.4848358454594, -0.11338630743923, -0.09515324743775601, -0.13525601265691, -1.3269982528518873
0.8047527163261, -0.49097707438288, -0.13253733063603, -0.10612691302335, -0.13146796047382, -1.3325773910961864
0.85902513363052, -0.48838664437271, -0.31557487499671, -0.09925611226057, -0.11517874356442, -1.3347399530951016
0.84297522362854, -0.48831904721194, -0.28644763940013, -0.09552664365405601, -0.11685651668371, -1.327014162659576
0.83306942691061, -0.48621600433455, -0.22138841533964, -0.097383654685359, -0.10650117267939, -1.3218836289198443
0.84961710294462, -0.48671210310442, -0.22966722889591, -0.090557023925147, -0.12150849350354, -1.3241494794135784
0.83262174771796, -0.48832603848046, -0.18547448025697, -0.09693639659462001, -0.12124256202088, -1.326706151225365
0.81533893362862, -0.48811501553673, -0.14699972628799, -0.09719073313061001, -0.14261031776277, -1.3246257616951982
0.78656873630196, -0.49060212864003, -0.10097668869602, -0.10429682019228, -0.13610804441586, -1.327168411716663
0.83608367855445, -0.4923396506656, -0.17700027990119999, -0.09793297913515901, -0.1206100943002, -1.33182669014863
0.83695581636132, -0.48410484568585, -0.29122305780527, -0.09497113659211501, -0.13221900865921, -1.329136012667502
0.80086223230716, -0.49030189841482, -0.097504785192305, -0.097715585807261, -0.12004490837756, -1.332401434150533
0.81271616841696, -0.4871694243081, -0.19920400333014, -0.097778692755926, -0.13032009467194, -1.333095565939864
0.80679127431821, -0.48619903648872, -0.14756056432154, -0.09775555913107901, -0.13539995447132, -1.3252105625685073
0.79090211371068, -0.48760687268389, -0.09737472363557201, -0.10003072507211, -0.13400312585948, -1.3210687470613582
0.75995890940145, -0.49007303330737, -0.11190536171091, -0.10846238058357, -0.14912521990103, -1.3258114188083312
0.82358221146763, -0.49618530671465, -0.09903768106323801, -0.10239167986721, -0.13269642674433, -1.3314876887815548
0.84391769923641, -0.48627813607067, -0.3422724203055, -0.09985656052483101, -0.14204463250577, -1.3293948149169197
0.79559183044539, -0.49031133497569, -0.12893527027166, -0.10118382345989, -0.14136755542436, -1.3296996898340765
0.82366083491768, -0.4877401647367, -0.232695394091, -0.10461720401991, -0.11642180908167, -1.3271987155730962
0.81340615437298, -0.48637499968568, -0.1932203853022, -0.09975660026817701, -0.1356118737003, -1.330076812192691
0.81220873468871, -0.48923231840624, -0.16081346714222, -0.094045204213589, -0.1424024432178, -1.3229538624722046
0.7974704230155, -0.49078674862217, -0.29337609184774, -0.09825800554586, -0.154505144143, -1.3316913708823022
0.81084361267857, -0.48776982142411, -0.17864916159316, -0.087634390007902, -0.1338539043413, -1.329342642373631
0.71830175563237, -0.48427014904439, -0.173124858469, -0.087155522992265, -0.12283596151588, -1.3292722681787394
0.83112112705532, -0.4903505962284, -0.33791163578873, -0.08059442790421001, -0.12044615710506, -1.337076203437371
0.87372975262615, -0.4934974311892, -0.4602547445795, -0.08219195404061701, -0.10768520178811, -1.3428110619546507
0.86437577630383, -0.49107589215312, -0.53554874505843, -0.076742720013958, -0.09843380180656301, -1.3328352791340656
0.87958514043235, -0.49247704866416, -0.58544009922131, -0.072470461051358, -0.11368720328592, -1.3416817945668995
0.86112195220655, -0.49237295595555, -0.45262530845601, -0.071095848867275, -0.12736637453529, -1.3375894109034328
0.88961281623846, -0.48293576854043, -0.5351212442311, -0.059663533203987006, -0.12083819611374, -1.3258269978398585
0.83857265297295, -0.48371625302674, -0.50040836222958, -0.064155091331157, -0.10508633448837, -1.3253923202942874
0.89160402611596, -0.49032466783345, -0.54641350867386, -0.06665328342278601, -0.10555310904821, -1.3283097232596603
0.89828628467215, -0.48806239001499, -0.59090068478977, -0.06417872521498, -0.10165111138462, -1.3288533321403695
0.90159557681286, -0.49062545882036, -0.58117452231109, -0.069450971402995, -0.09471201363317401, -1.3275269265063776
0.85218586607562, -0.49252599038721, -0.44856139291503, -0.07781207667256801, -0.11111531620705, -1.327006550460909
0.85252841348738, -0.48834413207959, -0.49074473161974, -0.071416869207475, -0.08581642197316401, -1.3268100625187613
0.89429151077894, -0.48656723572204, -0.60611353072027, -0.070631208049849, -0.11791907015786, -1.3202552792711064
0.76461181502204, -0.49797519701535, 0.09237009385524601, -0.095621469951778, -0.15184105665003, -1.319743231418088
0.63654637361815, -0.48705891913332, -0.06624954184076601, -0.095467314705831, -0.08527663900328401, -1.313362527185195
0.85357427640275, -0.47576672843994, -0.47927909816958, -0.074624564671664, -0.096488913610867, -1.3162672000375844
0.85574970781967, -0.47820608939653, -0.17229345630329, -0.07913525103474, -0.13849661214651, -1.321532627305177
0.81555286217536, -0.48221863688609, -0.25707053685084, -0.092389582246163, -0.12489942836875, -1.3216131177466495
0.8901223092912, -0.48079610708047, -0.33702351806978, -0.08915341925521, -0.12962026823882, -1.3194389989139474
0.84612480311268, -0.46968239498022, -0.23531043623292, -0.084219546167935, -0.10903321998064, -1.2996590553936243
0.84978242873783, -0.45609377029592, -0.22964266484753, -0.087638345320803, -0.09298503143667201, -1.288708745595108
0.85474970361431, -0.45282286133439, -0.22741480744706, -0.08799614381543601, -0.098939474310392, -1.284476695948809
0.86031313056013, -0.44813829249217, -0.26330552928121, -0.089898239629792, -0.10482983752208, -1.2773764674861257
0.86015067836593, -0.44372669490919, -0.25190488463861, -0.087164207270602, -0.11720339907582, -1.2800834475268845
0.84669452732813, -0.44672889674991, -0.24853238333731, -0.09483625591536501, -0.11442491163604, -1.2839711603964041
0.84460658766193, -0.44886953271722, -0.25468091080701, -0.094858136264875, -0.09337349221964701, -1.2899013323003803
0.83585843790125, -0.44468042557733, -0.23877719590853, -0.08997296079063401, -0.10737315176777, -1.2863048272736168
0.85532206665037, -0.4468904616423, -0.24767054307103, -0.094214635626558, -0.099348062726358, -1.285958936996016
0.85640139331277, -0.44632678346016, -0.25143055036574, -0.095179446577315, -0.11677748443104, -1.2804500658858249
0.84660268570684, -0.44844716813457, -0.2148733796055, -0.09097145761618801, -0.11953274999818, -1.2850525860292257
0.83624308634061, -0.44955390379399, -0.16287839101178, -0.094390651139707, -0.13371115480457, -1.2917816419531274
0.85107766588282, -0.4558216591715, -0.13372701520569, -0.09612193372347501, -0.14054414416579, -1.2963723858692655
0.83937605602284, -0.44931135416868, -0.20431203486056, -0.09296326212235001, -0.12129867182127, -1.29661152242295
0.81477254257284, -0.45131261034812, -0.18512729431527, -0.09817927428447801, -0.11264114199076, -1.2922427639548397
0.85039981535098, -0.45250605795988, -0.16984708832843, -0.099212385480858, -0.10080553380469, -1.299955422146999
0.82703375053537, -0.45422321784643, -0.14097263173887, -0.09537408568312901, -0.12219886126789, -1.295574766632204
0.83480767449001, -0.45242612557977, -0.16014590167788, -0.09519238038249601, -0.1222110101426, -1.2914729771511633
0.79721714169368, -0.4504141460524, -0.18437819166768, -0.087024633031831, -0.12444491242348, -1.290423758016431
0.82118840583612, -0.45384671702459, -0.19155814415641, -0.09312055155917301, -0.13056646128953, -1.2952808691933373
0.80106888957814, -0.4442954599457, -0.19340564126357, -0.074185549993457, -0.10915922963674, -1.292327724394791
0.85303444247888, -0.46384598765804, -0.40979380416572, -0.09309154398703601, -0.10021778677924, -1.3098664240047093
0.82950886048278, -0.48132650148861, -0.046137078254835005, -0.09413503587150801, -0.12655950815012, -1.31622812961901
0.9122807313196, -0.46038689797247, -0.64886962494716, -0.069235297199589, -0.062094698348867, -1.3106453314906918
0.75451679063868, -0.44970558791705, -1.0948662222590104, -0.051287818644235005, -0.10662199179435, -1.3016471123654172
0.88674318679432, -0.44383132664131, -0.74295309977748, -0.073287096754379, -0.07309454022859001, -1.3073611108332177
0.91025978964138, -0.45562559356529, -0.44586374849232, -0.071010312393396, -0.12329320429561, -1.3041953685015
0.92659132863206, -0.45780328722818, -0.67514726068453, -0.07291798996767701, -0.044552376334269006, -1.314433890665576
1.0686179641648845, -0.42575990627828, -1.267233214037618, -0.037594089510808004, -0.07493826945541901, -1.2952645069761788
0.9334879890215, -0.42599166562021, -0.88176892911749, -0.052505593128578006, -0.038158730253612, -1.312515379362568
0.92003360050675, -0.4623904733164, -0.78325143512049, -0.064320402295408, -0.1272302299195, -1.3247486525971008
0.72416953113019, -0.44371054746055, -0.71844439136245, -0.052196717835055, -0.014166665318391001, -1.3012816140442756
1.05561329056983, -0.43341807161897, -1.2399106677120995, -0.058256619887793, -0.07989700982160301, -1.3185183555091566
0.83730203489458, -0.43502120775655, -0.51512003243624, -0.054159230360673, -0.11894743049429, -1.3015013319175126
0.92714927351107, -0.45011663329097, -0.79662800084103, -0.080581069808363, -0.030233281655964003, -1.3308400848284438
0.81068342542148, -0.43737503713965, -0.26521784573668, -0.075526224532663, -0.11161005246769, -1.2995541192767768
0.97885327626651, -0.43591842009734, -0.83449826883919, -0.065491249569816, -0.043795272369041, -1.30558625680009
0.84239296158218, -0.44478140698899, -0.46993309650703, -0.074752121425966, -0.13275129922728, -1.3073031491838105
1.003562785598402, -0.41460842837234, -0.84332173877378, -0.040144958862059, -0.020257860341807002, -1.3023243263595805
0.70517733103727, -0.43720555925413, -0.3835757573702, -0.09136700245071401, -0.19692776148335, -1.3059491035365645
0.71925825659109, -0.43541534591622, -0.52790215386121, -0.09671403305110501, -0.059129083603955, -1.317664247822352
0.96441439452738, -0.43639295587499, -1.0335593255563864, -0.070917803176374, -0.14786034959977, -1.3132823808727274
0.93744839951317, -0.44156502296837, -0.5157386343068, -0.089861419869511, -0.1113324434213, -1.3099275543689741
0.95168099247082, -0.43951933755594, -0.71804538758419, -0.07416036350458201, -0.099469364487898, -1.3096827921993694
1.0281378566883417, -0.44447680470261, -0.8266951190703, -0.074470793050844, -0.095511762756929, -1.3049766473848223
0.96660999492468, -0.45063642117683, -0.52241913543828, -0.082165239963808, -0.13517306436975, -1.3166841861938567
0.99376136759597, -0.45803772394741, -0.72146175189374, -0.0794299440681, -0.11855342301042, -1.3151074226306003
1.040133210748229, -0.45598984396447, -0.98777541676252, -0.08715610750524001, -0.13285985668959, -1.3189899365370734
0.9982382759443, -0.45692043461233, -0.79759305795757, -0.06767810613477701, -0.12338519650732, -1.3176866690740208
1.0170446926203347, -0.45646591643725, -0.88664033741333, -0.069210431133901, -0.091986376175581, -1.3143715824504043
0.98989576987849, -0.46186686329067, -0.8580605771991, -0.06918140135006401, -0.094373078985634, -1.3143867178260253
1.0036116164041573, -0.46083973970522, -0.79801137304022, -0.071133610674007, -0.09039631022366401, -1.3080161329910769
0.95142325684889, -0.46084978931972, -0.69030709994362, -0.074137812221262, -0.11654813289974, -1.3114248777854125
0.95763354086573, -0.45783824910706, -0.74557403542163, -0.062433433652698, -0.09643398287430101, -1.3130894615891293
1.0020553317044845, -0.46095473226252, -0.93729189700277, -0.06223663512666001, -0.09186613637709601, -1.312312044629723
0.97899893661537, -0.46733442091088, -0.82442045250424, -0.06109855913224101, -0.076847569730547, -1.315128048253374
0.99801101513906, -0.46303053671854, -0.83310379114041, -0.06348575385228, -0.088260798568579, -1.3168600305201914
0.98613350913366, -0.46565223384823, -0.74804255081475, -0.059037556081124, -0.09335226321501101, -1.315364771566334
0.96210570659252, -0.46570155783214, -0.6528236335275, -0.061522346047185004, -0.10506430074393, -1.31238802673877
0.82984752831121, -0.46795765259532, -0.15567061839209, -0.076012512428031, -0.13636905511282, -1.310020109073332
0.7402676202134, -0.4734771464231, -0.028974656093292, -0.083156126221124, -0.12520400547734, -1.3045547068659924
0.88787575391843, -0.46267016964470997, -0.60396334399031, -0.07349867924700501, -0.1169377668449, -1.3040297216021501
0.93450395071451, -0.45654446855247, -0.64785777388431, -0.068339121008818, -0.14137712777933, -1.3067582637708248
0.97827227377944, -0.45715203473838, -0.70916157654614, -0.05262533378644001, -0.11451546491005, -1.2979102429916853
0.93591694951136, -0.44928891724761, -0.55374192361932, -0.048955674020087006, -0.13725422139914, -1.2915773468646519
0.92715284195305, -0.45379949835157, -0.52815060869211, -0.043443810774546, -0.13613300871282, -1.2838010720026123
0.9321991241136, -0.45653617989924, -0.60380171309128, -0.051105128919178004, -0.17757043812171, -1.2884466197522653
0.94376417803241, -0.45388225122593, -0.54352808328421, -0.047471097847301004, -0.17330619912615, -1.2919550634505714
0.93031372784204, -0.45004044970638, -0.56589274291432, -0.048600699308784, -0.18070952864047, -1.2911715903263712
0.91620958983983, -0.45367176346347, -0.51500621361238, -0.048974129614478, -0.16610200426693, -1.284597924365335
0.91501499392258, -0.45601109792587, -0.44553177932531, -0.052580971988587, -0.15334726056091, -1.296981723836963
0.91027854587981, -0.45148669702909, -0.51047243855993, -0.047922558628700006, -0.15134500896539, -1.2898292213114695
0.90387527599915, -0.4534815001863, -0.44383222014201, -0.05382480239864, -0.15887196293637, -1.2930498967607436
0.93965184806565, -0.45032642389295, -0.63829705873509, -0.050950719938423004, -0.1703615570919, -1.2987798050201675
0.87656651484375, -0.45316577786622, -0.51216759686247, -0.047821130704201006, -0.15897986683605, -1.2979548937066574
0.84324742486259, -0.43475854666718, -0.44232758626409, -0.034967631643488005, -0.15252851878392, -1.2808156006932732
0.85398051665101, -0.4495392946469, -0.60792984853957, -0.033201103923957004, -0.13095732398823, -1.2970320947627478
0.99539270338081, -0.45572758688264, -0.783626013712, -0.020934870824302003, -0.11720251433609, -1.3008912630162612
0.99233036606012, -0.46907358065145, -0.94908685452176, -0.026124444643524, -0.12292395948521, -1.3095302379314924
1.074773825141914, -0.45489224233246, -0.99893598147708, -0.018934968506033, -0.12907073316918, -1.299121471477188
0.99404506215, -0.46661333140714, -0.89506760233123, -0.037779184436898004, -0.14655792147743, -1.31519256780429
1.0038826787202604, -0.44861909192233, -0.87794088663394, -0.033480765502846004, -0.11534772736535, -1.3031182553848721
0.90663893985795, -0.46810974684306, -0.88557276440804, -0.047489482673386006, -0.12415895737376, -1.3195207879060276
0.99967975677949, -0.44709201044779, -0.88577449150905, -0.030559045778770003, -0.097021802719014, -1.3044025467203733
1.013282524123234, -0.45852689916734, -0.97228737406279, -0.034892402396216, -0.10397433674057, -1.3124336668874717
1.0236417054728726, -0.44638836568146, -0.85735176016259, -0.027277931136929, -0.093807088423545, -1.29727991438763
0.97452878203974, -0.448197723195, -0.69810529763471, -0.042234507299383, -0.13148285723093, -1.3049680110475037
0.7886076458754, -0.45602040126896, -0.1903184582582, -0.053875882816617, -0.13072535279145, -1.2939372003258052
0.94547163690454, -0.44909688870635, -0.67643098484841, -0.051013398884145, -0.15989313659577, -1.2981825041188892
0.9137379659063, -0.44964355973858, -0.66709549904537, -0.061995445360607006, -0.16981676966842, -1.2929950684908702
0.98048970700799, -0.45409696025217, -0.87902576875836, -0.06461075933525501, -0.17257876290643, -1.2971801166618928
0.93428237626561, -0.46708573006067, -0.80596735900002, -0.075910786863762, -0.13598123590239, -1.2942773137233585
0.99269000628515, -0.47067311507937, -0.69100769946092, -0.066217493718405, -0.16132785281893, -1.2903075858800075
0.95351379660587, -0.45862559087909, -0.75703620695531, -0.06696060026190201, -0.21510384498827, -1.2943200869702856
0.93392825244106, -0.45634767263074, -0.56610064062801, -0.074288618148956, -0.19822822559893, -1.3003230327537305
1.0306529729076912, -0.45908442653546, -0.89847737081629, -0.070466209475655, -0.2145126342247, -1.3027536720790984
0.98190665639006, -0.46347405127936, -0.79553286737256, -0.055673021405856005, -0.20833407192748, -1.2972325875618442
0.87847970976496, -0.48618479742232, -0.23817389500829, -0.088111802656839, -0.20018072367019, -1.3084686034454653
0.87545322175674, -0.45182432471329, -0.37113767034928, -0.07924652029600601, -0.16983987237556, -1.3026197931243975
0.911320855425, -0.44775586021058, -0.33207769314251, -0.077102037558249, -0.22363653592967, -1.2937687101230886
0.85765441224925, -0.46462722523989, -0.58369925729271, -0.088249733637458, -0.16471852829052, -1.316901156795572
0.92100686209387, -0.47768989984623, -0.43915118836499, -0.075275628041805, -0.15649037514446, -1.3243185710664034
0.89792394695738, -0.47339485902465, -0.39981339555771, -0.072378598955582, -0.14057884426032, -1.3186464755469445
0.91135258843236, -0.47714820796425, -0.53494601816221, -0.071168968362722, -0.1391849544377, -1.320248181120258
0.94141521710774, -0.47712591728162, -0.62682413137429, -0.059149590687988, -0.14450854191912, -1.3173768568200581
0.97549579250879, -0.47839013614479, -0.78049646962912, -0.060069043739165, -0.1490368854984, -1.3194258378284038
0.97221103524132, -0.48101484715695, -0.74549556650987, -0.061198820737998004, -0.15931315370064, -1.3284275385968591
0.921486587959, -0.48232016138053, -0.48807717307454, -0.06572652804402901, -0.15871550297934, -1.327606249355496
0.96859418280921, -0.47378953248086, -0.79219130680184, -0.054345738146468, -0.15447475577489, -1.3194524942629038
0.93392031041985, -0.47567320083729, -0.72364255594348, -0.057861755038081004, -0.14732375387782, -1.3165039899144593
0.97355697854476, -0.473894406891, -0.74868969663489, -0.058376630339393006, -0.12806518765145, -1.3164697393834661
0.9721980455639, -0.47320981528623, -0.73828483736772, -0.049978370418311005, -0.1248899081838, -1.3137763129096447
0.96844844040484, -0.47482286350571, -0.71041384899321, -0.053048321767685, -0.13063915024799, -1.3159237228636658
0.9305048601247, -0.47429147375808, -0.6080175158941, -0.061214630954952005, -0.13783633154871, -1.3195744028160055
0.8346470787734, -0.48073408836474, -0.10180771575697, -0.07776417577217, -0.1640262494476, -1.3198556523899343
0.76441041520074, -0.48012055242207, -0.14126757577722, -0.09010535506339101, -0.18067246272899, -1.3145785692647873
0.66792317741241, -0.47388349303374, -0.020216197707999, -0.09886215938924, -0.17949225766167, -1.306382355159219
0.83604125002317, -0.46041597663401, -0.52444652973567, -0.07201260561880801, -0.13985734848304, -1.3098817885024485
0.91751562399481, -0.46097048367655, -0.51604657319208, -0.07471864742437201, -0.16907418696209, -1.3035182820764408
0.93320011059286, -0.4536267808988, -0.53783094277564, -0.07889675457386401, -0.15059522632088, -1.2956176444224896
0.95987126515961, -0.41851669399519, -0.38061051224109, -0.073089787596969, -0.14341940561234, -1.252983592973313
0.90353268996162, -0.36607770051253, -0.25755309867164, -0.080167348589862, -0.13417385478525, -1.1861778584704536
0.90354816922444, -0.33366399943258, -0.56533300226616, -0.06711035597973901, -0.037971222784476004, -1.1676426863689402
0.97607455778788, -0.32994367004249, -0.89951623368964, -0.082278859756089, 0.04737224558365501, -1.1633841258163478
0.93462294894319, -0.30454552716874, -1.1873373106436134, -0.07256063348576301, 0.16615879089337, -1.147643729019433
1.1018961491728911, -0.30858265756918, -1.0685768015418189, -0.057050107292327006, 0.17323964951622, -1.1458948668730122
1.1746859719076892, -0.30373695739289, -0.98805724823441, -0.06681751867619301, 0.25556814632602, -1.154886699035786
1.176250979051046, -0.2893111510406, -1.4115308863922649, -0.10676773483534, 0.45240135105239, -1.1470624184919314
1.0389732890796108, -0.24163445011436, -1.8225705226823365, -0.11888013987985, 0.65217497441044, -1.0919753802423724
1.0417637033927363, -0.13639147902305, -2.047570312904121, -0.095716167534191, 0.80254865432752, -0.95260547897529
1.0279412928929232, -0.14535226033035, -2.1185999537119806, -0.13990554830741, 0.93820680471249, -0.91773345711795
0.51751640998129, -0.55028119582105, -2.592733441906475, -0.47805684411561, 1.5032673573125404, -1.1243464389195907
-0.69589347597181, -0.83925520355703, -3.7654234774438007, -0.71254707072679, 2.8532329043570175, -1.2411777249394698
-1.102449606324814, -0.88001384849061, -4.488513167024857, -0.83336079839239, 3.674739004287426, -1.180513155140962
-1.4171144404599807, -0.87832169702222, -5.224182833080107, -0.8907757046488, 3.8144840183323203, -1.0441705036635067
-1.287773712350115, -1.0687363213578596, -5.627109763847487, -1.2804666838354466, 2.3938424577878674, -0.70014760994757
-2.2956917867403153, -1.4215949134494454, -6.530959516721414, -1.785644129228472, 3.491371362522526, -0.4820984769437
-2.56155547683517, -1.1716915868947226, -7.0771864687437605, -1.3374939859739128, 4.738728653811025, -0.4856981994672
-1.9090982931888467, -1.1104985130451, -6.889456863694096, -1.450529460831273, 4.472128016639399, -0.29212206938957
-1.0693570163802133, -1.2497261717354058, -7.0967473619748525, -2.2586291771448814, 4.460477752914893, 1.0832246481748977
-1.1449487032690013, -1.51868351409062, -7.5866856831371665, -2.8706761428333127, 5.120051540052068, 1.51039857283642
-0.73201365344953, -1.10498537235391, -7.318403063898403, -1.7408425284868159, 4.797311999531512, 1.0546499149817017
-0.11841102153537, -0.76316789574729, -6.974022849495195, -0.94390091167462, 4.229471485723945, 0.66367266688947
0.2402413897176, -0.58588795560104, -7.0507251094033165, -0.63435086572323, 4.2012234035555265, 0.50756106911549
0.56875134484532, -0.55316974517573, -6.691381419020905, -0.50795967083945, 3.8607887174428845, 0.3811373220637
0.68474313061733, -0.60537397059622, -6.289518664404642, -0.48151584847668, 3.5151954323004238, 0.22176156365418
0.71290091010254, -0.72705071009683, -5.835054991322731, -0.49646134839339, 3.245934986314688, 0.089408934932566
0.69018854655601, -0.84737438787783, -5.327004831242553, -0.66950195441747, 2.75955266798075, 0.1706980018191
0.71025235165728, -0.91149987973176, -5.164052864464052, -0.72627835599522, 3.113344513022801, 0.15422055069044
0.85618116211107, -0.8984357976229, -4.287227509848986, -0.73087787438532, 2.314147518525713, 0.25107649749243
0.7056434796234, -0.81039958248718, -3.425808190509186, -0.68179737425783, 1.9694485391638434, 0.31503422510432
0.9158465941023199, -0.82309153311937, -4.785684423375115, -0.88042964762535, 1.4666431043475774, 0.24311904968263
0.6475560704036, -0.89292614340691, -6.82854791052927, -1.039411849819438, 2.993208757800348, 0.27735059398154
0.37002181165544, -1.0760527334761267, -8.104647454733104, -1.3757942082815253, 3.633843841836588, 0.18924935605994
0.89689912793868, -1.1233489365728053, -8.17280442460193, -1.275069804910935, 2.5988707815404055, 0.099640923218095
0.74288836798583, -0.91891911044758, -7.901129261169735, -0.97123735275574, 2.9160942410801476, 0.24055901850193
0.8898029755822, -0.80621219893711, -7.206055151811129, -0.61418024073798, 2.6129890941198353, 0.2096194931959
1.1100520262021405, -0.73983122668282, -6.465496279532697, -0.42089592606152, 2.1437733819351372, 0.11622607062142
1.1457270731367641, -0.77306345691139, -4.1779913304183145, -0.56502388756142, 1.1651049461307226, -0.040320824102897
1.0763859550614767, -0.76242170196924, -3.2014962429119205, -0.54850159421551, 1.2481090308542369, -0.064579602567828
1.1064336670522583, -0.77541667648444, -3.2856109381555942, -0.50399534824747, 1.3359603021343933, -0.12211453054172
1.1372003243897084, -0.93902851468463, -3.4342628060094733, -0.54971674563724, 1.5730071052525716, -0.39239855172895
0.47774953816899, -1.3171663914050251, -4.567195992977048, -0.49258252015722, 2.273615811014758, -1.2197670780048882
-0.14276952156346, -1.257642341037862, -4.577779952877999, -0.19303779542963, 2.3762720099460224, -1.4764262156748675
0.22236267493781, -1.0883603085207278, -3.91649039167655, -0.12245459530323, 1.8114562652208719, -1.090849398848316
0.48017151960955, -1.084635273853995, -3.191988406308466, -0.35345076824848, 1.4912763343319773, -0.80490632711809
0.70434530943712, -1.003661720252199, -2.646507993346581, -0.3599318208138, 1.2466360338559386, -0.65966202770237
0.86935109020207, -0.84092474398471, -3.2776567432448416, -0.28852584089889, 1.2156201812558698, -0.56114720114417
0.72344223490179, -0.81570568645234, -3.367508068039984, -0.31967036793641, 0.90250857877732, -0.50140901078131
0.8908734811602, -0.76650852300006, -3.2136429235983406, -0.28563287290379, 0.92146657777696, -0.43758100109009
1.0998717857125027, -0.72822822421304, -3.470360040163217, -0.28995448248557, 0.7861661897385, -0.42040685647891
1.0434099640394483, -0.58631042826957, -3.335005679424699, -0.22112780508188, 0.86118065954776, -0.26788128637503
1.0898850350800697, -0.51765779266156, -3.104577097363844, -0.28491958625484, 0.87183183046454, -0.19143061887602
0.88818031223687, -0.60223570515157, -2.53404011318029, -0.3176917389731, 0.8459969876752, -0.28371462358485
0.87441946149462, -0.70069465292875, -2.4139302863071124, -0.36394700044655, 0.83022780706809, -0.38374429356574
0.88155473058343, -0.68733621730919, -2.413812944953123, -0.34542945183103, 0.79520868141226, -0.37264460591489
0.92151173666708, -0.56411819013459, -2.4502710085667174, -0.33718220702935, 0.68258971519925, -0.21136451706253
0.96661555114848, -0.53230914112458, -2.1020985518309083, -0.31973861953215, 0.62083087893211, -0.20886303729948
0.7092457439209, -0.5006618474629, -1.7682106979328938, -0.33372989745466, 0.38813628421352, -0.16893102506432
0.61271448977309, -0.49780183494513, -1.7958163197745713, -0.32970569884653, 0.4004944503496, -0.18044594399753
0.86015787263322, -0.52897023439688, -2.03797144694736, -0.33110380712549, 0.43240138406912, -0.22341574129341
0.9156696133916, -0.53480541743211, -2.1693629541513855, -0.32861571087847, 0.40889393945049, -0.22290373715187
0.9685764963676, -0.5483253844287, -2.2185008969176057, -0.3312014363057, 0.39986550995334, -0.23362720671842999
0.9912779564448, -0.55371916187431, -2.1555005207284266, -0.31737526879782, 0.38453419590439, -0.23538104032421
0.94848511723918, -0.56307606540223, -2.1538791457842237, -0.31784021984588, 0.35888069049659, -0.25398882639737
0.94495008951183, -0.55176693351851, -2.2280728927616638, -0.30841415645953, 0.36294519156548, -0.2434363276503
0.89500313398565, -0.55137477028946, -2.200817641400374, -0.30091616202033, 0.37998773596589, -0.25839263970741
1.0077516712659604, -0.58004073051793, -2.355514388164925, -0.29073918977638, 0.40099521955418, -0.29555346512948
0.99717985988726, -0.60001070664707, -2.452675425960378, -0.27010222773082, 0.43317824437524, -0.32073928523069
1.0329059029793004, -0.67338613104947, -2.6816085184427645, -0.26109445699529, 0.40811273249131, -0.39187871191114
1.0798302206652244, -0.78391232133662, -2.8659073598063305, -0.27031381447489, 0.4132015418916, -0.46977847663997
1.083220839756366, -0.82568131953428, -2.9617890376162954, -0.25952708529025, 0.38336076054239, -0.49871342604435
1.088936906214304, -0.70068353323154, -2.902817478302917, -0.24600520280427, 0.4735614651528, -0.41342763196896
1.0526352384584627, -0.65237597539673, -2.851964436343229, -0.26610638298937, 0.5140303070239, -0.36164908517856
1.17121258826808, -0.60163076637846, -2.9207236203067306, -0.25662891357862, 0.49772945210022, -0.31297672262221
1.2297866731351146, -0.59002440491022, -2.970242252365744, -0.26878377474503, 0.48249250038518, -0.31343058083752
1.1964304491805724, -0.59189021956834, -2.705397098009188, -0.27482662690845, 0.43153538669342, -0.30919771116318
1.0617942613062086, -0.60123772619896, -2.2798063691741053, -0.29156901310091, 0.43531440263082, -0.30859409035843
1.0270657786483561, -0.60899621177608, -2.2339516958005974, -0.2856559041025, 0.42919590816038, -0.3204663312916
1.0389821701518418, -0.61477522833879, -2.2524765566678626, -0.29199493983425, 0.42829876598846, -0.32297840655004
1.1017619538944943, -0.60154865815965, -2.5009235356644592, -0.29774376534037, 0.43142393955331, -0.31419175043731
1.1338467121869888, -0.59207283466534, -2.52149419661549, -0.30320576535633, 0.4029606214912, -0.30125331390276
1.13695649978045, -0.58143573035145, -2.4865746882538304, -0.29763853598191, 0.39362346079058, -0.29325589506228
1.1374346019977446, -0.57442415932897, -2.423519116108582, -0.29703704568696, 0.38535005611507, -0.28753045206168
1.1274000486850932, -0.57075241637164, -2.349445067748573, -0.29611304490291, 0.34820294882716, -0.28504323786747
1.0938662911596029, -0.57268824681572, -2.37947205925203, -0.30420982374402, 0.36276323589202, -0.28819612178752
1.1697611849929297, -0.56644189057844, -2.564621181926196, -0.29112869501971, 0.36497527889144, -0.28789007723948
1.1595776026860927, -0.55928286444067, -2.532087093429242, -0.28470248881135, 0.31642543597134, -0.28348341766457
1.1428880809437587, -0.5567173663574, -2.5414319670760683, -0.28176507492571, 0.34543224643111, -0.28183252217187
1.1699595040382045, -0.54629820246862, -2.7068832616818375, -0.27376627384357, 0.34353318955313, -0.27405533184756
1.1575981695510376, -0.54285650255837, -2.721646903888027, -0.26822941721539, 0.35545884872264, -0.26726772133941
1.1023920054082623, -0.5412911000093, -2.5840529847719047, -0.27460138899337, 0.34932929044116, -0.27675145531006
1.1322888855520388, -0.53290524951234, -2.7231846548854843, -0.24974394483141, 0.36153872499214, -0.27430974691658
1.120628265912222, -0.52704904516985, -2.86839556639179, -0.25404546177494, 0.36557521856485, -0.26506447133378
1.118098758465325, -0.53211814724501, -2.691847127333085, -0.24620083546251, 0.38383622859145, -0.27660510306029
1.1514292608956036, -0.53187242247145, -2.8086609727037715, -0.24392218799282, 0.38361581865771, -0.27323428541696
1.122439308907948, -0.53058630043312, -2.740127565573332, -0.24969034575807, 0.38745827154282, -0.27000303891221
1.0924740217457882, -0.53153645452335, -2.474510981128826, -0.24414392890531, 0.31900995241072, -0.27422806017934
1.0439359921050306, -0.52701721170765, -2.324650366524661, -0.23510603654107, 0.32261898216955, -0.26499067773029
1.1253056809486228, -0.53054448284761, -2.6437649408696173, -0.24796575566853, 0.31578714398015, -0.26386347383557
0.98848266339561, -0.52917443700664, -2.064255309395961, -0.26477295891285, 0.25130209487038, -0.23969565480914
0.93949887188515, -0.52012829794585, -2.4474589833282625, -0.26090931055827, 0.32556043952178, -0.24949030296951
1.1392619767380996, -0.52790620931185, -2.5974247969599142, -0.2666952557911, 0.29954462116435, -0.25371451834367
1.1671241590432562, -0.53207720040851, -2.5647525048708815, -0.27597555384021, 0.3011859797151, -0.25109002660549
1.113699658345732, -0.53338699687443, -2.4299938088188893, -0.27611214147731, 0.27350446014082, -0.25156527631299
1.1094855840925282, -0.54301191949347, -2.4003455871388937, -0.27789662446452, 0.28544036653313, -0.25878435227939
1.1225469248195288, -0.54434369060796, -2.488457402389617, -0.28037443993772, 0.30349882630231, -0.2656832601209
1.094410000441863, -0.53653453364229, -2.336771398500855, -0.27524640999441, 0.27131662452868, -0.26380219942498
1.0983480381012947, -0.53190274053996, -2.385004173108815, -0.27687476491271, 0.28179443630726, -0.25703206785387
1.1074504339329474, -0.53447648299445, -2.398832335336772, -0.28468329595603, 0.28355757339618, -0.25642912098118
1.110228420929202, -0.5340926123904, -2.3426351425558014, -0.28319953739456, 0.27320009787818, -0.25209423027952
1.0787133178859456, -0.53369525883525, -2.285177988749927, -0.28024422143573, 0.2540480524714, -0.25946972861503
1.088205081804738, -0.5346994397086, -2.295306253455419, -0.28100030016575, 0.26835953744568, -0.26459181777802
1.1101602505027937, -0.53079700456175, -2.439599178209026, -0.28184566805427, 0.27589560493334, -0.26423876741662
1.0821327731614305, -0.52799572780613, -2.2924397788893534, -0.27982489779367, 0.26048670899775, -0.26502470994954
1.084756479975478, -0.52663586306207, -2.329744841012172, -0.28074733282775, 0.27308110719656997, -0.26467643107803
1.0780043360522829, -0.52519511208945, -2.3138577108240446, -0.28202865148106, 0.27401641606219, -0.26189722668779
1.0711334748321777, -0.5227442123464, -2.265504005940096, -0.28631967847634, 0.26445478952566, -0.25576315097666
1.067607571741485, -0.52182452991899, -2.1811025505082093, -0.28209105028416, 0.24035103698717, -0.26204880963385
1.056967543128405, -0.53080076840923, -2.2251070850642503, -0.29014961568485, 0.25079515293231, -0.26274064023493
1.0824319868309393, -0.52471190326717, -2.3826464879843923, -0.28248307066047, 0.28895565058476, -0.2621410719004
1.0421472524285766, -0.52106267166535, -2.3278937393740744, -0.27116134799277, 0.27025149540329, -0.26992893289017
1.0787477030447499, -0.51928437603181, -2.3374832744826683, -0.2764150871979, 0.28801061124591, -0.27011739807762
1.0342803412400956, -0.51490681336737, -2.3614155203513962, -0.2676789817698, 0.28021530317776, -0.26742862524432
1.0778442733226898, -0.52055113165762, -2.5541961703354694, -0.26916171342848, 0.27573292551779, -0.27265659227804
1.159863836680636, -0.53176608049159, -2.705333959699081, -0.27348992129526, 0.26347164303649, -0.29016218021549
1.1406938403963014, -0.52563407209356, -2.6125084473156885, -0.26661317179016, 0.29010289075532, -0.28489112516536
1.1145598392406673, -0.51701823036359, -2.696134755595315, -0.26119753226685, 0.31154844253799, -0.277136183321
1.081939323039204, -0.52559447986338, -2.556397581158358, -0.27048323724215, 0.30191308051132, -0.28586876807402
1.1219678285570103, -0.52971442304103, -2.586651616152123, -0.26613717928299, 0.32136072104939, -0.29209038798945
1.1211135327707924, -0.52804903448427, -2.5849416845264668, -0.2702818908822, 0.3057814756081, -0.28613183226037
1.113086545867334, -0.52685519122736, -2.4822223845482956, -0.26363423045748, 0.29553676778827, -0.28245766542894
0.9917887105602899, -0.52219345794384, -2.101470039775604, -0.25091751565549, 0.24286782693886, -0.26280392674702
1.0165002792083258, -0.5217237882599, -2.1949989514810864, -0.24699991663084, 0.25283697684421, -0.26093996527824
1.0255638427506464, -0.52395834526594, -2.2071809469733616, -0.27467795170216, 0.23725630920088, -0.25084109271492
1.000837265599531, -0.51045413055595, -2.454840633522114, -0.27185824163784, 0.24571192144868, -0.24914152535444
1.1431989069213713, -0.51722477857974, -2.6377578424068178, -0.2861478705452, 0.24768846154368, -0.25877547447455
1.1429933558944287, -0.52072912097815, -2.522710813582832, -0.28656256755803, 0.25774708320191, -0.25752134857728
1.1196653485623755, -0.52558929079755, -2.3717609139425426, -0.28377549362225, 0.22730956333577, -0.25870511234667
1.0085219076337175, -0.53054978645362, -2.2424998488502395, -0.30230238816047, 0.21985792147007, -0.25967713500996
1.121580912855111, -0.5419419662646, -2.4231935634299346, -0.29696434310657, 0.25083290941673, -0.2749036939157
1.1517999453535661, -0.54097165384096, -2.496132264013524, -0.29681288502046, 0.223825090131, -0.2865275414674
1.0969834151358349, -0.53829791765532, -2.3945884197779064, -0.30189515443311, 0.23098485897752, -0.28100651448197
1.1004396242987733, -0.53840002987264, -2.3993808681779765, -0.30064404410463, 0.2366077042894, -0.28219162471393
1.1078354003769695, -0.53915950459499, -2.360225602271199, -0.30869597137884, 0.23974274796327, -0.27894749870838
1.0802366468998301, -0.53550768717198, -2.426067199796563, -0.31847538343009, 0.29526820639779, -0.26678746143831
1.0911818597875658, -0.53538772708183, -2.29915484964864, -0.30209583126792, 0.2305205655202, -0.27254544417536
1.0717538151589276, -0.53680146677107, -2.2264664687682107, -0.30108540863627, 0.20686964441374, -0.27825779024042
1.0718935253950779, -0.54426794059598, -2.2277168001591483, -0.30345733501592, 0.1908282292635, -0.28465767134109
1.1156470836284087, -0.53792680713813, -2.4531608005654504, -0.30634491402836, 0.22506828966304, -0.28346228282296
1.0782050045587237, -0.53664351410956, -2.2806137788110674, -0.30734906556457, 0.19879671177833, -0.28010911762314
1.0628275423985878, -0.53691750801461, -2.297255789390753, -0.31309731267921, 0.22220911560211, -0.28568097564706
1.0883149850299727, -0.53551435960033, -2.3028558431570394, -0.30956080850078, 0.2098593896617, -0.2816427203901
1.0637509623317318, -0.53549297858262, -2.211929112335475, -0.31035660264704, 0.18880218545062, -0.28729967700637
1.039929316555434, -0.53910188171283, -2.1672564499603237, -0.31565037210752, 0.18887093455379, -0.27773249295826
1.0270326718039995, -0.54309712519355, -2.168031456200423, -0.30760607089403, 0.16146163296558, -0.28477993578808
1.0126222342847881, -0.55138645914615, -2.108423869147797, -0.30583027893063, 0.18196003834002, -0.29495811156713
1.1375713916632977, -0.54146608710814, -2.502180264027218, -0.31591949239072, 0.19699857027899, -0.30166783555753
1.094368896217956, -0.54095372987055, -2.3441776017042257, -0.31151351453735, 0.17558723817803, -0.29923044426061
1.1003943268276903, -0.54232851085515, -2.3719734437961373, -0.30325749398365, 0.19328293029129, -0.29967716939173
1.0654146967256746, -0.5352224971701, -2.3274095225401896, -0.29215195132102, 0.19708760250854, -0.3014339265498
1.066104474303231, -0.53710806528559, -2.456104658762586, -0.29107346474744, 0.18395358172525, -0.29969099513527
1.1012401911004268, -0.54154759322145, -2.567716660082234, -0.29135152483169, 0.19305065593105, -0.30299998677615
1.0994182949478426, -0.54430673412095, -2.5652726091637494, -0.29370583967447, 0.19129800187304, -0.30692095037482
1.1177486466662154, -0.53611429623234, -2.547538515915621, -0.27993089237566, 0.20678986730801, -0.2947034089408
1.0344830302481167, -0.53689075840735, -2.492679567760641, -0.27541102087325, 0.2217299978066, -0.29922022632276
1.0821128797513866, -0.54482692646848, -2.516784746593998, -0.28072111838039, 0.25953864709545, -0.31205269045894
1.0884163684813153, -0.54721209172517, -2.518958490199514, -0.27325430606789, 0.24202336518772, -0.31231163200836
1.1183556061852395, -0.55037410381003, -2.609646384301688, -0.27647967830958, 0.23638574749488, -0.32262315970242
1.1486505622729233, -0.55423739097297, -2.597641049322183, -0.27362369313807, 0.2330711611896, -0.33040599796435
1.10603287024849, -0.55252722913674, -2.4175743163762293, -0.26757218554755, 0.23556395954492, -0.32063255951341
1.1045494297368408, -0.54996284002962, -2.6164496710273655, -0.27692316108745, 0.23437650001854, -0.31707802257638
1.0461011296000824, -0.54979212160799, -2.2535470896555836, -0.28167377422445, 0.20903374439996, -0.31293878418862
1.006780976833281, -0.54434682483037, -2.18209153221326, -0.28096261038108, 0.20077868609881, -0.30573478963658
0.94874495446471, -0.5419811123882, -1.969460916935199, -0.28765220919659, 0.1918072257791, -0.29937931611363
0.97734391585729, -0.54751918280611, -2.126942957834804, -0.28427532729143, 0.19672600147457, -0.30588189622829
1.0087303348258465, -0.55549285666616, -2.1785624717850354, -0.29858915393684, 0.18959728963132, -0.31129490250968
1.162240159266693, -0.56553345586843, -2.5731405624949644, -0.29349130384685, 0.1849766853334, -0.32143855847924
1.1672635408415846, -0.56255100721113, -2.5988939051406508, -0.29786039811492, 0.17202329170056, -0.32151420007946
1.107033574168096, -0.55385532262176, -2.460874486861793, -0.30049053653463, 0.19400437249201, -0.30677082169758
1.0982553689312065, -0.55487351866938, -2.3638133415182288, -0.30323816854387, 0.19378141600169, -0.3088859864186
1.0787175114321834, -0.55400614653361, -2.3283015593596197, -0.30758067293976, 0.19614291240524, -0.3022036795895
1.083083943711814, -0.55627378100278, -2.279780323617968, -0.30353026910744, 0.17685177405549, -0.30614652810025
1.0866897980040258, -0.55624440235414, -2.333320969520909, -0.31313874661987, 0.16226278270312, -0.30721791688522
1.0821843296457083, -0.55482778482898, -2.3430454650606896, -0.31363330042472, 0.18755740793895, -0.31233660974508
1.051257597240607, -0.5492932176398, -2.298043039306358, -0.30631140946157, 0.17228726453582, -0.30639634618846
1.059540498477803, -0.54965229058444, -2.299603052765858, -0.31339716309115, 0.18932016948914, -0.30475177191165
1.0625408158449894, -0.54953320958233, -2.2933424819654107, -0.31579321901171997, 0.18152330563488, -0.30416230125415
1.0633340532383304, -0.5504339887191, -2.3075272491395715, -0.31211322861119, 0.17741120110336, -0.30133238293852
1.0922322678322907, -0.55054420554032, -2.335789007939823, -0.30492011343445, 0.16686003678273, -0.30656213547547
1.0749283897582125, -0.54712473029461, -2.4082975425214053, -0.30209054939077, 0.16228900741342, -0.30712328901545
1.039078567874408, -0.53784927406954, -2.272570314732884, -0.29295286322002, 0.19006058618018, -0.30497777155221
0.96208990081897, -0.53667494688444, -2.3138127219973588, -0.2764802214302, 0.19594350973587, -0.30463649493546
1.0872346828955228, -0.54481065238323, -2.488949377454509, -0.27794213826213, 0.21758250831787, -0.31364853626451
1.11756269139647, -0.54827157187899, -2.544486329774255, -0.27210076555224, 0.20867367402931, -0.31863796003496
1.1543876606101198, -0.55437775468965, -2.6852352574269247, -0.27693925583001, 0.21122140014568, -0.3237897091025
1.1700408776108862, -0.55712023572919, -2.734306356181948, -0.27195542722343, 0.21939668388475, -0.32535157457256
1.1371043666878742, -0.5547143610863, -2.5348182953373377, -0.27081955978512, 0.20795638440142, -0.3277541807915
1.146098512249246, -0.5484869023901, -2.593506944522579, -0.2648669598126, 0.2061556472348, -0.31912494965459
1.0999235215004177, -0.5500347401803, -2.600714200089122, -0.27567903085766, 0.19717184248859, -0.32266631402823
1.1069583818272835, -0.551049547755, -2.499293728275452, -0.27283075491057, 0.23022093293244, -0.32420394987431
1.0981779194268089, -0.55063614436722, -2.3874006003117705, -0.27685907976401, 0.19941443279353, -0.3178440537281
0.98169200139439, -0.54850708786953, -1.938812816192873, -0.28173239466658, 0.15875839655371, -0.3078797312125
0.9124676225795, -0.54378465195726, -1.9751955540674602, -0.28157725384684, 0.16449997601825, -0.30272578275478
0.98379001741329, -0.54662469253746, -2.1743888770455113, -0.29770464478918, 0.15312077816893999, -0.3100958906489
1.093061587962586, -0.55706003666562, -2.393782590019923, -0.29131051360366, 0.16564355783678, -0.31962092202016
1.1729336323639226, -0.56219585328596, -2.6099719079078305, -0.31228807182988, 0.16397918848596, -0.32362548944082997
1.1184191350817192, -0.55503440392466, -2.460065114696667, -0.31026601431079, 0.17278745864862, -0.31293737321189
1.1028733265635002, -0.55237437492476, -2.3673105660740017, -0.30296979395401, 0.15920764482175, -0.31678988736929
1.0894630106324616, -0.55131954035552, -2.324095013589121, -0.29992277942895, 0.1533524210555, -0.31650682102822
1.0694427646590894, -0.548346791002, -2.298573062670693, -0.30889946534269, 0.15930508487728, -0.31347528915672
1.079416174639057, -0.55011931721211, -2.2353059338005266, -0.29749973555546, 0.13429417695596, -0.31585756931497
1.0433178866658004, -0.55495583526469, -2.1950318282634447, -0.3108846009788, 0.13101658666534, -0.31902598433238
1.0931993481871525, -0.55920317546854, -2.2785411373057194, -0.30891008843182, 0.13737696228726, -0.3231698505985
1.1032361576595477, -0.5582030845464, -2.384403146665704, -0.31780394922283, 0.14038555744198, -0.32191342905537
1.0483098701481657, -0.55297139505046, -2.219969566643934, -0.31824846606383, 0.1414416402321, -0.31598581138514
1.0531527575408046, -0.55045206164839, -2.256003488442245, -0.31520454077123, 0.14895461108529, -0.3105039302749
1.0586158292077237, -0.54951738539618, -2.2044073967343207, -0.32111508840828, 0.13783564942107, -0.3121300293676
1.0472442180974637, -0.54886296901322, -2.1264096511771573, -0.31911013902363, 0.12173689713292, -0.30191114262195
1.0594392182122263, -0.55242608651433, -2.108393085275821, -0.31411733646305, 0.11195077552262, -0.30873189121771
1.00054897562943, -0.56158652851123, -2.051107474592184, -0.32897181262768, 0.11626185481484, -0.31388283607499
1.0661269114856196, -0.56095257778635, -2.1763045209135443, -0.32148336933126, 0.13536033672622, -0.3183890812668
1.0776930236753888, -0.55466682115211, -2.2896280833389255, -0.3257544626618, 0.11808528281676, -0.31814075576058
1.018767672996053, -0.55308842154983, -2.106848373925306, -0.3208929305741, 0.12654158764421, -0.31227305171328
1.0496328693064099, -0.54795044136328, -2.1929003296033542, -0.32358152130205, 0.12415380924142, -0.31407985495333
1.0466267734039927, -0.54831065902983, -2.1464247207240197, -0.31998615550131, 0.11920889890229, -0.31433750522984
1.0281284181361536, -0.55382021172677, -2.034247148433671, -0.31967944023565, 0.1245185608323, -0.30425804943247
1.0094386133456315, -0.55309717044938, -2.092526303271055, -0.32958585677294, 0.1047144258007, -0.31051860723818
1.013055694460473, -0.5583832987407, -1.992849557359357, -0.32740841609645, 0.11034285740732, -0.31788175497741
1.068040216313787, -0.5515999668524, -2.2724365784973277, -0.33265198038208, 0.12177423399159, -0.31733308210466
1.0283393724303171, -0.54899130927095, -2.1802275571363476, -0.32613573160535, 0.11072074755014, -0.31642559077449
1.0388914236931845, -0.54985371098273, -2.2113146657280423, -0.32546984665992, 0.12136620803011999, -0.31901295938905
1.0209078351645895, -0.54234351972645, -2.2310261812936876, -0.31098423642974, 0.11462279407659, -0.30871095009814997
1.0203382343427443, -0.54923146086813, -2.2758929208224337, -0.30514178049893, 0.10544046528888, -0.30808724419961
1.069839023708299, -0.54970178626266, -2.374644867905586, -0.3049023399877, 0.09523422843120201, -0.31761238506928
1.0600731571233324, -0.54782126555367, -2.3756300089138014, -0.29950142474616, 0.10858264986262, -0.30840188737508
1.0089743522107346, -0.54423034323341, -2.2353499194040833, -0.29748259704741997, 0.14346902173119, -0.30498675433607
0.95335713410376, -0.54592391923045, -2.248147025312133, -0.28854756984256, 0.13537464777548, -0.30646850014759
1.049361649711142, -0.55578270936781, -2.342349208977353, -0.2969797152121, 0.1637928917404, -0.32175680431301
1.0684934499265917, -0.55547387810865, -2.412980427880101, -0.28826471220712, 0.15777018404659, -0.31574407619239
1.0995176905415103, -0.55817249898076, -2.5201237768020097, -0.29908134014205, 0.16064237343509, -0.31435360625827
1.1563323284582827, -0.56035087459966, -2.633577464863767, -0.29370093512764, 0.16074206130863, -0.32405420326487
1.1455021952085422, -0.55232215460459, -2.5556399177871314, -0.29236211654465, 0.15728405216407, -0.31789616773227
1.1091420006238222, -0.55337757736225, -2.510510137479921, -0.2999067515534, 0.15671432628394, -0.31895303643794
1.0557097442222179, -0.55985576863201, -2.1755135617632018, -0.30842958579531, 0.13310322453106, -0.32297075257343
1.0066240492765808, -0.54900143609869, -2.1027046628752935, -0.30469891580035, 0.14280065589288, -0.32067322105048
1.0472987997394254, -0.54705733134708, -2.2676463273606426, -0.31055773083026, 0.13584175615637, -0.31929182597326
1.0774995583285527, -0.55211205970377, -2.280418800078669, -0.31245326935641, 0.13165385739988, -0.31461509079488
0.99706414467305, -0.55612581239511, -2.153113707582585, -0.31628824623587, 0.11089153078142, -0.3157806119623
1.0520586601557531, -0.56412111658989, -2.195331072918904, -0.3155220854935, 0.11975080953894, -0.32352536464999
1.1416504519071877, -0.56513155246277, -2.5207852160537776, -0.32258436627328, 0.12237277307597, -0.33331185394454
1.0671286070019745, -0.5599697197523, -2.2574342477297518, -0.32795199926111, 0.10846629625668, -0.32562740305722
1.0496640201170742, -0.55597892369266, -2.2907824711816773, -0.32945659706469, 0.12903227038325, -0.32252178710413
1.041032845957736, -0.55552532180361, -2.196769399232796, -0.32715011905729, 0.12513895860435, -0.3152099213756
1.0309117831504084, -0.5576016354799, -2.0385628808424174, -0.3175926120837, 0.10292933786391, -0.32293451958764
1.0101426877163555, -0.56651343106042, -2.10326301097888, -0.33543593652627, 0.1248762287051, -0.32908096858818
1.0836303917006551, -0.57121485880496, -2.2836459418758026, -0.33859196121943, 0.12675811108588, -0.33889148153368
1.0795149439676828, -0.56459478073754, -2.2850657817890423, -0.33312538243037, 0.11757468317232, -0.33855466563404
1.0520735140469082, -0.56290504574945, -2.1899954987050365, -0.33356100358091, 0.12888736457398, -0.33477077994233
1.047794500120019, -0.56149676160206, -2.1819362577391423, -0.33116517943048, 0.1274392123145, -0.33010227878334
1.0361536735419623, -0.56203753684201, -2.14715033810182, -0.33488431107691, 0.12305843939575, -0.32928929247495
1.031687679726322, -0.56338744458366, -2.075013509798623, -0.32479716563348, 0.10970954644715, -0.32865579310302
1.0043420036542505, -0.56793752146647, -2.166656824074738, -0.33230144659096, 0.12924273375202, -0.33405397202494
1.0589048877218568, -0.56678534174341, -2.1588335155896705, -0.3211911731184, 0.11591956882401, -0.33494162118637
0.95879146143543, -0.55182359226777, -2.1040445596124653, -0.31370511871306, 0.11134225784875, -0.32208233013333
1.002150911165027, -0.55868148095821, -2.2491447443255024, -0.30949352697553, 0.1345275899494, -0.33098000775229
1.0257847786538457, -0.56250584277966, -2.2847258707567515, -0.31030370820096, 0.16626778820832, -0.33280834797079
1.0458592470620054, -0.56301778704249, -2.402814060165204, -0.2972713820677, 0.15998255557437, -0.32670948166294
1.1161603782752383, -0.57166155766136, -2.580211833687307, -0.29913186067694, 0.14606476714561, -0.32971230406153
1.1697631803470006, -0.56527452806587, -2.699372324949701, -0.30214690302371, 0.14226304237239, -0.32613990073943
1.124265368672115, -0.5606356415598, -2.5612513859593786, -0.29628928047934, 0.16162229416718, -0.32312294061697
1.0622773399393572, -0.55498323355735, -2.5230656201157635, -0.29936363584101, 0.1739325269947, -0.32168571274629
1.132448524615705, -0.55744342371313, -2.5817728946259724, -0.29260784984386, 0.20195559206584, -0.33073595566532
1.1401335914258248, -0.56589979576528, -2.579812156631898, -0.29420369059273, 0.20372537097327, -0.33517775198691
1.0638645327704794, -0.56545442977723, -2.4964613721321753, -0.27195986564687, 0.20065026604825, -0.32975029466388
1.0755527486178744, -0.56128278647022, -2.6767379310076596, -0.26582919394094, 0.19330826428128, -0.33361272566107
1.175267599376334, -0.56181032286715, -2.97643092600534, -0.26073195519676, 0.18494573943023, -0.3417992830199
1.1916558376210686, -0.56016107302066, -3.058121793137026, -0.26793838240019, 0.20993297033022, -0.34255728352805
1.14483368177596, -0.55891469166267, -3.0158442287229437, -0.24430294860342, 0.19380955140539, -0.34167354312231
1.2521034826339181, -0.56940715372014, -3.1899756658781304, -0.25448831379063, 0.2473858044584, -0.34618508291908
1.2473862666326987, -0.57466008354779, -3.168468041521004, -0.24413447361693, 0.24663155843265, -0.34597063894965
1.2831958798856768, -0.57747596021625, -3.1836822652221186, -0.25029579910767, 0.21998880934235, -0.33418246913203
1.28855924167248, -0.57387886874777, -3.0493251417546983, -0.256399581417, 0.23030946001609, -0.3267752239279
1.2419745347357134, -0.56950435987266, -2.82645234154002, -0.26279810616371, 0.22517466260917, -0.32280605069771
1.169226200388336, -0.56714413554755, -2.679285390686399, -0.26594529430027, 0.27196576242658, -0.32093991275143
1.0615877479856883, -0.57006120406452, -2.206700327396267, -0.31037658385385, 0.23024608382854, -0.31264168621044
0.66188531909441, -0.56834170479114, -1.7426990169643106, -0.32427750290881, 0.20948946126366, -0.34173677270576
