Pichu
0.0, 0.0, 0.0, 0.0, 0.0, 0.0
-0.022762462933710002, 0.02121671773458, 0.018769856006368, 0.0059722201619868, -0.0096182661780389, 0.0056169835650046
-0.013078538669669001, 0.053912345032693, -0.12015211440226, 0.014661091111218001, -0.016863954563207002, 0.017411962455573003
-0.036307060358954, 0.033206769018358, -0.062861815384948, 0.0053487209715633, -0.041183943579896, 0.033533100563809
-0.032095166087582006, 0.015139476687404, -0.09116831812549701, 0.0078947652471229, -0.0075758470404008, 0.022133698438256
-0.041597348942146006, 0.0096706579855946, -0.08300965697093801, 0.0045513405100787, -0.018850872337387, 0.019911612831960003
0.0060810283401490995, 0.0084852304457594, -0.23673410370985, 0.0017320376321733999, -0.021866251746497003, 0.011991095238292001
0.0013982196304186, 0.0013161206681337, -0.22599279225846, 0.010294955860108, -0.025759425418802002, 0.011057795003542
0.028820914970409003, 0.015000314085858002, -0.19655598043303, 0.015388024257027, 0.020370967308932002, 0.0050964942170604
-0.0024681653336543, 0.0086305869270285, -0.15264223926228, 0.012300104799469, 0.024009807189533, 0.013281116136758002
0.018937924204129, 0.011994049098829, -0.14765235182619, 0.010786277128458002, 0.043716090883835004, 0.009694773545215
0.016389089707412, 0.020367708301594, -0.15830789774476, 0.020436823174277002, 0.030869783050407003, 0.013496411097913
-0.012133623383761002, 0.011306090976244, -0.15184998192008, 0.0075888438244959, 0.025215502511594, 0.011179182367359
-0.0015008556765295, 0.010299821429957001, -0.15369722680713999, 0.008067064791422, 0.012240445546062, 0.0087174277543193
-0.027652906491467, 0.0060957021007566, -0.042832204089286, 0.0015765584180857, 0.025768844305734003, 0.0088683555816534
-0.0012851852309227, 0.010326396744889001, -0.17508032201333, 0.017148561994302, 0.016129086367961003, 0.015441279084248001
-0.045616222782429, 0.0061890719813379, -0.13363268565456, 0.0047549190578305, 0.0032200784012011998, 0.013394478063508
-0.023443336134278, 0.0004213296054617, -0.09570289286937901, 0.0037799134218837, -0.012390265990292, 0.012432630992232001
-0.036767701621229006, 0.0094761530255289, -0.09969776252944201, 0.010895666222271, -0.011554063042042002, 0.010650615851219
-0.031674069633178, 0.012732840516842, -0.09581816903132401, 0.0065618822145138, -0.0032056440857069998, 0.0073694508898036
-0.044993621354954, 0.0062667517807369, -0.07986031991750801, 0.024233905173092003, -0.015777728460831, 0.0068807245171779
-0.028796999087222, 0.017205399204340003, -0.16184512436916, 0.0065455666497349, 0.016952837159132, 0.0090619998011076
-0.042044675368966, 0.03206921270685, -0.086069980905532, 0.028024262683276003, -0.016755336978022003, -0.018327008479504
0.026434112122435002, 0.028056986191659004, -0.040462582587265004, 0.019552362046724, 0.017673411933733, -0.085808997090351
-0.021142591391112003, 0.14583456904478, 0.016775807475945002, 0.11766572924751, 0.025363651337481002, -0.14642943811127
-0.037128015072798004, 0.16848796849085, -0.060617212797771006, 0.23524979155443, 0.058963525992861004, -0.21433939854578
0.01355191810295, 0.08602960014902501, -0.12661660978437, -0.01456312643281, 0.034931017339828, -0.12193747019069
-0.211392058507, -0.0053681022234027, -0.05131895548082101, -0.19813973943194, -0.048182336204955004, 0.08810850299655501
-0.10917865976866, -0.0077457782304071, -0.19644766871377, -0.08751543236319001, 0.10824887233638, 0.085546848968389
-0.13497870774547, 0.056116124044664005, -0.14075945195665, 0.019901113528730002, 0.10237446574237, 0.034542869560901
-0.040663374467216004, 0.12408128638248, -0.21889149246077, -0.0099562460329461, 0.05169720892086101, 0.018626087191108
-0.0085834848985098, 0.11174307757386, -0.23051318206246, -0.028477835334231004, 0.029743845733443002, -0.0083225656959984
0.0049539351987999, 0.08915151962895301, -0.17343793305096, -0.027173965733442003, 0.034886288482394, -0.033245028157438
0.037689699153717005, 0.08953686139604401, -0.25687111720185, -0.026513664156483003, 0.032431976718003006, -0.011979393379902
0.028570193396364, 0.079115002123802, -0.25568476253996, -0.018684696097950003, 0.022758967200588003, -0.0098571329441253
0.017056090964770003, 0.074284752689959, -0.25652908178677, -0.004142528135773, 0.013017208966501001, -0.0072695209818883
0.010688885345714001, 0.07690534668373701, -0.20901538733599, -0.017203469111977003, 0.0017618710243040999, -0.0078231651074032
0.016239615112717, 0.088511895929507, -0.23567459250137, -0.018548214522873002, 0.011354420979043002, -0.0037876329074278997
0.017563613973069003, 0.07122163665827, -0.24220059251409, -0.030940578821171003, 0.020785320444148003, -0.0068333890263901995
-0.003118749545387, 0.061525996346575004, -0.20223292985359, -0.05255076309202401, 0.030017865056291, -0.0042606206859549
0.014745401957309001, 0.050926642229117004, -0.18608640291227, -0.045441929017912004, 0.022240749977475, -0.012122750388087002
0.037026714443001006, 0.063504151486105, -0.14622636308988, -0.030410137364168, 0.022060361445488, -0.0098005035482029
0.05620601758974501, 0.047102573752056, -0.18151325823931, -0.030303998773340002, 0.048359334671288, -0.0014575394233301
-0.013322367028599002, 0.046991149214328, -0.11126956841514, 0.0079757959720489, 0.07143017662817, 0.0054164461685379
-0.07454266972800601, 0.10074105349821, -0.027303014098021, 0.20311640630154, 0.24728629085207, -0.065241559183237
-0.25928018934397, 0.1392519828444, 0.16740243535681, 0.14789695770031, 0.15189228209163, -0.048785861670362
-0.012652626829212001, 0.096219797698062, 0.060974082533771005, -0.072137611774019, 0.08233037393333001, -0.012038635179891
-0.15272079787923, 0.044674597846475005, -0.019799412515676, -0.1442197165476, 0.12334108082884, -0.034856272796559
-0.11688053613329, 0.053972172587570005, 0.038961499417396, -0.018618203792649002, 0.15348222600454, -0.036783265806613
-0.060268664633617006, 0.036788233232011004, -0.13077247667154, -0.040340818060887004, 0.11193328598946, -0.020377209023155003
-0.036734463339701005, 0.023076069005254003, -0.11205595946003, -0.038857836747302005, 0.063312881886494, -0.050438322272010006
0.035463660627667, 0.038067450660989, -0.20526523492319, -0.030815978449639004, 0.086162831024925, -0.029269313821298003
0.010052629342013, 0.038983638162312005, -0.16447465189274, -0.028449270531352003, 0.07458719422985301, -0.024638418632448002
0.025792096865207004, 0.044368793881001005, -0.1800487401844, -0.023002690912799002, 0.086038192915753, -0.023598531387309003
0.025694968596207002, 0.06447767018639901, -0.18287849238431, -0.014140077099411001, 0.06870517660594, -0.01744796676569
0.021542293273833002, 0.062182590611691006, -0.1856127539823, -0.021186180488183003, 0.083126184397911, -0.025235063407188
0.06368084214736, 0.08408134085171001, -0.26591593131609, 0.0099054094671783, 0.062254165454533, -0.017582612035771
0.028948901205211004, 0.072113582028365, -0.21255281567287, -0.0054971735204124, 0.10341030449019, -0.028999901417029003
0.037787498022252, 0.069969326753098, -0.22346309307783, 0.0002488480187313, 0.10641058913267, -0.028046308811686002
0.020564992512490003, 0.060577981105009004, -0.13222092912808, -0.0023648594569859, 0.12199546658027, -0.026542036556122
0.024873623110227002, 0.098318769399134, -0.17470444857363, 0.017655062318231, 0.12587042694522, -0.023622118116201
-0.030457079571507003, 0.10892257681571, -0.08675768726598301, 0.026531872233938002, 0.12300262178467, -0.011191332831097
-0.07633495597767001, 0.1665721986935, 0.0056663408546913, 0.078092272788294, 0.13115702267082, -0.01815398921427
-0.10283046028606, 0.22789730667646, 0.15828840241821, 0.22491550666582, 0.18808173250515, -0.09882625209058901
-0.21409253476565, 0.33499532064598, 0.12222288013398, 0.31942521818157, 0.19967070587745, 0.03150974034737
-0.18248945285813, 0.34554642042829997, 0.47111723681054, 0.09720539750401601, 0.17312154996497, 0.06270866510767201
-0.30700095080978, 0.12677133812541, 0.44066810850924, -0.22177785066879, 0.15155300873674, -0.19164074168203
-0.32374665660906, -0.28152443596091997, 0.39508364341838, -0.42105496225017, 0.13391264857302, -0.61471535496207
-0.26728991838773, -0.88106509698472, 0.5196802474282, -0.56909498394709, 0.15610841879429, -1.2045163031731447
-0.47098624245658, -1.3921778530176558, 0.68079303709526, -0.68917816391207, 0.2032726458761, -1.3978378261612192
-0.51894322849184, -1.456923208742503, 0.78441655088778, -0.68269638095642, 0.36317552514766, -1.145710906561428
-0.23086111635883, -1.02929234277372, 0.44893911954358, -0.55346659316407, 0.44714136534161, -0.69295293601345
-0.51412281575704, -0.48397650805121, 0.27913365443682, -0.34196630913391, 0.44575096470012, -0.11645669690785
-0.4725965309246, -0.014025064983205, 0.15026965111446, -0.15355951673325, 0.49124699128715, 0.4720801853222
-0.44471591894716, 0.23617749490843, 0.15563245603469, 0.057940069344496005, 0.40430366571423, 0.86983223789882
-0.34157471111059, 0.35970668942272, 0.28814340774354, 0.11769234329275, 0.37428075549229, 1.0475314262334499
-0.21627838754468, 0.38528887190035, 0.34824839343843, 0.026383932907644, 0.35723094415554, 0.94178017031156
-0.16873902857387, 0.32879108694849, 0.2282050394501, 0.013811723823235, 0.38688224821645, 0.79775034948968
-0.065071325953288, 0.26285460669708, -0.059579657138499005, 0.013389893579487002, 0.44932115164842, 0.6697498822311
-0.0008473963134676, 0.13865212354861, -0.40235834899997, -0.06840694912002601, 0.5223741656009, 0.42463802276547
0.033059056732213, -0.07973044516793701, -0.58736007520348, -0.19140612324488, 0.52904863411246, 0.12056141631289
0.030030506548441003, -0.29328368519352, -0.59959632399731, -0.26769131966672, 0.58501899066964, -0.16401624287427
-0.013127773409104001, -0.45448943543328, -0.50556254978289, -0.24966847434151, 0.69042278997208, -0.41887537175477
0.059308470993242005, -0.5357064945234, -0.53373006987115, -0.21673935434413, 0.67400849064814, -0.46281318004847
0.10230443844706, -0.59159219024987, -0.36899970751154, -0.22491235822592, 0.65242210873389, -0.47644284799617
0.10271051939059, -0.47788776135998, -0.49399165220158, -0.18969235504431, 0.66961236154459, -0.33599435379853
0.011332405157234, -0.20484088476204, -0.49518435733641, -0.050379193389023004, 0.74978766237264, 0.04067643219146801
-0.2441493312854, -0.0040569602724675, -0.39645634088922, -0.06258140872752001, 0.78310089792358, 0.35902599915596
-0.10030394832133, 0.08585200510664401, -0.25427529850667, -0.14327822599603, 0.73207661103847, 0.5375591436535
-0.034726076851367, 0.10816544990893, -0.27848700479759, -0.20727442391163, 0.68094423374878, 0.73963033899302
-0.11427324876021, 0.14762530108527, -0.22767084212713, -0.15237669703533, 0.68483167317908, 0.83244745890212
-0.07580244028229301, 0.1508196270529, -0.14679957202852, -0.16240253825185, 0.64333731248789, 0.78026248723783
-0.07177965238599, 0.13026019586878, -0.021568801617386002, -0.18305689968559, 0.56423389116714, 0.74701961678162
-0.081886412150781, 0.15205784697631, -0.14308602557021, -0.12018117064176, 0.6618537149411, 0.63372554707395
0.11318922884004, 0.1471272277696, -0.63032644413462, -0.0041680609724053, 0.97002020757679, 0.39272546779649997
-0.21343822032264, 0.17045741578685, -0.92841757764439, 0.12417439069694, 1.1510960613442087, 0.33620156642981
-0.08406762923447801, 0.06730856552721101, 0.013281042458565002, -0.015158433980740002, -0.57364935064747, 0.25544261075237
-0.37215439798851, 0.04639079599393801, -0.84934485832075, -0.05776631010105301, 0.34419262663314, 0.14434160706967
-0.032904533804877005, 0.041699714819914004, -1.0872849747013975, -0.021098983959433, 1.2970327887009983, 0.010544940068372002
-0.09995675149540101, 0.013265730903328, -0.99779023575105, -0.069624949396714, 0.99591274579612, 0.11910293059748
-0.063992511082632, 0.0090347515628353, -0.32125545085, -0.09777128167611601, 0.16935415302615, 0.23066087997656
-0.49375644909569, -0.024530614681154, -0.10206366699344, -0.16629723923782, -0.014565417279331002, 0.26191048323848
-0.20066795659953, -0.026117454654341003, -0.11944307232407, -0.08614473944333101, 0.4954530856817, 0.13077471342353
-0.36798142791512, -0.036997833257535, 0.11802971362519, -0.11355346634085, 0.11082213539309, -0.0084974000335523
-0.22884143847081, -0.050442813638961005, 0.02433714052948, -0.041597125164048, 0.29162109112741, -0.28035477672981
0.042805732796986004, -0.08533969130909101, -0.18115865799381, 0.034595584293227004, 0.52988316791573, -0.55595378469265
-0.05276639346344401, -0.11667864982385, -0.26384538392039, 0.058145791759181005, 0.59424925914704, -0.47291350531942
-0.021086520666868003, -0.11664912807009, -0.24796544828449, 0.040658174849147, 0.53872252649669, -0.34443194503367
0.052726450961088, -0.08176796287306301, -0.28297455688819, 0.036360262512738, 0.55743024327421, -0.30411041077984
0.07795350713153401, -0.059171985005272, -0.30156430321743, 0.0069386293488422, 0.55683322842402, -0.2489706196893
0.027943319768883004, -0.034974469598975, -0.15581964641025, -0.0020714616091113, 0.53241891422442, -0.19935663957654
0.09343376036886801, -0.031082130656546, -0.29014538209366, -0.030479482550561002, 0.54739555426319, -0.1746045239459
0.046778490800142, -0.039267623715248, -0.23598278624901, -0.045994490850761, 0.53561297979807, -0.16231803638303
0.09027152151334901, -0.041815449881258, -0.32779093080416, -0.047724890370596004, 0.54273109276295, -0.14331437841461
0.026557438092175003, -0.022033145010442002, -0.30147817910595, -0.07269021170718301, 0.52391012938501, -0.10532397216605
0.034224124726783, -0.027267561523302, -0.19930601119978, -0.064812099103167, 0.54852183158706, -0.12478384614595
0.014611547463773002, -0.060992557717105, -0.27907306584899, -0.090513694635536, 0.5641561000243, -0.11118744985588
-0.015834918457156, -0.040719658176879, -0.24897334568937, -0.08961792222534201, 0.55888145869478, -0.08198331596707101
0.041078458490625004, -0.023369768110193003, -0.28835912917621, -0.079413957090466, 0.53589159520597, -0.057705826263318
0.0097508127585297, -0.013731870674751002, -0.27794402029345, -0.08502152131559401, 0.52893192505876, -0.048290670805719006
0.020086117530638003, -0.025713077724109003, -0.28372146125065, -0.091006717403893, 0.52685303654231, -0.053175474202288006
-0.030639016949827003, -0.032868049783508005, -0.22816818130479, -0.092152524935842, 0.54003953345981, -0.040042388037142
0.010633003710192001, -0.013086674613798002, -0.24394093949693, -0.08791205874891701, 0.51052062749241, -0.016079891105147
0.011911554711674, -0.0026408104203001, -0.22710122904552, -0.08039734922378, 0.47677178100757, 0.010038235583626001
-0.032707659954831006, 0.034616608177299, -0.059965100731675006, -0.073532983599134, 0.56381559590408, 0.0022060593303196998
0.017117166073759002, 0.0031266554580758, -0.18929099759847, -0.10136613122412, 0.53654616008847, -0.020926832665447002
0.014795301662541002, -0.013770742289358002, -0.21672551885559, -0.12026918194021, 0.52023028173271, -0.011280012423557001
0.027444034225080002, -0.020212510456999, -0.2923189366167, -0.11017590153978, 0.52134758016111, 0.0021882904722607
0.0023977428810157, -0.015749642825018, -0.20531430460152, -0.10390931498139, 0.50049983762107, -0.0049099412996244
0.0022035875348408998, -0.0065597396303288995, -0.24702310910449, -0.092449000863785, 0.55354824488947, -0.020947810231562003
0.0010613218224745, 0.0010182291637795, -0.2576874394486, -0.087696796157172, 0.53675923783174, 0.0006275883103424
0.0050289231679693, -0.0055150042325831, -0.24152475503309, -0.094477012970977, 0.56007524042816, -0.0074325998608006
-0.015303440506793001, -0.0028375147637706, -0.24479445362101, -0.09793659942235501, 0.55635934433985, -0.0057361115759896
0.010554987561471002, -0.011935076977429002, -0.18302899519274, -0.10779873865886, 0.55940432163014, -0.0040167897910469
-0.0082003066524587, -0.0079260091281378, -0.25184286308656, -0.10501812524697, 0.56465868607048, 0.0027889666103249
-0.019032669965047003, -0.014663500573449001, -0.18867134551227, -0.10467458511873, 0.5507807458643, -0.0008250661547309
-0.028797279775124, -0.0047097652991805, -0.22636362751904, -0.09786233093155, 0.55072562914978, -0.0010937288294601
-0.035851146496527, -0.025204802389147, -0.10059841775339, -0.10025027309885, 0.50478931120018, -0.0063303310408256
-0.05599401266937001, -0.028827137318540003, -0.05607607090922401, -0.11207816288972, 0.56241580835649, -0.013327160428653001
-0.036245857738322, -0.038712571680353004, -0.039613358052638006, -0.10244401364836, 0.53259402451796, -0.035858327227070004
-0.015485593320600002, -0.10039535547118, 0.09336455272211001, -0.14013620715715, 0.51356947635369, -0.05693231921571101
0.0038661366049835997, -0.057518929076762, 0.068057101356273, -0.11771892861758, 0.52298706115663, -0.072592944310697
-0.10675756642614, -0.027535436706264002, 0.13231902269744, -0.086755972325496, 0.59416443064345, -0.089439823119505
-0.08897010865298001, 0.034679941317341, -0.0001758549911289, -0.053220121489861, 0.64599899615175, -0.066484666243509
-0.08730694696784701, 0.063431657789244, -0.17501055848059, -0.018320227501646, 0.57927237754583, -0.041350188175753005
-0.06839451545739, 0.032411017123397, -0.11667639282482, -0.029265798575421, 0.53818662120008, -0.040421693157333
-0.058568474101491005, 0.024105337964951002, -0.15417966526699, -0.038090287488403006, 0.56175711607624, -0.024784254382705
-0.059865029535500006, 0.011211020100742, -0.06337837192815, -0.044048525639976, 0.52821409155615, -0.018964237623949002
-0.039872441238807003, 0.030654180733893, -0.16147039443732, -0.040236159034792, 0.60156101716648, -0.016943345152295
-0.01312587949234, 0.034933334536666, -0.21885938017814, -0.037782791601452, 0.55637114012828, -0.010184014256314001
-0.027511749956353002, 0.023477574129365002, -0.19552605542383, -0.044659951812614, 0.54013092251523, -0.019225487649366
-0.014374023859886, 0.023430532703223, -0.1943433922641, -0.045299505988836, 0.52896036894689, -0.016266961427861
-0.08911690394839, 0.013196327716332001, -0.044356129785442004, -0.060424936583037006, 0.50154543789134, -0.0038742509234182
-0.043881072814742, 0.024178869196418002, -0.12010084119314, -0.06150516477542801, 0.54854557716104, -0.0014785370688549
-0.062320938198297, 0.01123700822626, -0.14264790193459, -0.064305655861145, 0.51874818809606, -0.020446491384628
-0.0012001252995703, 0.005768773360577, -0.14281491133146, -0.06067737805244101, 0.51446598301161, -0.012368081316312
-0.025253147895379004, 0.00018852893409149999, -0.1509791007501, -0.05899279474782, 0.49572642990181, -0.011623339510004
-0.035067838132706, 0.0011405760664778, -0.07055174989988901, -0.057109166041794, 0.49400614901298, -0.0004357243364259
-0.025455514444921, 0.011531000849168001, -0.15379375849826, -0.058003834169932, 0.5316799530972, -0.0033063930353852
-0.064231350280815, 0.004653155383791, -0.088743807038013, -0.061599304846256, 0.50899320893878, 0.0043427749530752
-0.028776341085302002, 0.0054075014002247, -0.11416926731003, -0.068956388528913, 0.52632999240969, 0.008924233981922599
-0.031591372596274, 0.0017277406313291, -0.10359786929841, -0.058157332601451006, 0.49361468398022, 0.0001900614472058
-0.044566665869704, -0.0018761538821722, -0.09108007886083601, -0.065420856791728, 0.48305948012855, 0.0040591586873169995
-0.06499431882361101, 0.0084014828658492, -0.062415011764623, -0.0672058486947, 0.51818203089923, 0.0013006958751668
-0.05131897812881701, 0.0020867273539687, -0.11453221342531, -0.057124042083902, 0.49902426948745, 0.0034129288173047
-0.070347310115252, 0.0062138575264135, -0.062424451362583004, -0.072964892101783, 0.5124105772675, -0.000550849387789
-0.002727009949886, 0.0005819574243629, -0.1724996942835, -0.059517604153050005, 0.47743861612567, 0.0057299558057343
-0.024114708176219003, 0.0053054088410719995, -0.13678243523348, -0.06537523869884801, 0.51124509783722, 0.012076958338125
-0.0013650377893132, 0.013918091194191, -0.1292177278717, -0.054244196585526004, 0.51903738174755, 0.0071445396699688
0.018410457165053, 0.042211389869951, -0.24406023783741, -0.044771949467743, 0.52319165382125, 0.01163400138674
-0.015041150071378, 0.038796461378063, -0.17115878972947, -0.042159224799652006, 0.51369068851039, 0.011614299264144002
-0.0086695153596526, 0.050122238688116, -0.19292943183502, -0.02651117409716, 0.53302174093129, 0.012728049704056001
-0.034745956787104, 0.026654456819453002, -0.12533362176101, -0.047698651652460004, 0.50023180480703, 0.011341478797031
-0.033375935699385004, 0.031014600986930003, -0.11935935000562, -0.052644727033727, 0.53711432369351, 0.012780227336951002
-0.038089049614857005, 0.043386987981098, -0.14173377159509, -0.034440785973536, 0.51982696120962, 0.011505244516678
-0.046490606438655005, 0.029300032478302002, -0.06750382066475201, -0.043259619700002, 0.50992293219342, -0.003592705339918
-0.06272222405602701, -0.0066843360833845995, 0.054965214848129, -0.04714392082147, 0.49161117552527, -0.014915191515273001
-0.25681657345225, -0.02215187929814, 0.6009793346623, -0.053291689524196, 0.53959559769108, -0.044113146227207
-0.49993626807634, 0.08953633783199501, 0.89373546455507, 0.069221871323282, 0.81921566047956, -0.12910451639282
-0.44626571186942, -0.039535798976471005, 1.2859859846685076, -0.06400346828739001, 0.67796125024309, -0.09758235360328901
-0.37912806487856, -0.07015223417305201, 1.4817417903799768, -0.08073479050926201, 0.69649481262631, -0.14098041029169
-0.53636770410384, -0.07400383445264, 1.7033823829625494, -0.073263015672829, 0.72698795648938, -0.11176559904544
-0.83254586187436, -0.074263201376306, 2.2248172451178223, -0.1360770807075, 0.715979532157, -0.10644330680255
-1.017661052443281, -0.064625096515286, 2.501463517692006, -0.09765152169226701, 0.86322737885287, -0.078718470570363
-1.1174872293452278, -0.090336745016956, 2.7380108089551425, -0.097376487072136, 0.843774573316, -0.04442913310463
-1.0616972024125197, -0.012683385060631, 2.485904834080672, -0.12970036219202, 1.0468859006409932, -0.027992945770143003
-0.6854684580967, 0.020024030376121, 1.3600220772921854, -0.041337966012957, 0.90269273609759, -0.0007790198757426
-1.0015580785304796, 0.027162746934662002, 0.6631901097709, 0.019098060796978, 0.72456493788148, 0.030093614061946
-0.46068009190313, 0.062803138117125, 0.71837449997241, 0.05412412616278801, 0.69749153610675, 0.033746765305664006
-0.38093903331741, 0.047325653369573006, 0.69055121738967, 0.021305972636975, 0.71885033161317, 0.033837287686610006
-0.39216436892058, 0.019703000530723002, 0.7214549084651, 0.0096827087322672, 0.70034896272955, 0.048837654518723
-0.39658099843185, 0.021426274767374003, 0.64973934927009, -0.01963047271062, 0.68125009926032, 0.05857785852532801
-0.42405476248044, 0.012219887284124, 0.75906815054919, -0.022308637784716003, 0.66760822468524, 0.056210226917315004
-0.45849993438346, 0.035951380190928, 0.8499222478255, -0.0039549092481594, 0.68477880452803, 0.05778054078477401
-0.45871546989152, 0.030002119499224003, 0.87791695744124, 0.0024331778566801, 0.72348158169414, 0.042725204163994
-0.43413418981604, 0.014831962069918, 0.87708397897806, 0.007849294091268999, 0.72949232403513, 0.035838003911156005
-0.41695644994622, 0.024970594982839003, 0.83076966895214, -0.0003419071565799, 0.66483818681303, 0.049124253559827004
-0.52778544133751, 0.034793234367632, 1.0797079733364203, -0.018402894056275, 0.69607265179673, 0.067591240935856
-0.48944375005599, 0.025174811537454003, 0.98270231515537, -0.0078658144077831, 0.72186380891164, 0.041669166679319004
-0.44906473354309, 0.0063425826176797, 0.95838705837529, -0.025033403157325003, 0.66622052331694, 0.038391665664507
-0.42893963660965, 0.018455432063858003, 1.0171215274749619, -0.027424590142711, 0.67127366766198, 0.042838082146611
-0.40685355262628, 0.034729263402843005, 0.88004818066221, -0.020029613990305003, 0.64841927284326, 0.050947956318046
-0.43924778266537, 0.027426652801328003, 0.96604621668681, -0.026984741218370002, 0.6632364142254, 0.045660872720069
-0.38492923166943, 0.041351228115081004, 0.8646196588737, -0.013136338509178001, 0.66240440883159, 0.046477690210286006
-0.37418108077082, 0.043804660638103, 0.86601884524688, -0.014109669773814, 0.63979016584202, 0.04293546980198
-0.37957045444809, 0.04473355740990401, 0.96596553340642, -0.013432437454819, 0.6501603056424899, 0.043166816780253005
-0.33297216042313, 0.071228107480598, 0.85389142172654, -0.0018174904109413, 0.66015247927045, 0.05196885534730301
-0.39253611265723, 0.060941027195549, 0.90037283627149, -0.013363708225561, 0.63937666230981, 0.062483737641497006
-0.39026713516728, 0.068937601036984, 0.90419303942454, -0.0059760581794619, 0.62915540236714, 0.066445456572421
-0.44108765131322, 0.06438488691946201, 0.98450985722785, -0.0087889358156427, 0.6204622282365, 0.07370849302238601
-0.42611393523968, 0.066884064893661, 1.0812074199365629, -0.012720059761115001, 0.63445495914486, 0.07471227024787201
-0.37474951398865, 0.05716168625013, 0.91210667617063, -0.019511821345271, 0.61152123094219, 0.085878434222128
-0.39551398773427, 0.049966555071119, 0.95800055113898, -0.030656513185592003, 0.60181923606911, 0.08348797768338301
-0.40457733448562, 0.040495576054997005, 0.91837474954466, -0.030614737258702004, 0.61291183191954, 0.08231044925736901
-0.42414200932009, 0.039859416317776, 0.98970782277522, -0.036344251213267, 0.59056434240918, 0.075072819594902
-0.43409655955626, 0.044980977836112004, 1.0888723631580188, -0.030905727594339003, 0.61383187650801, 0.070509265107685
-0.39569816881578, 0.04002274241241301, 0.9283494466607, -0.038814547661994006, 0.59806899856817, 0.074363823282281
-0.41232051230461, 0.040169491972231006, 0.98193210537283, -0.035895596977375, 0.58890875692835, 0.08239191436203601
-0.41181341198488, 0.045204509513210006, 0.95159416083694, -0.03987224773318, 0.60383288650841, 0.079264792368816
-0.43724471101386, 0.034526127883279, 0.98098811676308, -0.029723371891435, 0.5819366881973, 0.081221671229323
-0.45952738092193, 0.038019367707896004, 1.0447014460858293, -0.035645559443526, 0.58705806862594, 0.080959590512182
-0.44086711020347, 0.042288800260056006, 1.0089407347353403, -0.043371598683746, 0.60606614685043, 0.07418222797077001
-0.42886276384892, 0.043899628795489004, 0.98544581224801, -0.024873960039906003, 0.57997857375161, 0.080930616269364
-0.44284664567381, 0.045076411181775, 1.014946459382742, -0.030629965491472004, 0.60313074049548, 0.08032871117005601
-0.4455789425638, 0.045122177406548, 1.0081329997061697, -0.017550951452899, 0.58082213222908, 0.08896756621811201
-0.47395988119701, 0.041316132907464005, 1.0564321560208996, -0.030055550174290003, 0.58165120199049, 0.08381437377363701
-0.44438238081695, 0.048802451847131, 1.1411164710091206, -0.026578226228825, 0.59655187548103, 0.08825421722658201
-0.38801850670687, 0.049054374478691, 0.97977196283569, -0.030198175936791003, 0.58026912808879, 0.088551161347119
-0.46394087967621, 0.048252569123997, 1.0750286005407061, -0.032178764901748, 0.57740627831649, 0.08519033292825501
-0.41546237808208, 0.038071845269242004, 1.006676538150094, -0.030107143321207, 0.58901204159711, 0.087605704831096
-0.42623477645009, 0.029951887094015, 0.98826945731727, -0.02650113627898, 0.58739627926289, 0.083028163993883
-0.43936099672169, 0.011525435046950002, 1.0903352549080583, -0.021374686346727, 0.63647013808338, 0.097832322204475
-0.40110563337398, 0.038201304964874006, 0.98612527752482, -0.014838122597339002, 0.62284496228502, 0.10529741634469
-0.43579161740318, 0.055850497146004006, 0.9766524942631, -0.014012158801635002, 0.6338669053854, 0.09197284255521301
-0.42755454250213, 0.080002880109172, 0.95243464215129, 0.016139497968829002, 0.62104740559409, 0.08236355689144301
-0.43456430534302, 0.052832590528815004, 1.0029969005309745, -0.0001330545960577, 0.60512295279334, 0.07536712576396101
-0.42939630985716, 0.055710884976702006, 1.0674690732766676, -0.0089563331982911, 0.65312926281976, 0.07294158177622201
-0.44570973326686, 0.08814048018315501, 1.0454266334529054, 0.014045231515749, 0.63426226993706, 0.074121140545441
-0.47383978218665, 0.092039878127375, 1.0719880954221936, 0.0087842740143089, 0.64935450406334, 0.076034384009054
-0.47573455208205, 0.08228395047905901, 1.0511487118929332, 0.0003759694586619, 0.62870989351082, 0.08298661732453601
-0.49605031639204, 0.06607246096748401, 1.1450949402769268, -0.011985981035138002, 0.61703669352318, 0.089228381194596
-0.44228837069573, 0.054024980529918006, 1.02302905828808, -0.017834210076864, 0.61355083322978, 0.091912196481626
-0.48729572473566, 0.051838119250529, 1.0721852757859383, -0.017408655396823, 0.60671305408723, 0.090307049247783
-0.48637834959571, 0.051882118017494004, 1.1165628893650326, -0.015771889091592002, 0.59550575766689, 0.08535961968842701
-0.51916871232622, 0.051164177648058, 1.1616545671045504, -0.017467436058747, 0.6095808910944, 0.08502450299755401
-0.52564560856, 0.07060722435969001, 1.1400459894460238, -0.0029631756491241, 0.67332804408764, 0.095594491046618
-0.47069539120935, 0.046070213164782006, 1.003444266398055, -0.012959994386105001, 0.67027833412203, 0.0871273833458
-0.52099907864566, 0.045247729221097, 1.1292323499296937, -0.033291779324516005, 0.5886200384499, 0.087162054820453
-0.62293957818257, 0.037534732115128006, 1.288269081917657, -0.059470810536102, 0.71202248624588, 0.090789362991694
-0.40920113453333, 0.038386168138562, 1.1196618653600445, -0.07483938914056401, 0.62668555837977, 0.095136147264092
-0.35016598440578, 0.041960804859680005, 0.93408806698194, -0.058630594728136004, 0.55852455652934, 0.10238111852305
-0.35291802591881, 0.065134188732219, 0.94382652237992, -0.021698072673099002, 0.53162598910005, 0.095735838185196
-0.41036982867788, 0.064905075362667, 0.98871453836778, -0.021718723333299002, 0.58826434661587, 0.09181731296287
-0.42627461092683, 0.052506900277608, 1.055615877686979, -0.022409242311933003, 0.59469552652921, 0.091352094231438
-0.42285295567504, 0.047666815166231, 0.9850610044471, -0.028635903496609, 0.58798241442725, 0.09128853940121001
-0.43468188798667, 0.033192219568627, 1.0852561730164687, -0.029510528498413003, 0.55865967813967, 0.10214337671977
-0.43583689368673, 0.043414910632882005, 1.0026139966756242, -0.033259882832107006, 0.60474004985585, 0.09775818546654501
-0.42815444052635, 0.042302861667706006, 1.0371185979169668, -0.036153615586422, 0.5967795111425, 0.09416464597401801
-0.38297201766394, 0.054440120866042004, 0.94968883830129, -0.024981346550564002, 0.6074680953162, 0.09053700197425
-0.42463300420716, 0.051293717845841004, 0.97600080376863, -0.025894996822697, 0.61670426671062, 0.09655042867685201
-0.406363456747, 0.06274928291102701, 0.95645325098211, -0.013926295760850001, 0.61159343936486, 0.098499703329345
-0.41126705050722, 0.053470167960687, 1.016425707571811, -0.02029140942233, 0.63144814077221, 0.10129964745953
-0.41111269886042, 0.060645658090314004, 0.97280844636091, -0.0097085545605502, 0.62394888509069, 0.10487648451943
-0.45413434041297, 0.048714436718256, 1.032207270810317, -0.029472554383177002, 0.62704783712504, 0.10355663655026
-0.44601880584778, 0.043324445197336005, 0.99790330945596, -0.026663549755976002, 0.59799796303198, 0.11525456568824
-0.4854276464105, 0.047681917785070006, 1.124122732920142, -0.024793691531002002, 0.5936647140671, 0.11873306656347
-0.42057493478984, 0.046530741373976, 0.99068867759354, -0.024487867336925002, 0.59458571045546, 0.11337050329515
-0.47598583592458, 0.041319684622110005, 1.0821122153334548, -0.025077646785014, 0.57979562503902, 0.09551035218786201
-0.72463959613524, 0.028879846980867003, 1.376668312029293, 0.027796881274292, 0.54838760725605, 0.046115076844977
-0.74577173104258, 0.069781058853449, 1.3867252087847062, 0.045292223017844004, 0.42315530047927, 0.07482341894433901
-0.66575464706554, 0.10499564797642, 1.3784755269449354, -0.0023647505305999, 0.54805023148654, 0.10810931801508
-0.55232965770807, 0.13195509194489, 1.0482584135114268, 0.057126315843438004, 0.53197632910004, 0.15524221418039
-0.5798340755789, 0.19066159508276, 0.52849608781131, 0.022916104354560003, 0.39094868438233, 0.09784100184050401
-0.6603833200636, 0.10921134240934, 0.11644038905606, 0.11003303016732, 0.64430985585489, 0.14154940472346
-0.83989477314721, 0.078551055588437, 0.76591403797985, -0.0056638221464391, 0.74977442004174, 0.015440561253291001
-0.58418269772008, 0.04292326076425201, 0.49451936303366, -0.044842957831289006, 0.75496144707706, 0.037667091325208006
-0.57435708089071, 0.05039192375393001, 0.84186406258437, -0.016779817808519, 0.62534425575268, 0.06361642811657
-0.55047808484275, 0.041936117343893006, 0.85672703283527, -0.0077770788919127, 0.72169914003412, 0.045870754607133
-0.50992318655582, 0.02013590730116, 0.92423095839548, -0.031535262882155, 0.63455987782399, 0.05143794790298101
-0.42797957531705, 0.012804424046863001, 0.83222248130202, -0.028569394832199002, 0.60576813803775, 0.052679156082391
-0.41009125236688, 0.0058803268634009, 0.82795761141363, -0.027027969767380002, 0.56864329581283, 0.059182686070174004
-0.41981931549987, 0.0093030373044491, 0.83581627328437, -0.029593885589482002, 0.58166640697763, 0.06419660460442901
-0.36865444556194, 0.009209396163406, 0.70782881683412, -0.016913809779042003, 0.57177273979585, 0.078119347868848
-0.3829705029146, 0.015947820645562, 0.78280138120981, -0.040170325779922, 0.58780538035611, 0.072702416886414
-0.35854200155422, 0.027126930426885004, 0.74033177003604, -0.046536514680029006, 0.54163102973224, 0.08973068162813501
-0.4310167504, 0.027620261734368, 0.84737130840946, -0.031097601194014002, 0.62441382375514, 0.063007510107829
-0.40838527436716, -0.016920694918170002, 0.74150653835331, -0.038842015004664006, 0.64028089487091, 0.064226238950501
-0.51845979947361, -0.032750774952243, 0.98330883126253, -0.051082635999867, 0.57705775481752, 0.047984963095126
-0.56502146669694, -0.0026301744568794, 1.0419525809701389, -0.026871637621680003, 0.60876779465892, 0.041384802387759004
-0.53514068655555, 0.027402045737915003, 1.0688274709849919, -0.029955578195321002, 0.3879335278928, 0.017334351590818
-0.43718639291985, 0.09412351414851301, 1.0795527723409242, -0.05347537169059301, 0.36419465004224, 0.018908950337757
-0.5681275596382, 0.08220436940633101, 1.0354435139119595, -0.025219316627493, 0.36272034566221, 0.0010778755747647
-0.53668724524534, 0.11432066182963, 1.0898604723896617, -0.09089689735243801, 0.43538063589887, -0.031599518235851005
-0.51909082592571, 0.11345877582212, 1.1885975274131328, -0.09946235716378501, 0.31482127706984, -0.062003432053741
-0.71671542137033, 0.10686342353586, 1.3582793055479292, -0.096365947558933, 0.40489405686288, -0.082764493509507
-0.69464592014767, 0.11093863685329, 1.5515568829360729, -0.038059505115858004, 0.26258103902646, 0.0063882589685832995
-1.0374757265379835, 0.13216968756601, 1.6615855352284417, -0.042354431114663006, 0.42045650337821, 0.04646883801434001
-0.65782421626357, 0.12991586960969, 1.1515933181878597, -0.10136014666964, 0.44106631871876, 0.074714352807038
-0.68414530192328, 0.13832923869422, 1.257291919807029, -0.05912990096492501, 0.40431437011403, 0.029576312859174003
-0.44392094389489, 0.1283979469911, 0.93070013017557, -0.1018481161132, 0.014188159829871, -0.036376722242192
-0.71347161776992, 0.034226361574260004, 0.72764868134285, 0.015762616021627002, 0.10137339608008, -0.14931450001427
-1.003676010448487, 0.0056935116542969995, 0.75229193934626, -0.053041727101122, 0.51958881556059, -0.071216546983738
-0.81140811117176, -0.0060972926405152995, 0.70626704087825, -0.089571251414766, 0.54623679334106, -0.057820197877409
-0.56518387320328, 0.015090770431448, 0.50310108914577, -0.089251559308281, 0.60783979293209, 0.028430463722635003
-0.65050342614488, 0.013072248052103, 1.0416868555163785, -0.10976106711578, 0.53940761439459, 0.080127504270808
-0.54146112637554, -0.0045200603451073995, 0.97381075294998, -0.06714989505004501, 0.499194102756, 0.08731323721183601
-0.64143989669688, -0.04659527001584501, 1.1988692760737094, -0.11180372150707, 0.4857090903195, 0.033350941714637004
-0.58020097603534, -0.015051656540739, 1.2493388063839024, -0.08581244815994, 0.46151458058913, 0.065903329001608
-0.60430998930564, 0.080109016703442, 1.3215732829514326, -0.049041952555994, 0.56291947596752, 0.076059279570728
-0.57681011649812, 0.044028724215124, 1.1257891661902621, -0.080501803901528, 0.46371326199199, 0.078678628197097
-0.55027808211433, 0.012647304676102, 0.92774756774098, -0.06662284625707901, 0.52991874853423, 0.12441478004699
-0.6082806232786, 0.037540886672062006, 1.3621058137217368, -0.10034049647636, 0.4312901720654, 0.10463368082304
-0.58227363318128, 0.025101140342957, 0.91419172718631, -0.06477536653299601, 0.4973544994403, 0.13366991445289
-0.68743304150646, 0.021840213090883003, 1.2730857129840476, -0.08303340587763701, 0.46613946405719, 0.13289452480558
-0.55369800159731, 0.033218240716727, 1.1156415573155767, -0.077279501874012, 0.47514413632473, 0.12480036472805
-0.60941174103956, 0.013877085894222001, 1.082627116357908, -0.06969564831744701, 0.49656594531148, 0.14416553036271
-0.64158046965033, 0.023235550349398, 1.2699593368992537, -0.076193209226023, 0.52606183726287, 0.12938976265198
-0.59222356676601, 0.017772287040559002, 1.215337662748185, -0.06953488859998301, 0.49512371988289, 0.13917551383774
-0.70788885409183, 0.0091569155651025, 1.4120233981307773, -0.10840127937181, 0.47023799143572, 0.14564064212336
-0.67663895407679, -0.013157426815828, 1.229069019071817, -0.10254915551829, 0.48673093415152, 0.14740177431008
-0.69344236852316, -0.018965939963309003, 1.2376054883903485, -0.11220959678232, 0.48273428660796, 0.14506376552464
-0.64568465625975, -0.027738966427694002, 1.1845956895348628, -0.11950596500686, 0.48376449927433, 0.15402209061075
-0.6268587518997, -0.029634149752950003, 1.2797055195796105, -0.11576074656456, 0.49232382087155, 0.16488619254803
-0.62636140129973, -0.01176493863616, 1.2401537381573786, -0.091030723083089, 0.50499977733374, 0.17506725671143
-0.65778727573434, -0.0020233799929593, 1.2776037120185735, -0.08697453451408901, 0.49313959083602, 0.17027790157736
-0.61483805267119, 0.010114175241177002, 1.2373318336792272, -0.078427737634589, 0.4797207942045, 0.16989249628754
-0.63856617349141, -0.0054494096505618, 1.3005632067609811, -0.104678679223, 0.48053551602519, 0.16747138841144
-0.68604197703766, -0.013107483145889, 1.3584464896666384, -0.10197212339979, 0.45488366780631, 0.16988263552721
-0.78979679621861, 0.018068083943783002, 1.5257717908912931, -0.084741335929814, 0.54296666253897, 0.17428103109283
-0.6618664334401, -0.021819822254115002, 1.3396876702324692, -0.10212008731808, 0.49011918440261, 0.14501497165838
-0.63564150132251, -0.058368587537089005, 1.430836762875214, -0.12837181733064, 0.44290245833347, 0.13882699872668
-0.68942292846243, -0.062119675385746004, 1.4171490863563103, -0.12853747824432, 0.4609274896469, 0.14518763051278
-0.78199234992437, -0.011027728633025001, 1.6069314349688373, -0.11096793853828, 0.49981823558384, 0.15159398940147
-0.65392032305673, -0.036478717026104, 1.4327628844114246, -0.12512460446492, 0.48338151767803, 0.1257228980536
-0.60609543870414, -0.056763746370968, 1.4096598183997069, -0.13356427959645, 0.42269804606457, 0.12637271148013
-0.63132426728815, -0.09385461925336201, 1.3355170102302714, -0.14550168776125, 0.44082223554966, 0.13223898729888
-0.77562183457079, -0.043597088648149006, 1.5473111752373403, -0.13659941350325, 0.45925910098465, 0.14946398681145
-0.81380178169151, -0.024123714099152004, 1.5601961689392707, -0.10380892421407, 0.58427213204434, 0.15105731153405
-0.65718012959274, -0.06289032340258201, 1.32019502224192, -0.13962047765458, 0.42939537078734, 0.15033943488909
-0.63670664570278, -0.072251012055265, 1.3004543413539742, -0.14267984883928, 0.43307566320784, 0.14868415066225
-0.60891684315322, -0.071234546000702, 1.2934920438423745, -0.13656372795968, 0.37995912144483, 0.15323060619887
-0.70018927237556, -0.077380096516437, 1.4668181033031138, -0.13571250771869, 0.41467735499461, 0.15886170293561
-0.71052954730947, -0.056199737501357004, 1.5029515078563809, -0.14087759646588, 0.45155969465777, 0.14278788047789
-0.67704276872731, -0.068386637691145, 1.4344018506752372, -0.12360288929802, 0.43014362560898, 0.13866898013783
-0.70491356754537, -0.06587363448330501, 1.4747220939341574, -0.14207587609298, 0.42299470997842, 0.13188366301489
-0.70050458981722, -0.07353394512663801, 1.489541223975179, -0.10798032431815, 0.39858405348136, 0.14853120605142
-0.81001963460307, -0.079126408059076, 1.7509569210751321, -0.12977939569055, 0.44230368123625, 0.16564002040506
-0.9172642273084, -0.042495616002307, 1.9978215072822825, -0.12092154395628, 0.58380465195251, 0.20623296129748
-0.75417639006565, 0.031271488060689, 1.6305774476808614, -0.05695040240159201, 0.44164852567961, 0.18718157746919
-0.84014089468465, -0.054868408397839005, 1.641908326541916, -0.12258134713812, 0.46883569859084, 0.18662699052131
-0.64520478394219, -0.06878238241159901, 1.3920738586488746, -0.12828751641035, 0.36989181042774, 0.18068005671497
-0.70026066765401, -0.10716503293163, 1.442739013850001, -0.16311470202056, 0.34621794245429, 0.19193262215856
-0.61526412916714, -0.046352110217704, 1.3991975560292547, -0.13983663395547, 0.36244125066799, 0.17596235632405
-0.62673572531013, -0.05964131995266501, 1.408445974239507, -0.10394874217124, 0.39407549705095, 0.18906353811058
-0.67707442848428, -0.046345557918224006, 1.4041013704744956, -0.086107482549215, 0.36077334643822, 0.16024968779443
-0.82786004532711, -0.07912171354172401, 1.495759635368949, -0.084692458234826, 0.35268740455172, 0.14651169419503
-0.73143043019502, -0.03664331723525, 1.455956832326898, -0.06835669538942901, 0.32069055760954, 0.15822413918395
-0.77309659473114, -0.069822417485691, 1.67858654352703, -0.096031323394432, 0.43274042833917997, 0.12961847899196
-0.61973518093061, -0.033111992353492, 1.4627667811251635, -0.055487131699699, 0.36412412191489, 0.10894856254534
-0.65115454759884, -0.052834752150701006, 1.580670007430165, -0.086050846901652, 0.33211502723023, 0.12550035967965
-0.62382795082603, 0.0056652257076383, 1.3777275585915658, -0.047816315414497004, 0.38714286422607, 0.10971702144127
-0.69554325823809, -0.020916635962434, 1.5522476265397203, -0.06557527248316501, 0.39471709719623, 0.12123112586258
-0.61249096685275, 0.005869111918064, 1.4524524376387895, -0.07264816042503501, 0.41932801252736, 0.12173994261234
-0.66288534199286, -0.011335053192388, 1.5945654827515208, -0.046319046181903, 0.40912621096912, 0.11962168291714
-0.63550712656239, 0.011918390171321002, 1.4393691329302434, -0.053676348204120004, 0.38112728603495, 0.12475952853728
-0.86890632576219, 0.011198256136497001, 1.9634799762949706, -0.04514644212201201, 0.44927660611451, 0.12950538150152
-0.7032896626918, -0.0077975310529312, 1.5692810475394015, -0.08611102553572901, 0.50551931637327, 0.098178412866605
-0.64912357371566, -0.0066942854767931, 1.687490324389143, -0.083572496454086, 0.31216020702913, 0.08336455254054001
-0.63857773947701, 0.038137852576736006, 1.437590926284476, -0.043358949056492006, 0.41532670643465, 0.12442440342321
-0.81528178320712, 0.048878615412407005, 1.6844770005549057, -0.05158040833521901, 0.42555862753776, 0.042541315209421005
-0.71617121342834, 0.045285156012038, 1.5390511507758813, -0.034082028513786, 0.46412480145828, 0.092271046603924
-0.83862196952679, 0.06003350807322701, 1.6559837581022896, -0.038136610446117006, 0.46942911572589, 0.027732466281236
-0.76845953150974, 0.028784484177847004, 1.6370546999361837, -0.053262674262709, 0.44904371733139, 0.07256419722136301
-0.78512547644067, 0.043520494373378, 1.6440379716029496, -0.05376242526438001, 0.48687191925447, 0.032102935544834
-0.77310318215047, 0.028689366586362, 1.6172542128536196, -0.048895480576865005, 0.47057112805327, 0.043534168115301
-0.72544353645127, 0.02669045999152, 1.631928130819948, -0.047343980170109004, 0.44740357914292, 0.033245332616319005
-0.66641318471703, -0.0036629563392941, 1.6803720566249574, -0.049610710089111006, 0.40554349026629, 0.055113265781948
-0.66534193239655, 0.048362815113946, 1.4850808615216617, 0.027003762091272, 0.36921042278051, 0.031116244054340002
-0.72345099520482, 0.036186064571420005, 1.5353970853210284, -0.0035480859234724, 0.39142807200328, 0.08006420544678301
-0.70334242827483, 0.020506888633055, 1.4472058107170291, -0.0001250934853696, 0.44547471833932, 0.072797919945044
-0.73707502436882, -0.013345330588098002, 1.5603004727617018, 0.02965950635621, 0.43459598026167, 0.037234024260062004
-0.75096927068787, -0.038320774572333, 1.6424261224964265, 0.12541324057207, 0.35336583104471, -0.04746257222835901
-0.79192406351864, 0.0069025743711883, 1.6318207089911172, 0.1266325124647, 0.36069887665425, -0.041137309139978005
-0.71508346916384, -0.047546172965325005, 1.5701077348975994, 0.11519724032847, 0.32321418976065, -0.12769351721522
-0.71014336526354, -0.06432052265688301, 1.5511131202779216, 0.11107013505618, 0.34254152426161, -0.12486499277223
-0.65343601481017, -0.05912485389689501, 1.4847537359007277, 0.063987099802903, 0.32426358428736, -0.12130619778428
-0.66320097915357, -0.067287144571511, 1.485246296014848, 0.038305237765929, 0.3191518421798, -0.078644391629826
-0.68699100548684, -0.034574584485932, 1.5909732116593298, 0.031040318729210002, 0.35548346415321, -0.06395131600378401
-0.71059897509206, -0.043898530361006, 1.5881199591842514, 0.0077430617397341, 0.3675068336339, -0.032050650343065
-0.74430122085325, -0.012412903783167001, 1.6385625538007078, -0.019182412955458, 0.39610668920824, 0.0050462238324954
-0.6768681944822, -0.03471895804209, 1.5475807847633563, -0.042798728963269, 0.38428354504041, -0.021543653240295002
-0.71584779265883, -0.041949936333980004, 1.48736876867394, -0.05871004056988201, 0.37283482713193, 0.012546327470470001
-0.64855178083059, -0.035378520777781, 1.403541330842257, -0.05415496180406101, 0.38789952815713, 0.038552680778482
-0.63902522139712, -0.02084671616526, 1.4170286048561629, -0.02173402922608, 0.35874163643447, 0.036085120198477004
-0.62479368965784, -0.014748086771205001, 1.380644972369649, 0.013841023174703001, 0.37052666182589, 0.055321099583213004
-0.62445722858468, 0.043817583937460006, 1.3886121023383813, 0.10331779392392, 0.34294587242652, 0.0077190064532999
-0.63455731265955, -0.029200024945689, 1.3514683029799741, 0.06398622376461201, 0.31337175654114, 0.0003588480135606
-0.60547209752857, -0.031625588346986006, 1.3258042032030046, 0.032950494859292, 0.38960869291385, 0.031279383245497006
-0.67849005812735, -0.053012916948972005, 1.3992261418721197, 0.027780673335337003, 0.42447081024119, 0.0083310901378661
-0.6445929338156, -0.039281516887751, 1.3831061913353506, 0.010426839831489001, 0.39652079099144, 0.021753771106802003
-0.64900595980153, -0.041896246798339004, 1.4455329526000968, 0.0077049026051654, 0.36139620935028, 0.027088239374717
-0.6293016638514, -0.051418618951753, 1.4470910535078718, -0.0069284414743548, 0.35934108838811, 0.029915772766042
-0.63535041221755, -0.062267193330532, 1.4836507348339956, 0.0040467790492745995, 0.32451736881961, 0.035983839773031004
-0.62681608222172, -0.051212822246168, 1.4826816263898348, 0.019304009801307, 0.32630203686554, 0.02402532693108
-0.60669280448974, -0.048869221295478, 1.4303109264006528, 0.023368630655942003, 0.34263878018741, 0.020895393620699
-0.65203222692272, -0.050663944837167005, 1.5376645689762025, 0.0047668447828669, 0.3461948315774, 0.025043433991610003
-0.63033894991619, -0.040817999444718006, 1.4780403961680455, 0.023983262511199, 0.36374907056335, 0.028404522767635002
-0.66105734585733, -0.014295058085180001, 1.5403231737559304, 0.034230630516808004, 0.34781031779487, 0.044117137284693006
-0.60552596822626, 0.16331139943775, 1.5179210853491387, 0.07875393757255601, 0.39136596227369, 0.27027315637279
-0.74980080593452, 0.34557681733901, 1.606255558559595, 0.06691641321994901, 0.32956132414904, 0.48036437593883
-0.75654206774736, 0.31100636519865, 1.5440996830389446, 0.013275789442296002, 0.4904542731685, 0.42207784554152
-0.68798815241851, 0.30505998648761, 1.4514888105992854, 0.013934010098637001, 0.43667690306451, 0.42863793214041
-0.62981855189358, 0.28484002018926, 1.4679313966508536, -0.013796219058381002, 0.43894936683128, 0.39858286340275
-0.59586862481489, 0.27674752923929, 1.3685327398293714, -0.0061711184462979, 0.45686129665711, 0.3731250576254
-0.61724554125112, 0.22880908796312, 1.4112120534488675, -0.027859614489247002, 0.43914139250008, 0.35484330265952
-0.60533044973625, 0.19782382359479, 1.4048366562814072, -0.038002134370909005, 0.44244288298962, 0.33212728472558
-0.60131909710575, 0.18230417208637, 1.4092141263858844, -0.048280402146953005, 0.40725593329074, 0.32081018414225
-0.60910212180127, 0.17692772759847, 1.4154905527926998, -0.046805728287027004, 0.39495177154028, 0.31293669141374
-0.62303096299925, 0.21290963136444999, 1.4047924882285934, 0.0003764800180837, 0.42008646137371, 0.31429656012702
-0.64651224117887, 0.16547525646911, 1.4628628083416504, -0.0084662082756191, 0.40362137238804, 0.28167677982024
-0.62009748966676, 0.11971705758874, 1.5118548488073091, -0.012515517437842, 0.38979268599885, 0.2476102832199
-0.65815662252795, 0.08584214886293601, 1.59419561995117, -0.032984775227691006, 0.40162077041345, 0.22457445158115
-0.61455470085054, 0.13866120792128, 1.486542529198873, -0.010657817709410001, 0.40603852298978, 0.24046575426265
-0.63265938261326, 0.17775634762413, 1.420437234084409, 0.06566489237164301, 0.41927856816638, 0.25204351700438
-0.66065034534251, 0.16293904284245, 1.4639734467569112, 0.09832985404658601, 0.45610733351549, 0.26304462839327
-0.63161582200714, 0.1193278839089, 1.4631068320093723, 0.070858917406906, 0.46780652776077, 0.22928211739937
-0.57717210852297, 0.085966829037004, 1.4276891047348372, 0.012008918263179002, 0.47469121293398, 0.14703262854537
-0.61716488592763, 0.082917418017644, 1.3682784395165195, 0.042116730940670005, 0.4962319377708, 0.10940933575683
-0.54587382483522, 0.083506455003839, 1.3570227309579943, 0.039252600743793005, 0.43624807185193, 0.1245133953558
-0.496582551132, 0.06764415935465201, 1.2504713600237347, 0.016929323907023, 0.40095261690479, 0.12772659848488999
-0.55993790572295, 0.080541124163733, 1.4223626653747217, 0.0036063862412853, 0.407513154498, 0.14717038180872
-0.53619805138002, 0.08027000638327901, 1.304681486388417, 0.0071217597365309995, 0.43173799389402, 0.13321847979115
-0.59146598673211, 0.07795373120861801, 1.380409273814048, 0.0095367385633129, 0.41698264538241, 0.14514041341231
-0.57251656352803, 0.07980978739154901, 1.3858280097960054, 0.017775867189863, 0.41611210886052, 0.13825647648825
-0.59875989002121, 0.078676919397116, 1.433416329274746, 0.019941588121864, 0.41126912047292, 0.13622475474253
-0.59644553524349, 0.082468101247989, 1.3851969527918275, 0.017304899280625, 0.4160525228991, 0.14296823616778
-0.65679816058913, 0.08173881891684401, 1.4325042208605965, 0.0022913171407376, 0.42056283246463, 0.1443394539344
-0.62071449327045, 0.10635208814935, 1.4121575532658912, 0.020767720167864, 0.40977428326458, 0.15788053717459
-0.59823346027583, 0.10476753034183, 1.4762844960242667, 0.026345497926817, 0.36036028042817, 0.15461413507929
-0.64401203176894, 0.1006629229692, 1.564132420239457, 0.013038756197943, 0.40511530777993, 0.15805138763456
-0.56509851893556, 0.11085767984989, 1.4295576807993853, 0.026204917314968, 0.40026022765952, 0.16790526808039
-0.59030855783071, 0.1086733995308, 1.4322963977986403, 0.0037441093819565, 0.38257566810337, 0.16731155115986
-0.60278928010633, 0.10094403994634, 1.4485377346229855, 0.015386935969239, 0.37871890696052, 0.16547206576698
-0.58718367079517, 0.09448109616846401, 1.521497652876047, 0.0069937834346739, 0.39024349000582, 0.15569418349549
-0.57830301608295, 0.09315059866831801, 1.4687014528265976, 0.015487097704570001, 0.37428453598754, 0.15904442861713
-0.61499394381068, 0.09038489671409501, 1.5267636371440525, 0.014097053778518002, 0.36535915967518, 0.14751026726234
-0.6087239670736599, 0.08939208330586701, 1.5024155272487763, 0.015253078532093001, 0.36794633029699, 0.14885371109095
-0.58353683496031, 0.08554466776130301, 1.5227142140437255, 0.014830280116948001, 0.37464653843132, 0.1404501914984
-0.57601004325109, 0.10101814043122, 1.4273584784293292, 0.031077220489317003, 0.36688373728737, 0.1460503097879
-0.62697445210562, 0.090816554087128, 1.5238028421060792, 0.016147364615611, 0.37947192269118, 0.15457004148802
-0.59376697619395, 0.097451786333448, 1.5008468391093046, 0.026473980394216, 0.3665592147241, 0.1414893771677
-0.61466930691679, 0.090404507229354, 1.5499350664953473, 0.020416542584508, 0.38398304624234, 0.14971114836451
-0.58585709343672, 0.10619323307864, 1.4770985477001017, 0.026901691960591, 0.36499280960661, 0.15028956182905
-0.59732043569897, 0.10761863982971, 1.5278884598625722, 0.014765754998267001, 0.35565003915529, 0.15080799862212
-0.60342794158599, 0.12024363656731, 1.4693036224444187, 0.033851874299929, 0.357896291506, 0.15082314140354
-0.61309679169633, 0.12374583147564, 1.4966240407272609, 0.036709624146934, 0.35964472292097, 0.14533762344807
-0.5580212223579, 0.14058327287197, 1.4089238193903295, 0.039656426829105, 0.39260311919093, 0.14058148883519
-0.56630369235274, 0.16424207623557, 1.3974541539287413, 0.062480368210106, 0.37408130467521, 0.12610679759259
-0.53335571470584, 0.19405188429998, 1.3690351084474648, 0.049819497731165, 0.39796424173744, 0.12456573640296
-0.58183321158951, 0.20915882211122, 1.408123856669752, 0.071898560038766, 0.37578301984456, 0.10477750213209
-0.56516940542364, 0.18081274688897, 1.460566330284677, 0.038025712339847, 0.40842476481112, 0.10637025023742
-0.54268976147921, 0.21910341606209, 1.3860678824983426, 0.069790240291105, 0.38883321819585, 0.11451056428608
-0.55942722349525, 0.22036708718468, 1.3927781865617628, 0.05494307327437901, 0.36636581890091, 0.11482965551525
-0.56247293562479, 0.20854386992762, 1.4416477591357402, 0.049129600513470005, 0.35507046606376, 0.11608955666844
-0.59841248093802, 0.20309779864499, 1.5197205985793354, 0.050745161717208005, 0.3932560835384, 0.11376742706529
-0.57681277146676, 0.18970331945804, 1.451924474164463, 0.036068697660582, 0.39413696992609, 0.1127155318757
-0.60189398994844, 0.18478437041616, 1.5184748936205024, 0.019315527068243, 0.38211705099424, 0.10831637960275
-0.61144311446287, 0.17237981793863, 1.5136421479674516, 0.029333151063719, 0.37163699737325, 0.1224783695291
-0.62726244284928, 0.17294279422228, 1.536568807918752, 0.017956747908665003, 0.38084659424648, 0.12011449145411
-0.61752203541692, 0.17216718422111, 1.5031580299925311, 0.015100141018574001, 0.38891480743537, 0.10557873354682
-0.6460593470649, 0.18537338584, 1.5005314444988134, 0.034348956243461, 0.40049839155732, 0.1131293111979
-0.60772444017702, 0.1759725484517, 1.4738302340840033, 0.018703310466543003, 0.37375805918689, 0.10152013443666
-0.585448904813, 0.17133614396167, 1.4795402257108934, 0.015277728510453002, 0.35192846565356, 0.10225121815449
-0.58841852731634, 0.17141952016264, 1.5390140236955905, 0.013827393786733, 0.38389284626041, 0.08440508875144101
-0.59190086451172, 0.18833581931856, 1.5179233198545894, 0.013396415680587002, 0.38264540419607, 0.10047649516966
-0.61793388781921, 0.22696573792837, 1.492921320344861, 0.0059631067172908996, 0.40389409369062, 0.074367701822801
-0.635071508946, 0.20854053841157, 1.5422675425408467, 0.012070462429053, 0.42635167217524, 0.08326544312768601
-0.58892784940677, 0.18976699533032, 1.500542171579564, 0.0026418450083844, 0.43335237866825, 0.11063165945554
-0.56809771592481, 0.18261935247923, 1.4991194696857617, 0.0040187429600595, 0.45277153820007, 0.10537721121361
-0.5664423119903, 0.17877009035501, 1.5159315428522695, -0.0008179953191107, 0.46205555783058, 0.09195593839776901
-0.57289932249272, 0.19711339165672, 1.5270158492531902, 0.011827163916519001, 0.4785484123931, 0.069848345113242
-0.60557426452003, 0.21825873350761, 1.5143041453097656, 0.012764333244716, 0.48021157270365, 0.05877456963889301
-0.64317792145216, 0.23186967426361, 1.6952607713108416, 0.016802132336337, 0.50970307319984, 0.06068903516898701
-0.59837166604673, 0.23321349507676, 1.5701198407771146, 0.030807593344388002, 0.47558145958923, 0.05225998618508101
-0.67678764930858, 0.19977666880264, 1.692192637008068, 0.0024948726665519998, 0.47339199601199, 0.035418330818144
-0.65783115062063, 0.19071421228282, 1.8079266259962503, -0.010390141007082, 0.43927028421507, 0.017913306597622
-0.69458050782042, 0.19659903726761999, 1.8661768009159418, -0.019506166975459, 0.48239464009326, 0.014115356946693
-0.62625451895842, 0.23160855242822, 1.6835293181555813, -0.0058746284350858, 0.45153016635648, 0.0033108801756706998
-0.66730774314466, 0.20692286045397, 1.5647730112999503, -0.016815826516933002, 0.43968359921258, 0.020594226896088003
-0.65116811200685, 0.16536008518565, 1.559921304427602, -0.049125492032105006, 0.44429278769677, 0.04577089192909
-0.63735219157509, 0.15976700864155, 1.6035576207179796, -0.05273339550292001, 0.4332195242076, 0.053243709989916004
-0.62774001702368, 0.15855142117623, 1.6367322895937644, -0.041926629469345, 0.43188552662784, 0.028099147334635
-0.5476988182636, 0.14513788003145, 1.535261238622815, -0.049428444755891005, 0.36666740840216, 0.0089075378848638
-0.57096572385284, 0.1521062368562, 1.5891408572152517, -0.06414406919200501, 0.42111850891495, 0.0092812486203176
-0.60598101936149, 0.11696156313305, 1.5622503422341036, -0.089359259274792, 0.41114905154659, 0.0095558820775204
-0.64466714926658, 0.15257928577799, 1.7256388780358765, -0.08381055674528201, 0.35932999342422, 0.028593996152733003
-0.60738381673796, 0.14279423985731, 1.6649169129095842, -0.07001755696685201, 0.41609659887173, 0.0068832929295872
-0.59496742159188, 0.11668786615625, 1.6064341710664314, -0.09287913317780201, 0.36759523394093, -0.009441468795597
-0.56513757855762, 0.11586672126402, 1.5892410580620502, -0.08828702493686501, 0.379587671798, -0.015130059707527002
-0.5731011172982, 0.11013201681159, 1.6196241617796319, -0.09090232974231201, 0.36188813245961, -0.017167812014158002
-0.59117487450877, 0.11911858726733, 1.7018256028644982, -0.09347894861151201, 0.41362088656618, -0.031360750366479
-0.50773623365972, 0.10388167407948, 1.7137884847008802, -0.09651541565041001, 0.35376772145722, -0.047692613644066004
-0.65033204903241, 0.09161436037864801, 2.2142058928231783, -0.089063077519617, 0.71086174440673, -0.090499404365941
-0.70656256216802, 0.082231104269987, 2.510488760155703, -0.10348184699571, 0.8900634640814, -0.13605115429781
-0.61560142272071, 0.088121344769437, 2.772034266535538, -0.14655856132525, 0.89560106323234, -0.15898088896607
-0.64386518622583, 0.07223332361413601, 2.877162949338566, -0.18102502193054, 0.86795938759521, -0.17298774281461
-0.7294906664831, 0.031420388782516004, 2.887956264520008, -0.20877200131793, 0.91431853927408, -0.16855994007963
-0.68816386504708, 0.034367554040126, 2.6283449588264323, -0.18611178831524, 0.82729945326552, -0.1484774393819
-0.74093366763017, 0.033775851338975, 2.5111907791263173, -0.19172275315262, 0.84564749276836, -0.10736139215411
-0.61951619807728, 0.060869658853208004, 2.3418350695765295, -0.15937842331597, 0.79411292181515, -0.10947814144459
-0.53785932364283, 0.07493801708133001, 2.2538893281562418, -0.12001070319698, 0.7090852626289, -0.10701073649995
-0.52956064754709, 0.085007170926419, 2.152139536481142, -0.12864330600796, 0.72953478863467, -0.085790451096906
-0.51904043761306, 0.050392290019147, 2.1775345516351976, -0.1588869065022, 0.70568592667204, -0.088373757885451
-0.53997775490083, 0.052445180175496, 2.157440482644419, -0.15788607448565, 0.72088274807, -0.098034669724869
-0.58892068852403, 0.06165268174851601, 2.2564010867350683, -0.14443475603809, 0.70256196238488, -0.10121508578668
-0.61729693592024, 0.06515851196899, 2.2545688492163323, -0.14018308659851, 0.73438158471385, -0.10080030481253
-0.5992290041326, 0.066767807976481, 2.2749106325797834, -0.13633724401316, 0.72435618416276, -0.09219124138213201
-0.57054863998238, 0.078601288961887, 2.201758336141145, -0.1414195964356, 0.73053654361449, -0.087824101729393
-0.59695055966537, 0.094023896045101, 2.4025919382613967, -0.13596177277932, 0.78085285734958, -0.067369979940629
-0.51648918749935, 0.12002539856574, 2.4987008241953084, -0.14798353909129, 0.77303653990424, -0.079544713013094
-0.68552103683642, 0.068100978219818, 2.800860734752137, -0.2119669857639, 0.88491190062085, -0.08942371520238701
-0.64083769758981, 0.092670947150677, 2.584940827771641, -0.19590262563047, 0.85497447382815, -0.094541397046493
-0.52728365236404, 0.12243960425951, 2.431111770677356, -0.15573960908247, 0.65351738646577, -0.08825157756071901
-0.43646903648004, 0.13791299284778, 2.34658691963123, -0.12789301184625, 0.67850062587142, -0.088123966125248
-0.43774006220925, 0.15257006361996, 2.2950711602891127, -0.12327757863235, 0.66417694880942, -0.082074395248695
-0.41241159070933, 0.16652379335132, 2.331840659380731, -0.11534207578032, 0.67134548890778, -0.082581030007685
-0.42389985373945, 0.1806416122768, 2.254120912237581, -0.10832472660086, 0.6627150995779, -0.079002325307216
-0.47667320521727, 0.18197484608148, 2.312088034196357, -0.12633773760767, 0.65869195082375, -0.084923093114456
-0.46620670218264, 0.17782684302192, 2.305353547584898, -0.10725460491177, 0.62749518428604, -0.097189087565395
-0.51909130267631, 0.16628965732371, 2.450127700621931, -0.12604158580535, 0.67393986238611, -0.08366300483838501
-0.46653112397313, 0.16990291744364, 2.3625066963319736, -0.11493415551467, 0.64096660955188, -0.074098657642577
-0.48059790088123, 0.17311698737233, 2.3674565407507697, -0.12865855381977, 0.63505187909776, -0.07207340785543301
-0.48728143418393, 0.17106147843118, 2.357903010543837, -0.1235452754274, 0.64668693141409, -0.07806501600620501
-0.47006493609745, 0.15557964255459, 2.4057726355273648, -0.14019705753173, 0.62947437488937, -0.080796597373432
-0.48889005350263, 0.15978366514238, 2.4307647055660473, -0.11803591613602, 0.70994020092441, -0.078214703498027
-0.47387360054478, 0.15127343176628, 2.3822555687732145, -0.1255346745718, 0.65682215941682, -0.079810965089411
-0.50881549874232, 0.15720812184323, 2.4024840514544095, -0.12631558947799, 0.649715768624, -0.079041131202468
-0.50599918297663, 0.1525399756223, 2.4168178844652455, -0.12158992484183, 0.65491968103701, -0.08166373937188101
-0.52575320377357, 0.14160048242496, 2.4582576726496144, -0.14191860805031, 0.66920163860119, -0.066592899086232
-0.47774980656253, 0.16720047718954, 2.565710289433518, -0.12503410163215, 0.67623208452688, -0.08278780287052201
-0.46220921356932, 0.14722243744483, 2.493783808671357, -0.14401626845444, 0.65813643149053, -0.05954966806584001
-0.50074628223506, 0.12935476737203, 2.465930602083123, -0.16193891145867, 0.710549428743, -0.044996701583688
-0.48001593479093, 0.13688902525017, 2.3756688989575374, -0.14201255430576, 0.6600358314784, -0.064957605570618
-0.45968561119689, 0.15214602184112, 2.4004493907277684, -0.12766877687996, 0.6548481880132, -0.07981413736334901
-0.44682301151563, 0.16160080968559, 2.4073136398105737, -0.12474056779041, 0.68452331080731, -0.076772309525849
-0.39406117717523, 0.1884178693992, 2.343529112705877, -0.11649293878702, 0.65291294491048, -0.077421232707785
-0.45053493413755, 0.18176190768199, 2.4048748412279037, -0.12925895811906, 0.69815621491075, -0.076471490018022
-0.38963352622392, 0.20970209938553, 2.339641848198294, -0.10899089209456, 0.66673390320282, -0.076397861324439
-0.41120894969306, 0.21327228479572, 2.377951624846758, -0.10925952299141, 0.62940284455194, -0.07953937940673801
-0.43935067832857, 0.23475307682374, 2.3934327848513552, -0.09744062563351001, 0.66235278866248, -0.073205913515412
-0.45229182436737, 0.23537904165509, 2.3939191452750457, -0.088051086548112, 0.63295819088183, -0.068341420982891
-0.4574515966944, 0.2234658197259, 2.4258296664045838, -0.10321230858896, 0.63985995938215, -0.060632862080166
-0.47636670135639, 0.21703216086004, 2.449995683594751, -0.11269313349981, 0.62355888358388, -0.06953122367731901
-0.47901941974106, 0.2063482341666, 2.558204529031757, -0.10565861980816, 0.64460241896393, -0.05684795472971001
-0.42833017059352, 0.2043692418103, 2.356774060351827, -0.10343980733835, 0.60582564679962, -0.049018646175336
-0.4541637643965, 0.20520309538485, 2.4355811635618747, -0.11224723180669, 0.58231378954893, -0.035640201742338
-0.44902227441199, 0.19827391983896, 2.4394030266395577, -0.10961366532828, 0.62272974985122, -0.04642733734510401
-0.47398257328347, 0.1928753341793, 2.467092399002776, -0.11732534888771, 0.60427646709149, -0.049704866952814
-0.46059134216191, 0.19490035656835, 2.5044687384039306, -0.11361889206693, 0.61209453883097, -0.051509438029616
-0.42296717867272, 0.19262179281787, 2.3929957424144312, -0.11622633231341, 0.56946384504335, -0.04389810871454
-0.4649520313118, 0.19605277990959, 2.462157401327937, -0.11730549166737, 0.58979495115221, -0.045223844445895
-0.44058048758844, 0.18775387294631, 2.456098430213932, -0.11240125519829, 0.58744623331072, -0.046417733528486
-0.46476206186905, 0.1911007615749, 2.4868217970773157, -0.12330368221123, 0.60270020590167, -0.049694457939416
-0.45507824819889, 0.19181204958004, 2.4602705252328083, -0.11731917634639, 0.61688450959102, -0.055569180237356006
-0.45485720880425, 0.1858165702719, 2.440061380141711, -0.11917857761441, 0.58647541545519, -0.05065446520506801
-0.46026043731013, 0.19511251690591, 2.446933412439434, -0.12151263094793, 0.58359785684795, -0.041572986943167
-0.45022900858149, 0.19093867846194, 2.441008374403906, -0.1040126763701, 0.61138096872489, -0.042362278249086005
-0.46864216221046, 0.19084608589005, 2.5218018836637883, -0.11551499178719, 0.62663664153101, -0.034511020834668005
-0.48998308365957, 0.21477064865417, 2.537398418459031, -0.096495723578725, 0.58190353214604, -0.067954420909785
-0.67412625464862, 0.19926157966102, 2.840321050307775, -0.13215946700193, 0.73844853625983, -0.028633454259624002
-0.42643154266765, 0.30482048839733, 2.6578609900549672, -0.048943178405551006, 0.60969949238962, -0.05884022263974
-0.29452825835686, 0.32614555790249, 2.381012895775811, -0.0025379860811963998, 0.49281612688427, -0.07554112011862901
-0.13743609375973, 0.33302013485204, 2.572526040645905, -0.0094642468717168, 0.51293103852607, -0.11979601420082
-0.13742098759979, 0.42763836011586, 2.745714496129783, 0.063682303766847, 0.64692458124282, -0.20512662782978
-0.37755031172984, 0.50485920630818, 2.9991248590560926, 0.043923299431727, 0.69800813366682, -0.12794848938646
-0.25364010276707, 0.47406569069527, 2.7765378542637413, 0.010960870569332001, 0.63144560370536, -0.12550471025065
-0.29307850203886, 0.4569236897771, 2.7760458017723515, -0.012334082793533001, 0.62762852360878, -0.12154433808209
-0.24099513196581, 0.40122921401729, 2.6636995878977885, -0.07205887850681701, 0.61500972385829, -0.138978183769
-0.30535525322345, 0.3527960864057, 2.681435123691, -0.11522344358536, 0.64342802929352, -0.14755254586109
-0.33810857474714, 0.36896454069121, 2.7125119377655587, -0.09843583914541401, 0.67559975104474, -0.12117046358136
-0.26762234611101, 0.37940881612664, 2.6719232336996908, -0.091899284186521, 0.6105118215512, -0.10426547491924
-0.27543224813858, 0.40136013768649, 2.636917357273489, -0.08027785090474701, 0.60566032809157, -0.10368359658378
-0.29258273051923, 0.36460783188658, 2.647410031228751, -0.08755093250368501, 0.59822802082472, -0.118358070364
-0.35354900449965, 0.3514316725956, 2.7053778774917965, -0.09969768876420601, 0.64535136663708, -0.1347106379201
-0.36620643096214, 0.32411462565574, 2.759212688551097, -0.094978034996719, 0.6537158668966, -0.1342521509886
-0.35010307203703, 0.31274343076302, 2.7131719366027234, -0.1350877968652, 0.51284681269856, -0.09766115013314201
-0.39794716837793, 0.32579690447021, 2.7082030480514336, -0.12556756249104, 0.56947597525977, -0.1178088860718
-0.47027471621207, 0.30591670670579, 2.77299722146062, -0.12507431036487, 0.67388013726524, -0.18544624285698
-0.43724045853052, 0.36413911651474, 2.7984546371266523, -0.06257177417885901, 0.6494169924602, -0.18451563673342
-0.36538843711622, 0.32035180519142, 2.7105438727401694, -0.1133629542457, 0.567670033835, -0.17785338628749
-0.39946167552776, 0.31744808367832, 2.898054709631728, -0.19691391737092, 0.62765711658246, -0.26458854140333
-0.55241010343585, 0.33049920452611, 3.043440954520984, -0.1972432146046, 0.85751146862968, -0.26960748942911
-0.47250569676904, 0.33739520570783, 2.9601073871102317, -0.17532469513961, 0.87233602177672, -0.25801334427677
-0.40926117755576, 0.3192995244237, 2.8295974926586127, -0.19294329417639, 0.83150943533699, -0.25549751218261
-0.33975695637943, 0.31828725801635, 2.7244335952312415, -0.21633634343779, 0.70268148974185, -0.23779386806826
-0.42157897208401, 0.32356671506877, 2.88197064341905, -0.18950508743863, 0.69165579244869, -0.20816335208566
-0.35093495538517, 0.3148563249393, 2.7597952748948256, -0.19239007507854, 0.72661971197309, -0.21848861565948
-0.33704266014828, 0.29692345954993, 2.7441472048203153, -0.20800934582006, 0.70170875913221, -0.22405132539761
-0.33768573428246, 0.29073808431113, 2.696231566599909, -0.1982465628221, 0.7330388352487, -0.22512457538081
-0.3650767785689, 0.27879828758706, 2.7298103498902933, -0.23603391279571, 0.69523579886444, -0.22362702316361
-0.38369597092317, 0.28509203733875, 2.7839278631851756, -0.22294918613983, 0.70892225537606, -0.22354585118728
-0.40845816501106, 0.29965074123913, 2.7928181657166045, -0.2110825119645, 0.71033664805632, -0.20871176576325
-0.39502916334791, 0.29519045179274, 2.7403665336229093, -0.20880345800706, 0.68962272741285, -0.18671452026218
-0.330891281658, 0.2558085996489, 2.6244447135073052, -0.24085245105709, 0.60937785795718, -0.16998515007951
-0.35280839498888, 0.26682334925367, 2.6225985522616617, -0.23214859934195, 0.64886922497788, -0.15733994307294
-0.41216734235811, 0.34121403446005, 2.776479142331543, -0.1636555428866, 0.77950166180256, -0.17779897342594
-0.37180533261506, 0.37514824001988, 2.775027897534475, -0.14376863465678, 0.73040107868585, -0.14966217270554
-0.38509650353134, 0.38288737298289, 2.796755876276553, -0.14775147224619, 0.77768539124748, -0.12628965116652
-0.4211140495908, 0.39205877799332, 2.954406991822833, -0.14752042813249, 0.89664526388776, -0.14148245782509
-0.3623444217741, 0.33905211406947, 2.8299967222411078, -0.18195867863466, 0.81132893098692, -0.14367074577117
-0.35614797534746, 0.30239631834862, 2.777126998750501, -0.22749918682508, 0.76569696024878, -0.1426483287487
-0.37529503815855, 0.30361908054471, 2.7836817570225896, -0.2164868511471, 0.73948777489267, -0.13805536872493
-0.40040230172823, 0.31060650062833, 2.9021366023440383, -0.22138728179807, 0.7287199811227, -0.13539761992355
-0.37250548247474, 0.31616850794294, 2.8128408894217443, -0.21051527963158, 0.72603061154427, -0.12954007850033
-0.39309621341971, 0.30866882121494, 2.847546664302785, -0.21668383833703, 0.73368148582571, -0.13663207800413
-0.37398633767115, 0.30070115131659, 2.8164632948840094, -0.22026070072709, 0.72656226492312, -0.13513308250559
-0.42619189348792, 0.31135476909603, 2.930094164083176, -0.22058378103722, 0.59115495944914, -0.10114312530806
-0.45725660631274, 0.3148007952446, 2.962151116388406, -0.20016581619864, 0.73361501061486, -0.12545879550947
-0.3284190505324, 0.28710045837192, 2.7401576423018277, -0.21897232880956, 0.68697717224835, -0.13804617410194
-0.35436177623271, 0.27297698001406, 2.774580910376116, -0.236584350725, 0.70755738086306, -0.14482672033806
-0.37299531596714, 0.28173838426483, 2.775451062426656, -0.22689790473685, 0.70919980973436, -0.1358117636617
-0.36718822421724, 0.28765628955249, 2.788422132801194, -0.22517430297659, 0.66228907404629, -0.13062032275451
-0.37620750668663, 0.29928539034799, 2.789533670070349, -0.21545481199153, 0.6898058871935, -0.12812137612789
-0.3839799286358, 0.29570686824619, 2.786275670424109, -0.21582578705025, 0.70832248264122, -0.14039394460934
-0.3740773652999, 0.28377981047871, 2.8000836252722583, -0.22412814540905, 0.71255360858877, -0.15363249566966
-0.42898550449037, 0.25767047456085, 2.8276146788030214, -0.23184166808519, 0.67895235840703, -0.17203773919451
-0.59452914267341, 0.20805485347057, 3.164854798025309, -0.29383667844418, 0.69552118140303, -0.2279724407012
-0.80864483246594, 0.086713641024607, 3.316021630126423, -0.4364243090741, 1.180693181017243, -0.24161107997835
-0.97227045005986, 0.016462957243123, 3.190105126960851, -0.45996661546497, 1.3096413374593068, -0.19279287798396
-0.81629619093134, 0.025426037133438002, 2.983463756508607, -0.41451584607957, 1.4079409024420282, -0.15381056186054
-0.86173244098513, 0.06581910969676001, 2.8813395062211846, -0.36974691319681, 1.4686875131108998, -0.09718698531234901
-0.75381456215911, 0.08763411695088201, 2.910484009698289, -0.37100080635298, 1.3478657546939763, -0.10591675503321
-0.6997642005595, 0.09534438255148701, 2.8909793994905986, -0.34322650566488, 1.272540593900152, -0.10476644031157
-0.63679413481855, 0.10842630134363, 2.776920191055343, -0.33700369424564, 1.272067046647325, -0.10304337285364
-0.64900136024792, 0.10503820668498, 2.8537431999685925, -0.35399259502579, 1.245169800844513, -0.10817366375237
-0.57141860609608, 0.11992653528484, 2.7637849183065533, -0.33019424441974, 1.1659024738938166, -0.12307514724512
-0.60800119687052, 0.11714948227386, 2.884758775395651, -0.34894215761395, 1.1238918169523284, -0.11305639123888
-0.58528266064754, 0.14683178585122, 2.806757057288526, -0.31292123307185, 1.1153280091794795, -0.10469578582554
-0.5574338025173, 0.16182798186902, 2.7331003922273833, -0.31741121667943, 0.99921335625348, -0.08842015230852801
-0.60416828885601, 0.14109924872175, 2.8334366864115195, -0.32182762535505, 1.0441852217612537, -0.11363379726023
-0.57401741830214, 0.10902643125147, 2.823456801025665, -0.33289025972823, 1.0428638169626547, -0.1332549309711
-0.5137482526563, 0.11091806762208, 2.7280428061313926, -0.33014163796669, 1.0067010097744507, -0.11593217378919
-0.42156614021147, 0.12914009199826, 2.5342107622531573, -0.31843200764471, 0.92678923038568, -0.11016635976176
-0.42600152341497, 0.13972881509763, 2.6437835370454073, -0.31121402766052, 0.90308454886539, -0.10067473069207
-0.53687650835055, 0.14924905120558, 2.7666198539194573, -0.29513581706684, 1.0087704202308803, -0.10270677627422
-0.60792780145637, 0.14641785258043, 2.8761535761748553, -0.30098872394354, 1.0679413377353995, -0.08924904491918301
-0.56552533097798, 0.1684330165857, 2.8150234708169934, -0.31656951540505, 1.0779266953670374, -0.095436479834062
-0.52749983386228, 0.19345329922733, 2.8363531726558344, -0.30558453927162, 1.0439007624814038, -0.10525407935217
-0.5506751321094, 0.16629201457728, 2.9334635199762147, -0.34009599466747, 1.0791729117601685, -0.12108770495698
-0.49251666191815, 0.20458146058749, 2.965454203983269, -0.31686792821742, 1.0513242703558192, -0.12055471324578
-0.37701211618472, 0.2866244052314, 2.973959250224356, -0.23771972898849, 0.99235550400826, -0.12872899995334
-0.31133504655668, 0.29577604077063, 2.8174741777553947, -0.22737446913252, 0.91503463201551, -0.15302071049855
-0.38362372523657, 0.26306308160403, 2.82228093622303, -0.25269637883532, 0.91103024812876, -0.14745114268401
-0.40985168763334, 0.24291144485692, 2.820100803458869, -0.26720462498445, 0.89619113577155, -0.15739369104593
-0.44200244820309, 0.2324974311606, 2.825683647581376, -0.27623798380503, 0.90405022922934, -0.17037370972106
-0.43672524717344, 0.19972850163784, 2.68822666044608, -0.30336082719048, 0.84557849615588, -0.15290652952827
-0.4753366123212, 0.21088747461607, 2.7865303206201326, -0.28426512682874, 0.87153590749524, -0.15258170925094
-0.4809453595883, 0.21529493142583, 2.8313869673287844, -0.28963818297472, 0.89311812768167, -0.15105325742431
-0.53179239861048, 0.21513122624806, 2.8852494868947987, -0.30158389836688, 0.89499903408743, -0.14914016779798
-0.54514837682558, 0.20480103575774, 2.863021068591464, -0.29212337027979, 0.90623673659424, -0.14276394318126
-0.54862118070929, 0.2094810999621, 2.8547690326022797, -0.29175730807235, 0.90064544705277, -0.15147344519202
-0.58802312107915, 0.20915522287661, 2.942592498514264, -0.29327094197975, 0.93747173886224, -0.13601235113088
-0.57305384436243, 0.21209884082633, 2.925843319938482, -0.28284366349141, 0.96274667648098, -0.14742036812091
-0.61444309632596, 0.20512293116365, 2.969487751143476, -0.29739844926674, 0.97083197289399, -0.13547481324045
-0.64142433850144, 0.20974394259676, 2.8718449674938977, -0.26791672873398, 1.0879240216597694, -0.13341299642211
-0.65713483202797, 0.21970939454819, 2.809999033507151, -0.26402122310285, 1.0741129214422058, -0.12281275102361
-0.69183900858536, 0.22599831282114, 2.9351825446866373, -0.2648042485885, 1.0741997209607381, -0.10282226179483
-0.57244125813254, 0.2142400315117, 2.876915096295308, -0.25549055070562, 0.93453842785297, -0.098864902212209
-0.64066572637311, 0.21786825247547, 2.986690732174025, -0.27860464182161, 0.98575982659777, -0.088253066054433
-0.51445583934766, 0.19571647445067, 2.8517753503010104, -0.30381779775103, 0.91393237506698, -0.09874664737245101
-0.52302928176365, 0.20620046163205, 2.8249605094774957, -0.29227416262812, 0.92035752947267, -0.11006728429252
-0.54987235228628, 0.22302260450811, 2.872475890535519, -0.27680324410123, 0.89787915871996, -0.10593868305389
-0.5393966105311, 0.20714081663503, 2.9085125658974316, -0.27850124213277, 0.88977398462871, -0.10547212428193
-0.61565367746462, 0.21996130127625, 2.9516156382595855, -0.28461473478193, 0.93522540055022, -0.09591811685462201
-0.5839267137455, 0.2063202634986, 2.985033703986592, -0.29374424884345, 0.90875562457011, -0.10215731603486
-0.57834657478202, 0.20714028375415, 2.910545133797232, -0.29720945047413, 0.92495317422215, -0.10645720673047
-0.61867076459913, 0.20124231159284, 2.9956254537458067, -0.31040388491198, 0.87767155194035, -0.097357582661449
-0.60226778131088, 0.20369937904255, 3.0624942127368096, -0.30285820112357, 0.89869186119448, -0.097387483808757
-0.61269617701547, 0.2036389604911, 2.9469113159992273, -0.29673755722821, 0.91141330782467, -0.10167676059954
-0.59666038165528, 0.19223205091283, 3.004401730332418, -0.30823254881685, 0.88464444101963, -0.11424328601396
-0.57253349124164, 0.19632488337444, 2.949014526318516, -0.30214829773649, 0.88373996531214, -0.12067847898134
-0.63275880347844, 0.1909473978893, 3.024071557146023, -0.31466397719157, 0.89012854714155, -0.11338159355115
-0.59027421600519, 0.19663144429078, 2.9835080958431703, -0.31188498242221, 0.89663366996288, -0.10931602874441
-0.59875600673183, 0.19997985065146, 2.9670714238782563, -0.30008836137759, 0.87761871200632, -0.1120388872265
-0.62003240457602, 0.19347571528384, 3.0449536918775637, -0.30996211019582, 0.89444364538131, -0.10352680724495
-0.60166100464891, 0.19841995436262, 2.978140321514253, -0.29698480836556, 0.89058506549594, -0.11602477766311
-0.62732695311788, 0.18989640525657, 3.0783264125221765, -0.30805780446223, 0.90015093102442, -0.10585195841392
-0.56396280553076, 0.20005054174375, 2.975345638264751, -0.29884978422934, 0.89491212405582, -0.10174293884173
-0.58801175676726, 0.20216060754483, 2.9669351224392355, -0.30169356843408, 0.88796007686357, -0.09124051463711601
-0.58068152416438, 0.20479915619403, 2.955782262304236, -0.3050310579723, 0.89007124805989, -0.10177516170860999
-0.55804607642243, 0.20128771022595, 2.9479868724784826, -0.30570661250915, 0.85577849968268, -0.11543032936907
-0.60181491520503, 0.1965428339531, 3.023114968128228, -0.30277818834637, 0.8961280545943, -0.1165378483122
-0.52946077578071, 0.22436442095193, 2.8953847756345352, -0.27628021305235, 0.90784105506207, -0.10085516664065
-0.58109502129472, 0.2308421208478, 2.9284074665333253, -0.28409734169214, 0.90723230487667, -0.10228808362706
-0.58344861751906, 0.21212668435484, 2.9236770448361393, -0.29336386954538, 0.90881703999177, -0.10546529132942
-0.5983620221854, 0.21166115564264, 2.9287548462130957, -0.2925370505112, 0.92110946055613, -0.10439300896555
-0.58115282978678, 0.20532692342536, 2.9759814623148833, -0.2976319743204, 0.92086870394146, -0.10689372806584
-0.58514097157762, 0.19937780477987, 2.9474170416921215, -0.305802385765, 0.93792631187143, -0.10333035925239
-0.60753803268748, 0.19861570611498, 2.9752498810410293, -0.31666178377743, 0.93585350609515, -0.09826559727455701
-0.61629062531403, 0.20128454743126, 2.9757105587533097, -0.30686521926385, 0.91361508258646, -0.09317907292101901
