the plane
0.0, 0.0, 0.0, 0.0, 0.0, 0.0
0.031040818561930004, 0.003198654383921, -0.013815424094355001, -0.0004659704910362, -0.032143985472328, -0.010273092812961002
0.036875390821201004, 0.0054850901334451, -0.044779212813789, 0.0048151329232863, -0.055978671252035005, -0.004222572193148
0.025126737160538003, 0.0032016688373041, -0.070865841297076, 0.0079726514261936, -0.066482657014203, 0.0028100449064433
0.023494377304071, -0.0028841628612311, 0.06524132208445, 0.0047309750327729, -0.015147289960965002, -0.0010855167832245999
0.028622498413051003, 0.0026513887759328, -0.10633163839584, 0.015818149056281, -0.011594098661165, -0.0005558274526166
-0.0043184585563119, -0.0039818819042422, -0.10873691849755, 0.004119904083858, -0.011174688246486, 0.0052113389930569
0.015148920915483002, -0.0007302838928111, -0.12584476859953, 0.011704188008159, 0.0030352359907362, 0.0035839653758745
0.028419952990777004, 0.0032690250073599, -0.1396624092007, 0.012381654120436, -0.034437716371982, 0.0002710892463295
-0.013878255135595001, -0.0073254044679589994, -0.045040664694153, 0.0092711485936753, -0.05610083958928701, -0.0050215507032636995
0.022949699443654003, -0.010272080808554001, -0.059216732018826004, 0.0074187726348217, -0.030546912643447003, -0.000601791681721
0.030174999045526004, 0.0028644231377359997, -0.20577398755914, 0.021318039294724003, -0.041890480651872, -0.0073650535109741995
0.06063698439949101, 0.0061807427154669, -0.15617069729992, 0.022559217738586, -0.046426282460018, 0.0022771752064911998
0.057098054850989004, 0.007150712626354, -0.17781895879143, 0.0167935310957, -0.051371175486664006, 0.0053892494766095
0.042354391870313, 0.0003919695522795, -0.17719912100259, 0.018498772768050002, -0.06953560967448101, -0.003275896579545
0.022078159146166003, -0.022230329904369003, -0.045039633439313005, 0.016416525879271, -0.060029633631542005, -0.027573342697534003
0.04412990435964401, -0.010549030808513, -0.10006222170418, 0.02034059141211, -0.06400836967904701, -0.013479573197837002
0.045295585176581006, 0.0062803567528713, -0.17773100133447, 0.030638283237747, -0.083164157758117, -0.0054055374398462
0.055941873448768005, 0.0008915655018564, -0.15871732775777, 0.026784832617948003, -0.05644034715821201, 0.0023806192147447
0.056348824713889, -0.0011139494610792999, -0.18704071969365, 0.020705192618189, -0.07021294918517401, 0.0006390079460137
0.034717479298076004, -0.0076782149723877, -0.16351653851965, 0.011339935295059, -0.082750089879618, -0.0068378792917774
0.039209743713085006, -0.0009622345910663, -0.1724678062569, 0.021477703010014, -0.08521989826865001, 0.0017057336353713999
0.066663657196578, 0.0096185315285485, -0.1088581356731, 0.023038087992119, -0.05861496062316401, -0.0046221440666323
0.034645031872794003, 0.0076656435905871, -0.17739077702607, 0.012117980883265001, -0.069369807508004, -0.010739273356609002
0.010454922924017, 0.037854919997697, -0.16051904111342, -0.024300128147929003, -0.058078350706273006, 0.0079538897493094
0.024629720395067, 0.12885568681099, -0.22715419745812, -0.09407597842633501, -0.026904023426593003, 0.039648997985608
-0.10361069576121, 0.43176381280816, -0.40170671031769, 0.12982726156798, -0.14745709037085, 0.235674634549
-0.2231520296848, 0.47662966431937, -0.6801796656312, 0.30750712976979, -0.19389388566521, 0.25435361914975
-0.0005663893376739, 0.27023726553863, -0.94597161351374, 0.42709634669127, -0.27800268097966, -0.21876883358717
0.23297977736045, -0.046619148016751, -1.1781744867860415, 0.29248934928111, -0.34754955750081, -0.76576676696496
0.20996040201747, -0.24523249021016, -1.217620964824929, 0.18097319459252, -0.38489933053224, -1.0053038162430135
0.2575246150181, -0.29603165078575, -1.144142615663444, 0.07984916666837501, -0.32562036052939, -0.92789142268999
0.21084520451316, -0.15911866371502, -1.0843130676959614, 0.13489086869948, -0.2557663403239, -0.53596065873927
0.16829663744774, 0.031109419315806002, -1.1935267239703764, 0.23948975193821, -0.26329510432597, -0.14623670211173
0.10895897328005, 0.30167709233553, -1.731083672344942, 0.60932939847911, -0.28242242205649, 0.24253870686567
0.0066070986808704, 0.58549730645407, -2.191089972239132, 0.93452161468849, -0.38357007592635, 0.46885279766824
0.12079881890789, 0.68147720569701, -2.4094971887939804, 0.94139131750108, -0.5454807524003, 0.62122178461958
0.20757236760322, 0.44251482489546, -1.8379416606553312, 0.38939949848077, -0.48317227622984, 0.677667012697
0.067918319618762, 0.19989214256846, -1.464392517086376, -0.13248338672527, -0.51427286794715, 0.53204340646285
0.07762350323257401, 0.05250907704258401, -1.5179525138928014, -0.32018706402058, -0.5841971254332, 0.4348756969009
0.038958242918518, -0.018708752715115, -1.6188967710443873, -0.35925844755307, -0.70948783277906, 0.29761034282935
-0.10400607547978, 0.0063771143198386995, -1.829384714788751, -0.013992995667729002, -0.80461410525616, -0.074763367394217
0.05971131311003001, 0.20657665271711, -2.4347864458736175, 0.65008487692863, -1.0048356366936835, -0.51265360914738
0.31836824719044, 0.30780903055069, -2.8271196206412377, 0.58165667929368, -1.2899669596613033, -0.10861217506083
0.3725637559012, -0.014829046201715, -2.6595870965113413, -0.5059655923576, -1.306202866867737, 0.4649845352553
0.24864903933227, -0.12332939699956, -2.564911704928901, -0.77562818168971, -1.175081390628619, 0.54468383781246
0.24753565321369, -0.11802090240082, -2.6207791571983026, -0.96671252755311, -1.209076452467119, 0.63041014779701
0.07468591878205201, -0.055737233693915006, -2.3004915300546243, -0.96288888398174, -1.1087049194266925, 0.7181043503309
0.025612521898568, -0.052399117246817006, -1.838782274510864, -0.40300870079804, -0.83816206569864, 0.030078923662706
-0.013039759283483, -0.14802668497384, -1.7673125827409062, 0.12786038456909, -0.66699905683707, -0.67504483028569
0.050517209926794, -0.14200090483468, -1.7760155961305784, 0.18732763503144, -0.65830788649739, -0.75280827214367
0.023713718265445, -0.051759494385775005, -1.5504365794425004, -0.4466616187171, -0.73579844193977, -0.021727371988567
0.034462344460986005, -0.063677489445956, -2.060423813575549, -0.95286122388897, -0.932106420416, 0.51257674054348
0.063085606116731, -0.11768513578938, -2.124765673843566, -0.96893758905205, -1.002188158658983, 0.52993845219984
0.17450362582035, -0.13681362143873, -1.9238882058422948, -0.88910040580642, -0.93026350521414, 0.44382370961771
0.11456436360034, -0.14464262148343, -1.8185105682331857, -0.83292247987309, -0.92791273964865, 0.34266616245805
0.13157195978052, -0.22847204423277, -1.6117210687425736, -0.6035258338403, -0.81027356955013, -0.13447382167019
0.10759663049724, -0.27413222350728, -1.4156938757099948, -0.37343479754747, -0.65093859731922, -0.41925950330834
0.1461055153962, -0.22984529185436, -1.098690666952427, -0.51710574930097, -0.59566340084743, -0.27170706207137
0.06857464711865101, -0.18406637154474, -0.90870786816794, -0.58460808131114, -0.6123993952817, -0.16226692742781
0.10084064369761, -0.09862722112044701, -0.78451303194686, -0.69984222730997, -0.60547853084305, 0.12811193637237
0.036850183958557006, -0.041470013842262, -0.77254170935324, -0.76289737778653, -0.5983049732511599, 0.31065907154956
0.09988580830851, -0.054028310300974006, -0.84324330912948, -0.74990200825668, -0.6315681024831, 0.26763676974384
0.12482957138566, -0.09144911758680101, -0.7165779804102, -0.64988266426637, -0.54954515154174, 0.20136962952879
0.08887695007707701, -0.12589343447957, -0.61201863324661, -0.58058620792704, -0.55261377480964, 0.10679684151807
0.13528200304105, -0.14723175727226, -0.60708432967551, -0.36716681033958, -0.55052412121323, -0.07897280610757301
0.057849326230441006, -0.18242002959535, -0.67155295773594, -0.17407467236032, -0.54513615126342, -0.16674615768193
0.080082699817278, -0.27316231686354, -0.70355329677955, -0.07668212374672201, -0.59292174784579, -0.19988292847727
0.050048185864964005, -0.34338246645234, -1.0228985931339465, 0.11351351111964, -0.64153819091852, -0.20749714353822
-0.043584836631156004, -0.2974432929832, -1.1736304439197298, -0.137282451394, -0.76988074760826, -0.041655449884389004
0.14254862255373, -0.14248666618875, -1.0527893249139728, -0.70562389611842, -0.69886990370932, 0.24285114169033
0.092725922548422, -0.048320517489609006, -1.377358906813007, -0.97287447373346, -0.7494273288597, 0.46411777059043
0.15219774914291, 0.007324371993704, -1.4030170643687474, -1.0110156850107452, -0.80153954019884, 0.57426415922471
0.18045478004922, 0.029030786956952003, -1.2405578127815764, -0.98346757633386, -0.76522033178944, 0.58824439117892
0.15582740182072, 0.046105980774734004, -1.1789576211040136, -0.94848293470086, -0.75275626690149, 0.59526316517583
0.14178624152162, 0.053381370135689006, -0.95391949624758, -0.84000758197864, -0.71663626649973, 0.44950917064071
0.09595102133236401, -0.0020900374695376, -0.85740094982649, -0.5528882147081, -0.61515554877915, 0.055191223280949005
0.031170269607553, -0.056755173444045, -1.12508808493807, -0.0057362084086074, -0.58036849452401, -0.19821187694884
0.0042537519979665, -0.049560845208813, -1.408196980941345, 0.35092532033348, -0.58012644300861, -0.1982055688571
0.029304903961348, -0.018313151889693003, -1.626655343957849, 0.58059108096972, -0.61958580802232, -0.1763881782563
0.090781452192047, -0.049673465330619004, -1.6422945654409404, 0.65287443407901, -0.68702300523967, -0.18604156790272
0.099693486852548, -0.05407861211227501, -1.676221565348535, 0.69448306742082, -0.7172393609462699, -0.16671969327953
0.16689469712689, -0.020738878619936, -1.7600945255078206, 0.60211215237377, -0.75059133010553, -0.10224124966775
0.08294591190860301, -0.016719657058343003, -1.1588620017419007, -0.19637715078155, -0.57615823568621, 0.21297333481046
0.021150309206761003, 0.030902791962912003, -1.4444518634337469, -0.53071846950408, -0.5963017454896, 0.40844732514162
0.096583736341166, 0.013983001409227001, -1.0874438208273427, -0.3984485908918, -0.57689053781022, 0.30300489890454
-0.015651526940711, -0.013055699635666001, -0.73242345251079, -0.26129201227967, -0.54877936892353, 0.13307991391147
-0.15567754901597, -0.040028937530797004, -0.53711293901485, -0.1703586115415, -0.55333221633075, -0.0049517074934914
-0.047959091301895004, -0.019934670627115, -0.5068290146607, -0.28342635221556, -0.51864187809744, 0.031814317808665005
0.18592969572819, 0.059034014972609, -1.486058279412339, -0.40960698591446, -0.53825528942768, 0.09310403734363501
0.014679765591501002, 0.092388432992865, -2.231795393662743, -0.40902557303239, -0.4384233543685, 0.14037159026434
0.046139350249892006, 0.182627513111, -2.5595660184807025, -0.36923770830847, -0.35453951539032, 0.30385830132638
0.034627020069559006, 0.29611356892541, -2.356214078593485, -0.40544906959361, -0.46780521551458, 1.1986516854660787
0.1710103469155, 0.2873428445705, -2.127318162376608, -0.52550296578652, -0.66925971460697, 1.5702554332548504
0.2757064454422, 0.20602140607988, -2.0774562122152536, -0.33935318881539, -0.64737676034466, 0.86509022978489
0.1964244818231, 0.14111979232239, -1.9254843703335833, -0.034008096927286, -0.55201751957575, 0.19277166791512
0.2674582110058, 0.12812628325377, -2.0372466057358585, -0.11302163145237, -0.65689107739759, 0.22584735778533999
0.2953350297804, 0.1025863941556, -2.173967656070289, -0.22656167614692, -0.84357089993412, 0.76624960809673
0.63197049401784, -0.0053259346079046, -2.780873208873038, -0.55179966712537, -2.0746923395030272, 2.5340719531181124
3.829117670273708, -0.16476086924329, -3.800260344733533, -1.51357943245654, -7.453749097338352, 3.5747615672272066
