the brain
0.0, 0.0, 0.0, 0.0, 0.0, 0.0
-0.027375640273577, 0.010520497168678, 0.07334561987155601, 0.011103769135070002, 0.014878616494818002, -0.0086539806956795
-0.033077088377703005, 0.014667306764785, -0.004889020858903, 0.022259757138811002, 0.044996496019914005, -0.0021889971197068
-0.08250113135117601, 0.023101135828928, 0.097096438857524, 0.022980691375219003, 0.09238690398919101, 0.0061647832496968
-0.028204295150425003, 0.026947896915332004, 0.054494708029336, 0.024903060908891002, 0.06947307332202801, 0.0017328804788529
0.03437873561766, 0.013680420871187001, 0.0048061418815958995, 0.015426057626257001, 0.014482082728310001, -0.013052561736487
0.05552877863081, 0.0042211395925678, -0.079012126141664, -0.0077366188950868, -0.0088390539011488, -0.012873578980663
0.04440951480969001, -0.0040016168281014, 0.039429447820989005, -0.0099223869239011, 0.011173627859855002, -0.010477684532226
0.10683536574024, 0.0044470475601787, -0.19713886335675, 0.017033637541888, -0.011961314680672, -0.015236078075136002
0.10112781721399, 0.019604691989770003, -0.096211456371683, 0.010944339957007, 0.0060465630201151, -0.018641472783163002
0.088825671649674, 0.012207491299959001, -0.07772629715352801, 0.014895041119319, 0.014768091734356002, -0.019260950631404
0.07837065149651101, 0.012460660786373002, -0.031463485667310005, 0.011760203893083, 0.011032286730242001, -0.01920712381184
0.032851993196156004, 0.010091011463147, 0.0062530562686954, 0.0052024478927633, 0.039044551904414006, -0.014912364449617
0.019454875356603, -0.015735089372601003, 0.062275980886949, -0.0026032668399052997, 0.051519850881883, -0.0057516480474369995
0.07425247634789, 0.002994967413993, -0.1896329660542, 0.014688343299075, -0.010135321641799, -0.014620886978973001
0.049218436318821, 0.010868417710578001, -0.11416832017129, 0.014222238392270001, 0.0075610317897059, -0.010593859105088001
0.08683418848398, 0.010945640661717, -0.15035702961089, 0.014632258053195001, -0.0021106618644004998, -0.012819627872586002
0.048793810802611005, -0.0046650748809218, -0.14014377724039, 0.00729510814262, 0.0068987398477654, -0.023623973353474003
0.051407265907316, -0.010368094509112, -0.1622142495342, 0.000926452113492, -0.016292022335986003, -0.014422773548503002
0.07365627739735, -0.016812965041599, -0.16063580726124, -0.0066862551497584, -0.037294994160882, -0.0091985984753192
0.08026395600832101, -0.015308261111609002, -0.25218078543915, 0.006149336800513, -0.046436641744224, -0.0057957929504029995
0.038603122512581, -0.037883946619177, -0.2527603605647, -0.031724308042796, -0.014728301715064002, -0.0018962693898508
-0.046719071045756004, -0.028687388997676002, -0.09618315743408001, -0.0080279605434979, 0.022709930511896, -0.018606667495197002
-0.25064121037743, 0.017931023468131, 0.26390734513385, -0.007053190107886, 0.10809465354385, -0.013096592176665001
-0.19011790210276, -0.034960980839179, 0.45562721366155, -0.02952844000186, -0.026762668527701, -0.025879022356894002
0.15063114055165, -0.0057017463260217, -0.18402719003948, 0.027558468474878, -0.17897122153277, -0.024606389061464003
0.17627268571107, 0.050648749240904005, -0.56045946867237, 0.09072799908846901, -0.17494107589453, -0.035105484926659006
0.17337949295625, 0.02314481837737, -0.43139965573623, 0.05492859177006001, -0.16633102726791, -0.032838999236615
0.20358487155588, -0.010242267618942001, -0.43514240286546, 0.026011921160425003, -0.12881123426071, -0.031416222003943
0.18660640827601, -0.011432320986488002, -0.38768545375702, 0.01875578722546, -0.1045299684135, -0.023395453102768003
0.15699207452062, -0.0088601401622512, -0.37555596501189, 0.020831985493489, -0.11533113814209, -0.024309096530689002
0.12099465569563, -0.0084250879353394, -0.29544926179877, 0.023292052713739003, -0.11833020384542, -0.017656210994165002
0.12959922677799, -0.0011782968273435, -0.3586814162527, 0.033660809233085, -0.11529270786711, -0.015907466708919002
0.10054806090313, -0.0039892748054618, -0.30893969409296, 0.039476721800995006, -0.089698456470301, -0.016774230417106
0.09381283430159801, -0.0067859950532456, -0.27364105041504, 0.032670759246115004, -0.09087237911826, -0.013454739490895
0.1182406390888, -0.0092538438159604, -0.26854090386329, 0.038224112965697006, -0.11030739333664, -0.013649892562743002
0.09243055017456801, -0.0080076802581771, -0.25439650113298, 0.015825513837117, -0.14056408227773, -0.016122429458561002
0.09271028227769101, -0.0059325402651174, -0.30822379593823, 0.036422414514163004, -0.11256087442801, -0.020382914726159003
0.064773573860978, 0.001419347543899, -0.23974936398287, 0.041584172804138, -0.086067222512551, -0.016410018651505
0.075436111280426, -0.0074698644380390995, -0.20637768978029, 0.041879337819397004, -0.07716301105986001, -0.015283323799423001
0.07951175401631001, -0.0078770393399577, -0.17731284031788, 0.028038459644503, -0.07149502607510701, -0.009712255724244499
0.055807894362202, -0.0027516938011808998, -0.1517730997228, 0.017434382840436, -0.07137728186092, -0.0078868992776456
0.044213528730927, -0.0023658371692484997, 0.010766804931116002, 0.022360879225857003, -0.080670780118181, -0.011542119843655002
0.12377645146372, 0.0091238049973321, -0.22047240908033, 0.046340275424372, -0.087940994177285, -0.022267355320844003
0.12439864178119, 0.017426759117757002, -0.21088152651153, 0.04641437478912001, -0.08853508762196101, -0.013895605100825001
0.1111406740077, 0.015508585023073002, -0.22246009541569, 0.039074021378838, -0.07472921796840101, -0.013770196113316
0.062474337999689, 0.012910893293431001, -0.15906663566888, 0.033162678739205004, -0.062029745427512, -0.011357420184617
0.0077879385224524, 0.029542902981488, -0.010855787636577002, 0.038660053415141005, -0.0076762043095672, -0.014680962242449
0.05856712720735101, 0.025311163504261002, -0.026702239706178, 0.030770569138819003, -0.06654282509037801, -0.014970629030841
0.11033259695906, 0.0095831443354263, -0.26113422072203, 0.037359454814048, -0.10324659407307, -0.011219068427547002
0.10789557300215, 0.016694915366206, -0.18076908246952, 0.037229877428159, -0.064650265073927, -0.014135120089077
0.11057354055807, 0.019965343378205002, -0.24497577551913, 0.041721162207815, -0.079864115920857, -0.012289785145612001
0.057220757004759, 0.0086416849486094, -0.17778663420619, 0.029372823144473002, -0.07712989503239201, -0.0079837906809709
0.047716645520967, 0.018056995061301002, -0.09578444821116201, 0.021895502025921002, -0.071043286659371, -0.012705095322051002
0.10723211755671, 0.014887235396820001, -0.28071932219051, 0.032076844700561005, -0.14314860359473, -0.014707446059321002
0.090200346486803, 0.017133412010989002, -0.30190350509967, 0.04303467743225, -0.11609167620004, -0.014591008664949001
0.10062077097262, 0.016299517278537002, -0.20880406070556, 0.027658848381123, -0.097453604827854, -0.014440524786951
0.07854766555105301, 0.014303301406913, -0.19240214513279, 0.041164216745487, -0.08672640621293101, -0.0093783173253859
0.08221599281164, 0.0085086378680629, -0.17882477572307, 0.039693517490706, -0.10101366308664, -0.0080514453749035
0.053299346382330005, 0.013372494048687001, -0.13428944097161, 0.028301233315304004, -0.1115543995884, -0.019906172466885003
0.06950657034502701, 0.013474706199394, -0.12115498620388, 0.044074099229275, -0.11953237245656, -0.016208487513492003
0.087829855839667, 0.016935192129739002, -0.18123215775279, 0.060179332333739004, -0.11266753957194, -0.010136037001125002
0.087291116908343, 0.015118252286308002, -0.1632160335228, 0.047343999038523, -0.11322622495513, -0.014952289038355002
0.076927263987676, 0.018642627367094003, -0.18704921544444, 0.05518825914995801, -0.11713389797764, -0.016058372577618
0.08306889392097701, 0.03398102641284, -0.20495269011858, 0.06486637752272001, -0.11698089711348, -0.013680351140784001
0.07567031207144401, 0.03180958127194, -0.22778877945909, 0.052807512733459, -0.15322344951016, -0.019718111201112002
0.072618405152424, 0.011439712243573001, -0.1565086871789, 0.038297825173273, -0.13734244693996, -0.017490519336412002
0.08674932471647201, 0.020412783262858003, -0.17191214117569, 0.05458276008913401, -0.11828620665121, -0.011044139584440001
0.06935263038627601, 0.025188577001039002, -0.13751111280374, 0.052518321108504004, -0.07579118013663201, -0.010058659948301001
0.08142375426186, 0.03074916104187, -0.15011496819993, 0.045381437928702, -0.082863706523694, -0.018014676254055003
0.057319970657746, 0.026087774889223002, -0.1429179775664, 0.059021095118619006, -0.10522979185985, -0.018099207961965
0.05509088495524601, 0.025447897816237002, -0.074431594796991, 0.042288503262720004, -0.061742022269721, -0.014043973522879002
0.07817009545577801, 0.016889532324764003, 0.047443853790599004, 0.037492378491842004, -0.05536838687343901, -0.011143777083784001
0.080636297132073, 0.039186463641881004, -0.15245675881109, 0.046521011694215006, -0.058224110021536005, -0.025727644254524003
0.099014417624146, 0.036193484900959, -0.13077095408809, 0.049200342869417005, -0.06012410901139201, -0.015262194544395001
0.10677684029844, 0.049513827370522005, -0.18674669184918, 0.056892708756312006, -0.077538544621482, -0.020680110387365003
0.09087161931364501, 0.051294494920163004, -0.13270641511063, 0.059828374264837, -0.075881333419062, -0.016514705373510002
0.013141505139150002, 0.048301836746345, 0.0027383558881817, 0.049640412247956005, 0.012282436716614002, -0.0070507869358866
0.05037098161266201, 0.042664755641704, 0.07202061016651501, 0.040312704370176006, -0.034293037405645, -0.010406315397155001
0.08138481214590501, 0.049462287446899005, -0.17285730013017, 0.052698113745198005, -0.067639331020098, -0.011872139327488
0.08597334296651, 0.04790356080803201, -0.14173082627798, 0.060091751582770005, -0.054591304522479005, -0.0073697673146447
0.12297843705383, 0.040148680261048, -0.19562767038364, 0.048823295216209005, -0.09076340347367201, -0.002319597426795
0.11623595281333, 0.031013931470085004, -0.22453575325258, 0.047012204270961006, -0.10060752365765, -0.0042847608681457995
0.079597941066848, 0.032185575619733, -0.14915886438338, 0.03159421624448, -0.089580413534131, -0.0018248642565652999
0.11544725096076, 0.031811498626475004, -0.25472293127218, 0.032166012125448, -0.11334600209883999, -0.0019472323787725
0.09711175968400101, 0.034682770430747, -0.21412556221138, 0.05626044795697101, -0.088491530308217, -0.0017512181091409
0.081669431391221, 0.036613729261262, -0.18284780896515, 0.04714196773719, -0.072515568118209, -0.0026230074267454997
0.09135215177059, 0.040185238473438, -0.17136650580463, 0.039203595556887, -0.074524914174437, -0.00018096687444359998
0.080680907907795, 0.038051295613664, -0.16982958774683, 0.041940390263627, -0.08042584022087301, -0.0009855816935132
0.092120764331762, 0.040391214210543, -0.21843429974797, 0.035783041169919004, -0.14180626986219, -0.0001278542035315
0.085252490166298, 0.036932692518593005, -0.27309190325869, 0.036324832688078006, -0.10283715389168, 0.0034442323938033
0.0441309812891, 0.040116214685198, -0.12521187292431, 0.054896706614918, -0.078025003176538, -0.0010248275918765999
0.07078726703868, 0.038325525898509, -0.16144042309823, 0.038334414898925, -0.08281439089893901, -0.0020696329432097
0.075240947403044, 0.040038796565971, -0.15829061039017, 0.035616577485549, -0.08696558730937701, -0.0061623037095699
0.075548408540192, 0.035439463759870005, -0.19696126786982, 0.033107610757841, -0.093002880168426, 0.0047955486926789
0.09823301136925301, 0.05008623758966901, -0.25015069818609, 0.04314786872495, -0.15235635954135, 0.0008440362730245
0.075585304961787, 0.057093489064766, -0.31391723395553, 0.044239394041996005, -0.11698203764811, -0.009140979372630099
0.06593800303399701, 0.05734426583449, -0.19075689878737, 0.063927319569475, -0.10100015934925, -0.0062944516392688
0.091872217289161, 0.053764919749138, -0.20143077731562, 0.048650179300931004, -0.10012090755137, -0.0097419333260406
0.12180843875869, 0.050652249703447005, -0.22822843664763, 0.048183923456378, -0.09321966265791601, -0.002428936151958
0.096466245422162, 0.047983161060111, -0.26919245487669, 0.046107842593474, -0.11750640616149, 0.0034372733755939997
0.10043557251293, 0.051457305878975006, -0.32881695193487, 0.059098059465364006, -0.15741294683314, 0.0016506637151479
0.08025662069936501, 0.05041730708273601, -0.35519094872648, 0.046069916521248006, -0.13670476354183, -0.0064797524280436
0.10318801305833, 0.050788316918837006, -0.26078041475146, 0.063207910284389, -0.12875353129425, -0.0015424283873518
0.12382567984338, 0.044829351125706005, -0.25564655986271, 0.055733213636965005, -0.1171102993067, 0.0029388097992489
0.13128748743408, 0.041027118850593, -0.27761001192481, 0.053468739489150006, -0.11083525106556, -0.0017318230785785
0.10163299555497, 0.036031897341553, -0.29393135934354, 0.052288492146363004, -0.12197081863855, 0.0037964660412694
0.078747295748744, 0.034841935900713, -0.28149960094662, 0.051030814366057005, -0.1285708204054, 0.0027900682878348997
0.09133373340734001, 0.033896470316478, -0.1636026642466, 0.044756132045909, -0.11576508191392, -0.0018862062982466
0.16336760522909, 0.046314271405867004, -0.31674479139759, 0.054021023928354006, -0.13503251888958, -0.0033086381728964
0.15788840998107, 0.043955543365788004, -0.25139922226876, 0.045129377578982006, -0.10790253743713, -0.0020884839679046
0.15089429256987, 0.045123927186536, -0.27783981138505, 0.045519002785203, -0.11052046907903, -0.0004696555379528
0.1099435654565, 0.052629762445404, -0.22085339022387, 0.046548353153119004, -0.09767772367794501, -0.00176905038904
0.093040282126992, 0.058132238437382, -0.15394970052196, 0.042536174954274, -0.07215641428276301, -0.0031354063853899997
0.10910658656311, 0.055477763272963006, -0.047367797036254, 0.046180844774256005, -0.08673382943643301, -0.0055804994338946
0.13506950964837, 0.051003887096401, -0.23115327680644, 0.032215028109521, -0.10814526758154, -0.011673287001928
0.12171266124994, 0.04694429085343001, -0.20772136910086, 0.036333402473267, -0.07747940326870101, -0.0059462089942587
0.10515968573151, 0.045351017134800005, -0.21291672737768, 0.03378600825091, -0.084149823312437, 0.0023645556915175
0.08372602908796101, 0.048789590576818004, -0.19311787262638, 0.044800194590998, -0.073174301171782, -0.0006399986738497
0.079325157996986, 0.043364099054199, -0.20597676613853, 0.033225725158712, -0.08966429729260601, 0.0063631473427738
0.089538821140015, 0.033815223900469, -0.12605049567399, 0.017388231442961, -0.11678969463354, 0.0009027618651294
0.13701011325738, 0.040293601386883, -0.24594502896728, 0.029099108704831, -0.10347442894964, 0.0022377979970923
0.11988942105108, 0.040851854484224, -0.19325638224778, 0.034754453163566006, -0.08654154480888, -0.0050028166139536
0.10678849657804, 0.042759571973866005, -0.21569470740681, 0.036882728568201004, -0.09444782061426901, -0.0083700200611786
0.08876600936341501, 0.037685511050724006, -0.22526213900529, 0.026589008760035, -0.095953397354992, -0.0061745330087614
0.1204138206841, 0.032544385835485, -0.23849317748945, 0.022963916482875, -0.14307689053193, 0.0001005679638619
0.11851305430572, 0.029675243825348002, -0.18983804423472, 0.027146760872143003, -0.13287530392488, -0.0029483139519859997
0.14121914160341, 0.033263263462374, -0.28812994819745, 0.036981509561166005, -0.14196874783641, 0.0042157386949549
0.080442461907027, 0.036799488927096, -0.18645363295171, 0.031191207203646, -0.095517297675396, 0.0018951808331103
0.080527868721581, 0.032873128001522, -0.2066949488084, 0.029901484596417, -0.09691638164587901, 0.0012941903089072
0.10333579607121, 0.032573061221431006, -0.20098685292763, 0.028485024769282004, -0.09579469134878, -0.0026285267856489
0.10751476741373, 0.032525352821831, -0.19252372229404, 0.027659073230825, -0.12150272068474, 0.0015795703704985
0.099195025432078, 0.032142673172278, -0.12365191422083, 0.021312345464847, -0.11970278421443, 0.0008574065663919999
0.11421946580607, 0.033586758464271005, -0.22454747419612, 0.03549425801937, -0.11744347626605, 0.0008780681872885
0.046886672927641, 0.042453416091375006, -0.17323283674781, 0.028799064450596, -0.078632934913199, 0.0030896238296929997
0.052064510956249005, 0.040731955614648006, -0.057353236138418, 0.019374250791083, -0.06591465681059501, -0.00153872791979
0.07408969560713201, 0.04378529785969, -0.07784390797266501, 0.026922184684835003, -0.089468024889351, -0.0076749602901180995
0.23277670957724, 0.036727069806063, -0.36347699234059, 0.027045030614580003, -0.20396298644252, -0.018091008152578
0.22235811070805, 0.028267727994303, -0.231387078594, -0.0023385090658696, -0.14935453437954, -0.019953467597275003
0.17800115057923, 0.034644791499847005, -0.23206689209506, 0.02170314992873, -0.13488444785601, -0.016635244657237
0.12915361994395, 0.04738500173152901, -0.2013931155027, 0.023974669866961004, -0.11330889700669, -0.017459718661332002
0.12858183109547, 0.049563554513165006, -0.13482195728774, 0.036142692071331, -0.10415484290936, -0.015335473113798001
0.15064792873063, 0.056160848967583006, -0.21927430843274, 0.04774251150183301, -0.13678212475516, -0.013133537380846001
0.18016623154715, 0.036150026452524006, -0.25084201514677, 0.024616638101333, -0.14689687036001, -0.010978663958971001
0.11756639800081, 0.03439876134987, -0.076097105670294, 0.024101225350223, -0.11258752797205, -0.0073881938044951
0.19841128960161, 0.036149111730086, -0.30388400060214, 0.026528405816918003, -0.19372785202925, -0.014847745822841001
0.17748601837837, 0.034818200065330006, -0.26275064015963, 0.035463211970506, -0.12065349015924, -0.016431531740542002
0.16006864038804, 0.030733247513416002, -0.20447205856084, 0.031170335951226, -0.14741958601073, -0.010863300851030001
0.18873681342894, 0.036185507460639005, -0.25266512844051, 0.036795164751547, -0.1717846908982, -0.013930496698919001
0.19953107987092, 0.029583000354406003, -0.34994463765364, 0.031915081930223, -0.18931522517432, -0.019875337776924
0.15325900505397, 0.020531031810073, -0.14783655845218, 0.016148954474971, -0.1917981683202, -0.016250280809955
0.21754514279485, 0.030089928592603003, -0.30566359627214, 0.041735491627707004, -0.21311121049616, -0.015068117116791001
0.21091430563443, 0.022327214084991002, -0.26603264701068, 0.049281942035421, -0.18602994177063, -0.0046592617042921
0.23880014484472, 0.030093578418816002, -0.36777789654395, 0.052789297972302, -0.21632599963616, -0.0073624397438843
0.24848179279812, 0.029360275066514, -0.39864773070862, 0.049469166521079, -0.2223057135102, -0.0072070086860774995
0.22553544541794, 0.022434147923412, -0.38518069686073, 0.040193281084421, -0.23543888410662, -0.011873873302541001
0.1765686707766, 0.018735992410863, -0.20858412377477, 0.029130129884064004, -0.21033517493546, -0.0031864207283326
0.23361783822913, 0.024905731009270002, -0.39570200386044, 0.051379873963559, -0.21068221757861, 0.0032862978448007
0.18058498325242, 0.027117258297889003, -0.3048898971028, 0.053538074238791006, -0.18106456018016, -0.0048504189556305
0.18921576596139, 0.020287392686008, -0.2944164388448, 0.044196388211812, -0.19276133033324, -0.0072453448448657
0.19139385012236, 0.02016946789691, -0.29552374928108, 0.040358261021594004, -0.20167609810261, -0.0014980081751054999
0.19614126310576, 0.021740342324005003, -0.28967039769506, 0.031462642832582, -0.21699471514695, -0.0017054241768942
0.17623106368738, 0.029831250199433, -0.14899321640107, 0.034344971591342005, -0.17505111292852, 0.0015588248308064999
0.19123339252192, 0.028164047851139, -0.31410814560319, 0.049574784054929, -0.20496526256104, -0.01231308908397
0.18798829390755, 0.032916648721374, -0.27666706672994, 0.041672300427625, -0.18809754868942, -0.015087044060522001
0.18867849181438, 0.037227024332297, -0.25646338860357, 0.037646071484315, -0.18785748381228, -0.015725212068165
0.17409394997842, 0.043149128156736, -0.24461495515398, 0.035860070329733006, -0.17682655184585, -0.012472654787301
0.16968663167868, 0.044242636289029004, -0.2268462025435, 0.033523703959073003, -0.19735541905192, -0.0099439384070368
0.15106322294776, 0.044354252003711, -0.074985664303042, 0.031488545885676004, -0.14765968746744, -0.0009734436641261
0.15581918972958, 0.032013932092142004, -0.26496293075422, 0.03251754114785, -0.18728695545663, -0.010238889526928
0.16410947779673, 0.027980327893948, -0.24962602823296, 0.026338667850107002, -0.17579995339712, -0.012386578859182
0.15672643837946, 0.027814198537927003, -0.23728366901371, 0.021919540204019, -0.17257891361667, -0.012202740835425
0.16333247846948, 0.027242434548693004, -0.22235622020653, 0.032480163124589005, -0.17234545334484, -0.0064637000773947
0.17059944703973, 0.027721264973445, -0.23761639562285, 0.035918653522665, -0.19792838361099999, -0.0015287277790662
0.16677624198055999, 0.030447498914860004, -0.17546239027568, 0.026430728257904, -0.18902398510843, -0.0053471353784836
0.18374764673424, 0.032676511280668, -0.29259109645021, 0.040936828329652, -0.18915974560013, -0.0016042789963351
0.12514306198893, 0.030167482626172002, -0.21871799983164, 0.03972539777701, -0.1618962952373, -0.009338758589003699
0.13666589853388, 0.025485995208641, -0.19126653744655, 0.030288140067076003, -0.15873889892017, -0.0021091699102095
0.13902961707746, 0.02590861453007, -0.20287348153024, 0.034460849163429, -0.16566646530319, 0.0014552265248494
0.13812638756663, 0.020956403588873, -0.22344119790919, 0.033675076507172004, -0.18995593424083, -0.0042951717144521
0.14146425507794, 0.030986769431075003, -0.17542909866683, 0.030748155984702003, -0.19361521178311, -0.0084851062496597
0.14138175433241, 0.025016619241308, -0.21444506938723, 0.027292056640156003, -0.19429161963398, -0.0078921693005098
0.12262317943559, 0.027603780911868003, -0.18714546763424, 0.036627673972743004, -0.18263463940278, -0.0043943600457748
0.13655624560726, 0.029267336660280002, -0.17802579463533, 0.031810311235875, -0.17154320309551999, -0.00209200525221
0.1431430515157, 0.028805777739600004, -0.18802376863339, 0.032098951444565, -0.1746867514365, 0.0051706588094793
0.1416759780302, 0.029307491574948004, -0.19200520307229, 0.031211594437168002, -0.19632988367632, 0.0021545039262191
0.13230772384774, 0.025854345873136002, -0.22611516141475, 0.022666212294186, -0.21595539797998, 0.001354063228929
0.12224259624948, 0.028831543697951004, -0.15503933768733, 0.021608779712953, -0.20923006573671, -0.001375807004558
0.14942470907769, 0.02832309198255, -0.21556473214056, 0.029614500594998, -0.18768088446854, 0.0071414229974965
0.14542632855658, 0.028532547946747002, -0.16623272192819, 0.033536381932537, -0.17058901821864, 0.0055231528579932
0.15398612011281, 0.029146441321325003, -0.19002197671175, 0.037321654749349, -0.17756774775013, 0.0074640689906649
0.11761469560904, 0.024514254311509002, -0.20625245589132, 0.035666201908541, -0.18630127695773, 0.0045235676606473
0.11065192828485, 0.026664404239707003, -0.20761007763301, 0.025250276170132, -0.2021506239061, 0.008116466833329
0.14542625016561, 0.013510567113951, -0.14604449641243, 0.023530375810655, -0.21611067507333, 0.0072539504764626
0.17945150477507, 0.028006640586376003, -0.26620412327562, 0.044710415955768, -0.20640099188134, 0.0056302405281227
0.14822463158933, 0.033399230734984, -0.16430925229764, 0.038474234104275, -0.16845301740471, 0.0039083381287935
0.13935195774882, 0.034360613490836, -0.19882466629574, 0.034030665517637004, -0.17091799304482, -0.0020211344017079
0.12684947575436, 0.031067127614466002, -0.18999394786928, 0.029719379027677004, -0.17862402296502, -0.0042647807903648995
0.152117272657, 0.031109687992039003, -0.20023581849146, 0.031334660146764004, -0.1913766641556, -0.0010459602192036
0.16162474417609, 0.023551824769106004, -0.067499472530963, 0.022534151370849003, -0.17194534852103, -0.0006699692924179999
0.18815645602564, 0.048963057353745, -0.19696256812074, 0.037254431980129, -0.1846023343537, -0.0017009790845504999
0.15900696881938, 0.057976400418838, -0.13865131447367, 0.032450126857632, -0.15250322377836, -0.0027703687548068998
0.14413394818797, 0.056196039398063, -0.14703719407727, 0.040515067580483004, -0.15206307463234, -0.0031953889474960998
0.13755622240606, 0.049697238484985, -0.17525793548514, 0.033838416070602, -0.16216325348329, -0.0022530735780309
0.10816452745669, 0.026224369562251004, -0.21198321594138, 0.013625837566602001, -0.17492892052247, 0.0064883105126734
0.13869165273371, 0.020313930227491003, -0.12346822953568, 0.0079242908967233, -0.18527467423377, 0.0079150780247311
0.18889733940388, 0.030227107709796003, -0.25272757111112, 0.029169251654966002, -0.18742780493394, 0.0032017662700907
0.12892205611389, 0.027722918447345, -0.15866630136554, 0.021790068197116003, -0.15156568626747, 0.0018740147200682
0.14507724063041, 0.034831977449396, -0.20331808932356, 0.038923419824727, -0.16098382618896, 0.00041942912161729997
0.12964506371617, 0.035376928366998, -0.19940202096741, 0.033503486481454, -0.17930259521859, 0.0021263338258006997
0.13778000842136, 0.028942750192535, -0.20501948083532, 0.029015240815323, -0.19935165267599, 0.0021355446949376
0.16871312196968, 0.019404890962335, -0.1056479235627, 0.023007854666147003, -0.20492999938365, 0.0059895406020371
0.17987290010832, 0.033910035916932, -0.25267045976743, 0.045086758540242, -0.1984821201807, 0.0043288892726615
0.15415700780617, 0.034252723340135, -0.19858455707507, 0.040816629252269004, -0.17549704503305, 0.0065412355281397
0.13800044997981, 0.032964267407919, -0.21924796638562, 0.036408094591277, -0.17073793381103, 0.0012595059642131
0.13988013353911, 0.022972891569560002, -0.17295774780755999, 0.039592034062045006, -0.17457474080727, 0.008627340797807399
0.1652756974561, 0.02102872824363, -0.18582454131889, 0.043426054491468004, -0.19389264310215, 0.009149255808291
0.14192754367209, 0.020442156554614, -0.06468797409844801, 0.025448339155666, -0.18453183946328, 0.0066574473756789996
0.16002480710226, 0.029930919202317004, -0.23839441554548, 0.060310417146927, -0.21611824914201, 0.00723843773392
0.12265777177844, 0.035187186172708, -0.24147052790722, 0.059622187950842, -0.19291947713121, 0.0089118705483515
0.13592874552817, 0.030978367090272, -0.18720230453318, 0.049651043620487, -0.18689141551265, 0.012556078716892
0.16814537905849, 0.028870649463347, -0.22418635086973, 0.052753204148740004, -0.19223224559483, 0.013961348712042002
0.1700207310925, 0.025358182245714, -0.21049363786081, 0.043175139422801004, -0.22079587318676, 0.010358048434157
0.1335727625503, 0.024943671036031, -0.1320758800926, 0.038547344268515006, -0.19318168153801, 0.0062272017560276
0.14384129995665, 0.029374919461322, -0.20888063413061, 0.055693192778658, -0.22295099567702, 0.013088698754053002
0.13488518535964, 0.035675058727734, -0.20680331040471, 0.06076195993703801, -0.19144849822072, 0.0080018389426262
0.16576962586784, 0.035001340763806, -0.1753555195452, 0.04411016003621, -0.19590139296883, 0.0037096714808389
0.19573845190665, 0.036504184059922, -0.20482824420394, 0.045555193714442006, -0.19779922401688, 0.0062677089280015995
0.19154006301032, 0.04261906179916, -0.22053739918573, 0.051597705034962006, -0.21738683427381, 0.0028984284665588
0.15391887181572, 0.054848073500063, -0.13019410053226, 0.053698020602660004, -0.18526731596586, 0.0051233040360873
0.20361926856133, 0.047009705240494006, -0.16277352697579, 0.053054569111874006, -0.2101175617694, -0.007061139846926
0.18929242879242, 0.047642063067539, -0.22174748548957, 0.062144805676158, -0.2037653169284, -0.0026715771470009
0.20162627019935, 0.063965587891414, -0.14010964985911, 0.050255345433179006, -0.18413530189413, -0.0099251465037832
0.19748556983627, 0.072658357285691, -0.13471572068034, 0.05433788172317101, -0.1707864348119, -0.0019309710266976
0.17369396124598, 0.052175077780465005, -0.15985636786352, 0.04157038697178601, -0.17727618091062, 0.0022506518865048
0.12262366997452, 0.040519295700939005, -0.14585586463202, 0.029468585480514002, -0.16833754803104, 0.0089466597780619
0.16684463330712, 0.034813174223326006, -0.19182123770472, 0.013247780210884, -0.21692550195397, 0.00382079731846
0.17520366698829, 0.020616542586144003, -0.23796956046649, -0.0030495727527175, -0.20371741717251, 0.0060508031379593
0.19515857726872, 0.025454379843047003, -0.24405931079109, 0.0050911376558421, -0.19688586886263, 0.0057897223112800995
0.1934031139903, 0.026100716439829003, -0.20888073711142, 0.0004279279972226, -0.22117770715197, 0.002748860223512
0.17973483987835, 0.040144778260080005, -0.2419441140437, -0.0070336852921733, -0.23522083512067, 0.0043930093672631
0.18146618450309, 0.053519848593210004, -0.37491398070032, 0.0062794743921047, -0.30043746929547, -0.0045018912139118995
0.184228887318, 0.06809153573750501, -0.33363346105133, 0.013444692624092001, -0.28704174033935, -0.0020615758754569
0.17574391495956, 0.061944178395718, -0.32006357671196, 0.032413653663535005, -0.24611595861896, -0.010710454665631001
0.050577476103649, 0.081427261893039, -0.14438358090316, 0.043433533927630004, -0.16435943120306, -0.012443747677266002
0.11078199757804, 0.0648478545376, -0.15672944472145, 0.025130030342385003, -0.18242200626101, -0.0032663518726257
0.15643250772117, 0.05055796205974, -0.24967539174294, 0.015235167994036002, -0.21530380841357, -0.0070137138057710996
0.15162603608633, 0.042918297545141, -0.23250631072034, 0.016210906408327, -0.24776845949485, -0.009343525295452999
0.08045262865397401, 0.036532477229859, -0.052724426861787, 0.0069117940300363, -0.16764428901693, -0.014982319328164
0.17884251012231, 0.046268372456704, -0.21461150818237, 0.029662704129287003, -0.27688348308135, -0.0086009369088138
0.20535183851614, 0.055583771137115004, -0.34841544095924, 0.050134076110529, -0.28525711771201, -0.0077929044697255
0.26867435796007, 0.05343736102883401, -0.40167410852902, 0.04719236792684801, -0.2973826553727, -0.010450341302791
0.26250804335054, 0.05554077775689, -0.37893708615071, 0.043036717362422004, -0.28621489768678, 0.0026863762161403
0.2078038935279, 0.044360562569669006, -0.31601694995488, 0.039568979440543, -0.28417967756715, 0.0008402460383531
0.13957314326177, 0.054161371532253005, -0.13141984094618, 0.034082672991294, -0.23520366235313, -0.0018326112557534
0.17352013209831, 0.055159005994949, -0.10141379572834, 0.028996472667425003, -0.25517363400977, 0.0047247294917142
0.25338582032936, 0.054112052281678, -0.30861769443134, 0.038861099746563, -0.2742732531446, 0.0012433607671977
0.29763257417694, 0.063124052788394, -0.29788339002956, 0.038550746054166, -0.28750799602325, 0.0009687944047769
0.27497546785171, 0.07777259673811, -0.28064081235262, 0.044787727721284004, -0.26852028898479, -0.0031099176515141
0.25481407446154, 0.08826635919254301, -0.26043514711556, 0.057876769247242006, -0.27257869934582, -0.011128562355887
0.22584451115095, 0.079454888542933, -0.0063236569960506, 0.036541604758661, -0.22602305547038, -0.0011558420940872
0.2795253078779, 0.073352616696209, -0.26530763227791, 0.05581868120721101, -0.30255027654715, -0.014889179837898002
0.26623615877949, 0.078041875474872, -0.25413520982004, 0.043517579065734, -0.27684964395557, -0.0080380007430215
0.28971179905804, 0.08012500547404201, -0.16524655477556, 0.035066582755549004, -0.28227064189767, -0.0060567412042699
0.31565435139212, 0.069609193036301, -0.24848312588393, 0.052991365079113006, -0.28839738526542, -0.0067558356922731
0.27648576418356, 0.06358804778747601, -0.29017088909328, 0.041996690097195005, -0.27919349505411, -0.0050604350332775
0.21579562443387, 0.05561763990967, -0.11754137483928, 0.031106111340234003, -0.24506623048846, 9.05400854998e-05
0.27527009144442, 0.063006062034797, -0.35633301234031, 0.051688875736246004, -0.30192626281381, -0.0019163372894492
0.10217511107076, 0.075273252880102, -0.09540100273999401, 0.030362560213332, -0.14589109404989, 0.0017134573980659
0.056188617658682, 0.064813443565192, 0.25320083796254, 0.023552339769056, -0.17411970787014, 0.0032002010276198
0.17083637106724, 0.069684752428444, 0.13889276840603, 0.038499252402897005, -0.27677019056689, -0.0006513373098813
0.32122031430884, 0.063785386001765, -0.20501457156354, 0.049980694174954, -0.38313474403177, -0.0086923220809052
0.36249584377562, 0.027755240618329003, -0.18132713979051, 0.024871810087792, -0.36258433741215, -0.0095924987968095
0.42793710452958, 0.045952034705618004, -0.39428957735727, 0.05935530361741401, -0.39925366487505, -0.0071212409696935
0.29965644736221, 0.020108883972945, 0.05079553747360101, 0.0069778873485332, -0.24926281833447, -0.0043361120359915
0.20837114393284, 0.16372509639764, 0.58088308673155, 0.08493817960932401, -0.35138716266989, -0.024176140274445
0.23410613371734, 0.18100552008709, 0.22215870239319, 0.157743965066, -0.43574062277009, -0.050172788257466
0.42124695712021, 0.10835253073235, -0.3093910974449, 0.13636046051185, -0.47747102538719, -0.036124695049098
0.52287868561906, 0.13013420477901, -0.40637581614899, 0.1326724438331, -0.48900166602609, -0.048062765449034005
0.45542800785265, 0.1311626880924, -0.39602491297597, 0.12576286758649, -0.44201425265612, -0.036382293177308005
0.25086107039521, 0.14220340250201, -0.094494775112058, 0.10368599501902, -0.35513869132901, -0.040887795056584006
0.18787135300667, 0.15154527081577, 0.030458757888302, 0.11439719411895, -0.46011843422674, -0.040174320198461004
0.31374455170478, 0.15675382349008, -0.012938739202656, 0.1041234074725, -0.46331370737324, -0.043815122826522
0.35106930468407, 0.13821157423892, -0.063992181100857, 0.09642020901751101, -0.46117166792278, -0.050806449887530004
0.52153997767282, 0.14375336358131, -0.32505413295014, 0.11982545642882, -0.58671483613492, -0.048346485297639005
0.55041431930507, 0.19058921481147, -0.58795178640474, 0.18178164465563, -0.59865571533788, -0.048735111910975
0.49541036877051, 0.20831178573258, -0.5151598564465, 0.13722735563108, -0.55418447267781, -0.06145871123159401
0.45182260013745, 0.17073665427169, -0.47506050592483, 0.090896670789398, -0.51236616292404, -0.047734164269572006
0.51872453424, 0.1159067469301, -0.51567818623764, 0.037131327357828, -0.55469476836629, -0.037051797058001004
0.45644348266478, 0.09475627135100201, -0.36553276202028, 0.0074567042010827, -0.50073583643022, -0.052293870981840004
0.38315001460114, 0.16323178058962, -0.30167185992711, 0.07922166035320201, -0.44690174010654, -0.062958308342602
0.38574611575893, 0.19816104667904, -0.27812950772485, 0.1301746188718, -0.46778613977274, -0.06140451671019401
0.38027854007347, 0.19297458799726, -0.27990983376789, 0.12504243510334, -0.45884490957134, -0.041409908954909
0.38803828622443, 0.18358654572523, -0.197815592975, 0.11493390725001, -0.41639806267002, -0.032047689940435005
0.33373841337519, 0.17857518492613, -0.17197498797329, 0.11265745200476, -0.41118843056563, -0.039030837617743
0.33287876324076, 0.16921880425593, -0.081595432092081, 0.11401112385105, -0.43269899633118, -0.046632548725168005
0.37176985804015, 0.1979972564724, -0.24519258842884, 0.13758719019602, -0.44249532280342, -0.044865252639459
0.35494212552048, 0.20767028079874, -0.19205815437679, 0.12835501200598, -0.4300522001751, -0.036137606346838005
0.31498592563409, 0.20904692897035, -0.16349849487987, 0.13450531954297, -0.42170970710801, -0.039918138734676006
0.28830399156385, 0.19449105938845, -0.069863763600731, 0.11852953769955, -0.43123622808638, -0.032060272820739005
0.2926585725388, 0.18033777867301, -0.061485269303955, 0.10394385800324, -0.45198270339977, -0.044451009274667004
0.30677873251827, 0.18777330596004, -0.12653331524735, 0.12055224123698, -0.44353273499916, -0.036943968546407004
0.28161693685439, 0.17662028826844, -0.037906361158183, 0.11002769107252, -0.41555566855328, -0.036035028317961
0.2889168364401, 0.1746024077365, -0.032078280505499004, 0.09679603632543601, -0.41118586214443, -0.031207060400440002
0.30075125897382, 0.1756037368788, -0.024847317874232003, 0.11362524301308, -0.41135780520312, -0.033812743483672004
0.27027296490382, 0.17250433154123, 0.037942290966571, 0.099878548252238, -0.40898243492082, -0.039194895290321004
0.26180435782118, 0.17156668512769, 0.16069767047789, 0.10043439925115, -0.40895546769589, -0.034789224092413
0.33527343254032, 0.17917668214722, -0.15743864161039, 0.11867988531733, -0.45447445501186, -0.022484127288488
0.31932995711838, 0.16363961408845, -0.08733342180640001, 0.09991003322915201, -0.42186941482489, -0.027202295170449003
0.28495911927201, 0.1488248536026, -0.017301610668966003, 0.07208514551861901, -0.37338163340771, -0.038550496113296
0.28701101281399, 0.15382299318905, -0.0003244467767465, 0.09344279177841401, -0.40817523333483, -0.037893517227574
0.30876358705745, 0.16993038875881, -0.11063565851276, 0.08632682196950801, -0.45703930467165, -0.038458420789677004
0.30046451295406, 0.18995401418469, -0.12073566285681, 0.10096595091634, -0.43755884853919, -0.03450689819727
0.26937076547122, 0.16441501361, -0.06228889691365701, 0.07987416162768801, -0.3883408482872, -0.040671486526739006
0.25807444446322, 0.16705739198781, -0.0052348635911644995, 0.09326016156627301, -0.39970967709804, -0.046211568117222004
0.29550418732571, 0.17583080042116, -0.042061316293808, 0.095335871244835, -0.39707505532009, -0.039390571681788
0.29715775429865, 0.17438650952101, -0.076655876981662, 0.099338224976157, -0.39668773945297, -0.037159330309228
0.28248287975592, 0.17012711976276, -0.05435488292207401, 0.098118426031677, -0.40034411815924, -0.023826956055854002
0.26102646750713, 0.16554419915872, 0.060687275576226, 0.085001399543239, -0.38243317104741, -0.025980749712190002
0.28124197286893, 0.17345368939847, -0.07589024894307801, 0.10450357040151, -0.40785897808389, -0.029966175489667003
0.25954218109266, 0.17187442544869, -0.0075995030853802, 0.098267523522354, -0.36859529859646, -0.031672640412829
0.2575203305677, 0.17427014747464, -0.0097312258604189, 0.1038607460209, -0.37555000113398, -0.03280270935083
0.26606970265467, 0.16895412969478, 0.025631574913283002, 0.09202668687915701, -0.37828947243076, -0.028855000521513
0.26509747235588, 0.17232973880087, 0.044334632269426, 0.09343381798752001, -0.39424713938299, -0.032650645108084006
0.25555739534709, 0.16769401342543, 0.16451316212332, 0.099402507440299, -0.3886377604982, -0.035187571648433
0.30375322046625, 0.19517185389293, -0.076870426268986, 0.13539514276122, -0.43877604826646, -0.032518898696634005
0.29684732070463, 0.18894720748803, -0.022996887230914, 0.13081240814658, -0.41379601002198, -0.024800036937525003
0.30498756191137, 0.18886175952578, -0.017744002343815003, 0.12513371182236, -0.42250608625929, -0.030255799815021002
0.31207403791162, 0.18205482228455, -0.0074032777900562, 0.13963551349852, -0.41748072144614, -0.029531460544786003
0.29085215788616, 0.17870804660349, 0.0010047602589957, 0.12716883970468, -0.44256907403938, -0.030731282993731002
0.25634026692265, 0.17468294188873, 0.13164995339708, 0.10145806309911, -0.41684753981786, -0.026785424311032
0.30116129266165, 0.17494815528686, -0.081941213078785, 0.10552838013884, -0.43503131973374, -0.018946966022252
0.31419969926118, 0.16850155906556, -0.034144912727616, 0.10178528676618, -0.39914468069538, -0.030134207665535002
0.29993053819336, 0.17091432721678, 0.0066408466832442, 0.10829711240559, -0.37796790853387, -0.040743956027606006
0.2977200902089, 0.17545238817484, 0.0015535439862493, 0.10033782591942, -0.39420570901798, -0.039005581966697005
0.28254977487136, 0.16897598499536, -0.007912708619005, 0.083689286655261, -0.41989464660855, -0.046530420635701
0.29618215356018, 0.17468968856101, 0.036045914682349, 0.10568164747128, -0.39499644811267, -0.040099310363421
0.30852687255645, 0.16841351279091, -0.02119086003096, 0.097254714952203, -0.39690233552415, -0.042332997266667005
0.27954872884902, 0.16828915432322, 0.0038318739204567, 0.085058862567644, -0.38512012724325, -0.047864165643636006
0.27752785217384, 0.16364806283584, 0.024310795426787, 0.090691131059669, -0.38125208360456, -0.044791424040554
0.26539546977309, 0.16560610661263, 0.045684783064869006, 0.08159086515406401, -0.37962908471587, -0.034046393111758
0.26847456652594, 0.17069707167946999, -0.0033187751513569, 0.09121020163354701, -0.39093883315096, -0.034589387288025006
0.27173629104379, 0.17388106298025, 0.062312127504652, 0.08926836505874501, -0.37143161002371, -0.025545990247149004
0.30680075984763, 0.17837409218059, -0.0006360393677876, 0.10117602759164, -0.40442338524598, -0.03881049146847
0.22497905223394, 0.17787649616039, 0.075162673740473, 0.10524430503978, -0.36439947016953, -0.038527813782784005
0.19693874613188, 0.17853148316696, 0.21474964624018, 0.090728643116223, -0.30266444118194, -0.034209307877234
0.19624289753421, 0.1807014820831, 0.21116385160586, 0.089893958073922, -0.35443671341605, -0.041181418462739004
0.24630087541508, 0.17098296217496, 0.11902753009093, 0.08764137032470301, -0.42126418794524, -0.05760149520942601
0.22887913952433, 0.15642731289061, 0.28257899741336, 0.061127234332810004, -0.41851899019853, -0.06309119406711
0.37477583503352, 0.17695529279359, -0.080246475567674, 0.13150979702126, -0.52996018051902, -0.057717336877953
0.44900134761416, 0.1935376710363, -0.21278169704767, 0.13863065453724, -0.49934924089149, -0.055685949679963
0.45309361566185, 0.19523129851625, -0.19076065591615, 0.14410876563027, -0.48563912104111, -0.051636958939218006
0.39052236126958, 0.17260131883903, -0.07821106613013401, 0.13289871899116, -0.46577750743286, -0.04883674516449701
0.30547074167457, 0.17625960684514, 0.12642984075245, 0.10631511290039, -0.37976707641367, -0.079058259800539
0.27491345786556, 0.1795193115302, 0.30837357689943, 0.11113843790429, -0.40885667331353, -0.08626261602981501
0.41988827897815, 0.22258818096167, -0.098537448599449, 0.16427113312105, -0.51358403738043, -0.088099155173532
0.45754375231689, 0.21306899249036, -0.19541213562649, 0.15827009092077, -0.51867580797973, -0.06639015329824301
0.46347550207484, 0.22654338102714, -0.18297485026177, 0.16790130614023, -0.5242226262115, -0.072724536059018
0.42149179542462, 0.2174574972769, -0.08213035538537601, 0.15362268123058, -0.47009957845239, -0.086075247140451
0.26252978318576, 0.2084092243636, 0.2378344968311, 0.1228893117111, -0.30919283961401, -0.10030350414225
0.27489825719241, 0.20896073871735, 0.30051560369298, 0.14278327632998, -0.3669288155689, -0.09881197803519201
0.31889514444329, 0.2176328360195, 0.060860419173997, 0.15771952001277, -0.41235557552578, -0.10007453536071
0.40033191873488, 0.20162641284875, 0.06975533769402201, 0.14819444873326, -0.44729847191895, -0.09402835800236901
0.42587390458999, 0.21371159233864, 0.045127512612129, 0.15488269512015, -0.45221979029228, -0.09836200056312501
0.3513551116866, 0.21196717153003, 0.07785753346367501, 0.15265275632048, -0.40435126632411, -0.10225966527812
0.21712509855981, 0.23133794445948, 0.32977755392001, 0.17295419299421, -0.35611952792128, -0.11275518702014
0.12751464370601, 0.25190092589534, 0.35661339557952, 0.17218902941044, -0.36265526406224, -0.12041898477345
0.2955439183941, 0.24580520272519, 0.22126250928189, 0.18066262461442, -0.5367169877781099, -0.10654620762902
0.51380271550011, 0.22624800308729, -0.19940951032141, 0.20036007254192, -0.67566293485579, -0.11159710946169
0.6611321320156, 0.21503142796597, -0.39983352651618, 0.19075586104283, -0.716837293089, -0.09713649045997501
0.63565737901382, 0.22787729959667, -0.35965771991108, 0.18948442986165, -0.66726345499516, -0.09447947342455201
0.52741417932588, 0.21934712375509, -0.17948508249189, 0.17960387561574, -0.60496121702788, -0.09126352842715
0.49120953823324, 0.21203958707904, -0.15036389603502, 0.17419509307783, -0.58436328672951, -0.09050861943030701
0.45074378093074, 0.19767165101841, -0.02925269326556, 0.15177581233166, -0.54434623274361, -0.090860812096114
0.47516556301351, 0.20931744302417, -0.11791273688941, 0.17190771637911, -0.57583307912437, -0.081499853598418
0.44860153273596, 0.21004425870668, -0.11252280783661, 0.1780755138745, -0.56476645266492, -0.085213546299698
0.45720598149651, 0.20966975863543, -0.034274505527492005, 0.17272169738233, -0.57263227611913, -0.082138095301531
0.41255063626654, 0.20094625627508, -0.04560806233002, 0.16741008840616, -0.56062595857389, -0.08041385564653801
0.378999764362, 0.22437311947537, 0.049154006579974006, 0.19021413374554, -0.52064061386288, -0.085029983296702
0.35717950109099, 0.23795372652238, 0.16989507321542, 0.20315067764106, -0.49982821635935, -0.10019513844012
0.3993032287053, 0.18748630047006, 0.08368536515670401, 0.15715915418094, -0.54476910334986, -0.09705165628708701
0.4293415763535, 0.17131222017611, 0.017741914796327002, 0.12886374381447, -0.53753330235224, -0.11031574997337
0.39873643503259, 0.19404271828214, 0.06767837179386, 0.14350514225216, -0.50042194738134, -0.11411278375263
0.38996848697509, 0.21208824674839, 0.17833288854148, 0.15004628504264, -0.50084890612949, -0.10118872202727
0.41376237861685, 0.2093937676198, -0.000473456245748, 0.15005911751578, -0.51993054427979, -0.099781096827148
0.38777546451758, 0.19684565168171, 0.026048027959001, 0.15158759328206, -0.49309896137081, -0.1026396805129
0.36933074033789, 0.19536955243302, 0.0008828438181632999, 0.14668621711498, -0.47608514785076, -0.089051248760594
0.41615419580485, 0.18820109798308, -0.0085344884816769, 0.13374091486541, -0.52174855195429, -0.083401598147519
0.39657820061071, 0.19601601890841, 0.0070704097265900994, 0.13065800461723, -0.50057238099683, -0.09636065150254501
0.33704000889444, 0.22332975329052, 0.1603785554836, 0.15355499037701, -0.47898959029011, -0.10766650911287
0.40717338360148, 0.21244352066639, 0.08690867907026101, 0.12703760011686, -0.47920965560761, -0.09977469830428701
0.34603679620079, 0.20868125327824, 0.10949403965453999, 0.12746506657693, -0.45930066369776, -0.09384146355142
0.35212006388223, 0.21464245261428, 0.10271977061835, 0.14184712659823, -0.45567687853298, -0.089240698526398
0.33349535668237, 0.2168602621334, 0.12867221547181, 0.14352189377714, -0.47291660498219, -0.086773588754969
0.31183670452668, 0.21694036075976, 0.16522903770652, 0.13998049460939, -0.46291425966038, -0.09217906623091901
0.32611476967674, 0.2207202484886, 0.25203672943465, 0.13795851940848, -0.47198523457959, -0.093695477564309
0.34753490442119, 0.2362466436964, 0.12944793625355, 0.15070504446196, -0.4784086116076, -0.09428106903390401
0.34661564318365, 0.23101742800075, 0.1813445787852, 0.14159089874497, -0.45895332216683, -0.09862357779520901
0.33633523971475, 0.21934656595106, 0.1735002983736, 0.14839829463448, -0.46979250684258, -0.095484260309026
0.31814677774346, 0.22430426594164, 0.17030176302291, 0.15886066124531, -0.48060713259609, -0.09814749660074101
0.32395022153146, 0.23645661576383, 0.16333990828485, 0.16410033611735, -0.49169430704472, -0.097847596026846
0.31457520984272, 0.22301336937682, 0.14996539235512, 0.15438170762675, -0.48916931391919, -0.10064972854215
0.35353034198822, 0.23082340918118, 0.16408595734453, 0.16494816438158, -0.49208144334617, -0.088612983755965
0.33963375951261, 0.22508124830035, 0.21297424873927, 0.14990009178945, -0.47973295859069, -0.08593425852980201
0.30598363351246, 0.22646283179493, 0.19138214238057, 0.1581393475875, -0.47387340871022, -0.08328512198803001
0.32426753170087, 0.22123803461474, 0.16671122043638, 0.15071530687386, -0.49329360259448, -0.08596914007967901
0.33230414147125, 0.21939680493536, 0.10900537952527, 0.15594393700717, -0.52541248920798, -0.09382191788943
0.3504202018015, 0.20348426137861, 0.1677994350016, 0.15163061317567, -0.51320961499976, -0.09333874390789201
0.36097946993921, 0.21848974637433, 0.15307509913973, 0.17348928343051, -0.48013045691452, -0.08256744511868101
0.29001572928323, 0.21256505989056, 0.22107134382509, 0.15169887836507, -0.4635810969507, -0.08396671532364401
0.31656672139813, 0.22485248494931, 0.17962223602268, 0.17211259898933, -0.47956184457194, -0.083394991537101
0.33872638195825, 0.22392275964488, 0.16016733680623, 0.15318879522927, -0.47596580279291, -0.08449302782477701
0.34275036480021, 0.22398932134837, 0.14795604938918, 0.15251535088369, -0.48860700009237, -0.085599007015906
0.33348134876495, 0.23326415843065, 0.28860987864429, 0.14987893479412, -0.44513504518066, -0.083962281541042
0.34322695166953, 0.2116196917965, 0.11508248047292, 0.13894067103826, -0.46805182033527, -0.092619978154322
0.35451205220128, 0.22344635542303, 0.17211276946894, 0.13926985764279, -0.46551329592937, -0.09366072588386101
0.35418962945309, 0.22388671499064, 0.1606305390023, 0.13416920143641, -0.46051300249748, -0.09905128054726801
0.35692706480675, 0.21934709134432, 0.15986051125073, 0.1406057571525, -0.46330613445441, -0.08635841064277901
0.36443020709511, 0.21748223436572, 0.17682372997513, 0.13748918142080999, -0.46489739901542, -0.083691391242981
0.32803750896988, 0.22608747643682, 0.35395127239993, 0.12742303784463, -0.42090004669989, -0.07911244876245001
0.34630372486818, 0.21113782896605, 0.18827541944315, 0.13089424400533, -0.4473687998152, -0.083296292782481
0.34319383642427, 0.20834864484197, 0.19560781325615, 0.13449190084835, -0.44249347822409, -0.085280397211019
0.348481963892, 0.20882902356571, 0.1675296364411, 0.14847938882464, -0.45303388510803, -0.08476188415777201
0.36281611067143, 0.2252619424565, 0.17112587949734, 0.15930321999906, -0.44109081744159, -0.086563190694043
0.34684992182506, 0.24252646064534, 0.15457605895627, 0.16138228845878, -0.47304752322742, -0.093777522220385
0.32501052546096, 0.21772984986547, 0.22323261962004, 0.13514057889373, -0.47310324206751, -0.09539464801609601
0.35225142215936, 0.24092978093792, 0.10458163271097, 0.17811266480386, -0.47414489959893, -0.08671564786388901
0.33852561570436, 0.2338076858694, 0.20565340850984, 0.16693176062704, -0.45580530920491, -0.082819573398341
0.34135288823816, 0.22926631584559, 0.20599676212327, 0.15477286103426, -0.45381379494941, -0.081880448975076
0.32657450998017, 0.23257816537031, 0.19233090220237, 0.16546092832615, -0.46777924875306, -0.079399502967542
0.3284602310286, 0.23356387086225, 0.16282546750229, 0.15868003904533, -0.49572284089112, -0.087168702652823
0.33265530842532, 0.22242780168512, 0.19750077068486, 0.15209946582974, -0.48779863306132, -0.08193608216548101
0.36256227676172, 0.23333628119703, 0.11401557659056, 0.17651819539313, -0.48558296721251, -0.07897801416219301
0.33216321655369, 0.22966101341987, 0.18912792307467, 0.17570527564213, -0.46908096560729, -0.08206169265395401
0.3252532730847, 0.22462454134968, 0.18934451520545, 0.16747198291043, -0.46871214698271, -0.08337630353826801
0.34606414314734, 0.22075559584796, 0.18425779200708, 0.16873571748182, -0.47192725118485, -0.07779506530193901
0.33869012794196, 0.22361717438797, 0.14075796483656, 0.15911563671503, -0.50724522312392, -0.079821828337375
0.33993304826468, 0.21609576019743, 0.21497011997762, 0.16049871591108, -0.49079911768097, -0.079635509191748
0.37536326772711, 0.2257013236042, 0.085988697850917, 0.1750460430397, -0.49894379278799, -0.07385163414521301
0.34422974613842, 0.22199453081464, 0.17814663788658, 0.17902515439137, -0.46757283764854, -0.074270715054779
0.35747462051199, 0.22036705902428, 0.16691793977706, 0.16498005712362, -0.47182062855159, -0.073464261387007
0.3398034586419, 0.21048799090936, 0.15704371261369, 0.15212152618218, -0.47717564540109, -0.076608743162448
0.3569100496897, 0.20835711347115, 0.13743726552196, 0.13745595382517, -0.48687302128437, -0.075306738605503
0.37724429414811, 0.23263308899406, 0.17558677195092, 0.1582977673857, -0.4885771026326, -0.073176040618967
0.38833938031845, 0.21025275610471, 0.088421232370085, 0.14372765355225, -0.47500042455292, -0.07123327197854
0.35765600012326, 0.219006886053, 0.14914060412375, 0.14866963670232, -0.46007742768157, -0.08104987363860201
0.34986985126333, 0.22644524286717, 0.13269247215676, 0.15488907815516, -0.46073844154841, -0.08190618396166201
0.35820206778739, 0.22880672775311, 0.13032601988605, 0.1496204344563, -0.46930424901664, -0.08039161962579
0.36330225984676, 0.22409070019253, 0.15033323271784, 0.14953288650196, -0.46080105569549, -0.07740700462159
0.35708265134979, 0.21332945113051, 0.2343028728986, 0.13664331491858, -0.45504026195708, -0.07503413015529001
0.38259304838253, 0.20021965319257, 0.12185744933886, 0.13027126965836, -0.45794453091784, -0.070855574654406
0.34572493378098, 0.20938437756509, 0.17147308014195, 0.13377325742466, -0.43697270760533, -0.072821439453192
0.36683470110159, 0.20997416912407, 0.16205007756534, 0.1425268845346, -0.43682968845486, -0.06834401033393901
0.36608206423409, 0.21136422647483, 0.17713977048936, 0.14371039812953, -0.45865302998966, -0.07112111184096401
0.35021727464337, 0.21840955643464, 0.15380149584273, 0.14652015438685, -0.4605504688203, -0.07592008337471101
0.34581756270455, 0.20925311285754, 0.20296568580556, 0.14107522991128, -0.47053329515269, -0.078952594743976
0.38109641327727, 0.22803068204798, 0.06381188684849, 0.16390229954483, -0.48144843014006, -0.073667832806124
0.34847468697261, 0.22914776062996, 0.14906049245977, 0.17051717177338999, -0.45611829992751, -0.07696504327646901
0.35702699379019, 0.22368056751243, 0.13883372610418, 0.15759051439052, -0.45171769831079, -0.078381651682597
0.35096169813488, 0.21479812740068, 0.1580618884171, 0.14763340509373, -0.46373040762628, -0.075067110181407
0.35247658026379, 0.21504847666693, 0.12372393781375, 0.1468555605832, -0.49141714144523, -0.07477808920063901
0.3586585315519, 0.21825536755312, 0.12703381719912, 0.14819388192082, -0.51635458537876, -0.07154607855768101
0.35474457963299, 0.21555868538811, 0.080946190565489, 0.16180837893054, -0.48765257716456, -0.06857027231658501
0.34032339708663, 0.21809591759747, 0.13472276883133, 0.17318694753917, -0.46944293626088, -0.067133162519999
0.3584982183759, 0.21483348782034, 0.14956925375312, 0.15399688327059, -0.4716574249652, -0.06916180846274801
0.35343182048381, 0.21077552525848, 0.14422615741618, 0.15596643397971, -0.46942295655827, -0.06765891982139001
0.3652719060137, 0.20485185803578, 0.11503656555768, 0.1499620272508, -0.49449625549924, -0.065237138699008
0.34643484671094, 0.20934953721658, 0.08773814879036501, 0.15174546906405, -0.51463471804991, -0.06768524179671201
0.35659751580603, 0.20172446895476, 0.12301840071544, 0.1487566466419, -0.49806797037841, -0.071027771361288
0.3629485113007, 0.20541577948701, 0.1279438690428, 0.15551240862222, -0.47815077719008, -0.06720550038646
0.35391947934266, 0.2060116904303, 0.16889577705373, 0.15545119663154, -0.47211009494907, -0.06966521718075401
0.34207124352886, 0.20379412745984, 0.13342749190319, 0.15892746026942, -0.47647946002235, -0.06713217088114
0.35058587071304, 0.20056110317755, 0.10414601535786, 0.14720442107343, -0.50907837477794, -0.06549987895064101
0.34648812392408, 0.19982896083388, 0.10828644727857, 0.14297777263628, -0.51349272376617, -0.070057858341799
0.34694576799154, 0.21197162264367, 0.23370763518822, 0.1488534947714, -0.4836535898641, -0.06664169011630401
0.38617214651337, 0.19579253688058, 0.07580769333031201, 0.138010219194, -0.48662962751411, -0.07043410061907801
0.35050557837683, 0.19623182415771, 0.11628153063624, 0.12522801488567, -0.46841317940594, -0.077643229862285
0.36391017224983, 0.20018259418292, 0.11395698816362, 0.12739438057205, -0.46644489901084, -0.08284873289281401
0.3688707526613, 0.20509184263645, 0.13361568908425, 0.12833406843773, -0.47936339776582, -0.073235279986865
0.35802572711575, 0.19942099656907, 0.12790801903842, 0.12800695016511, -0.49753669173808, -0.072767271777172
0.35096418005227, 0.19589886518149, 0.21515475824541, 0.12643310924277, -0.46547691681599, -0.059163011733479
0.34109540432696, 0.16381863343114, 0.098513398425322, 0.10230158095206, -0.45945059135864, -0.06110966279783701
0.34249186896004, 0.16553477550775, 0.12554210558465, 0.11166864641886, -0.46175914315334, -0.06177404094470001
0.3521180753362, 0.18050571792263, 0.13298751174311, 0.12033206393202, -0.47241780028009, -0.066489369623971
0.34332676508859, 0.17343205733749, 0.08997734757353501, 0.11063301748318, -0.47636211873884, -0.06048331541095601
0.34201139201943, 0.17431434574451, 0.089919577423164, 0.11404528599074, -0.49549677286343, -0.060234850728638004
0.3419483844083, 0.1870871246407, 0.09018817046061, 0.13057005189945, -0.52362317760863, -0.065270770083762
0.35146434340932, 0.1852294265875, 0.025449423580541003, 0.13704471890157, -0.5068822498012, -0.06709921133125
0.34802892286831, 0.18518373119805, 0.07474719437544501, 0.1476842029411, -0.47444223210384, -0.05999011344947001
0.32558318954936, 0.18296373215369, 0.1133011601154, 0.13813903010668, -0.48101717468336, -0.06460010628047601
0.33674629739169, 0.17934226386579, 0.10670484484068, 0.13342094810304, -0.47889788142917, -0.060780674741192
0.33584598094814, 0.18045865978085, 0.085941057014739, 0.12990330395366, -0.50171763590801, -0.05598068975761
0.33781904287272, 0.18271140712911, 0.06541584428043501, 0.13351357803209, -0.50303595221577, -0.059785248564262004
0.33633155258698, 0.17041651282785, 0.13387057540824, 0.12765683028318, -0.52938793786638, -0.06536267528164101
0.37657677089213, 0.17996374689706, 0.054558317293959005, 0.14934840151247, -0.51403682097024, -0.062375119090722006
0.34239305562465, 0.1827751977747, 0.09793518280253101, 0.14765312892301, -0.48611299734585, -0.057709776601861
0.34492850055536, 0.18445428300998, 0.05310354375369, 0.14066512917387, -0.48722459737116, -0.056997373115566005
0.32740453042531, 0.17679385030323, 0.062764999877709, 0.13195195938806, -0.48659824861156, -0.061055594256401
0.34127856884809, 0.18036821272144, 0.045091868459375004, 0.1450791926275, -0.51979594818226, -0.058269631583859005
0.35611743674729, 0.16992966966832, 0.10492117282222, 0.13026529844667, -0.51944674881942, -0.060274374197253004
0.3714600387117, 0.17743257515368, 0.031833258498177, 0.15651606679451, -0.51788638878273, -0.047000689007893004
0.34007970748593, 0.17583564247598, 0.11400687568745, 0.1508160047291, -0.49306373456371, -0.05508287900029601
0.33619618479507, 0.17413706110762, 0.10143012360343, 0.14568897697547, -0.4941064933117, -0.055985709678033006
0.34647924714652, 0.17502688179839, 0.09368535720109401, 0.14987582820005, -0.50630496098776, -0.052509870299079005
0.34791702303446, 0.16880067970242, 0.059465721494721006, 0.13780228264, -0.52207118887534, -0.050026894965932
0.3395060342996, 0.16713706419377, 0.19663869915921, 0.12689761830535, -0.50738711553774, -0.05381336946746
0.36920953779771, 0.17673617197759, 0.08779903222684, 0.14649756049548, -0.51602523482924, -0.055531734784213006
0.36633388981036, 0.1829318201527, 0.060674373971093, 0.14164206626248, -0.49415275702459, -0.058571181729680004
0.39835780925048, 0.17809240545141, 0.06270033128346, 0.13887364436897, -0.4938098068076, -0.059775525526257006
0.38621959861599, 0.17089072971991, 0.07390057515703301, 0.13122101211503, -0.50203848215181, -0.056661756827504
0.38804085574392, 0.16549815347702, 0.077608244184473, 0.12499011823728, -0.51778101072035, -0.055421935194091006
0.36264602134181, 0.18973061375016, 0.196049257044, 0.13137203832351, -0.48177537163277, -0.054568300710411
0.3717887113304, 0.16851939132895, 0.093899970162529, 0.1070475873551, -0.49914121841841, -0.06144597224864701
0.37016824796904, 0.16696158762897, 0.087184799234634, 0.10883330406892, -0.492413167752, -0.056771209316783006
0.39333061785127, 0.1751596385383, 0.11506690915774, 0.11452758469653, -0.48198785180243, -0.057005400993308
0.39112113706194, 0.16946592908298, 0.11862661026961, 0.11645856398531, -0.4766304347684, -0.051955005436066
0.37747561102583, 0.15939979225221, 0.10761836322097, 0.11037233710581, -0.49355920415893, -0.053916570320257005
0.33128764031896, 0.16257383009926, 0.20791102820722, 0.11266720337346, -0.4573574701672, -0.056253056901933
0.36159093216795, 0.15632685623476, 0.096762625914589, 0.11031358764728, -0.48555978108168, -0.05470483565202001
0.37238660419353, 0.16162507459247, 0.079252289592443, 0.12225557469774, -0.48365049042929, -0.05143962702587301
0.38564727017991, 0.16608319599042, 0.10969989737784, 0.11782682918077, -0.48081846146965, -0.054497011637067
0.37256024108063, 0.16127517980473, 0.10152270831382999, 0.12333172663325, -0.48493748996489, -0.050159421678982005
0.37855122931835, 0.15949522375001, 0.07914350637257, 0.12688003668561, -0.49846785529395, -0.053905221755861
0.36682917391332, 0.16775502018019, 0.04080183148351001, 0.12755761303874, -0.51423950045253, -0.054213862064701
0.37072473255037, 0.1518558128357, 0.06686873313520701, 0.11873126941796, -0.52808936482802, -0.05655103341364601
0.38392606230415, 0.15873293113462, 0.06405376966742, 0.12780333792051, -0.50875444591651, -0.045370806262488
0.36238969636569, 0.16261222358712, 0.13663193827752, 0.13026746776836, -0.47675051751598, -0.049700366453734005
0.355555572833, 0.15946577632772, 0.10750836609012, 0.12431722309479, -0.48890203646988, -0.042759467837567004
0.34730004991622, 0.15446510990001, 0.089172390548526, 0.12326651627187, -0.49499371849664, -0.049552372553628
0.35576659681849, 0.15803005111069, 0.076119902675474, 0.11994024400139, -0.52148051944573, -0.04763031938901301
0.36531903263619, 0.16126352873174, 0.14183668707481, 0.11769747507618, -0.53332377445526, -0.052702101129032
0.34077100863327, 0.15843689873221, 0.045778487808779, 0.12775827407876, -0.51767084619319, -0.04611714055330501
0.35446717203388, 0.16196476975255, 0.081086906236859, 0.13904759977592, -0.50802030065918, -0.049153956851981005
0.35678036426833, 0.1541692489036, 0.12658794073404, 0.12920480708155, -0.50210644154871, -0.047485238803245004
0.36888431084313, 0.15658616355102, 0.10747621471038, 0.13340035467397, -0.50372234905276, -0.04827472503025201
0.38212030575828, 0.15217799733603, 0.035672146476584, 0.12358312403162, -0.53321917680468, -0.041559643826139005
0.35620199657829, 0.15559054208961, 0.027941580979285, 0.12954385980929, -0.55801374912431, -0.052394253914695
0.35809072628795, 0.15795968173981, 0.093543904956723, 0.12183259045445, -0.5382830856597, -0.04808384354792
0.36603745805706, 0.16081956767925, 0.047235269186309006, 0.13289927063335, -0.51898693326245, -0.044626330147419006
0.34892739004455, 0.16416242379438, 0.091279604108308, 0.1321446760204, -0.49758931242663, -0.043714881875360004
0.35077672242998, 0.17052118724905, 0.08806246916858501, 0.131154386203, -0.49670560590788, -0.048016712378244
0.36332718315639, 0.16247213661246, 0.07255762533336, 0.12580712194019, -0.511380206307, -0.051913292329709
0.35714861956711, 0.16465669263952, 0.064151791856283, 0.11925246347404, -0.53125400727183, -0.05483394248119
0.35669860965525, 0.16581547509603, 0.1832277000951, 0.12260396743826, -0.4964285143266, -0.050651335288727006
0.37059509102853, 0.17127937974767, 0.07564808795872001, 0.11690790023998, -0.5009973771739, -0.054722386651389
0.34860662964261, 0.16934785889987, 0.094323123285363, 0.11497446280777, -0.49389453353468, -0.056274049370005005
0.36391852798657, 0.17632877697066, 0.10315449293029, 0.12190146501556, -0.49470141671204, -0.060514061366365
0.37581069869151, 0.16588013568675, 0.11317788878085, 0.1181532787678, -0.49485383902692, -0.056427765926192
0.37548179588868, 0.16320469550189, 0.094040154026477, 0.10868767673213, -0.50655417588661, -0.056828789340658006
0.37606881252087, 0.15885932490995, 0.12665743270129, 0.1044309395789, -0.48061978030095, -0.048611848021061006
0.35603176616877, 0.1521292148816, 0.020873330148461003, 0.10080872222143, -0.49336068566027, -0.055876375938529003
0.33331128116019, 0.16209692372866, 0.09918939895445801, 0.11817796719502, -0.49238908063746, -0.045023140281786
0.34721361731445, 0.16529982939848, 0.10198033213982, 0.11313828021638, -0.48407311428844, -0.057821725872016005
0.32892284027911, 0.15703516956747, 0.11990050407721, 0.11010408386801, -0.48574062801991, -0.051228279069204005
0.35416918537556, 0.1608250891866, 0.08807512110995001, 0.11335073231437, -0.49780790421716, -0.057110961484086
0.32667812591776, 0.16081554601354, 0.16495127544725, 0.10891214412065, -0.50250009906005, -0.060005991751583006
0.33813761268271, 0.16540999141656, 0.032475110631232006, 0.13451247961749, -0.54103088542353, -0.049683073650018006
0.35538979187034, 0.17455058292686, 0.050269975556692006, 0.14332508966952, -0.51377923283898, -0.050486999973970006
0.33813164832903, 0.16956053927214, 0.09038139822062101, 0.13095444973966, -0.50133219616017, -0.052751360106055
0.37152648335244, 0.16402355599838, 0.086956151349975, 0.12095343614263, -0.50074246553085, -0.049593181877492
0.37173509275118, 0.16155353540181, 0.07787037811101401, 0.12253185336303, -0.5268429292867, -0.049397292953615
0.34644417832159, 0.15949208646052, 0.12219514983948, 0.11818634490033, -0.53651227842864, -0.051462209387413006
0.3635872013853, 0.16435457041216, 0.040192245628348, 0.13570411271996, -0.54801569344475, -0.049447841722377005
0.34712258466452, 0.17023822513367, 0.061019290222790006, 0.14594257929853, -0.51324000524782, -0.047534992907863005
0.3314563039698, 0.16684971664762, 0.10306026667881, 0.13547345799072, -0.49451177617902, -0.050440860202615005
0.34266048047917, 0.15986664470789, 0.13188107371314, 0.12282812552445, -0.50310565508723, -0.050412979180947004
0.3651489558576, 0.16290286776305, 0.08744969024131401, 0.13470240249926, -0.53282295339189, -0.053219853025627005
0.3331928558, 0.16884519317198, 0.1570996317771, 0.12106359699509, -0.52907770810721, -0.056455457264087
0.35352944713151, 0.17262292151852, 0.077615666119104, 0.1315322622921, -0.55267659724941, -0.048701760151757006
0.36845964289073, 0.17394588503157, 0.02872550316442, 0.14131691241785, -0.52413751000781, -0.044628692811248004
0.41575932797436, 0.17461235304203, 0.041164578974853004, 0.14330152607089, -0.51641988126002, -0.05784652432038501
0.42167897503516, 0.16594952606805, 0.025856116140471, 0.13898748516151, -0.50675459644149, -0.055597363136185005
0.40716505542785, 0.16880151953958, 0.062514415112059, 0.12132459829105, -0.54043027956786, -0.05553962262559901
0.37539220243571, 0.1751628498215, 0.16398993743073, 0.12777739852313, -0.49141499693467, -0.05600274738360501
0.37894753043912, 0.17124014670734, 0.14231527489946, 0.12277226838518, -0.52513261418023, -0.05899130807173401
0.37196624217135, 0.17766445259742, 0.1303382442581, 0.12655023887796, -0.51107482300249, -0.063730151637715
0.38826000152407, 0.19241736083138, 0.15986566356385, 0.13102268383821, -0.50170644684412, -0.05726877958165601
0.39315557434871, 0.17209764061082, 0.12041927178465, 0.13615563383579, -0.49090506349325, -0.054700491630255005
0.3768448959679, 0.16753296426503, 0.12254315986426, 0.12658131011911, -0.49935020669184, -0.048313419662766005
0.34776517258542, 0.17622664140172, 0.16766231909272, 0.12602881039931, -0.49191324550908, -0.055027905117629006
0.36345346566869, 0.16775179172937, 0.13921600936068, 0.12026168333592, -0.54136532924979, -0.06749021068324601
0.38430609946216, 0.17414771137682, 0.08330212166478401, 0.13562638566667, -0.52800585403338, -0.058458280471276006
0.40053193324093, 0.17438139123755, 0.1283787374305, 0.12433357553635, -0.5085783220028, -0.056705149438736
0.40396745845676, 0.18106705805031, 0.09029100036836901, 0.14119373738157, -0.52035070098273, -0.055642390082181005
0.39373413304393, 0.18539261722432, 0.062822236141685, 0.14517001217827, -0.53053072424332, -0.052830686633897006
0.37456769716585, 0.17975418022157, 0.08917675040341201, 0.12772446308178, -0.5411312687358, -0.058008382773416
0.36845366443034, 0.17166699785961, 0.16461521524663, 0.12846128928271, -0.56908199285715, -0.055303835837835005
0.41436798228705, 0.17406165820537, 0.0051028904174238, 0.13401574628318, -0.5602521396895, -0.051765562708858
0.39783265628549, 0.18027362794193, 0.10552936170038, 0.13801418072561, -0.53302873367566, -0.054727298547413004
0.37282218552389, 0.17741687710378, 0.094721538036828, 0.12962677483077, -0.53379061031456, -0.05596498386945
0.39398762915598, 0.16978481248109, 0.069256737521577, 0.12451394235012, -0.54436758003495, -0.05793728797197101
0.38752493004037, 0.16903971161042, 0.080722712264953, 0.12059795186333, -0.56935514438052, -0.057220653205133004
0.40144984564143, 0.17106075244896, 0.13835295649064, 0.11283177847635, -0.57180835537043, -0.055354656800549004
0.37544972635334, 0.16485258761381, 0.057691229418447, 0.12903853160612, -0.5492972722075, -0.053452500537585004
0.35058190047108, 0.16858657409223, 0.11098506206708, 0.13161639966256, -0.53116548807261, -0.054440383840084004
0.36261500788599, 0.17343342034137, 0.14445796253344, 0.12889237349514, -0.54120543617302, -0.055741712180696006
0.38483641075406, 0.17411019850012, 0.13148857590526, 0.1207005025, -0.54566526475786, -0.05482639197748
0.3799692773076, 0.17112186393456, 0.12753830682522, 0.12258359770416, -0.55310794607263, -0.05981064287068601
0.36725185634936, 0.17722169143612, 0.16704299695604, 0.11975188075369, -0.54582869559382, -0.060191774444787
0.35372599166792, 0.17254615582389, 0.28217707540533, 0.11696352098839, -0.52963192152122, -0.059130917239340004
0.42782876016179, 0.18293736866363, 0.07136764007886301, 0.13890568852235, -0.57670057207855, -0.058529653387121
0.41133088540898, 0.18025506896329, 0.075971858431089, 0.1348564349963, -0.55207703066385, -0.063596058191016
0.4179953077995, 0.18657577124821, 0.088563070830803, 0.12024227455863, -0.5506844792232, -0.06371860880274201
0.40479952094738, 0.18265425173708, 0.10946177098085, 0.1122896119945, -0.5516342098808, -0.07139479101467701
0.4001061203955, 0.17902492382138, 0.10982157990871, 0.10503337866416, -0.56358913766288, -0.06471317371151
0.34988462760192, 0.19736555316367, 0.19847141654085, 0.1128265452902, -0.51582872471065, -0.054634512883283005
0.36596153728559, 0.18277533570754, 0.16367135567329, 0.10577442231858, -0.54085381323643, -0.06097792904114101
0.37812911603817, 0.17583992272745, 0.14609483834839, 0.11268342800137, -0.53239347471997, -0.058696835540865
0.39603379099714, 0.16926596143712, 0.15498316578393, 0.10949321042003, -0.53183261299049, -0.06575320379603701
0.41324497083868, 0.16210523820212, 0.14994846780692, 0.10799070571859, -0.5291220043295, -0.05921351884845501
0.40427582847597, 0.16931386936955, 0.13163350901965, 0.11575798088422, -0.52210966730109, -0.051165676797605
0.3357618419878, 0.17838060571241, 0.1712884031389, 0.11938772143877, -0.53406351816209, -0.062938457048396
0.37562682073008, 0.17008475557448, 0.18846295673538, 0.12060825501297, -0.56580131681114, -0.06306607620665601
0.39279614768571, 0.17885975197908, 0.10608441519061, 0.13838265464178, -0.56146383993999, -0.05532314002754601
0.3945056378379, 0.17440868959923, 0.17515157211132, 0.12334683729693, -0.53764710417192, -0.06429308318080601
0.39750121785074, 0.17412226703811, 0.16421201722697, 0.12631373730418, -0.53706281997217, -0.05295890706354701
0.38779994226855, 0.17312575525023, 0.14614458301178, 0.12655958133521, -0.55499357617655, -0.05588131404186
0.37386314429414, 0.17072215175056, 0.14577639249641, 0.11956457231123, -0.55341585832683, -0.06535065633944101
0.37692803276322, 0.15735769461323, 0.22154269838774, 0.11182405084042, -0.5613330723546, -0.069777368678997
0.40794165295372997, 0.17375386243442, 0.10257496903828, 0.14001234841891, -0.56424135359565, -0.059278827912713
0.3883991206939, 0.17415846929813, 0.16079412892892, 0.13808158718062, -0.54433459037043, -0.056976354089417
0.377207125451, 0.18134051241083, 0.12304955187355, 0.13921873674154, -0.55773652670414, -0.056676768101504
0.38107983199114, 0.17464740777562, 0.12537834539154, 0.13107896314778, -0.5600988660012, -0.059040524381269006
0.3791432811077, 0.17395221046654, 0.13667732135023, 0.12571951110518, -0.58353761619001, -0.06186090330757801
0.38982869932765, 0.16696072931546, 0.2316884911683, 0.11638244503152, -0.55929001825642, -0.06052348668592201
0.39225272955879, 0.167844519177, 0.09653778100985601, 0.12883533820056, -0.57185396367144, -0.062560936158166
0.36871721389404, 0.17043933910035, 0.13807740743317, 0.13231371584017, -0.55363035444885, -0.058180406298602
0.35032981483587, 0.16901746164472, 0.15271655736644, 0.12114814391595, -0.5607651648977, -0.06657943302330101
0.3769564962694, 0.16581149463908, 0.15276453411594, 0.1255309303426, -0.55528065523536, -0.068568832300514
0.38575337193716, 0.17142357789543, 0.18275718111268, 0.11525490320681, -0.55248710634607, -0.06622201235635501
0.36136546307163, 0.18203362606381, 0.34705525401646, 0.11279079730265, -0.53303827094024, -0.07163049126871901
0.42307281225026, 0.17803672785519, 0.10007860625797, 0.11877351240917, -0.59136548609705, -0.069488534963023
0.41363241367071, 0.17803643257145, 0.072094299082693, 0.10716813567652, -0.5763077941604, -0.070912550661305
0.39151746719599, 0.18251556622597, 0.12431004439037, 0.10700226332627, -0.55603026110779, -0.072951325625234
0.41124287674911, 0.18291457148215, 0.13456412147922, 0.10104751537063, -0.54956033079507, -0.07065650845971301
0.41013344356102, 0.17753942862306, 0.14181303856164, 0.1031060977848, -0.56268109800612, -0.073809408216418
0.41288580208389, 0.16941749365243, 0.21734058833968, 0.08479818419484601, -0.5469945111636, -0.065731085108354
0.39134582006617, 0.16369634721644, 0.10018300851325, 0.09456740153876501, -0.56525544593555, -0.06801915661972001
0.3769147230582, 0.17108297790353, 0.1131740199857, 0.09907065707126501, -0.55082805496079, -0.067251865925037
0.37101415092426, 0.171035198522, 0.12129624125743, 0.10242243161024, -0.53816811312933, -0.066072214037994
0.40926536579305, 0.17522617402364, 0.14737148171996, 0.096904418810315, -0.54194835479841, -0.069033457085763
0.39963734006159, 0.17018946880018, 0.13833075725798, 0.09876525718210401, -0.55799537407281, -0.065035176819911
0.36025923569386, 0.17130548670233, 0.15744959635698, 0.09696201842700301, -0.55204230750198, -0.074691814762723
0.3654489932821, 0.17289466128822, 0.17841318219223, 0.09817111507810801, -0.57393565913898, -0.07478863886469901
0.3867277657218, 0.17575299783708, 0.098428208485394, 0.11487062580137, -0.56653400946587, -0.064714423490485
0.38627461365144, 0.17665211138136, 0.15204527597588, 0.1105793298085, -0.54606897466177, -0.06646121250108801
0.39851962630395, 0.17551810169341, 0.14265090585577, 0.113335787305, -0.55015524961566, -0.060618809815528
0.3983963589016, 0.17969175089731, 0.13662458782696, 0.11165266786088, -0.55502749174409, -0.061642435158661
0.39141522481896, 0.18400206330235, 0.14498164868225, 0.10761857201555, -0.57498782554466, -0.067322286303829
0.38190004383349, 0.1728869514902, 0.18844022126759, 0.1007421789606, -0.5885761269929, -0.07118722552075
0.42005828500342, 0.18611815722149, 0.08356034198780801, 0.12465967392038, -0.58221879037676, -0.06704060904600201
0.39999843538307, 0.18395342405294, 0.14823489333487, 0.12720678917131, -0.55705073160544, -0.066057487819612
0.38298882121048, 0.18132863494604, 0.15204041675485, 0.12264619849766, -0.55459222588532, -0.064659048815513
0.37522476130936, 0.17803295065353, 0.17126750813523, 0.11397900987098, -0.55716017101908, -0.068637250538778
0.3862580555299, 0.17519811211857, 0.16472683357546, 0.11435476044717, -0.58916865364161, -0.072361142875112
0.38070229802974, 0.17790139082044, 0.25146980046941, 0.10217347534582, -0.56671488947575, -0.06688912200062501
0.39360075501906, 0.18835750034862, 0.13138695799917, 0.12100671821519, -0.59062344912204, -0.071977753206812
0.40445409392132, 0.19519303248164, 0.13416514519462, 0.1350323151981, -0.5690184037148, -0.07066801538608901
0.39847319380725, 0.19478186080906, 0.15846559136031, 0.12719130094567, -0.57203980934471, -0.074904874889251
0.39059285922998, 0.18678112683684, 0.17127603816385, 0.12422740478405, -0.55981769217465, -0.073390968800897
0.40912630138552, 0.18352790883994, 0.16103447435331, 0.12678553436765, -0.58144820472286, -0.06752112090631701
0.40042301902899, 0.19324277234769, 0.20023382076207, 0.12138991880367, -0.57229240141665, -0.070325643604409
0.39455662478561, 0.18461979390393, 0.13238901514827, 0.12602481598909, -0.57337208516403, -0.08273612837847001
0.43308414659209, 0.18277450589394, 0.11615287969638, 0.12154317930816, -0.55610356021174, -0.073538517556681
0.43808322230363, 0.18822540618793, 0.17184486451293, 0.11935002622004, -0.57519638611235, -0.078572353416358
0.41179001125716, 0.18104786109296, 0.16965048288994, 0.10999121451374, -0.56854350025333, -0.076346400196781
0.42482722910855, 0.17531005208326, 0.1874370889732, 0.11344724196796, -0.55910216268124, -0.065507198108418
0.38016971675065, 0.1833033340512, 0.24473785499001, 0.11827698370719, -0.52046761555549, -0.06290116162037601
0.37918355870703, 0.1904581492283, 0.28993187681263, 0.10399498777388, -0.54699221090272, -0.063292608137061
0.39691746290216, 0.17338079861777, 0.17131541805065, 0.090779076959318, -0.55259380807459, -0.06454293083675701
0.42326837101288, 0.17016086064606, 0.17591591525076, 0.099215214084601, -0.53734906780893, -0.063689907443715
0.43155345764036, 0.16622227710316, 0.15700906070929, 0.10232932332514, -0.54517485684283, -0.056813917721206
0.4334239972724, 0.17265443332981, 0.15166856326396, 0.11544999248322, -0.55755980795775, -0.05882119122266
0.3742973969812, 0.179063628587, 0.17853186757557, 0.1155659139706, -0.5607476464549, -0.063287412157761
0.37030165014014, 0.17901794043639999, 0.20357235098008, 0.10799052494683, -0.56200194675439, -0.072133866255998
0.39134777579716, 0.18164979613635, 0.16178994669959, 0.1194315530251, -0.55721280656178, -0.06251974448010801
0.39069166817776, 0.18035105652684, 0.19580030166625, 0.11719689948398, -0.5449929920965, -0.06491673849984
0.42606667796262, 0.17462261433973, 0.17254233179954, 0.11818043685438, -0.55974527720939, -0.056642162627849005
0.38090198914129, 0.18290243616198, 0.1570320211892, 0.12787592162653, -0.5885576583025, -0.062000926046826006
0.40446078339276, 0.18703283117921, 0.12337571689014, 0.12846898527366, -0.57974362638859, -0.06062339609063801
0.40283391295503, 0.176737388717, 0.19295677159327, 0.11390751181105, -0.60288864328499, -0.05656186048704501
0.42410725370758, 0.17636512209652, 0.13363218216746, 0.13171464397059, -0.59779483300009, -0.058367250160388004
0.41207268441641, 0.18075168287875, 0.20751523542202, 0.12697257724094, -0.56914623580223, -0.05933609706448201
0.39440229916437, 0.17401395642027, 0.20530429601683, 0.12070450528508, -0.56346288155581, -0.060456929859066005
0.37952225050309, 0.17394403296895, 0.20237395975119, 0.11963279742277, -0.5807693224686999, -0.062897364543517
0.39568284424624, 0.18052229430787, 0.1835811956141, 0.11896905245431, -0.60478037276831, -0.065279489829264
0.39041749817156, 0.16485881896841, 0.24179925917242, 0.12086423337035, -0.60805821335983, -0.060608381067309
0.44852463546134, 0.17976378043318, 0.11040962683006, 0.142916331313, -0.6078731500936, -0.06199219657144601
0.3715907518237, 0.17648412718286, 0.17453858989368, 0.13661959740171, -0.57661756941061, -0.062627023582724
0.38447934178506, 0.17511421366691, 0.16152556366893, 0.13291340711759, -0.57953386247716, -0.05951440244392601
0.3936914795966, 0.17703626748364, 0.19778347183991, 0.12421417896848, -0.58293081378207, -0.063190679123707
0.398413610024, 0.18163005159152, 0.18780398809158, 0.11828313472103, -0.60611265671258, -0.066779868531274
0.40298365831097, 0.16864104876271999, 0.32169231417215, 0.11159727487528, -0.59049367880352, -0.068648341780569
0.42936232547324, 0.16683085653393, 0.12652047358397, 0.12942543898532, -0.60868725827582, -0.061845405349646006
0.41451847338337, 0.17467661650685, 0.16589268416651, 0.11856335216774, -0.57576567337758, -0.067593372625968
0.41959060332144, 0.17931008443133, 0.15583262791766, 0.1236284379021, -0.57616854272985, -0.06871793946466001
0.43098305260185, 0.17950146870994, 0.17207156516375, 0.11529153821101, -0.58260136930813, -0.068732646853309
0.39774330445079, 0.17435583830629, 0.19143123406894, 0.11262058089696, -0.58133119476746, -0.066776475412547
0.40870539718126, 0.17049507229814, 0.31861096082318, 0.10416337745757, -0.54264110532462, -0.06063757934983201
0.42725094228937, 0.16594564836843, 0.19197448217192, 0.10505427858817, -0.57347670540697, -0.060349377013466
