the brain
0.0, 0.0, 0.0, 0.0, 0.0, 0.0
-0.030997511159815003, 0.008534113233220399, 0.08090931404158201, 0.0025282034683481, 0.0048954351819078, 0.017085252453759
-0.014041063976004001, -0.0048702964175318, 0.047895076517194005, 0.010798553715272, -0.014569261880498001, 0.0079639275055022
0.0059262011250988, -0.014672845092548, 0.026731433995194002, 0.0014337485985568, 0.0029721801387181, 0.0040407891811737
-0.0001180400909439, -0.01099686350614, 0.015407252853822, -0.0013978446670193999, -0.028209480399477002, 0.0075234679361149
-0.024764254190351002, -0.0052500746874467, 0.016678837207894003, -0.0005775253252289999, -0.024248560959764003, 0.0082550029024336
-0.030486099310551, 0.0018736003175158999, 0.035652085731352, 0.0006261393713403, -0.033889202241307, 0.011168156554088001
-0.049126730615343006, 0.011814748714275, 0.058697414209103, -0.0062201036731650994, -0.044416984519597004, 0.024142889623835
-0.037518893170794, 0.013544517573189, -0.17722138182757, -0.0036946197022856, -0.027232372001470002, 0.010618009070434
-0.08463390444921601, 0.0046794512738276, -0.09255554415665501, 0.01670205306618, 0.13726027969916, -0.016157344397602
-0.082646140439062, -0.010572106253744001, -0.06756029468303301, -0.011625359819836001, 0.17867330271468, -0.021867635323940003
-0.092369936692082, -0.012163854101112, -0.077538811705256, -0.020180551973533002, 0.14765857875545, -0.017740104962804003
0.0079660752617784, -0.016584374845411, -0.22757390659027, -0.018468532087968, 0.090608775430268, -0.025910898832409
0.04227526323522501, -0.019628732726849, -0.32553549904562, -0.015179712531769002, 0.031368636754347, -0.025179331119270003
0.058990177126306005, -0.012785520948529002, -0.37194932689667, -0.014179113806254001, 0.08972256169923301, -0.032924577177152005
0.08211438768555701, -0.021678407980268002, -0.27593971472369, -0.0047798788761046, 0.091649355624684, -0.034782931197918004
0.098704291710431, -0.01739882820727, -0.25414501478955, -0.018011083491693003, 0.10499114286075, -0.039929808651445006
0.076720463959146, -0.016216969133346002, -0.23259171498162, 0.0045550257119815, 0.08652934797549201, -0.02195637884696
0.10311161656771, -0.019681419828729, -0.20364361537345, 0.012326242171869001, 0.11232143105403, -0.037580835734911
0.10252614577169, -0.026709268327144, -0.11730160345514, 0.0005136961329793, 0.06739590194577301, -0.022962197778208
0.065290519068149, 0.083573944366919, -0.16796468280504, -0.18394780651558, 0.041099129464065, 0.11605525309586
-0.18883719081964, 0.29411736280825, 0.04916086164980701, -0.28326874210171, 0.029438650788644, 1.0881147584365973
-0.1075579752079, 0.14865254641487, -0.16971443069862, -0.38159113184112, 0.046171208331867004, 0.45867839267207
0.07883556417260701, -0.19443704182257, -0.59294738766453, -0.12230359831553, -0.021162924324111, -1.3014577558146898
0.024223079356834, -0.229239284161, -0.25429536425244, -0.08608126875178301, -0.061548200594707, -0.87447885588617
-0.1270427955241, 0.020076598616037, -0.033858024254132, -0.34427844383217, -0.09095195942119101, 0.83496183392186
-0.27694170675812, 0.22199859218897, -0.047536177676742, -0.56011804005182, -0.024225664718374004, 1.4203500987727409
-0.10105587730261, 0.090247409123827, -0.16925310949377, -0.54865395875973, -0.10867907597133, 0.77852768657456
0.019125187382449, -0.26128891565429, -0.40342067382544, -0.57482694149068, 0.05579183229530701, -0.80575785877969
-0.014583316935972002, -0.40595043393137, -0.27799549159279, -0.56492923297981, 0.014814852452250001, -1.2337189774515116
0.1037743169078, -0.42213834228528, -0.31143335202525, -0.53446401004488, -0.059534173102944, -1.130216499577183
-0.15880416434601, -0.11633760221643, -0.29700836521368, -0.56741185795549, -0.18275844641376, 0.34848080535164
-0.510058940316, 0.22035733625471, -0.058143921562884004, -0.58620856800605, -0.20700865776187, 1.479704757349585
-0.4415708731973, 0.20739529631258, -0.1566887562423, -0.56658438029021, -0.21576684265968, 1.2701470132542876
-0.31429534204961, -0.0083820325377737, -0.42081733017694, -0.50378224025502, -0.14579801498458, 0.19654445658801
-0.43068252486519, -0.29820752477576, -0.41439820194464, -0.60890725891169, -0.12180072455585, -0.57017681653038
-0.43180926339453, -0.41506509263881, -0.46386397976438, -0.67905819994197, -0.14369933100966, -0.80549259068608
-0.29208256623371, -0.35298270733354, -0.66487363854127, -0.64266180811336, -0.2707172289491, -0.52101246279691
-0.61778625993486, -0.05434066228142401, -0.66872466889464, -0.61431730323465, -0.27388687268908, 0.84925982932215
-0.67783719044694, 0.07397601732959501, -0.96380218090052, -0.67430929783515, -0.28840764886324, 1.317439296134057
-0.44497570209953, 0.06350866611349501, -1.0564151979856145, -0.5809513185094, -0.25263504107586, 0.9292193525341
-0.37399386199799, 0.12933853389959, -1.1424943345959784, -0.040632684660422004, -0.20191449037271, 0.2766822065008
-0.4946210330121, 0.17134165939797, -1.039866716738459, 0.23844442422118, -0.17966016963191, -0.15728362840878
-0.28505742877893, 0.11634244562881, -1.0573907994395968, 0.2337344769526, -0.17948103943196, -0.43045345510596
-0.28666146425866, 0.0017035645487427, -1.0382335965666525, 0.28224205829071, -0.07417688519446, -0.95645862627812
-0.14969930050026, -0.032254876844513, -0.91381956840828, 0.16297505910837, 0.040240421462646, -0.74199212333018
-0.25327593991942, 0.010741040086852002, -1.0597150501616204, -0.21864416027199, 0.049891747424994005, -0.047572245886074005
-0.30268853255768, 0.098969987553624, -1.089943349181897, -0.53979465962213, 0.26744581932101, 0.59392335888399
-0.31354811585948, 0.14887612017432, -1.2733910937317598, -0.67385475918063, 0.27402501854373, 0.89601478656298
-0.09539986633569401, 0.11949655683571, -1.2460279005993806, -0.67010114450983, 0.19192615511558, 0.70128305519641
0.07869397767088601, -0.030311901758146003, -0.95654341189286, -0.50753339887826, 0.30188731101246, -0.38149835097144
0.10559800719321, -0.15552328031919, -0.75031493725776, -0.33735880305824, 0.32458475624036, -1.0386280809918378
0.3268488349974, -0.20319925342001, -0.68122728869013, -0.33604535559476, 0.27399926987777, -1.0091832703535621
0.24283554672749, -0.079139205607583, -0.87496617695636, -0.44182135478835, 0.21685948442031, -0.47572814208842
0.019048006425176, 0.16892735018138, -0.77473992258621, -0.51909514768134, 0.15048633748986, 0.47172506315109
-0.21551793603044, 0.28326803755692, -0.79134821960742, -0.62995036259573, 0.046213947510496005, 0.91174392445233
-0.10849928620264, 0.33985303426705, -0.47854162943079, -0.75226701711007, -0.08387529752413, 1.1520812090580714
-0.16582417308758, 0.31112897385295, -0.15833972523083, -0.80917411378465, -0.14205316685023, 1.127942100487308
-0.084267924158284, 0.17616700852085, -0.035942467629982, -0.76397125452791, -0.09333000414428301, 0.47338980269615
-0.11882853887198, 0.046618813098903006, -0.15816885650894, -0.83174018528808, -0.11767915966101, -0.21601536594999
-0.0034921154063034, -0.083292558419177, -0.10100438549042, -0.86000158448256, -0.18558214562731, -0.39865570976227
0.024555378579344003, -0.18920185620644, -0.23662819177306, -0.85938011260577, -0.1674828924808, -0.68752665555735
-0.058299754875193004, -0.30240638778086, -0.19641972405548, -0.99179233196497, -0.19491836887046, -1.0241050739988167
-0.071221135628508, -0.37646383085295, -0.19180419943424, -1.037925802179035, -0.21215263668285, -1.0392065230828786
0.027203571687183, -0.37008291607769, -0.2380223681913, -0.92397979621362, -0.16817694893125, -0.86008452347413
-0.23451654325439, -0.10701755851154, -0.2564202318643, -0.77229920190111, -0.07706873299209001, -0.088888654648011
-0.48718589203167, 0.30707264324218, -0.5152103934631, -0.50559967121556, -0.15278670230463, 0.72910535137949
-0.62394060747516, 0.56331118821539, -1.1075501210298613, -0.41413447076746, -0.15696155381812, 1.1425921343475256
-0.46778342744956, 0.73524265146413, -1.3120129457245944, -0.36822960839102997, -0.12452007827576, 1.301788039312488
-0.22169598765486, 0.86298898894106, -1.3860020204138523, -0.27213485760408, -0.11307148578342, 1.3846120650322638
-0.20452965292334999, 0.9063131157367, -1.404652550060773, -0.22778014685177, -0.11118182062625, 1.4399005763145467
-0.18228399753908, 0.93324873748292, -1.4113910976130097, -0.23783140264068, -0.088589547639007, 1.4186458539399485
-0.17790550903275, 0.86305915156448, -1.2763935619392797, -0.2958726277966, -0.08438159037430201, 1.253169882900749
-0.32105787665628, 0.75546438579766, -0.76827446575276, -0.30091027733481, -0.2357814544446, 0.91730875139543
-0.55916054303001, 0.55244101882735, -0.53157177479175, -0.48069131090138, -0.26072002833684, 0.37147138526077
-0.46700549887127, 0.42660848995786, -0.45026941062946, -0.46612024684326, -0.35641587967812, -0.04053558568274
-0.51793738811965, 0.24250970437337, -0.19644296871409, -0.44159789956664, -0.38861417787148, -0.38306075853506
-0.4576945348357, 0.13339705465153, -0.28069397661264, -0.54506510821954, -0.39997836229829997, -0.52851176920995
-0.44918511178671, -0.013593102507518, -0.48281750958803, -0.60242634612751, -0.44943083469208, -0.78564181469468
-0.38063464850695, -0.11252605394722, -0.3021181578539, -0.64412780080722, -0.41036325844205, -0.87824098824365
-0.29796164493369, -0.18221177926138, -0.44487880962718, -0.71019320031002, -0.44931173357769, -0.92312761455323
-0.25473850711747, -0.20855437422688, -0.33716847169732, -0.71537884468355, -0.39253814188622, -0.86910775721424
-0.31256841281861, 0.07634340859648901, -0.33978046674943, -0.37273777752472, -0.39266396586603, 0.22677629702678
-0.57932018607659, 0.27389280675236, -0.31417756195341, -0.21408047303569, -0.36251171320537, 0.93035281354905
-0.36007193248723, 0.40918652189331, -0.56090799123617, -0.2259036974385, -0.35921157537969, 0.89794892267974
-0.2992423067457, 0.55714840337218, -0.87217782819106, -0.19379617209857, -0.35964546053904, 1.0540808238019523
-0.41125600282526, 0.64366774523623, -1.043992776667141, -0.19478297262283, -0.34134815802056, 1.192343158107182
-0.36820397527061, 0.72033724584493, -0.96316532291516, -0.18826893867963, -0.34384966979137, 1.3545932730664307
-0.36301898714721, 0.82833986285932, -0.95877220137816, -0.20995056930031, -0.39679213157249, 1.5096310207227053
-0.35811638524245, 0.85033716789542, -0.79661006207712, -0.24951977327036, -0.47440550180247, 1.5215208383992307
-0.29492092376125, 0.77041728471337, -0.31782488207587, -0.34960032921613, -0.43944836989084, 1.4592975074618735
-0.24704210205496, 0.58195973185187, -0.16747286679209, -0.51213230940837, -0.42203838930023, 1.1586440106982603
-0.41416882026378, 0.23124884567417, -0.0083998336547901, -0.78992108165236, -0.31834260389749, 0.28663022237904
-0.41479141005684, -0.19919396366974, -0.1879495367438, -1.07676675206623, -0.30480895563764, -0.80455297066746
-0.3385376505191, -0.38893865696081, -0.26026964343222, -1.1270842315981129, -0.33683081986072, -1.173023745131708
-0.15269742354425, -0.52473410518139, -0.36584533150426, -1.2332938373961728, -0.36901071828161, -1.3050502502472436
-0.17097724319666, -0.74392004895081, -0.42627126081922, -1.4228788559387207, -0.3195223037882, -1.457632759931988
-0.14729529588566, -0.84790220946705, -0.58072917656631, -1.4877880216246515, -0.34779695647101, -1.4795790170218808
-0.09202438245243201, -0.93454240921796, -0.70100852741655, -1.5114470021896185, -0.33157665465742, -1.4598570106489752
-0.050555153129322, -0.97097300552118, -0.73713826738661, -1.4962651506783111, -0.35774751743998, -1.4176111147274248
-0.018802572173575, -0.91313031775678, -0.71149499295739, -1.3910607597959053, -0.34544389176577, -1.1338631788353823
-0.24930464253875, -0.63478125209791, -0.52116859131096, -1.1308554493627339, -0.36778826078208, -0.086544753526822
-0.57587361372568, -0.19040020254053, -0.62695285192585, -1.1347705365874439, -0.49751516857841, 1.1509261952901007
-0.57162183205565, 0.028694968163245002, -0.75496431400238, -1.0374345407308418, -0.47477995686323, 1.5028140518787443
-0.41148397163439, 0.20198189938933, -0.82993020679813, -0.94203891016542, -0.46344481338891, 1.6198852123908327
-0.37244138833672, 0.30471210268168, -0.81179078572859, -0.91003682528294, -0.44498506990819, 1.6866299822815618
-0.32777964748557, 0.37337303871345, -0.82220505742719, -0.90440125563496, -0.46941497275856, 1.7314434291349796
-0.30949582496932, 0.37877989319632, -0.50840623476898, -0.91062017550367, -0.41882507448673, 1.7584331340068338
-0.28966249701989, 0.41984244606264, -0.28184058252237, -0.8792559186617, -0.43806548512963, 1.791998954495508
-0.24540990305651, 0.41510553711365, -0.24467134154172, -0.85628859975956, -0.45419730469007, 1.7289037767871982
-0.26139158866915, 0.19420220797869, -0.24347752767026, -0.91607236852856, -0.42649884298588, 1.1600189144550164
-0.40411494523356, -0.18059689600074, -0.30718259558987, -1.13008794115897, -0.31113193891688, 0.15918418352351
-0.50549321687563, -0.42215253154201, -0.38962504182654, -1.2220677991656346, -0.33972797605981, -0.50361305385151
-0.45157948157826, -0.53019134698549, -0.42259921600859, -1.283697416122863, -0.35211090259575, -0.74004310147942
-0.37784655502027, -0.59147153985705, -0.39172448736785, -1.322796184444556, -0.39266445976157, -0.80807703850265
-0.35360516918434, -0.63307741844568, -0.36247695611347, -1.3330932960261335, -0.40107240057435, -0.84288011066191
-0.34281297673464, -0.65171633087737, -0.41326404652047, -1.308079224772255, -0.39641637889462, -0.95876457298646
-0.39013431477573, -0.63245080439702, -0.39431969209576, -1.301034923624136, -0.39912822184952, -1.0197974780055434
-0.34125688734214, -0.65811406321614, -0.38998545775483, -1.319334872784599, -0.40704261733557, -1.0148506393334633
-0.31076050660132, -0.67764945993772, -0.50377552526621, -1.3062383298107128, -0.39632008403797, -0.96883729991637
-0.30536606240456, -0.61081152306298, -0.31454744766296, -1.230952766017282, -0.41344068543821, -0.61796630270543
-0.6049818029646, -0.34443055823692, -0.08739964504880701, -1.0726779286103072, -0.34635763529467, 0.3491012595818
-0.72136031713218, -0.20692666388106, -0.10860013832897, -1.0238699720175808, -0.37635761613496, 0.69634395114377
-0.48544732142148, -0.170175268376, -0.11246886390446, -0.98706531623104, -0.47046265205765, 0.62480550214555
-0.79277930709118, -0.08036894718975601, 0.10978015633743, -0.94183841401478, -0.80294392582174, 0.49120916328838
-1.2446856759767577, -0.039984113063807, 0.44918675018651, -0.9712996902538, -0.93545592412113, 0.4463853377269
-1.227531934996091, 0.033422725697468, 0.33695306203109, -0.91474154936736, -0.99054455414028, 0.40190418445245
-1.377920251168002, 0.09196590751916901, 0.5236742387863, -0.92324336854253, -1.0896986920245995, 0.43101318456362
-1.108903515730829, 0.11075579080815, 0.31233507610956, -0.90863700063345, -1.0777040277244894, 0.41843504059842
-1.018264938932409, 0.09704501912792901, 0.034050215914574, -0.87583208731389, -0.93257578414546, 0.37287891127063
-0.9003199986633, 0.09319969211284401, -0.0086145537648871, -0.84814083819032, -0.94047533334031, 0.33781446395538
-0.86144608342457, 0.080618484948309, -0.18538015395983, -0.84322460050763, -0.92140560753128, 0.33727035504247
-0.81349083159804, 0.07717044017449501, -0.24062363648963, -0.82559714376466, -0.85102323133865, 0.33329285833813
-0.74188356051842, 0.06951371956877901, -0.300243806464, -0.83662630493133, -0.873569532069, 0.33826316963363
-0.70506528681083, 0.066820811348007, -0.32235217126534, -0.84630867011983, -0.85588808596231, 0.31993591043994
-0.71720392517701, 0.063086755517078, -0.35369265839576, -0.8327386921937, -0.80912328866945, 0.32299389789279
-0.67649823888411, 0.066822979201763, -0.43777433824529, -0.83308110940852, -0.78572873916148, 0.31369403407053
-0.60794269812254, 0.048716223718555, -0.36197953008089, -0.80770512048818, -0.75918387683593, 0.31098694537021
-0.51835875388204, 0.046782239402191006, -0.3740278261485, -0.81234179411722, -0.54922495181827, 0.26259253321816
-0.55214915129102, 0.044023689216619005, -0.29540251650973, -0.79234370243243, -0.42381069387863, 0.25771489827389
-0.4451261881855, 0.023554005638274002, -0.43981131571408, -0.77127517325888, -0.3601083938328, 0.22342039702938
-0.380052933743, 0.014511825500471, -0.43145379654748, -0.77001681933961, -0.37691207846649, 0.21403561422319
-0.28685422226525, 0.019392215241569002, -0.50479356098874, -0.77866143592239, -0.46511704728306, 0.2006615361377
-0.24940698517391, 0.02033881434427, -0.43607218915904, -0.7887822962036, -0.51185356712121, 0.20657429028965
-0.26906524698666, 0.02182455780123, -0.44329667721234, -0.80457957459361, -0.52885523525157, 0.20032962585072
-0.30629860802276, 0.029409896707274, -0.30534064815458, -0.8042618413602, -0.51819874430314, 0.20756088468837
-0.30237839079797, 0.022485204197284003, -0.36430759938294, -0.80979215408496, -0.52623159173151, 0.20861416785023
-0.30449314776413, 0.01991762321607, -0.3566010397273, -0.81243136663232, -0.53507042569313, 0.20950752086412
-0.28730876924278, 0.018370726098992003, -0.38409544709566, -0.81811358570947, -0.56343761878856, 0.21484656252956
-0.33288047189902, 0.020945319360047003, -0.32637076419973, -0.81303479106983, -0.57417802261681, 0.22573386184776
-0.34293889625624, 0.031950731231542004, -0.38944639364448, -0.82631137288338, -0.56764628721535, 0.22403705195146
-0.34429301732348, 0.035542184607958, -0.28763958917425, -0.82030358303016, -0.52869451804124, 0.22557443091838
-0.33205512088688, 0.036652571910392, -0.29773736358255, -0.8166103427273, -0.51317921086572, 0.22208912285255
-0.34565661159531, 0.029941598880137, -0.26490749242908, -0.81238857038147, -0.51368327290987, 0.22597747136246
-0.35629709233458, 0.02729435434822, -0.2801944493958, -0.81807307549019, -0.51468531126529, 0.2198594734166
-0.37674873477817, 0.027835488741442004, -0.19750632911785, -0.81313250371578, -0.50370865887073, 0.23141799123092
-0.3642612360815, 0.039009396341171, -0.19290212126691, -0.79948376558444, -0.5294096180162, 0.24647141238008
-0.38361191184863, 0.035041282667328005, -0.19577828610177, -0.80231915901376, -0.52974755445094, 0.24062570231567
-0.39580102382602, 0.039542350766431006, -0.1052944845654, -0.79675162586894, -0.49934495718604, 0.24456453779194
-0.38857897644592, 0.038573937384079, -0.15035861051002, -0.80088926725029, -0.51112806763551, 0.23940552067758
-0.39213262860422, 0.042435502557525005, -0.20503168251854, -0.80397086838256, -0.51209682807287, 0.24691092471769
-0.39418122572061, 0.041910172340709005, -0.16130856972316, -0.80021058306941, -0.50502634574686, 0.24528258578962
-0.41331883809237, 0.047078736173261006, -0.09035450069650701, -0.79716506034586, -0.4922788780073, 0.24957590675545
-0.40135196011406, 0.054286582426916, -0.16159568605179, -0.79602470750123, -0.50466319736763, 0.26249777619386
-0.39197294273071, 0.040311550156946006, -0.13190178711383, -0.7974139475765, -0.46472461017069, 0.23503467845651
-0.38637305007526, 0.047784463258034, -0.15428570013746, -0.80498120670967, -0.4877033107934, 0.24234925060337
-0.41813618834995, 0.045072855789367004, -0.11624785993551, -0.78510645394247, -0.44881687719474, 0.24146347554926
-0.43611511523437, 0.047181925295338004, -0.09919728578121301, -0.80673404102551, -0.44527043807286, 0.23907632151947
-0.42898494713465, 0.05186039124513601, -0.13455422083959, -0.79574217440592, -0.46901508776778, 0.24714395419115
-0.43176320235766, 0.054870716612665, -0.079186629830093, -0.78060153173357, -0.48644868812837, 0.26208282717999
-0.42159640086654, 0.055561963839578, -0.14953868643639, -0.79858805588039, -0.43058547862452, 0.26201558903501
-0.42434182268378, 0.05554119068881701, -0.08660091369681301, -0.79995307504235, -0.43609097746768, 0.25531277804627
-0.41882260407558, 0.056617512613420004, -0.11244668689491, -0.79783015153215, -0.43430047412535, 0.25938404062689
-0.42148886168697, 0.055602082260166004, -0.10296171611875, -0.79008416945382, -0.42893429100168, 0.26087155837024
-0.43290044644817, 0.059514617031105006, -0.079558414305956, -0.79923657242586, -0.44469792560199, 0.26426001065822
-0.42708200962441, 0.059600348755911005, -0.088333792297537, -0.78729188201442, -0.44935380762239, 0.26535405689229
-0.44650929967360997, 0.06121096306173, -0.0032348838202781, -0.76478718529294, -0.46692550674891, 0.27010017667952
-0.44001183540829, 0.057056883182664005, -0.034209072299692, -0.78055705260731, -0.46413201323185, 0.26368763954414
-0.42627422148107, 0.051533423639703, 0.025805482066879003, -0.78262952560725, -0.45667921462424, 0.26454424189819
-0.40977318875651, 0.058225100814588, -0.011421357155116002, -0.7807114526443, -0.45373402477826, 0.26967600297468
-0.41893445209201, 0.060222654249146, 0.0025641266732365, -0.77972359337567, -0.45955704720591, 0.26944042875269
-0.41634906224594, 0.066044847700959, 0.011690449780532, -0.76609926586091, -0.45380973510338, 0.27410350644693
-0.43411913380354, 0.063520087155175, 0.013008011801340001, -0.76395105916476, -0.46491456902755, 0.26200071699417
-0.40353363430139, 0.056601127942864, 0.053965669419869, -0.75960059084226, -0.47320733996771, 0.30698986474323
-0.39705806082461, 0.048714260331088007, -0.09015963549801301, -0.77762534185696, -0.53783151413403, 0.27810670611311
-0.42810844731868, 0.060934132464133005, -0.014028201140654001, -0.78571161452125, -0.52951701822507, 0.29632290820759
-0.41831069760089, 0.063443675548624, -0.07459435416818301, -0.77025050366516, -0.52911712907167, 0.2720446149311
-0.41974477038316, 0.061919030354859, -0.030938175068438004, -0.77171055650625, -0.49399235574133, 0.2486174396661
-0.4018364197332, 0.062603324926236, -0.017507477025688, -0.76769634366642, -0.51243898239888, 0.26432283010333
-0.41539989493937, 0.05902110332986701, 0.075171574118573, -0.76471179477453, -0.49355709347626, 0.27159914951201
-0.40785834045732, 0.063497301600968, -0.04572762749186501, -0.77562367823063, -0.52620132754462, 0.25849365254581
-0.40679359481448, 0.058947967333801005, -0.016679117410752002, -0.77270523816671, -0.49736808072758, 0.2626780544516
-0.40416402464416, 0.06701070602940701, 0.0005590507234176, -0.76924293466875, -0.51043022561298, 0.26591600187968
-0.40614784275515, 0.06295472975997, 0.01632372276677, -0.77523517247473, -0.50647620434409, 0.26736001572711
-0.42194773703178, 0.06534129669838701, 0.023049892967446, -0.76668621802877, -0.50801899724999, 0.27464596194228
-0.42250109864562, 0.063503896333486, -0.0078780112515242, -0.77050738363768, -0.50710501517917, 0.27264468509396
-0.45736990561618, 0.057281833299547, 0.09764145968241901, -0.75843792288931, -0.51781228394131, 0.28535821241135
-0.43786882008586, 0.059885617190505, 0.025233547975028, -0.77189992169336, -0.51284982338292, 0.27936152013745
-0.44784274820524, 0.060243200624677, 0.072935549535523, -0.77779322996615, -0.49997586628807, 0.27560997531643
-0.41311346952921, 0.076164416032567, -0.052221463473285004, -0.77752372695595, -0.50411186704627, 0.28162994171356
-0.44085429088626, 0.07634715430028201, -0.07072371506706701, -0.79322015012282, -0.47756260890886, 0.28600193049467
-0.44218602307689, 0.081240449778195, -0.058259127281823, -0.80117128515335, -0.45632066401183, 0.29108227479258
-0.42795619195567, 0.08686240004763601, -0.036257680744529, -0.785829851148, -0.44837530808702, 0.29282223422086
-0.37776110539095, 0.09288503484832501, -0.14118066485651, -0.7791073237812, -0.48240261230644, 0.30284975277046
-0.42562189909028, 0.081299496226584, -0.08032149312764901, -0.77726696801165, -0.43752654484279, 0.30771226348758
-0.40265196345198, 0.07682907023586401, -0.058642484273669006, -0.78432247364705, -0.44978172843472, 0.30937459244095
-0.39509949343693, 0.075921055028734, -0.09760141727327501, -0.78388355827627, -0.41642514288904, 0.30444209791234
-0.40932084314779, 0.077851114196505, -0.06911063195495401, -0.7741369538848, -0.42495462454527, 0.31495710940577
-0.39624990915311, 0.077807990172953, -0.07692127877791201, -0.7731844377195, -0.42334433459847, 0.31488876062949
-0.38836608987683, 0.08229306844032, -0.08869881985217301, -0.77140727590521, -0.43617423365662, 0.32049798758775
-0.41258045686004, 0.075826483434291, -0.092913351377592, -0.76693691834955, -0.43675759654535, 0.31672269639384
-0.40226804029718, 0.06734507689831501, -0.029101676200308003, -0.77275642248309, -0.42294986461369, 0.31628352947494
-0.3979709719976, 0.069060215514673, -0.011226556178373, -0.77082896747231, -0.40213115213173, 0.31533118015693
-0.38852254076859, 0.07227900431966601, 0.025197640590639003, -0.76949187851996, -0.42322256879687, 0.31940664629965
-0.39335742239543, 0.07907262197627801, 0.10883237537797, -0.76747290277778, -0.40637573472843, 0.3109116431482
-0.40749013617466, 0.07327517082950301, 0.092561221750626, -0.76198236127167, -0.418884253604, 0.3238039101954
-0.39101161654554, 0.06748988611097301, -0.036368985876571, -0.76205902742444, -0.49666912742416, 0.30932612947001
-0.39446990845649, 0.07351764822727701, 0.0055651007638662, -0.75957623568901, -0.4880188206316, 0.31493483701161
-0.38942207201839, 0.08210218754194401, -0.026512342051392003, -0.75914813050717, -0.46326622980668, 0.31442907369115
-0.39587589045989, 0.07877928061751001, -0.012838134917872002, -0.74473540424383, -0.44667487243927, 0.3116998435531
-0.40175491076066, 0.080284626323763, 0.045489623106771, -0.74481553962642, -0.44833883944755, 0.31618037046571
-0.40261909401423, 0.07413916988562501, 0.1296983833067, -0.74319494427003, -0.45356179334697, 0.31897047839255
-0.40329473528629, 0.07372644741139901, 0.024998353371048002, -0.7511079539287, -0.49102217619593, 0.31399317981028
-0.40546776857634, 0.07000239139842901, 0.054685450680247, -0.75615448895596, -0.45863194109171, 0.31898388512009
-0.39088527322269, 0.072775071735185, 0.036429577048347005, -0.75238146345758, -0.45159326347504, 0.31450706197516
-0.40425376543981, 0.076089659620565, 0.053100687321716, -0.75143038459401, -0.44439802967864, 0.31789217820764
-0.39796935790029, 0.075262261047742, 0.062368538973915005, -0.75614145766274, -0.44240016589082, 0.3130499730389
-0.4155973020941, 0.069818144309067, 0.1287574228226, -0.75672373871925, -0.451342784781, 0.32625313177099
-0.40942900552599, 0.06339792885727501, 0.058385642620545006, -0.76028241747651, -0.45797474506505, 0.32500627332211
-0.40885853111802, 0.06107878148594, 0.085173332870365, -0.75317568157311, -0.44450918561342, 0.32226452956428
-0.40211159850869, 0.070572060424092, 0.06363545481478801, -0.7571056435646, -0.4612184935361, 0.32625306341048
-0.41354431139212, 0.06732316950039301, 0.06720698888658201, -0.76615462948341, -0.45835765053873, 0.32113498018506
-0.41943338874459, 0.066682767758505, 0.07944627799003401, -0.75844236924691, -0.45481618615587, 0.32073161766659
-0.41612043043578, 0.06939949349247501, 0.082928042070705, -0.7549474703612, -0.46858621908534, 0.32232946623642
-0.45009436117166, 0.071361815330929, 0.1390122174435, -0.73565428841789, -0.47128514848496, 0.34278199714152
-0.42576812806279, 0.06995841742320501, 0.093487497271049, -0.74612751001064, -0.44565728266792, 0.34744620384269
-0.44040021961945, 0.067869589698188, 0.17580065772288, -0.75069477308475, -0.4417230808613, 0.34444552194507
-0.43992623277067, 0.069700554448095, 0.13655004930008, -0.74785509815132, -0.44566305824751, 0.34060895132964
-0.42798240932705, 0.062470221015806, 0.14399693780598, -0.74774322000674, -0.46353465206915, 0.33756230787585
-0.42677314083037, 0.060688536073835, 0.13517589459041, -0.75130197558431, -0.47387542605457, 0.33339620701432
-0.41868827212977, 0.06762022417489001, 0.08677304147456301, -0.75965869323135, -0.49337592268624, 0.34076333548947
-0.43967542145872, 0.06624207885104601, 0.15608559164598, -0.7450669118343, -0.50145211931185, 0.34283541727923
-0.42914458229771, 0.06210066053200901, 0.094458973035433, -0.75471292647865, -0.47558193900641, 0.33046838482182
-0.41402499175102, 0.064463141595372, 0.17277436092192, -0.75930748693977, -0.47333866347984, 0.34109963601233
-0.37425886466827, 0.073810135406186, 0.10579265868214, -0.76161516074704, -0.45288469421788, 0.3663632958524
-0.39790000250172, 0.06540985269099, 0.033241405189938004, -0.76701330066768, -0.47718989678191, 0.34070747583379
-0.44394786711336, 0.048770850279178005, 0.10042308126773, -0.78987519245842, -0.47036332913664, 0.33029855431772
-0.42681389834487, 0.063305540941775, 0.063439833901739, -0.78195948160104, -0.46832189616508, 0.33320830960015
-0.37167528938948, 0.07483656013883701, -0.019860352936722, -0.76855262061231, -0.49395626205381, 0.33348437146341
-0.39624653414847, 0.06840002318572301, 0.043462585856291, -0.76262899646531, -0.46532726109783, 0.33279362438145
-0.37542321706745, 0.065765979234138, 0.050927314689673, -0.7750261948992, -0.45692728776154, 0.32653997004665
-0.3949426131731, 0.062430857002792, 0.046298880569904007, -0.76727151236097, -0.42170533190803, 0.33001521853725
-0.40588256392021, 0.058705356482493004, 0.027705973214732, -0.76109761657823, -0.42111911983696, 0.33995439062145
-0.40523975946427, 0.064289454395608, 0.026629561115324003, -0.76489904515094, -0.4175132289268, 0.33734062767627
-0.38783368405429, 0.058283666058365005, 0.06829059533484101, -0.76205085961435, -0.44131737454779, 0.35145029209017997
-0.39258307305953, 0.058535903734800006, 0.05587092684271801, -0.76619971865073, -0.43118274264398, 0.34148196807287
-0.38545244344102, 0.06033415194196601, 0.076983170635658, -0.77475545684149, -0.41916336772647, 0.3415124036624
-0.37702473079226, 0.06343802576561901, 0.063524658565089, -0.76518967675795, -0.42040449571664, 0.33623457639053
-0.36159116073906, 0.05850720264516401, 0.07898779447555901, -0.76142551483377, -0.4204448497348, 0.34297339201459
-0.37066426804059, 0.063220329508775, 0.091896134937579, -0.75894052514805, -0.42093844778968, 0.33986955667267
-0.37338979691804, 0.063158876931051, 0.09028306827321801, -0.75574072269444, -0.43149388611029, 0.34524405711121
-0.3986726258201, 0.057608969385982006, 0.025770057764656, -0.75242011467213, -0.44311112643614, 0.34359665418991
-0.39603166315252, 0.060482166752943003, 0.08261237660846, -0.75602844145269, -0.42660085043817, 0.34567152466431
-0.39996260257225, 0.066697342796925, 0.06366778702114101, -0.76591024816905, -0.41096988317013, 0.34370103180163
-0.39823441325283, 0.06611608986794701, 0.092171701491442, -0.76036173072523, -0.42679513760639, 0.3400739088761
-0.39581383313841, 0.06832454543458501, 0.090082604100085, -0.75431450832339, -0.41512449907483, 0.33297429166061
-0.39370728287541, 0.071720451688301, 0.06600676948716601, -0.74840776646403, -0.44791282591305, 0.33292773231292
-0.42276015039703, 0.06951728144055501, 0.05051421760709401, -0.73684543857971, -0.43129808404416, 0.33072169201589
-0.42927535957912, 0.064825662038899, 0.094520045073069, -0.74266753362195, -0.42370107166629, 0.33212871762912
-0.42319338622848, 0.06814951860826801, 0.085374924757269, -0.74828911886027, -0.40102221420877, 0.33260149877898
-0.41649130147811, 0.070539727326697, 0.10995839557882, -0.74591117049457, -0.40470902841032, 0.33625047364435
-0.42516227587522, 0.07313721329235101, 0.07509006173639, -0.73681285730811, -0.40552694199948, 0.33415891430014
-0.42683389698368, 0.05811364299897401, 0.14880295531048, -0.74220760374818, -0.44452082166451, 0.34253095949319
-0.42463958362048, 0.06434888965617301, 0.099341555923731, -0.7429718735226299, -0.42784717480711, 0.33803904130237
-0.43467321591237, 0.054209251560958, 0.13653246027416, -0.75019919643046, -0.42350717090714, 0.34397244233915
-0.41523800726773, 0.061035134695088006, 0.11473199530646, -0.74472763454554, -0.41663451190472, 0.35072430728749
-0.42347935793006, 0.055692560327426005, 0.11976490283528, -0.7399091271266, -0.41232007266648, 0.34675715977685
-0.40590893110116, 0.060932044554468004, 0.15287450509691, -0.74456901016989, -0.43173107956284, 0.34912728527156
-0.40117856470069, 0.062717741504899, 0.24028255248516, -0.7388730853741, -0.40082130422936, 0.35431748408903
-0.39036767782023, 0.06649519164822501, 0.19479037807625, -0.74081909121122, -0.42863128613237, 0.35840757026634
-0.37255791473696, 0.049490193189901006, 0.18352547696629, -0.73604974717165, -0.42579123412388, 0.35452555036876
-0.39086239223919, 0.05771669553961901, 0.20165380139573, -0.73970356352507, -0.43243529595428, 0.35627323475366
-0.38268259972153, 0.070552143913129, 0.059770252722575, -0.73363144375618, -0.44247711381482, 0.36000130374221
-0.41716511270603, 0.055283900410944005, -0.22511142879982, -0.72785815536457, -0.39450245899808, 0.31818576676003
-0.55272933893881, 0.014345314323683002, -0.068426892003461, -0.74731292754062, -0.33451749587594, 0.31205321515182
-0.33805959640387, 0.0080086399386311, -0.33563037630401, -0.77128047163524, -0.46506060581379, 0.35566023791285
-0.39437350493272, -0.007390815431176, -0.69859628540984, -0.80428687740835, -0.46737687312868, 0.35819529107228
-0.61901111567464, 0.031774506188399006, -0.84826411933969, -0.79158832439153, -0.57989835757561, 0.24715858889753
-0.7037401159705, 0.0031832731161826, -1.4811566777830465, -0.81422518879014, -0.51717494909086, 0.30947132614207
-0.46806074258647, -0.0019975321170822, -1.000813446296723, -0.75764612003433, -0.53687719369971, 0.31601308214202
-0.39672699354702, 0.026230383535597004, -0.30665818664772, -0.76660675118107, -0.42707933417766, 0.30954123530483
-0.45891380355176, 0.035328160899831006, 0.072919977116146, -0.73296962105436, -0.47235130030216, 0.30211174502701
-0.3066757170021, 0.042214817563436, -0.33883445806662, -0.76819414097721, -0.50605961782558, 0.30432789379683
-0.29005420958707, 0.027652498700834003, -0.27595345968487, -0.7712963758807, -0.52328373808138, 0.30245509869401
-0.20432237176318999, 0.048232670955187004, -0.53026823009864, -0.75886927851634, -0.58852886699585, 0.29393207715637
-0.23589092117712, 0.032272866390803005, -0.43379867668262, -0.75168781474832, -0.51041465663576, 0.32114825796751
-0.33519113946348, 0.043784686658298, 0.24811799055326, -0.7263035532451, -0.48543609941192, 0.28828880885875
-0.58234506648686, 0.08282589367685701, -0.28477175468908, -0.79118496471517, -0.64086584234278, 0.26172855531352
-0.31582809251751, 0.041727135600768, 0.037933810333978, -0.79420164640019, -0.59080747763662, 0.29022045185051
-0.36989155916734, 0.058677085519309, 0.08384836759222701, -0.75810503823812, -0.70609841406638, 0.28275522729221
-0.4383002311959, 0.018871633141795, 0.13706616207788, -0.77175354798981, -0.64020542899089, 0.30068392754692
-0.35051948021662, 0.023361822601831003, -0.043814431175448004, -0.77492001211254, -0.66275238927231, 0.30003797506042
-0.32110256425939, 0.015205940490501, 0.14381987727057, -0.77510425615641, -0.63308874672843, 0.29739720264243
-0.3885624514482, 0.030597722103588004, 0.49110733382264, -0.74833162772542, -0.49017464130895, 0.28331179510364
-0.41175450532177, 0.051173785001195, 0.33767674626459, -0.75436369083705, -0.67955190847001, 0.26399243828855
-0.41882209826657, 0.035456557014151, 0.26872709667704, -0.76214379366381, -0.67462869185047, 0.24895969853698
-0.39029281205632, 0.044261168554801, 0.15700321005584, -0.76356763451549, -0.74855362218721, 0.24244989256886
-0.35522773549916, 0.0054297803087356, 0.10185600709124, -0.76609804906861, -0.75245938961461, 0.26273149829539
-0.33860900405729, 0.028028278126525003, 0.05520077530306201, -0.75292231928737, -0.73661585206256, 0.26910213318457
-0.32445172289983, -0.0041728776983907, 0.24981236766067, -0.72918977594296, -0.7121670046111, 0.28577103578139
-0.36146029647633, 0.030896239089045003, -0.14653035246848, -0.73811643885434, -0.7307243167774, 0.30536609434711
-0.36734428611879, 0.016177311397382002, 0.18925710267141, -0.69037787854555, -0.63695609055689, 0.34401802547535
-0.39647444271093, 0.025987563869696, 0.0029149811882838, -0.66586243489282, -0.56653736325898, 0.31314766629826
-0.514282084378, 0.032690506013115, -0.16470156617839, -0.65561227539307, -0.54946757446836, 0.30454554611065
-0.32726818549154, 0.023060100360709, -0.57497201963639, -0.67494358847181, -0.68039644379456, 0.29715789782239
-0.38303299966348, -0.0020359137391768, -0.52939702101663, -0.69933236930972, -0.58994810946747, 0.30521299676662
-0.21113032234529, 0.0020114745290696, -0.40389806731835, -0.68809365122795, -0.58752753224314, 0.33028488713614
-0.1813226859566, 0.009860455976702, -0.42262131110709, -0.6923586389845, -0.59077704156325, 0.32261351949758
-0.15884573418726, 0.014822789653367, -0.43174956854576, -0.68902849082918, -0.61113158206186, 0.323700997105
-0.18653932039816, 0.022814239462476002, -0.15406904747446, -0.69042520877605, -0.51676380462699, 0.32309437050674
-0.25149490510765, 0.048987834422356005, 0.037536563834843, -0.68803186561207, -0.49229372293424, 0.32240732678754
-0.25388423694037, 0.05718373865077601, -0.09184813567343701, -0.682790613435, -0.51847050271814, 0.3101586564663
-0.30760631897596, 0.070802164572765, 0.13914098434982, -0.67532591481645, -0.51762684641555, 0.31055497885357
-0.31408279952611, 0.07453736529681901, 0.025393857704251004, -0.7113378096146, -0.52769813348486, 0.2859307463056
-0.34284004655179, 0.06410881337867101, 0.14877256940199, -0.71500996666193, -0.52113132526784, 0.29145814318943
-0.28811550909357, 0.052357151912299005, -0.015678412260175002, -0.74809876570174, -0.5404974843914, 0.26066889630403
-0.33040724517328, 0.036875934851221, 0.32158007057406, -0.73865157993791, -0.52913932584806, 0.25123797378788
-0.30211387901627, 0.069637078894887, 0.13644576093489, -0.74432411824685, -0.56464491573705, 0.2184588843631
-0.38477861472256, 0.062307948826463004, 0.70744060208427, -0.73120971459702, -0.43524001993103, 0.22364820588774
-0.46001408720571, 0.1061446793967, 0.67678797699422, -0.72398379463435, -0.50290768877893, 0.22025330146677
-0.28747893814111, 0.094498248737021, 0.64969298976013, -0.7402643106727, -0.56333234136139, 0.20726850644907
-0.21732412827481, 0.082307816082584, 0.66050212471705, -0.7379894130299, -0.5005403752237, 0.22090633454594
-0.20681679925513, 0.082163006353693, 0.90975941353829, -0.75531779760869, -0.43790352793015, 0.24158738604156
-0.19555335065404, 0.09351230320545201, 0.73740471860586, -0.74597200511143, -0.48400022283399, 0.28501186410652
-0.12443237664785, 0.07350241767979, 0.96922831801709, -0.7469660970418, -0.57673354236091, 0.26083389484674
-0.18739773084255, 0.092459226828245, 0.40553572229184, -0.74147456420294, -0.66065409403713, 0.23654826295551
-0.38770265705181, 0.061900519274921004, 0.95362815320172, -0.74169163540031, -0.55212231943065, 0.26146509851548
-0.28001783949573, 0.09378593258540101, 0.71294800491897, -0.75160474493432, -0.63799517792746, 0.24345717981089
-0.27664259477404, 0.070600960304617, 0.52824769392349, -0.73932077403606, -0.63363903485636, 0.25146895901749
-0.18308796926802, 0.08031307458919501, 0.45051661914331, -0.75287035733626, -0.65331957745598, 0.22593420972889
-0.18442850362324, 0.080485712078899, 0.62307780459579, -0.73926875346052, -0.65987526901295, 0.20832685595148
-0.15529072956624, 0.081105702389915, 0.36771220759073, -0.72867382446917, -0.68108005782724, 0.18735971525155
-0.1662739944924, 0.10375189758028, 0.19651192771082, -0.70185510207398, -0.61735770734652, 0.19872984432186
-0.30974270975818, 0.064822149300043, 0.21990614556789, -0.73157135248084, -0.56559561748586, 0.20129404633775
-0.093914859146629, 0.061927723439717, -0.13408761305655, -0.71086879792974, -0.61943325807489, 0.22128187379081
-0.2079027481342, 0.062809271035153, -0.0073140632961851, -0.6977533687116, -0.60838439845435, 0.23682285693307
-0.13662772432029, 0.072284338554587, -0.10484979046662, -0.67778879921393, -0.6068535307458, 0.23679441926407999
-0.26259896325718, 0.072766601797838, -0.13327900672269, -0.68437826741636, -0.46789196622447, 0.23442551066762
-0.15105497464431, 0.072204911587833, -0.20004668528938, -0.68572419515121, -0.47569597350859, 0.23502519891875
-0.20055342816547, 0.056342868471472005, 0.11998543707768, -0.6961060949174, -0.48357138208616, 0.23793165970283
-0.066180614591034, 0.053776981659198, 0.20344621084076, -0.69597694526444, -0.55710284202052, 0.24079849853773
-0.076046540356245, 0.07893602623925801, 0.10198135229437, -0.70856468482208, -0.58110248394941, 0.22695082311855
-0.10325134978684, 0.063876231707808, 0.30834361648496, -0.70187034130781, -0.55657791332054, 0.2396836034812
-0.08106698923074501, 0.07745427551294701, 0.065021673372403, -0.70679343839295, -0.61017840984205, 0.22975614613427
-0.14375289744211, 0.063725408600733, 0.31655684327173, -0.70350168325414, -0.51799786102735, 0.2507265903282
-0.1299834051718, 0.095578495580366, 0.33342375554179, -0.67321566423358, -0.52319334054418, 0.25643528362632
-0.10271996499459, 0.07789879802924, 0.25767050498936, -0.70130671945179, -0.54714709735381, 0.26271092177595
-0.07411224845823801, 0.068262628832379, 0.12922953145761, -0.70573876755736, -0.54620669916795, 0.26857776554662
-0.14017736505432, 0.061378166133611, 0.14605606888487, -0.69730183208722, -0.48645069012145, 0.26524894777299
-0.250548693699, 0.060907497719547, 0.20419437548913, -0.69063564000295, -0.40137562760283, 0.26336518089994
-0.17650853202683, 0.059138345446752005, 0.15363474417638, -0.68745173256828, -0.43205707707109, 0.27948635768634
-0.075371929702, 0.057219740346373005, 0.09667953472689901, -0.69251930414112, -0.50555082119929, 0.29087683404336
-0.03326679972976, 0.058138067209517, 0.0034482148802446, -0.73174413949656, -0.49008779571341, 0.2919888748704
0.0014357748849825, 0.060873566843568004, 0.3005166286908, -0.67183383500789, -0.56720747128836, 0.29688847598501
-0.030084450943084002, 0.09975574910647501, 0.38000667087233, -0.6786772864239, -0.51674839847854, 0.30544213289372
-0.050719665877393, 0.07045094105645701, 0.4335087723464, -0.68708033601958, -0.4987451688286, 0.31932614046351
-0.047344896922674004, 0.042181494266025, 0.18472020901348, -0.73602097034848, -0.49918775162708, 0.30802401717856
-0.094809191574694, 0.037465506137099, 0.30935911281616, -0.71232762295465, -0.54766588511654, 0.3354083935878
-0.07734903284722, 0.044434148214502006, 0.20524320792784, -0.72106793211356, -0.56975082885019, 0.3282635959159
-0.054411910888259, 0.048740091424758006, 0.044220884560042, -0.71736056010813, -0.59065333188264, 0.30963394512573
-0.08669494661429601, 0.051531742474256, 0.08637335621193201, -0.67175144588798, -0.50572358656215, 0.30289526668248
-0.15122916256577, 0.045228358152135, -0.015128646166281002, -0.69084240894075, -0.39740927311272, 0.29647221671325
-0.1184701367493, 0.020319778890387, 0.025779409790854003, -0.6720156043665, -0.43254648032447, 0.3019681035166
-0.1724795613883, 0.015224429251345001, -0.17775351775772, -0.66941354020601, -0.42536638045321, 0.28675338320342
-0.071247472465313, 0.0035073647971428, -0.23979827057726, -0.67438074475755, -0.44153422746771, 0.34173492991827
-0.01300874962685, -0.034703029919716, -0.010784122790591, -0.71978634568948, -0.13597236484523, 0.30045772179943
0.05476233218598701, -0.019713374363355, 0.14150790460239, -0.75054632173918, 0.23917237264231, 0.37453003553073
0.33027667179243, 0.074014921208992, -0.057467339904486006, -0.96439519775571, 0.94832128740197, 0.43022505767273
0.66999293601031, 0.068194986407969, -0.44570082769018, -0.83065077967487, 2.183912965306591, 0.29321563108109
0.93519724423948, 0.09060448837241901, -0.95448515564644, -0.41004110912147, 3.3550617026962306, 0.27966005729645
1.4015812226698712, 0.072395061374079, -0.62724155546446, -0.4351325064117, 2.3626246819546703, 0.23228938269495
1.3323733671201858, 0.017537981016627003, -0.98415774302259, -0.82355485069551, 1.6424281564259315, 0.37898176084306
1.1614752700252728, -0.007931488547254199, -1.5987862148701202, -0.77202347319252, 1.8090201806263673, 0.34374044376898
1.2832768189244008, -0.08287302336661201, -1.2024143512723902, -0.70557466353167, 2.2231853807987663, 0.26379987902819
1.429948574399669, -0.17765856192587, -0.21383448778706, -0.62278264844086, 2.168769047258345, 0.14446873298695
1.6680043639784938, -0.23599762852136, -1.4476010769833203, -0.69501431294483, 2.638625323601105, 0.04955409159948201
2.137457099353934, -0.32690444766562, -1.6164402065571812, -0.92814460781197, 2.7614476055275876, 0.24474585292697
2.3105762714892752, -0.30068401503492, -1.8556343901788221, -1.1353298455306469, 1.5805172399683416, 0.66870327951886
1.765945290435845, -0.27456882168579, -1.4109972518164056, -0.8876319409804, 0.84189644971317, 0.2236520417081
1.3457423246479199, -0.2329879452931, -1.7802160182243294, -0.68829303041296, 0.83769414782906, 0.020269742874691
1.4268547893030896, -0.20242684565641, -1.910907541520452, -0.59250803555381, 1.0251632930844414, 0.041754426714501004
1.3591286585109787, -0.16771858601419, -1.9554104015896572, -0.54725948562438, 1.2354548806118868, 1.55350431919e-05
1.3937995345039866, -0.14435402230584, -1.7459391755064688, -0.54224625176583, 1.3240375277473448, -0.0032654248988122
1.3981280193261876, -0.13959777032859, -1.700758107788942, -0.53675054233122, 1.3431426077999213, -0.03498016304696
1.426400798161758, -0.13500902250421, -1.5076859188114866, -0.53114539380017, 1.392757440400237, -0.023791267388679004
1.4226864419445464, -0.12226363529304, -1.4118942326299053, -0.5414479225361299, 1.319005607899628, -0.019758201878424003
1.358148864347902, -0.11371149878401, -1.5782901635176767, -0.52570687778636, 1.3021717750560515, -0.033689854205265005
1.2413875527813052, -0.11982944744258, -1.430984300893903, -0.50409236809153, 1.2779725310986831, -0.026142023102246004
1.1695720045247449, -0.107453300502, -1.2959348070121335, -0.50687601957828, 1.2365993433686777, -0.025443442235587
1.1782587149647572, -0.08434065740783901, -1.4588096331134415, -0.51833354944513, 1.164556159791088, 0.0092044521222733
1.1940879157927937, -0.077104203185823, -1.3580311376130836, -0.53548051167199, 1.1811141976471227, 0.05274026656015401
1.1515780669318234, -0.080410895131963, -1.289349614659387, -0.53296099392118, 1.137316352943231, 0.056355154546527
1.1196722440589368, -0.060348170756244005, -1.2987300544794065, -0.54559482972591, 1.078404656326822, 0.06989927604035001
1.1342812637349318, -0.057154226799080006, -1.3278035637697816, -0.53170182918133, 1.0907574675739422, 0.08796022765937
1.1423792903389844, -0.045857185178581006, -1.2284574669430808, -0.52839303752748, 1.123474680187308, 0.092339135463324
1.163767435481558, -0.038514888818113005, -1.2692740738035835, -0.53049221624667, 1.1453072060840175, 0.10031140516335
1.1712003220092133, -0.041244630746096, -1.1276958414918272, -0.5279427272895, 1.1586543713448196, 0.10441980990502
1.1912205948314805, -0.036201541095109, -1.223634589533806, -0.53346356086307, 1.1578128260100957, 0.10974153771789
1.125661963152735, -0.036357010507603, -1.1242686493129257, -0.51350128359434, 1.162137619301216, 0.13147093557742
1.1175390207902773, -0.037078959351441, -1.2427434301098348, -0.53403709475, 1.129862602938824, 0.1255357385982
1.1197248438814236, -0.03306185062629, -1.1496503770888775, -0.54028565546576, 1.147708773960153, 0.12575800808182
1.1526901908984826, -0.0082952608965462, -1.16701192093314, -0.53521423136374, 1.2086136666948388, 0.11951881582531
1.2345799065672667, 0.10785385854336, -1.018091597636371, -0.56032994778751, 1.6559462613937637, 0.14460868636907
1.1409171184081848, 0.22786071856693, -1.1524394047000344, -0.48350974769312, 2.497239311919575, 0.13232739980026
1.4072879668482356, 0.30459352019634, -0.94113432634802, -0.30047650433519, 2.7010987991111786, 0.15387365136926
1.7778020030550992, 0.30591106977902, -0.80612466543948, -0.28384678034524, 2.518412892981221, 0.16363397479148
1.98790566289005, 0.29723268725072, -0.42673157012585, -0.32064450072542, 2.232512208883459, 0.2174422877413
1.6308880295098538, 0.34741166202522, -0.60240935861797, -0.40342799456149, 1.9673205317502855, 0.24846726318441
1.554699571479604, 0.32213088591381, -0.43706166932236, -0.40978448490645, 1.9230114574264128, 0.3029832235821
1.5378400883195549, 0.3118079868907, -0.84295591381935, -0.38929766329693, 1.9256307192113384, 0.35817898672043
1.417155407088118, 0.28623768870311, -1.411543426103369, -0.41573648430135, 2.1561300103029803, 0.4371508940594
1.1813421734201102, 0.23586229758475, -2.3666451445709615, -0.53162013906064, 2.9246678616546786, 0.43460067316777
0.81597396280622, 0.23420841620588, -2.780649062492569, -0.85654821564154, 3.313221941758365, 0.60163372107904
0.76138795311348, 0.28643296862396, -2.9165521081644483, -0.93978401593756, 3.6745376928267546, 0.78618729797241
0.75204469854567, 0.31048165771294, -2.4503993327759814, -0.86673475315271, 3.9712136634777666, 0.78800876417201
1.1456677633870216, 0.3375052363442, -1.5168099649518734, -0.69409522146534, 3.055794685937444, 0.50909307678306
1.0027292784222603, 0.4124070859931, -1.414942615748775, -0.71575520351841, 2.173182715173172, 0.49457145155634
1.0562188036819085, 0.40052363533829, -0.95221443507509, -0.64574317660693, 2.1261895588675355, 0.41527975694774
0.82637781035608, 0.41530660287976, -0.86738845917921, -0.70029988320286, 1.8838487876189423, 0.32190472836746
0.61793527338497, 0.42290317596476, -1.1317711376631259, -0.82441261916755, 1.366996426965829, 0.33170002554289
0.72122610099986, 0.33663760822364, -0.69969746796874, -0.8032157399676, 1.4832329173537455, 0.29174976289552
0.73511126113797, 0.2139352445348, -0.64410108879146, -0.75452116168891, 1.4749633039482595, 0.14794932801924
0.80265261010331, 0.20420285951837, -0.87464902950891, -0.80635114969465, 1.4254338238562776, 0.07944282862641501
0.83229420699674, 0.17002250829434, -0.68583769862982, -0.76679141273918, 1.3901622061969496, 0.11156932067181
0.92047439382105, 0.1446809282735, -0.70210420461941, -0.75468342971344, 1.40926937645778, 0.10903939460872
0.92969221431396, 0.10903560403587, -0.5618242809146899, -0.71846701625347, 1.443224716773961, 0.09955554926305601
1.0165620330489793, 0.11484458018485, -0.89969644095059, -0.63657446129212, 1.3036800169992864, 0.1198155873626
0.91431896342578, 0.11726320143522, -1.0142650210688335, -0.57419129285167, 1.1681925962306794, 0.15237010927863
0.89717958100496, 0.10776096813394, -0.8965227956727, -0.55700557838353, 1.1477568778061078, 0.17913549469237
0.95993308146997, 0.11706849837328, -1.1137555439518292, -0.54094343612278, 1.082158969319736, 0.19598130394052
0.97217712646768, 0.11724575388302, -0.96027222216878, -0.52494804910492, 1.1156387018622589, 0.22651887091653
0.9148712810348, 0.13868814604448, -0.89438349416063, -0.50854403144344, 1.1204490710609567, 0.25545948869244
0.93164728820292, 0.13542179357111, -1.0201681707937795, -0.52336673043739, 1.1019258108205443, 0.25617349541336
0.94524808381307, 0.13180898666634, -1.0151014260497806, -0.53224006516708, 1.0913387039755973, 0.25931646447018
0.93005773450014, 0.14192701537138, -0.98457718797011, -0.51273732565069, 1.0916077665812114, 0.27106200119918
0.91170444168451, 0.1447610987567, -1.0161537490786268, -0.51213631645512, 1.1137040956308164, 0.27020058950764
0.89778824492388, 0.14681521998505, -0.96723721265143, -0.49463638433558, 1.123977960518507, 0.26641366864617
0.88756118518728, 0.14222479509777, -1.064334569747905, -0.5027248799545, 1.1001106222221293, 0.25384654886326
0.85784367557403, 0.14541262184339, -1.0053020492737843, -0.51203427041113, 1.0671974863194988, 0.26908258090096
0.71413181834347, 0.15897641387483, -0.78029167959459, -0.53316744424009, 1.0641546208250907, 0.28718440864279
0.5840907239011, 0.16390647233458, -0.76044112742763, -0.67783218910094, 0.78667217542295, 0.34278689983366
0.41542645062688, 0.15095144291257, -0.63980177361074, -0.76035608143501, 0.68654412595925, 0.41807017544181
0.54266915570174, 0.15181196316408, -0.66662991387711, -0.7760147102907899, 0.62370059401199, 0.41610895428428
0.5998641714558, 0.13855185570047, -0.82505027929278, -0.76719626390333, 0.67139454344977, 0.38365686042205
0.54346468899192, 0.13450723508651, -0.76810902005382, -0.72937966843456, 0.73175708966264, 0.37150535413247
0.63035065905237, 0.1223723313583, -0.84204807026312, -0.73356161089066, 0.70072937188197, 0.36432301323127
0.70527935139159, 0.12425870644449, -1.01148645928727, -0.75205103684818, 0.69124294739375, 0.35674625907611
0.68877953072323, 0.11231360941271, -0.95919275517498, -0.74882674412731, 0.75953004483787, 0.34624033024182
0.69211690275373, 0.108795596785, -0.95919506223856, -0.75627356444937, 0.70757825219774, 0.35008989269041
0.70115138365935, 0.10851567269766, -1.0205987768504772, -0.75549671356095, 0.72817464918732, 0.34962938066931
0.69224197186368, 0.11438773773153, -1.1077866660470739, -0.75875830541763, 0.7336884915901, 0.34486085772678
0.69514218358559, 0.11669866527768, -1.020373225011543, -0.75734970142634, 0.76390955728613, 0.34556593862351
0.78408160283427, 0.12472162197304, -1.2121510621523433, -0.73266514136961, 0.73902051092909, 0.32546919329366
0.78548823704118, 0.11863991161847, -1.0985644572068431, -0.72540800030185, 0.76009971108891, 0.32468921208516
0.79392992562953, 0.11250056424124, -1.1149595678185429, -0.74602245613543, 0.7417992007051, 0.3228893458199
0.76723940746693, 0.10953777487842, -1.093334017838166, -0.74445489996699, 0.74354348678867, 0.3268912929744
0.75689536401025, 0.11188674845955, -1.0954984870764115, -0.75168996492982, 0.73848492647173, 0.32077399738665
0.74257238083887, 0.10617552857256, -1.018149459362697, -0.74345858875783, 0.73324216016219, 0.32180662705556
0.74443293617267, 0.11358398354653, -1.0659883209185437, -0.73847010775248, 0.76525335987457, 0.31261411096323
0.75555359698945, 0.10875921613660999, -0.9743991519921, -0.7307390510521, 0.78770708623852, 0.30605655298341
0.76431178023583, 0.11378063877048, -0.9907738424579, -0.7296891217150699, 0.77092442059473, 0.30866612766495
0.73981770557586, 0.12062574741365, -1.0038351098492615, -0.72162840631749, 0.77448196253993, 0.30563259456313
0.71870123823662, 0.12669218614388, -1.0529638350687118, -0.72519519903607, 0.74689716819558, 0.31676947921074
0.68981019079004, 0.13018820424332, -0.98588619872029, -0.70691342791151, 0.7306995828183, 0.32787187251807
0.68234236034585, 0.13062865007432, -1.1198139422850124, -0.70953621702937, 0.76500530024025, 0.32801875698873
0.68736258673936, 0.1239864874214, -0.97604086754922, -0.71296965799055, 0.8414242137688, 0.33470279768902
0.69762861385778, 0.1213445792195, -0.96562105576036, -0.71374701274396, 0.8395811376503, 0.32866304367498
0.69715293954273, 0.12037654392718, -0.92650080296809, -0.71127128147145, 0.81826562256309, 0.3303952321796
0.70340028766411, 0.1226577176264, -0.98568231989751, -0.69985276920535, 0.78322514767357, 0.3245457301949
0.66864405452864, 0.11843880571543, -0.92393870258818, -0.69393838300147, 0.7620921915123, 0.34720184648764
0.6866416743617, 0.12107039998156, -0.97933159463855, -0.69918378248144, 0.77581539315211, 0.33854542113653
0.69239657237686, 0.11743140308018, -0.95724803861758, -0.70238884889224, 0.81826600103217, 0.3358738924249
0.68865729976834, 0.12383682839308, -1.0210805805347174, -0.70614685032616, 0.80164589937761, 0.33626255051229
0.65089829866503, 0.12227904730156999, -0.95832352085112, -0.7066899547811, 0.8604233566273, 0.33731867462627
0.65820542228535, 0.12360652802248, -0.96991032292314, -0.70309758491071, 0.82788011127648, 0.34104061800693
0.69244073113015, 0.12367715079723, -0.97670842972874, -0.71149479396649, 0.79716131999351, 0.35167176045811
0.71588438347556, 0.13159487922676, -1.0703762254463478, -0.70148304602433, 0.78895709396364, 0.34814384015461
0.69384681201315, 0.12115159221732, -1.0193681073134584, -0.71392274562554, 0.84080036006292, 0.34939056191038
0.67812582680561, 0.12672433247882, -0.96922390163326, -0.70520217530075, 0.82958011940315, 0.35111827827748
0.63526522652086, 0.11623471686162, -0.95842555998442, -0.70624187319489, 0.86395713826118, 0.34395243825552
0.64913052422662, 0.1211615039427, -1.0052561537117826, -0.70540896551005, 0.84167738660782, 0.35449846908763
0.68131731786548, 0.12439516457837, -1.0074096597035305, -0.70695076216221, 0.8057733858263, 0.35184874322251
0.68692538671917, 0.13063708428277, -1.0001950056398183, -0.69462209610705, 0.7970275302378, 0.35175581641025
0.66417992621231, 0.12541705515926, -1.0261529161058807, -0.70045863530387, 0.80687562608582, 0.34943217247571
0.65004869974167, 0.12330807571018, -0.9795953967513, -0.70393010408673, 0.80876599871056, 0.35146625637706
0.6365015457733, 0.12018475226621, -0.9876614246922, -0.69936677919483, 0.8340271769236, 0.35126824546478
0.65656232554539, 0.12532039279504, -1.0078783086168106, -0.70326666072027, 0.82393264849019, 0.35347742331767
0.66748912411749, 0.13019565307338, -1.0395048311431387, -0.70522863867078, 0.80370240233616, 0.35400634842318
0.65128001795922, 0.1274736232703, -0.94189930328333, -0.69295234391815, 0.78878160046014, 0.36432411885273
0.62343449871317, 0.1228863045203, -1.010815138861469, -0.70118913514617, 0.82592507871709, 0.35086637744865
0.62381055919768, 0.11887231329824, -1.0760446524809923, -0.69929762673758, 0.84988488150573, 0.35331670449619
0.56679013613005, 0.11386027916845, -1.1564129696741492, -0.68041574060997, 0.93114102131819, 0.33970051469289
0.57838983594603, 0.11082519462957, -1.0417584208599637, -0.68581991208348, 0.90131134143533, 0.32550538752424
0.66333245337291, 0.09228056797844, -1.1970770438481089, -0.70653270329255, 0.85049005422718, 0.31749255109425
0.68393655746791, 0.07772131345641001, -1.2481806682702385, -0.71508507784429, 0.79710906587093, 0.32199645137348
0.72019106861899, 0.07252320630339, -1.3007328439532848, -0.72526851958913, 0.81433884808207, 0.32623592817565
0.71294418337734, 0.067064786515642, -1.1129044070863088, -0.73242935601092, 0.83372364167137, 0.32253163691045
0.72140845454876, 0.084480632185152, -1.0871119383207353, -0.72451407256687, 0.82629080670448, 0.32609646589454
0.70927279778895, 0.09292996889137901, -1.073752625194622, -0.69929173485929, 0.83411189239691, 0.31747130712259
0.69205241901243, 0.10556622028036, -1.0777822554861332, -0.6915910973616, 0.82790258058567, 0.3134392387061
0.66750361375283, 0.10585558810214, -1.06214924902275, -0.68463456962179, 0.83114718432175, 0.31938398102378
0.68697303447895, 0.10664996282398, -1.163568068014666, -0.6924290324012, 0.81012817884635, 0.32774268846165
0.69620522795384, 0.097630421596475, -1.1169934204259502, -0.69239361944576, 0.81406221694419, 0.32185836711924
0.69100084167983, 0.10490263882346, -1.1355982423766418, -0.6852010999487, 0.81706726423071, 0.33337348816351
0.65162563852244, 0.10276020125076, -1.1201129171205668, -0.67528035851173, 0.84752475552561, 0.32859291964314
0.67013210657321, 0.10920924480381, -1.088738281104469, -0.68599009369357, 0.85332846550203, 0.33497483000756
0.67419994194141, 0.10952140325949, -1.0369981691061385, -0.68936160139242, 0.84214148543551, 0.34677947682647
0.70688889677637, 0.11060345097462, -1.1332509682947705, -0.68799649363612, 0.8331037198958, 0.34604930675914
0.70540761734816, 0.10556273165239, -1.0872522566178728, -0.677637866178, 0.85525116736128, 0.34060069629615
0.68249615249648, 0.10589392400833, -1.105620614424969, -0.6755436276154, 0.84983648877493, 0.34661182675899
0.66037988005847, 0.11123085867017, -1.0804873173597471, -0.68222343619798, 0.8794901153567, 0.34869569430408
0.66250377552957, 0.10754628887986, -1.0932798313731276, -0.67891596676378, 0.85768543452787, 0.35756359484758
0.69086474385196, 0.11136830974334, -1.0637917262668692, -0.68296465202068, 0.84821904339907, 0.36063743082981
0.70831349228213, 0.1172766618097, -1.0779093738824246, -0.67175184971111, 0.83269925429912, 0.36101141119367
0.67379923394452, 0.10879643471716, -1.1246535270450788, -0.66368571453297, 0.84595725181184, 0.3629092344227
0.66641145226927, 0.10998889424729, -1.0611645191293904, -0.67408287494112, 0.85121487878289, 0.3664781023459
0.65669356498993, 0.11006339802448, -1.0745261839194837, -0.68057072897227, 0.87202343280647, 0.36452597604535
0.66339096844036, 0.10899229195076, -1.0749208141157283, -0.67604645507836, 0.87473470675072, 0.37448918141398
0.68330440947689, 0.11716501961687, -1.0961621973693116, -0.6748945680379, 0.84468463777081, 0.37177006765659
0.66756056851469, 0.11896739572354, -1.0155726817354354, -0.66313175192428, 0.82427576353744, 0.37798026284196
0.65889231441305, 0.11158165055391, -1.1147264789347653, -0.662233664245, 0.8660111981179, 0.36444938322183
0.62762669884907, 0.11078242222368, -1.168922420735767, -0.64651432673255, 0.90631778266228, 0.36171448611786
0.60558219872883, 0.11141246282781, -1.1443070702062936, -0.65001766230958, 0.93722464218476, 0.35805626548038
0.57039621398448, 0.11129991575683, -1.1745158814796814, -0.62281820934661, 0.96334286903591, 0.33736043868876
0.64330530933972, 0.11197834906884, -1.4053252624119197, -0.60124132654239, 0.86689224253911, 0.30941492083546
0.728507402168, 0.080342740144762, -1.59721104849871, -0.68280229409285, 0.76850661425008, 0.3042457768911
0.78811188895156, 0.053604179341550005, -1.6087912856297917, -0.7318242373799, 0.75132627642896, 0.3309009072588
0.76567455995017, 0.056829209418625, -1.5101346988693853, -0.70317354653375, 0.791967405435, 0.30604359181192
0.7670399693868, 0.071522559700941, -1.4953719406391095, -0.68249123884291, 0.79672599198162, 0.30756732886346
0.75199041084593, 0.08061049545882801, -1.4701736898670088, -0.6653252943656, 0.80415922360123, 0.3060915918625
0.76218942877963, 0.082080461897861, -1.450286696485774, -0.65821565793783, 0.80669202313989, 0.31210838100452
0.75524856459429, 0.08766037096105701, -1.3916077881194886, -0.67172939555692, 0.83608442928477, 0.30968106366359
0.7743121183639, 0.085637913486831, -1.3804512513051703, -0.66541629941859, 0.8138816792085, 0.31845108456136
0.75363873154628, 0.079437337528417, -1.2609156685077356, -0.65633162760762, 0.81916155624449, 0.32117911223291
0.72119613158339, 0.081777756456738, -1.1023786149774986, -0.66302991476278, 0.86367604254671, 0.33114789838277
0.77157338871889, 0.088845102698239, -1.12785904296914, -0.65736715213923, 0.82371409205786, 0.31814037186776
0.77299517447855, 0.09325285229347301, -1.1482943713989648, -0.66282298576348, 0.80598490030962, 0.32299753140288
0.74954528906563, 0.10539437381058, -1.0726855695360678, -0.645903033082, 0.83391814406033, 0.33139003617678
0.74695427612408, 0.10539440217107, -1.1445795933686167, -0.6504128228568, 0.80232176392096, 0.33232010647648
0.75720409255049, 0.09764089321837201, -1.2584553883625396, -0.65387263323023, 0.75689294013761, 0.3293141725375
0.76127054332286, 0.10660412403605, -1.2518884437208015, -0.64677359837019, 0.76948823188322, 0.33346868052009
0.73049409554115, 0.10798319533205, -1.2571397946923577, -0.65079644681944, 0.79903940989364, 0.33183264133893
0.71778224867825, 0.10899326068217, -1.178490023922648, -0.64629752826481, 0.83026775047406, 0.342050090492
0.73173500446677, 0.11230057207592, -1.1128646069216086, -0.64912582874842, 0.83355826120797, 0.34670712195776
0.76077779108582, 0.1202308409812, -1.1550243832827052, -0.6436864641887, 0.80064579846783, 0.35449405140447
0.73350522866335, 0.11025607069903, -1.1784720280109666, -0.64149145876083, 0.80973473918449, 0.36417039040973
0.72075877586739, 0.10699839128461, -1.1521754688752814, -0.63581962653633, 0.81886544720238, 0.36908766253881
0.70158109750819, 0.10225158368522, -1.1554131566911816, -0.6446095676179, 0.83158999230674, 0.36148441516103
0.7080104182719, 0.10802308396483, -1.1085959296883587, -0.64232748900978, 0.8158084050927, 0.36447559796479
0.72663185311296, 0.10545609481846, -1.1136136116912594, -0.63563533812064, 0.80867584616857, 0.36973745760887
0.71818455367743, 0.1085431533688, -1.0326092153331998, -0.63638974857648, 0.79275704284058, 0.37923642517485
0.71946927857268, 0.10468672539062, -1.1982009481807794, -0.6367791631149, 0.78445661065821, 0.36697767755734
0.69996686884248, 0.09475007231207001, -1.2592762294367519, -0.63905099409866, 0.80917651136753, 0.36198559017858
0.69812374004866, 0.10464230584027, -1.2835714729545278, -0.6159537777068, 0.85011438932439, 0.34811303704086
0.64790189769516, 0.1005614048422, -1.2072538233474321, -0.59804871649568, 0.8869716821677, 0.34099798360234
0.69367419689157, 0.08397816893269901, -1.3307461623190577, -0.62370849644009, 0.84667123111659, 0.3377314133689
0.72847788641235, 0.081590869329938, -1.3091519126842988, -0.63869254618536, 0.85755930979173, 0.34419464159191
0.7779357992607, 0.07707575733386, -1.4227027584352672, -0.64825113958343, 0.8215624176666, 0.34380662793335
0.7737682781353, 0.06778100226533601, -1.3248661897929284, -0.6288280794797, 0.84382422359706, 0.34666966637509
0.75691048538965, 0.06670658475030601, -1.35658265275352, -0.63442908416008, 0.8352132683727, 0.34721366296185
0.73656056778844, 0.074814128778837, -1.36063411292379, -0.61260961457514, 0.87726451613045, 0.35209707532767
0.72212424129733, 0.07711389071497801, -1.4197498414654042, -0.59613824006335, 0.86692605251828, 0.35431200378889
0.71851551735033, 0.07859338112134301, -1.3180550444496377, -0.61982701708407, 0.88851300099643, 0.35792801692389997
0.76158327135573, 0.079072301842978, -1.3718491773812158, -0.63268459667176, 0.84447298061235, 0.34997345195261
0.75761279534384, 0.079139556450252, -1.2921245423673902, -0.61846880861985, 0.85539994369309, 0.35434621492955
0.7403337771944, 0.08050846525778001, -1.2775362022941699, -0.61347638254865, 0.84758876217723, 0.35223994275655
0.73430428325926, 0.082421815135735, -1.3068943451944417, -0.61068758903695, 0.84425690900816, 0.35081209321501
0.7434527515088, 0.08615069266030101, -1.2738301331655413, -0.60948390014704, 0.8443484118583799, 0.34965423851024
0.73656558652545, 0.095401706127377, -1.1757147351714836, -0.60713198108007, 0.83221997983884, 0.35831665147428
0.76061572181648, 0.09722502656461, -1.2916488170923748, -0.61184778064472, 0.78683020350412, 0.36082396750479
0.77442236668222, 0.09317880027351001, -1.2718652775894075, -0.61264405012468, 0.80807479183273, 0.35399502903727
0.75756813381827, 0.10172503893394, -1.2498085614006789, -0.61956184625163, 0.79387935382916, 0.3545794714884
0.75645783222799, 0.10158955725497, -1.2422655478259, -0.6078353119456, 0.80838563356064, 0.35613304721793
0.75529023340152, 0.10221621577972, -1.2114699790884829, -0.60722665426814, 0.81015706028147, 0.3596021934958
0.74938996466568, 0.10553393948188, -1.1085721023940422, -0.61141460311918, 0.82428724869679, 0.37396332470567
0.74040889442986, 0.10878216988535, -1.1191952239941296, -0.60359047121914, 0.81718563580428, 0.37490404975309
0.75650345655323, 0.10497428574238, -1.187256181101992, -0.61390128393665, 0.76853695827858, 0.38881298449719
0.73931322115619, 0.11199928492096, -1.116842466524437, -0.62357972903066, 0.76748523099992, 0.3917531960938
0.74823680958269, 0.1075139465415, -1.1378959912290565, -0.62637691055412, 0.75357862878263, 0.38605650810038
0.74898305596558, 0.10596069866506, -1.0975408694254611, -0.61559491288244, 0.7567003359964, 0.39612742062399
0.7597413448774, 0.09869927356128201, -1.112018929166437, -0.6274919249, 0.73943362961688, 0.39716475668384
0.73059780127688, 0.10499431078097, -1.039438494219911, -0.62933101939569, 0.7383433718439399, 0.40425491745557
0.71671124824867, 0.09524639969241601, -1.250499678117292, -0.65441486501611, 0.67764870459147, 0.39519273841345
0.7270019555042, 0.09208029082701501, -1.2743936081542817, -0.65746043495807, 0.72044434241982, 0.38357819524978
0.70745350748719, 0.091732678900378, -1.2601772273222784, -0.66489464658459, 0.80358214912131, 0.3667363827765
0.69794426789126, 0.09374315839925201, -1.1772833463462042, -0.64729389180589, 0.81883011923329, 0.36520107159436
0.73335606247833, 0.099062203527377, -1.295468587083331, -0.64275789334368, 0.77964721772666, 0.35581889405645
0.75173068209535, 0.09964340352508501, -1.3015323860208299, -0.62844555979913, 0.75324987251467, 0.37205665920575
0.72511222373011, 0.10493515834133, -1.3538263207571068, -0.62799209730956, 0.80682008981972, 0.37195171692619
0.74960277551001, 0.09177349126157201, -1.262329924369789, -0.64276762714186, 0.80082509885451, 0.37356003831995
0.749355106456, 0.08858302517239601, -1.3168094671414885, -0.64167281158037, 0.81268343690036, 0.37392194632727
0.74956047881621, 0.08783348201354901, -1.2865792660908304, -0.63100003869535, 0.82991050273309, 0.37085037610841
0.74895733691635, 0.094085776644865, -1.3268813029680218, -0.62831337160415, 0.81238745678643, 0.37048383442953
0.72622118186301, 0.094630102222266, -1.2285669692269754, -0.62530199093292, 0.81167238755236, 0.37968692324895
0.72269086974088, 0.096846955245399, -1.315637928618436, -0.62622844344008, 0.82623145955419, 0.37408563390166
0.72653203452717, 0.096631451545373, -1.2172885745932938, -0.64207820597476, 0.83251146394074, 0.38082025015297
0.74862995168028, 0.10131292270212, -1.2529769598365896, -0.63869022719066, 0.83259748715385, 0.37953771320462
0.75032801440506, 0.10128430666863, -1.1918925540699816, -0.63519280673612, 0.83545989361077, 0.37894496644791
0.76172357162674, 0.1020729320801, -1.1627684482201028, -0.6313826343377, 0.82251664640786, 0.37860913873748
0.74441537623122, 0.09970264110531801, -1.0706475544687013, -0.63715691401656, 0.83533609311813, 0.37646456960796
0.73436769717727, 0.10067535466566, -1.1578020850645234, -0.64374069544285, 0.79596636180169, 0.38050134047591
0.7462214848941, 0.10550391856904, -1.106053428639548, -0.64341103179922, 0.8064364612903699, 0.38131919921209
0.7591241455627, 0.10176426991209, -1.1521479639769723, -0.63987142295245, 0.8063704022253, 0.37997228756943
0.76074684577142, 0.10260239879879, -1.0944486430633025, -0.63998130953176, 0.81949240779241, 0.38301161808573
0.76084488692472, 0.10032123255074, -1.0847811928833302, -0.64749027954298, 0.811631922911, 0.3773442096725
0.7322772378336, 0.10794861624296, -1.049785961711932, -0.63778537259354, 0.8009785330734, 0.38737301954948
0.74153782306014, 0.10084691134317, -1.2045094362848592, -0.65361561881942, 0.74630013564687, 0.38491652036783
0.74468405607174, 0.099655374421309, -1.1168373301041281, -0.64577355962482, 0.77064712506734, 0.38405714622636
0.75197398258763, 0.09830430298967101, -1.17704164899088, -0.64474272514368, 0.78544792966113, 0.38488904165375
0.75094202523394, 0.09985619846808401, -1.1508632041589846, -0.63602386533057, 0.79765256025805, 0.37899238846618
0.74137319246086, 0.1048636738402, -1.1551240716595972, -0.62669663399309, 0.7871300975638, 0.38014013149538
0.70308004148464, 0.10494388229076, -1.0826348566772839, -0.62739426590025, 0.77797511910329, 0.38699007375251
0.70370902182234, 0.11209345806969, -1.176405385995797, -0.64493599958654, 0.761011409529, 0.3900577671964
0.72374441166185, 0.10365713293121, -1.0985356204363375, -0.64530132040116, 0.77818587201523, 0.39159605150198
0.73525956471834, 0.10639224016023, -1.1417048841433084, -0.63837794155006, 0.78725237261791, 0.38759103902669
0.73084872059188, 0.10525875176471, -1.0909707826158017, -0.63568980065312, 0.79211588437581, 0.38547151602512
0.72215899468702, 0.10694436369126, -1.0886216449100465, -0.63404074973645, 0.77513291253753, 0.39183910131704
0.71057923299428, 0.10756468890909, -1.0483507153336915, -0.62799405825149, 0.78007940967011, 0.39786392883884
0.7126416158483599, 0.11220241644168, -1.0452278011234948, -0.62036584319878, 0.77584337879994, 0.40629119930988
0.71763030562264, 0.1052962066377, -1.0716703775178398, -0.63224550451725, 0.76936762279189, 0.39963953202061
0.70442310255799, 0.10205003902132, -1.0231001998605025, -0.63643509452242, 0.79446456509141, 0.39050153131082
0.70649517305581, 0.10182586424209, -1.032888478020589, -0.6295704389639, 0.79901461637163, 0.38996958440066
0.70871137375853, 0.10825929863034, -1.0075071218864675, -0.62560195844154, 0.80180649584956, 0.39819777510544
0.71207592491507, 0.10997750308562, -1.0001282555606792, -0.61874505593134, 0.78581225227648, 0.40758898377651
0.68905326201263, 0.11432172455184, -0.89176349669579, -0.61613777928837, 0.8074491194993, 0.41629701777983
0.71107184166411, 0.11430258393363, -0.99775486910032, -0.61978213302159, 0.755863301671, 0.41253408683282
0.73735572784933, 0.10571492929916, -0.97806823630559, -0.63849842375768, 0.77310715502372, 0.40880372548573
0.73148195236972, 0.10942171688746, -0.97291655533669, -0.63225822255741, 0.77200615233385, 0.40695977104279
0.73668262645855, 0.10417191206717, -1.0002356244651491, -0.63399819597551, 0.76709930773418, 0.40474222273088
0.72768730795691, 0.10490868222963, -0.97628957776682, -0.62339076245494, 0.76371469343565, 0.41824310615337
0.71810368714221, 0.10757597813964, -0.98918542896577, -0.62330708580902, 0.76459864763691, 0.4207788931864
0.68213553885341, 0.10677799872266, -0.91570782084129, -0.62526734159884, 0.75843058366363, 0.42461806643178
0.68647471831583, 0.10457801803784, -1.0507576773116347, -0.63070789969409, 0.74851527500954, 0.40473988428765
0.69587513462215, 0.097405482946049, -1.0104552528940758, -0.64089495147545, 0.77551726562739, 0.39960699015057
0.68378706650223, 0.09309093627996101, -1.058212281645304, -0.64715668346311, 0.81895716509608, 0.39721701232365
0.69093291946997, 0.09893180618416501, -0.99633061738344, -0.65725998983657, 0.82451174187629, 0.39323869035189
0.71812062201284, 0.10534261471665, -1.1241406803120864, -0.65382997414758, 0.80066521316625, 0.39361280620966
0.72129373500261, 0.11113518095363, -1.0987616610302806, -0.65168715619804, 0.78460678399999, 0.39827036717168
0.71793137720807, 0.10522809208775, -1.2313601153737848, -0.65293279576399, 0.81415397681322, 0.4012408499361
0.70910243626654, 0.093671146909376, -1.0543476899038113, -0.65169544221324, 0.89066827660259, 0.39501621883635
0.73941961114345, 0.092851118638185, -1.1331607652883262, -0.65368411297568, 0.80821009094347, 0.40762758630743
0.74504158739418, 0.09770021042126201, -1.1372671413504023, -0.65084265566296, 0.78317489238141, 0.40069405344718
0.73453970272016, 0.08991237568429901, -1.1425000541866144, -0.64823740323193, 0.75918999832811, 0.40018249228942
0.71532374915457, 0.091814696117262, -1.0512628737556122, -0.65755440080328, 0.78443938232393, 0.40685655644667
0.73046698423223, 0.089935227374421, -1.0462635190963547, -0.6662196189256, 0.77725990810827, 0.41012642549587
0.72830366141195, 0.08617368385084301, -1.0461666326860732, -0.65193228630056, 0.78103158159266, 0.39376187024522
0.73507790139634, 0.090560181743285, -0.99547909425271, -0.65628485635917, 0.77970679312659, 0.3882106689676
0.72987232838628, 0.09395210508923, -1.0083789572541009, -0.66170972721496, 0.76198938317885, 0.38976140473456
0.7470046910995, 0.09352243701490501, -0.95413523999994, -0.65292865411965, 0.77058721557097, 0.38769760792207
0.73876281426516, 0.10078447956075, -0.85857136239484, -0.6560275510569, 0.79022297024432, 0.38345420227256
0.73803020988034, 0.09993469447867401, -0.92041721380306, -0.65506247244054, 0.74972845516012, 0.39066319191383
0.75842377874298, 0.094365109773344, -0.95975216986983, -0.65246177218694, 0.74078202027742, 0.38982557130967
0.7757501218616, 0.10181062160624, -1.0074718599861154, -0.65123678064118, 0.7217548028507, 0.39122792734184
0.74743949282111, 0.10197660608377, -1.0376773938555646, -0.64889968523301, 0.73920063753719, 0.38671004121808
0.73161643406387, 0.11026040160929, -0.97589501655364, -0.64753958858155, 0.75909969349811, 0.40392501751462
0.72027404638735, 0.11152220358509, -0.82472048375315, -0.64735729699038, 0.77457510398629, 0.40914874416526
0.71023513743279, 0.11519931973863, -0.90255169297313, -0.65145894610338, 0.73414372782342, 0.41595961140481
0.75539888144314, 0.09700449873765801, -0.97356152398083, -0.65600619113269, 0.72020573584426, 0.40355814016077
0.75384337940336, 0.10054996068367, -0.97750475694481, -0.65067819396449, 0.70025017078007, 0.40395449711141
0.74790714326613, 0.10249139557335, -1.0067556788865697, -0.65559830658581, 0.71262174730991, 0.3969136205048
0.74575256839062, 0.10439049200023, -0.9571555463573, -0.65100264327337, 0.73565499273309, 0.40189945127561
0.72693727369055, 0.10300693026042, -0.93421600734111, -0.64334811204709, 0.72081065294355, 0.40357263096292
0.69570024317585, 0.10531018911656, -0.84992936288916, -0.64073892180432, 0.73153494192484, 0.41897544506408
0.72065891380574, 0.097603168994061, -1.0109343670125965, -0.64346985301835, 0.68215235214998, 0.41177202462898
0.70526607158911, 0.10177961437783, -0.98549058892394, -0.64907617000021, 0.69459185644967, 0.4072891022554
0.69903278617276, 0.10404244031142, -1.0023369434142144, -0.65473187921471, 0.70518847600107, 0.40678349164536
0.70844195567508, 0.10049061558671, -0.95067582679214, -0.65419823861906, 0.72025373511373, 0.40556632234925
0.69814165000831, 0.099290522705808, -0.93052776023646, -0.65692669664318, 0.70577559810743, 0.40780028017721
0.67149783406376, 0.097683064382815, -0.82484985274586, -0.64007989994982, 0.72118529350332, 0.42020671884915
0.67451598260588, 0.094129837159846, -0.90819829839832, -0.65787519610957, 0.69943650551898, 0.40580712925105
0.69836306303595, 0.088122282022302, -0.95317714250478, -0.65909605695629, 0.70285770728207, 0.4030119609742
0.71265712661707, 0.09196507374484801, -0.9796211663095999, -0.66327443159981, 0.70327801889465, 0.40060018244336
0.7216278689283, 0.09260617617080001, -0.93004532884758, -0.65358164880898, 0.72389145755647, 0.40767277684876
0.71140592708707, 0.094369015743633, -0.8868552556056, -0.65714584686591, 0.70938164528615, 0.4047692798832
0.70929607134088, 0.09509185302550201, -0.81026386968592, -0.64968453082962, 0.72960403850422, 0.40984912635711
0.74047144225695, 0.09577803964831001, -0.84427593207497, -0.65131628808308, 0.7454654531973, 0.39689194637498
0.71842306243671, 0.081250448365435, -0.89434040604115, -0.65153777206811, 0.72082428638019, 0.39408991067646
0.71178677663258, 0.08471105169765801, -0.91950237681555, -0.65510846069042, 0.70909020465923, 0.4154704744492
0.69292637525414, 0.08549013419370301, -0.99047097382087, -0.65699722550783, 0.71967284186342, 0.40482139724255
0.67823024304053, 0.08333416364693301, -0.98380918647131, -0.65683903455844, 0.73568760879091, 0.396639250058
0.62341326852616, 0.082021648988939, -0.92167904364434, -0.64786354600797, 0.77368965657715, 0.3997844945002
0.70353235269005, 0.090016741383037, -1.0264941654166178, -0.63466298131455, 0.66560611840818, 0.40414331885359
0.68659058728805, 0.074004407655003, -1.0745239538241977, -0.64347710841282, 0.76152024961946, 0.41503805302529
0.70379216090704, 0.066361689064105, -1.0232280058730687, -0.66331329682816, 0.76502460720506, 0.41030766822918
0.72614571275474, 0.065901403824615, -1.0521119748890648, -0.66012178371196, 0.76068489218755, 0.39802729613666
0.72529995457492, 0.06712659146315, -1.0280729266650626, -0.65217154242384, 0.76354328234398, 0.40396064052466
0.74939641535994, 0.06866341457224101, -1.0525944931829445, -0.66195722073053, 0.75016872812291, 0.39342473422274
0.7387573527278, 0.070389384671611, -1.018163679011457, -0.65959591312121, 0.74077702715235, 0.39254408892221
0.73679119379729, 0.076733147300307, -1.1126373159781195, -0.65564115013358, 0.7495108380989, 0.38444761888045
0.74305956501201, 0.061860070804839004, -1.003260894646116, -0.65964003386684, 0.77836346799576, 0.39007906884572
