the brain
0.0, 0.0, 0.0, 0.0, 0.0, 0.0
-0.022947752610002002, -0.00272101602756, -0.024963127822554002, -0.0056712989028043, -0.014511420458210002, -0.0008091386298805
-0.0074703373517483, -0.0049659101314964, -0.021984929555717, 0.0023229044144554, -0.01037987593489, -0.012524560433279002
-0.027709674336584004, -0.0027795378078394, -0.011824373362255001, -0.0057210003378327995, -0.020566364412079003, -0.012535299031829001
-0.04756721715052, -7.5739385568e-06, 0.0003098300707466, 0.0043651042484498, -0.039903958940593, -0.012959169916476
-0.046663134456674006, -0.0040199871744601, 0.08516483175532301, 0.0030155251659952998, -0.047970818583219006, -0.022918394603217002
-0.041040894048659, 0.0019181540620566, -0.12192611571121, 0.0089925523935384, -0.021538792678075, -0.020544530434521
-0.040070992229641, -0.0054144358409665, 0.021434956807567, 0.0060004463941747, -0.027176174374962003, -0.025862089151890002
-0.031664975132514005, -0.0060993667576831, -0.012136137539184001, 0.0096414281185986, -0.026197059103721002, -0.027304326160738003
-0.031442470574263005, -0.0059184387966565, -0.022978722628598, 0.0051454066989074995, -0.015077893112728, -0.019539489436416
-0.033658876509889, -0.0059020666458670995, 0.010709111600906, 0.013110870213275, -0.017929881621728, -0.019751335979902
-0.035554555178593, -0.0061750212911505994, -0.012761088970239, 0.0075099942413793, -0.0051811993803123, -0.028113652685746
-0.024662908014027003, -0.0039866947600093, -0.020013556769407, 0.0075885398411736, -0.019705383760693, -0.020730395013965
-0.020956294808628, -0.0067001761668677995, 0.038237139885081005, 0.010765284300191, -0.033833179895821006, -0.029351037430166003
-0.037882619040357, 0.0019476556879271, 0.065437073872896, 0.011660703719335001, -0.053657138723027006, -0.022479871315399
-0.024258004572775, 0.0021110750405041, 0.015829334141872, 0.0086450295746957, -0.041680466696267, -0.019492352452294002
-0.040131643130711006, 8.059047938e-07, -0.0064272153714998, 0.0095929908785311, -0.017816955353555, -0.017187838450429
-0.013441488175771002, 0.0022054663322581, -0.0028531792700726, 0.003248271967896, -0.011878946663051, -0.017324578207132003
-0.0003533445936232, -0.0014839736149365, 0.028329634674987003, 0.0039694192709833, 0.0013161417833338, -0.0064555689851438
-0.044151716447270006, 0.0030845279958494, -0.10867099606743, -0.0048419469699981, -0.014650545242784, 0.003922890456561
-0.011158420425674, -0.0003188364640693, -0.0086590648012022, 0.0025166289410345, -0.0053439414379317, -0.0078081330779223995
-0.0075152539269558, -0.0066818603127819995, -0.053555513319246004, 0.0021898476061644, 0.0077196838647457, -0.0067230181638358
0.0037900327217222, -0.0084419062973777, 0.0026553650505665, 0.010239855686703, -0.0001860025043016, -0.014242181611011002
-0.025728047057211004, -0.014287612540639, 0.14283727909272, 0.0051607691064321, 0.0078694978593303, -0.0053780071872268
-0.0024247787851355, -0.010798688368223001, -0.034293911320585, 0.0035499683911581, 0.020309035206004, -0.0053893023085963
-0.017930843721528002, -0.020379831275443003, 0.05975486061197201, 0.010205846697193, 0.0169240776476, -0.0041017050145527
0.0061600229566148995, -0.012143809197829002, 0.025252522933270002, 0.0011581499011236, 0.026101072468584, 0.0010073575229324
0.011568151716604, -0.012850132339751002, 0.051264643753482005, 0.0057643638230318, 0.027089769432218, -0.0021965722650709
0.023413209806285, -0.015224842116995001, 0.070481903699065, 0.015863563948848, 0.027668643739534003, 0.011664838312096
0.014915461446285002, -0.02021175145736, 0.017053446524947002, 0.015105005601060002, 0.022278912513168003, -0.0013599814079638
-0.024408139862434, -0.029643794978006004, 0.13107628169048, 0.009976824801855199, 0.022054788062523003, -0.0102137837602
-0.040149169497711, -0.018774021547636, 0.11102285904582, 0.0033895228316385, 0.027463688518658002, 0.002639328979635
-0.024863377863881, -0.0063225259331610995, 0.06955499346683401, 0.010410723209958, -0.011731145905961, -0.0001451956051406
0.0052397199110653, -0.0072057646475373, -0.10619113273867, 0.016222264905616002, -0.0071537491844128, -0.0054257288422445
0.012667889101248001, -0.008891911524867, -0.03730042719276, 0.014354013937408, -0.0049925596590641, -0.009976015642935999
-0.017004591761109, -0.014161492530517001, -0.0032967955694605, 0.011474194253645001, 0.0097918647755578, -0.010432890128682001
-0.0042676552496213, -0.0070187348991886, 0.010965928401419, 0.0069136686590497, 0.0053870115912127, -0.013478395904898001
-0.030229647017023003, -0.0065788015856265, 0.032943529353346004, 0.0037219082600175, -0.01688647420478, -0.0095957704677528
0.0014254583717216, -0.0051179212203495, 0.013387333687401, 0.0030818140239059, -0.0006871094820637, -0.014336947163832001
-0.029292465647936004, -0.005512505749267, 0.011177978102467, 0.0079587742659012, -0.038644542789936, -0.012960062341044002
-0.029071073278558002, -0.0096738342993771, 0.065290016274482, 0.01337358377445, -0.038073092128614004, -0.022601643132218
-0.027071366539444003, -0.0002365002224158, -0.10746328760681, 0.010927019399656, -0.04230428748125, -0.029140601345866
-0.03416715712466, -0.004027944117263, -0.034430128461855, 0.022112870397006, -0.039167227256026005, -0.022870819766054002
-0.013941663946298002, -0.0043815652110664, -0.0014597717774084999, 0.0057222497431061, -0.034946853079572, -0.028795845178984
-0.026042158368552, -0.0080660232231347, -0.0081752112955583, 0.013227177881624001, -0.023781151252639, -0.023001532413101003
-0.030057589622430003, -0.009258251037745, -0.023764623808882, 0.012896434381261, -0.016519139463541003, -0.031722097951456
-0.029736897569412002, -0.009845599231202, -0.027672117795748002, 0.011638544159306001, -0.035947682477674006, -0.024909532554549002
-0.027669905890205, -0.0096022094140808, -0.0019283049460076, 0.0080236794359258, -0.035052897909054005, -0.026675054205368
-0.046727069218947, -0.010144707615938001, -0.019370630616072002, 0.010531871807169, -0.03176514949999, -0.026974428587624003
-0.050413416924886004, -0.0086420221238628, 0.012374273482244002, 0.019795158175141003, -0.041849072605364, -0.029449956156002002
-0.05384257863069, -0.011863399574428, 0.08992144299487001, 0.018891375883578, -0.05534014437781801, -0.028155659814415004
-0.05445981634271101, -0.0049035606702014, -0.062477561289175004, 0.012311155711503001, -0.042954859402, -0.026284800954052
-0.051784229367303, -0.010714780689056002, 0.025225778792855, 0.01216574180588, -0.032078621932219005, -0.03753342731188
-0.031946018366593006, -0.010359410044877001, -0.010083668249991, 0.014432315744059001, -0.03435697041744, -0.033771817459653006
-0.048489259739021004, -0.0093832406668031, -0.0049912991916537, 0.013510378771064, -0.02952356350712, -0.029824246694922
-0.042921867165265006, -0.0073287637926565, -0.035746496447921, 0.01605328842689, -0.03604443279701, -0.031646264709158003
-0.033317878438627005, -0.0061811295912655, -0.028128292093876003, 0.0071468746626019, -0.023246429977455, -0.027348631802798003
-0.039063370951483004, -0.0077741081701778, -0.018279661240778, 0.011884206798597, -0.040535906962748, -0.026469285197258004
-0.038325439614796, -0.008488532722100199, -0.011937995609887, 0.015849477800650002, -0.045680709663019, -0.027336710163571
-0.050971447396691, -0.010380167572980001, 0.041305035271327006, 0.01760988886368, -0.05326224775703001, -0.027935121446474004
-0.038883534945918, -0.0092022258266727, -0.042079761349639005, 0.015878908982902, -0.035858994760567, -0.030865891003801004
-0.068804893867245, -0.0091555815122018, 0.015147201599081, 0.021832122997651002, -0.038789383786377, -0.029107184181776
-0.03414307761265, -0.012173005783072, -0.024931275179012002, 0.0070913803388063, -0.046134624690014, -0.030762266574989
-0.012154676413219, -0.009239286255683099, 0.0046011746327025, 0.013889937149975001, -0.043099704722306, -0.028448977293569003
-0.011749093574332, -0.0089615548372992, -0.01260699535775, 0.014801597340491001, -0.03660193223652, -0.025570625122514002
-0.026552532999889, -0.0081087474715372, -0.0059579042483694, 0.018570635659474, -0.042286960326569006, -0.032046411198551006
-0.030135044886804, -0.009548423678595, 0.016365489347625002, 0.0063495252775961, -0.043181867316303, -0.03250536398215
-0.045761078255399004, -0.003079655785513, -0.015826970348853, 0.0044209862693675, -0.042275690697578, -0.017667455423426
-0.061924284857171004, -0.0095431539537675, 0.082651757665036, 0.011939863693444, -0.06083029190773401, -0.011206816334257
-0.040168427707794004, -0.0051045602427049, 0.0015735097739097, 0.0029735272315819, -0.061059942974043005, -0.017524918312024
-0.053778567628886005, -0.0080152243643026, -0.064270009135829, 0.011952990416026, -0.057547405332376005, -0.018996371168608
-0.021539867863659003, -0.0038385962815024, -0.020695534577693003, 0.0040704294990021, -0.05798085491866001, -0.018315232577028003
-0.039192372261487, -0.0084880667592688, -0.026237500580929003, 0.0063700052846150995, -0.056611715142899005, -0.019885049742055003
-0.027421809504367, -0.004477974573509, -0.016939046513465002, 0.0070479568481385995, -0.054237691395305, -0.016439381874363
-0.029786812912008003, -0.0065334780231424, -0.0060417978175774, 0.012220650171927002, -0.058848264062405, -0.014499014287372
-0.035338617932681005, -0.0024980140933732998, -0.031106588147708003, 0.01389720452886, -0.048928273611974, -0.015812825231281
-0.046879086534349, -0.0049233919185662995, -0.0020480886581895, 0.0064949331203491, -0.058880064152453004, -0.021127170717793003
-0.056753091478675, -0.0052481347540118, -0.025138434317683003, 0.0059843177315209, -0.062341705803254, -0.012664091423646
-0.045414841866387, -0.010214119571328001, 0.07245144698542101, 0.0012803062262408, -0.07341491276676, -0.0064832193457677
-0.05012702951515301, -0.009926584791920899, -0.05507945629034, 0.0039274546657117, -0.042346510319617, -0.0052841155586899
-0.038887745973648004, -0.005769572423034, -0.020046677365938, -0.0029647702995472, -0.040449302729694006, -0.011495250592499002
-0.044132810252833006, -0.0093236781693128, 0.0005659679887671, -0.0017361557603673, -0.03531241304594, -0.0034853259164098
-0.037322057419454005, -0.010277332505648001, -0.045596166020699005, 0.0032819270119779998, -0.029717988197167002, -0.0062192172505816
-0.032929113011244, -0.008928980278093, -0.051080700216345004, 0.017112185074236, -0.041335884702993, -0.0032664998838437998
-0.023000875650659003, -0.0092737567805132, -0.060423066856081, 0.018888552111911, -0.038040827916973004, 0.0035225360245522
-0.016797665878612002, -0.0074696050333869, -0.040734732191761006, 0.011408456100245, -0.028194362973940002, 0.0037478106310113
-0.0012559812663899, -0.0087124470943426, 0.014186761560889001, 0.012377045562456002, -0.03031946206015, -0.000694033495646
-0.0078218705636697, -0.0063352805548818, 0.12727299276636, 0.0097534865848759, -0.025883509760500002, 0.00353529310303
0.0026740043126327, -0.0090155488766464, 0.016185577159746, -4.93308223041e-05, -0.0013013322271350999, 0.0059113798615649995
-0.014767397721475001, -0.011864384355565001, 0.057404131984580005, 0.0001246942758243, 0.008232930279287, -0.0002352998092916
-0.02996786694217, -0.011632124319227001, 0.08963121755019901, 0.0005453317029616999, 0.012742171480295002, -0.0081911364353537
-0.019101882077563002, -0.016529744396288, 0.11462973149831, -0.003029896561998, 0.004297860903906, -0.0116984901647
0.0078232815790482, -0.0051304542421579, 0.061619390545438, 0.0011453095666284, -0.008187544125916199, -0.0064495970436864
0.0011511722207983, 0.0001512199393513, 0.0095436417853035, 0.0066950543485697, -0.010472523078106, -0.012388327871818
-0.0026089286522437, -0.0047839362399934, 0.0020034200093218, 0.0093980743230696, -0.028801186799586, -0.020964379892960003
-0.039723603217341, -0.0091992456405017, 0.09631590793370501, 0.0025493848363446, -0.044853984007391004, -0.017550284742688
-0.026750395898224002, -0.0012346782419275, -0.08200985188634201, 0.007583770474095699, -0.042476090959034006, -0.019625492144035
-0.012012385844656, -0.0031845802779596, -0.078393124920138, 0.0046653733576287, -0.032319792506393004, -0.024696679495552
-0.016610137901365, -0.0023256094231094, -0.024623147612919002, 0.0079567463361496, -0.029177099800690002, -0.022533331425087
-0.013457108457853001, -0.0054788831813584, -0.046477578165436004, 0.014059842665577001, -0.031058090014891, -0.021695759207583
-0.021063098212535002, -0.0021493609349074, -0.039539610095697, 0.0022282766251952, -0.027262386534307, -0.014159753911446001
-0.033077261205025, -0.0033161099971190998, -0.014230166448644001, 0.0037826373091506, -0.025795734475502003, -0.017013608260882003
-0.04390744427556, 0.0004008696542414, -0.052822688332267005, 0.0040579087165529, -0.037112913688664005, -0.018743181539414
-0.044017327152103006, 0.000783680064664, -0.047215812710947005, -0.0016911002468975, -0.02265546715925, -0.013997633143359
-0.039070194844203, -0.0008115885115017, -0.021285387063005003, 0.014710636179564002, -0.061488114883813005, -0.023700201007904
-0.05838544992765601, -0.0074489230677640995, 0.04480643426433201, 0.0069456073996169, -0.074938923619723, -0.023407976879431
-0.042611894700876, 0.005703928231455, -0.10804222594311, 0.012263606846214001, -0.06273368728502801, -0.017331931625242002
-0.05622691284570001, -0.0031931806673388, -0.0045258871774431, 0.0034894917643698, -0.051570855012853, -0.020330705608111
-0.043402751955730005, -0.0031260873759065, -0.019454561077817, -0.002162210865256, -0.047511589861133005, -0.016015242945528002
-0.031049360302904002, -0.0024389685314212, -0.028380654740689, -0.0016025227309131999, -0.041444938217364, -0.024835803673679
-0.035141958993088, -0.0025237120212767998, -0.05313751775703, 0.0041543573699433, -0.041662868274337, -0.019450407324482003
-0.044475944797574, -0.0007323948854454999, -0.020082926210089003, 0.0040539464601918, -0.050453043933523005, -0.019210594475812002
-0.024433586002173, -0.0011258236133731, -0.013360850008190001, 0.0027432253138977, -0.048035751339170006, -0.013054890202562001
-0.059506810676078006, -0.0036710258189863, -0.017342605526780002, 0.0066775700836744995, -0.05424859019653001, -0.024516124086464003
-0.057023649240768005, -0.0047815720313335, 0.038094516519671, 0.0061677322505632, -0.062341060929122005, -0.022399711495449
-0.032768208085699004, -0.0036132925237128, -0.013410730215065001, 0.0075490265378488994, -0.062705572792996, -0.020711639459448
-0.04999964273836, -0.0042635737015821, -0.039944010492992, 0.013620141299705001, -0.051876652707565, -0.024130659480988
-0.026928980245444004, -0.0045763137186255, -0.016418011439622, 0.0032546331717426, -0.058008533063854006, -0.027067151476462003
-0.04129038901796701, -0.0066666985033847, -0.042378605958268006, 0.0081131970152849, -0.051579006897148005, -0.025552852682149
-0.037763210906288, -0.0069856763178058, -0.026259296260289004, 0.009870464134552, -0.05404218236029001, -0.025024717587625003
-0.030750400216000003, -0.0016181957530472999, -0.046492563212103, 0.015402467110904, -0.047638249407330004, -0.027952651869802003
-0.042207525358698005, -0.0015169170770728, -0.054689145473221006, 0.0097181418220857, -0.03805429971819, -0.026694433964474
-0.031702112853621005, -0.0013352968268872999, -0.023142385769020002, 0.0037440295707951, -0.032660599713417005, -0.023026091140149002
-0.047254507684589005, -0.0050914593786513, -0.034970674677920005, 0.011267194260079001, -0.053421117839877005, -0.016255389101756
-0.043982197304660006, -0.0048347534577159, 0.028783515233587003, 0.012131647414881002, -0.05920464852969701, -0.013816372294859
-0.049702328558771006, -0.0070527929580751, -0.12174623930578, 0.0087290725653901, -0.042069013658037, -0.011650241839595002
-0.030076160013861004, -0.0040392792661269, -0.032297348179383005, 0.00711217890764, -0.037497635899269, -0.009438277583144
-0.0050995262057047, -0.0035144805627001, -0.052764775146437, 0.0045455761841643, -0.040504618819733, -0.0073469266400570995
0.0008472368827849, -0.011424775911885001, -0.074780320724109, 0.012056669255718001, -0.017178520185884002, -0.013393877453825
-0.0093230707394211, -0.0087597762966899, -0.039436289930134004, 0.013392903013799001, -0.023393572463510003, -0.0045298598490896
-0.0063256432342269, -0.0059764155752034, -0.043759955575149, 0.019127600178934, -0.013624033460551, -0.0079534293433956
-0.018541533201670003, -0.009108873392085699, 0.022111194675985, 0.008798367550152699, -0.0019937812998354998, -0.0020102346719612
-0.025409158768459002, -0.013692043542547001, 0.07847884450793001, 0.0066637016626936, 0.0006922651140295, 0.0036545807986404
-0.030128351385575004, -0.014150003829488, 0.09766411860999101, 0.002164638661877, -0.018942525734119, -0.0072403433887213
-0.016609573141799002, -0.014045656774631002, 0.0011341337664655, 0.0006312107517993, 0.0075831843549962995, 0.0013678334656376
-0.0095895254316503, -0.017510592031138, 0.019715894412484003, 0.001837730012145, 0.0024603956989971, -0.008948928778142299
-0.020450678117575, -0.016909760262221, 0.026740228469311, 0.0061927208281002, 0.0059597569050384, -0.010309738938336001
-0.0085511284910338, -0.020809886280442003, 0.036237331025209006, 0.0076345577484563, 0.010876535562544, -0.020602484327409
-0.0094461387416393, -0.01637052738865, 0.059442950850579004, 0.010137410173751001, 0.010236068057119001, -0.024858739044392
-0.029351337867847, -0.007627082384861, 0.0053080402019094995, 0.016558648792551003, 0.0014016829650935, -0.024203141559206002
-0.049409253591107004, -0.0079045909256365, 0.031670082394966, 0.011626008886390002, -0.010499339612351001, -0.027530348080222002
-0.033006049239784, -0.008025645434065, 0.028264838690206004, 0.014053807367644002, -0.023005970582124002, -0.034442973993124
-0.0088645530311031, 0.0008699098824833, -0.10481949853527, 0.013169967223735, -0.027234695153384003, -0.031932582008781005
-0.012509024902215001, -0.0047096442781122, -0.023079546572993003, 0.014910597035295, -0.027851790108423, -0.031840047292836
-0.014223449335787001, -0.001645324406108, -0.028729206622619, 0.013835611260924, -0.029484730652147004, -0.029052001065076
-0.027514579533594003, -0.0056617443025129, -0.021801148386880003, 0.020218907615925003, -0.011476354889238, -0.029778971770621002
-0.025947979559049, -0.0071543252108539, -0.030269526139052004, 0.022893860944472003, -0.022194229098891002, -0.030875707779805004
-0.011123144148340001, -0.0041692210712425, -0.0075575960330388, 0.017624550405267, -0.029549453464221002, -0.038621088738356006
-0.029956192906039004, -0.0059968458312525995, -0.0031337345577456, 0.020717911890248002, -0.03283538022468, -0.041073149191790004
-0.042693926508474006, -0.0036785211108431998, 0.0082272034120162, 0.021531232082683, -0.04932905423481, -0.039751610385393
-0.04375787310458, -0.0054782341659269, 0.044314854404535, 0.018419849645149002, -0.06394099881832001, -0.039266525591869
-0.034999501034620004, -0.0006632182089255, -0.13078852308468, 0.019774820402252, -0.056079824525329, -0.032874351529714005
-0.047535488078623005, -0.0013135125466872, -0.027961870441739003, 0.020437806373076, -0.048075914939369004, -0.040795003568533
-0.028230104907451002, -0.0012308191109466, -0.050546762133960005, 0.013613516665133002, -0.042269203375363, -0.037760082164149
-0.031365195328012005, -0.0043869822542242, -0.037614129237937, 0.014824414699709002, -0.03631913262537, -0.036035427545953
-0.021516831878439002, -0.0018742933434187, -0.06361982596238401, 0.0097431793000279, -0.039803097591917004, -0.033726297493489
-0.042098186445914, -0.0067229575845728, -0.021531189233141002, 0.0093831003122675, -0.037883746650808, -0.040740236879079
-0.031402559888369, -0.004278683795339, -0.018137206126392, 0.01001466223476, -0.042027788140754, -0.035739680601759
-0.044864167427137, -0.0039898263210994996, -0.030538590024383003, 0.022087594414909, -0.041637095913468, -0.033757595716567
-0.053931610451943, -0.0042527738907881, 0.026013136079395004, 0.014686529297023002, -0.064186901971736, -0.029333915125940004
-0.040415497948825006, -0.0077732689223576, -0.026383199090429, 0.015060263731986, -0.06641011645704101, -0.030980143797197
-0.037360872395645006, -0.0026731031312396, -0.08594951701572201, 0.012155892823199002, -0.057126104876044005, -0.028038689430878002
-0.05869646775142601, -0.0049170277999165, -0.07072404863260101, 0.0058713412604231, -0.069972511482322, -0.030891590244984002
-0.029189196497399, -0.0002848920635831, -0.10121049465169, 0.0063859216096405, -0.06873944118425801, -0.031300455990663
-0.030813432271919003, -0.0016216379170239, -0.08259417443651, 0.0078517289388978, -0.058674805497704006, -0.027845696160878
-0.043696906480322005, -0.0048212142702145, -0.090093559096153, 0.011728614601839, -0.05078492763245301, -0.031490010048689
-0.020479813388579002, 0.0014563054943317, -0.030496360452499004, 0.0013164528578327999, -0.055643240631044005, -0.023443641637801
-0.031921814445905, -0.0002317628338498, -0.032493154449709, -0.0008201423012714, -0.046073352391265004, -0.027113153874377002
-0.038552835490009006, -0.0016293554871978, -0.035639608041135, -0.0052158214601425, -0.056647416831773004, -0.026297608338968003
-0.032295601020366, 0.0021928660560353, 0.031047010751585002, 0.0024982425877596, -0.063812558596943, -0.028065012773323003
-0.035711975032488005, 0.0020908510006598, -0.10630794725226, 0.0008776036068909, -0.028673441193569002, -0.023614743802589003
-0.036953408366230005, -0.00025858034015949997, -0.019436004428845, 0.0010271639495997, -0.037753132453171, -0.022883863332346002
0.010794418101865001, -0.0001184145540757, -0.06466630263551701, -0.00047844280007789997, -0.036738475988447004, -0.020618124552800002
0.015925202579682, -0.0002849848081748, -0.071451855078005, 0.0003623309346635, -0.023815458716505002, -0.025012842465876
0.018908278734224, -0.0060141681968032, -0.05797985691363201, 0.010448816565326001, -0.020319460968727002, -0.017559485102767003
0.018860466140918002, -0.0082617912670147, -0.018707983217562, 0.0092865705357487, -0.0001181123223074, -0.022872117979043
0.011243877374481001, -0.0059639504896274, 0.053726908158992004, 0.014659280045480002, 0.0075373351460050995, -0.024852010550831003
-0.022362961310794002, -0.012608056152251001, 0.071880936667936, 0.01060245386674, 0.010921179210966001, -0.029976971870308
-0.067423587677804, -0.014974623392847, 0.25746802581813, 0.0016150345644122, -0.0010102845991928, -0.032714899056709004
-0.0026068174821215, -0.0081054638428433, -0.013764476430524001, 0.0055367098940269, -0.0069797385778779, -0.035763019763749
-0.008918327230662399, -0.0087280658858928, 0.009470505666251, 0.0010341048254911, -0.016649175592383002, -0.035723533151007
0.018865211819605, 0.0019285757929171999, -0.011033525650614, 0.0089139551788191, -0.0063414612970684, -0.028372514118492002
-0.011813983925954001, -0.0034628093830082, -0.08528072868443201, 0.019448728738942, -0.0095434094993223, -0.042033155819676
0.027402229582903004, 0.0045272724520813, -0.054513674159574005, 0.0035320429219707, -0.0078048121856956, -0.033351812596697006
0.0072494156776634995, 0.0002404546435556, 0.0098806356264556, 0.0085552424859482, -0.028205786722489003, -0.029742054715568
-0.015354746283096, 0.0002055380340865, -0.018905313672268, 0.011756007463022002, -0.044068393763457, -0.033314251317746
-0.044100848191917, -0.0005311790734912, 0.065120697429567, 0.0065011456870068, -0.04288696026031601, -0.030164729893271004
-0.028426872533339004, -0.0022557692915511998, 0.015807462807857, 0.0059954958492937, -0.061784905153091006, -0.03479283622161
-0.0032848141792507, 0.0016297514754044999, -0.14571947315181, 0.020017940692179003, -0.064747104448583, -0.026974649611449002
-0.013156773571094, -0.0012641776131555, -0.050578223775149006, 0.010042645448528, -0.065938892407898, -0.030893972552271002
-0.0013683929177691, -0.0013317648803608, -0.023868288346451, 0.008765151895521699, -0.03934896444309, -0.034007395568963004
-0.017417993991541002, -0.0019778910420325, -0.041666053957628006, 0.012516062985289001, -0.044724426506614005, -0.024342684966962003
-0.0045228055787308995, -0.0025856436867521, -0.041323986678373004, 0.011100641026977, -0.044670912236322004, -0.031763998483573
-0.018319423553633002, -0.000466474209835, -0.035416029481208006, 0.0017332109717188, -0.053968040751415, -0.026577822247977
-0.012559310703640001, 0.0002461337625551, -0.027925115274658, 0.0009565779462516, -0.06097268563530701, -0.022101427496243
-0.020529927607598003, 4.0976067335e-06, 0.0063524545804962, 0.0098589615139611, -0.076336765678155, -0.022429906141598
-0.042705597904262003, -0.0022605664799754, 0.061538878360672004, 0.0058049406325029, -0.085466117034224, -0.023500914260878
-0.018490112108476002, -0.0016632550366433999, -0.11208945863866, 0.0091423984158203, -0.068989832395994, -0.027710469933485003
-0.021941850152951, -0.0054964364127203, -0.019607401287835002, 0.0084505755233817, -0.057906851276300006, -0.031578330407758
-0.0070755258400553, -0.0020819365083145, -0.018195458530671, 0.0099531072167454, -0.066905645050154, -0.025527921561409
-0.0076702602263752, -0.0059237959938645, -0.040631588744757, 0.0080417317473278, -0.052966280271928005, -0.021620137347815
-0.029756939296468003, -0.0032995578294991, -0.069209111786978, 0.0056100655645826, -0.045484801474307, -0.033895565249648
-0.026720964491299, -0.0027701340148721, -0.0063771241033846, 0.0098677412172018, -0.048193803593471, -0.032410750893128004
-0.014610590020811002, -0.0058352694391237, 0.020676725505497002, 0.01498564463725, -0.038781324263644, -0.042889984596164006
-0.014325948265934, -0.008290395310638899, 0.013717069141904, 0.017269066829937, -0.021919244304876, -0.054150166744166006
-0.0098143217470368, -0.0032378918830395, 0.052769787577097, 0.017431762936114002, -0.021760749358762002, -0.050293404462792006
-0.011721777463864, 0.0023613322508851, 0.042673036515792004, 0.012109578290542001, -0.040371622422745, -0.044838011878591
-0.03126799161738, -0.0077211057610168, -0.041157456914885, 0.0071933775911955, -0.019748780423973003, -0.044358812673333005
-0.011087721106054, -0.0031550078581611, 0.010570852451218, 0.0079832475980989, -0.02355233603057, -0.041060537040026004
0.0077658731557922, -0.0019304787280746, -0.027330566501263, 0.0071222847707935, -0.019939719217971, -0.039175178997403005
0.024921159039162002, -0.0060738448305529, -0.00413226968583, 0.010612449533372, -0.024187820656375, -0.034888708869393
0.028176244643753002, -0.0081233110180701, -0.044622766459613, 0.013058616788209002, -0.0068875361173285, -0.035300665961171006
0.014033058219433, -0.010707317042196001, -0.0003906736261367, 0.010870844494987, -0.0047271513773169, -0.033701864337657005
0.0070719843168344, -0.013161526650749001, 0.023622968221378, 0.0076605246840872, 0.0015976254399918, -0.036618769691764
-0.022651168019216003, -0.0098828421065026, 0.06515292276352301, 0.0037082838143445997, -0.018310854350200002, -0.039282316327464005
-0.061363674693423007, -0.0083494920984817, 0.22957449678068, 0.0069783303745664, -0.027625765378385, -0.038695663708979006
0.0006916740112003, -0.0038961210119162998, -0.10418771591133, 0.0099631843933513, -0.027180967970315002, -0.037801563200193004
-0.0069570452902601, -0.01031314189979, -0.043522849428865, 0.0091942333105345, -0.026500750127479003, -0.051028904664347
0.031522589491948, -0.0082268203477588, -0.024460705367567, 0.0076313503147488, -0.0062452158910433, -0.052650769541018
-0.0002283425121875, -0.0049942928336632, -0.065044306092468, 0.011613708688443001, -0.015483980032468002, -0.046410652286984
-0.011619709256095002, -0.0031587212792146997, -0.023002251133150003, 0.016448204505019, -0.029321210384593004, -0.037662620529384
-0.012129445896632, -0.0059401369257074, -0.015828036869689, 0.010453654711166, -0.024734452098314003, -0.042639875201535005
-0.016562605090548, -0.0037844580320373997, -0.011880102914119001, 0.0046510116494753, -0.032290662961526, -0.04725586492512
-0.012082835853290001, -0.0074821367369605, -0.010297013108098, 0.010561337291959001, -0.054915513122342004, -0.048013721723398003
-0.028976112768983, -0.010048771017394001, 0.07430865822594701, 0.012091730072163001, -0.070982285834534, -0.045153915290953
-0.010575109978521001, -0.0032012980071949, -0.12494826552975, 0.0098362885604523, -0.065775895828865, -0.038743891111265
-0.025888968941741003, -0.0067409655146344, -0.017369701828505002, 0.011156882464418, -0.047270191224241004, -0.048949276198403
-0.0027320256021591, -0.0083467411141637, -0.0025226736296685, 0.0022798313665761, -0.047284388526134, -0.040557009410217004
-0.015114638740109002, -0.011031342145950002, -0.010346081975863002, 0.0086236298872983, -0.042560180503813, -0.042907337510981004
-0.014286364259968001, -0.009449969152642, -0.025619740088755002, 0.0097850569291732, -0.050772432592667005, -0.037782929877703
-0.012862892483882001, -0.0081722230800875, -0.0071637252449933, 0.010374197288574001, -0.043237519158538004, -0.0387033639706
-0.013119032139167002, -0.010721525524850001, 0.0018135758858791999, 0.0064978883862744, -0.044603771552535004, -0.044313348431413005
-0.021731504058834002, -0.0063124247784587, 0.026939801364681003, 0.0075340809593206996, -0.04435221683424, -0.046793839054737
-0.026672624716395, -0.012020366321673, 0.038870820425924005, 0.017011491786835, -0.065044660971942, -0.037805052862641006
-0.036390774390379, -0.0158057447283, 0.12476031309945, 0.021617565494051003, -0.07066269968439401, -0.040848396926665004
0.0016383174860699, -0.0087599668893801, -0.18424747857646, 0.016878434180124, -0.054007275947361, -0.043390695368386
-0.021133520441070003, -0.014261428591015, -0.043611771049599006, 0.012135614581244, -0.05712775611284, -0.044469900037930006
-0.0093035382667819, -0.012084280324674, -0.044824348951686, 0.0061178903602521, -0.056530382111427004, -0.041193805489992005
-0.000770995131883, -0.010116298257369, -0.062222621145678, 0.012871741001605002, -0.051759395980721004, -0.037917275716589004
-0.012549427215146, -0.013681105435739001, -0.052721884433288006, 0.015833119305524, -0.050026936579603005, -0.041634782348350004
-0.0055526975528205, -0.012692191396359001, -0.037530477391482006, 0.018117408521829, -0.046189347333238005, -0.040295109692266004
-0.020641857170225, -0.0093054976325508, -0.08535733979630401, 0.013503498930594, -0.035279309884334004, -0.043079107390763004
-0.020854605183429003, -0.012183812726787, -0.045981458046648, 0.019725086142464, -0.046139041832259, -0.042638221346289
-0.028068298656871, -0.014913455498610001, 0.023179169578022, 0.023007515451117, -0.070766198708263, -0.046810098674519005
-0.02737417218423, -0.012096048669224, -0.070818069521835, 0.011777551269896, -0.059336250896144006, -0.042071538429285
-0.030837250560871002, -0.010551448217569, -0.054154043894992, 0.029074605268489002, -0.060156626208513, -0.038079611724047
-0.025103141847627002, -0.014043116859980002, -0.067781415742427, 0.020922509978660003, -0.050523369407498006, -0.042512229147649
-0.015365105685857002, -0.012818279003316, -0.043026863509597, 0.015274238964886002, -0.054163481575663, -0.044162564010542006
-0.043042784233101004, -0.012851432830095, -0.088558722440307, 0.013468279517059001, -0.06454685951217, -0.027784915592258003
-0.0098752793018385, -0.012161318750108, -0.036585948578294, 0.018224519220430002, -0.052476014904646005, -0.039158328846763006
-0.016583110327769, -0.016250188341257, -0.044844821063162, 0.015347176329820002, -0.053310300224582004, -0.033609992619656005
-0.018220058292564, -0.017855630966674002, 0.0014475517640908, 0.012932192024121, -0.042480620454225, -0.030460978721502004
-0.04796915132448901, -0.017767558719640003, 0.040692672361204, 0.011940602490528002, -0.064159703313536, -0.029157597789601003
-0.019207944355275, -0.011648019480207002, -0.071295179681783, 0.010494439206831001, -0.044812123156124005, -0.03437021454635
-0.049560551037846005, -0.015246437743103, -0.026285942632725, 0.011251956142289, -0.030916519744433, -0.031769216166577005
0.0011175393716453, -0.0096331025745284, -0.039068691454427006, 0.010681779990489, -0.041967462381514005, -0.030662223009895004
0.0088527922779851, -0.010524379053153001, -0.09306566349899201, 0.014622360244516, -0.039513083778923, -0.02642839976005
0.033813722703976, -0.0087936568191908, -0.099116959566257, 0.0025105808268437, -0.017007370363108003, -0.025584667687492003
-0.0077138847987976, -0.0089349744856339, -0.10077877738229, 0.0069705848923707, -0.049344380221465006, -0.024481477114731
0.012070978361423, -0.0090875435542494, -0.09373252695970401, 0.0087081960932624, -0.023271392741332, -0.019194492228037003
0.0096667865795951, -0.010042765080386, -0.0010010162536688, 0.0063807591653254, -0.016668045865949003, -0.025230188652854
0.0069900687551906, -0.021802670933311, 0.041971852340625004, 0.0054391964476247, -0.018042232449037, -0.024330719315417002
0.00278587948332, -0.020900535106231, -0.09164081223643501, 0.011172221036160002, -0.015060552391917002, -0.025708033252136
0.0018165554371855, -0.026463005388340004, 0.0037617899862148, 0.0084428681374569, -0.013693865876096, -0.029197707726006
-0.012745242697927001, -0.01697868995728, 0.025828095313264, 0.0044565355975614, -0.017479259039573, -0.028790827779307002
-0.021880917805428002, -0.016827506801882, 0.14155783669535, 0.0086367417047483, -0.016888390651067002, -0.025705913807007003
0.017833044167706, -0.005580279161275, -0.032556893972509, 0.019174991163099002, -0.02061716090641, -0.024719732589773002
0.0090359865283911, -0.0082275170314974, -0.0024836523945402, 0.012698645001182, -0.041884134755759, -0.035497776801185
-0.012737360970056, -0.0098441948814123, -0.042515090061978004, 0.018016295535154003, -0.046105782208759, -0.033895129371345
-0.041608538019966, -0.011588697200468, 0.033230723542163006, 0.014449598388209, -0.05529261543740101, -0.040922969269267
0.023831388516108002, -0.0079661129816259, -0.14697882653771, 0.015076039352448, -0.068692330271897, -0.04407467181637
0.0054208496661723995, -0.011562424608022, -0.086646141399943, 0.010344553956629001, -0.053612992913030004, -0.040699592238174
-0.019521465597131003, -0.0056478747269679995, -0.09875556024047501, 0.0060672138335239, -0.028579848033021, -0.033034735012977004
0.0030328029285177, -0.005267003743534, -0.070109984433619, 0.0079218727556811, -0.066800690664402, -0.039186540081262
0.0024047252731883, -0.0068756228153281, -0.16549580954976, 0.019632376547475003, -0.057094243122252, -0.039605278274626
0.0021816871585195, -0.0040972240870085, -0.10721540412486, 0.013264302744291, -0.066635287841041, -0.037223702173909
-0.011271731843595001, -0.0016222015657949, -0.1201208861316, 0.0093106910159006, -0.06772676183633, -0.039060948515735
-0.030116578066671004, -0.0044965192579191, -0.11607522308163, 0.0033855585938624, -0.058864242430663, -0.038455453505160005
-0.025652780987874, -0.0064159136727531, -0.042122782334755006, 0.0088356212710787, -0.084940239172947, -0.032583673631018
-0.044050568025319, -0.0074114159514957, -0.040484944248258006, 0.010587765522724, -0.10857744475353, -0.030693152108913
-0.030430216822678, -0.0059930985501853995, -0.15892893106194, 0.001930379350958, -0.087844786254145, -0.032941768971154
-0.050466781125530005, -0.0062557318295153996, -0.041707615572498004, 0.0091719143370238, -0.073098125756724, -0.038409794059
-0.027065806746882002, -0.008845349460324, -0.066683767657068, -0.0021094671423539, -0.075611738129399, -0.038620032952635004
-0.031865615427007, -0.0071347656536395, -0.063649349439814, 0.0049458564789762, -0.074741297845654, -0.035671962160902
-0.040179772549894, -0.0099210226930598, -0.095562619707465, 0.0017111755152442, -0.073718170101322, -0.035218383094681005
-0.028957013260408, -0.010979871433537, -0.064480165254021, 0.0052844776192619, -0.062638523077243, -0.035151268718881
-0.0396975375163, -0.01440014150218, -0.06453382433586101, 0.0001777905027841, -0.054990940770535006, -0.037728116513519004
-0.024385179580378002, -0.0069420420049627, -0.036267022239957, 0.00046168677162479997, -0.062196288289184005, -0.032420910518528
-0.027449419497285, -0.012460829383095002, -0.019688658953397, 0.001861473959001, -0.063175747445987, -0.036273155991371
-0.026309558424509, -0.0093883143872932, -0.06540978073261401, 0.0047429862033314, -0.063781745800233, -0.033205497346545
-0.053283526359196004, -0.014551983499340001, -0.07965309224243501, -0.0011241128617399, -0.042877047926546, -0.030780673849098
-0.022964533581479003, -0.0066961161103125, -0.094020693646073, -0.010911199528847, -0.037636259217041, -0.031557566931620006
-0.0001571911549707, -0.0015826396930664, -0.10916029506638, 0.0033955398762432, -0.052173857286695005, -0.027464231608426003
0.018466865742914, -0.0061849237287584, -0.10723695338266, -0.0033909570008054, -0.041838846877027006, -0.022809700169114003
0.0035516497566389, -0.0075782077882812, -0.097827156274657, 0.0020001280194987, -0.025567172264905003, -0.025555516429760002
0.014839392434963001, -0.013601160106067002, 0.0024026929381584, -0.004305447624897, -0.014264076939475002, -0.01960198553698
-0.0051940718669059, -0.0099008026623743, 0.010628492367870002, -0.0026735022593227, -0.012578413915096, -0.021258092281215002
-0.029007449533624004, -0.009160184719066499, 0.14204800023029, 0.0026307730274098, -0.018346374969167002, -0.016035632708966
0.013099911055451, -0.011446916601335, -0.029722097401687003, -0.011055741915769001, -0.0092157423627951, -0.019749702458567
-0.025029128525921002, -0.021548722090255, -0.0009339720178039, -0.0046775066387867, -0.020711230912575002, -0.025016828932014002
-0.012869066645086, -0.022972302872884, 0.06322336883869001, -0.0049565802868740995, -0.015342840263354002, -0.026992129569462002
-0.028323745882405, -0.023910973664329004, 0.10685052785737, -0.0028057164838348, -0.019392837922816, -0.026272610890960002
-0.0017948964619858, -0.012907588165727001, 0.023113138468331, 0.0059658990767466, -0.016536680104373, -0.030716319454457002
0.0005011968679946, -0.0049439086769541, -0.0095339315804879, 0.0037191243585746997, -0.03586513410946, -0.032709531446100004
-0.014322607191495001, -0.0094090265211906, -0.023476868160129002, 0.005477464690631, -0.057778729509257006, -0.03215750753534
-0.036344969732849, -0.014216083604951002, 0.07437578533627001, -0.0014985933477019, -0.082439558709305, -0.030227106101836
0.0043685642030575, -0.0072127902393644, -0.13961777699127, 0.0022646012485682, -0.07225714969140701, -0.039029367046111006
-0.024388067660420003, -0.0049815242192142, -0.08271691503787401, 0.0003049266872935, -0.06271310456809501, -0.032227370067539
-0.0045412035802835996, -0.0056296247105048, -0.054444326048399, -0.0009874064549564, -0.06350368172986301, -0.033148917086667
-0.027249888746944003, -0.011515464293383001, -0.027829894574225002, 0.0016665452941345999, -0.063949937380369, -0.032279682716768
-0.019554216042104, -0.0057813412782195, -0.069302256326703, -0.0009217696031822, -0.06519361203976201, -0.026995923816733002
-0.018228337278618, -0.0082155441701176, -0.038432227162694, -0.0017516046415134, -0.064383893158447, -0.031122758815852
-0.033278601822228006, -0.0068367005460947, -0.065151476453411, 0.0013094589337232, -0.06231307248390901, -0.028460729027265003
-0.022388872837625, -0.013451898840864, -0.052268858611748, -0.0067743566477038, -0.06654338835536701, -0.033794522954002
-0.052269651746733, -0.0073274442853826, -0.047884895816456004, 0.0032598340598254, -0.092413563166212, -0.032253208585747005
-0.04551501041971601, -0.018943760826850002, -0.044963552001957, -0.0031718146586859, -0.09431768261482801, -0.027776665552847003
-0.051727285248471006, -0.0082020613187035, -0.11169756420942, 0.005324999136111, -0.062300796520679005, -0.028414544252521
-0.05503696845348201, -0.020314409782968, -0.061733725270497, -0.003223681802205, -0.058550106012904, -0.043261877469892004
-0.029227850472084003, -0.014734494436666001, -0.09592426391144701, -0.0035631011138774, -0.052617514494808004, -0.044914562084099004
-0.041199916190802, -0.019858767335147, -0.047485464641841, -0.0017320628044932, -0.065291133012881, -0.037488852792958
-0.034494781908609, -0.011925220429160001, -0.07659975552098301, 0.0001862675265545, -0.07414841725629201, -0.029144408409761003
-0.037636960381695006, -0.013585438660357002, -0.061340308850902005, -0.0080894938251208, -0.077476536866889, -0.031249049005394002
-0.047040791725183, -0.0099132921950027, -0.050089936320038005, -0.0035537138096318, -0.06944441325823901, -0.032609763843168
-0.038676663864184, -0.010510068958036, -0.048651530093408, -0.011213227405455, -0.07848916882300701, -0.032743363024455005
-0.05419844323471001, -0.011099225834033001, 0.011594643031697001, -0.012960569682734001, -0.08994723650802, -0.022514979292326
-0.045614226046628, -0.0096729679170727, -0.09077869131646, -0.021009620679704, -0.06599988150765901, -0.026195026234384
-0.070877254154357, -0.0092350492575583, -0.0098869717153692, -0.0090235672807673, -0.051529312637537, -0.025788495937299
-0.025905283762896, -0.008659883861428, -0.05173296337419701, -0.011110765074115, -0.06033375508552501, -0.023744335740468
0.015824001293970002, -0.0067166260884859, -0.091026803265774, -0.012011282402373001, -0.06359084814190401, -0.019291933095582
0.024572012574810002, -0.007663197161294, -0.075527777929234, -0.0021827881540296998, -0.05944199815060101, -0.022234756669157002
0.012773750409958, -0.014446683492165002, -0.041025292727431, -0.013325457495136, -0.044502841790234005, -0.019725398072315003
0.0056970695965296, -0.010327848509204, -0.025351271641007003, -0.0084443386479217, -0.022056135015985003, -0.027090823715116
-0.025273126857850003, -0.015769258381068, 0.034136482773001, -0.0062645446411663, -0.011001333398234002, -0.036691002072772004
-0.026307488250428, -0.014259445649318001, 0.1786746110732, -0.011112238970675, -0.014302786474035002, -0.032393352621091005
-0.0003821963281653, -0.011292416820278001, -0.07881654391595601, -0.016072755409547, -0.016309453576482003, -0.025102542959614
-0.02660126497423, -0.013783384197013, 0.030229172105163002, -0.014168264245291001, -0.025279085923597, -0.024781007619810003
-0.035064255255862, -0.011972563344889001, 0.032081814482901004, -0.010506565342522001, -0.019015851399422003, -0.031390786555417
-0.009366325510735499, -0.0070384351274173996, 0.035738750448706, -0.010338768319756001, -0.024793320048519002, -0.038570478079497005
0.0081474431448408, -0.0064262543988055, -0.0024955114169368, -0.0099307983777518, -0.032302340348771004, -0.041578617398726
-0.009660475906862899, -0.0081366379624859, -0.041982104811432004, -0.0058603876994636, -0.039991007068116, -0.043927701990410004
-0.020908765515643003, -0.011963484573699001, -0.058006528957524006, -0.0045075275613041, -0.054159934385759, -0.044589493513495004
-0.048365095687073006, -0.013571972198014001, 0.072223909612632, -0.0046000275018920995, -0.071553190639411, -0.035698263510881005
-0.020629641768562003, -0.0050603700857801, -0.14678715691212, -0.010106298186648, -0.08575748308314801, -0.033689276088467
-0.0096521711155168, -0.0081085150273586, -0.05832158972352101, -0.015270727692473, -0.07069204622283701, -0.038443189580249004
-0.011339299382115002, -0.0085856717506579, -0.05582313260747201, -0.015726172446528002, -0.064702393912098, -0.033154533204683
-0.015813929563194003, -0.009544518188851, -0.059477144196893005, 5.80070476471e-05, -0.057409016563316005, -0.039461759377963
-0.0080674860191199, -0.012859393037389002, -0.073979412855544, -0.0043487940863392, -0.049206832649715, -0.040989204770476004
-0.023390384226777, -0.010026213935306, -0.05774103809965601, -0.0054324132974052, -0.063225403587296, -0.040389043385233005
-0.021430978069323002, -0.010550941018501, -0.073066215979239, -0.008819762891598, -0.069060390015105, -0.042429264852814
-0.040437165302692, -0.011261784611377001, -0.043140451093765006, -0.0042569572524135, -0.07387471330100501, -0.038500859013120003
-0.058212793216749006, -0.012200905884372, -0.0091123727356277, -0.009537870341573, -0.09884529392721601, -0.034487700970672004
-0.06328624494030101, -0.0051121216692124995, -0.074653393460928, -0.0072269528174057, -0.076841935157821, -0.028474602325182
-0.08977836475072301, -0.010475031402978001, -0.027602665033258002, 0.0017158344390387, -0.063677942627248, -0.030922505534382003
-0.058025912433278, -0.010016701665261, -0.05871249240188701, -0.0087951337060291, -0.076439594568251, -0.035655925994557004
-0.024292404941549002, -0.011164014850053, -0.1055254582124, -0.0084329635101163, -0.06521897448536701, -0.03643496655831
-0.038666268389305, -0.0095716537679557, -0.09038769219166401, -0.0097449266816626, -0.07770706952233501, -0.033030090917069
-0.031536999208408, -0.012071176510502001, -0.054861987168841005, -0.010883476835906, -0.08382372337388501, -0.029147473730686
-0.027608030438956002, -0.0089528036795805, -0.059026281972558006, -0.0069559456721828, -0.06979977797233601, -0.032368716595276
-0.019739788809167002, -0.010878274059308001, -0.054091798369301, -0.011070018107508002, -0.069088684806206, -0.034442327468267
-0.038037472500931, -0.010513430117206, -0.05032590473681801, -0.0046846086697583, -0.07056983997220401, -0.038381862973583
-0.037828499193587, -0.012394227613044002, 0.020703073566073, -0.0076818434707728, -0.092570274979883, -0.032080930093250005
-0.041625501444827004, -0.0080744633958522, -0.087754067270398, -0.009878865800088699, -0.07175087088672101, -0.025083468476367003
-0.046229913133273, -0.014188428005885, -0.07034354027327, -0.0072790364644729, -0.069719658554365, -0.027951666879293003
-0.012123682196684001, -0.010893124238612, -0.074971077763912, -0.014901509421185, -0.06735885778734, -0.030799122756370003
0.0006690885825334, -0.011535990096166002, -0.08530805275511001, -0.010726207058036001, -0.060885992493715006, -0.022368510411834002
0.0060427630165414995, -0.012985841431898001, -0.076515705653831, -0.0084635665129297, -0.054484441639125004, -0.027920631939381
0.0035251544604713, -0.013543004198168, -0.048755574850232006, -0.010039201972331002, -0.039383705029729, -0.027550653721357003
0.0065033245668555, -0.013411453936491001, -0.0007477446409869, -0.008561053960009399, -0.039235625859627005, -0.033347008239618
-0.036476583936462005, -0.012145564033430001, 0.11773883819434, -0.0059706606356965996, -0.016493592527917, -0.031301641657666
-0.030114529162214004, -0.016125392195369, 0.031406363283119, -0.012850210738756002, -0.031878351958428, -0.031347694783976005
-0.000873989105004, -0.020015208298922, -0.005475357346789, -0.013094220177864001, -0.033546287583816004, -0.023883714135301003
-0.014026848011553001, -0.020262329122434003, 0.036873599435737, -0.013102168456342001, -0.027784607964610002, -0.028906136570457003
-0.019766798230309003, -0.019263574472758, 0.07417482732860001, -0.0068456294871609, -0.01918648168916, -0.027381172813409002
-0.0097230440419272, -0.013781792361699002, 0.032390860447264004, -0.0075792506309053, -0.031294260559287, -0.032179025950838006
0.0063443563619449, -0.010606189531011001, 0.017012299505069002, -0.0043067781754889, -0.041687317890887005, -0.036286110766697
0.0030427545508998, -0.013054750670940002, -0.013209047410266002, -0.0053597616835897996, -0.05762063522564301, -0.034397930367679005
-0.025987011345738, -0.012951965169252, 0.010777497491203, -0.010379897910399, -0.071654895899374, -0.024120475648603003
-0.0058908659180057, -0.0089643720369944, -0.053635017126665005, -0.010345873512901001, -0.081698357412535, -0.029495178515828002
-0.012390299200764001, -0.013260276839024001, -0.09867956372854601, -0.0082265153311696, -0.07173287367667301, -0.0341170446399
-0.001235743707077, -0.0081484199154262, -0.045301391603595004, -0.012127136223269, -0.06125467515321201, -0.035181470684398
-0.010560212689137, -0.011290650681729, -0.048235201328691, -0.015077378241062001, -0.06627555325626801, -0.032971821969421
-0.01764388345462, -0.008394227130967699, -0.06494364640913801, -0.011734424067175, -0.06029382640519901, -0.035137435339222
-0.024564258199038003, -0.009938327256659, -0.037604136386168004, -0.0067082927764873, -0.064872988371011, -0.034034174762457
-0.010831711850317002, -0.0077625897603728995, -0.046531340636194005, -0.0059384469465113, -0.06672518618181701, -0.039647833193537006
-0.013525808514425001, -0.0091236387595858, -0.034467896085252005, -0.010725727948971002, -0.070985023682665, -0.035265922194642
-0.030086676064858, -0.011129541625392, -0.051472043765848005, -0.0031738071621012, -0.06677270382398101, -0.037709268641583006
-0.042949729449040006, -0.010469479811677, 0.0014554733076646, -0.003964842802757, -0.082543642977839, -0.038161296001119005
-0.048460591889147, -0.009488789045960299, -0.10700995101879, -0.0048489077202311, -0.07482529794890201, -0.03764839946917
-0.044371484662085, -0.006508881146679, -0.10858276120771, -0.0035044449501502, -0.06705846848605501, -0.039636244969887005
-0.030777438862682003, -0.013517030593916, -0.06687197261819801, -0.012199933460054001, -0.06998555933604, -0.043765430302163004
-0.017471809518565, -0.014324624454768, -0.097234140707874, -0.012038961525109, -0.058728692244238004, -0.036911697810672
-0.041198323972424004, -0.012531856975368, -0.09494903129596201, -0.014491921800948002, -0.06305747329463801, -0.034585930980111
-0.032050108474542004, -0.014389597471949001, -0.056065353072301004, -0.012308802459926, -0.070265666937909, -0.036133914177471006
-0.033831667768277, -0.012492410632915, -0.06765366151291101, -0.013868477349299002, -0.07808551100541901, -0.03301580035286
-0.025614290701496, -0.013759220440328, -0.063400019352327, -0.0010216116145161, -0.075171555751999, -0.032168135609583
-0.039016816006244, -0.013584321333848001, -0.043690575600531, -0.0042811599233495996, -0.08579963739186, -0.023960341084609003
-0.032535589877369, -0.016261916066788, 0.026749733330747, -0.0052040979740651, -0.09580617272147801, -0.037514211501851004
-0.029572962019577, -0.0079969830425066, -0.15916058700525, -0.0005799768522368, -0.077167798464221, -0.030894274603459
-0.022557685738266, -0.011556424562583, -0.039665954932591, -0.011892741995232001, -0.069055353037968, -0.039097987397981
0.0024788522500959, -0.0088242525569497, -0.07182883766102201, -0.0094610812683959, -0.061171729958157006, -0.039067246634735
0.0037590354576871998, -0.01260700536954, -0.071479040494472, -0.009423430763481599, -0.057222348097425005, -0.03646770720866
-0.011563711238978001, -0.011878501989465001, -0.070737425826911, -0.0063816232415648995, -0.060038576911984005, -0.036209453510911004
-0.013917453710657002, -0.012529606904181001, -0.034059115803397, -0.0006573734238737, -0.054558367969389, -0.034654869332246
0.0022191200636188, -0.011548257659126001, -0.01722934770553, 0.0002639953109738, -0.06286345524421201, -0.033365797908789005
-0.026562234631177004, -0.016517477131211, 0.034831722611782, 0.0032249031861501997, -0.061542373512216, -0.030731357799314
-0.035804045579567005, -0.017811263235342, 0.082826196347276, 0.0032664577439018, -0.080036346899962, -0.030125157562928002
-0.0039068521670892, -0.010254109979202002, -0.093030066735659, 0.0095313622738023, -0.082820397574785, -0.037788259954735004
-0.025165936661706002, -0.014518234601718001, 0.0013007728130206, 0.0013737440026758, -0.08543324866514301, -0.030241879305359
-0.009324523735277099, -0.0090873354635049, -0.032640521794969, 0.0049143031315234, -0.082651209953346, -0.027252142903664
-0.0086646700591924, -0.009311081426457, -0.022257660475679, 0.0055781197513982, -0.08482768518972, -0.025996784688345
0.0055446139979083, -0.011414539420471001, -0.062683176175297, 0.0088023111252309, -0.06909264213270301, -0.032348138899723
-0.018102476580277003, -0.011629527985263, -0.062729728883946, 0.0045893735152864, -0.07331081974836201, -0.037789893620266
-0.026287350616728003, -0.0091503184205028, -0.033947356580136, 0.0074149018122017, -0.081387626602457, -0.037014251336214006
-0.043791495242142, -0.012633115234051001, -0.0009942485447106, 0.0024164553131823, -0.10221850957912999, -0.032381727848426
-0.029367902488941004, -0.0087805815272329, -0.13412481967708, 0.0051556602987542, -0.1057093432335, -0.028501904314295
-0.040558795970486006, -0.009528647867147499, -0.11355462581526, 0.014366639581940002, -0.073334006239734, -0.044573769406635
-0.027622711039124004, -0.010977890722798, -0.077836354027151, -0.0038807857762712997, -0.08210945786017701, -0.040890020454836
-0.02345561359201, -0.016173714501665, -0.05671185688230201, 0.00047004767386199997, -0.08911574123455601, -0.032841333816537005
-0.018569830609290003, -0.016536141903081, -0.07414587559450901, -0.0013460329747713, -0.092345371280904, -0.035633739900431005
-0.024031063153752003, -0.013767890255676, -0.08546340281432101, 0.0077763606137012, -0.06979151205736, -0.034362941908811
-0.023851819125211, -0.011935848092349, -0.05929152604913401, 0.0018621914634104999, -0.09758303784014101, -0.031877933126232
-0.020700040973093, -0.014997265060701, -0.050579487342832005, 0.0006009007796734, -0.091180050305217, -0.035333878727427
-0.037629912434805006, -0.01690285323921, -0.026956381022157003, 0.0015383406007043999, -0.10331684424419, -0.026216320860868003
-0.025573568498183003, -0.016557933744724, 0.0032423290545757, 0.0029514094565154, -0.1177638398957, -0.033522248875003005
-0.034326896051224, -0.01191192175897, -0.13150874025932, 0.0008789142216491, -0.09936576353772801, -0.032762857464439
-0.040678184365529, -0.015322094124067001, -0.049358501033772005, -0.0017218166328093999, -0.09692145586662201, -0.030456563419457003
-0.034897786149159005, -0.013067345004134001, -0.05926042704694601, -0.0089752567170312, -0.08974675024794501, -0.028877720240253
-0.030289597570698, -0.017398345744806, -0.066172632622759, -0.0011802080160813, -0.094482072244463, -0.029030391000773002
-0.018744247693805, -0.012042442461792001, -0.06247038996884201, -0.0034458673868284, -0.09142745535589601, -0.031149829643324002
-0.012303672826031, -0.013745364350445, -0.049517282327808006, -0.0041586500262550995, -0.081927895294978, -0.030793997040674002
-0.023472723955008, -0.010902786756885, -0.063671356036197, -0.0021731327058121, -0.08685660669328901, -0.034874549681077005
-0.024743680160736, -0.014340364590782001, -0.073322294989172, 0.0008421336689544, -0.081868624587787, -0.036555828217822
-0.042249765262395, -0.015984642398981, -0.019863988451005003, 0.0027360265076779, -0.094067315733434, -0.033268409704632004
-0.034045157290032005, -0.016525114927134002, -0.08377157363437701, -0.0014746741572021, -0.10318024109276, -0.04019470726332
-0.05275015091333501, -0.012538964660568001, -0.10670176520734, 0.0061772412526329, -0.083067446974009, -0.044015581180278006
-0.026494446350414, -0.016418710447332, -0.10085853483825, 0.0021385522272364, -0.08829231366348, -0.038779694488308
-0.021960085843326, -0.019820532977063002, -0.09146540695308901, -0.0047994360689267, -0.07196413246657801, -0.038292100117024004
-0.010214336529361, -0.015556859382609001, -0.076737859350493, 0.0005829329077401, -0.07535027693014401, -0.042691620099067004
-0.014592077028245002, -0.016422231393232, -0.077276375652572, -0.0067838470867262, -0.07174022492406901, -0.042899712870964
-0.0034318253932917, -0.012553491286105, -0.054670971489489004, 0.0025185999559646, -0.07068982295970201, -0.038242489374659
-0.021778290282663003, -0.014545787697150002, -0.05337006737903201, -0.0083274475242448, -0.063478177798014, -0.039059286262584
-0.014506435434116002, -0.011101458659567002, 0.0002761868961302, -0.0052576308956282, -0.062400201907508, -0.029836780731198
-0.011311607597024001, -0.016505929667688, 0.039004012391896006, -0.010718829258504, -0.07552179341327, -0.034234545822563
0.0072747580574582, -0.013666157985778, -0.090305715398186, -0.0051049532797353995, -0.05786829004639601, -0.038240862466601
-0.0067032185503413, -0.016144226731763002, -0.042622498110835, -0.0094012900878833, -0.06438563453450201, -0.035592824441168
0.0093543226042462, -0.012328208306855002, -0.026326679696051004, -0.0056827798480017, -0.046374546961548004, -0.032160809763492004
0.0044306565638778, -0.017099054074019, 0.0037314624598619, -0.0073817157840894996, -0.044348352626386006, -0.040372422783659004
0.0040949428638337, -0.014291349237921, 0.05091977711521101, -0.0040416168693811, -0.046567231965164005, -0.037062033097556006
0.0075875297704214, -0.011355238809324, 0.023809197723654002, -0.0017378598893384, -0.05191447571294001, -0.040204749600061006
-0.0068684116964026, -0.01451740456581, 0.035265018935741, 0.003669450311285, -0.06449075935439501, -0.036135771771093006
-0.032714500369233006, -0.014333545330894001, 0.059795324406961003, 0.0020977295336697998, -0.063501240826814, -0.037249236517406005
-0.023504611871321003, -0.015755196175799003, -0.047725493006210006, 0.0035982733607495, -0.076678510812237, -0.04200181929491
-0.021118188390276002, -0.012293948210242002, -0.12386622767742, 0.0080047196326847, -0.07368427943205301, -0.037525303369634
-0.0024332066805958, -0.013097863812602, -0.080855511786229, -0.0026819581423807998, -0.082240295933967, -0.036971180809184004
-0.005718392130616, -0.021966380616957, -0.07822316415994, 0.0037245682747293, -0.05740482221865201, -0.050247445578075006
-0.0010381190685933, -0.016793505218144, -0.092137256357949, 0.011736965358301, -0.057499536604904006, -0.040012737565669004
-0.0073331840460066, -0.016887257961951, -0.04964477728126301, 0.011513156064754, -0.056713594534692005, -0.042647606385251
-0.0095368845736958, -0.016697556304304, -0.045673900375794003, 0.010663754149941002, -0.071787231010455, -0.042753003089087006
-0.013493253854618002, -0.016820543322334, -0.057037249591172005, 0.010616908384822, -0.057266262788752006, -0.046463124319693
-0.019913826929097003, -0.017814193672340002, -0.015344435915005, 0.012394627027016, -0.076233089044709, -0.047164097652332
-0.0066764352821317, -0.021257714987821003, 0.0085527663690651, 0.010883037039004001, -0.09328351077359201, -0.052780576097128
-0.0029251581583274997, -0.014721700269633, -0.080932157089469, 0.019957620599947, -0.07585784754508401, -0.047506789148754
-0.025586207647742002, -0.017098619162114, -0.020257172649119002, 0.008736579720502, -0.083544409444382, -0.046424305094216
-0.026487882635653003, -0.012414366039272, -0.05183068287367901, 0.0039044938216984, -0.082364000785989, -0.046140078867349006
-0.027870023000426004, -0.017909349101896, -0.049908306609621006, 0.010705805888048, -0.09370311701306201, -0.043453390190736005
-0.020810830956670003, -0.015127524933821001, -0.062414396161225, 0.0008995638452125, -0.08795570297506701, -0.050522316270214
-0.041220445758834004, -0.019575552042899, -0.056092651687725, 0.010303385689815, -0.08857077867229601, -0.044948870063105
-0.024639664641281003, -0.012762744123706002, -0.051174994133030005, 0.0031597230715468, -0.08552916363115401, -0.048968859564746
-0.015099384283196002, -0.017115792495662002, -0.026185410950705004, 0.0034545168604551, -0.087909725485248, -0.040345659896841
-0.026806032280928004, -0.018119978125537003, 0.0058295678037342, 0.010227323895861, -0.09949954902670001, -0.043201902212066004
-0.040418895305267, -0.017193339721025002, 0.020787337995360002, 0.0057969375291737, -0.11149366431331, -0.042631548021591005
-0.029619692891084, -0.012067185525769, -0.079495542320449, 0.0093159787506483, -0.096066619269304, -0.039253156806402005
-0.026107128206469002, -0.017012703407135, -0.036410344440447, 0.0037780712734057998, -0.09555786686785701, -0.039029640470999
-0.0064034853939339996, -0.016155380845503, -0.055570190375022005, -0.00044010239725729997, -0.094342441079168, -0.042999424835304
-0.0005002645737171, -0.018532216166581003, -0.0062035273043194, 0.0082908383282656, -0.083301927703973, -0.039329348460706
-0.013145275402229002, -0.012907221396113002, -0.051396791855609004, 0.0073876590970246, -0.088514064733737, -0.037629302503748005
-0.016077233782887, -0.015025096333646001, -0.018267349357207002, 0.0078645004332424, -0.082444834058934, -0.047811649340011
-0.020942054512312, -0.014536789516411, 0.0064820503311608995, 0.012322758330533002, -0.07763835554720801, -0.041050930023385
-0.021129898621592, -0.019222540007851, 0.019797000679821, 0.0055583225308425, -0.10182744158079, -0.037298169408214
-0.041623150053355006, -0.022116988967217, 0.034452991384004004, 0.01300901884451, -0.098877928541026, -0.047238419462543
-0.0067551743269909, -0.015007683403417002, -0.10481711552566, 0.011572742667814, -0.083063522837547, -0.043805320344106
-0.010866952799278, -0.019364546821772, -0.024938275641517002, 0.0029659018980874, -0.08815261309404501, -0.049941621995902005
-0.007413875541062, -0.018490777288388, -0.032405273626039004, 0.014805255502803, -0.09109540128492301, -0.047790930327318
0.0061709369157323, -0.014003194381125001, -0.039930026848974, 0.013439989625067001, -0.08664782973535701, -0.047078904806041
0.0032443935675811, -0.020242273492421, -0.027961456828824, 0.012128818156096, -0.088602531604725, -0.051710573031601
0.0031119856362791, -0.011267620963366, -0.057309918483169006, 0.016760071177369003, -0.07922811750808201, -0.050577714751853006
0.003264015717673, -0.015953692517739003, -0.023865062526435003, 0.017089966941614, -0.07738481297349001, -0.048638574022107
-0.013748085699339002, -0.013382559691130001, 0.018092093239001003, 0.022651597591402003, -0.091329660130053, -0.050210836263011004
-0.031974676771386004, -0.015921472552072, 0.08117034477596301, 0.013056525264074002, -0.10897994443121, -0.053904157398690006
0.0087857024211005, -0.01057705342972, -0.11772201875419, 0.026742981058519, -0.096665049328835, -0.05095303639122101
-0.0046469637737268, -0.013384099756489002, -0.115669033729, 0.023428512467043004, -0.07389959536759601, -0.06475012871364301
0.021724063385471, -0.013666293331805001, -0.050349458964936006, 0.026977516247158002, -0.073030405343216, -0.056819719795295
0.015218921151214001, -0.014576482015826002, -0.037708445301668, 0.027624624576074, -0.070117953397254, -0.05691584954542601
0.027194882760093003, -0.013068199255434001, -0.057941612549699005, 0.026369074720228, -0.08000575277388501, -0.053825898533381
0.030544930353572003, -0.011034546148544001, -0.0072138203221985, 0.033078161351815, -0.08240247624893701, -0.057254907540581004
0.0034136203303406, -0.010063456511517, -0.025600806281974003, 0.025586985869415, -0.078605564810392, -0.054553515394873006
0.0031697003107329998, -0.010151209926673, 0.0026122027859101, 0.024369302140186, -0.08451086959272901, -0.058703544659206006
-0.020282140178841, -0.022275644113256002, 0.11498108930937, 0.027756797788236, -0.09741102210220401, -0.063134238847859
0.011285380861595001, -0.0053064197374211, -0.14714463166454, 0.030887040593583003, -0.10016859834507, -0.058624339861565004
-0.0080693347781609, -0.013403281219136, -0.016530699290702, 0.027746292095266002, -0.095860496436576, -0.058764069593433006
0.022896182043663, -0.0081505982308235, -0.041996389625868005, 0.026881890621811, -0.093436255535518, -0.05525676925913701
0.022082483468188002, -0.011168346590094, -0.032533279841028, 0.031218563595264003, -0.07983876372963601, -0.055221713676871
0.026634271866874, -0.011589645604932001, -0.024526603541511, 0.035561360529708, -0.085953163520082, -0.054512675869629004
0.028855848189443003, -0.010278027707003002, -0.025971730232671002, 0.038719669706653005, -0.082240553228886, -0.05728599630066
0.015758043845016, -0.016149176596049, 0.0016099647673706, 0.030743668422022002, -0.078231219116891, -0.057786724558973004
-0.0058193149246792, -0.015651660290369, -0.0013668657994338, 0.023609384958942003, -0.07689361667878501, -0.055563290040209004
-0.0035621469964665997, -0.017197609566449, 0.049528496913154, 0.023127416690282003, -0.07789344270815, -0.054459481997503
-0.028228613362118002, -0.021583354317837002, -0.022494422097271, 0.017336874181923, -0.044726058416102006, -0.059121934345536004
-0.0063027384147523, -0.013214022028121001, 0.0049271636760631, 0.023515910551593, -0.047515008963242004, -0.057578960937839006
0.036252383653610006, -0.0097816546656846, -0.094330157296346, 0.024500998057132004, -0.06084599532488601, -0.051229576206519
0.04953419469689, -0.0091132993642127, -0.11212498477568, 0.029061236321112002, -0.05215617152741701, -0.054418166729827
0.031529328102731, -0.010334949226165001, -0.12849444243125, 0.022427271922848, -0.049556234895869, -0.05053456953901601
0.036276154798521004, -0.012973037050930001, -0.067063115168653, 0.025741530403897, -0.026811709644230002, -0.054401955420843
0.053705229058623, -0.017696333146656, -0.055422179862302, 0.029721472653479002, -0.010384794470751, -0.049269816501603
0.025966567281193002, -0.016903562541746003, 0.01230514130356, 0.026745723591045004, -0.022670092237411003, -0.04654141638874101
0.0062904799905222, -0.015806161452118002, 0.07052810429487101, 0.026250111039384003, -0.035634766509671005, -0.045676104473292005
0.043320192445840004, -0.016205285232133, -0.05642344906016301, 0.025367113963773003, -0.02254885364952, -0.045827196825116004
0.023810948003338002, -0.019406223522221003, -0.0067169356212092995, 0.020880243438137002, -0.027588366151768, -0.046142515680943005
0.026797723473966, -0.018464942176769, 0.03608050523938, 0.018876395538104003, -0.011985089947176002, -0.04978154916340401
0.0071435997092946, -0.021425470609059003, 0.1048735753192, 0.019847133773605002, -0.020170293595670002, -0.051905017350128
0.027240734429160002, -0.015716237648786, 0.031597644147653, 0.023945376041541, -0.029507160801533, -0.055090388714493004
0.028101894337465003, -0.012137104749121, -0.0043576253952633, 0.031451499190887, -0.040461436504875006, -0.067767263832293
-0.0011584410635445, -0.013096991208451002, 0.063822031212873, 0.033225715311561, -0.037565018146472, -0.059472538536419005
0.015999989700295, -0.0097430020613862, -0.07312758016541601, 0.030643820040154004, -0.067091662872343, -0.05765136535080401
0.026219303120530002, -0.013981582201290001, -0.13247315639375, 0.034191355176525, -0.068667890866735, -0.06017749394055501
0.033734867040302, -0.014583947922565002, -0.06467821502293, 0.028453248060194003, -0.06372092373082501, -0.059626774704411
0.034070440366355, -0.013412524634043, -0.072604796499684, 0.028038481968383003, -0.056143117388256, -0.059997690267061005
0.017860974797484, -0.014874860490069001, -0.027992566643594, 0.031267571420149, -0.06274089943675301, -0.060438149479508006
0.027245053684463002, -0.013647195913532001, -0.065535404820368, 0.030470032307042004, -0.059989036743251005, -0.058834878232036
0.018643096028324, -0.013753197206979002, -0.07193749211304701, 0.031649183817126, -0.056881346891908005, -0.06064790519088201
0.0063016653373111995, -0.014251277084505002, -0.071867884442327, 0.028014096162623, -0.059630794535445, -0.066923512739484
0.015137470553953002, -0.012437923880191002, -0.066696867042894, 0.036906776598673, -0.057142604282253005, -0.062478558007402006
-0.0035494054678255, -0.01144584460758, -0.016029518476929003, 0.029516629730213004, -0.075992135558599, -0.062394572884046005
0.013115727623344, -0.014493929990774002, 0.0050166504257631, 0.03838326348878, -0.08204594824113401, -0.055067338258827
0.0031492441927747, -0.0079960704438555, -0.16761192379802, 0.028227817780681, -0.08128142727215201, -0.053381206374637
-0.0028710464891392, -0.014453756782728, -0.054060837894071005, 0.029700725928158003, -0.078120607167278, -0.056258053370655
-0.001321055450764, -0.016229315556587, -0.067904318639267, 0.024199788515747, -0.07225684365843, -0.052831647896508
-0.0095648012424313, -0.011173626103708001, -0.086279109040198, 0.022625329333004002, -0.06868137517715, -0.05982963751820201
0.001222456227168, -0.014761466985424002, -0.053207261274945, 0.026766469212939, -0.06313185444642501, -0.061097620452585
-0.0078991632345961, -0.014288716483411, -0.09235648638852201, 0.024778092331129, -0.068476921634503, -0.059052986416089005
-0.0080905799249358, -0.012014319648018001, -0.078887111116809, 0.024680344858207002, -0.067597239630861, -0.063683910865955
-0.013626670314339001, -0.013236381953087002, -0.0040890972795808, 0.031740547122622004, -0.07380123765398801, -0.060753012102042
-0.024549782092852003, -0.012013416534777001, 0.016752202703321003, 0.030270567061940003, -0.08094353516472501, -0.060160013311017
0.0016824311896163, -0.0093758482652699, -0.1193260378314, 0.025053746311002004, -0.053676124943227, -0.061364768356058
-0.040606654907144005, -0.019253892295772002, -0.034956813171208, 0.017570358196387, -0.07460197547264001, -0.055019648740167
-0.0039865009042333996, -0.011038033622926002, -0.077113596727142, 0.014578436555394002, -0.053844806356147, -0.052273703309970006
-0.012384650112421, -0.011665013510935001, -0.060628216636771, 0.017409677658445002, -0.057445133408684006, -0.05033435969689801
0.0094037532261833, -0.0052808860685859, -0.12970432058398, 0.021821131556284002, -0.05595134085020401, -0.044375986756111006
0.023707749646106002, -0.0023610213782634, -0.13364303709613, 0.025101378761915, -0.06208139859864901, -0.034691889618898006
0.026663350395266003, -0.0024496814124423, -0.12694755560832, 0.022810126150261, -0.066779250688109, -0.045428284887651
0.049463659847083, -0.007361214565924, -0.10628750358725, 0.027084440863984004, -0.041577535639713004, -0.052397971185503
0.030833643910354, -0.0034479541902618, 0.0087460963534048, 0.016984554751525, -0.057532385025951004, -0.039801842013476
0.035358620557254, -0.010131354546108001, -0.068012473768969, 0.020393294718807003, -0.040516641926183004, -0.043782867478564004
0.030143638823386002, -0.011123087786012, -0.062791773363237, 0.025244421356844002, -0.033978444230908005, -0.049779838226240006
0.027060185746063004, -0.012760250958684001, -0.077132702684317, 0.017424839955265, -0.043590944485276006, -0.045870186042575006
0.054759378317916, -0.013130751522579, -0.041472522481438005, 0.025804378587227002, -0.042059602950881, -0.041025985361711
0.051144535466675, -0.013168662360794002, -0.054896598300338, 0.022140746843227, -0.029517694601765003, -0.04131892852464401
0.04667504326826501, -0.016083900707154, -0.0020160182627098, 0.019010769235084, -0.026224152936768, -0.045930590579906005
0.024738820943329003, -0.022213216089955003, 0.09045255830118201, 0.022649276150502003, -0.027472942331197, -0.056963706872766
-0.0016706367858416, -0.0057409344845299, 0.11230409579619, 0.025749516521602, -0.040986353384695, -0.046449323405742
0.027469996952338004, 0.0004026249976254, -0.087813066809048, 0.028292380010215, -0.067076931760446, -0.047421223058722005
0.063035365395988, -0.0032366391566034, -0.15279498512943, 0.029103981141446, -0.06967767904223701, -0.05374529395039301
0.030452151024231003, -0.0056547255166413, -0.11432375241374, 0.035547639435718, -0.074007882596965, -0.059279499786906005
0.057384418257033006, -0.0035712268598861, -0.12414168640756, 0.02432545640032, -0.016274299492803002, -0.059753887227082005
0.029831867241965, -0.0055313543677673, -0.057930892895328004, 0.023099923212687, -0.063071114225611, -0.062803392759934
0.041000138203536006, -0.0031052027586939, -0.034358639831601, 0.029577492256328, -0.06256124728607601, -0.061547266203678
0.030245598417504002, -0.0042947106270746, -0.089970420268124, 0.025099901282096004, -0.059232747230724005, -0.065600451237462
0.011615945807769, -0.0093302917967651, -0.0096532528430295, 0.024011725651433002, -0.067333990991982, -0.069866578786756
0.013828056115555001, -0.019659248403456002, 0.098490690248452, 0.026946350662568, -0.075638766746769, -0.062300790150909
0.030355780804263002, -0.0054619582507965, -0.080926577322321, 0.032891590569793, -0.08181728440789, -0.058554998207336006
0.032676473360179, -0.012436308359534002, -0.06949477113722201, 0.040866053318112, -0.09144018126240401, -0.060272386035690004
0.034045993938835, -0.010621006734855, -0.070629121112857, 0.033213493627912004, -0.076195746754655, -0.057683825419275005
0.017352325285599, -0.012740420631611, -0.080933782592398, 0.035172154131312, -0.082368461901291, -0.065811059884118
0.025935387679506, -0.010644217357840002, -0.075861334083529, 0.032315353169702, -0.08286865902334001, -0.058921983154868005
0.010112175252297, -0.013209577060737, -0.06317649676037901, 0.032077067207193, -0.09140999184845101, -0.062127033367966
0.012124878490887002, -0.012266898828124002, -0.10259412380332, 0.028672196065952, -0.08321168153095701, -0.06079287474712
-0.0018042237858348, -0.01304356910932, -0.07718203655398001, 0.031642033925458, -0.076896639424349, -0.06272335031437601
0.021239398100809003, -0.010403861431739, -0.035214787770588, 0.029488260872396, -0.07675964115019901, -0.07111094803296701
-0.0055319314403052, -0.014422811741742002, 0.012145503692226, 0.028958010905209, -0.10801770225344, -0.063194227266386
-0.0019287640349175, -0.015833107609132, -0.07510620776102, 0.03428018986906, -0.09426992924006501, -0.059375836014271
-0.012357725900819001, -0.010531582241366001, -0.11826378236691, 0.03288429314302, -0.11943123281584, -0.046148642575937
-0.010464076090294, -0.013610368919826001, -0.082875949388865, 0.021993523702310003, -0.11064477150748, -0.052418012580872
0.010445245506044, -0.012415914300778002, -0.07736256669880501, 0.018322116983054002, -0.10646170390258, -0.045499706392642
-0.010288178574626002, -0.014521576625787002, -0.10846812083796, 0.021653293502759, -0.10116994011777, -0.044873111674156
0.0043360807107389, -0.015284875101511, -0.09217991308457901, 0.021438046848033, -0.10516766001987, -0.04696306947037401
0.0045523757558402, -0.014346806077760002, -0.064395746331231, 0.015618369096640002, -0.09783278504615701, -0.048460440152092006
0.0047664987506801995, -0.012202714408584002, -0.052612763605610006, 0.024568932755211003, -0.09867366587057601, -0.048118702338435
0.0002469429192238, -0.013730187686799001, -0.036020980158584, 0.020328570646671002, -0.10481992569197, -0.050323998338208005
-0.016108149937059002, -0.021854689714428003, -0.025798991281481002, 0.024736944443118, -0.13183794012539, -0.058233873179631
-0.0049666828055624996, -0.0095024159013463, -0.14556506622841, 0.025059139136361003, -0.10449033900126, -0.052431425222795
-0.0079406758660106, -0.016366056134360003, -0.065900117570898, 0.026347634903315, -0.11482417469155, -0.047373849953616
8.22659198461e-05, -0.015016152239454001, -0.084576685747031, 0.019527506558596003, -0.10453462654012, -0.054501481979952006
0.004981014975078, -0.014020765072636, -0.06603753662035, 0.021656887595036003, -0.10768487730478, -0.05346753460571801
-0.0047826290969942, -0.016592394123565002, -0.072843563265597, 0.019255334864068, -0.11313992199759, -0.044582544192042
0.0031592547876357, -0.015758975387071, -0.06577235109902001, 0.023371995883328, -0.10955295903606, -0.051426327743881006
0.0054213066152186, -0.015538558223691, -0.033085595908058, 0.019330442801988, -0.09201614199006, -0.050051708725841006
-0.0049660244936388, -0.017959952686294002, -0.044726489246055004, 0.018511373696079, -0.099918247171164, -0.054722694372007004
0.0060424203554268995, -0.016921756293562, 0.0098382237339898, 0.021409993043, -0.10922148068907, -0.052655385002182004
-0.010866999256007, -0.021560274036917, -0.060523828972549, 0.012319536511469002, -0.083796030190375, -0.045625920209168
-0.011889810297024002, -0.016371887763478, -0.065004571800081, 0.018461224292327, -0.09820858077892301, -0.044924359395312
0.024136829688057002, -0.0096947421214595, -0.081105491978099, 0.021826860586797003, -0.08684757637630801, -0.038920539574317
0.033061099930111006, -0.010890767226502, -0.10679861832848, 0.022056531106314, -0.08416616144118101, -0.037795594577433006
0.048488547085338, -0.014199692992317001, -0.076440688615171, 0.022766836169563, -0.07506830657353701, -0.039836173203923006
0.037862159507737005, -0.018689618394109, -0.056690543881743, 0.023408756508878, -0.060249350166191006, -0.047141512260310006
0.033202795892464006, -0.011261137849833, -0.023224908895019002, 0.022995686948746003, -0.057528177263046, -0.045941525456280004
0.015993651708272, -0.015456064338029001, 0.099953779314222, 0.021850829071961002, -0.048614999712403004, -0.050232185238628005
0.024676601230311002, -0.016183751615916002, -0.030933178042860002, 0.014272159643527, -0.031197229497795003, -0.049694023660563004
0.020024441559925003, -0.018887572711333, -0.026820069101928003, 0.015606162890305001, -0.045422972946084, -0.05421107882216301
0.034233696254954, -0.02300591565381, 0.051814983285843004, 0.013051532783188002, -0.04997651911695, -0.05410292489843101
-0.0023495064820187998, -0.024907310125109, 0.07007036175118, 0.015004652207003002, -0.032916898487197005, -0.060876750730730005
0.041739395240026005, -0.014546785124863001, 0.020627221148817, 0.024913834628176004, -0.037952937239777, -0.065038666365568
0.031301646770635, -0.010758444138800002, 0.020823927728912003, 0.027930617333898, -0.054595216405746, -0.06324583563074701
0.032875531972675, -0.0079406070090293, 0.0006652691191592, 0.021383338823836, -0.06696836673581501, -0.06258901330302101
-0.016974380336695002, -0.01489877516461, 0.11749499619037, 0.021424117567847, -0.085279959919767, -0.063703703697617
0.044694580234863, -0.012343328370100002, -0.1370150958915, 0.028288076227667002, -0.10585921629443, -0.061661502441731006
0.039011333365428, -0.012731994717699001, -0.075583133257886, 0.028353896738420002, -0.08938312778513101, -0.070050796703576
0.036465980734139, -0.013062179844529, -0.050685214493095, 0.031450352697746, -0.08553057709745901, -0.065617014652006
0.032700213697265, -0.016650952285958, -0.052517013094467005, 0.031549183891197, -0.08538122380205, -0.061750390206922
0.024331381390809002, -0.011152088918943, -0.07162517795664501, 0.031875556196138, -0.093366139280772, -0.058898389785980006
0.021658769209124, -0.018473863964752, -0.07178443520505601, 0.028580641130659, -0.09614333289427, -0.062200023372806
0.022882737780426002, -0.012379283293408, -0.085449558428053, 0.023457209170125, -0.095930128082784, -0.060979765519983006
0.016776451290229002, -0.019632766307266, -0.08223356394082901, 0.022480167685399, -0.09552848135438101, -0.065313170924892
0.00038591725326139997, -0.015839090712009, -0.049137214480666006, 0.026786436045276002, -0.11312482296852, -0.06364257004410201
-0.017926565341034, -0.020853830612717002, -0.046503889109167, 0.027594209706224, -0.10669102277064, -0.063302311659303
-0.0081035914983189, -0.016364646611021, -0.10020889193156, 0.030434904937779002, -0.090979382575069, -0.059429901866832
-0.011562294998278001, -0.021369530212477002, -0.046030433024935, 0.030276576543640004, -0.08707761968559101, -0.06857279779326901
-0.0032745174882678, -0.016013756827996002, -0.06269678282664701, 0.023253827000959, -0.08228061364779801, -0.064530990532846
0.0072402249922549, -0.018639335937695, -0.070160823036972, 0.022720787999177, -0.09452752469382701, -0.064465907536706
-0.0031174660147784998, -0.018361617925899, -0.081700525756159, 0.022820304915742003, -0.09987047104709501, -0.062881207829084
-0.0060505407927242, -0.018466556229638, -0.065174208379743, 0.017526032903183, -0.10859654901034, -0.05715757026880101
-0.010782259952946, -0.020501246549261002, -0.060973252795741006, 0.018986370748158, -0.09613552853561201, -0.066375216004215
-0.018236547127672, -0.017585657054522003, -0.063694216025346, 0.019219151381495003, -0.08885070678714001, -0.064520754790685
-0.012823959619968002, -0.018180672632372, -0.046054388345109006, 0.017906985261597, -0.10742237041168, -0.06225254138180301
-0.0058681050795255, -0.016504517369224002, -0.08377555250681701, 0.017491524597213003, -0.08594714377467501, -0.063402604384603
-0.034601153619419005, -0.018398089293516003, -0.0067332840372412, 0.019125206925432, -0.066708134245232, -0.053372332669312
0.000467245104112, -0.0071928634258284, -0.11408984480501, 0.020432609828781003, -0.090506275399759, -0.04771870545079
0.046243986515308005, -0.0070952899770086, -0.13898430363859, 0.017657549206325, -0.079791849562574, -0.04847952932104901
0.050674877186029005, -0.013414611318905001, -0.11391871540267, 0.021250216875613, -0.07138419674535401, -0.05503781655290001
0.046514550315424, -0.013126223478734001, -0.08176653430639001, 0.023665550774318003, -0.068698470005708, -0.056846708998600004
0.048587153154248004, -0.015145410324517002, -0.05373378148433, 0.018521634262048, -0.063371402175232, -0.05929178920726701
0.042139508657451, -0.014064429529907002, -0.003616601857193, 0.021591353488115, -0.066215558370238, -0.057197691225795
-0.0084303556883521, -0.015881819842825003, 0.10460469128542, 0.022285592433424, -0.041653424573418, -0.051524835887053005
0.020247073326920002, -0.018226267242422, -0.027872954113378003, 0.013683658492254001, -0.033769068163118005, -0.066017800320432
0.026625034328453003, -0.022391258192363, 0.045677927695351006, 0.011197725882306001, -0.04133756506417, -0.065236676522336
0.014118358724684001, -0.011888339026584, 0.045641660880952006, 0.013435961718435, -0.06371373982462701, -0.051099194275849004
0.034070591628948, -0.016299261005214002, 0.0015767691488156, 0.021669578988307, -0.05719689616984801, -0.06271724822352401
0.054966972474235, -0.010007040931955001, -0.056671294113422005, 0.017812961525088003, -0.06121090662939901, -0.069670477959305
0.043219844220416005, -0.010315840226514, -0.027445918731882003, 0.020038773703841002, -0.073628234494354, -0.057722936265641005
0.024360261358693003, -0.015933863794775002, -0.050652725642949, 0.019655454560545002, -0.10022593330567, -0.05689982718124
0.0081485793409804, -0.017828592064082, 0.027792355433641003, 0.029940853063731003, -0.11432774168089, -0.06448860473237801
0.037855057587378005, -0.0086153973206418, -0.19515289392878, 0.028376499878065002, -0.10225470432198, -0.064386467875037
0.024328356942689002, -0.011021489094869, -0.09660028237109501, 0.028084454770311, -0.10174994421983, -0.06239428782173401
0.02408729984667, -0.012014482077791001, -0.051358147628608006, 0.022267004927789002, -0.089659771107748, -0.06765596930511801
0.023258563104555003, -0.0097011761437482, -0.07468693831501401, 0.027995437839503003, -0.092659133842379, -0.064434252689661
0.024061696023479, -0.01354332525212, -0.07092055949241101, 0.021975194502781, -0.08801644943666101, -0.068161524617699
0.02128981126414, -0.010088922904535001, -0.047387977293877004, 0.026666500804596004, -0.08020835972268901, -0.064202303081693
0.005507805501559, -0.013840698599464001, -0.045680589182587, 0.022352648733312, -0.09001352723444, -0.068971663365888
0.017378863943594003, -0.014041613707361001, -0.024097134250514, 0.027917469100877, -0.087707363711643, -0.06297301276371
0.0085158981876573, -0.015799294490277, -0.011379796932808, 0.026199719643135003, -0.11025657371823, -0.066417469949179
0.0053663751550235995, -0.016261145546884, 0.072911156807462, 0.022220722823070003, -0.11314086101595, -0.06641823230122401
0.012890286515680001, -0.01664726764304, -0.15619078075536, 0.019482741240284002, -0.10599808657223, -0.062231957206920006
0.014558918445620002, -0.014849072839115001, -0.051781386729427004, 0.021786976478026, -0.10191731789763, -0.072327859059405
-0.0030130611871641, -0.016747732036872, -0.06454710269356001, 0.018217402885399, -0.11165799866946, -0.066768871297117
0.022169927951354, -0.016169598650222, -0.076482640689518, 0.022015325117926, -0.1085049891379, -0.06370463531190701
0.0052081103907078, -0.020612118999652002, -0.06837550429242001, 0.021021364649947003, -0.10271214201933, -0.06693723403755801
0.022518236338516, -0.018912514487378, -0.064825611707078, 0.02432203530446, -0.1000095394605, -0.063468058759944
0.0093051046115693, -0.019988133524911002, -0.077878319554061, 0.024516141496752002, -0.1031028584921, -0.06816495922931701
0.0021566836784008, -0.019120270162777002, -0.089261136880837, 0.024020756893065, -0.10889462359726, -0.064991978411572
-0.013509234533974, -0.021750627244921, -0.013842681347952001, 0.020587284721174003, -0.12161519430344, -0.06825831070487401
-0.0050693814169028, -0.016834775884428003, -0.15026923051548, 0.020252827380099002, -0.1256910456873, -0.066083986335324
-0.0092621590429444, -0.023343259459649, -0.08340604635177501, 0.02632127399056, -0.11476240023652, -0.063517822744576
0.002575239294236, -0.022096473265552002, -0.09799937151862201, 0.022765873228729003, -0.11592028084786, -0.06827663315618901
0.0018730144694206, -0.022299379578622002, -0.11318834840015, 0.026426542951759002, -0.11194373101827, -0.064788139072761
0.010485895315364, -0.022400569118236003, -0.10266803071284, 0.020359545737417002, -0.11076908525771, -0.069447996626953
0.016472693672872, -0.021718809176793002, -0.09435986128731201, 0.026279929145758003, -0.10838978395114, -0.06960640889742101
0.012823690196878, -0.017798810107376002, -0.10837001594, 0.02501429451733, -0.096341978661447, -0.067980693050134
0.0058126002400313995, -0.023275555817433003, -0.088319980246504, 0.030427534269333003, -0.097613352324683, -0.06682393207008301
-0.018923271739778, -0.021030982229212, -0.038380038778543006, 0.021382006305595003, -0.11372974104372, -0.07186075147675501
0.0055839685673327, -0.020435424793756003, -0.09250892597283801, 0.010325388892841, -0.10325841159285, -0.070162865824704
-0.0313465797972, -0.013748808016451002, -0.056106248958606005, 0.015902069676479003, -0.07406584075080701, -0.056724099110475004
-0.016154452900488, -0.010676361910301, -0.13146441899973, 0.011728645107727, -0.098470370866546, -0.057950272311164
0.0057704729867372, -0.0097216382739288, -0.13012091368983, 0.011303343576013002, -0.08550973744840401, -0.051383030260093006
0.025063468548835, -0.011775268847022001, -0.14661995463891, 0.017439500451328003, -0.092317407037713, -0.057566096773333006
0.038721148245552006, -0.015056950029047, -0.11480616601731, 0.018234741633452, -0.08068416637292901, -0.051821683144327
0.04646835065776601, -0.015021116562586001, -0.11465781609306, 0.015797622635641002, -0.076201336635835, -0.059979192478937
0.030755787237989003, -0.011755950955667002, -0.10272929600301, 0.016499546524781, -0.063943273704389, -0.060410157078511
0.016877122807804002, -0.016207622946051003, 0.0013220018897302, 0.018568516431951003, -0.05635342290435501, -0.05353758790720901
0.034289987201268, -0.011021033109574, -0.12276016089959, 0.013095866813956001, -0.052873773970884004, -0.057069766554067
0.032659656797401, -0.020454424180768, -0.053949357545480005, 0.016459731239259, -0.049770312152093, -0.056856910347643
0.02647903356779, -0.023915596002289003, 0.0093048388106044, 0.010518075484767, -0.048344615967241, -0.05937160416039901
0.023369036039635003, -0.017904422936777003, 0.052585487872805, 0.011648145305797001, -0.044342076943585, -0.053848286466478004
0.039697667122301, -0.015827219729532, -0.006932539192088, 0.019699795845110002, -0.057168733629476005, -0.06195707156078901
0.036322451415725, -0.0094255869073336, -0.022994829957207003, 0.022038695219539002, -0.05851039194696601, -0.068012266177677
0.053924198986885004, -0.017449471780016, -0.0016697252012147, 0.021189021703913003, -0.08395282070825301, -0.071769034358902
-0.011703800875896, -0.027955128626101004, 0.20150467659528, 0.024824020607574, -0.07598961795077701, -0.06683882836463201
0.031711086146483006, -0.0063271139603378, -0.0041480780085318995, 0.025362957389245003, -0.09604746453931001, -0.06857547572488601
0.049460344816279006, 0.0018191453853877, -0.14694422659181, 0.039296515088707004, -0.11119570265484, -0.06725561379583
0.065383105256197, 0.0020693411170334, -0.097495816594866, 0.032693051221614006, -0.11414051791521, -0.064884012695893
0.06933480067084001, 0.0013325994026352, -0.11799381901251, 0.033496966334993, -0.09857679919334401, -0.067560876560892
0.059666096745230005, -0.0007129475211077, -0.12508212536111, 0.029082102462183002, -0.10071775116628, -0.06632715071667901
