the plane
0.0, 0.0, 0.0, 0.0, 0.0, 0.0
0.0244629917599, -0.0021924194491503, -0.06881505472308401, 0.007595309982669, 0.0012256282493314, 0.0080386883443148
0.013053760185688, -0.0030327475241782, 0.0018365909918573, 0.0085541578629476, 0.0083737597066207, 0.0041669126108106
0.033389932162926, -0.0037008925213279, -0.034028461888254, 0.010035744769947001, 0.025384047663127, 0.0045386506264347
0.004890213483915, -0.016439766891963, -0.01639551844588, 0.01989585499342, 0.039587298074774006, 0.0026778578511184
0.0057703955359308, -0.013801944467695, -0.027732634287828004, 0.017381971734107, 0.043206793433131004, -0.0036397931845700998
-0.0066430150588503, -0.019889568578023, 0.064496546922937, 0.022966329480821, 0.036374995710617, -0.011438776843036002
0.0029766621390501, -0.013763733447148001, -0.03812124691233, 0.025767187240583002, 0.026342086866345003, -0.020050334153827003
0.013300968408914001, -0.0037719240879755, -0.11177914113026, 0.021790163753753002, 0.022340722856112, -0.011634829856946001
-0.018171102663254002, -0.002331078680088, -0.055468979449451006, 0.021485122305938003, 0.011688939279340001, -0.0088445750503903
-0.00248311400044, -0.012297812369375001, -0.0051897979716109, 0.026317262883336003, 0.0002114412620301, -0.016471542115061
0.0078032283655681, -0.0079953092185277, -0.034716302906696, 0.025544546874330002, -0.007239988640518, -0.0020054599085998
-0.020386703752828, 0.0071577965184747, -0.011406088040184, 0.022131919206380003, 0.02312804073411, -0.0049356466761057
-0.044348374774194003, -0.016615619364568002, 0.12420751418991, 0.026864450276203003, -0.011017474602816001, -0.019540534714351
0.021607012819486, -0.013094543300734, 0.084471212994272, 0.025574090466553002, -0.017240847582701002, -0.01937480787411
-0.0089644380492112, -0.0003749233028972, 0.023700855736727002, 0.027553946919446, -0.0017872773169187999, -0.0084457738177693
0.020855030202681, 0.0021518509009255, -0.09655092001121601, 0.025379570342898002, -0.016447695903937, 0.0002143890776412
0.0035635059413069, 0.0024786272298078, -0.10783916186875, 0.032034579135344, -0.013029817542861002, -0.0008565790080089
-0.0055292387231664995, 0.0013092358368325, -0.10199320526798, 0.038686308293847005, -0.024768904633320002, -0.0058251381289436
0.0083917966976969, -0.0039111369192809, -0.060049639103422, 0.031747980441763, -0.036717619990426005, -0.013240157958826
0.017893706744148002, -0.0051667948706414, -0.1045343754826, 0.039190999793613006, -0.071853554664249, -0.015085832035401002
0.0091479298185469, -0.0033862466265317, -0.11891011030934, 0.030231572422630002, -0.047737385501831, -0.0099914262979485
-0.013280955902267001, 0.0004855700065939, -0.09332831964657301, 0.034281531688912, -0.059036269011633, -0.01685464282682
-0.010464112096732, -0.0012601479027645, -0.08000358831188101, 0.034000611636977006, -0.072738339812595, -0.01639551981781
0.011955499114711, -0.0015078613663454, -0.09822907640705801, 0.037558754841671003, -0.092500607902433, -0.010196132489008001
0.030235799418574003, 0.002723984745852, -0.22475034520181, 0.033991356692676, -0.067588466263336, -0.010229007102187
-0.009741320250162399, 0.0037104485882779, -0.089375788975492, 0.039055901802927, -0.031087896033170002, -0.0057714570088261
0.030051387541143, 0.0001660367782586, -0.10331535523067, 0.03583024141252, -0.038275501542358, -0.0069212336874677
0.025843991926674, -0.0044013995437592, -0.10433992338095, 0.03750263276402, -0.040372778547270005, -0.0060068586600782
0.052760793143207, -0.0012724729006119, -0.19623906090887, 0.030644926237840004, -0.028855737915739, -0.011778646971726
0.046490626557173, 0.0010714299081836, -0.14448989288964, 0.031662007042443, -0.014352685284107, -0.0075322694089521
0.051725922245201006, 0.0010495969108462, -0.14834958574109, 0.031473148531768004, -0.0017401487449113, -0.012542591428453001
0.045642430311828006, -0.000571560155554, -0.15324940337174, 0.038094564269686, -0.010344328636001, -0.0088634740890393
0.045108924362451, 0.00044985020065849997, -0.07381927921068, 0.033077100050258004, -0.010116692000374001, -0.015778113939258
0.063829860794372, 0.0040247130495065, -0.21250375895367, 0.030589637377078004, -0.0040228827925316, -0.012970865844792002
-0.020167654563851, 0.0039476957262773, -0.10806104833523, 0.020796480067686002, 0.0091232314292115, -0.014838528355919001
0.0062507638933757, 0.010510039609962002, -0.12560326735375, 0.032073235673768005, 0.0087954241762559, -0.012289093665942
0.010333450802218001, 0.0048966452881547, -0.08159001159990201, 0.034271894359587, -0.0039185094680563, -0.014081092887847
0.036589152089218, 0.0065382449766639, -0.19783460049803, 0.040445281981254, -0.013525984997001, -0.011885360899195
0.030669572980483003, 0.011540256614665002, -0.19798959760429, 0.032183108288892, 0.00048205889571699997, -0.013776363871031
0.014323500181568001, 0.0068910242779457, -0.1371001757315, 0.032023074991572004, -0.025541358553081, -0.018734848503093003
0.025983709759363004, 0.0043878922438274, -0.12513743281371, 0.03652254988399, -0.042449816420136004, -0.017418658249382
-0.0051715529817433995, 0.0012631961819832, -0.07590421305941901, 0.044213522925402, -0.061958583826033004, -0.024228657118785003
-0.0004759271156731, 0.0068310058927336, -0.25076905706359, 0.036689342363076, -0.046323803478879, -0.018356843387623
-0.0099931669283838, 0.0036451936161526, -0.17713052644356, 0.031642341348733005, -0.039132130673959, -0.014749320781234001
0.011427681280783001, 0.0037645528279188, -0.19030198832424, 0.031472664136339, -0.032609371293094006, -0.022656295012478
0.0076595664573085994, -0.0004965141974693, -0.16233736047917, 0.037352249923757005, -0.059657162825411, -0.024576907658045002
0.0072060169903794, -0.0006358621129729999, -0.1540111456991, 0.04140569831299001, -0.078424516377658, -0.025057420785835
0.034155844090265, 0.0044131396227285995, -0.30205406164988, 0.02661485662162, -0.053911766062599, -0.030157823227273003
0.0002771957499048, 0.0057384303837606995, -0.19705279527901, 0.025499405898711, -0.042610834636902004, -0.022120814349847
0.037712604332535, 0.0073505108847315, -0.19512507700971, 0.027940027457575, -0.038587220355393005, -0.026206448405246004
0.022899678800657002, 0.0059998753372582, -0.18373168930926, 0.032484718719269, -0.053397759741558005, -0.018804873217414003
0.033367834337961005, 0.0037721049183855, -0.09869576926161501, 0.033629872060612, -0.035903777937693004, -0.02241036421712
0.057102451389819, 0.0079899490506891, -0.23408859356669, 0.020037863627129, -0.036538669481146, -0.018478057892652
0.015586414095359002, 0.0060843599498576996, -0.17357250095539, 0.023663483775049003, -0.025621139702036003, -0.024788547320047
0.036073107825083, 0.0062614963805366994, -0.19317531752616, 0.031187986498920003, -0.026450330962827003, -0.022703161003431
0.026357298430204002, 0.0076740883303532, -0.10408369414053, 0.027289694805572, -0.014013720925535001, -0.026262803875241002
0.032624388636915004, 0.026257026451219002, -0.1371081736662, 0.025953235004454, -0.032336331766112, -0.034271516739633
0.012299358496083001, 0.081167627525896, -0.38501362400923, -0.02617584909554, -0.019166279000628002, -0.044214374141713
-0.12010304850992, 0.12725009573301, -0.2562451271827, -0.07750549448025301, -0.054229467829659005, -0.043726955733608006
-0.071326732997413, 0.24030767946975, -0.55458407953592, -0.071389381034747, -0.094293212909931, -0.00342649637146
-0.10301084008206, 0.35044431766769, -0.61630000252088, -0.027480218614883003, -0.11693429595589, 0.047308276212146005
-0.01037858464925, 0.39255304922891, -0.66768053933383, -0.0018640345895804, -0.11936466342103, 0.09931348570434101
0.042680586789513, 0.37695589767158, -0.65254542595521, -0.0070555427578150995, -0.097948948679622, 0.09391900538339101
0.002512752676667, 0.27106291358273, -0.43433356096472, -0.020882947208602003, -0.041228918188761, 0.042971498928230004
-0.0042757286356524, 0.15768411360486, -0.20567732481836, -0.042389528850726006, -0.022259883087780003, -0.017504160862962
-0.016849083562678002, 0.13784109594677, -0.10775378433297, 0.016265636138470003, -0.053173232517896005, -0.015963154804857
0.036126736290841004, 0.11206016421755, -0.34840786410394, 0.05293074105362101, -0.09382269272144501, -0.012694718402719001
0.066800012689538, 0.10812678691764, -0.42228676930374, 0.065271497559183, -0.083378593814784, 0.0058206569942636
0.06257584771846, 0.065584271958111, -0.42444569128949, 0.056218190419208, -0.060590683535738, -0.015001633464253001
0.041587412026812, 0.0050440762265288, -0.35726952373907, 0.028017039951788003, -0.021144384755691, -0.07027199112387701
0.059403786235393004, -0.077873734367921, -0.35158837616013, -0.0091430515383078, -0.037208271094427, -0.16932562533152
0.19845524648501, -0.11991019380719, -0.80763754327709, -0.09420546197341201, -0.0077933824459962995, -0.2223077578276
0.12292934045492, -0.047245751485797, -1.1253832577728475, -0.12299008157841, -0.026329908655305, -0.087504945669334
0.14994164366115, 0.058135045319197005, -0.91809172424112, -0.09394664779844401, -0.12170082878425, -0.0011481557350443
0.15827997737718, 0.05978334680669901, -0.75128046979308, -0.065290414780002, -0.19253016196491, -0.0023071459667028
0.090653868274816, 0.046393452268447, -0.57605429631721, -0.039462644165263, -0.17923042405814, 0.023021719396246
0.12306841499604, 0.033161411236328, -0.57326547330747, -0.037612665394392, -0.18559669495581, -0.016358312400258
0.12881045452085, 0.029192325704003003, -0.57516366900175, -0.033597762730225, -0.15310600528455, -0.031791065437239
0.12809412574551, 0.036469426008815004, -0.62160627208416, -0.026854287440993004, -0.15203175230179, -0.040583854159402
0.12303788049517, 0.033010274942650006, -0.61270940917942, -0.029157963695674003, -0.14237788199901, -0.039726111052401
0.07679777599333601, 0.032587752845626004, -0.48089772070379, -0.019751497915869002, -0.12729261694421, -0.026330337902750002
0.06948558384872, 0.033885910555204006, -0.51002030373037, -0.045820491320499, -0.10339865710715, -0.034965818091243
0.061640145992163005, 0.034344640853154, -0.44407159327679, -0.04588929217081, -0.088835206425737, -0.039919223160191
0.068524057931187, 0.031213770471193003, -0.44346589913953, -0.050037675930186, -0.061338633188233, -0.040704923373419
0.046493308035153, 0.033245007016555, -0.42457693910272, -0.036539410296701005, -0.06801936803413701, -0.028301415386675
0.08715354465462201, 0.03195822221069, -0.5935520264991, -0.042448162651964, -0.08694681084648201, -0.023170734436127
0.08969991829630401, 0.037185917486173004, -0.68617161319205, -0.053856164316683004, -0.055412734987084, -0.028274969520573002
0.05844124228611, 0.035171812217877005, -0.56281842529048, -0.037192432314175, 0.034017137700404, -0.02341844566014
0.17506528542122, 0.040835719165804, -0.94666026349189, -0.044102408672245005, 0.046518796100878, -0.028371653931604002
0.20246781762411, 0.041014153474628, -1.0209379696724807, -0.036966909034524, 0.063661749643485, -0.023699724501329
0.21834409312704, 0.035744780552778, -0.95944539363954, -0.04944629130490601, 0.011486317515391, -0.024770442751965
0.26822152199597, 0.034341557426751004, -1.0027281111713213, -0.074355206383238, 0.025485608078547002, -0.039184558740916
0.26795039061656, 0.036890037691133006, -1.0067921081569406, -0.072362683687369, 0.0080222794216355, -0.044574645621465
0.28268209252398, 0.033347176121515006, -0.99925825023686, -0.06737478983916001, 0.018619011132417002, -0.039697124532577004
0.25716862129585, 0.035723001219782, -0.84560998153787, -0.059010234220447, 0.048271095871846005, -0.027837311001172003
0.27537488159184, 0.03008646409316, -0.83159559354364, -0.075539314229669, 0.049958280264124, -0.043056086620838006
0.20392896435236, 0.019137189216525, -0.67293734518237, -0.074418360288966, 0.072584182582395, -0.04090790972181901
0.095964399205233, 0.022340615200772, -0.25956718609305, -0.07776535820922001, 0.10248903784242, -0.041342918358562006
0.13396219312841, 0.010391921158136001, -0.21337147880571, -0.064236209104975, 0.045527292795039004, -0.034170606929224
0.14805810010084, 0.001339782334121, -0.32030140251038, -0.052704977531042, -0.034693059295365, -0.037350946894771
0.12831291078641, -0.0041195392176928995, -0.30453053310286, -0.057565686186274, -0.077433985345619, -0.026044785606962002
0.059224754055139, -0.0021115930551264, -0.24584449691066, -0.059118232944173, -0.16218687803636, -0.029072181287330003
0.011358586730674, -0.026461305743030003, 0.06864187290725, -0.059080744155677004, -0.17406039339555, -0.020929079786672
-0.071266223264788, -0.049100633509386, 0.36909992479152, -0.073458315479639, -0.21492775690594, -0.034327984050403
0.0024771511826084, -0.053955964414063, 0.48655798677436, -0.073368509723936, -0.235600218161, -0.022138737134919
0.030829557409038002, -0.044310386498171005, 0.41750342652522, -0.07395888777613001, -0.22257914698972, -0.027568032987916002
0.038350688571904004, -0.044968477849726005, 0.35665365080326, -0.078045769711828, -0.2432285315314, -0.020062071269463
0.085783118214439, -0.05215785735380601, 0.36756204624099, -0.077125999709358, -0.25952667587823, -0.023351357170686003
0.13391334538572, -0.05156246884374, 0.28558593213714, -0.049042756282136, -0.25071182810491, -0.009609456031706199
0.066580620946443, -0.024830952484814, 0.07135571134078701, -0.024492036723948, -0.15914976266634, 0.0043839190611752
0.053347371337217, -0.021900249642522, -0.13930218142225, -0.025058857170087, -0.12935068427602, -0.014506874350456
0.07279866465196101, -0.0028894099864835, -0.78861105149113, -0.026028786267892002, -0.11651428842849, -0.0059189890731758
0.047950760499918005, -0.0013002641154246, -0.67224917836436, -0.037860989602089, -0.09614451093584801, -0.023189289646965
0.11431020889584, 0.0039234990015421, -0.6166699230668, -0.03804886549671, -0.032052601351197, -0.015684997677556
0.12096599623048, 0.0093602416063566, -0.55807673271224, -0.042035971820798004, -0.040075540491885005, -0.015244533863097001
0.14781331271781, 0.0059188731871859, -0.53693540127826, -0.046896931685877004, -0.047207521410874004, -0.024471240349843004
0.17751489494805, 0.0073303393158221, -0.56573765238039, -0.04142565378460401, -0.053621398835641, -0.022202783211622
0.1439340400197, 0.0064941747609386, -0.53466338539147, -0.029429322223701003, -0.047683394728731, -0.019101807713588003
0.13319073012675, 0.0070397543086168, -0.48789960906392, -0.031124127937033, -0.057003027092766, -0.018264057675099
0.13533409363934, 0.0099958398470773, -0.52364588771459, -0.043395067579842, -0.05209934851389501, -0.021275862820096
0.09520927651086901, 0.0088077463023298, -0.42676413902294, -0.047140206941228, -0.05906184878172101, -0.026458280914511002
0.09883961577863801, 0.011649995230460002, -0.40062086556386, -0.045162237860567, -0.07238647743967101, -0.029140118836837002
0.07629614228226, 0.0077523460964829, -0.38907589032658, -0.042687251503231, -0.06371693635610401, -0.027091479295169002
0.10884207233293, 0.0048925814180205, -0.38170193490309, -0.039135071953325, -0.09500500628031601, -0.02373680202551
0.11043322805634, 0.009362295341597, -0.41153930007064, -0.046898477409678, -0.070916160582826, -0.026003203600432002
0.08063626440242701, 0.0070518930340454, -0.31446272855262, -0.041938864945309004, -0.078028291257138, -0.033541008151473005
0.08833296346275701, 0.0064052454830605, -0.26247138336828, -0.040779079027685, -0.078331425790458, -0.038423522890396
0.06877692025118201, 0.0061941465588666, -0.26203842284045, -0.027065440663069002, -0.10855753220013, -0.029105117712464
0.09061788722138, 0.009446615728161599, -0.30535621023256, -0.016313263785104, -0.10155561277556, -0.025146270857276002
0.06776246929877301, 0.019779769616500003, -0.23479143183058, -0.011904842833367001, -0.022667296380801002, -0.017087221328220003
0.052609838988457, 0.010553812906580001, -0.19862342881984, -0.031579068447754, -0.06322243082756701, -0.033207572345107
0.08719191784704201, 0.0054873327119821, -0.24820438273609, -0.025675636440809002, -0.063595165852575, -0.032772927080752
0.078179407746314, 0.0081714360841238, -0.17111205247769, -0.018137869266173, -0.052465120928323006, -0.027241985732303003
0.10041932884273, 0.012924248664417002, -0.23223475461388, -0.01860577985951, -0.028722958248671004, -0.024002672213012003
0.087147869712542, 0.011488434437483002, -0.13378165631375, -0.019503447773946, -0.036073032494573005, -0.033366241423286
0.09958275898896601, 0.008245495407258, -0.2281519086716, -0.026867437619771003, -0.022674290278556, -0.038648700360450004
0.12194007096204, 0.011074123870129, -0.23663725698063, -0.015037702979002001, -0.024758044554923003, -0.040499547123188005
0.093970463289669, 0.010052366814093001, -0.18685080417224, -0.011055562762197001, -0.0099004373631, -0.031834079699595
0.12014594266165, 0.021562564612429003, -0.29353654886957, -0.025020200009623003, -0.0057345671206511, -0.037334747746393004
0.06663607344453801, 0.015678137206952002, -0.21869165076404, -0.025733828317359, 0.0002667379587397, -0.034384004781048
0.10118767021609, 0.019001526904529, -0.24088323519019, -0.02635305820899, -0.018219953426235003, -0.042012580664962
0.07521061981720001, 0.017879657819363, -0.15889784455272, -0.017356507452033, -0.0052071045880059995, -0.037946600719779004
0.08583093835038601, 0.018347735562277, -0.15797987970324, -0.018147057692578003, -0.020578569738441, -0.042306421431131
0.12242159802979, 0.028631091117098002, -0.19931857300626, -0.028168277818204003, 0.011000994241178001, -0.035712355187278
0.054571800641205, 0.032089239580871, -0.16593549821635, -0.035050772715184, -0.0026691014753303, -0.042057451389168006
0.077039871760935, 0.028468799709615, -0.16614944277503, -0.024901303800809002, -0.010687373528602, -0.039277365439691
0.048628691996714005, 0.029088458035824, -0.03893539859331, -0.026419367344053, -0.003583191177885, -0.036561604942529004
0.092329865014685, 0.027550813783591, -0.25038116284137, -0.033425046017481, -0.025114186461007004, -0.040969234470238
0.07371374962827401, 0.026491144365303, -0.23096742497435, -0.039010051542582004, -0.0092600851984848, -0.045175729600943
0.076159691071898, 0.027208063947001003, -0.14981903102325, -0.038034631683038, -0.011271619090542001, -0.04063229569421
0.066755040130013, 0.023863348872728, -0.16212964573081, -0.034533605348042, -0.027677747900450002, -0.036298455450456006
0.049839413961290005, 0.023728885297488, -0.075236597722144, -0.031823756086679006, -0.036313855636932006, -0.039836971845012004
0.09364651181577101, 0.024710855899787002, -0.26785800555858, -0.040517767336967006, -0.040796713133530005, -0.046247071164692004
0.04823783889039401, 0.023441591091398, -0.2024543074974, -0.042230866067574, -0.015838216268342, -0.035711531093434
0.048768003862208004, 0.024797465425463003, -0.15937354973046, -0.036898958081695, -0.026941663986079, -0.040851721559064004
0.034268573375464004, 0.022609150513965, -0.12936730713558, -0.030608632096213003, -0.028976053596954, -0.039948609902342
0.060298848340557, 0.01870340840901, -0.069523901550032, -0.028236315954577002, -0.049300119523468, -0.045932485127432005
0.092562296700415, 0.022400524357439, -0.26426386592793, -0.03408733903396, -0.039536846986134, -0.034203051367221
0.050987557473237, 0.024485888666229003, -0.16176692707712, -0.038386782537679, -0.025590848648074004, -0.035360182990502004
0.061640402990163004, 0.027203198541835002, -0.1887053402324, -0.033053369927640006, -0.038186485326536006, -0.036266944222697
0.034579577241028, 0.019748325502865, -0.1255123569583, -0.034861231016578, -0.046411917561676, -0.042618490036947
0.070706979086247, 0.018883846795305, -0.11809340034967, -0.029767623395208002, -0.049762228644866006, -0.037172362799962
0.072968867001424, 0.026489935495642002, -0.2523436173987, -0.036769791741043, -0.044242874297334006, -0.033484926588313
0.051519172314464005, 0.021170002070023, -0.15419196595203, -0.035252741874726004, -0.03837430050638, -0.043324751907548004
0.044190596798761, 0.02524082962363, -0.1746010757814, -0.038017626885986006, -0.041188388384257, -0.040858650081648004
0.036238869611728, 0.020475121217712, -0.12767665063845, -0.027445641511579, -0.04345935598629801, -0.034252364216308
0.043059798102535005, 0.016070942324861, -0.09770541739450701, -0.022211188656427003, -0.051509018826941005, -0.036716109971757005
0.06932776347252301, 0.025360504622045, -0.268304083328, -0.031023389427273004, -0.046437697443140004, -0.035279652850019
0.023606117036185002, 0.020465823469544002, -0.1640009046999, -0.0318598453318, -0.041894369983159006, -0.037810926687089005
0.05499016373273, 0.021266182928024003, -0.2016659204411, -0.02514662627187, -0.047811903054111, -0.036997918399996006
0.031864023873368, 0.020678642265190002, -0.14817759654719, -0.018468955730286, -0.05777537625097601, -0.037433734797727006
0.045124960956153, 0.013928882107116002, -0.10042117971096, -0.021389475720079, -0.054473453176131004, -0.042252247731276005
0.07067074178145301, 0.024995679207840002, -0.25090378691884, -0.032375320455801, -0.05530487835403101, -0.037986933606946
0.020851140499286002, 0.020792203204197002, -0.16099148196944, -0.028503524661371002, -0.045585696946945004, -0.038591128693685
0.042235463580017, 0.019485147122981, -0.16044174281502, -0.023560563855610003, -0.047977558069836, -0.037726549723502
0.035019491562288, 0.017751431142257003, -0.13799728942527, -0.017095597191706002, -0.058820430715704, -0.041704111047906
0.034466179276626, 0.019095264058780002, -0.098794561121815, -0.022594428524401, -0.068031556207853, -0.044408125503664006
0.061370219319766, 0.019161946872037, -0.23290831576704, -0.023634695370065, -0.058200831436885, -0.043766894277611004
0.03042085038818, 0.019112938544823002, -0.14579917750889, -0.028435186609537002, -0.04932028892253, -0.040755266663753
0.045142121944554005, 0.019742088723458003, -0.13125900484586, -0.022107502039864002, -0.049420968868083004, -0.041886281439896006
0.031893446576793, 0.020422286040770003, -0.13942136534268, -0.025853839117613003, -0.056895038489776006, -0.037264020861564
0.035463947716927, 0.019545821491397, -0.079279619578665, -0.020178575642508002, -0.061172517448717004, -0.044947981548645
0.06412105956684, 0.026075060027596002, -0.23892449256373, -0.027397603750056003, -0.048609940982412, -0.036762828695788
0.018258920874062, 0.028577286685405004, -0.14680851758936, -0.032190054261976, -0.05210699909521901, -0.049111651215512
0.043269995652693, 0.027207933795075002, -0.15480529701987, -0.022840794352964003, -0.040830056282843, -0.041761960764251004
0.030429620978447, 0.025526169073909002, -0.10088160242742, -0.027374177756564002, -0.033886988049504005, -0.039044375734670005
0.033723517626016004, 0.018302711268943003, -0.16724253138764, -0.010944377700125001, -0.025191088491304, -0.050955286932438004
0.055392046111963, 0.024091487342427, -0.18990490794951, -0.025174275335430003, -0.0379637202941, -0.045672998249109004
0.015290002931199002, 0.022656253205993, -0.11589208137643, -0.026608928610009002, -0.034212364750832, -0.043839629272664
0.040126367305014, 0.019377283207009002, -0.10225610751379, -0.014674641740084001, -0.045942372420812005, -0.042233333063556006
0.020105141082909003, 0.015445610201706001, -0.040273432201470005, -0.012934220864948002, -0.051584627546845, -0.046628316282407004
0.052673751194771, 0.023314128315483, -0.12917822072443, -0.012238943407392, -0.066748308244566, -0.052744076031685
0.055066831764718, 0.028725236422384, -0.15245252758089, -0.015156837877121002, -0.04350027390647301, -0.048862435985589
0.038566513196082, 0.025334881783157, -0.084930319567452, -0.024356498789606003, -0.043895358137781004, -0.046174671568706006
0.048870254577155006, 0.021039718219821, -0.1054169720478, -0.01471477438408, -0.044743938374774, -0.042825480490094006
0.024481467572154, 0.019410310696768, -0.11944830394334, -0.010967915563934, -0.06448206267317401, -0.047174497294553
0.04154633743701, 0.038627445814447006, -0.2973701688425, -0.0011384683473888999, -0.061102062176741, -0.043492795827736005
-0.0019977751966278, 0.031805922732606004, -0.21191473599932, -0.0050593623720207, -0.08164721196982001, -0.06386071955051001
0.050284192932546004, 0.030715448336482, -0.28824508321354, -0.016884451736894002, -0.045520469811607005, -0.056113643469444
0.029919893883374002, 0.022135196054931, -0.16137688605599, -0.013550851101103002, -0.075998958318507, -0.052760536115718
0.11774262858291, 0.017977040588030003, -0.29814434955232, -0.014032519615853, -0.07723910529096001, -0.054328641527145005
0.1516506364213, 0.018641625641935, -0.33101300876726, -0.033769592507117, -0.054124844981559006, -0.053300453636274
0.11176143444202, 0.019843772592701002, -0.36397608635166, -0.042964037641248, -0.055038169432328005, -0.066673826356902
0.1206359999698, 0.014809461522461001, -0.34497857840239, -0.048495144100922004, -0.041700435620159, -0.06734033647153001
0.10993406338668, 0.017057142307045, -0.29673425876693, -0.048193222843842004, -0.036516669435158, -0.066738335383419
0.14560039880515, 0.021817629026847002, -0.30334207085419, -0.038774072948636, -0.026199092304460003, -0.06800048409721801
0.14458200360738, 0.023934616949775, -0.28660082073508, -0.050458963246269, -0.007583767740425, -0.066097947456547
0.12658199656706, 0.028222630969828, -0.34887947009691, -0.053449646598099004, -0.0077084074915726, -0.07385287090002
0.15463606744619, 0.030526584173527, -0.32697268361865, -0.053094997245070004, -0.0081259434220454, -0.07871205008307901
0.13653598240541, 0.05384308965487, -0.10573959523827, -0.06890892356637801, 0.028536472394468004, -0.09565484357422101
0.15674671392063, 0.054478131183445, -0.25742854826858, -0.095900804189397, 0.039826077790012, -0.11073124672311
0.099570029033599, 0.038267577114781, -0.44695262017392, -0.11515867682777, 0.016817095458597, -0.10661908611292
0.11422111208084999, 0.013303113473748001, -0.1195055325808, -0.10640764568809, 0.022812802726614, -0.10841899110312
0.13023603821274, -0.0068413811768770995, -0.056899914475551004, -0.11144039932211, 0.035253021382779005, -0.11837389356937
0.16339693188413, 0.011196662803559, -0.08100291383158101, -0.078688568514794, 0.023249582948337, -0.11261603237492
0.2306402272269, 0.040695852302743, -0.48169708011983, -0.052522122829604, 0.0074781263415782, -0.09182689919765001
0.1685047233475, 0.047878708825920005, -0.48807901122201, -0.04396856269188101, 0.018671256656082002, -0.09130658877544501
0.15117499974915, 0.047962914448369004, -0.37714240480992, -0.050438847091384006, 0.034419437131326, -0.09826975984345601
0.13275174910256, 0.03968763146635, -0.26972138972484, -0.048933121515325, 0.038731077221953, -0.09534333495609501
0.12199509048133, 0.037262360187480005, -0.36470413304908, -0.040014669013848, 0.030303207809944003, -0.089484603087361
0.08616063809851501, 0.038359193497751, -0.34277132290275, -0.045382231317181006, 0.034989141019783, -0.089728969522665
0.11044745869527, 0.042138700028777, -0.33543483224869, -0.06691303510438501, 0.034754785944896005, -0.10316987435201
0.11028122967301, 0.037702413755602, -0.2853812988426, -0.05828571724528601, 0.013757713035254, -0.093823331843935
0.12376509449105, 0.033486906390892, -0.29425500530355, -0.058910429893706005, -0.014129563381946, -0.08634759890004301
0.14289196072131, 0.037321293720955, -0.347889823378, -0.064170346907364, -0.010201465105819001, -0.08740220551943301
0.11829421515523, 0.036015951319174004, -0.30348551873358, -0.06572772753327001, -0.0022234427443062, -0.085360942775553
0.11346394822214, 0.034277467966967005, -0.27494861953935, -0.059695734733156, 0.0013699335643874, -0.084836766613873
0.10104977515722, 0.027420468543784004, -0.26373521545418, -0.053424466071361004, -0.027609559936342003, -0.092346370752673
0.074648536201527, 0.024394391243701, -0.13635989530353, -0.049776273286568, -0.041798093527437005, -0.086797335652412
0.12911513815593, 0.0216440250431, -0.34197075195247, -0.055430841617874003, -0.07099786567531101, -0.077761871020372
0.091987503230695, 0.022804316305948, -0.30100624539869, -0.039003377942297, -0.034747444517358006, -0.069166616303801
0.08063449866013801, 0.039421162212757, -0.19176187649145, -0.026127060550954, 0.021148875817601002, -0.07601403558486601
0.061989174130149004, 0.033687042732351, -0.1473891279046, -0.033445724283203006, -0.026954973781883003, -0.08889653195443001
0.12995122749984, 0.02202837618612, -0.22035842360687, -0.037563724531399, -0.049086846477806007, -0.09027796658720201
0.16315269486997, 0.01572729170219, -0.38050163738811, -0.034260255184685, -0.052394636489556, -0.09296631153234401
0.17651159721736, 0.020097013873904, -0.37004725561415, -0.045595923738749, -0.048141553420579006, -0.083463751782214
0.16401941065762, 0.014398119347583001, -0.42278604872111, -0.050046417679199005, -0.049103584751544006, -0.096597666079675
0.19228329063175, 0.011688142865847, -0.38299269018745, -0.042027752762121, -0.026030256377167, -0.08723843430929701
0.16110927000445, 0.011963188470480002, -0.29138212139815, -0.031693828866922, -0.0080191165196877, -0.08320339167656801
0.18396978765331, 0.0082719382514824, -0.29554527057856, -0.024193650016092003, -0.015716788774951, -0.089209809487147
0.19931870987693, 0.019319289739171002, -0.35092564799334, -0.024766335188940003, -0.011277984521397002, -0.08669995204099
0.14955339272603, 0.013494169145879002, -0.32517021019132, -0.03600904475029, -0.0017473143209328, -0.09876436534298201
0.1673914817169, 0.021229622528863002, -0.29686829450033, -0.035678866363482005, -0.021156545262646, -0.09479006658543501
0.10691469864556, 0.014658497201426, -0.11640584532523, -0.028565606401144004, 0.0001302806681138, -0.09660252258752901
0.17083866251797, 0.022446324006860002, -0.28966655614151, -0.018563284017569, -0.049215657505935005, -0.09423032659616101
0.16637186523332, 0.025368371896691003, -0.40893278740141, -0.018800774798146, -0.040377853528127006, -0.087046499895867
0.14633651265487, 0.025728790855751003, -0.3756563378432, -0.022626604431810002, -0.04933899542431, -0.08800622187779
0.1524408499981, 0.02280102944699, -0.39942033178568, -0.021395429915934003, -0.06367295937737101, -0.089306641713622
0.12430657946066, 0.020163472270073, -0.31121640569382, -0.018783631884766002, -0.07245192419910401, -0.091654440770118
0.15274816696028, 0.023424848723349, -0.42197654735748, -0.016281068969099, -0.06292270458021901, -0.086835004846915
0.11949803595796, 0.026449093004827003, -0.38137461105497, -0.021644777750307, -0.043196070807814006, -0.082026514027423
0.17640217810689, 0.021643809431866, -0.33603391669869, -0.012355426537758, -0.062760150964477, -0.09305664650381101
0.1548302164453, 0.018882429547633, -0.32306989648099, -0.0051220601324453, -0.064455433271998, -0.089672540520597
0.1857643031025, 0.011479616777730002, -0.33719413037027, 0.0005675787037684, -0.072078750341456, -0.08869045878389001
0.17850093260647, 0.01854519218836, -0.42336562923195, -0.0042882471424913, -0.059309112741857004, -0.08254461656564001
0.14786170574531, 0.013117314136775, -0.33699762338836, -0.016095445797455, -0.05298571110321901, -0.080793193620653
0.19372884717385, 0.013510658996782, -0.39160394589347, -0.011665617213048, -0.047101226660677, -0.08521320946904401
0.1448390848684, 0.008626459458758999, -0.28163034540467, -0.010161301745392001, -0.026674840552682003, -0.08593152627856701
0.1892909531133, 0.010087138875992, -0.26143960255984, -0.0048034104188455, -0.049517299663396006, -0.08370298213723701
0.17502901209359, 0.015596061717406, -0.37828077873679, -0.010796436551613001, -0.035919864944047, -0.076981195914697
0.11905163443681, 0.018271878124016, -0.31908167167466, -0.016014297286547, -0.024623835457603, -0.081003804137976
0.16925617894326, 0.019099871251523, -0.42181459589176, -0.011642274752219002, -0.054522478640562005, -0.081408173203972
0.12274621612022, 0.012064616268919, -0.24346539066687, -0.0034893562432591, -0.042849465776694004, -0.085340238692076
0.18668688267769, 0.011650332418552001, -0.35346916620061, -0.002320267106565, -0.07438566864026301, -0.082155183692266
0.16171410794241, 0.011802627991734002, -0.3565720201501, -0.0078485411037251, -0.04796565537391401, -0.085118400674541
0.14953237059455, 0.016368193711631, -0.2599574389657, -0.0076714626419419, -0.05372547318890301, -0.086489521546374
0.16558559626329, 0.015129828417586002, -0.24737437787135, -0.0095864655225537, -0.06793451651361601, -0.08559681155719401
0.12610373614704, 0.013609583514500001, -0.0331876732475, -0.008239737745493499, -0.050370885974240005, -0.089387463282577
0.1514776226643, 0.011910159767718, -0.1174876973219, -0.013183966926599, -0.05926627868327201, -0.088312786094578
-0.23307086706324, 0.0022223556891634998, 0.57167178433548, -0.04745260969798901, -0.090067704902832, -0.12261846496568
-0.02667611656915, -0.009348177464297, -0.39195252747399, -0.029704888162066, 0.05405958916905101, -0.1364802024092
-0.080807834554089, -0.033127605592703, 0.20633376459613, -0.016762881013757003, 0.019856194986651, -0.074749978386436
-0.22960250847785, -0.012880767437675002, -0.12293202712393, 0.027269627482407, 0.06509702653207901, -0.07236749418165801
0.21208298038675, -0.0001220000781072, -0.53116141576509, 0.038070517325212, 0.013900872642136, -0.083873295517408
0.11165958504184, 0.0035028111681345, -0.42896501296881, 0.011593167460205, 0.034669063026632, -0.070371347111016
0.18640919742253, 0.018392314771635002, -0.61166193737121, 0.025794359069063, 0.016081457965388003, -0.084625930513978
0.27893099855605, 0.012363341217032002, -0.69490005130894, 0.009170657635883199, 0.014317491499345001, -0.06782637263206201
0.18639396725238, 0.013658800807327, -0.46917388244041, 0.025425681136634, 0.024861893520235, -0.07523922675631001
0.3062761005817, 0.015184821372148001, -0.60326136033434, 0.016360444559366, -0.0021571766988739, -0.07840310115712301
0.27714179884653, 0.009289854313138, -0.66452568308107, 0.017353704383155002, 0.01837141052888, -0.076954178399534
0.24971899062234, 0.010823310272558001, -0.59604264129877, 0.018536984985439, 0.021314509109849, -0.08236162297268601
0.27217042849091, 0.0089158519380331, -0.59638065509506, 0.026241750722949, 0.025879680916486, -0.06882385548804301
0.22456926660838, 0.0099558380920415, -0.46023841155267, 0.036471982879084, 0.016485372097589, -0.06727400366250501
0.23929308113868, 0.014764508039046002, -0.52513315727438, 0.032956283643241005, 0.0096168953373035, -0.071206143313746
0.23666423839152, 0.017119873818524003, -0.59388696126672, 0.026440992664313, 0.0035747262801454, -0.070829782085884
0.21790509726993, 0.023063621271342, -0.53821256737394, 0.024823476414593003, 0.0025836790420438, -0.077797743312345
0.20873130520378, 0.025566178708478, -0.5075748669124, 0.028799403636914002, -0.013493011813647001, -0.08086630158575
0.22053691988793, 0.025775543627984003, -0.46476349988304, 0.028982155911411, -0.034878174914634005, -0.07598182097856501
0.21400931386825, 0.02662048624362, -0.59319232427522, 0.021486285645086003, -0.0054883115127493, -0.07870578732418
0.16982093376417, 0.026372373702996003, -0.51657124099311, 0.023648534574897, 0.016033767318421002, -0.076750125067038
0.18597695745497, 0.025663102928760003, -0.40718081960804, 0.018511236550366003, 0.023142134007544002, -0.09628351823983401
0.18691788571905, 0.020960584996172, -0.3675271620012, 0.028833306436979, -0.013833841163525, -0.08703741929000901
0.22377756300778, 0.019556087005036003, -0.43762938913491, 0.026909822394372004, -0.016310827065235, -0.08725736753613601
0.19474861475917, 0.020326976998369002, -0.42696083959252, 0.028217517359135, 0.0098546782521167, -0.09213909789929
0.20113607003726, 0.022572432475771002, -0.39048792923356, 0.025285384533160003, -0.0067239834813645, -0.087204540265023
0.24686150786301, 0.021160704562655, -0.53049420624186, 0.016663076770777, -0.0073537949284236, -0.09210573681125901
0.23665795263305, 0.023708108758079, -0.48811480684196, 0.019874005553354, -0.012645936695091, -0.080856890752991
0.23645361364573, 0.015469810722533001, -0.53126148448043, 0.026719490131409004, 0.018539110405747003, -0.08690659497085301
0.25235990212336, 0.022761443017314, -0.55784572585555, 0.013596692131401002, 0.028307198513275, -0.08025444864276801
0.21906959721137, 0.017315427806166, -0.45952182275849, 0.010695485482523, 0.027908765294972004, -0.088558681231911
0.23585068869868, 0.02099283451028, -0.47943491809136, 0.011491258563135001, 0.019762607201558, -0.090220797323995
0.19091998452244, 0.019676014166531003, -0.36683631201806, 0.016735145852872002, 0.014989379047409001, -0.097769048295874
0.23925101600476, 0.017718533835846, -0.3797141169789, 0.013258051191334, -0.0044563294518872995, -0.1027597700193
0.25268401219621, 0.02480112541285, -0.50713367062809, 0.014297226950871001, -0.0025900037498744997, -0.10018154348918
0.19597579719957, 0.021033522886452, -0.40703384700662, 0.0091368129722501, -0.012442352988068001, -0.10857310681481
0.22662215990868, 0.025632967543006, -0.41942627259288, 0.013174320188496002, -0.030270515981909003, -0.10350616517039
0.18500349801841, 0.019518237687129, -0.35330071939564, 0.016731071580430003, -0.040424020487536, -0.10217003098964
0.22542352569692, 0.021107337152376, -0.4473659960347, 0.0094861765939862, -0.061815581906074, -0.10293415111285
0.2174276512076, 0.025092945899856, -0.46715806644681, 0.0035973480851336, -0.037603273679025, -0.10326569077643
0.19414269581556, 0.025539685734803003, -0.39277753546351, 0.0030119474434078, -0.037016313617746, -0.09907221631359901
0.20642904553459, 0.019669957985747003, -0.42485801739993, 0.0035586901751208, -0.055665129548873, -0.10124996516072
0.16846484383755, 0.016792107503881, -0.38691736193453, 0.008633065190411, -0.082309319685474, -0.10477759508745
0.23306652876406, 0.019003571590959, -0.53120618705799, 0.003658085305447, -0.05101175464635901, -0.10335098069076
0.19421525910971, 0.021466692149288, -0.41658478544177, 0.0015500767737721, -0.012440588798776001, -0.10399807083396
0.20517733768029, 0.017325198534884, -0.42329924856275, 0.0058659384911925, -0.0046282164674155, -0.10448506265375
0.21679209170638, 0.014791813276689, -0.43594052555081, 0.011778728867159001, -0.039177442731044, -0.097414428461842
0.22630694659391, 0.011766740620951, -0.45783501347051, 0.0051623982876407995, -0.018835760350778, -0.09781324685470501
0.24885765032695, 0.018482328944528, -0.54274098690316, -0.0033100753982133, -0.0048907434541051, -0.10315076368315
0.22547611733353, 0.013541730959222, -0.50979720347708, -0.016445884941332003, 0.0064739199108971995, -0.1029453607625
0.23666688019189, 0.018961977148309002, -0.50350101507969, -0.0056021596982012, 0.0084040668605254, -0.10285392698493
0.21600076260848, 0.014417745382126002, -0.42763100169228, -0.0019176763127145, 0.0026498799396888, -0.10138864285858
0.219445677811, 0.013999142775737002, -0.38810709401371, -0.0031557783093699, 0.0025543728065103998, -0.10619208312238
0.23587554461081, 0.022695403031997, -0.49354994234026, -0.017864272133544003, 0.0009492573161896, -0.10294313191111
0.1849561530808, 0.020624164381289, -0.4191892772523, -0.017802077884961, 0.0072133663413067, -0.10867539302824
0.2077814201526, 0.018701262439451003, -0.4406920000437, -0.013257915401087, -0.0045817271021272, -0.09804239459293401
0.17295141483631, 0.013575004233813002, -0.35363109211412, -0.0082252525518234, -0.0069551919337842, -0.10408255573825
0.20588938708336, 0.014793476402384001, -0.4776185909465, -0.0055233372368242, -0.028803900569291004, -0.10422392714649
0.19927450354641, 0.017171266364331, -0.47828593809871, -0.017731322598768, -0.013098354434605, -0.10590971830272
0.17936276859822, 0.022227367733718, -0.42054667551329, -0.020795881975536, -0.015578451949226002, -0.11297642817208
0.18092566145627, 0.016865660458024002, -0.40772796690798, -0.010673116321363, -0.037448381613211006, -0.10695282898099
0.15231259481169, 0.019020120670062, -0.31378458275636, -0.015540077068294002, -0.039102681024043004, -0.10579337400071
0.17822664756271, 0.015364829084431, -0.47587246378768, -0.013802322963601002, -0.046683220279363, -0.10624796235071
0.16540462740592, 0.015635465293010003, -0.51244443055299, -0.0017355344845942, -0.032000689397874, -0.10258077052663
0.17637853711825, 0.017285877047757, -0.44317740222662, -0.011853974223341002, -0.021044256121201, -0.10661253681639
0.18694550732353, 0.012968390831606, -0.37445064684419, -0.0021396985682525, -0.01231589979593, -0.1056625498802
0.19940848111076, 0.0060536489129152, -0.49910014912599, -0.0041554205519984, 0.0099394782441433, -0.10333224538783
0.22156960700625, 0.015250558849788001, -0.46114359574064, -0.0092004520786951, 0.026753829484123002, -0.10164317924459
0.20358333564396, 0.012205058697312001, -0.46022745944515, -0.01776026074185, 0.014885098047947002, -0.11517559397697
0.23809251502672, 0.01159315161773, -0.4817594814595, -0.0090155612226784, 0.0050180601239322, -0.10504708597708
0.19103596374685, 0.0091872945990091, -0.3593701100206, -0.0022458242677507, 0.024938223541680002, -0.10601050449325
0.21346318374326, 0.0070999344570875, -0.46558553402403, 0.0006983853860520999, 0.025881101163583, -0.09707397020114701
0.14350151397505, 0.010639146139422, -0.44618962907713, 0.0071029538658519, 0.006033157295353, -0.10748029491511
0.095954706571147, -0.004014429657384, -0.20249885364674, 0.015426319627812001, 0.0048572950912307, -0.08972126121651401
0.056531182655224006, 0.0064540074285907995, -0.089848262956849, 0.033902331475497004, -0.041961732647248, -0.07426924004678001
0.11633689700223, 0.045742972004741006, -0.42647827188528, 0.034252481767721006, -0.086715873176816, -0.069474383583081
0.12084817454818, 0.038955834093446, -0.51726142878911, 0.0096547491393265, -0.065218421374341, -0.093660313719141
0.067830769601467, 0.033573551708252006, -0.29861349026026, 0.0046362007770792, -0.040283727457460006, -0.09949898008873401
0.07170724507760101, 0.036346623101845006, -0.25141125908125, -0.010035732221121, -0.032955018298828, -0.10455449888702
0.084204020308087, 0.035100146199768, -0.27920109894118, 0.0050828037440735, -0.050467378821852, -0.10176954591424
0.10444273404285, 0.033952090034044, -0.37607054855224, 0.0073130069603492, -0.049266648311939006, -0.10134110267904
0.11784878389965, 0.029077928051491002, -0.33494723652834, 0.016008066390483, -0.041400388997249, -0.07989141268048
0.1301346151032, 0.010363065719515, -0.33595925830429, 0.015437057600115002, -0.010989191722156, -0.07131566312425401
0.09512743979199301, 0.016153866974747, -0.24212575183304, -0.014146586911801002, 0.0062219745484105, -0.098695059646819
0.06706447673954101, 0.016805009788802002, -0.27687269664053, -0.048330914392789005, 0.05517556607306501, -0.13199239527076
0.050420441496725005, 0.046569941209197004, -0.16200048793467, -0.035272627322596, 0.023237497015685, -0.083566658185907
0.13913520723112, 0.06674311595969201, -0.5771551304152, -0.010908372629543, 0.004267956407069, -0.071927109909729
0.22137543371392, 0.065666260233883, -0.70092479685909, -0.025941821011611, 0.02328992747554, -0.092203425544939
0.19701283829202, 0.062078840527166, -0.66103481417755, -0.039081943524971005, 0.032156647199539, -0.10098015937547
0.21519198125359, 0.053360185996392, -0.54070415676086, -0.038484388212412006, 0.027270445717593003, -0.10779515466848
0.19602626702475, 0.052243299188384, -0.55362798879376, -0.05527836110599801, 0.054225738535054004, -0.10478176337114
0.12452639178086, 0.058439440475843006, -0.45538704966852, -0.051476796377238, 0.045488493884598004, -0.10882265274922
0.10261759266131, 0.056071372585832, -0.41281577247107, -0.046109726181488, 0.021698013069724003, -0.10217157485707
0.09801119986010301, 0.063143212606247, -0.32892896001208, -0.051483620865456006, -0.0082358990542749, -0.11158733169073
0.13505111412687, 0.061024255699781, -0.61032756451599, -0.060564347553487004, 0.010115151257034001, -0.10510134039635
0.073662586372482, 0.052882300814079006, -0.40410589552645, -0.062328745237646005, 0.018273865871601, -0.10856549512786
0.056331627676258, 0.053017750528917, -0.42580463734192, -0.063643059552866, 0.047997309624412, -0.09571582251554901
0.049450274617597004, 0.05666753394286601, -0.28113583215536, -0.045709632938005, 0.040619969625729, -0.09264366116724401
0.08783250282531001, 0.051318141000924, -0.28693457749065, -0.046430865408590004, 0.013756553386398002, -0.09532258925860301
0.08093882368845101, 0.04959678930157001, -0.23670372793556, -0.04805186181096, 0.029118705621927, -0.09686081476605801
0.08616074177280901, 0.05258849088051901, -0.23112835367871, -0.051994074490057, 0.026208218924111, -0.10431888628981
0.096298380615181, 0.052658375517474, -0.27293847609761, -0.042591396047301, 0.044368439140953, -0.08684106258934601
0.11871916650166, 0.051238531265627, -0.29628289732919, -0.041535365487633, 0.022846736147983, -0.072326722970106
0.16518882650668, 0.054829771592268005, -0.46532428072091, -0.049284176248282005, 0.059173858880278006, -0.08180382772893001
0.16882342962886, 0.053254573276073004, -0.34898301070327, -0.04893542101701501, 0.066398979362685, -0.081434084135167
0.17097243712382, 0.056745559794914004, -0.42944729808586, -0.060257289227219006, 0.104974638286, -0.09387168456179001
0.15841437096153, 0.058861899735431, -0.41516637020833, -0.060327309107986005, 0.094357338250664, -0.08076275652336601
0.17105686395074, 0.056527185396206006, -0.38323529553653, -0.054037687068285004, 0.13581431322852, -0.077634481986717
0.17267902751631, 0.053532762441169, -0.32936934851792, -0.06549041704561401, 0.15720614217645, -0.07951126659353801
0.11998008294993, 0.051568461271609, -0.23937273825875, -0.064623454162149, 0.1549573592431, -0.08829942653573901
0.13047515287313, 0.058886137340542, -0.14889032728044, -0.048643418192420004, 0.14506499484197, -0.08454098951914901
0.08629130621720901, 0.054708910069395, -0.13460136335689, -0.040385547566618, 0.15104154250312, -0.08846709760009201
0.12450144054671, 0.060373435562131005, -0.24758824937721, -0.039043572399225006, 0.1155537901488, -0.08935691618116001
0.12521149247992, 0.059317806039133, -0.20298093717739, -0.043475974920264004, 0.1185395767514, -0.089576717356386
0.11244080730256, 0.055794418834905005, -0.17451157343927, -0.041494698453666004, 0.1256316757063, -0.089951239401946
0.11974611094264, 0.05572191476690801, -0.14705894802153, -0.048617598923323006, 0.08343433283302701, -0.092979987872117
0.13819458261784, 0.054014590740143004, -0.25737050417543, -0.044740932246315, 0.082499449683677, -0.08690181124054301
0.12829847037759, 0.04972395528767801, -0.29556049104404, -0.043305358349301, 0.10285161674078, -0.08853520602751801
0.12012690247055, 0.055591907224238006, -0.2743956833732, -0.044407997100185004, 0.10738358072216, -0.082021027464949
0.13678384280598, 0.057694231246539, -0.22255513535741, -0.040849619698648004, 0.11889549489612, -0.080383478667033
0.16110371375258, 0.057587914522709005, -0.3097568033956, -0.036286053095756006, 0.09975979853517401, -0.082073736290987
0.1973393912493, 0.055878576769762, -0.38803917352658, -0.039276996631226004, 0.12407405685293, -0.080278826313025
0.18188006370265, 0.05875016288433701, -0.27246588221271, -0.049131190987769004, 0.14630500278354, -0.08166750679498101
0.18634442421211, 0.054897793673735006, -0.36408516845424, -0.051140510675786004, 0.13929794507926, -0.07997828543582301
0.17515934122901, 0.051196765810217, -0.34756591446839, -0.039967258988813, 0.13046883292338, -0.081862838689281
0.1949998450711, 0.05156686763478201, -0.30185274957338, -0.037632521775451004, 0.15184790079219, -0.078164622658128
0.18490835692323, 0.045468050944234006, -0.29741371119711, -0.049853213925596, 0.15172256234838, -0.079588605153008
0.11102760514061, 0.039632929648291, -0.11147600928494, -0.05012656041497401, 0.16138776384436, -0.084673735508678
0.09519309376748701, 0.040355297494323004, -0.076406901630563, -0.034865177050694, 0.15311445058305, -0.08300259807835801
0.08906162748148701, 0.040056370362575006, -0.072387469561146, -0.026106295434019003, 0.14803487359629, -0.08054777932222901
0.15815063217924, 0.050058226988818004, -0.24378231818672, -0.022910133690689, 0.12241793703348, -0.07363031481507801
0.1356345599792, 0.04858519022588301, -0.24820505302388, -0.024057835650903, 0.12087897848041, -0.077217060362993
0.12325036395468, 0.048413267789806, -0.22713446418778, -0.025292063062939, 0.12199664398695, -0.07902233613849101
0.13806541784622, 0.04849323825124, -0.17788308247148, -0.028795845609827002, 0.10200946816483, -0.08778106987971401
0.15242561007928, 0.046906747314566004, -0.24375495287534, -0.023196483682437003, 0.09212230774309, -0.08436876734793701
0.14241087902813, 0.045267022657905005, -0.2333460913172, -0.029493050881134002, 0.11467456554715, -0.08457422107038501
0.12488345502305, 0.045332977218365, -0.20200011345125, -0.034335404840800006, 0.10113168831065, -0.090692684507787
0.14276766164784999, 0.044566060831358, -0.22682932207735, -0.036855586140812004, 0.10161451927902, -0.09156776215939401
0.13070021063205, 0.04582010225375201, -0.22404789493308, -0.03840500012979, 0.08552091506812101, -0.09130846026677601
0.19058640495692, 0.045239992808591006, -0.34773297136515, -0.051435736998775, 0.095029304987206, -0.10257627661711
0.15330445229585, 0.047972095300303004, -0.27000854570799, -0.051695115362523004, 0.11786154387295, -0.09913160167127401
0.16229405003062, 0.051999563966264005, -0.32174847436571, -0.055006439450048, 0.1256957778948, -0.096595967553062
0.16153385936525, 0.048710325951996, -0.29958621853541, -0.042659000266412006, 0.11284340244881, -0.09052631592579101
0.16442421153947, 0.050762334935819005, -0.30851955267623, -0.050300242444724, 0.12784431610141, -0.087229615679111
0.17210931569857, 0.048110150540091004, -0.33536098530306, -0.064442913260798, 0.13483606966289, -0.09732754889783801
0.13730376306992, 0.049608729614379, -0.34337871866364, -0.05977687279311301, 0.14742820446367, -0.094975454711595
0.16844227170639, 0.04911918162488801, -0.34292601021281, -0.056039028933976005, 0.15518880922258, -0.09734376532091701
0.14471126401235, 0.044204731976771, -0.26907759526745, -0.06279534611500501, 0.14680659557728, -0.09658004051412801
0.17624784000304, 0.04395749563213, -0.24089202968229, -0.052941634735055004, 0.15151907799768, -0.10675368293688
0.17758333453492, 0.043995580918230005, -0.29294989821541, -0.056691319402578, 0.15530553502593, -0.10031514876352
0.13376647581026, 0.046204573535411006, -0.22919474781015, -0.06190110049530301, 0.14121336377453, -0.09841445082974701
0.13200912115423, 0.041612099288607006, -0.25411871207055, -0.054698671067149006, 0.11560347906809, -0.09699423216602501
0.1225569036071, 0.043083179711863005, -0.17466869981708, -0.054554996465708, 0.11401678133286999, -0.097644856796418
0.16702920620028, 0.044225904665970005, -0.31283399301196, -0.060270093186373004, 0.1064497264144, -0.096629806665181
0.12791159488078999, 0.043965428079628006, -0.30109482933124, -0.059638803950191006, 0.11754550919296, -0.1075064858831
0.1469751066643, 0.043557105723302, -0.28285868052408, -0.059821456076921006, 0.1122126158328, -0.10266839932088
0.13164952421866, 0.04124794013217, -0.24588713039655, -0.056365703082467, 0.09382941555682901, -0.10377227257431
0.15649253475152, 0.03714919109394, -0.24169960268574, -0.056411444598385006, 0.078509413765317, -0.10400368185855
0.1740754397607, 0.042408285636602004, -0.31047837245112, -0.071363372776949, 0.093721247896282, -0.1061228843371
0.13878777662127, 0.039843699515795, -0.23077132892889, -0.06969730433609901, 0.10030090953787, -0.10454175458405
0.14376166122527, 0.035280693438262005, -0.22348333801649, -0.0671091127662, 0.07925431693554201, -0.10633551272947
0.11457822989676, 0.035795246041328, -0.14809977562005, -0.066126510499305, 0.09015724460643901, -0.10512038900329
0.16108320941133, 0.034967541620851, -0.30627268705295, -0.063248687660897, 0.06977300164920501, -0.10322274270501999
0.15524937926378, 0.037276476405169005, -0.31984536290772, -0.071906836930097, 0.083759604571773, -0.096418048720166
0.14664116088443999, 0.036898456138513, -0.27171523301247, -0.073871064319805, 0.085973358096812, -0.10466190153547
0.14760264369435, 0.034000650442537, -0.3088210207459, -0.073137269711915, 0.065823377926607, -0.10382973286756
0.12541412625839, 0.036004936496730006, -0.18618217741571, -0.064987242088952, 0.080777303143302, -0.10121354868212
0.14661783175759, 0.036479306171238006, -0.35056910860784, -0.07808139608983501, 0.07132856401153001, -0.10513291074571
0.11412273012181, 0.039520499105874005, -0.29470799696549, -0.08295951868793401, 0.07765269523640701, -0.10711752210797
0.14698633514386, 0.038323875906826003, -0.2816568520743, -0.08154283887158101, 0.07446230929770101, -0.10429548911965
0.11672789616376, 0.034630475341568004, -0.27697636932046, -0.07825613788060001, 0.058345043314243006, -0.10264345310261
0.13803986838433, 0.034692660393347, -0.23735832625119, -0.07671526615563201, 0.05510261756220201, -0.10597185197715
0.16155811013029, 0.035733536178610005, -0.38091861977409, -0.08147564888875, 0.06269162393788401, -0.10314917791757
0.12556957322339, 0.035709151850344005, -0.30187144255691, -0.080531326951289, 0.06870111482968, -0.1065464887066
0.13408403262668, 0.034096499625018005, -0.29633173417007, -0.084203253663007, 0.07508857236153, -0.10285781173171
0.13069431484054, 0.032022470068394, -0.30881547690416, -0.07288651527038101, 0.10395627959254, -0.10751173867458
0.14146650272708, 0.038093197299915005, -0.36899819780797, -0.08649209275078301, 0.085701250389508, -0.1011975430903
0.14706651394092, 0.034711766276811, -0.23429686109727, -0.08286188295329501, 0.065489017708608, -0.10786753573126
0.14037583616307, 0.03853963280245, -0.25253880905477, -0.088513066650516, 0.053808095823988, -0.10807796402523
0.14569848224956, 0.034876315553638, -0.26492298492076, -0.084224642179099, 0.041846803710362, -0.10942732409184
0.11897392397253, 0.037012163385409004, -0.28185355370757, -0.07414917997565601, 0.022318988634397, -0.11360348610161
0.14972823612781, 0.054926896986402005, -0.43397577394321, -0.069503134682631, 0.052723532992766005, -0.11291975985469
0.11447692498272, 0.05302997180036301, -0.35725272049385, -0.06895777295128201, 0.050839673237411, -0.11189720232696
0.15040422160086, 0.047241974418245, -0.40706404311652, -0.077029357672154, 0.034481984576902006, -0.11543495282935
0.15911556091004, 0.036079761518076, -0.42177485585878, -0.074073949218193, 0.025992908095167, -0.1215990340477
0.16102315065821, 0.035840923841699006, -0.36204802622308, -0.066739992891628, 0.057003429137648005, -0.10704628051609
0.19561426585094, 0.051507903676669006, -0.47426934677107, -0.066363615375292, 0.06354676634869601, -0.090560764587073
0.16664637536133, 0.044778717521078, -0.3985032993753, -0.07441055448982101, 0.07999768051231501, -0.10131218070654
0.174989505054, 0.052358862767202, -0.44960617560882, -0.07482430434478901, 0.072139241215496, -0.1126915333146
0.16278686157553, 0.048151664354582006, -0.40310688381672, -0.07460951138181801, 0.06380619201408601, -0.10935932149065
0.1665532431795, 0.050721488389917004, -0.34804121394756, -0.07315246035584701, 0.087185424658877, -0.11440918673596
0.20429613255047, 0.053619572433816, -0.47366130669043, -0.07176424328847701, 0.083569850197171, -0.11064166600401
0.14084607554782, 0.048910767492245, -0.39956957207829, -0.08949954021497901, 0.09998199522406401, -0.12121914601683
0.17663219306615, 0.064066629546795, -0.39562811081584, -0.086648262627045, 0.098227312857044, -0.11930531951753
0.1425242819465, 0.05180670992532, -0.34802584402128, -0.089897550134461, 0.09357112585629901, -0.12098971400674
0.15397496205297, 0.048087982261228006, -0.31293243154133, -0.08757667224903501, 0.071143703596189, -0.12686466488716
0.20426416947068, 0.054272022653521004, -0.53338948338106, -0.09492107527014501, 0.065589344202055, -0.11920086136192
0.1499248814432, 0.04899641521521501, -0.46165632207749, -0.096506399403382, 0.066531482644127, -0.12301533113956
0.17253775479438, 0.052329344608377, -0.48200212548871, -0.08686484690469001, 0.052511713268284, -0.12283409305607
0.14564181945287, 0.048437360165935, -0.40945556273025, -0.09207629230328301, 0.063060970363916, -0.12429342541622
0.19041345714996, 0.052561572876839005, -0.51205964611791, -0.086476032257689, 0.05225142396051, -0.1249600749881
0.16888190016548, 0.057239040543271, -0.47772200194962, -0.08729301265653, 0.062772742183719, -0.12867267922562
0.16233073173023, 0.053446420606877, -0.44736577778788, -0.09830157969474401, 0.057521163814084, -0.12985603587785
0.17884261684946, 0.05103334975922601, -0.47675911747742, -0.09263716879233301, 0.039824944585378004, -0.13113443110068
0.13889248639722, 0.042564572595605005, -0.40237377510799, -0.08516618342122301, 0.035930682116573, -0.12263202993571
0.1710746768007, 0.04600438664055, -0.50191867979283, -0.088140266007597, 0.025816049498077, -0.12214924199611
0.14972443597554, 0.045468148078631004, -0.49646597907159, -0.08423518668132, 0.040806754334689006, -0.12312993177696
0.14853518368945, 0.044724622512920004, -0.48542098214365, -0.09607449462200501, 0.035020922281013, -0.12705791740733
0.15430495745022, 0.039663354858913, -0.50627504676389, -0.08872462798616601, 0.027855899946147, -0.12012876507876
0.1295508691299, 0.03984858481641, -0.45352365848329, -0.07463903929308001, 0.025154684249685002, -0.11986168882351
0.19254967494591, 0.042263181060050004, -0.56060856328171, -0.07992706977467001, 0.059056679350968005, -0.11983364365209
0.158527441244, 0.038715202985355, -0.43843738993672, -0.08657835337401201, 0.041242438103681, -0.12773976421526
0.19430787582658, 0.038524511087152005, -0.49079449929541, -0.08989066259780501, 0.05982925970631801, -0.12818710069348
0.19693530215307, 0.035737428381731, -0.50062828613667, -0.077637218181531, 0.054711742691367006, -0.11511434500782
0.16436709785424, 0.038980529070386, -0.38132862391588, -0.077976532085358, 0.062424032314728005, -0.12221798576974
0.23577908048369, 0.042028845125265, -0.55337640820744, -0.07636585985420301, 0.05818190703202, -0.12350930768272
0.18305766506147, 0.043489138115356006, -0.51697008319423, -0.077285158292261, 0.07667436474696801, -0.12449358071486
0.20616731321384, 0.04823872596807301, -0.51858003175937, -0.08157972761628601, 0.07411083504482001, -0.12583681626231
0.21066771743103, 0.042180144099121006, -0.5300595744879399, -0.068479878572789, 0.046832429065867, -0.11317190646762
0.13044051794875, 0.046329900829667, -0.26326173406121, -0.06245667113167001, 0.064617126808613, -0.12696508030408
0.21810720487407, 0.047323800536035, -0.44166686362903, -0.058853589421615005, 0.036399961353652005, -0.12888514086344
0.19727224931937, 0.050760836695964005, -0.53438658872051, -0.06574865038854401, 0.04507984290450601, -0.12672354486147
0.17807281242911, 0.050105789073769, -0.52591524975213, -0.06711676406045901, 0.046018097490536, -0.12607440927516
0.19218420721284, 0.045514595203742, -0.53221076807541, -0.058209189611573, 0.035521471415233, -0.12505301586864
0.17011669260481, 0.043777794256741005, -0.42570209680158, -0.056774806625413, 0.030458847096439003, -0.12379133584554
0.20378629436055, 0.046941783193837, -0.59190484947748, -0.058370248686186, 0.025321551639835002, -0.11753093303205
0.15157832304944, 0.049389895523335, -0.54630599688188, -0.062482399395933, 0.032056746114779, -0.11900377490452
0.17467236690195, 0.050044194172612, -0.51586185293444, -0.065075396879574, 0.036818059647049005, -0.11963466855357
0.16398664209607, 0.046968148763104005, -0.47028685026889, -0.061881740929342004, 0.029317779695661003, -0.11901458206134
0.1869218636914, 0.047660603870881, -0.48257097980166, -0.066356421151092, 0.010209031874681002, -0.12018606198054
0.18711997398982, 0.048147913605799, -0.60996388630943, -0.066877738053244, 0.013787426535549001, -0.11537829518754
0.16501124549876, 0.048223092198655004, -0.4985531253339, -0.06440696444714701, 0.040705565622164, -0.11276938605289
0.17163158080759, 0.05013182176329101, -0.49251082705712, -0.06393298746956301, 0.044375692974652006, -0.10864972826849
0.15680835431659, 0.045556558314304, -0.4504321620411, -0.067102693729521, 0.029037729580625, -0.11491718527925
0.17419171495276, 0.046327914520534, -0.42548369603512, -0.058531025281563, 0.012882369241565002, -0.10911647979951
0.17348783611514, 0.046990814333655005, -0.53360457759145, -0.066767440052364, 0.01184226297748, -0.10828675399433
0.1689724903377, 0.042260129810329006, -0.56368217175746, -0.051691925122730006, 0.026216342955762, -0.11115822101614
0.17717895952728, 0.044538317125341, -0.58377981667811, -0.05344379966435701, 0.033846230574382005, -0.11136042608578
0.18209467408785, 0.038436719154089, -0.53968172574551, -0.049745063376918, 0.029397370748642, -0.11298444139611
0.20390507555678, 0.039264875927587005, -0.493980877229, -0.048645578922038, 0.034982906329948, -0.10983594254146
0.20516357437411, 0.040604758895427, -0.59251475464873, -0.056063770854863006, 0.054578839096706, -0.10981619727161
0.1892483677914, 0.043415651235712005, -0.55366092061286, -0.06346984915489201, 0.043040706354094, -0.11001309929149
0.19983783917004, 0.04281730995935901, -0.57895071358147, -0.07544811733169701, 0.063296326667099, -0.11593873533512
0.18490778672405, 0.039155605542353006, -0.53828268455694, -0.071249443498379, 0.05237735790685501, -0.12219105181736
0.21492040049167, 0.037088543173034005, -0.49278447239631, -0.06827318807780501, 0.061800593626486, -0.11914430940729
0.23405235931124, 0.045230325886962006, -0.6121679978172, -0.07523963945171201, 0.05839720787613, -0.11851333790653
0.15967564268357, 0.042503392737840005, -0.5111364576102, -0.07726578842378701, 0.06484249277359301, -0.11744434671022
0.16556173389727, 0.044812550748448005, -0.4956541623946, -0.07101008527996401, 0.050881608092794, -0.12157455726684
0.15475657055387, 0.041829233989501, -0.50339450652522, -0.06476432527725101, 0.053508590696082006, -0.1231984033799
0.19383705464621, 0.041037863564508004, -0.57298094727664, -0.07139386558750001, 0.025499180990750003, -0.1161953298648
0.20547003944622, 0.044905543244966005, -0.61539710060376, -0.075289563891868, 0.029863762864142003, -0.11208344069668
0.17916326197127, 0.044260991248993006, -0.54476354988264, -0.08033291984188601, 0.025051830286847, -0.12794235437738
0.17738124445885, 0.043548457155988006, -0.54118969205778, -0.07171492902987, 0.017725223080138002, -0.12241434710035
0.14881260001596, 0.042752983083704, -0.50748474215098, -0.075624688673138, -0.0013696285942063, -0.12516031991154
0.1787056569787, 0.045287043963807005, -0.67417443977917, -0.077548439256039, 0.0017308593827074, -0.11816679478044
0.14662093454733, 0.0441170442775, -0.59098502573354, -0.08001130475769, 0.010469047193142001, -0.11933797409898
0.1753806525104, 0.041993055266892, -0.56350629956241, -0.07636294847425, 0.012854598844584002, -0.12254204551832
0.17398305509241, 0.039133633585884, -0.55420003837939, -0.064581966652516, 0.0060362281518555, -0.11256330980263
0.16815887539102, 0.037552955264334005, -0.53021337704455, -0.063299220073101, -0.0011946354116256, -0.11486857441113
0.20961541494334, 0.044502686174196004, -0.65730179789297, -0.065758859978005, -0.010020219016986001, -0.12211166150298
0.19081339946484, 0.043555718985740004, -0.60229672385664, -0.066442994143563, -0.0036308202406088, -0.11822246852628
0.21219020240654, 0.045592509549793006, -0.59021982566795, -0.06529626334175001, 0.0085230317549842, -0.12277264829991
0.21880171754032, 0.042516373093604, -0.59252470386911, -0.06517281520191201, 0.0002408015791328, -0.12655843713376
0.19931932354921, 0.039758249384186005, -0.55824287801871, -0.066388446816003, 0.0051453041715673, -0.12068108661934
0.23589083378937, 0.042616106104787006, -0.64421602283823, -0.07231266180118301, 0.015157133597229, -0.12538308083203
0.22101900668847, 0.051078875778532006, -0.57764350492581, -0.06723475348876501, 0.019755279045006003, -0.12234367189017
0.23334436854832, 0.059898155025831006, -0.5915566987997, -0.071377162447883, 0.032599628283731, -0.12263916026597
0.22414520385106, 0.05718518395550701, -0.55731429807906, -0.07440892222179, 0.026004661801384003, -0.12625772868656
0.20713440356783, 0.059502578313987003, -0.42481193264253, -0.074729124540379, 0.044149017182298, -0.13367994297362
0.24611773583179, 0.058280350465791005, -0.57075527177307, -0.08730028015971501, 0.038412363107744006, -0.1376639960073
0.20672282063607, 0.062143211256612006, -0.54883036386302, -0.08727598611640701, 0.052205460099603, -0.13251640243824
0.2320566179992, 0.073535068923033, -0.57878829433641, -0.08936014581413401, 0.041433967987545006, -0.13948756941014
0.21735353271908, 0.07171042587474101, -0.56274283299881, -0.084631838905229, 0.034965865389372006, -0.1246638689106
0.12219041286374, 0.057301331856287004, 0.043205693730737, -0.072951049285047, 0.038203296148848, -0.11274231249956
0.26629906104058, 0.06933590299569001, -0.36853766075595, -0.069998095721624, -0.022735679124913002, -0.10452019223039
0.31786352499366, 0.080756959154561, -0.65378304219995, -0.090600872801934, -0.06455815314006601, -0.1094266366976
0.36264486589382, 0.083232599704574, -0.81985042896376, -0.07955207271566801, -0.07594456186673401, -0.13487884756406
0.38872213339792, 0.06631808836368501, -0.84955719858386, -0.09324822487649101, -0.096143508203454, -0.13110969727012
0.40406253522214, 0.05792662450347601, -0.75177313396052, -0.08050960463311001, -0.089177891117158, -0.13568805190601
0.36916210657649, 0.06366114431115301, -0.73675606197179, -0.070263147742813, -0.071007916838926, -0.12997606542158
0.3193049804554, 0.065373167268393, -0.63818549481443, -0.065102535665188, -0.048615639295940004, -0.12606171474658
0.28267169157841, 0.065088986150451, -0.66536739750588, -0.060748513118082006, -0.060508711469400005, -0.13160117582858
0.26533261235765, 0.053936563367075, -0.63151722068581, -0.062292909257452005, -0.053282761262644, -0.13422015536177
0.22582394426259, 0.054159297484466004, -0.61028470622399, -0.067834600566995, -0.044707656464294004, -0.12963676861899
0.23458925079466, 0.051223200118944004, -0.66226015742938, -0.079253751402152, -0.027141988664112004, -0.12862859308215
0.23459416805111, 0.05131894842803, -0.58377113514866, -0.080804684217922, -0.052915728737394, -0.12972780274084
0.27101596488348, 0.055298261511777004, -0.7174331628234, -0.085434670620968, -0.051587269096104005, -0.13428725373288
0.26701031377763, 0.053204518424554, -0.6915206404887, -0.08109424816286101, -0.042240495331446005, -0.13051158084163
0.26237666807782, 0.053240617395805004, -0.66657119261589, -0.082183513747383, -0.068131992132925, -0.12555779877789
0.28864999616121, 0.056337108424286006, -0.75937210340362, -0.07802428333595901, -0.096906816319462, -0.12310471869494
0.30402966651979, 0.057597349556147, -0.84682593724137, -0.07863977508721501, -0.06637870800691201, -0.1173678633504
0.25168652612993, 0.05911717261761801, -0.71129296711305, -0.07638807983658201, -0.041818133660579, -0.13024299782526
0.30347872351708, 0.059553189276751003, -0.77032285184634, -0.086053477976074, -0.03761275909174, -0.12395727996504
0.27314948990074, 0.05754106883241, -0.70972048494947, -0.080920361204843, -0.043199838723860004, -0.12544404801279
0.28333084461699, 0.052232064606929, -0.70036771417421, -0.08105995611928, -0.039194248520849004, -0.12222064804757
0.30473066082326, 0.049178086106104, -0.71209232588532, -0.07627094260568, -0.029065104148823004, -0.12020252726095
0.27625719147039, 0.051708173663407006, -0.58573411448061, -0.08116481292688, -0.0067589691066301995, -0.11904696777537
0.28070885022, 0.051017826555218006, -0.63266774022031, -0.089038545087765, -0.025687469392590003, -0.12679684612494
0.28721415001814, 0.05208038620850201, -0.66864412329793, -0.08461305616094601, -0.023674652157293002, -0.12562238808888
0.27347646338068, 0.04755442802861801, -0.6173218067786, -0.085334981536673, -0.0052192997555118, -0.12633847578986
0.29934004838275, 0.050878387452190005, -0.65371716229957, -0.086671752167608, -0.014959057802114002, -0.12796838039472
0.28421956326864, 0.050107479736302, -0.62796076848976, -0.098309151012959, 0.011958363391812001, -0.128177552879
0.24639143093654, 0.051109819776004005, -0.69445306716916, -0.10088036595213, 0.028902255784434002, -0.12008150100529
0.26784703708844, 0.042509923183187005, -0.68331345433285, -0.09057991107661201, -0.0034344082488884, -0.12171946218424
0.22697748921747, 0.038802941146136, -0.57778615128302, -0.08579905320525501, -0.016723289903432, -0.12463206622353
0.24616492497879, 0.044469999262073005, -0.67485980063367, -0.08487574746016001, -0.026019695419407, -0.12309416443947
0.23346115927564, 0.04158250341019901, -0.55187673851539, -0.088847384702311, -0.033543888442273004, -0.12634341035827
0.26652229459793, 0.043533715049976, -0.61435671808608, -0.091042706228301, -0.033915060671203, -0.12878317027167
0.25988440592105, 0.037096453245448004, -0.59015888100361, -0.088731431660757, -0.041362431047454004, -0.1228248520578
0.24278711987674, 0.040782736595075, -0.54029332553439, -0.08507836286045001, -0.050877770505641004, -0.12933163567319
0.26173116783746, 0.046573970329376005, -0.72196918247728, -0.099186912995433, -0.054331276388260005, -0.13047898155333
0.2270308784551, 0.050184725953068006, -0.60919072501275, -0.10094452615202, -0.036182724186583005, -0.12486639932649
0.2431010504902, 0.050646691417305004, -0.63784291123181, -0.094507203644537, -0.04170030338216801, -0.12850366588087
0.23734983309324, 0.04355237971904, -0.6048730708696, -0.091076733721343, -0.052051997027559006, -0.12791927576018
0.23775637987383, 0.045382068145473006, -0.59606530500159, -0.08682482784209901, -0.061959253785925004, -0.12631772707369
0.24892554675472, 0.04338542168874, -0.68742637941718, -0.092667326309881, -0.05476827673899701, -0.12735041851172
0.22969700086675, 0.046720553352953005, -0.5908779341681, -0.094744887562361, -0.045407947955507004, -0.12563361527572
0.24469138662822, 0.050077584743017, -0.63821602343178, -0.09694853689759901, -0.044258155592759, -0.12527474726031
0.25416091361929, 0.043692776911369004, -0.605159624969, -0.084472032146716, -0.052189178429881, -0.11973481125948
0.25424731213772, 0.041385024135372005, -0.6010416974244, -0.082970054493118, -0.043188834712958, -0.12736256723982
0.27305609480304, 0.047394074277912, -0.67994296240756, -0.09911275338590501, -0.042860847795418, -0.12356579506993
0.24808917106673, 0.04371507336555, -0.62352048693741, -0.10038296686167, -0.024663966565974003, -0.12696941399826
0.25312444672054, 0.046746523411255, -0.63820902810651, -0.09168179632513701, -0.017849354408994, -0.12743251306332
0.26219066538867, 0.042386025861851, -0.60109790257407, -0.09427709258555901, -0.025569280399803003, -0.12260234059426
0.26844539818201, 0.03979991388309, -0.55351526301705, -0.08754435846689801, -0.033991304810484, -0.12380761239568
0.27716469055506, 0.046251454430985, -0.71754344260716, -0.088217010163829, -0.026537725530185, -0.12460408634239
0.24433471138976, 0.043799845204019, -0.6363543959577, -0.09817840847858901, -0.0079914301512512, -0.13036726388201
0.26229003323809, 0.046738568834134006, -0.65744966869958, -0.090335323818234, -0.012083740384314002, -0.1301721169678
0.25036118294978, 0.046852717228064, -0.61811291303183, -0.08445182966985901, -0.016014566679306, -0.12565286179501
0.24784386398265, 0.048474614028376, -0.55312120537116, -0.08026266296337001, -0.017574958820337, -0.12692591488774
0.26671235944418, 0.053818465183245005, -0.74456179904033, -0.093329858995358, -0.024193710268654002, -0.1270379863171
0.23053630390663, 0.044691168112805005, -0.65041538024108, -0.094416086819973, -0.014272138499547001, -0.13150582684668
0.25269989519527, 0.047946849530404005, -0.65776813337992, -0.08951508204572, -0.019650830946787, -0.13053046183398
0.23925867750841, 0.046166626065963, -0.59132574254302, -0.092670091714421, -0.027317148681681003, -0.12743837014473
0.25754536663788, 0.043708865135039, -0.58144044094775, -0.08515949603330901, -0.036873309899944, -0.13559682854043
0.24505051488782, 0.049452045576200004, -0.72333652944168, -0.091437478672569, -0.037579740574947, -0.1299855807262
0.23720570961371, 0.04948164495529601, -0.6256698596151, -0.09397057987980101, -0.030933528975668003, -0.12933122147554
0.24353670823867, 0.048792861006007, -0.65069285536682, -0.09249505975330301, -0.024038417769404002, -0.13183835475482
0.23878148352806, 0.047335206999616006, -0.60932904099806, -0.083231205389239, -0.043257003405212005, -0.13129146685922
0.24156043092888, 0.045066814942755, -0.61965592845175, -0.08717811658836401, -0.05296496287677201, -0.1300721858469
0.25080698768191, 0.043748766235314006, -0.71454303591646, -0.09718183679276501, -0.04033644324624, -0.12487844656419
0.23750265103724, 0.043814098014583004, -0.62177782820286, -0.096736112102293, -0.046148315558532, -0.13210342946111
0.25572342864594, 0.046295962299769004, -0.65827812349219, -0.09233284177671801, -0.047959400635518006, -0.13647136545042
0.24201439951677, 0.04514096311113, -0.65712076657215, -0.083443349457634, -0.05722558640900201, -0.12874579570298
0.22159161289753, 0.044940354382563004, -0.55767535243533, -0.08102262652247601, -0.049448706927834006, -0.13131741718764
0.25775079845123, 0.045947008090438, -0.69897554189934, -0.09034339729363201, -0.043846259000609004, -0.12925241923412
0.24206234811708, 0.044993340248917005, -0.6202976618549, -0.093060041383905, -0.046998727843631, -0.13430235143415
0.25693336591487, 0.04549053187198401, -0.66096258634523, -0.09917628811035001, -0.045750729342950006, -0.13636059985413
0.2577232424396, 0.045491759939599, -0.67166653609269, -0.091871667242423, -0.058727668197201, -0.13127890953009
0.25109653813029, 0.043446060009570006, -0.60174492194035, -0.08442763449488501, -0.05811956639035801, -0.13027298857351
0.264766835641, 0.044905009923200005, -0.71133153617012, -0.08613467715985401, -0.042461472938931, -0.12872270735125
0.24605957420367, 0.043255544113966, -0.67021879305444, -0.093132096482737, -0.041508904673196005, -0.1355401903786
0.26327467237224, 0.04488560254171001, -0.67105243620268, -0.09729732362099701, -0.029925043413967, -0.13223878898423
0.2583012706603, 0.043848380281196, -0.65686770114471, -0.090281327333249, -0.037420272164956005, -0.12371076956339
0.25177235881869, 0.039839074257169, -0.61193658709145, -0.09312298988192001, -0.02380273336685, -0.12824767089062
0.26746227515514, 0.038250436554865, -0.66577789067669, -0.09060058526625801, -0.027429727651111003, -0.12807896301109
0.28511224782017, 0.039034213249697004, -0.68640577377993, -0.10010932658899, -0.0016525556248691, -0.12707104581533
0.26257825733203, 0.038615232944334006, -0.6660214571326, -0.10611762209232, -0.0074296908379413995, -0.12585369836535
0.26984887142689, 0.042546229385017, -0.68498778298809, -0.10033694022881, -0.020263771220670003, -0.1246725881944
0.23666194451321, 0.036568160394776006, -0.59100566850683, -0.09392367590021301, -8.08650402859e-05, -0.12438816749231
0.27660609612604, 0.037318273956881004, -0.64458528222955, -0.09787905093184801, -0.011113644566524, -0.13242212444687
0.28856541719576, 0.038372319606395006, -0.70496783748656, -0.10694629330075, 0.0041643385673778, -0.1296284143046
0.25318713781695, 0.041504486620091006, -0.66889010687254, -0.10419988116721, -0.0032606384883246, -0.13453378080919
0.26680688685203, 0.043843996866041006, -0.67753712668425, -0.09895943668693001, -0.023416884631238002, -0.12685355964741
0.22264882237989, 0.039538633619359005, -0.57318945599003, -0.092234293000027, -0.013974880748663002, -0.13342665340093
0.26890937678516, 0.049426748142661, -0.73259627726887, -0.09392560665446001, -0.018963786106182, -0.13408585405835
0.2516963819036, 0.050585488727018006, -0.65315775492823, -0.10314672643987, -0.0031963544813736, -0.12937853244028
0.2463545930308, 0.045345824928271, -0.67709434067572, -0.10918223786022, -0.0077701466760316, -0.1345885526013
0.26792713389024, 0.042194656786605, -0.6867027781353, -0.097977857875052, -0.030393818910845003, -0.12732622662519
0.23830961071379, 0.039013187045941006, -0.55354728781812, -0.089074250763587, -0.028383567698137, -0.1280532511851
0.27131440879837, 0.040451771416777006, -0.67167548164668, -0.09751702157877801, -0.028782383864704, -0.1360119547074
0.24763857855457, 0.040186589452875, -0.65441697770512, -0.10786167399037, -0.015529309144747, -0.13330099932686
0.25031361981154, 0.045848695413736006, -0.63703253590892, -0.10530829544072, -0.018932192088743003, -0.13377842255831
0.25401363053208, 0.036954756388713005, -0.62289080049486, -0.097617553644744, -0.032660545047306005, -0.13076788434416
0.21734820228269, 0.040169018557191, -0.49293863055038, -0.09273559671447601, -0.0282634121524, -0.13231855394105
0.26227045878002, 0.035859944013430005, -0.6459585097329, -0.09953384650001201, -0.049440975062395004, -0.13343635095691
0.22987292015408, 0.03844499811128, -0.63363654392756, -0.10046353781026, -0.039364708040219, -0.13626242698911
0.25589003530151, 0.04025016599522, -0.61264315981706, -0.10149846323477, -0.040409251875461, -0.13456740306819
0.24617809493085, 0.037680558089798005, -0.60931254767005, -0.10082301032344, -0.042141846266832005, -0.13378487669334
0.2178439079075, 0.038051403317613, -0.52670880188727, -0.096823720088927, -0.046964256763347006, -0.13653819777246
0.24897276376507, 0.039524116497199, -0.65099172490201, -0.09806574307530201, -0.05994185283218301, -0.13765307106268
0.24993589663651, 0.043871164081318005, -0.67249470393763, -0.10005932061124, -0.037776328706312, -0.13444968096243
0.24760143557723, 0.042831181920481, -0.61488895683037, -0.09992833297778501, -0.034871318587895, -0.13875604689775
0.25752754547323, 0.042223612377151006, -0.60270319771238, -0.10185772910024, -0.04567391158982, -0.1358362481996
0.22836016165777, 0.040075948166069006, -0.55378162678191, -0.08955340651153601, -0.048846958722063, -0.13779406117253
0.25534344109357, 0.036906755578372, -0.62080602183839, -0.09408510900773401, -0.06622092477241501, -0.14161684119677
0.25196394267449, 0.044243979419097, -0.67192588985484, -0.09380902821259701, -0.038634257454431005, -0.13597188037725
0.22658538210257, 0.040500861795122, -0.60835369213989, -0.09743501970794101, -0.042616842638096, -0.14199660533342
0.24437398461988, 0.038194414920221, -0.61463822824617, -0.094720492046289, -0.048435102612288006, -0.13982493885251
0.21845385557037, 0.035973305779723005, -0.53182373549242, -0.085921584071366, -0.041279794598534, -0.14248441918301
0.24750390579697, 0.037151992407759, -0.59643090241332, -0.09619551454367001, -0.067535507239074, -0.14410192266259
0.25152162092576, 0.040625427003096, -0.6391247088333, -0.096031274994962, -0.042749613701374006, -0.13669564722412
0.23676194483575, 0.041591520786131, -0.59337246321255, -0.096142316696203, -0.042893340119602004, -0.14353798111826999
0.25137127644933, 0.040641390725558, -0.62808530909429, -0.09994878397118401, -0.065055683415808, -0.14179712985531
0.22713375660576, 0.035579059444306005, -0.56406194062646, -0.09142316540393301, -0.048675048951237004, -0.14049403823269
0.23489708264487, 0.034302297331004004, -0.62549212143725, -0.094097718544634, -0.06918578033462, -0.13737070518899
0.24750867821746, 0.036946764241255, -0.60845466259659, -0.099515446527367, -0.045249861526965, -0.13723144149177
0.24779492529383, 0.044417380608096, -0.57536816648084, -0.099307447012125, -0.052185206740622006, -0.14268295589162
0.24551239517191, 0.043017981179330006, -0.55481388066308, -0.093931022949868, -0.05388209670259501, -0.14330388934222
0.21239625621885, 0.040344231802983, -0.50633792718045, -0.095647109576764, -0.059257929332523, -0.13966940876083
0.24174568825848, 0.043286756500546, -0.61877358222329, -0.10139157620796, -0.054503137838288, -0.13632252107433
0.22699957876501, 0.039961596130931004, -0.59970296595598, -0.10189704892894, -0.041754946621932, -0.13437302650898
0.22860875501463, 0.044860725932889006, -0.56626495996183, -0.10694574359357, -0.049203687019106004, -0.14245238237516
0.23763207238627, 0.037460875158978, -0.59137410675414, -0.10509036862515, -0.06587172511268301, -0.13833766346906
0.19775036227705, 0.041775429343175005, -0.50064903310298, -0.09781022328220201, -0.061894351417627, -0.13203656125581
0.24399172905251, 0.040628751862361, -0.62263858758477, -0.11218164494082, -0.052827560610753006, -0.14107006618272
0.22106599804476, 0.03565591372459, -0.5957631053028, -0.1131463824339, -0.05576658995736201, -0.14208936846918
0.22574411058571, 0.037037074625309, -0.60158805731189, -0.10553310766058, -0.054893575524605005, -0.14633046627475
0.22635699425294, 0.034973325552834, -0.58177347500707, -0.09958894496915201, -0.071713996096481, -0.14008882175955
0.22503686116179, 0.030217109034023002, -0.57277747496423, -0.09291660875516701, -0.075573634316784, -0.13601028624516
0.22427249427952, 0.032453573880579005, -0.67903880515946, -0.097346454579448, -0.070211713495893, -0.13075916814602
0.20048603961479, 0.039196661928388006, -0.70836254951762, -0.093606482523022, -0.045492434430681, -0.14076747268247
0.16121167461928, 0.042821180155522005, -0.52233312226612, -0.09177844773377301, -0.06417344152521301, -0.14247778751298
0.19430173735902, 0.042848961670685005, -0.63941691326123, -0.08067388915634101, -0.07980174939592401, -0.14215731149478
0.22655147031591, 0.039924474463184007, -0.69952114176042, -0.071341700748003, -0.09151386219349501, -0.14329470021609
0.2500461873458, 0.042760487210055, -0.68914158460488, -0.07738569994768901, -0.06808742615633501, -0.13619413778176
0.27162038382867, 0.036359653600043, -0.71271522302818, -0.09183042709651701, -0.060139076755183006, -0.15003335630767
0.27783235666411, 0.035775752011169004, -0.69441372499286, -0.09808450508746001, -0.06401644975157901, -0.14866896120826
0.27884407637481, 0.035036052781464, -0.75180924991527, -0.09290833800219801, -0.053216888257152005, -0.1469359746527
0.3066339121689, 0.034510360478104005, -0.80305348231347, -0.09325123855485101, -0.054208563525625, -0.14663053082936
0.30090006356417, 0.035839720041206, -0.71431900753813, -0.10338603292537, -0.012579397069723, -0.14733221982735
0.30683485421021, 0.030766328037120004, -0.78934859876402, -0.10321535155597, -0.030290480187694, -0.13939313318041
0.27591000712901, 0.023410677013645003, -0.82414253495188, -0.090510041242429, -0.025527094656272002, -0.15259607269209
0.24225354716252, 0.032706138225832, -0.6414953231293, -0.073662924128171, 0.0053439696302808, -0.16280158059467
0.30522420701026, 0.055291834265482, -0.8238741119158, -0.081350390703913, 0.0077815688999545, -0.14595579347397
0.29440076847503, 0.059876404427087006, -0.78792420504789, -0.09722173660679101, 0.0009873745699444, -0.15994787182264
0.29391481873433, 0.057052704275177, -0.834165246213, -0.10461389508859, 0.018906135333498, -0.16573134076984
0.27141995133259, 0.050713473652523, -0.78101079206979, -0.10865423795661, 0.019259323408472, -0.16712679504862
0.24355921925144, 0.050419022265864005, -0.66849411411476, -0.098797992257336, 0.045526833653173004, -0.17919586167305
0.27764394156463, 0.055768123959049, -0.76524726053045, -0.10206207466912, 0.039615812130509, -0.17494658096586
