the plane
0.0, 0.0, 0.0, 0.0, 0.0, 0.0
0.0034507962429893, -0.0049950622248054995, -0.042722214705057, 0.0087582754327291, 0.034340111115483005, -0.012048521861012
-0.065263941829657, -0.0097435584479081, 0.09448127746936301, -0.014100114687011, 0.057562327934229, -0.014788030577366001
-0.034222903625585, 0.0012513795362943, 0.11547380845465, -0.013047979188346001, 0.078205661205484, -0.0054478372131757
-0.028030643438022, 6.85027897876e-05, 0.082882450211138, -0.000153193225388, 0.052546419902152, -0.017500069174432
-0.048668388719053005, 0.000354503038774, 0.09545722365532201, -0.009766169475980399, 0.055007547980526005, -0.018589717561021003
-0.11622778182169, -0.014904388443486, 0.31451049939879, -0.021662277657115002, 0.083565339478814, -0.024171881796510003
-0.08570865025742501, -0.0091771401422016, 0.23102665040364, -0.011276188287789, 0.0025730373354594, -0.021312547383323003
-0.11875683249358, -0.0046515634752829, 0.26964206759142, -0.026913227620338, 0.009743579725376799, -0.028093275365294
-0.031418295279647006, 0.0031102457704947, 0.16763327094036, -0.01842944015582, -0.030997891980039, -0.022992962471095002
-0.016917140651985, 0.0030224041863078, 0.14071563356079, -0.029226345847902003, -0.044008122430790005, -0.022336497183491
-0.032331445793648, -0.011990489160465, 0.18107855104721, -0.042545981903973004, -0.041135542798787006, -0.028996864699562003
-0.06656399808546501, -0.018956130565246, 0.28780784660732, -0.053259387705094, -0.037739181975214, -0.019550875862766
-0.035757826070562, -0.021771363317159002, 0.18672329327781, -0.06319600927607101, -0.09046286926730901, -0.031477653773176004
-0.029271523757134002, -0.022240808358036, 0.15847333021842, -0.065677724168808, -0.07649953377469901, -0.026964308687667003
-0.026575798712071, -0.0096713105601167, 0.15286060551988, -0.070023768172484, -0.07032246673102201, -0.028257977439187003
-0.030493432201468003, -0.017031376447668, 0.12883579176088, -0.058332612599631004, -0.07328827147854801, -0.025966920166808002
-0.051403043965365006, -0.015603252713285002, 0.25377073782821, -0.063717488246639, -0.040399771896383004, -0.033106360684617
-0.035243101793963005, -0.022493685552312, 0.28992117092594, -0.060899622375745005, -0.092974659954178, -0.0352295387958
-0.14429900909349, -0.025383139471007003, 0.48933546408093, -0.08508732056665301, 0.033344397630866, -0.041376884154037
-0.039294729997497, -0.022222710735165, 0.29088916669896, -0.06609805340685901, -0.07684193367513101, -0.039611464936901
-0.029548471920179002, -0.021819784454655003, 0.27480518890992, -0.073876553526092, -0.063267978191108, -0.044902395648091
-0.027276098605712003, -0.0098465284661003, 0.16305087766054, -0.064807488147142, -0.08648046990941101, -0.043778151452088
-0.08848851797965401, -0.0055739424007757, 0.15747531494689, -0.06747594406447101, -0.045363837815873005, -0.047601309368809006
-0.15441539506093, -0.010468871735667, 0.23799433905357, -0.060505536476405004, 0.012513747358265001, -0.036187343253756006
-0.13314396361249, -0.0075337387202939, 0.21750444881437, -0.039696864344045006, -0.014578989078118, -0.036940940098502004
-0.078650752329617, 0.0058885880799148995, 0.039261652317615005, -0.029356610304892002, -0.0013321904711765, -0.031576343015016
-0.13909487373038, 0.0020793104374732, 0.17980318470315, -0.021762066469519, 0.027729217792191, -0.039788133905525006
-0.07358424971095501, -0.009438196894056, 0.1111928709923, -0.036528273685073005, 0.0097502429220502, -0.041622421141112004
-0.10948953475793, -0.0064289543408202, 0.13269655044373, -0.031570996672585006, 0.022581606299431, -0.041920264608346004
-0.077117462777987, -0.0080074642595445, 0.06487247622142, -0.035767932248919006, -0.008836885134017, -0.035531664460644
-0.040614322142673, 0.00013452289196859998, 0.015481126524456, -0.027441099726851003, -0.027666126544961003, -0.035096763059273
-0.034980417779013, -0.0030102574005354, 0.09800367918989901, -0.033921389713287, -0.0002940882239029, -0.024454131125575002
-0.09138505180936801, 0.0026720845260355, 0.07630285970730101, -0.018909081653238003, 0.05797902959596601, -0.013621945977692002
-0.048700101911865, -0.0046086239503777, 0.20309488106983, -0.040159572395368, 0.044558217754678005, -0.024111209276745003
-0.015886261143262, -0.003699750427157, 0.12771204926854, -0.04394352501016, 0.04514370665352101, -0.019182887757063
-0.043882728594313004, -0.0085711518099551, 0.18201426030191, -0.033199331188324, 0.018752998379949003, -0.01346456860142
-0.04962914885366, -0.0049509849136592995, 0.1944790638899, -0.031660933084528005, 0.0089009271263046, -0.012209785136188001
-0.1149607803648, -0.011453950524500002, 0.40046685672171, -0.046260128713886, 0.058810603880132005, -0.026464043978401002
-0.029615157760180002, -0.011415274886892, 0.2286396283409, -0.044819901417457, -0.012846522588816, -0.020703473287743003
-0.064315035700059, -0.018169987712867, 0.28164447938071, -0.045257100541597005, 0.0020922829800717998, -0.023068585801477002
-0.020086397860818003, -0.015072452996172, 0.19072842142378, -0.05736459264572501, -0.0051516844163563, -0.031070549416554002
-0.04907139473981301, -0.01894843904251, 0.21162382975431, -0.055568066897656004, -0.020579607768381, -0.024472674733448004
-0.041238568854195, -0.022944533722481, 0.24182318466478, -0.052917246875035004, -0.0065305820905836994, -0.019604032851745
-0.06415426382170901, -0.021394828508717, 0.32601186197988, -0.049669128463837, -0.013782005728008001, -0.017212887028253
-0.09063551975687201, -0.027031652273465, 0.35379850656831, -0.051985679872926, 0.024249714228446, -0.024281208817492003
-0.040329478434679, -0.018902714452252, 0.26220702395796, -0.056727703615595, -0.018966680674880002, -0.035662744905552005
-0.031114156626511003, -0.021056904481401, 0.2681362624005, -0.047418018112443006, -0.010026687940329002, -0.036950283185063
-0.041736794252776, -0.015798169813273002, 0.20280183569579, -0.046621218761278005, -0.021737764574201002, -0.032741635657398
-0.06762322334878601, -0.015902365153213003, 0.2722875598042, -0.056017927729938, -0.012672012419631002, -0.03314519242985
-0.082613582199832, -0.017234684009346, 0.32040496122555, -0.05541147942830801, 0.0023082608378037, -0.030500544843475003
-0.12368033039118, -0.023173396279887, 0.47926201746369, -0.07348524504039501, 0.013435483230042001, -0.034079118064337
-0.040103212413927, -0.01510224517793, 0.31068299892719, -0.05929202338003701, -0.036102226880355005, -0.042319241155875
-0.079832633522288, -0.017701309717026003, 0.29231821690691, -0.063360553534424, -0.040297346314386, -0.048036060102275006
-0.053815759850982005, -0.012133162928664001, 0.27685536996861, -0.066021221451661, -0.018921760394495002, -0.042373489382557
-0.059819154843617, -0.008395554450264, 0.30161801437731, -0.069014044382116, -0.013270108217504002, -0.045022251704309006
-0.069569384759329, -0.013314316580006001, 0.338271847464, -0.06396219385441601, -0.011742866211862001, -0.041328665366174
-0.067536811146439, -0.017072893267755, 0.37975885381594, -0.07006863834548001, -0.014246459674894001, -0.032895025455721004
-0.11812485588994, -0.021097886813193002, 0.52504782225469, -0.074256187801492, 0.029382017391420004, -0.05099966695774601
-0.055976694285631005, -0.015305554504783, 0.32766595036013, -0.059706174533790006, -0.030025992008413, -0.05293282025108301
-0.07697132506981201, -0.016337128095180002, 0.38147358847971, -0.0703509325735, -0.0085048072582933, -0.054620687658946
-0.064434446914278, -0.0092058459777425, 0.30436235957494, -0.060404789205731, -0.020958112982871, -0.049959031248967
-0.08683306098842301, -0.01044165988662, 0.34451607465674, -0.062177250227515, -0.018556984617897003, -0.044224872235918006
-0.091350057274289, -0.016531085324116002, 0.36760886297583, -0.063207699939545, -0.015020455960841, -0.037229872941087004
-0.10000874583473, -0.020734871067962003, 0.44685227271318, -0.071382099368579, -0.043625516367300006, -0.034330114374022
-0.10272426558496, -0.020350121388543002, 0.5157021296162, -0.08009035736172601, 0.030064745518237002, -0.031104715638046003
-0.062434569105028, -0.020311446494234, 0.36678818371782, -0.073022976872248, -0.024112810202191002, -0.043135519802695005
-0.064283686166043, -0.026979228045800004, 0.34659083724625, -0.06415587257954701, -0.022124977084553, -0.045416263470158
-0.09327037944194601, -0.027370681332922003, 0.37735208442835, -0.054864042047097, 0.056290527144990006, -0.047289424141968
-0.12753646447848, -0.030519812866297003, 0.39858343777478, -0.057259952744772004, 0.034937969546926004, -0.0424515438411
-0.071539433256772, -0.023762917060529003, 0.32964249947849, -0.065307359736159, 0.0071834740370702, -0.040698194318495
-0.048011459874349, -0.026055045994575, 0.33941407224439, -0.058140067903190006, -0.020366014647700003, -0.045966515147050004
-0.045191104957224004, -0.012812066334159001, 0.21979345111303, -0.05564393755086901, 0.038975337734281, -0.033497109114643
-0.11697016607454, -0.021666498134995, 0.34790361838399, -0.055710742103990005, 0.041583782474697004, -0.043693530318535005
-0.08455953658522901, -0.018887258543544002, 0.27060478045737, -0.05829378422456401, 0.06674269185440801, -0.041440578248577005
-0.13326633179101, -0.02203185010776, 0.32446900257459, -0.048170841778089, 0.08158254955192701, -0.046862110742512
-0.08908675203737401, -0.015869010277934, 0.22218267716977, -0.051943737631375005, 0.054872537812095, -0.026047384513882003
-0.056949947333127006, -0.01784930504383, 0.20087992159583, -0.042936596078972, 0.016587993786475002, -0.031595588179994
-0.0088095981590747, -0.015297841329485001, 0.23717521830466, -0.048305240983143004, 0.014399591742165001, -0.04845869372763
-0.041886662287491, -0.019065157787203, 0.25804769279627, -0.045015652042619, 0.045857017668744005, -0.046956039397007
-0.047123325800859005, -0.025507487641833002, 0.33440515061493, -0.060132973468023, 0.062995931329518, -0.056764478064273004
-0.059068121116291006, -0.040876275270201004, 0.27895057753079, -0.044540148675162004, 0.0045511245967228995, -0.057167772422831005
-0.061676950537238005, -0.047073530805039, 0.37676106858616, -0.06294354933962301, 0.021268966937092, -0.069115736073294
-0.09101872305147601, -0.056059522487789004, 0.37089857122841, -0.06839639016110301, -0.036740241614423005, -0.025621441896020003
-0.14128943167967, -0.069560649462165, 0.58815656035912, -0.07685152233749201, 0.07306597265643401, -0.06925664757155
-0.015774491665702002, -0.05323294610252, 0.39875664845141, -0.081944338705837, -0.017665857521859, -0.07537360884343401
-0.035091061129083, -0.042766360645973, 0.34706089089733, -0.07556026021610601, -0.0069550881807028, -0.05871664001264001
-0.011858064153484001, -0.02916810323252, 0.27102505182893, -0.073598699709779, -0.019733100854979, -0.06491379401602701
-0.028394558553905002, -0.033136727701224, 0.27805124512768, -0.075859030504661, -0.031665734064657, -0.06577069506548301
-0.029761132104445004, -0.045412455460811005, 0.36496119860316, -0.070233484291624, -0.024591783232854002, -0.07346112294375001
-0.06312842003497, -0.054486869215397006, 0.43868882925416, -0.075095033396186, -0.035393331067139, -0.063813768099735
-0.091258472017715, -0.049656507319912, 0.45012377083841, -0.08290120856440901, -0.0088536952234737, -0.069653812987746
-0.023188563625597, -0.046404982855002004, 0.35155092389633, -0.07911997356617001, -0.058457577618621005, -0.081149370855935
-0.041186404051505004, -0.10874073085107, 0.26296891661933, -0.13034571718384, -0.046918173611646005, -0.16784627295424
-0.10269834565175, -0.4163492196641, 0.33869150602042, -0.39916415998942, 0.1006757793582, -0.67420746895141
-0.29236160909584, -0.51732617646174, 0.18040786404652, -0.22002888643505, 0.04082024625351, -0.992062370945
-0.58920174173802, 0.068224168843333, 0.46852289963218, 0.60055861209016, -0.07726080827142101, -0.013265619156631001
-0.66112887555454, 0.49539765883487, 1.0586351966909064, 0.60979639724361, 0.08579129600379401, 1.0698250144223347
-0.47904889576726, 0.61057854092072, 0.84709608153661, 0.27200552393266, 0.071676629414856, 1.3995522001959193
-0.3828005394497, 0.61448254709862, 0.50649161897745, 0.038010629571697006, -0.0004318715976893, 1.3401508133059585
-0.31580139474437, 0.39328330642925, 0.13147777018671, -0.23529735408321, -0.033447521198322006, 0.70566526872203
-0.26102528225388, -0.31567366345096, -0.31551095050117, -0.64924102504574, -0.07133235729673401, -0.94115163776923
-0.51965254733776, -0.86075184904117, -0.12841484305906, -0.93250461882332, 0.024847592351133003, -2.252037051975825
-0.53147484972517, -1.1023071065987113, -0.53928834494548, -0.96667105545675, 0.026432786571796003, -2.6761649835672103
-0.30550932080971, -1.1836165328878434, -0.58776159493105, -0.92867232174245, 0.15733640970875, -2.719806386683082
-0.57149265764188, -0.92913917348914, -0.94219230774929, -0.75144094517206, 0.27833823082299, -2.0956682051296225
-1.1900158609649651, -0.4859619837749, -1.264617448417569, -0.350395932252, 0.49339916160416, -1.1566196547074146
-1.4419964053547227, 0.065455115475625, -1.619275701273801, 0.12246002345364, 0.5518539058919, -0.32765536430131
-1.7972749245850066, 0.72242511873519, -1.9117932290959472, 0.66631711112037, 0.55507715532513, 0.55743446242312
-2.0333567181282612, 0.9504788854802, -2.2473914757492217, 0.79349615815086, 0.4475532606298, 0.8774576115918999
-2.181796349131616, 1.0548726076824835, -2.764407516201299, 0.86126854613296, 0.44431622994375, 1.0225898006377132
-2.1747786087740675, 1.1097321369262338, -2.9468345832504674, 0.74566100790947, 0.28945538248901, 1.0228745628519111
-1.9198876001579457, 0.78824848374499, -2.273938372777485, 0.20058733362778, 0.035624851702598, 0.15268203124502
-2.1582279741353565, 0.37455122059929, -1.7902218675685986, -0.029496526748058003, -0.039121299687784, -0.66191790163704
-1.9455071531684098, 0.037530909543629004, -1.619535956424227, -0.24179042353355, -0.08624494300791201, -1.1648570136679006
-2.376920707249237, -0.09560984812901101, -1.4637637003823127, -0.23139594978826, -0.28801138829562, -1.5182348209361336
-2.6803583656015846, -0.098369878822032, -1.3300392239788852, -0.27186072187139, -0.33220029489656, -1.5365468949680516
-2.2402895960245126, -0.16872177334012, -1.1786336494400431, -0.32182980797947, -0.26699045606724, -1.5051660352378493
-2.0708895927560387, -0.24241908463195, -1.1335783483245159, -0.38685591105941, -0.21476008662666, -1.5052452627257962
-2.0924840497046526, -0.34337515040459, -1.2503476240303637, -0.39417418754577, -0.22459480980047, -1.5569383865594033
-1.9132952268651184, -0.36038029169875, -1.1357982235363688, -0.36828688189037, -0.2678042973538, -1.5083276320526662
-2.0853717672743537, -0.26673903874275, 0.25862285508372, -0.31067041033168, -0.21545449276504, -1.2629016428529956
-2.5305959460854717, -0.27202962465306, 1.6520728326719236, -0.41290395894055, 0.029585437450303002, -0.96093166057275
-2.1486030697274523, -0.27228970783974, 2.02059458348758, -0.41514543158276, -0.027548446831896, -0.7911312653875
-1.5825195038923665, -0.20743075350552, 1.6770313713434117, -0.34295224153632, -0.14764590239485, -0.69832323769362
-1.410758367031086, -0.095995757105098, 1.4617881071499137, -0.22075179784568, -0.18325676309876, -0.61287888379542
-1.5648721160686891, 0.18224681053304, 0.74751105581906, 0.11484263374953, -0.2171806457877, -0.26810646731923
-1.4227967568496387, 0.38525469487107, -0.11845722440594, 0.32793104768596, -0.063117124990162, -0.10377869245582
-1.9061963954297978, 0.59935641978495, -1.4782962055908224, 0.67079823952328, 0.75573435125319, 0.085047898194001
-2.888164401950257, 0.73738763088544, -2.4627823588850233, 0.85184041234407, 1.5621817605218893, 0.22020001457681
-3.493346123551694, 0.78288320109495, -3.193806005645424, 0.8789758383175, 1.4431911943294884, 0.17689931893261
-3.706358196083417, 0.79126435716244, -3.6461293608804906, 0.85970131974749, 1.2018058559539588, 0.14903899187436
-3.409206475963018, 0.754817593122, -3.6048442843504205, 0.80062126954885, 1.0130207225699486, 0.07701598729992801
-3.018745755697098, 0.6049768436722, -3.4984516457785904, 0.60980834751408, 0.44227956348849, -0.30217140184149
-2.866170028140348, -0.026794680435259004, -2.474755632839734, 0.074060146193739, -0.14311088361430999, -1.3381110112493622
-2.8956349485641804, -0.13072160287496, -1.0850925980317103, -0.052584136842287, -0.28053006463059, -1.251353330065864
-2.994486790209613, -0.17605498054044, 0.68514388288454, -0.21577911693594, -0.37143905473287, -1.020772866024549
-3.0587894424301636, -0.27241643736675, 2.043431145852793, -0.35424144129415, -0.48600060014755, -0.73921409774022
-2.281331748363954, -0.23392008691463, 1.5803013356114957, -0.37068029600525, -1.0124798399903896, -0.77612420034257
-1.8383274217015106, -0.23798821746936, 1.092399155951307, -0.3879886531049, -1.2522677752265563, -0.95500804804212
-1.6003899694676518, -0.25400135985185, 0.72512339628867, -0.39122702425902, -1.555955921053, -1.0232862200386585
-1.2354920726940484, -0.30196278507665, 0.46881021410678, -0.42485720727219, -1.6089766217895156, -1.0727841511095657
-1.2291684983185682, -0.33852523096389, 0.35635585207753, -0.42440363909552, -1.8051457891545635, -1.0848915476460574
-1.0433546292404892, -0.38363261210898, 0.15392040465325, -0.43328136875631, -1.9723658185241084, -1.0797336774161752
-1.043224688916452, -0.40845639243937, 0.27613501734266, -0.43638555254194, -1.9521795396446877, -1.096323909938707
-1.121846521841478, -0.39199848314092, 0.45725611414201, -0.4032498324469, -1.8485680963825502, -1.0942964437420026
-0.99641100503493, -0.37601028991464, 0.18724188521516, -0.40876347301264, -2.0142359080217727, -1.0909786263594403
-0.90401990054077, -0.35413189731024, 0.087076589161016, -0.38856510899867, -1.8709014370457728, -1.0823831833747226
-1.138175711462314, -0.46229227613755, 0.029527037851894002, -0.40078835536104, -1.9054794890885056, -1.29981260038837
-0.66277543587132, -0.66759631485362, 0.37419296303404, -0.35264458117452, -1.532128654343256, -1.8260399585264828
-0.77136671414019, -0.80792516302418, 0.16317405327323, -0.28023338951421, -1.26875165626452, -2.2215472997772046
-0.49980570948281, -0.98746539260113, 0.048284319006928006, -0.41642667029292, -1.211594450575999, -2.5011458932535446
-0.54877860480977, -1.0185064796282255, -0.051339643160774, -0.42107270203285, -1.2315869519408358, -2.48862096500063
-0.47140204670326, -1.0459525097495355, -0.004089290762993, -0.41561246894896, -1.2674028967879016, -2.4839931036690115
-0.52065009873409, -0.9923342110794799, -0.05847829191192801, -0.39038975572528, -1.279042641432406, -2.341223750658897
-0.73083469579614, -0.88866533605459, -0.041041658850297, -0.37339725022605, -1.2429845648233617, -2.1007410264293545
-0.82295345493038, -0.7741207431217, -0.40673716085213, -0.29770040490717, -1.313176353625841, -1.9608635809255985
-0.86032183955655, -0.64224860929845, -0.42046701281626, -0.22841148883061, -1.2984237344902223, -1.6018271334248513
-1.2201229253785508, -0.48659169146409, -0.67940445804403, -0.13002931347995, -1.209892397861985, -1.2585288295401227
-1.4270705817427007, -0.38244189218602, -1.1620797567525103, -0.050059288491453004, -1.069259467952865, -1.025867408871852
-1.1243920122272766, -0.33852187977998, -1.3182333129657215, -0.037931028083633, -0.97020343320695, -0.95494856779217
-1.198293595694897, -0.31445637631002, -1.4094858859055603, 0.0039784089586339996, -0.94535243474513, -0.89361884196583
-1.168755543735814, -0.31127768575259, -1.424595293348149, 0.010285429116197, -1.0072823639731552, -0.87693828766624
-1.0612325941501124, -0.29103951355495, -1.4978652671069435, -0.0068690681712336, -0.95696980147572, -0.85423606516818
-1.0156496657879075, -0.29580131996825, -1.2707239994208999, -0.042159730419545, -0.96955574641933, -0.84302693024064
-1.0101674402135572, -0.27838411325346, -1.3555887265009616, -0.048006179086962, -0.97685136566616, -0.83265565595102
-1.0422810085214205, -0.28106826956452, -1.352803172473411, -0.043875886060359005, -0.96855517108419, -0.84305517574041
-1.0684887126088265, -0.28252313854469, -1.3015581206162585, -0.04265832809437, -0.97532106173484, -0.86094326790576
-1.0651800432255274, -0.28634730132128, -1.169726295021582, -0.038764842665764, -0.95879373167161, -0.85825210438862
-1.133087990811453, -0.2802181267276, -1.0400534426159422, -0.049040838139835, -0.88278037220717, -0.88829308129874
-1.0811247986357606, -0.2854273604713, -1.0985529547220483, -0.045600929214042005, -0.90685234370311, -0.88039788851579
-1.1005492964985306, -0.28853233735664, -0.98798702675137, -0.061035213090164006, -0.8726841091488, -0.89109464781129
-1.1171172127743882, -0.28824170313532, -1.0131666194371947, -0.063728044613927, -0.87862146675366, -0.89191938624086
-1.1643171764674598, -0.2927523831087, -0.95540137006993, -0.059502752304246, -0.87524032260215, -0.88816216907962
-1.1629497285045194, -0.29670147894549, -0.88366430570329, -0.066351269201829, -0.89493794558137, -0.8896795528064
-1.2173714993157516, -0.3024080979962, -0.80417359611236, -0.06504437783625301, -0.83936827578747, -0.89274873656891
-1.2140635488995284, -0.29104326726161, -0.98254063918166, -0.057936517321661, -0.86513414450181, -0.89961842778574
-1.2177476750272649, -0.29928821733112, -0.84796817714629, -0.062419458870649, -0.8391952729993, -0.88889446120241
-1.2409113774180973, -0.30370570952501, -0.873369148557, -0.093342468688154, -0.80391397830892, -0.87751457926818
-1.2798914348562382, -0.30928523148666, -0.82612113688771, -0.090169801944708, -0.80671673541993, -0.86533246462801
-1.275282035808081, -0.30986547722895, -0.81090723836426, -0.093308572046901, -0.82852613743752, -0.86874039276434
-1.2606885914344128, -0.30361137312957, -0.83678892848909, -0.081833799753617, -0.87723736223044, -0.8758207672481
-1.3148596057188637, -0.29019261645871, -0.94100244790839, -0.074953168222186, -0.87136330357463, -0.88616982133804
-1.3011628700124023, -0.30277878338313, -0.82687682514463, -0.09132208386212601, -0.81632559578161, -0.87252749949529
-1.326858806899493, -0.30040674523106, -0.78807187043959, -0.10354567693068, -0.82478345085417, -0.89394480378933
-1.3186158917416115, -0.30972371545878, -0.77774276584207, -0.098366479042854, -0.80649251507187, -0.88447121840378
-1.3368729501114789, -0.30841374246908, -0.77680403885993, -0.093638510766404, -0.81733771855031, -0.8814797902984
-1.3506922105295716, -0.31242531552566, -0.77533675397374, -0.09479632010682501, -0.79398961645819, -0.87386670146546
-1.341044887572568, -0.31451263220478, -0.6952349611059, -0.09313689080284601, -0.82496830832928, -0.86429890926087
-1.3442473023148926, -0.3063427341066, -0.80346452652143, -0.08779163969862501, -0.79530661649053, -0.88210917101239
-1.3550729021675503, -0.31170926911361, -0.66620841418161, -0.09403382317342601, -0.77819476372778, -0.87118743384586
-1.3238809257430002, -0.30930058933589, -0.73394261144248, -0.09604199928574901, -0.78007184437624, -0.87694815950384
-1.339043957630401, -0.31158896714749, -0.70904482713588, -0.098922137581716, -0.76223204306809, -0.86967861067257
-1.3702730575963626, -0.31651983735824, -0.71149737259095, -0.10295902664284, -0.76575079490246, -0.86237556162842
-1.3640610627437093, -0.31048072145687, -0.69291016624178, -0.10495602247256, -0.76106810891695, -0.8633783089472
-1.357350078211954, -0.30986728752463, -0.68651361735641, -0.09818530420787101, -0.80670430265655, -0.85115559649796
-1.3372821996468813, -0.30781203772975, -0.66693119501413, -0.090007278785265, -0.75106613649867, -0.85635217629231
-1.376872678833391, -0.30612161152805, -0.64745523794034, -0.095378283932081, -0.72747450598909, -0.84004195829118
-1.3463022506085403, -0.31062920524215, -0.61193667329296, -0.10140455998145, -0.74042846839201, -0.85118704680752
-1.3768732400572847, -0.31182939857203, -0.64724161133699, -0.10162515329333, -0.70628315090713, -0.84209734205805
-1.3983460439123392, -0.30641745927453, -0.67007981569296, -0.09879985460008701, -0.7487509317826, -0.84374400226321
-1.3628128516879612, -0.31362571402814, -0.65356725014728, -0.09474638156109301, -0.76842304425073, -0.84223726542146
-1.3676215694121185, -0.3046673144863, -0.68221342244745, -0.093730797172467, -0.78328520586153, -0.83873888888287
-1.376831525574901, -0.3155900088632, -0.54700106870688, -0.09364932327122201, -0.73646554811469, -0.82693605286223
-1.3844390364324046, -0.29976926036248, -0.67386915526465, -0.09136489489513101, -0.71304703178357, -0.80809599452061
-1.3872900617303037, -0.29663213527532, -0.56379959919346, -0.08881211264508, -0.72348146467315, -0.81113166230608
-1.3927373543627242, -0.29829549495549, -0.65422626430523, -0.09663710110375001, -0.72258508167974, -0.81451564707612
-1.3978954427201447, -0.30101113620551, -0.59517632317563, -0.096837622009557, -0.71593764021366, -0.80681357016319
-1.3805620342954006, -0.30472773331, -0.62253948039119, -0.08358772001383001, -0.74428181334522, -0.80316912846268
-1.3916673609353598, -0.29923920668077, -0.69656325633241, -0.08418948383744701, -0.75459554792607, -0.79352267335614
-1.4217847404859425, -0.31248073420473, -0.51068436928901, -0.087094090790341, -0.74090016367853, -0.7879130796663
-1.386194377546725, -0.30011473504261, -0.60013256378137, -0.086388021764545, -0.76873851822743, -0.78635588595122
-1.4156767453669872, -0.29981136145822, -0.57490119046394, -0.09371970177232301, -0.74315950452015, -0.79741078047217
-1.3556386645829177, -0.30087169942175, -0.5769829259358, -0.08924018821344301, -0.73693469330011, -0.79355235170288
-1.3483051011671738, -0.30583402479849, -0.64490317478446, -0.09868933972500601, -0.75948773076828, -0.79031711226608
-1.3781261867473324, -0.29829972653204, -0.59610026234437, -0.09173912193611301, -0.75244878196246, -0.79054928435697
-1.3920611500425562, -0.30609239635307, -0.60072333023875, -0.10136612503744, -0.75504009723546, -0.78713514371743
-1.4352482944815876, -0.31635630553411, -0.43897783077373, -0.096329687444987, -0.7404501687899, -0.78017577721108
-1.3950132981510577, -0.31221002007838, -0.53730529471702, -0.092746481581345, -0.74820798624178, -0.78432084857851
-1.398161201483865, -0.30644475801204, -0.54242335885154, -0.10857794164069, -0.75835654609865, -0.77902654397053
-1.3738886962486754, -0.29890718601289, -0.62921478146667, -0.10170696518314, -0.74426695348425, -0.78226703448733
-1.3819166168343815, -0.30426674059406, -0.58199639587836, -0.10147804872328, -0.75032038368742, -0.77573738101285
-1.3858082384938173, -0.30489371183071, -0.56878890958798, -0.11119557893811, -0.75006940152318, -0.77422455662336
-1.3965227356166725, -0.30468030970448, -0.53458305998616, -0.10699784051748, -0.7424523445715, -0.77076569476909
-1.4122867493374456, -0.31959913044706, -0.34780110017395, -0.11079395276219, -0.71806869859674, -0.77887136795473
-1.3650552929831274, -0.30600946082089, -0.53237154900418, -0.12076717423996, -0.74167568948572, -0.77406173895112
-1.4142895231470998, -0.30569804730222, -0.50845662627889, -0.11831492524958, -0.73909704110499, -0.7747955755857
-1.3974576482404495, -0.30440855111082, -0.52052468845199, -0.11085747857487, -0.73832784601296, -0.77216531623462
-1.4051596123298289, -0.30937527725855, -0.53995077429236, -0.10752732178963, -0.73712052896375, -0.76810824479947
-1.4137243266352135, -0.30968404010619, -0.54830297282666, -0.108679831185, -0.74428463411328, -0.75407355547468
-1.445564516879404, -0.30596283797053, -0.64352548453433, -0.11699576392678, -0.73820876863542, -0.7519662491652
-1.4492837391336575, -0.30028597819332997, -0.51172449545437, -0.10568249612101, -0.74464135691763, -0.76104659947589
-1.4140940563578996, -0.29558152184948, -0.62567239898837, -0.09311421776301601, -0.72987556930234, -0.75225605707317
-1.4273142926151259, -0.30239202325866, -0.49452319951674, -0.10436585388387, -0.73529377887544, -0.76250597648718
-1.4056208182674268, -0.29757370272911, -0.5652747352593, -0.09092126159435601, -0.71768610455673, -0.75224726781364
-1.4494023354894312, -0.29179010441587, -0.61791279147739, -0.11325388752298, -0.69230800967549, -0.73623960040221
-1.5503068769208408, -0.30398936202297, -0.52424044577515, -0.11984517048918, -0.6142677179578, -0.70550651594471
-1.4286446082515214, -0.28569751474112, -0.65364216200505, -0.09524425974346201, -0.69828358095535, -0.72946073891072
-1.332254504567901, -0.26245318804019, -0.73108428078786, -0.06295089855069401, -0.77933106546904, -0.75970179050358
-1.3367073034759176, -0.26031925619295, -0.80621755551819, -0.07715505231318401, -0.72385453558155, -0.74572193815434
-1.3303662586100753, -0.26982916635851, -0.68908729633796, -0.078238805748191, -0.73790965045581, -0.74304409842698
-1.3463328589331875, -0.27293033494652, -0.71382270414857, -0.075253153272993, -0.68005743030476, -0.73309672655099
-1.4098313263509694, -0.27658548568777, -0.71553850166128, -0.08491381962248101, -0.67381156060277, -0.71886725488436
-1.3979768318268386, -0.2762245496488, -0.76509159222365, -0.079602033536532, -0.68055648386598, -0.71241729547034
-1.3840968400312768, -0.27215000875989, -0.76034233914529, -0.07346309597002, -0.69903142451054, -0.70956953642634
-1.3085913163453609, -0.25184780171465, -0.85534107888203, -0.07333836223187801, -0.70695702520295, -0.73835300463231
-1.3497536553625056, -0.26935312171301, -0.73877850368197, -0.07563771562284201, -0.6893748888184, -0.718316192691
-1.2954179857295025, -0.26312932858468, -0.80411346436939, -0.085656487213568, -0.70153630826414, -0.74826983263703
-1.3405655653696495, -0.27595936728219, -0.7997667481327, -0.081974402451837, -0.69789899155377, -0.74021007890137
-1.3438666163955553, -0.26928671754815, -0.75448201112507, -0.085456214883733, -0.69572387271184, -0.73847930949255
-1.336514487655619, -0.27493976726033, -0.70657413918991, -0.077497811004529, -0.72133824316909, -0.73874988249413
-1.3623809132444977, -0.27365656046697, -0.58814989303629, -0.08895347346118601, -0.65489639504232, -0.72926136969593
-1.314930483702998, -0.27251631117786, -0.72581754788841, -0.09129538016534601, -0.72805490115286, -0.73022447244701
-1.349033840570646, -0.26570868532451, -0.68352671992754, -0.094638463923379, -0.70931187852091, -0.72047858069436
-1.3502291037423284, -0.2697329230064, -0.76225449344367, -0.09334102922260201, -0.7148068656347, -0.71973802196265
-1.3628715871705368, -0.27228866074381, -0.71210654212061, -0.09675207843338701, -0.70999962484409, -0.71773026124316
-1.3651329966603685, -0.27022054210352, -0.67947320570276, -0.09514109137247101, -0.71647916037749, -0.71681181758042
-1.3909679931040921, -0.27364489691124, -0.51591269187919, -0.090633352184129, -0.67750435013397, -0.7092581322106
-1.3515955502523964, -0.27214541274771, -0.71522086926225, -0.11246665588279, -0.75177357686403, -0.71305041083629
-1.3671582617810452, -0.26870193611342, -0.61299507196675, -0.11570317263809, -0.72704515568154, -0.72015674312712
-1.3662175976259736, -0.27444146255815, -0.63345802106166, -0.11132553147632, -0.70714302602553, -0.71592037355733
-1.377789277338215, -0.28044991496407, -0.63637164388824, -0.11409749259323, -0.72326582699699, -0.71656711039585
-1.368255054021276, -0.28605857755301, -0.60046332106113, -0.11423779140992, -0.72227335279987, -0.7187837919587
-1.3549573839653903, -0.28865689443968, -0.54998045843513, -0.11838502327305, -0.72914562928685, -0.71432787980319
-1.402007628243195, -0.29576373283044, -0.38796731820294, -0.1201079063036, -0.64427094825298, -0.72489220385247
-1.3461402506851303, -0.29335689715037, -0.60229741955515, -0.11975502800416, -0.74366455322863, -0.71443507295284
-1.368799406570808, -0.28883344881869, -0.52570972372346, -0.12456736042733, -0.71698754892732, -0.73106235414263
-1.3688823161257984, -0.28908295586482, -0.6367366013748, -0.12293533498988, -0.72344106758198, -0.7265105235932799
-1.3647246852202821, -0.29567080569487, -0.5493775792393, -0.11798774622428, -0.71628704716219, -0.72397244738415
-1.3726156102409486, -0.29928639696309, -0.49963923926162, -0.11936895044492, -0.71045906504253, -0.7310792740281
-1.3836420831781084, -0.3025876913823, -0.47801374777279, -0.11570080246228, -0.71850754959734, -0.72196405909515
-1.4167299223193253, -0.30735506441696, -0.24172812174647, -0.12970522173804, -0.64356835353716, -0.72547662935179
-1.33928239782495, -0.29361701994761, -0.52736614729352, -0.1304008106628, -0.74800215824164, -0.70922227369992
-1.3728389414515876, -0.29107576506545, -0.52785630107078, -0.13742260587625, -0.73958606058756, -0.70834722845754
-1.3991248439021027, -0.30115106598029, -0.63962496345055, -0.14422519762408, -0.70651463740554, -0.69270276572564
-1.449763440677306, -0.30999037699233, -0.54048965508441, -0.15284904851799, -0.66009151348692, -0.68003482066271
-1.4488778422366944, -0.30465746482921, -0.66744000811575, -0.15823307561946, -0.6222773873511, -0.66094594866443
-1.4055159013654828, -0.27849259575131, -0.65512863739673, -0.13420985832402, -0.71868005954345, -0.68034494054284
-1.3274298587382833, -0.24924113027372, -0.9122593638446, -0.088998039314633, -0.78133563767571, -0.70153536021098
-1.3589168212015637, -0.24183009048577, -0.97394665921902, -0.10508611977791, -0.71551875984273, -0.68828615973487
-1.3756873445068247, -0.24531881780102, -0.8443989715633899, -0.1076246894293, -0.70311816258389, -0.69059735463726
-1.371811263238898, -0.24952123972669, -0.92030221775938, -0.10429661172343, -0.65850560169098, -0.69680951911086
-1.4076398178263028, -0.25361778043132, -0.8137924234149, -0.10311345462787, -0.63998068896855, -0.68388618993889
-1.356662814725238, -0.24702361886577, -0.91190753882338, -0.09256651777349001, -0.68715612084528, -0.68896596639334
-1.3269761440706536, -0.24588833842216, -0.96264972025335, -0.092909753771097, -0.72324765344203, -0.688531739324
-1.3310131026879688, -0.23516959611912, -1.0707665576901226, -0.083847172859853, -0.67837143760046, -0.68111316014919
-1.3668364073573016, -0.24758185338756, -0.86405345999868, -0.10359689013029, -0.63466806495851, -0.66305798833478
-1.3326993910765172, -0.24497106727531, -0.87861514844529, -0.11541119445734, -0.66528502975034, -0.69162352667617
-1.3570435543550121, -0.24494954806405, -0.91537014148303, -0.09683676049638501, -0.64536297346683, -0.68797886275651
-1.351308138927095, -0.25057043304936, -0.84666403542167, -0.094917873204256, -0.67273357901751, -0.69049867844451
-1.342320836754926, -0.25737744794189, -0.79650354262757, -0.09465500773556, -0.68251548650933, -0.68803789871204
-1.3705132952614654, -0.2500384799597, -0.86754528176409, -0.1022897123145, -0.66801428476726, -0.68859559221824
-1.3681562427056813, -0.25612187336205, -0.83446950218139, -0.10051863851367, -0.64722824918981, -0.6789302806258
-1.3844175158352379, -0.25047909821951, -0.83189720747938, -0.10955571146373, -0.64495377407349, -0.68263195653413
-1.4117477062619352, -0.25075189251636, -0.81347251776739, -0.10077057037247, -0.61788866862243, -0.67587481626707
-1.3724978338482146, -0.26668385583488, -0.75152938924239, -0.098401457009213, -0.65040658332275, -0.69367032635899
-1.3608360120467782, -0.27531914936443, -0.68036977622472, -0.11044227411595, -0.66708584993725, -0.68703446556392
-1.402932805246466, -0.26519034081554, -0.72065477629246, -0.11450557201159, -0.6563708590175, -0.70651535050321
-1.3827090319982223, -0.26492970753767, -0.79975466195243, -0.10051647710632, -0.65076034885361, -0.67273121638596
-1.3883531875677289, -0.26805306550794, -0.74254848555898, -0.11766943858586, -0.65805660881165, -0.69529671838291
-1.3995583167432786, -0.26634999437539, -0.78003101145853, -0.10966506893668, -0.6506218481972, -0.68125847666024
-1.3965780341969616, -0.26714360689049, -0.76404341498356, -0.11941542834349, -0.64977283283074, -0.6990788802955
-1.402770825565497, -0.27516692645835, -0.67255130903253, -0.11743302564419, -0.64228888210451, -0.69699556552646
-1.399244743421539, -0.28096816404203, -0.64514807810957, -0.1170705492093, -0.67393165518233, -0.68550476796255
-1.4112783257467079, -0.26877256342779, -0.74921033360241, -0.12154387727008, -0.67446659582649, -0.70226964365588
-1.4048301949163642, -0.27280970788931, -0.61913240922324, -0.12006519637768, -0.63064438830296, -0.68894450621125
-1.3677640889089426, -0.27700575533367, -0.65419466995799, -0.12553623537661, -0.66125666786158, -0.70349695552763
-1.4108982159574042, -0.28058070563123, -0.63190199358491, -0.12709954961544, -0.6353836698917, -0.70510004618633
-1.3980692449360606, -0.28640374058667, -0.63299246349071, -0.13001634324685, -0.66050129308687, -0.68364815179087
-1.4035354914493738, -0.28855147348239, -0.69069684065575, -0.13178005518374, -0.68014594669508, -0.69859845837786
-1.4107847166865477, -0.29190717061041, -0.53925069412622, -0.12941800525757, -0.65919406663744, -0.69455780888403
-1.3984077693950996, -0.28550915989891, -0.49997626925505, -0.13051843808691, -0.65665038819627, -0.70264467611609
-1.3982169573435739, -0.2876115211065, -0.62242350412941, -0.12651106371681, -0.66719049727935, -0.69098303133096
-1.3868315348216633, -0.27599099289445, -0.59717437925147, -0.13127668446138, -0.65766109843558, -0.68655400782852
-1.3599743053835285, -0.2777330618831, -0.63080063371031, -0.14562288865655, -0.67806054697469, -0.68279762395974
-1.372502625603556, -0.27914148056956, -0.5247357773098, -0.13909161262726, -0.66287547159, -0.69723178691567
-1.3947112023800425, -0.28542894456358, -0.43354989519831, -0.13980527563915, -0.63926768966704, -0.69732767510058
-1.3883036267974782, -0.30377862589302, -0.50016733992225, -0.15724569501597, -0.68205792628863, -0.67941275732012
-1.4052539474278365, -0.30829198290474, -0.41199866094129, -0.15502326753806, -0.61197043682587, -0.68278859765178
-1.3751939032140175, -0.3115559558452, -0.60353757167923, -0.15983167097663, -0.64869623810475, -0.66119706935782
-1.4076254847076397, -0.29591962143847, -0.59727610762097, -0.15847268193931, -0.64126537081825, -0.65709265003054
-1.5159670096096853, -0.29111510285638, -0.55830800296252, -0.15817070856736, -0.53841061290313, -0.66848351530276
-1.4616305149621192, -0.28263168356955, -0.51087172153353, -0.14011981188711, -0.62960236166033, -0.68383573602984
-1.3375281735102686, -0.266759436796, -0.79123542998656, -0.1428784319125, -0.7437088626208, -0.69097562366003
-1.3812464592525364, -0.26047409323153, -0.90904957980347, -0.13754023214782, -0.70917512995664, -0.69162040522284
-1.3824177712507844, -0.25347240329073, -0.72189481986665, -0.13126887874999, -0.69043444032503, -0.69749205667039
-1.5046369497492125, -0.24116451983799, -0.81417549610928, -0.11716628296177, -0.56792880779735, -0.67714241267469
-1.4835197522735246, -0.24391491447808, -0.68144374581929, -0.11404506595713, -0.57128696353237, -0.69097683669558
-1.477453312205022, -0.24880053800618, -0.84333479784684, -0.11997322520854, -0.55924069470489, -0.68029279663844
-1.3802670761179967, -0.24759130432873, -0.96925861762598, -0.11356762381359, -0.68072681554169, -0.69522521356029
-1.3240052588442612, -0.24502874072367, -1.0694438353459563, -0.12794255266607, -0.74261825191254, -0.70307299192082
-1.3038972001458455, -0.25246569948111, -0.99370049417058, -0.11514853220489, -0.75541589949218, -0.6981466502871
-1.2893236611138286, -0.24802575670461, -0.95244979149048, -0.12964725678995, -0.7161579978647999, -0.70939554722708
-1.37523103715511, -0.27326185885779, -0.54392504567906, -0.12822030504236, -0.59810612631314, -0.7083565623027
-1.3695745754983555, -0.253588577562, -0.43910647016009, -0.13155752685834, -0.61202882269536, -0.70106432545476
-1.328459164308304, -0.25649144893404, -0.61100591935871, -0.14438169066697, -0.67541403368457, -0.705499169916
-1.2686861609936095, -0.25011279747755, -0.95541192280605, -0.15385943147286, -0.78653039071593, -0.70136277984522
-1.3756883212957773, -0.27846689050387, -0.33886010661624, -0.15459782436402, -0.63043050033062, -0.70779316200281
-1.388441404525714, -0.26514587382381, -0.23090796232057, -0.16429262525057, -0.60376858925831, -0.68989057013195
-1.3124168666172413, -0.26357505342323, -0.46469112641589, -0.16561879638107, -0.75762257426026, -0.71549116265923
-1.287512322506818, -0.25268818055078, -0.73043939283713, -0.19215695201012, -0.80770102834084, -0.70848334076521
-1.3129369881579562, -0.25705950226555, -0.68634212776996, -0.19540994095925, -0.71323767477566, -0.68165087270651
-1.393987975064016, -0.27160986494809, -0.58200763644392, -0.19598190228452, -0.72834349873139, -0.63308024949534
-1.3282585592348017, -0.25357441495644, -0.55217210460704, -0.15619691205067, -0.77436559488084, -0.65808996495025
-1.2794614658213244, -0.26742624555645, -0.45314179524107, -0.17380655080781, -0.74902342404836, -0.65493411180093
-1.2812166614182354, -0.27386146487902, -0.80001556341305, -0.18857886389035, -0.8342080612281, -0.65424022376643
-1.293172703059229, -0.28372537784378, -0.42301952030671, -0.18264207859301, -0.85610421873482, -0.66232385038495
-1.4144427209083925, -0.26895563272538, -0.37571596844101, -0.19040636388312, -0.71918747437782, -0.65470152699359
-1.3076797754655551, -0.27586601789925, -0.49666272733078, -0.19268867392001, -0.77794518379817, -0.65840962420787
-1.3720580349218818, -0.28807265597845, -0.62906855914898, -0.21390941270401, -0.81082368952694, -0.63998203679716
-1.351249830261964, -0.27704404522458, -0.51424433241759, -0.17531528444402, -0.78920923829525, -0.65802012276715
-1.5441913031398977, -0.24581330314496, -0.96992073676288, -0.16729398194139, -0.75723339574993, -0.62169859235038
-1.4294500874568075, -0.26625085806177, -0.58670127904253, -0.13293520132919, -0.77461181721238, -0.67189424570402
-1.3404982553905036, -0.22828841041544, -1.273949152314091, -0.1372152885999, -0.83022149684588, -0.66230622574012
-1.4679360374455723, -0.20929593304857, -1.357793216441804, -0.11089004534904, -0.80837598330905, -0.62366586997952
-1.2948233345783697, -0.20828411975063, -1.4041675281589967, -0.12036467990171, -0.87888324959794, -0.62060369748006
-1.2730777520052885, -0.21176371995653, -1.3509931002571336, -0.11209226818713, -0.85825021073222, -0.62344101968321
-1.2711988111286954, -0.19661239290764, -1.5062791652341887, -0.1129836948572, -0.86800260334247, -0.60529619875916
-1.3530839282256997, -0.2126548842994, -1.263366769264119, -0.10398740772466, -0.84241756077036, -0.61902521850887
-1.2911828666913752, -0.21052667634439, -1.3833105423033978, -0.079893153892492, -0.80084203144454, -0.6384758841094
-1.3413935132393504, -0.21504762306298, -1.3598188291410835, -0.1046020329029, -0.79265319876024, -0.61790511157514
-1.3310925737020018, -0.21497355946956, -1.3838918641927345, -0.092718456071624, -0.79827525984534, -0.60808932076874
-1.2974138066422989, -0.22294856474732, -1.2422890796839101, -0.07699629347905501, -0.86642305254556, -0.60869530035079
-1.2358781748958612, -0.20729063678862, -1.256497240655873, -0.094932562253286, -0.7721110063427999, -0.60558234882583
-1.2502277434281162, -0.20128276610915, -1.1551563145333468, -0.11292085899756, -0.76624422274818, -0.61074361887154
-1.2924600677444988, -0.21476165759236, -0.96916124148097, -0.11153062851168, -0.7044626407314, -0.61502231664527
-1.2483445080027447, -0.22246012873611, -0.97711890102954, -0.11173270865688, -0.74367840242085, -0.62023676920128
-1.2553551336578592, -0.21691529073673, -0.96941497996695, -0.12028659089103, -0.76042435645691, -0.62457995363829
-1.2830286913359303, -0.24129781465824, -0.83976817948214, -0.11485632065604, -0.72735207492495, -0.58987183254309
-1.2691438511848616, -0.23363947277229, -0.85577663490607, -0.12205562372816, -0.75601409939861, -0.6095494421476
-1.2227812044264972, -0.23214909133354, -0.91751778606648, -0.13018320323035, -0.78382891985755, -0.61452276628319
-1.2722904349625166, -0.21785957014749, -0.89325102807638, -0.1335676746646, -0.73323015553303, -0.61366278760449
-1.1973626277752942, -0.23983792179772, -0.9562458622169699, -0.14891644569067, -0.83016804212395, -0.59590817862589
-1.2466123898598813, -0.25765066536189, -0.85989320828007, -0.14708177689943, -0.74681044638465, -0.59900031747013
-1.2243032257320294, -0.28303786513837, -0.7267544625075, -0.16627692282217, -0.77111224025524, -0.53376649025748
-1.2898668350841551, -0.28962904943749, -0.60977885364091, -0.16298868800621, -0.75676030918161, -0.56925137233676
-1.064236237779351, -0.29012326843196, -0.36072919884976, -0.20732332986928, -0.76615026715329, -0.52013920652378
-1.004489360416739, -0.26638296839495, 0.22902502222551, -0.3088909233327, -0.58732094837396, -0.40942645214104
-0.91668880779646, -0.30207399862717, 0.18664040595365, -0.25989832240828, -0.60608829741925, -0.43002306715335
-0.91671291682645, -0.2778819181188, -0.019353868607297, -0.25482540595114, -0.66096968552049, -0.43907681540589
-0.98665009937171, -0.26261457971855, -0.27321050552421, -0.19673704867787, -0.77522908394155, -0.46965236736664
-1.0433000709969444, -0.2464275142864, -0.41481648499526, -0.1491211735816, -0.69246773274931, -0.45800010804485
-1.296049229410987, -0.26056304542773, -0.76540767657922, -0.17028947559374, -0.69313378982563, -0.4444505292686
-1.0923853304401396, -0.2076968601475, -1.0520374784578217, -0.09369020730388401, -0.78099192455404, -0.44799212116891
-1.1882672813294475, -0.18886538308446, -1.1432204249910478, -0.06610221689482901, -0.71458037866569, -0.42665943378156
-1.1136408723002158, -0.17263643735179, -1.301509399282552, -0.06351508119110301, -0.72819717896712, -0.45587544733918
-1.1624396001430668, -0.16797346156857, -1.3146909150399537, -0.057238233916763005, -0.77411705524939, -0.45376970898515
-1.0819449910117664, -0.1730089470126, -1.2747978978491659, -0.043323780772772005, -0.79293553068634, -0.47471126759515
-1.093522138976571, -0.17804828765932, -1.3824621551421836, -0.031708640896332005, -0.72395396246476, -0.45653542888767
-1.10901596586209, -0.18735095933296, -1.1801531874054607, -0.055772182004672, -0.71213473283742, -0.4744105380924
-1.0828723540711092, -0.19150771397774, -1.2890176462856062, -0.038667716143701, -0.67467984001418, -0.46446896646286
-1.090822287221238, -0.19878089482667, -1.141443440011452, -0.06473085327299101, -0.71562316830852, -0.47933405141726
-1.053217486339849, -0.19771871589762, -1.2387769191117557, -0.063698216452646, -0.74656417230595, -0.46337200052931
-1.0759423026387522, -0.20799768804659, -0.84441264029018, -0.061112489730570006, -0.63591289351, -0.47372435563086
-1.0279471158000746, -0.18888989168109, -0.91825734845416, -0.063734994002166, -0.66302047284098, -0.47422145466678
-1.1314350886303577, -0.1934231801767, -0.69692719643929, -0.08178193087652201, -0.58436960366463, -0.48408592958105
-1.064075319939712, -0.17948657291035, -0.67797640434608, -0.078639055080349, -0.63403938225197, -0.48386919799223
-1.0385739874304354, -0.18423407173739, -0.83111891819272, -0.087803222612, -0.69473563019608, -0.47443557157965
-1.0091940029201925, -0.18760446197711, -0.85215775169942, -0.10726235208214, -0.73622242864121, -0.480860133487
-0.88625875300978, -0.22842995982, -0.25670760904057, -0.12076814041033, -0.50857807021242, -0.4728763163991
-0.87565119675877, -0.24975853652884, -0.23118943270461, -0.14797771502907, -0.40941425792594, -0.46906171362275
-0.75300252927293, -0.25610341704795, 0.013205493801976002, -0.15788257578522, -0.40910836945327, -0.44322400916599
-0.77427827197902, -0.2226680149058, -0.10078253602166, -0.1457891753662, -0.17897109899726, -0.33476630923236
-1.199934443056244, -0.15398588113714, -1.0927157749293217, 0.09241638932439501, 0.57832787603322, -0.07980507418636801
-1.224318582749506, -0.017707118319395, -1.8153861560560687, 0.31678322201493, 0.830612668164, -0.0069221015766282
-1.3092644329944816, 0.021930525799194002, -2.3342525943454135, 0.34616238977317, 0.43976170445368, -0.048450067594051
-1.0071576283784884, -0.0031776329116445998, -2.380929677675603, 0.29147493311859, 0.23557473893814, -0.088470824243548
-0.94235509232467, 0.06794950729662101, -2.865721807023493, 0.31978131306492, 0.18346123886053, -0.12618430004326
-1.5620641336548688, 0.09536162360225901, -3.4014519173012996, 0.38843575580791, 0.32089331824261, -0.13052708370147
-1.2042866447190916, 0.094415086671328, -3.4212886016343793, 0.36984673057319, 0.184186069889, -0.046930886003888006
-0.89993310055776, 0.07729134677943601, -3.184079715287291, 0.3081102443795, 0.06521974234649901, -0.10085889349845
-0.81399512992031, 0.086771125493835, -3.3321371001924693, 0.28191212707384, -0.12607202159772, -0.15093501865409
-0.89601115320833, 0.035641100376696, -2.480241185364563, 0.22796124628701, -0.09285212482563701, -0.21528634689981
-0.9728758138726, 0.078829234243175, -3.097082687910121, 0.23862829552917, 0.033708813154762006, -0.1886130501337
-0.94987575884923, 0.052028547089918005, -3.009378426331671, 0.20604400863347, -0.07713996574840801, -0.17927411724284
-0.85462466129602, 0.068500910910146, -3.2944674214092204, 0.20838785108359, -0.13165674661871, -0.19148163413705
-0.90851219890563, 0.058244025442749, -3.128430701065091, 0.20823870787515, -0.12908437781223, -0.18873217496921
-0.85015522173277, 0.062838637239432, -3.2481563015418575, 0.17771724435178, -0.18037458428062, -0.16514659770952
-0.91650238875777, 0.068424724988626, -3.1117008072090573, 0.19823834591079, -0.15670051844035, -0.15667587321138
-0.99038654526064, 0.12030095700473, -3.223355779749521, 0.21955063275209, -0.17038937200927, -0.21965739464073
-1.0263050288486228, 0.11152065281389, -3.123009642885826, 0.21337382455024, -0.15473934793547, -0.23209255003446
-0.92140793364838, 0.10623991305454, -3.354408509845727, 0.22092247489373, -0.2054676051547, -0.2060485176516
-0.92615436457066, 0.094334401081613, -3.1820123725530776, 0.22875191715964, -0.18406554597202, -0.1966462459503
-0.94457474078998, 0.09063030259457201, -3.04863869643667, 0.21090039223473, -0.16656470005677, -0.1926623114805
-1.0577483864258237, 0.073838817341508, -2.66331128536848, 0.21137571878212, -0.032058770415678, -0.20301750102581
-0.95453779212079, 0.075086813918882, -2.8661283186062225, 0.19937416988559, -0.15789345059548, -0.20201930697137999
-0.95714236643804, 0.07142565532377701, -2.811472250558853, 0.18369317725781, -0.16845510725138, -0.21958342417808
-0.91151899096168, 0.069759554848521, -2.9040242154063938, 0.16605560727111, -0.21046112721459, -0.21498404919066
-0.8821928403827, 0.067774198148028, -2.9893647231016915, 0.15627522041262, -0.24766582831588, -0.21388050334972
-0.89601224191744, 0.06090016961512801, -2.9881995713522027, 0.15350442308437, -0.26401159113453, -0.21337871375848
-0.96232018980295, 0.048119433298518005, -2.7238854912170307, 0.15085511617117, -0.16849984309632, -0.23055281380718
-0.88048160737787, 0.055126406219695, -2.947048880606597, 0.16047167222431, -0.27039376916639, -0.21948483311473
-0.91039936353704, 0.05424557612749201, -2.9203750939141333, 0.15336049837915, -0.23833565945928, -0.21953399539227
-0.93109354560798, 0.049741100543423004, -2.944766825901894, 0.14633803644312, -0.23704529121363999, -0.20621581003092
-0.95445528354318, 0.044043898742329, -2.891983249530486, 0.14151695724119, -0.24624318959675, -0.19290314828017
-0.96966413066702, 0.04405428301806601, -2.8240285287940763, 0.14000754242673, -0.2408114614193, -0.20002766936051
-1.0240690084900774, 0.032538426723941, -2.6301687859317884, 0.13862951768638, -0.19623430491235, -0.2069294597828
-0.94241710141239, 0.038609538508548, -2.8195370151812527, 0.1382701466195, -0.27643905929957, -0.20832014293539
-0.96210293453683, 0.038778878792088, -2.7939841366261864, 0.13083502520285, -0.24175581002096, -0.1982926098274
-0.96580704889099, 0.04318657499718501, -2.8184602124015496, 0.13515075297171, -0.23904938149046, -0.21241530633463
-0.97584757018977, 0.037518519193920005, -2.826148118955283, 0.13245192460339, -0.24496172197575, -0.19756014603651
-0.98330454232181, 0.038160307467104006, -2.791644325775198, 0.12271416096247, -0.25831286711144, -0.20271709789062
-0.99907323450221, 0.033809941916967005, -2.7722590161207545, 0.13321087768143, -0.289360419351, -0.19457668892498
-1.030466243543552, 0.044376940858601006, -2.798437267392526, 0.13000911542614, -0.24144374554033, -0.20324871776377
-1.0146633489837702, 0.032411451034696004, -2.755152611875106, 0.12207355442838, -0.20742968863146, -0.19977256262481
-1.022829755721755, 0.041184881946410005, -2.7329188599909027, 0.11763253434854, -0.1951492819715, -0.20049851461676
-1.0192653113703107, 0.038909228469128004, -2.763126176180512, 0.13032484205742, -0.20176316055123, -0.19899727688761
-1.0291212992895034, 0.036721788435945, -2.7524102299960744, 0.12641594364423, -0.21259798047786, -0.19273878352686
-1.043211439216444, 0.044167158598128003, -2.75233517230678, 0.13705607963259, -0.2148695775505, -0.200353618775
-1.0977852743477596, 0.029607173244097004, -2.5862233073982663, 0.14572510492132, -0.16353100826704, -0.17091928973242
-1.0595453098991316, 0.031577932183623, -2.7831474479505056, 0.15148256449604, -0.21207828848466, -0.1812087879998
-1.0705997657034123, 0.027121816335043004, -2.6330018030062083, 0.12939484761545, -0.18168281197968, -0.1875557263525
-1.0451658187973105, 0.029408894150948002, -2.6971659317352747, 0.13405902137303, -0.18391319093463, -0.19019048923821
-1.0671188323435816, 0.020823679789362, -2.676279086925777, 0.13535262608784, -0.18883082077818, -0.19246745041942
-1.0647999192711521, 0.024289484849294003, -2.643002095405027, 0.13900167270632, -0.21986502090869, -0.1860043537958
-1.0743071272520563, 0.020188192313542002, -2.6716784552361177, 0.13365011698797, -0.22907857939072, -0.17836341821347
-1.1065283021818164, 0.011970445620573, -2.4651006241484223, 0.1258604039637, -0.15098500447657, -0.18448229440395
-1.0508444525370964, 0.022226731237077003, -2.681882990153768, 0.12860633943223, -0.1941303753541, -0.18858102089194
-1.0783196642965938, 0.026091865685795003, -2.5660243990780627, 0.11940055558894, -0.18044646470359, -0.18365646872078
-1.0470316512515034, 0.022443250529692003, -2.65764023748275, 0.11953397283916, -0.17503415721267, -0.18485476600707
-1.0938930493236758, 0.023225011351877003, -2.6430009991621866, 0.12974201988884, -0.175886142374, -0.13618836930482
-1.1040167974415538, 0.019763332416192003, -2.648751034675747, 0.12158037613151, -0.20947590088564, -0.15870503244192
-1.0803667824910113, 0.009722677832400899, -2.6090528172456446, 0.13033715794103, -0.21820585158356, -0.17526605231125
-1.1471801870610865, 0.014517182163318001, -2.546737362881328, 0.10838996764516, -0.20571566057114, -0.13770117020858
-1.121012181411175, 0.011189790541334002, -2.6165052430439224, 0.11932861965005, -0.20358570968109, -0.16229454020263
-1.1066655909237544, 0.016661716285671, -2.5725972567050643, 0.11143700469506, -0.18892078958984, -0.16484466406978
-1.1131940464606476, 0.011084373619261002, -2.637564262346686, 0.1235228716568, -0.18535670220085, -0.16690803172266
-1.11293566725627, 0.018079992545259, -2.650493278915906, 0.10724295848413, -0.19880492371572, -0.15712020937678
-1.1012959455611484, 0.018955884755813, -2.686541984426047, 0.11296100732329, -0.20339243386247, -0.15661217720889
-1.0957590112901172, 0.02118050639446, -2.657124013909615, 0.12097777430998, -0.20575290716781, -0.14106780385551
-1.0930192929590539, 0.028564907193139002, -2.6287734096614783, 0.12743288585393, -0.17352682046834, -0.16111508326749
-1.0886021131457015, 0.012140926241113001, -2.6067285842353143, 0.11115711533828, -0.17113969878245, -0.14898922916775
-1.0798078258774926, 0.029259362688505004, -2.569391456554861, 0.12185303311575, -0.17556126749969, -0.16305329905744
-1.0807700214134828, 0.019186509091463, -2.671388152830621, 0.11947177501097, -0.16674507800711, -0.15979627204745
-1.1021203543704372, 0.01318761815655, -2.672034250354718, 0.12528681609608, -0.16757047447434, -0.15323157899764
-1.0579724615223944, 0.014635816982787, -2.625638228521379, 0.1284351395084, -0.18523980545067, -0.15451737418617
-1.078560888829181, 0.022413579305462002, -2.5055193769318813, 0.11747226165417, -0.12174486561043, -0.15821093911877
-1.0486913585574458, 0.014224661037368, -2.6184895820195013, 0.11216357717448, -0.17282638561861, -0.15057108982117
-1.0806337577995828, 0.019095300778613003, -2.5958938752394416, 0.10247497052086, -0.13725531829929, -0.15410348666797
-1.0651791816233311, 0.024646133488082003, -2.6402676575956443, 0.09522089183827401, -0.16653231317312, -0.14736313315156
-1.089683583224344, 0.022890062780494002, -2.6039582994559236, 0.10106821057458, -0.1889634663217, -0.13532444328608
-1.0846818124749658, 0.020181272574411, -2.58026933912186, 0.09434046930207701, -0.19976246284382, -0.14397865973677
-1.1290612440393295, 0.012681587738011, -2.4238863200107024, 0.09932820550694, -0.11711200412936, -0.15732801983435
-1.0577661957217035, 0.015162451465827, -2.659743838613307, 0.091457747328079, -0.23465031966174, -0.15005170169257
-1.0604089858696164, 0.014432350764142001, -2.531149325416102, 0.084865740226833, -0.15856828374896, -0.15157723616775
-1.0623355638098722, 0.017250817141264002, -2.6468266256130244, 0.08613035720149201, -0.17952943737781, -0.15903861025928
-1.092240607204542, 0.016392681756009, -2.6132997906218405, 0.08430348787687501, -0.17810999582335, -0.1600839293057
-1.0799435100099597, 0.009971668976351, -2.5711294439242147, 0.088725696174412, -0.17026181984246, -0.15873256055504
-1.0844324858735777, 0.0052760280246428, -2.520275601070969, 0.09584614520866201, -0.18078803989507, -0.15423261172667
-1.13297476936655, 0.0051802331108497, -2.557793633339811, 0.083853715036136, -0.2012787933122, -0.12022171437355
-1.1277143118316844, 0.0051819396152152, -2.56748722751146, 0.078735103902851, -0.21849828891537, -0.12083980892285
-1.1203233434000552, 0.011433602624220001, -2.579679917791635, 0.074812740175261, -0.18393111857914, -0.12623214262017
-1.1033345003801263, 0.008638435133953, -2.6027586221975114, 0.082848788741261, -0.19396201108975, -0.14000462663259
-1.1142578112477166, 0.0073872079029887, -2.598328812936834, 0.08067537755472301, -0.21556560703048, -0.1453536093178
-1.101700665300812, 0.0091831136770607, -2.60796908414188, 0.082157247457287, -0.22461572021342, -0.13233702577968
-1.162294598201055, -0.0075955861898401, -2.3983320162376818, 0.06898691726063301, -0.14119507125242, -0.14547864133662
-1.1086326956717227, 0.018141062208673002, -2.6168021580604295, 0.11116917882075, -0.21539841791335, -0.15899159077786
-1.1464872446842875, 0.0018150555489138999, -2.4941926123215845, 0.09755978533269401, -0.18339178694951, -0.13991270742358
-1.0951178058276043, 0.014550583512166001, -2.564107152510802, 0.10213623514108, -0.19710513369798, -0.13991105691436
-1.1115528735958564, 0.015553155175272, -2.5587482339221217, 0.10020765073388, -0.21660156160971, -0.14086876063541
-1.1052725746889904, 0.0097555136935492, -2.556288654073964, 0.10435444057127, -0.20906696818112, -0.15541564494065
-1.1097924230401846, 0.0031648759383678, -2.5150253889271514, 0.08995144864213901, -0.22692761198916, -0.12786152530433
-1.1709023527028863, -0.0016281470846447, -2.354954577510338, 0.08730025185164701, -0.15201327833094, -0.13856373323898
-1.1008802847553256, 0.0028200414194011, -2.535940825024006, 0.090832599309143, -0.22210541278004, -0.14772097593527
-1.0834827947429297, 0.0074121389591685, -2.513619796900384, 0.09113178547558501, -0.19435639665615, -0.1482617167521
-1.0864453353271049, 0.0047664697072916, -2.616193642145634, 0.09489167776623601, -0.21958560325948, -0.15400363066885
-1.1039924673175667, 0.004575595203886, -2.5849071513568607, 0.09728224652110201, -0.21486985464664, -0.15817649542049
-1.0932804251076087, 0.0006712249228128, -2.574956262329878, 0.09987595386913901, -0.22135593432202, -0.15045874990319
-1.1167889330811367, -0.0070714383076677, -2.5539131685348564, 0.10483630985711, -0.23424010029522999, -0.14002133467375
-1.1411720245940478, 0.0039141653130594, -2.5549642875487324, 0.10282693321991, -0.17884509319798, -0.16107098397092
-1.1201087776609517, -8.79251751968e-05, -2.5412665887540498, 0.10858631165952, -0.16310761157761, -0.15353952903435
-1.1077942360857664, 0.0030028246324797, -2.4993772887597467, 0.10017096230465, -0.15832485709975, -0.16714178392285
-1.106351116679227, -0.0007055487180327, -2.544358146526675, 0.098453865630794, -0.15549339606912, -0.15917995306493
-1.0950163730261868, -0.0066706201739613995, -2.546422216981457, 0.10635922254187, -0.17834082947102, -0.16037195682822
-1.1044489645882976, -0.0013856754264867, -2.526285635513868, 0.10008720094125, -0.15676916621886, -0.16699395774732
-1.11689569184548, -0.013946683784913, -2.511348692481596, 0.10113052074647, -0.20110761147697, -0.13944352531734
-1.1447045210042788, -0.0026050737894261, -2.508305113037336, 0.093677054669761, -0.16281270562865, -0.15612013734166
-1.1177850129500848, -0.010903922183352, -2.5067925007672462, 0.08060656075109601, -0.17309117083523, -0.14764337387238
-1.1185703117002297, -0.001660032488735, -2.503051610200633, 0.08443280192181901, -0.15717644054673, -0.14075854309013
-1.1111610283683968, -0.0088483188235643, -2.5347648166367316, 0.083261736117894, -0.18562409698453, -0.15128435224552
-1.1186621747523557, -0.0093244431465854, -2.528085439096629, 0.078410276270808, -0.18666843937377, -0.15158840878181
-1.1170559029686686, -0.012314361828902, -2.5270648607785917, 0.07588984459672801, -0.20231135967726, -0.16090195826221
-1.1251801838532938, -0.022134190844640002, -2.483814466665181, 0.09542154856794301, -0.20981882941529, -0.14999921310851
-1.1334098858807056, -0.012225986395564001, -2.529961093529785, 0.085898611864251, -0.1839821094763, -0.14027937323678
-1.1410711193819514, -0.012708632287030001, -2.462414989649824, 0.074519276455407, -0.153695321705, -0.14827710776381
-1.1211981030402889, -0.011769205773580002, -2.504948071060081, 0.076866559149939, -0.1685144070871, -0.14849040002871
-1.1400489635083946, -0.016396755942542002, -2.4997432366674954, 0.060676019357843, -0.18450663489022, -0.14223524154399
-1.1432417782456152, -0.017049430281850003, -2.517736609732226, 0.07822394497415701, -0.19732325528209, -0.14446888000509
-1.1249127319085406, -0.014706576551316, -2.5134492934061248, 0.066826367998651, -0.20202710827732, -0.14145933192301
-1.1551187747683984, -0.021389276945113, -2.487831491872905, 0.10378247443696, -0.19985816235474, -0.11800599471743
-1.1404111741715925, -0.014795400512834001, -2.5071613745708277, 0.10512022096393, -0.076394675444674, -0.18444309460248
-1.1307015214559335, -0.02362632512851, -2.394098265554528, 0.098325416660805, -0.08172144890244401, -0.19794430174962
-1.0997749367380767, -0.026609969789667003, -2.4674189077500146, 0.084694075572475, -0.1026886493015, -0.19752149274549
-1.1062166014913961, -0.029789717414592003, -2.466072368113009, 0.080495868368399, -0.13090491983724, -0.17348398507905
-1.1111898860282363, -0.028913977399454, -2.477106508738882, 0.084980547570162, -0.12761725295596, -0.16858609711639
-1.1006495232441362, -0.027438417272695, -2.4853119558475476, 0.075158576050961, -0.15108973843819, -0.17236804475098
-1.121912815009852, -0.037316684072776, -2.3673057366289023, 0.074651317076486, -0.16114709205264, -0.1635157701467
-1.1229297744287963, -0.034414841290721004, -2.3411347818753057, 0.061006741170626, -0.13132950796778, -0.17750322850689
-1.0894297315519141, -0.032534130210776, -2.3997578701319573, 0.061196818142728, -0.16387309909927, -0.16941419500214
-1.1041745918205734, -0.023976813813905002, -2.4186187022379095, 0.059269660656326, -0.13414639787374, -0.15713928713566
-1.0848640408509291, -0.030181589913629004, -2.519350633777493, 0.052730069271619, -0.16475666185797, -0.16919869739734
-1.109062241170721, -0.031557895569483005, -2.5238384046452147, 0.061450425747036005, -0.17790504574904, -0.16142204766994
-1.1325566774900642, -0.026588805376008003, -2.52934331522253, 0.060733473644016, -0.14685404823146, -0.17030479172378
-1.1264249643371875, -0.027293105619259003, -2.4306682696962127, 0.065156173629745, -0.17333442427536, -0.15742819829661
-1.129206908077965, -0.013934563381546002, -2.6144178578632706, 0.09076543967999301, -0.14127448319922, -0.15380165406748
-1.1497654623534317, -0.027477330046505002, -2.4793994966871753, 0.07572247526082501, -0.12842269651274, -0.154839179657
-1.1313642506545498, -0.026762598249391003, -2.5533346455724852, 0.082270350440537, -0.10873414541289, -0.15226382677212
-1.146516052466746, -0.028404834111336003, -2.4876795158871854, 0.06692772225009401, -0.086768198633625, -0.1528528884292
-1.1366284053789821, -0.021349893794522002, -2.5557047424988566, 0.08200332686784101, -0.08870507635937701, -0.1329912742676
-1.1361502354884236, -0.018841726906328002, -2.5661322802882176, 0.073639181469658, -0.077265900106797, -0.10454368496459
-1.0798383879252964, -0.013388214371361002, -2.555165513075428, 0.08713371117554701, -0.11433545054721, -0.13045066025333
-1.063466861438858, -0.016868298953643, -2.6345528207418805, 0.09320005982526901, -0.13344971035615, -0.14744970322098
-1.1205024988794476, -0.024003918783115002, -2.414387430515381, 0.08233298052339501, -0.07240628989183001, -0.14955007872371
-1.0356956471760643, -0.017773060926432, -2.434450704187559, 0.08948274870684, -0.1350760968477, -0.16020642690702
-1.0526811857577254, -0.024825118720832002, -2.538811008214259, 0.06492994162462801, -0.15106434149068, -0.16490786231838
-1.0265955488632135, -0.027320807829001002, -2.5363505928620063, 0.063931352435423, -0.15916337112218, -0.15393541702798
-1.0347789125380793, -0.033398542071929, -2.461250664236945, 0.07176162931742501, -0.15054524726141, -0.13588950681534
-1.1163729845809551, -0.040885463282674006, -2.269613348730613, 0.059701500014062006, -0.034375725291783, -0.13486509464264
-1.0320365267837937, -0.040367713625053, -2.5479642277354797, 0.05698631825605, -0.15465348311582, -0.15474206102596
-1.02758991352127, -0.035111033555260004, -2.408956436295104, 0.043458092882188, -0.09294064834806601, -0.14734326294962
-1.04567740171751, -0.026095267122144, -2.372846811569506, 0.04535945553212101, -0.11157294617048, -0.14289017199265
-1.0997764011297464, -0.026925960258311003, -2.342888612891258, 0.046351566255016005, -0.09839924274678101, -0.11597477248438
-1.0659137173974207, -0.037030292088941, -2.380321020945352, 0.045160621010394, -0.12761341490919, -0.1297375549075
-1.076578415041227, -0.037828010514798005, -2.3056657041655497, 0.031449824264979005, -0.105710281137, -0.14946203607884
-1.019590955331385, -0.029434000931907, -2.5443682205594707, 0.043749515549347, -0.20555531837649, -0.16726001109705
-1.0274339146687754, -0.023742480709566003, -2.605880093409352, 0.020670929372763002, -0.21035868984976, -0.15157353394708
-1.0222829209027522, -0.024661163407395003, -2.6216725886357195, 0.024560561580943004, -0.20688540609737, -0.16471597191194
-1.0535542301560579, -0.025155795413041002, -2.526786514045315, 0.033404567180574, -0.17163143951751, -0.15088846440931
-1.06146838153635, -0.024634803113678, -2.4984222312061544, 0.044532637419602006, -0.17818989007529, -0.15486662018421
-1.1070981709949543, -0.035879619192313, -2.2532899602395915, 0.031853630866044, -0.11607462832421, -0.16455807793357
-1.0476446458913569, -0.020540924036969003, -2.505277238282193, 0.038600078311784004, -0.23206091110698, -0.16493028776872
-1.0586980849032106, -0.021088087471245003, -2.448996656354256, 0.030743073648704003, -0.2032857099579, -0.1587211206283
-1.0456507594887392, -0.018734460297091002, -2.534256135502027, 0.041979028821405, -0.20714363841533, -0.17537709552591
-1.0663982314623455, -0.018818698525234, -2.4933937493716334, 0.041246863424966, -0.20719432072652, -0.16589546210691
-1.0676535713813127, -0.027632109307792002, -2.4304775064443334, 0.032442071982494006, -0.20996591613276, -0.16472902107443
-1.1010721411969715, -0.041588372536202005, -2.285406238791186, 0.032028529883504, -0.18122796229305, -0.14568914115235
-1.1390378406887065, -0.037563660458309, -2.199832764600472, 0.036961370240321, -0.13411744612725, -0.1514008445931
-1.0510752615654622, -0.035358503175232, -2.5535739329531113, 0.034225940022074006, -0.21936644735765, -0.16859437435048
-1.041565430880873, -0.043849995535663, -2.4330163244403353, 0.038636730941063006, -0.19033931353701, -0.16094578724583
-1.0476049308421185, -0.045365325582633, -2.3506205458611635, 0.027914664229770004, -0.19294716415478, -0.15771086323785
-1.0772001937140796, -0.034110541986753, -2.249895213767902, 0.018363471361993, -0.15559450471624, -0.16767610098266
-1.0757555966256123, -0.051949973545332005, -2.377244256297328, 0.019599397861906002, -0.13383374546483, -0.15941673157915
-1.0855018724242078, -0.060974711004305, -2.345023336847055, 0.012327032045710002, -0.13271911659474, -0.15885367230225
-1.0318696002795578, -0.047385376880107, -2.4217903504276896, 0.018107295868683003, -0.13280404326088, -0.17434591363112
-1.0627630662364052, -0.061093621427412, -2.3198766847320713, 0.029419248592649, -0.12555525646956, -0.16322518389651
-0.94240563816336, -0.072867263311884, -2.3744820916220117, 0.023990742685144003, -0.127536016079, -0.18191154661819
-0.94619153456286, -0.077245482392338, -2.3129149394082966, 0.039192142662864006, -0.08450791082781, -0.17644995692655
-1.017414358291583, -0.06628906964256001, -2.293162385794444, 0.029007532726403003, -0.074299474989961, -0.16628449368101
-1.0467696694050446, -0.058009451544788, -2.3152923392727325, 0.035252936802582, -0.089884130663961, -0.16338494682492
-1.0482669005406449, -0.063922164642239, -2.2810361276373534, 0.037661569503691004, -0.09610727598726301, -0.16375734545909
-1.0254676273763093, -0.052518701502153, -2.426834748611121, 0.038921545313482006, -0.12114680385476, -0.17436492733507
-1.0287841549895815, -0.060809407494252, -2.4624767774095173, 0.04708186365896801, -0.10402063513026, -0.16454241602877
-1.0077800428593766, -0.063473530965735, -2.4017292738286375, 0.040057033108274, -0.07244762996666, -0.1871824019092
-1.0350965960578966, -0.056244560530693, -2.3858211612582862, 0.052022530838205, -0.031337943308624, -0.18244898033313
-1.0514273020200973, -0.062472924077529, -2.399961793054889, 0.055041283957816, -0.040429151114032, -0.17099743035694
-1.0333632173315663, -0.06842890786194601, -2.3804870066285395, 0.051690812962975, -0.076991856712206, -0.16364574047375
-1.0317926122586534, -0.06552550653359701, -2.360546315143803, 0.040637403712393, -0.064954527912883, -0.16663455192567
-1.0329705437512193, -0.06752069804358901, -2.4083227865450025, 0.046168831683225005, -0.075292660259865, -0.16180498549128
-1.0439267706457152, -0.05807864518481601, -2.334901150408391, 0.043927891412218006, -0.038574933627864, -0.15036573219473
-1.049798009883033, -0.065067770050883, -2.3846194949320716, 0.042629151036884, -0.034365605611236, -0.14854679644077
-1.0436624945200084, -0.068621298808636, -2.373021784336407, 0.033780476304205005, -0.047259363790298006, -0.14717278421353
-1.0314520820690862, -0.068443643141783, -2.321812697287038, 0.039004894846305004, -0.06518152559519201, -0.13355846515909
-1.0514961180565376, -0.06203662489248501, -2.287637994455843, 0.042148882892964, -0.032354692428319, -0.13382757911524
-1.040710339717798, -0.072223525279987, -2.3900704951812406, 0.042154634867262, -0.08796310771833, -0.13774862191286
-1.038738118629435, -0.07046648389454101, -2.317329015848892, 0.041468239419039, -0.043538548133608, -0.13309186350048
-1.0432154000431462, -0.06966482816868201, -2.3591615105717145, 0.029013997280968002, -0.054185487496132, -0.1355483434327
-1.0594508276223198, -0.068385580946985, -2.3638582822548955, 0.037736964162468, -0.06854340668646801, -0.13518331807367
-1.071659258633239, -0.07630508627177601, -2.272508119817081, 0.032632626709853, -0.06514528635558, -0.12367049068141
-1.0877088602451148, -0.073743197147718, -2.1874966541433603, 0.036730523274375, -0.033183383117293005, -0.13518367706653
-1.0426572554851572, -0.07821615868558, -2.3808952710326348, 0.039242053439084004, -0.10420736675653999, -0.1116825451833
-1.0488034105570168, -0.07322935378271901, -2.2083207914135543, 0.029302536068646003, -0.048554599825653, -0.12474107057299
-1.0303585668894617, -0.07931044201958701, -2.300636545750672, 0.030339043974825, -0.09732593182740201, -0.13396759723727
-1.0440482231369677, -0.08294309405017, -2.289313268873178, 0.019315072049165, -0.10571657526613, -0.14864274018645
-1.0501215315919286, -0.08872831447658501, -2.2168005069485055, 0.022770843055328, -0.074493311154605, -0.15258586593527
-1.081156957892781, -0.09152972146691, -2.0705611677402413, 0.020976705723755002, -0.064221369738114, -0.15488633501879
-1.0481959313422777, -0.093937761145615, -2.174504944590667, 0.022877500700626, -0.11504470466695, -0.14865875357459
-1.019950752586089, -0.09344297831247701, -2.2874245206092647, 0.009556022324569, -0.14374712443627, -0.13224588145748
-1.0195659142210718, -0.08339293087563801, -2.2873611509579796, 0.012353144628784, -0.12454512098886, -0.14294905397528
-1.0133373531125591, -0.08681679104084701, -2.2959787310885265, 0.016571776223613003, -0.14820773700956, -0.13719798158844
-1.0238547502624225, -0.093198235931953, -2.2258503302714776, 0.015235895957694002, -0.13604352730974, -0.13927888656048
-1.0563313547665065, -0.10465187511471, -2.1202850853339714, 0.013903098818856001, -0.1184371159071, -0.15196014808659
-1.0858332713551995, -0.10606710933011, -1.9481895333936428, 0.0039436176751469, -0.07749063404807201, -0.16442787050617
-1.0003762041367183, -0.095607888637251, -2.317281922453613, 0.0057853616518006995, -0.19053389272566, -0.15815271226975
-1.0181900935367563, -0.098670055834032, -2.2251134821307, 0.0005169097839331, -0.15804611566904, -0.17356023816155
-1.0125046561880338, -0.09370804663410101, -2.2411323050725125, 0.012464566707149, -0.15416083561817, -0.18381509873
-1.039835821244289, -0.10619337736611, -2.1625135079578124, 0.015699606768685002, -0.14259713668795, -0.17643515379719
-1.0313393103697055, -0.10732614570674, -2.151398146752701, -0.0016361619461509, -0.15329040216947, -0.17283057489269
-1.0528827662079734, -0.10356390575211, -2.155162270204356, 0.017328046618794002, -0.14006097120053, -0.15840210537714
-1.0546112679321915, -0.09949295649973401, -2.0977668191456917, 0.020407943971794, -0.10322739684964, -0.17280041041891
-1.0858803177347713, -0.091072802579004, -2.2379443509550607, 0.031716836821848005, -0.11794782270451, -0.16459220407248
-1.0658923592319063, -0.10482021459038, -2.088088655328095, 0.014476977763653, -0.11754534900259, -0.16864004947574
-1.0682290346803298, -0.10901775222286, -2.150872313897558, 0.018453309363767, -0.10917166004141, -0.1684189772714
-1.0639676805453058, -0.11322283172933, -2.0995060734953674, 0.0049338763610809995, -0.13593040387334, -0.15392752477718
-1.067561749187671, -0.11930210577905, -2.0686345257201157, 0.014142731668785002, -0.12987475353479, -0.14300700762886
-1.0860743262106407, -0.1171381974345, -1.9924291357119839, 0.025109693282737003, -0.14743217203787, -0.15123374820612
-1.1348075901469616, -0.12678856683149, -1.6801112922405008, -0.0018790623109462999, -0.015076876925901001, -0.18662809118689
-1.016377533150731, -0.1078689899013, -1.9961017846013904, -0.011508876159474001, -0.12516361268602, -0.17922675929681
-1.0671228890770232, -0.10542933808205, -1.9263302006148493, -0.013280318433173, -0.11546313005915, -0.18514465280703
-1.0166877409980293, -0.11105893761938, -2.0648067775975294, -0.011652445274089, -0.18123502125284, -0.18515613643087
-1.0384161895588861, -0.10900063651508, -2.089283823822977, -0.010535671068235001, -0.17748931288161, -0.18334062670693
-1.0494002833041047, -0.1062672678188, -2.127989473986495, -0.014670300749507, -0.17074723664306, -0.17087635531721
-1.0608562358440956, -0.11250050529651, -2.1292138129282496, -0.014696200464799001, -0.18281983404998, -0.14765492976659
-1.0675372298392392, -0.09864152821484401, -2.1795021647641755, -0.0084244693227263, -0.13014527282134, -0.16815237435542
-1.0886904142062412, -0.1048861107006, -2.0062680030756845, -0.017395300685888, -0.08630426786704101, -0.16889216961464
-1.0616418103729874, -0.081675870574292, -2.175848043118285, -0.0087391544667143, -0.099087897059928, -0.18938046384143
-1.1134630299495891, -0.05182789265455601, -2.225721809693072, 0.025387288391816, -0.070410945498004, -0.18507963709665
-1.1377657535731474, -0.05452128061612901, -2.2515276057350513, 0.028547276480318, -0.070952076324482, -0.18297957788119
-1.0783579550998967, -0.067589562569416, -2.3083167241468954, 0.023985928306653, -0.11899012525207, -0.16880858233783
-1.0227201356672015, -0.057668091480668, -2.372002995459049, 0.021167218859981, -0.12329523241597, -0.18788740149547
-1.0784698582740784, -0.06096402718115, -2.302617578010893, 0.029727878831589002, -0.071309085387577, -0.17904638554685
-1.0123764384639653, -0.064707673030167, -2.3210930764827093, 0.0059860907478294, -0.11359519612562, -0.19679632123101
-1.0630949830741456, -0.067010332656188, -2.3929762071237293, 0.026969228480642003, -0.064219244225305, -0.18442074506722
-1.0537636428841965, -0.060535509897188006, -2.3334579974687713, 0.028315972965072003, -0.09860809782523601, -0.18200905177168
-1.0062038406739937, -0.060863432350599, -2.383021584315375, 0.025799949839587003, -0.1581237808065, -0.1661910149261
-1.018951710216917, -0.055057104068312004, -2.2987147666636423, 0.020129481529979003, -0.10950864514086, -0.17240624485893
-1.019761049390123, -0.058084551565513, -2.320486948105561, 0.013472889636296, -0.10827659422145999, -0.17946363836629
-1.0192816396973297, -0.060091192044452006, -2.2760994589378454, 0.0063493404773419, -0.094066337710136, -0.1736996110607
-1.0271345473001932, -0.064432076846909, -2.3335562595149257, 0.0079737964981966, -0.10108505342509, -0.17121914064309
-1.0258278974071702, -0.06823274584953701, -2.2544104595603227, 0.012245664371215001, -0.10950633786395, -0.16304613143854
-1.0398374244756803, -0.07166787455371801, -2.204438704827662, 0.023964484180445, -0.10385699796913, -0.15675509613646
-1.0718535643413987, -0.06753227776753701, -2.142751608212928, 0.016137289456162, -0.068440091680777, -0.15820442229497
-1.0164882413633096, -0.07392612942297, -2.2749883168254432, -0.0054710487892006, -0.14268026480685, -0.170374738903
-1.0080007758364165, -0.06999092897864201, -2.2618200492422105, 0.0060838925668760995, -0.12430291943706, -0.16450356489033
-1.016400042467208, -0.06258939201060901, -2.3282520217529323, 0.00048516490465599996, -0.12730006046201, -0.17698548170123
-1.0376087349067067, -0.066444043742078, -2.254636659466075, 0.0021317725834849, -0.10568558108927, -0.1547062259924
-1.0543840393488848, -0.074589554245203, -2.172822174590752, 0.014724133086164002, -0.1093029096786, -0.14562519392463
-1.0637927571537285, -0.073606175997503, -2.0941974673406, -0.0004548814083253, -0.05930494147965901, -0.14748564450536
-1.0249978145936331, -0.07479340495068401, -2.200048004134904, 0.0058112449389598, -0.13229003657129, -0.17614951928573
-1.0205784507481115, -0.069324875230503, -2.196118424346353, -0.0080712512805182, -0.11422717623077, -0.16495827856448
-1.0180294584120515, -0.071515068848919, -2.243782462370222, 0.0044903499385873, -0.10557665544275, -0.1617362362239
-1.0366409822346316, -0.07894144534960301, -2.1951622233382664, 0.012137796672028, -0.10780444995302, -0.148121518848
-1.0506001780881626, -0.081142321333923, -2.129141285839204, 0.013021865589532002, -0.08669764902874201, -0.140434138472
-1.0833257176919022, -0.08894225049370501, -1.9313274685863462, 0.0016960045378157, -0.037048472980739, -0.13002290351166
-1.0254266774102576, -0.0897279938782, -2.159241744186629, -0.008411839088669399, -0.13633029178785, -0.15341417174313
-1.0214937441940033, -0.084364747241829, -2.173746297299622, -0.009537032727566, -0.13545193631088, -0.16716742112354
-1.017240183498505, -0.083756291279463, -2.2246610657594426, -0.012728370754065, -0.11429401708345, -0.16176368462701
-1.0304594485791987, -0.087580520090293, -2.1512042902516364, -0.015096409554624001, -0.097321465622818, -0.14313177769996
-1.0383442196214163, -0.091251179893265, -2.1538042717624704, 0.0022237831016834997, -0.11645490655835, -0.14020823947894
-1.0519039400839474, -0.088759446806408, -2.1277292052816783, -0.0011059527377217, -0.13031833410144, -0.14358318280192
-1.0808319955378092, -0.093614584720316, -1.985423363906493, -0.0027467529349762, -0.060618735878803, -0.14694532371843
-1.0457744148691186, -0.097564563522438, -2.1578448673464323, -0.0043796186856379, -0.14832930044877, -0.15361001851297
-1.0318913277851827, -0.09238059904213501, -2.0818146485532423, -0.01880765699826, -0.086946890486246, -0.14915695243011
-1.035320018621345, -0.089441541362999, -2.1408397457347474, -0.0057822805990431, -0.10206738501205, -0.14827417631401
-1.0491797810619141, -0.08833023348539601, -2.145767322130746, -0.0039593430042037, -0.11075996270292, -0.14679361986743
-1.0510981323233153, -0.09171086836580701, -2.1142803293638837, -0.0079082396762079, -0.11649467638231, -0.14317549508111
-1.0557260866994576, -0.09237396971552701, -2.0907238244927226, 0.0063045290667593, -0.12884401655, -0.1361946431158
-1.0814269905447775, -0.095958488017314, -2.0025640429894884, 0.0021054707678185, -0.067838168937702, -0.14518804339617
-1.039647775298938, -0.091923406002844, -2.0844050697639567, -0.0082530959801756, -0.09369439218987201, -0.13674924976481
-1.0266689513097755, -0.08956230817829401, -2.0763214270759516, -0.016504228643428, -0.088515671746082, -0.14186873865743
-1.0458050081567793, -0.09309989707289301, -2.103564651261261, -0.015445859483721002, -0.066161533672572, -0.13994999029147
-1.0483028411826734, -0.09663765152886601, -2.0835211271361285, -0.009335509065315, -0.095723114849176, -0.15208072719371
-1.0408545322356215, -0.10184551307723, -2.0860194874734153, 0.010295299257957, -0.11110374216678, -0.15084758962344
-1.0540353078881128, -0.10119169142013, -2.056665603652327, 0.0004117511460142, -0.12144219502731, -0.1439864225223
-1.0936295871329034, -0.10598276995915, -1.8930543431209126, -0.0051284535491671, -0.042355666679421006, -0.13848270397479
-1.0291348893083068, -0.09982271769405601, -2.019496226419411, -0.0038865969868232, -0.10400039362819, -0.15040974738365
-1.0362273790727539, -0.099395592746208, -1.9758222539334325, -0.027147075880916003, -0.095246689708757, -0.14179592972749
-1.031394100403472, -0.10112238024402, -2.0705687620049, -0.014043085884964002, -0.1222656412047, -0.14715420915546
-1.0379496718944903, -0.10376620694203, -2.067964566128139, -0.016785234493233003, -0.11368486906672, -0.1404305722435
-1.0305987223974646, -0.10497504613397, -2.0847712467635473, -0.015933971996773003, -0.12960909850664, -0.13380909003253
-1.0502251920337902, -0.10588018050346, -2.0397479495573556, -0.0040075515808452, -0.15422138942742, -0.1358488717789
