the plane
0.0, 0.0, 0.0, 0.0, 0.0, 0.0
-0.0096363903252906, 0.0016925987131135999, 0.0099457159267677, -0.0069338068541688, 0.0020885680492545, -0.0066599230748885995
-0.040219437574186, -0.0012653882092503999, 0.08091513364967201, 0.0066572314938181, -0.015590232297053001, 0.0030003591705696
-0.05410571205588, -0.0098038005332179, 0.044042794148474, 0.011501886115112001, -0.031413957555566, -0.0088752479822925
-0.019173978783853, -0.024340261498142002, -0.12662408556403, 0.0048061267462863, -0.013511460504328, -0.013094607642063001
-0.010072492312589, -0.020465812172429, -0.11768895102432, 0.0023442314073601, -0.016219974977708003, -0.017511880101529
-0.0039786056669953995, -0.017467000604169003, -0.09459373015214001, 0.0022906387280907, -0.02041580655723, -0.019079195678739003
-0.013246135940596001, -0.019040885350918, -0.13025056287896, 0.0043265129253879, -0.018261868657184002, -0.015890818191189
-0.0044171793713684996, -0.010802132596499, -0.091966981756133, -0.0001802092519062, -0.029828515208869002, -0.014919241099588
-0.014709445290936, -0.0082136071136345, -0.074589762177246, -0.0068686033631571, -0.035130578201113004, -0.022396910861023002
-0.0015918165908295, -0.0072428267082187995, -0.08370442200003601, -0.0048390423943332, -0.046739001646263004, -0.023282022455547002
-0.035567960206172006, -0.015362757323798002, -0.13241968152702, 0.016011679354356, -0.05099704800549101, -0.019413593997412
-0.021553004901576002, -0.019494810153234003, -0.16025981331766, 0.016062476610428002, -0.070589154877086, -0.023670739056931
-0.0022727158253642, -0.026522950280927, -0.20160055149953, 0.0035621375361481, -0.063716956762476, -0.025008423644855
0.0003781445444886, -0.020549825348508, -0.1397487288259, 0.0053331334538867, -0.055368851127119006, -0.025182183244833
-0.015514350296581, -0.016114448551887, -0.16575497155998, -0.0052365489743825995, -0.033386377764178, -0.021129133787872
0.0057620198440782, -0.010747180293097, -0.1380232139531, -0.0013542824897344, -0.035887957416565, -0.010700954711005
0.004350883907058, -0.010270651704042, -0.15371076179501, -0.0070210827665029, -0.042574133726912, -0.014842230009994002
0.0098659788574457, -0.012198751069686, -0.16230689839467, -0.003060186904683, -0.037030414165702005, -0.020918555404074002
0.0080141027551803, -0.0088188429973273, -0.15005608807709, -0.0010390264764848, -0.047019020483371005, -0.01606021184622
0.0059688875055248, -0.0065183925454241, -0.12434574960198, -0.0017251486844564999, -0.05604968041692401, -0.022277868092116
-0.026272181618332002, -0.0097928648223463, -0.07190614372901201, 0.010746529892491, -0.073011492867725, -0.016613666661214003
-0.008177826906091, -0.011747851826182001, -0.19775344079987, 0.010707992498101001, -0.07931709412297201, -0.0079596543477267
-0.015558106221543001, -0.015870114263332, -0.15613611921042, 0.010153844042576, -0.08550109006367801, -0.0077633561278222
-0.0073508716687852, -0.019148586353789, -0.15851626868399, -0.0011072020335958, -0.07658918883623701, -0.015054526194107002
-0.024917051264425002, -0.015134566194142001, -0.14905185090048, -0.0070238336230925, -0.06553668802573001, -0.0073686264965426
0.0002570071428427, -0.014199008887518001, -0.14351568502815, -0.0046349673162108, -0.06888661077661601, -0.0048725758919902
0.0054622623201577, -0.011107114445233001, -0.1450503274545, -0.0091193103148408, -0.053814555684331, -0.012329049278287001
0.0034567853759532, -0.0090365696465716, -0.14047398938763, 0.0031334515720995, -0.056662823167470004, -0.0034104611530764
-0.012980782091532, -0.020700114320124002, -0.19478138805476, 0.021211032634938003, -0.055497387849445, -0.027751262541082
0.008025257891639, -0.012477405216285, -0.14772581356719, 0.011575670951361, -0.045809187929819, -0.021492848420558
0.028161585793571003, -0.013151133541856002, -0.05794610275656101, 0.008188345381308, -0.045261246805743005, -0.015283840076357
0.0085275564511632, -0.017235656564248, -0.12765297972157, 0.0036977864662409, -0.035331082535154004, -0.010624531991004
0.034295349740389, -0.025032345860773002, -0.14989774590672, 0.014807917571292002, -0.040647906711845004, -0.017692430471654003
0.066242920466775, -0.024526219996622002, -0.14109283855395, 0.0042197718465618, -0.022958802452609003, -0.017713677663209002
0.054471554858500006, -0.026418068014796, -0.15175266142466, 0.0056473794946306, -0.013754401993183, -0.012116049862686001
0.032141054560119, -0.017518607506101, -0.11657501499911, 0.0082239939316221, -0.0069288762261107, -0.010368047680419
0.023209044452109, -0.015207852141528002, -0.09484235540720201, 0.0003705798519998, -0.0002323461975707, -0.0016671518000619
0.0047965603429293, -0.011767614154617, -0.082513323818955, -0.0033368377552542, -0.0022510462969454, 0.0020611689992985
0.0036671397616303, -0.019633835900296003, -0.066950793967937, 0.0012289566092749, -0.0079429792643614, -0.0029464793725352
-0.015742919385645, -0.022791383957599002, 0.013889261996425002, 0.0063765141570048, -0.04390387003178901, 0.0034603057729683
0.0074128168287662, -0.033782445303921, -0.20621633180088, -0.0062034040165399, -0.041500168017339, -0.0044008139656631995
-0.034265859309134006, -0.031334399168644, -0.1289479891178, -0.0018487840529347, -0.032556334846008006, -0.007876471136643099
-0.023137695631719003, -0.029929620404878003, -0.17921049801235, -0.0093675497380705, -0.03235031786779, -0.0058612571190308
-0.028415876619262002, -0.026959096908960003, -0.23571095827775, -0.010069419825043, -0.0056503647004697, -0.0098234428457976
-0.027024517399302003, -0.028075931720797004, -0.21111736951672, -0.0067143923649783, -0.067213868575937, -0.01559073014742
-0.021728152722774, -0.024842577262607003, -0.17666823399247, -0.0049787828404053, -0.054421754812505004, -0.0085595517051215
-0.0097589482808186, -0.019093809716231, -0.1469849823696, -0.0076640678518814, -0.05452390008914101, -0.0093253439517537
-0.014925979882923001, -0.018694248271472, -0.1656432515731, -0.0009544683801521, -0.046486805988055005, -0.0096350267367434
-0.010544156226452, -0.017718345829915, -0.07895330622799901, 0.0085470024485775, -0.06792250946734, -0.013613436032693
-0.018101562036891002, -0.022400088673616002, -0.21786483230074, 0.0069201284654198, -0.086630474326557, -0.0025188269547091
-0.020333639424418, -0.021183730512361002, -0.13609619542811, -0.0002090177149935, -0.089644812160604, -0.0055402579400646
-0.017862963616918002, -0.023960815769962, -0.16163711870217, -0.0089157913787919, -0.07627750371620501, -0.0078397210951338
-0.018010609318626, -0.021568293372915003, -0.14716371217542, -0.0088417373599426, -0.046247037586184, -0.0024075180324367998
-0.0042183128080605, -0.020417751091736002, -0.18168632031973, -0.015326092352215001, -0.054205403022101, -0.0052389539366665995
-0.0020629695390637, -0.011727922893871002, -0.1815729153954, -0.014142660780356002, -0.050620026335665, -0.014197742570921
-0.013323195278195001, -0.013241862572977001, -0.20708113855503, -0.0078690133855455, -0.039430596706229004, -0.011339726645245001
-0.0011267847780719999, -0.0082914505608109, -0.18414976811669, -0.013908297583052, -0.021793493210597002, -0.0088792156178705
-0.0063227629868938, -0.014279543566365, -0.1303269200612, 0.0007717853202571, -0.034124535071339, -0.0026818445856014
0.019723198640134002, -0.011605124359154001, -0.083780276878959, -0.0091985403897711, -0.042038510971852, -0.0090892200294463
0.017891843513046003, -0.020502084915509002, -0.15012296035524, -0.0091936234090542, -0.050793886816031, -0.008666807825598
0.0080825235488945, -0.025497989592036002, -0.10891467995256, -0.009714613332466, -0.045049645390827, -0.01686337561644
0.033525687643717, -0.025656249328248, -0.11698449020498, -0.012303632249683002, -0.021965590026965003, -0.01849468313966
0.015966459120252, -0.022711485195486002, -0.11087740255332, -0.0071929946688618, -0.0059252133063626995, -0.0045102217428461
0.027616766620104004, -0.017225408499745, -0.09981245726909001, -0.0054054748459977, -0.0033625832144588, -0.0080245969432245
0.012860613609037001, -0.013561690322190002, -0.079666450014476, -0.0097942595685514, -0.0061114880379117, -0.0055268996021009
-0.0084436832905326, -0.005063789880202, -0.049789090057196006, -0.012523514433920002, -0.013355411447726001, 0.0015480782622708
-0.042541124924373, -0.008759795783274, 0.0055321537853354, -0.0062670402755421, -0.023493981000966002, 0.0024232968166304
-0.068100497684381, -0.010114439785596, 0.17039607443061, -0.0056599376745372, -0.063984240535643, 0.0030767060637133
0.031669346136763005, -0.035403699196431, -0.22755143358974, -0.0198454548383, -0.04476962602586, -0.0088530265358178
0.029582025934712004, -0.034926256228801, -0.16601514296909, -0.019568934804614, -0.038258571050185, -0.011638477788681
0.030812200845147002, -0.028223146220699002, -0.18800463756157, -0.022487078726679002, -0.022395546744223, -0.009752519278203399
0.010533567911981, -0.023343550224692002, -0.17460965674283999, -0.016403831642035002, -0.014340556006778, -0.002430083976717
0.0032313029795349, -0.017822113571614, -0.14613705690511, -0.01939029613518, -0.023987081654494, -0.0054830983541745
0.018816113436303003, -0.015428175235677001, -0.14345799849032, -0.019245807140133003, -0.01371604051557, -0.0088915928650286
0.012345520444580002, -0.010622672922968, -0.13706445535874, -0.021865019813689, -0.023756120708876, -0.0069185139196691
0.0032752076883893998, -0.013290089922340001, -0.13374704287088, -0.0077775615738707995, -0.03421966956598, -0.00624721009393
-0.01790408175364, -0.010882402311834, -0.0035890269816563998, -0.0044182864416744, -0.049264130859317, -0.009222447031270899
0.0091184177082786, -0.018019385047386, -0.26226324095574, 0.0001124008599046, -0.053884216912928, -0.0024198850221125
-0.026157438398651003, -0.025505427506576, -0.13249846178447, -0.009262796105493699, -0.05350974366352101, -0.013921551858906001
0.0064769198282395, -0.020418804818275002, -0.20338808484603, -0.014801606447080002, -0.026483613508242004, -0.011967131902981001
-0.00543328554506, -0.0152753350656, -0.19441312859317, -0.014213257924793, -0.014637491215009001, -0.0075044087039322
0.0069706879675881, -0.0098295924794496, -0.15254838254978, -0.020660422275786003, -0.018533643049806002, -0.0045964080576901
-0.042027295818620004, -0.016144734875041002, -0.2766226557104, -0.019168036658932002, -0.029852354984646, -0.017071144933616
-0.0051567178379662995, -0.020177228453969003, -0.29078767761086, -0.0012261218387648, -0.020106831982069, -0.015759579688281
-0.042949746048777, -0.020853337409836, -0.1443537936565, -0.002232689206686, -0.06569954489789401, -0.001172366271003
-0.09209674314216601, -0.027194471835779003, -0.05595775606174701, 0.018852931298824, -0.12340059302055, -0.0004334323671859
-0.15056179697335, -0.046126211705096, -0.073107753906894, 0.023919195242424002, -0.16330701960112, -0.0043723110245402
-0.06888511536011101, -0.047620356887372005, -0.19749304586522, 0.052586780522218005, -0.23990784903844, 0.0056859844023765
-0.075644471314343, -0.058480660997015, -0.26612775711223, 0.063691617370702, -0.18478078533538, 0.012936696489695
-0.031192434651912, -0.051280086400297006, -0.29899198246058, 0.034924031657976, -0.30587806651121, -0.010733757683167
0.019106913934336, -0.054096402270044, -0.29020982613179, 0.021412896448347003, -0.29800048936127, -0.015023392839555002
0.05268740348946101, -0.059542614568568006, -0.40533812008234, 0.0007605133554427, -0.29417029452554, -0.023852971958576
0.043122677454389004, -0.054147265046488, -0.3328593318572, 0.0037855580165301, -0.2739449881639, -0.017261581870881
0.06891949473573, -0.043098371901049, -0.356450904853, 0.0013038089415965, -0.25060971171534, -0.0080262333410906
0.094026421927906, -0.038660011630474, -0.33586588511127, 0.0082373182216682, -0.21862619995616, -0.011099971068388
0.11780591341636, -0.043108854188774005, -0.26921427728605, 0.018157696052258, -0.20223200931201, -0.015771132868665
0.08583018352829701, -0.052212209313209, -0.28599280898103, 0.015912791026819, -0.19883448667177, -0.018857884679682
0.07338017204396001, -0.053499014587205004, -0.28944235432549, 0.010254004590102, -0.186299554572, -0.025719389803837003
0.068101047733703, -0.052912754328465005, -0.27957478784994, 0.007558996642785499, -0.15230430952391, -0.030437636900165002
0.060865610207482004, -0.046304608104184006, -0.24912053503497, 0.015504548689633002, -0.16039652814047, -0.023988407058832
0.053441464175747, -0.049961175659086005, -0.26910404739312, 0.0056954529158587, -0.15957534792126, -0.028520348527926002
0.032181811438518004, -0.038333884214055, -0.27271351057267, 0.0036559409144426, -0.14043882943522, -0.029706618203336
0.032005548032408, -0.041441854753299, -0.24129935133096, 0.0053072622439724, -0.14217468146969, -0.034308155507265
0.008748894042869, -0.04776420733845901, -0.11872635838669, 0.01574293734835, -0.1666986667218, -0.036891477824383005
-0.0062074492638941, -0.043102422233693004, -0.3120930460581, 0.029190216730736, -0.16192962225634, -0.019252456062916
-0.051222946535596, -0.046534337178875, -0.26424357681515, 0.045087470053402, -0.14742581541797, -0.017869128025644002
0.0059406252509039996, -0.051583070570623, -0.25900853823552, 0.031019685275149003, -0.14229556383881, -0.02357845264876
-0.026763318356587, -0.048513424246642005, -0.25503197308697, 0.030690997430341004, -0.15127794297592, -0.02369041128279
0.0059944739469446, -0.046074076005982005, -0.27722261971798, 0.033521852269438004, -0.15833388522403, -0.018683715855527
-0.0065330380765417995, -0.041220267558080004, -0.25700671791091, 0.026740921471866002, -0.152102629435, -0.018781510783202
0.0031842865069979, -0.038925027474270006, -0.22186839365807, 0.023728543905822002, -0.15522308631667, -0.023473807348131003
-0.012629729489787, -0.032804840664331, -0.19309943333433, 0.035841381563971, -0.16659576712366, -0.020912298079578003
-0.022497802455011002, -0.033104431349768, -0.10833400253667, 0.04676323665546701, -0.18601201595498, -0.024895054625888
-0.026406769334136004, -0.034811253238235, -0.19044535333446, 0.042124935225683, -0.19531570800084, -0.020515734016502002
-0.051973770214646005, -0.031990305702881, -0.13878025007268, 0.038446630648202, -0.18693016193692, -0.02566090885358
-0.035465873566576, -0.037088466161527, -0.16132745429473, 0.025169859866996002, -0.19337005354423, -0.028038649381096
-0.034970310678953, -0.033419630332206005, -0.16846948523794, 0.019311530283317002, -0.18569158947088, -0.031001190167103003
-0.023379476288134002, -0.033851013109808, -0.19062523021054, 0.019912119888381003, -0.19148433121853, -0.031864516125606
-0.012782880334408001, -0.028270340282486, -0.20130567459741, 0.013925730312803001, -0.18874714882145, -0.028101538214715
-0.018900082797504002, -0.031114762350329003, -0.1788795713513, 0.014215373457249, -0.18010486409509, -0.036295813519559
-0.030522905168672003, -0.020632197886859, -0.14584560260778, 0.0075160503340925, -0.19121760606718, -0.029446350005577004
-0.029824408332797002, -0.016913204380471, -0.12220980660025, 0.022959366147733, -0.20545271497114, -0.029287792822798003
-0.020271875351264002, -0.020775904095581003, -0.085357841438132, 0.020845608394625, -0.20628613053256, -0.029156503383095004
-0.046279708470713006, -0.026616881560652002, -0.14964931044131, 0.014548626970781001, -0.20171999528861, -0.02356938207423
-0.017253420425030003, -0.022643605079501, -0.11893481420427, 0.016761524944838003, -0.18789907723893, -0.024230961418032
-0.0050176254996546, -0.022425404613927002, -0.16270834489295, 0.0007071639776747, -0.17732762422084, -0.028654452372893
0.007317927593252799, -0.021032887448565, -0.12336045423698, 0.0049706278642183, -0.16844507834864, -0.018461226417658003
0.0019487766344949999, -0.016629221748106, -0.13490748707958, 0.0029670843241318, -0.16623764871996, -0.021109771579738
-0.0005529471598405, -0.016379808267352, -0.10873291484642, 0.0015455347558695999, -0.15865362323286, -0.026032141445374003
-0.0076622870648671995, -0.012863976501599001, -0.10163324070429, -0.0084515328609915, -0.15504141897645, -0.024594270416454
0.0016847191944452, -0.012008870736359001, -0.08926169447703501, -0.020766466686176002, -0.16289070255532, -0.028871396742697
-0.016862800184617003, -0.010272100745486, 0.052089398070804004, 0.0037453424505718, -0.15354240531348, -0.019437937230759
-0.011630448925012, -0.028860634409038, -0.081685577211718, -0.022524388916839003, -0.14292498535367, -0.027050558069987
-0.039727505489119005, -0.035153522355184, -0.050176442705172006, -0.017585576264461, -0.15276835235781, -0.030652104912939
-0.013157891327263001, -0.030398135637448004, -0.06622984026949301, -0.0080308954777618, -0.13781250000751, -0.021326924883119002
-0.017435629492870003, -0.030691305410046003, -0.059928177537634006, -0.012477978240840001, -0.1421234652286, -0.023396393697722003
-0.011226765996134001, -0.024329964147283, -0.061707936008255006, -0.013233383337467002, -0.15512627228814, -0.022590164832817002
-0.015569425710058002, -0.017944649814822, -0.09249412245777, -0.015281069983974, -0.15633841707563, -0.013963056667592
-0.027296569375804002, -0.014158283617368001, -0.066912250928781, -0.019896789585284, -0.15127824186413, -0.019576915839822
-0.020860147335007, -0.015848824115764, -0.088232551587012, -0.010354035342277001, -0.15238668891983, -0.021240164989858
-0.052881429825197, -0.017223921922406002, 0.054888085816509, -0.0017047028680912, -0.17326728056046, -0.031577005586165004
-0.022878815547610003, -0.01881650770818, -0.19510521256447, -0.0072298975054927, -0.16999790344262, -0.021501928196824
-0.039989432472928, -0.017549771502603003, -0.09334740860161601, -0.0098525237111807, -0.16921856375617, -0.017899299757086002
-0.034604977044022, -0.019612289730240002, -0.11564487260934, -0.015353647050578002, -0.15568352240554, -0.021291487021311003
-0.027079573932466003, -0.01901253428974, -0.11925963961571, -0.012131774976187, -0.14702199320463, -0.012341463967071
-0.032721441732107004, -0.016204865022117, -0.12124094255243, -0.016070672896747, -0.14527074600332, -0.012135631260733
-0.039842530219777, -0.014205248613802, -0.12353252068423, -0.018702467761074003, -0.1459184013085, -0.01362636381184
-0.033971746410952006, -0.011341913822474, -0.10944344735624, -0.017722638110819002, -0.1416466862764, -0.014933845021805002
-0.04123078761161501, -0.0083815837740148, -0.11536115354236, -0.016942748320202, -0.13835991414605, -0.013867022029049
-0.035593746425624004, -0.011606748115237, -0.10088922661154, -0.008120050006996499, -0.14221207200771, -0.017052361093838002
-0.055994414957905005, -0.020977538502794, -0.12315191062035, -0.0057696180418425, -0.16991375019807, -0.0159999042194
-0.05445956419201001, -0.021942670294564003, -0.16982416436181, 0.0033747687749696997, -0.16365661480252, -0.010325659367520001
-0.054963873955972006, -0.028531264060121003, -0.13917511911245, -0.0004661633697382, -0.17666745075959, -0.010705991001553
-0.044342220380759, -0.021887179344077003, -0.19517343950127, -0.004708584243036, -0.15776048522833, -0.023759238694662003
-0.058869121340819, -0.023718539642921, -0.16335427895948, 0.0033929693768425, -0.15172131804219, -0.023159294494439
-0.033607032103245005, -0.020232216647663, -0.15045359095988, -0.0050014669875048, -0.14958425446622, -0.018110291678712
-0.050750424640202005, -0.026737781617279, -0.14296430953441, -0.011552609425309002, -0.15973094150228, -0.021446179704308
-0.030314150299524, -0.019802422724596, -0.13987494594176, -0.014559375025084002, -0.16885094816309, -0.026941348902461002
-0.05894041100144701, -0.014743931003421001, -0.14345467245125, -0.0091511639104253, -0.15790642960995, -0.017377270200801
-0.047012782928534, -0.017269057253047, -0.093851302405725, -0.0071871905378332, -0.18801062177635, -0.022871178840746003
-0.040292884039895005, -0.020148534349264002, -0.14815674599412, -0.0098787829238795, -0.17417675549275, -0.016031232423279
-0.047436914384701004, -0.019358248680726, -0.11237239941835, -0.004755268420609, -0.17487809571666, -0.013243951644290002
-0.030892708316519003, -0.022346058177844002, -0.14538834182535, -0.017452154033154, -0.13704347867579, -0.020164710285332
-0.031392482626921, -0.027300894606408003, -0.15430663345717, -0.019664024982093003, -0.11986991982242, -0.021544544641753
-0.023052750256646003, -0.028566592517212, -0.16601929067315999, -0.013083888723233001, -0.13946558074478, -0.0081652974781508
-0.0077424288880302995, -0.018457025112059003, -0.15784479909104, -0.022236453020188, -0.13208852356134, -0.017156919383424
-0.006621168345452, -0.018886566413614, -0.12408955646954, -0.021939301052861, -0.14686117005136, -0.012087735635981001
-0.011540372731611001, -0.014938652136643001, -0.12922411951594, -0.025024333765599004, -0.1451155193316, -0.013331738283684
-0.04731503518999, -0.015389897061869, -0.010865928725084, -0.008880626351683199, -0.14061055507141, -0.009341962441454
-0.010957196768128001, -0.024859440569351, -0.088732049718148, -0.014576929211985001, -0.12707496195332, -0.013142754325559001
-0.019466697236587, -0.033154741146460005, -0.11150020439891, -0.014575852868609001, -0.15006417056951, -0.013963305493880002
-0.020215260248028003, -0.032025024271645004, -0.087578088750782, -0.01984143552051, -0.14417703307599, -0.015255573801034001
-0.022953151456733, -0.026634809451469003, -0.12140587684474, -0.019148707818352, -0.13653297304831, -0.017605435348043
-0.013969126423046001, -0.031176407395679003, -0.14460416679395, -0.021777819801525003, -0.14008043298354, -0.013931236473856001
-0.028875289332295002, -0.017723081649154003, -0.11797176942964, -0.022334778084891, -0.14661538910666, -0.0065818938129932995
-0.027604714872955002, -0.015912877501649002, -0.10818476301107, -0.02427252568668, -0.15945250796032, -0.0091340941708785
-0.033528939905371, -0.016108056873446002, -0.12968971952499, -0.029317150917372, -0.17230166835059, -0.017661172961356
-0.043500622385114006, -0.023106372125268, -0.1218031663284, -0.018317793968247002, -0.18167255187856, -0.011669336555808001
-0.046156460921687, -0.027345273193658003, -0.1855164099405, -0.018841421856264, -0.16589244029817, -0.013126959426341001
-0.059452589555184, -0.030248325529946003, -0.18185971706534, -0.011164475329912, -0.16240065822779, -0.01227143994895
-0.050969243921518005, -0.034622066595542005, -0.18615039203347, 0.0059762115570701, -0.15937659099975, -0.019838035689835002
-0.053952450984642006, -0.042287106462747005, -0.18148313703546, -0.002729707727132, -0.13005814663885, -0.027711988450171
-0.027096618924335004, -0.038913103653864, -0.18101975802057, 0.0031456161808137, -0.13797875175312, -0.024508745045139002
-0.041062556596631, -0.037378774843456, -0.15992518405274, -0.0042169763580909, -0.15159375233284, -0.026383964555053003
-0.023205457514779003, -0.038251906264796, -0.15993343930655, -0.0048236035819819, -0.14523801960307, -0.021886048417535
-0.04755202063044801, -0.029878772701478002, -0.12505025713312, -0.0058282706229456, -0.1549370304482, -0.023855835708826
-0.033781455489822004, -0.033852158119913, -0.13715641029116, 0.0068855114680801, -0.1667192899982, -0.031798478690612
-0.037897985017885, -0.035018755515716, -0.08925872543999701, 0.0079325531617472, -0.18376647966762, -0.024034230994844002
-0.052302453216055006, -0.028658511844509002, -0.13322551446527, -0.0009551070751316, -0.17382444649387999, -0.020118074405441
-0.052746843190132, -0.040841561550844, -0.1144452874781, 0.004007540249841, -0.17047434112589, -0.027601742289344002
-0.0096700795877315, -0.041425954564285, -0.13886041980232, -0.0012507102350679, -0.16479552928609, -0.036485445881918
-0.016104912045889, -0.038721692468448005, -0.1416914888986, 0.0048861521695646, -0.15931754139677, -0.028042159441218004
-0.0086863770504169, -0.037878730488032, -0.1273626528026, -0.0013449311849008, -0.17205242915759, -0.032419472335175004
-0.016423814581739003, -0.035033843904682005, -0.12097198957029, -0.0046679996770453, -0.16390956208956, -0.033332030332522
-0.014558266478667, -0.030939376706835, -0.1339196824138, -0.0061660212107164, -0.16412688091142, -0.028060814045071002
-0.018525335269624, -0.028103183243522, -0.09265499518032701, -0.011604338286254, -0.17483702795339, -0.033581010444774004
-0.015938773442938002, -0.035197597633749, -0.082822820742704, -0.0008270227640132, -0.17505884256731, -0.033679540021438005
0.0035110047589017, -0.042380248234408, -0.18908431982911, -0.0078003938076657, -0.16179229075005, -0.042977516887734005
-0.017101379600786, -0.04227835592265, -0.12325070110657, -0.0045009289756352995, -0.17517213446478, -0.036284558108955006
0.016010509343123, -0.036654874043243, -0.13190843999586999, -0.011749659742568001, -0.15764509061467, -0.02954691748809
0.017039671089143, -0.037309674411375005, -0.12182085399664, -0.015753477585359003, -0.14863591149573, -0.032253380897862005
0.011676954973206002, -0.036417392822584, -0.12286007095591, -0.010427532782645, -0.161740054255, -0.022275784832475002
0.0092412462840394, -0.033547186528158, -0.13614061007493, -0.0054578478820301, -0.1448539624067, -0.031072950217547003
-0.0043198214753229, -0.029409255983605, -0.10428760860475, -0.0079250561957284, -0.15139092436181, -0.026728915733727
0.0018539215411296, -0.02943381545978, -0.10086584522913, -0.012424039869633, -0.14976993637566, -0.03251398541071
-0.036406943351971005, -0.024908655099778004, 0.019923552447173, 0.0011828643910447999, -0.14229618540256, -0.023476014355008002
-0.012028256669249001, -0.032837210202449, -0.13391575276516, -0.007146075674219, -0.13822128521931, -0.023921377294996
-0.01281484215737, -0.041224716882113, -0.08190819332105301, -0.013204142152264, -0.16444903578895, -0.021444400435057003
-0.0011697355847209, -0.042367097946274, -0.10367061617624, -0.010411880725717, -0.1573184491553, -0.011499424617767
0.0003840488122835, -0.036136102178909, -0.10674469320961, -0.0019024042071956, -0.13793649230516, -0.01140209067897
0.0012425322162633, -0.032802491036957, -0.1383056789861, -0.0038445799632882, -0.14824606335593, -0.0061326712586955
-0.011986988714635001, -0.026865076948342004, -0.09709435747436601, -0.0076747284178781, -0.14848423088347, -0.010872053916942001
-0.012487301494055001, -0.024648669827299, -0.12174294274631, -0.014290926462126001, -0.14528315443669, -0.008070807104558
-0.017535587528814, -0.029290752208695002, -0.14944354332614, -0.017096345751029002, -0.1466555907552, -0.013157017767898
-0.054100029662377, -0.025914669878442, -0.09502486026400601, -0.0003740415225449, -0.13480989506014, -0.0066564103245438
-0.0099075997186043, -0.033168426268563006, -0.25429550023137, -0.017913981165641, -0.13878000400065, -0.011552137738194001
-0.035092664994389004, -0.032292616941311005, -0.15573817201255, -0.013034623376591002, -0.15049580492716, -0.0036374294180494
-0.011245819641858001, -0.031234328439454003, -0.12816492655304, -0.019393938326177, -0.1619721766957, -0.0006860645737815999
-0.013931878082716, -0.031658534838968, -0.10612230294757, -0.018765192056147, -0.15738559584304, -0.002470427430936
-0.017156180668043003, -0.028522326038743002, -0.11399907776792, -0.027158899003744002, -0.16399853463913, -0.0047988654062922
-0.012525646157908, -0.026358486586651002, -0.12252005454687, -0.030405672176001004, -0.1439924703658, -0.0036514522185562
-0.014519734717744, -0.023911274770332003, -0.12372395244681, -0.026256200916812, -0.13850365969974, -0.0023459076869917998
-0.024432180503497002, -0.017408435109208, -0.12300577054096, -0.031905855774045006, -0.13850053842607, 0.0010568918776807
-0.018038765235242, -0.019671262131468, -0.10308709589168, -0.013404129044769002, -0.16093494266444, -0.004361991658508
-0.029912262353688, -0.025209760820070003, -0.12763708605064, -0.014160030630605001, -0.16527334766691, 0.0017407017655282
-0.019141672936988003, -0.020852605699286, -0.16996487053652, -0.0037394442412813, -0.163567349311, 0.0033940454634388997
-0.043958969079405004, -0.029651342549098004, -0.16743845531222, -0.012564345964588, -0.16100409653009, -0.0041219971651656
-0.015111140601576001, -0.025499196189408, -0.1553994302993, -0.023403979470912002, -0.14774360479295, -0.0030539699398955
-0.022896178939538003, -0.023197078311449, -0.17429200199434, -0.022084996495581002, -0.14576647440031, -0.0051417744757563
-0.015336463633359, -0.021045233573868, -0.15281396199117, -0.02185477046113, -0.14792430119986, 0.0014577640288008
-0.029541394016307003, -0.020629986802819, -0.15682111902415, -0.02132493037271, -0.14608592566739, -0.0065027208870259996
-0.014349008331808001, -0.013019082328436, -0.15641881170366, -0.024819451837410002, -0.13617725251869, -0.0025286591729165
-0.0065917575689357, -0.016775181369322, -0.16422641391701, -0.015734293493907002, -0.14017198145327, -0.0021582191251496
-0.038722347512522, -0.019810452185068002, -0.011883368205379, -0.0062071032707811, -0.12605352652307, 0.0055376564723225
-0.0012266110786316, -0.019162699691081, -0.14434166713472, -0.011114806751873001, -0.14017955672951, 0.0051422192761556
-0.020640473601804002, -0.021316266117615, -0.12925699465795, -0.014532062715444001, -0.14369206292383999, 0.0089856716754785
0.0084171195800541, -0.024874298536312, -0.15873480877995, -0.016560509848209, -0.13253895086888, -0.0011690169090905
-0.0020971816980893, -0.024469244582319003, -0.15845850327184, -0.023711048531690003, -0.11907940242083, 0.0043152934490304
-0.0055470699816523, -0.025108245928003002, -0.15019060537243, -0.017115927760159, -0.11379487459665, 0.0093741825739688
-2.7337763827999998e-05, -0.018426768199265, -0.14758430721884, -0.027923822231255002, -0.11603324045383, 0.0030754712569642
-0.0024002586539448, -0.011629097725038002, -0.13522810089203, -0.031878000540761, -0.10302848903281, 0.006944685508618
-0.031599895780144, -0.0090090407671888, -0.16555421194786, -0.038869325019336, -0.10003869133045, 0.0027660970795819
-0.042130661637143005, -0.013961998888681002, -0.07835612176437001, -0.020896956795183, -0.11660779111285, 0.0075173152615981
-0.038020391652979005, -0.018401616452268, -0.086869625003688, -0.015762549004552002, -0.11563627413475, 0.0065452157212756
-0.024929837230426, -0.025128659414886, -0.15444314108409, -0.017738578597491002, -0.12604138762768, 0.014425379340657001
-0.033752264396873004, -0.020506727201273, -0.11957871824392, -0.022276310749354003, -0.12077160802321, 0.009433667890633799
-0.026737841813350004, -0.020244268542363, -0.14328033922898, -0.031684054897354, -0.11645233077738, 0.0072749523665756
-0.017877546840081002, -0.019932196202933003, -0.13709160808579, -0.027633941886375003, -0.12283391201311, 0.012914281854215
-0.072244260577577, -0.01933210350931, -0.20501500147316, -0.011854915305567001, -0.11509688901604, 0.001293812671612
-0.016387360808049003, -0.010769065943950001, -0.1578548307384, -0.028681710446806, -0.11609847783352, 0.010899534816616001
-0.007983244458826099, -0.0059015964311361, -0.13592672847768, -0.032472559723479004, -0.12631668855028, 0.0075367984740094
-0.013987737636194, -0.0067815552701241, -0.14964327574299, -0.03811105642666, -0.12263585153648, 0.006967875938051
-0.033100815591316, -0.009904816059697499, -0.030231836340851, -0.025437276983335002, -0.14133587747801, 0.01006595181001
-0.019039029350971, -0.017329619922498003, -0.23171299297789, -0.030242335327049, -0.13305701843038, 0.010208983411569
-0.026853858857752003, -0.017669744287060002, -0.11706547267656, -0.025036311057049003, -0.14990032181749, 0.0056186878261873
-0.019838619617896, -0.019202656938028, -0.14286019521356, -0.033255713767044004, -0.13792023557434, 0.0026286255099576
-0.012683479196294001, -0.018754745909616, -0.12715163538338, -0.034253015715264006, -0.14308683431966, 0.0061648514784862
-0.024260470433098, -0.013809423282222, -0.14302071505773, -0.036663176867028004, -0.14287620652943, 0.01192901735908
-0.020024174341181002, -0.0082569495978871, -0.13940273150073, -0.036586169098072004, -0.129515350666, 0.0018294457767717
-0.017121923943854003, -0.0084182711723901, -0.13402657361658, -0.037077425183172, -0.13106043817933, 0.0028791825195242
-0.02666763835732, -0.007415295703525, -0.15578813720047, -0.033524488784167, -0.11883129353357, -0.0005976911968221
-0.041409978745804, -0.011571326031043001, -0.08733469772706001, -0.02836810354313, -0.13469283449089, 0.0055878681085065
-0.043512964810489003, -0.01539119321038, -0.20308217220965, -0.029188436398296002, -0.14348688412463, 0.0050270284144565
-0.048932737318323004, -0.01797956223133, -0.19101168114833, -0.019515913851877002, -0.15615769827335, 0.0051911668312058
-0.014422092001545001, -0.016226964214758, -0.15896103317432, -0.035079866985375005, -0.12513883626953, 0.011749987451327002
-0.0054617474544106, -0.020184477848232, -0.11146034450228, -0.035854861921078, -0.09943424198228801, -0.001421845815795
-0.027320759470416, -0.022201697000367, -0.10508601370773, -0.041710542886585, -0.10587004363584, 0.016204012442997
-0.012837817855546002, -0.029029370354701003, -0.15046477640412, -0.05271669723805401, -0.13048381431669, 0.0046867208127959
-0.029473474110828003, -0.032843629393342004, -0.28472903027686, -0.059401352552339005, -0.11821954662584, -0.002379385819246
0.021691274418761, -0.031075692196623, -0.30296896221986, -0.048315471586893005, -0.11726175099188, -0.001522522862085
0.038720895934221004, -0.024136171326819, -0.24185795373113, -0.043240489610854006, -0.11255476611567, 0.013453024177336001
0.045533947759867, -0.028498339890678, -0.22585827709779, -0.034672041858257, -0.10963070034705, 0.0098947850625247
-0.0094813617735455, -0.034739546204941005, -0.15751324082403, -0.03603685096418, -0.10498129829417, 0.020946125391006
0.028817788558873004, -0.039549978529062, -0.18107899903529, -0.038433258093709004, -0.11953041926247, 0.005283388773971
0.062697624300038, -0.041179965495859006, -0.23289319490988, -0.050592066238575005, -0.094616094743719, 0.01048295208493
0.061137385012762, -0.041371726721788, -0.20548395163903, -0.038544305442956006, -0.10043259335545, 0.0089537726804252
0.047023690057030006, -0.033033108459588005, -0.16716731652574, -0.039865943768860004, -0.096080677449036, 0.010873368021861
0.032567067947162, -0.021126452499623003, -0.13498436940318, -0.041317667804495, -0.11588601740449, 0.015773304318715
0.024405002087198, -0.020116328373801, -0.15141724758678, -0.041515595451113003, -0.11563554631835, 0.0078326408590397
0.011149807206329, -0.026039756579053, -0.09395505969244901, -0.040081953530717, -0.14199817380413, 0.0051253243719082
0.022055630690663002, -0.027791859786452003, -0.288108242177, -0.035730958133666, -0.12748491878374, 0.014853581542553002
-0.025375692805657, -0.037486024841107, -0.32198188264288, -0.020695285452697002, -0.13333749734881, -0.0030358211190925
-0.0030424506398487997, -0.031833695613224, -0.31318517572942, -0.047489467016414, -0.13631375930135, 0.0015882384804474
0.0047795052425202, -0.027004838856234004, -0.29262795930864, -0.029063181221897, -0.12632969747305, -0.0018834418783956
0.0023207710588342, -0.019226140324401002, -0.25298938298335, -0.05191091535264301, -0.13007577638056, 0.011368873091805001
0.0055141850984588, -0.020948383226535, -0.21861829565788, -0.043570093368691006, -0.13475065053834, 0.011035602849545
0.019380246390453, -0.015653309533944, -0.19631788421671, -0.046298280527872, -0.13675276149397, 0.011380397079962001
0.0014668358859235, -0.017473187250295, -0.16600792166234, -0.031563400578286, -0.15187451564162, 0.0091556361383605
0.0080479834559946, -0.015940519200453, -0.15293756108103, -0.023913321516419003, -0.17525229026448, 0.007077014373224
0.017121430633895002, -0.011823373495595, -0.25066600782852, -0.03206079056706, -0.1753419481479, 0.0091183779554488
0.0048960347422148, -0.018584496487569, -0.21098410626111, -0.031671317957013, -0.1662722387893, 0.013733923836133002
0.0073547826203877, -0.018467948467126002, -0.21815485768453, -0.051334240700791005, -0.15322492100647, 0.0090755731150812
0.019798362011962, -0.015261639224755002, -0.1954826419394, -0.046217775354186, -0.15678213056458, 0.013133165068916002
0.0059729323029043, -0.018054216116861, -0.23421279185504, -0.043758192600226, -0.15996255236413, 0.0083299812600356
-0.0045278587458216, -0.013777764278900002, -0.22557693035936, -0.045366974989541, -0.16479896608965, 0.0004936383715975
0.022558357435081, -0.011038904230464, -0.17070430023457, -0.045088368277517006, -0.15202661640411, 0.0082259976186007
0.018903562322217002, -0.0062007081162348, -0.1471105585001, -0.041049584531491004, -0.14525485595313, -0.0016855592066068999
0.009407138844427499, -0.014671382813507002, -0.07079588237956401, -0.029392806409802002, -0.16525178662611, -0.0033457759629701
0.010052368247217001, -0.010075701829334, -0.17180388031034, -0.039998072888745004, -0.15669589570132, 0.0018455780212818
8.80990634229e-05, -0.016527818549783, -0.16454366098319, -0.026982573465655003, -0.1690294998794, 0.0022550552922618
0.017137511687665002, -0.020726381468305, -0.19322256294535, -0.040115233913679, -0.16046384575548, 0.001588174653078
0.018476254585489002, -0.021522597624627, -0.23810101105716, -0.034047141530648, -0.15266951108262, -0.0092263689556172
0.0001005557352488, -0.017733522712422, -0.2343762652018, -0.046156939704712005, -0.17535793049013, -0.0035223324323529
0.022903173618857003, -0.0084730100969616, -0.19632142805647, -0.054793021982686006, -0.15188632801841, 0.0061920666396473
0.017318212733254002, -0.006380355636497, -0.16197445336773, -0.051970800452202, -0.14285982695681, 0.0031558502776567
0.017573604255214002, -0.0063608244740917, -0.16858532068244, -0.055594328307467, -0.13736995381037, -0.0007914010107018999
0.019150395043549002, -0.016360988262254, -0.19449620290643, -0.035203585750203, -0.13877761991224, 0.000648510907281
-0.06744585845226901, -0.020189515335794002, -0.213171865399, -0.029103378971862003, -0.11515288691991, 0.0078256125473942
-0.06641164132416201, -0.009611012715109099, -0.1178229170061, -0.021515479498702, -0.087407969846992, 0.0077761934804776
0.05763779492764701, -0.021482059722858, -0.34234928025865, -0.032945280439185, -0.10957697461994, -0.0041571692087621
0.13353560399996, -0.034599307125938006, -0.44325019263379, -0.056180948346231004, -0.12213780351244, -0.0063246517539403
0.1487729343389, -0.028449024234263, -0.4997358906828, -0.037606797096780005, -0.12535293957435, 0.0077543363971063995
0.12609320089451, -0.0030021806166483, -0.57443940859195, -0.022068776144888003, -0.10453389322877, 0.023025928148100002
0.10028116426347, -0.017729461374143, -0.46794950615667, -0.046610706364818004, -0.10778323674118, 0.009530807085856999
0.055589887880204004, -0.02126067335672, -0.36462956960508, -0.044026026347028006, -0.11268491956002, 0.0080253637481718
0.066657357518025, -0.023363787490748, -0.25122270978612, -0.035886766473410006, -0.10845024406245, 0.0019235935145235
0.09386076582190701, -0.020471413323876003, -0.44428135547028, -0.041868310120165, -0.13213067049494, 0.011661326059842
0.024153493063585003, -0.024301573550679002, -0.28792260620838, -0.023849803108583003, -0.1274086181032, 0.023150960584033
0.054996348746167004, -0.020752034828347, -0.40131246390677, -0.033710599501902, -0.16029941877478, 0.018413191254757003
0.064788769457161, -0.017147734206442, -0.39588803022816, -0.045955651480787, -0.14875578199149, 0.013510084368738
0.0023732767000649, -0.01583799381773, -0.19562322053193, -0.030559797954421004, -0.14489656690572, 0.020691102685147
0.09086699434864201, -0.010423012150796001, -0.41562849564672, -0.047895312202728, -0.17041817098504, 0.019411004068305003
0.091518968475139, -0.021209837028368, -0.49601048218007, -0.055064987566658, -0.17329080259733, 0.016291023044176
-0.1373512809484, 0.0055170461450229, 0.22034679489932, 0.011276994650895001, -0.13112702780161, 0.041200015385425004
-0.21525948441814, -0.0071056877486497, 0.034827118886168004, 0.0007117720444121, -0.14725066616765, 0.025255535958677
0.022957273160428, -0.025194936545433002, -0.33210102722092, -0.024887066190811002, -0.2489309565311, 0.033052289892192
0.08230543916298601, -0.032477229806271005, -0.46678434819787, -0.048643478603614, -0.25945076018442, 0.039044181457734
0.10021096485062, -0.033797275924748, -0.47023102246407, -0.05695365142328201, -0.2335278564283, 0.032399997017006
0.06282786027600401, -0.031331982630912004, -0.36700569909418, -0.047402792572575, -0.24341808904331, 0.029596537249531003
0.052224515158971, -0.015302044640065002, -0.38131802740258, -0.045918047921685, -0.23054759370864, 0.019140780028588003
0.011105772029275, -0.025436078063484004, -0.41629327228875, -0.052465961085277006, -0.24507456288761, 0.014288812213183
0.056518117165047004, -0.01600821988343, -0.32663072614146, -0.046382209252726, -0.22159909392268, 0.024390091348099
0.05989267587723, -0.027168567544418, -0.29754472696769, -0.044556011649677006, -0.22304623407097, 0.018867409705454002
0.056004797352709, -0.025966879143152002, -0.30177084792487, -0.040107912049262, -0.18888128175261, 0.031190355358071003
0.019968997939211003, -0.02708176020475, -0.26755794941877, -0.039934572786462, -0.18018836174724, 0.030405931704638
0.038782827635204006, -0.038454662260661, -0.27855840441975, -0.043549555210463005, -0.16546621503569, 0.026909559087769003
0.043601566027604004, -0.049908715260422, -0.32656107160198, -0.053007008699636, -0.1532585995799, 0.013783751788019001
0.06397997194824201, -0.04316786532531, -0.37895767885225, -0.05844179508443301, -0.16542414685933, 0.020976270738652002
0.034108697940231004, -0.036283485938561004, -0.43946717523454, -0.057773689294176006, -0.17186021352661, 0.015285957540866
0.063246362260159, -0.02520596727086, -0.34026229371396, -0.068360201564287, -0.17108868244671, 0.022841554670974002
0.025871400646858, -0.024956960684371, -0.21463120826613, -0.047145933359545006, -0.17392571520874, 0.03483547917773
0.029478793606411, -0.024261735018907, -0.14118233341259, -0.052510914376515005, -0.18490264385815, 0.028642460738293
0.020660233693357, -0.032549139537962, -0.26282774913862, -0.047397366928713006, -0.17358340534026, 0.036088489390152
0.015141277480626, -0.030274897915553003, -0.2520638267881, -0.05430441123351901, -0.18679974476482, 0.041245560871742006
-0.011980461146077, -0.028371065059604003, -0.32290308924423, -0.046686678617755, -0.17478866668842, 0.024554476098696
-0.024133370590923003, -0.023881665230136, -0.3068246112394, -0.055719735145073, -0.19250115527097, 0.028337367661978002
-0.0082169120466604, -0.017103391496469, -0.30719362642753, -0.072662297724721, -0.19775590156162, 0.035754509020135
-0.020913804152276002, -0.011740145543861, -0.30217044546436, -0.064107327012628, -0.19966668371313, 0.034462892913272
-0.023606057653588003, -0.011693511460198001, -0.31034722716762, -0.057198814866615, -0.21214267500345, 0.02954863091518
-0.044927912888952, -0.014639048751253, -0.26947846414023, -0.038777002322906005, -0.21822339023815, 0.023343534274263
-0.039297766322352004, -0.024770676414101002, -0.24220330304591, -0.025293576013927004, -0.23517222050817, 0.023817507416506
-0.04663489092925, -0.019735981939356002, -0.36872065776225, -0.015676222708939, -0.21375397848665, 0.023813805361686
-0.045383016105287007, -0.023588897255297003, -0.28653311430938, -0.020067283659479, -0.20285427281049, 0.028060529324495
-0.050354790641788, -0.027341514313041004, -0.28022033331533, -0.0465302277471, -0.20113349633756, 0.020809963976908003
-0.041250703069192006, -0.024827034200983002, -0.24905552501065, -0.046627890714294004, -0.21196077517113, 0.030955247698386004
-0.019641780497295, -0.026886829538692, -0.22291149446696, -0.050502691738366, -0.22786375527768, 0.025122214295486
-0.013854986901233001, -0.019633125584817, -0.23657698355722, -0.045102912524942, -0.21532887101363, 0.018901523814183002
-0.016079308747255, -0.018152804269267003, -0.22314966465198, -0.047636290307557005, -0.19912851366902, 0.023709942399340003
-0.0065925402547415, -0.010773364427936001, -0.19427734973868, -0.047780919606358004, -0.20774362475085, 0.033254049268375004
-0.018868030963484002, -0.016297716091635002, -0.22125625749622, -0.039177341152684, -0.19025738183106, 0.033519611939375
-0.026463910366937002, -0.015701942357302, -0.12932687583992, -0.040097962650925, -0.17637916161284, 0.040449804011111
-0.0014419473276705, -0.027495571430498, -0.20873635837045, -0.047237427534963, -0.17749063336355, 0.025913504618629003
0.033621511958842006, -0.022155853760389, -0.24511486663665, -0.057536303669543, -0.17713217056261, 0.019183065183421003
0.020541173648078, -0.023493940734235, -0.24290946472515, -0.058402765286617, -0.18442894480027, 0.028088152239764002
0.027115810792056, -0.012611721698237, -0.21183074664125, -0.055732060531854005, -0.17004670214911, 0.032402739029568
0.012410410291737001, -0.0099378445661953, -0.19994721910571, -0.060516361663418006, -0.17716613332636, 0.027970315799954
0.010318937606789001, -0.0066868359361148, -0.15822113592874, -0.059733075639755, -0.17182396419248, 0.030505521660282003
-0.030619560243775, -0.011508123398999, -0.16409744404387, -0.047277326801782, -0.17015615215414, 0.033647565301037005
-0.045345532373027006, -0.020697085722369002, -0.26880108584816, -0.049688671729586006, -0.18993301361334, 0.027418888040471
-0.021759938685133002, -0.023800498896794003, -0.16372011244302, -0.050707741299176004, -0.16025442643428, 0.035795960567365004
0.0094258552583678, -0.025496610657458, -0.1876820256865, -0.052202957316522004, -0.1645815916548, 0.037301399481365
0.0085010666362303, -0.021028943165870003, -0.1777681201206, -0.053164412390175005, -0.16760707382257, 0.040839193939883
0.010149254062618001, -0.015423931824722, -0.18318413711749, -0.056162571268034006, -0.17313874884024, 0.047173129519198005
-0.012079152400932, -0.013712632862284002, -0.20876907057775, -0.06543855255449, -0.18687474606132, 0.041399226943515006
-0.026857142948395002, -0.010589639542833, -0.25264281576616, -0.069343403097085, -0.17517499036299, 0.038923714988334
-0.030958724903471003, -0.015406712249677, -0.16079186192066, -0.048416846497894, -0.18577282957115, 0.041506611022972005
-0.0041388191175557, -0.019053771633302, -0.236339690667, -0.055348406457692005, -0.21406866309381, 0.04833373401534401
-0.014237429219029001, -0.031347295316943004, -0.32829853627811, -0.040776281533674005, -0.22119752521474, 0.068564995440101
-0.062889042479442, -0.036706806366789003, -0.42829398904834, -0.037340421290787004, -0.18734884260268, 0.088341526026337
-0.066945247296228, -0.038946184960996, -0.44391357271185, 0.010904044663712, 0.02446249482411, 0.12311769802648
-0.048561564614243005, -0.05904164129513301, -0.99127903744327, 0.07006838538112001, 0.25470213748176, 0.18047187459807
-0.19134432798729, -0.044963877979222, -1.220474901570415, 0.080936852924493, 0.50465823417997, 0.17681406661544
-0.15172772876018, -0.048870040360781006, -1.1211983816074893, 0.051432922814078005, 0.49245009000365, 0.16953208330064
-0.10351147298096999, -0.084365362080954, -0.96544149778536, -0.024025494227604003, 0.34779793703158, 0.082148212218366
-0.0092430947160259, -0.09540965959379201, -0.8766963581827, -0.0010900961416114, 0.38130061441974, 0.04980583086534401
-0.053908428001149006, -0.09247570588670001, -1.1270565174760736, 0.029740358308853004, 0.55314347492425, -0.0025339236279335
-0.077572605647338, -0.068007230189155, -1.7150616896541653, 0.033831263579830004, 0.80697875655722, -0.040582403400761004
-0.10702262993596, -0.022063282244971002, -1.8420619176521722, -0.10869231014341, 1.039415064036504, 0.040111028653617
-0.12409572486722, 0.015753083431348, -1.9832394253001961, -0.28181983824059, 1.3842241511284075, -0.041108255457331
-0.048852933162334, -0.091426803403076, -2.279886890677723, -0.42549710233617, 1.7679843782309905, -0.12917786257577
0.013749431428158002, -0.17378780633197, -2.1721594773601334, -0.3568086218791, 1.9158610353827792, -0.35087048627006
0.13209159961444, -0.1985675031631, -2.0493292364801814, -0.44575843238681, 1.9676935963945057, -0.40840070690601
0.22839291050597, -0.23323887813693, -2.0828112882622616, -0.37910715031141, 2.077234146091979, -0.40108721254641
0.32029919978331, -0.24453588152294, -1.8527627639231679, -0.36991578673818, 2.0080780280234856, -0.3917636436876
0.3660963483013, -0.25464735105523, -1.9569340366854806, -0.43646742806614, 2.1027160455111273, -0.39363135746704
0.34398924496836, -0.2182133135825, -1.9467085577581753, -0.4589296856145, 1.956015480284523, -0.28236642906981
0.3167244714627, -0.26992977679927, -1.6584456955397702, -0.45784595625981, 1.7869428154427345, -0.14122285583452
0.16335209594542, -0.31331216143049, -1.3698652972036767, -0.27632156154255, 1.4583116325218308, -0.14488670392265
0.033018391279426004, -0.32628848854139, -1.1748537768888516, -0.24078774962897, 0.98490294072709, -0.08876570887981901
0.003759119821272, -0.31167278694082, -1.2864811484676422, -0.1431514607222, 0.88096096562794, -0.027942359260805003
0.10274250974157, -0.27295877715022, -1.2962928130778015, -0.11827610060776, 1.0901230528924197, 0.000602571831389
0.076183614790191, -0.260329699972, -1.4521643973530125, -0.15269376443861, 1.1011906304930907, 0.018684083942336
0.043505301373719, -0.25205039613135, -1.0692211166416994, -0.16335222807922, 1.0312783985321958, 0.01441650764445
0.1537520066739, -0.2676048485263, -1.4493646284701507, -0.18580752002924, 0.92056717252158, 0.042915317048509004
0.12685378538362, -0.24511556973511, -1.4468149041031577, -0.23775475827399, 1.0027302258802202, 0.059089331546528005
0.16650017387359, -0.22779220494285, -1.4592640970247517, -0.22694882772928, 1.0084417869464, 0.015264914652045
0.12915022943357, -0.21209285454312, -1.4468779543650467, -0.17379483113591, 0.99275467495452, 0.05956836521741501
0.12679022200807, -0.17923276037671, -1.5612148509572288, -0.11898560712145, 0.98138852161752, 0.073528423690154
0.12365442179156, -0.1962752794043, -1.6776405835587944, -0.1413300433521, 0.9780374643232, 0.061022229232354
0.15373999077482, -0.20735921550043, -1.7038234672127361, -0.19347399131592, 0.93799154666239, 0.06046628416183401
0.1581122983078, -0.20248978007867, -1.6784104755035036, -0.1693210551973, 0.96628533172943, 0.06464330743838001
0.13152479599735, -0.17428066261476, -1.5707732286698683, -0.16719716812782, 1.0115533137126753, 0.07667352193674601
0.12729105768836, -0.13828915450783, -1.504824658829742, -0.16058247775255, 0.99115243324646, 0.1322852863798
0.08742664860578701, -0.13499153356859, -1.5138609899442204, -0.16510128195698, 0.99859747221347, 0.10700879078223
0.084353674425943, -0.16939553019518, -1.4734240579576108, -0.08596024223908601, 0.98080458129825, 0.038324414625142
0.13778249018744, -0.082701381617619, -1.5374088014330338, -0.05767689991438701, 0.99964203069098, 0.17580502484859
0.096764036340286, -0.089023334295821, -1.516078144995972, -0.08327912547322801, 0.94605252275191, 0.059361341545355
0.11035492840389, -0.06485673241199401, -1.6074750744971928, -0.092612737852391, 0.96413565437602, 0.1132528592852
0.10497032634814, -0.08454581166161301, -1.5987917160852503, -0.10204960005869, 0.97148290053171, 0.090595820397423
0.083962998388196, -0.087534906373292, -1.5839500979749852, -0.10873250517455, 0.99681929608658, 0.092479415085662
0.058178902926244, -0.092674327518212, -1.5087925760193253, -0.1235785914273, 1.003477517561763, 0.074293865363264
0.066610405051313, -0.0890888388154, -1.4763290789451262, -0.11789031798614, 0.99652865673774, 0.07698914173889
0.074143771121445, -0.072763256512112, -1.517196653944966, -0.07269856136212101, 0.97997540720657, 0.08934648200532701
0.064569196059532, -0.099069430534548, -1.5747134385620454, -0.063850682374708, 0.9683012307507, 0.050176201329843004
0.02512728685278, -0.15017300571278, -1.4850130997856517, -0.085211981415064, 0.95736329776159, 0.029377980757341004
0.018007432141403, -0.13259279811973, -1.707287509649258, -0.08549800160945101, 0.93674477964188, 0.06410598839565601
-0.063925852693813, -0.12508023735847, -1.3436528783923345, -0.08633672558730701, 0.90665818067354, 0.071777691669564
0.010872464695846, -0.12872768889314, -1.451888656857843, -0.079370599446296, 0.95635272910796, 0.068257429826469
0.049226230664582, -0.09141403934436601, -1.5718793904261206, -0.09611519523361, 0.99845919770622, 0.090721441029668
0.07419298052307201, -0.086317926693265, -1.5424546498729672, -0.09174801480353101, 0.97350796253279, 0.079956058953598
0.09972236758857601, -0.10040614456764, -1.6633971070690685, -0.08664865967885, 0.94739902683079, 0.08845490940611801
0.018987666240430003, -0.11579255458369, -1.50744868388874, -0.06363629248521101, 0.94303460638312, 0.07300812978008
-0.052921397467567, -0.11372307300402, -1.2669860193282578, -0.060680371494494005, 0.9340277658134, 0.07312214379269301
-0.0060270285301334, -0.10633427310159, -1.42309820894214, -0.083717122988648, 0.92443520867464, 0.074755526036309
0.0059142569155344, -0.10404152326056999, -1.412568872748508, -0.07762631233647001, 0.92193551371842, 0.07863718453268001
0.08033510841474001, -0.10850715618705, -1.5444216114434839, -0.099893353574172, 0.9188191714238, 0.054263985322462
0.10201663215376, -0.10718730644396, -1.5280126630941606, -0.11911648293594, 0.89453186097465, 0.046040972777846
0.057317928114354, -0.1031403938294, -1.4509782572260346, -0.1157081648454, 0.89580626718258, 0.056615450505384
0.036605014418614, -0.09350596570059401, -1.3976292904045131, -0.10784286440638, 0.90255267387096, 0.050410121504989004
0.0061503757067303995, -0.085029308737271, -1.353113015623511, -0.09552300237731301, 0.89464319718805, 0.050795480811007
0.0048191056185529, -0.085071029356864, -1.3041938303366565, -0.09820987341778001, 0.87965637786809, 0.040944177913584005
0.024884423333854003, -0.09028669847553501, -1.5320610229079887, -0.12157892934719, 0.84194044622335, 0.028593303647999002
-0.083827445497393, -0.08883334434610601, -1.412850329340599, -0.10662926625551, 0.83100285870617, 0.029678167003893002
-0.060606836873078, -0.10242039029145, -1.33688022569131, -0.12058980381454, 0.82345943987986, 0.0070228794063394995
0.028551755237908004, -0.10929679570725, -1.4798605128126452, -0.14011361697411, 0.86344267491754, 0.0086120213221212
0.020302163289894003, -0.13917090915232, -1.4854374885207988, -0.11361589183062, 0.85195753408752, -0.030235050720712003
-0.05168157762798, -0.10947971304291, -1.3540372676896868, -0.068073136135642, 0.84952210101369, -0.018158885359417003
-0.0058114368160114, -0.12282269132329, -1.4039627352148687, -0.08281936853265301, 0.86160077792018, -0.078499735681754
0.0034924702094846, -0.12732714353127, -1.3451133557337962, -0.087020971500364, 0.81453629628458, -0.08555125814111701
0.032372428286451004, -0.13850634633746, -1.418099886022455, -0.11400028297777, 0.84801024613336, -0.07470426464391801
-0.016782298216009, -0.12661666590813, -1.4349285397505156, -0.11282823500587, 0.82663271716592, -0.027555227367197004
-0.036355007684453, -0.10715928924613, -1.2344039120848789, -0.092464626162994, 0.8174365908721, -0.045451079256380006
0.017485594584904, -0.12377846793704, -1.3328528472144456, -0.10585537028753, 0.80239098741348, -0.04805669722681501
0.046237534539374, -0.12279420185243, -1.4764309877385053, -0.11336693852191, 0.79721440019389, -0.040223720739891
0.078614170663009, -0.12241406664183, -1.525049429391959, -0.1034097290193, 0.81489367577271, -0.041571579587446006
0.05948275839791001, -0.11473782805172, -1.4641082062323985, -0.084447184587641, 0.82162923627901, -0.04166849918070201
0.04471829715284, -0.10944831456396, -1.4665298162031746, -0.08165303167318701, 0.83387347143337, -0.035449743722877
0.014830161496396, -0.11600812948294, -1.3936977113805915, -0.08277799916549701, 0.84439926244085, -0.016312375754797
0.043749030502478005, -0.12144774785245, -1.4351153200062585, -0.10157544056663, 0.86753776434547, -0.022652616523038002
0.074127659327541, -0.11859550214155, -1.4741779209727455, -0.10243536099315, 0.8532129941175, -0.028141215858223004
0.019512274511842002, -0.11324589810186, -1.3785666962907563, -0.10157454528187, 0.88178231094392, -0.022280687797385002
0.017734907276832003, -0.11281061836666, -1.376922454102447, -0.1062499720923, 0.8601270919319, -0.024610213713104002
-0.024632143323973003, -0.11958344848834, -1.2835971623641405, -0.11206963694597, 0.83935831832613, -0.037981891939236005
0.025034786742896, -0.13171176568091, -1.4065969115547605, -0.13668220680912, 0.83783784135193, -0.048822323885317
0.041043623476383004, -0.14548327723803, -1.418738150898954, -0.14473747266893, 0.8493349293496399, -0.056244740160997
0.033352746759562, -0.14356519865665, -1.4230531924554202, -0.14011879029758, 0.84755227706392, -0.059160993184029
0.028958129822134002, -0.13700524214375, -1.3859057737911293, -0.14384369769848, 0.85955391840086, -0.051692338344368004
0.0001934818677708, -0.12936195684469, -1.3559560220271858, -0.13932267093441, 0.84327971349827, -0.054738940503835
-0.021362526090007, -0.1195943326841, -1.3373062348804652, -0.14014950624762, 0.85725860704097, -0.047081262949164
-0.048025450276251005, -0.11240710025487, -1.298028322155603, -0.13809537474237, 0.86461652021361, -0.038727951762214004
-0.07910612867403401, -0.11769916867973, -1.124332687057204, -0.13188205289927, 0.81491207884268, -0.045719139796899004
0.022490092751999, -0.11743635668713, -1.3631599926094065, -0.13185116150994, 0.82870227116233, -0.04545927057481201
0.027694213627627, -0.11519998447277, -1.4333672824118162, -0.13391724418346, 0.83216351258987, -0.0511475012231
0.014688746255132001, -0.11445021677803, -1.4424278159503228, -0.14794899475769, 0.81424386524376, -0.046591220439431
0.020775390286484, -0.11361261719523, -1.4431721110378644, -0.16440592439072, 0.84226886711354, -0.048940803722553
0.016587919811975, -0.12160009650049, -1.3836937470293673, -0.1650609646842, 0.83930527440947, -0.054371108413095004
0.021330536711460003, -0.11077011732098, -1.3627736591560635, -0.16535764213762, 0.83998291312187, -0.047463252890042
0.011963195263682001, -0.10624301319241, -1.367329182542397, -0.16255041175967, 0.83756999341403, -0.048215447159566
-0.0038625872603919, -0.10346940963957, -1.3952640490662067, -0.16606602832996, 0.8529898459405, -0.04638221867644501
-0.041805991169808, -0.10349690754868, -1.3474282832335518, -0.14942540766397, 0.86267155422085, -0.042713513785848006
-0.012623581527846001, -0.11029823781623, -1.396893905168701, -0.16330161854363, 0.84295378722742, -0.051203848175449006
0.0003112817534058, -0.11441973551328, -1.357149311980268, -0.1643708468778, 0.82497082791078, -0.043072191983495
-0.012722979452664, -0.11298287274769, -1.3104169014357137, -0.16803981102575, 0.78915030006565, -0.049338289923329004
0.0075581885212320996, -0.11242178439575, -1.296370641287471, -0.16790071403023, 0.81495711659501, -0.053086425708902006
0.0024310383832246998, -0.10276292705616, -1.3475131595671617, -0.17040806011723, 0.82440545784034, -0.046914945983176005
-0.011038595579655001, -0.09777545697700701, -1.36188993009802, -0.16809696203924, 0.84460488382218, -0.042249584034273
-0.0066783627381722995, -0.10153415510651, -1.3225547882933362, -0.1637652408538, 0.83355255512689, -0.048800975460988
-0.044236084641190006, -0.10779018370603, -1.3723181714034138, -0.15869120337588, 0.82145081307114, -0.057804926791232
-0.017291686588291, -0.099855883002487, -1.3044845045017848, -0.15419286887322, 0.81278866373308, -0.052447677844740005
-0.022511161379879, -0.09933038846207401, -1.2070189112000502, -0.16705704466457, 0.80737682529601, -0.05443183346014
0.0036880617349563, -0.11356196962209, -1.3150966330144376, -0.15580261010044, 0.79403200657321, -0.042045612123251
-0.020334913202528, -0.11245023241682, -1.2801599600972544, -0.16309634523735, 0.79795865896997, -0.045364984570926005
-0.0073356515477998995, -0.11136239601357, -1.306334006010873, -0.16693231285599, 0.80550502129669, -0.051347786570104005
0.0009897197240222, -0.10793147048777, -1.2775335259541087, -0.15903318303866, 0.79343158177777, -0.050927168699978
-0.018655842834016, -0.10197079677656, -1.2146238173947146, -0.16326050025815, 0.79146791650474, -0.04990849759800001
0.013506885576483002, -0.10361267871635, -1.2537327637240958, -0.17273288650104, 0.80298873132784, -0.05485154529107401
-0.0041316225477257, -0.10308304532406, -1.2870317644934617, -0.17290168798827, 0.80880243206626, -0.060462953828877
-0.016851483524781, -0.11218683794746, -1.3798685902139551, -0.18223828498085, 0.85232262314502, -0.06329439710428901
-0.042507030453098005, -0.10454027756595, -1.097672745703567, -0.16009671915939, 0.81546476609748, -0.05997426388696601
-0.013329885397625, -0.11859555421088, -1.3367796457060948, -0.18460931490857, 0.83292285580913, -0.06840454871262401
-0.012427978390470001, -0.12566835800722, -1.1961440197439805, -0.17796807809238, 0.7962960359401, -0.06624061296452301
0.017391537991356003, -0.12431157159011, -1.2425199183339966, -0.18525432544176, 0.81786712660927, -0.069272313126349
0.0099456387949406, -0.12070868207716, -1.2511593449534404, -0.17968185271416, 0.82009539824177, -0.065707970036928
-0.011046309297808001, -0.11900577994907, -1.2253331088913977, -0.17826951403463, 0.83616712589279, -0.06010466780294001
-0.047311179613905005, -0.11658568376825, -1.1989219559420274, -0.17479865991879, 0.82594365916347, -0.063865328720488
-0.04434261364749, -0.11568684165655, -1.235022917244917, -0.18763698595857, 0.82551021701613, -0.06067350166056001
-0.031341764882973, -0.12119556890013, -1.2276665922881782, -0.18230458647534, 0.8083573399093, -0.06532999694538301
-0.03151531679497, -0.12564961083029, -1.2944485507583467, -0.18290032829596, 0.82235283683477, -0.06809989049966901
-0.0048486160941492995, -0.1327844812381, -1.3560208634235482, -0.18291116985742, 0.80224935914497, -0.067479538028285
-0.056991360079457, -0.13098828265763, -1.3231487508982145, -0.17781048863133, 0.81229728432532, -0.07931525239956301
-0.028701248864321002, -0.13036575548493, -1.246236201068445, -0.18007280242418, 0.78169805409414, -0.075577119966322
-0.028092800641774003, -0.12319007052634, -1.2416323323923792, -0.18373873009856, 0.79527028303434, -0.072851733958881
-0.039959605862402006, -0.11597772756938, -1.1740954403196682, -0.1851450222271, 0.77795943081327, -0.06602793293009901
-0.037973874719166, -0.11008105668743, -1.2054617271122317, -0.18973667929585, 0.78082041337144, -0.064986505915989
-0.034919484761231, -0.11077182714875, -1.2073694771409043, -0.19660495788936, 0.78019368146612, -0.068734536946048
-0.026742647625758002, -0.10820793800875, -1.174673256353013, -0.1883571076269, 0.77262303156411, -0.064407912569078
-0.0069239588502161, -0.11826290295309, -1.2202009857425353, -0.20358261606404, 0.77621910424251, -0.06080609863893201
0.0097387608304918, -0.11995364167831, -1.263548729519472, -0.20212968735079, 0.77360341049347, -0.053346512820264
-0.017678279284358, -0.11911855110469, -1.223895902992664, -0.20696739088462, 0.777721836311, -0.055799849320168
-0.004710945142496, -0.11399050540319, -1.2370403799757554, -0.2129947131364, 0.7925700911626, -0.060910707441822004
-0.0012400973325928, -0.11186474428056, -1.2393641931651376, -0.21260877135156, 0.79965663983322, -0.048114357733607005
0.008258207652324, -0.11029810822925, -1.2309535084807195, -0.22429095759061, 0.79606596779183, -0.057775758705461006
0.0047499714819345, -0.10898962638907, -1.219636736322964, -0.21645289144287, 0.79484443926809, -0.05886041263649001
-0.010836818177597001, -0.10746677699489, -1.2163339600815983, -0.2181725633648, 0.79350432494677, -0.06071950027833101
-0.017880373570813003, -0.10603529406971, -1.1799833593080888, -0.20892275321814, 0.78662044338812, -0.061521302128166006
-0.0064075519073317, -0.10832368034513, -1.1368406584045487, -0.2092983985515, 0.7786630964448, -0.05937070028727601
-0.022668357150817, -0.1144248527227, -1.25419962755546, -0.19810866229793, 0.78624385731457, -0.059761987345112004
-0.037620203623597005, -0.1214638666576, -1.2697233584555632, -0.20333550765354, 0.77510563160414, -0.06716319980285801
0.0074042085692168, -0.12313206724277, -1.2826854031348809, -0.2085548862509, 0.7880680816287, -0.073247774106816
0.0042774778625411, -0.12068676125452, -1.2126837079596795, -0.20549414302276, 0.80048564633267, -0.064044333058637
0.013314417023043002, -0.10311295596743, -1.1703788126681645, -0.20200581064814, 0.81559349626432, -0.05190131474732201
0.0007384302574405, -0.09531086223111501, -1.1524128361846457, -0.2037880696402, 0.82146697064804, -0.053542383537197
-0.0012464628363483999, -0.095157959251706, -1.1247737920730727, -0.20116891405532, 0.80330606050219, -0.05560679340262101
-0.017663580713891, -0.10036924652394, -1.068420703327708, -0.19922957725921, 0.79932155794127, -0.052540970210092006
-0.00300621638287, -0.10371957978032, -1.1053586442576788, -0.2069662767292, 0.81087178204368, -0.059646550755178
0.0034736454748699, -0.11554414958578, -1.1715086295094523, -0.20292254709741, 0.81052478093496, -0.055790314913501005
-0.035557433106261, -0.11244907148894, -1.134497821207167, -0.20579276604797, 0.83917021544981, -0.056582526262889
-0.022001922597223, -0.10912577665282, -1.1443714131271059, -0.20484724385502, 0.83968758142537, -0.059585963160537006
-0.014174976008780002, -0.10601352937405, -1.1718534375570369, -0.21613492118876, 0.83473858972143, -0.052912934618674
-0.023123387313312, -0.09798599801287401, -1.1354311746171537, -0.21654726953758, 0.82992090178963, -0.055130108359215
-0.017863201806325002, -0.095408901055003, -1.1532737855485153, -0.22618255958549, 0.82345390622087, -0.05121982005218
-0.037368003898933, -0.097343815409987, -1.1978380210604624, -0.21509664885492, 0.82480102793669, -0.062327907960638
-0.039525677484974, -0.094333465454754, -1.106793822644352, -0.20259481816682, 0.82065764666505, -0.051113818093403006
-0.022185367977125003, -0.10297210996499, -1.2545510109965061, -0.21638117174931, 0.81188658867237, -0.054934473588393005
-0.031575741969673, -0.09990875185222, -1.1482122819726528, -0.21293811003558, 0.79874042974236, -0.051425854484475
-0.014815595312351002, -0.10070716518896, -1.1896193595465767, -0.22707450233193, 0.79906339944995, -0.050092987658090005
-0.0057590482088003, -0.09861239003304001, -1.1844167224818851, -0.23155178061625, 0.80806117609172, -0.048093161495369005
-0.011035444834848002, -0.095895761991276, -1.2029268373254163, -0.23423160433738, 0.80814583548798, -0.047713604723343
-0.0086428081471274, -0.09159590256232701, -1.200183852196988, -0.23549679248781, 0.81527739651844, -0.049992421292213006
-0.019106303419681, -0.08861918816863101, -1.186988106965962, -0.23510687001187, 0.81059702186515, -0.056902270374542006
-0.021846532663033002, -0.08848733662262001, -1.205358437813663, -0.23614024334307, 0.81490405901766, -0.060020081583529006
-0.039172127626073, -0.08878320577601201, -1.1515898562495461, -0.22499761023579, 0.79684879032041, -0.052778735941972
-0.029012195426949, -0.093459651296387, -1.2240162176421052, -0.22080360945774, 0.79169111350338, -0.055093905879578006
-0.032296205211859004, -0.09698019831224701, -1.232042457827521, -0.22395655139307, 0.77844776284999, -0.049357239653964005
-0.040192070703925005, -0.096332854758595, -1.2137711738897692, -0.22958368831387, 0.76980614663561, -0.049861498527285004
-0.020313560174239003, -0.09875389158913801, -1.217876270383647, -0.24155477467167, 0.78774494118955, -0.053204315535346006
-0.021316363854839003, -0.097320762961789, -1.19200579416817, -0.23877653550695, 0.79938155195386, -0.053895108180990005
-0.012312299444388, -0.096128855426447, -1.1982292978194091, -0.23904921597844, 0.80268217419917, -0.057263711892790004
-0.0065196276182335, -0.09680047440715901, -1.192704869666982, -0.23799806000522, 0.81987962563464, -0.064569486777643
-0.010922343370102, -0.094377691853837, -1.1879817531787102, -0.24261578049015, 0.80281667378772, -0.059433965397518
-0.0050199532879381, -0.094308318210784, -1.1863921212791908, -0.23330435418563, 0.80716476748818, -0.05575030384218901
-0.012924216131434001, -0.09689430841722801, -1.0788184800046645, -0.23645715642179, 0.8070212507306, -0.064086945786168
-0.032493907793645, -0.10514511095491, -1.2482114836593898, -0.23303501416586, 0.83875712611334, -0.056012679939226005
-0.022894973528899003, -0.1091953799184, -1.205861045478803, -0.23934306544665, 0.83231763443564, -0.060232690131646005
-0.023957331167258, -0.10897196209498, -1.2596886866846166, -0.23645345207703, 0.87801677005361, -0.057173660688296005
-0.015004863554598001, -0.11647070519143, -1.2462719854937312, -0.24321855210301, 0.87251425597039, -0.05811847412962701
-0.028714898420697, -0.11104828399188, -1.258898509488636, -0.2460428741073, 0.87595020434191, -0.048699010891093006
-0.053182199442942, -0.10209173052725, -1.2092445664519125, -0.24539838943692, 0.8579309202759, -0.048351020261647004
-0.035855615783501, -0.10550046929527, -1.2470170039219615, -0.25446082805688, 0.85160661475798, -0.057085706405316
-0.022928538379009003, -0.11041144730289, -1.243111064530434, -0.24452406481403, 0.84272686099615, -0.05505864947228101
-0.018972821620251, -0.11407401871653, -1.1801899150477582, -0.24195154406242, 0.81607674275827, -0.056760269743050006
-0.0042915795219, -0.1197097787911, -1.267382339688981, -0.24022862661793, 0.81703664889877, -0.058569932364854006
-0.036166621834792, -0.11751926569423, -1.2283649781297903, -0.24745664825696, 0.82105068039817, -0.052797963918833006
-0.016080478483098, -0.11569649435048, -1.2604470645893582, -0.25196673584607, 0.82955028589738, -0.057982060815375006
-0.046687239185090004, -0.1130403979349, -1.2721626774292623, -0.25166018928571, 0.80894942270606, -0.053872713647826004
-0.018806133322037, -0.10883540099098, -1.2115462416956988, -0.26285748789761, 0.80004211361685, -0.048384125294711006
-0.02551231961461, -0.10431726959426, -1.2016560037055777, -0.26246918103717, 0.79020531087874, -0.049046687604878
-0.0058483227662953, -0.10135207281496, -1.1855144969122493, -0.26142235260575, 0.78488500419656, -0.054672285869574004
-0.014468141710157001, -0.09838363914150201, -1.1720833514640583, -0.2581288368272, 0.77859888002468, -0.05221930775938301
-0.020841553967612003, -0.10299532072185, -1.1075453695028377, -0.24868469846023, 0.76692155721329, -0.047734761323604005
-0.015334804114149002, -0.10563028017263, -1.2437077886125059, -0.25032653891641, 0.76640854631471, -0.047018766035122006
-0.016465582016524, -0.10686497328717, -1.2113606419551597, -0.24925852053863, 0.77239669496858, -0.048314292367076
-0.02727633739357, -0.106678337108, -1.2237366636767113, -0.2581139435864, 0.78140421447975, -0.047127233206116004
-0.015293077970122, -0.10666749134102, -1.208169281109203, -0.26166678571019, 0.79300741590383, -0.04171568740275201
-0.015706070577590003, -0.10431125965026, -1.2017805114639293, -0.26436489661052, 0.77992594634112, -0.042364418175004005
-0.011292152259101, -0.10186606540349, -1.208602679807703, -0.26254937348816, 0.79718965443637, -0.04119928990634
-0.0061085341022021995, -0.099480099417694, -1.1830663725597315, -0.26022407738651, 0.78093142977765, -0.03884036926099
-0.010760955033652, -0.09681445690660001, -1.1869281459942722, -0.25988978765107, 0.78442965302329, -0.044485587908493
-0.030521037232966, -0.10265693275467, -1.1682628641047312, -0.25086461442249, 0.78231114290743, -0.047131065403625
-0.018719965948746, -0.10208735291951, -1.2059394129107228, -0.25167564622027, 0.79769687369366, -0.047740299210412
-0.026456788087490003, -0.10332675228609, -1.1587239412771067, -0.24355389987954, 0.76771832708474, -0.041487545175862006
-0.027450131991532, -0.10753913715414, -1.2333527552600934, -0.25818375607083, 0.81165999717088, -0.054342671275111006
0.0068071321260284, -0.11142481209678, -1.2367131350650697, -0.2651199280252, 0.81345027523734, -0.056614152947388
0.010254488707454, -0.10684677107339, -1.2194312706099018, -0.26496288207638, 0.81118334442216, -0.048263970288837006
0.010919386878984002, -0.10424282036572, -1.2115578939114888, -0.25591708818789, 0.82053772110687, -0.048278628953022006
0.013790773938202001, -0.1010826729933, -1.1834166236320887, -0.25768973995832, 0.82687186942917, -0.047819898168454
-0.0062613934523312, -0.10016926795985, -1.1859184110261392, -0.25865129445465, 0.82914593550819, -0.046245552987532
-0.020621499527697002, -0.10441236181675, -1.1184268721103419, -0.25500379276395, 0.82262477820863, -0.048310731126302006
-0.037617889968617, -0.11113548399277, -1.1510169898388294, -0.26133449648256, 0.81911956458116, -0.051997855512884
-0.0053041894937928, -0.11672796476714, -1.15409699912439, -0.25600098539041, 0.79950668065593, -0.04397461220893201
-0.018435352896664002, -0.12043252781994, -1.1483616728844868, -0.26173731330783, 0.81377338920359, -0.05220188040600401
-0.011431436145713, -0.11608582994442, -1.1636124617771926, -0.2622745823938, 0.81957092790688, -0.04982529622463001
-0.010239615711658, -0.1108142021795, -1.1840236133774487, -0.26213550033184, 0.81918520030694, -0.046423597102105
-0.012851267333093, -0.10537854893065, -1.1807037711248434, -0.26706775900768, 0.81004089387829, -0.043949090030089004
-0.017871850315851, -0.10392371525794, -1.2032923919661662, -0.26946199497039, 0.81482178567214, -0.049599151458937
-0.024827047174788, -0.10106123797394, -1.1906767786286476, -0.27236167768433, 0.80512825351456, -0.045914840214698
-0.06759182087191301, -0.10635652250652, -1.1989753719676006, -0.25923266193964, 0.81372489137891, -0.050595622498894
-0.038373084803157, -0.10411304500709, -1.2426899481938298, -0.25647382379652, 0.80666316787119, -0.053090487354596004
-0.018415353461410003, -0.11186031919411, -1.2377834631444, -0.25656245393806, 0.79577573030001, -0.050260423806067
-0.014491563327662, -0.11011137782045, -1.23706657568985, -0.25859468372896, 0.80237623940136, -0.053639790541411006
-0.015975094839047, -0.10863887457753, -1.21110278672164, -0.26609350052987, 0.81028919869435, -0.05376847237506
-0.013161726177821001, -0.10571138649081, -1.2182428571407051, -0.26304395497922, 0.80848646636334, -0.047407123788199
-0.022907351329446, -0.10570184927316, -1.226663057113122, -0.26753176045963, 0.79780317782524, -0.045515717804605005
-0.015927770060843, -0.10030796014311, -1.2278461532561389, -0.26593518854774, 0.80048208961273, -0.051873171713702
-0.016016154252957, -0.10074874763228, -1.2046675020358368, -0.26257505399074, 0.7947470051798, -0.048639518291987004
-0.028798474548501003, -0.10130653664103, -1.1770794531127118, -0.26205847839126, 0.77359710825604, -0.045977976488664
-0.032244044052825, -0.10541007924482, -1.2197889007583846, -0.25251368595758, 0.78245695954947, -0.048428258588482
-0.015778689090882002, -0.10635614443236, -1.275097682807548, -0.25217854998319, 0.78064485742635, -0.044497336778979005
-0.019754384646294, -0.106542094075, -1.2322281665343515, -0.2602557388544, 0.78352785213144, -0.048094896105924004
-0.01328554011553, -0.10603586612876, -1.238739707024496, -0.27276252417028, 0.80075297339961, -0.056483553193691007
-0.013438033039646, -0.10229809546344, -1.210426312841688, -0.26556244529669, 0.80585832087415, -0.050624310258017
-0.0050367749881392, -0.10428549687046999, -1.2041771559157586, -0.26430255131155, 0.80466119564972, -0.050002591169107005
0.012429935006607001, -0.10349649901228, -1.210394843775588, -0.26252575898953, 0.80039310659467, -0.056639990888934004
0.0044781749502801, -0.09928529827755801, -1.1900732500002122, -0.26448312088541, 0.81062300329358, -0.05676784488190301
-0.010369081963360002, -0.098436301153196, -1.1757405721108936, -0.25749259728591, 0.82205506807477, -0.054424429503549004
-0.006746242312106, -0.10172103201213, -1.1327865589882093, -0.25245667944092, 0.84066921660594, -0.060071920296477004
0.013773358908251002, -0.1112596403776, -1.2105073601058114, -0.26742071634885, 0.81979622810897, -0.05182102256499001
0.007654600538538, -0.10866381526485, -1.2028594859971125, -0.26332508597337, 0.81835007600194, -0.062115815912135004
0.0015280707788837, -0.11721864455559, -1.2242127260904094, -0.26769390881025, 0.85250455313578, -0.067636529770599
-0.0009693558931767, -0.11653808433916, -1.2128779754317838, -0.26737669205939, 0.86162700753764, -0.057996605295642004
-0.017949170576214, -0.10393159225511, -1.162569799684388, -0.26930514542929, 0.8508562094101499, -0.055828337791664004
-0.019439442937921003, -0.09823338409901601, -1.1660675476648221, -0.27748150622426, 0.83768641747424, -0.061030009447145005
-0.028124817147287002, -0.09960046438284001, -1.1954987387292662, -0.28504323496796, 0.8270262994779, -0.05888909193308801
-0.038845139232499, -0.10932827350946, -1.2012264743452292, -0.27196442419844, 0.80312379244393, -0.06206203192403201
-0.029821571201627, -0.1114439560782, -1.2553141124376446, -0.26730229052822, 0.81784426733985, -0.05775347761068401
-0.021147172016668003, -0.11534894218907, -1.2636482110410474, -0.26276279595998, 0.81216652427498, -0.054307816860423005
-0.019802392181039002, -0.11121956341313, -1.230919895607768, -0.2721762500711, 0.8120166886232, -0.054238003320317
-0.031416072150168, -0.11377399944335, -1.2403353565299533, -0.27595080601895, 0.81447176934741, -0.052909015858969004
-0.046644148925244, -0.11026093661355, -1.2576507153254557, -0.27203974662749, 0.81971226970647, -0.05416335434093
-0.044114061809727004, -0.11007033508233, -1.263304605661566, -0.26338893734567, 0.80875020084752, -0.058979049376576005
-0.015029132386206002, -0.10670847966729, -1.2361913462388179, -0.2646872836622, 0.80433454472612, -0.05461105788136401
-0.02628583240032, -0.10267539660221, -1.2129284895277748, -0.2687027781169, 0.80647235407052, -0.054685053077975006
-0.021374813112043003, -0.09890385209308301, -1.2135211933008927, -0.2659006060176, 0.79187633283144, -0.051162733065934
-0.032839363065353004, -0.10338980096196, -1.232241641882918, -0.26939888946456, 0.78061764761829, -0.04820626380014301
-0.029063563201202004, -0.10213863673614999, -1.2498535374090278, -0.26955675374827, 0.76876987652025, -0.044859218730953006
-0.034210405333677, -0.10936004735405, -1.2269543382857016, -0.26970432777251, 0.76592855050536, -0.048773677735166006
-0.0068857581731868, -0.1086446596955, -1.2260231294854975, -0.27944536976598, 0.77833828209408, -0.047616247802207
-0.024031288760835, -0.11107421802621, -1.2495745152101576, -0.28285489835955, 0.7755207822505, -0.049069299973379006
0.013946842143793001, -0.1054253741249, -1.2431881391354673, -0.28812922662643, 0.7802086783074, -0.052470804353254005
0.045654332130119005, -0.11084180254835, -1.2373723180650438, -0.2880440261276, 0.79316953220901, -0.057574967425377
0.029518610761702, -0.10538447195504, -1.223030198686756, -0.28716369904030997, 0.78918927002049, -0.057246596933623
0.020395493579062, -0.10791637143045, -1.1597716012248087, -0.27036412611368, 0.78354556270845, -0.052479667777752
0.025546967285568004, -0.1090317445179, -1.181121366319694, -0.28522090821111, 0.81221899380658, -0.047681216357438
0.034978673280807004, -0.1123822897096, -1.1680536331157705, -0.27984205227443, 0.80011751902207, -0.042085993445015006
0.0054319090404251, -0.12183308516301, -1.2389447190814078, -0.27215460298033, 0.79767442929702, -0.061394047080358005
0.043104604054301006, -0.12173962544082, -1.2314575217775636, -0.27534948086801, 0.83523618983667, -0.068894308343614
0.050202387812194, -0.1186212606062, -1.1669841568229657, -0.26977680892958, 0.8431754614551, -0.047855222380597
0.03893738853398, -0.11383764063945, -1.1693797480540282, -0.28049963571601, 0.83566379255832, -0.052511935503503006
0.036155535826538, -0.10890794680798, -1.13081072359974, -0.28215977180624, 0.83704358840893, -0.048610205684063004
-0.028255503631306002, -0.10890257875682, -1.1783142920763106, -0.28040292606038, 0.86822429042912, -0.051050888916529
-0.016498164898726003, -0.1135673197538, -1.0512030388392184, -0.27618933641158, 0.83937492970039, -0.049177004987222
0.032019529553533, -0.12917987706542, -1.2357854965676722, -0.27674017775951, 0.82838352581177, -0.045286252345482
0.01198513078596, -0.1297235077464, -1.1864624946298392, -0.27397139294153, 0.81864158030451, -0.044850181753039
0.010008862279578, -0.12094218443620999, -1.1908586579202756, -0.27438493186238, 0.83331357300985, -0.04575641027608
0.0010072064445967, -0.11980512923921, -1.1986265688002962, -0.27902068208128, 0.82775819486629, -0.043728258011678005
-0.001578062652678, -0.11512130044674, -1.1991396804540624, -0.28575861532254, 0.81945074618387, -0.040284602586823
-0.0059469218982567, -0.10729070671449, -1.1787473317747064, -0.29272315490395, 0.80688364642541, -0.034959967153591
-0.011005523420400001, -0.10285297926116, -1.1829029817801775, -0.28881689921356, 0.8153151076156, -0.03887582638319
-0.047899513565654, -0.10304516064069, -1.1406970884181806, -0.27860413239775, 0.77072121048998, -0.026222218477569004
-0.011372814093892, -0.10651844879257, -1.2298236960060633, -0.2868154820659, 0.7635890504819, -0.039715034908967
0.011378636936791002, -0.11104801389418, -1.266031744008714, -0.285588875517, 0.77460388492723, -0.045063452603587004
0.010461313452718, -0.10667038034904, -1.254256804901751, -0.28085357460691, 0.78172034568568, -0.041307764335279
0.0061216967760753995, -0.10993710154832, -1.231062035925439, -0.29376806982747, 0.77658954796751, -0.040972371588189005
-0.00023520882800889999, -0.10463048982549, -1.2204297902081112, -0.29748322922888, 0.77925436436379, -0.033492782838532
-0.0045670018567834, -0.10154477188065, -1.192885501623987, -0.29819286468705, 0.77681373799588, -0.039527616249808
0.0043395086229482, -0.09728225878593001, -1.1920032198200834, -0.3017636916179, 0.78300123759117, -0.045014435609563
-0.012795211669521, -0.09682713058751301, -1.2410210610800805, -0.29694954140879, 0.78784107254091, -0.047314595610155004
0.0063706258772539, -0.09506938772027, -1.1875034460688623, -0.28224724517698, 0.78403809419658, -0.054829314205995
0.004994793327051, -0.10655003549093, -1.1804579650548528, -0.29326311925163, 0.77502796208946, -0.058449254317478
0.009271932908027, -0.10026978364967, -1.2263305319049116, -0.28788739545548, 0.77370338738261, -0.047739842399288
-0.010991745931901001, -0.11358648403439, -1.2100178070085263, -0.29580196341514, 0.77609585112964, -0.052811749588312
0.0001951393867206, -0.11308513797749, -1.2480859587502544, -0.29833277014705, 0.7983011058171, -0.05676542381991
0.016473446466393, -0.11750390351739, -1.2264812651510413, -0.30005967293855, 0.78911367815034, -0.0553138655542
0.011674322643054002, -0.11053576706353, -1.2211189296758578, -0.30432598611349, 0.79299692349123, -0.049126840830477005
-0.0012761677576638, -0.10497731656529, -1.1943916129111927, -0.30988291498585, 0.789057799561, -0.05733910233796401
-0.015980337466343, -0.10727701894559, -1.211502973591081, -0.305562215466, 0.80074868767737, -0.051390365555278004
-0.038400730453104, -0.11227787054924, -1.0613487054561996, -0.29380650798614, 0.79717276252709, -0.046624749857264
-0.010896097559713, -0.11753591527637999, -1.1015428655305766, -0.29238212428529, 0.78322478744018, -0.049916007983611003
0.023580547994886, -0.11877053565481, -1.2111130073176404, -0.2940262508785, 0.74941731068428, -0.052551515505306005
-0.024342959013825, -0.12186652590936, -1.2267209421789491, -0.29290048141734, 0.80179881247003, -0.053902539895087004
-0.001617045152763, -0.11674915510044, -1.2142042664548398, -0.29587928518581, 0.81305666971583, -0.052831055674847006
-0.0069921467715519, -0.1129438220709, -1.2530579126644783, -0.29832638731289, 0.80667207232519, -0.050723093625362
-0.023902344224113, -0.10975420435405, -1.2101576056704024, -0.30978727535451, 0.79105014033235, -0.049180327335240005
-0.011939029069889001, -0.11241702742933, -1.2783083756103073, -0.30180856618866, 0.7752810964953, -0.05760661748972701
-0.0014415030458912, -0.10987178776707, -1.2376817918147767, -0.30534405450376, 0.76831291136728, -0.057580494937483004
-0.018120538231317002, -0.10580085211796, -1.1320327806564001, -0.29847749064564, 0.7478974147289, -0.055154110896502004
0.0037780409981964997, -0.11140195536884, -1.274057505052548, -0.2980313602329, 0.74779722578525, -0.05020526823716501
-0.016048417941105002, -0.10443693967582, -1.1942040735181008, -0.29420473260849, 0.73528815260558, -0.051887523302245005
-0.002215345730299, -0.11566369136693, -1.2320256298397443, -0.30345855619949, 0.73678182082656, -0.052508311018597
