the brain
0.0, 0.0, 0.0, 0.0, 0.0, 0.0
0.0064098489840126996, 0.0096132930374221, -0.0098068986238679, -0.0042904781375449, -0.0098137078536307, 0.0046962277978619
-0.0056601038195698995, 0.017993880235375, -0.035047487155296, 0.0041487719670761, -0.0080154310399797, 0.015260503901306002
0.000260215979041, 0.019880574364396, -0.03683260243195, 0.0012221596276998, -0.017568460209426002, 0.014844538010194001
-0.0088999605679435, 0.019057771510809, 0.017708084239111, 0.0022264987562668, -0.0022072933542931997, 0.015540197925741002
0.0045306133486305, 0.015569653027435001, -0.017342208434801002, -0.0066843517648709, -0.0011798974967799, 0.018044726535944
0.0010942265840406, 0.017564929270052, -0.028863635887969002, -0.0034196495992561, -0.015205388092394, 0.017989567781363
-0.007940448843556, 0.014176321158950001, 0.039540006967138004, -0.0038943491401542, -0.015210013806788, 0.026339475139982003
0.0018219345465554, 0.014590792161949001, -0.0040439986130052, -0.0035361838200305, -0.010294634092143, 0.019752282267983
0.011230358754255002, 0.013973716304637, -0.015582016047137002, 0.0084306829940946, 0.0002750066528438, 0.019664279786628002
0.024841978543647003, 0.0079367163961395, -0.04667976634359, -0.007511714288932, -0.0065287864968651, 0.016120260292582
0.033076512804781, 0.014990166045196, -0.08544415738800801, -0.00221786869065, -0.0050663947789465, 0.018479944903294
0.041052855546319, 0.019736129744720003, -0.07393633557123801, 0.007562705552448, -0.0038717150918354, 0.0095445066508959
0.035290200623062006, 0.024050385207415002, -0.058874566901220005, 0.0054330461437532, 0.0064740465075935, 0.016888262271503002
0.047066586817058005, 0.022964335177097003, -0.072287333512855, 0.011956184862077002, 0.0070802860753602995, 0.019385985298521
0.035496761257752, 0.024591277901968002, -0.07990537753280101, 0.018471964547515003, -0.009632767787614899, 0.015046471520092001
-0.010873890223167001, 0.021503345534206002, 0.10290077625161, 0.01640626629035, 0.026083999802972, 0.016647917406471
0.012480338142497, 0.019891598070354, 0.027664123288084003, 0.011030444409252, -0.0068703914358055, 0.020894163259069003
0.039258881481528, 0.01979283158839, -0.11220155484863, 0.019131069845986, -0.0088464666675613, 0.004912070755151
0.026774717412976, 0.020700204807752, -0.040455090164482004, 0.016619484057896, -0.0084416758548015, 0.004354238302961
0.053826367270269, 0.025462685855381, -0.092661641314073, 0.014420480932101002, -0.013966616917120001, 0.014964670149486001
0.048513000306306, 0.023118574775268002, -0.13308635116864, 0.020442352184618002, -0.022851078312359, 0.015487436542178
0.044716095826059, 0.02304288147531, -0.10300221869259, 0.016163787635566, -0.022176042295546, 0.011549816909154001
0.048361360265690004, 0.021098920466853, -0.11270032531677, 0.018190914803709, -0.021746481227319002, 0.010764695477375
7.16211634077e-05, 0.01929123551289, 0.035821321042527006, 0.013637127442793, -0.0032528840201349997, 0.017143541673166
0.050990451478778, 0.013987218534469001, -0.1292911369219, 0.016679361136878002, -0.011558230249196002, 0.012875266228924001
0.032954591967757005, 0.017517339151641, -0.1129268220608, 0.0037909186102024, -0.0092919648149202, 0.015964135973739
0.027524427670187004, 0.023665434902671003, -0.10222659276711, 0.0098649768231589, -0.030159116898327003, 0.011640585602322001
0.049942575944625006, 0.019841239569986003, -0.1120273355969, 0.019747491179913, -0.028070110553493004, 0.015450394916320002
0.045613969025837, 0.020643982664732, -0.089610904684695, 0.010254576929866002, -0.022604836720540002, 0.0097237849747592
0.038006362082386, 0.016972991541354, -0.12157273031203, 0.0063955575377628, -0.018974803487208, 0.0067028318024737995
0.048207669330425, 0.019215215901422, -0.09161771543246701, 0.0051848830893369, -0.035838129627805006, 0.0062264530101455995
0.028043591135284002, 0.023043330148291002, -0.048023468084134005, 0.0059897985074328, -0.037623967106574, 0.011961307307881001
0.031093904906087003, 0.014845126573786002, -0.038111302267455, 0.015710569211105002, -0.031224402217237, 0.0081420886373956
-0.017310468258035002, 0.018369786263176, 0.10180823261371, 0.0095156425324039, -0.021291975336062002, 0.017423054819204
0.056239340232480006, 0.013895424259621002, -0.18491960357854, 0.0060459514762526, -0.02210165854452, 0.0063059183809864
0.033723070253106, 0.013621253243849002, -0.08507542717973801, 0.011599657622264, -0.031850779202223005, 0.0039294485535321
0.06234763647454, 0.017324646691583002, -0.10016325799666, 0.0044607784172784, -0.037555031304727, 0.014305884903833001
0.046571322944741006, 0.019450532306702, -0.09945726656252801, 0.0041465200202167995, -0.035992612340788, 0.016890426427191
0.038138748400804, 0.017706302221583002, -0.11161391742413, 0.0071328829356578, -0.03127740822998, 0.015501665666026001
0.042628857198625004, 0.021019089580551, -0.075144603188776, -0.0006706537201194, -0.030643105336553, 0.012167340971841
0.049924182566935, 0.022160746324104003, -0.045925091539975, 0.0028690157965401, -0.026202210033424003, 0.014028758371668
0.048856701048879, 0.020119632522778, -0.045565613457582005, 0.0018953585320892, -0.020711909180122, 0.013295134310352001
0.053142313175825004, 0.018689704631267002, -0.079255686717924, 0.0042924906710119, -0.018880786312530002, 0.015738903329668
-0.012813357938713, 0.024840300371204, 0.10745909974671, 0.012044909467986, 0.030950562145773002, 0.014336126501494002
0.043828541147232, 0.014570641298192001, -0.013428271886390002, 0.0078043818115569995, 0.00016768740369749998, 0.013063537027524
0.05650057831002701, 0.017174341027768002, -0.10407700142278, 0.013837053512321002, -0.011512985939955001, 0.008936754962209
0.07964713299562001, 0.0098351452888821, -0.13789044428609, 0.012598881777019, -0.016475184196468002, 0.0053419529872642995
0.066795085689293, 0.015267463231431001, -0.13679966717327, 0.019018224478598002, -0.0054471641089697, 0.012101125304084002
0.07285950086713901, 0.01200783643938, -0.11834555423462, 0.016304126613745, -0.011550062703683, 0.0055811266740865
0.05289279993161201, 0.012128331246665002, -0.021925754643527, 0.009694386750589699, 0.0002945477887164, -0.0014928299487937
0.059234387966518004, 0.013186113531910001, -0.052774149649248, 0.009751211351757199, -0.016834240405582002, -2.00081567544e-05
0.044733504321354006, 0.013652546082329001, -0.0065741747648104, 0.024561195001623, -0.014515978078308001, 0.0028671714320765
-0.0010655643400532, 0.0093479466256156, 0.16098829751746999, 0.017120463562596, -0.01675014242328, 0.0032476610608471
0.09231750691934301, 0.022678511336419002, -0.20436145148964, 0.036198797405519005, -0.01789932090461, 0.014279836587822002
0.07011632499155701, 0.019119283616894002, -0.15204624800252, 0.024966554176439, -0.024979599859752, 0.0067195251674152
0.068572958914555, 0.020615873883794003, -0.14635224282162, 0.019544876454751, -0.035397363351718, 0.0079456920267009
0.05861364699154101, 0.025898243064150003, -0.13255928841082, 0.02039299303862, -0.035035782983145004, -0.0014849288340425
0.042483339551164005, 0.025707057049874003, -0.12608365763553, 0.023171390149488002, -0.033288005760771004, 0.0062649465873555995
0.040847319977435, 0.019551555719909002, -0.072487674803203, 0.019232080034636, -0.033019955549781, 0.008549987326091999
0.050028398706359, 0.016247497781274, -0.066217074147632, 0.019650927358085, -0.021948450096204, 0.0001292861715788
0.038188715634132, 0.002838942758146, -0.061140028960218, 0.040048903760122004, -0.035329453472382005, 0.0024653886165927
0.014499907961162002, -0.036875911861657, 0.07525069911123, 0.017263312896047, -0.035136527582643004, -0.018962013027645
0.05598190662571, 0.0085352185334058, -0.16862959478439, 0.06000088455148501, -0.019945680671428, -0.0009309680540319
0.026226538161978, 0.0054767551743231, -0.097363266515627, 0.032483682662561006, -0.041844451296768004, 0.0096261634984443
0.041354582349159, 0.008063428061082999, -0.12606337890867, 0.023765973217874003, -0.028833879048183002, 0.017408013356166003
0.041033213186196, 0.014002788611520002, -0.10503469141579, 0.019425673576933002, -0.026154673395944003, 0.019822370274056002
0.042822712841952, 0.012037307295628, -0.08423931919696001, 0.020814166977619, -0.027037172436279, 0.015788391609572003
0.055873387466784004, 0.0095142808187216, -0.094998751450171, 0.022183190055524, -0.018481638449168003, 0.018560223021949002
0.042717394603721, 0.013219087196980001, -0.037826118477409, 0.012647760582238002, -0.01930697842305, 0.013187306560701
0.042832173845223004, 0.0079739127741878, -0.064698115428971, 0.009843318742612699, -0.019353835832865002, 0.0092099467689196
0.035981091635834, 0.0066900474742767994, -0.062406999884217, 0.017161778086978, -0.025269237714536003, 0.013166337772848001
0.011235088490817, 0.0035458039570721, 0.093908327076967, 0.020004616939162, -0.013523052048931, 0.014837130168154002
0.040178433060971006, 0.0024279941612012, -0.10729407799699, 0.020035206652865, -0.017677837585857, 0.021161876161563002
0.018347978819995, 0.00451117268057, -0.024618626881451004, 0.021956117240813002, -0.025960591517374003, 0.018446798456449
0.047223028653448004, 0.0071427886202908, -0.063844520351355, 0.021275413258809002, -0.024391179590672003, 0.025332694072075
0.046950262516792005, 0.007251834931674, -0.076852973944357, 0.017296437093333002, -0.035597057685718005, 0.022793235435901
0.057984032550864005, 0.0093321656892135, -0.074571430401702, 0.020428279115548002, -0.023029329431637, 0.021246389628562002
0.062548889477505, 0.009520521683498, -0.089957937006942, 0.018652324545362, -0.025085206453091, 0.021235835737592003
0.036953449805804006, 0.0093395295046669, -0.06633338731895601, 0.0085490416321422, -0.023624358517644002, 0.020274670331548002
0.050597820876170006, 0.008151291940204499, -0.061783484304472, 0.01692198295254, -0.025569180991681, 0.023915632419182
0.063719501825283, 0.0027866260859897, -0.08361172819578501, 0.026192833895667, -0.035447112639798, 0.019537363381466003
0.015089152122698, -0.0016332367706336, 0.068238981129958, 0.025315874524565, -0.011497223942307, 0.019605913636582
0.076487472434109, 0.0068144464267113, -0.12452818314763, 0.017829607599698, -0.028435211906195003, 0.018964583141167002
0.031960467110311, 0.0076630303875004, -0.10113256012366, 0.024479050954155, -0.033515786496925, 0.019463018616597
0.07468985551335401, 0.005843260503612, -0.12330793537892, 0.023805907155140003, -0.015249690116510001, 0.023544248728872
0.070397028961487, 0.0068306749459788, -0.10425248008576, 0.033223365805534005, -0.015904846457785, 0.021230511525291002
0.050456229615968004, 0.011084013628879001, -0.077329520867448, 0.035887445242196, -0.011754030614559001, 0.025925367522058002
0.073632135546188, 0.0031492318488443, -0.071694343887959, 0.027900098453184002, -0.003315326783824, 0.014219148351386001
0.077242055408233, 0.0043281306415775996, -0.064016096338572, 0.029400200968684002, 0.0041752071175656, 0.020081172876576
0.070846298249456, 0.0054310276499368, -0.045236033719815, 0.034040444918306004, -0.0023539591605385, 0.017622423965057
-0.007080594268013, 0.0015487823841825, 0.16939562415806, 0.029130320225305, 0.0078507691089193, 0.012600131706630002
0.085611868557166, 0.013312577663702, -0.10711435403522, 0.035269089737956005, -0.0031953749682831, 0.020503962306745
0.052748614066836, 0.013395416476819001, -0.081773274272239, 0.035191955413248, -0.014710189362044001, 0.014020472563375
0.07716469670225, 0.018799874207627, -0.06269867688278301, 0.040070909689888, -0.0043323672185845, 0.027134519829258002
0.06657106557150401, 0.015755374196340002, -0.047447251649874005, 0.032895358822822005, -0.0078098898728228994, 0.017664916320380003
0.07563353800722601, 0.013171912096624001, -0.06858433605950301, 0.032483725746927004, -0.016891642044771, 0.023910658631891003
0.06815352497456101, 0.011901705328283002, -0.065682076290265, 0.026732519988143, -0.021248526205785, 0.016649667420040003
0.054877952870709006, 0.014567949798837002, -0.07940660169182301, 0.033225455093359, -0.017041017980764, 0.018793116227725
0.026974327481399003, 0.024705915768655003, 0.05888017976889501, 0.029798248607321002, -0.013820040339791001, 0.032574123126903005
0.058189424222655, 0.022839623335364, -0.045326486005990006, 0.037101039347054006, -0.026627870418154002, 0.033005780326134
0.06952930088924, 0.020003056088102003, -0.1098237009445, 0.034026327115976, -0.03792403225212, 0.030056708515595002
0.048268524208548005, 0.019122337056866, -0.07388431040891401, 0.029389859449718003, -0.034093304336707, 0.031120884258508
0.056888437490752, 0.022489681523722, -0.08078223985639901, 0.032080286841114004, -0.023665566161111002, 0.035097461341911
0.045008603172352, 0.026623560111189003, -0.062550332530084, 0.031634979988606, -0.023148908743687, 0.036633707770881
0.051011465011533, 0.024095700896451, -0.068825228045977, 0.026565311248785, -0.033418656160593, 0.041816400872433004
0.051603005290687, 0.01896532321852, -0.07547583480143301, 0.025720545321102004, -0.029319426254217, 0.03708284003644
0.047825218341029006, 0.018226987445442003, -0.034197093560748, 0.012768103968049001, -0.026819035239631, 0.027708476482679004
0.037091962029412, 0.012928058562799001, -0.017413795331223, 0.026951007433857, -0.014124235794039002, 0.038257545543522
0.024194817480159003, 0.0092131987372579, -0.008548956705793, 0.03150613896717, -0.032873408167751, 0.039237974668546005
0.015553400525972, 0.008930386615964, 0.069774911703497, 0.031694017766092, -0.026237355790776, 0.048012440250358
0.056798146305559, 0.0054071493262682, -0.11311546728999, 0.020811060725339, -0.020739762686917, 0.031350517476442005
0.0010068103302565, 0.0074858277031992, -0.0008180795911619, 0.015554166119806001, -0.027614685361056, 0.039514436753898007
0.039877997026389, 0.011523238458756, -0.054756700368358, 0.019212282707789, -0.023076313427128, 0.036137676133459
0.039840134454372005, 0.010985454897473, -0.039825243959418, 0.033359012155801004, -0.030639049564789002, 0.039996764357052
0.052542870117369, 0.017622552031599, -0.034036760123494006, 0.028491639810895003, -0.015936229259417, 0.03797695499109
0.043145447735466004, 0.010897078399011, -0.061962769810584004, 0.020955036198624002, -0.025873582183168, 0.031938787222542
0.042718809076096, 0.015976666302729002, -0.0023604231548412, 0.017986046039589, -0.028564263766229003, 0.033646194859406
0.036293575660329, 0.016670506929133, -0.021210764695302, 0.026070151006030003, -0.024633241182052002, 0.035215143131251
0.022058952434822, 0.018633264518979002, -0.029626088911892, 0.02298612267419, -0.037443133210818005, 0.034738997934864
-0.0051736488171355, 0.014620230560002001, 0.066489157602674, 0.028336997579256003, -0.001287542051275, 0.037797359954323005
0.035772270586408, 0.013388094168155002, -0.10522416374342, 0.027436411193082003, -0.012059410517834001, 0.032007297655818
0.0013920359307834, 0.014554119410276001, -0.036071229945987, 0.031190090347383, -0.026148576652162, 0.033251914181524005
0.04404149034670601, 0.017237768735676, -0.081996635882185, 0.039994737837923004, -0.020448603220866002, 0.034704454514525
0.042577160593814, 0.014342401587380002, -0.09260524844383, 0.037290265375863, -0.016090366444952, 0.031735263771057
0.04189980840422, 0.012875886138014, -0.07493979182419701, 0.035118135702541, -0.015716079559694, 0.034208125402002
0.07030073600009501, 0.013025067737395, -0.09745701480223101, 0.027181414223186002, -0.032446320604450005, 0.019993741477338
0.084314352175131, 0.011664594815184, -0.08843377229856601, 0.02124521328869, -0.034603298520513005, 0.015571525316272001
0.071074507899716, 0.013208038577550001, -0.042192556307116005, 0.033434692638135005, -0.029745646457500004, 0.019307357241975003
0.052597359433487006, 0.0087329477923289, -0.0075329148251781, 0.035235938962644, -0.02245179005502, 0.021379865649887003
0.04488157802678, 0.0099198466301828, 0.0090321754103411, 0.028014215370911002, -0.022619224547916, 0.016547390306312002
0.06803049585295501, 0.018941476811444, -0.05733277717133001, 0.033494262103880006, -0.025099068852758002, 0.025397051129244
0.033867786989507, 0.019371402884223003, 0.014894739217236, 0.023382846218693003, -0.020718767111086, 0.024123818411468
0.032146841045203, 0.016601568107544002, 0.0111595431691, 0.037547237586544005, -0.017876504651355003, 0.022344734304661003
0.06484508203578901, 0.019844114559969, -0.008904028190201, 0.043506970941802, -0.022067297210208003, 0.021223220691853003
0.054454990354116, 0.018088607892781, 0.010522947211364, 0.035508849737102, -0.025851389390503, 0.027615556797995003
0.07558054804255801, 0.021401148959451003, -0.040734171398012005, 0.040102294359303, -0.035752579876818, 0.026913185445131
0.039969074888406, 0.019299073814243003, 0.0005110396202239, 0.03576471661942, -0.03330587069094, 0.035317705918872004
-0.011291962411524002, 0.026783955723434002, 0.13442471394701, 0.032053489343802005, -0.034778335193487005, 0.044878541588232006
0.09344898138160701, 0.021986823752353002, -0.16926765703921, 0.035665968865739, -0.05079116625281101, 0.03704988343557
0.06581930304679301, 0.020215631736345, -0.10367390837772, 0.028490583429280004, -0.050091147552931, 0.040499366064845006
0.09703597651093, 0.017371507526102, -0.13227906251557, 0.021952683122283, -0.037667687412853, 0.031363304802655
0.06633060266920701, 0.016734229855427, -0.08146491799367, 0.027525598693225004, -0.040255785029571, 0.025988989393438
0.049163395714548, 0.017248446616123, -0.076877878117535, 0.033002094636607006, -0.046828654717831, 0.039574056970749005
0.054327582290069, 0.021326642485920002, -0.060176414679932004, 0.016736307176779, -0.036879596189190005, 0.037656655086778006
0.048906655809668007, 0.021381303595573, -0.028628665030603004, 0.023682035508441, -0.024694006790622003, 0.043346948224225
0.057254404759088, 0.022563943594679003, -0.07652243432769301, 0.026566464133181002, -0.015321209459173, 0.043131387580205
0.046190142192383, 0.024361717844112, -0.051789090524357005, 0.028186911365370004, -0.034614718260739, 0.041621353336899
0.012705006800202001, 0.028821717896245002, 0.057151770638251005, 0.039110695301014006, -0.030370077466725, 0.055863989996029005
0.05371611653326001, 0.027274589732761003, -0.13311300690716, 0.037455498852275004, -0.035339788300529, 0.048037358371298
0.026848346792806004, 0.024619531350284003, -0.044331073175186, 0.036048951509492, -0.039130392301455, 0.04618253368981701
0.043304631318999004, 0.029565683818259, -0.067941913146969, 0.030489542573287003, -0.037865383440883006, 0.045507530469664007
0.058522045616462, 0.025461528712544004, -0.04577756974463, 0.036421609859058006, -0.045349625282953006, 0.045945553847768
0.060551801852810005, 0.027619943559563, -0.060214463713276004, 0.029314803224205002, -0.038464809906421, 0.046386019843583
0.041819412706853, 0.030761693827883, -0.035454907142951006, 0.036286649126046004, -0.041583938242835, 0.040331671340648
0.049304119592793, 0.030273085651573002, -0.048137456459996, 0.029410099262155, -0.040247690826610005, 0.038410007529174006
0.044410281721593, 0.025068764508335003, -0.04977821816652701, 0.032241552574542004, -0.040433551215608, 0.043895995517036004
0.042808923154920006, 0.027550535439007002, -0.044179646470609006, 0.029307928570244002, -0.045615623257204, 0.044794858629125
-0.011821521228799, 0.025152736510246004, 0.09144878314179501, 0.031771823772522, -0.036800739178006005, 0.049573755996764
0.062021229972933, 0.025242064697807, -0.11969916142189, 0.028304550632212003, -0.036826234082963004, 0.046241316732005
0.038513990951726, 0.028312742462065003, -0.1077965103554, 0.030078715243863, -0.056519067003435, 0.039452414418157
0.040119597708080004, 0.025090864480758, -0.04392646956661601, 0.034753854581929006, -0.042792900520023006, 0.053691521916133
0.06473144297946501, 0.023652940844372, -0.061177164554246, 0.027986987108668003, -0.045301640682377006, 0.037631524117207
0.07735599401307501, 0.017457108519956, -0.077151195098838, 0.030770254309169003, -0.038819395138146, 0.039016797043433006
0.071778513813362, 0.016369992876304, -0.075857685241331, 0.032045819381754, -0.039250055501068006, 0.034242961015051004
0.06561533061116001, 0.018677201964525002, -0.061052772847746004, 0.036131197051522006, -0.031152441431565002, 0.035918818624635
0.05793598455959, 0.020003701135159, -0.022045234758031003, 0.029200899009999, -0.027547075285885, 0.033213171473006
0.052807034753752, 0.02412128626453, -0.028424973605946, 0.046097706614553, -0.028243834091138002, 0.040561494950661005
0.052623814746713, 0.0094867323441332, 0.014714628923332002, 0.037911789642250004, -0.028628509694491003, 0.029855586215179003
0.07638607218054201, 0.021684364773046003, -0.11704818029017, 0.045157874811715, -0.0095169628250549, 0.034267095165823006
0.044586868907747004, 0.012373520547789, -0.0079522417177061, 0.029410577472293004, -0.027364158555434, 0.023435907871443003
0.061927982831679, 0.014763330937347002, -0.020609284128415003, 0.031444708987178, -0.01553488343905, 0.022721206598939003
0.06687356803121, 0.016443916357804, -0.022703000315737003, 0.044054680529356, -0.027922113289639002, 0.026196738792517
0.07170302597441501, 0.013862636517677001, -0.036531773985164, 0.051328119173119004, -0.029983781602752002, 0.025135114775448
0.074534909347792, 0.019127013010456002, -0.05453313978191401, 0.03804128456596, -0.032154707710624, 0.023200658285168003
0.067778811096193, 0.019133840367546, -0.052391660258827, 0.050095857658797004, -0.031316575493476, 0.032655446937236
0.029452975573884002, 0.017022160676555, 0.039108727823632006, 0.041557644512123, -0.024723035844542003, 0.039151070358757006
0.04763410117529, 0.013148032755417, -0.058749989941059004, 0.041499512412683, -0.036894238382814006, 0.032829734961288
0.052949034104474005, 0.014670499980672002, -0.10372331394451, 0.043288356721782, -0.032057267858600004, 0.039692910853944004
0.042166177241794, 0.020507854993137002, -0.06455267403769101, 0.033749687349952005, -0.040572609093082, 0.040109856507087004
0.055719829786446004, 0.017062280715723, -0.062012355811243, 0.037558788501826, -0.037059795843149, 0.036642970375734
0.060961006101586, 0.016521729064121003, -0.06884106049083401, 0.034846445772822005, -0.036838773461163, 0.034417612171633
0.057140533943662, 0.016760360707069002, -0.048690808614594, 0.037856346922652, -0.041860208253538006, 0.036838389664422
0.06188886330642301, 0.015114334483884, -0.076953477446991, 0.029562566947978004, -0.033816976004031, 0.039296905238503
0.049601215353055006, 0.015468085314075002, -0.067199903092006, 0.032668957256351, -0.041978493605915004, 0.038728242740563
0.044412337775151, 0.015458863852309001, -0.030227384844857003, 0.035986270194568, -0.033312832447918, 0.041865672334795004
0.024584888648435003, 0.017798317476589002, 0.053612856890863, 0.027720361570425, -0.020682466584718003, 0.040484340141850005
0.038027906758576, 0.015988765622348, 0.017501748695696002, 0.0268658155083, -0.028871736216767002, 0.04242057791033901
0.049036398772855004, 0.011305799140085001, -0.047788094796133, 0.033674397013164, -0.011000328386432001, 0.047243573831624
0.047433587123094006, 0.010648783774454001, -0.059042987519819005, 0.033543668354075004, -0.046548538121504, 0.037528874466543
0.05527479765530301, 0.016957227381545002, -0.049671333128537005, 0.030348660473340002, -0.031293883266247005, 0.041703757661205
0.05909276656164, 0.013697605072433, -0.05799520200770401, 0.039511088240359, -0.029761415632592002, 0.037072340608586
0.05417797214180001, 0.018369087592114003, -0.030981457367646, 0.033273852978986, -0.03735601696039, 0.032950995302327
0.051679780097959004, 0.018759537012496, -0.045448651595959004, 0.029429212660843, -0.039980937635521005, 0.037445613061281004
0.054062054526709, 0.020358647667219003, -0.046258895423858006, 0.035049155534194, -0.038540119291950004, 0.033376466834209
0.051536590807902, 0.017749601409666003, -0.05840315449932901, 0.030538148981421, -0.043513194275958005, 0.029337913608479003
0.031510330029509, 0.020503696186532, 0.09433455377332901, 0.034067735004219, -0.021245836201248, 0.044217974530223005
0.066841372490959, 0.024297097187692, -0.06341178379878301, 0.029449413496075, -0.035010901373603, 0.054536196466996006
0.043988385320796006, 0.026142102806591003, -0.043630539015569, 0.031315817020385, -0.038720755382552, 0.046988775641578
0.049039383400902005, 0.025546360189505003, -0.046885013774881, 0.027984659489247003, -0.029598779199722, 0.047108021172748
0.079910537377644, 0.020400211241234003, -0.050027180985640005, 0.025778805634876, -0.028345079854166, 0.040568578258965
0.068657569419868, 0.017735539194403002, -0.07091966943578301, 0.021057276644929002, -0.019576221520573003, 0.032989860426393
0.06177184135262401, 0.019597779077188, -0.032922841315984004, 0.01575014597228, -0.042765789572118004, 0.042283820596801004
0.06047867326498801, 0.023414812557732003, -0.017404731060045, 0.017641746271913002, -0.041430177281297005, 0.044184199274069004
0.054447469549738, 0.02497794537283, -0.025078247346831003, 0.021669978402751002, -0.049963078554484, 0.041464853038482005
0.038445945796171006, 0.023076206932376, -0.01151466264687, 0.025143831240005, -0.038988525203246006, 0.04123548080084
0.029435198723436, 0.02492452597365, 0.060769813528437, 0.022968722799485003, -0.028623525982185004, 0.03625781135325
0.039327533202781005, 0.02038442244767, -0.033034180218902004, 0.018527439858639, -0.041162419353228, 0.028936222016733
0.044983813582367006, 0.038930956720534, -0.014532498138095, 0.030187326849703003, -0.049187551336944, 0.040401452847492005
0.034801714287869004, 0.026374196881509004, 0.0098166042959177, 0.021172013508188002, -0.053417135594454004, 0.044293473457698004
0.05300398223963201, 0.031630250360248004, -0.022150723206309002, 0.024702295647973, -0.044144050185751, 0.040857523497392
0.057003073516541006, 0.029257299572271002, -0.016780616614719, 0.028614484514355002, -0.047000903836902, 0.04621483366804
0.065062584823372, 0.028579596726456002, 0.0008491367068526, 0.025547837802655002, -0.038264653734551006, 0.041775973971861
0.060909572224969004, 0.037360486084072005, -0.024971920911461002, 0.029293654083074, -0.042795598994060005, 0.043320236676475006
0.048641955138312, 0.031658966080884005, 0.0067801938567814, 0.027305604112021, -0.030411903218483003, 0.046164556929398005
0.063410979374556, 0.031184208470208002, 0.0215931053252, 0.038985332357719005, -0.035075505633016, 0.037833882583159
0.061105331236025004, 0.016641444084285, 0.042827089738417, 0.031295818414650005, -0.025476918658923, 0.03608730703956
0.075089225377335, 0.030612205022165002, -0.10015361395471, 0.051245832694678, -0.0035248845399381, 0.045549996505514
0.046885717276269, 0.02299149976565, 0.0005792399216675999, 0.04308781198699, -0.025411737988044, 0.041003836625992
0.08595294540256401, 0.017899160879826, -0.040830331807512006, 0.036670115234561006, -0.017772014611227002, 0.028230061186388003
0.08276167898483201, 0.010212548100824, -0.05670515369289401, 0.046348529160708, -0.026730495299264002, 0.026310889145008003
0.09590231271329301, 0.015311278655774, -0.024113792023952002, 0.044725723279855, -0.011034318538852, 0.027935814906497002
0.083643021328955, 0.016099835252671002, -0.051490880136711006, 0.041245888851370004, -0.016392505095000003, 0.026032451128646
0.06995295060274001, 0.018113078138558003, -0.0080276767684463, 0.043071344957641006, -0.019770268394719, 0.019747322306044
0.017018883350444002, 0.015035260708785001, 0.10169270081072, 0.046948864013278004, 0.0038232058373368, 0.019150252433981
0.042552264411027, 0.012514202023952, 0.036618065609647005, 0.048653157991684, -0.024635195855063, 0.031650820875606
0.080526947213792, 0.031463950488325, -0.094315259376911, 0.072612548976958, -0.025204160110963002, 0.04380800239079
0.054001561958568006, 0.031282606232178004, -0.046447162772996, 0.059583163688234006, -0.037790358513335, 0.036925636494439
0.072339360050858, 0.023417059125617003, -0.06633475457614, 0.062679302274221, -0.038527531361119, 0.03538536848565
0.084685253406894, 0.020394944733094, -0.070533792370223, 0.054120704689024, -0.044460958202083005, 0.031164345945085003
0.06517965668075701, 0.017424981606346, -0.044608380925573, 0.05543664001075001, -0.044120907447361, 0.034097386275706
0.080867469865481, 0.019649427511243, -0.09318714249123801, 0.058297557322786006, -0.047786397597678006, 0.031548806947033
0.010068382259764001, 0.022385526295435002, 0.07735136572234401, 0.058399063679823005, -0.041777687972914, 0.037620156014532
0.08262612605854601, 0.019081466448235003, -0.12654679054743, 0.049436352746596, -0.055202062969624, 0.036092812177600006
0.045507766483872, 0.019130662688074, -0.11364340556573, 0.054494327628484, -0.05157740131338601, 0.030737892658167003
0.070415871893271, 0.024104128204544002, -0.08863437761699701, 0.041720677640985006, -0.04193004813528901, 0.033154679539621
0.066873590388292, 0.015979980161395003, -0.09051346784965801, 0.044490770532397, -0.041399808731753, 0.025922352455535
0.06143421573143001, 0.015424995102473001, -0.080912047589952, 0.040463345451590006, -0.047123672920204, 0.028853149281178003
0.056641401276941006, 0.017959636396961, -0.061065087496364, 0.051524377774339006, -0.05384382724997901, 0.029418794523917
0.053958425366635004, 0.019800424132272003, -0.047351779745214005, 0.034444225382601, -0.05393544878731701, 0.035346162364392
0.051408580531374, 0.025121277997724, -0.020633458429731, 0.036992731362972, -0.037963297175665, 0.034756664526591
0.051213865968938004, 0.023926720266532003, -0.011184867325064001, 0.040207188961942, -0.034520959063305004, 0.039998013857759
0.063128662318015, 0.024936243455437, -0.029116950552706, 0.039655667837256006, -0.043005555159467, 0.032322801564802
0.034797912864427, 0.024442914240036, 0.046383762426568005, 0.038827965484188, -0.04070220827807201, 0.04687660525611
0.058475778625797004, 0.020304351765104003, -0.089512030935062, 0.034546218606083, -0.023168131953744002, 0.039948965264732
0.025128472669167002, 0.025472617258912002, -0.0099369026750313, 0.044996717999389, -0.031232910918074, 0.036697571018413006
0.057212586514662, 0.025131737984225, -0.032423729753772, 0.046360976367714, -0.034883600661576, 0.043461803316482
0.05235034080282001, 0.019560270865766, -0.041542620910993006, 0.046567009257785, -0.037994025846145, 0.045390870730356005
0.06562925506766501, 0.024752419548821, -0.044512183096459004, 0.039353034343453004, -0.043531693374313, 0.039508968196121
0.048615088921558004, 0.019079358274844003, 0.0010625347085806, 0.039357616009116005, -0.036831645036808004, 0.034992584074671006
0.07343009408982701, 0.011799855537955001, -0.026111070015051002, 0.040488026722990005, -0.029973436625372003, 0.039887313906842005
0.06619505628443101, 0.014162330752334001, -0.040354748772983, 0.042435661780036, -0.022248892564697, 0.03761900927503
0.05239830175933301, 0.014214480139517002, -0.040300357223435, 0.05118753171339101, -0.030229803878111004, 0.034553556398073004
0.043473259330118, 0.0078541309852891, 0.058852393442615, 0.044387006596456, -0.020475333435263, 0.031874472409252
0.08396670136595301, 0.013806159653363001, -0.095319637467263, 0.050587417871392, -0.0049287120491377, 0.033133349307591
0.054597111989909006, 0.012895974808149002, -0.014014725961623, 0.054490609818323, -0.0078159133292292, 0.035253484509449005
0.097654792120566, 0.010555563600492, -0.09773075364252301, 0.047485640622551006, -0.0057835224885594, 0.033739199489276
0.1072052990613, 0.0069348595748925, -0.06952129891865101, 0.057098307808139, -0.0072665948297739, 0.026848042710763003
0.09808190485878401, 0.012118132652043001, -0.051467873626956005, 0.060661196351048004, -0.010469383911612002, 0.032747006368405
0.080561255647683, 0.0081195989909934, -0.022714742927133002, 0.061002076306806007, -0.0064383280744113, 0.032063890818677006
0.095952435331354, 0.015991772176509, -0.023684563645266003, 0.062003791582439, 4.21802652745e-05, 0.027099340612590003
0.043636178080308, 0.007979728449165899, 0.040217130702481, 0.056996219080116005, 0.0009464929331706, 0.027123439796127004
0.019735948334924, 0.013087295359264001, 0.13370613616106, 0.055337612245269, -0.015688866504280002, 0.035560544616293
0.10416181061937, 0.01694740165357, -0.1366259669091, 0.063478412034576, -0.02242708464197, 0.030197164875929
0.07460399394568, 0.017420976248551, -0.079064307155185, 0.064162483555484, -0.031948494412814, 0.034576013386468006
0.091926508309494, 0.01411318586879, -0.062321181158375004, 0.06348911139895701, -0.022292445970453, 0.035747656437791
0.086927240533472, 0.011188033316685001, -0.06581678922154001, 0.0636082470336, -0.022788450792289, 0.030729844443667
0.07716662243681201, 0.011076437383107, -0.055394537614216005, 0.057377037599821004, -0.034025637357639, 0.035159480877649
0.074305003599841, 0.018352054691286, -0.030240917052513003, 0.05964008887417001, -0.024113268325672003, 0.035474160008972
0.070640115932511, 0.019599348775063002, -0.038310420636418006, 0.060399694246029006, -0.023819275897303, 0.047356304774627
0.024364116244555003, 0.017281460266920002, 0.041514885594504, 0.06333885308428401, -0.022151107599183, 0.044419348872855
0.08391642870200801, 0.010319004028686001, -0.13475524417622, 0.056673457785236005, -0.044718465041631, 0.035906836690776
0.060104743506667, 0.014574169082914002, -0.023391061376391003, 0.056702191195576006, -0.041136286659518004, 0.037797659855979
0.06844272819496401, 0.020130325069883003, -0.019375913254005003, 0.049833248880322006, -0.04814367223008, 0.032655397355192003
0.06662746703753801, 0.023120059156172, -0.02200506703317, 0.049388526447550006, -0.048997304353597004, 0.045388332625499
0.074399784690997, 0.025428251621611, -0.039773809948391005, 0.035317848562776005, -0.064124748396021, 0.039285192979684004
0.06463649480863601, 0.026683335977341002, 0.0018199887475135999, 0.042333948822552, -0.060726009938003006, 0.047971463724541
0.069029044381834, 0.023391190915283, 0.012469534940582, 0.037062659080592, -0.051987750105441, 0.041985361507951006
0.054113646709526, 0.022276500623312, -0.0081270616821105, 0.034577292499338004, -0.048857156958193, 0.042201833286284005
0.058043064378273, 0.022121627077626, -0.0037946552229427, 0.043794301074158, -0.045996821041804005, 0.041223015092330006
0.031531574884567, 0.023490601001331, 0.078943252454238, 0.039948976986008, -0.042054661682315, 0.048587376386172006
0.06558930677187201, 0.044453198174594005, 0.37373327523483, -0.0018581536566281, -0.076302378384538, -0.022049744718879
-0.12907082399016, 0.036131616560356, 0.41647101027113, -0.0069960525055431, 0.029076616747949, 0.0038533252246197
-0.25949047425481, 0.04836877051664901, 0.43261188933653, -0.0055479338136891, -0.043866292625542, 0.024726943635195002
0.049927319684085, 0.039540038904379, -0.082070113654785, 0.021972697107409, -0.11043194649837, 0.023927907089865003
0.03816418198738, 0.043801503577379004, -0.10128148884758, 0.040245806211733, -0.032371808543266004, 0.029751804511832004
0.018511439943358, 0.029459970322784003, -0.13646949158699, 0.046316621538745, -0.030634755808826002, 0.029752797109181002
0.02507340859692, 0.029203571125082, -0.040190622863604, 0.045699858742712006, -0.0093243545124297, 0.023337501830855003
0.027822392818872003, 0.030047228063386004, -0.0081981739057964, 0.03715694133887, -0.0069057277754377994, 0.028403605077971003
0.024444377945686, 0.029493361931472003, 0.041209927079611006, 0.043588838055576, -0.0009226957806347, 0.023637771579364003
0.017254678132981, 0.028891111229629004, 0.054349431754338005, 0.031287631180058, -0.013333447026066002, 0.023729945070365
0.055783979201934, 0.066100595861891, -0.068020864454852, 0.054063398481299006, 0.013634379663821, 0.042780173293365004
0.058083532242233005, 0.08753610029833, -0.085422527437559, 0.06504267886447701, -0.012082105553148, 0.073665663667607
0.07995066362163801, 0.097763544065012, -0.06015106154045301, 0.063986454049214, 0.0063150466870512, 0.08061274040185401
0.052803487165328004, 0.11248649526961, 0.010707786988654001, 0.054025926729946, 0.014704616517985, 0.08121211886552901
0.029384672054683002, 0.11764031927081, 0.11001292256601, 0.05274404094820401, 0.013487435520358, 0.08161869420388
0.050608416668852005, 0.11418261443235, 0.091513937565807, 0.036835389831571, 0.017973565894374002, 0.091772462102002
0.011170246019048001, 0.11051611831025, 0.14231138847893, 0.037912610731346004, 0.022980481481279003, 0.10182582440896
0.03895915422024, 0.10784314784708, 0.11509908531318, 0.026474179772535, -0.011905434400799001, 0.09910230450587401
0.08847856131614901, 0.09874308653514101, -0.030112176831697004, 0.031363919615662005, -0.014722277003369002, 0.08722674466539301
0.076606922226381, 0.10673313042176, -0.0065258102545090995, 0.034774603955901005, -0.015735978388172003, 0.09046436636719
0.04931416401047901, 0.11708430534416, 0.019704874931831002, 0.040143039001849005, -0.01579428741127, 0.09950785745905001
0.056961342727629004, 0.12357120521706, 0.0097153822011543, 0.038094740572503005, -0.012859324600041001, 0.10562493806647
0.058150775972339, 0.12304758645131, 0.026175881422052003, 0.038182872476226, -0.031960584765219, 0.11058684060074
0.073597698431835, 0.1164384809406, 0.022161123853761, 0.035941043895589005, -0.030592952945658003, 0.10793146302029
0.058487179189309006, 0.11808083288427, 0.021640033339139, 0.049050313123554005, -0.04622986445212501, 0.11419811279305
0.027012994404269002, 0.12395817244489, 0.097902199095777, 0.050374634109273, -0.044026389374668004, 0.13231097211064
0.047059221439351005, 0.11815381921568, -0.017969409872473002, 0.048124645821394, -0.033178340202593005, 0.1207387553317
0.031054774804317002, 0.1236862594737, 0.029251538910444002, 0.047333222910869006, -0.036049380328196004, 0.12425118814373
0.04336057648304, 0.12667619552963, 0.0109846521317, 0.038565730181176004, -0.024262623032639003, 0.12529635656171
0.042649092929472006, 0.12641548109438, 0.02246294024825, 0.044319823146723, -0.030345848390661, 0.1382441475582
0.043260470273161, 0.13568055994669, -0.0079992016087851, 0.037490477806389005, -0.036692912714086, 0.14377635138898
0.05844605537743101, 0.14174831995725, 0.0038358965224928997, 0.041695096374539005, -0.029828952216857003, 0.14172289738628
0.06284598966525201, 0.1474958665725, 0.0016999186137784, 0.045357957711093, -0.034382389050374, 0.14304042766542
0.057890377948433006, 0.15083179021214, 0.0078518350701419, 0.048095796906612004, -0.033729293321786, 0.14047784759475
0.05177312392559601, 0.14570457513739, 0.017064865098467, 0.053718752933794, -0.023754393676651, 0.1306073515109
0.025056192896282, 0.14283972485687, 0.08012692778318001, 0.050089053302018, -0.027947150646685, 0.13537327916042
0.020652777288053002, 0.13869114508958, 0.07872845294170501, 0.051187793853023, -0.038467983218924, 0.13245271025794
0.052344918236425, 0.14282310614099, -0.031607756114563006, 0.06392372254857201, -0.044447774983411, 0.1351299921601
0.039054198535898005, 0.14076514271617, 0.016089577269121, 0.05186433388266801, -0.034576489053073, 0.13980175277171
0.053773792032974006, 0.14555788788248, -0.022769087688794, 0.053793130244105, -0.026257180216866002, 0.13702748797884
0.04974248512919, 0.14402061398175, 0.0012632986125277, 0.04939249521580601, -0.024708181265323002, 0.1364319571996
0.034908715811098, 0.14752481065619, 0.054523713950875005, 0.046452253882652006, -0.040388833627896005, 0.14860811827094
0.045352918246419, 0.14704491747144, 0.039839074283658, 0.043502197666050006, -0.035995732358022, 0.15065859722816
0.041112925735444006, 0.14398337272417, 0.05339927970838, 0.045996037734459004, -0.023949445778463002, 0.1488368702894
0.058342772634227005, 0.14059888575838, 0.10573161410994, 0.060941652989299, -0.032486516983932005, 0.15254107205636
0.063581366669889, 0.1235667358267, 0.11663566450646, 0.057103366377059005, -0.014921393566278002, 0.13842881574025
0.06647332025873301, 0.11465809406374, 0.093730763624814, 0.048915880995541006, -0.028335887466339003, 0.1282486009225
0.09243396826489901, 0.12943006830092, -0.01844094906492, 0.089270339182541, -0.023522016524649, 0.10976081687406
0.081439130758176, 0.1032567696266, 0.071219168335391, 0.06126763807390301, -0.016736686976641, 0.09819408828311801
0.09479010361722001, 0.11410661493639, 0.05727733812683, 0.072498496381244, -0.017119872492392, 0.10282404419056
0.11182279072763, 0.134540102316, -0.0074635236314862, 0.091947550746695, -0.014088673133203002, 0.11377015100538
0.08867951247659901, 0.1341335861905, 0.023824816491139003, 0.09507344705545101, -0.010130600335610002, 0.11439482126588
0.10632610969412, 0.13004574816456, -0.019810008104570002, 0.090270854260595, -0.0090459504152898, 0.12554537622052
0.06280000604164, 0.12043831073764, 0.049277291060907, 0.082646149135451, -0.021450636387064, 0.10874956733317
0.019888474780552, 0.12135627501699, 0.19479786147649, 0.082329014533949, -0.012343235698292002, 0.11976899040471
0.07779108607567001, 0.12171706519404, 0.046229650671679, 0.081459987834799, -0.019718163626361, 0.11682945568473
0.075444257456708, 0.1222692197631, 0.047764627059812007, 0.08456751950769101, -0.03255526164204, 0.12690352922098
0.091296096856671, 0.10618915972757, 0.06287320279943501, 0.082960951356077, -0.036945746731282, 0.11324590673943
0.0913554642442, 0.11438320867971, 0.06913616367611901, 0.08031868297919001, -0.027330687712897, 0.11783957344851
0.07163882028380801, 0.12408456929917, -0.011047047383483001, 0.09329970526995701, -0.032973837561830005, 0.11868481752358
0.055849723847812005, 0.12179966617836, 0.032091113975006004, 0.08029619391386701, -0.022074753130065003, 0.1279675729406
0.041045702962874006, 0.11834462007497, 0.051215415014408, 0.079028612570588, -0.026090385792325, 0.14026392745165
0.041659800228122004, 0.12936814926716, 0.053515050494067004, 0.08000446803706901, -0.048738004476721004, 0.15529193242945
0.069545939383664, 0.12228367633783, -0.09386645752538901, 0.08286877592406201, -0.025936195335975003, 0.13938551998748
0.054063164249134, 0.12824210076857, 0.0042189458527616, 0.08292263602715101, -0.036306230411973006, 0.14777589367814
0.06624833005769201, 0.13123761216261, -0.06181889089156901, 0.08358422304778401, -0.039940838096054004, 0.14183351869278
0.068062403704449, 0.12964552370002, -0.023525162404193, 0.081041371922337, -0.028990890371532, 0.14272973847533
0.07435116562522501, 0.13045799218304, -0.038191568655767005, 0.07450936841996, -0.033101244711132, 0.14799003880416
0.05845147153267, 0.12876105011715, 0.0040970242469968, 0.07492240811303201, -0.023258821045988, 0.14523933906204
0.059398468206054, 0.12744768524054, -0.001749054489599, 0.06810332190687, -0.012333985737846002, 0.13899798207637
0.048564343837935, 0.13298792632727, -0.0072978483270434, 0.06508232731690501, -0.0033953905559005997, 0.15442139494642
0.05882967946727301, 0.1370598007827, 0.031289064899393, 0.066010606645619, -0.012189934894911, 0.1570000815183
0.07288366595276301, 0.14484392284261, 0.0024898901779459, 0.07395855960037301, -0.026246102454940003, 0.15593107202284
0.023220474313309, 0.15262988085601, 0.11080733823811, 0.073246976543394, -0.028891710748803003, 0.16848130703864
0.065161358533924, 0.14151691801509, -0.05050270680240201, 0.076399802866113, -0.020308375243371, 0.15057123637039
0.048203734420641006, 0.14649073218209, 0.028870077712049, 0.06926923429026101, -0.027068307019069003, 0.14731623889926
0.08003435165129201, 0.14548766007598, 0.011784657553897002, 0.06266414813829001, -0.034737578037077, 0.15044740216689
0.084935196784339, 0.14073176593384, -0.011189756758594, 0.06711665980044701, -0.032423062650202006, 0.14807025872309
0.077972663034368, 0.13933848421371, 0.0010268210500494, 0.064582154012918, -0.039933686898951, 0.14622356178001
0.058834096989623004, 0.14127189256095, -0.014634233253897, 0.06998739389188201, -0.036151131264196, 0.14497190421548
0.063282695327776, 0.14485960968896, -0.0074811694907911995, 0.060196873537347005, -0.041176795845436, 0.14599586932154
0.05213805035163101, 0.14387292002982, 0.07353023688329301, 0.051433829536619007, -0.029526669521292, 0.13777127810171
0.064073921371865, 0.13770159626068, 0.010163103959837001, 0.067396702118466, -0.052265813409408, 0.14879633705384
0.06548582272320601, 0.13011917325026, -0.057161299622245004, 0.066215064505815, -0.05892980356775201, 0.15292877099835
0.0052122166136828, 0.13611476176004, -0.05421352164230601, 0.06751084084942201, -0.014995972115158001, 0.15684320186628
0.046230799921755, 0.13142719702073, -0.035656632937406, 0.06289373248032601, -0.013048910013986, 0.15183324133907
0.067320308402049, 0.12445169983176, -0.11456411287128, 0.06981566008829701, -0.020735482854088, 0.15116377830295
0.087105759657098, 0.12318332237332, -0.089886722393161, 0.064288718066944, -0.029571126932068002, 0.14205791914234
0.073653840784915, 0.11612308554996, -0.055084565329884004, 0.06791873226151, -0.025413197413296004, 0.1434483543392
0.074004257756469, 0.12660280424735, -0.014478993379743002, 0.06863213511395601, -0.014386099299298, 0.14903381624052
0.046441245999730006, 0.12599955848495, -0.073329242087755, 0.078101728182002, -0.010017767824317, 0.14645348504148
0.0087633481737724, 0.12421145582749, 0.11324367951123, 0.06223450023301601, 0.015206339146777001, 0.13214165279196
0.09780947052294, 0.12348095318468, -0.08960103631994401, 0.0701471923939, -0.0041654685460115, 0.14626523360046
0.05042326622841, 0.12797161639182, 0.026103151839278003, 0.07248548286642001, -0.014669203761895, 0.14976886641379
0.065038843735961, 0.13376036925619, 0.033777904095016, 0.08131234247871301, -0.013157046040499, 0.15528882614962
0.054942120054922, 0.15765143964349, 0.043904722833043, 0.09448848786479401, -0.017739825084914, 0.16233508395977
0.074036128091286, 0.16910517294274, 0.010234421050584001, 0.09948547166730401, -0.029681172449604002, 0.17274550835953
0.060300636304643, 0.16146624805701, 0.017524980417969002, 0.08344337212159901, -0.032415764633122006, 0.17141247578047
0.043586085216004, 0.14344625600186, 0.029349028381577002, 0.079080987358811, -0.021378330842869, 0.17209495197416
0.041984021071687, 0.1486379401911, 0.011316704926265, 0.072683732657443, -0.026999214129423, 0.16629340426075
0.065228267950001, 0.14805782929263, -0.05662381720033, 0.07961229398956901, -0.023391681973601003, 0.16414070747157
0.07080894689868601, 0.15567787107511, 0.0017536200570489999, 0.07856875609867, -0.022969027689647002, 0.16778654862575
0.041547119594562004, 0.14646785674729, 0.0063765871873038, 0.071473362177829, -0.024158835027376, 0.14396374505895
0.06292292573706801, 0.13916227770296, 0.0039285846717595, 0.06760982308129501, -0.029104348375387, 0.14741429406112
0.067398785170919, 0.14721225862195, -0.013390695735114, 0.07375830873259201, -0.031815543235189, 0.15646066175014
0.05334970481977001, 0.14857651703938, 0.0014542024726607, 0.071975268378801, -0.03178947627506, 0.16320205077759
0.05316416130347901, 0.14541723676745, -0.0025484351980005, 0.074958670510088, -0.022535103727905, 0.15753146738132
0.049290583779820006, 0.14799190970538, -0.010007136978142001, 0.080597337148764, -0.030763552388621003, 0.16439665722486
0.035726420309978, 0.14915705930492, 0.10960430002558, 0.07312700962743, -0.035920470480002, 0.16397223166734
0.032276517187640005, 0.14718105507674, 0.012529420189659001, 0.085728403979469, -0.042341258809946006, 0.17435269319162
0.062271730456767004, 0.15280661261428, -0.038334737818387005, 0.08499092903500001, -0.038108164937676006, 0.16276453849006
0.055656108276578006, 0.15626312056158, -0.011983879797872, 0.076839681884194, -0.035803822084716004, 0.16931537618918
0.067216949446763, 0.15214232021959, -0.014818649387082002, 0.082434162594318, -0.037263496754381, 0.16913013093074
0.059494693622367006, 0.15242136810721, -0.0074822769967355, 0.07912497742445701, -0.041289398363614005, 0.17476804914265
0.071188665649631, 0.155493419286, -0.0026859361660132, 0.07470871912540501, -0.034303068298796, 0.17098484709102
0.056820548188632004, 0.15775766072021, -0.0020001029377515, 0.082184239554242, -0.025211688979905, 0.17639727809801
0.070041743374084, 0.15924975690935, 0.0001088256111973, 0.082017181149896, -0.023072200421563, 0.16897793796794
0.06238030226573701, 0.16434934053032, 0.015111619805252002, 0.07607673300207801, -0.040770334810343006, 0.18264164558685
0.029295022458775, 0.17112531565548, 0.10478535067697, 0.076915729853887, -0.028806658090677003, 0.18684998255584
0.047615644401511004, 0.16258145972405, 0.064341145089841, 0.07269781968495201, -0.05406459220195801, 0.18412039834162
0.064348499521009, 0.16339065585992, -0.055563176779500005, 0.071820026023572, -0.049762540867894, 0.18376475173987
0.06885281193645701, 0.16210075192063, 0.000243692983267, 0.074848235221723, -0.05239368564656301, 0.17919041147093
0.085629106419998, 0.1650147873472, -0.010053472767909001, 0.06863340200583401, -0.049948511525700005, 0.1861127774469
0.06602051328884101, 0.16315895484641, -0.011060318731146001, 0.075414400622237, -0.048162489345474006, 0.19104334219316
0.060627420768754006, 0.16693119282202, 0.027276964321146003, 0.078283996570033, -0.055128003712946, 0.19894340626504
0.07617523152407901, 0.16122825404226, -0.0004996033257723, 0.07853251322173001, -0.044400417884062, 0.19024405746787
0.070257874049838, 0.1582117190325, 0.004724692472713, 0.08567948009967001, -0.044005557759353005, 0.18683884358763
0.074296518021793, 0.15653254927984, -0.015443705404758002, 0.085197886316988, -0.051571416236575005, 0.19295501131278
0.059371365944244005, 0.14831016346247, 0.06804785496264901, 0.081006077171049, -0.046013679575247005, 0.19367062976604
0.09449603482287301, 0.15159016229035, -0.06987729979969501, 0.09097446571700901, -0.029187043702523, 0.1979632918974
0.056111415077456005, 0.14801632964439, 0.04523843192988, 0.08372725641566901, -0.037273855001092, 0.18992212775997
0.090783429081845, 0.14996658603049, -0.0074851606584711, 0.08584251759967801, -0.034665668244384, 0.19026285295639
0.08889311416810901, 0.15012168526301, 0.0018966087639257, 0.08805092031216301, -0.028842166481452002, 0.18815896368223
0.09083794372921, 0.14761567240972, 0.0063883939110651, 0.09262220266938001, -0.026266375473253, 0.18693609462283
0.08869060168598601, 0.15112864721641, 0.015320712890522002, 0.09132867286892801, -0.026808479624903, 0.17737608606563
0.089387579683861, 0.15124973903485, 0.011679219645928001, 0.092049199192671, -0.031863656299411, 0.18034892003928
0.029911939879279002, 0.15107623513576, 0.13161272456971, 0.09356584377042501, -0.0016505374614095, 0.16633105950437
0.061426929266146006, 0.15450123411113, 0.042283104062532, 0.086195476080635, -0.031172422003392004, 0.18337556080153
0.078577450233936, 0.16379535319902, 0.0062167855328039, 0.09843822765797701, -0.024932937728792, 0.1874498250343
0.04689851964345201, 0.1706191173834, 0.010766319228874001, 0.09008331761803401, -0.034852962112871005, 0.1917331803282
0.051446252656438006, 0.16286320421686, 0.046094940219973006, 0.086637029169969, -0.029170696281413003, 0.17606773965048
0.087943171738702, 0.16057086599948, 0.0098212872601389, 0.081689533177976, -0.038539586534828, 0.17613604258847
0.069096734584823, 0.1652857334163, 0.022656492530734002, 0.085973884277302, -0.040062815706617, 0.17784600946526
0.098592986686601, 0.16341416672665, -0.07306885815193101, 0.08853154429458, -0.05949701784076, 0.18217697575301
0.012577833970761001, 0.1711653834609, 0.11565866280317, 0.08262201731221101, -0.051567957521828, 0.18777872171142
0.08170321686088301, 0.16592322397342, -0.12403151162245, 0.083666624509456, -0.037180596128542, 0.17993663388317999
0.036570580332374, 0.16703741382365, -0.016809516614896002, 0.081950040532378, -0.036261878753268, 0.17923888903732
0.076414827783274, 0.16849214341583, -0.021288429711100003, 0.080645448771212, -0.036448540517763, 0.17933471046518
0.05848730763723001, 0.16273923385818, -0.021683443687070002, 0.08444015862950101, -0.032889265505461, 0.18142839635525
0.06916804009911101, 0.16123765216982, -0.0086639400955025, 0.08433992419189501, -0.043698005003471006, 0.18078902865778
0.054888629171568004, 0.16068565866547, -0.0049944358784997, 0.075377405782585, -0.043441633577422006, 0.17977399937631
0.068228885329079, 0.15963432317783, 0.0009262128123035, 0.080726859075055, -0.032870516257764, 0.17191872605562
0.074356069437107, 0.16114652753645, 0.011449308223005002, 0.068381374656323, -0.041184203907604, 0.17133748295826
0.067437853297051, 0.15885313208881, 0.025166377227645, 0.07902898149396301, -0.04607312326954, 0.16811502495865
0.038914944213621, 0.15391617463068, 0.092384226061665, 0.076539400322316, -0.042273886836283005, 0.1741514899383
0.045527150121929004, 0.15506073129474, 0.06536164637347, 0.081134596465917, -0.058780251039579005, 0.17141965918276
0.049104745691702006, 0.15902367899444, 0.037540469535633, 0.07738804851827401, -0.04427054991861001, 0.17357329361943
0.055533113630026006, 0.16015248153695, 0.038970619542495005, 0.072110432185327, -0.051598678536861, 0.17271191349355
0.07359233634951301, 0.16025534484466, 0.022656682468909003, 0.072045668452166, -0.044263939529472, 0.17715958759969
0.075243481594622, 0.16383422302586, 0.024799753169984003, 0.06794097107503201, -0.049068063452869, 0.1754731244251
0.060081651579516004, 0.16266001310909, 0.021170799758822002, 0.071757279990173, -0.038112532988495006, 0.17328346585718
0.069804178356463, 0.16280940207698, 0.027631336949901, 0.071301098142642, -0.045101167506243, 0.17148001933745
0.04854572666179301, 0.16535945622729, 0.09447028238150901, 0.075639282273028, -0.046790760405539006, 0.17352269221341
0.07749040179229301, 0.1675103648742, 0.08288847337039201, 0.080464747064797, -0.041063632013994, 0.17503942677415
0.012903111106595, 0.16156876935295, 0.21211797316707, 0.078039427942393, -0.047993873432434005, 0.17589470580091
0.13092051692938, 0.17549054597076, -0.11287249921587, 0.10269767765362, -0.052793796309906, 0.1738302730296
0.077945436375612, 0.16777020313578, -0.0072677393719833, 0.093653179734864, -0.050935820533282, 0.1733738027651
0.11033092109577, 0.16603392920099, -0.03325044264963, 0.08978250641747601, -0.039868937477531, 0.16645863725337
0.09768791949609201, 0.16651031234781, 0.0015924584243863, 0.09637393481214901, -0.046601125819589, 0.17030298466994
0.09224290453176501, 0.16293856844253, 0.008624897452913999, 0.1020147365326, -0.040395050053148, 0.17470874881004
0.085095389913448, 0.16343315454796, 0.035189582670296, 0.09565815694899801, -0.034482513304415, 0.16780243179697
0.09296527118355001, 0.16704725776538, 0.030942035360464002, 0.096441840658534, -0.033135391926529, 0.16698421797808
0.068145206897802, 0.16312269934001, 0.072387370251176, 0.09617786344134101, -0.026239451121237004, 0.16900761405279
0.04675888413070901, 0.15967695775306, 0.1137351558443, 0.09012836762041601, -0.018157653167168, 0.16800535190577
0.10379215019855, 0.17010124168388, -0.0631658256165, 0.10357417953642, -0.024087888053288, 0.17309074482458
0.064387224987915, 0.17397057656828, -0.015742181035662002, 0.10305098277514, -0.03786506550508, 0.17827550814075
0.079802249096644, 0.17086786906223, -0.026409252992977, 0.10443659623774, -0.023262090310227003, 0.18028526123961
0.06268473666011401, 0.17095959194852, 0.0005687532681579, 0.093446859936424, -0.033943984932455006, 0.18521946356269
0.074280710344663, 0.17046980565478, 0.024760864258192003, 0.09631308735145401, -0.034320069127356, 0.18290229181967
0.06987742631735201, 0.17228646514913, 0.0072319758784755, 0.099506910589851, -0.031602008875304004, 0.18441582328065
0.039106780873393004, 0.16616758049722, 0.032482328797635004, 0.10104850992853, -0.037943148496798, 0.18477230235303
0.042578711509282004, 0.16698641589672, 0.046573049934825, 0.09366924472062901, -0.046613543763935006, 0.18770812542506
0.06440356071362101, 0.16435788370968, -0.012908671267493002, 0.08947530947635, -0.045514474516389, 0.18259055210186
0.059244186561714006, 0.17163132547492, 0.012918098701956001, 0.08628196184749401, -0.051884118314627005, 0.18171185217375
0.074684859849951, 0.17596180135622, -0.018183343851867, 0.086478995149265, -0.041395748512323007, 0.18722686692703
0.071272698232223, 0.17307627250827, -0.020250170386434, 0.09077363257920801, -0.050006077375010005, 0.18920105113296
0.07384350722042, 0.17367749753613, -0.0013837391739759, 0.09576356507120301, -0.044195225074919006, 0.1816005934238
0.059576323455494004, 0.17388005882428, 0.008503662195028, 0.08401489561038401, -0.045587465329521, 0.18571429270935
0.08056107151387501, 0.17354288862836, 0.0024793307015514, 0.08485770700935001, -0.039754201480395004, 0.17888499241825
0.05432574138906401, 0.17547448851755, 0.031795038109167, 0.084835633764248, -0.047528886302593006, 0.182483226683
0.06606517223474001, 0.17578540648579, 0.025786310214864, 0.08441517323592501, -0.046315004736618, 0.18622197807782
0.030645667120818003, 0.17629224488045, 0.082237364682004, 0.08236494954951201, -0.049009901759161006, 0.18918060985832
0.078750687823013, 0.16828647430104, -0.084405086650606, 0.07798267745051901, -0.052725326585423005, 0.18300230175567
0.057654893429154, 0.17141210086869, 0.0063154564766831, 0.077563279419953, -0.043858127942250004, 0.18605075245253
0.07818357960170201, 0.17365776270093, -0.0019395837811167, 0.07826439802181401, -0.035248084121284, 0.18129018088411
0.059789326122914, 0.17338580306079, 2.68354961264e-05, 0.076808764175957, -0.044729463360255, 0.18552132122186
0.070650304996626, 0.17263250460631, -0.0026060393367882, 0.07420792204116801, -0.038632341619673, 0.18277003409814999
0.07370746211111401, 0.17306499733193, 0.0077447523218345, 0.07314254785356901, -0.03850105519584, 0.18370044759009
0.06749652173246301, 0.17238199682363, -0.0004855012563951, 0.07490998219545601, -0.043376034490331006, 0.1814473131045
0.071478216325151, 0.17059858461369, -0.020839186580036, 0.08042548990395701, -0.036132226478272, 0.18364437869394
0.010234372226578001, 0.17907781519514, 0.11864536004919, 0.07628076570203801, -0.020996216276927, 0.18004188617949
0.032285087594311, 0.17547060584829, 0.056919809814257004, 0.07397922170908901, -0.05751513219721201, 0.18767892286748
0.07210453599184001, 0.17904149853968, -0.025785046813985003, 0.07281788343396, -0.059554960099145, 0.18558845064277
0.071509246838888, 0.17837405575264, 0.0066736632173805, 0.071387291345506, -0.06298212412911901, 0.18052269691308
0.07537651998127401, 0.180367448488, 0.0049073231083881, 0.07856129887034201, -0.056138312379759005, 0.18204783514163
0.073059339457341, 0.18066091403167, 0.011334636965644001, 0.07177329551163601, -0.06295234037307401, 0.17983325772598
0.081760552106063, 0.17988029317552, 0.012514369803258001, 0.07476114023279501, -0.054877936227918006, 0.17573504676401
0.09088244319980501, 0.1775985910432, 0.008086989630941, 0.073131733859151, -0.050178707754937005, 0.1764648370534
0.067311103600869, 0.1799367862946, 0.030329349335442003, 0.07653303862275401, -0.05431565306879801, 0.1898711887749
0.053055765116821, 0.18197399428797, 0.098785412706637, 0.07853029938971201, -0.05723646334668601, 0.18378385361732
0.068972368707646, 0.17311002341575, -0.021984923890694, 0.07836037333838, -0.052178341096095, 0.18559890384708
0.071289446043724, 0.18136120110591, 0.022127797558364002, 0.09218889899685001, -0.037489249861485004, 0.18234205006666
0.072703556799097, 0.16799362341811, -0.009240308788278799, 0.073746887297525, -0.046785670493476005, 0.16854392676858
0.099260644074753, 0.16711088597386, -0.016711861591942, 0.08420396260099401, -0.035066413869746, 0.16762000997535
0.08443720157166801, 0.16949603518688, -0.023740965432905003, 0.08573946650559501, -0.033438444596260004, 0.16715787634294
0.091050634008895, 0.172027863273, -0.012593122906184001, 0.09177573836788101, -0.032236665400852, 0.1669976585905
0.081991553011036, 0.17623787341556, 0.0077366934900989, 0.09665350315493601, -0.028021585081202, 0.16741826105555
0.074064576342139, 0.17063978723338, 0.011798495628087002, 0.09553959517957, -0.029641978915101, 0.15581365113612
-0.0002595148833654, 0.15983034503539, 0.1878111149178, 0.07614922418511601, -0.010159617212727, 0.14601026154506
0.092850147994852, 0.1659435047437, -0.030409157003220003, 0.10052591679851, -0.041335606494386, 0.15790811702867
0.064046550402497, 0.16589200739637, -0.0045975115379600995, 0.097990581046555, -0.034664821991088, 0.15311141228423
0.073816642186549, 0.1670042552171, -0.010184119603905, 0.097443101207467, -0.038710056105316006, 0.16291620415473
0.079801280781643, 0.16289634850813, -0.0098128670422014, 0.10324459006384, -0.049229626835696004, 0.16971915978967
0.086278876496305, 0.16467177911925, -0.020370130452251, 0.09174108199626901, -0.051815043922542006, 0.16595669863752
0.080238227226157, 0.16150739478704, 0.0039282677011733, 0.09040519610006001, -0.045288100102927005, 0.16772715734493
0.07676837065846201, 0.1616218283085, -0.025748808741287002, 0.085480759853349, -0.05626597876844001, 0.15890456801831
0.040221188712990005, 0.16545952996653, 0.073393509575276, 0.087003698295642, -0.055228726315069004, 0.16888218322975
0.07987598413366101, 0.15762035555576, -0.10616034999962, 0.10016392761257, -0.044517922543974006, 0.15945541196385
0.059806828127353, 0.1572833055326, -0.022709978383421002, 0.09184983147750801, -0.050343259452715006, 0.15799039916289
0.07041494099577901, 0.16043472918921, -0.039299178245993, 0.09013632602402201, -0.047252129550553, 0.15942627442775
0.06924665448136101, 0.15811998909656, -0.029439965712914, 0.087114152876368, -0.061231052147567, 0.15979625525539
0.068637887446266, 0.15801409254572, -0.04156535219639, 0.089142053838637, -0.056284195209068, 0.16108588540952
0.06438175584156801, 0.16100922305217, -0.010403463065276002, 0.09025961893506401, -0.058506212065767005, 0.16687559839485
0.064396635639254, 0.16220112119932, 0.0078706937025726, 0.080948740482743, -0.06582678596184001, 0.1640341684516
0.06335335793176601, 0.16289217223371, 0.020222638481266, 0.086380752194899, -0.052543206303863006, 0.17040013252861
0.071552325679299, 0.15946305058548, 0.020908590638280003, 0.078676675633514, -0.05943130796657001, 0.16515034435268
0.024298979447127, 0.16196379249279, 0.12351163903746, 0.079616572030271, -0.067690785088394, 0.17068759602178
0.080212332556124, 0.15966346324922, -0.048956978839692, 0.078951015097712, -0.056451666181633005, 0.16676824693532
0.04786565503549001, 0.15969651202961, 0.016583813320839, 0.07884464078982101, -0.065083852079062, 0.16529003611949
0.066094069450951, 0.1634139636349, -0.013618692528951001, 0.083982169528868, -0.06858703374906, 0.17225281970733
0.06649984706211, 0.16216521638533, -0.0030730448879305997, 0.08197482529214001, -0.068660216996535, 0.16407690100754
0.06675490098341501, 0.16131906883834, -0.0011087104356582, 0.077807923517311, -0.057152505338249004, 0.17122946624829
0.066377077079861, 0.16202854150236, 0.021808707742438, 0.071573585323536, -0.050075546890433004, 0.16506166862332
0.066580187215935, 0.16319599789215, 0.0092043238430176, 0.067718772539648, -0.06338615244857601, 0.16516139314263
0.066198444985127, 0.16092389642287, -0.0019571366905694, 0.075689249395717, -0.05720026281461801, 0.16672004860866
0.045654614319380005, 0.16097013532257, 0.042681117045206, 0.08068492368659601, -0.055623482483895, 0.16671940644827
0.055591181414651004, 0.15802779684276, -0.0060031210966454, 0.07671009785937101, -0.054752089975719, 0.16782250406851
0.05932611401612901, 0.16020119152, 0.011918735159600001, 0.08028466942562201, -0.049275896644197, 0.16294900466495
0.049031008037546, 0.16099061354158, 0.024134204872723, 0.068098341371985, -0.05702640471827201, 0.16175888470533
0.05731784138190701, 0.16405240932634, 0.020158312424393, 0.073031456992591, -0.055497415974010006, 0.16371706154016
0.06361227644726701, 0.16409756158454, 0.029712055197533, 0.07707104185233801, -0.06154035991805901, 0.16408162509789
0.07006174426048001, 0.16315975718707, 0.013794771752578, 0.077971911588898, -0.058254885238998, 0.16138615606625
0.068863255267659, 0.16302627682596, 0.0075130842372327, 0.071471776429447, -0.05426720272066501, 0.16520335582987
0.070672728589645, 0.15901285202346999, 0.02590489460281, 0.08032967825659701, -0.05442288265982401, 0.16272877365832
0.05376224545514301, 0.1639750374938, 0.062579261510589, 0.083471247715817, -0.04509732731912, 0.16375710886379
0.033915637793781005, 0.15545840790476, 0.068694834769775, 0.07501021376062, -0.049511375476667, 0.16798521707323
0.084452744639988, 0.17102583750374, -0.05780873454215701, 0.1002884451664, -0.037429463188331, 0.16535547354938
0.07712011712760801, 0.16426498594883, -0.024586214644841002, 0.085770010923708, -0.041113572226408004, 0.15972925485304
0.09757302004057801, 0.16254215005511, -0.049595811416079, 0.10352270020623, -0.030237329051638003, 0.15868072797997
0.09088942368079601, 0.16037983688572, -0.041454419865049004, 0.097773456906867, -0.030708449433803003, 0.1596610905455
0.075016794096479, 0.16322193343986, -0.0080351201372509, 0.09975580885900101, -0.026293067686168, 0.15730026987124
0.08727180323884301, 0.16209805631775, 0.008320973010417199, 0.095905433572847, -0.013935255471004, 0.15370493141203
0.07195257139755701, 0.15714088842683, 0.013697644985807, 0.096404005136433, -0.014307265275488002, 0.15573214155185
0.0056760466303671, 0.16193002560374, 0.16472005456725, 0.089575944531146, -0.027795875339515, 0.15193426210803
0.077323702231267, 0.17604532453225, -0.10475516351114, 0.1040891916152, -0.036891098229440006, 0.15639672096051999
0.037474862524280006, 0.17502005099178, -0.0033395339009127, 0.099666337505523, -0.034549046694923, 0.15794029846144
0.068495534226079, 0.17363586826102, -0.029733177704164, 0.095754045083054, -0.039862826219669, 0.15739102722841
0.08384017854444001, 0.16618419661763, -0.017918156305705, 0.10080646231264, -0.03998948801087, 0.15850174136536
0.071561030566012, 0.16616004060622, -0.013368680388654, 0.096720506746843, -0.045293203992915004, 0.15712447419643
0.06768000052845201, 0.16432204600621, -0.033057940070125004, 0.10034421159262, -0.044732177296187, 0.16351436338793
0.044886252501497005, 0.16841604420019, 0.012018842536749001, 0.10807332392452, -0.05035106297206501, 0.15897885595691
0.03970357183636, 0.16186081995303, 0.023023045152276003, 0.09891857763343401, -0.050557586717914, 0.16017453711969
0.064839099890844, 0.16801970313269, -0.06431912480073901, 0.10670644608701, -0.042047526896617005, 0.15482820099746
0.061867435661762005, 0.16347784677235, -0.027274438763388004, 0.09361996832157801, -0.039619011181852, 0.15843493114257
0.06036862404243701, 0.16145064428169, -0.05066798807847701, 0.089778661110262, -0.051515338624140004, 0.16028736090079
0.061268067922429004, 0.1674181216431, -0.027967144109636, 0.093425276123845, -0.058160470511494006, 0.16680256787024
0.070621569823413, 0.16439902923984, -0.033502938446706, 0.092997514805394, -0.050486246387071006, 0.15872159040021
0.062812575069118, 0.16503361863772, -0.034859552091399, 0.08491596552654701, -0.052630980924247006, 0.15817191289228
0.05800458779754, 0.16591959229959, -0.0024609386292789, 0.08837587398464, -0.05932231750464301, 0.16601760798354
0.018101685700841003, 0.16857302723997, 0.09325792306258901, 0.096853232907064, -0.042926361803612006, 0.16947071555537999
0.039882010069100006, 0.16463197401317, -0.031557510699058, 0.090409719544828, -0.050436546269055006, 0.16367998641202
0.048361642288102004, 0.16578911274911, -0.027774038270961, 0.091954944406473, -0.050706488904113, 0.16290542952882
0.060213339918917, 0.16782000857166, -0.012552311843719001, 0.08958563494165, -0.06038368178980601, 0.16609160881173
0.068824950282828, 0.16773698901086, -0.023826945986586003, 0.091726382337957, -0.060062731452011006, 0.16376650672395
0.07156537348712501, 0.16863968757176, -0.035935268210465006, 0.09422477722596101, -0.05831063295119, 0.15887312233284
0.070991929704975, 0.17195275286868, -0.0098730367701349, 0.076123137373964, -0.052192032863947004, 0.15532097144529
0.06302567834212901, 0.16983053251175, -0.034828752969058005, 0.082498849874428, -0.048884178412755004, 0.16496914185371
0.065865480608381, 0.170705284474, -0.011888507157705001, 0.07712665305709701, -0.054962496227755, 0.16083659403508
0.052035841044324, 0.16969939418903, 0.026730575979159003, 0.08616533590658501, -0.052830127683466004, 0.15813804263192
0.017413892881001, 0.170276522716, 0.06956838134514301, 0.073061530336872, -0.051114167887336005, 0.15697240332528
0.06736241441578, 0.17310651864193, -0.05046473934967, 0.09079621580392501, -0.038755628101959004, 0.15720642929613
0.055974168324850006, 0.17729659881175, -0.016053272132538002, 0.076654006886349, -0.061021606306286, 0.16037812265402
0.057155414012394004, 0.18140163642873, -0.0029190652806924, 0.081155408760555, -0.049303759921658, 0.15975410035629
0.072503266585058, 0.1709506068131, -0.024848871570994004, 0.08139428452748601, -0.04994523694406, 0.16075526009745
0.07058162659375, 0.17120897377282, -0.035913146407182, 0.08656210967243301, -0.046488010386048, 0.1517429853659
0.06425563600964801, 0.17118025031315, -0.064749599560374, 0.07897323149471801, -0.045999403675269, 0.14461133177202
0.06738547937495501, 0.16883830247936, -0.0069692896716886, 0.09241222078494901, -0.054251269936046, 0.14825125797038
0.06342308019625201, 0.16594398946445, 0.039734932778342, 0.086293073486376, -0.065552078200501, 0.15408900710157
0.056139818907523, 0.16173130957895, 0.044962999732991005, 0.084239552999402, -0.06967113819916601, 0.15209600592637
0.068841450344009, 0.17650364256858, -0.018782692570006, 0.10086247993012, -0.061682628505149, 0.1511066394644
0.069586848395049, 0.1640104546117, 0.0004206029848632, 0.086614312672979, -0.055380381705925005, 0.14342914232749
0.10307348671991, 0.16943567691524, -0.025920345063864002, 0.096394869313006, -0.052657895189135, 0.14559713095825
0.10575316337658, 0.17187457492512, -0.017677955546527003, 0.09792615872903701, -0.053783764157593006, 0.14695107244896
0.09548898042607301, 0.17006795047576, -0.018676408878016002, 0.10488292024315, -0.044759634697777, 0.14191267301536
0.09651101406812201, 0.17443566572323, 0.016537589575882, 0.10269683314361, -0.029002145461591, 0.14021402822913
0.079829411180352, 0.16706731354119, 0.0066204933210837, 0.09905540257175201, -0.03893080408638, 0.14536735053766
0.058117498953335005, 0.16876646891243, 0.10057161513202, 0.10375938410699, -0.031176556245829004, 0.15091043255792
0.10304991590503, 0.16663215050998, -0.035738288445435, 0.1080138138531, -0.034470820920366005, 0.15552352367737
0.071695538964871, 0.17198598369887, 0.022304380685032002, 0.10207607244182, -0.041283274918527006, 0.1554196008019
0.056274106119500004, 0.17136640466751, 0.010468581561199002, 0.10346188763167, -0.040107311650744, 0.15850724179132
0.06244537725825001, 0.17070627558113, 0.020925305636047, 0.10537350519178, -0.040013985881874006, 0.15285576388769
0.074149095569441, 0.16696350149787, 0.014327584003245, 0.10239784745351, -0.050750397025902005, 0.15755627340406
0.074021858993336, 0.16797013229707, 0.0028720568203191, 0.09816085136029701, -0.05008000421756301, 0.15993889495649
0.056931590980172, 0.16164379674895, 0.028471929786993002, 0.097210114420228, -0.05381074903755, 0.15778543972524
0.035347929058287, 0.16057083045311, 0.035038195483111004, 0.093954888365347, -0.048474619143638, 0.15803342788466
0.07338486695945501, 0.16386702024691, -0.022617228387037003, 0.10565529047096, -0.050138991017028005, 0.1489001048345
0.052947994004758005, 0.16671982470324, 0.011160580102217, 0.096528148342695, -0.051663204102953005, 0.15534334188232
0.06528384442612101, 0.1702392487445, -0.011611631655886, 0.10083046869214, -0.056257945834924, 0.16142318091586
0.075130698760698, 0.16779727300367, -0.021690292692649, 0.095395083921487, -0.046834139813143, 0.16363085842481
0.06373299403216101, 0.16533845256625, -0.01249270387421, 0.08658486133823601, -0.05728841510858, 0.16222404825231
0.08166797061356901, 0.16578621471372, -0.0066145554198856, 0.08781278909940601, -0.051274108535212005, 0.15940252993862
0.06150728719949, 0.16762480093133, 0.018285969883681003, 0.089224957199229, -0.059341732621535005, 0.15759324878311
0.048065582527904, 0.16772355960339, 0.08834269950724401, 0.083058094314022, -0.056855465686944, 0.16010192445607
0.051901422576107005, 0.15956910468181, 0.0084235406563331, 0.08263504044216001, -0.06616622797811901, 0.16535515344006
0.037776958136869, 0.15952349160614, 0.049468549021634, 0.08104168383874301, -0.062984991749, 0.16621885538275
0.063171097837197, 0.16693321489796, 0.0043410575071791, 0.082218039943663, -0.07671613698144701, 0.16332105538116
0.081599800706354, 0.16722048834471, -0.017271747174575, 0.08751766747367101, -0.07117217579590901, 0.16617686140523
0.075430598634703, 0.1683557341918, 0.0001670328491777, 0.08398836398609301, -0.06131659676712101, 0.15941952666874
0.072242888943873, 0.16557094382883, 0.0009658700974088, 0.07904664045384001, -0.06333235810628, 0.16501656208585
0.065278010265855, 0.16864891231182, -0.0087083808759125, 0.07600133722357401, -0.065795206052965, 0.16232939644598
0.06574087213861, 0.1688642328873, 0.0036694412717199, 0.074173698809362, -0.053146895883358004, 0.16177978668817
0.07293798558707801, 0.16975988433879, 0.026965108492836003, 0.08745282288749301, -0.06063270902978501, 0.17395000704884
0.031149972366980003, 0.17200315975693, 0.06490864861385601, 0.08991565421348201, -0.065000780061092, 0.19181565041488
0.074347740274432, 0.1662775714741, -0.056869738757917, 0.07868295453521401, -0.049743420729887, 0.17529432125123
0.047263201157212005, 0.17045072595589, -0.0019305293382096, 0.076516337675175, -0.051495921138893, 0.18677947078729
0.049371524874773004, 0.17770343974867, -0.0013229611180144, 0.07932110243507001, -0.061656490780243, 0.18376329655552
0.053432961883978, 0.17169418600957, 0.021946374262693, 0.078590021646226, -0.055918911669131, 0.18105195618742
0.072996283620161, 0.16932636531448, -0.0074408336623172, 0.078084513733863, -0.052025588649911005, 0.18084390236887
0.06506243088544701, 0.16873831674232, 0.0069276926284658, 0.080771409439262, -0.058256045513179006, 0.1784693318303
0.072075067646081, 0.17006206161928, -0.0025963655137716, 0.080420236898033, -0.04251952347092, 0.17725742009888
0.071288691838298, 0.17273882524468, 0.010299811385029, 0.09025576398595901, -0.051852502389945, 0.1726637767495
0.050173598952521006, 0.16618354323412, 0.046567118373892005, 0.078184048205874, -0.062920330059007, 0.16736668688142
0.076833505273945, 0.17417501746967, -0.049480242779353006, 0.09234980974789, -0.040252880819319006, 0.18046664515602
0.065877478583571, 0.16913040067684, 0.0040812233729145995, 0.077539939397244, -0.046611914138138005, 0.16590713138567
0.10295288853975999, 0.16721815316902, -0.024984526719150003, 0.090212848484558, -0.037063696260552004, 0.16758949422917
0.08994085256797801, 0.17197576407042, -0.016445097937967, 0.10077084539435, -0.039048091388273004, 0.16037113498366
0.079099098909596, 0.17497176226905, -0.0009368301213455, 0.1003762341062, -0.041535720086588006, 0.16320163261302
0.09214725908806701, 0.17138979275825, -0.017383644253673003, 0.10037930610178, -0.025635088786292, 0.16374432815085
0.084300455900469, 0.16785933522351, -0.011643756162659, 0.097825564024114, -0.038901078332644, 0.15579150301584
0.040894690397722006, 0.16148697392369, 0.10193316363941, 0.09777404927848701, -0.026585529395365, 0.15217961905037
0.089171190459081, 0.17085465350936, -0.031684652172353, 0.10120395947112, -0.028521852492965002, 0.15112996490571
0.051786190772026, 0.17572909613381, 0.02630549436977, 0.097396537170645, -0.041198526266407, 0.14825188349427
0.063784882207903, 0.18248149435497, 0.021128995160546, 0.09834096507883401, -0.030099633440374002, 0.16283614355747
0.066673710362413, 0.17941300146064, 0.035459586141773004, 0.097494041408517, -0.045870216007139, 0.17033402454457
0.083815906310387, 0.17852346162468, 0.018623044039277, 0.094426403566835, -0.05532279142635001, 0.16756638536952
0.088968415598107, 0.1762560939437, -0.031849929718178, 0.09702373780069501, -0.057606794937466003, 0.16778848273217
0.073982160449585, 0.17508131350922, -0.017703319553175, 0.09940580306957801, -0.05719097326592901, 0.17803267769401
0.040234348149093005, 0.17864118213183, 0.023521127406484002, 0.09271891919091, -0.059413071911704, 0.18300181226495
0.08218971117453201, 0.17467921655401, -0.072678563885628, 0.10213508822629, -0.056863191088836, 0.17781398969608
0.069332653793736, 0.17564975230122, -0.032711432509017, 0.097543534045039, -0.061906856876269005, 0.17851975904988
0.07710618687531401, 0.17884913688156, -0.054197922617479, 0.09288409333063201, -0.046436050535164, 0.18033277665618
0.073737628063704, 0.18296291561205, -0.050665496592828006, 0.09747791491362201, -0.064495586117054, 0.1814616458671
0.08085481700802401, 0.1765912943205, -0.038139882161085006, 0.09582946402711001, -0.05867723455792501, 0.17960257078161
0.07255652944059, 0.1747723379951, -0.021679376738766, 0.08410670989711201, -0.060034760223576004, 0.18084289347761
0.080461859338881, 0.18040378419252, -0.012832538523788002, 0.09271633511777701, -0.06672656581179601, 0.18547198647805
0.04890298071876, 0.18479710027963, 0.039824466221838, 0.09014214432585901, -0.06347470217268, 0.19201449939606
0.070763307463042, 0.18241514670944, -0.07608859236011101, 0.09113997238604701, -0.04172997556302, 0.1818938457184
0.042318694741338, 0.17569133455085, -0.008873475852283999, 0.088516591693984, -0.053790677034177004, 0.18087074145244
0.0689588417207, 0.17824538433321, -0.044888220484019005, 0.087356354904219, -0.05846748087629, 0.18475859305452
0.068391965898973, 0.17805995799021, -0.026697945531157, 0.09677013471692901, -0.065018944859978, 0.18994719526614
0.07636283701968301, 0.1767550856751, -0.035447151113921, 0.086404595345556, -0.057480375897235, 0.18488072423372
0.072993615435607, 0.18192103982943, -0.015786804638453, 0.08237083781656, -0.06568611531671201, 0.18608614705163
0.081533518278483, 0.18213764055076, -0.010019485417456, 0.08481584244672001, -0.051621636963424006, 0.18201177915096
0.07113190286213801, 0.18113551001402, -0.021459785747741003, 0.08664234760153401, -0.059177840839904, 0.18417348973407
0.038924312268829, 0.18337716539597, 0.10763150531879, 0.083219610395311, -0.06086394850810901, 0.18308975224313
0.07667272496122801, 0.18185373533839, -0.057778591758129, 0.08627068559221501, -0.053595455325916, 0.17914654155028
0.06595915591002101, 0.17896301708584, -0.019594422840669, 0.090290545739068, -0.057714270345348005, 0.1885529599902
0.07705992743532501, 0.17858338710326999, -0.014650004679713, 0.08843230942185101, -0.056025666455186, 0.18922933949047
0.083456100486837, 0.17979276316761, -0.030676684204760003, 0.085814222701954, -0.049892026720900005, 0.18814374477329
0.07328698452155301, 0.18184877740832, -0.020306805874947, 0.08893035434633301, -0.058514308246336, 0.19234212035216
0.071519526746024, 0.18202846106692, -0.012748316498348001, 0.082736626048029, -0.058249275353248, 0.18543912127969
0.074991776139714, 0.181948797534, -0.037785736437244005, 0.08489688553243101, -0.052904561790335, 0.18264931715749
0.067185262927481, 0.18297618232811, 0.0017905334705201, 0.080092394643809, -0.065378405018519, 0.1894552373975
0.038273587147667, 0.18389517808861, 0.085722970288891, 0.086814188648464, -0.048291269617915, 0.19492603818896
0.070932638649025, 0.17970097402128, -0.079330373590781, 0.09133902762701501, -0.06219422648264301, 0.19174048348082
0.05821227564352, 0.17414567553171, 0.0021648857529614, 0.08500717130020301, -0.06425190522459201, 0.18505076846233
0.083548127713511, 0.1731616652165, -0.0072852989325537, 0.08516163419092301, -0.058495624885788, 0.18125647851565
0.091429038202941, 0.1729659195908, -0.012729939173089, 0.092207808830123, -0.053241455906006006, 0.18219549777934
0.08773680458069001, 0.17286809241879, -0.034948750767633, 0.09825089784104901, -0.052694790051795004, 0.17369853950438
0.079101472308716, 0.17340616489794, -0.0011519024295026, 0.09372059804261601, -0.050988422788894004, 0.16999930497286
0.092989409899649, 0.17076817798685, -0.010301012864322001, 0.097061353674042, -0.040026688630834, 0.16660298200207
0.084627638176307, 0.17027299677762, 0.038252590396732004, 0.098476791727473, -0.042852135040209, 0.16360334213004
0.054186537464157004, 0.15410940551006, 0.06671974791455, 0.08128028621387301, -0.031874142782876, 0.15354710265594
0.11204223670094, 0.17760550571074, -0.059395210556935, 0.1250548002108, -0.023727188506552, 0.15765004963594
0.10385277598427, 0.16989545926137, -0.046955603198895, 0.100965243076, -0.030039545106318004, 0.15242271895249
0.11831348821315, 0.18140768527571, -0.042618497244314005, 0.11490054126367, -0.023973542792463002, 0.1525392336468
0.11084979635539, 0.17789308714845, -0.049081729011479, 0.11896121639984, -0.024698203907129002, 0.14984175022239
0.08231436706758401, 0.17651088495542, 0.0072136778852299995, 0.1161347013315, -0.015776744377900002, 0.14713701193577
0.085852079548519, 0.17622733532948, -0.039489928102216, 0.10914027313557, -0.025731359125066, 0.14694508345881
0.0085946559436528, 0.17997194734769, 0.1712069635321, 0.10774695600015, 0.0010676181195942, 0.15109645866597
0.093864234131735, 0.1753006197422, -0.08534260019340201, 0.11189004927821, -0.045168505781565005, 0.148992064752
0.087937739635185, 0.17090076979904, -0.075934708477031, 0.11902489629586, -0.037173695292226, 0.14220862625006
0.09603267148789901, 0.16916468107430999, -0.026457700697709002, 0.11565331315123, -0.051156495017207, 0.15318125893279
0.088648335990928, 0.17111666655871, -0.036172392136282004, 0.10984143575379, -0.048128604736265006, 0.15846369138752
0.08562934018142701, 0.17538424026061, -0.022427673555299003, 0.10770229970015, -0.061878432919651005, 0.1569410096922
0.076433040877683, 0.17103611619432, -0.020951663582319, 0.1028981400197, -0.068347382905066, 0.1574036908626
0.086961494308531, 0.16580907864155, -0.0046615372718177, 0.11158460042779, -0.07729775901594, 0.16509682226533
0.047583412495663, 0.16767642792507, 0.07449340636212501, 0.10463548116553, -0.08132705391655701, 0.16376884540086
0.09314766346104501, 0.16338688855051, -0.076487914029583, 0.11414081195251, -0.071680827484047, 0.154416708288
0.06806381418026, 0.17101739322984, -0.0098751211409468, 0.10029984618102, -0.067645307123954, 0.16965028707592
0.08409506608490101, 0.1732845780827, -0.0055932126925511, 0.10582008720042, -0.063958222342145, 0.16513786638584
0.07117140364368, 0.17341184556171, -0.020257886814228, 0.10406485463944, -0.07333417677966801, 0.16583938590969
0.07733991154903201, 0.17085251370193, -0.0040322928285284, 0.09920369212865801, -0.06505906487200501, 0.1670787160468
0.089034551597809, 0.17147583041766, -0.032336032303804, 0.096426332043857, -0.071159109330093, 0.17126342368677
0.084198228017028, 0.1742087949028, -0.009477946695181, 0.098237394285776, -0.058634320305625, 0.16609091018577
0.06661172606546001, 0.1708618279519, -0.0042414669980899, 0.10719454280536, -0.07702425834258801, 0.1739017555008
0.04178205937761, 0.17510517524684, 0.091191502514159, 0.10282082600609, -0.06910520026912301, 0.17251994538592
0.09953522725720401, 0.1710482953182, -0.079529517878899, 0.11532472342222, -0.050565319664056, 0.16404688294367
0.065137969644237, 0.17302378718512, -0.010682741565805001, 0.098394908629471, -0.061944790467890004, 0.16926154352686
