the brain
0.0, 0.0, 0.0, 0.0, 0.0, 0.0
0.0089301643851979, -0.01309858536241, 0.018275582058573003, -0.0060200871143802, 0.050306261136630004, 0.017642648889649
-0.015975643185436, -0.0073928974488107, 0.04229821466226601, -0.010205833744218, 0.0068304116317071, -0.0053012638112831
-0.0073418042750965, -0.017696147270756, 0.076698041810626, -0.013523445970128, 0.031212269406495, 0.0047929800451584
0.022052674395691002, -0.018295099759694, 0.027395448782376004, -0.013964766737981001, 0.015484315175385002, -0.008461865602205099
-0.033024282002812, -0.011751704572594002, 0.087437750690531, -0.039102444504630005, 0.033739087250977004, -0.013073952404057001
-0.0009278056443396, -0.022898312285232002, 0.037683979679381, -0.011597620737921002, 0.038114944418733004, -0.013551056012027001
-0.024712437586193, -0.020312324576809003, 0.067145149874962, -0.01372575502764, 0.016342323168761, -0.012296841295180001
0.0034353408349542, -0.017774231572553003, 0.053833191384396004, -0.013465293882255001, -0.0011879418875667999, -0.0098604478863252
-0.0022762442867867, -0.026651464636273003, 0.043155067045367, -0.012049303077299001, 0.010017226774334, -0.0080062490672105
-0.015536574236298001, -0.019504781327894002, 0.013537354291631, -0.0087714594368169, -0.020107785609855003, -0.012903676249984002
-0.039340241475606004, -0.029645808356737004, 0.12623015143282, -0.017885994180475002, -0.01284400859973, -0.014502200410690001
0.0039665917125835, -0.028380686216029002, -0.015652196210635003, -0.016987469608716003, -0.0062891451945923, -0.0091812781201921
-0.053728150166809006, -0.018684141948059, 0.057756531533398006, -0.023007124570645, -0.022791335969172002, -0.0079892641951727
-0.027860305682796002, -0.020691030121405003, 0.047111837929675, -0.022756164466204, -0.0089214766364154, 0.0008631576887143
-0.04992891840654701, -0.021271012412688, 0.055064205458572005, -0.025095767259486004, -0.02081325369758, -0.0079472707855698
-0.03611909194228, -0.023808559129219004, 0.07590089189778901, -0.028322655736567, -0.035935453556602, -0.0093455894877393
-0.038227531252514005, -0.035639613580166006, 0.1280518690375, -0.038245981112734, -0.011463591112251, -0.0040257878925204
-0.028827927901846004, -0.023108678879555002, 0.09079760214810201, -0.018695966121385, -0.021759573155790003, -0.016054431930231
-0.069645809013355, -0.030488288185385, 0.09341419085913401, -0.020896515256136002, -0.015488097377647001, -0.0080577708291604
-0.056272101550321, -0.021283034797455, 0.088022517894963, -0.015382124207040002, -0.023230167807357, -0.0017259920806051
-0.06791584370449501, -0.021563089198194, 0.088742779624952, -0.031529610924617, -0.027639947879762, -0.0045092075882612
-0.05830605390624401, -0.025580550813866003, 0.11525999433887, -0.023023947050091, -0.01952850202036, 0.0056291857819649
-0.033745029762929, -0.025761043588413003, 0.08805147027580101, -0.028747412338005002, -0.015515824368313, -0.0011220680663875
-0.05354127863347, -0.026165425876818003, 0.14470872517059, -0.018352006233361, -0.023453362762933003, 0.007134600325579
-0.047787347707225, -0.042776369721179, 0.09802741986069101, -0.0046229717121116, -0.0003260535642447, -0.0054361681251936
-0.066810789141465, -0.040569686884026006, 0.14369365049086, -0.0083477723945353, 0.0029557549349603, 0.0084093995840684
-0.06922867521919601, -0.039286434551470004, 0.09109637770680301, -0.012986055430378, 0.0084988348625205, 0.0085724636701483
-0.08220955598556001, -0.044172175735148006, 0.10106021044071, -0.015236875664712001, 0.0063717549194284, 0.0032157868777152997
-0.07459949223506901, -0.040752897242783005, 0.083946831752451, -0.014771472459238, 0.019359077735847, -0.001248520689758
-0.063942444235024, -0.041653714650974005, 0.08054708686870901, -0.011584181134061, 0.012812829268550001, 0.01574140709621
-0.026419394414790003, -0.043875134709762, 0.039579081001750005, -0.019280439384775, 0.016845160480039003, 0.016280670814468
-0.050651638488335, -0.049398200920077004, 0.1034566054105, -0.02188289775234, 0.039589826738402, 0.025526504401254
-0.018646231835272, -0.047194197437394, 0.06867505993355001, -0.027578091327729003, 0.019783591002489002, 0.028529403095546003
-0.028840667751685003, -0.041959172495690006, 0.084756465973552, -0.025733627510198, 0.037154843683597005, 0.035521299028980005
-0.034362079248243, -0.037544553155415, 0.05577868224249, -0.029866896423241, 0.03612169409357, 0.041455642686936
-0.057599726119833, -0.038245420099801, 0.06064033071759101, -0.024230742324521003, 0.037066048328791006, 0.044523674385187006
-0.013712230829476, -0.05657459011303301, 0.05919004120370001, -0.019722307841114003, 0.026676477730259003, 0.023109978785381003
-0.040846272400827006, -0.13088118125395, 0.12937069686622, -0.039189264467612006, 0.036800713505128, -0.052645137779141
-0.07771278825952001, -0.1336711674244, 0.28546464071628, -0.023567150540096, 0.037834383102148005, -0.09120017570256
-0.010123685156602, -0.066266981801526, 0.13794570729547, 0.0031816907018166, 0.05866941060257701, -0.027613175785423
-0.073384063230241, -0.011621918853048, 0.087872111069675, -0.0078543158283637, 0.05606851853313, 0.018218579823727002
-0.11815439954, -0.0094959536898844, 0.18483412537822, -0.017406468431132003, 0.065005425404574, 0.048814182907796
-0.06840643409743401, -0.012002377668923, 0.19582328008926, -0.024613031920139, 0.023499888393948003, 0.052813080666572004
-0.040695512837235, -0.05008759339484, 0.17889054775912, -0.023945985767483, 0.015773860438367, 0.039539116032465
-0.031243472203135003, -0.069267529613489, 0.20504389586688, -0.013926342021969, 0.016035092946124003, 0.038250598578369
-0.050736884850379006, -0.074653218960815, 0.15800706187516, -0.012530472563912001, 0.0081180410006819, 0.018947864576246
-0.079009137442686, -0.10038611563666, 0.21927238347061, -0.0065670243074250996, 0.0053807980663875, -0.020748637761249
-0.09936560055401501, -0.11251618088799, 0.29842221523057, -0.0007915268803369, 0.0097426682172289, -0.06969662319083901
-0.09583313570580401, -0.09441441683052501, 0.31635583067259, 0.021262811562957, -0.000646380521777, -0.056988734860161004
-0.06332877675927101, -0.035903769442516005, 0.19402296911662, -0.000115125727885, 0.0012206551828628, 0.0075229182608601
-0.17083351722675, 0.023238077500399003, 0.26288744450202, -0.013606622272222, 0.0006962185106504999, 0.089206871574817
-0.14750332285107, 0.023899617773451003, 0.36813102381613, -0.027549995327392003, 0.02104877731213, 0.08987453650624101
-0.14309014045603, 0.010795114608823, 0.2605847350032, -0.06126209661229601, 0.029393045912365003, 0.11412882536263
-0.18503139565065, 0.041139987366581005, 0.26741245525008, -0.12737358811108, 0.035210366384254004, 0.16602451064473
-0.19628539068917, 0.07993321467374201, 0.34144882664978, -0.11398154778729, 0.028216605692056, 0.22662795328478
-0.14360620556531, 0.045042311959862004, 0.22226094203582, -0.10844434958172, 0.0050645852324262, 0.20199627118916
-0.11874415443655, 0.019264229799046, 0.15277971639654, -0.07655387546115601, -0.0038035961984831, 0.14924303990811
-0.18627568559758, 0.016176042678491, 0.12471429924712, -0.048338142108707, 0.047012960480359, 0.12030594125692
-0.22442515993911, -0.0038677390792321, 0.036510687664084, -0.05027351856243, 0.077671439112904, 0.096533014209545
-0.13793905465072, -0.0011348458838187, -0.08967598129423601, -0.07044716801789401, 0.050669823927405, 0.09666913327113501
-0.06505054611840701, 0.010842252538995002, -0.21696031702205, -0.077970197529018, -0.0066608950571419, 0.13209815060664
-0.031156411665773, 0.0090380065447868, -0.25562359391125, -0.06436668841147801, 0.0062120234566701, 0.13563180135379
-0.028744628799642003, 0.020007563098896, -0.16528885338825, -0.055149727925905, 0.01457378017816, 0.14628246063472
-0.059926024305733, 0.019791517040876002, -0.10961374642693, -0.047980522348554, 0.041334413349604006, 0.14224052754204
-0.05067235964528401, 0.018985870976351002, -0.043658679461211006, -0.051486665364743, 0.043205795743106006, 0.15128977047121
-0.041760529004302, 0.013569565733852, 0.0363700471775, -0.051597883004723004, 0.045255572662708, 0.13752085023241
-0.07700787232301001, 0.0061200337018859, 0.11300561996493, -0.059816233329696, 0.057222949874835005, 0.14890951933863
-0.04807532361298, -0.010674247962658001, 0.11425024711418, -0.052277062615572, 0.077326983301353, 0.1458779763879
-0.086858532901564, -0.01294577102386, 0.1483334835041, -0.056537393968416005, 0.045337631422695, 0.14511053911982
-0.066679772093734, -0.009546487800703, 0.12741339181912, -0.054017487890526, 0.049749948908671, 0.15275579466709
-0.11484358247946, -0.012653815157153001, 0.19879319579271, -0.062342134167541, 0.040968054953066005, 0.15382621008614
-0.08460368470029901, -0.0082430710411278, 0.20056633632192, -0.058274917216556005, 0.036124970396369, 0.14627072679632
-0.08758131727860301, -0.006568637146665, 0.14436030855918, -0.05605690446343001, 0.015388274276346002, 0.14167417616542
-0.10637043056459, -0.009460137044532, 0.14192000745498, -0.058047382384429004, 0.026239614126470003, 0.15296767412088
-0.1138897456419, -0.0055537509027766, 0.11124412753738, -0.05456445561883701, -0.0084643861876081, 0.15171592634434
-0.1541918665742, -0.0073337924684777995, 0.11884922722544, -0.056038072697436006, 0.017579489619804, 0.15385626377737
-0.13630088316785, -0.0026116808782796997, 0.13770529034853, -0.052699727715726, 0.007883294832201999, 0.15673275307131
-0.16671219541983, -0.0099309268667671, 0.18856948967453, -0.06095940741251701, 0.012278166395923001, 0.15558431974005
-0.13205837032126, -0.00295006299727, 0.11609107024328, -0.06089319557183401, -0.026040442788029004, 0.15088511858424
-0.17846543183932, -0.0069971946176243, 0.15960205960652, -0.060736164823764004, -0.0095705278014831, 0.15444016004759
-0.16039720535839, -0.0062896461226134995, 0.14923718757709, -0.06644247906493901, 0.0024347518320266, 0.16369322726092
-0.17464543861684, -0.010939210908467, 0.16219180394518, -0.067241215313094, 0.011276074457202, 0.15956375853613
-0.18089090606207, -0.018296985639748003, 0.17027560541981, -0.052185224396281, 0.018522614596787, 0.14708034304514
-0.19807027509954, -0.022278319113978002, 0.21515790167238, -0.053794227672311005, 0.01758311337394, 0.16151285788208
-0.17230035689001, -0.015159751147157001, 0.20907560952313, -0.04591040443832, -0.0046245299152367, 0.15847322413025
-0.19646189899597, -0.018165799707488002, 0.19551789228191, -0.055290963245673, 0.015103182016740001, 0.15997032037881
-0.18225105905909, -0.014737600893730001, 0.16478962018231, -0.062554387771778, 0.012642507463909, 0.15666370059987
-0.23878933795438, -0.018352750131166003, 0.14195858317967, -0.046667393055348005, 0.059707374834440004, 0.15456294256789
-0.20060771806355, -0.01627536748859, 0.1478352965459, -0.045109102429713006, 0.068971726116337, 0.16235624827573
-0.16462442613652, -0.01124933255817, 0.11608713461629, -0.048908804395075, 0.042384370651889006, 0.16017303776387
-0.15902916720025, 0.017781240461604002, 0.041957797164867, -0.066482270911218, 0.03927511614385, 0.15762938909891
-0.24566326192383, 0.055140693656085, 0.060058318849035, -0.17624613403073, 0.05231254666254401, 0.23164712187953
-0.32473207552686, 0.16121489565895, 0.14084971585203, -0.14954510189312, 0.026189367033689, 0.37212184930954
-0.24920486120364, 0.14667229189651, -0.07151574657524201, -0.27504800738541, 0.0025343657769687, 0.39517838958191
-0.21466734549601, 0.039160175881435, -0.06748315688654101, -0.15910588400808, 0.054853154489645006, 0.11202847531136
-0.16530877135988, -0.05285683288623701, -0.11464107778682, -0.063805589697375, 0.069142647639767, -0.13425160165281
-0.072154565064223, -0.09221537285451101, -0.1648183802901, -0.0093457070588056, 0.067921685709374, -0.24859458751596
-0.026916120269384003, -0.11495653911368, -0.052803108286557, 0.0096852363702199, 0.12630435884947, -0.29389465406077
-0.029417783396681003, -0.14126287218868, 0.0007986099616857, 0.019031681820739003, 0.10096818368543, -0.33214762866658
-0.013285615875146001, -0.15297776021008, 0.033148373149244, 0.0023140870510224, 0.09920624466041901, -0.35039691880293
-0.027669218648722002, -0.20709927408057, 0.076906188345745, 0.0060329429735167, 0.10679622021856, -0.43469055260141
-0.10420600370405, -0.18998087630678, 0.24154480867152, 0.002319214045163, 0.1427718597291, -0.40511800199225
-0.16316037397472, 0.011740735297840001, 0.22373304611088, -0.1535787451053, 0.045876452473553, 0.063540670656433
-0.29521589381035, 0.24037024275739, 0.19558252333898, -0.29014151211324, -0.0030082748780483, 0.72853532732936
-0.37670444375123, 0.33438709196958, 0.26488265864136, -0.36874670572954, -0.061303375473809006, 1.1123756862348912
-0.27613003933497, 0.32839323814078, 0.20455730428279, -0.43169959480867, -0.12106477458219, 1.1126233602689035
-0.20196876736, 0.23154057448834, 0.20063172907803, -0.37285286500194, -0.16166894236224, 0.77268938217626
-0.26313869207878, 0.0014618201821553, 0.31124404003261, -0.08702337370842901, -0.08788578949692201, 0.0099697035442557
-0.36767555234393, -0.19211306142589, 0.54870922263633, 0.05762686864508901, 0.036178509792538005, -0.48434086265775
-0.23153369134936, -0.23668540624069, 0.59155578528284, 0.024476827980358003, 0.13153914862822, -0.5132210086794
-0.29181290094138, -0.21210980780233, 0.51888633685908, -0.0037729149230905, 0.083671146384764, -0.40582481247847
-0.2871745065093, -0.09668602906237601, 0.55653802221361, -0.11176340531243, 0.041083451770021005, -0.18187796623062
-0.33208899383198, -0.021435206456234, 0.45112215302798, -0.15216286921686, 0.06426466856743901, -0.032778723490466004
-0.29202626230526, -0.049593808491556, 0.48486935291808, -0.15646825045946, 0.037399231386316005, -0.014444652640673001
-0.24945407018061, -0.05680859897867101, 0.30269858068283, -0.1372700435368, 0.0080551248405799, -0.020457731355
-0.31907103952787, -0.054622341600316, 0.21799504839338, -0.12918759062078, 0.049241484630940004, 0.0055296075005696
-0.28296812109554, -0.04916619668126, 0.22992369049253, -0.14039048747761, 0.04077166004235, 0.028786009432201002
-0.24288489485391, -0.047205187949866, 0.20659576663779, -0.14133250505178, 0.047983332623910004, 0.03996608462007
-0.23279417996597, -0.032226787291185, 0.19449876588668, -0.13298253120248, 0.033531735077910005, 0.060464884752359005
-0.20278893805987, -0.032028167129799, 0.26439455934958, -0.13747559629882, 0.049149576682687005, 0.059709266035377004
-0.19237973565591, -0.026898111192413, 0.26842767715752, -0.13988330289205, 0.022421994971469003, 0.06776113290126
-0.20208793838899, -0.043343935523124, 0.28826522689653, -0.13875333963652, 0.06195597046366701, 0.08690934958962701
-0.20299386577311, -0.049241203287638, 0.2801201179653, -0.13916338980413, 0.055396210164574, 0.07951635717434201
-0.20951729427337, -0.056082013968826006, 0.27421459989157, -0.14742088297363, 0.053684216592443004, 0.09714191646480401
-0.21039367770481, -0.067578242804507, 0.30266153802991, -0.14211202402757, 0.047881677204412006, 0.094790098945843
-0.22749164242563, -0.07703385201264, 0.37328710137702, -0.149396023712, 0.053748768401326, 0.09300948803248
-0.23966112347599, -0.074519413601853, 0.38787777940468, -0.14111808163409, 0.029923608415112, 0.082027213999513
-0.26180253005782, -0.07959541976593901, 0.39917876097971, -0.14362266921043, 0.048432450959566005, 0.09725958569163001
-0.25823482663776, -0.065648692362232, 0.35193410193728, -0.14297879355115, 0.020588741671777003, 0.09196753388013101
-0.26951396605047, -0.07169362995964901, 0.33892611835354, -0.14720077902256, 0.0187541274924, 0.09762203008264901
-0.26524759041047, -0.074344104430714, 0.33770443827927, -0.14639973926029, 0.0046566523486406995, 0.09571804786792001
-0.30343817322027, -0.08223998386919201, 0.40874081454319, -0.14503648047146, 0.038634450163391, 0.096878393480786
-0.28835443350667, -0.078027481665995, 0.37225464906098, -0.13506421818091, 0.026083193777472, 0.095316778341268
-0.29548094695258, -0.079801073682269, 0.35829940564291, -0.13187652878574, 0.015243675629235, 0.09493536986133601
-0.32293944641815, -0.08211897950162701, 0.32500683711613, -0.12900811131104, 0.020037837350815, 0.098826560476198
-0.32428914075972, -0.07969028841496201, 0.32478870050134, -0.13326326498292, 0.019533305380676002, 0.09558400573894701
-0.30528483176786, -0.07408781409992901, 0.33135593417173, -0.12591162136589, -0.0002938755765872, 0.098135107063633
-0.32553699159462, -0.08223667221168801, 0.38964701260781, -0.13294956558882, 0.013728667853986002, 0.10316402000642
-0.31781338055153, -0.071620794414378, 0.34676528372963, -0.12436419098384, 0.0013785067567268, 0.10232570950546
-0.3506847356206, -0.07431469098418801, 0.37274753072106, -0.13430362664855, 0.0043291357556372, 0.10291413429138
-0.34619517694553, -0.07785906550226701, 0.40248692300753, -0.13179311410262, 0.016808084850932003, 0.10545540306388
-0.36711889610712, -0.079712183422725, 0.39496752258888, -0.14786482851552, 0.016255065121046002, 0.11218749929983
-0.35779022895469, -0.080565935889969, 0.41592811080149, -0.14425015606868, 0.0029175860075968, 0.10861898685001
-0.33129746332931, -0.07699621866398401, 0.39201774984082, -0.1459152622301, 0.0022626134426314, 0.10742592426065
-0.31803427898652, -0.068240943499756, 0.3691565476887, -0.13781066480704, -0.014919732285561002, 0.10358675767633
-0.33286173178592, -0.074038894329245, 0.35400564608121, -0.137465109082, 0.032355740601192, 0.10747239090658
-0.30643732137636, -0.070969452024257, 0.32144383044886, -0.12179174583756, 0.023541244872657, 0.11073677449133
-0.32498100175248, -0.072134048379632, 0.30642852262793, -0.12612091507279, 0.042818363806646005, 0.1098452914565
-0.3158427072212, -0.06813147141433401, 0.33551935996764, -0.13253484292059, 0.053356026215401, 0.11438251259767
-0.28069575058784, -0.067770717354927, 0.3354324747068, -0.13520670182212, 0.036077604628144, 0.12139789589157
-0.2848406621394, -0.07420395983371, 0.37116424164126, -0.12972395958296, 0.022186602543747002, 0.12531739583985
-0.26034324239805, -0.076110448547346, 0.29417469633803, -0.12958857672779, 0.036453952192676005, 0.12538191633994
-0.30342323772639, -0.07567264785409601, 0.37959127879654, -0.13688720853378, 0.027185935423402002, 0.11826433506148
-0.25798615942378, -0.075700066442012, 0.29936219510624, -0.14072949125655, 0.022915454795757, 0.11719237825827
-0.27619436415547, -0.08155903369235, 0.32366228036326, -0.13657293102119, 0.033342157453725, 0.12523336116335
-0.24030176191905, -0.07767930229531, 0.28763298837314, -0.14514172845085, 0.0048638212606997, 0.12325357032803
-0.29326378481042, -0.09067180300390601, 0.35502431373381, -0.13176875046126, 0.066355123010069, 0.13159156970576
-0.23347782327012, -0.08903538155620101, 0.27976876376246, -0.12978076821925, 0.046792829066509, 0.12849225906968
-0.28179987738866, -0.091612047711307, 0.35495290571388, -0.13765532276181, 0.035896052873659004, 0.13218599419067
-0.2485922093036, -0.09038324124467301, 0.32348342126025, -0.1383686497062, 0.046711133150877, 0.12445721718972
-0.28950910588359, -0.086500237652663, 0.38346971301993, -0.14160133684152, 0.031813009820735004, 0.12540400285319
-0.26580237400354, -0.08518502244343301, 0.38029074733635, -0.13537576855504, 0.0083525460137696, 0.12909841239043
-0.29649023476074, -0.08675668509138501, 0.4364256922581, -0.13928429877664, -0.018392010803621, 0.12585954519607
-0.26098278217155, -0.08126139573787501, 0.32300362769852, -0.13679045299231, -0.0068809147185099, 0.12912192921562
-0.32477884959681, -0.08172249808590801, 0.35458583131981, -0.13456045901866, -0.0010614843254407, 0.12017015234049
-0.29869789130195, -0.078050630396996, 0.3399154188034, -0.13133086266289, 0.010704412123926001, 0.11998826421485
-0.30560223247249, -0.080558230076301, 0.4043763065316, -0.13114694866384, -0.0054237767287783996, 0.11672044332217
-0.28973175701606, -0.07882188194030901, 0.36502902841606, -0.12999291915509, 0.0042336665631991, 0.1195635942726
-0.31341078651272, -0.08245839303845601, 0.43705430984906, -0.13153333927887, -0.01783433595952, 0.12026832945974
-0.29291353137819, -0.085540773190001, 0.33285851102851, -0.12971175295329, -0.021073594014012, 0.12305675948951
-0.32782818622555, -0.09169566193448, 0.38519681976821, -0.12727125447798, 0.0014179520960647, 0.12148291550591
-0.30761914882201, -0.083692262814283, 0.3561160546674, -0.12201600884100999, -0.010416689330555002, 0.11972594448911
-0.32803536774219, -0.08630524125689801, 0.36615848562398, -0.13250282145216, -0.0047690084561777, 0.12854106896522
-0.32458066989991, -0.08985012404051501, 0.40058722626372, -0.13700164384331, -0.013749487939122002, 0.12706856393511
-0.3527251969212, -0.09542522572496101, 0.42814828935307, -0.13599736728612, -0.0010390710692908, 0.13426268981196
-0.34209095692248, -0.091924611648733, 0.357791355388, -0.12517818973651, -0.012800494560283001, 0.12290847776678
-0.3390065491842, -0.09751552000249501, 0.4069915705358, -0.13118602224239, -0.010285414819045002, 0.12587177357229
-0.33252068981746, -0.09076987276449, 0.39136682336075, -0.13236452921773, -0.017406585013974, 0.12792796046115
-0.33637861713814, -0.093653242953341, 0.37501168194349, -0.13397159988374, -0.021362749821282, 0.12900284435173
-0.32684561779649, -0.092453973229767, 0.38339603042881, -0.1291644675845, -0.030361337538326004, 0.12017205609736
-0.32674977149873, -0.094915683377082, 0.42884305058749, -0.1351516847338, -0.013697752107116, 0.12513026319208
-0.30350412428426, -0.095218560119114, 0.42549138995521, -0.12805560178624, -0.031671348087914004, 0.11244695355917
-0.31974437918373, -0.090345794648079, 0.38265017232637, -0.13247675320427, -0.018807103317323, 0.12098715541201
-0.31808715002159, -0.089651050492231, 0.34065562077522, -0.13630097086701, 0.013483628705514, 0.12233215301482
-0.33691133432456, -0.090982544101825, 0.34326337299144, -0.13128788929935, 0.042021542196153006, 0.11261865499454
-0.31420306138399, -0.09091728624799801, 0.36198339915611, -0.13348985209516, 0.015686102034258, 0.11690268540689
-0.29164148172735, -0.087999363183672, 0.35006162924921, -0.13731548516091, 0.011943703833314001, 0.11135890977156
-0.29508766202825, -0.084894689138945, 0.38970691507795, -0.13235873566568, -0.0023187118738023, 0.11265170356684
-0.28625844579777, -0.09260388173942401, 0.39541399587919, -0.14063450055406, 0.030277210203811, 0.11076180271759
-0.30134537615674, -0.10091749776664, 0.42161038059674, -0.13343208077223, 0.016675422454114002, 0.11373169551094
-0.26956639295141, -0.10333649222473, 0.38197191018148, -0.13826882073906, 0.041625883973853, 0.11918159575684
-0.2956636637618, -0.10821488628631, 0.40062322096249, -0.12995551368429, 0.020780374717422, 0.12017162784542999
-0.27299841167368, -0.10844668871734, 0.38846296331327, -0.13663951501117, 0.035443315908989005, 0.1119615710999
-0.30974491262333, -0.12044245671635, 0.4187824603359, -0.12895855845398, 0.018767172722583002, 0.12352945638013
-0.29312033179725, -0.11116519842451, 0.36534044086015, -0.12371011393751, 0.06371243190257, 0.1326387765097
-0.32944455162118, -0.11522319200845, 0.45335291606194, -0.12675885213853, 0.036758814549670005, 0.12104065834614
-0.2988442562641, -0.1113917498439, 0.44793374945934, -0.12089986220314, 0.059585449981090007, 0.11654447159862
-0.31218578674031, -0.11425540447302, 0.46975467666182, -0.12317316759107, 0.078541276836741, 0.12134600471519
-0.2981338437204, -0.11214232476495, 0.44952203762002, -0.11769909876632, 0.048641901125071, 0.11784014356248
-0.34707685051017, -0.11568062467176, 0.52489127109612, -0.12304786023734, 0.035444497936423, 0.1220427377977
-0.31662392053979, -0.1074249647524, 0.407811720372, -0.12324822550588, 0.0070018328204193, 0.11200434194987
-0.3582132634489, -0.11452425541019, 0.43761305311533, -0.1181151166208, 0.037645748291165, 0.11967791841092
-0.31866820183087, -0.112544982192, 0.44848094166235, -0.12150779867243, 0.037476703459797006, 0.11773382787831
-0.34482418393888, -0.11920226771153, 0.48311727472165, -0.12210425435653, 0.035671974691068004, 0.11680624006217
-0.33139798316452, -0.12054310518972, 0.48099424119397, -0.11810518854618, 0.027213598199463004, 0.12620674014352
-0.35086898454834, -0.1295344159521, 0.54433879314566, -0.12634292047211, 0.042763895862902, 0.12568554209653
-0.33615591644884, -0.1223390726781, 0.48058387032222, -0.12241821950555, 0.014313683167478001, 0.10946087152087
-0.3546396994006, -0.12103683688498, 0.48404939274012, -0.11555977613687, 0.015747919453815002, 0.12068354321174
-0.33154043740193, -0.1197739625132, 0.46295227717887, -0.11189108376051, 0.010082637249511, 0.11363949806058
-0.33620772587042, -0.11786504129925, 0.4593876898418, -0.11875916530076, 0.029101878772040003, 0.11349284245327
-0.34518991982799, -0.11486224149839, 0.49149698858752, -0.11955088607269, 0.028628903542326, 0.11616339013221
-0.34155112979116, -0.12007606940575, 0.4567822140247, -0.11381781884112, 0.029154057351020002, 0.11408681870535
-0.35554511381985, -0.12540855998341, 0.51972109685186, -0.11246170958908, 0.02161302881286, 0.11412664042844
-0.35282895355997, -0.12377437999059, 0.47576556286889, -0.11201590568725, 0.014520778048751001, 0.11032096855479
-0.37149266597425, -0.12437432866495, 0.52454547095095, -0.11881801611958, 0.030325182354157, 0.11700109832343
-0.3494658964996, -0.12103890322272, 0.46537034277164, -0.11648824941754, 0.027076229620323, 0.11164328749335
-0.35854404924385, -0.12102156716895, 0.50188313956842, -0.11164179357954, 0.024663274522597003, 0.11792637541225
-0.35466304530525, -0.12278040829299999, 0.48773246355725, -0.11480128006975, 0.037664491364741, 0.11491154463142
-0.36222188146487, -0.13059319263277, 0.51539143865707, -0.10376354208916, 0.071352596714486, 0.11606397516828
-0.35166441611532, -0.12814372416351, 0.5403801927333, -0.10345238363574, 0.045202005784820004, 0.10932855444266
-0.35892046608724, -0.12737601977227, 0.52224053969908, -0.1049150733172, 0.024653957577319002, 0.10791838469496
-0.3707288560158, -0.12305579314214, 0.53189072070297, -0.10476828428344, 0.010388480561283001, 0.11373559131052
-0.36853416264657, -0.11858467407649, 0.52181579561688, -0.11265232624265, 0.033175295476766, 0.11826375853218
-0.38314400837966, -0.12107087106064, 0.50747162069051, -0.11207381591353, 0.013059315100953001, 0.10672124859909
-0.38612583553907, -0.11771550938125, 0.53362955653098, -0.11120300327109, 0.020162843275405, 0.11991282609146
-0.38726357597291, -0.12992547791182, 0.55333644968564, -0.10410000856373, 0.029299201400272003, 0.12318443425312
-0.39903266025337, -0.1273124378379, 0.51429927636322, -0.10008358592561, 0.0094806815736158, 0.1045857767553
-0.40578210305452, -0.13595543134687, 0.58170031288662, -0.1029401400268, 0.028093902725646002, 0.11004843958446
-0.3878587935573, -0.12896033257252, 0.53600967677844, -0.10570472120475, 0.023202137116167, 0.10662811791981
-0.39558365625733, -0.12695802879027, 0.54995025795712, -0.09571712963480901, 0.032508230384842005, 0.10559667349712
-0.39745851658019, -0.13144653321298, 0.55457971836347, -0.1014439482795, 0.046723108020942004, 0.11161301349021
-0.39003774156866, -0.13114378576296, 0.47677267341435, -0.091978025739384, 0.042310542868298, 0.10861367675384
-0.41857884299797, -0.12758136709222, 0.52118790779846, -0.08448309310564801, 0.056011963463809, 0.11774387681177
-0.38667065482909, -0.13101680619706, 0.45878925319133, -0.10531607819841, 0.051272140923887, 0.12093856323343
-0.41061235044578, -0.13146679717057, 0.51821420055393, -0.09270359661960301, 0.027705949472292, 0.11488906141298
-0.36502780946963, -0.12543917083873, 0.49429074704174, -0.10226063229644, 0.054212599345859, 0.11775943373709
-0.36435721663645, -0.1243111510791, 0.49195950080175, -0.1030760020517, 0.042874466532004, 0.11281042441301
-0.35976784408988, -0.12254615436027, 0.46054114149559, -0.11993182763743, 0.038679550166988, 0.11220316268442
-0.36114836671927, -0.13293397531308, 0.48966791355749, -0.12545857348587, 0.048981057807719004, 0.12586462449618
-0.34215823942319, -0.13094964076852, 0.48366540776116, -0.13486581246424, 0.039070607687641, 0.11994011421879
-0.34588865596714, -0.13408740753565, 0.52497742166742, -0.13121215349268, 0.05419175139868301, 0.12195753410568
-0.3444073239256, -0.13752211099373, 0.5642595163666, -0.12316578800924, 0.066305189853749, 0.12686942464675
-0.33718375512414, -0.14356578672641, 0.5485539694899499, -0.13250613596169, 0.067070233835426, 0.11868011977172
-0.37256270171949, -0.14770925810431, 0.58305829319689, -0.13332834535188, 0.050988734192565006, 0.11412957952922
-0.3490145660718, -0.14762004927586, 0.57383330721509, -0.12295300669029, 0.055535352798983, 0.12194572707372
-0.37318138258345, -0.14936328425754, 0.60412056969966, -0.12436287002119, 0.042301703988145006, 0.10636840022828
-0.37536282751598, -0.14553606326094, 0.52547191457419, -0.12187357360643, 0.04411496089867201, 0.11678853022117
-0.38920547895394, -0.14725975884521, 0.55454841661115, -0.11646768161832, 0.04954662620787301, 0.11567161786971
-0.36947817843288, -0.14190209028539, 0.5193724445837, -0.11234836851806, 0.055350951073879, 0.11869642930746
-0.37577795773562, -0.15043059318211, 0.56253332237736, -0.12457886674542, 0.057173931570252, 0.11700322764094
-0.35944239793711, -0.14778928872201, 0.55544217692736, -0.11872960673477, 0.04402521952156, 0.11329051663896
-0.38703203519396, -0.15746475543563, 0.63793258063989, -0.12395221008423, 0.041472489834859, 0.11385145485576
-0.37471615900564, -0.15769030582427, 0.5841472254513, -0.12690368016762, 0.041730362867981007, 0.1091782204567
-0.39234692781676, -0.1565021170321, 0.56428266975991, -0.12361595459188, 0.043629795294904, 0.11506352512525
-0.38334937699013, -0.15165791515833, 0.54994881109173, -0.11636876284619, 0.031304554785008, 0.11262401581747
-0.38627566383953, -0.15404077859148, 0.55596821436195, -0.1173194961397, 0.044286612733855, 0.12001070588408
-0.37480172368123, -0.1489990309805, 0.58343103906183, -0.12435845719718, 0.041679911920018006, 0.11581425313087
-0.37431244067041, -0.1550261383295, 0.59159760959203, -0.13073363757267, 0.042519245753835005, 0.10927285631856
-0.39132132458918, -0.1600742323403, 0.66262446829668, -0.12750348949299, 0.023599485958390003, 0.11623798139814
-0.37293941785785, -0.16016109150774, 0.57696362604723, -0.13008932834612, 0.037727373634106005, 0.10852695041665
-0.40119871005342, -0.15574256532242, 0.63042476462609, -0.13201503037743, 0.034137097257828, 0.11747602127186
-0.39063110039742, -0.15122620890744, 0.59539425953032, -0.137355966251, 0.028742158429599002, 0.119217392257
-0.40624980854512, -0.15635802471684, 0.61633326749595, -0.13691923526446, 0.026086901656521003, 0.11388213972767999
-0.39877313995675, -0.15707866559976, 0.63012920643935, -0.12963444254945, 0.010462845025284, 0.12273533475270999
-0.39494211698255, -0.15272803728594, 0.66335537077056, -0.15288889489121, 0.027331727084456, 0.098107843245678
-0.32549537254786, -0.14721113669285, 0.45799150017525, -0.15003617639822, 0.024486887301716, 0.05831129248588401
-0.34070166922603, -0.14197603119741, 0.34148895074584, -0.13564261078267, 0.10140726397116, 0.07036253082310101
-0.36218929910466, -0.16243678227996, 0.48779809842191, -0.15127373408262, 0.2063744818626, 0.07648242947888301
-0.59603269762993, -0.18655633354177, 0.40354200201351, -0.12687270974435, 0.10733815439697, 0.021486716545844
-0.86771916458521, -0.06759298771016001, 0.27989931264246, -0.14256998773601, -0.16085729969002, -0.076557297308223
-0.37397250876985, -0.093617422904296, -0.43486674055135, -0.09896633183952701, -0.20317398196162, -0.016945307971855002
-0.66342840306915, -0.13404423047945, 0.20862408170359, -0.10618113756418, 0.0030106650514382, 0.044022935897477
-0.39355869266317, -0.12687962625587, 0.52717941980746, -0.15527423335522, 0.080314725468213, 0.081493231416882
-0.70965526467943, -0.095536439221618, 0.80639908518344, -0.14939569159471, 0.041609946552738, 0.058111486215978
-0.47623385928884, -0.086870958902218, 0.41165406217145, -0.15883597224211, -0.0089528654549826, 0.050779256300200006
-0.48972938811318, -0.08461934899156101, 0.3306164225744, -0.16092114213068, 0.0099030139873679, 0.037749441177020004
-0.47947487833835, -0.084284402393574, 0.36199950671874, -0.15752524826143, 0.027829918455145004, 0.042939754339666
-0.47598492493159, -0.10122641502279, 0.3112994762303, -0.14652280964692, 0.033514391503947, 0.046237080331296004
-0.41936249862384, -0.1047952710634, 0.20251700643056, -0.13242462719113, 0.005109466809611, 0.027298688881889
-0.44948233418419, -0.11993306710355, 0.28989171350085, -0.13254371277305, 0.027757512111172004, 0.02862089311457
-0.40762435969158, -0.11325971228577, 0.30816307995421, -0.13177451500363, 0.026642446905233003, 0.024325932674866
-0.40857579740402, -0.1266199550903, 0.25243320339252, -0.13161013566124, 0.08872549228767301, 0.050837823944945
-0.49243709285314, -0.13990970656037, 0.48309364415002, -0.13047166271025, 0.08455654707151701, 0.037906551951305004
-0.39885832654, -0.12845185719076, 0.43945198186128, -0.12722106093155, 0.11040154648619, 0.038634255818142005
-0.6166818830433, -0.15753524069364, 0.76464653438089, -0.11987000484465, 0.084397584907601, 0.067791659240031
-0.97876505522489, -0.08324038771709001, 0.54235885948158, -0.10250656628599, -0.023966944168070003, 0.0075270500414925
-0.55232909616356, -0.07128631432775201, 0.067466912586022, -0.10018850998625, -0.12285745571561, 0.010785732075673
-0.84088607175181, -0.09484370777105101, 0.26462905582459, -0.08181371662893501, 0.009460639006165, 0.048105605412328
-0.61011338052975, -0.10542050020699, 0.36481266037739, -0.10047425138066, 0.099295585142759, 0.076708894627526
-0.64976533701755, -0.07448419784922, 0.53145848351697, -0.13384513271813, 0.11448357700142, 0.065982217829883
-0.56925089706312, -0.071778134148924, 0.41598453250392, -0.13736682660404, 0.069613044397939, 0.050846586351283
-0.59466504204818, -0.08166120960075701, 0.46190093518759, -0.13770519178826, 0.044450291465853005, 0.06263060361974601
-0.55566774408254, -0.07557743484731101, 0.37286434128668, -0.14145309027591, 0.054177546327250005, 0.059220716151349
-0.5710716051877, -0.065073629456254, 0.39339280164781, -0.14353473194182, 0.06629811968377501, 0.05473987205429601
-0.55687819876588, -0.05782346295654701, 0.3823626714373, -0.15310496071788, 0.051479339691396, 0.044121568873204
-0.54983153993645, -0.058609556505207, 0.3915718810252, -0.14460662433763, 0.032640515997412, 0.044084556276706
-0.51702200564592, -0.054824318005775, 0.24041916500239, -0.14088181774003, 0.037409580931184, 0.048685431528313006
-0.53597193893999, -0.06594460922765001, 0.23343044187252, -0.12536529012722, 0.054913885974492004, 0.047053391233767006
-0.5300789991482, -0.06514750067035101, 0.22463866134697, -0.12876095327275, 0.08279136885913001, 0.04747636921336
-0.54279162164987, -0.07290310205458801, 0.3076773136314, -0.13389612450165, 0.06764574100472101, 0.049929438337958
-0.51331334903051, -0.061931076432704006, 0.29627254865328, -0.14549419857195, 0.065851806974349, 0.046705789206812
-0.55289860090628, -0.069826378415293, 0.4036666518383, -0.14143601940824, 0.07473551493300301, 0.051343605376174
-0.58140433690613, -0.083987694688858, 0.56334597728436, -0.14647936161203, 0.10384986573765, 0.064247796271792
-0.63650364684134, -0.06465528579525401, 0.55809547088227, -0.13981170141386, 0.031001518841980002, 0.050874948922463005
-0.49638703611945, -0.06814924250760801, 0.28991617757865, -0.16307632618854, 0.028562261818305002, 0.045056302749257
-0.56450308293089, -0.075799836155566, 0.23553874492609, -0.19134627692866, 0.07028919649172301, 0.036781294006200005
-0.63584633456316, -0.06752641516272101, 0.41638838297249, -0.14759320149584, 0.037137006840043, 0.064083383478125
-0.58564683759121, -0.05214223530551201, 0.47399852173706, -0.14378184469678, 0.073020681424543, 0.060444607762946
-0.57764170033911, -0.046682868893323, 0.25542569108751, -0.13804739105942, 0.013034064668547, 0.059253606594504
-0.67698754973325, -0.05843656998430301, 0.27483150510528, -0.12949907198263, 0.0033773342428569, 0.09681998402795901
-0.65734098986724, -0.053700575910258, 0.43303036770634, -0.13493413877296, 0.029504073015266002, 0.10134282537196
-0.6336494596663, -0.063834996404781, 0.43798117176156, -0.13344370597846, 0.021125287187839, 0.08492658730976001
-0.69736336884478, -0.051719248664979005, 0.25750976098339, -0.12090200029803, -0.012255420485409, 0.031190130496797003
-0.68833744050769, -0.07835480272582501, 0.55776077370533, -0.12761339901058, 0.012102112086507001, 0.069925497091395
-0.64871205685828, -0.05785621185835001, 0.39119800799614, -0.15433981577823, -0.033846237611153004, 0.10434016652641
-0.72175198056761, -0.048820848389593004, 0.56174581309472, -0.15167305252762, 0.051338735555274004, 0.12622840853705
-0.70799922753664, -0.058274946371826, 0.52230603303772, -0.17170721090906, 0.0067017260333265, 0.11948275618079
-0.69960542036006, -0.045733963192251, 0.4114570942115, -0.16161307683299, -3.74291029952e-05, 0.07212510658833901
-0.65537296837455, -0.03697521258268, 0.35659335650974, -0.12284045858844, -0.060603881258509004, 0.072784079463519
-0.76454280310063, -0.04649910465001501, 0.32480687177995, -0.09272572282105701, 0.015827577522053, 0.060935700237513005
-0.66555485776385, -0.056521239419868, 0.36122627616044, -0.13741324891482, 0.0030624568231833, 0.07686552773881701
-0.65537734669685, -0.047862163898225, 0.28688951160841, -0.15582603542725, 0.05000488058509701, 0.099098184769212
-0.6648444380043, -0.020661772899694, 0.38656242976805, -0.15121314787946, 0.045531160536028, 0.09870604253926601
-0.58215169386459, -0.016732251884746002, 0.26664960722716, -0.12738233354451, -0.0040349094437991, 0.10183119211773
-0.68533150643258, -0.050634373741056005, 0.45525515315764997, -0.15239160821118, 0.075863708762836, 0.10672655131453
-0.6362556367061, -0.054202438499561, 0.36821528758987, -0.14133210142556, -0.0048930547509445, 0.08727990673457901
-0.65730937183348, -0.051633884901302, 0.45760403727798, -0.13507702401906, -0.017666796814812, 0.07169616796702001
-0.65815426487708, -0.08386189676177801, 0.56399167443792, -0.16088738235881, 0.10096270202428, 0.08723339151556
-0.72933218416606, -0.061048517742804, 0.43494785969037, -0.16478994170255, -0.052620713641056006, 0.039648244582792
-0.71179950418406, -0.07232474937979101, 0.68461367361598, -0.14788770836963, 0.055400911168021004, 0.07188636373094001
-0.6310018022285, -0.031514880133362004, 0.32402867569458, -0.12329161043124, -0.09906839954129701, 0.06442809726024401
-0.68701998706038, -0.0041654471679813, 0.36082004079995, -0.10018343886822, -0.036766989669884, 0.11751554998657
-0.67990928873547, -0.0069328347402726, 0.34027444764349, -0.12875562268241, -0.031180156100967003, 0.13900636377137
-0.69735146653583, -0.013520123969629, 0.42200243531528, -0.14957770625154, -0.037602316501759006, 0.1234138173913
-0.67690867703286, -0.020820545970228, 0.41692129162917, -0.13639795942339, -0.035648486909077, 0.12666008722905
-0.67528178723297, -0.013892450618617, 0.35434722689021, -0.11770969995222, -0.057948933098603, 0.10154750685186
-0.71157559198394, -0.03503105028094, 0.50181356868534, -0.1151942816828, -0.027393388824247, 0.10956393238006
-0.65158037881061, -0.024772727275491003, 0.31133908721881, -0.11826092355297, -0.063457118465421, 0.093345149849705
-0.71786548462068, -0.04216684805527501, 0.47447995143345, -0.12378157963591, -0.073358761450502, 0.10035228547037
-0.7055211680759, -0.061362824351155004, 0.54054218124393, -0.14398506888904, -0.010838692322004, 0.11251002091584
-0.67568260356423, -0.059144140537757, 0.52158055905386, -0.13960373309416, -0.082655074537441, 0.10888946917273
-0.73828421462852, -0.07510072860714301, 0.52035082682516, -0.13066317724936, -0.0007431277101969, 0.13945975064818
-0.74088818440874, -0.058600144100363, 0.50991209423258, -0.12644250966569, -0.021094279718848002, 0.1290058951143
-0.68963924036478, -0.05359012572789001, 0.47845726962362, -0.14502604167876, 0.017082511030712, 0.13253198097131
-0.73085228555458, -0.049370918314445005, 0.34012614334101, -0.15102055476644, 0.06889968876897601, 0.13645104457326
-0.74513357382612, -0.014239117507346001, 0.36454677673152, -0.10646559927984, -0.0008596822393654, 0.14714376845154
-0.64511982709183, -0.0066615668722399, 0.27851882345278, -0.09397288650639, -0.025876046140685, 0.13705330579297
-0.6086110756488, -0.039207316562071, 0.24811203791002, -0.096020557780344, 0.018737093008437, 0.10474686213234
-0.64610855234484, -0.057963951236758, 0.28496454448439, -0.08430793407192301, 0.050420842252844, 0.09141305820434001
-0.59936874734025, -0.035775326357453, 0.24865115995561, -0.08958709433693601, 0.023366613227024, 0.09964471638335101
-0.67518530398677, -0.038608619927092004, 0.35611645813405, -0.076572433004258, 0.024822116254251, 0.17097053597752
-0.70528172339599, -0.011482041453298002, 0.44715551384873, -0.092290331587858, 0.03137278664002, 0.18887538793238
-0.74525187573176, 0.025799751259534, 0.50028280873915, -0.098907708483233, -0.0027605986692175, 0.16582993458436
-0.67200814867916, -0.11791218961421, 0.63779674202777, -0.13812485579382, 0.11026506508153, 0.15418451483926
-0.82669878004697, -0.12612629403566, 0.54309246763717, -0.17359683767909, -0.011657298961880001, 0.060312362112550005
-0.71679774181576, -0.1280809436771, 0.60733381096737, -0.08110306312781301, 0.075935700100644, 0.11626065910489
-0.86324767535015, -0.046266904579431, 0.9653471591509, -0.08350579019797201, 0.032051338058561, 0.15367749072898
-0.74028067461271, -0.014499138326724002, 0.42079497713878, -0.08888902751522, -0.0007315080876799, 0.18048379786754
-0.78947239413352, -0.027157506537597003, 0.52121328890243, -0.10007779328293, -0.032293357889851, 0.1603831651711
-0.69442444683741, -0.06772634480525, 0.54364433316548, -0.082654799230611, -0.015698874321006, 0.15580126900949
-0.70132917457915, -0.023069491830855, 0.20954359689455, -0.034139374162205, 0.010293907566367002, 0.13184403428239
-0.90691149601796, -0.058517228171788005, 0.25330420832697, -0.043894416279354004, 0.0027813104197764, 0.15858328504122
-0.64687907038674, -0.067269024446603, 0.36784459751587, -0.08881832783943701, -0.039840211522323005, 0.16791193549564
-0.61614923363864, -0.066352524418181, 0.36646549162173, -0.086936443443429, -0.014704970238607002, 0.19079206841092
-0.63664562110089, -0.035915623184584, 0.47345808901213, -0.06626067282498001, 0.0021603508421178, 0.20993610358748
-0.65799319726222, -0.051296022733278004, 0.37861931743922, -0.10734175346831, 0.0058103997379486, 0.18362880792734
-0.66003398811994, -0.051744928842449, 0.46803032035193, -0.092135865489138, -0.0036431205796211, 0.2252838419562
-0.63910907534109, -0.045411322768761, 0.35869274310522, -0.09432722877245901, -0.017165977749393, 0.20639516009337
-0.65346016578511, -0.058887889069125, 0.43693001626886, -0.086716756228899, -0.029417519799519003, 0.20687997990334
-0.65699128727942, -0.065961263365666, 0.31613128065124, -0.068187502897773, -0.012630354083731001, 0.16058125627031
-0.68424403341642, -0.061539616103904, 0.32501223861978, -0.051580458451349, 0.010650351781327, 0.14774313093431
-0.68239410884258, -0.052732825998843005, 0.26050423157997, -0.07764324740191601, 0.017145063629767, 0.12384205267608
-0.68618560837359, -0.07762103603763401, 0.34426003830619, -0.08822283246401201, 0.039796476163356, 0.13377494520549
-0.63478855399537, -0.066570688263845, 0.19981455623845, -0.10464430672903, 0.013418376516451001, 0.14036451051703
-0.62405486561086, -0.050108399536297005, 0.19450165648939, -0.068657288638214, 0.028397019789203, 0.18816075997006
-0.61133211908041, -0.038017586131407, 0.19449880240287, -0.062627414359872, 0.049966599953494006, 0.18737374236907
-0.61113527494763, -0.031520324408638, 0.23877469272944, -0.043644766761401006, 0.04770108529333, 0.20373082401869
-0.63551138244533, -0.037507765128103006, 0.39084714897589, -0.06574643751011801, 0.08672429649546001, 0.21831664097401
-0.59580452447102, -0.023700963732853002, 0.23007488011326, -0.07210158647489201, 0.028586322992632, 0.18473184903183
-0.65809423561115, -0.048611692472738006, 0.39130225410453, -0.07838660693522201, 0.08081285632483001, 0.19252513351007
-0.63200787613954, -0.049084244205713, 0.42832201591472, -0.072228931307632, 0.041132440105768005, 0.1868900991202
-0.64487447473988, -0.055733099475286006, 0.57274945533158, -0.07580288186646601, 0.065666515175082, 0.19210965933152999
-0.629498788241, -0.035702458278166004, 0.44315690738398, -0.07239368579800701, 0.0081179206311731, 0.17636517683739
-0.6023210292345, -0.039825050046913, 0.38765141634058, -0.07558942778609401, 0.0037424465896306, 0.18402473005556
-0.61875375405301, -0.040273696512723, 0.36772829405429, -0.08714131064874, -0.0034485657476092998, 0.17936735467803
-0.64954598558469, -0.041743857442729, 0.44136772718728, -0.07468523969837901, -0.017758432209051, 0.17508220855627
-0.63838278135382, -0.044567559251683, 0.37213868462367, -0.073786665778756, -0.01147981534531, 0.18327774616062
-0.6302664120589, -0.041441660342724, 0.39136092995726, -0.07529138298158, -0.015620923157336002, 0.17947417652692
-0.6340217289661499, -0.044211245560072006, 0.38828718843963, -0.092201228888985, -0.016548163078691003, 0.16868337977443
-0.63653646984319, -0.075424991898121, 0.21107093240936, 0.0099064250980127, -0.065489265735099, 0.032972444399198005
-0.81234990223581, -0.17931082937674, 0.49411059478408, 0.26099760710156, 0.06230485576104101, -0.33513116122827
-0.81714922969668, 0.12040837291671, 0.73973071899961, -0.24544680510819, -0.052098589754446006, 0.07000613418047501
-0.89276863508674, 0.34791191798655, 0.36238981226153, -0.56051760173319, -0.09920690607459601, 0.55432758464186
-0.68591436227096, 0.17328600838623, 0.37450163180696, -0.24636112018518, -0.06813302745432201, 0.10911018293753
-0.73851148394943, -0.15733580699474, 0.77854397869958, 0.2846689307794, 0.16686582688778, -0.54559269219068
-0.70687880647744, -0.28642939212927, 1.0105105123148765, 0.42449652928161, 0.25204021232547, -0.78052111748896
-0.57618026358485, -0.11717440560758, 0.86966187556128, 0.17858007212416, 0.18471525306525, -0.619050197162
-0.58828879965038, 0.37237569330306, 0.33280995119047, -0.47791802885419, -0.10840433114945, 0.15822850009521
-0.75289714814831, 0.30896934305371, 0.21586206434777, -0.47971595962059, -0.016208390767183, 0.11368581211012
-0.67906308468582, 0.2424997689957, 0.23465856185365, -0.35386711140791, -0.0031923488292582, -0.010519603542652
-0.66322292275609, 0.23106593195412, 0.32471232053126, -0.2644967388569, 0.067585904146957, -0.054345353781215
-0.61439716343574, 0.18654227485264, 0.30650051582013, -0.1895250991991, 0.081973732814761, -0.14366700605154
-0.58599226297044, 0.15197732213407, 0.42774190510256, -0.22396957214698, 0.073929998148773, -0.092199257186947
-0.5668591326346, 0.15217013905859, 0.277776016172, -0.19907494210527, 0.07094273642311001, -0.065287257572715
-0.56878650386334, 0.14499872356597, 0.34545033528226, -0.20503898239496, 0.07836845063009, -0.028558894031131002
-0.57870647165491, 0.12564080933178, 0.28588663464866, -0.18394177346837, 0.081063389466678, -0.033821435122409
-0.5883680851285, 0.12867205499366, 0.32676471919584, -0.16514677631715, 0.073185217908224, -0.010783382140083
-0.60848961042304, 0.12961846360436, 0.41512465933016, -0.18107970256198, 0.070979061393435, 0.004744884413511
-0.64624859449835, 0.13644983567151, 0.55070787247635, -0.16994175702154, 0.057665157912858006, 0.0020336627714109
-0.59544107508691, 0.13962698380431, 0.45187689123766, -0.20033931967494, 0.071916226312559, 0.010129913350023001
-0.63187940925882, 0.12791410554817, 0.43598690892008, -0.1809553252317, 0.073494793867952, 0.012891798820463
-0.62852257076801, 0.12170475429235, 0.40890794486111, -0.19341015681944, 0.06957310814812001, 0.019607832791688002
-0.63391621863961, 0.12586690434908, 0.45985042798177, -0.20143868137155, 0.059501611727282, 0.0055581818973754
-0.65033541566648, 0.11563288582522, 0.4287136055275, -0.18410615573375, 0.062563387213059, 0.027856012703065
-0.64954785328338, 0.11681466697637, 0.3696490707342, -0.17558655461004, 0.037447905590006006, 0.014414107644027
-0.67602179092346, 0.1076863313907, 0.46429922390354, -0.18781323559513, 0.036934770487235, 0.025691967281996003
-0.66790996555024, 0.10985590067599, 0.41861586995967, -0.19629289448233, 0.038616581688695, 0.027218412828799003
-0.68261466711709, 0.1040002654111, 0.44903766023024, -0.1961798148145, 0.047299265334599, 0.024716442386543
-0.67256992546658, 0.10379951414612, 0.42203424091835, -0.18696933583631, 0.014876165431011001, 0.021886502903241
-0.69451048500282, 0.09326737423220001, 0.49921334600723, -0.19081772508572, 0.041147157561304, 0.028184061215146
-0.69797184181487, 0.09296968017479601, 0.43896215164584, -0.18682114867505, 0.029928463580775003, 0.020231101945444002
-0.72204438302119, 0.08743609629531501, 0.5208794924429, -0.19250248392967, 0.02479477686225, 0.037939243727075
-0.70207803464059, 0.08662153535922301, 0.48168826544859, -0.19124700537898, 0.042751546465831, 0.039562350332399
-0.71096447628534, 0.08957649871194001, 0.51125062182986, -0.20350773431129, 0.028906992464493002, 0.040390936026613006
-0.71590932848078, 0.08461552967640701, 0.49661013864342, -0.18826585721902, 0.050307701782320004, 0.038496191225483006
-0.71727094470357, 0.08114005345119901, 0.5228243015312, -0.19294413173869, 0.060368386108142005, 0.047211695060745004
-0.69375859453043, 0.085991028625246, 0.52295351567261, -0.18734588451204, 0.041461512778780005, 0.037074340746814004
-0.70994601463152, 0.07323328436194901, 0.54072189161891, -0.19353671480152, 0.06287544202135001, 0.052565725954406006
-0.70720846882679, 0.07917825908443, 0.50662391666807, -0.19726465840242, 0.031596265683948, 0.040703122702309004
-0.70513281777289, 0.07542493386443501, 0.50241920479746, -0.18515751895316, 0.04204906070795, 0.049604074454225
-0.7207191696566, 0.075412630157075, 0.51255581307899, -0.19349494214937, 0.047241300448148005, 0.042808403353108
-0.71652687268051, 0.08059626521273801, 0.5016789738501, -0.18836264368829, 0.041709912761079, 0.045290874349304004
-0.73876788929293, 0.069568573185898, 0.55563199181534, -0.18579678034163, 0.052324094650445005, 0.059196561008451005
-0.71128972130039, 0.063693377970039, 0.48834812331078, -0.19427795782432, 0.036982598237786005, 0.060615424612813
-0.7459096211528, 0.068590140706571, 0.55749220023516, -0.18931228750484, 0.026377865801619, 0.059934344955883005
-0.71493807669786, 0.064792024007938, 0.51430541918644, -0.18991787549058, 0.035083701953424, 0.057466067053812006
-0.72529623427514, 0.068897847376718, 0.5056534324716, -0.1916449111532, 0.042765011857511005, 0.05458186353106301
-0.71801883270534, 0.068045207065013, 0.50485847363886, -0.1962136787722, 0.030622422441934003, 0.063342843869096
-0.74228005703172, 0.061863821556768006, 0.52839748482597, -0.19101850082446, 0.062441616360236006, 0.070256679177221
-0.7244852313151, 0.061850211878666, 0.49566011518055, -0.18720514639098, 0.03997744211435501, 0.059055024731796
-0.75258943860094, 0.052385977569716004, 0.57642670690157, -0.1808518026476, 0.059068839510140005, 0.067215625520785
-0.73061641154646, 0.060708504727737006, 0.5545344790383, -0.19031197536196, 0.039418843773438, 0.068536933644241
-0.71463590593324, 0.06198545635733001, 0.54613469767107, -0.19719418151009, 0.024315626525382, 0.071490225000231
-0.70727819478335, 0.062639771119088, 0.49924296875013, -0.19289930575288, 0.049811206269834006, 0.077711360704383
-0.72260842723641, 0.052992029854653004, 0.51984026548256, -0.20523887961392, 0.05294661291104501, 0.07569740826096001
-0.71163171861123, 0.052039923300232, 0.4916118835831, -0.18831649999595, 0.06489421838077801, 0.062810418650894
-0.70480013544168, 0.050444968392574, 0.53269545267157, -0.20546757660757, 0.079192018089067, 0.07765433816122101
-0.71344530005174, 0.054299768505980006, 0.55619342632558, -0.19825422935502, 0.06860724923676001, 0.072080997615467
-0.7031832447352, 0.055778481284395005, 0.54490845566621, -0.19916614538017, 0.073654080585708, 0.074807663092888
-0.71036375181025, 0.053715273162078005, 0.57284013380997, -0.1964983918841, 0.071439470363409, 0.075095335994817
-0.7108176832854, 0.046705614802126004, 0.57631817590581, -0.20825122793169, 0.065102975564976, 0.079918760228393
-0.72946582000043, 0.039508761639947, 0.62815631413167, -0.20085774314114, 0.056578921933164, 0.080667341246694
-0.72394222855585, 0.036076691524923, 0.61963155327462, -0.20494878434341, 0.07428459164458101, 0.077489889831844
-0.72637882493679, 0.040042141281762006, 0.62331318951201, -0.20248849619036, 0.059888368196546006, 0.08573805334076401
-0.71470173492781, 0.042127550529652, 0.56605540592421, -0.20005300764447, 0.069936946836225, 0.075710864479978
-0.71427775090594, 0.033795502847442004, 0.5741175470629, -0.19236587818876, 0.064688036549192, 0.07782713250718701
-0.72283205035682, 0.038089723324849, 0.55730807555829, -0.19293097293963, 0.07287032231052201, 0.07756385237292501
-0.73426866081166, 0.032140542524208005, 0.60250229093665, -0.19170929018501, 0.054325611742642006, 0.073996697278433
-0.73958853947777, 0.031967693648318, 0.55038788704786, -0.18224404672326, 0.084371953348887, 0.086698965283539
-0.75368193713767, 0.038365973176986, 0.56337973179842, -0.18708170503246999, 0.066635383256805, 0.08240385779910901
-0.74021236458233, 0.037335079503788005, 0.54135269501056, -0.18355607062375, 0.07614672088762, 0.074231594032655
-0.74719548975713, 0.034511237646484005, 0.56347546521672, -0.18613401090117, 0.07734521323943701, 0.079168379085607
-0.73617524871272, 0.035786303944703, 0.57098288911852, -0.18766116608686, 0.082667962056473, 0.07709294314852501
-0.74894372577945, 0.028431033531814, 0.60212913347252, -0.18135935926596, 0.091845817657627, 0.09336111719893601
-0.74886646463478, 0.031519712185511, 0.5383899520834, -0.17675396077582, 0.084998736337125, 0.07680479507111401
-0.77724191626879, 0.022195107975054, 0.59257628049691, -0.17986990112689, 0.08681280561164201, 0.08076954340999501
-0.76233324348075, 0.029145479628227004, 0.54868924173725, -0.18146826916273, 0.07591727194313201, 0.079533567804418
-0.76191771877038, 0.031441107687661, 0.55437444118798, -0.176247179723, 0.079624833548445, 0.080536215841551
-0.75258461242007, 0.026895592255728, 0.55316223093577, -0.17523787002417, 0.097280760030027, 0.08072815081845601
-0.74760815408314, 0.025991164777946003, 0.56914841600367, -0.17681850058637, 0.086837156798293, 0.08015442820433301
-0.76540717519545, 0.015855013020455, 0.6310250926896, -0.16650744585508, 0.07522334512442601, 0.08229540480863501
-0.74614488958193, 0.017147139694636, 0.57322136605577, -0.16064585185439, 0.09158000290248901, 0.08229929431997
-0.78012545109597, 0.013839941079001002, 0.61418466846461, -0.17382600620057, 0.097438932572263, 0.07971963071887801
-0.74764402977697, 0.022645596371601, 0.57036756258772, -0.16607918133442, 0.09925979346171501, 0.07707504242216301
-0.78189403423536, 0.020717819161429, 0.599391810216, -0.16790894344078, 0.089009596118317, 0.07782419139394
-0.77314511444883, 0.019445256137779, 0.62063966215987, -0.17598505444883, 0.08268476824254001, 0.08014682869139801
-0.75889988329154, 0.016844615399109, 0.61411947998055, -0.18922239668169, 0.074830448107811, 0.078902384048741
-0.7679997925992, 0.022281915369158002, 0.67002738864855, -0.18447722479006, 0.07734961277560601, 0.082389319550992
-0.75406092315985, 0.013727325712381002, 0.6352034753406, -0.17731828268835, 0.10236112989117, 0.08476517966031101
-0.79331150512888, 0.015556195879304001, 0.64725547794789, -0.16434132512278, 0.072447306172326, 0.07509380842562101
-0.7881635693194, 0.015878018298800003, 0.63278168824832, -0.16305469558694, 0.09490769918675701, 0.07818337420238901
-0.7910198007682, 0.018091046275681002, 0.63321915918533, -0.16787474394646, 0.097817813688876, 0.077812999939982
-0.78438926309583, 0.012894464087458, 0.64153196965682, -0.17109596116153, 0.087316769805154, 0.079074375995865
-0.78526808433582, 0.011248068164327002, 0.64958396755552, -0.17467768431401, 0.13185048823958, 0.09564710214199101
-0.78632570824318, 0.010281060199363002, 0.65281544315492, -0.16653585731311, 0.09507281056885401, 0.076492164918098
-0.78487042740823, 0.0025347469598917, 0.67726118958562, -0.16009377625995, 0.12070072478068, 0.088022533105162
-0.78832034001565, 0.010593086041933, 0.6547209541162899, -0.16473314933665, 0.09305839253098401, 0.083845945437216
-0.78645460705014, 0.0082899915148042, 0.64127144987729, -0.17060441731872, 0.08259427679686701, 0.079868542561774
-0.7881444818761, 0.0089091180893454, 0.66002992233874, -0.17227006592909, 0.073235171435274, 0.08093604614400901
-0.78261336850119, 0.010815869748615, 0.65359803696281, -0.17246826644291, 0.06489623306318601, 0.07881626948353401
-0.80927735806206, 0.0036073667065386, 0.70930708583188, -0.1721323435578, 0.081992513711306, 0.09179869623554501
-0.7829664088088, -0.0004511537975212, 0.65260888814197, -0.16849854620409, 0.072831711835263, 0.07993186713901601
-0.80736327036066, -0.0058647109085811, 0.6802759816106, -0.16087808565579, 0.09265512034674901, 0.08021463440356501
-0.78888442987777, 0.0016042998736914, 0.64147204437322, -0.16757513211214, 0.08194815590740001, 0.08856526082596701
-0.81161392781283, -0.0007519414663031, 0.67871081946449, -0.17369057683014, 0.080148501049543, 0.085395604798831
-0.80343087845132, 0.0019232388974239, 0.65876188767781, -0.17202954968611, 0.074341811899127, 0.089950475233126
-0.80108939833231, -0.0040087633045354, 0.70655667895833, -0.18175426694126, 0.075920771793163, 0.08308112348023801
-0.78028668885703, -0.0014304401604035, 0.68815710245796, -0.17069973951602, 0.077605017421914, 0.077603052287017
-0.78903926160764, -0.0043123660846328, 0.66498019930115, -0.17827813314207, 0.09137098429686101, 0.090884125170932
-0.79218688786979, 0.007088152099607, 0.64352729315093, -0.16439545023563, 0.08180442869529701, 0.086714469956296
-0.79975227564622, 0.0085326918837993, 0.57383710506099, -0.1662294200615, 0.10567037740908, 0.092628770333775
-0.79902312697447, 0.008995792498277099, 0.57890556925123, -0.15693787111145, 0.11190928135274, 0.08594766829019701
-0.78623659540786, 0.006881389414522, 0.56513977547242, -0.16086927175047, 0.13993825134906, 0.08692897858185801
-0.77311274182653, 0.011330714329533, 0.5730127330166, -0.16523919181576, 0.12083078604787, 0.10117980497535
-0.77127531764186, 0.01835533035537, 0.51694570476512, -0.16236018843403, 0.10263492558697, 0.078507601241404
-0.77791666529322, 0.017683530452386003, 0.58565865269949, -0.16551229393792, 0.11230342145758, 0.09168082057450101
-0.74939197857629, 0.017949815109472002, 0.56954479450228, -0.17027515677307, 0.09630242267459001, 0.085791297131869
-0.75075507267792, 0.014885208661275, 0.58012902551973, -0.17589575672788, 0.10201041929331, 0.09693667216863401
-0.74473320940005, 0.0055142414041566, 0.60461584816523, -0.17953910806944, 0.10908582342444, 0.08227704262586201
-0.74010983374956, 0.010084001615144, 0.59388422489224, -0.18167443415275, 0.12149988551825, 0.08512515459765001
-0.75227256783753, 0.0012303603771887, 0.65604973028609, -0.17681927574896, 0.10830421203597, 0.09304519395846
-0.74210177903701, 0.0016396187909713, 0.6090621037125, -0.18350672731816, 0.11015610737884, 0.088605055149948
-0.78592786882743, 0.0002030659529036, 0.68974671389565, -0.18105185365612, 0.09492315541667101, 0.096545953025332
-0.76286105209059, 0.0028399091893479, 0.63083615400982, -0.1814624445798, 0.10696416687344, 0.09406516917339601
-0.7751762017283, 0.0021772451866983, 0.649306009835, -0.18495874596534, 0.10516539502238, 0.09740586230683
-0.76646042631491, -0.001955862295845, 0.63491160863424, -0.17649716213346, 0.10915816752653, 0.09285973213025
-0.7934623295232, -0.013077851936781001, 0.69213178814656, -0.18219071420656, 0.11564405962505, 0.097893221022208
-0.76521824222889, -0.00264702025083, 0.6017187998651, -0.1751175996569, 0.09362168481379801, 0.08731525785493201
-0.80033389178894, -0.0010268317212276, 0.62229680337092, -0.17020607158099, 0.09452406296983801, 0.09842668938580701
-0.78695935868828, 0.0010286713885608, 0.58993405859133, -0.16937593407994, 0.08891613142792901, 0.097498101020891
-0.79643887162858, 0.0001160122512618, 0.60007237819901, -0.16740091566916, 0.099344260184743, 0.09784525815353701
-0.79680035216934, -0.0056006931706520996, 0.6426806035355, -0.17003140676303, 0.10118411030719, 0.09061331115090901
-0.78099085336839, -0.007756580208522, 0.64346656281449, -0.16884635348613, 0.093013097010205, 0.097276757306459
-0.79595268966472, -0.0080891070026756, 0.69699116396872, -0.16541347654099, 0.089046015128435, 0.093027971410213
-0.78601918497054, -0.011692664889557001, 0.63234057234252, -0.15564147637315, 0.09710735439472301, 0.097549660342559
-0.81234459201254, -0.014009702220522, 0.65755574297723, -0.16929094880118, 0.09064992106864901, 0.08050234980539
-0.8018676641003, -0.012018871547013001, 0.62259678054201, -0.16209787311342, 0.08573469371459401, 0.089372222201443
-0.80471869527725, -0.0084811696946177, 0.64118980409988, -0.16864643989456, 0.08764559092785701, 0.089259903011783
-0.80823486358436, -0.014755955803454, 0.6696345232073599, -0.17180197842239, 0.11186541819898, 0.094870991432141
-0.79628259643467, -0.011457268092737002, 0.65682840298137, -0.17285750907238, 0.098315881069929, 0.08581914712830001
-0.81504899509655, -0.016018246523810002, 0.73524874929531, -0.16528825464749, 0.088256021253776, 0.098987077053947
-0.79049444767654, -0.0097354773113926, 0.65077717073643, -0.16430422835946, 0.081039201713361, 0.09306913946298301
-0.82351577137449, -0.011691926202264, 0.68327364629584, -0.17795602451493, 0.08175938084041101, 0.09994756179126
-0.82540473262674, -0.013144986073819, 0.64863433305525, -0.17946191010131, 0.10191486728275, 0.08845682860321001
-0.82279454111337, -0.015374703342255, 0.7001089508372, -0.1764441548181, 0.090637784561025, 0.093221115946668
-0.81762773489927, -0.014805873177827, 0.71841780703398, -0.1883941772674, 0.080388367448778, 0.09243766709601
-0.8041225972804, -0.0092708174328183, 0.70478364116336, -0.18380254200696, 0.059012769252964004, 0.09006545893898801
-0.82420609712837, -0.017841444227296003, 0.77617377827598, -0.18400846632026, 0.061273763901853004, 0.09066258015693901
-0.80457640750988, -0.016587619130587, 0.65975941943037, -0.17561768662137, 0.06499018636477301, 0.09990513855039501
-0.8578411260498, -0.018659723957302, 0.76161088613751, -0.17933218833535, 0.060891566217483005, 0.09680983376718001
-0.82181596513765, -0.016477525187058, 0.67671340564986, -0.17553081767956, 0.07330532108882501, 0.09968676875043
-0.84771673292837, -0.017927009235886002, 0.69094205145103, -0.17552336916889, 0.057158208582738006, 0.08683360411997301
-0.83892609992744, -0.022524683325496002, 0.76075500327106, -0.17172162455658, 0.088686060164676, 0.10231146589728
-0.83247482414648, -0.02816453138492, 0.74120505061064, -0.17897586427803, 0.090803192634862, 0.094570046657673
-0.84532175755009, -0.027039746485613, 0.8230156361865, -0.17218800664854, 0.07560505016439101, 0.10038511276801
-0.80989295059026, -0.028706581635571004, 0.68058755852849, -0.17082510586356, 0.10098900646184, 0.099224150579099
-0.83030638606664, -0.018172436768192, 0.653552623001, -0.18246850992334, 0.08771650115756001, 0.085062668752633
-0.83582980376462, -0.020123941128123, 0.67596371921419, -0.17834362546753, 0.11068083285258, 0.09823170128449901
-0.81901976368744, -0.017013192548093, 0.63810394450578, -0.17717316232482, 0.13322261839589, 0.085778232387392
-0.79921508673264, -0.020029086222517003, 0.62473737478308, -0.17556988359218, 0.13695140728943, 0.08145289453615301
-0.78246091505981, -0.025734112355748, 0.6717310200148, -0.17618539359749, 0.13857792077723, 0.086193341809516
-0.78818712220129, -0.023664706308489002, 0.57992297799947, -0.17395693640303, 0.13835539975589, 0.08205417784060201
-0.79230199274299, -0.023950180745748003, 0.62172839307267, -0.18029330604472, 0.11701994745069, 0.09732592331917801
-0.7685254081498, -0.023227668292659, 0.60018367485821, -0.18109274444029, 0.12081745222603, 0.10851633778349
-0.76615433660388, -0.018546040360806003, 0.58341842626151, -0.18826671841927, 0.10184138339206, 0.10295906651042
-0.75841652922069, -0.016163209545922, 0.59081558475976, -0.19148833734559, 0.10317276033056, 0.1048650498038
-0.74956092606708, -0.028058250190931004, 0.58823402651163, -0.18672470534121, 0.10676052899763, 0.096638908370221
-0.74862990641607, -0.026015003017593002, 0.61412706404642, -0.17854027497785, 0.08097345639037301, 0.10906694581149
-0.75129615379005, -0.032000018566168, 0.63474912912129, -0.18760891129438, 0.09579957297580101, 0.10639028266901
-0.76683295052891, -0.031197550018541003, 0.67257448833814, -0.18654034655008, 0.080984685165583, 0.10973188215249
-0.74591096740095, -0.021683079331697, 0.61442218802685, -0.18153814165715, 0.094645989221594, 0.10591693230885
-0.76526521782349, -0.027469708944931, 0.64676107881063, -0.18231147621667, 0.11112708902367, 0.11030039609988
-0.75628128151292, -0.026963561956439, 0.64832326718164, -0.18557076294376, 0.11035183607264, 0.099214379445114
-0.77406811042551, -0.031230771202414003, 0.72862673458025, -0.17944660654982, 0.08929769503156201, 0.10814229771689
-0.77756696173678, -0.029723533762049004, 0.63135330495329, -0.17646507709318, 0.08611319897276801, 0.10618947505608
-0.78754357504698, -0.035572691482919, 0.66309418564204, -0.17627437772922, 0.069748814363425, 0.106061398481
-0.7779393181506, -0.036211919157448, 0.64394652344259, -0.18360190552762, 0.08067809154592301, 0.10513603397925
-0.77764406231159, -0.037456974013721, 0.68185496461981, -0.17847376472085, 0.085931302552014, 0.10556415312744
-0.79003131178219, -0.037136965552387005, 0.65394601611497, -0.17218406685024, 0.074771536183283, 0.0987468711713
-0.80216710354673, -0.045083703544509, 0.76687730792665, -0.17853236565608, 0.090043267203204, 0.09816463286604901
-0.76204979932358, -0.038667173691535, 0.63303638190158, -0.16590597045153, 0.07424117974239901, 0.0929567880695
-0.81141991077589, -0.036592615724402006, 0.69285828277926, -0.16449707180747, 0.07122010345994301, 0.096320484824695
-0.78115245430672, -0.033167192708640006, 0.6588811211008, -0.17882023270668, 0.092203290261643, 0.10587323734039
-0.78866675810187, -0.036201715803370005, 0.69531756317038, -0.18414364339877, 0.084264652742064, 0.09939233858581101
-0.79350180881557, -0.040964131841739006, 0.73634168594703, -0.17794106964171, 0.087701433369511, 0.10081332968748
-0.81300581681597, -0.048735162404193004, 0.76454285271432, -0.18316105120402, 0.09613201998232601, 0.10354634444627
-0.80110348060035, -0.045294146227089, 0.70156234637453, -0.17056286324203, 0.080353430845137, 0.095229828685209
-0.8127677208663, -0.045936925912098005, 0.67368466878965, -0.15853295508353, 0.08172226976114401, 0.10097604553307
-0.80201789244481, -0.047354184635793, 0.67899218485447, -0.1629570263548, 0.06617904849278901, 0.094956074307284
-0.81317118814647, -0.048723771488551004, 0.70060683100733, -0.16995429397542, 0.08586626275204501, 0.093269136188452
-0.81277064042943, -0.054451061645792005, 0.72186307314545, -0.1661821617802, 0.079533268735855, 0.099347977632185
-0.8166916916682, -0.053808194111444003, 0.75119808044461, -0.16297977731314, 0.080959691307931, 0.09600983718144801
-0.81704563811007, -0.058567537591993006, 0.78767182531845, -0.15570321970393, 0.06884319444806701, 0.1004515098527
-0.81474974273697, -0.054915316720806004, 0.6971696055531, -0.1526251841743, 0.079373223026757, 0.09737682106701501
-0.83420886427807, -0.055516421187247006, 0.73209333465938, -0.15762547823874, 0.074655688657439, 0.10124338526907
-0.8245329880663, -0.057000860468161, 0.68253065686009, -0.16016061610748, 0.083617038832416, 0.10411918748466
-0.83667993168321, -0.061641757725981, 0.7240403395923, -0.16729872850644, 0.08481169151585001, 0.10108931990195
-0.8288003287143, -0.06408614555533501, 0.72447439982899, -0.1690019332303, 0.089291802807008, 0.10729204053777
-0.82436887991659, -0.06660508535909901, 0.72771216241845, -0.16283382845584, 0.078342739035597, 0.10388396165403
-0.83734414957447, -0.062606615218492, 0.78080219434453, -0.15201780612172, 0.07104385159071701, 0.10859465034221
-0.83995863464263, -0.0669336768876, 0.68358864765366, -0.15225650367217, 0.095561090709963, 0.11532351130945
-0.85622313997429, -0.063220567687231, 0.7484921605946, -0.15653046154643, 0.091405747301149, 0.1232849998193
-0.85193286881935, -0.06321892874430801, 0.74431288891562, -0.15814870383769, 0.09617189469287901, 0.12135363639359
-0.86268996401908, -0.064534093400231, 0.7956022197617, -0.16366311058341, 0.09393595463672301, 0.11482597666446
-0.84887969895208, -0.059404883058947006, 0.74794552343844, -0.16777866324169, 0.07443796101048701, 0.11339387487405
-0.82334973868927, -0.059617070668623005, 0.70404275429265, -0.15788514572625, 0.086451746810471, 0.11075986577896
-0.83013147619013, -0.05522766080665, 0.65778928658459, -0.14990257520204, 0.09955930324448901, 0.10410598127627
-0.84648774127409, -0.055929247883636006, 0.71066481798466, -0.15712832975785, 0.12701730394136, 0.1164843981104
-0.81614074129631, -0.06332566762853001, 0.6902087919518, -0.14605302265919, 0.13101844428124, 0.11314929154513
-0.81318589449243, -0.05839801422623601, 0.68255537318861, -0.15231729192989, 0.12667781461898, 0.11219439445182
-0.81118993787114, -0.059435589461280004, 0.68695174321839, -0.16470802417377, 0.10972148339453, 0.10674984592327
-0.8053214780383, -0.058292077415047, 0.65455553081984, -0.1656727794019, 0.10149736024194, 0.1109564413571
-0.78790074009384, -0.055031222408305006, 0.63518627861905, -0.15611125171596, 0.08983716505885701, 0.11738171858626
-0.80746370159845, -0.06378370368984701, 0.60865449186153, -0.15415635104654, 0.11134844552411, 0.12387223734711
-0.81559316280011, -0.06296022216935601, 0.66590972036883, -0.15683313017933, 0.09570132148430101, 0.12409175300979
-0.78611482924797, -0.06221208743077201, 0.66392518908882, -0.15724889362661, 0.10812321691362, 0.12228803789242
-0.78798051350426, -0.061998395225717005, 0.65617733501467, -0.15567146819128, 0.10143333870007, 0.11920877027894
-0.78910524739774, -0.061255956757019, 0.67288145061696, -0.15387654100867, 0.09342197004800101, 0.11816490946862
-0.80453544922862, -0.071691019453492, 0.70076721614651, -0.1599098557159, 0.10015410880909, 0.12567546417348
-0.79620934142849, -0.066824178711114, 0.6246773014678, -0.16244356048798, 0.09712058528019901, 0.12928888322537
-0.81451775699377, -0.07610165752897301, 0.69575253684589, -0.16430453178252, 0.098497725467834, 0.12869600090573
-0.79822601314417, -0.07648877927422501, 0.68458504103576, -0.1595171239603, 0.10396200082935, 0.1263713542504
-0.79494016644216, -0.08118689432018801, 0.72547783532299, -0.16751736403332, 0.10756090999778, 0.12780127801772
-0.79690157454001, -0.07959092278785801, 0.71116961873031, -0.15927080136348, 0.10541824741634, 0.1219643290999
-0.82193069571005, -0.084608451886255, 0.75847701521439, -0.16190047636753, 0.11440128638198, 0.13127863606328
-0.80937824394809, -0.08171514583278201, 0.66781535766051, -0.15449058560792, 0.089514616731451, 0.12317384605686
-0.82735246381886, -0.080506009627115, 0.70622758374283, -0.16347262655771, 0.08811686074437901, 0.12842517746851
-0.80545495162217, -0.075260449348617, 0.66951000122628, -0.16157085683916, 0.096874263574036, 0.12418811638247
-0.8152273838784599, -0.085929458553981, 0.70117698127655, -0.16332201172704, 0.10404930519265, 0.12699055001803
-0.81152851266528, -0.08356231144942701, 0.72021735842893, -0.15981675473713, 0.10939545692559, 0.12962677057948999
-0.81621029926758, -0.086790832023938, 0.76185408373937, -0.16794571216022, 0.11100109122686, 0.13126935002458
-0.80529026238407, -0.083731487409788, 0.72476111788942, -0.16123699335164, 0.08612827596108501, 0.11322625378372
-0.81841296117405, -0.09187336016587301, 0.73042873401925, -0.1568986920507, 0.10063661768035, 0.12183324757199
-0.82855361489265, -0.08446215445579901, 0.74185157734232, -0.15608383013913, 0.095911087003402, 0.12829749049702
-0.83642215407741, -0.084061112972602, 0.72717065216674, -0.15388671093346, 0.11382510626221, 0.12957667039072
-0.82681255648558, -0.092263428753838, 0.74007562823896, -0.1595845608893, 0.11030604420116, 0.12755012498499
-0.817113457738, -0.08695774329183101, 0.73037767747994, -0.14747216113119, 0.10715154041668, 0.12410069711957
-0.84697548978279, -0.09153542396482, 0.74909157992192, -0.15235205148112, 0.10175506302, 0.13380608177362
-0.83683571531192, -0.08441869149113801, 0.68847932905381, -0.14493719062892, 0.11332388828667, 0.12557379027553
-0.8608980168874, -0.08719009667093301, 0.76734601671393, -0.15151611328653, 0.11635324596261, 0.12903813714001
-0.84557598955543, -0.08701923830392301, 0.75289079460052, -0.15441144095724, 0.10382363699632, 0.12208082771214
-0.8396831206704, -0.08788093149720701, 0.77890280924454, -0.15753383462872, 0.09646146374281701, 0.12690287932471
-0.84267190051797, -0.092095437819646, 0.75497710375207, -0.15800809759139, 0.097710276469502, 0.12754982131016
-0.84954679858254, -0.09575254791410001, 0.77804484258492, -0.15472706497812, 0.09038769257375401, 0.1256412331736
-0.84486771100336, -0.10193153010325, 0.80562494889803, -0.14708696715961, 0.08971942568556, 0.13083126542687
-0.84650531021163, -0.09846243667670701, 0.7384403389101, -0.14167527587567, 0.096748188548368, 0.12781216239787
-0.8532177022776, -0.10200869868779, 0.7988204295761, -0.15244062349401, 0.088027185788129, 0.13394436877182
-0.84969660882748, -0.09750280568460701, 0.79308418582943, -0.1515216588583, 0.098321170124122, 0.12453838455046
-0.86643513981146, -0.09284786185943, 0.77655164933864, -0.15513729757542, 0.094014863409538, 0.12675586699911
-0.85259147796138, -0.09944889330209901, 0.79586241667726, -0.15188264739979, 0.098722983618408, 0.12744494381629
-0.85625855021629, -0.1014545540223, 0.78045636289524, -0.15792759400844, 0.09912377986374701, 0.13242587549302
-0.85587519065771, -0.099154586824356, 0.77569707436954, -0.15030671142747, 0.07794919911700901, 0.12752639351718
-0.86536936940182, -0.10722588457184, 0.78136858400841, -0.15208716008788, 0.10826503218759, 0.13434384279845
-0.86036476427255, -0.10257195607923, 0.78208158759818, -0.14627998831812, 0.094155417032536, 0.1297303146851
-0.86687110545751, -0.10623493509595, 0.77492221510013, -0.15401654893008, 0.11857769132533, 0.13367120303163
-0.86947631892406, -0.10317750681873, 0.75897504779213, -0.15913863292193, 0.1071691375216, 0.13006569409202
-0.8710999338569, -0.09645062388344401, 0.77493723394763, -0.15429432264681, 0.09273334185675801, 0.13004714626258
-0.88279909964121, -0.10413599998961, 0.80440086376642, -0.15954254223197, 0.10359043762363, 0.14341816487634
-0.87928889131407, -0.10639261062774, 0.75211450208825, -0.16257928337693, 0.09372824205478501, 0.1375670027375
-0.88366352441962, -0.10594840900688, 0.80080651508765, -0.16269151975224, 0.096133232056334, 0.13758717872393
-0.87367337477542, -0.10371170418528, 0.75217958770045, -0.16725856150768, 0.09275305418136301, 0.13334546869341
-0.87433121856928, -0.10292243024182, 0.76495227611541, -0.16001320072156, 0.09199544345082401, 0.13668221270019
-0.87960809002409, -0.10439107516773, 0.77768979738951, -0.16237433559408, 0.09744924894362601, 0.13577990270368
-0.87268446090869, -0.10650850837556, 0.75431707391092, -0.16520174862465, 0.079805765354578, 0.13602279140289
-0.86821312806698, -0.10418689723815, 0.77637665534342, -0.15442499655274, 0.069391766999815, 0.13613248724712
-0.8819604156286, -0.10971344768931, 0.77010108968799, -0.15593239147413, 0.10153826139433, 0.13625247044085
-0.89852188640837, -0.11162551352188, 0.82269154014451, -0.1565490739894, 0.091148133753087, 0.1320052343721
-0.88536179487411, -0.11406956653324, 0.82835670877757, -0.14979151576536, 0.10138900062598, 0.13522468680052
-0.88302547325461, -0.11595408786008, 0.81834465215898, -0.16162171728175, 0.088286094000966, 0.1373174776068
-0.88021495888665, -0.11318696496638, 0.83681356997298, -0.15766239491361, 0.08779240288187301, 0.13950022498866
-0.90109452974881, -0.12528873246719, 0.86911432131551, -0.15696482634907, 0.09663284076534101, 0.14308800636569
-0.8749412141504, -0.12330730746373, 0.82154634436797, -0.1529722143024, 0.07682887434950901, 0.1320549810428
-0.89348294614862, -0.12509338877211, 0.80016270419642, -0.15588235072014, 0.096574243186411, 0.13297140753702
-0.89259267155568, -0.12150697127199, 0.82116576216308, -0.14389839419338, 0.090701463530464, 0.13864897508894
-0.90007903588506, -0.11618464258263, 0.80941383048539, -0.14377904776647, 0.10927017571097, 0.13776463827862
-0.90815375419367, -0.11849634737714, 0.81028970017166, -0.15101773455023, 0.087760650293388, 0.13651220066694
-0.90493531842466, -0.11888660227337, 0.81378082015526, -0.14170205506025, 0.099599855954682, 0.13834456169175
-0.91660753171177, -0.13192114701204, 0.82033202515228, -0.13760889383416, 0.08636554428623, 0.1450375622142
-0.914280829158, -0.12694176709553, 0.8046115120185, -0.12533882032822, 0.078812316867251, 0.13016433742631
-0.93431031397088, -0.13803738939994, 0.90500378457977, -0.15088762240682, 0.11557288878979, 0.15355140543866
-0.9219930046075699, -0.12267106162053, 0.84695992815214, -0.14136021892837, 0.093569773388429, 0.15776376225689
-0.92998194941907, -0.12020830446133, 0.89074269266525, -0.13289341462043, 0.09607051157670501, 0.15841626402652
-0.91585003448941, -0.12803645343537, 0.87979119810684, -0.13661362639925, 0.1079233870758, 0.1681755399955
-0.91910013964535, -0.11879018657142, 0.8760374952608, -0.13860738971433, 0.09550548802722701, 0.15776358098535
-0.90548036688378, -0.12221235121936, 0.92191286936163, -0.13643349191573, 0.09545534364958501, 0.14920016191538
-0.91786856426934, -0.12436678275703, 0.91652397642807, -0.12925414642126, 0.10542739578961, 0.1490299818098
-0.93926621753014, -0.11999335074275, 0.94941850330686, -0.12776446713742, 0.084339022372013, 0.1530073068153
-0.93654820594665, -0.11716516582414, 0.9210403430667, -0.13572908072848, 0.11492910583501, 0.1567512845683
-0.95963097559705, -0.11593012979627, 0.89359254730638, -0.13293602111143, 0.11639558075123, 0.15018066088488
-0.94677612501095, -0.11398678532208, 0.92284917213673, -0.13415205793499, 0.11171323579695, 0.15858467620693
-0.95691796136493, -0.12508040420932, 0.95533702346238, -0.14361584540421, 0.11620913239582, 0.17206758056293
-0.94798561258842, -0.12061043236675, 0.87510676985859, -0.12243635204272, 0.11497999869193, 0.16181932515005
-0.9499037810066, -0.12734443320897, 0.93042287106238, -0.12219636453123, 0.11814337950263, 0.16718538162611
-0.9222582942283, -0.12213563886013, 0.86410352647577, -0.11309065104197, 0.13074031683273, 0.16160942906507
-0.92864780606094, -0.10963886696654, 0.88098871767848, -0.11643528205085, 0.12326601768417, 0.16335107778324
-0.90690183974525, -0.10451230197078, 0.88800346211384, -0.12701853378505, 0.12911327026125, 0.15635510050629
-0.91408370603807, -0.1010197934647, 0.89379335099104, -0.11908102668044, 0.12283991908416, 0.16091842435425
-0.90811599380722, -0.09791317453201501, 0.85193677374887, -0.12136534116755, 0.13363293760074, 0.15260726980851
-0.92431654788454, -0.09804981241596901, 0.84418275335517, -0.13027976733174, 0.15185026044417, 0.17040578672146
-0.88520534492785, -0.09971789495202901, 0.83961550002586, -0.116411877087, 0.10939359353976, 0.15048781732299
-0.89703360671234, -0.10760484803267, 0.86589207482282, -0.11562750663506, 0.12308835624704, 0.15337165860350999
-0.89253765792795, -0.11204949323708, 0.82924910467525, -0.12756426548731, 0.1015967109571, 0.16277935147332
-0.89376904683325, -0.12091949663832, 0.84245729543531, -0.11130887339515, 0.11887557157315, 0.15239229044965
-0.87091806808668, -0.12233851280123, 0.73451183223634, -0.11369266440992, 0.086973041474799, 0.14843888634359
-0.88980727176363, -0.12702644443331, 0.7674083448342, -0.12486236993438, 0.088529389463394, 0.16023848555307
-0.88717572709995, -0.11947565124779, 0.8344041838947, -0.12866208142084, 0.10044034646263, 0.16196085383138
-0.89739364614179, -0.12459184982435, 0.8688495293839, -0.1248149682306, 0.09410673674297501, 0.16498194400847999
-0.88521394084064, -0.12104719407913, 0.82332034895268, -0.131292560914, 0.07146676650924301, 0.1533612862166
-0.89259706873839, -0.11756235591138, 0.83134679137305, -0.1382829698525, 0.069124415596333, 0.16548424803865
