Pichu
0.0, 0.0, 0.0, 0.0, 0.0, 0.0
0.19104727229438, -0.23568487138455, 1.94308363640356, -0.20730137255817999, -0.47589155946525, -0.026576697528086002
0.66696753996658, -0.25815193351362997, 2.294150261051427, -0.19052893172143, -1.1635561180414626, 0.037629034036391
0.83204435762763, -0.1469416859496, 2.7942430872307513, -0.044354842386637006, -1.470120517288565, 0.067726345050614
1.018086309679745, 0.024315032918781003, 2.280366357923287, -0.034331096713235004, -0.78867596408456, 0.051070786803454005
-1.7420019226950425, 1.0794357678563615, -3.1470905287805047, 0.78212451915365, 3.256123868890711, 0.97006014690758
-6.265216713715753, 1.4315245231669338, -7.094308261652634, 1.032077210164172, 7.247176062409532, 1.7314615845698094
-4.708331698519681, 1.5092182093227786, -7.232650891025512, 1.0245243518285867, 5.983229191160546, 1.5534414498886187
-2.61739299689467, 1.6438602695620999, -5.936305714084309, 1.202181079962975, 4.199802549581527, 1.2680358439282633
-1.581177839914877, 1.4480861175366506, -4.824828654697959, 0.99549991307094, 3.1384783366444506, 1.1035823151937216
-1.0760038568797698, 1.1278659914832316, -3.487070786605748, 0.73623394571968, 2.396875731510967, 0.9320704797191
-0.7809557746881, 0.75309695872123, -1.6997743286495166, 0.43060615449446, 1.6756675076970398, 0.78747804533029
-0.48064440899762, 0.5685156095248, -0.54211268741324, 0.31517012249176, 1.0723005679577615, 0.71247245614976
-0.35650749341953, 0.42295572621092997, 0.72832138297105, 0.20780903249158, 0.60746760353486, 0.66339114705318
0.14719360522109, 0.47107364725159, 0.74031346081891, 0.29475813572048, 0.48633049916615, 0.5685991371484
0.40153525713966, 0.45586607198001, 0.51234373175672, 0.26988633880306, 0.40537021938921, 0.49754596946613
0.43323028774229, 0.51526869608088, 0.11896868155672, 0.35652127507854, 0.46794362734772, 0.48070854441847
0.32285553435902997, 0.53739108774796, 0.20920872595084, 0.44706743492056, 0.39754465441515, 0.47293529978433
0.35502541560076, 0.59603282223378, -0.025531356303766004, 0.50521058330581, 0.43687894447328, 0.46854716365927
0.31263401464567, 0.6032287652072, -0.30702320884377, 0.49059945078468, 0.52812632960709, 0.43013117390244
0.29148205282959, 0.6407471579122, -0.3765726974464, 0.55920111412277, 0.52591304107047, 0.46960528701428
0.22274211213275, 0.61758326463881, -0.062336930213447, 0.54130406703654, 0.45566518489807, 0.45821360860542
0.32096031607752, 0.60830484014398, -0.015894898840631, 0.47570139496983, 0.41535372187961, 0.46776247381275
0.52740514471925, 0.66888090633306, -0.29723221462055, 0.54682319595942, 0.15830077791582, 0.45020124077529
0.47400401487656, 0.66827888586634, -0.18032009132467, 0.55468394561499, 0.20178894283173, 0.4514536538961
0.39398628330312, 0.61366155873941, 0.09461152487589801, 0.55100852892399, -0.0084695492135965, 0.41392928605931
0.12048923908454, 0.68682092777071, 0.019220186132488, 0.54754924602028, 0.48652722689237, 0.47511618610066
0.050628785162838, 1.7139136777960426, -2.854665246216621, 1.1702276931464457, 1.9616804263101042, 1.4759332760495845
0.88311419717137, 1.0627920812082856, -0.64542437542778, 0.78220272232953, -0.33347374499028, 0.76666318883064
0.93740915318075, 1.0731492329642645, -1.5933457357740313, 0.9225564813987, -0.32878469583547, 0.5267953678213
-0.13690825823657, 1.231099212801928, -2.677654831349456, 0.90230865066206, 1.3085474859678283, 0.81271165577942
-0.13879880776716, 1.1676230307379492, -1.8346319039367103, 0.82121218959447, 1.5236565309028431, 0.81739915032843
0.11252288419307, 0.85602340429382, -0.33891208534159, 0.62823022359891, 0.75716096417, 0.57744809230972
-0.0033270756448928, 0.72269363905346, -0.53535615231088, 0.4984335019004, 0.78271793278202, 0.55855535672208
0.17254141208575, 0.86950470793583, -0.97885658360023, 0.67064429980635, 0.59006247656362, 0.60415121605338
0.67954985979859, 0.93913114422726, -0.11949402642291, 0.54835602908617, 0.79215153700842, 0.75079500261682
1.0207923708371944, 0.78271801411983, 0.97939401216721, 0.49911816371738, 0.10279857309888, 0.61980303427151
0.19232539328369, 0.62213237335631, 0.7073477592595, 0.4368078381977, 0.16609794229855, 0.62487886526792
-0.15842213841077, 0.78292945853078, 0.21437608262792, 0.47322610955222, 0.99351013958727, 0.81356670417568
-0.29454731207941, 1.383183792125828, -1.9908851454756895, 0.87897051021073, 2.1036749971579516, 1.3878107720378898
-0.6488641271083, 1.5714810486317108, -2.4306674116674696, 0.96170687231993, 2.2582613980612978, 1.7049381424705023
-0.34190807011545, 1.1416570270434712, -1.1295513449887515, 0.69147933920646, 1.4054114299845761, 1.2519457402274052
0.15150222066449, 0.69990762864765, -0.43902831004087, 0.42263000413082, 0.11640954089207, 0.84934313493634
0.12654018417979, 0.61175470895207, -0.11197366864847, 0.33935066059052, 0.23849555274924, 0.75045278812908
-0.12388295744037, 0.74786590604165, -0.51468169801218, 0.39469902399463, 1.3587292901100558, 0.8145430791608
0.16683125480707, 0.8521277774406, -0.74042029807826, 0.44134868001455, 1.3972144617216393, 0.89279740345812
0.32275368028801, 0.60944282773254, 0.12529943389129, 0.346720267529, 0.39929367267963, 0.72998834568117
0.90439973440653, 0.6175639892099, 0.044308423790168, 0.46028479743191, -1.131617180626366, 0.69228450135317
0.25461037264691, 0.82015835690421, -0.20823749119322, 0.51918670523002, 0.63611237757247, 0.83135508039564
-0.34913734694619, 1.2152205256328812, -1.753949565154468, 0.77472745165636, 2.2963107714259463, 1.0496682780691629
-0.07486880058462, 1.6072663101601026, -2.2888328146570034, 1.0399429888753011, 1.9149512108850422, 1.2526198248739784
-0.1726159294342, 1.4954515786977436, -1.8023173990138952, 1.0274607838616756, 1.9584587336740849, 1.024905516891579
0.11018681224838, 0.88574311621416, -0.53576692229367, 0.47694500649567, 0.80712341536414, 1.201246918755254
0.57556511534384, 0.62398497926327, -0.44907043435307, 0.13453630116643, -0.040540444812157, 1.3764638266372715
0.92388509273784, 0.36447704553242, -0.95353202994039, -0.57371943176239, -0.38580800157532, 2.7184740649671753
0.96569854008537, 0.42939078221557, -0.96738456021637, -0.65554544100521, -0.40733292303785, 3.0808839701157935
0.97638305735657, 0.35152167022845, -0.94893468317165, -0.7786617969335, -0.52086509885052, 3.315832805250402
0.62397184521069, 0.49798748593385, -0.65137467189098, -0.30711385047226, 0.027235205944266, 2.792719997264311
0.39609207833089, 1.182163466505533, -0.20247307525822, 0.60864060925897, -0.0063516710945917, 2.728344850811941
0.49513828758058, 1.204721878075966, 0.47117189693916, 1.6374152171498682, -0.30154300137394, 0.45827222833541
0.44750426555595, 1.12074764399008, -0.27690033934234, 2.2485543849679397, -0.54650380553974, -1.6061145381561095
0.48347265440338, 1.368822918408096, 0.07716404625765401, 2.2258313570399575, -0.24529157941889, -1.5101107074833837
0.76464821294047, 1.5565502147007246, 0.19797212676907, 1.7264045756201383, -0.19121850812469, -0.37693322471352
0.61727305263239, 1.2861440557888764, -0.65054543610802, 0.84444552326602, 0.2028842050246, 0.91196554908385
0.7222264578151, 0.44887398966583, -1.7583510976105976, -0.67662656540254, -0.18077539378165, 2.3429920515392135
0.90484980836823, 0.078256742366984, -1.9938321277159445, -1.212372390959999, -0.47362857902101, 2.7803821562855955
1.236786337552202, -0.0080824136228598, -1.838509624446931, -1.468779682651288, -0.82979849886336, 3.5872430854062163
0.75405365692013, 0.020889154295002002, -0.96631320075772, -1.0476456379500303, -0.34335309780025, 2.9110335725569656
0.52750198099565, 0.8565894536887, -0.37674618399923, 0.80846280739424, -0.0056412855849648, 1.1917366200859798
0.46607663074063, 1.2373301832216252, -0.41506857197734, 1.437861256921466, -0.24208106907233, 0.19007040948208
0.70906159505865, 1.6978956287595177, 0.028509689023127, 2.7146863225950177, -0.93041385268408, -1.9826784268325204
0.54324117348101, 2.2714129504547618, -0.0024438595939329, 2.756284954636643, -0.60500738610377, -1.6623892909138467
1.0205809585053938, 1.8550828692659362, 0.06983825626021001, 1.655347564974165, -0.23960313019569, -0.49539181823673
0.79182169065316, 0.90102124977229, -0.66047411122478, 0.35456876803127, -0.28051559298646, 0.78552467282543
0.66582044699107, -0.2662605284072, -1.5213515825659154, -1.216832593065844, -0.44262205099898, 2.2647369871631393
0.51689781840483, -0.12291841335997, -1.3392869839848685, -0.90836228939612, -0.06936217696874701, 2.124501655889296
0.49615946698197, 1.2328111945068085, -0.80111524676009, 0.96471240478204, 0.26991763366034, 1.2062006004626706
0.16344595404618, 1.3348749032681648, -1.210283099116101, 1.2575309963040815, 0.20154572807617, 0.087817760296654
0.20266372030033, 2.1043966533888496, -0.92064947189915, 2.1747659890704245, 0.019341390332414003, -0.14258539824425
0.31395472999515, 1.892682050677525, -0.79235266157677, 1.6956205694087756, 0.0051953037597167, 0.18716316892908
0.62906077799234, 1.3318264362055448, -1.1045877632311347, 0.98802141118323, 0.15358094430845, 0.93687293607674
1.434412668485317, -0.021492500448657, -2.0496268331248215, -1.0439590457962349, -1.2236709160327035, 3.039618346478207
1.498636978247636, -0.28591088833237, -1.9098365319607993, -1.4755002416700038, -1.514659497481543, 3.5487847242659005
0.87788764633094, 0.13026835196913, -1.5297731908226206, -0.70888538112379, -0.49518669065084, 2.7224525732981224
0.65094474629207, 0.87421976065305, -0.63375429463147, 0.42720112473298, 0.0018027809615818, 1.6891940668840033
0.81554088536351, 1.0550095465157958, -0.43172748755581, 0.7179685184683, -0.017486569122345003, 1.311344627287276
0.69287804992357, 1.53872919420083, -0.13270771646985, 1.6622223983600235, -0.35272483011986, 0.40793525955637
0.56727560499677, 1.3895905384042855, 0.35073265258463, 1.6301699204994218, -0.45892126781928, -0.15043628773132
1.0827864436291001, 1.6054884441022896, 0.85301858592261, 1.6608733002873786, -0.72253746153203, 0.092996748123156
1.132009988940244, 2.1096254156033183, 0.95369820899631, 1.299619379375188, -0.73913411651688, 2.2217775584118233
1.1356597661824246, 2.164309031664201, -0.46675251624713, 0.64683274923488, -0.5970848981363, 3.9924176313558593
1.133078508151643, 2.144459950380126, -0.7806408499875, 0.38507060543643, -0.68375749576343, 4.520804815543006
1.1183949237419821, 2.075156298717051, -0.17256402869468, 0.86515401826464, -0.39926331335211, 3.1957321661648774
1.1876030209217636, 1.5754511450682556, 0.55217241656551, 0.95098921174254, -0.59359760410757, 1.637399403942231
1.2724018378343982, 1.5829874127314087, 0.17545906673291, 0.92990002226214, -0.33997554068046, 1.627246434238449
1.2696909321108567, 1.5856813242123482, 0.15538963983506, 1.0495076544350692, -0.3072562497696, 1.5583085781487607
0.54002104307799, 1.910557928196952, -1.2824814847863237, 1.2754806598020707, 0.81746121023349, 1.8367251443003243
-1.0946532382890939, 2.508646319754779, -3.5472154192336984, 1.7104268410156351, 2.3841438441982663, 2.7719216779684515
0.23209463144656, 2.3255376427921792, -2.096263392157695, 1.4718360833900592, 0.9480187744227, 2.273433699450739
0.90039154336599, 1.706010513629964, -0.2023901427843, 1.0493571101055916, 0.0003287515014616, 1.6930965644729783
0.48403780310407, 1.3946714712189285, 0.91418592129497, 0.88848112239735, -0.1727835529703, 1.5342574580480417
0.61058292830875, 1.322973717808749, 1.0043992402362707, 0.86392586376107, -0.37308841577148, 1.4615925450433378
0.8489234125499, 1.4109012083507761, 0.40716658646456, 0.8342880321132, -0.07077714871323, 1.47138250895359
-0.057047045707531004, 2.1986130703424163, -2.105423405472375, 1.403550642305675, 2.197247018235616, 2.080509043415352
1.0631040075543003, 2.473372383324726, -2.221184916821414, 1.6239337246829617, 0.18743237117477, 2.0205145610855775
0.47539134662028, 1.6712986743424265, -0.66267418429248, 1.138947206117584, 0.51657084884022, 1.366065297985778
0.83481783022541, 1.3108581553089307, 0.50158226623826, 0.89089202348884, -0.70234574038788, 1.1970891888476338
1.1056523089705708, 1.0982412079996597, 1.145063790940754, 0.75325442287314, -1.6582129029185966, 1.0807759774951555
1.4587992685068618, 1.0989931195017444, 0.87935197298305, 0.7451653227295, -1.745111528676951, 0.96730350211768
1.460669294516307, 1.0705571619134089, 0.71843485074119, 0.70529294716295, -1.6311179991744393, 0.86190705886737
0.93331513079253, 1.1317753640385053, 0.23299083903608, 0.73443367825374, -0.51328785021959, 0.90411696194173
0.64215992546607, 1.9660911912091399, -1.986437839874288, 1.3447618106882844, 1.113359596828912, 1.5704420199634197
1.0800214449014565, 2.098084037135277, -1.785845677521878, 1.4686967211518642, 0.81356209332728, 1.4698396351019853
0.74718772967934, 2.076177840893112, -1.5533543170081696, 1.417573425728827, 1.1206345444240053, 1.472065640034677
0.65705213315888, 1.6388170714560912, -1.1426197634985171, 1.2970213585024957, 1.0994613948662144, 0.42868513197057
0.3248403229739, 1.6501585031540444, -1.30319463966323, 1.2881120923837313, 1.471558805584248, 0.4953355247981
0.24052804572172, 1.9784816042590463, -1.9131277383963983, 1.3448012657220239, 1.7520611958782741, 1.2131907635127674
0.22507702857403, 2.014057243020324, -1.5659531406823493, 0.9587785994494, 1.1531669934094808, 1.9618030781606695
3.3484895420250673, 1.3367772666931013, -0.064553910794675, 0.56045505675754, -3.9797028752779307, 1.3500261413504584
0.96561974113645, 1.6032700352368656, -0.42440800697892, 0.90080668189804, -0.37823270423046, 1.3596506710998566
0.68501450960602, 1.5777741621675707, -0.45303263448025, 0.93221507107451, 0.4537008790891, 1.2337654123772177
0.69711935130006, 1.7018619489192874, -0.9844550869898, 1.0439581932201958, 0.95821575419871, 1.240293276224823
0.66480823216657, 1.744806167346459, -0.98855196182826, 1.1143003840393866, 0.98464441827914, 1.231014660049827
0.5835151774384, 1.6399556464023255, -0.56649253696607, 1.0593749056701818, 0.83550698533612, 1.1773295140589632
0.42228602096565, 1.5658968340963653, -0.20056131478693, 1.00901666004218, 0.46732366832854, 1.2671061354805797
0.37295191616886, 1.6972096863017088, -0.64452281877331, 1.057149598761408, 0.86319365012463, 1.3907751571221525
0.46540263473074, 1.841581175995226, -1.2681599897686537, 1.1100388024929968, 1.2169459480553306, 1.4720944986466913
0.74819927595509, 1.8003363444596954, -0.97482610273476, 1.1224176761996387, 0.69209476789013, 1.3892365972263303
1.2614942213867706, 1.5323814559272297, -0.050038843790040005, 1.0821432718865345, -1.3588397646003139, 1.2010541399710637
0.79771468003365, 1.6046709114727682, -0.16211027875896, 1.0342326178733006, -0.06232765065945901, 1.2445047550146642
0.85156500348988, 1.5526970569404979, 0.15912064669098, 1.070453504108353, -0.36727690747756, 1.1051288757228457
0.86803448029711, 1.4938250828518354, 0.13590429304468, 0.95586215186491, -0.27791823856417, 1.0274160237633083
0.98867084909006, 1.512266652642845, 0.12698974514676, 1.0014326646056801, -0.43670540224019, 1.028475247376603
1.0892360698094377, 1.5349806768634982, 0.12856509517452, 1.0535847417702142, -0.57753928572419, 1.0077437982983428
1.1125107324471775, 1.5318520953386474, -0.0069087112764507, 1.0354438993657695, -0.51579298143338, 0.97550336223051
1.0892601402265212, 1.5140580055430306, 0.060609479190513, 1.0092622716647017, -0.44457132503297, 0.99156707207953
1.177117162767271, 1.521254218386185, 0.17886319893755, 1.0210660161766398, -0.49374145882524, 0.97957350056865
1.0682224148765989, 1.5001358801975608, 0.26784179771712, 0.98056129788076, -0.44825415492712, 0.99287610454347
1.1104000358915935, 1.476011945469543, 0.22846889266839, 0.95566102046973, -0.47155843036848, 1.0203265989943564
1.1500299632494624, 1.4588703333178348, 0.11895287553334, 0.95852487216479, -0.51209824346411, 1.0328919938332974
1.2072233344108774, 1.4547551003449997, 0.081091734823868, 0.95481295181798, -0.51365638956497, 1.0145564972076824
1.2060561303268924, 1.462407571488156, 0.071630093143112, 0.96020369636189, -0.50889936705295, 1.003358306295687
1.1870880540508322, 1.4717592159783406, 0.12464317498027, 0.96618474997953, -0.52401703975512, 0.99320577217666
1.2218652500314544, 1.4832683159195863, 0.13937329716747, 0.98746755310875, -0.56517195051827, 0.99995447451597
1.2410570519292043, 1.4685819765770383, 0.10974089134267, 0.96700991221244, -0.57462670007754, 1.0000699460012792
1.2121716250216037, 1.4663998691908218, 0.09942323288168801, 0.97280367148312, -0.54314271398995, 0.99499191555787
1.1977157752038017, 1.4576761438939356, 0.15648876399027, 0.95465592811036, -0.53422189886567, 0.99120307282703
1.2155414003707334, 1.4757705754945976, 0.11960230211234, 0.97774801052546, -0.56355969483745, 0.97938695806931
1.2311719395920626, 1.4908615866531574, 0.07917198743782, 0.99126932158543, -0.58718311108857, 0.98260358186709
1.2399194848090482, 1.4936691916477163, 0.15801511906761, 1.0027865391682913, -0.61418806870261, 0.99054203789082
1.1954948814043416, 1.4681485582398073, 0.08897835226113, 0.97108326621329, -0.53536098861672, 0.98957348157698
1.1924471460728603, 1.4606583249771887, 0.21222548714665, 0.97530698574157, -0.54942189543618, 0.97435125699653
1.2284067811369817, 1.453947477867261, 0.28540926018851, 0.95626209659462, -0.554842804377, 0.98764605748103
1.2192212754939438, 1.4716766415744216, 0.3238754435257, 0.98545794426449, -0.57386852542786, 0.9802613456771
1.2144843798748497, 1.4607163663940135, 0.29814270005791, 0.9695496047286299, -0.54340211417793, 0.99645470056747
1.1856427539641319, 1.4743667583744067, 0.079081642650247, 0.98714192707135, -0.50035153816308, 1.008514446279639
1.1613549498955007, 1.4594461769260598, 0.17012640388891, 0.97185672301159, -0.48837120850954, 1.00117182197619
1.1739712438284045, 1.4713149852289182, 0.15084787617233, 0.9771900285517799, -0.48258924501418, 1.0079710152613632
1.183490813758939, 1.4803070929534814, 0.15282028473852, 0.97930679725847, -0.51359559781418, 0.99773189071529
1.1552101385395843, 1.4804032580659965, 0.24811632772353, 0.98714628428436, -0.50658834381247, 1.0189097652941614
1.214485555191779, 1.4700839699065305, 0.1512130542374, 0.96808682659914, -0.53637834429419, 1.0048291062109487
1.221584526069425, 1.4739849566298688, 0.106228124946, 0.9772785306666, -0.519335792124, 0.9674234657098
1.2246177398675833, 1.4783157169108723, 0.12152894122926, 0.97481501662081, -0.49578096810654, 0.99792510621437
1.2343459097661689, 1.4886346183647192, 0.055569892737725, 0.97814332483094, -0.50299164849523, 0.98780948071166
1.2394047912212756, 1.4803522029289589, 0.16995950462967, 0.99233086289225, -0.55589982908531, 0.99658486665286
1.2581334625592664, 1.4515466330725566, 0.046058496798719005, 0.93814555756945, -0.48477793300862, 0.98796232514506
1.2678034068652206, 1.4627601200447302, 0.10449142078455, 0.9810851866569, -0.59092033381618, 0.96837836275096
1.262105732863947, 1.452762133753448, 0.22317278739279, 0.96184632378124, -0.49068664148032, 0.97144446868503
1.19401486141588, 1.4529757338802871, 0.35668753519531, 0.96111953398463, -0.44369184722247, 0.99643495536345
1.1613206820707866, 1.4614199076679193, 0.47467923611196, 0.96642766631179, -0.44380795506403, 1.0156845421462537
1.153326673804964, 1.4571928069389455, 0.2453530484118, 0.9503645314300599, -0.43971409847238, 1.0130232959852148
1.1660434836184412, 1.4471859589179785, 0.29081481284938, 0.94754474330631, -0.41654072796712, 1.0212130885092465
1.1636466650314432, 1.4307769165306, 0.42541282072091, 0.94468049800668, -0.42480844419472, 1.0161566390292753
1.2782460793248678, 1.4399625219434775, 0.50886116960917, 0.98611242649099, -0.54406336888926, 1.041067938280831
1.2792718276743165, 1.4556216632817418, 0.55952967299296, 0.96286392187137, -0.43864814092849, 1.019964241771428
1.3296113419581586, 1.4797685696010876, 0.33710777484752, 0.98804173421424, -0.52472092635235, 1.0466067452830978
1.2360546180866836, 1.4561019517364802, 0.36746893947715, 0.95928360487886, -0.43826620701822, 1.0734000576779255
1.227834702515686, 1.4588038470383857, 0.36695691614004, 0.96955391450074, -0.44231940178858997, 1.0874107884774629
1.2154490583962616, 1.4613906026017676, 0.40418385574415, 0.9653358437263599, -0.43406609561379, 1.0680638560759383
1.2064310422038247, 1.4397036391022382, 0.39241023578067, 0.95199355585366, -0.39762366311149, 1.064032866872807
1.2205092916912124, 1.4348248375121382, 0.26597057781525, 0.95480448026644, -0.4045031363032, 1.0623412464847748
1.1520580919015984, 1.461535304371666, 0.41368945428278, 1.0739152181003035, -0.44412408980526, 1.0756263463526279
1.1843830263000732, 1.4761146396121383, 0.46903246881452, 1.0375796486624638, -0.46408940902095, 1.075694415836765
1.2547652691830402, 1.5201566114654508, 0.47625337109796, 1.0592831367700584, -0.54019849732528, 1.055747588843005
1.2785662096370458, 1.515830765926716, 0.31060239876493, 1.0123929990643665, -0.4732313584873, 1.0360107607493323
1.2671458218026437, 1.5222399344474271, 0.12750985394085, 1.049817524828585, -0.48636459009159, 1.0300770677888118
1.3321016482204966, 1.5018774269771782, 0.23621276675943, 1.0175817828467029, -0.54398811772379, 1.0141473387902158
1.3275107027688833, 1.5127768490347866, 0.26212196399856, 1.0210870464149668, -0.54900249542432, 1.0015244209733996
1.3010086323297605, 1.5130937981532648, 0.16873268367739, 1.0445881413341802, -0.53838303877599, 0.98259225114679
1.1696613026148974, 1.500267437101889, 0.11791336083578, 1.0141217029791727, -0.41669955813955, 0.993369430175
1.1389857491457853, 1.484924032581235, 0.2011710268972, 1.01696550016282, -0.40504678105691, 0.96875839072107
1.2264286012697831, 1.474094693270691, 0.17168150159741, 1.007469063488005, -0.44625193816939, 0.97846986949104
1.271707025472637, 1.4890679389038355, 0.19339726466025, 1.0287662384375815, -0.50992313677755, 0.96149464973347
1.2952838629938928, 1.4963418237821022, 0.268431812899, 1.041950872628557, -0.50450464087416, 0.96158043195621
1.3000260521124383, 1.4739875685280512, 0.13199950853922, 1.0168950265160133, -0.47614574959789, 0.95554177398049
1.1539126117788585, 1.4761438409204624, 0.18065698820757, 1.0297547535379088, -0.36659682187036, 0.97208189756786
1.133802684989686, 1.4644561572863752, 0.068992005306339, 1.0145611312532872, -0.27062804490748, 0.97409553610538
1.2290586032984923, 1.5034481488129994, -0.18351439758865, 1.0558025909937567, -0.33801758243429, 0.96273712948974
1.2596554452692073, 1.522100601017823, -0.25966788996934, 1.0501974616077574, -0.45938417228294, 0.9439619871214
1.164691692865205, 1.5261411937648324, -0.14137941925848, 1.0797046130312267, -0.34686203480747, 0.94081226394204
1.23590704799755, 1.5197014794743036, -0.1400791346556, 1.050937503487095, -0.37442001401068997, 0.95443550603848
1.2125695809333383, 1.5200751499954652, -0.10467768237047, 1.0565895682901647, -0.38041106161796, 0.95937140810726
1.2424389221631225, 1.5175734487271995, -0.023090888164478, 1.0626542411330635, -0.43429431772552, 0.95077683642553
1.2511773786623515, 1.5073295487532588, -0.11978484892069, 1.0476047242951323, -0.44086220095689, 0.94744648294997
1.250202188641364, 1.5083634132899313, -0.052364922636259005, 1.03557229596103, -0.43516630838992, 0.95141913005321
1.2557000532250302, 1.4917428037275193, 0.0023266064567837, 1.006205668969054, -0.44033177177771, 0.93850012964457
1.28230766205143, 1.4952447463735163, -0.057945355851624004, 1.0176966123458278, -0.5016386728346, 0.92996368530605
1.293193080195627, 1.4741571408587624, -0.29902659458623, 1.0063188241755012, -0.53073725893749, 0.94788687759037
0.99952656926513, 1.505366491204866, -0.26805672772069, 1.0771469383424508, -0.23275296622634, 0.96379495366802
0.93219891979384, 1.5397015566933496, -0.34494545717109, 1.0678379666863267, -0.17653262186135, 0.9661136741168
0.85982193574234, 1.574845892724313, -0.73820112217054, 1.0925534378243142, -0.19801876280582, 1.0298226485277895
0.89831479813032, 1.6518493797821592, -1.200200641960316, 1.2161786945172735, -0.27029433700076, 0.98976393249292
0.95616991104216, 1.6722647477208983, -1.561049537586646, 1.2276081725310832, -0.31256875045222, 1.0049461020996424
1.1041796401247144, 1.7404309915489709, -1.861950827990171, 1.3056355975473823, -0.58014909766353, 0.97732725672298
0.98376040177172, 1.768665608076584, -1.959619130440911, 1.326927671666096, -0.38233399436206, 1.0472855349799695
0.90165238449218, 1.8054123850607426, -2.018497443508109, 1.3929361117784276, -0.38736430777487, 1.060343794007609
0.98726469848265, 1.810524367117663, -2.097850879887753, 1.3822398045213073, -0.4797702303667, 1.0568241682038229
1.1578284461947002, 1.8585598373518928, -2.162055692058652, 1.426337700287019, -0.60264904319794, 1.0340557471600562
1.1797182051219384, 1.8471231610892236, -2.0668180400171554, 1.4180508769441413, -0.70336009221204, 1.046309424031818
0.79330073999635, 1.7926892781169421, -1.3764912491662198, 1.4409344002377698, -0.41388486825219, 1.0723699430017382
0.83070931993785, 1.581575125341343, -0.46162889969691, 1.1030063977626123, -0.42314544836669, 1.0146028883525575
0.89018661966691, 1.5987352992070156, -0.49156775468184, 1.1531219674260227, -0.43044203749651, 1.0149658669047896
0.92612542630659, 1.5335451900223425, -0.15245165789903, 1.0954893980045064, -0.43817866290677, 0.94372086273098
1.3618094213107756, 1.4204736544127017, 0.52470309484143, 0.92921567680623, -0.75915483496737, 0.86574481752661
1.3697239417195992, 1.3942982522001026, 0.68376500700158, 0.93782962816897, -0.72972847320496, 0.83904650156271
1.226342640934086, 1.3728507279449256, 0.71090038118213, 0.92855648411055, -0.60827463594976, 0.84578019231476
1.2537605796620148, 1.3699031812239397, 0.45825736631155, 0.91848321149724, -0.60637830764672, 0.83196812178171
1.3044272819898073, 1.3924245107843443, 0.23469483162117, 0.95502700740572, -0.6493748230891, 0.83805271171875
1.307509602405457, 1.412905098703344, 0.1144774690636, 0.97243827019267, -0.6497718639884, 0.86054906279682
1.2985512543243027, 1.4109634049771373, 0.036494444640871, 0.97249234603892, -0.63913270169949, 0.84574298876436
1.2581748676174414, 1.4160552948936667, 0.073015921012551, 0.99514823800461, -0.6358888681463299, 0.85586887091077
1.2261587181209848, 1.396510003856669, -0.015938700788565, 0.97453860730123, -0.56441441015938, 0.85197908310041
1.1289079255215375, 1.3898351924971626, -0.026309334043123002, 0.97101711176184, -0.43770811454968, 0.87783750524891
1.123909519855421, 1.390088886719038, 0.011360790633991001, 0.95980988178143, -0.40992127040681, 0.87409526330191
1.1330079922103242, 1.4002816907676279, 0.0016410179526752, 0.97695177683764, -0.43828574942446, 0.87095782844643
1.1742616406660362, 1.4167682041621115, -0.010462370759949002, 0.98474734296752, -0.48146579244628, 0.87282368066717
1.1758824250413182, 1.4126263252153195, 0.045730090368307004, 0.99423391870272, -0.50710090223356, 0.87686486091786
1.2012720131274253, 1.38939671650405, -0.041469287666256, 0.96607130962996, -0.48206190513054, 0.86249516136669
1.1622683576009956, 1.391663564203084, -0.037573191715900005, 0.97261895112613, -0.46412743199544, 0.87812119581826
1.1845113464235144, 1.391561820446499, 0.041481190624855, 0.96352196089285, -0.4770109285496, 0.8771328674836399
1.1990688453025458, 1.3867304148722162, 0.04066729651787, 0.96104678652307, -0.49681940580384, 0.87620514983971
1.1682346162480517, 1.3860366932326378, 0.1280842047623, 0.97879852481242, -0.465637951411, 0.86985799326417
1.142588112312256, 1.3624025150815402, 0.1589727514972, 0.94309255566588, -0.41286135752437, 0.87621882751257
1.1822521965408996, 1.371171399719381, 0.045875225819058, 0.94921908728302, -0.4410604495015, 0.86206561584727
1.1255462400916278, 1.3853651356093373, 0.11529351403278, 0.96301951203248, -0.40189053726289, 0.89506706350294
1.0976399398992558, 1.3795382733758754, 0.08695176879479101, 0.95921249151823, -0.38275307278394, 0.8801498462873
1.1033221813078364, 1.4016171584260269, 0.094118102261284, 0.98785023666398, -0.38703127010024, 0.88615419722737
1.1467807551664815, 1.386249710015106, 0.10612275106988, 0.97348206888663, -0.45053096499284, 0.88136674956373
1.1194343731425076, 1.3843882913307977, 0.019451610001036002, 0.98005528229482, -0.38555796882801, 0.88447531553409
1.1060170739053943, 1.3808260965163166, 0.062105959473722, 0.96378329254526, -0.3853357589124, 0.88318176334084
1.1033445925342806, 1.3817508226415811, 0.07034698263315001, 0.96375035900876, -0.3852104012824, 0.8868974957278
1.1286361405289203, 1.3795692471880359, 0.071203419716043, 0.97302473173293, -0.42472244536166, 0.87538062811675
1.1579233365102544, 1.381745234951706, 0.10406712978439, 0.96910993831464, -0.45856867354768, 0.88031757499796
1.133434012746788, 1.3769675147928528, 0.016155438517733, 0.9632238329829, -0.40666946544778, 0.88596195746653
1.0983156238212382, 1.3886111853349947, 0.048456480996112, 0.96628516609355, -0.36629286808041, 0.89208821463297
1.1223935204765485, 1.3882779691535543, 0.032033938278138004, 0.9583222823844, -0.39316627401938997, 0.87274402349033
1.1148157289590421, 1.4030586997412149, 0.0043779569545331996, 0.96549742111071, -0.39349477027935, 0.9012980663885
1.0230326586736906, 1.4106145177045215, 0.12259213019806, 0.9924553457448, -0.30355188597272, 0.93062393581745
1.1466957599563123, 1.4197412648103724, -0.16144129582173, 0.96192194642463, -0.17662236381616, 0.88312947117972
1.1170365330146863, 1.3756465762894425, -0.13976997931982, 0.94068798818058, -0.19046658987081, 0.85534206814786
1.1966650068488982, 1.393117883474315, -0.29295132142769, 0.94221497333454, -0.24292165194616, 0.88277287238371
1.227115728678151, 1.431869411957745, -0.18158639439898, 0.9956076515831, -0.36269874641245, 0.86364193234858
1.2085790994098333, 1.4098761874364132, -0.07581949087655701, 0.98486333055644, -0.29876301060228, 0.87608012867821
1.2091396870835158, 1.3950614920405224, -0.14812203206203, 0.94805064732299, -0.33994453881309, 0.85109827905997
1.1539539910151997, 1.3933684276839837, -0.064470758037717, 0.9762213937541, -0.29349109087627, 0.87442750913064
1.2248212917343997, 1.418769867525265, -0.055581686441245004, 0.98645595297021, -0.40425821018372, 0.86034273751151
1.1323344476457897, 1.3954795216771785, 0.15476252674985, 0.99432760132035, -0.33488147616961, 0.87949479572629
1.2087985356792579, 1.4155226474381397, -0.026095306270503, 0.95243068750346, -0.3170246579388, 0.86194666919223
1.1424943596955854, 1.4347459408245853, -0.072997993018189, 0.97912134388413, -0.3054510477804, 0.85644163827301
1.1333591981218893, 1.42706229801451, -0.027464090480691, 0.98018427990456, -0.32191317031233, 0.86412895111748
1.0923732988116703, 1.405559529060402, 0.18424461967592, 1.0303239688503623, -0.49384029706897, 0.85394919820298
1.1669286032806148, 1.2897976978868333, 0.55598042367311, 0.91646868198111, -0.74723974594229, 0.78132191977994
1.1728673431105163, 1.23433638900438, 0.62068192151508, 0.85429276871268, -0.81922069034864, 0.79959384274836
1.3791118172731478, 1.2336119728203503, 0.53268717655603, 0.86368465606116, -0.87796716662769, 0.73398946603868
1.3593860940869669, 1.2071081701017303, 0.71671830892478, 0.83550012124743, -0.79622422306925, 0.75083114653255
1.4372591590797619, 1.208493045824441, 0.55177011949922, 0.83352797237881, -0.81668848579556, 0.73903350455024
1.2891733449141882, 1.2356417784584557, 0.54116645729656, 0.85504191775518, -0.68821857472803, 0.74746149964654
1.2450327119773308, 1.2131992675106005, 0.43429238621141, 0.8262929395766, -0.59016516092479, 0.72535108044025
1.3793916091952867, 1.2243249601615256, 0.34538410799387, 0.86455003737929, -0.71729604165342, 0.71366815898784
1.4670698437900973, 1.2442700443328323, 0.27654619773897, 0.86546232685818, -0.72665750168818, 0.74180576508483
1.4225713922026437, 1.240593364622666, 0.2638777210914, 0.86276606605081, -0.6498399131303, 0.73781403805746
1.3856442513489369, 1.2476256066303575, 0.24571496644136, 0.87136584505951, -0.58032376182132, 0.73736956298727
1.3803187017666088, 1.2468117535145222, 0.28281572273514, 0.86368160623229, -0.60565384936129, 0.72943471642937
1.4432997695318237, 1.2491254758036543, 0.13005483444579, 0.86191795207632, -0.66774230677534, 0.74077606962827
1.396683660812911, 1.245524092503308, 0.20798996388994, 0.86991237554495, -0.66646942999146, 0.75083237025768
1.408294344756919, 1.2537775208793094, 0.17490900021587, 0.88850239923475, -0.68201012633816, 0.7341936766237
1.4248279235777617, 1.2600599691637588, 0.13884817299514, 0.88388306771155, -0.72729127066204, 0.74804046687901
1.410394346562308, 1.2666247656227112, 0.18418097933179, 0.90317256412014, -0.76047188561283, 0.7582547778952899
1.3077909689916416, 1.2479918711057918, 0.070996756586562, 0.86277351795845, -0.61999367534351, 0.78820472263491
1.202204630606381, 1.2393290004769102, 0.14891690628965, 0.87595925220884, -0.5442164519902, 0.77776719800903
1.3051112320906548, 1.2703606151527955, 0.09917265389082401, 0.90331692065387, -0.61857300666807, 0.76411409679276
1.2938053075619362, 1.2897927461494758, 0.1094617284188, 0.93614449839216, -0.65764551161752, 0.74999841900082
1.349625274997859, 1.27517760924386, 0.23549593824856999, 0.92233681373264, -0.74008928058177, 0.76193716884423
1.3108217129356408, 1.253870872976535, 0.17615924268712, 0.88286045431701, -0.6502423154505, 0.75436501948569
1.3737401664365085, 1.2320309663279683, 0.5084911726043, 0.88280854242309, -0.72625409988469, 0.74939885281495
1.066298019421319, 1.1494827376475745, 1.0854982329544258, 0.92546110667092, -0.75217549273209, 0.74203347426126
1.1792184862567139, 1.14029669395178, 1.1678294510797531, 0.96985889576377, -0.96173606551821, 0.70231283347167
1.281496246241487, 1.1512098587376538, 1.3193437837684285, 0.90819076879633, -1.0610959904250687, 0.74436095101708
1.4211425260708985, 1.1573321170684963, 1.1226364372925768, 0.86633437619433, -1.0169111062797231, 0.69979275267347
1.5017202062013912, 1.193710616335312, 0.94509410200768, 0.8983825855635, -1.044935799043318, 0.71757637571712
1.379611406655456, 1.209879403328641, 0.60449249398289, 0.85768777661737, -0.75164747770618, 0.72517618651306
1.4131875458224816, 1.2857478121471622, 0.17652676095992, 0.94726191844901, -0.84511860474521, 0.72778645684107
1.2340955451789013, 1.3667148588926374, -0.44476019598824, 0.9922012238759, -0.59939865378831, 0.72372162667975
1.0623587891585835, 1.4509241138936773, -0.86857605953981, 1.0708569831217898, -0.41021121834317, 0.77003454976272
1.2171821081994616, 1.4813043559618522, -0.54376548299752, 1.0884633621968618, -0.60513831646421, 0.83603043241865
1.0838108744079695, 1.5188549368574202, -1.2664166398248546, 1.1505471118237633, -0.39436728196635, 0.92331838865589
0.99851056774661, 1.616566690716465, -1.6555757489196292, 1.2053580703818485, -0.24046822453607, 0.96275159142012
1.2956312699195833, 1.4283297808940074, -0.49127184434857, 1.0015797445862444, -0.68934336103987, 0.73487427607005
1.5700840272293135, 1.1549655790200157, 1.4087085892238473, 0.72947478170931, -1.1336405165490346, 0.54946304138602
1.6128472801142002, 1.2004023165851958, 5.060468102645198, 0.87683648631621, -2.871715382735183, 0.41124140691064
2.118623730401145, 1.296651915754324, 7.81957814560958, 1.4454464436167804, -4.1592176785815775, 0.38512054228383
2.577679506658043, 1.5406511592776837, 8.825500427805379, 2.00483096667878, -4.454629883613806, 0.032213247703295
2.5551524307171096, 1.5025277282112723, 9.70429366541747, 2.1654882374728968, -4.607898830867187, 0.07337650665255101
2.735539996564375, 1.2742416996612256, 9.662866674498288, 1.7080691109241473, -4.251664752902907, 0.093895910531489
2.775354407738045, 1.1077522785610268, 9.743808926878378, 1.5380282330290047, -4.335024807941295, -0.080307563569582
2.6821361133373487, 0.90536997551016, 9.428025532845016, 1.0567486528754018, -3.904448204147768, 0.051908230941698004
2.4281766634499533, 0.76457533822424, 8.505478174374307, 0.72866531315981, -3.2934343488051145, 0.14933679692507
2.2908076205357135, 0.66864678329066, 8.15175966447533, 0.63150486613659, -3.4498433885594975, 0.133984973322
2.551005115377419, 0.80722016683022, 7.9063987355853165, 0.83850745111365, -3.5043031374132028, 0.12164814422832
2.328349050237382, 0.86185600150884, 7.648781955976861, 0.88778637894775, -3.2865981460786124, 0.16404964619026
2.283551423658485, 0.86705013859366, 7.480350081407465, 0.84719428054556, -3.151250392472805, 0.16387313763795
2.3966737403457143, 0.91014928297405, 7.392836936805275, 0.91976728103219, -3.177329872781195, 0.13017199221376
2.3491973928290237, 0.9380558409759, 7.349846736828528, 0.89533435347673, -3.1279376358849036, 0.16060598208904
2.3462078520306373, 0.91315267719763, 7.278658271342381, 0.82617303722175, -3.08148006745183, 0.1722752383035
2.3834821838709415, 0.91992058125148, 7.248225783798259, 0.80766593756845, -3.14947988919833, 0.17064978103204
2.4251185613486346, 0.9109048930825699, 7.1732200372710855, 0.80320344194817, -3.1723059946100642, 0.16283505599366999
2.3018404386238247, 0.94131956620889, 7.1474220531795805, 0.80795333382517, -3.0100962177132775, 0.17653592157443
2.181442077125684, 1.0056924164462426, 6.658167710240493, 0.79143818440008, -2.698390854118501, 0.2325411074233
1.7329503817003555, 1.194041407473717, 5.690811065142852, 0.86897801335973, -2.177483842130687, 0.33549679809312
1.865732081110981, 1.193397933276073, 5.76682636893172, 0.9188157168309, -2.373953922682781, 0.31499580519187
2.003822284562889, 1.1688179448237133, 6.159457599513826, 0.90221228663953, -2.3948815765016325, 0.3110309764536
1.9793287540891558, 1.197461296601147, 5.79426704384895, 0.8712742534719, -2.2451128929985704, 0.35536880129516
1.9065976353207899, 1.23053735695263, 5.7214350066026896, 0.90991826542855, -2.1963447105442286, 0.41091138811669
1.9909818833031117, 1.1889632918638051, 6.090892270335459, 0.85522875340228, -2.2608226256141593, 0.38695133191365
1.9496674660133206, 1.2428494848093161, 5.629706725994279, 0.85622633483571, -2.047318776347866, 0.42114222276925
1.9298168163916725, 1.235353468103282, 5.8696949026440395, 0.90386157000042, -2.029908025762339, 0.41856546095445
1.7938532721885547, 1.199413396148048, 5.673088697054499, 0.79049455943424, -1.9063364953278963, 0.42802407725121
2.4601748765890328, 1.1535226267292928, 5.663436938572909, 0.77946274172619, -2.9390510246721635, 0.34115793246707
2.741392397177187, 1.08701263315296, 6.80091459753975, 0.91313872150203, -3.7594775421748348, 0.35921716600998
2.876139418904829, 1.3733708777889784, 8.537873435796808, 1.5469765145882017, -5.23629373238108, 0.91247574632858
3.860498351169821, 1.4046094931666921, 8.818386846768275, 1.6354742852353008, -6.143765133500286, 0.92660179797245
3.1156315400814663, 1.5837960723222753, 9.960119537856517, 2.199002005006789, -5.691131482437008, 0.96073213247126
1.921946318828787, 2.1991584274945355, 11.738037068360441, 3.724066350070193, -4.515738831970463, 1.0554257351151268
3.2102283906195117, 2.584197241859985, 12.592503812452057, 3.8192339652615277, -5.041260573385769, 1.1060659532319306
