the brain
0.0, 0.0, 0.0, 0.0, 0.0, 0.0
-0.0049500303792693, 0.0009765938271767, 0.00022490342116709999, -0.0015191956886282, 0.0023185173105247, -0.0027132457392596
0.013612780696599, -0.0007194759200482999, -0.010915991713669, 0.0021531030332915, 0.0092323291640116, -0.0086757579630517
-0.0011353484529328, -0.0005461452121527999, 0.0052298938346492995, -0.0028347749055666, 0.0048065214841355, -0.0041118695616544
0.0071500207979869, -0.0014260239110767, -0.0064483677368071, 8.85692825834e-05, 0.0013766565319184999, -0.0023507312165064
0.0035336816028905, 0.0020489913758001, -0.0049497870324181, 0.0007638969515573, -0.0004002898846744, -0.014485985711855002
0.0095200537894067, -0.000506867395437, -0.013733653908643001, 0.0004322432269509, -0.0056086330501876, -0.0051129505254563
0.0090012773218249, -0.0005855638953021, 0.0002153028087178, -0.0018632926054133999, -0.0006763320618937, -0.0034073529805209
0.0093619465032009, 0.0001673245552828, -0.0046659781632383, -0.0030608615595433, 0.0017415837914716, 0.0010206488575127
0.0068369670933644995, 0.0005389636711355999, -0.0035282852236472, 0.0007398628022176, -0.0005294660849258, -0.010961581519949
0.014072105580121001, -0.0004290830672671, -0.0047791041071961, 0.0017082426764256, -0.0073325236228167995, -0.010832005373209
0.013125553043727001, 0.0001119162474454, -0.012957442259920002, 0.000589154017443, -0.0030018911300015, -0.011253831869850002
0.018386941494152, 0.000439880928797, -0.010706261929066001, 0.00031575928045159997, 0.0024541663178001, -0.011217604416408001
0.0059792003055157, 0.0002623633210517, -0.0080514754710239, -0.0033920212862459, 0.0011380316230208, -0.011553984530332
0.0076919389325412, 0.0006614416016421, -0.018916459741753003, -0.0003900503165737, -0.0060160439089321, -0.007367130270027
0.007584080270817, 0.0014432389985673999, -0.021282531107603003, -0.0001956751161244, -0.0091039789275425, -0.0036730907904783
0.0082674385006628, -0.0006764516271860999, -0.0044972722853389, -0.0010204072474769, -0.0024408586380163, -0.012803392594963001
0.015969736707839, 8.5469010224e-05, -0.020547136345738, -0.0022650154152378, -0.0025180705316993, -0.0033612714054678
0.020304521102489002, -0.00013564580684469999, -0.015061124066301002, -0.0024136723921592998, -0.0006779067796222, -0.0045556017870511
0.012679207532275001, 1.04470371148e-05, -0.030300893192818004, -0.0016866965026893, -0.0045968066921696, -0.0070176660385075995
0.008272189322729299, 0.0008480686400321, -0.018207390504793003, -0.0009401223837182, -0.0053943577692069, -0.0094890079497013
0.0034602520267331, -0.0003883803178366, -0.0078644309288478, 0.0003295534313323, -0.0042055551240292, -0.0068427021717547
0.008217900411462099, 0.0020255692821492, -0.016207027178742003, -0.0022977961855526, -0.0032359081832273, -0.016980523703737
0.0074150158057939, -0.0004960905448052, -0.017618669671795, 0.0014715909719601999, -0.0022507218231977, 0.0029892838036701
0.011363409839050001, 0.0014876682383781, -0.031694150714431005, 0.0007323384161851999, -0.0057795548283023, -0.012049530469547001
0.0008760750404988, -0.0008030048670686, -0.023771240416917003, -0.0017809590883098, -0.0077838790208727, 0.0014660439043565
0.0034569447854090997, -0.0010979040084115, -0.022598899786819, 0.00017137018317799998, -0.0022065615665125, -0.0057681542340477995
0.0089448001100325, -0.0004633649748903, -0.018553070402464, -0.000731243571298, -0.0008468638165413, 0.0062507681811338
0.012320690576007001, 0.00022188139771439999, -0.042100342509480006, -0.0005865269216615, -0.0060275097619727, -0.0189502051445
0.0079360099198201, 0.000553577343123, -0.021951382444437003, -0.0014699929266613, -0.0036714510198638, -0.0047366983847006
0.002665091092506, 8.79138966954e-05, -0.023757132872975, -0.0027406402249058, -0.0083899023064166, -0.0097356277294429
0.020976133134323, -0.0015913681725677, -0.034397572906763, 0.001564176135659, -0.0026237348090608, -0.006254871372087
0.0055340450519124, -0.0005368771221888, -0.030653254726789002, 0.0004331751916586, -0.0015026149694746, -0.0088338454412417
0.0097999350302391, -0.0024860608575947, -0.039360628052341, 0.0002346333893682, -0.0056447660098585, -0.0043936886112496
0.004283771571032, 0.0008670508124841, -0.021603791671994003, -0.000231556206068, -0.0052896907969121, -0.019151659105688
0.0062760970553608, -0.0012627477763589, -0.028891891062333003, -0.0010295305179755, -0.0067817100235379, -0.011217737500593001
0.010804021081365, -0.0002770641034229, -0.029752095429385002, -0.0019403564685154, -0.0089833369785139, -0.01137312828838
-0.0008990881060982, -0.0004238554681077, -0.039725721097320005, -0.0018368693747754, -0.0043839246102627995, -0.0097923017423426
0.011508893257579, 0.0018312602624619, -0.036527856209146004, -0.0022575171205622, -0.0042809484424575, -0.013246141965632001
0.0047779606121864, -0.0016921291937942, -0.031521063525403, -0.0014112545657402, -0.0045218525944864, -0.0075096320752038
0.0058434936775717, -0.0010713287274387, -0.049169237305510004, -0.0013038349664298, -0.0081042207224169, -0.011057128026095
0.000306536598232, -0.0014575794883476, -0.035791467627778004, -0.0012816051662454, -0.0046133611878861, -0.0086805092951057
0.014998997263469002, -0.0002105937319707, -0.037422093409908, 0.0002605687031513, 0.0005770196739371, -0.017150116475101
0.0066087939000993, -0.0005628469997787, -0.037010808102719006, -0.0005029306773066, -0.013523778168663, -0.0059231513268956995
0.0042878618934442, 0.0004321202813868, -0.040558963866303005, 0.0011362321535817999, -0.0099674103035607, -0.0080008737269056
0.0063235444312544995, -0.0001400608691122, -0.046359502237294, -0.0041943987365874996, -0.008728907177361, -0.011668547764610002
0.0068384655702563996, -0.000787933776217, -0.027201920882644, 0.0016753874435359, -0.0042794690110985, -0.013290143288997
0.0055453518386444, 0.0003829497025137, -0.033635116665196, -0.0028303991240127, -0.0041612086952328, -0.014937501753935002
0.011482027384437, -0.0006433201984283, -0.042401726496477006, -0.0012912179482669, -0.0060774063450587, -0.023157567611329002
-0.0012775772071746, -0.0002530979213366, -0.020458985351947002, -0.0001831747001023, -0.0074720771309427, -0.017523622908780002
0.014854674137142001, 0.000366368455009, -0.053381600779936006, -0.0013872670395033, -0.013542186656343, -0.015563180596595002
0.0097714510744306, 0.0002861788929673, -0.036660802200257005, -0.0013869428499335, -0.0072375038560108, -0.020859973414751
0.0083833439345882, -0.0002887875673008, -0.049075429251097, 0.0006368632553128, 0.00013888201191509999, -0.029140037077414003
0.001101481709736, -0.0017028708453569, -0.028849354220373002, -0.0011416091642399, -0.0049860200765173, -0.014670706700932
0.009864048343498, 0.0006208422896868, -0.049807562306847006, -0.0019077034401899, -0.011926527923861, -0.024419278034845
0.019568413182285003, -0.0023594567353131, -0.047868396893171, 0.002608597897309, -0.0059843705928053995, -0.015642936564207
0.011419925742110001, -0.0004714450510013, -0.035694271808822, 0.0015905854137539, -0.0007970287282877999, -0.015484360282588
0.01753628024381, -0.0010560305915367, -0.041370560908513, 0.0006953282332099, -0.0035115792991208, -0.019292508277771
0.011086130988176, 0.0006147520125298, -0.040160134587342, -0.0013034160879847, -0.004073998607705, -0.012945974583058
0.018635151324616, -0.0022622372784753, -0.04746326426846, -0.0018594934028429, -0.0099390338543783, -0.0086688001290183
0.012162114653741, 0.0006869839369338, -0.039170881129707, 0.0018629428615863, -0.0062367121832684995, -0.02472966735626
0.0039738026094165, -0.0014916573246022999, -0.029962468413838, -0.000269711950393, -0.0056966571766866, -0.019665767737986003
0.020951008260027, 0.0003561256261432, -0.026069394646225003, 0.0002854374153457, -0.0029295060868339997, -0.025518122842125002
0.014992685822382001, -0.0001397169847613, -0.041273691260104, -0.0013031026094419, -0.011078265807372001, -0.029473365857798
0.012399743686214002, -0.0021018149236218, -0.041509455152273, -0.0005908835626989, -0.00962301956156, -0.017977201359418
0.0073131131147603, 0.0015098660349109, -0.054671882532755005, -0.0023106525767185, -0.0049640268213387, -0.022897649407404002
0.013947487510523, -0.0013037650635947, -0.042951170238222, 0.0012827937398625, -0.0069414996630314, -0.017664984161677
0.018176345884904, 0.0010245022487664, -0.03521625016912, 0.0007525119249947, -0.0036260566986248, -0.022475756449244003
0.018249159495077, 0.0016283508307598999, -0.036271334071441, -0.0011765025196758, -0.0033931621628960997, -0.029382460476956
0.013995471664655002, -3.01321167042e-05, -0.049480559126795005, 0.0029957279245206, -0.0070364283716033, -0.022636298100144003
0.020286015962378, 0.0015309120090332999, -0.05142810939927701, -0.0011242714483516, -0.007362813843688, -0.024837787568395
0.014102518714536001, 0.0004683796825413, -0.046080139851201005, -0.0007910590810537, -0.0048959157296257, -0.019993507873814
0.024404234526877, -0.0005616086181523, -0.033376021971167, -0.0018802258849947, -0.0055556230683579, -0.025189487588007
0.017557209182083002, -0.0010238175915226, -0.04906757927982901, -0.0014305132197455, -0.0026477014389567, -0.021762152041724003
0.019906941591141, 0.0003199489706744, -0.05534483320391, 0.0013339879797952, -0.011848231682693, -0.025001103935029002
0.025912978202570002, -0.0014227199163906, -0.041960382522426, -0.0038657696964021, -0.0056668553013216, -0.028627327649905002
0.011579325574357001, 0.0004411517572909, -0.053061802731136004, -0.00037875988372989997, -0.001068543347755, -0.017899534435273
0.028922315236367003, -0.0010554022943879, -0.051842352273856, -0.0015982294164891, -0.0052188996716396, -0.028501196694802004
0.017836176927165, 0.0010700657206267, -0.047881289794317, -0.0021470038752945, -0.0031894549424666, -0.025973992158745
0.013393716787454001, -0.0027048619831663, -0.058020031136764, 0.0005045137303617, -0.008828756817662299, -0.013250882263425
0.023243743108611003, 0.002247494239153, -0.0462370793882, 0.0006411643112554, -0.0055608306670786, -0.020296162391816003
0.021131258479567, -0.0020113239873124, -0.045051080078599, -0.0022880892519005, -0.006037662472994, -0.01782322053765
0.022124335624121003, 0.000662700664792, -0.043192477865544004, -0.001693913390369, -0.0010031904997993, -0.026964238056859
0.010344496054585001, -0.0013933220388649, -0.05291612980325101, -0.0016818546217891, -0.0068502953188701, -0.019331775493972
0.013707624050300002, 2.43858641254e-05, -0.041527423927034006, -0.0003016751633738, -0.010424344209019, -0.023758204454277003
0.0078065134474082, 0.0016362483009383, -0.045530601540872004, -0.0023917312280037, -0.0040560452819884, -0.025347844220741003
0.028527543736386003, -0.0019415814811181, -0.035304519183958, 0.0011420626473581, -0.0026037855064694, -0.02449893156587
0.029177694208542004, -0.0008829202321072, -0.050072358133496, -0.0028676418272742, -0.0031111534444201, -0.022337589274783003
0.031039413845526, -0.001130138544909, -0.05884688043677701, -0.0030239736321479, -0.0066514827771713, -0.024765168381239003
0.014098254327176001, -0.0009791599814389, -0.060007459700016, -0.0012968540457775, -0.0046303774123121, -0.022940670884063003
0.016877304146389, -0.0006652722169355, -0.050067282273425, -0.0015620249467112, -0.0079870690005988, -0.018208844489825002
0.024718813169336003, -0.0004102454092433, -0.049167702126397005, -0.0019320853343757, -0.0022093538335738, -0.019963107868971
0.011301561119868, -0.0006940359205261999, -0.042301208966503, -0.0032738898981425, 0.0009962114808974, -0.019583731022972003
0.018211393168328, -0.0018181780534509999, -0.048445122904109, -0.0019923199804374, -0.0011321312888083, -0.020565200250688
0.012894797294359, 0.0015849510357707, -0.05862853674482701, -0.0013764932593358999, -0.0092952960025487, -0.021640991540838
0.02796945735783, -0.0018366689012699999, -0.05575494004588501, -0.0042114065397135, -0.0072410645284799995, -0.024866258880585003
0.023199372718772003, -0.000336890883942, -0.053883136068939005, -0.0005983635445497, 0.0015788068423594, -0.01689664217602
0.014550649685080002, 0.0003660405195272, -0.062316419250811, -0.001664217462403, -0.004104611670878, -0.028464955267388
0.0096244847417527, -0.0009488496102605, -0.06588127744274201, 0.0023093861259606, -0.0061778454322762, -0.02584241238873
0.0084679473190026, -0.00044990009486659997, -0.066712178061784, -0.0025842817539553, -0.0080810520315239, -0.019657563234694003
0.021858939863460002, -0.0007194084467933, -0.05119907699312701, -0.0020656378586657, 0.00038895987101, -0.027522075821093003
0.018519288535753003, -0.001281499351288, -0.071969859822544, -0.0014654522304607999, -0.0061960581830341, -0.020039527946481003
0.022944086568048003, -0.0006697504705453999, -0.06132594118612301, -0.0021944983205256, -0.0031293334858499998, -0.022362767644434
0.0172801378692, -0.0015207381352016, -0.055675874523268006, -0.0022557148860134, -0.0043854504110125, -0.019218732378747
0.0033826955145389997, -0.0019763914330775, -0.066529407353334, -0.0010667439346798999, -0.0094094108291858, -0.015560888077065
0.022837165354479, -0.0006234249435977, -0.051824957878136006, -0.0023243412542817998, -0.0053266957152757, -0.01728228901763
0.013798700576309001, -0.0018677034297886, -0.054332163989023005, -0.0038312355460993, -0.0003550321251047, -0.013032359607102001
0.021464551728712002, -0.0019412808367243, -0.064379072825046, -0.0004133185321768, -0.0022814571830544, -0.024396100383884
0.010820820454988, -0.0014092471978017999, -0.074109134934705, -0.0038022599458218, -0.00805793240912, -0.017547288772363
0.017276218003004003, -0.0010693799148182, -0.050077793438855, -0.0042839691489016, -0.0045477615202763, -0.017107070715141
0.0089867220075053, -0.0027224640895229, -0.06655682855455501, -0.0043072233334015, -0.0004330141508307, -0.013356914427128
0.018537074585721, -0.0016188383406313999, -0.06333381005619, -0.0012340339340257, 0.0007161941603764, -0.022245288082618
0.0061261442360025994, -0.0025312762523242997, -0.05694784659149701, -0.0034378972877616, -0.0052172905361943, -0.016693322124350003
0.01859066278143, -0.0031027703507933, -0.06367831755202501, -0.0039695795596127, -0.0014119446703282, -0.018534286024402002
0.021066527278933003, -0.0024354430980581, -0.06911827234896001, -0.0055411390724438, -0.0034787458198745997, -0.023794430146988003
0.020207411655089002, -0.0027260327563235, -0.059836379551425005, -0.0044690921565245, 0.0003035157358309, -0.012739908531905
0.0088806996720816, 1.08225753405e-05, -0.06773382616033001, -0.003135275153151, -0.0010371494726325, -0.014691664678579
0.0091749984954896, -0.0009086649848602, -0.05056546523553, -0.0031080119196538, -0.0036750691876212, -0.018234897469912
0.0048951427993884, -0.0030327751901459998, -0.057186288449462004, -0.0034828813471916, -0.0049301669205525, -0.016893779510259003
0.026913348450865, -0.0008829311082679, -0.08143675143196301, -0.0011029488330348, -0.004784228039944, -0.024062132466622
0.0060902760005486995, -0.0016594416566900999, -0.032256397449816, -0.0061802411720373995, 0.0003618622307058, -0.018999553796211002
0.013312441741657001, -0.0024358438886788, -0.073140737353435, -0.0036808176842338, -0.0010030070196325, -0.016344816260716002
0.022691829954116, -0.0001615813447966, -0.05447269523962701, -0.0036641890655337, -0.0007508637363013, -0.026934601889355002
0.018825057750213002, -0.0011949675522546, -0.057375765871604006, -0.0059914628388782, -0.0034334720465674998, -0.022748844545768
0.014476002407743, -0.0025951309812023, -0.061338236139044, -0.0048397536098407, -0.0055065123784733, -0.016380919496590002
0.012548822797555, -0.0022837653811852, -0.045698377419029004, -0.001970690246104, 0.00022549881212929998, -0.030948838590968003
0.018933251855703003, -0.0005784085255751, -0.049488904879747005, -0.0081184623379499, 0.0003334097657864, -0.024586679577495003
0.014096713750796, -0.0019953069727699, -0.055250944084368, -0.0039864476411655995, -0.0001514963113235, -0.017487767446193
0.020742392839759, -0.0005749268179428, -0.045061532062927005, -0.005487362597072, -0.0063354430391319, -0.023625714505218002
0.022772171528701, -0.0016841704371151, -0.063664414397192, -0.0033878150931892998, -0.0055334818852928, -0.026426183119507
0.014197167420773002, -0.0024443662494165, -0.062472737037323006, -0.0041598583200627, -0.0032610246818379, -0.028931716066694
0.019568751659514, -0.0011237612356103, -0.055275273887423, -0.0060279974073919, 0.0027430154081687, -0.022576722674979
0.026570023868065003, -0.0011499966577013, -0.050878147985489, -0.0050203151799143, -0.0024045107979566997, -0.028972977031463003
0.018857177722115002, -0.0006328729057157, -0.055147651109837006, -0.008428789368813399, -0.0026862951903844, -0.035216226124637005
0.016527998664301, 0.0005573506903459, -0.049684831476013006, -0.0069566488466073, -0.0073038647232499, -0.02925053905561
0.023770309111010003, -0.0016825116586717, -0.06582495387100401, -0.0025693838320944, -0.0011615653356752999, -0.031327511848614
0.025133267835918002, -0.0010178156911481, -0.044945542210888006, -0.0059653192215134, 0.0003889652770125, -0.026572095209799
0.025608657947501, -0.0025793274004218, -0.055937584440619005, -0.0059244968274814, -0.0009268280635879, -0.028973632298198004
0.015602388350694002, -0.0018265239641348, -0.061927281835828005, -0.0052057923761776, -0.0050442074801915, -0.026427067884927
0.024831636032507, -0.0019469781299665, -0.05859145388829701, -0.006456622721995, -0.0016109423634105, -0.029812804491816003
0.022588815527622003, -0.0016090418946998, -0.051807992484269004, -0.0054650704942476, 0.0027425990804203, -0.029321926186178
0.028233637951461003, -0.0017354347874332999, -0.058915957398564006, -0.0071585924268948, -0.004539057546721, -0.036581954591374005
0.014548183858940002, -0.0015623966530841, -0.060002409970557, -0.0077105948939999, -0.0007156725121521, -0.032281818688332
0.025434829622660002, -0.0007177091512933, -0.041818222193227006, -0.0074370999710186, 0.0001721336683124, -0.038936852783150004
0.02137439202019, -0.0006878953007785999, -0.043457062283516, -0.0069492073866168, -0.0017840265422157, -0.035429484909130005
0.025444116352759002, 0.0001136733309591, -0.045118524645769, -0.0050519451572906, -0.0001454952902817, -0.045355952095049
0.03880638330766, -0.0003081668105925, -0.029880861086918002, -0.0077988651544857995, 0.0054173041636468, -0.0331966732934
0.030990698944742004, -0.0002695245132611, -0.053928512462308, -0.0058834936007971, -0.0038822771502332997, -0.032918384178654
0.029882517294855002, -0.003052383417382, -0.05206096231119001, -0.0088075074696201, -0.0047687636857436, -0.032660593911146
0.024930549542091, -0.0017611486153593999, -0.040452148470369, -0.0064764887077551, 0.0001455730958488, -0.036023029558938005
0.016963059081225, -0.0015912644184496, -0.061556252743944, -0.0072729856245006, 0.0016300693740758999, -0.041518121214378007
0.037229747331502, -0.0005812277102296999, -0.038895967672966006, -0.0088031535963715, 0.0030013211446679, -0.044923354000914004
0.025617681653110003, -0.0015689004863888, -0.037045908077386, -0.0094326294662644, 0.0027328691996672, -0.041297737047326005
0.029890272466425002, -0.0020808865683159, -0.043338739221948, -0.0079161064325252, 0.0034714983339286, -0.040058103007105
0.0031521484249004, -0.0014817120411481, -0.036979471882278, -0.010667144837941001, -0.0007802287301482, -0.042882263031362
0.029778538637805003, 0.00026162008585709997, -0.027555278215947002, -0.0064279066883792, 0.0028075831822018, -0.046306947664937
0.021186116113391003, -0.0022678535804745, -0.043633241559006004, -0.0097900416409472, 0.0042597273979304, -0.029821332729708
0.030760023232422003, -0.0019607172124266998, -0.021591780409027, -0.0060157847536971, 0.0021007805096119, -0.0467367427616
0.025181702379387, -0.0003132705212097, -0.036750627145569, -0.0043709660062758995, -0.002891098040598, -0.041548778437364
0.028492200590897004, -0.0024413049842006, -0.045549042987814, -0.008103661562100399, -0.0023464253174088, -0.042693603629913
0.028656264756212003, -0.0013341043318875999, -0.039009720367679, -0.0091117385375994, 0.0030024981332256, -0.035463265974308
0.032183001254573004, -0.0010351160932571, -0.030481759450835002, -0.012021404316812001, 0.0044939455519149, -0.046332449605922005
0.020815396413381003, -0.0020238058646499, -0.03988376198963, -0.0075627130043833, 0.0033120203732594, -0.04191649679307
0.016892900373638, -0.0021226037564125, -0.040824396542061006, -0.010032919112145001, -5.04906522824e-05, -0.042665773493522005
0.0130667922167, -0.003045833985217, -0.029526253411938003, -0.010263729569021001, -0.0017760777304162, -0.036233186360333
0.028563336663822003, -0.0004524370823029, -0.030364746103985003, -0.0086669088205152, 0.0057135197911239, -0.061108579448312
0.024293270307732002, -0.0031846183804525, -0.033282940878498, -0.012603658237756001, 0.0026334297235551, -0.045724082717222
0.021510167978611, -0.0027156601192558, -0.036009256325754004, -0.011452488082520001, 0.0039183425567233, -0.040743962715013
0.013214826608401, -0.0041897742734276, -0.036163958758432, -0.009923614874117699, 0.001514477060307, -0.038782080056672004
0.027989268431649002, -0.0017089754263288999, -0.036387614891622004, -0.0082710895346723, 0.0011382694857367999, -0.045448656852475004
0.018023107425404, -0.0026601796806768998, -0.0412826329544, -0.0093011163973862, 0.0038267063066463997, -0.044332857961884006
0.024650251857123003, -0.0015640239753964, -0.043034902214492, -0.007209454959929, 0.0066546802581162, -0.048053526927362006
0.015612498008253001, -0.0026648654944779, -0.038880736366027006, -0.012056027748012002, 0.0038664178135544, -0.04500382269138
0.025882965769134, -0.0020938932439614, -0.034968888844401004, -0.0094637772157318, -0.0025224889430903, -0.045081072169226
0.012113533920893002, -0.0024824048934683, -0.062310306543091006, -0.010164737367016001, -0.0025492021194007, -0.043665400079746
0.018717286595724, -0.0027564431427063, -0.038177553011538, -0.013716556286019001, 0.0060327027352026, -0.042200862035570004
0.012609355537847, -0.0008516651124828, -0.035476593157869, -0.0099832604104098, 0.0005245733980661, -0.05470258968092401
0.024726384372565, -0.0024665465168627, -0.05518863737357801, -0.011202335612675, -0.0015992651618535, -0.033454070630207
0.019166366169727, -0.0022781539489046, -0.041457443275581006, -0.0091633006479522, 0.0053694991453343, -0.058784358971232006
0.025166828980413003, -0.0018121498225937, -0.034175370643736006, -0.013436685156748, -0.0001145015547117, -0.055882773399329004
0.017392206959963002, -0.0017925857793961999, -0.027420780219447, -0.015799450650552, 0.0064806235030507, -0.052123702144282004
0.011685883955175001, -0.0021100373997762, -0.033488426413335, -0.013700860909431001, -0.0042528922278775, -0.054871424869743
0.011058405354442, -0.0028256546300444, -0.032638690087564, -0.012347767617504, -0.0012097451802919, -0.05115089344819201
0.0269206188711, -0.0010921511614862, -0.043895987095614, -0.013146591049999, 0.0016334085540014999, -0.065124701701523
0.014293267799563001, -0.0028395852479096, -0.042614177450396, -0.010063396858379, -0.0045967796197624, -0.053825333870842006
0.018475017038047003, -0.0005909462904068, -0.042965957449781, -0.012435031753083001, 0.0069754587166639, -0.057034702000455004
0.015121464779243001, -0.0039835954631795, -0.024373036711184, -0.016758041070417, 0.0057648628359929, -0.051830592728345004
0.020977183738632003, 0.0011174656734417, -0.023370523398871003, -0.011777911362337001, -0.0055787712896771995, -0.067394425856412
0.021286875205207, -0.0052554859507013, -0.04343553201855, -0.014124764574948, -0.0029307430177511, -0.038757309591654
0.017946541050644003, -0.0005309416847295, -0.0050912605362909, -0.0079619249409077, 0.0077450678696424, -0.07086925281002601
0.016100024346991003, -0.002818111393279, -0.027848851132638002, -0.017799100156813002, 0.0006053283318215, -0.052254537937605004
0.028746673175123003, -0.0014788650044601, -0.014233511447272001, -0.012457262016948, 0.008563316742732599, -0.068296086970387
0.019880715912223002, -0.0010139747095871, -0.025272241382004002, -0.016089073023016, -0.0016372077788799, -0.05520485587288201
0.025746488644646, -0.0039322299729346, -0.036871655570251, -0.012147416926034, -0.0032733548459853, -0.065456321431239
0.009306130281868899, -0.001686767433656, -0.022850013674242, -0.014802031798153, 0.0042818173436455, -0.060410442194662003
0.029573787470287, -0.0026870994870364, -0.022195247998514002, -0.016477312204637003, 0.0081664758648671, -0.056683554650435
0.028471003392652003, -0.0008244616866612, -0.031926964031465, -0.012184772182826, -4.8066623963599996e-05, -0.08193486894592901
0.028723711067997003, 4.69403031753e-05, -0.024900722626704, -0.014577301670588001, 0.0043060155416134, -0.073251190159697
0.026909234088522003, -0.0010778672482042, -0.012639360866453, -0.013378665857484002, 0.0014244258018502, -0.07865073268915401
0.018589102281817, -0.0010553361363713999, -0.021392483472301, -0.015981908275891, 0.0020225021736283, -0.063988171321342
0.029318693839225002, -0.00038332843477319997, -0.0065951842511546, -0.015868142734088, 0.0087306039134471, -0.073543813338083
0.030477623516093004, -0.0027021151324141, -0.0038810211013527, -0.016342576111297, 0.0060537577259315, -0.070979431032681
0.02649433248368, -0.000128077838273, -0.027642686293127, -0.013202050735225, 0.0023925211982563, -0.076249996369527
0.025496159200186, -0.0016512336159, -0.037849811933856004, -0.014216485892469, 0.0024126406049876, -0.067768533426788
0.029997675707202003, -0.0020459494653004, -0.0056824880660985, -0.013557406362506, 0.0068096864715659, -0.06774304258188
0.036896602838238, -0.00045297631709419997, -0.033621181400308, -0.015050997393411002, 0.0050887651396622, -0.065364758779169
0.032380267499351, -0.0027401499263797, -0.015857574269478, -0.017035246760678, 0.0010157519355473, -0.06656925686413201
0.034400384571918005, 0.0010598053041495, -0.03371532506752, -0.011455026397054001, 0.0022783402470309, -0.074414853006995
0.028059002875391002, -0.0044767043386281, -0.035714775633291, -0.014118528563111, 0.0047071744292603, -0.07238748219456301
0.020670339028275003, -0.0001480171390307, -0.0097372497290812, -0.014261379382887001, 0.0078670422938639, -0.063317825746286
0.042593848382973004, -0.0013322243948153, -0.034319320285562005, -0.012217707926172001, 0.0042233438897013, -0.08707436098264201
0.021312547569287, -0.0027679135790558, -0.0087746110843198, -0.016945894093652002, 0.0092663433955759, -0.06678875996483301
0.026961091401426003, 0.0013928534323302, -0.024910017125941, -0.014020059408698, 0.0028508546257705, -0.084179120949359
0.021871361462112, -0.0036482115383437, -0.011477757623821002, -0.016191261047272, 0.011963368139225002, -0.07239302068819001
0.028921059525132003, -0.0014540396511724999, -0.020708683363762, -0.014250896086748002, 0.011513031566389002, -0.081022767170682
0.029805146876852002, -0.0017834654875949, -0.042956325378659004, -0.014453690624274, 0.0062889626296702, -0.073519401936395
0.03559579795703, -0.0021017116625177998, -0.040703101377477006, -0.0092428886877795, 0.0059530257373228, -0.07625125588437001
0.040031851592386, -0.0014171300731995, -0.05107469369815901, -0.012960474821787001, 0.0028016756855405, -0.075297844868963
0.024892050553901, -0.0023240839907942, -0.014928024530427, -0.016373529747551, 0.0054648927709263, -0.07905507411972
0.023691791745833003, -0.0027746881946031, -0.031731217458619, -0.014439128405635, 0.010422769851901001, -0.072873092962387
0.028653312217639, -0.0014847432554045, -0.022592928494789003, -0.012926868452393001, 0.015493026779075, -0.076911369199526
0.037880380726181, -0.0047076205991796, -0.035557040212774005, -0.013930536471408001, 0.0091761660341684, -0.06827403807848201
0.028165509197757004, -0.0015942360370774999, -0.029776314799325004, -0.016034062555842003, 0.0028964053087914, -0.07863393946604601
0.026024938141863, -7.15149596436e-05, -0.040951591811404, -0.014040939109906002, 0.0064171674465303, -0.07441139467391701
0.03182414985739, -0.0041106769307336, -0.074441428666736, -0.012725262073566002, -0.0015372865209572, -0.069544616365433
0.023985139062301, -0.0011727483828912, -0.048610743547987, -0.014837943352951001, 0.0071366047738669995, -0.080757920721144
0.033790715835977, -0.0027869784912234, -0.016074872517702, -0.014103640431277, 0.0078756134200746, -0.07347569753022701
0.018223202135848, -0.001699121255183, -0.045074978446383, -0.0099902780705422, 0.0044844544933895, -0.065951878072635
0.038300622887843, -0.0023490942713157, -0.029829071926244004, -0.016444011961481, 0.011034220428174, -0.07904898565172101
0.025489574033950003, -0.0014391926899411, -0.022676075285201002, -0.015779833934272, 0.012100215396762001, -0.074735727652164
0.028612751012171003, -0.0022951599379113998, -0.050966777588592006, -0.01448739535478, 0.00546852586285, -0.07514671192423801
0.016266729091417, -0.003114252842512, -0.025685291386271, -0.014519226084254001, 0.0072251651031940995, -0.062422296692173
0.017693703939385002, -0.0026961922760164, -0.047503707356107004, -0.014021226085167001, 0.004759342098122, -0.072804796702944
0.020257976480273002, -0.0019333961455111, -0.045806911125612006, -0.016123678194759, 0.0079472687547895, -0.073516005282609
0.027928603247015002, -0.0038819145531099, -0.054869878774860006, -0.013239121717426002, 0.0060137622830891, -0.07647137078337
0.027127454233333, -0.0016600742797973, -0.048312335024779, -0.010913938083422002, 0.007287423020312, -0.08553644741564301
0.017068515224535, -0.0021277984551327, -0.048411275823268006, -0.012421515599481, 0.0044723339277142, -0.079254061790075
0.031668853966359004, -0.0017150535151823, -0.05546991260286, -0.015899504847170003, 0.0047369130342465, -0.07674589224373
0.017504305543924, -0.0022029256054763, -0.042956635307181, -0.01350665592221, 0.0070009432346384, -0.083849127973387
0.023309546266902, -0.0018112283519176999, -0.056483342560615005, -0.011036690704115, 0.0060129788144515995, -0.074612292752261
0.035033086535804, -0.0020504621135673, -0.046831572007138, -0.012531215188003, 0.0092722319383669, -0.081743115621266
0.025537204025126003, -0.0029934836963018, -0.039132432408339, -0.01665852233323, 0.0062577187289778995, -0.08435719107949101
0.032459267536271, -0.0014416814617087, -0.050348623301285006, -0.014388658585368001, 0.0047225135034685, -0.08253347344335
0.025106242854439003, -0.0016859700087608, -0.05082762741800401, -0.011824771541533, 0.0066217569098739, -0.080218831206775
0.030748964990602003, -0.0013127287450941, -0.060155085534292004, -0.013104584777679002, 0.0086349434411903, -0.083107169842628
0.027275364464193003, -0.0020615900400812, -0.071950905545168, -0.014339168857280002, 0.0034469773140995, -0.07307927494518801
0.018556841367703, -0.0033639494474629, -0.065232017181823, -0.013663139358789001, 0.0042452606883295, -0.08733079560933801
0.023789410057238003, -0.0023694459853855, -0.06313251141477301, -0.01249736999842, 0.0038294334653158, -0.077782669470912
0.033210952360141, -0.0030274258520184, -0.061815911517731005, -0.010895669923146, 0.0018790978102243999, -0.088809903217984
0.033325665686403, -0.0009435608801476, -0.050549194052117004, -0.010573177389507001, 0.0051181161271326, -0.08675704473422101
0.032771547273246, -0.0014434627859294, -0.047967245598977006, -0.014132876843172002, 0.0090786279169947, -0.07955697813739
0.026873537026672, -0.0036968878748099, -0.049917601259611005, -0.016778719033757, 0.0027907136662779, -0.078933344778224
0.033973338669525004, -0.0020915463808689, -0.061993640008662004, -0.016351925483942, 0.0048305432575074, -0.08112002141044401
0.026651643400211002, -0.0021063536189672998, -0.037897658560007, -0.012754494401131002, 0.012130814384214001, -0.07711417909396501
0.030650367687251004, -0.0014017948574475, -0.038377406699895006, -0.016192790776024, 0.0070405162936049, -0.07650735235410201
0.028414456655527002, -0.0009937591530252, -0.052841236931220004, -0.012853899557848, 0.0087187934049861, -0.080782948390165
0.026456866730841, -0.0019890566365827, -0.08132207465606, -0.012021243092078, 0.0010216913765857, -0.07833080546497201
0.039519409833987, -0.0018558091429287, -0.055807380963781, -0.013602598540452001, 0.0062239039008973, -0.07928126679243601
0.024948746399642, -0.0021215188850728, -0.052900751687665004, -0.011333391927709002, 0.0064671012754973, -0.069330861142012
0.041404809652927005, -0.0021817220587519, -0.047471959068173, -0.012623511995073, 0.0085674605125257, -0.077947228722455
0.03483718385107, -0.0019046197815345, -0.062399952303094, -0.010631760272468, 0.0020068963696967, -0.084853198997117
0.038305460772987, -0.0021771529733724, -0.060242446430837, -0.01324806744925, 0.0033687979346979998, -0.07041391552904801
0.034864545842104, -0.0016152596326273999, -0.07164186308840101, -0.013927190870546, 0.0078314003913028, -0.079171534057626
0.025907205868208, -0.0034522733392196, -0.057334707710431004, -0.013399042696930001, 0.005567480066616, -0.06827655687879
0.045217215239854, -0.0021167135201747, -0.060574188568127005, -0.017024926601099, 0.010221662967239, -0.0786809532324
0.022960176139179, -0.0009392426387234, -0.07185523478021001, -0.01267525196314, 0.0065591777557214, -0.07781655864943
0.035656486565196, -0.0028392103404108, -0.06170541213936401, -0.011532150531190001, 0.0097795772947873, -0.074373174841261
0.034845471577325, -0.0014115460076047, -0.051379662083290006, -0.014254881678701, 0.010682989230266001, -0.081538027901044
0.042970216956706005, -0.0026104118640652, -0.06559666123414501, -0.011298276549821, 0.0086465049266973, -0.07857085486392501
0.038186505719215, -0.0018075246555791, -0.07221336991754401, -0.011143277125388, 0.0065098840948734, -0.070145448750092
0.041281732779333, -0.0036698433511328, -0.06818922156800701, -0.013238253183216002, 0.012844363742725, -0.075610187218765
0.031135436440373, -0.0020360365093015, -0.07240998469620301, -0.008497346606141199, 0.0043075106773267, -0.06432128705767101
0.024113276884191, -0.003387654682245, -0.08928775175684801, -0.010124559098552002, -0.0024700637188181, -0.073029879134286
0.035120028004200006, -0.0012348311468398999, -0.068309560839114, -0.011784713926018, 0.0062071156365067996, -0.075419779690939
0.043772311317261, -0.0030356701279874, -0.071820714179868, -0.012143431763309, 0.004729000788825, -0.081242438116869
0.034336196986040006, -0.0040712624597967, -0.077871534045754, -0.0091263828387264, -0.0002469526110055, -0.069979835387785
0.037062748130524, -0.0028345275788963, -0.088892885171044, -0.0098780471337125, -0.0017025420827533, -0.071177882917102
0.029812480806136004, -0.0034297274129675, -0.073116490301078, -0.01369959996552, 0.0039735991055558, -0.069717195881525
0.035541442756135, -0.0045203746373514, -0.067162029524306, -0.011247128036027001, 0.007701803309568499, -0.06915215299841501
0.032327305620288, -0.0038900884831178997, -0.088187376061319, -0.010377480127253001, -0.0027084840447614998, -0.074111442372634
0.048319997457582003, -0.0014745747160106, -0.069816790963418, -0.010752028373112002, -0.0027929931781194997, -0.077020120061219
0.031136814975246, -0.0030699019196151, -0.062953394021607, -0.014891447497823002, 0.0034252087743917, -0.069110072379201
0.035023255813826, -0.002676787744222, -0.092587888315539, -0.010479212327005001, 0.0036010537415289, -0.07105584861566
0.033698703220304, -0.0028355886929137, -0.09145098407404101, -0.010673504186698001, 0.0047425033814819, -0.06985179744467501
0.033345863953533006, -0.0033874808047342, -0.086145875628374, -0.011936855529485, 0.0016475383483458, -0.062876035014876
0.031786924615027, -0.0020362251341569998, -0.07811517760433101, -0.011972705241654, 0.0028057129960613, -0.071310743077018
0.038456123369596, -0.003227518100087, -0.085186105992368, -0.011688151105512001, 0.0057913217638737, -0.07040045401554801
0.037520868030718, -0.0020352977352134, -0.09238906362007801, -0.012725059673593001, 0.002787657961079, -0.067104497782555
0.031128225008144002, -0.0041598380367939, -0.10459707100017, -0.008395692169488, -0.0003623717233952, -0.06969305772397001
0.028406236408794003, -0.0033600510792499, -0.08532299827228701, -0.011470198547708001, 0.0036866976803685, -0.065820600542618
0.030495237910134, -0.002916327645154, -0.093575585931677, -0.01172816917237, -0.0030624385651736, -0.065198230713186
0.020816116956815, -0.0032751636624146, -0.08761616726199101, -0.0097021928872796, -0.0012657329940505, -0.06660113949511
0.044761141436514, -0.0031173263004785, -0.087396206069745, -0.011853191182886, 0.0038969664071477, -0.077520655345714
0.030590058804574, -0.0023175367538240997, -0.099230197500819, -0.011056840871525002, 0.0042559379397048, -0.06426398679664401
0.026706559090880003, -0.0043023906944782, -0.10722405375156, -0.013549891614858001, 0.0010658479618374, -0.069914219012408
0.030480603197384003, -0.0037277164034128, -0.09910738555136701, -0.008312448408658, -0.0036882074454312, -0.061932033867156004
0.031698030067144, -0.0038166847208087, -0.10140666817013, -0.014442283941370001, -0.0008980053737018999, -0.060963915519235
0.030348716508199, -0.003469584954408, -0.11557615480698, -0.0085492462286848, -0.0025445956253164, -0.060747693071686
0.029681262861005003, -0.0017681330910627, -0.10375539613842, -0.0085518997825519, 0.0062892318495277, -0.067927304665473
0.032052037983402004, -0.0031462218143866, -0.1191516298637, -0.0082564694171801, -0.0062561819640168, -0.079420171832026
0.043861648878759006, -0.0020348305258724, -0.093565135666044, -0.0078321294332135, 0.0039482642291939, -0.07352614259121501
0.033752943650197, -0.0031696495314953, -0.12244674114035, -0.012277502186851, 0.001268747344257, -0.07234749544584
0.031048916325688004, -0.0043808576799394, -0.10269750132061, -0.0073319056536894, -0.0012676408666355999, -0.067937140683326
0.029997721597257002, -0.0035061971388858, -0.11013357616647, -0.0096380634872174, 0.0024756813422616, -0.075685454756726
0.036596590734862, -0.0045956746899595, -0.10901253201858, -0.012909247895869001, 0.0065506969096139995, -0.068263357881926
0.027314618475205003, -0.0044508554465552, -0.087710790421371, -0.011123901064363001, -0.0034655789706711, -0.06158548718515901
0.044000650766426, -0.0011490618620346, -0.10310645287876, -0.0083796382824779, 0.0032197737045608, -0.082663574750116
0.028357828646163003, -0.0033911835361006997, -0.09159500893203301, -0.011244554851793001, 0.0052748055349726, -0.07275847470810201
0.039430840799099004, -0.0031435670827253998, -0.11597976865168, -0.0076023394843298, 0.0014803008469192, -0.062746144599785
0.037958303760853004, -0.0039823762486201, -0.11219379387935, -0.0087060208140527, 0.0008764470229703, -0.063047486488988
0.036715061499239005, -0.0039185059091948, -0.12115414623629, -0.0086378189535867, 0.0022408676063217, -0.067053169316366
0.031455443010146, -0.0027572170830956, -0.11971400990004, -0.0091930634582317, 0.0011117776252149, -0.07252992360407401
0.036048440679853, -0.0031687796106215998, -0.12189621969034, -0.0092699701988661, -0.0001782544411552, -0.08277140541152
0.032220952469432004, -0.0045876036474008, -0.10318896649734, -0.0082586638450208, 0.0031841383445215, -0.07058031873857601
0.044301867668366, -0.0028654712307849, -0.12232367588662, -0.0089718923372372, -0.0014715967643861, -0.07303622187136401
0.032685418031959006, -0.0044063636245025, -0.1144041607188, -0.0099961548956042, -0.0024917061642997, -0.070708608000821
0.042845056397872006, -0.0027579462714604, -0.12010979884914, -0.0059265952236272, 0.0001367202854398, -0.06293347271898901
0.038366750390147, -0.0038720614258126, -0.11748697352204, -0.0068481437716419995, 0.0018706720944332, -0.06744525600248001
0.043641851890042, -0.0024661197609453, -0.098002459504181, -0.011395026311581001, 0.0029263193257049, -0.069022681154753
0.043282948062184, -0.0033469131986998, -0.1082307617069, -0.0096019040916342, -0.0006715034411876, -0.081289108407621
0.044367023422477, -0.0018161559118217, -0.10362304827447, -0.0066526093961863, -0.0031750189096811, -0.079092569220943
0.038245239921863, -0.0022794928987474997, -0.12742313472117, -0.0091638085170625, -0.0073680905503198, -0.073673507502876
0.043175457329402006, -0.0014614168247574, -0.11822048725371, -0.0097839920672002, 0.0036720199622396, -0.079270229756948
0.038022828652624005, -0.0033516037708757, -0.11293300082086, -0.0097224997680015, 0.0003835339060879, -0.065285384742869
0.04887789616607301, -0.0029046815497808, -0.12344447857463, -0.0069784351565915, 0.0018386844665810999, -0.08114967869659001
0.044889682457446005, -0.0034261180705883, -0.1281399621107, -0.0070394285619591, -0.0049454808170214, -0.058065611601743006
0.036695046381673, -0.0036020775011846, -0.11564591781586, -0.0058052785297546, -0.0020297031854876997, -0.07892941898830301
0.032085933792773004, -0.0033422409636799, -0.11591800436582, -0.0076072178361928, -0.0021280953244569, -0.077153203155922
0.050332708295560004, -0.0037551797927513, -0.11467173725079, -0.0085627359699826, 0.001237955236113, -0.07455424902049701
0.034672669619184006, -0.0051842151441865, -0.11297195986855, -0.0073302109255722, -0.0060051693555639996, -0.07084267813158601
0.051435263905279006, -0.0023761241937332, -0.1332465306746, -0.0073273269426997, -0.0094066084194497, -0.07701965005078701
0.03451802025547, -0.0031669731471944, -0.1159079789729, -0.0071186215535429, 0.0010932412196988, -0.075526944381264
0.038709008706527, -0.0046808055070747, -0.12056237603061, -0.0045000347371141995, 0.0011051995482606, -0.077386306743674
0.049621167341220004, -0.0017765744309838, -0.12091258920653, -0.0075571371331207, -0.0033028314367710998, -0.07752920326904
0.043734914712146, -0.0036419015417854, -0.11569937565938, -0.0088358214524514, -0.0010917194920889, -0.07847312421026101
0.051657166469918005, -0.0028031882669554, -0.12573549641449, -0.0059912982807059, -0.004120566961758, -0.07009527032428
0.039028082369077004, -0.0018521817274319999, -0.14239702308605, -0.0035086058140657, -0.0028830635423148, -0.078708068922009
0.04810274335495401, -0.0035985230492993, -0.10502297194182, -0.0065647465321665, 0.0021583894676249, -0.06811052298015001
0.044954512184589006, -0.0015085648565821, -0.11268364020993, -0.010669059162555, 0.0010814898695344, -0.08152564169380601
0.045318153771274, -0.0036986834486919997, -0.12408282230859, -0.0082520671452877, 0.0015328476012808, -0.07500384642821101
0.042343585118706006, -0.0032621390483235997, -0.12196292328762, -0.0080710312229444, 0.0009946739504063, -0.06995107235242201
0.040858588316971006, -0.004380321546891, -0.12919848543502, -0.008530700439447399, -0.0022069915511572, -0.07127867659622901
0.049431242881315, -0.0028873692647461, -0.13150822352848, -0.0050343465951573, 0.0033474657295321, -0.06894285055912301
0.05423216731383201, -0.0036114065831275998, -0.11953956006487, -0.010291090780815, 0.0008319935789883, -0.07323254978620701
0.041019922558252, -0.0041313666181765, -0.11085008362251, -0.0090881930501519, 0.010677558962108001, -0.077594500180076
0.04528876101779301, -0.0048919487379023, -0.13840002100361, -0.0082274756481422, -0.0032696534485626, -0.07379381426714701
0.041581846282299, -0.0034138753822515, -0.14143325149023, -0.0067402240992161, 0.0023442755598053, -0.074214857580863
0.04839645015453101, -0.0044255019458126, -0.12186432825737, -0.0083438922519602, -0.0049008906511946995, -0.06418410599869301
0.036303298619334005, -0.0037356682573871, -0.1379496393976, -0.0040516938938721, 0.0027387933913401, -0.066891026668096
0.04746583957907, -0.0039171499292963, -0.14027503826877, -0.0072447241558996, -0.0014617823730401, -0.07790175507443
0.045786437756546006, -0.0040350262370549, -0.14250279361579, -0.0074958056152474, -0.0028639305114052, -0.071815354108464
0.041912544996956, -0.0045180363902693, -0.13011250724499, -0.0092631984818027, -0.0010971187123359, -0.074890084579344
0.053663482490719006, -0.0036921979711927, -0.13015087910977, -0.0068849720820267, 0.0052503496114742, -0.079275331778152
0.040561148059362, -0.0040109737251558, -0.1346330766641, -0.0078122156624541, 0.0033980551155241, -0.06898997860311501
0.038984653185490006, -0.0027943154861729998, -0.13620820277928, -0.0077172355438080995, 0.0016047818919884, -0.07362227586054801
0.033471849119463, -0.0057799275463725, -0.13126259594393, -0.0093122373037628, 0.0020593956475242, -0.070325563330716
0.039126223022979, -0.0027926038936088, -0.1381123247928, -0.0082105941401758, -0.0019657157224801, -0.08097572328975501
0.037801016106147, -0.003366156961522, -0.14341721089046, -0.0041035120339967, -0.0014010806962759, -0.07964576041679
0.037168655905349006, -0.0032174364683689, -0.12986528190247, -0.0069642951039853, 0.000481826655509, -0.080749101609627
0.048377103298967, -0.0055516310721451, -0.14011441916241, -0.0053870975005991, -0.0009551861188956999, -0.07432687955705501
0.023946858334346, -0.0022648233331812, -0.14264572376884, -0.0077401537994921, -0.0054212330885094, -0.076693613061311
0.041365998403362005, -0.0046609347402891, -0.13351553589168, -0.0076959839226699, -0.0012037446929406, -0.07502191085857801
0.031446949560903, -0.0034907606969006998, -0.12402629047928, -0.0086245426123691, 0.0050605042431507, -0.082736917620836
0.041054665404764004, -0.0038772377660602, -0.14987935129041, -0.0074256347539487, 0.0003655469339767, -0.085308442562306
0.041311523074421, -0.0028202550996717, -0.12084097515288, -0.0080526592885154, 0.0027264010511229998, -0.083500832359096
0.040186678858122, -0.0041252989411756, -0.14507009486351, -0.0079109068837749, -0.007608452510812, -0.076656028943676
0.0411593792042, -0.0036439288320947, -0.14172639705179, -0.0075251900664447, 0.0020614468813088, -0.087681190523411
0.024287140881106003, -0.0044451139389478, -0.14212933394375, -0.0081543905005246, 0.0010290271034227, -0.082343076127509
0.042654963928427006, -0.0037686416276655997, -0.12858018405118, -0.0063390637760813995, 0.0020875788644890998, -0.08391711313439701
0.032791450107976, -0.0028235915902903998, -0.16994350136056, -0.0079017412823804, -0.0081174933936085, -0.08542515609168501
0.043480797828689, -0.0039524440123250995, -0.14997900308071, -0.0084581995477973, -0.0073514453699628, -0.08166336439987401
0.035237819315538, -0.0042588605361874995, -0.16256256829878, -0.0054958049682204, -0.0018585176725942, -0.07583565273053801
0.037514822186086004, -0.0036730107022228, -0.15379587421802, -0.008360690237011, -0.0013931150314021, -0.077198929111916
0.039328264129699, -0.0037434112088502998, -0.15716568072558, -0.0051240711449877996, -0.0039978490924726, -0.07471054543923901
0.026811877093243, -0.0055874363900294, -0.14705950987839, -0.0049335279531776, -0.0060073854721367, -0.072637480902144
0.045269630321484004, -0.0037439266299695998, -0.15445480348147, -0.0063875870675308, -0.0039849469598016996, -0.07367228280472
0.029247273882062, -0.0012537219820734, -0.13827073745502, -0.0062685617816661, -0.0059806846593682, -0.0910664212048
0.053051224400895006, -0.0034996978932753, -0.15789030138477, -0.0050369740245375, -0.0054929516496552, -0.08608687930781901
0.032189843967896, -0.0035774113786628, -0.16661466519049, -0.0055848036637238, -0.0061549305099974, -0.07512271105590501
0.045202603697593005, -0.003104824035019, -0.152603752296, -0.0047946361743393, -0.010318092675465, -0.08523564466010401
0.037057779120654, -0.0034730984526657, -0.15602178364559, -0.0072695187790462, -0.0027442141957075, -0.07547424444784401
0.046028002088776006, -0.0047876654233797, -0.15977192525125, -0.0046768178161247, -0.0014004449467467, -0.08365030922821201
0.042593739181464, -0.0032021234701043, -0.14319976775345, -0.0066378080784861996, 0.0013190098045392999, -0.082039271425538
0.042265821763191005, -0.0025311533922895, -0.18122780652922, -0.0044408465703083995, -0.010956396921010001, -0.08461936338006101
0.044118329379459004, -0.0040494909670274, -0.16447641150147, -0.0062768110773535, -0.0029308438302113, -0.091803480144241
0.048851650307930004, -0.0043593843798243, -0.16486054036608, -0.0034798497153205998, -0.0055730643904285, -0.08787511680018201
0.04024326336665, -0.0053362514637235, -0.17591470442131, -0.0056711711296959, -0.0054211992121003, -0.074668708735093
0.046559019510846004, -0.0033354981722012, -0.13862587284585, -0.0050846877502599, 0.0012929956299004, -0.090574743138849
0.043511260130918, -0.0032782832575217, -0.15771503305513, -0.0057607185437845996, 0.0031958660363617998, -0.08988283421783701
0.050189379892883, -0.0030287147746601, -0.17438650316745, -0.0037037751859868, -0.010803596466828, -0.088656138005371
0.045383620708649, -0.0040842880913873995, -0.15899358054528, -0.0065462565466675, -0.0050836654995236995, -0.10070459095931
0.049422000121945, -0.00284381023537, -0.16284723457385, -0.0007209479923624, -0.0014085812212713, -0.08600253817964501
0.043739687578673005, -0.0039361006769163, -0.1584664308208, -0.008732284287361499, 0.0012073795135487, -0.083861504009967
0.05340253239998401, -0.0040654331814471995, -0.14293392589706, -0.0046603962444153, 0.0031768831787056, -0.10151275868782
0.037935890605692, -0.0043674458351674, -0.16907810131255, -0.0069932821990400995, -0.0026203481444776, -0.09466592443190201
0.057198471073791, -0.0038281279790454, -0.15892475959492, -0.003411305418904, -0.0017796296092759, -0.09879879914263501
0.03921711869323, -0.0040288043537384, -0.1814872370549, -0.0036694368149463, 0.0016632345680586, -0.086311171269843
0.054767080119072005, -0.0055575708077692, -0.14768631578528, -0.0059181164741774995, 0.0035905548698935, -0.08798567897809301
0.043974383505427005, -0.0040159305080424, -0.17339317376741, -0.0044620420491622995, -0.0036746725358930998, -0.083215234801329
0.047009860371178006, -0.0046379937743632, -0.18223196724603, -0.0022138320883014, -0.0050253285507946, -0.09824897920547801
0.039053660317534, -0.0033660980616334, -0.1673715990891, -0.0016973452594934, -0.0006340624616937, -0.090439013604782
0.058081113972191005, -0.005629305254154, -0.18656617484194, -0.0015413238953562, -0.0007552478752925, -0.09156705715554601
0.05413883743314601, -0.0034737405549898, -0.16236301284839, -0.0045750802635117, 0.0016149206379139, -0.090855618972928
0.044903910676629, -0.0039128848876684, -0.18241021714272, -0.0019100167979241, -2.5614174033399998e-05, -0.093987426822771
0.047933313301378004, -0.0038437333106599, -0.16025483063122, -0.0041749061419985, -0.0056580708547008, -0.086098798285603
0.048192584292683006, -0.0026168617056283, -0.17903965236239, -0.0011503873956649, 0.000178258603276, -0.088802359653345
0.048698493011090006, -0.0032075539312355, -0.16887837428896, -0.0050536239922021, 0.0030576224525181, -0.090015615982658
0.054326665670642, -0.0035998396256286, -0.17356208376539, -0.005286879415474, -0.0007197319574103, -0.09186950589812101
0.05435571457339, -0.0043707842416958, -0.167203622233, -0.0026653459504789, -0.0044492801248759, -0.09496126992315
0.06031574539364701, -0.002527454662682, -0.17299456446776, -0.0035733760728474, -0.0033952876701762, -0.09634507301285801
0.045499654569015, -0.0035401075155013, -0.16988362517881, -0.004431930263381, -0.006425077716146, -0.092224408877975
0.051841617716352005, -0.0052818565975948995, -0.1630648099445, -0.0023030713835857, -0.0048397729319954, -0.09152319365295401
0.057328347334035, -0.0026291199124001, -0.18019673343221, -0.0032797902618808, -0.0002703348133738, -0.090298494955586
0.059039569069965006, -0.0031573749126377, -0.19160037034164, -0.0018019565569739999, -0.0002875234220518, -0.08640739157874101
0.046569434418117006, -0.0040159127798451, -0.16902047229826, -0.0047359579243593, -0.0089209414030174, -0.084439723724299
0.05565370290932901, -0.0036548231224187, -0.16724549841305, -0.0047431488299325, -0.0029387689555539, -0.089346475142798
0.049160820377960004, -0.0027310139155216, -0.18315562180583, -0.004304943968953, -0.0054709185293601, -0.08448341833239201
0.053963312349218, -0.005053205482238, -0.17750072499879, -0.0021825013189377, 0.0008592450618980999, -0.086041096749981
0.045113176407794005, -0.0036144871695497, -0.18159216964172, -0.0034263168551325, -0.0038973257012877, -0.08475772116093501
0.051664787428223, -0.0055731389083102, -0.18017508160848, -0.0042205999071023, -0.0049174658123388995, -0.086439422550733
0.047019520446943006, -0.0042259576984354, -0.1690832770992, -0.005160871414285, -0.0017537147626612, -0.08722606731681401
0.05776849113845001, -0.0022972261222903, -0.16980361565384, -0.0045434893870935, 0.0043341317116515, -0.084275629652591
0.044799975413072006, -0.0043834582322494, -0.17157133216291, -0.0013373144510545, -0.011606592176162, -0.08068562052851101
0.051406399242804005, -0.0027085792573472997, -0.19644180444269, -0.0032979735002981, -0.0047962434838269, -0.080096792734952
0.037085630684149, -0.004574886247598, -0.18491135362036, -0.0017417257963072, -0.004939030665131, -0.069796826637397
0.052227735074730004, -0.0034190709240153, -0.19349007304864, -0.003369255353444, -0.0025687819852098, -0.08065585634538
0.056128611773895005, -0.0051863906189239, -0.19571614667953, -0.0017911124740380999, 0.0005044936657050999, -0.071137020147491
0.050063371061583005, -0.003527204609259, -0.17836171195401, -0.0037076564286094, 0.0040381067489964, -0.07523848532410901
0.04061150338295701, -0.0039859222162778, -0.19136255965653, -0.0070008947010969, -0.0043256588652677, -0.080164142268092
0.043624018640852004, -0.0040884629332323995, -0.19984070910589, -0.0012659486154764, -0.0043183642710426, -0.083641980024724
0.048748931770348, -0.0053586616671311, -0.19609946414185, -0.0039576108080923, 0.0002581630962186, -0.07211862037123201
0.047538755306664, -0.0040213057962964, -0.18504684578193, -0.00040249405425759997, 0.0016060833986789, -0.075509827206078
0.042020747612268004, -0.0060356493050506, -0.20368915200374, -0.0039929046214203, -0.0016030838449232, -0.07311842902917301
0.0530794636046, -0.0044696099826133, -0.18442250108245, -0.0039136390445748, -0.0047459032363013, -0.07762324757682701
0.042713935281178006, -0.0045886733681086995, -0.19957738909817, -0.0041469627780145, -0.0052406045564253, -0.07205178198176701
0.058031895116877, -0.0046779353553199, -0.18899279294833, -0.0038206833217112, -0.0022752315711168, -0.072147613909174
0.043432815381180004, -0.0049745320363342, -0.19304311062131, -0.0046238393681259995, 7.627990201219999e-05, -0.06554485880553501
0.041014965349734006, -0.0057741782249092, -0.19626145189566999, -0.0051337412502353, -0.0033983267213647, -0.061722130414952
0.035242553168326, -0.0049610743448547, -0.20718684611991, -0.0019973961660645, -0.0077769222282058, -0.065812508033565
0.043772830139978, -0.0050603726694829, -0.20238000810364, -0.0021890658962122, -0.0054526003953170995, -0.069491392841494
0.041693567627314, -0.0056154225106408995, -0.19817074235181, -0.005417123661609, -0.0026343618520322997, -0.05970036807097401
0.047177966273336, -0.004451820825469, -0.19092906673218, -0.0001050742833695, -0.0004877935487397, -0.072076818350707
0.046301728918961005, -0.0060715235438163, -0.19567164464893, -0.0038717130266605, -0.0005317843528952, -0.063482139808575
0.042041947041458, -0.0049745568156458, -0.17853985655571, -0.0063236518785856, -0.001509081895399, -0.066934782550402
0.042841052886138, -0.0049965805612394, -0.21072078954619, -0.003685379713518, -0.0041913318733715, -0.06505990642443
0.038922769126584, -0.0053001097563757996, -0.20430524390748, -0.005088563437165, -0.0060739110753765995, -0.07924333726026
0.051945139963870006, -0.0046353978284147, -0.19903078259617, -0.0020810481228778, -0.0015495603439639, -0.06882314085586401
0.042844928136890004, -0.005245963876287, -0.1956491010491, -0.0013116044351288, -0.0075348410825157, -0.074430595676645
0.043481555710750006, -0.0053786725213165, -0.20532947750682, -0.0032057629837789, -0.0062229404719016, -0.067166148075939
0.045393320160311, -0.0031372974747784, -0.21081874248516, -0.004306355226486, -0.0074131434758523, -0.070402771138691
0.039975960198209, -0.0062382512086118, -0.20674915723094, -0.002268472289625, -0.0010714844510301, -0.06959206888762001
0.049355062693723, -0.0062804134231708, -0.20159296190898, -0.0033071556492228, 8.64710020298e-05, -0.061270345539063006
0.050952737299614005, -0.0066155819569675, -0.21331991414224, -0.0029470868227847997, -0.0051177845410397, -0.070050588947538
0.040767968692159005, -0.0054478430129287995, -0.2079915829698, -0.0003549917755028, -0.0042627515929333, -0.07040202959450001
0.050970246979979004, -0.0076549336511419, -0.20782358829962, -0.0036346153476113, -0.0098424475305111, -0.067728273540575
0.040089889776854, -0.004016241487684, -0.20043708936418, -0.0039498545804602, -0.0045371746091088, -0.069757949655702
0.048167003325070006, -0.00608050012885, -0.19361053552254, -0.0019120018430963, -0.0039832863670709, -0.069006526622841
0.043932794718357, -0.0037356812811829, -0.20670612969396, -0.0031894740880964, -0.00177574075531, -0.06919776652961
0.038928187391114005, -0.0071314827106302, -0.19561074644302, -0.0062413968205018, -0.0067486692836307, -0.065104406866495
0.050231949963436, -0.0036269762760261, -0.20636301496609, -0.0052180225835935, -0.0032817522921222, -0.078605722734384
0.04727848818821501, -0.0044436779053941, -0.21086548250231, -0.002435009606464, -0.0047610355845442995, -0.071293445177836
0.05445114148276801, -0.0056309066389254, -0.19824759452059, -0.0053379621026215995, -0.0022942316086747, -0.065851279668344
0.044032740265566, -0.006202888662341, -0.19718473402097, -0.0020231645847807998, -0.0017205205558984999, -0.067359273281756
0.051909889115613006, -0.0062856939762966, -0.21642689127873, -0.0029428626153036, -0.0074799208687593, -0.068459893399582
0.042728196655170005, -0.0063276704346396, -0.20661247055731, -0.0031967687643059, -0.0062410457125185, -0.06246021421261801
0.060570547723682006, -0.0068767051300982, -0.18767408640389, -0.0026852902599421, 0.0016041337406185999, -0.074391809926244
0.05510114733056701, -0.0043340711621741, -0.2158598160072, -0.0025687225552276, -0.0001962231058669, -0.06905613362941701
0.052973130439650004, -0.0059678504597978, -0.1928079400959, -0.0019785243395219, -0.0093200907814247, -0.072705109534746
0.05317433594723701, -0.0051995595398411, -0.19531395844313, -0.0028802175122404, -0.0047504712608132, -0.06604715773481701
0.04856790035217701, -0.004957189153917, -0.2201504046233, -0.0035363478574165, -0.0067358210563933, -0.074687832835411
0.050438113865301004, -0.0066624725285613995, -0.21607277792684, -0.002533944436575, -0.0049131866616323, -0.07211579866006901
0.045984382019179, -0.0030607781807184997, -0.19029173825979, -0.0052915756865404995, -0.0011240351380886, -0.07549952719224301
0.059660474128923, -0.0065445273405091995, -0.19165887489682, -0.0034497564657891997, 0.0003289550699233, -0.075398712190896
0.055618398563843006, -0.0046080153670273, -0.22102729521389, 0.0012373456446852, -0.0097167317718841, -0.07033695525689801
0.056480834681626006, -0.0054747831955268, -0.20458987551443, -0.00404844415691, -0.0082148550989753, -0.070659065442565
0.049020506503243, -0.0030799802411181, -0.19574702661979, -0.0030515785854284, 0.0055480814303897, -0.06439162234746601
0.049071993937184005, -0.0066825153547199, -0.19620598496269, -0.0058091406156404, -0.0050246607209712, -0.06826766912833801
0.051785611413922, -0.0059123021664311, -0.21151929508568, -0.0040399883977717, -0.0038648329066934, -0.071673637376667
0.061300121586959, -0.0052115622974056, -0.22040099407808, 0.0007522013573306999, -0.0062528336871084, -0.07370785518586101
0.057927907863662004, -0.0056959391673393, -0.19313428379948, 0.0009355218306016, -0.0044977713703335, -0.06696648564021701
0.052055955225952, -0.0044098332358865, -0.2162875325375, -0.001879909189049, -0.0039978185725553, -0.073102977451166
0.06444751388469, -0.0055396446137649, -0.20732532778339, -0.0025739995269802, -0.0023202593381861, -0.06522435257624701
0.05379202461415, -0.0047656804267082, -0.22104855093877, -0.0018847026718121999, -0.0038054022490261, -0.066091944146953
0.064244982032037, -0.0066813702167807, -0.2037563236232, -0.0020687300146385, -0.0059670593226801, -0.065462011487134
0.05527786268918, -0.0048429186756514, -0.19347157654569, -0.0029993209798396, 0.0015256989241634999, -0.06755096454296601
0.058089796059060006, -0.0058450080389103, -0.21373527701975, -0.0016610095639938, 0.0013907498816292, -0.07951847000963101
0.062793075874065, -0.0048126755514312, -0.21661499902414, -0.0013639769655568999, -0.0038363653046033, -0.07125954829134701
0.055883653829538006, -0.0035470264049273, -0.21117541024641, -0.0027179688200603, -0.0023165772982813, -0.067352953503822
0.058963550113880006, -0.007194110201247, -0.22446465006182, -0.0038919523166943, -0.0070665999022786995, -0.071043964356141
0.039161261269936, -0.0042331353082188, -0.21137903977132, -0.003529474873073, -0.0051013037151194, -0.071168511930705
0.05675509189766, -0.0058823855816779996, -0.20250269217782, -0.0019770096573086, 0.0010982611982786, -0.07468142311266701
0.052866098117340006, -0.0048481298680855996, -0.20614213696505, -0.0044625693014898, 0.001786934774297, -0.06892918271925201
0.056030380724622006, -0.0036729931425732, -0.21781747021841, -0.00012487790339849999, -0.0069111656277372, -0.075714659577783
0.050214490263015006, -0.0061599981486326, -0.20784417326822, -0.0024848580795654, -0.010087197706782, -0.06680553788421201
0.054252143976404, -0.0039892006201073, -0.22515263445481, -0.0005064247057526, -0.0056167730531956, -0.071689509519999
0.062650351817643, -0.0050909538039778, -0.19944838555485, -0.0047278197570062, 0.0006776432979767999, -0.06124489198178801
0.052445478445032, -0.0060766432727787, -0.22163677054592, -0.0033182431709016, -0.0020670092408364, -0.064852024631734
0.05476274596482401, -0.0056719950664962, -0.22046706574894, -0.0018668148429612, -0.0028603629024456, -0.064257082001965
0.05832410405710801, -0.0053225889728747, -0.24837405744781, -0.0036108789689867997, -0.010089673127161001, -0.06868103638407401
0.050251585486812, -0.0056367404429784, -0.20154151747682, -0.002539328181827, -0.0066645038909689995, -0.065896333996218
0.060156030041931007, -0.0074255363270901995, -0.21741794228489, -0.0061484347830912, 0.0008594737640869, -0.053850637835446004
0.058068890459337004, -0.0043531278383883, -0.23422234199151, -0.0015189228340932, -0.00679915816322, -0.06906262376432301
0.04967993518752, -0.0045542994064049, -0.21880437556639, -0.0010973819782793, -0.0053136540188776, -0.06642342345672901
0.06640732525880201, -0.0053533139139018, -0.22510325455192, -0.0035387653792115, -0.0053929978819946996, -0.062859499092226
0.051643035659512004, -0.0045891648810590996, -0.21037310222426, -0.0016322993852227999, -0.009022038018480399, -0.07772042377251201
0.054303507192289005, -0.003688181447759, -0.22884492795408, -0.0006315057879665999, -0.0072590320556438, -0.06720371020367301
0.054413638853949, -0.0042194329121661, -0.22794747009338, -0.0009628285992512999, -0.0008240137663721, -0.06782957297422401
0.05058356749900501, -0.0062340795414138, -0.25270320555068, -0.0012443589228175, -0.0087628800784014, -0.05555439062435501
0.05025069381925001, -0.0057946556598601, -0.21904602579669, -0.0035921003492317997, -0.0083452601008184, -0.06424569860406901
0.046435395275209006, -0.0055571215412714, -0.23000502579292, -0.002587523090192, -0.0080782568213631, -0.06215795859598901
0.06286284378066101, -0.0056888002286309, -0.24519066354283, -0.0051541337293153, -0.0007544958825610999, -0.066300245934531
0.051131881093849, -0.0054260425864687, -0.20586361298743, -0.0042136795884548, -0.004325456801615, -0.068240807096483
0.050689050851173006, -0.0059254576683587, -0.22775476969452, -0.002826413249009, -0.007657983201062, -0.058282663611083
0.046952144922048, -0.0056440881772138, -0.23452213291843, -0.0012778577647252999, -0.0055237150523986, -0.066349258218645
0.053426944518213004, -0.0070749817295334, -0.22476889223207, -0.0038336890145326, -0.003288632285622, -0.07370773010814101
0.050627791524842, -0.0059138519422116, -0.22045048400668, -0.0010582710582174, 0.0026713104660546, -0.05754998220005501
0.049286359879128, -0.0058346623223756, -0.23055402914816, -0.0031105780471746, -0.0031699470744433, -0.070003947764618
0.050943316866700006, -0.0063170549929004996, -0.22402324105399, -0.0011087827389886999, -0.009325074804654, -0.060788368471925
0.051648175396794005, -0.0060089426644079, -0.22748268510577999, 0.0002074449550964, -0.013268366793777001, -0.07475874527936201
0.051624325257326006, -0.0061724969258156, -0.23248525594546, -0.0019011487386338, -0.0059744715677193, -0.065190493483663
0.03903623652088, -0.0066882131776025, -0.24211290840127, -0.0029287737919693, -0.0098896845713084, -0.067290609129314
0.047057442633809, -0.0051320561020264, -0.23556531486887, -0.001646320631169, -0.011202497188940001, -0.053715717270044004
0.045908860368793006, -0.0063688006540688, -0.24535570332825, -0.0021245221461696, -0.0032223074025149, -0.07238672513374
0.053291405348678, -0.0066920573107903, -0.23456758074732, -0.0022050321587583, -0.011933590899169, -0.066313494311852
0.047305795439721, -0.0046383990252010995, -0.22755146268033, -0.003006117091586, -0.0041264659353353, -0.07234630750262501
0.045456595193531006, -0.0072093616808781, -0.25059642417089, -0.0032793325650822998, -0.012058924675181002, -0.059996956625542004
0.058651295475497, -0.0061708722922940995, -0.22843660464845, -0.000624352300739, -0.0061418655838888, -0.07299574323564101
0.045463364580837, -0.0066501437257562, -0.2352166261055, -0.0012652856943988, -0.0089131285756923, -0.053648165193768006
0.047808980292463006, -0.0054637937878095, -0.24343249697944, -0.0012108766196425, -0.012392978296414002, -0.064488397836914
0.047302238303903, -0.0067018090662473, -0.23206007119141, -0.002840789318971, -0.011001196924657002, -0.06529971534230601
0.062960677257023, -0.0065023690837506, -0.23482601948838, -0.0017254585959937, -0.001371076834965, -0.06692554920317301
0.044131630952010004, -0.0042353439835133, -0.23409298937203, -0.0023448233375588, -0.011673962749736, -0.06765938902740301
0.061764059350276006, -0.0058543737126056, -0.23760667864915, -0.0014914674205417, -0.0071148983072544, -0.066108391597612
0.040722149308954, -0.007951529738796, -0.24558472555753, -0.001637785283403, -0.011234368258159001, -0.06277263400566101
0.05326934857730001, -0.0047386866453224, -0.24378160991062, -5.36429516431e-05, -0.0048241141225806, -0.07191492626722
0.053111236970884004, -0.0073130601279867, -0.22997445241488, -0.0041004080168523995, -0.00023745043813329998, -0.05642499383643101
0.056003012411604006, -0.0045381835215294, -0.23788293739619, -0.0004445444041458, -0.0038880080793089, -0.081217728035528
0.05337754406186301, -0.0060196662122768, -0.25245739741842, -0.0023596806230398, -0.015299818916205, -0.06463348162705
0.05590588054149501, -0.0069129563201694, -0.23995349620113, -0.0023207891481626997, -0.0073397543708912, -0.073657645877735
0.050181749891544, -0.0052029940381516995, -0.24952079282515, -0.0007008191227068, -0.0089669395926094, -0.061120105968142005
0.064923914053349, -0.0055594842256027, -0.23938804439771, -0.0029093787728959, -0.0049865946477853, -0.06647492235952901
0.05928691924304601, -0.0058294649464674, -0.22882055996853, -0.000171706996357, -0.0080484016803986, -0.06835415813688
0.059043950590793, -0.0061941984713883, -0.24894386786356, -0.0004127814602993, -0.0056451179864686, -0.06861464456590301
0.06304707289884301, -0.0071310117469102, -0.25731469815179, -0.000600590182667, -0.011759544079169001, -0.07090455243310101
0.06355442799097401, -0.0048873214380491, -0.21794796271327, -0.0013861011316243, -0.0032178902152766, -0.07465497058157801
0.059110766009530004, -0.0066533197657388, -0.2532867734302, -0.0012043699698311, -0.0069343516070791, -0.060096917907065006
0.059584436228766004, -0.0060138015879633, -0.24261150853747, -0.0030906403784418997, -0.0047411608629712, -0.067864756157162
0.05656244142515401, -0.0078999897900077, -0.24533834262648, -0.0009265612939073, -0.012980403732421, -0.060599424757191
0.063884805603412, -0.006092129782547, -0.23858375920953, -0.0024065737972284998, -0.0010975714380454, -0.072625140878217
0.052384076559531007, -0.0064046390500821, -0.25520904435695, -0.0006241662982859, -0.011550114462914, -0.06857109176913001
0.071516942997371, -0.0061930784675827, -0.23270634335601, -0.0032480200146138, -0.0010553108420339, -0.06913867247518
0.05336995600281601, -0.006350557532914, -0.23616737561368, -0.0027399202427712, -0.005690691965773, -0.06703695053018001
0.063581082700173, -0.004568622632033, -0.24975517000886, -0.0027220337801093, -0.012500359786318001, -0.06729312168858001
0.052970932438962004, -0.0059395635911139, -0.21975474945449, -0.002442488417262, -0.0056057572426041, -0.06066710122851301
0.067088740445543, -0.0050631474359736995, -0.25410900889424, 0.0014238327170905, -0.0051439976679161, -0.07829650242814801
0.06952284657489201, -0.0054983330061547, -0.23259567338724, -0.0044383119268403, -0.0032861119316699, -0.06575695249975
0.059695983568181, -0.0053895611297012, -0.23092905577912, 0.0001670852337041, -0.0076552509899724, -0.081253346973871
0.061999854326390005, -0.0056502158667501995, -0.25130700405701, -0.0020506479123583, -0.0060519011172711, -0.06544244270671401
0.06274850671069801, -0.0060686517981744, -0.23536844803957999, -0.0006491754724349, -0.0095317109972139, -0.068606993328668
0.051514798025738, -0.0052250088503417, -0.25718804592, 0.0007071782715098, -0.0043225854711602, -0.071569243670768
0.066259725450948, -0.0050156462111779, -0.2217685461827, -0.0048240467347377, -0.0024080528441202, -0.074072253540457
0.052522210668236, -0.0054207065809044, -0.25161906717776, -0.0020219575577907, -0.0076193650983454, -0.072486265873434
0.07111987272544601, -0.0046538075851917, -0.2604692650755, -3.19450344235e-05, -0.0066008864624358, -0.074256754259323
0.063978590574572, -0.0071264371175953, -0.23057164192381, -0.0016051344895905, -0.0050545288924242, -0.07301819874738001
0.060777872159119006, -0.0037706783270585, -0.24595593750919, -0.0005383335223308, -0.0060073981834295, -0.07327906477024601
0.066353098096859, -0.0072620725612674, -0.24709596282387, -0.0028438412375048, -0.0057610435842429, -0.06804738558078001
0.059468844582171006, -0.0045324254531729, -0.23498722945475, 0.0001849303787174, -0.0045852482540256, -0.071395026837604
0.056274841139827, -0.0055642091460177, -0.253888314509, 0.000360544880164, -0.013839614190829, -0.08390624221283301
0.058419866593277005, -0.0052805499885544, -0.23867499717164, -0.0015480797834106, -0.0053866909959503, -0.08050683237476701
0.06537714851428801, -0.0053628167188303, -0.26394081423656, -0.002301767098152, -0.0049859248983005, -0.068026407396318
0.06773332108748101, -0.0053338907541269995, -0.23019770764937, -0.0032861903588084, -0.0034194069392455, -0.07200898032949801
0.066509443896667, -0.0064581499695694, -0.25826033143257, -0.0001097909414145, -0.0064258893755746995, -0.070552800240437
0.05740270047121301, -0.0060796350422934, -0.24363660597527, -0.0048742272187275, -0.0081150538978133, -0.06391236600798
0.05341316671875201, -0.0065963554651333, -0.24524899730587, -0.0018356138256755, -0.0080821537533018, -0.07124596279032301
0.07396851361607701, -0.0040771830923576, -0.25714463439157, -0.0013302689704311, -0.0056052357796205, -0.076911121670338
0.060656848175812, -0.0051458475862793, -0.25015699922883, 0.0006747527303548, -0.0029703489575137, -0.076732547458151
0.06019593740001201, -0.0069609373232797, -0.2429045335699, 0.0008995474787546, -0.0069258290036132, -0.07251194918181701
0.057144407609869004, -0.0068929897675132, -0.26647844542369997, 0.001558217884115, -0.010007297000320001, -0.068821345557827
0.05699914010955601, -0.0066923646011000995, -0.25659013470656, -0.0020300999117451, -0.0059498734011483, -0.07515028066371901
0.060842594879103006, -0.006485848844257, -0.25127757284563, -0.0011991529680604, -0.0051665923558608, -0.06422732128090701
0.048101478748666, -0.0053937229952443, -0.27147673811568, -0.0004880101561853, -0.0019646999101056, -0.074918529009472
0.071915704281639, -0.0060782801191129, -0.25004098589768, 0.00034613674715629997, -0.010474707123512, -0.07342224350487
0.048471977629971005, -0.0056307791109141995, -0.26877019250852, -0.0002971440639201, -0.012921567916091002, -0.068739320922318
0.07129055237520901, -0.0064553852221516, -0.2661296335523, -0.0031925717389259, -0.010317666896244, -0.084794340024476
0.042586061379307004, -0.0065141783779334, -0.22938383947623, -0.0024041416064049, -0.0014891618838694, -0.061015272104721005
0.060834661376977, -0.0059464860161231, -0.2703115683882, -0.0005482324949186, -0.0059527232987515, -0.070369608873817
0.051018966656239007, -0.0059022213712252, -0.2635375945164, -0.0041767107862991, -0.0055260865877037, -0.064104518696265
0.055199612410589, -0.0048787226020061995, -0.265522685441, -0.0006045599660733, -0.011857221355972001, -0.07993397079330901
0.055503864357101, -0.0061970892340409995, -0.25756087854585, -0.0033030729595933, -0.013627997496419, -0.07066397533691701
0.05272156166928801, -0.005991845996896, -0.25758138053877, 0.0001478728090332, -0.0070521695648133, -0.082693056042036
0.058539792094538, -0.0054363440405830995, -0.26290982185098, -0.0003790929600723, -0.010833110354348, -0.078586253238957
0.049933189661266, -0.0075167673391095995, -0.2474848165618, -0.0015612047301846, -0.010520399298113001, -0.070302667062932
0.051195690403266006, -0.0061817742071563, -0.26929231244539, -0.0013006359147075, -0.0085959722261133, -0.073215808731015
0.050896919268428, -0.0061331129846679995, -0.25767936418331, -0.000928200176947, -0.010369034672034, -0.078233883992029
0.051320944456352005, -0.0075607058456158, -0.26400539089406, 0.0003423149323938, -0.007266785135231399, -0.07405216721056501
0.055309263798563005, -0.0056942432096906, -0.25472509926778, 0.0002309326934707, -0.0035493277130458, -0.075852365428379
0.051505818726730004, -0.0067309031807496, -0.26677032362692, -0.0012628176326313, -0.0096383261023114, -0.068117166430305
0.055177735914795, -0.0059455295218583, -0.28212016107553, -0.0013395251509448, -0.011771875086574, -0.067552050781608
0.051544465837752004, -0.0046301807632126, -0.26125485146288, 0.0015444613687339, -0.0054873418479042995, -0.070491314166697
0.054018855484523, -0.0068716234610404995, -0.26480621007021, -7.161696406139999e-05, -0.0032342016940584, -0.070779858398983
0.048444753107543, -0.0053508903459716, -0.27020058659213, -0.0019824576273094, -0.0056706165709394, -0.07441456906865601
0.053587640372727, -0.0056570076803803, -0.27209449706697, -0.0003199562118385, -0.0077742212649441, -0.074200231449806
0.058697935266255004, -0.0064175272257157, -0.27500650069263, -0.0024789118035871, -0.011068891356018, -0.07638448200417601
0.059517155903650004, -0.0078290141427401, -0.25932726138184, -0.0001534644091466, -0.0065414027768233, -0.073872699968849
0.061492283024791004, -0.006375029036355, -0.24530566027919, -0.0010366892524907, 0.0007989162448285, -0.07597095653051901
0.05260904401131301, -0.0067825054163939994, -0.28120232311376, -0.0031889238931601, -0.0061890770757588, -0.080923976598455
0.06434405067656, -0.0069128016282896994, -0.26915825032946, 0.0019062351075609, -0.010115451894803, -0.07706513026814
0.05572819165485401, -0.0055758496238165, -0.27490481354702, -7.1064360287e-06, -0.0082278411854477, -0.08567716706127701
0.053181269673822, -0.0065139879394705, -0.27116549559925, 0.001641844592825, -0.0042480418351116996, -0.075583012099512
0.05207695168818, -0.0060696538673759995, -0.26626003281962, -0.0005318180723204, -0.0085724899399559, -0.07821059016098601
0.058212191420879, -0.0044595450007219, -0.26076298711731, 0.0016572780743378999, -0.0046256514909459, -0.087631604416288
0.060241397945683006, -0.0056531719797521, -0.27016223589015, -0.0002830006195389, -0.012888747299252, -0.083605211032202
0.061199066380821, -0.0071311548953722, -0.27854176718114, 0.0019696017650208, -0.011557793571166, -0.08283802955091
0.058663089528576004, -0.0059244588487346, -0.27260811308238, 0.0020112760691492998, -0.010061324351709, -0.081633858590459
0.060213959241216, -0.0050199395720686, -0.27373104420904, 0.0010742131735216, -0.01150750543235, -0.088659735557664
0.056499038729451, -0.0063629539542304995, -0.26787393594633, -0.001597590228117, -0.0062484444707939, -0.08152876777116501
0.06769393729376101, -0.0058331258627811996, -0.27779530402965, -0.00045876048273859997, -0.009815769592582, -0.08485272162076701
0.061874731592297005, -0.0063434779632829995, -0.27661922616257, 0.0021495920806065, -0.007336909273404, -0.08448287028994901
0.05594597899547601, -0.0063372147749743, -0.27774784920299, 0.0012693919447785, -0.0083915723381957, -0.08154974066092201
0.06713389852957301, -0.0052567923102456, -0.26861632769744, 0.0001938488287961, -0.0053892506503802, -0.08862458115844701
0.062879445027456, -0.0067342358401033, -0.27726956439925, 0.00020336575328139999, -0.015390960899889, -0.07878935654567801
0.068858625048244, -0.0062072516420975995, -0.27636428840333, 0.0001797277302292, -0.014162203036866002, -0.07635421580545
0.06107336211589501, -0.0038112181167364, -0.28116534354546, 0.0013912280006752999, -0.010076634952998001, -0.083322625653393
0.06316751637284901, -0.006523772387606899, -0.28075229178141, -6.44819011065e-05, -0.0066491298200670994, -0.084151649513831
0.067729066446942, -0.0052735828407004, -0.26039533964098, -0.0001589176997833, -0.0072058293828713, -0.082918952662868
0.07080825424637101, -0.0061154219861906, -0.27101873067911, -0.00018099896388, -0.0081822115822938, -0.09252607517816401
0.068494362185956, -0.0050327727047371, -0.26945719957309, 0.0039099541453518, -0.010642055889564002, -0.08957912241683101
0.075642023151374, -0.0039662308118533, -0.27450153755253, 0.0021851777869996, -0.013511959586792001, -0.095736922634544
0.065092566531082, -0.0060309674990193, -0.2778897212122, 0.0022019240588012, -0.0063463711082163, -0.08736951379370901
0.07503201540438001, -0.0050766623612136, -0.27666567785184, 0.0006934714214248999, -0.007717205002735, -0.087359805388347
0.066409926798506, -0.0040084225350919, -0.27241954625433, 0.0022827765402921, -0.008915492659433399, -0.09542469469188601
0.07149959022093501, -0.0068269310397083, -0.28283382697872, -0.000489893602281, -0.0053981581956099, -0.08640432643343701
0.064815337120484, -0.0040624208081586, -0.26787213001869997, 0.0011156982039507, -0.011303483114069, -0.092955220690092
0.061451605209701006, -0.0062791438489904995, -0.26142191993918, 0.0020758039667654, -0.0049146940860276996, -0.09426005693075301
0.07499769357821301, -0.0045349315911092, -0.28335207297035, 0.0005293880824526, -0.0077922426703275, -0.09304615026902201
0.06309251787186701, -0.00531464333627, -0.27578973192738, 0.0018066111353836, -0.0078866900906599, -0.08854861047077801
0.077704763308981, -0.0057443250667446, -0.25921686083264, 0.0004448502327624, -0.010481668703542, -0.09432006744946
0.060183586781741, -0.005755281445617, -0.27580630861585, 0.0042509966958879, -0.0026292437115066998, -0.091791799439272
0.0690882461409, -0.0053355968137207, -0.27584052567374, 0.0015900570109209, -0.0099550153317533, -0.09552492249449801
0.075860216089656, -0.0041160698424473, -0.28519913713508, 0.0015962265002232, -0.0060577938315688, -0.10264176953919
0.069188760668248, -0.0063261498326404, -0.2793941215614, 0.0039705096783876, -0.0082920994778738, -0.09715290892368501
0.06452835199986501, -0.0061261213696477, -0.28181082544543, 0.0038310692606681, -0.013000019077364, -0.09279542121180501
0.05514697895720801, -0.004779186715143, -0.27998287445656, 0.0023976163839513997, -0.014929103566259, -0.10398950537099
0.075527183204351, -0.0059476785620181, -0.27558647473923, 0.0012403049996643999, -0.001788141500851, -0.092146621311226
0.06612581760394601, -0.0054311843152302, -0.27059751818174, -0.001644223067453, -0.0080552814202114, -0.09991776549044701
0.07022947355078, -0.006912811249187, -0.28401234780438, 0.0013643431950608, -0.012716330062782001, -0.09480662448228001
0.057319923613033, -0.0026816200593579, -0.29144279155214, 0.0007613344012223, -0.013906713349215002, -0.09977170856768101
0.071450064440083, -0.0051568133666181, -0.28083104357323, 0.0031927005557392998, -0.013285628494774, -0.09737242675462501
0.06583214077666001, -0.004781582696501, -0.27707783381485, -0.0005263422070492, -0.0079323360865707, -0.09466083010940701
0.067248492533081, -0.0068256852484022, -0.28763337301777, 0.001794001922038, -0.012356067244748001, -0.097034528291458
0.060927833568737, -0.0066789730346231, -0.27807369766064, 0.003377659105925, -0.0078793874003624, -0.094655036943162
0.06422164755459, -0.0061223174048683, -0.28384249657515, -0.000827751162205, -0.012341773586244002, -0.096796169526576
0.063478593033954, -0.0067748495078727, -0.27369381953444, 0.0010226069096776, -0.010477291359025, -0.09801030874409201
0.06425868394518501, -0.0055420417587943, -0.29882816933051, 0.0027582367336413, -0.011071520791604, -0.09721365855023201
0.067587023297683, -0.0068373544915167, -0.28414235424525, 0.0024587558048245, -0.010290650022197001, -0.10135580343718
0.065902734129269, -0.003999621588926, -0.29044892943892, 0.0014313942236416, -0.012486230615675002, -0.095706642528235
0.060604903066342, -0.0057874216849884, -0.28346374454824, 0.0031731595397014, -0.011179219434130002, -0.095484802440695
0.06193886007577701, -0.0052636003713626995, -0.282758353261, 0.0033920891229096, -0.0093033537754124, -0.09734415443142501
0.06998556779699701, -0.0059300464605616, -0.30028992063261, 0.0013913464911002999, -0.0099957795761895, -0.10361366405988
0.064410929041172, -0.0043586021090299, -0.2810754878758, 0.0028580655298148998, -0.0043455113359217, -0.10502767301188
0.057127379118976, -0.0063470671065022, -0.28829471596518, 0.0012085096019036, -0.018580733757698, -0.096166269136693
0.06030888573336401, -0.0038803452321064, -0.293114504122, 0.0013470153810179, -0.014493793109165001, -0.1027271948702
0.051515942895387, -0.0065042856118301, -0.29229228087898, 0.0019437812002318, -0.013182816504309, -0.1045734278382
0.06507578474954301, -0.0067109025303783995, -0.2979946035443, 0.0006917100553973, -0.0031178115203455, -0.09961890087331
0.063444235136667, -0.00385143070545, -0.29129597066511, 0.0016226306703879, -0.014415925767844001, -0.1133971798252
0.062825923109404, -0.0060630155242531, -0.27619536245741, 0.0026846103425511, -0.010914772421634002, -0.1039700224388
0.056789865530198005, -0.0044410285194227, -0.31110967809506, 0.0019061832125367999, -0.014821472634656002, -0.097855416593652
0.064581758079215, -0.0057344970844126, -0.28771858066074, 0.0018118716986197, -0.013057997525659, -0.10657069723518
0.053831539218070004, -0.0063683834122913, -0.30198752902512, 0.0003981665051825, -0.0089261340438929, -0.10084044816786
0.06625032814449, -0.0072344462489327, -0.29719567126428, 0.0016695456939316, -0.0083247116409454, -0.10126819007267
0.06032149981713301, -0.0056033371536317, -0.29661546076625, 0.0015127502645835, -0.010624478271431, -0.10277862426096
0.067086345153907, -0.0055238473460011, -0.2984458537184, 0.0034399760249533, -0.012693170021168002, -0.10050206317027
0.067893874641393, -0.0064613312981692, -0.28776094201524, 0.0048148320086314, -0.0073600833894029, -0.10604676388661
0.050756099480676005, -0.0050344761683539, -0.3149921861658, 0.0043258675680881, -0.0069563282086009, -0.10295817662873
0.06324293492161501, -0.0068149242914973, -0.31098406252679, 0.0016710374698178999, -0.015019666215467001, -0.10668494064398
0.061857412291838006, -0.0043897287811828995, -0.28875297619384, 0.001296520539504, -0.010294695219265002, -0.09612693304750801
0.06950768865335201, -0.0063695756076107, -0.30995336525786, 0.0003215209238696, -0.013840034247080002, -0.10270729060751
0.060961542660062006, -0.003974370287473, -0.29059888970626, 0.0054803840810448, -0.006978363041141, -0.10458421505951
0.074185297503279, -0.0060177331448905995, -0.29981274685619, 0.0022080725086648, -0.013595288012031002, -0.11433787915601
0.06840879973366601, -0.005168345982167, -0.28911778210194, -0.0006170950558855, -0.014654020521649, -0.097982232188105
0.068603144503575, -0.0036202911207709, -0.30082871621987, 0.002962180312672, -0.013310120192467, -0.10970816589761
0.063737665852718, -0.007790700358556, -0.30221336282333, 0.0015207400960749, -0.010984736513001001, -0.10321803820128
0.063063269431451, -0.0049312956405617, -0.30609249998873, 0.0008724552349173, -0.011417167950637, -0.10672811164534
0.070793281908927, -0.0047713102775127, -0.29244617429427, 0.0010242979047689, -0.010829484421706, -0.10243751086828
0.064200228753911, -0.0062908327601686, -0.29132726802599, 0.0007832111944506, -0.0090530240846798, -0.10684544929788
0.077517526246795, -0.0068220924024236995, -0.30071792653826, 0.0012315686513318, -0.012650460948055001, -0.10468246190907
0.064632920247984, -0.0033246620201779, -0.30531706812235, 0.0026589372180146, -0.011882466792754, -0.11197541566173
0.068814010452262, -0.0061182923456542995, -0.3043782893326, 0.000495212496642, -0.011409386277647001, -0.1052577327352
0.06476774198705801, -0.0058228171166924995, -0.30087182707093, 0.0051584521910876995, -0.0083527770966207, -0.10850734096952
0.074416256089403, -0.0047936051389491, -0.29350770041733, 7.60676401188e-05, -0.011295294082967, -0.10412563253768
0.07317963949046301, -0.0043934296292981, -0.30082453735389, 0.0048348631810866, -0.010517965098466002, -0.11026672397964
0.080549093123558, -0.0042387394431511, -0.31532721225829, 0.0024007661055695, -0.010683776398942002, -0.11219100372386
0.06853321209603401, -0.0052765756221721, -0.30655080834194, 0.0050505580858928, -0.0089481596047022, -0.10740026452608
0.064153197486376, -0.0050931607162123995, -0.29491362849285, 0.0022241989511110997, -0.0084541470655911, -0.1121639875797
0.07946513896886201, -0.0081832994557968, -0.29422168662861, -0.0007122615142405, -0.0063262840373659, -0.10503219736547
0.067394955934942, -0.003966746455645, -0.30666736203444, 0.0025373564420399, -0.011254994346634, -0.10743972243296
0.076872157620281, -0.0063576525446147, -0.32326557850562, 0.00047088987000049997, -0.010552017344913001, -0.11421208765892
0.069013834251375, -0.0045375698005016, -0.30401701053384, 0.0024628900252263, -0.0061046652758308, -0.10935301198379
0.07829194019095301, -0.0052161991145487, -0.29850608407409, 0.0032194351521884, -0.013167087550744002, -0.11072219168341
0.072820750838007, -0.0040558233529802, -0.29698795430353, 0.0017331296973376, -0.0064651293234988996, -0.10991675999097
