Pichu
0.0, 0.0, 0.0, 0.0, 0.0, 0.0
0.075309705352434, 0.0041812244424262, -0.09120216874259801, -0.010343586039283, -0.058585442473712, 0.018536286692902002
0.085913480843191, 0.005285340601006, -0.14798560568183, -0.0034649028533641, -0.058218191439438, 0.016503533165106003
0.042006281713221, 0.0027429014389395, -0.21980206428402, 0.0006297782446491, -0.020840881208438, 0.023094587620369002
0.033199085954787, -0.008669889786052199, -0.10934240178632999, 0.010112257790527001, -0.041522490692593006, 5.7653872907e-05
0.076282915173621, -0.0082266900707648, -0.049448694928248, 0.0040762852817793, -0.088302915365151, -0.0073352319788985995
0.057101788835982006, -0.0045651086443027995, -0.19576793485831, 0.0116191397153, -0.10194920159853, 0.0028934864136384
0.038401618946601004, -0.027134482270835, -0.078812274282598, 0.006500234441458, -0.07312875957258401, -0.011436174519049
0.024407440477684002, -0.011558482806564001, 0.1922718801385, 0.0095273384563832, -0.086373824361976, 0.017528756126283
0.015028960287384001, 0.0057481615340192, 0.44553211571243, -0.025027233963998002, -0.075678443885989, 0.052844739392365
0.10851729213826, 0.010313848017506, 0.23708998219371, -0.049025105000080005, -0.013511501484077001, 0.083015851715892
0.030350812144742, 0.07718608293851101, 0.34040505074603, -0.039400420945032, -0.15037547587392, 0.15390930396431
0.044371334052264004, 0.08009546180502601, 0.030804081770828003, -0.038198485162588, -0.14564229163502, 0.16137632532449
0.039886258951329, 0.034467056440953006, -0.11127534412246, -0.06214238591493001, -0.14511489171981, 0.13109611127077
0.11241417306486, 0.035063384737929006, -0.078530901112912, -0.053126452170869004, -0.08567962194678001, 0.084187242920273
0.12349801220919, 0.039350698073863, -0.18303370107682, -0.035503293014421004, -0.0779032093401, 0.083990827293087
0.17326820457096, 0.045273568003015005, -0.31044275602588, -0.015082325523965, -0.095713843018619, 0.084672672742403
0.18379181696951, 0.039197419230892004, -0.33743643415881, -0.014504408279291002, -0.11715927489428, 0.085345191815031
0.19195073778654, 0.037120983289673004, -0.39605898387467, -0.028714174145922002, -0.09878970260637401, 0.090941074433613
0.13976732632206, 0.018945129115986, -0.28293139277769, -0.009542504478859, -0.074749694798454, 0.07974757648809801
0.15645777479024, 0.024552344403476003, -0.26060175541372, -0.026467047713205002, -0.067495146422526, 0.08733401344390401
0.16683862644415, 0.030014888057254004, -0.24688142857734, -0.0079755715544203, -0.08467933989246801, 0.091072849209998
0.12583975575408, 0.038141285033083006, -0.38039031462086, -0.010928744343541, -0.037757677750131, 0.08804401301275801
0.11785097854107, -0.034028490808681006, -0.28961187073704, -0.048358196847237, -0.06954937193170001, -0.048795867664849
0.14407503279786, -0.34655693786471, -0.17795173409537, -0.36448333135296, -0.003893250006867, -0.67911690187508
0.1586585661432, -0.11334962794485, -0.53025073052765, -0.32005439277025, 0.05752295594960401, -0.33653728351901
-0.06583853738787901, 1.403849168862467, -0.53776787156955, 0.17754044534784, 0.20994718661827, 2.6461221072852075
-0.069263748749155, 1.2365519808954217, -0.61538132942202, 0.038357908511468, 0.26912180373517, 2.440855279738652
0.20977480228981, -0.28479482534514, -0.41219702199772, -0.4721615675387, 0.15145261335714, -0.92073403735313
0.1987945072197, -0.12506170743145, -0.60431352814695, -0.25748055332944, 0.26028436494293, -0.7101962905241
0.035574746139863, 1.6466047138283422, -0.58235349868947, 0.5146846297636, 0.39906203918823, 3.233101330942101
-0.058413547976626005, 1.55948077938978, -0.73416669292536, 0.28127232397602, 0.50476453695014, 3.295100700409
0.23631194144583, -0.40410284519297, -0.5921439891772, -0.65470921683724, 0.25587439553412, -1.2048237381385625
0.22062615869474, -0.63970759304814, -0.85843176934414, -0.47825021693173, 0.37321680849539, -1.957977463580515
0.13765482340472, 0.90739291371572, -0.57794892589035, 0.08893408549847401, 0.40183389648981, 1.7791806922418807
-0.027555085304221003, 1.5580474858050959, -0.67014928543573, 0.21224173323005, 0.55679252158615, 3.4859826058024437
0.15339184173064, 1.2556708270135348, -0.89727644674998, 0.11744562717997, 0.77158998779935, 2.877893126139357
0.31511302770811, 0.92455143145929, -0.96471226422262, 0.12174212028326, 0.69001380725254, 2.114866907134157
0.32141263680697, 0.72745458021952, -0.83722948191337, 0.11792945365704, 0.58600878220247, 1.6375738878597592
-0.010060817800678001, 0.53510729388844, -0.22241957658205, 0.1223590448706, -0.30333833668642, 1.146547720309341
-0.95759467977567, 0.42085567929955, 0.48251367722848, 0.036705786518312, -0.62523099483131, 0.95636378013677
-0.83994200284343, 0.41111013426265, 0.34224484933392, -0.024698928093922, -0.31295408393701, 0.85721092417566
-0.51627219117842, 0.42914088773612, 0.35757958948405, 0.011797831569687, -0.53932048141057, 0.84333514012489
-0.28796392653725, 0.42981027806889, 0.22282115776621, -0.053613430193506006, -0.36445713109582, 0.78639452664639
0.23879385519968999, 0.42721688493975, -0.48014720742317, -0.027774329142671004, 0.15925570180207, 0.66398394954404
0.32640024965415, 0.38235886376106, -1.7122807129807471, -0.07425192036137801, 1.278910505507217, 0.6532632003717
0.26839361572886, 0.3774300940949, -1.0420266669867562, -0.0001444894359536, 0.56279604486103, 0.69589142442645
-0.28398033280279, 0.35972901891043, 0.017428675292550003, 0.07204324870980801, -0.44907519729688, 0.74435454609056
-0.62225760692699, 0.35648597815431, 0.34185782727895, 0.050335493329952005, -0.47684607097212, 0.73640670730857
-0.38659974869013, 0.37707964906494, 0.18598826652322, 0.09384503629094801, -0.48710075829292, 0.76200770045458
-0.13391344299345, 0.40545234984887, 0.0078431098879264, 0.078260059737547, -0.21429287272513, 0.7746453148873
0.30464080653796, 0.40368138902682, -0.6231392915894, 0.10057673600051, 0.30639440837849, 0.6865689428529
0.42182888771453, 0.30869666145823, -1.4511523878941395, -0.09279675220682301, 1.0617961350483884, 0.51569915607283
0.40304859705967, 0.20059208782884, -1.5104351488217596, -0.16588158144715, 1.1042724193430653, 0.37840314706339
0.41291291661039, 0.20091626058214, -0.71318552761256, -0.08225155263280401, 0.24414650466113, 0.38453961129543
-0.18776481444521, 0.20295555260004, -0.17753854865575, -0.11423232038466, -0.45346041745247, 0.37915716756026
-0.14201573549901, 0.18276557978303, -0.45310337754511, -0.19827473870188, -0.45020467041667, 0.32698169330116
0.22182822669405, 0.014424034566199001, -0.85450470963894, -0.40492332279585, -0.3845563773179, -0.07613638229815001
0.67700930669213, 0.014657772421201, -1.3743926697309174, -0.49321626777344, 0.43530574522626, -0.08148885128866501
0.50080242425401, 0.33410158972724, -2.058502720381049, -0.44114986010345, 1.372916589219024, 0.81285286135477
0.54887416574422, -0.26754396533389, -2.319311517212104, -0.62508703437342, 1.652413742528733, -0.50605895778609
0.56765676033823, -0.66184240323975, -1.1456231431883255, -0.22596924790184, 0.45990445983479, -1.7568412482077762
-0.0019300620054762, -0.074585093491673, -0.20868867591185, -0.060336032046696006, -0.12092201531574, -0.27663478833199
0.041633462049005004, 0.72335896000102, -0.54419957159035, -0.1649049095787, 0.55050000981087, 1.7474499495262958
0.51004686197303, 0.73945870347724, -1.2467361012719895, -0.23922754688432, 1.1324629961306523, 1.7057415397197782
0.58455607499485, 0.78935055908096, -1.8233539906179486, -0.20542674756535, 1.8334074158311664, 1.6898800848485
0.56266053700826, 0.43670123157946, -2.0625674842627655, -0.33124560802927, 2.3878687763379483, 0.95945093897472
0.67071023143352, -0.46296123640627, -1.4527331380031026, -0.41229782634527, 1.3952623978894083, -1.3291974751383937
0.37468773579354, -0.89000133536812, -0.95874800585963, -0.3948740526079, 1.1690885280507153, -2.5248002610553586
0.46873309717535, -1.0947670803519531, -1.5697061636943226, -1.0555763545595003, 1.746360660835061, -3.258947774648603
0.4736642825489, -0.71520959208078, -1.9315980438547364, -1.3928204862940141, 2.323212716044947, -2.3197525298511024
0.26809209845388, -0.14802252752948, -0.57104335656212, -0.94920049991121, 0.6687170188441, -0.63909141717577
-0.51317454166715, 0.78673161405411, -0.3372082008696, -0.78092819283815, 0.4050434173189, 2.0628229560020896
-0.68823992267451, 1.5414872330695482, -0.72507004251115, -0.53407982484264, 0.9552360732653, 4.028745428969495
-0.29100855154411, 1.5469843249178679, -1.2790130695959654, -0.8046951142544, 1.5280333827881167, 4.027014989303228
0.14710696478459, 0.70555047411412, -1.5728599216294123, -1.4383746920561085, 1.9573631162935379, 1.670518733700399
0.37113615558737, -0.24313909077047, -1.5190300774850591, -1.897675388102855, 1.8345133226877852, -0.86516466239191
0.27881495450396, -0.82298619176782, -1.4498716307090167, -1.5888341629136744, 1.338343772139988, -2.407810104267549
-0.1393860910747, -0.97870739912854, -0.43764006338115, -0.46311864340662, 0.38061092626593, -2.6287960952945983
-0.46047942989557, -1.0274074584230715, -0.3428987617976, 0.0033017054013281, 0.8345424235196, -2.3999069096989474
-0.014312288429047, -0.99890232941599, -0.72485006941714, -0.37215018566106, 1.252885985854716, -2.369667683836075
0.32698752405692, -0.67344637608582, -0.9807303732425, -0.74603366436211, 1.41295233808191, -1.470930367170445
0.34786275377742, -0.051510633659408, -0.84182518047537, -0.56369402952653, 1.4305128255541228, 0.21157810598635
0.015517468849514, 0.59150189359054, -0.08145019654744401, 0.049521342867963, 0.5472302926077, 1.8685206178763811
-0.66957828716588, 0.99715344494488, 0.33335761405174, 0.33422054671423, 0.56318545003152, 2.860290446089247
-0.38241542702479, 1.3704930129513577, -0.032415111518235, 0.23790323057589, 1.0162060213405888, 3.4162130258961505
0.25428498633156, 1.5873147962035365, -0.62282238660805, 0.31695800874756, 1.4994506880674163, 3.694099031912711
0.3674359611084, 1.2839723492902557, -0.83790511888603, 0.23770131084537, 1.6948572020835537, 3.0594950364214095
0.50147068668845, 0.69803135652327, -0.44693075087658, 0.21525105930006, 1.3622855221884824, 1.6378362718779493
-0.08149788474802201, -0.0013846617947787, 0.28095527328604, 0.59792285610322, 0.68119484624694, 0.04311784378485
-0.45780006650676, -0.27181287765118, 0.41376972734285, 0.31934657379576, 0.74554046968848, -0.96238755255673
-0.036074641838899, -0.40167604709396, 0.035087958737159, -0.40054450590662, 0.91691877527225, -1.7852090777468534
0.41157344188982997, -0.4913797031251, -0.60004787164733, -0.81433780260976, 1.2118319520915941, -2.2391211083179567
0.52663869878832, -0.12717583630131, -0.7436192192414, -0.40427501612327, 1.5089977147344051, -0.82415932667603
0.41217849725728, 0.42902709272305, -0.62000165666846, 0.47447594080808, 1.074360214967145, 0.90411829382332
0.017450634732846002, 0.72910860125535, -0.024683115318966, 0.97372001749691, 0.49559401557229, 1.3759685300960387
-0.32862054781449, 1.2547827514437995, 0.13249341722035, 0.7209622878888, 0.81839752233801, 2.3822843871218193
0.09314641492797801, 2.0192507245935354, -0.47955629503762, 0.65764281761416, 1.388685491276934, 3.9309003766871125
-0.27518514073642, 2.4593961514773532, -1.3140525119684368, 0.47523778296195, 1.6011191102880242, 5.434355608703065
-0.38117106030461, 1.8727489343281285, -0.011610592399041001, 0.069030179574722, 0.56793751224794, 4.403731914359758
-0.091971947633916, 0.85076537196502, -0.1946208341636, -0.20729760469019, 0.90968147505684, 1.7591632525567331
0.36780845042459, -0.07616808391521701, -0.73408327595943, -0.47441647174753, 1.3151820314926657, -0.19761998492704
0.42119295988019, -0.53922161807029, -1.3964048649752323, -0.34498575656188, 1.7069012811199038, -0.82592138975311
0.22817652790268, -0.69776384733606, -1.5625321402662251, 0.07807693789165501, 1.5877290925847745, -1.2232759020010833
0.062839653171868, -0.70800302013362, -0.48066285269043, 0.58456972704488, 0.66054155815891, -1.5318425209571578
-0.13542974013291, -0.44892957298929, -0.40363587566942, 0.63893730804338, 0.83878016713138, -0.91390581030396
0.1342825001759, -0.20025026885676, -0.47121880322211, 0.69077088371681, 1.1759633268990404, 0.03708920271391
0.35339544027604, -0.35874384574486, -1.1855372657683838, 0.36968811068326, 1.5096650714414326, 0.02113030535394
0.37737174589157, -0.5696963021287, -1.5367951942094442, 0.12409550132359, 1.669390792646443, -0.25241197057887
0.33424687659171, -0.24179297593665, -0.88959841484487, 0.36848550230737, 1.039511202889292, 0.41805210632293
0.21044747515544, -0.080534209318409, -0.75342077297005, 0.32301558321362, 1.0709918713784727, 0.64849317868089
0.33154139413858, -0.049067549048272006, -0.85871435452255, 0.39537533950793, 1.0175135594640814, 0.61802245013591
0.34153592030885, -0.025062725492978003, -0.91609717819257, 0.37969205132164, 0.98711422825888, 0.60310346687
0.34770567784722, 0.034160917475301006, -0.83404802922948, 0.40164154642802, 0.96974769206083, 0.61616379658544
0.36028651008482, 0.055995923539559005, -0.60825939924686, 0.36997569133174, 0.92023784900665, 0.60229925465781
0.30658559513306, 0.096213164500745, -0.56388040410571, 0.35599027292671, 0.94553861419687, 0.61270102382733
0.34967741026023, 0.08949250410303501, -0.54005376492582, 0.34372463480168, 0.89889898097277, 0.5816894415676
0.42263645840042, 0.09652185870561901, -0.67755077806532, 0.35897675350684, 0.83479294660158, 0.58808454820851
0.44727477876738, 0.10485363532491, -0.65306323901732, 0.34183698655873, 0.83613083472013, 0.58816158093329
0.43700610004174, 0.10558302665039, -0.66787103873555, 0.34459075469334, 0.8379090955894, 0.59114374372373
0.43197713296903, 0.10315926726703, -0.60674244258697, 0.34316377298626, 0.83637313188999, 0.59092339673873
0.43284007888149, 0.10481475282445, -0.57221816549453, 0.33223893525638, 0.82622292373982, 0.5774559734247
0.38986104305045, 0.12066304662843, -0.53196782369374, 0.33992507768452, 0.77163792571684, 0.58922527649675
0.37303836627186, 0.15128241504663, -0.48828410471579, 0.31034715524954, 0.83905573321963, 0.60168770202788
0.36152426300918, 0.141415173084, -0.50387205932416, 0.31659988954139, 0.78681011758471, 0.60695333507176
0.28830068108017, 0.1483253025778, -0.44634030862068, 0.2909795464203, 0.85302637958592, 0.6287762911186
0.34931655883211, 0.14511669542239, -0.44544030890208, 0.29911686632166, 0.83869029218832, 0.61074917568147
0.42790753055807, 0.16031390653795, -0.48385961883061, 0.29847695882437, 0.79661456321806, 0.6124816953735
0.46784650673968, 0.16910493506002, -0.6019765291859, 0.28896693691995, 0.78686557590975, 0.62252366190711
0.41511444182909, 0.17362715294127, -0.3893985071301, 0.29983299095147, 0.7828699784303, 0.61932358197837
0.430946196177, 0.17927732540956, -0.42668026313625, 0.28221760662015, 0.79370493963032, 0.61875266492153
0.38153575789651, 0.1569945371623, -0.25114426498367, 0.28074580449394, 0.8036364597171199, 0.61209230972701
0.41766460321613, 0.16520871070323, -0.45014952926016, 0.27218922213465, 0.8199481869746, 0.62058069565806
0.43807509247137, 0.15957994889042, -0.46579126188033, 0.27847903009013, 0.774302892967, 0.61757640671597
0.4917015916186, 0.16626029016872, -0.61049098511475, 0.27760117453805, 0.76139696925581, 0.62132264557137
0.47835919435608, 0.16462191095464, -0.59762923635663, 0.26875022650729, 0.77359323308868, 0.61375283729358
0.43989691579904, 0.16093744949611, -0.57782957017766, 0.25826263442491, 0.78194673056336, 0.60139941701586
0.42995378537965, 0.15150997519891, -0.50527740750654, 0.27192857056073, 0.77332352866671, 0.59690047212863
0.42238817007951, 0.14951603272804, -0.53785810375863, 0.24673567048318, 0.78441978480995, 0.58404295000873
0.38775858191342, 0.13775035565303, -0.45188176638338, 0.25163199205927, 0.80209497853805, 0.58709313346989
0.36493100429194, 0.15897995911273, -0.64986454838052, 0.24725796371374, 0.84687022178559, 0.60502492229229
0.38753643078193, 0.14653824677527, -0.49846210914321, 0.25258017555458, 0.80691008361771, 0.58419978137694
0.42386472612306, 0.14886132547953, -0.47862067342937, 0.2517670622086, 0.80724640018677, 0.57455558223155
0.44371577865534, 0.14910352895356, -0.45662217159509, 0.25802240929646, 0.80866592780842, 0.5756629192116
0.4293561128934, 0.15032551545158, -0.44023137152261, 0.25730850889729, 0.76638337670579, 0.56636637109099
0.45435585176736, 0.14824356778651, -0.52246536613814, 0.25653863606327, 0.73990494266858, 0.56625285269425
0.41761680084347, 0.13511110072474, -0.44636173625013, 0.26591779446357, 0.76918721508761, 0.55732235880071
0.44585911341748, 0.14112956123492, -0.4442365712023, 0.25427879173374, 0.7819074720829, 0.56703848337466
0.45222140306264, 0.13851438691386, -0.42640142388889, 0.25526068521172, 0.78125793456984, 0.56099224823869
0.45362210403097, 0.14154172558672, -0.40366689969359, 0.25940927192791, 0.79752238971132, 0.56230937963284
0.45588820733372, 0.14476902228761, -0.38373019392718, 0.25535463230418, 0.79273802121581, 0.55266831834319
0.42255908899364, 0.12870731475869, -0.33240023767412, 0.25939186390578, 0.78625812512, 0.54122617282968
0.44484986703342, 0.14036149406892, -0.43477097228596, 0.24690193808489, 0.80167128665663, 0.55061486360346
0.41483174199817, 0.1281096725877, -0.35382637996413, 0.26059908813188, 0.80930487268256, 0.54538325255827
0.45160613428461, 0.13035203805042, -0.38298621714843, 0.25561008411894, 0.81026201110946, 0.54868905085072
0.45538391465304, 0.1240364592336, -0.34427086742642, 0.26281857462375, 0.80375715314223, 0.53801464841951
0.44941664313769, 0.1260467783844, -0.33440842629675, 0.25188184820557, 0.80471191007804, 0.53846129700973
0.44549370088931, 0.1196672928788, -0.3342196832637, 0.25695794380185, 0.81765753777244, 0.53384244232586
0.43460304034105, 0.11680614130258, -0.32481994279322, 0.25621656678049, 0.81749461493358, 0.52179746422204
0.4286518935972, 0.10725014710255, -0.29517218299605, 0.25894875892416, 0.80391349015821, 0.51753210415624
0.44464305601105, 0.1024694497578, -0.34140552884984, 0.24171559780591, 0.8151922746111, 0.51071033902291
0.42426983265308, 0.09947191343174701, -0.36570778281249, 0.25964375078608, 0.8108529287603, 0.50378561955806
0.43425148246825, 0.097318449625185, -0.33434308737456, 0.24736759161711, 0.79363663230149, 0.49768157852394
0.4267505098167, 0.093757798791509, -0.31820725940003, 0.2565989782676, 0.81688528535352, 0.494753271658
0.44120450606812, 0.08964280965768201, -0.30051510390118, 0.2484697273101, 0.80905886038007, 0.49065622076199
0.43164437739478, 0.09272602648452001, -0.28367433236387, 0.2407367315659, 0.81548647668177, 0.4829432346912
0.41932744540509, 0.09690473512705701, -0.34891049963242, 0.26902813541182, 0.82206566515229, 0.47820526215039
0.40988366296345, 0.09310006376552801, -0.33231536389947, 0.25038862634434, 0.79652977652513, 0.45194987081447
0.36743991961459, 0.09595751287880101, -0.4076798556702, 0.24691312118055, 0.81903168977277, 0.44444929461088
0.38770404616157, 0.079052537548998, -0.35996988302053, 0.25143882509973, 0.82031087793108, 0.43187733525168
0.43767678773887, 0.06979644901932701, -0.44921796786994, 0.23710846716666, 0.81021555335826, 0.4241047080883
0.43473227178766, 0.059536710305814006, -0.42750866945484, 0.24041199504332, 0.81624058255034, 0.41222876194664
0.44109928428636, 0.05433684880902401, -0.36944719660459, 0.21941853724795, 0.82057645477067, 0.40288698412274
0.41313410588122, 0.058278862756482, -0.33550737957749, 0.2301077516433, 0.84048948343201, 0.38303394089972
0.39770485196066, 0.037638583373197004, -0.22086470281817, 0.23453343125567, 0.82821761219046, 0.36703467921842
0.44828806595894, 0.070942526901402, -0.45935296058805, 0.22168730718565, 0.82638578061049, 0.3754657465195
0.39874562284872, 0.06499419776394201, -0.41074777220954, 0.23651729722537, 0.82237461576588, 0.38220002502505
0.40172777416358, 0.064778685089992, -0.37212074692671, 0.23506371402599, 0.83411903526193, 0.38473530222952
0.38052430841817, 0.05203793099027, -0.32874235231428, 0.23146333125826, 0.8746715494853, 0.37596420677478
0.39632732928905, 0.059325788844419004, -0.32289642593133, 0.22342998302373, 0.87584379840786, 0.37927256843808
0.40647686933325, 0.053719348952543, -0.37586011053678, 0.22744447804899, 0.86803658795923, 0.37393888908932
0.40325174487011, 0.054354032583674, -0.40077804437834, 0.23195311958445, 0.84528602301506, 0.3753257624911
0.42206914075001, 0.065437890450667, -0.43422412929391, 0.2469588858147, 0.81698322546818, 0.4019550482402
0.35497533524637, 0.06188777997597401, -0.37194258357058, 0.24056606211935, 0.86673431638945, 0.39169849484894
0.4520316487793, 0.042851176366351, -0.46137617012691, 0.22042000006031, 0.83409439687564, 0.37512428246756
0.44617496453104, 0.037829706638117, -0.41769627134567, 0.20331733407363, 0.86787552361053, 0.34893512734387
0.47983613223529, 0.039415493040015, -0.46552993167134, 0.20724588913017, 0.84501604914615, 0.36307710389841
0.47787654880044, 0.040565775366600006, -0.47780683536754, 0.19616300237246, 0.84774982221397, 0.35679603012505
0.4920773947337, 0.040736995344243, -0.47657056508425, 0.2065373028975, 0.84878448543497, 0.36343659461217
0.47216597890595, 0.040758081361041004, -0.44612999340382997, 0.2136617139935, 0.81790081269455, 0.36415116247073
0.48518802134149, 0.036843038840040004, -0.48009219608453, 0.19930000754967, 0.81501309238975, 0.3624174060637
0.45055152445912, 0.024905447572938003, -0.5044325161087, 0.2056861577669, 0.81275456427713, 0.36024874619322
0.45059282900625, 0.026476193215373003, -0.45853193774617, 0.18220773455043, 0.78398761919555, 0.36955510025489
0.46697601789864, 0.028068783892941002, -0.5397477607457, 0.19322921001585, 0.79900950389459, 0.37570756238533
0.4660238435277, 0.023164794919983002, -0.5161878534534, 0.18924207331649, 0.82793311928194, 0.36300827627613
0.44674259421204, 0.024842075496605002, -0.50026634190183, 0.18453818758654, 0.83918240867403, 0.35050601319544
0.42023731485222, 0.023338886398611, -0.3314452402105, 0.18122000774854, 0.8270409887476, 0.34905018838442
0.39351625583428, 0.013910298432364, -0.36151586306045, 0.15941468703858, 0.85015977362524, 0.34504490978417
0.46014771643341, -0.0005683280453827, -0.45729946632185, 0.17614291210131, 0.83150180404097, 0.32960480858298
0.48009302675271, -0.0039684589854997, -0.46112656462211, 0.15387465950055, 0.86107114361673, 0.31214274148252
0.46840317218995, -0.0079102675528298, -0.54785277080811, 0.15021168082647, 0.85928834867305, 0.32458777519771
0.42027995640688, 0.0069656176307087, -0.48178737590271, 0.14719448524339, 0.87222086711127, 0.3314026122217
0.44536095382297, 0.0060827046287125, -0.4416184832187, 0.16655074229388, 0.83598115639116, 0.33556846953375
0.46596754300357, 0.001577587818474, -0.45211120363301, 0.15123699650119, 0.840333218332, 0.32676171592596
0.46903842713736, 0.0014754398072232, -0.45838375446407, 0.14677736105281, 0.83326333489342, 0.3243259919019
0.43323345204324, -0.0057195092075902, -0.43605234221035, 0.14910692914729, 0.81265215088563, 0.31226640994887
0.44975837972998, -0.008524441814453599, -0.44324147593928, 0.14749315464623, 0.79660272693443, 0.3113417900219
0.42743457457192, -0.0097594029634756, -0.41465995253134, 0.16406471177065, 0.81314131896422, 0.32128040446795
0.463595783142, -0.0048353748284083, -0.43386175364444, 0.16264668070786, 0.80920214689794, 0.32630232739723
0.45266923509166, -0.012622191082125, -0.41612824847883, 0.16323728862267, 0.81842639662087, 0.31554892576879
0.46173898772738, -0.010138638865568001, -0.42537437880033, 0.17680109784024, 0.81198561266515, 0.30983229507372
0.45407490284801, -0.017014814053237, -0.40091304272905, 0.16894172291212, 0.81188979476549, 0.30540169286634
0.45152856734987, -0.021481362143346002, -0.39865680657228, 0.17886138011439, 0.80419159759895, 0.30286721013625
0.45645486179714, -0.029604828003581003, -0.36562580522434, 0.15484028859798, 0.7841832460302, 0.3027041514104
0.43328729085793, -0.023425984359525, -0.48647849713983, 0.13514232983189, 0.78268789029393, 0.30698699021847
0.4409505894027, -0.036278335476559, -0.41463016673228, 0.14019778819393, 0.79992562689099, 0.29393384127314
0.45001485748074, -0.035559053915866, -0.36341297700465, 0.1360210114964, 0.79085765368963, 0.28161574813707
0.42937472476725, -0.042018024869497, -0.34717242255761, 0.14393676266731, 0.80035406662552, 0.28217738984535
0.44265890507721, -0.034052210623665, -0.34863435180468, 0.14387047694149, 0.80113967499504, 0.28594696451325
0.44740398491732, -0.03580436293774, -0.34884961370021, 0.13973074612958, 0.79911528646301, 0.28190214174511
0.42524972953202, -0.04369964870573401, -0.29274074707713, 0.14357818802957, 0.7985004176125, 0.28196490813814
0.47082599903251, -0.027101138011749, -0.46034308845947, 0.13260560079631, 0.80849691012411, 0.27168902892424
0.40370315215287, -0.035439777387915004, -0.29510069575853, 0.14214880525959, 0.8191968919216, 0.26764816916127
0.40562852421107, -0.035453078549613, -0.2319385667549, 0.12451873641807, 0.84247496825469, 0.25611763178476
0.42534665592062, -0.043446731365512005, -0.21487321252797, 0.12700000067987, 0.82236697138045, 0.26169034881081
0.4672159982732, -0.037701070516477, -0.26896582463229, 0.13290429364861, 0.81342502981248, 0.25323272946122
0.48060544265011, -0.03652196553781, -0.28659776964581, 0.13080300326897, 0.80642512808245, 0.25346841018566
0.50968767843317, -0.025341942917072, -0.38892112964334, 0.14434923616109, 0.80268079472878, 0.25429808301497
0.44559156683688, -0.029326818073291003, -0.28744867639464, 0.152063657319, 0.81492817733214, 0.25123139494902
0.52693115848352, -0.022428108818733, -0.56114287093152, 0.14091910889823, 0.80701494082874, 0.25614709598401
0.47377849981728, -0.038691351266726, -0.47502866000983, 0.15758259411449, 0.80170299244754, 0.24763414112523
0.47249751215706, -0.033900174573638, -0.39471659823852, 0.14523782086904, 0.80700678809682, 0.24814882861475
0.46445132956067, -0.037026761763586005, -0.43433838348129, 0.15236766824852999, 0.79891585166764, 0.24382175786274
0.46759794136439, -0.032322380985988004, -0.42621409202378, 0.1547159235731, 0.80713819493499, 0.24266054230331
0.45568779941369, -0.028987045347786, -0.47580675834608, 0.16371958453261, 0.81287151304627, 0.24988637566442
0.46164816006709, -0.033525692666033, -0.40964526171989, 0.15507962367215, 0.77143824913643, 0.24137672438661
0.40488642991822, -0.041955966136491, -0.51355950265809, 0.14373107134104, 0.78978798533714, 0.23866712707618
0.43070669448534, -0.043065248113814, -0.43732638813431, 0.14963191440016, 0.7943858247129, 0.2465910304117
0.42457824227237, -0.041365232166560004, -0.45089681083273, 0.15930645612912, 0.80350524505699, 0.24291862053568
0.41661788031167, -0.046658519452103, -0.478653034387, 0.15442823269345, 0.83381512201089, 0.24939335601347
0.44041152972893, -0.044194236375077, -0.43548119720169, 0.1564255419684, 0.81180750708734, 0.24620150946597
0.45119385244958, -0.052662711467138, -0.41113920932549, 0.16373175715602, 0.80459826983534, 0.24377576470237
0.46131027624694, -0.049903861813425, -0.39982572050968, 0.15715511836263, 0.77557424835122, 0.24794697256089
0.4345865444906, -0.059179230979325, -0.45194891634418, 0.16527358944407, 0.77050649748364, 0.23359286974583
0.43885530904701, -0.05848993211948501, -0.40502928052417, 0.16005693118634, 0.78869528017199, 0.23467935156342
0.45957463352628, -0.054654724685694, -0.45416008126959, 0.14111097487134, 0.8015066699067, 0.25312751268096
0.47090565305181, -0.061042922164890004, -0.44827912355798, 0.16244920121583, 0.79954103331467, 0.23908463318971
0.49228984696197, -0.051635230131499, -0.44263919277253, 0.16106323341963, 0.78141817070312, 0.24253713838557
0.4980161040713, -0.052430593266564005, -0.39365076505674, 0.16874622926153, 0.79114804876885, 0.23811642973992
0.4864394321457, -0.05642017330863101, -0.41140830189512, 0.16565851294235, 0.81520962290559, 0.22607444582523
0.48035059895209997, -0.064139868598622, -0.36423092445002, 0.17070998315561, 0.79302277433441, 0.21710142569999
0.49382566416854, -0.064567088769719, -0.3098937095212, 0.14727291546108, 0.80281630302879, 0.21906705553735
0.48416935498326, -0.056348226088782004, -0.46823763997985, 0.16715487753775, 0.77961740743469, 0.21286340006632
0.45177321477741, -0.07662407170744301, -0.3667576250098, 0.17294889253005, 0.81466141621668, 0.19879541176212
0.48534692774282, -0.0719923408642, -0.3072051134837, 0.17167005274321, 0.80411727689785, 0.19987309431269
0.48640554996121, -0.06658085497428401, -0.31175731234994, 0.17337010969786, 0.77960512025833, 0.19804194366179
0.51059391488938, -0.053843474372571004, -0.31742151116621, 0.17981611856992, 0.79057647930911, 0.20091614667041
0.50940722009747, -0.051102343495524005, -0.35920359590374, 0.17804092543711, 0.79458318943502, 0.19862578752104
0.4895546538139, -0.055869038990926004, -0.36548866274297, 0.18328889210798, 0.79391489307256, 0.19924137901764
0.4509662373388, -0.045559264952713, -0.40176256946012, 0.15135752757126, 0.88554746788632, 0.21516600324079
0.45386654466592, -0.053079356912980005, -0.50235690848914, 0.1695286759864, 0.79381434102881, 0.20194062207235
0.4766683995761, -0.063102488799385, -0.38820664916394, 0.1746414013481, 0.7878426742337, 0.20492370682756
0.5115470903392, -0.058877527864556, -0.40004193632923, 0.17617124776012, 0.78129816580067, 0.20126244363496
0.47763245426078, -0.062669874579313, -0.35696210167363, 0.19031770752308, 0.77117130023883, 0.19603846477391
0.47367548730038, -0.058030670466569005, -0.44037264874247, 0.1619081933503, 0.75157433980232, 0.19626053100615
0.46949921054293, -0.06676081408349001, -0.43115289484967, 0.18762683419804, 0.75889446666658, 0.20223442448105
0.47431962121721, -0.059240978230175004, -0.41316053571893, 0.18186308307467, 0.77854692521312, 0.20961064175561
0.47542057091915, -0.060558165348115006, -0.37504901925723, 0.18927340214637, 0.77999700411042, 0.20921212608363
0.49835707619344, -0.06347954869427, -0.3665998333663, 0.18421550252753, 0.78719538206965, 0.19331086878726
0.45920397735116, -0.07478847631825, -0.35728570354457, 0.16521153233017, 0.81761992158755, 0.19572881303967
0.51419480010783, -0.048562244412168006, -0.09529687452798401, 0.087466130577162, 0.94566371945218, 0.19837918358585
0.62052547796029, -0.000175894109964, -0.98541474942462, 0.025287452948121, 1.036618777311481, 0.35055764074352
0.28963434657928, 0.0051918166728192, -2.0548076396088755, 0.07709057627179401, 1.0306300696093444, 0.38155279446065
0.39636270920172, 0.026399750149917002, -0.57294897889269, 0.07130315258564, 0.80413768262173, 0.3529240839696
0.423298429863, 0.052032720651061, -0.6888784157925, 0.11230124528646, 0.81001159773476, 0.43502689150132
0.47206328084142, 0.063384009984345, -0.86519151352374, 0.15249218771421, 0.73296708428985, 0.44425089330015
0.4192138836673, 0.040643192933353, -0.85597903853353, 0.18640183079915, 0.66645319755478, 0.44106827769684
0.39431153829679, 0.044716122363045, -0.77547101948572, 0.19807482388413, 0.67227619921433, 0.46715558112804
0.39329071852195, 0.072929353071757, -0.6296985673345, 0.17114636750585, 0.69780842057538, 0.51050600004924
0.37841120890931, 0.14175779598098, -0.56371241300566, 0.13020785752619, 0.73240508531185, 0.49081368105764
0.35054451013753, 0.10031282185834, -0.5025139814918, 0.15770175067369, 0.63566405309935, 0.48018660949144
0.2935949105834, 0.099196947293021, -0.67543982269551, 0.12133965981343, 0.67886984784596, 0.49319568277031
0.24273094417573, 0.068246318228567, -0.60906467519929, 0.16046685079291, 0.49344708854473, 0.44032317350223
0.20398558417089, 0.05639855154789301, -0.70974388452197, 0.15212167583167, 0.61047334993606, 0.39872382268507
0.27092530750848, 0.019753438953006002, -0.65187771121886, 0.16890724271109, 0.62734017121854, 0.37142960155584
0.29248862010415, -0.019021985659723, -0.43638098464923, 0.1533072419502, 0.62957131683433, 0.336163139241
0.34211901193546, -0.040748168378818006, -0.4339529963321, 0.1879835582264, 0.59681728062775, 0.34921597291056
0.36364256068442, -0.0059744267618885, -0.63104883470934, 0.19837521412025, 0.53025366350808, 0.39157243848919
0.19660293510112, 0.018072614283301, -0.22906508759536, 0.19237205505292, 0.53246236739354, 0.42256600193717
0.21018492296834, 0.0068729201572462996, -0.07107722572899701, 0.1140143408438, 0.65389215763936, 0.42748882835471
0.26609358838799, 0.048480159625479004, -0.577464129082, 0.1526359219489, 0.55215347392363, 0.45997923880278
0.29689980575549, 0.029844720032745003, -0.52158039869667, 0.17001190026027, 0.56155660487729, 0.44932575386288
0.41301152514207, 0.031786655177845, -0.60623454431432, 0.17913561583707, 0.52149274048554, 0.44115836672627
0.43121848352694, 0.039035446606815, -0.6936260788946, 0.17666384286142, 0.53558636468449, 0.42271544593147
0.45513311605486, 0.023386142141202, -0.67559709148635, 0.18074391479629, 0.56000742085022, 0.42271638712504
0.50385456103798, 0.030579689367976004, -0.74245908104716, 0.17317030747239, 0.54163807905632, 0.40852542411868
0.50392767583509, 0.038965066367343, -0.71702862650956, 0.17434220634385, 0.54699571915153, 0.41383858564218
0.46155061907162, 0.08965173725949101, -0.78064913870566, 0.14799399999061, 0.56893637974421, 0.45467085195874
0.44134491462622, 0.14052113358663, -0.65601392036034, 0.13103216174741, 0.58598220019169, 0.49760851558563
0.46704718035933, 0.1400544548573, -0.67481246381179, 0.13931870028723, 0.59327597974654, 0.49649482408074
0.43658484547796, 0.14274122869812, -0.67182117449578, 0.16755403796691, 0.63401977235511, 0.49873706244673
0.45398618213166, 0.12914976540355, -0.6362218173088, 0.16993722617736, 0.6186814514974, 0.47465216550592
0.43968461861111, 0.11261144296099, -0.58431187505753, 0.18246555915822, 0.62273437801913, 0.47267445041788
0.43963410121273, 0.12340372775865, -0.57402131725773, 0.18543617349991, 0.64159748317297, 0.46292955932196
0.40758231939129, 0.11959671100084, -0.4542677292846, 0.1787736196088, 0.61986170009061, 0.46135689111965
0.44808160416356, 0.12554917356825, -0.63500468606764, 0.17833780634499, 0.60312949502991, 0.46472891479504
0.45217839472569, 0.11402580643542, -0.60108788066, 0.18629073156858, 0.57589014098584, 0.45423877413043
0.43330774684703, 0.10031346687765, -0.57242057651046, 0.18049312543351, 0.59611325813836, 0.44454685918563
0.43375136232622, 0.10567416846383, -0.51979509477334, 0.18070984723329, 0.62064873966547, 0.44126731534798
0.38332991548943, 0.10282287053487, -0.45772824772991, 0.1856103459268, 0.63161348904622, 0.43564037268925
0.406850685059, 0.091153501940974, -0.47595099707366, 0.17454945866371, 0.63032943304199, 0.40928302227113
0.44705376835662, 0.09141410627037601, -0.56591563343554, 0.16653385603248, 0.61484292160785, 0.41398584912824
0.4770216526699, 0.082886808115417, -0.68209443308043, 0.17628381279725, 0.57611381600198, 0.41338583772983
0.44142497782961, 0.07629558691395401, -0.65611263755795, 0.16150288889348, 0.62095671435845, 0.40120501487596
0.44098932611416, 0.077901517310152, -0.72610434394618, 0.15289358223723, 0.62821970070763, 0.39847177547916
0.49703479504779, 0.079369349897176, -0.62515563015833, 0.14554223341227, 0.59738838883561, 0.39248831574927
0.49346488162909, 0.07732509818147201, -0.60981185755568, 0.12378850238289, 0.61131071025883, 0.37998790024835
0.45010082368952, 0.061082545612024, -0.5756319431683, 0.12695862954372, 0.60946474907321, 0.37645300922259
0.4315289521381, 0.06735365413314301, -0.45820509974874, 0.12790142846312, 0.59848180107189, 0.37988777545833
0.47001787362856, 0.07247280082914101, -0.6596558813643, 0.12571607323541, 0.58285587227708, 0.38206774391487
0.43845249305195, 0.056241098489441005, -0.51016285416193, 0.11853383993634, 0.59896584444905, 0.37421789631344
0.42117804452314, 0.06858166381621, -0.6889713183609, 0.12177763140038, 0.64716746405528, 0.38599873663568
0.4469506969169, 0.07021405241260001, -0.54673090518988, 0.11801782251635, 0.60340790516156, 0.37486223494646
0.46947157750692, 0.069441934270008, -0.54066658251892, 0.12555130154793, 0.60544056829149, 0.36678734608905
0.45778947177739, 0.07904929987999501, -0.64236851346154, 0.10594854279251, 0.59324246980673, 0.3930949639003
0.39584666260987, 0.09182663603197701, -0.37858804322321, 0.11296175597551, 0.54623678881393, 0.40110668934279
0.35185477716164, 0.10360393307621, -0.22301459726277, 0.067974717653941, 0.50931918797004, 0.39781009215157
0.38796239430493, 0.099904713162464, -0.51037499292872, 0.081705718661521, 0.56493484189678, 0.40109283067691
0.40348771047825, 0.10794732904227, -0.63535399104608, 0.1071268651782, 0.59617872681501, 0.42425880953103
0.40324774766339, 0.10453909288206, -0.54219642279912, 0.12758009181003, 0.60729792383719, 0.42902635295512
0.4045991812375, 0.096854938131556, -0.57670729792992, 0.12620748918649, 0.58670188457858, 0.41383471565943
0.47078353048856, 0.07909738560123901, -0.6180085983122, 0.12819601717914, 0.56262083818901, 0.40500673120758
0.46291270474304, 0.06951184454994201, -0.6727444577029, 0.14600686859818, 0.60257875473362, 0.39094707345516
0.45859793279328, 0.08010509158383301, -0.6661079421697, 0.16546156929407, 0.55497086627205, 0.38455861933227
0.40167562151363, 0.099457183258758, -0.83078806588963, 0.13671956792097, 0.62799257136156, 0.40512608349302
0.35474483411811, 0.06705248153932, -0.57585060655277, 0.13668738775349, 0.5983920364795, 0.39166172387065
0.43731262661733, 0.07373276619926901, -0.62939423095817, 0.11658045576773, 0.59697219902707, 0.4038298179945
0.43404839608443, 0.0067937256233525, -0.45117561827709, 0.15036920467451, 0.56842387704427, 0.36889789195273
0.43512254965725, 0.0052150009776833995, -0.33085122876007, 0.13153355083408, 0.58483019726792, 0.35184207431592
0.4468665891392, 0.039229227217138, -0.25556884685526, 0.16624843394803, 0.56672544147302, 0.35698574097934
0.43320136250158, 0.071270251765851, -0.31548879724522, 0.16719304828814, 0.56225831425477, 0.36776128108783
0.4858006542504, 0.067206087497773, -0.60438547431728, 0.17464629566318, 0.51911106312642, 0.36990543768954
0.48771879231517, 0.054720154083896, -0.54067567451902, 0.17253272406059, 0.50613521754778, 0.36070960451606
0.504505691833, 0.058557224177231006, -0.5706670403317, 0.16239323173672, 0.5284985411542, 0.37398692240755
0.46390765217216, 0.049078498269047005, -0.48135072643557, 0.17050659770432, 0.52592721207364, 0.37203819132989
0.47781018123782, 0.059634204830354004, -0.51630772931103, 0.1550241858822, 0.51025864933307, 0.37791177728499
0.43526327243401, 0.060521501617373005, -0.43657432004779, 0.15531459513856, 0.52863688679556, 0.38091304900986
0.44423298348329, 0.054410938993960004, -0.4358567582242, 0.154252627083, 0.54625950956716, 0.37391898495723
0.3895035532853, 0.063284208951544, -0.4236438961022, 0.1662007929582, 0.56686000023513, 0.38039509324336
0.51669195875166, 0.08836001662829, -0.73695996621393, 0.20003473047682, 0.47377514032172, 0.38029371285748
0.53089335402822, 0.091640009394925, -0.70944463504518, 0.1622704732695, 0.47816939939191, 0.38697645428602
0.38155460312711, 0.07738676924183001, -0.56703268078169, 0.16889079472107, 0.52659991618439, 0.4086658220114
0.36848227648252, 0.06557902478965501, -0.6971123364175, 0.12188792074689, 0.52754321357241, 0.38837825540913
0.41402365294435, 0.058868132419305004, -0.77297696560724, 0.12870332372138, 0.48820528187588, 0.38448362499606
0.41945033368828, 0.053667184091913005, -0.74888098126388, 0.13334130299622, 0.46784331090496, 0.38429890959569
0.42689005308309, 0.061785475850884, -0.83649437406933, 0.1319617540625, 0.48697107557691, 0.40614706534938
0.31006560188980997, 0.069499689623, -0.32156208708105, 0.14155270740897, 0.51823652200316, 0.41815052352088
0.33416405838279, 0.060207938136018005, -0.62032685483929, 0.12254721537643, 0.53273450566108, 0.41123757696609
0.38822376380851, 0.040941140867299004, -0.41191874766287, 0.12188915153438, 0.49219922994053, 0.39729336762554
0.41701038753441, 0.055637883603548, -0.4748926733395, 0.13383345374404, 0.50529503530055, 0.4081496565469
0.4428527542615, 0.064073448326635, -0.54384104391966, 0.1449292865737, 0.48863415527398, 0.41123451319031
0.4807819895518, 0.075724465374627, -0.60382891853458, 0.15048011464669, 0.43036162755424, 0.41360709674865
0.39587988575414, 0.09221446997445501, -0.8069435767934799, 0.15362866331065, 0.47612800255183, 0.42224142313759
0.38537171925693, 0.06895195291820301, -0.59234401871924, 0.1530393943967, 0.47586514984786, 0.41400401269593
0.44004232976694, 0.063995688283834, -0.53701059836775, 0.14185223920625, 0.48546845606859, 0.40471220951181
0.44098760781359, 0.060185676996829, -0.49886676232245, 0.13131147558426, 0.47559981681715, 0.39362528294319
0.43872532084971, 0.057192036001168005, -0.48689351081924, 0.12552562691152, 0.47384044921792, 0.38684780422611
0.43044493281347, 0.06099683841844201, -0.40437684721468, 0.13491798845366, 0.46027495234088, 0.38769134557158
0.4556551700831, 0.057461497517593, -0.49947131557049, 0.12117803104428, 0.45046147970768, 0.39362284183218
0.40294080310559, 0.049439899656893, -0.45121494742546, 0.13323362025669, 0.49805164506916, 0.40300288406266
0.45727412721756, 0.061875049151061005, -0.4736921485831, 0.12138329498412, 0.49998663836994, 0.41202798867078
0.48396669142694, 0.06769476808128701, -0.50759586320913, 0.12118748638951, 0.50441484422862, 0.40740200048337
0.41033776709906, 0.10080529596381, -0.54667714849181, 0.10934141158784, 0.55133016650731, 0.42882773775868
0.30216400346613, 0.1061434041536, -0.14304174952527, 0.1229378404485, 0.50968551951319, 0.43697703117927
0.30724840576262, 0.08053212580810301, -0.18813019875244, 0.052872775775922004, 0.58415396906519, 0.38820874622111
0.37594770690466, 0.11355157406888, -0.53494426562006, 0.07110018497192401, 0.51323311823127, 0.42680536336056
0.34974392678474, 0.11555937652506, -0.71349772970946, 0.068753684713533, 0.46267698393595, 0.43461343381641
0.33590742961166997, 0.14035048681715, -0.75393016944173, 0.06375692089279801, 0.54239924884184, 0.43907048633777
0.3013197061441, 0.14444283623338, -0.70839802186599, 0.08656032762263101, 0.57644362262814, 0.44864934431125
0.24216491496049, 0.15802372610394, -0.71768930294364, 0.0930471667016, 0.62648863914254, 0.4383286407256
0.26205314450048, 0.16775133439931, -0.71230913539361, 0.071816054839459, 0.66554083025598, 0.43995267861335
0.26231391439429, 0.16756451683952, -0.80205098156147, 0.09324700846914301, 0.67754314963304, 0.44812792454731
0.26238113335977997, 0.18106955098504, -0.71522473783676, 0.063015826982732, 0.70761735276099, 0.46123889636208
0.18532955878305, 0.15465430963445, -0.56320071130879, 0.08521869123263301, 0.66515660208012, 0.47660149680068
0.18995830301778, 0.14975909667996, -0.68068405135857, 0.092087843109816, 0.64038416880579, 0.4494396319716
0.15841701516325, 0.14782114848102, -0.55725399166574, 0.09066614430024, 0.67499805334961, 0.44814725385661
0.20868602324943, 0.14807825590011, -0.75139508897184, 0.10846465263769, 0.5915930685155, 0.46803221908673
0.25856229102121, 0.14669092261743, -0.87748822212866, 0.13152820402053, 0.52395201245192, 0.47683687945035
0.24637377048775, 0.13652923448846999, -0.85291457727829, 0.14350391272113, 0.54142964045187, 0.48430827778385
0.31485246905743, 0.15342484763778, -0.90223198714321, 0.14235632329903, 0.54124325941698, 0.49276606856807
0.32750752614113, 0.15053098537245, -0.96421279327477, 0.15540183205668, 0.53209057597134, 0.48963923520946
0.36297346211561, 0.15220488557813, -0.97193388154555, 0.1599625302426, 0.49714123027726, 0.49069613204047
0.37346413638436, 0.13946524407299, -0.90793597263352, 0.17270583791817, 0.44737351678892, 0.48408165499003
0.40641133500091, 0.13783134668989, -0.81099020419203, 0.15832523399285, 0.45452487928503, 0.47250892880176
0.42116477961977, 0.14119843836919, -0.78038703877763, 0.15570436824166, 0.44752698935533, 0.46331571691904
0.42078328239089, 0.15358442290636, -0.70562765016198, 0.1531594026768, 0.45019968540597, 0.4682051907091
0.4146567379251, 0.1604259207376, -0.67783602856029, 0.15873279587276, 0.47559986655526, 0.47286640607699
0.35482717920534, 0.16127705590573, -0.79913398920656, 0.15733502085411, 0.58951826114232, 0.47792680135326
0.34728996156089, 0.1566661199366, -0.67301374820934, 0.1491506063844, 0.5200924713505, 0.47194359963642
0.39965015493373, 0.15217635479502, -0.56154486896801, 0.15420946411288, 0.50400698606598, 0.46721194779132
0.3892138176135, 0.14187278607352, -0.52197391713045, 0.17819423555515, 0.49229689744762, 0.47078242745719
0.3559605941893, -0.030189461414625002, -0.27075840583616, 0.17966593350105, 0.49894024818408, 0.41925035024815
0.37842881359442, -0.094889353941895, -0.40042642375173, 0.18588646030013, 0.5041218529071, 0.49670474657045
0.39610028547491, -0.33879641967967, -0.36653458112501, 0.34821199435804, 0.59312755579875, 0.55082481598297
0.18531124318418, -0.55780811439131, -0.35542248953043, 0.36387042363682, 0.47613562414055, 0.46765028142344
0.06386143346868, -0.4678820066305, 0.55106600015016, 0.084129385351354, 0.20489524238327, 0.45099763084214
0.4093945960432, -0.05931196167966701, 0.53128906149573, -0.020531050917002, 0.43607229073506, 0.55247409462085
0.47073801987012, -0.16425315026101, -0.019975817431276, 0.049421032206312006, 0.28540758561121, 0.597292342627
0.49910746236568, -0.31602606122044, -0.2308208373321, 0.14245784987253, 0.28346404537647, 0.67792995633129
0.505974617669, -0.20938308880629, -0.90053845834066, 0.075352342412802, 0.37279697206471, 0.64809252095007
0.43411153109225, -0.026187305349427002, -0.72584641696153, 0.062443122332314006, 0.32956161859306, 0.6449613467272
0.48646542923137, -0.038893932441757005, -0.13656771219568, 0.062102901133951005, 0.39543538820669, 0.69798342447708
0.50729329075899, -0.11276617954607, -0.12310449055654, 0.15927968887544, 0.40528801049119, 0.6961608182151
0.45292222486388, -0.056600512646022005, -0.3264925829722, 0.033282345773890006, 0.44201140196444, 0.70542824282384
0.45934472054612, 0.021124424452690003, -0.37110990670066, 0.12776770977584, 0.34066091846613, 0.67508595240797
0.54565401132201, -0.027111187018505, -0.18935495255059, 0.084009866925699, 0.34990670025495, 0.66040852748059
0.63508380268716, 0.0061270538993741, -0.51861938086448, 0.09404890164235001, 0.34257790020878, 0.63686358476616
0.5064613863488, 0.045194558674765004, -0.55171269435772, 0.062355867353939005, 0.3923776261999, 0.63752522166145
0.53794585168554, 0.047169637127155, -0.59781812130308, 0.06117746560135601, 0.39166649326451, 0.64118050522448
0.54107979379024, 0.05681197420512701, -0.61546729529073, 0.06604351447951, 0.38533446224149, 0.63115690626493
0.47551540350736, -0.0070817540098423995, -0.43804025621583, 0.083244868474398, 0.36762154008821, 0.54421847525571
0.55488255429151, 0.040994805467529004, -0.38734407727584, 0.11362898682325, 0.34952554964286, 0.58327053665567
0.60162684995634, 0.050469755854501, -0.38746567969773, 0.10869904618582, 0.37137239676855, 0.62439506973233
0.57622356161708, 0.054487090348573006, -0.52803365307874, 0.10233918525012, 0.36231875426054, 0.62712933319574
0.572128172748, 0.047969824480239, -0.43509945531338, 0.10452412106799, 0.36113133140823, 0.63784338916729
0.54200042944663, 0.057744746562669, -0.52967644192845, 0.081408056397737, 0.41567113673127, 0.62871942624818
0.52534697074056, 0.052234265716749, -0.41404307380257, 0.10066056479496, 0.37908181140384, 0.63174942503456
0.56612379970453, 0.055032009780426, -0.33873072611515, 0.09345794368938501, 0.38448085032705, 0.62845300911958
0.55497260978674, 0.04927397019000301, -0.28330429622499, 0.1029768635293, 0.37293006130843, 0.62242389534406
0.56743558130609, 0.049857714162909, -0.19191341380624, 0.083848723576651, 0.37593402888321, 0.61733591433725
0.54070784835527, 0.056857424146360004, -0.4271440754997, 0.080466245621166, 0.39667907904998, 0.64152636570997
0.49615760213609, 0.046553265371531004, -0.34655168603242, 0.08584721094278, 0.4243466827456, 0.63203525259738
0.51181010688432, 0.057849616072885, -0.33060707999912, 0.084098146876703, 0.39479836663586, 0.63304011752934
0.5531330402602, 0.054354014395455, -0.27112929777462, 0.093135132152768, 0.38807432364621, 0.62253521007157
0.56833447059602, 0.06494048112302, -0.28297078522112, 0.08501164629473601, 0.37639652978813, 0.62329457016387
0.55769813993101, 0.070391891641418, -0.23258572455678, 0.08726900778049701, 0.36573093402362, 0.62386675711337
0.48911453343171, 0.0894725380911, 0.025180783916481, 0.07600799296923601, 0.39242705335648, 0.62602307019895
0.54133044496148, 0.08238316151168, -0.35391633117172, 0.049947334339992, 0.41146492839318, 0.63090532382969
0.51915271800084, 0.06426122175033701, -0.2912088447116, 0.066609664375071, 0.39008071401884997, 0.62749791289595
0.55817866207268, 0.065559832340155, -0.30070564553368, 0.057309110452578006, 0.39020340387599, 0.62296586974792
0.55864084192132, 0.063666181305935, -0.30864581538355, 0.063687729113318, 0.37129647521502, 0.6303140974464
0.54610465547025, 0.0690805939222, -0.27092526678015, 0.06569139718068101, 0.38206607993282, 0.62935860831455
0.53364475629978, 0.06864696331027201, -0.25648840105696, 0.078268713644578, 0.37504730907782, 0.62524329221497
0.52878092172734, 0.06906767286071, -0.18339517829255, 0.075819257245922, 0.37002024395029, 0.62292492455449
0.53440350367963, 0.070517360765525, -0.28293312068507, 0.064627091604381, 0.35522626075913, 0.6293561274453
0.51460549646755, 0.06115805965611001, -0.21688641535867, 0.065470071822133, 0.36973239545877, 0.6215976751568
0.5509739305435, 0.06369479431394601, -0.20094154731446, 0.07028387118196701, 0.37829056609269, 0.61650402222669
0.53163038191366, 0.06362844448150701, -0.17667559749329, 0.082109167092124, 0.36264612686441, 0.61399714066321
0.54811539399853, 0.059186220164308, -0.10555854170918, 0.057063518395273, 0.3739618525549, 0.61085718314045
0.53290924067964, 0.06250380812159201, -0.1733641957116, 0.08648021187727001, 0.35656517345137, 0.61434939139242
0.55146812472467, 0.067387303842009, -0.13611367011371, 0.07166348070284201, 0.3778155721209, 0.61515975814806
0.53936889115621, 0.06686810408834, -0.13938096380498, 0.0875442121478, 0.36392952834537, 0.62077545216101
0.54958999430939, 0.07017545650321201, -0.1763251460352, 0.083153068889843, 0.36490332701319, 0.61982811147973
0.56138472047473, 0.06924462966014, -0.176908776342, 0.082417523445604, 0.36850673143993, 0.62193316122208
0.56002719997689, 0.074332216049267, -0.17913747843117, 0.07791107529644001, 0.37760480509766, 0.61727470709082
0.56306074135955, 0.070982587615064, -0.15749220771681, 0.07851977377986101, 0.37530985327398, 0.61395726731541
0.5458289976146, 0.070728458568029, -0.10703808763512, 0.07968757754762401, 0.38163136938672, 0.60660715759359
0.53849480971794, 0.06541122329839501, -0.13085167582687, 0.07483952866551201, 0.38673568594132, 0.59312056342892
0.53431456950517, 0.07033941950072001, 0.013340597255583002, 0.066519832204846, 0.39185253741386, 0.60757463615884
0.56061991764501, 0.09139516220430201, -0.29972450556125, 0.077643126137549, 0.39204611319883, 0.60947299221641
0.51302485723942, 0.074465716350762, -0.1314153623037, 0.077381577103803, 0.39562719169421, 0.60385049162203
0.4940420559381, 0.081288563724094, -0.33905624894723, 0.074301513412449, 0.48010264489749, 0.61990223771213
0.51427669759795, 0.07539842457923, -0.22239795225053, 0.09073599515217401, 0.40766063509676, 0.61358626868776
0.56036870522313, 0.07737515168705701, -0.18973659767003, 0.085691756499758, 0.39322143472948, 0.60901002154355
0.54393856324531, 0.073777153920536, -0.20713748375056, 0.092857754161572, 0.37296056005917, 0.59944781610276
0.5501099105343, 0.07663660067505301, -0.15139081569066, 0.079627296667395, 0.32318186097277, 0.6111700649014
0.5306393455953899, 0.075091448318582, -0.25269269458633, 0.089765458595688, 0.33380401112844, 0.61129430027947
0.53808760284338, 0.073318423878618, -0.1752194015239, 0.09229052161744701, 0.35391979667416, 0.6067595617388299
0.55131781776372, 0.07532885976086601, -0.18402767834211, 0.08313300175126201, 0.36705202992495, 0.60762382036558
0.54183492983155, 0.07758036227442, -0.19830666844467, 0.09089564767218301, 0.36573052830353, 0.60827560352267
0.54778591536899, 0.07089024880340701, -0.11153465392481, 0.078863671500652, 0.3452410202971, 0.61142050871579
0.51783441497869, 0.07959680727948401, -0.23740457431053, 0.09363714350101, 0.35159376878165, 0.6206248664439
0.52945062278498, 0.085563241414916, -0.18512388880017, 0.080890664478555, 0.37001387230191, 0.61196414723544
0.54809893570232, 0.08526175258028701, -0.18126942961603, 0.079164886126995, 0.38111766053662, 0.6045606286234
0.53862121937104, 0.08786536522733901, -0.21607099963219, 0.09136941683636, 0.38279669957289, 0.60932207690399
0.54906406852899, 0.09157037618668301, -0.23924231755998, 0.084035031180841, 0.41495775496799, 0.61509379435601
0.57723272215562, 0.08624110520000901, -0.15333159340971, 0.086787526135659, 0.40103682246422, 0.60821008530346
0.55637172839745, 0.089984808499997, -0.13152974696813, 0.08595694805878201, 0.40131661437108, 0.61240440492897
0.5412063875674, 0.09604656961720401, -0.078866899792184, 0.075899816073038, 0.41277117459145, 0.61353628522208
0.52284951560045, 0.08663162125664, -0.048938048797165005, 0.092474392004062, 0.36749257434965, 0.60968796404535
0.58054471322225, 0.09236952403977801, -0.21376630240249, 0.073451732679601, 0.37455538126048, 0.61411771069858
0.54879688983641, 0.08316916812048401, -0.22561782677054, 0.09569115364328501, 0.36080190964421, 0.61613327264646
0.54633442695083, 0.08735740586698501, -0.20884960969177999, 0.085634736751948, 0.3794570199327, 0.61183690270887
0.55318446653075, 0.08547018904372701, -0.20241877245081, 0.083354469555041, 0.37598463250123, 0.61296675923943
0.51607138529878, 0.086465344621951, -0.3024389343267, 0.08522635871192001, 0.41977370108142, 0.61515037856923
0.50717289373508, 0.089430282551474, -0.19578990032462, 0.089661935850912, 0.3878932357355, 0.61735259776941
0.52918220610931, 0.08802674370874601, -0.13263381708169, 0.09368709417965901, 0.3432771132107, 0.60807970549288
0.57397910928353, 0.087860662722249, -0.25151504056416, 0.08694300705249801, 0.32962155155971, 0.6083919981492
0.53891655634023, 0.07483593143608601, -0.20588883075345, 0.09551352420332501, 0.35516158560288, 0.60537089986111
0.54196188474927, 0.08155806998560401, -0.20266456210081, 0.10034245787515, 0.36268849845454, 0.60652553837322
0.55464013573909, 0.07806705909787001, -0.17753020299964, 0.10636526144616, 0.35649225534168, 0.6098051028848
0.57244728466163, 0.084635162030015, -0.17042987727134, 0.10201604994194, 0.35611486330097, 0.61492846833708
0.55175534665418, 0.08600493228953801, -0.15924798707036, 0.10224853893594, 0.37043596246155, 0.59974479239791
0.57730257549176, 0.08946726137112401, -0.10771466043919, 0.09043934645189201, 0.36594454098705, 0.60482046918939
0.59695034385415, 0.094911179701958, -0.19875116844154, 0.11988367257355, 0.36133305464367, 0.61420277565701
0.65767480588818, 0.10638530123342, -0.10305947199015, 0.095849464661345, 0.35860482743127, 0.61035898938472
0.62011460726307, 0.11669242575154, -0.11128395404723, 0.10985397109012, 0.43141832721466, 0.63024334600938
0.56650958572132, 0.10649154327981, -0.06213153233752001, 0.10116766398759, 0.44423002326292, 0.63621865777698
0.55334404164652, 0.09999543659943401, -0.064583185869323, 0.09819221245804301, 0.44702684112115, 0.63672901556509
0.57847835581046, 0.10807060147924, -0.11424665212955, 0.081645996215605, 0.44704463822399, 0.64405568114316
0.5587715938401699, 0.092325513606065, -0.14040292678459, 0.09549856036805701, 0.39191062227623, 0.63566442654556
0.56078187914188, 0.08840510389462, -0.24199698869948, 0.08371459563786901, 0.4027335279998, 0.60882435707716
0.55325037169102, 0.11263518373132, -0.19720855605425, 0.084978477736716, 0.41580626733514, 0.65349746448534
0.5276374755695, 0.13020046011871, -0.1485118824878, 0.07707297612750001, 0.45633630122827, 0.65622533162123
0.58314223735358, 0.11446917730144, -0.20673544148658, 0.077838502332695, 0.42463002228669, 0.64617328999046
0.59304921818082, 0.10328541236835, -0.20021183173582, 0.053217916494114004, 0.38885469821543, 0.63649998012135
0.54618927543707, 0.10210410354304, -0.27111405618174, 0.05010159016301, 0.42585733894144, 0.65514051400006
0.54522475431778, 0.10398974390103, -0.19230554593211, 0.07337258521570901, 0.36943972029434, 0.64232837800143
0.58663866992017, 0.10635369417764, -0.18917157769808, 0.064507220775149, 0.35042774336977, 0.62891375193422
0.5687287119187, 0.10765614639062, -0.18937674228419, 0.08717206853185301, 0.35757705594195, 0.63660976371786
0.5600844157523, 0.09939983969115501, -0.20740556220966, 0.064561505707833, 0.37613485381038, 0.63692350160404
0.56026167232517, 0.09662013757576801, -0.18254641410097, 0.076228525515088, 0.38946181537814, 0.63066970636972
0.57244043384495, 0.091734938467195, -0.19203148222499, 0.08112288583139701, 0.39236704781119, 0.62091980959315
0.56290214406601, 0.08821569658013101, -0.18652732159414, 0.088039439224273, 0.39120599564113, 0.61667639607449
0.54784583340029, 0.08457330572681501, -0.19507789144946, 0.08048092497895401, 0.36915724484421, 0.59597296713938
0.57863905878941, 0.08616612439799401, -0.18022589629875, 0.059640884753969, 0.37408316185033, 0.5917459962059199
0.53896185514116, 0.07000871370928301, -0.18201319744417999, 0.081934797704362, 0.39737272524748, 0.60162404498006
0.56127094552477, 0.07063227277176301, -0.25756746875674, 0.073268299312057, 0.39997293960366, 0.60945354317347
0.56722776801192, 0.07469811060714, -0.22368126871541, 0.0802922617264, 0.38514928636334, 0.60793581969808
0.57101207878606, 0.070897880551121, -0.18704355134347, 0.082702114563568, 0.38678536535328, 0.60847612154046
0.5791928512854, 0.075601699678271, -0.16207751195084, 0.09702541525604601, 0.39244313389095, 0.61071172532079
0.57465398405855, 0.07694878625337101, -0.18276089719848, 0.09496221474048401, 0.38085136978947, 0.62031509716589
0.57330921788233, 0.07943075556002101, -0.15729511887209, 0.10574030800603999, 0.38342861500797, 0.61667055463473
0.5687706424576, 0.071050810644187, -0.08577128633595801, 0.09109989821610001, 0.36639053170596, 0.60081240962841
0.58347262350603, 0.08299275888672701, -0.34343442874597, 0.08668541397126801, 0.38693699460568, 0.6126178719393
0.52214611973841, 0.073231436295896, -0.22769544631524, 0.094268391926752, 0.37169516712183, 0.60964865543393
0.56885397951298, 0.08344400843388601, -0.20908033057964, 0.09467390374762301, 0.37792510121597, 0.60074315406526
0.57663744551938, 0.08348220059321801, -0.18170618131587, 0.10876092719489, 0.38355273547831, 0.59874830678535
0.5839350966818, 0.078798683539284, -0.1726654045384, 0.10928515415086, 0.37666899943239, 0.58976125095568
0.59029860895173, 0.08584521435974701, -0.15805930927715, 0.09529434418089101, 0.37121243963324, 0.58754659521562
0.58762332878015, 0.088390164123405, -0.17507213419003, 0.10609035048719, 0.35272501516679, 0.58680598385313
0.59463677235099, 0.091536688932943, -0.2052847860466, 0.090063440608364, 0.36726485176175, 0.58251659733877
0.58792023975377, 0.089304244964566, -0.2211420088739, 0.1010609222207, 0.3701613229079, 0.57930474027114
0.57821111410496, 0.08385393507062501, -0.17680190062212, 0.09960988952873101, 0.37579725558565, 0.57599839808781
0.57546431835716, 0.091688953232385, -0.22498856340977, 0.10560804874396, 0.37550405660946, 0.58819037722826
0.57658479541178, 0.087682666500092, -0.16951928217716, 0.09979179709348501, 0.37147366467775, 0.58908205715798
0.57201777268849, 0.09264875108118001, -0.2576157377799, 0.094825223351349, 0.39215135208383, 0.58977666298882
0.56259633781993, 0.08174262461270401, -0.16346025785084, 0.10136845383672, 0.37695301035858, 0.5845486824643
0.58015116640572, 0.09381670919282001, -0.30329139782703, 0.09269355266786301, 0.37791169263285, 0.59356780661291
0.53185365861678, 0.08818792492267401, -0.19504688364892, 0.1043453562651, 0.37485966569627, 0.60308870751883
0.56644038869891, 0.09484740902451501, -0.22795307322061, 0.1076119017889, 0.3700946572756, 0.60118490649951
0.57182507145033, 0.08685322781408901, -0.23009737326239, 0.10895831999282, 0.37490274924466, 0.60041225458742
0.57720918491639, 0.09282034659471801, -0.2047981844914, 0.10346151984273, 0.37376324928824, 0.60144864845391
0.59015242564483, 0.088797436204022, -0.21584092113548, 0.10262595967798, 0.3771840911576, 0.59734030836726
0.57426058251777, 0.087270194582652, -0.19939278056819, 0.1120349695962, 0.37072635912571, 0.59651345427699
0.5480686439667, 0.08926700868592001, -0.14165857148166, 0.11593615925262, 0.35701849574252, 0.59794756763937
0.5853419585854, 0.094108995855585, -0.27944600961469, 0.090912778514454, 0.35195174337928, 0.60007872092816
0.55417779758395, 0.08197886453108101, -0.22246009427009, 0.10261880602651, 0.36454087165899, 0.60796506945622
0.56603301547504, 0.08996562048261601, -0.21138034151615, 0.095731738957762, 0.37908344404751, 0.60468940416878
0.5902458068869, 0.08891610921947, -0.24785631823206, 0.096925075513454, 0.37753680163973, 0.60317936764954
0.58504729844738, 0.095183206225238, -0.20191750820415, 0.094784571210868, 0.38213765965711, 0.60509762410025
0.57156663943884, 0.09726123893829501, -0.17785487125948, 0.08396148779153201, 0.38982390900987, 0.60679661689081
0.55523180337745, 0.088245539220713, -0.19654824673177, 0.10337849747572, 0.3795932051562, 0.60875344241062
0.56933263279848, 0.08710097481560301, -0.21246207718097, 0.08723616750452401, 0.37473993289266, 0.60023484421168
0.57067728133016, 0.08479324560364901, -0.30073065491103, 0.09610005935941801, 0.35392100340783, 0.59741527296357
0.56262435731761, 0.084096657022784, -0.24517952480554, 0.10112767465806, 0.36264550201384, 0.59657611353101
0.56641708157704, 0.09053617865829301, -0.23860811200222, 0.1125005890979, 0.37323496525928, 0.60522755262996
0.58076012720711, 0.086301900078636, -0.22296117844901, 0.10637110608023, 0.38320320526317, 0.60262085418264
0.57304924055127, 0.08991254997242701, -0.21282309982322, 0.10396536279157, 0.37927972260545, 0.60038768087199
0.56656199516331, 0.088159996413172, -0.20433010592107, 0.11490301706001, 0.37004129189705, 0.58820888090094
0.57393643409546, 0.082461784204577, -0.19869246271988, 0.09600305564623901, 0.36324744424473, 0.59380843010189
0.53730061792479, 0.08869884203276801, -0.24497563080066, 0.11455428099968, 0.39000876642506, 0.59485208702111
0.56666684666085, 0.07907532584702501, -0.21407558246737, 0.10726800875663, 0.38274901610232, 0.59971833178502
0.57112888332916, 0.08664189689307801, -0.24093120951425, 0.11619190981255, 0.37674445812609, 0.59457641730005
0.56959919477419, 0.082233725188415, -0.19145700344576, 0.11051779817916, 0.38496409167315, 0.60003766037524
0.58372854026521, 0.081881460122602, -0.18229391432297, 0.109714486854, 0.37309842268371, 0.58970688811413
0.58534273826637, 0.084997215674716, -0.17505724573459, 0.11574813623767, 0.35641812621307, 0.59272810462538
0.56849745282966, 0.080928399169439, -0.16049712248449, 0.11318714032217, 0.35215815352433, 0.58863230987765
0.57328598962417, 0.08762530558735701, -0.11927706225826, 0.10235069554862, 0.34089701395362, 0.59362716416382
0.57318283717788, 0.081329103823089, -0.27087887889914, 0.10641357448041, 0.34856509036663, 0.59311146875029
0.56375836971602, 0.080326544663586, -0.20019456331789, 0.10210407683519, 0.36107660385858, 0.59655466907458
0.58380782311378, 0.088048367711219, -0.2368084594695, 0.10133691222881, 0.36418999568215, 0.59801857216971
0.57455632903345, 0.084675373050349, -0.21854975629028, 0.10683091579401, 0.36749716297812, 0.5966058772472
0.5696934673554, 0.09139353706997401, -0.18385987994786, 0.095427308744293, 0.36975370750704, 0.60171325028268
0.56922565185412, 0.07936368479982901, -0.18601717697145, 0.10581666061071, 0.36623105450329, 0.59573105800732
0.56270416504429, 0.087589386691117, -0.14033607503299, 0.10211776217144, 0.3392438782081, 0.60037496807105
0.54630396517317, 0.08214847430145901, -0.27815243703715997, 0.10382609167082, 0.34941033767101, 0.60170434744008
0.54237649066348, 0.08051622017345601, -0.19778375807525, 0.10918454454381, 0.35811527243566, 0.596337908992
0.57054264143872, 0.085286389953498, -0.22946492611821, 0.11139573001839, 0.36639170956296, 0.60423518496181
0.57377330806357, 0.08258890986009401, -0.18910757074058, 0.11189231322058, 0.36284073555139, 0.59478804090764
0.57718030422676, 0.08245047770918201, -0.19220270660079, 0.10660151008896, 0.3559515954467, 0.59688351940929
0.56938616328457, 0.08583297162535801, -0.19405963186941, 0.12279760284638, 0.3690166307686, 0.59548814340193
0.56989889223969, 0.08458721174618901, -0.12289549035845, 0.1144706769333, 0.35706178247371, 0.59809776428913
0.55019090177608, 0.091651329272821, -0.30042713927431, 0.12315125833826, 0.35853196568016, 0.59641475152153
0.54356192588449, 0.07969243634006501, -0.21707914673117, 0.11489127070418, 0.35531711285653, 0.59134492031
0.56952780390921, 0.087575367671941, -0.2398687995322, 0.11812496864028, 0.36822709111703, 0.5979229193276699
0.58263986346303, 0.08696326543126201, -0.23630099528864, 0.11871591183057, 0.38157482988591, 0.60205178824375
0.57959148175282, 0.090593061446646, -0.21226857756238, 0.10595004622873, 0.38172674242236, 0.59832948811959
0.58250606387914, 0.09643201713397301, -0.1928989752547, 0.11206229206861, 0.39251384312371, 0.60801446682215
0.51723566853987, 0.10083075689747, -0.27840872085698, 0.1117387806784, 0.4713619114581, 0.6194687042945
0.54637598605858, 0.09623662242702101, -0.12104945848885, 0.093279681835158, 0.42302284398846, 0.60775763617641
0.59633736170967, 0.090626703894051, -0.22409419316562, 0.10750323883814, 0.36467098035649, 0.60568459837743
0.57409398005476, 0.08092645458120501, -0.1391390823777, 0.10367673948512, 0.37175685803206, 0.60727385768945
0.58858190062043, 0.086765145058685, -0.19003613215582, 0.1063514266004, 0.37442023694486, 0.60291671773687
0.59226181021065, 0.08654068300796401, -0.17450109208901, 0.10582702560778, 0.37262266714276, 0.61060360473334
0.58368300441526, 0.08885288651933901, -0.19965852970001, 0.10816678888399, 0.37377492837169, 0.60950558804799
0.56283702452369, 0.085108453415575, -0.19374419186539, 0.11305189781781, 0.33868682771792, 0.60058279668339
0.57628256384906, 0.08516420091602901, -0.24703233066813, 0.10584333365597, 0.32322149761003, 0.59896307588207
0.5474813923677, 0.07934759732954201, -0.22035780999664, 0.12451666632638, 0.34051917832994, 0.60830650149015
0.572383391836, 0.086062806514813, -0.20585528205393, 0.12185366616315, 0.34159707779449, 0.60358888317191
0.54828763606978, 0.08466294172982801, -0.24802249032373, 0.10884823988908, 0.37827648158045, 0.61499119355379
0.56707749188642, 0.08612478495683301, -0.21821262419053, 0.12095702396407, 0.37083768890201, 0.60451595624631
0.57824333481653, 0.083604721160923, -0.21493919855523, 0.11539612562452, 0.37149472884127, 0.60712307234038
0.5698110134672, 0.08469255546018101, -0.18135600548143, 0.12725622389713, 0.35312267633695, 0.60535476134489
0.58902867369733, 0.077038117033425, -0.17041433578646, 0.10886212695341, 0.34090243802244, 0.59709580002376
0.57283162485453, 0.08048828283169901, -0.24422905543687, 0.11469387534179, 0.33989645468122, 0.61195108818379
0.57920143010845, 0.08135932489438101, -0.23484729671398, 0.11549227864584, 0.3531564061317, 0.61251205989035
0.58302190073282, 0.09638815420155701, -0.23168539368843, 0.11188140601006, 0.36361076346988, 0.61000938102593
0.60043255562085, 0.09287377739102001, -0.20507720114633, 0.11148080186013, 0.3577412921582, 0.60253361360703
0.60268934727092, 0.094617810479104, -0.15277381536391, 0.11168210875119, 0.36511291166829, 0.60344736798441
0.58774734841501, 0.09972752972051101, -0.12411187530801, 0.11153406258551, 0.37748578556969, 0.60176628145676
0.5304013156568, 0.09564654421372601, -0.0062135750952906, 0.11605719851456, 0.39253891284569997, 0.59459801419192
0.61642701061437, 0.09743464640496001, -0.19767606770167, 0.10242798246953, 0.37283560271592, 0.59936856512446
0.592044973609, 0.085905460459719, -0.16734777660864, 0.11174945979049, 0.35953143472764, 0.60080390495573
0.59115166701166, 0.08758218694830601, -0.15154101005973, 0.11045310580394, 0.3742249384238, 0.59927575262829
0.59421455058483, 0.09351090248999101, -0.2078178007818, 0.12031073595084, 0.3639368811992, 0.60606905802321
0.5964529807811, 0.08955384121517901, -0.16544548510594, 0.11944217767791, 0.35751107788714, 0.6013734807247
0.57268364694156, 0.09597509679298401, -0.22309543038159, 0.1256001929519, 0.38016533712691, 0.60337019346232
0.57534782692231, 0.089942949777374, -0.16887311036969, 0.12151516582578, 0.3408879240733, 0.59526973177481
0.57335958723954, 0.090180474318639, -0.22827000231099, 0.11641109054813, 0.31907395000187, 0.60176429567436
0.57826478169766, 0.08252880222242401, -0.2191409090798, 0.12398872949436, 0.33420714141571, 0.59639513654834
0.57678057446489, 0.086556435883143, -0.18439069713926, 0.1227280293468, 0.33803141000235, 0.59831203206184
0.58366331705877, 0.085220172822593, -0.2152901634395, 0.12846274307195, 0.35671999934045, 0.60058263349382
0.59082370507344, 0.08527726748144801, -0.18551427612313, 0.13002345332145, 0.34522792427109, 0.59637685024406
0.59653197712422, 0.084993451008828, -0.1864918210885, 0.13575133815012, 0.34666193288024, 0.60482089608883
0.5830346565214, 0.08545269146774101, -0.14145458756352, 0.13073123031785, 0.33529246328496, 0.58525509890782
0.56927401991931, 0.077175282146879, -0.26492854391711, 0.10211104384192, 0.41615760382227, 0.59670788759214
0.57214807085797, 0.08218000924966501, -0.23386891906349, 0.13912535275624, 0.34689232279732, 0.58229649230117
0.60778879465647, 0.074571026401893, -0.13154401491689, 0.12245977289707, 0.37313273421235, 0.58832542168816
0.59882392299883, 0.078892654262675, -0.15884771894642, 0.12657851971875, 0.36269940500645, 0.59186086078195
0.61738684487938, 0.085936025897518, -0.11866095088274, 0.12656091014309, 0.36245220329381, 0.59445922686927
0.61495324332615, 0.083051838296262, -0.10673864629738, 0.12447910624053, 0.37821775776892, 0.5878199596815
0.5905294632191, 0.091108657029875, -0.045637533903802006, 0.11880072689729, 0.39947705422656, 0.59173780242577
0.59113841394848, 0.0771366524852, -0.10220652459155, 0.11846668315502, 0.38746351261935, 0.58027762386592
0.5955937961027, 0.083429623033756, 0.004999398826854, 0.10760616957603, 0.39236475237101, 0.58853293220031
0.63234269894887, 0.086951558463655, -0.30409807719706, 0.10879704451385, 0.38135934119289, 0.59640718021803
0.61860240054168, 0.07943595653207901, -0.18691040494842, 0.1111499964405, 0.38803405792018, 0.59519757878594
0.6206323629088, 0.07499428180506, -0.22982436878332, 0.11199986483147, 0.38459650125655, 0.59150937307445
0.62671669664666, 0.07654937452178301, -0.23137857033521, 0.11742405900997, 0.37075749173747, 0.59282910912372
0.61928056944465, 0.084321938161296, -0.24214154336901, 0.12280540222737, 0.37068293905641, 0.59495864564709
0.58930074537759, 0.07694436659966801, -0.20337881967201, 0.12756536136629, 0.33775547372805, 0.59272485323064
0.60572602496069, 0.079089539036027, -0.31154287744928, 0.1070972070331, 0.33587264586524, 0.58737114822304
0.57500156087409, 0.07254211309283301, -0.24024940979354, 0.11932542721706, 0.3402873817186, 0.59249073838988
0.60036163803247, 0.074651346295854, -0.24494758365402, 0.12080442010969, 0.34611762572115, 0.58738025413853
0.5980054253174, 0.07428687116107101, -0.24424177273513, 0.12736936754627, 0.35067194448348, 0.58868381913548
0.60501086903905, 0.079550033261937, -0.23739519717904, 0.12883710510704, 0.34662648555329, 0.59149687906241
0.60134560943339, 0.074564617479042, -0.22620436200169, 0.14010886607673, 0.3481564856061, 0.59029151787565
0.59265757563848, 0.07833552115527201, -0.19380351253895, 0.13534117000828, 0.33356070956135, 0.59520399837518
0.59253331699979, 0.077110539131595, -0.2620495708176, 0.11769890492788, 0.3241365908341, 0.59128204669314
0.5904363745248, 0.073926755962694, -0.21902445151108, 0.13677760668158, 0.32945921430011, 0.60126894213749
0.59118380979654, 0.077011218081335, -0.20734894016694, 0.12527244482575, 0.3440334171323, 0.59032410643181
0.60275865584144, 0.079532632664937, -0.22831555411043, 0.14062908942245, 0.35074193041593, 0.60088103117844
0.6060248413531, 0.078364148475317, -0.2365569662512, 0.1290939120578, 0.35431583865202, 0.60445757192007
0.60719362811269, 0.084399040063678, -0.22992689043697, 0.12843381573897, 0.37491469260619, 0.60323662860294
0.5912069217891, 0.08604985522449901, -0.15926892864902, 0.13434905656005, 0.36174095278331, 0.60525187780261
0.6050019995042, 0.089964715895038, -0.18420602615298, 0.12530085862768, 0.37213201126897, 0.60531183492333
0.61138511373365, 0.084912499804123, -0.2081556475178, 0.13062191948152, 0.35458026054019, 0.60561048865706
0.60774606688486, 0.082585234674243, -0.18575114374864, 0.12590426996582, 0.35752976901607, 0.60486823014172
0.57400676577297, 0.08595114577233501, -0.36080099318883, 0.12373247476955, 0.43424553667479, 0.6189521292466
0.56315469162266, 0.08447333752290301, -0.2206054782987, 0.1173328401672, 0.38400045720133, 0.61283749459285
0.60513073397899, 0.090955949221941, -0.17231580067774, 0.1293092604054, 0.37299727569189, 0.60842334665061
0.58177998845584, 0.091339439392024, -0.17392846092058, 0.13749916178267, 0.36589895518707, 0.61161196064307
0.59527659611516, 0.09137949839387201, -0.18616152538664, 0.11860509315885, 0.3287052819968, 0.59502789302489
0.56216752034517, 0.08629508068135501, -0.18644507674387, 0.12277878925463, 0.34222684701812, 0.60956228402253
0.58839652018031, 0.090232635714118, -0.23025244815691, 0.13188512219417, 0.32437916006863, 0.61732064132825
0.60006922834362, 0.09169459160536801, -0.22773898292628, 0.12327523609438, 0.35178093353101, 0.61358028914785
0.58602961264919, 0.09475616784469501, -0.22300254383436, 0.13076615467217, 0.36482845927949, 0.61766951503372
0.59651150085135, 0.091922375450012, -0.23385011991057, 0.13080644169969, 0.35120093254514, 0.60912589325479
0.53911418863395, 0.09889931913801901, -0.33280746937926, 0.13274677366662, 0.41831624328506, 0.62525224344223
0.54687522653339, 0.09210504771144301, -0.20679320602384, 0.13547639688967, 0.35065297516551, 0.61002681817893
0.58239085466397, 0.096733394195656, -0.41851907303264, 0.12979027863427, 0.40544463433101, 0.61640328795204
0.54042873589178, 0.07631415280864501, -0.34054508725257, 0.1226861940638, 0.37011660041667, 0.60345406316646
0.57023317660784, 0.07957173513875, -0.22816351720371, 0.12628015419153, 0.35622221452215, 0.59017977313263
0.58567999063933, 0.07717608184566101, -0.20853031724977, 0.1412910181601, 0.33249035126856, 0.59669505794745
0.57641673307965, 0.071743545555723, -0.16587758732067, 0.13111306035969, 0.33989368025867, 0.58832252614139
0.52002270768325, 0.06886516140493, -0.11470063545182, 0.13929882610255, 0.39956386084176, 0.5808119513062
0.52466516033358, 0.058026291112915004, 0.01912667796688, 0.15335390408213, 0.41896327485176, 0.56273866568643
0.53115768040556, 0.043846398211985, -0.043073353947906005, 0.11962920378868, 0.34742731591391, 0.56431126099124
0.54513068044512, 0.039115710150688, -0.17845843523582, 0.10270660544405, 0.31742792725314, 0.56206671326765
0.56992742145384, 0.036885769147128, -0.13865391574216, 0.12192905454168, 0.28863773272793, 0.57269281493916
0.59056262363252, 0.048809831705501, -0.21398594187364, 0.13116786479261, 0.32747918139013, 0.57705661489775
0.5879623505558, 0.048722295126161004, -0.26017685584532, 0.14152866347224, 0.32619687189171, 0.56903603379774
0.59171691270887, 0.051343401118554004, -0.21186906385411, 0.1425135177708, 0.32416188435295, 0.56398871533754
0.58638350641792, 0.054204801967968, -0.18156763748471, 0.14912439813543, 0.31295846708465, 0.57214623518727
0.6035369367201, 0.055482977547174, -0.22190891282886, 0.13501662875502, 0.314971505023, 0.57215319612992
0.59180707209232, 0.05341701750036001, -0.23327494701983, 0.13837457384853, 0.33418276850223, 0.57206188456028
0.59348979706095, 0.05878028744875301, -0.19768794724062, 0.13119525477856, 0.33897416518169, 0.57468895857525
0.6053226620271, 0.071043475636457, -0.21338041335888, 0.14358360849457, 0.33564644746141, 0.5828309296144
0.5958915839077, 0.068914760053833, -0.15463855796334, 0.13477133785824, 0.3514146091171, 0.58225837926345
0.59478329279183, 0.06303679575917401, -0.1240271651771, 0.13818334153132, 0.33849191388971, 0.58244036187559
0.58805545074199, 0.064052310315495, -0.056222103805493, 0.11749939947994, 0.38844828705403, 0.57849423286397
0.6214432805807, 0.05833358829723401, -0.28114632654338, 0.13620461580422, 0.34563223461125, 0.59014364471644
0.60268151000977, 0.05527970759062, -0.21354482887666, 0.13450410670624, 0.33754256388176, 0.59106090653144
0.61066856780333, 0.060524501885081, -0.25629287471018, 0.1426239390004, 0.34014686158396, 0.5881063094586
0.59660734601866, 0.06312416081733001, -0.24919091813908, 0.1469270430911, 0.31694029471644, 0.58446905970113
0.54230812516321, 0.07080214878410801, -0.37551753816246, 0.14006281031296, 0.38239028310568, 0.6011891294175
0.56547764535511, 0.062260132443041, -0.20182331232171, 0.14040906400904, 0.31375733745489, 0.5762375220581
0.6202411847372, 0.065648495067406, -0.27356914102002, 0.14677868073389, 0.31090787175361, 0.58115618183866
0.60331851314281, 0.063615229861674, -0.19815469744081, 0.14524311713351, 0.32271563800925, 0.58608936670764
0.59273707991565, 0.06989011926850401, -0.18986925814227, 0.1534048559391, 0.33018842677833, 0.59570457622789
