the plane
0.0, 0.0, 0.0, 0.0, 0.0, 0.0
0.045005553628949, -0.0078446164000764, -0.017405209952479, 0.0011205517402635, -0.019195892860545002, -0.015025655218262001
0.07285199013686701, -0.0081259235916728, -0.07203452768858401, -0.011813341599848001, -0.0003208514061226, -0.034051723555361
0.035295555831887, -0.023819826584661002, 0.025968670577950003, 0.0025575593442168, 0.018811609739399, -0.047498652388288
-0.0044427892323477, -0.01582048355769, 0.1167020775205, 0.030425162529015004, 0.011187859742508001, -0.073121835140836
-0.09609289685106001, -0.0001658068222839, 0.16786876652251, 0.034918471184384, -0.0090203887640702, -0.08996170300403701
-0.1107274739153, 0.008403726014281, 0.17618041559564, 0.024836824735526, -0.067437727408324, -0.06410988886546301
0.012987009177269, 0.025187742238381, -0.18614191283914, 0.043111868753177005, -0.13885394835982, -0.07055961792901101
-0.077647468411787, 0.0076657874025912, 0.11291126780118, 0.0027100253438176, -0.078913437314368, -0.09271258546510501
0.0016417278581433, 0.018387825155757, -0.023675074578967, 0.013486437883261001, -0.088045679311365, -0.07186701911903101
-0.016665907931813002, 0.023720765761802, -0.12144051340108, -0.0080076166689966, -0.02975233163588, -0.107682948903
-0.09939767361034901, 0.040256498003288003, -0.07568541500756401, 0.011043113579850002, 0.16940692259847, -0.091644055978106
-0.12921548706784, 0.042988417164798, -0.46912058342427, -0.01219273084145, 0.24628226840218, -0.071723541704776
0.033759169095074, 0.049057337261093, -0.77641687335788, -0.015662246624811003, 0.37320771901127, -0.063537326493097
0.029439432477866, 0.035303927702557004, -0.84726694598188, -0.022384103772888003, 0.49864588391272, -0.05180158028633101
0.15954207340424, 0.043263751532385, -0.81520525114587, -0.035036510978724004, 0.54734417455745, -0.05120474617167901
0.19300491451436, 0.045559958480067005, -0.93149620631093, -0.019907838636518002, 0.58188728250482, -0.035245784209496006
0.21838000117234, 0.04927764944378701, -1.036495119821498, -0.017627543836927002, 0.61998951256178, -0.041090242837443
0.26513994328127, 0.051324436904254006, -1.0147795686711114, -0.016402498680381003, 0.57136402451252, -0.014517970510411001
0.38408478292771, 0.05593385665013201, -1.178006987027024, -0.0007182420830632, 0.48500182928305, -0.0025135724790694
0.37460107009459, 0.043002768506158, -0.94000820491343, 0.062573769015176, 0.40964913310118, 0.029761704021524
0.12007451399104, 0.038288563493883, -0.50925456028949, 0.05729089986528001, 0.34043655799403, 0.037066303366815004
0.047997141658095, 0.030337791502579002, -0.14205401793872, 0.05627549815925, 0.30417372959015, 0.021530414368622002
0.015676636295594, 0.07295509606827001, -0.028239313911219, 0.056911183388347004, 0.30325379901324, 0.022722381935626
0.08953055687144701, 0.23464031091007, -0.35667140341054, -0.15775430060636, 0.09644650018342, 0.08959709710067201
-0.06768848913068301, 0.33518336011953, -0.65239780603441, -0.41079787224881, -0.016930838313526, 0.25621817389459
0.023036373845597, 0.40398004923389, -0.98128519304888, -0.5100045023768, -0.056999142113755, 0.38308840126379
-0.08867992996761301, 0.48894964331161, -1.102581110355504, -0.52087539216381, -0.023154159039594002, 0.43119543056725
0.025022002858059, 0.5443940390852, -1.0639665660206434, -0.48104670203166, 0.055370725980151005, 0.45722364484379
-0.016307583233855002, 0.55964490243459, -1.0270110016275997, -0.48361641356431, 0.073202625664888, 0.43997916569632
0.016200211614476, 0.58233957575106, -0.94369257850254, -0.46032375432496, 0.09399002433353501, 0.40619823526972
-0.012326598187254002, 0.50793140650324, -0.66434328826159, -0.33174972866901, 0.12697463651354, 0.32267688933133
-0.21641821543175, 0.28127618865923, -0.22802001021217, -0.17325770400941, 0.09151884095514101, 0.13139447858366
-0.12849561549893, 0.12922989032199, -0.24648812062264, -0.07761848541121201, 0.10909083127076, 0.06259007060788101
-0.022728129934734, -0.084219901822011, -0.31951119089846, 0.079215145767192, 0.13821051606799, 0.014881510633858001
-0.024807207090055003, -0.23317568311568, -0.19848398227212, 0.034296523295177, 0.13097476280759, -0.08888876671311101
0.033549875481447, -0.37563958828847, -0.24785102644417, 0.046708865615413, 0.12054925361728, -0.13542571366784
-0.0081442618709503, -0.52478302996671, -0.11256201807895, 0.039360088394233, 0.10903877843717, -0.14912094293032
0.026515547213736, -0.61063510724578, -0.22553439538308, 0.05765367787632, 0.10711151709681, -0.15324176969905
0.026684287507871003, -0.64404947830908, -0.17499112178684, 0.15474270464130999, 0.13024760996946, -0.11214395180232
0.054691763458085005, -0.7152202396933, -0.34351090839776, 0.09947607583909901, 0.11722295794646, -0.12384616942893
-0.010396774756436002, -0.7694173804065, -0.2262400831506, 0.046489832417080004, 0.20695527589022, -0.12724997426651
0.083364750098377, -0.74107292965761, -0.26808892884404, 0.010029007572855, 0.10978541011233, -0.14669771851325
0.10579969414719, -0.54985681901024, -0.66065429984321, -0.054146819953348004, 0.021496337782891003, -0.14023173584618
-0.042999623602632, -0.25850947121213, -0.92447788172677, -0.089623368145368, -0.0013571746869156, -0.08749305598264501
-0.1610445294891, 0.06650577145614, -1.1777025767531766, -0.24952743001259, 0.038736610785367005, -0.06010849198991001
-0.25837005657685, 0.32921220511483, -1.16373808279011, -0.27304976613449, 0.07493621169735801, -0.024851218697026
-0.08707503778634301, 0.56875975839641, -1.2755764307128215, -0.28767255925587, 0.12928761247256, 0.039395728244589
-0.21115293744354, 0.73562082096261, -1.378300126801887, -0.24906958189703, 0.11817277536618, 0.10321422315551
-0.12794655353275, 0.82487953670792, -1.3310709847900573, -0.25711651848357, 0.14298221921694, 0.11202125806216
-0.091201748358003, 0.85229877646286, -1.366708632706552, -0.25969481829169, 0.15384364364593, 0.11656830730939
-0.12240672181245, 0.75314556414677, -1.139328047278025, -0.22755617811817, 0.20275975148741, 0.11180875579321
-0.20210439922753, 0.56485931252905, -0.82110774195908, -0.16066494368918, 0.17678872100654, -0.026698556610044003
-0.064941726277813, 0.41347979510295, -0.82673033795736, -0.14586546350603, 0.34936705629622, -0.026029337233978003
0.083255112566067, 0.32988577368022, -1.0711085410236414, -0.07044090882063801, 0.50500548694196, 0.066993815233834
0.10236219092672, 0.28423603350554, -1.1675712422910547, -0.058580480058645, 0.63592109671406, 0.051478065287921
0.37112148047783, 0.27385108862782, -1.4911516185431806, -0.07485294353123201, 0.68558371055427, 0.060488618995762
0.22221399152446, 0.28639035617366, -2.561885996020885, -0.075444795871397, 0.79143985233257, 0.028591426291208002
0.16525912458219, 0.28412497779544, -3.370623491486853, -0.15290231258172, 0.99195717290802, 0.042784075811725004
0.25119502000589, 0.29669210854391, -3.952918566735537, -0.11955709543729, 1.0039756301881095, 0.06762623133501801
0.73583517394772, 0.26073476281377, -3.7372058647797357, -0.12520781384019, 0.89188294030751, 0.050659885545068006
0.92242637850071, 0.26473859032127, -3.892367199681054, -0.13773273325229, 0.85957435160563, 0.05344791673878001
1.0402766909172303, 0.2431004283602, -3.9346943699350714, -0.12504341302138, 0.85387684957567, 0.055913152526864004
1.1570268296181734, 0.21126820212079, -3.4734717089006946, -0.16539076672297, 0.80599781010056, 0.034313289508981
1.1100942774515148, 0.19058166926565, -2.9802060267985113, -0.17313393257035, 0.60964977584865, 0.051625927444702006
0.63689097387161, 0.17924306649037, -2.050478550610031, -0.15668127300974, 0.60434849760086, 0.05934648226447001
0.24296548328401, 0.16976387587399, -1.1535737852623662, -0.14770640747874, 0.57097687319799, 0.043585903094685005
0.24432082701594, 0.16309439468657, -0.61907997696959, -0.12539584746923, 0.50852925664477, 0.036180349560434005
0.0057870950524436995, 0.16251617565713, -0.5570042643555, -0.11740610754779, 0.46487970731775, 0.030843679323492003
-0.28219944888554, 0.18572955733445, -0.44437956484737, -0.17065371259325, 0.31072610285069, 0.027595460715503003
-0.66835302916373, 0.21455735380668, -0.33136673380672, -0.22112458031327, 0.17571578120139, 0.051958573618979
-0.74404610398414, 0.22089579576978, -0.46475237804516, -0.24220944576832, 0.02735393995397, 0.050485989833251005
-0.87220871673919, 0.20816260179584, -0.97462521166189, -0.26668084535192, -0.16708022520122, -0.018708082636939002
-1.073275209040479, 0.2274216206893, -1.6645863406572783, -0.27880011465691, -0.28261746252303, -0.066433315661919
-1.1449660658550311, 0.23281210447482, -2.09162097014478, -0.31802666164576, -0.35849662358886, -0.085730500999615
-1.3206906766666153, 0.22004859757622, -2.3324234585413324, -0.31840735448118, -0.22143169681166, -0.060701382065790004
-1.4225520397413807, 0.20967779552386, -2.5532612273467277, -0.27827611468396, -0.21543565287668, -0.047684892582614005
-1.5172761841030673, 0.19807312650852, -2.3153808242432814, -0.26254184181167, -0.071030383060945, -0.036239783802844004
-1.3115470402843505, 0.15819657376664, -2.2012637222231, -0.25408083511168, -0.10417906974813, -0.04662037263457101
-1.0655325636663868, 0.12853509716801, -1.734660439682186, -0.24072989732364, 0.06707984184575601, -0.10540562269493
-0.6061271349045, 0.081929199826251, -1.0069107805893742, -0.21476191436995, 0.024179666310982003, -0.16635774190504
-0.20217731496359, 0.036737303297716004, -1.0159571199230442, -0.20362811839936, 0.1632830992821, -0.21176785195077
0.082707439971008, 0.013957946478463, -1.0454132255536344, -0.19912921894784, 0.22548542835703, -0.23153497579475
0.28048757946788, -0.0040588758773211, -1.139426079561617, -0.16336360212151, 0.36531431697005, -0.23352764413481
0.46912196482577, -0.016076556239425003, -1.1357866099589247, -0.15469043614865, 0.44520848999883, -0.22903508978104
0.54636264478962, 0.0066021638263852, -1.0480498088949572, -0.17112981973903, 0.49237938731318, -0.22036060308039
0.49273881608862, 0.0019814146558651997, -0.94204991211275, -0.15879445061389, 0.5316418987724, -0.20493663270475
0.46172405511301, 0.021470086570571003, -0.74973151922153, -0.15800395058949, 0.56160950002338, -0.16191334464613
0.31485378833934, 0.028008421821204003, -0.57028409405364, -0.18564163507771, 0.57702561246845, -0.15310084973753
0.10721971179964, 0.020216961618868, -0.23643959403933, -0.28611220442935, 0.46982839694959, -0.085415735229173
-0.20486492526316, 0.010352316963727001, -0.12113242183659, -0.34157747873011, 0.382216960802, -0.10885532868363
-0.041149275359846006, -0.015793931150856002, -0.19781618189837, -0.32521154815368, 0.35923099211549, -0.12311891302819
0.0080420628813225, -0.0061705126199142, -0.34792119572075, -0.3424811168718, 0.35780840232553, -0.13200473718706
0.024798764029356, -0.017810412304138, -0.26467457460909, -0.28505068687325, 0.35804049632471, -0.16038252306165
0.07356614168265001, -0.024418161089347003, -0.60198833330679, 0.011792937100799001, 0.50862534479212, 0.0028346775486868
-0.02029228330563, 0.0023742235335495, -0.64449537389903, 0.34200800456692, 0.54945371647953, 0.23074631396751
0.012706775040791, 0.028982005890419, -0.48719026487207, 0.078026225474736, 0.42750293433171, 0.27562910185935
-0.21290259099144, 0.07756153983654, -0.56315081106923, -0.66014959152622, 0.16861126281641, 0.06125198855668001
-0.2672282313546, 0.03599942610233, -0.58377443599578, -0.9136444380275, 0.075915730739462, -0.22741756285071
-0.14128330426655, -0.027566080090383003, -0.65360509139033, -0.43121693919174, 0.1289183075119, -0.36237585051718
-0.19495478414857, -0.0077857003143082994, -0.71879124522116, 0.23898988186852, 0.17876257725199, -0.11312157667941
-0.18721412882129, 0.041903137418682006, -0.72252078736026, 0.27219652983337, 0.12798314613923, 0.14411213850363
-0.28679736541706, 0.060454142004536006, -0.54594926200958, -0.52860821148185, -0.10434961864767, 0.12844732963542
-0.30902002146173, 0.050470725007773005, -0.78126684298174, -0.94655573131333, -0.1109821122516, -0.082809080894685
-0.15184790690331, -0.013919143498091001, -0.8630187895332, -0.69507945007856, -0.07572058719029101, -0.41335505618317
-0.11951741775385, -0.060596192788065, -0.9182924550113299, -0.12800651835520999, -0.046459079599613005, -0.63801419704562
-0.14605561474583, -0.097224206196133, -0.74195721830267, 0.14115465195063, -0.024309871035341, -0.79567545365418
-0.047677943288293, -0.11552613421127, -0.77102794276561, 0.17491280970114, -0.04919763193930601, -0.88679513841074
0.036964339491655, -0.12927108769325, -0.86680970522458, 0.19254064212373, -0.071294149271118, -0.96703914229096
-0.0058223311631946, -0.20150267830758, -0.9601602304629699, 0.23231634594067, -0.0033689743129226997, -0.88237785639859
-0.1254717362027, -0.40179211008842, -0.81090044292402, 0.3325543994804, 0.047615708201377005, -0.58088172699797
-0.17037245852164, -0.60639784773783, -0.5242854270723, 0.25920740577469, 0.10253871332336, -0.43274809200947
-0.057173255931496005, -0.72917900310959, -0.60753154776903, 0.21587288932597, 0.1050624316227, -0.39195362020963
0.0091600875045512, -0.84242386611687, -0.52294327634263, 0.18633131420996, 0.09272792465841201, -0.3146872262539
0.06508688951774101, -0.91384406658538, -0.61099314310169, 0.13707198971505, 0.16049470545831, -0.29451095031728
0.09136310066998801, -0.9225532106267, -0.60538811097843, 0.13782391263769, 0.14327324444769, -0.25863593243617
0.14858688726543, -0.90063123763512, -0.7540168293013, 0.12230961306418, 0.16743738036929, -0.27879770121008
0.12316775538493, -0.89438194114532, -0.74250944243118, 0.10392892976265, 0.18902319447983, -0.25574811281688
0.13263902374653, -0.88527765166308, -0.73824201496139, 0.11586215996263, 0.19381394990525, -0.25547063421713
0.16731456252543, -0.86050568708469, -0.79965431418529, 0.08320686384572801, 0.14906045519386, -0.26055420177124
0.13956377331579, -0.78468655246852, -0.84309699897191, 0.020874972542972003, 0.11068487601308, -0.27178362785633
0.096527289929555, -0.71639067542132, -0.94139429194389, 0.010413458345794002, 0.14861983883261, -0.2882024267222
0.039526625819881006, -0.5949032295575, -0.83503658074973, 0.065698454350939, 0.21124177771701, -0.28314611691717
0.053673157445503, -0.4866856865105, -0.68912871678198, 0.05558082855738, 0.23828126801202, -0.27013933772803
-0.0009551337481354, -0.43378982330581, -0.62027791126384, -0.0057316666588205995, 0.22843917971383, -0.2500508033428
0.055154608754878, -0.41086265852961, -0.63498566183943, -0.041863058258915, 0.21368193850551, -0.24966619213481
0.038075886157285, -0.3422861049553, -0.45205528794644, -0.043289644969387, 0.2443532729545, -0.22647947218905
0.051542244618403, -0.32271792543784, -0.37742051502189, -0.09707739268844301, 0.22708759398419, -0.24151306407229
0.10180609772103, -0.3450055083059, -0.5024993309508, -0.12810050139999, 0.20830302904311, -0.25895590182027
0.073410387086417, -0.32872695880281, -0.3923240781929, -0.14201395158082, 0.21348420196448, -0.26588664493767
0.11998198763697, -0.33025850502031, -0.45920585373839, -0.14990734974432, 0.21282264883755, -0.27597189994111
0.084650050012846, -0.33027420121864, -0.40452413947545, -0.14448921300227, 0.22891043883566, -0.27032156219787
0.06495929112390901, -0.31999788676968, -0.43834659228204, -0.13400960608188, 0.22013452957973, -0.26954413001196
-0.019809686880625, -0.31379880269364, -0.20618471237844, -0.13476198721255, 0.24395024383208, -0.27133951893448
0.033106056243186, -0.30354950275665, -0.36425675244147, -0.12888699409224, 0.16988675568821, -0.26900173529179
0.06267654011296, -0.29601119689908, -0.48211340435901, -0.11994092391466, 0.21268893379776, -0.25244652268246
0.067880876891221, -0.28910630554224, -0.33234736552844, -0.13108256991668, 0.20799069164713, -0.26788905272376
0.09553748660446901, -0.2648239927202, -0.33225607450239, -0.10690080324759, 0.19397953008133, -0.24372299516339
0.053645004319346004, -0.25020387173694, -0.22794952213888, -0.10598801615768, 0.22052483172514, -0.23888206460169
0.025566784283089002, -0.26135962962548, -0.15451456297483, -0.1094989721718, 0.2550295150233, -0.22005608878982
0.060894366617063, -0.25862115904558, -0.073188419388083, -0.11065033112134, 0.28737897940086, -0.17524309594971
-0.0075213537918293, -0.26381951121668, -0.14268180933583, -0.07021696252972501, 0.34558477593209, -0.11275150421363
-0.09434862754806901, -0.24588863411509, -0.0073077304997415, -0.017709599082344003, 0.356708485741, -0.020268913200285
-0.061726171413272, -0.23544568002209, -0.090376670886019, -0.008472085592404999, 0.39164076115961, -0.013585306414875
-0.0088158287024674, -0.23419527946361, -0.14753307283476, -0.017342506123482003, 0.36438675077034, -0.008848001883736599
0.046936982246935, -0.21812011025677, -0.30241552878182, -0.013178024017838, 0.33841867546397, -0.0007085640404313999
0.040699138528356, -0.19761033859724, -0.32477874661214, -0.015841079681348, 0.2851902828062, -0.016810154834607002
-0.010570487398434001, -0.20503699241269, -0.31219782297625, -0.023487890884057002, 0.27548369212151, -0.036013823298029005
0.020832116953794003, -0.20560763321203, -0.37132266586541, -0.023755741395328003, 0.32753674446901, -0.039429924260738006
0.0067148096562781, -0.20462259682481, -0.23443046525194, -0.025104922281063, 0.34204922895973, -0.046312343083065005
0.018764052882972, -0.20512801096024, -0.24687805215677, -0.032769467022099, 0.35259499678923, -0.052247544629749
0.016578727027353, -0.20544834076279, -0.26088936136327, -0.028007632231489003, 0.33168718890875, -0.059012525878114
0.030924123394177, -0.20232606495851, -0.2671813754251, -0.0099575138718096, 0.32212662366711, -0.058137085976632
0.0013828860664502, -0.19157568040664, -0.27526128756832, -0.0025067191876568, 0.28920687034485, -0.07288271361420101
-0.028498052024454, -0.20829484002021, -0.28022987305273, -0.031766479459684, 0.32398194291469, -0.083977266666343
0.009475357063147699, -0.20106655086292, -0.33149127752891, -0.013340885934108001, 0.36373146698784, -0.051534735182987006
-0.010371098608587, -0.20511995141021, -0.2477718837118, -0.024366036375542, 0.35356141828099, -0.06735109340307001
0.020228856064241, -0.20595591905637, -0.24522526718247, -0.020484306218884002, 0.33262216107289, -0.06251517594478401
-0.0005840323896881, -0.19929866968556, -0.23514026783726, -0.024806483534787004, 0.30970408593265, -0.06719956828569701
0.0019589258231087, -0.19755151377036, -0.24736240041132, -0.023785255261262003, 0.30450111490291, -0.06590768267336601
-0.030699658208382004, -0.19403700828407, -0.21453605374448, -0.027510581348965002, 0.29353483990364, -0.068073096953704
-0.025658124406691, -0.19316714026854, -0.20889442564148, -0.037488938303003004, 0.27867097529524, -0.06952039207447701
0.0040987467807685, -0.19813756433137, -0.28501534920516, -0.023332112596826, 0.31112245670097, -0.06565409377357101
-0.014452476361673001, -0.19188770982334, -0.15200826842798, -0.033643993753192006, 0.31990450614479, -0.079953721640764
0.028310672466886, -0.19477489138805, -0.15274347345637, -0.030502438970210002, 0.32467344521216, -0.08814627926264701
0.017034153959123003, -0.1994142532918, -0.14031289706482, -0.036179927589897, 0.32163939234295, -0.086946417776512
0.0039078295714445, -0.20362381695674, -0.14321245898138, -0.037951848876865, 0.31562740393979, -0.10002761176905
-0.028075583343785, -0.20627430381676, -0.008047358106893, -0.035562165281528, 0.32034469571475, -0.10240426964447
0.0062766324205857, -0.20179010966517, -0.15686771983091, -0.041574862191755005, 0.26792270454113, -0.11875384578612
0.023759729958553, -0.18969281881351, -0.21195096978376, -0.010261775391259002, 0.30821927469071, -0.10544077602368
0.01006990489066, -0.20426954166362, -0.11947274603832, -0.037522973030075006, 0.3392127771525, -0.12143010603662
0.0074077051483833, -0.20322900139226, -0.17153317095328, -0.028567800955938003, 0.35864802524874, -0.12894281145452
-0.0084001204486007, -0.18887641297038, -0.11846953079157, -0.020223439628018, 0.32252793094512, -0.12586537159248
0.0027529115960639, -0.17550344154267, -0.2085323420192, -0.011715194993860001, 0.28214511336262, -0.13557517223901
-0.050840570652158, -0.1907636175744, -0.0062536815751285, -0.01850508705869, 0.26128039156173, -0.12706118408348
0.057083214745400006, -0.17873553147359, -0.42426778570302, -0.012002940270888001, 0.25417892640129, -0.13344939661829
0.022195303353518003, -0.19128676147813, -0.18658481295461, -0.017202296137983002, 0.29253382259824, -0.12759766601751
0.047631328817003, -0.1866906860555, -0.23106408679615, -0.034790461861755, 0.27149199953921, -0.13307277923185
0.011000322048792002, -0.18846361047349, -0.14439621440979, -0.024002143713751003, 0.25870030910868, -0.12375124696402
-0.0025439468328197, -0.19421935027822, -0.23084494310527, -0.027364950029990003, 0.27159443376266, -0.14325013748154
-0.038419281858223006, -0.19756898077639, -0.10129693218424, -0.034065159975426, 0.2387443068956, -0.13950395309153
0.046186692277453006, -0.19776803583855, -0.31390010945519, -0.052197799725605, 0.17811836944406, -0.14981805038639
0.05243680365660101, -0.20617984739041, -0.32679672629415, -0.04411456522844601, 0.23019462653865, -0.14153514052356
0.028108274977123003, -0.20018027489517, -0.26808349549801, -0.053999819040167006, 0.25101214348416, -0.14961790238226
0.034401594864773004, -0.2006544019748, -0.28314138359042, -0.052086731161205005, 0.24634544319615, -0.14643469205065
0.0092813300961517, -0.20331044651323, -0.26571816628673, -0.046573016742726, 0.25244999588613, -0.1508078001973
0.015304032627354, -0.20109218381943, -0.24868293947848, -0.05596016009761701, 0.2260418160247, -0.15352990528796
-0.025333767211075, -0.2029905430069, -0.24219290572228, -0.066575476601844, 0.217588533784, -0.14419724948746
0.038800945867786006, -0.20886581810708, -0.37491046147989, -0.065880077677247, 0.23812723794109, -0.14529439460223
0.0073290810303863, -0.20407622198466, -0.2589543891419, -0.052866143559431006, 0.25829410312268, -0.15449104141579
0.017610041595573, -0.20574219125409, -0.3166801665471, -0.058525524637268005, 0.26265734576202, -0.14761041391591
0.0031746305682903, -0.20745281828983, -0.27409552345, -0.05897709004295001, 0.2580057770896, -0.15006726341785
0.020620975949229, -0.20890124635501, -0.30482106489306, -0.04985306684334, 0.23954863213086, -0.14913611124678
-0.043153624014428, -0.21081967801306, -0.19200865698793, -0.054823681780038006, 0.22303990938849, -0.14147006652239
0.02031156288485, -0.21027341368828, -0.34533822023641, -0.061768532752881, 0.20090158122942, -0.15129646061489
0.0072294467528712, -0.21495225972049, -0.28491671876383, -0.05251951675945601, 0.2476679864109, -0.14766896352309
0.033271533082262, -0.21179448226169, -0.26679089761447, -0.06291512395161801, 0.23633982136665, -0.16603971837109
0.027799103535899, -0.21497679301162, -0.26960382727315, -0.060029629884192005, 0.23692797229392, -0.17113521027092
0.046156226440277004, -0.21539356876361, -0.25697117249737, -0.051762763457815004, 0.23264150829637, -0.1686174939046
-0.0034040358259288, -0.21859128595121, -0.17559927462038, -0.05163771590702, 0.22475819912821, -0.1951918615226
-0.045027943175597, -0.2427226907372, -0.011311664187627002, -0.06649495883996001, 0.2232209955664, -0.20124919501634
0.06344447304143301, -0.20176638754576, -0.33682795291982, -0.032481679055435, 0.20427260558724, -0.18360445198444
0.046207967616861, -0.21926193693903, -0.22161308209365, -0.041958598988412005, 0.22805735058977, -0.19564267985806
0.055866378329352005, -0.20783592574205, -0.3026282982768, -0.041792456313946, 0.2123818999134, -0.19506859216749
0.030355197358834, -0.21630557695536, -0.23719413103021, -0.043956369734441, 0.22725308032714, -0.1967778347274
0.025822117376755, -0.21056470722503, -0.28113136183013, -0.024930434105716003, 0.21743501690623, -0.20364810477550999
-0.0071466312663929, -0.21409368292745, -0.13862218410364, -0.030275540460326003, 0.24047161223987, -0.19286898945852
0.022514424300709, -0.20739156367001, -0.32554890156488, -0.04125936905915, 0.2020716528677, -0.19224907429937
0.017384337587064, -0.21138925639566, -0.27503772111061, -0.014374151892144001, 0.19431730913925, -0.18098605223294
-0.0012777753034379, -0.21597570795386, -0.21235551000187, -0.042532539188556005, 0.21998317962618, -0.19448815698133
0.021264069806755003, -0.21240616372247, -0.22854470789181, -0.024642753255746, 0.20731453570125, -0.18099683238529
0.0018714119550008999, -0.20908232776944, -0.30650445578815, -0.025231337518206002, 0.22141860375785, -0.19593643655615
0.010623951672513001, -0.20930224728295, -0.29462416577049, -0.026608834352455, 0.18595448199114, -0.20520582089075
0.0030191083452734, -0.21701495633002, -0.27371572070485, -0.037824291170422006, 0.15717707211659, -0.1929675930351
0.038845348881299, -0.22021552699963, -0.35374319743044, -0.041326682706653003, 0.19742523037862, -0.19109887689181
0.027403945271485004, -0.2175139915592, -0.21504279146459, -0.027255025532212002, 0.21067990061399, -0.20516549778156
0.038940205855128, -0.21718277188003, -0.30265526889321, -0.045824516285687004, 0.2382423974475, -0.19051861507812
0.030316410327584004, -0.21268358263786, -0.27636334952738, -0.047289142950009, 0.21695653511993, -0.19042586051734
0.024131000218890003, -0.21915245965277, -0.28386368011365, -0.038334426684818006, 0.20420115522681, -0.18844241219008
0.0093287950566306, -0.21101065423245, -0.2416039943851, -0.047617328802937, 0.18531237449023, -0.18300252635914
0.024750713305151002, -0.22277256850582, -0.34069633559591, -0.052885906448377006, 0.1887411971754, -0.18109649315033
-0.011915505037646, -0.22605436018095, -0.21017880919514, -0.042021176832808003, 0.19373630163548, -0.17909206305336
0.033335724271720005, -0.20856370758304, -0.29967284380441, -0.052631313739542, 0.20727738642232, -0.18270778800575
0.031793092747439, -0.20813529782032, -0.2956390058802, -0.047945792933208005, 0.20958888264899, -0.18028407761177
0.027053355239127, -0.21349199463096, -0.33206035702666, -0.04648348701921701, 0.20677552841408, -0.18452390691271
0.029109044939164, -0.20919192945475, -0.30924531652226, -0.043168147897751, 0.20132131393367, -0.18650008200982
0.021456221162938, -0.21685962879089, -0.2822032990248, -0.044464835204547005, 0.19754128447949, -0.17345377867292
0.021430399539475002, -0.21505810912375, -0.35507663642012, -0.043329003701227005, 0.21423710486273, -0.17610368355377
0.0056441932424721, -0.21567885335115, -0.23319591282899, -0.043455632382037, 0.21971731023631, -0.17328475186539
0.038280428207657, -0.21136594116264, -0.29360307433773, -0.047286542440327005, 0.21888612810615, -0.18445247747514
0.034634239265664, -0.21603539290824, -0.31411803860493, -0.051060732859263006, 0.22079085314926, -0.19042202669874
0.058427116770722, -0.21177255117231, -0.29912396719733, -0.033069629311659, 0.21314366363419, -0.18938649538384
0.030326547567796003, -0.20747487363777, -0.26001299208677, -0.035873660266715006, 0.20971122474718, -0.20232619327685
0.011054884632323, -0.22147765965278, -0.13812731624485, -0.051264109443054005, 0.20541079575342, -0.20011134058686
0.038637185159529006, -0.21292527800855, -0.33813778246374, -0.034854421295783006, 0.225121570924, -0.19155626778833
0.023656541387422, -0.21920878785838, -0.18588129898952999, -0.047334214744327, 0.21895153957244, -0.20086254637554
0.067402160206111, -0.21157172355027, -0.23201799845401, -0.047972324742577004, 0.22639841027381, -0.20945443410551
0.028612077820773, -0.21145321860104, -0.21643538250001, -0.039889431123487, 0.22714997600244, -0.20839699432581
0.036164067084773, -0.20362097361392, -0.23871770229214, -0.033635504862439006, 0.24171438142239, -0.21506992618667
0.011456226791947001, -0.20154245549282, -0.22706202576389, -0.031910802315432, 0.22315241145261, -0.2144301031082
0.0061424465830678, -0.2072240444098, -0.22823580186664, -0.050826319438409005, 0.22257388152202, -0.21365538162716
0.0060707696247998995, -0.2043949469427, -0.32486198886594, -0.045245103026529, 0.25229964196101, -0.20960955668287
0.0018220009923731, -0.2033287110744, -0.23130459542655, -0.053830559591291, 0.237056742988, -0.21494286167787
0.026113312562047002, -0.20097856371581, -0.27433154832119, -0.045812414039864004, 0.22305529625698, -0.21345895292769
3.7265781441e-06, -0.20580852426379, -0.26392415540149, -0.047276727251374, 0.23028722982689, -0.21824214713643
0.023896913278519002, -0.20052832386913, -0.3530835007072, -0.03655465125906, 0.22887046813396, -0.21239266838867
-0.014924277223031001, -0.20781031261214, -0.25337628067791, -0.044212042368739005, 0.21893581646692, -0.20908597050737
0.030242394748016002, -0.20210400680697, -0.44915803035569, -0.044265614150872004, 0.22419442895776, -0.20753259223536
-0.0009206791966371, -0.20379269110044, -0.31324258115797, -0.038853727979912, 0.23884961651457, -0.20133795473903
0.025381690853281003, -0.20619806937438, -0.32136503979854, -0.047913768993705, 0.23548056399458, -0.20610700728178
0.022266456366022, -0.20034203501027, -0.31257986352653, -0.043283103980836006, 0.23155245120317, -0.20766138303953
0.029116413222209002, -0.19917163784577, -0.33698572064372, -0.038228550783722004, 0.21867791832639, -0.20422058134091
-0.0006822000266293, -0.19526395775464, -0.34729451124152, -0.04235490247449, 0.19632977417561, -0.20265389511033
-0.012382679976655, -0.1991474193712, -0.35480297588847, -0.046828476540071, 0.20022935789199, -0.19148094337525
0.0007122479158706, -0.20360455338936, -0.41152721624155, -0.0534074564604, 0.26564126271319, -0.19436933318294
0.010550272882241, -0.20276178897069, -0.34442768555896, -0.044673779033310004, 0.23591444091027, -0.19878297718517
0.028076836153392, -0.19857171832801, -0.3578974940666, -0.047905644224848005, 0.25639929805425, -0.19826310826455
0.022207374281377, -0.20177959240647, -0.43428300588467, -0.030302290186091003, 0.26240311982587, -0.20235796120737
0.035491777985304, -0.19619622339451, -0.47033175771147, -0.037554062636317005, 0.29857958600096, -0.18126614862703
0.005607229445722, -0.19696525824029, -0.37795210397761, -0.041282385285163, 0.21254133387185, -0.18081344288585
0.015689133725723, -0.19479391851299, -0.38830862255711, -0.050326918012346004, 0.18134673356414, -0.1918095810134
0.028777166525184004, -0.20312050877533, -0.43038541923481, -0.036485523951676, 0.22770802109073, -0.18698687309992
0.025313340815151002, -0.19903507955128, -0.36492500303719, -0.046096546777636006, 0.23379360326748, -0.18940247962861
0.049078585970409004, -0.20546778800837, -0.35997960812609, -0.0395244880008, 0.21278302207466, -0.18636826993886
0.041685521327990006, -0.20244112096508, -0.33734798647472, -0.036818540135378004, 0.1777131398257, -0.19499830134424
0.027612660222489004, -0.2004814565602, -0.41353185221872, -0.039146517879727005, 0.23270072479316, -0.18933183542648999
0.0010679746399985999, -0.19917230635799, -0.29143828233864, -0.049911210188160006, 0.19086969632378, -0.18155708704609
0.038350957489343, -0.20489948742516, -0.41002069962575, -0.054924295076050005, 0.16434946786998, -0.18688025564707
0.019028356911314003, -0.21049552833174, -0.30864725847667, -0.048832823896955, 0.18118949979221, -0.18121308473035
0.030549171687535, -0.19601461135782, -0.28820012526199, -0.057077598104694004, 0.18370207558978, -0.19482715498965
0.051914052048647005, -0.20209248698002, -0.30972453793979, -0.052498604047969, 0.19368880296514, -0.18724906916942
0.061194808002509, -0.20113906117382999, -0.33028521077561, -0.053967566651734, 0.18091751652102, -0.19718831942583
0.045443133385985005, -0.20552651256940999, -0.3150091660723, -0.051370210101132005, 0.17698537385869, -0.20195382686927
0.020084908456847003, -0.2134490772376, -0.12698152330865, -0.054326130642224, 0.19236190379555, -0.20740816135141
0.061568995383719, -0.20113389105619, -0.36252875778003, -0.054233251562347005, 0.16475305832828, -0.2116774033209
0.027984305237416, -0.20476791064654, -0.25922858751965, -0.043240959462323, 0.1887185296043, -0.20565503677611
0.061384982828195, -0.20861562054011, -0.27180229794621, -0.058409719883706, 0.1781830541944, -0.22609691160907
0.054132474206614004, -0.19655560307667, -0.32048960689467, -0.033980387905002005, 0.2025691371371, -0.21819277635185
0.051176371906249005, -0.19533296436376, -0.31586113473734, -0.030617597524628004, 0.19282844356288, -0.23051004851136
0.025112476589782003, -0.1811862999614, -0.30772902535351, -0.022576845606847, 0.17950319944341, -0.22259506902961
-0.027692165151146003, -0.17608602461269, 0.16178410969499, -0.021784647723949002, 0.1743923495705, -0.2470715944671
-0.12269332090811, -0.17214464871149, -0.20796637537629, -0.03692513273129, 0.23513714308971, -0.25522153911466
-0.19190088931943, -0.21962070617831, -0.1151020562574, -0.081198313715858, 0.19482800868558, -0.26865455229077
-0.11511386706591, -0.18889581333239, -0.28487069797009, -0.058306121048061, 0.12715632490048, -0.24894339110635
-0.20348985516035, -0.20032739710273, -0.29538412880943, -0.065594670112131, 0.12952117381486, -0.28763634663589
-0.040546048603636003, -0.19295508739435, -0.51065952405016, -0.039611209377182, 0.031536909782448004, -0.27905220612424
-0.0098701810735658, -0.19170367995068, -0.57419092878907, -0.027280777323809003, 0.0468053712655, -0.28634875939329
0.10258314728087, -0.17045484498386, -0.94239627471647, -0.044349120568519, -0.031345101239568005, -0.24369795494005
-0.012943690553528, -0.20754411351777, -0.85594094397483, -0.060154074509671, 0.019155508993496002, -0.21152271810693
-0.046292147429265004, -0.17934358954483, -0.59709897781453, -0.025677560103479, 0.080820045342746, -0.16495850729185
-0.025371383969834002, -0.16923707575491, -0.50089626085448, -0.019681241435432, 0.08579448453121101, -0.17553234283262
0.057161260175843005, -0.18560864648028, -0.60505405435895, -0.049639549270350004, 0.070575190113376, -0.19341211845115
0.089218421057944, -0.21494709200761, -0.71462513911842, -0.08375504064255701, 0.055766624702046005, -0.21777395892796
0.09595339417161301, -0.24079962358672, -0.6290974799157, -0.10541529312777, 0.039345041536564006, -0.22858110708454
0.075252527728738, -0.22150589744037, -0.72068086062508, -0.09858138774178901, 0.10349117498785, -0.23106394674764
-0.032540878269623, -0.20834850049484, -0.54693337707199, -0.051938355143289004, 0.11151184182551, -0.21165760662298
0.014872075842906, -0.21054327032998, -0.70479208118814, -0.088361476069231, 0.074300953123628, -0.23264797437332
-0.05111636067098901, -0.21792606086495, -0.47220610080057, -0.064568808848473, 0.09573512408062701, -0.24590998200651
0.024214223991231004, -0.19903765280713, -0.64533192179508, -0.063047226086303, -0.059082289812777, -0.24071301942978
-0.039438091755336004, -0.19204185716646, -0.67662209510123, -0.08742599254053701, 0.057712628680961005, -0.25532222410513
0.027597057781909, -0.20109523803963, -0.66203962198415, -0.06708547568327901, 0.05800159655104001, -0.22877819476852
0.0098809248446014, -0.19300575960085, -0.63743437940825, -0.07828179829316201, 0.1652950024368, -0.23866066860886
-0.030131592566581003, -0.20449362584596, -0.4398770257052, -0.07128749664528, 0.065747085132824, -0.23520494233005
0.094424060650348, -0.19245731011396, -0.79020027599892, -0.077805619393104, 0.054460068743345004, -0.25047133803546
-0.028196246067196003, -0.20233752702016, -0.54634612097526, -0.061468893199692, 0.09183257201125701, -0.23320488845345
0.016582653059244, -0.18788687400498, -0.71573716873, -0.051924127458447, 0.038234476709876, -0.24660609470798
-0.0068015234956622, -0.18736892990197, -0.67550403036833, -0.06040120322770601, 0.08369355561743401, -0.24538646854055
0.042434901140279, -0.20013185558291, -0.77476313510122, -0.072534505421788, 0.084998478086553, -0.24735227064818
0.045689978830400005, -0.20021931807469, -0.69845873476083, -0.07322731777656301, 0.061894327086788006, -0.24628817734973
0.081488671603218, -0.20503445071578, -0.72543906895031, -0.07622619641796101, 0.075423066262503, -0.24607714186453
0.081928591714006, -0.20868447861988, -0.7729256932994, -0.088087880366922, 0.11422420823559, -0.25049987766332
0.07192786467843, -0.20458710274841, -0.70369265745097, -0.07858192776423001, 0.085304859985784, -0.24946255515695
0.068231620679724, -0.19076001218845, -0.82294370615702, -0.06644980350028701, 0.12231466788016, -0.24948881837692
-0.013700882765019, -0.19947600181495, -0.61282340255969, -0.06278249339257501, 0.08385326561589801, -0.23778886475823
0.038038188906278005, -0.20388075590341, -0.87637094144755, -0.090014208442004, 0.062646354891468, -0.24679505806987
-0.062081274862884006, -0.20929908907926, -0.66444583037936, -0.077157891166373, 0.060142821124905, -0.21868157874324
0.0029300894280398, -0.20066697252115, -0.88688955760521, -0.08432699292353801, 0.0196666071421, -0.22805465810779
-0.023459777979189002, -0.19540600884819, -0.90587363708508, -0.08146065218857501, 0.029058729419134004, -0.18915422205917
0.054123932926618004, -0.19170759133752, -1.0835970989805255, -0.045704018023397006, 0.07496247054430201, -0.19715936773758
0.0034155009059168, -0.18624926180587, -0.95319949588218, -0.056715789378345004, 0.08574611455368401, -0.20795753182241
0.061516413428198004, -0.1951749569207, -1.0073596602963626, -0.061401463095861, 0.05329522649875, -0.19916967935748
0.028334445837439003, -0.20359189204637, -0.89741318653446, -0.034016848501675, 0.1096545894241, -0.19525208017816
0.0031560363542013, -0.19435690731617, -0.95689198744241, -0.079341451263162, 0.089590866277042, -0.21018346502273
0.016037837523129, -0.19610635031433, -0.90794280227804, -0.035392915751743005, 0.11237034187839, -0.18722731666177
0.09376281565786901, -0.2038515498168, -1.0527211308357467, -0.064396734274498, 0.030998132766237002, -0.19683234497303
0.15085031164386, -0.19947846312437, -1.1528911928883006, -0.04466316874745, 0.043687147929868005, -0.19806399163172
0.15958358210413, -0.2155583050118, -1.0218712820475548, -0.078928094014782, 0.021202632783603, -0.20396264047454
0.12677371113338, -0.20712886091465, -1.0629418848835055, -0.027438618388676003, 0.07552764962063101, -0.18823436636726
0.10470346539313, -0.22593596356372, -0.89534585247078, -0.059501927501221005, 0.07039167954549201, -0.20376693059386
0.17212073680766, -0.21195230583634, -0.8884045629616, -0.06436688921123, 0.064852990202167, -0.19952615773874
0.13032833963604, -0.21825382875523, -0.81206639493266, -0.06167982488247001, 0.096870946191508, -0.19160605380344
0.045648842991534, -0.21307789006153, -0.61696111914286, -0.052997796074119, 0.16530572415454, -0.18573959960639
0.06058278348468701, -0.21454832425092, -0.64869155195002, -0.08829395465629, 0.11281053648446, -0.20120644228108
0.08605051392043, -0.23473552824595, -0.80813843995558, -0.06236564067133701, 0.09038550540559101, -0.17422140414628
-0.034212298138245, -0.21364299605043, -0.69436750804764, -0.084058635817381, 0.10116545206009, -0.20636068552686
0.09270421077031701, -0.21016048912011, -0.78391645168759, -0.033548702687184004, 0.17196163430391, -0.18299974848561
0.0071473623013721, -0.21807956659032, -0.5521415436417, -0.07095362504337001, 0.092615686289699, -0.20033139725907
0.15993835147215, -0.19794387457871, -0.94066883388255, -0.030830236207533, 0.13973678987683, -0.17029575719395
-0.06790588539829401, -0.20913079774918, -0.67935297428767, -0.051285163608854004, 0.10071952004869, -0.19862758643916
0.16125469735835, -0.19491326623832, -1.0623043742238956, -0.033201467553844004, 0.054628732537265, -0.16624721718822
-0.069064157866881, -0.20443574584528, -0.78355363013651, -0.057570522236557, 0.08382734522388001, -0.19854292494813
0.116283560896, -0.18907004503302, -1.0699028957468135, -0.016605696092482, 0.06366472100406301, -0.16798091339834
-0.07220563443398101, -0.20360421355604, -0.69687917770318, -0.050652082374831, 0.076288174997822, -0.19549324433593
0.16849453272412, -0.18808598203693, -1.1940570637871184, -0.019218728120995003, 0.065396563967929, -0.17606611853764
-0.073649078788073, -0.20303024842111, -0.76747120061744, -0.027948280525418003, 0.089675835188669, -0.20650798599383
0.13592378262392, -0.19236154750072, -1.1667464615740464, -0.018161509185252, 0.01915661189464, -0.17644760580462
-0.06840556672929801, -0.21002654032294, -0.90679699654621, -0.057965374294152, 0.061827314565014, -0.20074871696455
0.1288195140592, -0.19871379343048, -1.2072365271281484, -0.024265440865724002, 0.069958187330883, -0.17576216704309
0.043117015285067006, -0.20914940753224, -0.88154326646785, -0.041240146580579, 0.093544739372638, -0.19975099433352
0.1714820477222, -0.19577575940798, -1.2628521903877226, -0.01335523425887, 0.07834748940170601, -0.18321527429417
0.004872356534239, -0.21043835463808, -0.88390375061605, -0.034014541479766, 0.07846953402194501, -0.1995053031661
0.1979803860252, -0.19115307945841, -1.4317916574385317, -0.029991266080699002, -0.012135364543647002, -0.20224616135023
0.0013987268833128, -0.21515236472632, -0.92359287155606, -0.035065154727666005, 0.028177022326607, -0.20653210947329
0.20843867483719, -0.1963405650836, -1.5158557516727709, -0.045914341984336006, -0.016097776205441002, -0.17533127703046
-0.018137573726141002, -0.20856861803868, -0.87698577722121, -0.026210908899054003, 0.13525250294215, -0.18978241580585
0.21550818583009, -0.1975891743203, -1.3651079679513134, -0.030573611184730003, 0.064249477808168, -0.18012531414244
0.14800635859825, -0.19873795766579, -1.3414302805662415, -0.023762062680247, 0.117022188262, -0.19199582323105
0.22730396247189, -0.19511829127859, -1.4599714577127432, -0.016327398882711, 0.065367133989333, -0.19890292830742
0.20809368539513, -0.20084750704623, -1.3651906960082691, -0.03191169400478, 0.050972388992996005, -0.19667071537875
0.22957976252966, -0.20506733316174, -1.4305423598652869, -0.040179302340576005, 0.05968156603388101, -0.19891311478541
0.17507368917492, -0.208550849066, -1.2128791735229931, -0.030010244105164, 0.065582308010322, -0.18294143647124
0.18599655685144, -0.20572831818945, -1.2991538977368404, -0.028656632842979004, 0.10801138829639, -0.17410083584393
0.19341631634014, -0.2036342049834, -1.0814071513678871, -0.025938191999128002, 0.085197074104882, -0.18242028473042
0.15113786974271, -0.210733190459, -1.2387230377314196, -0.053331187970613, 0.14396555066383, -0.18133685627779
0.14049069992109, -0.21274187879577, -1.023830099379299, -0.037077582412624, 0.11242677358077, -0.18029300788408
0.15475621821818, -0.21287997241578, -1.2063854537787788, -0.012366229051290001, 0.10531648436847, -0.17057454436512
0.17084171377008, -0.18405469215241, -1.1960153087923566, -0.052724763377416, 0.13435327872368, -0.18763346984028
0.15754257013289, -0.17209114048295, -1.1644012685967853, 0.0295802978961, 0.15487187860944, -0.18124758662081
0.18908494724401, -0.18125332972241, -1.1190901500207098, -0.031928023178136006, 0.09669416421619101, -0.22340712191921
0.17278761736029, -0.16658106863645, -1.2104085423216773, 0.023578523635014, 0.13127748509109, -0.20623474062822
0.17962817640012, -0.18648765798775, -1.4179959596712992, -0.05938777669678501, 0.10889044078629, -0.24641838562308999
0.15126694188649, -0.19370507809681, -1.3007601344836908, -0.027765483988801003, 0.09221245926288901, -0.22048024093715
0.16011845799795, -0.20744308050274, -1.33675534445699, -0.031031489041216002, 0.14022754602894, -0.23162746819446
0.14336347836161, -0.16862077329397, -1.2384389691760216, 0.01689180804533, 0.15444909307958, -0.2122627747835
0.14757545262949, -0.17203555116594, -1.3091040440767343, 0.017643914638236002, 0.10968212041715, -0.21672103940988
0.17419990701201, -0.17021805905561, -1.437146647065691, 0.047235563997465, 0.14067575764034, -0.22521926165814
0.13088366778717, -0.20528069267581, -1.4422857587637319, -0.028378283089383, 0.12718046430513, -0.22460726252123
0.14488911792566, -0.18874870656931, -1.3523768758568935, 0.029028626240142002, 0.11419174765865, -0.2198985974352
0.16564391535818, -0.20882512788716, -1.5596551965749514, 0.0016665141105967, 0.11741572363455, -0.21663126981056
0.08317022997986301, -0.22345779452489, -1.3693014235041236, 0.0054875670890782, 0.1678505787735, -0.20410060176546
0.16168314902162, -0.20955619249578, -1.5007398083092884, 0.014207777648051001, 0.12209174349989, -0.20559306005112
0.24304913528499, -0.19373971455438, -1.5526033664164722, 0.05671623035071301, 0.09940541956000601, -0.1897184764092
0.29184277516604, -0.19631154429124, -1.7249883478606987, 0.029793860871692, 0.08898206603885801, -0.20409110054536
0.26762182195347, -0.19241834949947, -1.7105611861064218, 0.035328585045918, 0.11663224827245, -0.20580938326569
0.26295056342112, -0.21049141541424, -1.6592809432170652, 0.0068702040530478, 0.08034001838385, -0.20246306753334
0.25414867712965, -0.21701478680873, -1.650147503213992, 0.027217966018185002, 0.10983308436643, -0.21351002910381
0.1557523290333, -0.24002627350878, -1.6148305125573033, -0.041586430824148, 0.17735748951563, -0.20541409438018
0.19859534060476, -0.20764831274941, -1.4623283029416276, 0.053306758472219, 0.14305837322816, -0.18189228357711
0.27622730895825, -0.17402533475087, -1.674043567665029, 0.028995167454265003, 0.120545186313, -0.20156488572298
0.22876112735725, -0.18360652603368, -1.6403141612114274, 0.034161817411092005, 0.18056730656688, -0.19181195984436
0.25217875920805, -0.16365525546025, -1.5423145390430817, 0.09792507350261201, 0.13405455006364, -0.17619678423424
0.26607696280034, -0.15255941301775, -1.7162930017163205, 0.053098841862661006, 0.11097237995098, -0.19815751374201
0.26358088471094, -0.16491432596231, -1.705232853584673, 0.076885054905587, 0.12968527731297, -0.17762913977163
0.26023140763709, -0.14014658841759, -1.5571767813023538, 0.079537067760341, 0.1430440740831, -0.17479435927148
0.27923432530744, -0.14300937764877, -1.5750472106436417, 0.062258368832556005, 0.16446719649747, -0.19465332712578
0.27806779253199, -0.1532328285288, -1.5469801758098827, 0.047496405462843005, 0.13591121624707, -0.20474317067194
0.26953499498237, -0.16322816575932, -1.5200352531161545, 0.040466617456305004, 0.17095172650395, -0.19506186116284
0.29726849187832, -0.15504411016418, -1.4721446783372079, 0.03594591712877, 0.15427888944935, -0.1975540745806
0.28701494040115, -0.17649241879236, -1.3006065010973964, 0.040148849544529006, 0.23006868051153, -0.20784881796734
0.29051335638764, -0.15655623724153, -1.391929520262212, 0.043523430537878, 0.21035918247012, -0.21054101359864
0.20951279765309, -0.17033191766269, -1.159971698242435, 0.060122875224524, 0.24422657540734, -0.20053838608665
0.20075700240278, -0.15161279566653, -1.2378587929587892, 0.06655624206171601, 0.19711660428465, -0.19415956007318
0.20914193356129, -0.14282640227721, -1.302729288317809, 0.067929396270572, 0.1855804967694, -0.17516753727389
0.24872620039034, -0.14682528328021, -1.4289404182918575, 0.05762084059574601, 0.13023788514888, -0.18013796031744
0.23908719398508, -0.14691795755039, -1.2689448086502493, 0.059762792515659004, 0.16096667570166, -0.1726390710676
0.29639381408854, -0.12944039354173, -1.057171145735729, 0.06827555011488, 0.11176946692288, -0.16393298464904
0.11296397446857, -0.19438234202132, -0.72567213215157, -0.026152907704203, 0.26549860807651, -0.14719728645366
0.081849849396929, -0.17726030444095, -0.50657220117085, -0.04714741992401, 0.29542416300131, -0.17324505691433
0.22631054190793, -0.19290865607956, -0.65061049720759, -0.048248602742806006, 0.26013857791472, -0.19472476634193
0.28402063971552, -0.16416287003501, -0.91090438430075, -0.014865782148056, 0.24909788660682, -0.1858256093793
0.27611909830114, -0.14985676540064, -1.0945494940634493, 0.0049824712937907, 0.22840379888159, -0.17948722738568
0.23023575081564, -0.20204679968536, -0.96966766973165, -0.040185039407358, 0.26246128220458, -0.17961206263127
0.26132710384302, -0.19113996770996, -1.0262870967793873, -0.045855861544678, 0.27806545869342, -0.14543643161591
0.24710813336489, -0.17389110584533, -0.93107781238015, -0.034422118426153, 0.28956276173518, -0.1499951356216
0.25475763813325, -0.18274681521154, -1.0138718608184214, -0.039754222515834006, 0.30605404922696, -0.14940424007426
0.20573391947253, -0.19568193504557, -1.0016882928916782, -0.045014254231893, 0.30878756903902, -0.16855372212809
0.22557909628757, -0.17990804731735, -1.0805209871668022, -0.02152045380574, 0.24979137167946, -0.16696933846731
0.16543071918655, -0.18764003554473, -0.90810711416429, -0.038591283310612005, 0.25811776935952, -0.16760344128139
0.23744476877549, -0.1835960360416, -1.0420621294919006, -0.044391640126044005, 0.27520386950354, -0.15595354380186
0.21935101967704, -0.18806837065108, -0.98053805268481, -0.025029609270857, 0.29368930073923, -0.14780019960227
0.16168918189212, -0.17810596480424, -0.96587164124306, -0.039694433159322, 0.31388828800878, -0.17169439590027
0.20361095585195, -0.1861985650341, -0.88668797258053, -0.0148827830142, 0.31263660167366, -0.15842771590107
0.21477134357858, -0.17434509821875, -0.98969957216277, -0.014906993438347001, 0.28335189064716, -0.16892947624401
0.18425520363723, -0.18124153768093, -0.93092674808558, -0.01533978145848, 0.28384425228538, -0.18160501113591
0.19891664689307, -0.2003734421319, -0.82590986543413, -0.024815742016278, 0.28588330420869, -0.17431187196241
0.21016125426719, -0.16693244872654, -1.0089804772149422, 0.0083955290104939, 0.29913719495107, -0.15461882153734
0.19721251756035, -0.19012978867889, -0.85429441066837, -0.018453809193438, 0.29708663951322, -0.18250998624114
0.24153215629733, -0.17517726695578, -0.87991832649745, -0.0008523364255102999, 0.28447939035586, -0.17349623808844
0.21575163306568, -0.17517879625092, -0.88926362274636, -0.0023538045788623, 0.28924109455944, -0.18014859918501
0.21516016341981, -0.16506434787226, -0.88569511915766, 0.012767946911265001, 0.30240928118567, -0.1767604669411
0.19452485052228, -0.15699310080385, -0.86517472327472, 0.0204581889684, 0.27149183145701, -0.16902627158627
0.16914852478479, -0.15777659890861, -0.86471783179532, 0.0009106750530795, 0.27160927255634, -0.17759981347387999
0.18618422736317, -0.16140962753879, -0.95764011828316, 0.016690056417614, 0.3078613988293, -0.15823659201218
0.18996093680359, -0.15910793810941, -0.90861467677351, 0.0081391113526045, 0.3105947772237, -0.17232527745167
0.21620010600488, -0.15952461052709, -0.95043884623883, 0.017167292430309, 0.29991779486024, -0.16133000381588
0.22639135973274, -0.15424270303684, -0.99489075005073, 0.019524889869424, 0.28242191666752, -0.16436770865096
0.20488332276411, -0.15348454303161, -1.0088072526397536, 0.010742333510900001, 0.28214670327169, -0.17329862961976
0.157795933666, -0.15473287867182, -0.89435260354107, 0.018269338188149003, 0.31025303227392, -0.14853680553946
0.18313384905051, -0.16051058598238999, -1.0430540428232464, 0.011355198279992, 0.3137072930149, -0.15903579965203
0.1689419508696, -0.15575948933883, -0.92799994208318, 0.017241697955331002, 0.30756815822281, -0.1520553949849
0.19033935702665, -0.15057035132756, -0.99190398978889, 0.0076730362952928, 0.30427981229027, -0.16375048135243
0.18760134451477, -0.15334870096394, -0.96737871154748, 0.017610123185709002, 0.29678322373141, -0.15660377612949
0.19673306494138, -0.15288180488044, -0.97427450699788, 0.016242655125185003, 0.29517128365889, -0.1603649298133
0.17284948409964, -0.14844226378618, -0.99450008309268, 0.015821713407168002, 0.28480442724928, -0.17415581090972
0.13648571095555, -0.15698291736518, -0.90381723107753, 0.015750714751379, 0.29931436274053, -0.15167254002478
0.18784725385627, -0.15266025814775, -1.0758635618702332, 0.02970087585433, 0.30790004177316, -0.15737565728337
0.1540598977989, -0.14711369401534, -1.0117510273930355, 0.028453837657543002, 0.31245557059918, -0.15381371989811
0.18509878463297, -0.14868134657186, -0.99781378917523, 0.018189555707617003, 0.29138842177468, -0.15344120150327
0.18218690598616, -0.15486463164125, -0.98888254447474, 0.030476856552986, 0.2947294871995, -0.14998736646664
0.15933506346826, -0.14649946954068999, -1.0770249423750031, 0.018544633741885003, 0.29781334050287, -0.15768760679625
0.17134789308434, -0.1472488648756, -1.0198708205636975, 0.024686874852712003, 0.28148698782713, -0.15418726321552
0.18646489329357, -0.15488329800342, -1.0728087682489462, 0.027638281427072003, 0.26107455783609, -0.14206639435772
0.17242725399945, -0.15183291843033, -1.1161599942080729, 0.012947040035616001, 0.30198118764402, -0.1508939873999
0.1697619793938, -0.15271747086786, -0.9954781619328, 0.024788499724643, 0.29512773813701, -0.15119143616891
0.19102780921569, -0.15123045806071, -1.134748063072475, 0.018566027634588003, 0.35805781592191, -0.15735455799943
0.21521412691198, -0.15559591385407, -1.0881306712525838, 0.017072062980413, 0.31651060740693, -0.15583779485433
0.21226161113171, -0.15474469119057999, -1.1010051737598752, 0.016805236137899002, 0.27588887867778, -0.16992319523957
0.21252550222979, -0.15931515320448, -1.064160949394359, 0.022857685769538002, 0.26985056080536, -0.16692690029876
0.2038134258122, -0.15249242394507, -0.99512003840392, 0.013176728651478, 0.24093561419835, -0.16527154248075
0.20639842690024, -0.15379069307242, -1.0521180646416233, 0.0014529672512303, 0.23109452830446, -0.17228173624004
0.22250359171103, -0.15471917119274, -1.041792570208953, 0.016493961545183, 0.24996530453328, -0.16307313022164
0.21815450194585, -0.15443775501343, -0.99507748456509, 0.0084972020290639, 0.25060397311123, -0.16364933688637
0.23512134778915, -0.15653124960623, -1.012869660407584, 0.017313518428583002, 0.25849705534485, -0.16471014474106
0.22028924709007, -0.15400640305784, -0.9832786975193, 0.014687178061390001, 0.26669442306439, -0.17099231901824
0.22631196652426, -0.14895833021669, -1.0037547933363395, 0.021676384968924, 0.27223023433888, -0.16237887929345
0.20294024850443, -0.15475409271733, -0.93241645739104, 0.013820023803728002, 0.26817520710705, -0.17012609304428
0.22783618111275, -0.15488097453901, -0.94516972854045, 0.0017227366129368, 0.25635194260737, -0.1707252809915
0.2140273456396, -0.14990890558149, -1.0265094466879419, 0.022653690967963002, 0.27845087607411, -0.15905169359606
0.19535591677187, -0.15539121011214, -0.89857463657999, -0.0034557625725768998, 0.26497011124905, -0.18157214703722
0.23676461222908, -0.14842155584591, -0.93727762544673, 0.019301219248598, 0.26581441409783, -0.1732268195051
0.19913151830154, -0.14814927456778, -0.92097348074072, 0.020831604054273003, 0.28858338237173, -0.17704993236321
0.22111995869428, -0.14746402566462, -0.96727014130039, 0.025626384618630003, 0.2956729371282, -0.17012229066768
0.17512592818982, -0.14809414299502, -0.8650857464677, 0.023893363679806, 0.29868568901514, -0.17117188932413
0.16695002614511, -0.14830851162585, -0.93763331024781, 0.011302507132213, 0.26338341777416, -0.18548578887698
0.21005187282735, -0.13939524378558, -1.016572670261692, 0.041228362428604004, 0.2983887488244, -0.16409030081948
0.20439491803049, -0.15329363006844, -0.90044693751469, 0.0075865863615668, 0.28545657701765, -0.18112640648221
0.22771475822978, -0.14427766841489, -0.96909633045573, 0.029896306471473004, 0.28536746863078, -0.16697333262181
0.1991521841251, -0.14465528462525, -0.93884100865595, 0.035496863789434, 0.29300740118032, -0.17281747081118
0.19662487351842, -0.13522908166262, -1.0231365100225127, 0.044667354445529, 0.28413106732719, -0.18069193972892
0.12334485387017, -0.15471235204904, -0.78307175277128, 0.018782773370881002, 0.31003943809905, -0.17939914014206
0.22921320609625, -0.13313431636435, -1.1519049096080494, 0.044177054753287, 0.28499661865849, -0.17266751092135
0.16503267494886, -0.14517825324376, -0.96375103646771, 0.034533447358099004, 0.28857252308641, -0.17369448943527
0.21558561823078, -0.14364684790656, -1.0226913285098564, 0.047476197560418, 0.27329947807336, -0.1729727771551
0.19434793170355, -0.13833809086224, -1.021609621547307, 0.042874454524311004, 0.27740604434277, -0.18573417539045
0.20301293691989, -0.13151772922538, -1.0722949185943984, 0.062294923098749004, 0.28146590441177, -0.18468024136297
0.16838368247677, -0.1474418294073, -1.014770675200645, 0.043316742920372006, 0.24901876178129, -0.17652890806384
0.20709514521137, -0.14187684282005, -1.1552555999172365, 0.043220284627561, 0.26058304818957, -0.17287659135712
0.18840784408684, -0.14401283114337, -1.0798756417794584, 0.043480704345414005, 0.27901802172362, -0.16014048533243
0.19929554848558, -0.14305226161098, -1.0599843426896516, 0.027851450697076, 0.27732064375405, -0.1703982318966
0.19727681806785, -0.14574212271295, -1.0562861022804264, 0.046863872893635, 0.27393457593836, -0.165109278634
0.21245224558498, -0.14327140157993, -1.079020144556567, 0.049722326451401004, 0.27433540672399, -0.17518635412665
0.19123710451502, -0.14461287952477, -1.0715651053398019, 0.061283132530752, 0.24719723069425, -0.17034277252876
0.17754714396913, -0.14459838093277, -1.1970714379716805, 0.035560695009292, 0.30610098182782, -0.17012073569086
0.2087992713091, -0.1547227467221, -1.1416152132005728, 0.045235324262054004, 0.318514889731, -0.16560649064699
0.19183285240674, -0.15334414113281, -1.0402588012266691, 0.036278567764467, 0.28469105633675, -0.16792014340181
0.19726844010307, -0.1533191461334, -1.0943671380435893, 0.041524591669202006, 0.28906617137692, -0.17429972573973
0.1988463925795, -0.14963939410001, -1.0629169608465807, 0.045090500839702, 0.25249600596618, -0.17161774694107
0.21884992864186, -0.14627936198748, -1.0733655321856044, 0.047362856759309006, 0.22880202698354, -0.17064876929233
0.20266361906667, -0.14178957582057, -1.0626395030565585, 0.04495549467116201, 0.21421002480222, -0.16134828339607
0.20808630717666, -0.14478126739628, -1.151733954274802, 0.029717827521808002, 0.24943316337988, -0.16704648600265
0.16974841941568, -0.15519426110817, -1.012188941905224, 0.027628608300289, 0.26032246838043, -0.15911810737374
0.1945245798123, -0.14057878562701, -1.0809486034993188, 0.040420596329413, 0.27206573775838, -0.17745719451462
0.20859049985023, -0.14229749834306, -1.1173220891058282, 0.036449239147618, 0.2988691164911, -0.17130749835553
0.22960459158783, -0.1423491536827, -1.077569605381091, 0.050499249639121, 0.26289871394943, -0.16504301742817
0.19237749204316, -0.13956767204713, -1.1034697859340072, 0.037545385203480004, 0.24239160472456, -0.17800633725787
0.17168766522174, -0.1446744377619, -0.99023637109216, 0.026128524383546, 0.23932153352323, -0.17101519435214
0.2062111236199, -0.15460005913177, -1.0980592853236186, 0.039495354245129004, 0.22712825338696, -0.17775957375796
0.18980102633584, -0.14424965929071, -1.0477330216594571, 0.032950328645107003, 0.23564211845504, -0.17029828058916
0.25030098931945, -0.13918112606015, -1.069723456287417, 0.025979701230066002, 0.23167453141137, -0.17333795968717
0.24933852639755, -0.14400148473925, -1.0551022479131835, 0.044060438024318006, 0.23863207033119, -0.17059657488193
0.24381411673796, -0.14524133292057, -1.1125092312102027, 0.043886391168916, 0.25951375233175, -0.17810395798991
0.23328916032054, -0.15300401407459, -0.96689970491711, 0.032863396359210005, 0.252129552969, -0.17708029139901
0.25495013576284997, -0.15047546354706, -1.0363410469073255, 0.031566290346552, 0.22689210142469, -0.18117738326114
0.23471294928915, -0.14954352702825, -1.0096803069470077, 0.054201873095933, 0.24840130338381, -0.17344487317487
0.25747386257557, -0.15594921255966, -0.96505093233847, 0.02526789936795, 0.24376960775601, -0.19396252413306
0.26819641589603, -0.14694372604245, -1.0083297329008853, 0.040039428230993004, 0.24215659530891, -0.18914634375596
0.25368399179953, -0.14700431903798, -0.96956832266809, 0.048166592204733, 0.2715491217755, -0.19449480458234
0.22251362536969, -0.13371345562161, -1.006533472513215, 0.056977474500361, 0.24867099572271, -0.18910974231074
0.18883272369023, -0.1494482570627, -0.89089081316774, 0.041105561309860005, 0.26727817407575, -0.19325120898632
0.2383337351552, -0.13209270193102, -1.0993456884594957, 0.062992001639217, 0.26083817768487, -0.17389740159885
0.20039943298604, -0.14441832458114, -0.93635051177372, 0.054374117847558, 0.26060861210684, -0.1901274795772
0.25134425785412, -0.14095657253481, -0.99104147645555, 0.06484384187266401, 0.25506084353848, -0.1799561579458
0.21554402076886, -0.13792334197177, -1.0205745199891225, 0.057136657883979, 0.25027935615683, -0.19610348260633
0.21406582708365, -0.13209061202563, -1.0352639625028437, 0.067003730405609, 0.24621208589317, -0.18600568799344
0.18265274696939, -0.13959840696618, -0.9392180113362399, 0.044528305155719004, 0.23663515521474, -0.17457996612101
0.24738462993422, -0.13885101551153, -1.16443376078785, 0.047472912103884005, 0.24733350991438, -0.17003185474664
0.20896335508368, -0.14143891926326, -1.033159015735721, 0.055528352617635, 0.25057029893308, -0.17871620460982
0.22942621589324, -0.13994862522331, -1.1022885143944063, 0.06165290175488201, 0.25159536245655, -0.17904771809394
0.22102338769149, -0.13696719950474, -1.1016763579782813, 0.065485592867964, 0.24535526103882999, -0.17844838095265
0.23039964660381, -0.13469278483575, -1.1203795015279858, 0.068122074619443, 0.22425213152149, -0.18538304409254
0.19423361880594, -0.14205912247107, -1.0687839466967293, 0.061060549698929004, 0.22680209986621, -0.17264990924553
0.23024475941263, -0.14189696566974, -1.2417372936833948, 0.065417070784286, 0.27518883378505, -0.19125030788279
0.19428033519797, -0.14805338138885, -1.159043661061133, 0.071743741959944, 0.31837494002699, -0.19174411387635
0.21823718444543, -0.14647869084153, -1.1725598114512952, 0.07956319060684901, 0.31541186654525, -0.19824956373678
0.22730769841287, -0.14495299093252, -1.1334506420703658, 0.07940974234294801, 0.29136657240458, -0.18706887040521
0.22765794825558, -0.14433352161994, -1.139391092713269, 0.07469579919632201, 0.27113985692882, -0.1859336783257
0.22140964485071, -0.14370159264767, -1.0878267254713545, 0.067555774837335, 0.24795874123023, -0.17880742804367
0.22532068038069, -0.14067812000481, -1.1761725420765876, 0.056738112111828005, 0.22734103415865, -0.1879729454791
0.21704284044796, -0.14693020216549, -1.0984655825503686, 0.06940291829108501, 0.24553953914068, -0.17637259495937
0.23504139823697, -0.14205859345312, -1.133115712901514, 0.054849923131755005, 0.27899078300666, -0.18082316467562
0.24260677757565, -0.14720261168941, -1.0993498319006074, 0.051100282828723004, 0.26833361270877, -0.18298405690572
0.23601133748871, -0.14331708350887, -1.1168927971662634, 0.05997135080279901, 0.23422075727967, -0.18443644068882
0.24301062606596, -0.1368775092413, -1.0600266091557708, 0.055590495352069, 0.18767177478941, -0.18549484418585
0.21683149275489, -0.14377544803107, -1.109468991270946, 0.045593819833372004, 0.24446992325984, -0.18277828788734
0.24939343859732999, -0.1484927171668, -1.1093684996681, 0.041301371333638, 0.2405820159256, -0.18564714594722
0.23043747203731, -0.1455711739026, -1.0687722157362987, 0.041061029551522, 0.2495725580292, -0.19153986255482
0.24502802681723, -0.1459613071793, -1.0910196652219688, 0.047033091525141006, 0.24129729818719, -0.18720625177393
0.23934686001055, -0.14255576492893, -1.1069412855068579, 0.047453591094270005, 0.22770848168883, -0.1799371193058
0.23684487532797, -0.14282333986565, -1.1164506270524783, 0.047852101270365, 0.23015623611347, -0.18783707076701
0.22200383129221, -0.14323797970967, -1.011851831002807, 0.044952957443698004, 0.23368541313926, -0.18584269264058
0.24371971978489, -0.14384043070375, -1.1156229747808903, 0.036427676501619, 0.22737752586346, -0.1898379264086
0.2395985885153, -0.14591791440056, -1.0585691368202668, 0.041817133426998006, 0.23478492533119, -0.17467367237033
0.25996733328974, -0.14363230267893, -1.0932312490842415, 0.035778824899076, 0.24485933243938, -0.19020094667965
0.26229611607211, -0.14486929123437, -1.083822965788397, 0.056804864365258, 0.23989161162017, -0.18588911769157
0.24521541578069, -0.14175405651558, -1.0913021242631158, 0.055330903483729, 0.24543420487507, -0.19001700883302
0.25060538151289, -0.14790188711235, -1.0888192257327973, 0.048317991725787005, 0.23670861561783, -0.20231672435159
0.23360958639208, -0.16529135098278, -0.92808966327041, 0.05096636738901, 0.27871814422713, -0.19472642352345
0.25506851593713, -0.14064234420733, -1.15116374050239, 0.059801559787685005, 0.24855762272109, -0.19456778519512
0.25266089118332, -0.14389228817653, -0.9883873063136, 0.06747103676252901, 0.24239124657606, -0.19928564710129
0.28374568466636, -0.13613697898105, -1.0468451162607408, 0.059608841404329004, 0.22961273717318, -0.20706550949786
0.26060189712689, -0.14483270472364, -1.0418525111951291, 0.06308836106101301, 0.25270039014377, -0.19834503286574
0.26052117125183, -0.13789537209258, -1.0625614093700426, 0.067229274973035, 0.25658239866608, -0.20254207858524
0.21577188230337999, -0.13661069058262, -0.99230516253228, 0.068668140109511, 0.25641780905153, -0.1954577775731
0.21029321203996, -0.14043042122894, -1.0167753513247009, 0.06266981959336701, 0.22474693084112, -0.19975345027287
0.2341566591379, -0.13212241898242, -1.1193753204399879, 0.078915662316049, 0.22817309780676, -0.17987055871913
0.22981292878014, -0.1396036814606, -1.0377886556259468, 0.06523751634156201, 0.24976882500980999, -0.19270740230292
0.25325271572375, -0.1380572606866, -1.093667619915437, 0.067658469422742, 0.2445395756048, -0.19338473698195
0.22350651006294, -0.13354495945091, -1.0992767272176756, 0.07205857925610201, 0.23398757245479, -0.19719206103978
0.21995026226007, -0.13361904172769, -1.1368972477393884, 0.07792363974579601, 0.20673876449925, -0.20545218074298
0.19695835437003, -0.14739774924993, -1.0926324651224006, 0.05970958675143301, 0.20723750461986, -0.1980770911721
0.24823441065508, -0.13719506066189, -1.2196305312691476, 0.073987813356474, 0.24743979894904, -0.18799750661139
0.22811365048827, -0.14589510532305, -1.1083419459261639, 0.07150792870395001, 0.24809502807964, -0.18334059110735
0.23201183218454, -0.14507806696536, -1.1355105288753466, 0.068817339138784, 0.25394710318416, -0.18396034581468
0.23291682719095, -0.14340205205387, -1.1356906573598526, 0.07212888901460601, 0.24255883935102, -0.17859296584769999
0.24389230625918, -0.14231973258983, -1.1428079728552407, 0.07490617345553101, 0.23865103827683, -0.1834068280834
0.22012007108825, -0.13845543589898, -1.1227585369219746, 0.073540538402038, 0.22692750743462, -0.1790336639978
0.25190687010471, -0.14360986933194, -1.1912989104518439, 0.067503289439134, 0.20778597272736, -0.18912264076069
0.22738647018779, -0.14349383499589, -1.1715253738713949, 0.067783727838416, 0.23844423809746, -0.17472789120058
0.23408716932674, -0.14014906651856, -1.153037867229333, 0.05968170378904201, 0.25855135767535, -0.17891082198265
0.24047283361186, -0.14255634093171, -1.1330153293178338, 0.075012525324693, 0.25092760975621, -0.17381361601063
0.24188682546604, -0.14065977842971, -1.170565040100599, 0.075639089870582, 0.24394355293067, -0.1749929477399
0.22760925677184, -0.14388883213729, -1.1460477513805403, 0.066861146845652, 0.22439819477972, -0.18307085119266
0.22049030319203, -0.15043764979196, -1.0798981923362778, 0.05964490144097501, 0.21832791266035, -0.17604941352466
0.25773487927672, -0.14435878856981, -1.2452240877898086, 0.06601715522195101, 0.26595962926092, -0.17215042384658
0.23287000716013, -0.14463900646251, -1.102349134527443, 0.066449411353919, 0.25577210501092, -0.16905273525579
0.26391325682346, -0.14423704683834, -1.1400827001942866, 0.069809135374853, 0.25516684383361, -0.17455069540168
0.26117346026307, -0.14628755071763, -1.1492354888305507, 0.07289904628211001, 0.2412676296972, -0.18108136501287
0.26199774386332, -0.14901105567465, -1.1245940617076333, 0.07886120999705601, 0.23240894176725, -0.1807273566828
0.24887779531274, -0.15342079383694, -1.0824206613027223, 0.08382258871569101, 0.22779877824631, -0.18270374737145
0.24621160495972, -0.16496288330337, -1.0275321468841976, 0.063217170291382, 0.23232877391279, -0.18542024605225
0.25974251413032, -0.14113304017834, -1.1323694156526563, 0.096528053558946, 0.25662486586341, -0.17998039843135
0.25981276544367, -0.16251781607753, -1.0126860460224039, 0.071046264029357, 0.23330059258678, -0.1983929240163
0.28166058143729, -0.14772276467173, -1.0732139287766524, 0.08618445220737801, 0.22379355580268, -0.19622519948885
0.24055931161847, -0.15254785641822, -1.036845453956943, 0.082862372251364, 0.25091390040317, -0.2066672294298
0.2565423842372, -0.14273976328117, -1.0975765286972863, 0.099328690253786, 0.2435160768496, -0.20668796999212
0.1831386023814, -0.14522456975868, -0.8435096462654, 0.10054873131657, 0.27441786059337, -0.19911525849956
0.26081630864102, -0.12822742715381, -1.1661814336655738, 0.08787599568998401, 0.20161940889525, -0.19513539092768
0.25535225617977, -0.13228724039453, -1.154232810780845, 0.095724464080418, 0.21996798950083, -0.17622368731303
0.25972944476829, -0.12997721715497, -1.1511387550256273, 0.08942676279710801, 0.22698687935686, -0.18322778998451
0.25888805997556, -0.14177941175979, -1.1482282150970355, 0.09034048997555301, 0.23640650227081, -0.18228746035617
0.25707513866437, -0.13891226622584, -1.1489817360777967, 0.089452353922968, 0.23277289202915, -0.19116967568606
0.24401270174812, -0.13415111293979, -1.1927724679017828, 0.093345243590989, 0.20774777860767, -0.19152873869164
0.21256642812757, -0.14514136458101, -1.155537118871317, 0.075593418105505, 0.20104501791497, -0.18283028767598
0.26800759178042, -0.14493578455162, -1.2663908200561207, 0.071598643765808, 0.24146448508256, -0.1759654297919
0.24323194892361, -0.14400990795438, -1.1494457895842192, 0.08276228306569801, 0.27758020409759, -0.17155847098475
0.23911699702937, -0.13857015231814, -1.226064382489431, 0.079816323887682, 0.30656645460014, -0.17946306806862
0.25439617455242, -0.14482726575464, -1.1753126993701415, 0.089613464157029, 0.25253186648926, -0.18706999368481
0.24769504301769, -0.14268510268272, -1.1649953088161706, 0.08828854010178701, 0.23195011652284, -0.18551579135355
0.22997688491005, -0.14341892880899, -1.1364599376025302, 0.081425082551197, 0.21843536749142, -0.18576532386862
0.23413680171727, -0.14398599070482, -1.1848497388692967, 0.082680816803214, 0.18987147005051, -0.19024153096515
0.26004118630069, -0.14724809231399, -1.1619830919953453, 0.085160075472324, 0.2046047013679, -0.17891455330332
0.24049654937746, -0.1446666476195, -1.1419697623642635, 0.08801334267850101, 0.23595975995633, -0.18114767715694
0.26657276781133, -0.14581105858842, -1.1355539379344706, 0.085349655071609, 0.22378016731309, -0.18775373196778
0.25350198998672, -0.14550179746828, -1.1559102906500245, 0.093225728965211, 0.22220398921143, -0.18274995515454
0.24826085482605, -0.1458525845525, -1.1388107215796184, 0.09660751817452301, 0.21462479438527, -0.1787367564257
0.22261089868632, -0.14283336595768, -1.073307179423369, 0.08973115488793101, 0.22161041366454, -0.17254084135237
0.25540359924382, -0.14496700714355, -1.2160302595528822, 0.075747959264078, 0.19537001499306, -0.18452098335828
0.24902108084393, -0.15318031912191, -1.1314496217762826, 0.097134806812931, 0.19733905387908, -0.18190437497861
0.25366906077937, -0.14865043467958, -1.1975061847319086, 0.08184200680557101, 0.25510915870974, -0.19701283475107
0.26929986570837, -0.1500907331274, -1.1477499706686436, 0.098347504498, 0.23754753403714, -0.1974151868359
0.26014016896941, -0.14921553204312, -1.1589586650472696, 0.090713327291082, 0.22380545208455999, -0.20583779836129
0.25405704269718, -0.14964711754883, -1.1120857331162732, 0.098462057499793, 0.22144422917022, -0.21431258025291
0.23352834928961, -0.17030354776469, -1.0261658523545027, 0.074067378645673, 0.21837327645152, -0.21912352876273
0.26254826644855, -0.13145216478104, -1.199673577678363, 0.11884947889552, 0.2320538856208, -0.20412839249052
0.24995501283047, -0.15663768591643, -1.0482641967407975, 0.10224951220186, 0.21034312512201, -0.21236599878789
0.27168359491782, -0.14745020205116, -1.1309076981346418, 0.09542705379527901, 0.21443188766131, -0.21440079538547
0.27004780397189, -0.15051143516648, -1.0886901114732677, 0.10627025630051, 0.20972424868341, -0.21474326291292
0.25475479784216, -0.14115734290626, -1.1531406663764225, 0.10693108969672, 0.22724047458676, -0.21749924201796
0.20395750976154, -0.14876305352508, -0.9323759636714, 0.10657924027785, 0.25767364585093, -0.20251452550294
0.25139925665233, -0.14134548932371, -1.1386437807031304, 0.10967905877207, 0.20801975259275, -0.20187421062432
0.24941203017806, -0.14078283384509999, -1.1216085568477274, 0.11204749865424, 0.21344249435195, -0.18341039599893
0.25524461906057, -0.13281264057946, -1.1104903470884868, 0.10884122610712, 0.21439988684106, -0.19588965299152
0.25830078048094, -0.14298912954639, -1.1618935945788755, 0.10437076380721, 0.22042544815975, -0.1940613682819
0.24995054528555, -0.14623520691047, -1.186210451651238, 0.10923440549647, 0.22739895294955, -0.19095115949699
0.2286918341217, -0.1463558205262, -1.1729237655832363, 0.096220737644939, 0.20127089743868, -0.19418470415088
0.2428022524541, -0.14576541180661, -1.2148382556330473, 0.08754455069771701, 0.19411795171869, -0.19417561077917
0.24629068818266, -0.16028175374734, -1.2376328044922535, 0.08791858304354301, 0.22159857761595, -0.18419981481039
0.2351244897986, -0.14562261941175, -1.1720350967052413, 0.093570768444342, 0.22573838599322, -0.1909236658206
0.25468422143642, -0.14610772878217, -1.2013144703690943, 0.10148097117494, 0.23520737963301, -0.19014984252118
0.24765378948876, -0.14614434275428, -1.2077711686735697, 0.1059997365368, 0.22770134469256, -0.18305093698217
0.24302951933352, -0.14248635415048, -1.1998604110939224, 0.1004960509672, 0.21300484557272, -0.20041321944758
0.22561806023515, -0.15234566759557, -1.1486380508630614, 0.09010469210940801, 0.21113429717157, -0.18720973494885
0.2462674436674, -0.1562276921536, -1.2734311151501612, 0.07682450836983801, 0.24842085775497, -0.19435320232767
0.23660125053962, -0.1494883382303, -1.1610788238693561, 0.09395792043523, 0.24301398937296, -0.18472926828909
0.25287307986657, -0.14475330609469, -1.1939156682253964, 0.099415536494734, 0.25127673415742, -0.19148042942862
0.25482789820997, -0.14657237273303, -1.2114268100157748, 0.09135710215647501, 0.24745371887881, -0.18334556990352
0.26437394762821, -0.14734281500145, -1.2198548117678656, 0.092799258845253, 0.25036836380365, -0.18746516497403
0.23573039766801, -0.1434653388288, -1.1712052153445769, 0.097983282531326, 0.23658237072635, -0.18665075566254
0.25073101223535, -0.14717091468349, -1.2007998192263785, 0.09426157659860501, 0.21836628767683, -0.19204231850745
0.24518117553108, -0.1500994613535, -1.2076155293974142, 0.095725529101831, 0.24643475250078, -0.18819379243839
0.24556921811165, -0.15049530596291, -1.1604845081479551, 0.080284726003017, 0.24629829202729, -0.18191696415897
0.28691829448987, -0.15177227764286, -1.1846861747025685, 0.09947285317370301, 0.24678832827662, -0.1822764039051
0.27105297848175, -0.15201687019697, -1.187698545942241, 0.087502398381036, 0.24779737805667, -0.18739376689741
0.27587533815588, -0.15103491952096, -1.1855262310459878, 0.10197797466426, 0.25902338074782, -0.1859200777125
0.24601270604715, -0.15597311045223, -1.0319420038789033, 0.10763514018633, 0.26484845248835, -0.1775159794428
0.26323808189732, -0.14956204458828, -1.1563277848154594, 0.10227661798534, 0.25324072982107, -0.18739774681096
0.2525766790619, -0.15614994735985, -1.097791239355898, 0.10806010589055, 0.25811402409592, -0.17412614975333
0.28041205791017, -0.14976220653587, -1.0960503001098363, 0.083433675182892, 0.24238720049127999, -0.19330518320509
0.29072732596693, -0.1493550707885, -1.1120218608539147, 0.10014894459001, 0.2501678214743, -0.18656527251723
0.25378340160625, -0.140425317527, -1.1114732895250836, 0.11722474874971, 0.28018558233344, -0.18518985514655
0.2487996283751, -0.14216530758913, -1.1366694685825465, 0.11162004451158, 0.28280525814822, -0.1920264768391
0.19186070991831, -0.15281444640015, -0.9367635848115, 0.10561474911898, 0.29799071173955, -0.18670626100207
0.26191797580483, -0.14604692538709, -1.23744206769355, 0.11444010084066, 0.26240377411779, -0.17418375331580999
0.23377741253039, -0.149968641182, -1.0758526773938852, 0.11021870870629, 0.26578896346057, -0.17517850638434
0.25360321799508, -0.14346778907899, -1.114589552753832, 0.11186130625896, 0.25681776871313, -0.17861040539817
0.24583374709418, -0.14459078853237, -1.1211084998081673, 0.11011152569737, 0.25599147315768, -0.18111877618443
0.25697361145428, -0.14393569093917, -1.2512482351196037, 0.099235754642038, 0.31908595756144, -0.18319371818807
0.24434554808809, -0.14351531163011, -1.2037534467028668, 0.10061762844397, 0.26840430881676, -0.18780242171016
0.22256876394868, -0.14647321480634, -1.1747016201747837, 0.09128932510015701, 0.21375175182741, -0.19299909525693
0.2663624349988, -0.15172789822921, -1.2096351169313437, 0.11686314863797, 0.20043574510472, -0.18659581001188
0.23629297539818, -0.14558888109416, -1.1840318689876734, 0.093875219436841, 0.27511017376369, -0.1822419581921
0.263522289214, -0.14920367211376, -1.1761317557959763, 0.10629103766318, 0.24533433509257999, -0.19023092853393
0.25289326229318, -0.14624649944782, -1.173575252105046, 0.09252185278659, 0.23614753528478, -0.19531243145118
0.2629144957104, -0.14566380485881, -1.175323679428499, 0.10613953799019, 0.21803395670965, -0.19817144383174
0.21788847885666, -0.14402115314893, -1.1446766732256084, 0.10806035745975, 0.23778113507214, -0.17429305522859
0.24942196286406, -0.15023626021852, -1.2215472066945106, 0.094027487522454, 0.20505007860935, -0.19997980352331
0.24933946310802, -0.15559604636064, -1.0839148253304702, 0.11530894531269, 0.16159284850854, -0.18467830164969
0.24416897775515, -0.14918053085435, -1.1929080777527803, 0.09441250432457, 0.24539082693548, -0.18988686680593
0.27082048928702, -0.1451820337705, -1.1357048661113776, 0.11001119580934, 0.21547429625831, -0.1820554443902
0.25340458088127, -0.14184007190744, -1.2426160384932656, 0.09788038862187301, 0.27927709590391, -0.17854141070061
0.25217343852505, -0.14804729382542, -1.1602913915070967, 0.09934355064713, 0.21655334597127, -0.19741849730662
0.24697048897041, -0.14303867816643, -1.105999698073314, 0.10528121235586, 0.19486346088027, -0.17763165301339
0.24358363811673, -0.14678340296028, -1.2471117648833816, 0.08795841895101801, 0.22275341259599, -0.18805829173839
0.24624766079315, -0.14989307838308, -1.1231109662460583, 0.1064362279242, 0.20011964827659, -0.19781446228506
0.26922592183495, -0.14174636358421, -1.13862832878213, 0.098357658293068, 0.2230896279101, -0.19674382052182
0.27136286524437, -0.14825291508609, -1.1347649780482336, 0.11843405088072, 0.21946278184084, -0.19246773455795
0.28016475642868, -0.14655994569908, -1.172526628490836, 0.09866812048784901, 0.24037889149726, -0.18278183229058
0.25889790741501, -0.14488486759492, -1.1461992921933992, 0.10460280132931, 0.22220881529656, -0.19858621447369
0.26113975343959, -0.15331081050548, -1.002388493475326, 0.10642088432539, 0.2385330637515, -0.18586157908718
0.27124668902492, -0.14663164544165, -1.154996778376385, 0.11369021090968, 0.22351864883493, -0.20002274214794
0.26571777900506, -0.15603350083133, -1.0609606733476133, 0.08142333577185701, 0.25575689489275, -0.19115604836082
0.2899478301609, -0.14378563602448, -1.0975858658801558, 0.10519053494241, 0.2212808100075, -0.20215915848272
0.278827379779, -0.14660860088819, -1.0942075444150448, 0.097096455824992, 0.23527691645715, -0.19803971863831
0.26659423965214, -0.13713410930589, -1.0588010207052538, 0.12050830768905, 0.24624953869341, -0.19605953900967
0.24494305654324, -0.14507053525026, -1.0460763873590275, 0.10802640305299, 0.26130153739836, -0.2046883913439
0.20814213776647, -0.15520752427555, -0.89979447892353, 0.10607491965358, 0.22628523825812, -0.20312504820607
0.28047534363809, -0.14076594201173, -1.2167821192007278, 0.11721737970932, 0.23143917139108, -0.18361340330229
0.24951992140827, -0.14511122095654, -1.0438383756426348, 0.10766063880884, 0.2127101354114, -0.19987783520702
0.27985077774737, -0.13859991757389, -1.1592574727594274, 0.09271095486194701, 0.27362389095966, -0.18150094653026
0.25824294165678, -0.14683864913061, -1.093210928916795, 0.11190657406877, 0.22689147315556, -0.20238438457889
