Pichu
0.0, 0.0, 0.0, 0.0, 0.0, 0.0
-0.0009087753320024999, 0.012133463503454001, -0.009569270168832, -0.011159279966331, -0.0055786746392702995, -0.0084599948020039
0.00603578857715, 0.010313137053494001, -0.10421543225121, -0.0055854547727824996, -0.013755999414565002, -0.0038631859055787998
0.0006036080413500999, 0.0015188179957971, -0.13713320055281, -0.015101725025843001, -0.037466546934399006, -0.0026295622484039
-0.030382607348796, 0.0057468631019689, -0.08897679845556501, -0.0003098273288156, -0.050861099179681006, 0.0078464781449014
0.004550173217375, 0.0069746351076448, -0.1568290501212, -0.023041187095661, -0.066373386689534, -0.002030152647218
0.017215463450444002, 0.0074739037762608, -0.21208659670928, -0.014676871827957001, -0.044212977174982, 0.0097338260614652
0.0046458572598129, 0.0064057385695696, -0.18783687385903, -0.026917091222549, 0.010515581416896002, 0.0076289989607898
0.022037650008237, 0.013763349959736002, -0.19542300108203, -0.01263194770223, -0.014767788575508001, -0.0025819424241288
0.0016938095051809, 0.010776416971189001, -0.18523161995135, -0.018304525929397002, -0.032213038397032004, -0.0042703239431408
-0.13999060046783, 0.0083833100189918, -0.08993962781341301, 0.0071737818847318995, -0.019724578405124, 0.030000541593859002
-0.33817174889445, -0.031309943969164006, 0.54554050156305, -0.036556100551249006, -0.49482725017005, 0.074610819108714
-0.47527146937909, -0.041475298497525, 0.50150348664212, -0.062099954694526005, -0.56361621745893, 0.035084585148566
-0.48685084358316, -0.046649668191549004, 0.64583144480385, -0.093929227222888, -0.68699626496973, 0.056510188641480004
-0.45738789789199, -0.058626461798293006, 0.66075245475868, -0.12381011743124, -0.69304061864052, 0.020866057384591002
-0.54201977548087, -0.07534110078007601, 0.78927834991542, -0.16836999194942, -0.68456175846953, 0.026039790285225003
-0.3689712751237, -0.076186762191357, 0.80442026227613, -0.18171233822752, -0.79993152267531, -0.0075580856433908
-0.21780790589617, -0.08049409051751201, 0.69191306653709, -0.18964872578663, -0.86170853072968, -0.030870025716607002
-0.15306644262658, -0.057835743312876005, 0.3729996322232, -0.15265734276189, -0.75114179630524, -0.044616781274837
-0.16550462618033, -0.017664551329219, -0.12509530855436, -0.11967064403917, -0.59305988020678, -0.039704544243475005
-0.10290546908811, 0.022230788483953, -0.64458556159456, -0.045592975082693006, -0.1909847342775, -0.037365594427724004
0.013933621416178, 0.063457487722491, -1.1124529688322806, -0.026732258845703002, 0.24303980409728, -0.054512239336043
-0.033400926092926005, 0.10544924219726, -1.5887171484493392, -0.014739392716415, 0.42715558918438, -0.037888476198671
-0.044939082832313, 0.12208480885395, -1.8602806077874194, -0.010856426134765, 0.49447783269606, -0.056593514748487006
0.08136120697596701, 0.14885055558469, -2.3212088532101123, -0.024997726325636002, 0.57789059573124, -0.052809292863379
-0.21160083547716, 0.18123409439376, -2.6270526988171428, 0.0073596930357932, 0.59831580595996, -0.070251262497527
0.082225040959537, 0.20616772224627, -2.8545662261613822, 0.0018681350583436, 0.77006596264139, -0.09394577251003
0.26424791662069, 0.22559409095041, -2.7778289182135696, 0.05261107312544801, 0.52871341559301, -0.09517225040596701
0.34852735543398, 0.18872414446787, -2.273495566656477, 0.10988998620007, 0.34884210679754, -0.08386166938485101
0.08361437589015501, 0.16027063929599, -1.5183605910560147, 0.29272622703208, 0.1630958908263, -0.030881440714314003
-0.042608129938847, 0.09414728355893401, -1.0073751179497157, 0.53428234266604, -0.052881896822752, 0.034575771747333
0.08558296931183801, 0.05895877284763901, -1.0186491324550444, 0.64180679921746, -0.052074055515316006, -0.028942162892556002
0.12450185080265, 0.04971334865918801, -0.96374907055558, 0.28443666150901, -0.2230442955611, -0.18698436108638
0.041477289992156004, -0.001530395594504, -1.1682968666063107, -0.25063411935806, -0.29449405180123, -0.455006658725
0.07183770400113801, -0.023085157343578, -1.1695263363345754, -0.37751932343777, -0.37561794273433, -0.7087404327732
0.11278634741362, 0.026955121107831003, -1.0667627672201887, 0.09030822688248401, -0.30206854447821, -0.49969637357425
-0.12280541149027, 0.06970250239735, -0.79294713933274, 0.32461218998023, -0.31625242193727, 0.08627384451037601
0.0029144115439430998, 0.063233118923555, -0.73520750164856, -0.14768655868066, -0.43856011458274, 0.35913604610696
0.036951993121454, -0.011571798938173, -0.98020804548865, -0.7774289978802, -0.55888712304517, 0.15101300261228
0.0055607241720253, -0.07198714108771001, -0.78395204216562, -0.6300601066895, -0.55351572042081, -0.38240269134494
-0.07226719808583401, -0.038276878035493005, -0.70677117891566, 0.030677271238324002, -0.43772233575414, -0.47247274949261
-0.1364659434567, -0.020511182746440003, -0.62128582142069, 0.40480285188601, -0.43038636873529, -0.12357317264817
0.0039741704677818, 0.098028072430953, -0.67810398551921, 0.048889080114359, -0.54034637036078, 0.3315046810544
-0.042713726966026, 0.16981445198006, -0.80064143785078, -0.13458967658586, -0.5425622951235199, 0.57685451107276
0.052591865736140005, 0.19996684447692, -0.98723385069746, -0.16336511277892, -0.53949482088031, 0.83440310915753
-0.050607116359093006, 0.2747563901398, -1.0606518965445948, -0.19074555695004, -0.55650468930559, 0.98332513056785
-0.08518397153339001, 0.34065844357402, -1.4700053110600875, -0.20212604627438, -0.57419859970749, 1.057481571710942
-0.20089671951151, 0.37666421932615, -1.5815565888328393, -0.17566201465646, -0.59348703602517, 1.133187248866335
-0.18854752991686, 0.4046768036572, -1.6293849083692367, -0.16734600328575, -0.50534864855631, 1.230764882657814
-0.22157744096048, 0.41500412330715, -1.5095790156849997, -0.11518980090381, -0.50919335646682, 1.1934618692908125
-0.15340315702068, 0.38416671626516, -1.6591921557882823, -0.04388629340169101, -0.4516308681796, 0.70333761499184
-0.20808036263193, 0.34240392246194, -1.3710069417432496, 0.11344491005868, -0.50128323462049, 0.038840493059418
-0.34454972211524, 0.23907683285407, -1.2446461243467333, 0.37713355263961, -0.43635700420886, -0.39008290742751
-0.26759793519346, 0.16745217122413, -1.207099663425832, 0.61132553731508, -0.38742105283378, -0.5333090479214
-0.29406890538571, 0.16125639189814, -1.1736602907085385, 0.91289537763454, -0.34322836391792, -0.49980764753987
-0.39540176739816, 0.15499913767044, -1.0466548032024932, 1.1826606225077734, -0.31800965520409, -0.38179750222002
-0.31201379330309, 0.1701799870554, -0.94427538477024, 1.2721753710269919, -0.33811757752729, -0.26132321349724
-0.17424258736686, 0.2068521793536, -1.050718302249236, 1.2365618571310768, -0.29843479817371, -0.23980962348151
-0.24081849392472, 0.21233494644326, -0.91007893642605, 1.069028172684301, -0.38133921673872, -0.18748144739558
-0.27682275869893, 0.20959115401494, -0.87322511981168, 0.73027950707667, -0.47405625439869, -0.14251963372013
-0.3100600073253, 0.16879382718843, -0.88489087284925, 0.21932598399696, -0.54613570745704, -0.10378165712629
-0.21686302782278, 0.10487999478785, -1.0352069216683661, -0.29717509342991, -0.66176477519944, 0.010057488893663001
-0.20471355215122, 0.041136596438512, -0.99915477160794, -0.66417039638251, -0.75263103694072, 0.000169283506252
-0.10160889937179, -0.0094480566366194, -1.0546276972012538, -0.81861892918066, -0.75577224243846, -0.10439145620332
-0.052989055654783006, -0.043072536526347, -0.90387033514324, -0.82557215028564, -0.71638818248386, -0.17779681511644
-0.17460716916325, -0.046304778679803, -0.46872164065822, -0.67609136952894, -0.72423314695137, -0.29639119631968
-0.35151834089902, -0.046502365593404, 0.18233601574296, -0.44532954606562, -0.6380504185944, -0.32531661854285
-0.39185208564487, -0.088728259345179, 0.48636727162684, -0.30907497889589, -0.6036800953075, -0.24052638002576
-0.22228222208187, -0.092954778095148, 0.55089349188, -0.25731167334167, -0.53687328060878, -0.17968744454311
-0.10537557356153, -0.052285069024861006, 0.45072570301459, -0.30504527749917, -0.39894239796147, -0.13691774343535
-0.022428603595627, -0.0070792364310292, -0.28478145159876, -0.3329626207441, -0.17806468493037, -0.15982914564681
-0.30935373801616, 0.054078327514723, -1.5003502736731824, -0.20793380035529, 0.37772833550212, -0.13352162404093
-0.23711660230074, 0.10708631964373, -2.393804271199475, -0.14544560115194, 0.8582091389845, -0.10360401756764
-0.22129873548404, 0.13318387151609, -2.535729856627968, -0.13274835825638, 0.83768794547857, -0.10483608406783
0.07151851041358101, 0.12277931117606, -2.325573685913081, -0.12564570152534, 0.66144612629448, -0.11115557995272
0.16984749773956, 0.08479238514470601, -1.4940916745997885, -0.10948688163215, 0.35880448588386, -0.13885478599398
-0.11881880506681, 0.054842454946769, -0.98241305629695, -0.14922700654999, 0.18210122986856, -0.15278843347916
-0.30325932461801, 0.0021504914158460998, -0.24544755805918, -0.17749099812203, -0.087793520501681, -0.15468883596756
-0.41044458482008, -0.044499622285357004, 0.17287071329528, -0.23687616894608, -0.29662794194048, -0.18708390378852
-0.49234785050759, -0.074855042065298, 0.30025039432833, -0.32406591584578, -0.42675970418568, -0.17715801730698
-0.41036317525445, -0.079276427516257, 0.32801359018806, -0.37210177560245, -0.50401962477941, -0.18613491776681
-0.17339829406054, -0.08973314957564801, 0.2844441001562, -0.34449754616035, -0.5178135821549, -0.21056234117288
-0.062302705628751, -0.042140884201212, -0.63366902199076, -0.26855116230176, -0.14587575721528, -0.20802741207017
-0.027851432117897004, 0.024515784282371, -1.49332986729381, -0.15323495004902, 0.21779168625743, -0.18696769331216
0.019355299694726002, 0.06213250927521, -1.9068397389523217, -0.12593431076569, 0.62198967035845, -0.14440658628811
0.053824676601509004, 0.08071723015289001, -2.1208141422422604, -0.1089934649633, 0.89537475817212, -0.12030645422414
0.07529001219278601, 0.08852947650151301, -2.2314268971746203, -0.1173359088511, 1.0238566817167383, -0.12145082667678
0.23740611427283, 0.08931435140473501, -2.0968545781274948, -0.044079429821146, 0.977528128167, -0.11485884373243
0.28605477948147, 0.056955837764503005, -1.5637055068365935, -0.063085814550924, 0.44621148308797, -0.11117041971778
0.016988936716006, 0.0091426241469649, -1.2161683362622426, -0.11349129106069, -0.09067471584723301, -0.17329880277495
-0.22863260172804, -0.018963096577702003, -0.67143575942175, -0.16659633243943, -0.4499349254716, -0.15329694611765
-0.32195713352406, -0.032443024098371, -0.38238242718231, -0.25080465419468, -0.60430169415801, -0.1597990067582
-0.31268992720813, -0.042987592947196, -0.12947737098277, -0.30404717419873, -0.58813617200995, -0.15946097425242
-0.14561963658621, -0.05429730924695501, -0.07983861269271701, -0.15688490199338, -0.54548902018015, -0.21032634129909
-0.17377262616203, -0.07548608475261401, -0.14359882314604, 0.22318310699714, -0.33441079929201, -0.33130958938992
0.012102963243324001, -0.011898589451078, -0.42073791947959, 0.27546876556739, -0.17988194743639, -0.24383134372153
0.08522050016740201, 0.032423268453462, -0.72775884316815, 0.12268709373105, -0.14309780208407, -0.24600527301835
0.41061051699746, 0.055199701524699, -0.928553429681, 0.044862405851065004, 0.029640657779756004, -0.24522259901034
0.84896619114845, 0.021376562963156, -1.0445759337670495, 0.10628843163185, 0.32170074383517, -0.14880307479422
1.2719897993049727, 0.024079702765208003, -1.0225106192470952, 0.13219444751276, 0.4008947034038, -0.12380740356096
1.3687966930153481, 0.0052279664311597, -0.77263030229714, 0.12174722979316, 0.16027503217473, -0.11930964501064
0.76251472890154, 0.037500061346269, -0.6959120463319, 0.092217013575489, -0.1465372325198, -0.1112676634241
0.027193295561856002, 0.070524897250776, -1.2300116295088095, 0.044794364751959005, -0.50715186559579, -0.26758851086325
-0.36619519738194, 0.07124043869346501, -1.53264540226551, -0.11548070579927, -0.60472096884247, -0.33023532640987
-0.58801771078376, 0.063978764542581, -1.8966478650759633, -0.15036009645168, -0.52978052159088, -0.35254204522477
-0.6382576857392, 0.066991697040591, -1.7293408506097654, -0.13219977202385, -0.40282470079972, -0.33568373966404
-0.6800380850533, 0.07099090662638101, -1.3938636427484485, -0.080667228406472, -0.32849592738218, -0.30872969482207
-0.56427577974718, 0.044056584347925004, -0.95523725549204, -0.040678686426052005, -0.27213948603455, -0.29433485714431
-0.36671936845494, 0.030226315928136002, -0.79927193417664, -0.013075568140678001, -0.20691980747361, -0.27141570451025
-0.15854273082943, 0.020853779411832002, -0.7406713853094, -0.058431694408445006, -0.15911377299666, -0.20238683478534
-0.11255759244018, 0.017703196838077, -0.70971629883542, -0.06753786381907301, -0.13324084931264, -0.16617239734995
0.015138531024971001, 0.0068997524542915, -0.8325104889005, -0.050366600616551, -0.12183609778651, -0.17532259755258
0.058881746717392006, 0.0027267868847979, -0.91477839940026, -0.049129151152078006, -0.11674317877689, -0.15150242619172
0.07730337366216701, -0.0005153504121273, -0.84724098120631, -0.0094923866993628, -0.081788142150335, -0.1348093313645
0.09300097881027701, 0.013391338070564002, -0.85271873463468, -0.021104840630118003, -0.08850866213211901, -0.12031413602198
0.10950154358202, 0.031299230186149, -0.96898639866022, -0.010592084229286002, -0.08716349432714901, -0.11718118175685
0.08236977081190301, 0.020472765460969003, -0.9000510280956, -0.016636726185282003, -0.093434836431233, -0.11440812822103
0.092136594870972, 0.015732031829402002, -0.89967930753081, -0.022696258071695, -0.068828311004077, -0.10848258444252
0.09029083288580801, 0.013021786043496, -0.89365824043407, -0.037882951298925, -0.07665621356140201, -0.10580906181529
0.08371867951421201, 0.014206160795494001, -0.89806937478307, -0.027936923836949002, -0.09835008705834401, -0.09637357016858601
0.024815048923328004, 0.022496980898949002, -0.71341405664513, -0.019801426456116003, -0.10575963604717, -0.08460828835339901
0.11021287285824, 0.018316476399218, -0.90908705705608, -0.040977567677553006, -0.1089933861124, -0.10075196454426
0.08747482402321201, 0.0082953797539616, -0.88733095483209, -0.032451125757323, -0.09724807428655101, -0.094660866666482
0.09473746953084201, 0.019898531421405, -0.86092012551515, -0.034758794669079, -0.081560570045732, -0.09071515509726501
0.065385810435309, 0.018476533702012, -0.80633654037433, -0.035624421861186, -0.083560163634966, -0.086446201857391
0.073246751922888, 0.0094414673138088, -0.82211546974165, -0.044455295139139005, -0.10802030073951, -0.09356972101742701
0.066145754234277, 0.012643934313753002, -0.82812054730213, -0.026833544314975002, -0.14894636501252, -0.08930761897266501
0.029858563411691002, 0.009236923878155799, -0.64248132907614, -0.027476351841019, -0.13311248997591, -0.081047532632116
0.14062604347668, 0.0063701669720632, -0.96106718673758, -0.037563036531298, -0.12356879109141, -0.087816998269004
0.06740818382843801, 0.0096387521011819, -0.76143798806723, -0.038113802946077004, -0.09381449999248101, -0.08509775385635801
0.093205965462755, 0.017353888281744, -0.76742182000435, -0.040523053074449006, -0.07458799461892601, -0.087863130471692
0.08639862543200601, 0.014956882160784002, -0.74654094244681, -0.052855572270445, -0.089329357098114, -0.09036170744039301
0.08565870642534101, 0.002779898032477, -0.7531381853926999, -0.043165274736382, -0.09998016481341501, -0.09272490523259501
0.06395988636018, 0.003352170485309, -0.68101544874816, -0.039325247215084, -0.11179129882823, -0.095445451632751
0.08219320895276501, 0.0090551782055103, -0.67816181932518, -0.059851851881617006, -0.12306517741771, -0.091326038765664
0.11328492299185, 0.013609371462640001, -0.82758686334429, -0.040955135857303, -0.10544814683082, -0.09744015051523901
0.06728888347850201, 0.022630381198435003, -0.71989408542397, -0.053893023494557005, -0.038408421846043005, -0.085349732007997
0.081994010660473, 0.02261008263958, -0.70112694001941, -0.05026041599467201, -0.066103811837081, -0.085954148126931
0.059368753844048, 0.023659908370012, -0.67800839877387, -0.04043879444375, -0.09557483885149601, -0.085287097321771
0.06684661860704001, 0.016148255794207002, -0.71487706191421, -0.047278092135312005, -0.1348558310035, -0.09433039950501601
0.046413680613291, 0.013251373219996001, -0.53446068802127, -0.049711045884699004, -0.11957602955235, -0.091489001199638
0.1028534569649, 0.014734745163190002, -0.8097630445298, -0.06342543264052701, -0.069526958219238, -0.09745281586545301
0.049502786960939, 0.01846552428226, -0.65032167920264, -0.052316871995453006, -0.08460755410432201, -0.095705689161726
0.053549352037803005, 0.019105716300897, -0.62552357457021, -0.06206665187747701, -0.087558567045819, -0.08819572505503201
0.072446400550259, 0.017178751874629, -0.60400580246092, -0.055738418830822006, -0.10249133361202, -0.09450276178672101
0.065099023220395, 0.012358098926725, -0.63472015650321, -0.059885573323336, -0.12242329967705, -0.10052798987976
0.017745200317904, 0.0071391152049584995, -0.52488115798437, -0.030830993429527002, -0.11851162262088, -0.1072692260436
0.048775434359491006, 0.011837976412092001, -0.58723723169901, -0.058698245773397, -0.1512166674431, -0.098199878501995
0.08345412098945701, 0.026088570066595002, -0.71487537819489, -0.036639189758942, -0.12298924347833, -0.10017215371612
0.07460090526536, 0.020017483981878, -0.65673791355826, -0.050848221386787004, -0.12450006233648, -0.09460041832776801
0.07772833213735, 0.021122779309796003, -0.63401282054577, -0.049862980389150005, -0.10257602088161, -0.094916142532543
0.055233177338313004, 0.023411779957244003, -0.62877088196423, -0.047721245877979004, -0.1068426393471, -0.09090662307411301
0.034201381806137, 0.018871799680661, -0.62277115999777, -0.027580847086463002, -0.1495627511508, -0.09314416579049001
0.018057795451365002, 0.009086048297230899, -0.50718268559143, -0.039783828254219, -0.1437798598384, -0.09122644219150701
0.08344903628736601, 0.029675959200252, -0.74761072114494, -0.044027466778956005, -0.09722547692981601, -0.095661648402453
0.041709332109119, 0.019442579993829003, -0.63385731921223, -0.053255929378153, -0.10000227479955, -0.092644689464575
0.057282596943247006, 0.024989664292088, -0.65076123638376, -0.035595635008865, -0.08386853278904101, -0.096220991089056
0.03980682522638, 0.021474570810802, -0.63109110293784, -0.055175576347286, -0.10158009018559, -0.08928618743635801
0.044251670608522004, 0.024849322295966002, -0.66281394120982, -0.034691044834460005, -0.10800456607248, -0.089002108136205
-0.0060652443782586, 0.019231236683123, -0.53310041009269, -0.028704744415901002, -0.10968254137722, -0.092130122223921
0.062768763264909, 0.020426705615989003, -0.70161834464444, -0.044184613337234, -0.090363422038229, -0.091728217720748
0.032024412919177, 0.026594870215159, -0.64428298420359, -0.037097416625618, -0.095654389799077, -0.08398544449919
0.047428499349696, 0.021634421159910003, -0.66022343134579, -0.05236221546655401, -0.10417244185147, -0.084397575884551
0.038594158267420006, 0.023445275109866003, -0.63407900227915, -0.044418814864668005, -0.096543743180972, -0.08371470698194601
0.039190125076931, 0.02392414939397, -0.65811203264583, -0.046264458705906, -0.09968021563127001, -0.085734207275296
0.017811322158234, 0.025974518508290002, -0.66167343954893, -0.019488885284719003, -0.13754154310203, -0.08957237229255201
-0.0060328279455249, 0.013625805043918, -0.5390604018064, -0.045302499580515, -0.14220143169362, -0.08353754815309601
0.0676056636115, 0.031542201539975, -0.75705442427766, -0.036842456100757, -0.08532261627656901, -0.087622220135793
0.04520485747036, 0.021262634779624003, -0.65109179704527, -0.048791313387087004, -0.08537399863655501, -0.090478686701551
0.050646505488441004, 0.025947754047671003, -0.67644080626898, -0.043218445173536006, -0.090662377759536, -0.084792405022444
0.027658201747911, 0.019675107887265002, -0.65514415801175, -0.04148792777836, -0.09276776881260501, -0.084302990103956
0.042714340278682005, 0.025781548884261003, -0.65971262767682, -0.040624704951722004, -0.11061234634484, -0.084340199818334
0.0004455557210172, 0.01959384789804, -0.61583956838587, -0.029967665754768003, -0.11677804001147, -0.08716214829067201
0.028778114422019004, 0.020112664429910002, -0.62601849392118, -0.055441699309322, -0.11467826808846, -0.09022358050569201
0.044101728038504005, 0.030851470270252004, -0.76315568472904, -0.04779290359252, -0.0255426891751, -0.074402875784362
0.033809786994696, 0.025269491456078003, -0.70104583595988, -0.041885866289130005, -0.029754501780298002, -0.087332333172703
0.03285095670698, 0.022902818445324002, -0.65989405854581, -0.041267535035877004, -0.082125956104123, -0.086607310003602
0.028565112540673003, 0.022485387939645003, -0.65895154835846, -0.046391845232436, -0.11000773331488, -0.07773323463790001
0.035552790017466, 0.022893280715672003, -0.66346953842927, -0.024014990943836002, -0.14839618206149, -0.07986602898348301
-0.017758051678004, 0.020299210676870003, -0.52629697176605, -0.019290758651815003, -0.14382113058925, -0.08614099629565901
0.039577618867736, 0.026748717145512003, -0.67421826020554, -0.039234595634973, -0.13452015731233, -0.08457268094662501
0.021531975717162, 0.025072663922349, -0.63120748117533, -0.034965276986560004, -0.14556819687499, -0.07955717998507801
0.042365383874510006, 0.029048082883509, -0.60790173101368, -0.041333479921380006, -0.11754680243347, -0.07884768112310901
0.029184223583271003, 0.02738440048639, -0.59234239524814, -0.039691944833794006, -0.09970383263780501, -0.07241929510641401
0.028268332198305, 0.028041205340838003, -0.62864691640881, -0.036062324911953006, -0.11785397820741, -0.068835744280965
0.037875328160495006, 0.033728077160362004, -0.64985439892734, -0.023806414596774003, -0.14606783519903, -0.060358918079933
0.0047014519996947, 0.030162739648972002, -0.53499917167777, -0.04764430550929501, -0.12806665992902, -0.061636024635986005
0.056405707344943004, 0.030261486009062002, -0.71463956960283, -0.027770821083295, -0.088332066191714, -0.057301310013519006
0.038185092505998004, 0.030737708898357002, -0.6136380663166, -0.040000941874994006, -0.09480383731333901, -0.06087123584674901
0.059637806874401005, 0.032116939679104, -0.64126894884225, -0.037132865207221005, -0.077084620723591, -0.058056414354176
0.048964145209634005, 0.034527993485201004, -0.65155474731753, -0.047733176540896004, -0.10564373294937, -0.06793666835767301
0.05640630220959401, 0.031188057747313, -0.65515263237434, -0.038693713089205, -0.11679691472712, -0.06566372726886001
0.0014369196899079, 0.037086467389672, -0.45398380362488, -0.029472571470909002, -0.085526463298111, -0.055491866564453006
0.066064234135614, 0.033778092167582, -0.59812212127812, -0.058521421053635, -0.08468822822216701, -0.054156531730437
0.040815397770195, 0.032035736274032, -0.56091105925035, -0.05014205505162601, -0.094834745610562, -0.05257845604160401
0.067038489123599, 0.028073415906837002, -0.53430028128092, -0.056715009138901006, -0.082449953699313, -0.052827709449334
0.047259805635487005, 0.014273498121329001, -0.5000043484895, -0.06667727800042901, -0.07088992213190101, -0.034934100736686
0.040084325003131006, 0.012165713137783, -0.5623637032579, -0.08421336137006401, -0.0087013710611274, -0.021775246142342
-0.0089294317966619, 0.0062222822030136, -0.47247557886893, -0.05862170650929, -0.063321805060287, -0.022682919491889
0.0089895419614892, 0.0014513183524549, -0.43606173248643, -0.07548645919369401, -0.10017497964682, -0.024875764168159002
0.07705732138825601, -0.0028815812572985998, -0.62272420469011, -0.07676101303971401, -0.11043272077998, -0.033312213698566004
0.031728518998934, 0.0045345843229557, -0.53903801409094, -0.0767656837689, -0.11259878348149, -0.034954140362212005
0.062351648034689004, 0.0029002210074423, -0.57210153583381, -0.07438836327645601, -0.081877242733873, -0.037525767010889
0.040565636082011004, 0.0017359281053842999, -0.57389674704494, -0.06483676099291501, -0.06983643494331701, -0.037566751267979
0.034453323091914005, 0.0082013752347766, -0.60918749219089, -0.055448468412521004, -0.12039394772173, -0.033900928778439005
-0.0053326821289649, 0.0048887485376844, -0.48668574449734, -0.051576474200334003, -0.12332100548345, -0.035758154077537005
0.045573527415591, 0.012295344996979, -0.65153674166006, -0.061132233884801004, -0.14409268507095, -0.042234551496445005
0.028749314086361003, 0.015953267365531, -0.6020067044585, -0.04291718581754601, -0.13865219281178, -0.031407896577040004
0.048172970805138, 0.016469911075848002, -0.5921603993197, -0.061680795561931005, -0.11423662244561, -0.038341650796078
0.034291385839777005, 0.015919916319212, -0.56974956937586, -0.057457367248096004, -0.11854883867494, -0.0349626335362
0.041977162520699, 0.016707449039, -0.59178490607516, -0.059368399179993, -0.14185909620094, -0.033842151011706005
0.0062174916146905, 0.021854997875480002, -0.57871502250857, -0.027327777638895, -0.16900623324456, -0.033367484850567
0.014112665813974001, 0.014460482188426, -0.5423830995408, -0.044879160566147006, -0.17565872797632, -0.032096240583335
0.055588860696541, 0.015459167375311, -0.6692591788285, -0.041193748872461, -0.1120730379221, -0.032649815734528
0.029754749191717004, 0.022118667387372, -0.58267455953452, -0.052701329557708, -0.11843059839555, -0.039335983783934006
0.044070063071184, 0.019850506167631003, -0.57758093720707, -0.05424285287378901, -0.10650505728464, -0.036055039658537
0.044631262674603, 0.022130711947770002, -0.60931944177989, -0.042112234260832, -0.10677468485786, -0.03748287621276
0.037686558218106, 0.026991557200355003, -0.62242388542196, -0.0297350112531, -0.12007870449848, -0.027756901238423
0.023677811539209, 0.022092028539016, -0.54200739912338, -0.036699501970679005, -0.13640002240832, -0.035320029038576
0.037917924517979006, 0.032595603181798, -0.65176188140122, -0.045413222916465004, -0.1029140821644, -0.037833005442217
0.01855176641213, 0.027795072099457002, -0.55407934201944, -0.022811386860334, -0.10591267470609, -0.028696393827129
0.048944900292227006, 0.029978355105147004, -0.59838699146713, -0.048378059042056006, -0.09763093068506001, -0.037971579125008
0.052089998942701006, 0.030014752190018004, -0.60592758329171, -0.043770750397112, -0.12583763829496, -0.028556714532451004
0.06526452853072501, 0.033504538285024005, -0.67064605763592, -0.045638428344272, -0.1272689669856, -0.037318410691218
0.021581029376329, 0.030646800983450004, -0.64224144510383, -0.028333541078864002, -0.1431635752353, -0.0395005580022
0.046991064760472004, 0.028032513943831, -0.61934911898897, -0.049841295909542005, -0.14400620295737, -0.040639929335949
0.046343380073741, 0.025561433624032, -0.69173994886502, -0.051043047964886006, -0.10478952215249, -0.033691624119936
0.037696119471865006, 0.037962355403373005, -0.59997228564583, -0.050941376462998005, -0.1019716720472, -0.036530462353066
0.045891114153316, 0.039541926733099, -0.5964941201811, -0.032779416241624004, -0.096882266691209, -0.02530592981044
0.045303969387755, 0.043970076144484005, -0.57459686313778, -0.048287866662658004, -0.10142897339187, -0.034828660605782005
0.013359730950787001, 0.030367129087485, -0.55827407639004, -0.036361275915920005, -0.12254912722193, -0.021227162875022
-0.019252894312929, 0.02428201549624, -0.38624406883003, -0.061132191134185006, -0.12662140456244, -0.018719998406399003
0.083944146376492, 0.0326556098927, -0.73613766925131, -0.052934887060097004, -0.13107467848639, -0.022241537813973002
0.045056213793171006, 0.030759541250742, -0.58430294209512, -0.048088128903519003, -0.12050420558648, -0.020498251616471
0.034757563238174, 0.025842095873312, -0.60237197885654, -0.059573122934509004, -0.076184201498526, -0.026512530053067
0.053609699344399006, 0.020283950102512, -0.59743151095877, -0.070081121610313, -0.09031019798815501, -0.038740664659239005
0.037673476949339, 0.024253646194538, -0.63607545466888, -0.050167227493668004, -0.13037679634877, -0.033993355568025005
-0.027388196542796003, 0.019397509417632002, -0.42209731798372, -0.042781409046510004, -0.13988067214825, -0.030982049311370004
0.059906076852233, 0.027514996171261002, -0.69623789180318, -0.052506280954048, -0.17474519123113, -0.031383830336628005
0.049580026360415, 0.028526024218795003, -0.68442150309793, -0.033355042907308, -0.14586097335612, -0.033872010993329
0.056764549501992, 0.020691824228192, -0.63139183841502, -0.050129306852553006, -0.12727708201216, -0.031257919160716005
0.048080426231152, 0.025647525959052002, -0.61538693738159, -0.042886794498717004, -0.1323792580377, -0.027982126673874
0.035092285073313, 0.029462645199779, -0.63737438888098, -0.028305278178479002, -0.15359055680898, -0.023127122999040003
0.0071674340858096, 0.019599136448398002, -0.55206247103757, -0.013180971348181001, -0.17384772479162, -0.036578518817081004
0.032213274227890006, 0.024268272916887, -0.60447038073187, -0.029787984075922, -0.21536544079488, -0.025007665248637
0.07238133783209601, 0.030993813198301003, -0.6887539372628, -0.022524033018784, -0.17541826497194, -0.022539505549318002
0.032114897352086, 0.024639241752996, -0.62828970509795, -0.039994611914458, -0.14402204703904, -0.023687043287457
0.049427478328154, 0.030209166641921, -0.63709705083729, -0.030418833927723002, -0.14261342356947, -0.020958765176313003
0.031755485191567005, 0.029003061570534002, -0.61198830488753, -0.024701778145388, -0.15147287502472, -0.022352477272794
0.021510704704727, 0.025534774805565003, -0.59701093406724, -0.012974920020624002, -0.19435574080938, -0.017633743480762
0.015034052742708002, 0.020940819961822, -0.54250972186564, -0.022065773448244, -0.19771250061835, -0.029391273265492002
0.043147382735961005, 0.031290229819739, -0.68440424895839, -0.019373498470275002, -0.16361838537454, -0.030505140669032003
0.034484368181054, 0.03228309368932, -0.60462682451316, -0.027365936418591003, -0.15029153393887, -0.029471067788283
0.023908853112781, 0.032259141700403005, -0.58992699825867, -0.026717010178522002, -0.15474842124814, -0.022292995366773
0.039343612564443006, 0.028023655393197, -0.59698073982006, -0.029672537448536002, -0.15997555363107, -0.026012342151203002
0.038799223085218, 0.028383147301785, -0.61883834412788, -0.020054184194771, -0.17037811987485, -0.023256474180582003
0.015379236661062001, 0.028735408657062003, -0.55168680644856, -0.011073455653185, -0.17980475442538, -0.028415484136195
0.029906437553936002, 0.024646352373715003, -0.5752946269215, -0.03549162237543, -0.17308655403279, -0.029077335303094
0.027973708086844, 0.031835559924042, -0.56566260082442, -0.012037607704618002, -0.12914112162384, -0.022452156030463
0.034625410454105006, 0.024513252539901, -0.60742500617865, -0.032061220658087, -0.12098085356223, -0.035397220652306
0.044446126643703, 0.029599364548837003, -0.59212420416961, -0.035422627681625005, -0.13311344941162, -0.032897957414207
0.06102136377629001, 0.028834936765167, -0.64402050368229, -0.034885730990681, -0.14502856378704, -0.032675127807360003
0.05765834036375501, 0.036298106865862004, -0.60784588253746, -0.011947170945434, -0.16102254114266, -0.029277953433861
0.06277308782495801, 0.024143545701558, -0.59045987472146, -0.025248997962370002, -0.15530252344487, -0.034889099983502
0.014172555965855002, 0.012765263100753, -0.56835622577266, -0.052569372492986, -0.15044168028115, -0.060133034532563
0.038785202580963005, 0.051817885971503004, -0.76726223678317, -0.012667977984731, -0.2264610754926, -0.085343464665285
-0.054926523282964004, 0.077687830792296, -1.0485086036027838, 0.011089869696042, -0.30845845599609, -0.09263027711172901
-0.19238941890782, 0.069823837123394, -1.3622187420738037, 0.027202716645330003, -0.19861142941028, -0.12978265773507
-0.10796627608077, 0.09519677288010801, -1.3366327042619142, 0.045344079675675004, -0.32299411764447, -0.07268150976229901
0.022476908578199003, 0.10934920770167, -1.6853555775097195, 0.06605818078322101, -0.44641638562727, -0.11632189745001
-0.039930358009542005, 0.11823863462074, -1.5545800856408756, 0.0041641807832927995, -0.42511248892351, -0.10290131026535
0.092658839384486, 0.10876937828181, -1.7868591956653295, 0.015778084849694, -0.42361197441357, -0.12235748777594
0.10183219023686, 0.1077273955107, -1.877096254471144, 0.021280922304629003, -0.46351879879692, -0.11153816881811
-0.004923667059865, 0.11102921252585, -1.7462742600965657, 0.0025790519018434, -0.29436270388199, -0.082134617632726
0.079458333884301, 0.13549423251847, -1.9497268085099537, -0.0098305728786377, -0.27801557023697, -0.08181742888335501
0.066988646704006, 0.10694436930854, -1.5835546152510211, -0.040304305131863005, -0.36061745542513, -0.082681807004924
0.10140920661671, 0.11488554554493, -1.9264285769665106, -0.052728920477614, -0.30141909739948, -0.11350419890169
0.17215330260963, 0.12983218236247, -1.8896125332135272, -0.07591885580716401, -0.46698189862523, -0.078518201013011
0.16929312705034, 0.11787960511944, -1.6399988260195055, -0.025143744041788003, -0.24769020633134, -0.08721790222992501
-0.043395929974268006, 0.10472267529102, -1.1583529800986605, -0.11750807227123, -0.09458240318616801, -0.10688009340054
0.15272407680839, 0.10094191200039, -1.1138279588146747, -0.092875741818511, -0.27419763881004, -0.10938641848763
0.11044537139018, 0.09836343999950901, -1.0554843834433942, -0.11426536708873, -0.26734515174022, -0.11551531934299
0.17661986367244, 0.10900058965487, -1.1359221798401284, -0.10267130524756, -0.30269209215179, -0.11844950864038
0.26137462724726, 0.12287796846214, -1.652931323417912, -0.05879610097746701, -0.45820674945041, -0.13270851411774
-0.08131091141674801, 0.057585514638267006, -1.026604703858223, -0.10322795135405, -0.34584302198223, -0.13635670848689
0.16568512829783, 0.09972808291855101, -1.505962936534318, -0.059974339818937, -0.26681513123668, -0.12430720933634
0.0056959109612559, 0.05488794819802, -1.327453521821989, -0.10765020928592, -0.29547215442264, -0.12389044511733
0.1485910921577, 0.081891982774197, -1.8074922531789115, -0.049075335167776006, -0.27981621948597, -0.1069161314767
0.045538352645558, 0.060959662086856006, -1.4703837196869796, -0.056582941836514, -0.40592685924533, -0.12768596783504
0.10084515870026, 0.14763581764082, -1.9434263852243823, 0.026038961138469003, -0.30388383278417, -0.10038659666128
-0.048284355084478, 0.091026567545332, -1.3142160006213195, 0.050755699482718006, -0.24161635454974, -0.11714581283594
0.13863818084191, 0.09572337389365701, -1.6051753609432808, -0.0095654961551415, -0.18867247153695, -0.077719157302682
0.09907821977702101, 0.076037985140414, -1.4428716070057983, -0.031600638753044, -0.19965345626362, -0.08809577194979
0.22382940768272, 0.093844770223498, -1.477290857532144, -0.0047239540064478, -0.21166575929452, -0.071754389979217
0.15868956098982, 0.1052883107625, -1.2806986036018886, -0.014553417272563, -0.21962771646271, -0.063217567098084
0.23743556573582, 0.092514482680948, -1.5260905188192302, -0.030637695722455, -0.27070580946584, -0.063778949712778
0.21941079796298, 0.06880333167463, -1.3839447062582677, -0.051747479983562, -0.23275828353806, -0.08635194585840901
0.248215820106, 0.06674139455350901, -1.446810614019094, -0.063957473204414, -0.23902500630835, -0.09801814082346601
0.23866161722711, 0.068393140036172, -1.4498835050570205, -0.056745178598507, -0.22631066254043, -0.09568010732274701
0.17195698204978, 0.053110767780855, -1.2006993797137593, -0.032388410765655004, -0.20148075807518, -0.09261879864621701
0.1391767730879, 0.064886985897595, -1.0904736486678308, -0.034360115740733, -0.21485276428414, -0.07400540239014501
0.24910344647525, 0.078722129248067, -1.3780186474763, -0.014733212697152002, -0.25736501844523, -0.07734393824304901
0.21928133252303, 0.08480090323886401, -1.3595712896141208, -0.033527852424516, -0.23860354394438, -0.072669083152457
0.21673746192996, 0.07277794073268501, -1.4153133072676556, -0.033069240112059, -0.18990689920696, -0.06922773340084801
0.16586163142357, 0.059396343189831, -1.3441864889229336, -0.022114732178842002, -0.20389359682228, -0.06702524666564201
0.12989600866555, 0.058652063495405006, -1.0562389252158237, -0.026535985229498002, -0.2022793811503, -0.062758738515964
0.15170279088091, 0.053540683473637, -1.331918474635746, -0.029267435240188003, -0.1965174348606, -0.066716221802072
-0.03922685175308, 0.016034997442744, -0.70828174040996, -0.010171827463069001, -0.11604176384647, -0.06655544275031701
0.016402303617202, 0.059265313041157, -0.96263990816043, -0.030750169754541003, -0.18746535365111, -0.043952839563798
0.14733954977173, 0.07801505745654401, -1.4893714767329533, -0.0015774453989561, -0.23627039533669, -0.053723414859116005
0.10887673538292, 0.1000572370501, -1.4346324708286537, 0.056489635490798, -0.29726222755526, -0.050898065505585004
0.15332043861232, 0.063247035548859, -1.4977765441304416, -0.047521341479711, -0.25534007100802, -0.079921561059621
0.15316381817472, 0.10688227211885, -1.52972239068054, 0.11007120316232, -0.17216857369454, -0.036953049771617
0.14347310000013, 0.07631325967977601, -1.42448237396574, -0.062080595154952005, -0.25072377140141, -0.06613659390698501
0.20997065271438, 0.047710972167677, -1.432053911029651, 0.030425952907972002, -0.21135252030699, -0.039749977666603
0.1618865144495, 0.042598253774432, -1.6018458641858155, -0.057416726553594005, -0.23470704232237, -0.071757780963454
0.19210639357662, 0.057000468588039005, -1.5686221178628081, 0.023413719692562, -0.28972204642077, -0.06465869147884401
0.22245911602464, 0.055880680571420004, -1.448037554373402, -0.022154809235317003, -0.27715744722614, -0.051525906915343006
0.15037508865057, 0.069863095676523, -1.4368956194604041, 0.027524356197491003, -0.1902992601782, -0.05962453214865301
0.09181972975635201, 0.08527892165197501, -1.406282099126761, 0.020031063168269, -0.16820116949861, -0.036439708701687
0.14216704610307, 0.05815770680045, -1.419652432724802, 0.0088459281832353, -0.21657369450925, -0.049271072160564006
0.24805519663272, 0.07188824837701001, -1.4930796565678437, 0.011763408732150002, -0.20726658596895, -0.04530085445859
0.20155487867458, 0.062946177600483, -1.4365806412829543, 0.042712342300757, -0.25969549121409, -0.03985939184206801
0.21198504708228, 0.06501511533953301, -1.2932900884467715, 0.0091361706953606, -0.24270006807399, -0.046110085258845
0.16816089082453, 0.068701325710181, -1.4301188733800683, 0.033542319430966, -0.19152366294131, -0.035987404542603005
0.16446577318542, 0.082194867320608, -1.3825203426940886, 0.035611050744841, -0.1604109818313, -0.031588480188448
0.17980147431788, 0.080399977035225, -1.354640242688982, 0.021730066859725002, -0.14506897179478, -0.045709818429151006
0.17156475511794, 0.090295269460407, -1.405986025725696, 0.038450995396705004, -0.15938992783454, -0.025109692012321
0.18597157534282, 0.079058388040985, -1.427508883597732, 0.011571244409905, -0.20358553806189, -0.036160676050902
0.2617169572854, 0.082991126385396, -1.4213889926365835, 0.043988085693335004, -0.20009044693498, -0.031819233457852
0.21981963086386, 0.082971789219464, -1.3861417247635968, 0.012428137429995, -0.12516057063374, -0.046928787880121
0.21020006449213, 0.075171036614948, -1.2188163094616586, 0.035614561497617006, -0.18619236752701, -0.028713948953702002
0.23924374068176, 0.08842251896988301, -1.3834664230798834, 0.016579744865909, -0.14944624570531, -0.037118209818210006
0.22207824869935, 0.093205629331558, -1.2834259410175668, 0.021437572547470002, -0.15849687838866, -0.033940725414741
0.19744625747694, 0.11073569928404, -1.425796365342094, 0.068959538147114, -0.19162615386327, -0.015582539165199001
0.09261628604249801, 0.081633250437742, -1.022693173941382, 0.042051278791604, -0.12646517425182, -0.032652717071339
0.17983425876981, 0.08888120491087301, -1.315861053954851, 0.037433169797894, -0.17650598336085999, -0.038169011116982
0.20939219159025, 0.080729179441793, -1.3167789292409113, 0.009716713679897699, -0.17186149656975, -0.023364102590266
0.24922226855618, 0.055186948662792, -1.446188083293807, -0.022325853980098002, -0.18744410805117, -0.04730488841100201
0.24356259116156, 0.079061275486104, -1.4983107079888796, 0.012097979756043, -0.25042570604649, -0.039400542487446004
0.17422110856847, 0.09534239336271501, -1.4125736885660274, -0.0063311019205287995, -0.2073046880355, -0.016901271134703
0.20902398714623, 0.067591342819282, -1.5483817833919966, 0.0051560015905963, -0.22864805454954, -0.049132474101005005
0.19497474141403, 0.10870866074239, -1.4636168806602643, 0.033536592777859, -0.15587227800827, -0.033006831902206005
0.22942266289604, 0.074247651743078, -1.5174394967157723, -0.0010036348078917, -0.15955368924795, -0.038829161071294006
0.17868007657112, 0.11987826516056, -1.5053505047651852, 0.087101208151935, -0.15936556824371, -0.019698024118323002
0.24232503788674, 0.086089193527561, -1.5026769726214808, 0.012996857154029, -0.17423182428985, -0.025922207517421
0.23163832519042, 0.09467132526067101, -1.66005061489594, 0.038883595173512, -0.17352707024423, -0.044730573116843
0.18332782561486, 0.10681286756085, -1.46345918553737, 0.08965707825097101, -0.22253161003364, -0.040450857925347
0.2051209492591, 0.06463802838655901, -1.5970771908261383, 0.0019471844132662, -0.21115463246894, -0.054257302513063
0.18991836446365, 0.10763797782104, -1.6665147961557412, 0.058484645051551, -0.18994403304498, -0.047113275810292
0.23291677893034, 0.07554900732973201, -1.4921985825865245, 0.012113953074334001, -0.17313748667526999, -0.044340592336920004
0.26028624602365, 0.09514129938898001, -1.6383812915086988, 0.038797403947542004, -0.16510987619398, -0.054265933656681004
0.2420578220508, 0.089102396692656, -1.5709135183675507, 0.02439631539469, -0.18972579515766, -0.048052676802026004
0.25806101437039, 0.092732989990341, -1.6500001926970589, 0.04244570595641, -0.20871701467849, -0.06656015016083
0.25370429951091, 0.09136412548169401, -1.549922989474373, 0.050056088654270005, -0.17107428932503, -0.071560106511528
0.23983092343634, 0.087171684993503, -1.558144811945477, 0.034615570802737, -0.12088674762433, -0.06416363354803101
0.23417384288938, 0.09598294913075701, -1.5656544500908207, 0.052952699544351, -0.13122090235892, -0.06117506809540801
0.25620312303608, 0.08573794573320401, -1.5051263106158195, 0.026782542644674, -0.13722895210094, -0.06595321823081901
0.27421934130341, 0.08385447759696, -1.518802850038481, 0.013152054628134001, -0.15296190712307, -0.07946627090616401
0.23766602494781, 0.11930966231033, -1.5768377970977578, 0.093571834944942, -0.16107931395724, -0.07083595586819401
0.11000209570294, 0.073633434612311, -1.2246549166354137, 0.083079137272125, -0.08539601753107301, -0.064858337819542
0.20226078276033, 0.09848201992163301, -1.476141354300685, 0.055727855533551, -0.155429317451, -0.054875337640919
0.18805044743123, 0.09401650502602801, -1.4099062127191788, 0.09839998794540401, -0.16496569750959, -0.047027223836908
0.20698241895284, 0.10442155329454, -1.2544962521906808, 0.044025637227625, -0.12439575231999, -0.046481032014475
0.26640576038858, 0.10108863243627, -1.524150445013134, 0.052957591667865005, -0.15399694520413, -0.059080656634289005
0.23323037942161, 0.08880185251964501, -1.4988175419278014, 0.041958484112803, -0.17020471587833, -0.050349273562221006
0.22030100023008, 0.083932272619214, -1.4802128393286187, 0.010725699463221001, -0.1932526616291, -0.050291070326183004
0.28162762672093, 0.076568939293498, -1.6777321413549353, 0.016110299297936, -0.21851691487472, -0.06007695031303
0.23657396921360999, 0.079633691491043, -1.5149367754242118, 0.031329773309449, -0.14778778957985, -0.057523341328777004
0.22708413174081, 0.084699651055676, -1.529720249918107, 0.039661612074837004, -0.12416274164534, -0.053345727459108004
0.21270559103292, 0.08958918491494501, -1.4433477595249569, 0.06984502175399701, -0.13156712710324, -0.049914019457408004
0.21161605801677, 0.09334350150283001, -1.4761619926358622, 0.014355753339875, -0.13710418041558, -0.035383885531236
0.22756189552498, 0.083517671754674, -1.583018522181139, 0.05811046600525101, -0.16143475281953, -0.040936998460568
0.20310950052705, 0.09140997406432701, -1.4564751079577825, 0.029539112970669003, -0.162945751659, -0.040419001854175005
0.23358446824504, 0.09527302449824901, -1.595924502366597, 0.055322981713639, -0.16306125111511, -0.046955263324705
0.21110771255308, 0.093045059587605, -1.3737070087300263, 0.050979983534711004, -0.13367588950217, -0.044279336540496005
0.25005669944983, 0.10584926569557, -1.352981041818255, 0.045160749709134, -0.12136289655237, -0.038889487839432
0.23579178120813, 0.088867454219012, -1.334841250572262, 0.029601845995496003, -0.13663476411011, -0.045226479840767005
0.23968867428166, 0.08643024716290201, -1.3620221049701653, 0.028901852408531003, -0.11474870982423, -0.037041398770652004
0.17008522290031, 0.08557117826383001, -1.1128971481566636, 0.035856164923592004, -0.055051754780544006, -0.044464006632562
0.23263756375936, 0.09352042294524601, -1.3134808900057127, -0.0022969468568107, -0.082952236090452, -0.059166357264209005
0.12023697592874, 0.095119285640613, -1.2037754310466657, 0.01598180338925, -0.084939594017245, -0.044644023676462
0.17666116067386, 0.13912766465712, -1.1986735975277534, 0.020462663523611, -0.06654019258344601, -0.036082866528875004
0.23478774121096, 0.15283885636087, -1.2954970412286568, 0.02108351083397, -0.087529336985687, -0.017956369372334
0.14900640060165, 0.10597737229278, -1.1647823235598425, 0.027357919031713, -0.08684205340567801, -0.042194235198263
0.10992966635496, 0.071703580959913, -0.87586212125059, 0.046513929930708006, -0.06788339239429901, -0.042567799757047005
0.29003327037595, 0.14176481133572, -1.1904900841274355, 0.05846747427449601, -0.12804500824204, -0.023667287883673
0.3204194511729, 0.17176265066871, -1.4129723807355508, 0.09494502047624301, -0.11204106832694, -0.015758512158983003
0.31178489986047, 0.19547058316171, -1.345206048879999, 0.086745502252925, -0.12310989171081, -0.0069999182763211
0.26271422444195, 0.16635095548901999, -1.4180920312960028, 0.07306972202308, -0.030597488178163, -0.014461319046812
0.21960567708148, 0.14809071074902, -1.3332039929201376, 0.08619879861350101, -0.05679609404070501, 0.0032870512297345
0.23456140936451, 0.13234949605597, -1.221495063462416, 0.081770051223449, -0.11588587389693, 0.004275257910954
0.25882738095848, 0.14134006499361, -1.286250961370098, 0.055902098408939005, -0.1131206849352, 0.0048872728254941
0.23843318763592, 0.12165048966483, -1.2887180947790275, 0.060694450362071, -0.092970515013591, 0.0008382670745696
0.15585716618228, 0.078671842569192, -1.1525205868170216, 0.0055737421486432, 0.017174024730361, -0.015387705310467
0.15169324836096, 0.078986381675074, -0.94576833996992, 0.049709109591890004, -0.10267971172443, 0.022499379102268003
0.24425245009556, 0.12485896992149, -1.2400018792703795, 0.05477459302702901, -0.12558858291126, 0.032604104740276
0.10653409433997, 0.12752041064587, -0.91436425315545, 0.064684326092768, -0.05476817088927401, 0.036963311766464
0.10041125593662, 0.09364761706386, -0.84748720743773, 0.038913614817721, -0.16306577099078, 0.026553238565284003
0.21931067935221, 0.059588837687875006, -1.0300318348728614, 0.022376507551351003, -0.18552717174448, 0.008315699645311399
0.24598407450398, 0.09126883810387601, -1.042201766326309, 0.010365840193212001, -0.15329605126422, -0.0003641638433174
0.32770651413852, 0.07630879212477401, -1.2153289441028405, -0.0078714014485792, -0.23454787368054, -0.024157129049075
0.34932524690538, 0.048721646973416, -1.325292494107979, -0.039684068460698003, -0.30676168170983, -0.042788934387881006
0.37274351514256, 0.034936878905066006, -1.3102429727682972, -0.053917906971434004, -0.28234990440173, -0.048891947345949004
0.28677216013526, 0.05195502180323001, -1.3183028312286793, -0.037295266064894, -0.19037931959613, -0.030183824827927003
0.26065974348878, 0.054785160426151, -1.1860780914093485, -0.023389033842771002, -0.17008249197903, -0.030336162009738002
0.29027004336979, 0.052705704060003, -1.2524039266096216, -0.028152079153496, -0.16003319727082, -0.041340917877306003
0.31279126919291, 0.053866207063497006, -1.2757211161897886, -0.019545146805227002, -0.16625897646035, -0.025728412374305003
0.30638366867268, 0.054159386738487005, -1.273940952679059, -0.0099318695469712, -0.17928138616981, -0.028873132359460003
0.30098952651163, 0.056673176103980004, -1.3125783607237038, -0.020685563775152002, -0.12325921470986, -0.034269164034942005
0.26590376657713, 0.062877131982465, -1.2117149946913186, 0.01402596381936, -0.12197117432922, -0.013354807080136002
0.30183766555056, 0.066300155357762, -1.2412405023393447, 0.0018382682259855, -0.11777383500833, -0.014917635062394002
0.29857299626747, 0.06502506330161001, -1.2880014391331953, -0.0043269233976084, -0.09962397820702201, -0.011516057998441001
0.30186048907724, 0.06697687051717001, -1.3159169079958701, 0.0007731157215493, -0.11042728336905, -0.010133600468602
0.30552899563976, 0.070380044998471, -1.299050391120362, 0.021066079200729, -0.15263658917944, -0.011670354566989002
0.30584261411028, 0.06652694158151701, -1.298938352634994, 0.0003025679556843, -0.12716061230867, -0.0067190334799605
0.28215701026167, 0.070033320734128, -1.2238316053514378, 0.021306634642068, -0.10797758741944, 0.0054311782837648
0.28181587462294, 0.07397126448647301, -1.2363102407474333, 0.010143390521286001, -0.10595273912418, -0.0062419125085547995
0.26684724661546, 0.07342616363799301, -1.2184353563100094, 0.019252584406012, -0.11522193949207, -0.0016990156512212
0.26195652438061, 0.076600871582976, -1.2216108001359174, 0.010291916892726, -0.12395514099151, 0.0022966432058189
0.24700815177812, 0.072830013829876, -1.2343435032440206, 0.022864849749928, -0.15835630487637, 0.0021125423256166
0.21754795691881, 0.077887539595084, -1.1063183489279136, 0.015716360075262, -0.12830725141608, 0.006024383193204
0.25035804724482, 0.07693888840648601, -1.241253942683454, 0.013236587521789, -0.1297510304472, 0.01059038974893
0.22851242139872, 0.07662609028676101, -1.1568806332206618, 0.019576587139502003, -0.11801289216698, 0.0046480315024898
0.2449803007428, 0.084274206174182, -1.1843050902967633, 0.01604547043466, -0.10999208478006, 0.0046714742856897
0.23247591077643, 0.07768118803176301, -1.1959141457602451, 0.011975900487903, -0.10101649692305, 0.0012133719447775
0.2198649111835, 0.08130581079028901, -1.2125530737565624, 0.0078755779140074, -0.08523956203685601, -0.0021922487005361
0.2201979370512, 0.082099415545998, -1.195733238731269, 0.033207401900628, -0.12824557483382, 0.0093836694303077
0.23495788143203, 0.080545645922227, -1.1696938613241137, 0.011352487007545, -0.10778093636616, 0.010372296541949001
0.20283941631902, 0.074168662049151, -1.1731303757671177, 0.030086266385393003, -0.049531537050132, -0.0046397541897566
0.2142198329966, 0.079336159747232, -1.120632277470627, 0.011976742676807001, -0.077779710383753, -0.0076783372028796995
0.23139377352836, 0.079831815833069, -1.134226263956756, 0.017692514431560002, -0.076101971654633, -0.0032527733370453
0.23750215813008, 0.076968415880307, -1.1559321893795678, 0.011466176524809002, -0.10030145629874, 0.0022047790578493998
0.21852518203457, 0.07737979743151101, -1.1753501823173862, 0.013574047546186001, -0.1123059698585, 0.0007635946308607999
0.18169018817788, 0.07350330758472101, -0.98649534786936, 0.027331098754051004, -0.081169425690996, 0.0084101038480033
0.21984810792071, 0.078190073118407, -1.1699900470122695, 0.0093687479236037, -0.07889293603563301, 0.0045938898257816
0.2010117931526, 0.071251389893104, -1.0976798109035806, 0.0060082197180326, -0.09391349593035701, 0.005593081256857
0.2346019569862, 0.075301880059625, -1.0949263123721842, 0.007061195304133, -0.07153647615047601, 0.0073845611767672
0.20903425067849, 0.072767053498607, -1.0922052213269726, 0.0045370390466285, -0.07896793989271801, 0.0029358524742375
0.20080644759194, 0.070492355604438, -1.1241575887485027, 0.0044193900558022, -0.10556400970576, 0.0096821711218373
0.18319817510627, 0.070493414530677, -1.109021007844714, 0.025401880162268003, -0.11635645198064, 0.0020557296584014
0.1912399786841, 0.06903991165751701, -1.0747232216600502, 0.0086633337166825, -0.12386413444971, 0.0050591709562159
0.22574820623928, 0.07820604911449301, -1.1999810580486594, 0.030876957181584, -0.083219449598553, 0.010354773953936
0.20757423673253, 0.067229883875026, -1.122923144789484, 0.008235485333083, -0.07970886635487401, 0.0044788036796937
0.22432796219442, 0.072914877156749, -1.131666861779622, 0.018767084017846002, -0.069211717065324, 0.0012510920023832
0.18968793341382, 0.073952376107893, -1.143210959169886, 0.018096423961082003, -0.091396226392446, 0.0085643738850098
0.19943416876089, 0.07338650699042, -1.1518529602854477, 0.040455045505031005, -0.1179579918157, 0.0088354497217303
0.1699640854985, 0.069127151771493, -1.0268512976987554, 0.023312740587462, -0.10882119375586, 0.0078348181607795
0.23028550848687, 0.073170397095178, -1.2374763615272453, 0.024629511686313003, -0.10271533046829, -0.0010641648951743
0.19138856101696, 0.070452131816505, -1.1502865689940431, 0.023867009369448, -0.087675458490682, 0.0092800412065271
0.21358460588701, 0.077189517764568, -1.1296776225924092, 0.015200273212715, -0.06407972635051201, 0.0093175502307108
0.20392062027994, 0.074805526632319, -1.1359650563846317, 0.022599028404740002, -0.073865630818918, 0.010872228542477
0.20559139494166, 0.07435848408154101, -1.1616009005067642, 0.02484484921252, -0.087990489702349, 0.012034957597977
0.1970195098468, 0.074743006131309, -1.1393384877548975, 0.044547833326417006, -0.1180228794583, 0.0080603044069799
0.18842411502363, 0.069225626619592, -1.0995487120513823, 0.016403947991212, -0.12028147324091, 0.0053170245440423
0.23026627168032, 0.07760099761918601, -1.202898744806341, 0.026485566681628003, -0.082838793126115, 0.0090057806701268
0.19799453213625, 0.075858805323212, -1.1461041707593114, 0.017893869031815002, -0.07266306084576, 0.0084453819027945
0.21587492855724, 0.07719471747670201, -1.1555350391573587, 0.023360335524685003, -0.062821879237694, 0.01599058750221
0.20675096493192, 0.076337049476199, -1.153627765245351, 0.020111955437700002, -0.072756993999017, 0.010031112225304001
0.20133010602171, 0.073149038191389, -1.1824154018866344, 0.037388148292751, -0.11196544129402, 0.013270198405045001
0.18206158891142, 0.076143896486214, -1.1219706012469242, 0.028090230383176002, -0.11332245712342, 0.0084506282162821
0.21467432672237, 0.082965302888167, -1.2320555485046354, 0.023751572040285003, -0.090679484209383, 0.0087130747639439
0.19146671632627, 0.078601945205532, -1.1605627242698295, 0.025258585775867003, -0.08381967614593301, 0.012116906866301002
0.21305019155941, 0.08359285311615901, -1.1556223780218942, 0.013790037447707001, -0.06783267220379101, 0.018737197236774
0.19404491052121, 0.078324905880072, -1.1588202927314257, 0.017222042795612, -0.077546147776099, 0.013020112994988
0.20161312916901, 0.07595022016171801, -1.159742604732318, 0.025736962316428, -0.092201530913931, 0.018122987005105
0.18187294327028, 0.078883676152737, -1.1570467515580471, 0.040653059246878, -0.12096334137619, 0.019524560428487003
0.18069470577051, 0.06917097587432601, -1.1088875606906339, 0.021762782697268, -0.057455959368837003, 0.014150804553425001
0.21746329468147, 0.077071044873931, -1.2629227058797978, 0.030002457026732002, -0.053052343693135, 0.009257116959559
0.20038015753368, 0.078936355525901, -1.1766483857646612, 0.021095046198977, -0.06868172075725601, 0.022644121910083
0.20457048813603, 0.076419192167545, -1.15590775548768, 0.021325247017257, -0.071107963246665, 0.014349291362532001
0.21002694008395, 0.080692207117124, -1.1493523178359561, 0.024399651518591, -0.09782881982097501, 0.012285848978072
0.19655150597664, 0.07702218395065401, -1.1501166482124567, 0.031568261016002006, -0.1442256895451, 0.014230973292038
0.19495348310805, 0.07571388915388101, -1.0629696060116882, 0.037711045417837, -0.11312235666701, 0.023504339162775
0.19725895180106, 0.08032133217203001, -1.1987039661054721, 0.027340521539148004, -0.087863531512643, 0.024014184440066002
0.19893551277362, 0.07705856504576701, -1.1010876619641983, 0.024980526437714003, -0.10004020936793, 0.01796350830015
0.20269542766509, 0.08027416956588901, -1.1136182973450868, 0.026448028793428002, -0.07592934888133501, 0.0099739488551044
0.20940280186983, 0.07858635399297001, -1.0947653364994892, 0.026660900123678003, -0.08251436946372301, 0.022851432471982003
0.21354733370462, 0.085222411421828, -1.1626281873166868, 0.040304525557321, -0.078335171083524, 0.025418996400847
0.22406672494642, 0.08424920936718401, -1.1446225516180901, 0.040307086174967005, -0.09943788976225801, 0.021005825497682002
0.22740945583307, 0.07861346385992701, -1.2586250358298927, 0.023131110651039, -0.05466054865531501, 0.010225415752403
0.20664788025133, 0.08419939931280801, -1.1309170075996657, 0.047372141350978, -0.081128032732421, 0.022849884323374002
0.23506434414975, 0.079940254559724, -1.200174167229754, 0.012625679590738001, -0.067974175246216, 0.013304677903099001
0.23457292855891, 0.07497315591945601, -1.199656839841876, 0.01802101505222, -0.080459377810267, 0.013507277175726001
0.23378958318946, 0.07795877054262, -1.2654444996344392, 0.014969068040052002, -0.091839008012374, 0.015143252486091002
0.21944670448809, 0.08433746553172401, -1.2123085379862188, 0.028212619583553002, -0.09831597971866701, 0.024760507922856
0.25639532766802, 0.084040801493897, -1.2621388721364362, 0.0091357351699195, -0.06887738621674401, 0.020780607195057
0.22518228337541, 0.074716772838351, -1.197980891693267, 0.024578872435905, -0.057950071977935, 0.020208911635332002
0.23920334241386, 0.084038525982857, -1.1805592496229023, 0.0070004079916231995, -0.043798142522253, 0.013357520815346
0.20761886427307, 0.073410420474892, -1.1089818176189605, 3.69924100604e-05, -0.037488147693279, 0.014933635794304002
0.1717125589602, 0.060371935575466, -1.0567511745153089, -0.018229718376545002, -0.022609360063400002, 0.026335854793571003
0.27071600662418, 0.08828815576205201, -1.1711968413039595, 0.0058945019476942, -0.055904518836306004, 0.054699521286789
0.25255217694675, 0.09466343513449901, -1.2874715882950598, 0.0052943139335975995, 0.06369363957964401, 0.056946193994782006
0.30004270260062, 0.09490697277417301, -1.188198150283537, 0.010424414091230001, -0.019202794019095002, 0.048702494981213006
0.35686117981241, 0.10469376022505, -1.2619137055425886, -0.015421650598013, -0.012628889248229, 0.029099463849991004
0.32312674234998, 0.086770082122822, -1.2420030235882675, -0.027232499850223003, 0.0056700907917535, 0.032285785995253
0.2630140244199, 0.070765737892778, -1.1502403183519603, -0.026986440696578, -0.010466278737926, 0.043948913726709005
0.21872174760024, 0.06494621379049101, -0.98129656010652, -0.027716060772505, -0.018492742878918, 0.04167488423645
0.28005682317697, 0.074526308516072, -1.2703383973606395, -0.029604315403534004, -0.041688541504251005, 0.038473629412966004
0.23640945197805, 0.065509806436033, -1.203758220714255, -0.043331494795268, -0.06106069224709101, 0.019128918501854
0.26113062521773, 0.073898945704666, -1.2394994639462946, -0.028565971043137003, -0.040575213714398005, 0.012959275517974001
0.23124378682099, 0.084052887651007, -1.2436348866095615, -0.015478180899812002, -0.08006587302355, 0.020880449897041003
0.11954363436305, 0.0648253647234, -0.9069210680379, -0.0066698553005434, -0.055183555121827, 0.027503540257176003
0.23515605959821, 0.074404062766247, -1.2446154849931785, -0.014094372158981001, -0.08825529470082301, 0.026573864221916002
0.23055930603054, 0.053867965686226, -1.2051808794760448, -0.032069765553761, -0.06856452532835901, 0.014920873969467001
0.25060130929563, 0.06950223239311301, -1.1794101057775994, -0.018727762052198, -0.049139636239526004, 0.023513046295189
0.2673599306556, 0.08461825868415401, -1.200735404483189, 0.0087881847776946, -0.057843275966216, 0.032781172187446
0.26366247104984, 0.09617468366975901, -1.1669727859794023, 0.03603189143674, -0.072117189494975, 0.030686512421458003
0.25638473581499, 0.1031555178725, -1.1773268631490383, 0.028290180164168004, -0.09559587496651101, 0.033934694179174
0.24141170685489, 0.11109554933789, -1.2775315974764077, 0.050094360362862, -0.06307418760354201, 0.022904185758882003
0.21696852357857999, 0.08752457072986901, -1.163364538261524, 0.020827273288789, -0.041052713371010005, 0.023575830349468002
0.24412746579324, 0.086237730987161, -1.1716543623571938, 0.011682228109633002, -0.043370281287508, 0.023119032446535
0.22036392173808, 0.08252910148971, -1.1544446711394611, 0.019447615731525, -0.062117993257498005, 0.022973775533665003
0.20379022880542, 0.090416186854384, -1.1314366885043456, 0.044906106760042, -0.09825779534610601, 0.019388013402175
0.18367919471333, 0.067578695815461, -1.0315505028142076, 0.040297803337802, -0.11586629749155, 0.011958675249619001
0.26857647868064, 0.10236379290266, -1.296972593396627, 0.06063513650209001, -0.10323635315253, 0.010654244098896001
0.22719885012842, 0.08445452170524301, -1.2052224269739482, 0.040491258684741, -0.07237382606926801, 0.013554603079442002
0.23260084658528, 0.08696474945381301, -1.1947504331284837, 0.031265986523645005, -0.068514262856243, 0.01779212165022
0.21114038056756, 0.080523092021393, -1.1868465557272616, 0.029352798479676003, -0.07008246968291401, 0.015885994265731
0.21754910285087, 0.080782325851804, -1.1899749681495095, 0.04789210476871401, -0.11282714952459, 0.016424084371213
0.17924220423355, 0.072179443490166, -1.0497179096423213, 0.045095587765692, -0.10179603834924, 0.022805580093799002
0.24486430406696, 0.08503664627226501, -1.2731195383802167, 0.054708512475217005, -0.09984114640217101, 0.01588577214684
0.21171043280409, 0.07363231354015, -1.1722872509551099, 0.047694203564444, -0.06845268962277, 0.019625154740397003
0.2183291100528, 0.077643022617565, -1.170310725006052, 0.033286456991961005, -0.059774555253719004, 0.018026190728206
0.2126702223447, 0.078390039562232, -1.1667889028598297, 0.04802099908125201, -0.07642752817059001, 0.020854515696734
0.21040512923995, 0.07151337019683701, -1.1888892400414706, 0.054165853737173, -0.093811637200143, 0.023925605402940003
0.17414357752079, 0.06834998256771001, -1.0558253157051256, 0.061398822818907, -0.09122786298844501, 0.014517316854092
0.23265812728079, 0.074078874362573, -1.1885858847844126, 0.044821491853882005, -0.081905389349594, 0.023019056324639003
0.21666684564408, 0.07512335938535701, -1.1614883845994053, 0.066423859450502, -0.070265269877788, 0.029912877920914002
0.22688895293255, 0.07251481076402601, -1.1293620747262458, 0.05198181672737601, -0.068666409605738, 0.026154489869100003
0.22073338322731, 0.07097698189213801, -1.144982881635602, 0.05510274662542, -0.07079224300619301, 0.030055551776814002
0.21378716955572, 0.07333342862226201, -1.1674946341709074, 0.054027806449864005, -0.07092907711179501, 0.024019500829229
0.17539455359887, 0.073939510510638, -1.1382328797771284, 0.07780443602879801, -0.10586632850139, 0.030769522688927003
0.18931297622897, 0.066540320316837, -1.0740916813818577, 0.049208803131407006, -0.10102329000519, 0.024017692629942
0.23076048056522, 0.07824908325067201, -1.2068233564054185, 0.074267174331943, -0.068750000970106, 0.033698616888712
0.20638087732056, 0.069066288384642, -1.1390983721145804, 0.053194705377737, -0.059827933814548005, 0.025778722396754
0.21602908867433, 0.068286440723544, -1.1359421281210256, 0.06036819647408301, -0.057031281312646, 0.018408664216685
0.21453776979501, 0.07162742365388, -1.1438827951755508, 0.056890976654971004, -0.070616832878654, 0.016321244049259002
0.20364655163544, 0.08087156946756201, -1.1501017993472353, 0.08702957310110901, -0.10018039032977, 0.021254641106399002
0.21266347294469, 0.06813128342886901, -1.1147246802927213, 0.06274549215967501, -0.08360358829528701, 0.0068120850630664
0.19210668541911, 0.083797381182611, -1.1278996125733696, 0.08784693969011101, -0.025199406434825003, 0.012839450064940002
0.21209658246995, 0.066412080324808, -1.1104912232481214, 0.06183726803985701, -0.058938168868165004, 0.0035679309195177
0.21807606344763, 0.06594855909364, -1.13116190348129, 0.053072518019164, -0.038396874944515005, -0.0008239085758868
0.24121282228053, 0.068867685466191, -1.166593991152308, 0.049386220511474004, -0.07602187563573101, -0.0059247967279197995
0.22656797324654, 0.07091862982197601, -1.22289516657082, 0.056775015575523, -0.084500117082785, 0.0001134386176569
0.2187449489679, 0.07284462439563101, -1.1381819928897237, 0.05176080116158, -0.06074916305608501, 0.014580520090198001
0.21442918422649, 0.069290996677454, -1.2206142484698523, 0.061985931925333006, -0.024402743989017, 0.0043150747233402
0.2112728449092, 0.07294346376966701, -1.1093235389717635, 0.045853735620052, -0.049327190318372, 0.010127248365827
0.24378604942339, 0.072942766012885, -1.1318719931966297, 0.054907439821661005, -0.043471744850752, 0.003700848063329
0.22788717393232, 0.065605654563075, -1.185916059520413, 0.046539458075146006, 0.012251119415151002, -0.0026823470859441
0.20017118279272, 0.06692485810128601, -1.174452155666756, 0.064140843195868, -0.039151691451082, -0.002323546466518
0.181433723815, 0.061012734893942, -0.96769833761169, 0.055652632523549, -0.058623196208886, 0.0054829087155002995
0.22731470762907, 0.076198242605129, -1.2018464506712105, 0.06176802689482701, -0.056110983302411, 0.0076856496403906
0.21941035518555, 0.066341042150307, -1.0975741409232607, 0.058055102269944, -0.06573914185170701, 0.0023893125543058
0.22436411447806, 0.070688255606954, -1.0829557514278512, 0.055640087985691006, -0.071208857195069, 0.0086990305771732
0.22726865805969, 0.065837280068681, -1.1142292695170295, 0.051307873117264, -0.038954012013696006, -4.6365574811e-06
0.20096457394547, 0.068904846635401, -1.1160113801373353, 0.072464665698783, -0.063558599873257, 0.011865454580627
0.1752377873751, 0.060307422795738, -0.97069358982678, 0.051513394832497006, -0.08540919396121201, 0.0043807899302863995
0.25178738469289, 0.07462476798732101, -1.1954908589372268, 0.066715897558839, -0.079606598767941, 0.015470331674674001
0.21015036372943, 0.06944725436134401, -1.0910295671524666, 0.060338112206717004, -0.083690712360139, 0.012352706157311
0.22158635939375, 0.071187581228385, -1.0935294835394107, 0.05820805804444901, -0.07490354104601, 0.02214992200387
0.20649969345207, 0.06969444552062301, -1.0988460079220417, 0.055548009271742006, -0.07291043451053601, 0.015876534480958
0.18558730205938, 0.06683258193840301, -1.0670391818259637, 0.06770807639312501, -0.098494240221504, 0.025947056807766003
0.20582138870701, 0.068636520598347, -1.0474330713318272, 0.044728052543983, -0.1097601746105, 0.029062785037248
0.23250037566565, 0.062134260335762005, -1.1709269868168353, 0.055666855207189, -0.08694020824720901, 0.024551027328315003
0.23137754607893, 0.067537215175512, -1.124308620756739, 0.045168299257317, -0.077778097673946, 0.023241091602411
0.21157679993384, 0.065278891678579, -1.113982814553428, 0.05887879659518001, -0.067982994126095, 0.034414559704337
0.20972177548429, 0.06833039991559, -1.116852460194802, 0.058226859636979, -0.08526803115948901, 0.032547197331130005
0.18210881750584, 0.065784498954663, -1.0843477433231254, 0.079419561566495, -0.11052739382623, 0.037292937206504
0.20530315383124, 0.07121609444155601, -1.131724312678354, 0.061635743767478005, -0.10683998560687, 0.033567344804684006
0.22229600190051, 0.06704359429876501, -1.1761260933655262, 0.07007150591172001, -0.081092649380729, 0.035246802679131
0.2140486410513, 0.068962015318472, -1.1171575726503027, 0.06811297586036401, -0.07765904234946301, 0.028625216502609
0.21110861799058, 0.06458890937377501, -1.1297246527925973, 0.075448085254049, -0.07815855066468301, 0.022931332233169
0.20715214050936, 0.068417140844687, -1.1542921204899699, 0.07126416606012301, -0.093798220439866, 0.028001293350743
0.18970955942939, 0.06704609470218101, -1.1533615994443864, 0.09339809838896801, -0.13163281160396, 0.026323618104864003
0.17261731988144, 0.057940042229381004, -1.0566647999162069, 0.076421832858099, -0.1162524690127, 0.029261708444473
0.22449172880193, 0.075440304075834, -1.24242886409329, 0.08174004209605701, -0.069706033923338, 0.028413549102416003
0.19134808529044, 0.06637850723036401, -1.1251891069977653, 0.07731398038579601, -0.073259326577905, 0.026365876890535003
0.21653698933461, 0.07078240551324401, -1.1416370831734488, 0.08029725905532101, -0.069053086391778, 0.020783878374046
0.19644787059775, 0.066257532568414, -1.149077824845613, 0.074148891063108, -0.08470156375726601, 0.020616902761422
0.19442074928365, 0.06615222307478401, -1.1631605578531787, 0.075255855051659, -0.11439987700608, 0.026065381306593003
0.17791364619531, 0.068369404978351, -1.044321358838334, 0.08912640263068301, -0.08736363030583201, 0.032456931778333004
0.21678719952412, 0.07367348473726901, -1.1566848171596098, 0.07755715787723101, -0.067227709386545, 0.033770076019540005
0.21362863349808, 0.068636201157405, -1.1065936932146136, 0.08773285048088901, -0.07377363897382401, 0.037704413861381
0.22435451162002, 0.069776170745545, -1.1065826602339033, 0.07709024837193401, -0.06812262811248501, 0.020273410402278
0.20554146083073999, 0.071858567389114, -1.1205390233535297, 0.08404947813104101, -0.08213510229392301, 0.034934499207273005
0.2032307720428, 0.074644740129527, -1.1523283330519445, 0.08158345149669201, -0.09202208239609301, 0.02976392049251
0.18704015441193, 0.07364153821729401, -1.1069462307680655, 0.094180376114917, -0.10544599540689, 0.041103102729055006
0.21042027296221, 0.07590173354046101, -1.120628445843654, 0.07192968227962901, -0.097613396319059, 0.035002813318393
0.22020489685427, 0.072726653916016, -1.1481397715980182, 0.08253039924972001, -0.076825106093157, 0.036670494693401
0.20953566280193, 0.06961528829423, -1.0844406440803713, 0.06609020981210201, -0.06431327449565001, 0.029570232982567002
0.22006801930082, 0.07508672149908101, -1.0967376996303018, 0.083230187458008, -0.06516900307319301, 0.028448134133362002
0.20829198096743, 0.07730563567380201, -1.0961582136110422, 0.078034537530959, -0.063323035511211, 0.032296405885848
0.19318995778372, 0.07375980405898201, -1.0787619459637223, 0.0874877773903, -0.08315503805965001, 0.030204187828443002
0.23001723455765, 0.07037796650056101, -1.1299580357493084, 0.070829967843873, -0.06889675762158301, 0.023050834313737
0.18380372753419, 0.076724079460987, -1.0920332086210225, 0.09652550283984, -0.021777160755239, 0.028692835992571
0.23985329824381, 0.07111348789732101, -1.1222236720698668, 0.071904540158435, -0.059232743816937, 0.023049314264018003
0.24231786842531, 0.07098994424775401, -1.1273038485239522, 0.08133944589026301, -0.040851647406615, 0.020675392075628
0.25069714075057, 0.07350996939521401, -1.185600707891242, 0.058938268094843003, -0.054421755201503004, 0.022744376770993002
0.23673237312353, 0.073923569502474, -1.180372496159495, 0.070375621082039, -0.081251542410348, 0.027279458825659002
0.24478632367147, 0.076381162337289, -1.0863829055563423, 0.06398652256503301, -0.063183046689746, 0.033227811549246006
0.24898570029171, 0.070447942196143, -1.1844963501685655, 0.08075572260414, -0.042422252954591004, 0.029892539028171003
0.2232637156225, 0.06605009325647601, -1.0846125485767675, 0.063580919108741, -0.048540565021183, 0.024424140419646002
0.24655906561412, 0.07315475877039901, -1.117228079654621, 0.07504859422832301, -0.034948100353847, 0.023082830752600002
0.21184077731502, 0.06909008180681, -1.1137354441389833, 0.068137330957994, -0.053244929452608, 0.024455529039154003
0.19646463966272, 0.07773835715168201, -1.1256288720222163, 0.09261987653390101, -0.076102503467307, 0.029403214802275004
0.16460034025477, 0.06386509166309101, -0.97812819772522, 0.066830010956688, -0.085747809338929, 0.024788333072978
0.24536913468591, 0.07983220442180301, -1.2527242542475567, 0.08508274911747, -0.05262257362390801, 0.033473824074053006
0.2257069124884, 0.070558856967654, -1.1466200955977015, 0.071923352421593, -0.05821179213344901, 0.026137949879812
0.22273223131923, 0.073651797339062, -1.1635471442545666, 0.08668332915471301, -0.056603553887110004, 0.025790132722002004
0.21386807058939, 0.076106642254785, -1.1771934455699598, 0.08715072713386701, -0.06928776801884501, 0.025744026881820002
0.19175241402965, 0.07592040858368701, -1.143425442373107, 0.10189582644626, -0.09641020315506801, 0.029943067717524002
0.20069630160422, 0.073973420832455, -1.1065348721645214, 0.08270917233161701, -0.10968813720404, 0.031340909904553
0.26098305633516, 0.081658307222706, -1.2961503459418067, 0.1041154336983, -0.06180362076630701, 0.040611719624976006
0.21206744692357, 0.07133836908175001, -1.1581950497716538, 0.08035519620202701, -0.05918659085796601, 0.031107009643209
0.22448386979024, 0.072659883365754, -1.1943503936814888, 0.09216911720819701, -0.053703713605556, 0.03506525564321
0.21991016660805, 0.07358306929276401, -1.176667731278591, 0.08919601392094101, -0.066727900540045, 0.032867288792427
0.19939147421265999, 0.070940694299798, -1.1525178196120587, 0.11065464428283, -0.08348681540698301, 0.045421696278556
0.22169692485334, 0.06856195029027101, -1.1107947662427398, 0.088081581271347, -0.10237261711123, 0.042562206466298005
0.2381153526394, 0.06652472950919501, -1.2237218971795136, 0.08537912165317901, -0.07123939782711, 0.042481044105569
0.21117011489185, 0.07375072509948101, -1.1492168770927007, 0.09213858512433501, -0.064715439599398, 0.043354260355923005
0.22775334875241, 0.07385252595165201, -1.1649656297813646, 0.09449518692922901, -0.05723352435838001, 0.035500586979468
0.21277755838689, 0.07528686506330101, -1.163627425419443, 0.09170779161737701, -0.064683162748339, 0.046313871754075
0.20248701105483, 0.07109489117254901, -1.1634617552746334, 0.10996519033532, -0.09099256662846801, 0.050360167145899006
0.19807111276183, 0.073511849918652, -1.074003122329984, 0.09690406820611601, -0.09175577777448801, 0.055669958986407
0.21398688333837, 0.07216377750236101, -1.2211746397033454, 0.090373153531034, -0.056496094395503, 0.056508043852604
0.21034667121537, 0.075740235052525, -1.1188223317030586, 0.10363466000719, -0.063764657048566, 0.053638331801289005
0.22100027000376, 0.07812538108618801, -1.138380316385877, 0.09599364231309, -0.066463855518765, 0.05079035062158
0.22504207555129, 0.070944283163625, -1.1345349978115709, 0.09178305520389701, -0.06990952059982, 0.047033820407689005
0.22276791091869, 0.068812983593458, -1.1500787040041978, 0.095873324320352, -0.08299826249320501, 0.053524843153058006
0.20484088086537, 0.07563674166928501, -1.1141536625816215, 0.099285191289879, -0.1010550567006, 0.057255842942680005
0.21598215209384, 0.07605900645402901, -1.1174939327068503, 0.082032522875288, -0.077291240451153, 0.055928506714312
0.22494493438561, 0.06896999287351101, -1.1580678623783238, 0.095802267354955, -0.059731332289175, 0.062347841818249004
0.22569937412557, 0.072972460962099, -1.1290579218217145, 0.081706578844201, -0.05896689296203501, 0.047354807249691
0.21682243005415, 0.071675504424786, -1.106682894500017, 0.092801588423954, -0.036284211757976005, 0.044254735989344006
0.23233704516442, 0.077738747593608, -1.1729431072699208, 0.08157718631166301, -0.06257750788850301, 0.0400391990063
0.22732223225061, 0.0738189830748, -1.1990033721253552, 0.09533071345034701, -0.09246019169944501, 0.042992579402644004
0.24110204582354, 0.079739990214944, -1.1435287552061255, 0.09191285947270901, -0.072823600197602, 0.04897336285394201
0.21518702992801, 0.078526320670236, -1.2175439880760583, 0.09888118891759301, -0.016689812035635, 0.039452653767419
0.21760338112254, 0.076833752184638, -1.1194626624394768, 0.08941509150174101, -0.050984868249599004, 0.044738263787896006
0.24819954514384, 0.076181812979219, -1.1594642303576035, 0.077638196313435, -0.043893968769669, 0.038043341914735004
0.25222721647443, 0.074210253028441, -1.1670897846274428, 0.06876937960276601, -0.065855689442288, 0.032622815945534005
0.23950508551764, 0.07667519663069301, -1.2059972260869727, 0.08327695970500701, -0.06809448663262001, 0.045136945990766
0.17024844593591, 0.064155264479113, -0.96851749887361, 0.094119236141772, -0.028874987659670004, 0.044638381250124
0.24454901234884, 0.072950442405063, -1.1655047916758265, 0.07030997670754001, -0.05599464025384401, 0.048427798424240005
0.23384922359413, 0.066118239605105, -1.173911855710335, 0.085114509423279, -0.067765367956614, 0.039698143289786006
0.24610354473976, 0.07113037187262901, -1.1600116059282437, 0.077660525394539, -0.05269039128505901, 0.036786768127543
0.23224621798032, 0.06882856645619001, -1.1668501464201664, 0.088565146242012, -0.056455441037326005, 0.03108727370994
0.21400647442246, 0.074710551601808, -1.186195534843133, 0.093713990924969, -0.09124691244386701, 0.038081775159304006
0.18120456101268, 0.067792873442566, -1.0541246454941826, 0.09461393623617101, -0.07938739520740701, 0.048968729842212004
0.24733130617953, 0.07812877333567801, -1.2739823302929243, 0.08248387143011601, -0.082454139664227, 0.042664139612719004
0.22762550601916, 0.074314231063711, -1.2187324409634088, 0.08281624060935201, -0.07542893758836401, 0.057022983057526004
0.24194186137199, 0.073878573508162, -1.1818435260658742, 0.081945487665354, -0.059960799307897, 0.039959753000361004
0.22858409664864, 0.0706918281149, -1.1769583322911326, 0.089860524866975, -0.060857010451631006, 0.047899119061902
0.2245614067162, 0.069601694288023, -1.18718989944261, 0.090271159238061, -0.083486408250522, 0.050049373043048004
0.18682181284252, 0.069970240667852, -1.1006400826422873, 0.10094259491991, -0.08457948232109001, 0.054976512954108006
0.22697609507952, 0.07068554393356401, -1.2475447879981327, 0.073811417464177, -0.08222040296053201, 0.05440111508730001
0.22316564515689, 0.07067548775889, -1.1847921760450901, 0.08771293722496101, -0.07743830799213301, 0.05571874624307101
0.23675743707566, 0.075050812951427, -1.1854219385872469, 0.087710399593906, -0.07117073337365301, 0.052577311095259004
0.21705373514158, 0.072992553773414, -1.1624239438631945, 0.080702951428298, -0.06805112167805001, 0.05890974747674801
0.2203839178593, 0.070051523259648, -1.1802505397850103, 0.08333765127657901, -0.07741499168024, 0.056829371895091005
0.2037912883897, 0.07250786673067401, -1.1557999631500626, 0.09983024893479801, -0.09536214482853801, 0.06127783546875901
0.21199780783403, 0.069670084297295, -1.1260870389887419, 0.07665261373444701, -0.09353432180324801, 0.06246543388920601
0.23240858775477, 0.071222154442239, -1.2016941536035293, 0.076031928819976, -0.068240253397056, 0.061543072195325
0.22104202546948, 0.070150820183352, -1.1362470651308416, 0.077061910858119, -0.058045400678420005, 0.052482235534914004
0.24097400758411, 0.06767145417829201, -1.1297298894492134, 0.07913914387856201, -0.045988924946673004, 0.051055975398182005
0.24061378873068, 0.074691516508333, -1.156181099300026, 0.07930635944299701, -0.060268372147401, 0.058582932161431005
0.22281491401139, 0.07025026961736, -1.1425753399307905, 0.08911615963856001, -0.07711031449604601, 0.057683678972197006
0.25063802371995, 0.070372700922728, -1.0746313186410037, 0.075020156514534, -0.062172559338749, 0.054845799651488
0.22258260815124, 0.069904369118305, -1.1910517007066221, 0.092440308609831, 0.050949643467562006, 0.04532731725560701
0.23434285492969, 0.067311044117754, -1.1330203856714989, 0.076275148000992, -0.026146524842065002, 0.044096818720857
0.26369776757272, 0.073195419869515, -1.1378856079416213, 0.08192924091645101, -0.036685191468342, 0.052747499643035003
0.25216642445119, 0.07176552864836201, -1.1477417913608274, 0.06879071958716, -0.05211575178140201, 0.047528775227131004
0.23114886395132, 0.06698429526373001, -1.1483456906487717, 0.08381737242895501, -0.087138483026596, 0.049689756225054005
0.17530804359165, 0.06641557655413301, -0.92482311555299, 0.077275856365383, -0.06469488678589401, 0.061669402332005005
0.23861433317366, 0.07305072718337201, -1.176999236504626, 0.075521618429799, -0.07853026854502601, 0.05409645716290001
0.23206970567269, 0.07141136627838, -1.1214266028182938, 0.08112782928852401, -0.08346744224717201, 0.054623378428702005
0.24708212736456, 0.071108705859902, -1.1212688543811904, 0.077005086264959, -0.075836060001643, 0.054823544888969004
0.23563385109612, 0.07004458203307701, -1.1173469383231052, 0.080239348108602, -0.07876764660285701, 0.056210129753673004
0.22738003525177, 0.074715614672024, -1.1473481187537562, 0.08862058120031001, -0.10034306576542, 0.062055660278268004
0.19067267517506, 0.06871992087638701, -1.0440222527118623, 0.091945118388668, -0.09891012330588901, 0.064781401944944
0.23514974261633, 0.06704931529421801, -1.2264591486755385, 0.07184245333634501, -0.051682214757319, 0.042689416303989
0.22994161178005, 0.066330448145901, -1.2039362139822178, 0.094723314034895, -0.041386495125939005, 0.050940805230094005
0.24389530670224, 0.06881670250310701, -1.1945688642688506, 0.064871589969554, -0.017569829318830003, 0.06403356299289001
0.22908965801446, 0.071022343618101, -1.1627919080520002, 0.074497898084875, -0.034930886505509004, 0.055887500441209007
0.22913100218975, 0.06706321052665801, -1.1839038385839853, 0.07703957909912501, -0.054001653554831004, 0.05802081153172801
0.19760164624853, 0.066601406256879, -1.1504837978273543, 0.09089489788912701, -0.088510482488241, 0.058881278391856
0.22701815612843, 0.070596323749972, -1.1270804051757441, 0.07164551560311401, -0.10042005574412, 0.059611222352991
0.24978786626336, 0.067842356233193, -1.220970189224725, 0.07982667535688301, -0.064823629460925, 0.052788878202892006
0.23487950092551, 0.067232659768898, -1.1743887849081907, 0.055267013263623, -0.063795268035752, 0.053826727001133
0.23271551003375, 0.06783556669884301, -1.1736121327854752, 0.059114896842941, -0.061507198410983004, 0.061365518364884006
0.23282003191641, 0.069015221828579, -1.155276995185234, 0.068461934789735, -0.08023296253272101, 0.063298117954894
0.21608319083937, 0.070114050276103, -1.1645025429570337, 0.08911612288181801, -0.09414493362745101, 0.062456581039529
0.19736986696176, 0.065173114123314, -1.085436638875399, 0.079384931276924, -0.10957389454513, 0.06774728569810401
0.2610263570671, 0.068660776670583, -1.2173308523295288, 0.075935950702052, -0.08734559503118701, 0.061935003328034005
0.22819803251837, 0.067832846369655, -1.1512298211286494, 0.08229267631274001, -0.077690102249988, 0.055432426092893006
0.23685107394428, 0.07095016004160601, -1.1434070239883962, 0.07282504729279901, -0.055469871808536006, 0.058523597117756
0.23329511884927, 0.0698705223899, -1.1505567672916284, 0.067489062412475, -0.058250500942875004, 0.064366955496821
0.22939549178968, 0.07135268855393001, -1.1711275966994108, 0.082783710241111, -0.08723197157602501, 0.073373507245233
0.20999172768915, 0.062867674669142, -1.1162677584035032, 0.08676911759802201, -0.11030623112207, 0.06033302567573601
