Pichu
0.0, 0.0, 0.0, 0.0, 0.0, 0.0
-0.0057844579599126, -0.052340052321418, -0.085454328343777, -0.020712552142403, -0.028614407902104, -0.031428708113409004
0.018705555353495003, -0.0013972283739414, -0.33290311870277, 0.040137969969805, -0.0074293361798726, -0.033365690203894
-0.0092506361372239, 0.057332770241136005, -0.46565186129356, 0.09024745527040601, 0.1052579506832, -0.012665735060985001
-0.038985095419134, 0.015536200987621, -0.47325276638861, 0.05055033852463801, 0.15813161879512, -0.026246624396024
-0.030499637024549, -0.010613152786229001, -0.41365003009796, 0.058677399714518005, 0.12159615218958, -0.030895911961036002
-0.015614679626312002, -0.0065762240752679, -0.62446143539718, 0.037482087341917006, 0.14006102492838, -0.030855958258922
-0.036473547756413004, -0.012565842837748, -0.41799750036807, 0.034984857746532004, 0.17374866776728, -0.02201102802677
0.016458833352610003, 0.0083072142923226, -0.35688212648283, 0.050780149609925, 0.11293974189885, 0.0007360554168726
-0.014821580792918001, 0.019586947676352003, -0.025893424340857, 0.070080679807688, 0.10805271743592, 0.0019830437025651
-0.065822287803871, -0.0024109222711015997, 0.1231846458151, 0.047500689334442, 0.10226332307457, 0.0062870600642967
-0.044444257074959005, -0.023107798136526, 0.083762868336318, 0.030239251977599003, 0.054769514035110003, -0.004943340098424
0.016501705628118, 0.0013879135528316, -0.14750685463989, 0.053742086263993, -0.040791387772261004, 0.015358976645734001
0.016280129223532003, -0.001220501746812, -0.21263519379063, 0.061053854353767006, -0.045240869175226, -0.0003415261737211
-0.018814095039157, 0.0059066930396299, -0.29276617967323, 0.07625194545939301, -0.021701492538225002, -0.0094820450768904
-0.025340802714663, 0.032728859419516004, -0.39616038767559, 0.12454637946882, 0.049441265645668, -0.030194151615588003
-0.085849428974076, 0.043020806291541, -0.3981055063709, 0.12292003291478, 0.06942270695218501, -0.054880006685849005
-0.067773674585413, -0.0032617512605785997, -0.6397951930507499, 0.052031214276568004, 0.08846814809287401, -0.11296852167029
-0.07088577598655, -0.020198563525266, -0.67165555374217, 0.059646241440634004, 0.16415857601317, -0.061045086113593
-0.016205283940188, -0.0024473270991551, -0.84125978401559, 0.049848908573143, 0.24153887486343, -0.020335789646483002
-0.032457093444873006, 0.030233643240950004, -0.95014186342351, 0.066670784956984, 0.28894121906187, 0.0069712466454054
0.013354351623441, 0.053762986856743, -0.92380784839298, 0.089589371172356, 0.26253235638932, 0.0076927414313401
0.019332612363026, 0.052405563154251, -0.75753962948728, 0.09335871151908601, 0.19151276803976, 0.0042145233362629
0.065227203603959, 0.07470620332426, -0.87414881883941, 0.070334417777743, 0.24173069544484, 0.019275796896752
0.034242192146074005, 0.074309774582184, -0.6773377107535, 0.065462637527959, 0.23801838963729, 0.055334108112258
0.05425753127514701, 0.092619465171257, -0.78438458195381, 0.084168723911809, 0.28558176339613, 0.075696405447797
-0.032839709760427, 0.06117928422697601, -0.77427464192767, 0.14876543568106, 0.24213591663525, -0.0061562093180858
-0.13133396021016, -0.018194936722942, -0.25366500266023, 0.09062940240191401, 0.21606262436059, -0.059928380173220004
-0.07570956681145001, 0.11339572756145, -0.23278983771673, 0.11091999510134, 0.2263638671201, 0.16528428295391
-0.049566230432365, 0.20824441493134, -0.84626655742308, 0.093813374481649, 0.19552169312816, 0.37618569124194
-0.11008338085822, 0.27314645736881, -1.3396493787547454, 0.12786692622202, 0.40332461858043, 0.38328162111518
-0.23826091930719, 0.29553877200786, -1.8251102709007994, 0.20875600317715, 0.68812087201806, 0.319683675606
-0.2263432956828, 0.23209823297799, -2.1114587931363618, 0.30395593527836, 0.73147517270033, 0.059010789245479006
-0.16413614306573, 0.15376897481561, -2.0466714117029645, 0.34427734501881, 0.73103563052285, -0.053708664770267006
-0.15614274816273999, 0.15963655462006, -1.8304112617156347, 0.30049170871066, 0.73439435025572, -0.026596989517282003
-0.08656454442789001, 0.17058217234732, -1.6240935444136049, 0.26790392967447, 0.66578159971959, 0.061597463029595005
-0.073374835219842, 0.16461780280319, -1.708284470400839, 0.20338067121273, 0.6825951067853, 0.081083222519642
-0.11060908864765, 0.16833024967746, -1.710139259902722, 0.19035266166658, 0.77745364221928, 0.066145859097929
-0.10077219381851, 0.17679842707133, -1.5948906279285593, 0.20326557717954, 0.70377774143651, 0.07520244451067101
-0.057943295132316004, 0.18680572459244, -1.6230397252304156, 0.21894809388762, 0.70803031583051, 0.09120719773111301
-0.08452530635005101, 0.2414563109427, -2.0999639847360534, 0.25199780276975, 0.94488670508349, 0.136421439865
-0.27205095480429, 0.29440103919671, -2.4690771144649997, 0.24699555463292, 1.0182398446072476, 0.14554470056386
-0.16050839461461, 0.29977225120388, -2.833187202690154, 0.25775828635764, 1.2643771150319836, 0.12074601106581
-0.16029460164816, 0.26651359865298, -2.8233328967219826, 0.25878515935497, 1.1996843304307825, 0.094621619893701
-0.17459353076036, 0.24610892145464, -2.7542866733810984, 0.28596202957775, 0.97102800054441, 0.079455080425365
-0.23494653599315, 0.2104222874539, -2.6630900296173827, 0.26904381318389, 0.93689820672158, 0.032479222873368005
-0.27311558261505, 0.20074062201381, -2.775530792187491, 0.27613617096258, 0.97648898862626, 0.016478885374359
-0.29285903409017, 0.20321040937316, -2.701120005203947, 0.26374965046501, 1.0465519655079931, 0.025686332428085
-0.22634787090285, 0.19447641846942, -2.6914029568790623, 0.24264895861023, 1.1051860671758726, 0.023983330401481002
-0.21860606798585, 0.17794720702792, -2.6244070015389176, 0.24103525444665, 1.0411904323558414, 0.023935629375863
-0.20426156983067, 0.17066726952307, -2.5303048620935744, 0.26831860443972, 1.0262405355745015, 0.027182941201687003
-0.22513188496652, 0.16529310567116, -2.4956912553443025, 0.24651129239959, 1.04796284921556, 0.020727719971271003
-0.16855519272009, 0.16720696112546, -2.471619841607566, 0.26036484185978, 0.9937747676554199, 0.029016779392062004
-0.20655243155529, 0.17140491165738, -2.1799374746034745, 0.23837069810343, 1.0686964940441548, 0.029600725508956004
-0.19305515416952, 0.15731648804888, -2.031732837642603, 0.23712128034239, 1.0224150350484977, 0.0062065569219296995
-0.18738787991573, 0.14657469514069, -2.1760585621089485, 0.22651671558255, 0.92848910326194, -0.012052375753217002
-0.21210328021775, 0.13271462768537, -2.122293556343136, 0.23341096421464, 0.8372468533431, -0.041327129524936
-0.19731314727985, 0.13345239775084, -2.1627203347812274, 0.215147946601, 0.80610283837666, -0.05324097359857301
-0.20730388929414, 0.12775568544118, -2.004814306922922, 0.22605308999978, 0.82621011999886, -0.064006269960485
-0.23504784320934, 0.14133308362003, -1.9337911461765833, 0.26025990682204, 0.8174343841444, -0.068542781182667
-0.24509325407918, 0.13010381041835, -1.9263826696240574, 0.25527790081171, 0.76994706359477, -0.08736931158539701
-0.24500237302124, 0.11895226945886, -1.9355466952847382, 0.27246576862887, 0.72222787155595, -0.1142186666019
-0.28870428535752, 0.10057252615397, -1.809089674923979, 0.24186716303095, 0.73903786603465, -0.14118580666501
-0.26055117753944, 0.092544703654047, -2.0177158637800225, 0.25558387821206, 0.61235595895703, -0.17003586810443
-0.27649330408994, 0.08462374386360501, -2.0334900642913563, 0.25798085636303, 0.53474647011992, -0.19752822635512
-0.24310587260577, 0.07207264157781401, -2.002404229236819, 0.25568811910862, 0.60430017529044, -0.21247864988
-0.26086919254419, 0.056086986483413, -1.8986682487124407, 0.23829700387341, 0.67792902007181, -0.20447834352753
-0.28425027360085, 0.058092646262511004, -1.8367824392726728, 0.25565876188024, 0.69115851957569, -0.19283682261643
-0.28552475807148, 0.063166338764694, -1.9528777486041586, 0.24216364703506, 0.68690238638598, -0.19673252315394
-0.2669095906196, 0.072998475007405, -1.9148080516368595, 0.24719407822994, 0.68928052693836, -0.16863321216744
-0.33905531516499, 0.06890386126912501, -1.621175627052553, 0.24301184880940999, 0.79262611089235, -0.17904447568608
-0.30970373037383, 0.052370835904693006, -1.5230746102955472, 0.22769400956623, 0.73467396401786, -0.19015185181081
-0.30491069165917, 0.028181329629089, -1.4931541032262585, 0.20856801320794, 0.66895505063216, -0.20558012587138
-0.28790388610336, 0.032203869760235, -1.345017233716723, 0.21930454976161, 0.59584143893129, -0.20824709415426
-0.22779677548993, 0.05033069805835701, -1.4917157439302047, 0.23465745997026, 0.46778114194642, -0.20317449738482
-0.27370964682521, 0.045656875518037, -1.4507309970498654, 0.23479182705919, 0.40225659478517, -0.2036728173982
-0.28273081746115, 0.04045089648122, -1.372614944327784, 0.2296762337643, 0.43852803277643, -0.21187211339135
-0.2902323263565, 0.040108029656986004, -1.3279742592230437, 0.21593390358661, 0.43133694130955, -0.20975336139132
-0.28746723931793, 0.034598211864377004, -1.3972474293490516, 0.23017096083701, 0.41154305097408, -0.20720668255551
-0.26385514011748, 0.042700717541878, -1.7860466173414171, 0.22864191458997, 0.38453710894752, -0.22081507863084
-0.29781331094809, 0.047455960489161, -1.9440721573985607, 0.21987249395571, 0.52620749422166, -0.20545000574008
-0.29536560842239, 0.034806704938415, -1.7993661433595434, 0.20254217271634, 0.58363841983781, -0.21423685277685
-0.32454903215523, -0.030574679873796, -2.0757931777131717, 0.05882277678271901, 0.60030676479404, -0.47969587212053
-0.51850569802093, -0.099518903730737, -2.3889495001500656, 0.036890000456101, 0.60676150387, -0.72513703285643
-0.39258529658966, -0.14281916890174, -2.6290689257301065, 0.020235375737062, 0.61088611462344, -0.74318939933924
-0.39784246696727, -0.14350278399025, -2.604595148409063, 0.034914797533188005, 0.64552893660385, -0.75678165611214
-0.40626824359294, -0.16249711414047, -2.4039896328169292, 0.06982230727650901, 0.6424696891582, -0.7895883304348
-0.44102131090506, -0.18977457396417, -2.211352819395013, 0.057881532801525006, 0.67156633527036, -0.80139619776332
-0.45768637495403, -0.17013898886358, -2.1250248888916046, 0.071336693831689, 0.67751965891886, -0.79336216012475
-0.48060596000479, -0.16893887071189, -1.877682044495236, 0.09419578751571, 0.6941766854805, -0.78761488247605
-0.49953297505802, -0.167175363381, -1.8182996740151376, 0.07978757235978501, 0.69731377893614, -0.76734793643537
-0.43790069695663, -0.14186452023388, -1.8139443622023952, 0.12335019967446, 0.59249882858915, -0.7250474489125
-0.45288196902073, -0.06564396496008801, -1.7857273515540673, 0.20425874534573, 0.58467732063174, -0.5926100255252
-0.45280913708562, -0.042156851099643004, -2.0903454843385596, 0.22072261445381, 0.59014044173759, -0.52608690176853
-0.44243411706139, -0.056942814636524, -2.0207201526649854, 0.17533653247396, 0.6252977532273299, -0.50419478909445
-0.37341353875354, -0.025944368926386, -1.8418959417660563, 0.15602778505849, 0.58576386375779, -0.41802700487421
-0.3492783842482, 0.011068910642786001, -2.11172440525695, 0.18841347499159, 0.61038717956948, -0.33978302520393
-0.40667067887108, 0.032638993979726, -2.3635461665080353, 0.2255180708477, 0.61317096604208, -0.32434883998648
-0.39866594463489, 0.042894376072856004, -2.427018812564113, 0.23462931208671, 0.71752611505737, -0.32087173447177
-0.34669099800293, 0.036081655424803, -2.316029356022102, 0.23944618548895, 0.7389258203152, -0.29735804422669
-0.33802449377154997, 0.031339329337072, -2.318452880712386, 0.2585487395145, 0.68314642053987, -0.31444871458294
-0.35749007188329, 0.025695989566641, -2.2408536311601073, 0.25834475215516, 0.68814139074351, -0.30777951225905
-0.33028271204056, 0.034043406071169, -2.3368615597376987, 0.27019439783546, 0.6872489275631, -0.29845390315075
-0.33873175394547, 0.029441510779005003, -2.0286607641160357, 0.25811513703319, 0.71025957227425, -0.30007236797607
-0.3968906980739, 0.040810817918929, -1.5759339884714998, 0.23867403800596, 0.73536960913911, -0.30501783158135
-0.37995915101407, 0.0097028414114576, -1.5675839016211057, 0.20696798192865, 0.66384769712475, -0.32633739697295
-0.36876838547332, 0.0017865668671408, -1.6044579828020697, 0.21771901665179, 0.62294082759044, -0.32488381418863
-0.34378283519402, 0.0057697099488443, -1.803797202581384, 0.21758027182098, 0.55497780391733, -0.33216972156977
-0.34795171113867, 0.012153959612567001, -1.7290430067231126, 0.23066390399222, 0.53007549768039, -0.33710300601101
-0.36507729992427, 0.015950752803392, -1.6708603643670374, 0.23356660435668, 0.52195421546085, -0.33269905082222
-0.37739106388087, 0.014711664648259001, -1.642462888113161, 0.23184262348088, 0.52512985212543, -0.34360988827193
-0.38347442317582, 0.0074072596351904, -1.5119026167965475, 0.24977669956685, 0.53769654826446, -0.33988043289503
-0.37915265265840997, 0.0093893767287079, -1.5982295042412198, 0.2310428607495, 0.54527241843039, -0.34493396701977
-0.33931048435535, 0.027651336853799002, -2.0816320439668363, 0.25874150676317, 0.48808904567491, -0.34486626127641
-0.35635895400175, 0.027559433970217, -1.9121405574462325, 0.24843561875305, 0.59497246449657, -0.34201950321979
-0.3440941146585, 0.030047241125864002, -1.9235781342104528, 0.24686096638013, 0.66827323850355, -0.33505133829763
-0.32350200133827, 0.031181549886769, -1.9972738302979465, 0.23414432200844, 0.69497613531291, -0.33117589948423
-0.32251903449028, 0.023765232360666, -2.0515989449080383, 0.22820549305388, 0.69965363497354, -0.326641352215
-0.27821504648033, 0.010477154649026, -2.267490554047672, 0.14895560328218, 0.73877595159507, -0.32306445140372
-0.254275569171, 0.042295186504882, -2.3037835541029175, 0.19696146679018, 0.7889401765996, -0.30944502194735
-0.25389952567741, 0.046344006031603005, -2.203596770604777, 0.21091918559367, 0.74312426068562, -0.33089392973573
-0.27488556327351, 0.047640578227106004, -2.1902861354527046, 0.21702953453361, 0.68708717306369, -0.3332789178443
-0.28073911815118, 0.037669983157765, -1.972095028980155, 0.22402506649623, 0.66692328310798, -0.3381403569154
-0.26850605840844, 0.045864573123838, -1.7254127542559043, 0.19967637964292, 0.7426340573992, -0.33199419348345
-0.21188156297331, 0.065585872199816, -1.614499463461019, 0.18756933866593, 0.70369293053922, -0.28235630403404
-0.27782920067893, 0.047116422813477006, -1.7778063582339083, 0.12956717922341, 0.67024155923147, -0.26204210850339
-0.25341271334036, 0.035595396681309004, -1.7872092809653757, 0.109326482187, 0.66083766272544, -0.24184018138099
-0.25048624058057, 0.025645828658532002, -1.6934015806579152, 0.08922385977600601, 0.64791551945368, -0.24435146880996
-0.27186025893844, 0.0053399147596704995, -1.5517192724934796, 0.087560488353546, 0.66277777400097, -0.27018579613546
-0.24999885801038, 0.0095516434683285, -1.9152342436384029, 0.12060773464545, 0.61040613642049, -0.26083635123904
-0.29228275678777, 0.037568240376019, -2.0962518404193196, 0.18163635385848, 0.60895204251999, -0.26252670341555
-0.28767840666325, 0.030452637510837002, -1.9508342001650567, 0.16395360123778, 0.6841219983573, -0.23446454596016
-0.2733081021209, 0.0029351723080364, -1.8805498305995667, 0.13026210181385, 0.68399129014887, -0.23990498963613
-0.25952391848027, 0.003076680475675, -1.7832910232421, 0.15148699420649, 0.67165463227329, -0.24624884598496
-0.27762187817994, 0.0029320639570747, -1.99650945202364, 0.15041180663917, 0.72172743071317, -0.26967191711625
-0.29228139873252, 0.027300780305711002, -1.9609495123073781, 0.16184609014596, 0.75823886086694, -0.23826597097339
-0.26137330844365, 0.012530066625812, -1.8704218973419962, 0.11708577643092, 0.79356591813028, -0.25534009392689
-0.25810608530889, 0.0097517019301739, -2.002718982979056, 0.10538127507178, 0.84086688127131, -0.25287273940028
-0.23634370683644, 0.015754133562353, -2.058106843705358, 0.10309963987083, 0.82515271461497, -0.26611717614255
-0.20781698880017, 0.024218867748018003, -2.0327364389423086, 0.12706302531683, 0.76936318249623, -0.2649006368466
-0.17624137385794, 0.033632808729558004, -2.1710444339624893, 0.12659638135356, 0.7836480592865, -0.25508827913297
-0.17485660654444, 0.030752865021223003, -1.9079267890774716, 0.12755416464526, 0.76526743104492, -0.25932948260055
-0.19391009922661, 0.025172102169687002, -1.6943641343509213, 0.12758453593294, 0.80251192787194, -0.25710938341946
-0.1556681061154, -0.018207241444975, -1.4574300647999898, 0.084142251111644, 0.73193002709388, -0.29306302124732
-0.095080488371915, -0.020173654302082, -1.459378626258606, 0.08580739627964201, 0.67088727380521, -0.28258592783008
-0.08943208398138301, -0.0051698564880148, -1.5882714301017422, 0.10187766629044, 0.57354363561665, -0.27466685789864
-0.11598556788155, -0.021289226055979, -1.613553276083994, 0.0834190316268, 0.53199181614928, -0.27806746650001
-0.11000392997752, 0.0044632828693136, -1.7828851043962288, 0.091223492856237, 0.51465938523533, -0.26447470276789
-0.14271517022133, -0.0055253555054015, -1.7015134524106665, 0.078538178032031, 0.51899496487513, -0.27135382982867
-0.26658149883581, 0.0062100702919226, -1.5758965100562314, 0.10153503017156, 0.57672799833237, -0.24573308126573
-0.25046540314551, 0.032944616931895, -1.7304895903633952, 0.099205657903096, 0.62535948628533, -0.24790934476095
-0.24741892744526, 0.025497169181939002, -1.7129339983787104, 0.10639127954535, 0.57471963720045, -0.25525162590088
-0.1956848468997, 0.010103108397658002, -1.752448395266934, 0.087518404564403, 0.5442669775657, -0.25233066739763
-0.24748704057702, 0.012522516447626001, -1.5300607742964858, 0.081699306030783, 0.63658171291908, -0.22993842861456
-0.26044848224213, 0.0085908215143857, -1.3678941140120895, 0.073164301146206, 0.64377568554246, -0.24624322615682
-0.22048987900752, 0.027565021883507002, -1.4596906932036195, 0.076748535297687, 0.5592884687026, -0.21465969270307
-0.19462760436758, 0.03466658641997, -1.4147574710178157, 0.081970624220736, 0.50262745654616, -0.2062435629187
-0.18436449484039, 0.019386364128789, -1.4328313948565117, 0.06031101951310101, 0.49599760868472, -0.21880364325957
-0.18125172088461, 0.0093518911522567, -1.416103337966363, 0.053143404171275006, 0.47017043455665, -0.23009071825094
-0.19677651002733, 0.0041271864046104, -1.2270005655404406, 0.07078453168910401, 0.46538559433574, -0.22515206609682
-0.17483927531953, 0.011614375672508, -1.2894658016703906, 0.057062577893604007, 0.4825618144661, -0.21960539792603
-0.17074811212116, 0.0074105679534002, -1.3244813620294154, 0.055943419021468, 0.45576061909596, -0.22052573140973
-0.21262428516494, 0.0026628159064344, -1.26885820641162, 0.053323910327946006, 0.47029797999393, -0.22687116391971
-0.21308315732692, -0.0043570145257384, -1.2189104563788073, 0.06245453348494501, 0.4460315051886, -0.22475865180478
-0.21648329528578, -0.0051112743002421, -1.0877382357148517, 0.07433715379024401, 0.44862742572438, -0.21635786639043
-0.19511234645946, 0.0077330351902345, -1.2049841533151087, 0.082292874646158, 0.42343891441162, -0.21188122896266
-0.18108176411086999, 0.023176009876074002, -1.425992810211858, 0.08959902332123401, 0.34869897295391, -0.20734083951867
-0.19447642969825, 0.032332905363215, -1.590690471542936, 0.091322260659911, 0.37137383436611, -0.21542737158379
-0.21087528783153, 0.038286472650804, -1.6015982908708912, 0.090938342945774, 0.46325326009916, -0.21095581222916
-0.21569965193616, 0.037231273777739, -1.4920357615945377, 0.12207074642402, 0.45303050160671, -0.22074403999403
-0.20343855762031, 0.03674638928342, -1.656425142092963, 0.087627976584703, 0.44979379441201, -0.21854676071123
-0.23999156870156, 0.011166048677519, -1.5609050735940961, 0.071842736064971, 0.51467191023223, -0.21834853630989
-0.226373627768, 0.0049737200907287995, -1.5504553328953437, 0.039324437404925, 0.56138918768302, -0.23597273747303
-0.20104777256554, 0.024922692093493, -1.3669866970430817, 0.05795889268298501, 0.53938915096698, -0.23472431313546
-0.16461439530303, 0.04721958044007701, -1.533461889484826, 0.021031751637305002, 0.59617936546141, -0.24568542387809
-0.066818604773556, 0.058556864832281, -1.5510432254094222, -0.0062431075374352, 0.7003632130206, -0.20408419410804
-0.020722010508457, 0.045063912554337004, -1.6001998404126772, -0.045368534305445005, 0.74201716812006, -0.21667291949343
-0.017280770978405, 0.045299005760794, -1.7146759835879897, -0.072820035495455, 0.87066350649709, -0.21966089443419
-0.0023239974823846, 0.039936647810419, -2.0011038114009247, -0.16156211466156, 1.065381280171438, -0.22506266135567
0.1000887849865, 0.11185909592367, -2.6864263973433458, -0.45279955282337, 2.4572188348754884, -0.16472993474827
0.28318489507991, 0.059270699464981, -2.784894287481406, -0.75222932566949, 3.3065241639966074, -0.24043160842669
0.58793439716245, 0.062224159303502, -2.7441016583656013, -0.73351125967922, 3.0612787478151193, -0.16081881568649
0.52384161555143, 0.07791484697714801, -3.0175517464693034, -0.68736111973303, 3.0324956093563578, -0.08729896249286201
0.57967791823917, 0.071292449870621, -3.3507487551304633, -0.70543535524778, 2.9105176027086026, -0.06493043065109701
0.51331855647696, 0.060176633141500006, -3.326845219284178, -0.64785478862982, 2.7400821012327836, -0.05557398241627701
0.48212245529853, 0.076126603069412, -3.0616288891446835, -0.58217910389223, 2.575638473190464, -0.027308790581198002
0.41981556573758, 0.077706612537888, -3.213987611177329, -0.54576521016696, 2.533991299306289, -0.016626152835404
0.49026837585851, 0.11088488631338, -3.697934574528019, -0.50812927614162, 2.6254041399971597, -0.0075588626295227
0.4699576059798, 0.11793851626885, -3.481796602822995, -0.4883194609183, 2.5394209069343106, 0.0080283909092914
0.48345462482825, 0.07851708060590301, -3.2892180549169487, -0.51499469593488, 2.5473653905447864, -0.0055945924181067
0.48634695998224, 0.09542450222646501, -3.18498949125833, -0.51175221849809, 2.5214212147563715, 0.023618823032616
0.44983465537509, 0.099600272875226, -3.1340637044692334, -0.48354763693953, 2.469411992944996, 0.02792033964654
0.44318976224249, 0.10431135048699999, -3.096746410586308, -0.47347643667638, 2.4091200531455517, 0.063805069826878
0.50165948490498, 0.12169773842536, -3.1541860617879616, -0.43107771734918, 2.3269632270286142, 0.08588130023516201
0.46457036244683, 0.12476331073187, -2.9877550812278098, -0.41257281146846, 2.3101737973774146, 0.11488252914599
0.45049866258714, 0.1325136254932, -2.904941513627113, -0.40400668666262, 2.3439645627261427, 0.13039342351514
0.46448892176111, 0.14723926781151, -2.896080401728392, -0.39563778253642, 2.273344005824966, 0.13635133866712
0.4435352225119, 0.13497460972167, -2.907938838972219, -0.37492293698123, 2.1693358805321274, 0.13341387141584
0.48101849726453, 0.14969132215826, -3.070584775059173, -0.36042600067849, 2.086220623322411, 0.14508896682729
0.49282997201795, 0.15942373226071, -3.0806760365378465, -0.33835474919275, 2.04653207254995, 0.14406575315274
0.43555821402328, 0.15319928737809, -2.932385459578673, -0.34414766189625, 2.1037340605727253, 0.14917454578283
0.40204843942224, 0.15918452771387, -2.881761192703851, -0.34582558800431, 2.0834929317175166, 0.15509751651754
0.3664732486316, 0.16290057780392, -2.915326667067253, -0.3082924685489, 2.0154971947157, 0.15005083729356
0.37922683084537, 0.15351756790723, -2.902083488851365, -0.31750772313486, 1.9804436803478027, 0.14794833165061
0.42693510476529, 0.15950085922826, -3.0195128121319588, -0.30613963706171, 2.0265382862058923, 0.16577298705326
0.36334504956908, 0.15821311160005, -2.7272625018965106, -0.31242234918508, 2.104448823832618, 0.17724910803954
0.33027774852424, 0.16143548247106, -2.509608325974238, -0.31473429781808, 2.1127619773782915, 0.18230093787295
0.36143037267076, 0.12763412868526, -2.440816634781889, -0.34522339971892, 1.9937469566366304, 0.16643460562132
0.34574755245079, 0.12305255452761, -2.278181768116717, -0.33062378225099, 1.8588258099989237, 0.18046661931989
0.34426849913111, 0.13771936209861, -2.272888721557833, -0.32573832095589, 1.741260649308493, 0.19447451695307
0.32451149319258, 0.13924166624383, -1.9090034619053284, -0.3518571810812, 1.7046864916120517, 0.19423301497711
0.25914194385718, 0.14443892160803, -2.011828341273703, -0.36763461126667, 1.6630032213948065, 0.20337013613655
0.35422983835923, 0.14822258928805, -2.093193476756435, -0.33081852925199, 1.462169211347823, 0.18675094850674
0.24830806114336, 0.12289272171357, -1.809497333054875, -0.3495762629719, 1.4559934887888004, 0.17534212827162
0.22493667438828, 0.12923673342219, -1.8536893913106707, -0.35207131753724, 1.3470581978145006, 0.17837323002076
0.23509051525079, 0.12034903457431, -1.9993322067200001, -0.31757371825638, 1.2450657032887296, 0.14445478323498
0.22799641333509, 0.10413251750816, -1.7880260524086777, -0.336647746798, 1.2724440866510995, 0.12598703875003
0.22155526838397, 0.09177622509319301, -1.7130096316244896, -0.3480803957327, 1.257258590114392, 0.084663396637564
0.16251842002576, 0.06813251702829701, -1.4600450678158803, -0.36264418170634, 1.2296346317083306, 0.062299296255980005
0.15939056075021, 0.064663480631843, -1.4718181512115587, -0.36079849025013, 1.127674081552438, 0.056480791635278006
0.17526536710743, 0.053402740492632, -1.3945659812529423, -0.35336413748772, 1.0731278951897136, 0.050565574459169
0.14407929073826, 0.051184289907459005, -1.3678730679060356, -0.32920885904923, 1.0122540602814276, 0.051033664546934004
0.17337342309782, 0.056703302022423005, -1.414684781736195, -0.33236458125091, 0.99032614481188, 0.05057944871914401
0.14919443294955, 0.041872518013082005, -1.3208423211688138, -0.330240831151, 0.97781302383644, 0.043371403974472006
0.20259524714257, 0.042010910493603004, -1.5301560067210087, -0.33028414398838, 0.86932910598455, 0.034604373355141
0.23548200685553, 0.041037162741126, -1.5495903943759413, -0.31641767594488, 0.85040458898923, 0.026636306448366003
0.23116989001435, 0.041364035984488005, -1.4930510047475851, -0.30590776248282, 0.88470820447966, 0.039402015640613006
0.22139081162357, 0.048408333728511006, -1.4162531412904877, -0.29628137710437, 0.89006646971954, 0.04317741806707601
0.20564916653064, 0.045881075717656004, -1.2549945448309796, -0.28398839163349, 0.88653335167679, 0.051667483537377004
0.22785416971518999, 0.05813560309941301, -1.5273673105338503, -0.30965501198843, 0.83027059193721, 0.058116036402586
0.2578365825836, 0.049017001897744, -1.7487423680220862, -0.29458919921807, 0.82899509029572, 0.037749795841593006
0.2392689173406, 0.047665309001798, -1.6597720584641635, -0.30987465640342, 0.90703645100436, 0.0408339516757
0.21492925671057, 0.046163532203752, -1.6269815943938857, -0.31734717015662, 0.95371494255638, 0.040140435271507006
0.21003313201416, 0.045811333701039, -1.6263685184489154, -0.29252536283293, 0.92044166610484, 0.031969881454403
0.21080286725014, 0.051285091874886, -1.4960516912433954, -0.30473856272033, 0.87972767160352, 0.020136439641114
0.23267053210304, 0.042300304313930004, -1.3638007263215064, -0.3206969666858, 0.90910163883184, 0.0093864526438942
0.16961183893612, 0.030480052206585003, -1.3792445804003233, -0.3345750284616, 0.92948483913872, 0.0025731308582498
0.17351290069722, 0.061127119899223, -1.4505609342423174, -0.29277927106772, 0.93001032670796, 0.015713710921740003
0.14828342168485, 0.059974164025496005, -1.3451360514246316, -0.3128405756986, 0.92795007003484, 0.012230526606709001
0.083468752192211, 0.049262856542605, -0.91951528588082, -0.30072512745128, 0.96067095024089, 0.023236765330845
0.10136088720657, 0.036202076241247, -1.0497755730324385, -0.32153179732909, 0.88910352156435, 0.016546882864956
0.12325211279746, 0.026744115995774004, -1.0132529214886348, -0.33131983386531, 0.8235110019613, -0.006417047459967
0.1783501420441, 0.024599297119073, -1.0333862773414317, -0.33144254458938, 0.77833364508826, -0.018582599086512
0.20422074734054, 0.021772091281247002, -1.1673721487005349, -0.33497166378345, 0.71724053443779, -0.017977384003991
0.19047608066838, 0.020211262559232, -1.271206692390845, -0.31621199582266, 0.7142507240831, -0.014309366363700001
0.21064264306467, 0.028727787005611002, -1.3878745823970464, -0.33472123573426, 0.70117195849171, -0.0064869779723787
0.13698629353888, 0.023391230823571002, -1.2064983780986722, -0.3318637567274, 0.67658652739121, -0.0068815887107608
0.10287086662976, 0.029928657667151002, -1.12040540127557, -0.32567226154135, 0.67466503148128, 0.017338064519543003
0.12046888736837, 0.030615817745179002, -1.0860886026652314, -0.33766320380492, 0.7096570859109, 0.0068402937412698
0.1260860158638, 0.029782211547203, -1.2130078349184985, -0.31603247371888, 0.6648604534932, 0.020363767266543
0.15675294671278, 0.036358824302513006, -1.3610284276568496, -0.34516109537223, 0.68761605728887, 0.014098781361254002
0.16972207281885, 0.028216716181090003, -1.374806264293651, -0.34955342050193, 0.7271394572813, 0.021203322226083003
0.14489507209257, 0.033146558877299004, -1.3148602928585782, -0.33916026572442, 0.75221739414761, 0.017548140452088003
0.12609913775655, 0.034607453594607006, -1.255131502338572, -0.32778571123825, 0.7481104669090199, 0.010246539304623001
0.079859286853763, 0.033823737996582004, -0.91217769847556, -0.30602020547544, 0.77577051636009, 0.020696692508723
0.044264337883957006, 0.017416631426442, -0.81659844616953, -0.33715244639696, 0.80208739834489, 0.027683869772653
0.06143635418481801, -0.0053275268242723, -0.85165093173865, -0.32830914083461, 0.70822614078502, 0.021488868047666
0.038768569162094, 0.019965437938188002, -0.82366146783847, -0.26444824878199, 0.5566834734061, 0.017633576488429
0.0003642208996876, 0.016047167321007, -0.63911871251076, -0.27783378331821, 0.57416468019606, 0.015418155185824001
-0.019788008873818, 0.012992584314729001, -0.8560973201768, -0.23796497903586, 0.55923690338782, -0.017224061728908002
-0.030232918280196003, 0.02114260621698, -0.98038536446893, -0.2052508435454, 0.53151502761988, -0.025799418390260002
0.019376982512028, 0.03282091234875, -0.99491851801353, -0.23113196966446, 0.6366098034943, -0.007468964619700699
0.042018126722678004, 0.033945950775979006, -0.90420484207669, -0.23084662342204, 0.60200555234308, 0.011850880055439002
0.05317360267413, 0.057459755992963005, -0.87677644466671, -0.22047329354964, 0.55739029989268, 0.070960756846888
-0.01821830094652, 0.05416292767835901, -0.36647198297281, -0.19821531842721, 0.50166241782159, 0.09506886901896401
-0.11956416775633, 0.0008697044110182, -0.39947746146913, -0.21778311284707, 0.33644466949139, 0.0025175453276326
-0.033070021933153004, -0.0221364184996, -0.2782044354919, -0.20460616947933, 0.30601067458608, -0.021798717609541003
-0.017141183380752, -0.018445345189499, -0.52964292482665, -0.18175988372686, 0.30843633795308, -0.023666846331569003
-0.05808840404563401, -0.015927246687857, -0.31762744666337, -0.16495936000883, 0.29362621517838, -0.019478915759438
-0.0005567965143621, 0.020287450872336, -0.79598091059249, -0.11648763929348, 0.33678493639036, -0.025142079571458004
-0.061600174159024, 0.027092650549856, -0.80607443266388, -0.13429551881895, 0.44528743513382, -0.013074301583224
-0.024557384293577, 0.021083323057048003, -0.91760877425424, -0.15104420754413, 0.48249280895795, -0.0047425596229243
0.0091033593872046, 0.036994643356581, -1.0453647676344375, -0.13763559659264, 0.45045154613982, -0.0032611061167132998
0.056365974330648, 0.051212743921752006, -1.11283022091163, -0.1369125052651, 0.48081514106104, 0.0007690273221528
0.08944993647067101, 0.038723370654104, -1.0293987257257844, -0.14075704532006, 0.4263770414113, -0.017721076647834
0.097445838709067, 0.040455045427919, -1.0809400641754623, -0.14080361666741, 0.37661042846101, -0.023373549638528
0.09405555213488401, 0.036906198614622, -0.86660562224825, -0.13902889837137, 0.38717610771404, -0.010460044468439001
0.13492235329088, 0.041752405421649, -0.98159537481884, -0.16022882668882, 0.44593792420373, 0.010583228924119
0.10040912481382, 0.028604936370608004, -0.85616428663419, -0.17133248773475, 0.46100289651801, 0.013242878257371
0.094196326773889, 0.033726537535962005, -0.80339949234111, -0.16245926120606, 0.44521269316711, 0.015828142891813002
0.08432583765982, 0.033080445900378, -0.68175382906655, -0.15480122348651, 0.41264439667632, 0.010715205658665001
0.10038097185156, 0.026675636500282002, -0.7219855129174, -0.15232520911814, 0.45398226390135, 0.021400505017581003
0.09533271625388501, 0.017478724861256, -0.86461575139288, -0.20255013201791, 0.52951996110801, 0.026073332550704
0.040699931428899, 0.016402999154261, -0.77708848685158, -0.18484997531957, 0.52797640395618, 0.05349454064203701
0.052067210306507, 0.045071620816939, -0.92170100735633, -0.16750438341577, 0.51747880273464, 0.080356925234722
0.07111712464132401, 0.056715473447936, -1.042371939211959, -0.16965936405023, 0.50962485629737, 0.07036455823790101
0.09987189378408201, 0.061581472148657, -1.135056320322593, -0.1577101906033, 0.560296861697, 0.063549528153837
0.13031454952289, 0.062413416976292005, -1.1529187562439167, -0.15464634360702, 0.52215285227511, 0.050340326704804005
0.16314423764841, 0.073351330320625, -1.4315411694558473, -0.15894944413116, 0.47602569164992997, 0.054166489742212005
0.12492470401874, 0.072611545142859, -1.477539298598437, -0.16909994005851, 0.5477380907944, 0.074954847822048
0.1511843766798, 0.076579138106769, -1.5127022318614118, -0.1800864344549, 0.64026303453259, 0.06769845487034701
0.16439245379666, 0.09626705116207701, -1.8493066305182002, -0.17032145963163, 0.74262752922404, 0.050701107667334
0.1102363411284, 0.10272887185385, -2.3095540487444635, -0.24976890636025, 0.97144469667868, 0.03069426208173
0.020049740228159002, 0.088326006468722, -2.8568651807184993, -0.36069350456421, 1.6583193130734002, 0.012434587397526
0.015093333602686, 0.13037253337584, -3.456045652961039, -0.3347627293455, 2.2001777612202758, 0.096727326904364
0.087055545712273, 0.15550234309194, -3.6385491237967393, -0.25656700591132, 2.231718986885622, 0.1222434965994
0.27998629169462, 0.10265752086348, -3.6384582505349137, -0.25871678328496, 2.0494067638665077, 0.075061001628134
0.32291295722037, 0.10624261378481, -3.5109241445733868, -0.27465227494405, 2.1354170976295292, 0.09140200660632
0.2975906759755, 0.11448969497143, -3.141847608431681, -0.26155937623888, 1.930686686166175, 0.10001452240284
0.36842024517299, 0.12995123500233, -2.7619389302008654, -0.26144788617612, 1.7898543387497758, 0.10874788054745
0.35482687727062, 0.08214690614823601, -2.567899639064522, -0.28681553462618, 1.6348286851444613, 0.090621893524158
0.21466602731566, 0.054101742506141005, -2.4363760815496027, -0.23715858332739, 1.4082389056610682, 0.048349837963705004
0.14252425452446, 0.018607594896363003, -2.1470917025514176, -0.25859931085985, 1.333072057026491, -0.0031210763880478998
0.17530372189089, -0.015631519841888, -2.165525564921032, -0.24256645963236, 1.2403936294184457, -0.07463284107899401
0.22774050290644, -0.016478930800028, -2.146717053285039, -0.2463267867396, 1.193562003872501, -0.071790108661962
0.20812359575147, 0.0081261580717608, -2.159561654030327, -0.23013402069394, 1.109147619347784, -0.04731078200075901
0.10393198264592, 0.015795495382318, -2.140985260976002, -0.22579933979699, 1.0704850385438027, -0.023982211099733003
0.058929374049516, 0.037867917032074004, -2.4962490979219694, -0.17218872399748, 1.0660679335465333, -0.054887695913642
-0.062822986702215, 0.051641222588818, -2.6836696193101184, -0.11228550313874, 1.1406599412659038, -0.041158603816446
-0.24238592983864, 0.056298527007352, -3.0377899056396656, 0.09174560155501, 1.0300901128048465, -0.15489886984534
-0.37565970750806, 0.047005251488588, -3.0515978614304533, 0.087849308831296, 1.0130701838733671, -0.13471410925911
-0.36834235648039, -0.010924317595627, -2.5448451816238893, -0.046143972775285, 1.0892611746148027, -0.059923551053557005
-0.34943203489319, -0.0093582666070159, -2.3291018122553937, -0.034530801918329, 1.1276958560190444, -0.040697565400214006
-0.36351493382895, -0.0076403418682103, -2.2044260596137404, -0.068163317114088, 1.0888926386614157, -0.036072706776985
-0.28187932081001, 0.013320217871533, -2.763030052355004, -0.062120981362860005, 1.0768608482982764, -0.026458726964232
-0.39341089061122, -0.0044163789864159995, -3.0564326161678927, -0.019418124889564, 1.0490715587098638, -0.038072511044838005
-0.38195168846997, -0.053359447882795, -2.309304587923679, 0.012307651731974002, 1.055605554860184, -0.079932961086846
-0.39447871912029, -0.020752141301961003, -2.7455629431212443, 0.07101717457744501, 1.0660896255096237, -0.062225265362055006
-0.37512026357465, -0.017994435348843003, -2.490386512800252, 0.1083606726252, 0.99397611685977, -0.07621447610559001
-0.33328477495103, 0.041713758701377, -2.802643833521965, 0.14034100431403, 1.128212111315823, -0.058394142414912004
-0.34317291664401, 0.018213822586724, -2.527275529669745, 0.11706931175639, 0.95046657822929, -0.078231200604386
-0.12023290514905, 0.019392232323784002, -2.1201380074621365, 0.13590501507454, 0.98910495633916, -0.050531059689111
-0.40832631904654, 0.06156576761430001, -2.422761074022625, 0.13673219920998, 1.2405053156965868, -0.050973602659266
-0.53521987903866, 0.1168189893126, -3.2016251510326117, 0.29988379925069, 1.248592599047726, -0.024077752353550003
-0.43129218685894, 0.072428536460236, -1.908433226189199, 0.19511134991053, 0.81263811719458, -0.11505832118683
-0.86094288051, 0.010627125494536, -0.95841775982985, 0.11040811340611, 0.74654211297386, -0.064886937526521
-0.38843741933577, 0.059166148886785, -2.4248727458171278, 0.20476043613013, 1.2493667972033489, -0.074072318845981
-0.61154477198805, 0.05948841220832501, -1.0560477722178692, 0.15652726590859, 0.5365239539511, -0.08405884309537301
-0.57190219934564, 0.042420273649129, -1.348797515266821, 0.12655808177236, 0.67104154797027, -0.039761057177131
-0.36447786047275, 0.05611971254952, -1.7784704772100366, 0.17171120750887, 0.75776622969302, -0.032117804937415
-0.38648458044224, 0.06463423561814201, -1.282583863724259, 0.20713783152111, 0.61249891972692, -0.0077861547317531
-0.5022528407563, 0.03636160117216, -0.88399756201043, 0.14495767610475, 0.59696577509738, -0.021550608597521
-0.22932270381677, 0.09261597370971, -1.4117901227136813, 0.2239420466949, 0.65420179992824, 0.0008439481172456
-0.52186565579775, 0.062205133155292004, -0.99590238157241, 0.14469384213272, 0.57540504940733, -0.0023422150473669
-0.18390550627618, 0.1394110827043, -2.123384839064729, 0.12070677826331, 0.89811590634324, 0.028445966381863003
-0.46900731522272, 0.095600002129801, -2.538914332545219, 0.13537198750026, 0.89127501161485, 0.030892628130336
-0.10936130617575, 0.07605466573916801, -2.3707831464783102, 0.085017663537267, 0.91686368471762, 0.002414040595578
-0.12451547447064, 0.078682127400318, -2.333945719365283, 0.09383729418311401, 0.90830374037096, 0.0082682581204882
-0.16712002581345, 0.08554020915688901, -1.7469945962210487, 0.082473693706029, 0.95403574842221, 0.014121891232855002
-0.15455450702685, 0.052143901382371, -1.766896538971456, 0.029640374200234004, 0.86253833018308, 0.016769680124646
-0.10331034714518, 0.06233173764947501, -1.772825812790905, 0.022293242557813002, 0.80074387274635, 0.027949997991801003
-0.15003429425175, 0.053474898974811, -1.6023475133571188, 0.022594600138548002, 0.80035755974207, 0.023186874469541003
-0.12964519995182, 0.06395982376436901, -1.4488311541, 0.0009222919028826, 0.78738870366508, 0.035282861270866
-0.10401532169264, 0.05250212631868301, -1.4203181528457236, 0.015550293926635001, 0.74083794160752, 0.028693161593192
-0.08667686058368701, 0.061940097637854005, -1.5425889819072445, -0.012278226562120001, 0.73553663058316, 0.030805921608904004
-0.040046876779203, 0.05779138907740101, -1.772551197515677, -0.013085357381686001, 0.68533546927137, 0.04133532404504801
-0.066761315838034, 0.05221760117157501, -1.7002021416315154, -0.025599894537256, 0.70535847544037, 0.028723048753193002
-0.07537448571793201, 0.054130257975997007, -1.7688849871075352, -0.030830830803359, 0.71725037044177, 0.028344075411133002
-0.11705844941285, 0.044270636480013004, -1.4658255957065531, -0.035560389727210005, 0.69124975670429, 0.020666952012591
-0.16659368383596, 0.040725320346554, -1.592036378347732, -0.043609218501217004, 0.69386368400285, -0.012614818718739
-0.16950453380765, 0.057050144265332, -2.114390698961146, -0.07318255693917701, 0.79765758758621, -0.033070017777156
-0.14342348896823, 0.034280932587457, -2.237436539437597, -0.09673071298678501, 0.81334463654488, -0.041613856563673
-0.090880091558072, 0.04957144618315001, -2.4225822751703827, -0.08330603001572401, 0.98543620831804, -0.038393442616729
-0.11768259652246, 0.051100501446395004, -2.4756525922745505, -0.092795650323566, 1.007520347631519, -0.051394398071621
-0.12524161478009, 0.048659926281632, -2.4792336214388397, -0.054352714928767004, 0.99393642580653, -0.050604694647877
-0.11796178068741, 0.039251253764285, -2.40051678401925, -0.069448361604505, 0.98100660489933, -0.061747378634503004
-0.11600718671955, 0.037403588020915, -2.3434311297863712, -0.07894737205273801, 0.98085996502049, -0.05524622168522501
-0.089913985885074, 0.0343584197205, -2.094753204096641, -0.09941453163788201, 0.94919942660326, -0.06628300674659901
-0.12833683183788, 0.03805534452808, -1.8991706832411772, -0.086947116852224, 0.96810726792093, -0.0358764804302
-0.16842900297564, 0.017111905059917002, -1.7110941811538671, -0.1085325383899, 0.97670213496257, -0.041705880174665005
-0.15861079105111, 0.0004952279871396, -1.5100448401498665, -0.10679161828717999, 0.98927672274897, -0.051038930452873006
-0.14106245185143, 0.014119731106271, -1.6586667775251784, -0.099157527237795, 0.90807690833922, -0.043014664707733005
-0.10666713022693, 0.013093012407675, -1.7369512759019776, -0.09232299911019501, 0.84507920492227, -0.049955867802756
-0.13010023545526, 0.019462610733136, -1.735966508660807, -0.078842564386986, 0.84164420840964, -0.04583048966789301
-0.13959536152207, 0.013183842465771001, -1.7281380734803131, -0.06377219541312301, 0.81033774760262, -0.05815959354078001
-0.13052176274536, 0.020454797618805, -1.713905501303051, -0.023217847823545003, 0.76321904274085, -0.050817378900954
-0.1724928626344, 0.018176745993642003, -1.4320303834879333, -0.0017560255518436, 0.81314331678544, 0.009361791484152799
-0.17330941870932, 0.05819883505465501, -1.2902468457077205, 0.014120288355150001, 0.69847563894608, 0.012664016947384001
-0.15783252771553, 0.06084468687059601, -1.3989722749351299, 0.021622958516184003, 0.68682513921359, -0.0094113545265774
-0.11048692719032, 0.071962276953503, -1.6629960649386908, 0.0090838104958883, 0.70401928433775, 0.0099383215481301
-0.14583876824471, 0.053047141314756005, -1.8042498986291944, -0.011869653012074, 0.76859008744767, 0.008951768555603699
-0.16572341735115, 0.054343313227465, -1.7969049440065996, -0.011584326834241002, 0.77831490329377, 0.014805933741343001
-0.12891564836095, 0.065313881697819, -1.7242281032563147, 0.010682978584221, 0.78063609474736, 0.023366176913857003
-0.12616215281877, 0.07311203454182301, -1.8676767488687964, -0.0030677378059307, 0.84122871721467, -0.0095900963899635
-0.09484790165579501, 0.089463541981912, -2.0052976355928314, 0.0077401081675064, 0.86140004231815, 0.011647164523457001
-0.089963703193966, 0.059990759290147, -1.7416881818325773, 0.0061975478586735995, 0.86915580193967, 0.014666996570830001
-0.06597334846665001, 0.06167915654869301, -1.6558408079948252, -0.020726160660997, 0.81799235028251, 0.023407403497841
-0.1211961379325, 0.05693855843597, -1.4665689878866606, -0.030310735588405004, 0.84894184420241, 0.025639705514959
-0.13513319440799, 0.046908469072302006, -1.388113455032737, -0.0342279948706, 0.78589626065533, 0.0040432480509137
-0.08521771411060301, 0.04725557818244001, -1.5960014909725313, -0.017593430541913, 0.69845617866797, -0.013276583795803001
-0.093276489257944, 0.047279270646897006, -1.6555570177129066, 0.0005870482715523, 0.64043733998762, -0.023406717556140003
-0.10897881159008, 0.054702734936074006, -1.6825291249279872, -0.022679265922271003, 0.63830096544312, -0.016708755324218002
-0.095323646116934, 0.052598795252923006, -1.7606973697311217, -0.0092745354326539, 0.671442442815, -0.040739785324035
-0.09762596380925401, 0.056317458837169, -1.8046968318069916, -0.018681065606862002, 0.75249047908907, -0.053955888714561
-0.1088711500086, 0.051603841038669, -1.7381510577870116, -0.022886084330310003, 0.81267818246069, -0.041923113763975006
-0.1294340515045, 0.036291509134991004, -1.5041301131022786, -0.022768881166442, 0.78951295025932, -0.036217599644322
-0.16899415566124, 0.025262618317021, -1.2705820002652142, -0.042674017499700005, 0.82153913657299, -0.038959400715903
-0.13949506195301, 0.028967251719043, -1.3239068950632347, -0.047004109940449006, 0.74906394773594, -0.038004012232392005
-0.16175793694579, 0.025479527170306, -1.2483472526067958, -0.05070037492605901, 0.71798820090275, -0.053227783481806006
-0.15003230173021, 0.023814618130434003, -1.2528302882985753, -0.039969912710515004, 0.67625219074657, -0.07371949044897401
-0.12840371376742, 0.035545199128726, -1.2485510903699024, -0.025079888502294003, 0.65638439853896, -0.077868414060781
-0.1372391798236, 0.032773896783718004, -1.1905311445074864, -0.010872359040621001, 0.6541913753434, -0.075354613131778
-0.09861454885572901, 0.036314098383482006, -1.6013124803185215, -0.029685129606018, 0.5843603177078, -0.07948467335801501
-0.09707399915892001, 0.038829856226533004, -1.7980790610767876, -0.011750278154624, 0.59956730840105, -0.085572258465787
-0.11908548304869, 0.031926478868013, -1.7384594998587224, -0.026390610998883002, 0.71493736395624, -0.087101481427183
-0.13414610777303, 0.024515929805330003, -1.6827856872321783, -0.04216062719091, 0.73889135430247, -0.070670966425829
-0.13931091606209, 0.016381101389409, -1.7361278640890414, -0.04058156823300001, 0.72985195471255, -0.079129324069883
-0.12088350907263, 0.017973137128993, -1.8009319666125034, -0.041568103200916, 0.69144934674432, -0.08902235609162801
-0.1529358825381, 0.023192061395623003, -1.7878678791334752, -0.037823871028775005, 0.71489722536131, -0.07112998944467701
-0.13205275553954, 0.025818498861398, -1.681274878099329, -0.025519208614965, 0.70220009483914, -0.076892182934642
-0.15781862755012, 0.028806357103574, -1.5915757920964368, -0.023240173370146004, 0.72525158074544, -0.07694363673849801
-0.16214047277019, 0.027523057465364, -1.409832944649886, -0.035560054071767, 0.69735312506125, -0.072508458241023
-0.16080892147667, 0.011663928450474, -1.234983095417009, -0.025925676796938003, 0.69873295032733, -0.076459596918226
-0.10739414050439999, 0.019448352863534, -1.474011705917893, -0.039354660131912, 0.65007138932416, -0.06788483043065101
-0.1121073676243, 0.018252946085674, -1.5227100240028126, -0.031907603902401, 0.62147921782465, -0.069773475351511
-0.12041543812856, 0.020259461032764003, -1.5152100160810882, -0.026556046161909003, 0.64056460694119, -0.06822168767742301
-0.13182933926721, 0.021772275221270003, -1.5375755475541608, -0.030296737750927002, 0.65944330929222, -0.060446219050235006
-0.15917524833599, 0.022449838943959, -1.6022849587916794, -0.027092032647336003, 0.68435333283403, -0.056867628114144
-0.16364914449817, 0.027241994583812, -1.6973390066050253, -0.027624204309086003, 0.68568681075338, -0.058867523257959006
-0.19836899557687, 0.038419251694050006, -1.684526800642551, -0.012691425432721, 0.78609022862078, -0.041307784487558
-0.34103784583694, 0.081863085113482, -2.862951662683751, -0.094393459035085, 1.6130053978542995, 0.0022552820304076997
-1.2691385353547384, -0.021806671563231003, -4.259720218988856, -0.62755910960583, 5.007215433491723, -0.0026666278351088
-0.4797026753822, 0.057177660582006004, -2.8934074119819235, -0.30294122429147, 2.5182587395499847, 0.027104137195553
-0.75424661089043, 0.080406636236417, -1.3146809579607557, 0.011948832597169001, 0.45231956346414, -0.10068371413646
-0.86593141383088, 0.029748538283638003, -0.89641045244184, 0.022723991171993002, 0.65270040359093, -0.11933170600517
-0.51633685890607, 0.093347424646834, -3.344885279677851, -0.18898678866498, 2.574324655275538, 0.010743434870303001
-0.22042324446898, 0.07684684816361301, -2.622435309304678, -0.10580313212151, 1.5815122304218912, 0.036798767997306005
-0.17762419609011, 0.06956188631898301, -2.3264788324247245, -0.091927201732811, 1.3846877956788377, 0.019022904256106
-0.28972153901766, 0.047759778484509005, -2.0797340320453386, -0.055324792128477004, 1.1618266624889233, -0.008966651722855
-0.25411418351831, 0.029463158125980004, -1.7203958409937423, -0.06025046222435, 1.0783630585075974, -0.015890763727674
-0.18500407542716, 0.037094355810059, -1.7123419352050873, -0.038444957932336, 1.0249427599550385, 0.014694903963915
-0.22657924463173, 0.028349413770394002, -1.586451494241568, -0.043609952223399, 0.92881365581435, -0.018719345700909003
-0.21063174661722, 0.041607317771769, -1.8043546527118528, -0.019830792827471, 0.86233182308498, -0.016900160437866
-0.18252926297476, 0.04744092563208201, -1.986971786977167, 0.0082085197927946, 0.76303151169507, -0.021089639328727
-0.15381868982163, 0.054395281394774, -2.1472070296548096, 0.01166087230778, 0.73416766303845, -0.020203688818895
-0.12614662897871, 0.050316234574139, -2.2160025420719323, -0.01572521759629, 0.84623715205421, -0.017087132676493002
-0.13894055982682, 0.063226519921981, -2.2797026576633552, -0.0076747793054751, 0.91323537734966, -0.012652553161123
-0.16041452441016, 0.063316517710114, -2.2583564489723513, -0.019325245579873, 0.9464638666482, -0.029727981783836004
-0.19412593880394, 0.06783315412021, -2.245508802724938, -0.023306309594948, 1.00314889942718, -0.029069117021884004
-0.202255353847, 0.06725142730316601, -2.1766577962119924, -0.0047815746496459, 0.95636117886915, -0.040340708083819
-0.19606591970143, 0.070847206979607, -2.1761825233512773, -0.014365098008606001, 0.92517318839347, -0.033982701611607005
-0.17668604156022, 0.068281757797853, -2.1079093156069177, -0.0099485657913858, 0.93033643895192, -0.02266121176727
-0.19521507318281, 0.064419975244058, -1.982309712417786, -0.016206950658451, 0.91979631658434, -0.031630004663854
-0.19714884038969, 0.057655566885395006, -1.9859713917409236, -0.0097627056107841, 0.92014946430415, -0.029309243261028003
-0.20270431030667, 0.057614965725437006, -1.8645279533131385, -0.019734995630548, 0.91510018103354, -0.037839789894583004
-0.21938835540609, 0.051695019810961, -1.6803117655924205, -0.021564319358787002, 0.92099796894851, -0.032619170182838005
-0.16536611090605, 0.068884000397926, -2.049327073904127, -0.0048296062364194, 0.82324288713337, -0.028256138211359003
-0.16401409766925, 0.059454823088492, -2.073812644694105, -0.0034379789265274, 0.82543710441283, -0.046066595989494
-0.18474499701138, 0.066239730655893, -2.125434123309101, 0.014211935786596, 0.84820622984127, -0.042634607015067
-0.2177723837939, 0.07447686782601501, -2.100256015069267, 0.019555153997601, 0.94510982840409, -0.032953480110557
-0.24630820255228, 0.05752443892898201, -1.8825442475312557, 0.032032573574825, 0.87947715548394, -0.036250402436278
-0.19564085299022, 0.052354225942504, -2.1462119275935523, 0.013627676322622, 0.82518095794182, -0.048640146725674
-0.19297234948006, 0.070151466018288, -2.229891564392711, 0.02891519862834, 0.84248783335371, -0.036173542423873
-0.20492106994432, 0.061446556199092006, -2.1197715238054906, 0.012236052576494, 0.92277624397871, -0.039377179567049
-0.22700796750008, 0.053092356039634005, -2.1184316537719807, 0.0060914767707256, 0.97003476462627, -0.025153698960646002
-0.20916404539995, 0.057899581156970005, -2.2566988345260466, 0.0020454064290216, 0.95707273398718, -0.02304556751463
-0.20213936669826, 0.06102985642028601, -2.280523466263203, 0.030224544779182003, 0.91413670308759, -0.030869333621382004
-0.18248519344476, 0.064611578798335, -2.4619418910629003, -0.0047273486895962995, 0.90195567429277, -0.044141373065687
-0.20879906350225, 0.053372005929429006, -2.286582470274568, -0.015704949951595, 0.92598766864418, -0.037663370716806005
-0.2333280678894, 0.062164662812609, -2.0801950157850593, 0.0017472053695304999, 0.96140389043381, -0.015803170465095003
-0.32750687456036, 0.06097062761560001, -1.7007919167730192, -0.0035505360287943, 0.98346372748672, -0.0049878595999409995
-0.29286743648244, 0.062571596017213, -1.8263259224669408, -0.0026347820268134998, 0.89481041791711, -0.017116129997173
-0.22574219173525, 0.065281769226193, -1.831227044295234, 0.000235387725676, 0.82994580933685, -0.039154071772636
-0.15298820618438, 0.06633319412756, -2.0221879312319295, -0.014151478246067, 0.76860940050094, -0.041836474259325004
-0.14952451366031, 0.05092487841451, -1.9932415970278496, -0.018916038057831, 0.73583137306594, -0.038346580036582006
-0.17098201756123, 0.043279486117341004, -1.952190215541634, -0.032209155084743, 0.78734463648815, -0.026750360461523
-0.18060042406284, 0.044377939534991, -1.850108586181864, -0.030241668941552002, 0.79933968211526, -0.026315256160629002
-0.21424131596256, 0.029048596782156003, -1.6470221401778216, -0.022822532091724003, 0.83837268435669, -0.027965514787261003
-0.21303540125652, 0.036136222955853003, -1.6697405428244119, -0.021046495951968003, 0.81817001835416, -0.032336754032639005
-0.17227041106626, 0.050550308277331, -1.993445579513558, 0.0059069848736693, 0.7226350600047, -0.037957748291335004
-0.16223444085514, 0.062792793180515, -2.123805029511035, 0.010589613088857001, 0.75027914801479, -0.046940096943617005
-0.18390820567675, 0.07126548140298901, -2.108313525791703, 0.0089963942980199, 0.83085913716892, -0.036935154900035
-0.20269497005962, 0.06301667573819901, -2.052093741452486, -0.0005216569535663, 0.838916857729, -0.03298620796906
-0.20053277365293, 0.05542407097667901, -1.998059864312156, -0.0001614412740832, 0.80826343933541, -0.035482344322073006
-0.18468459390061, 0.06162790599839801, -2.121937742191857, -0.016728189037767002, 0.87700509464683, -0.034306085126035
-0.20929523737223, 0.05784619077479101, -1.9489753510557573, -0.0021156422074578, 0.86749269278856, -0.033122126418722
-0.29072355776599, 0.021558730833809003, -1.4770759656598402, -0.0077408413772201, 0.79887333743711, -0.093988283909348
-0.36748330005062, 0.018245524113839, -1.3107993243038156, 0.027191346761123003, 0.75041372963601, -0.10611824001549
-0.31656071398608, 0.020499425644474, -1.2934643205548206, 0.038282621862804005, 0.73093212540394, -0.09372712512825701
-0.2523604535314, 0.036051361266612, -1.4701486466458449, 0.033358150293004, 0.68056293507703, -0.086320434980691
-0.1915340483564, 0.029734630542030002, -1.6439168447865224, 0.011935986559723001, 0.66450865978157, -0.09768784047739601
-0.23284012406928, 0.014643883677686001, -1.5950711407584814, -0.0028104137866855, 0.6640949941594, -0.090489766200121
-0.23567956774234, 0.018562133958270003, -1.572606320473366, -0.0001228911181225, 0.68800963319634, -0.070979924590962
-0.22807754115214, 0.01893735196419, -1.5542107262220632, 0.0096246898685158, 0.69338058443328, -0.06823050338594401
-0.25115267704572, 0.008724776452278, -1.3451588456227317, 0.0040936886306391996, 0.72452703928996, -0.07029828228892901
-0.24704574553762, 0.022261924728155, -1.5872333350449144, 0.02609106173862, 0.64758660530446, -0.06483197498307
-0.2405017464859, 0.030736965200499, -1.8199297641078394, 0.03062512214179, 0.62783378625659, -0.077712135422856
-0.24769983799164, 0.025086274140264, -1.7741792325756496, 0.0085832840562173, 0.72042113367281, -0.071443247435233
-0.21948599521205, 0.018938957127669003, -1.735961884923708, 0.01219372783751, 0.7312201458727, -0.07089791563886101
-0.20414203553176, 0.032597088251572, -1.762514536969513, 0.036339960686138005, 0.69235985729942, -0.07512624282399301
-0.2170768499824, 0.050124398670091004, -1.9215292779601754, 0.039895349744651004, 0.68487688239563, -0.07751363747546901
-0.21238798437538, 0.054462482441349006, -1.8904134856164974, 0.048490891849412, 0.74483521703398, -0.079972225812206
-0.27844175116425, 0.019879914206961002, -1.6206646900536819, 0.039276343402875, 0.80783788541543, -0.14236933090358
-0.37368048501493, -0.0094064708669138, -1.263563209258591, 0.016949504298742, 0.82977799399032, -0.1191546098048
-0.33451662372487, 0.022420548794586003, -1.3647246217772997, 0.047977605431638, 0.78612461421256, -0.081699294123544
-0.2976650998224, 0.012039336210110002, -1.6139882109307855, 0.022454195551338003, 0.76398784082078, -0.12579469886145
-0.28781596617787, 0.013634129031947, -1.7014885276734208, 0.018337361078228, 0.76582079561765, -0.10206470053234
-0.1786205681906, 0.041935798389452, -1.3009380417345209, 0.026081233012888002, 0.70456944853944, -0.088549642979022
-0.22027815636127, 0.040792914966495, -1.0331778567226833, -0.019461309014216003, 0.76814381446064, -0.042470065746952
-0.18445857263932, 0.012545304578720001, -0.80785185141371, -0.03560874519781, 0.72008385737426, -0.066418355438283
-0.21126818483452, 0.031683226817871, -0.85896046268153, -0.035451113124833004, 0.68782518854728, -0.039804899025925
-0.10723339991059, 0.032453412174454, -0.95311697588663, -0.044612069697716, 0.65939256088808, -0.025769203857874002
-0.14498453552472, 0.033453343332494, -0.24735256433015, -0.12034745053689, 0.61097915862573, 0.023841664604924002
-0.27913132148442, 0.062336717922488, -0.31144614269409, -0.15828364597082, 0.61642210101235, 0.07684798427677
-0.15829548713315, 0.044231344093288, -0.60764700066509, -0.18082767906166, 0.64396672708784, 0.067042465042773
-0.099579069830276, 0.028647459496801003, -1.0823380745395412, -0.16118605989578, 0.67769854331687, 0.030651366472183004
-0.053858236176202, 0.0019739914067598, -1.134766085813546, -0.17480329077263, 0.68191823409352, 0.018127606814216
-0.029960593394868004, 0.0028836969840111, -1.0363695201763194, -0.13457722599283, 0.6440435159846, -0.002071197915631
-0.045479034456704, 0.003541172675967, -1.0257253118948675, -0.12595790858812, 0.70491240871877, 0.0016071102937191
-0.054973528463466, -0.0054903704096859, -1.0970669811242793, -0.10622873888475, 0.61241472899859, -0.015816846017128003
-0.08337743491204601, 0.0078412310908995, -1.3248882969537579, -0.075413256907971, 0.57621721176064, -0.01015024144427
-0.103591130588, 0.024387863685901002, -1.4842815887041525, -0.071168842246489, 0.71863192055689, 0.029684111467882003
-0.11556303737673, 0.032079628474343, -1.5919951939822552, -0.046092333411645, 0.72123610463792, 0.031068070593831
-0.13569186947329, 0.016216855756669, -1.5337058109561168, -0.031160251636955003, 0.67793549200054, 0.0014624172707728
-0.19957581668539, -0.0017288483938994999, -1.3571213105573205, -0.056504691050186004, 0.64785813995589, -0.012358336021604
-0.15978705332416, 0.013115388606504, -1.5715216144621966, -0.032459507184873004, 0.70787639481493, 0.012541552265452002
-0.16215865035104, 0.010552409543603002, -1.4313482554879176, -0.035727433028748, 0.72945302713771, -0.011127119582878
-0.18288411941197, 0.019461627752903003, -1.3608719020258462, -0.030033525317466003, 0.7311720344708, 0.0036695318911506
-0.19110080150986, 0.022606919326939003, -1.1767588444590154, -0.026070365345184, 0.71075119807069, 0.0091707511459285
-0.23312475008997, 0.021192854981779002, -1.1044702420974515, -0.024104027938363002, 0.70151460292279, 0.0052270599622475
-0.1700833752645, 0.013359664038857001, -1.202551184237066, -0.04629158371990601, 0.66169677266987, 0.0007780460026327
-0.16592062446534, 0.0098223863684069, -1.141419886460537, -0.037281946483371006, 0.66808830458609, 0.0063947124417677
-0.23673239782975, 0.0058431389633128, -0.93695617580036, -0.043105992575487, 0.68628699269206, -0.0016977485071599
-0.18457207712345, 0.0082289730907025, -0.976272174958, -0.042627222702808006, 0.61017034891041, -0.008414750591682599
-0.17171126539497, 0.011848777375403002, -0.94806849959257, -0.023076476364954003, 0.53866103230961, -0.0081857564403329
-0.11974803363233, 0.028645779678330003, -1.1272690729774721, -0.037961914003347, 0.47874271582052, -0.0016019127969792999
-0.097658625587227, 0.026358689333629, -1.2749031128255792, -0.040118919286117, 0.46867016861284, 0.0039381513029359
-0.1362344151096, 0.07152569392030801, -2.007605679088428, -0.048707464011679004, 1.076312178990077, 0.017888635073735
-0.19853776027158, 0.14276306049938, -3.08104660264069, -0.33504482731423, 2.885719773728651, 0.12010703726749
-0.13013676276431, 0.24620756243918, -3.4270308982998894, -0.17117657725625, 3.3631533475093636, 0.12885563075221
-0.41472007734935, 0.35625684905258, -4.258847122811181, 0.10163146584987, 3.584905453689865, 0.28310519602784
-0.25940837650546, 0.5275134120171, -4.900746351102542, 0.48142664808368, 3.149140445894028, 0.33786036764125
0.14158906516871, 0.73723970298399, -5.1633014901183785, 0.8804237917757, 1.9210029915656424, 0.33583690646543
0.4337735231539, 0.80896903988125, -5.364311113855809, 0.94487482353617, 1.7249329654332128, 0.38411130070986
0.22236158687837, 1.0531240396513109, -5.992363601049494, 1.3509276511223944, 1.9433475864167993, 0.62346296443799
-0.21817470728439, 1.0544931148594703, -6.2079156204934876, 1.4958628137080188, 2.0923917972503974, 0.75738172871969
0.018724446879626003, 0.9769288154094, -6.453495215467528, 1.4009765960126348, 2.370393509075903, 0.8198543418017
-0.097968405480336, 0.93579647417235, -6.465709910616633, 1.2260386201610753, 2.640495798085254, 0.93267322246454
-0.18862430098098, 0.81877316178014, -6.1493471147946295, 1.044147433165855, 2.7135300729777434, 0.84917797336772
-0.10627119510743, 0.77848689518382, -6.090010179883398, 0.97482480962581, 2.6010316196762435, 0.84820649736488
-0.10884734476174, 0.76390010047349, -5.989249673807306, 0.86848489193059, 2.7348941157335847, 0.84961015358984
-0.049934650821413004, 0.72309183305281, -6.047354714211628, 0.81003581294925, 2.656960801194576, 0.78632044553312
-0.18159450313595, 0.68119788067801, -6.236898606177766, 0.6609635642371, 2.8972733762349407, 0.76097346337926
-0.13242735737206, 0.69188892384675, -6.140602570209914, 0.68239154645117, 2.866189523827757, 0.79890849956753
-0.10522935741646999, 0.65000906504015, -5.880425061899808, 0.6757322424202, 2.678122630037821, 0.73094728819587
0.0075119950592588995, 0.65849526757835, -5.683449346198174, 0.67858899894889, 2.702249808813938, 0.73205993661826
-0.10392055917772, 0.63897127500601, -5.984340186033715, 0.6140241870864, 3.0501770371453087, 0.72950616664193
-0.19927319839475, 0.64339094774134, -5.997530361075359, 0.62731061300827, 3.1969760698092866, 0.75983772384032
-0.097996014439913, 0.58663674573743, -5.389956960820711, 0.57420603768142, 2.932170015506147, 0.70303475275562
-0.28500567808928, 0.53967914073666, -4.999297401007138, 0.33207669322802, 2.583815012395393, 0.59441852967569
-0.36642839417768, 0.52261478788268, -4.390458896272303, 0.23216179131728, 2.410356102533693, 0.52725006267998
-0.34344660436174, 0.45458836141766, -4.267811557450587, 0.20731301894372, 2.330866988612886, 0.52696950898707
-0.10712779936945, 0.44192490978677, -4.278405006875095, 0.14135707329436, 2.3751456573816543, 0.48000324976553
-0.07555226101362, 0.38967993858372, -3.786499742795999, 0.04939360586118, 2.248493473606098, 0.40516889084565
-0.42069845250689, 0.36722464411168, -2.7372828484876144, -0.05526497246903501, 2.0513341960349165, 0.38459935614843
-0.34731821643154, 0.35416075896172, -1.438483863372295, -0.14271658015744, 1.7248984312482833, 0.32177963989936
-0.42525665032901, 0.21016099192105, -1.18920189565611, -0.20994839107677, 1.5918006434688583, 0.30154884745392
-0.024383803339035, 0.15924700717265, -1.2488353604077913, -0.23685394636411, 1.5306200208558274, 0.34532190423011
0.054679868117951, 0.16544448594033, -1.6335228166338949, -0.19542249218178, 1.382373434774719, 0.3190930588277
0.089216016995909, 0.18220934749868, -1.817160847703185, -0.15817357488531, 1.2942410494339613, 0.30321358645794
-0.35969349337224, 0.15114698469054, -2.1440995961622606, -0.08377613597932501, 1.2026357115206514, 0.19302700481424
-0.22873887565145, 0.17908532842811, -2.707175520473836, 0.013965228969075, 1.1541763535171905, 0.1680321276193
-0.32960775204542, 0.39872164079643, -3.9678172026211183, 0.37384493746426, 1.694297399854888, 0.28133596627116
-0.79239343622513, 0.48996495997714, -4.819542184533941, 0.70578302097512, 2.0663563061129717, 0.30921837207048
-1.0308457965338709, 0.49157901636847, -5.738685044382774, 0.55177270336167, 2.7381768838132623, 0.41558148973281
-0.97988342945004, 0.24725152077336, -5.882939214236335, -0.065464557621219, 2.9811935172996873, 0.48503760574165
-0.54780214603896, 0.076116048347925, -4.996652225338025, -0.53458157337309, 2.161464231986031, 0.52661547586434
-0.57563467121869, 0.17177526384198, -3.9194198714551747, -0.4673752878856, 1.390604213541771, 0.5492490597168
-0.45733508447665, 0.19830724557964, -3.3838179154364996, -0.41373178853289, 1.3344635234104958, 0.46957575801175
-0.33495839215017, 0.15584157192155, -3.331497785385407, -0.45039907764733, 1.416470590856397, 0.32250111248238
-0.29907678547868, 0.13689063334642, -2.989256107465303, -0.42852323101312, 1.4361150227357593, 0.23364770641229
-0.26260198446345, 0.10986567439981999, -3.240385991964512, -0.44100014516141, 1.369936459831422, 0.18428254498592
-0.23817679767713, 0.07329128137594401, -2.8794571026236144, -0.44343825926641, 1.341781957030333, 0.13569899732899
-0.26853596564189, 0.062622538678893, -3.1597737384295135, -0.38948495861778, 1.2695035867906534, 0.029004041727181
-0.26002287284795, 0.12992726049291, -3.647766719450885, -0.17026878138837, 1.3183006076040964, 0.09454781535676901
-0.54762225923721, 0.2186501100367, -3.839860935209921, 0.29428054748911, 1.1743977897614148, -0.13674772822555
-0.89334276532967, 0.0025156001222608, -3.2455213709832895, 0.47261034110205, 1.0241854293382522, -0.7292229839116
-0.54468923141399, 0.18995443882962, -3.114826195274934, 0.09839380791164401, 1.2833521587080678, 0.0053470965312766
-0.36985092900662, 0.22453373828355, -3.1882188553915967, 0.14238839047618, 1.3448079192601554, 0.27387868741205
-0.3024008780675, 0.14748341712989, -3.014506004172908, 0.12933532941609, 1.3006191579444455, 0.15025648454451
-0.20939528903223, 0.14924343662737, -3.3137764176505513, 0.16201318458141, 1.3673258102214148, 0.016522182106784
-0.21854133883511, 0.1669512347484, -3.7587309884854117, 0.17433203897697, 1.5089436563216907, -0.082301847632627
-0.18238886338085, 0.19874098074541, -4.264090558872233, 0.18284267640386, 1.8924186053551433, -0.054444141631945005
-0.38596571032811, 0.19902198216294, -4.662455752610353, 0.14869431624556, 2.4194631831991433, -0.18246414085974
-0.4079244095404, 0.16315741781418, -4.565686443572755, 0.18348170124824, 2.34717444902728, -0.2262541086304
-0.24283505347379, 0.12710290159455, -4.210796390104198, 0.09682616968082, 2.120515726906021, -0.2128304945554
-0.29881979414231, 0.12748578215908, -3.8834455401074095, 0.06462106564540901, 1.9120457311110353, -0.16991705565717
-0.2600941047883, 0.10682534986193, -3.506072863349392, 0.045230236190867, 1.8080312895645667, -0.17471489884533
-0.20800243654333, 0.11832838041231, -3.4502229962790025, 0.024933556295583, 1.779069208094668, -0.12356245831112
-0.17394415880548, 0.12987924346424, -3.1875868673133962, 0.039586987926254, 1.6735475228145746, -0.066414831954986
-0.2306768688878, 0.12781081435197, -3.093481146869792, -0.013570102597438, 1.5871084430526075, -0.037514803979319
-0.26706063780601, 0.1179936576637, -2.9171957196679035, -0.019223977715408, 1.4725392248605107, -0.021063185399057
-0.22687774518799, 0.13000826030734, -2.4763819796611837, -0.014969914159155, 1.4065713420153538, 0.0071153375779869
-0.34207192559907, 0.13281896948556, -2.29143552465849, -0.024026833451314, 1.3204488066627984, 0.042442299715930006
-0.19781142764033, 0.13901336983916, -2.100262879523081, -0.044300465577933004, 1.2342204664904544, 0.043075221289063007
-0.19317688322807, 0.1185065895639, -2.130161658892435, -0.041086119311891, 1.174897471443375, 0.039922489259124005
-0.24217129197572, 0.10409096486706, -1.6640303885871586, -0.028920400086494002, 1.1104718826139286, 0.049892569641912
-0.24312029684089, 0.10041722483537, -1.7652557781228215, -0.04162323835781501, 1.0140837149743624, 0.05754224510606801
-0.17885413565433, 0.10134931308791, -1.7152325065766858, -0.05421953810457401, 1.0382395084653202, 0.055910563467054
-0.16100532446502, 0.09425023197348201, -1.7113062728633641, -0.065823515295409, 0.98466562531484, 0.05494090224787301
-0.11307704419057, 0.09173845910690101, -1.927757732719827, -0.055074487780688006, 0.87879358999702, 0.049904251244747004
-0.075609654209567, 0.090530827479676, -2.149540907666686, -0.059335863163959, 0.78996462510011, 0.04803988693393001
-0.036112609973263, 0.085898408836241, -2.1379948271685874, -0.06138769788281501, 0.79965762226792, 0.051575748026099
-0.055602195916837, 0.098546235287783, -2.2046589572110067, -0.067035093651339, 0.82464742351642, 0.042756827434314006
-0.029639655056932, 0.092239145648664, -2.2588115704642506, -0.06458020095281501, 0.88031118579631, 0.038340828039906
-0.045474131265338, 0.09790461227489601, -2.163389088220188, -0.08064312275413901, 0.92043465909697, 0.03226662490637
-0.07493957888819201, 0.10017495832292, -2.0741711732135206, -0.0806817406372, 0.93241184240038, 0.04602461886737701
-0.12739798700324, 0.09666012028174001, -1.886268085145074, -0.07005823081973901, 0.93433775428555, 0.04735025672654
-0.16610140577337, 0.085232845617112, -1.6622232164828443, -0.07095254137135801, 0.9646839894646, 0.046157962334028003
-0.10640464893812, 0.091089671334627, -1.8890918731377584, -0.09631752000530801, 0.90258789339639, 0.029275694923822003
-0.0084022417796774, 0.09941484196028501, -2.0438223806331814, -0.09721330976834101, 0.77502156815201, 0.046554136421649
-0.0099258030547845, 0.10072671976919, -2.0659790322442166, -0.09090517348452301, 0.76463337815073, 0.039056497345086004
-0.014758886975453002, 0.093726747661918, -1.9219777840154393, -0.10176043382271, 0.77495226435108, 0.045533884255892006
-0.033938782860770005, 0.080715352256141, -1.9617913632335362, -0.10390733107244, 0.77748175588477, 0.031014413110599003
-0.051569307148690006, 0.064590827355504, -1.4506906133527848, -0.11411077388132, 0.84513517338026, 0.043080562613956
-0.023908227132326, 0.068972610323058, -1.5592183689055572, -0.1247005304731, 0.73548713921145, 0.043878208480054005
-0.022759718868764003, 0.07280276649176201, -1.4442426859259438, -0.13307195257613, 0.70680577292906, 0.028764631954756002
0.012299820416246, 0.07854895303254801, -1.4769974028799984, -0.13630235777198, 0.6910682356319, 0.027544847219981003
0.08257344233137401, 0.08174829031807901, -1.5721103615217884, -0.13721286254849, 0.69382371333473, 0.023559854719126003
0.077385194213569, 0.046320500216367, -1.5955728778571552, -0.15233695714931, 0.72686113697079, 0.018891748342076003
0.13293318672928, 0.04849556688149401, -2.094102933778753, -0.19155437670535, 0.64675499244413, 0.028609594232552
0.23476643488753, 0.068821092148869, -2.378456502172363, -0.1775560272133, 0.75271287062141, 0.0053004661326187
0.17732199380826, 0.07409412574039301, -2.447367159577734, -0.18217276669404, 0.81856648407091, 0.0012078864926162
0.1566426045811, 0.051407624211396004, -2.5149859459053414, -0.2198418636089, 0.90801837866839, 0.0068451504076094995
-0.064838816725046, 0.06277278725787401, -2.4456817286594084, -0.28007951320315, 1.0622021985944994, 0.044190908720497
-0.11730393720569, 0.091436943078522, -2.8471338122744716, -0.24234271309559, 1.1324718792451347, 0.031697945177650004
-0.085962155625113, 0.09111165847268901, -3.030849763600174, -0.21957432503282, 1.201602357008796, 0.028176199659318002
-0.05610127609941001, 0.09684033702741601, -2.8118775210672315, -0.19677748078964, 1.1765715106766625, 0.048638206655785006
-0.09344766295049, 0.08554601604445401, -2.810800007169009, -0.18827584550763, 1.1892249200972107, 0.022043842202399
-0.099372832285974, 0.17615004758138, -3.2151891315864516, -0.14027094033918, 1.3685281277162067, 0.16302464649119
-0.14110533014172, 0.18503965018675, -3.121831846906304, -0.1353352744542, 1.3046843054479953, 0.17924625865152
0.057386157227641, 0.16985752682162, -2.876485581652157, -0.13353712958359, 1.2142682192365821, 0.16679242963597
0.09963964441050101, 0.20724878890509, -2.937890328578505, -0.10741887977672, 1.2661445502968236, 0.2086536395503
0.036294611556638004, 0.21030710199142, -3.1613802414504883, -0.017582988528144, 1.2594489476183222, 0.20157593416299
-0.015351539799146002, 0.22036392986405, -3.2401777814722372, -0.04798165618189101, 1.3368168915357201, 0.20773939010525
0.13512095703275, 0.15619471466329, -3.1332155246042164, -0.11166445978389, 1.290902182881879, 0.14391134464361
0.12257951011618, 0.15045492432731, -2.919191774734605, -0.08363875051660001, 1.236813249518924, 0.1394303726476
0.046004903502939, 0.14911744400303, -2.7443090657269997, -0.093437344436002, 1.1854551216700218, 0.12340689796302
0.040479284263367006, 0.13019135568987, -2.5611397938597467, -0.09636721768113901, 1.1746128702007927, 0.10891212069861
0.028453707809419002, 0.12861108792744, -2.3145777084080636, -0.13307321157084, 1.0141169555091174, 0.08133616213113401
0.051712100626287005, 0.11149413411797, -2.2496162377784015, -0.12455569361403, 0.9635784701696, 0.058043190962734005
0.072234509740654, 0.11061659279179, -2.3340301009214426, -0.14479141973571, 0.96407417263741, 0.040346070345999005
0.095596513282878, 0.09283503226964801, -2.373573235693724, -0.14267320894739, 0.90030006210729, 0.027933464833025
0.036416178643282004, 0.087832385472001, -2.153130154173562, -0.14370744461357, 0.92929517267548, 0.033656706547563
0.064424385797325, 0.080111761346649, -2.355009273715023, -0.14638197807256, 0.86738839838842, 0.027238103217459002
0.1081017086346, 0.07404616218186201, -2.2071266500038957, -0.15368720476338, 0.86438772574612, 0.029270152566437002
0.15620871736031, 0.11746451636888999, -2.4561417142578312, -0.17744949151935, 0.87868237761149, 0.11578123159978
0.14582086890199, 0.078180029444121, -2.1774077117908144, -0.18933089446605, 0.77709913300142, 0.13135010962596
0.042926387924884006, 0.12668340694699, -1.7689002172968662, -0.14981387303998, 0.78644052122421, 0.11700596022865
-0.017733140425083, 0.12377201800648, -1.8211915460829604, -0.20033838351227, 0.78593534686663, 0.09444427131682401
0.039269104923206004, 0.09197171575369001, -1.8745165565328523, -0.22158472549349, 0.72632660470481, 0.08707613511562201
0.021904132496368002, 0.059576367820843, -1.8393224777329622, -0.23263515681177, 0.69068686640383, 0.065079870284903
0.040809735181557005, 0.070972398401673, -1.8614233333442873, -0.21189459899995, 0.67078184561407, 0.043611263939933004
0.031867562856116, 0.09800934737039801, -2.048974769360303, -0.18883966365335, 0.65750041391091, 0.017210507390515002
0.037440747536954005, 0.10134630753104, -2.063616001004874, -0.15640615016585, 0.65974718286805, -0.025758903860962003
0.065511608806438, 0.088265463427297, -2.0807038857321625, -0.17440306341031, 0.64963760297168, -0.038702899869514
0.069912268823445, 0.11895759832413, -2.233906957334237, -0.17327972096495, 0.69780911733222, -0.008079661735437199
0.045077848206928006, 0.089870068754046, -2.1417624410031126, -0.22363079590039, 0.72958641148769, 0.0044044993421623
0.037511856695231, 0.066871689190679, -2.1648103447593416, -0.22753011390753, 0.77923859962558, 0.011189853914149001
0.033141675518072004, 0.060329266910586, -2.2058823596085886, -0.23337608311981, 0.76833080690832, 0.008517193524497
0.051968560366972005, 0.060462628702654, -2.2555252834015054, -0.21936497335074, 0.75879363875515, -0.0015612218952912
0.039997956345013005, 0.068234847556649, -2.100266547755771, -0.20161353882517, 0.73183340552374, -0.010701701697822
0.060553486135993005, 0.07796379886900201, -2.1800493380734016, -0.19933719225846, 0.76687823290228, -0.0034295167415625
0.05763535575560601, 0.079286973385306, -2.0378891481240853, -0.20392370839201, 0.78466376729312, -0.0043502469523208
0.003617052956192, 0.080025632710326, -1.8992263054226872, -0.21350621579124, 0.77599357634077, 0.0065918328997912
0.017332886565105, 0.07297592864768601, -1.7367424634498745, -0.21312854379109, 0.76330175791519, 0.006304449458301
-0.0025049269829157, 0.06964869090313401, -1.5988567889995118, -0.21041280167121, 0.75738190057908, 0.0067355331376011
-0.0088341750978693, 0.06586069207325801, -1.5334408697034696, -0.21919171584588, 0.76400847101392, 0.010583569056304
0.083637926055198, 0.063165989960156, -1.6854692888897214, -0.20874109439071, 0.647252311221, 0.011676316986193001
0.060978441127806, 0.06016864671035901, -1.6037933563824704, -0.21296068506508, 0.59779521001398, 0.0044917589945513
0.06223707099043001, 0.066240406381184, -1.6653354500100381, -0.20048504120841, 0.56922527952205, 0.010824889508594001
0.07055702922186101, 0.069648764553425, -1.8997703730549986, -0.193649017917, 0.56348287558818, 0.0067435742538855
0.059465452297071, 0.079602049424525, -2.0365788948181898, -0.17630266110156, 0.60133043810573, 0.0054831209897222
0.032380348251711, 0.08845015753188601, -2.049286831991052, -0.17493563022326, 0.64689576549027, 0.011803481012389
0.06724128825574001, 0.08890058826996801, -2.0509446380128917, -0.15664190231042, 0.58632803782385, 0.012521522003366
0.029929487565333004, 0.081887559641292, -2.0778481813048506, -0.15349870423227, 0.5962047315412, 0.010123862673606
0.0046174068097921996, 0.09560110988947101, -2.1463387732637065, -0.13995235412058, 0.75778844348013, 0.012024069638299
-0.076020224420087, 0.08940785294864001, -1.9813307679309402, -0.15619837915923, 0.86292269940576, 0.03407664454703
-0.024808185375456003, 0.057024344670346006, -1.996494935026911, -0.19438122787274, 0.78763239185539, 0.022100549504068003
0.032290297117559, 0.063365171235622, -2.0196540714825457, -0.18972323921677, 0.68694905191452, 0.029721040466696002
0.019879276094143, 0.070566037173567, -2.2689558795924127, -0.19602073147082, 0.82323497633668, 0.027378639966141004
-0.015430868826596, 0.061066577346823005, -2.0125934322944388, -0.2327696413995, 0.82169452529775, 0.032672456195421
0.0099528146214782, 0.09517536524647201, -1.9077844778830335, -0.17319834206307, 0.79128114279361, 0.033499859850573
0.042429143283575006, 0.10958258703814, -2.0422196067536342, -0.1845973560967, 0.74318004344953, 0.032394627869467
0.019123645417024, 0.08945547971736001, -1.9526126046862262, -0.18410956769322, 0.74462128561486, 0.032988663523860005
0.039763044507030006, 0.072235466229706, -1.9244231525505389, -0.19202576444656, 0.74944530042519, 0.026175825840363
0.0056955189835036, 0.079076370886728, -1.602056735213854, -0.17498414915531, 0.77786176422654, 0.03855306927741
-0.010774611296352, 0.083919005348563, -1.5669033778585733, -0.18801203156807, 0.73055513521793, 0.031543448623855004
0.038489768434367, 0.074682354132765, -1.762460092406456, -0.18995053064712, 0.61662269779046, 0.033572912413864
0.032393125106297, 0.065107231329545, -1.8153630462509251, -0.18561725657465, 0.59835892937674, 0.028913203556902002
0.037440744360410005, 0.060775815189019006, -1.7457751190827955, -0.18010146858516, 0.6080061709482, 0.039947472690111
0.0034220189554005, 0.056297495989053, -1.6757306458410688, -0.18464989074657, 0.60136599766248, 0.038407994941594005
0.032337925390214003, 0.06820896618736601, -1.9412652345882466, -0.16885146723836, 0.55869055432154, 0.045384803689195
0.021861503997243, 0.08437970630826801, -2.049193321771435, -0.15301954533864, 0.59683030029763, 0.04050854948508
0.012176593908690001, 0.09842455704210701, -2.0396740147867614, -0.14260863803902, 0.70395809417522, 0.04709407327163
0.0018102155515978, 0.082342690041069, -1.9446638017473448, -0.1706654884913, 0.72360990760758, 0.05844145897799401
-0.0066512959046153, 0.07599480685107, -2.022650330369064, -0.17156024099087, 0.68812247502799, 0.052587825494347006
-0.0056721243715561, 0.08370189218036, -2.10679799293883, -0.174211684025, 0.74232573578465, 0.060935374487297
-0.008118391738819, 0.08249959650343801, -1.927381069765025, -0.17328715430622, 0.74296704438144, 0.058301161342319004
0.024227379872003, 0.086376923855826, -2.031086516028525, -0.16765343522844, 0.70377434982674, 0.051415905824731004
0.008367218338118999, 0.09498693664952401, -1.9331586006683894, -0.16099310336164, 0.67341564345604, 0.06135090417394601
-0.017498778224053, 0.08693003051019, -1.7702106587276736, -0.16613823855235, 0.68497358195591, 0.053828275973424
-0.040298409595562, 0.07412711182729201, -1.4774135192997653, -0.16757825735378, 0.7263797073874, 0.053250436541801005
-0.016682095717247002, 0.062909406679341, -1.80270755312296, -0.17191247317396, 0.65012126592007, 0.040422207575749006
0.056378864567955, 0.067371688968431, -1.8386306311306109, -0.15852501551342, 0.62639057144311, 0.035911810948541005
0.022032476838891, 0.077266834694952, -1.7839604482652638, -0.15523309365475, 0.63839107500066, 0.045275879434656004
0.029720743684108004, 0.09153562933083301, -1.7355531251974556, -0.13978273757028, 0.61558217966738, 0.0461468872709
0.018113599521066, 0.09570542563334401, -1.6996088144474397, -0.12171313332292, 0.60804005452393, 0.053314563949985
0.0046145446722571, 0.099090766759169, -1.5682991481794981, -0.13515075418169, 0.64150448243039, 0.059597366522070004
0.05031110975019901, 0.09627837220227901, -1.9379314308868816, -0.1441082421566, 0.61921961104478, 0.06668604256727301
