the brain
0.0, 0.0, 0.0, 0.0, 0.0, 0.0
-0.0016818469755632, 0.0005364962681229, -0.0015834783898220999, -0.005780004120841, -0.009004273195824199, -0.0008190888513882
-0.016252966710605003, 0.0046803201694994, 0.020420472920976002, -0.020624189981878, -0.0031150510404577, 0.0042745065169627
-0.017055967954903002, 0.00045390945899849997, 0.021361937390393, -0.017358846608556, -0.017478024194826, 0.0055060816386636
0.022760306679482003, -0.013967970482709001, -0.11950691541134, -0.016982598326787002, -7.3869365625e-05, 0.0064566105895712995
0.010642353752602, -0.0084026363532086, -0.051016570859292, -0.016500127693875002, 0.026059650561078004, 0.0019611399354407
0.031254673390064006, -0.0079128338701268, -0.058159527584921, -0.0031163433350923, 0.00660561039724, 0.002751265460873
-2.1971846127999998e-05, -0.0010961463373856, -0.05812819385188601, -0.0042757665282399, -0.020356285589605002, 0.0094057194042344
-0.10451354918812, 0.018750160901004002, 0.11466660499132, -0.007778629123359099, -0.039384997306308005, 0.039249078842085006
-0.44149697825839, 0.022319412361079, 0.43876317135539, -0.13308394244682, -0.27527733444778, 0.028699376513679
-0.48212131867838, 0.050274368528912004, 0.45685604568531, -0.16679011546916, -0.16700359019328, -0.027416747836959004
-0.11232692606114, 0.066500806912173, 0.09831796244281, -0.26950631083983, -0.0025441846012668, -0.09408939942933
0.065670843290144, 0.055034549359017006, -0.23260674077129, -0.22832499136548, 0.092724038545545, -0.13480309228242
0.06909538816230901, 0.027331139309448003, -0.31861364927762, 0.019879898589665, 0.12712669280878, 0.06038143692256501
-0.10690277824055, 0.07983013534217101, -0.13235948752541, -0.073342643997185, -0.00038024109390939997, 0.16943125670961
-0.21403484530573, 0.07884280281603301, 0.12718786532636, -0.23068941739061, -0.06307453974694001, 0.11000062707482
-0.45241821787279, 0.044094804498937004, 0.52089125702433, -0.22808383620733, 0.007039550662476, 0.054744278419684
-0.55455274077753, -0.025797019762438003, 0.68350064696254, -0.26884615662586, -0.014001574739551001, 0.018558472620727
-0.035805819751596, -0.037251839099696, 0.23376326291889, -0.2662201856567, -0.03195626114034, -0.031849223205629
0.057583733451964006, -0.029418840084986003, -0.32970945168826, -0.27735917594165, -0.0016293752019724, -0.079846683253184
0.08615560146858, -0.0098417256938959, -0.69295713653167, -0.10666222420125, 0.010961431632616, -0.036977976410234
0.27659962949453, 0.000738140467551, -0.71401823153719, 0.012931104789106002, 0.015858933605304, 0.042901602451574004
0.14750526653499, 0.19736600811104, -0.46392334575619, -0.27958413778467, 0.0084021775252865, 0.019758226852281003
0.067847282536072, 0.45342401908429, -0.53339692398009, -0.47323503927423, -0.030687059054853003, -0.025985105378843004
0.1421294283254, 0.57002719952989, -0.58751771494095, -0.42091910116381, -0.033422737073847006, -0.016911998126878002
0.16466577724303, 0.62947345713417, -0.71509796098159, -0.43056707605848, -0.022138628577403, -0.015691758327086
0.13781243450813, 0.65302057293285, -0.5526976926864, -0.4270435029194, -0.0021216999815906, -0.037064270955892
0.15291294157926, 0.5935539629639, -0.5021947407633, -0.41387650478613, -0.035461097784853006, -0.033331889137677005
0.05036530763055801, 0.35777864907987, -0.22790248282722, -0.37841347876306, 0.010851591975230002, -0.062876646599345
-0.023845355609747, 0.17127464009749999, -0.22658522570855, -0.22452884806172, 0.021784135089587, -0.07345268420259
0.047269237115417, -0.011312748330261, -0.28961435037612, -0.20720451831644, 0.040069486475208006, -0.077498467888906
0.099658154650617, -0.18888610535796, -0.24004515560096, -0.21426946921369, 0.015900786805567002, -0.0540535833674
0.12826958942091, -0.2835985704492, -0.25321158367622, -0.23289937003194, 0.013704518641945001, -0.06141503269236501
0.13877651151741, -0.36051514089022, -0.22931058113811, -0.20251815666542, 0.0069227834205485995, -0.046580938645715005
0.12040541270774, -0.40147568811637, -0.1383850019073, -0.18833583372103, 0.023133423636143003, -0.036588686038709003
0.1603655098804, -0.40808965109198, -0.19877520007635, -0.17623720249546, 0.017918724403342003, -0.037447026692829004
0.15724508188881, -0.37920649834389, -0.22150028717621, -0.16526477069005, 0.021565699874764, -0.044822181232838
0.15806486216833, -0.2633617972023, -0.27654500910793, -0.23761359012218, -0.0088944676484395, -0.05488717341818
0.11208978439985, -0.16378531792888, -0.27660004770399, -0.20907212486716, -0.0032031833874593, -0.051666579793462
0.060773958644468, 0.0038510262340001, -0.237888926777, -0.28019564610689, -0.011592242051579, -0.039342368476713005
0.028003320716215002, 0.12846523944976, -0.20022086629731, -0.24385201708136, -0.015314922148565, -0.0041201262380171
-0.11025068131073, 0.14535179403689, -0.054033107175574004, -0.17879876085825, -0.046616864319350006, 0.0012501106579364
-0.23472183512174, 0.10323032259615, 0.22458092395689, -0.2961218294998, -0.056726176495977006, -0.05324656930512801
-0.20029436621141, 0.08284022833127401, 0.17219546839253, -0.31620557280287, -0.042994420991616, -0.11052061062662
-0.17712077749593, 0.015526936923459002, 0.13043907699105, -0.34445122869414, -0.07854375368881501, -0.10412294149852
-0.12087976841372, 0.029964566236409, 0.22689922086101, -0.30553922852282, -0.030171181673172003, -0.11228343142651
0.10405129852754, 0.07559089328532101, -0.031737362473191005, -0.27165315979202, 0.072628794369975, -0.09565448046520401
0.11334898226565, 0.05286630389751001, -0.21299476612095, -0.2578015108181, 0.19873245532199, -0.055212836009878
0.24571172359405, 0.056203280115311005, -0.23583443661003, -0.24467227248438, 0.17593254765162, -0.037972409180394004
0.26113046827794, 0.052143754926327, -0.14607601736348, -0.25219924596839, 0.23516967927461999, -0.030742406432469
0.23869542705825, 0.080985132596015, -0.08801824440268001, -0.27883277277585, 0.26697884620759, -0.041119561891925005
-0.033829538305745005, 0.04372635908083, 0.26214065002945, -0.26137970489526, 0.080827757555369, -0.08683697856706701
-0.24105551378725, 0.034413437991367, 0.37311568636948, -0.25400821865491, 0.0052906697889968, -0.10037753260861
-0.1946041452898, 0.046448402298421, 0.40135639293011, -0.2643294894792, 0.010028262412814001, -0.10094337289368
0.036550066210548, 0.057782860552174006, 0.29445671136148, -0.27161146417852, 0.15534807192773, -0.10686101264817
0.1546523626164, 0.039450778573557006, -0.035037682171350004, -0.24100707057109, 0.17922619465629, -0.05831111013430101
0.17389512431674, 0.038913085369439, -0.025132095181665003, -0.23629403857774, 0.19146604552836, -0.05655239375222
0.22544418148667, 0.070475450131744, -0.052818202936805, -0.22966314293019, 0.21383062148384, -0.08587907603023301
-0.008295315186353699, 0.062556921727953, 0.17890293039205, -0.2412154624644, 0.16969158339063, -0.11389447995653
-0.13804336913288, 0.07749401528774001, 0.31877329212843, -0.22767689655311, -0.0019070505414176, -0.13040945416344
-0.2247767358194, 0.11928615249015, 0.36786991901897, -0.28430410780068, -0.1165750781572, -0.079219950450459
-0.22257408794548, 0.16174122532084, 0.30954391962499, -0.5860570457033, -0.10010558508213, 0.003261224574415
-0.13102990759929, 0.20375362654361, 0.09715159948141101, -0.64106533025103, -0.041692626273617, 0.012864861029643002
0.001382832913714, 0.1319050278644, -0.15987376705329, -0.49303716348395, 0.057287996984377004, -0.031755568574949
0.12244393548478, 0.05487277541189801, -0.1544364795486, -0.14098508624986, 0.041142961918364, -0.14963891274846
0.020557007708894, -0.015864912625662, -0.081563356616174, 0.22926783719797, 0.01025144211943, -0.15472825429628
-0.13886184282762, 0.0023295622430597, 0.1084269318078, 0.2316062082186, -0.026415766658182002, -0.10271872207969
-0.22052851757691, 0.076024899592166, 0.23804339632988, -0.086008631770997, -0.10488768126572, -0.081464107015081
-0.20262339566982, 0.21236027475218, 0.11204832099166, -0.37248276037981, -0.09078751974044401, -0.031429945112011005
-0.08307458203248301, 0.2709179560847, -0.0056302074881675, -0.47875117414308, -0.043321623243245004, 0.02292180511301
-0.05916268637102701, 0.37396710569451, -0.13524044102824, -0.56616118123404, -0.0060183385013879, 0.034129664883039
-0.019495742650957, 0.44080967340813, -0.15228852718854, -0.58025273033725, -0.0011079440098038, 0.020239122819321
0.0014355821907885, 0.48599053877574, -0.1460971219543, -0.60609400541582, -0.0023445883774161, -0.012127533686367
0.044927129010826, 0.44138931179303, -0.12277459574838, -0.5612417558546, -0.021250178199296, -0.02435369185691
-0.022607557822454, 0.26801385984222, 0.019763382898752003, -0.48513952440363, -0.022255929776802002, -0.11707894348366
-0.0085478180758766, 0.11657592730671, -0.11643742342176, -0.28908423622989, -0.01129335224523, -0.21116673548831
0.025855708762199003, -0.016156248214938003, -0.10857090789603, -0.10692355608846, -0.038701576722743006, -0.22267668794378
0.015769364170406003, -0.10805275936989, -0.093958704814736, -0.018783571457567, -0.041389272077208, -0.23424045649509
0.12140261665325, -0.19535796039141, -0.0073572982487694, -0.0087255417577991, -0.044937126263246, -0.26182601848558
0.16262233276036, -0.18143221715654, -0.1101124088991, 0.019855497181179002, -0.026525794285984002, -0.278390112991
0.11827501811697, -0.14355740472734, -0.095822936689945, -0.13807761613486, -0.029242638096831003, -0.25065740884639
0.07235363439495701, -0.038655080058500005, -0.073701550857066, -0.3543890246846, -0.010986551179330001, -0.18419076948121
0.05194520494549001, 0.039926741767265, -0.1653791063855, -0.49688013878566, -0.044313457135228, -0.12623147702132
0.10052088969325, 0.14706658668334, -0.2140485796873, -0.5720356666993, -0.033145419942079, -0.07370869987985601
0.08209092257374001, 0.18298019726011, -0.37229758465018997, -0.62616017348383, -0.010501577194972, -0.011547441880914
0.065559993240594, 0.22180010952363, -0.25261142154609, -0.67183401464828, 0.0025553749910886, 0.020055278956375003
0.07621896230199, 0.24553407188948, -0.28522987036012, -0.69477968530635, -0.0017397973609173, 0.025426863698971004
0.11171903273096, 0.22282087162782, -0.30628183434391, -0.677510360562, -0.0071258294642144995, 0.021794152645746002
0.10410295990829, 0.1802721457924, -0.19725111487249, -0.54632323430014, 0.014086079532238002, -0.034114132059849006
0.029570795030891002, 0.11748738777913, -0.2718551223241, -0.37529619224651, -0.027194217669420002, -0.084001418707333
0.030565744378115003, 0.06322030198895401, -0.197305610914, -0.25916659628756, -0.0048094025448258, -0.11114431935939
0.04406668543262501, 0.035846038708440005, -0.17632379796693, -0.079046750894373, -0.0004976035923142, -0.12407420087319
0.051476009870618004, -0.023116838778027, -0.13975428337422, 0.031617976824643006, 0.0031421945685222, -0.1428000705243
0.09079489045736601, -0.1421946542517, -0.045663185546570007, 0.08351783874396, 0.0077988006981933, -0.13780500506741
0.12515932275236, -0.21977644955464, -0.10459929537182, 0.057485794749767005, 0.029010751189498002, -0.14977816350447
0.10491004986767, -0.31982220927779, -0.11520755362417, -0.030631366578115004, 0.054179603479894006, -0.16699731847486
0.08913475020283601, -0.3151616246332, 0.0048707185665335, -0.024341568615795003, 0.038512649202689, -0.17886617792037
0.15728863876437, -0.1553542831753, -0.06117034050280001, -0.1079705413818, 0.034218441096192, -0.17713309786345
0.17413538741246, 0.15643598098904, -0.22931484753711, -0.24307900059457999, 0.057612904032654004, -0.15258550420968
0.17185862580205, 0.35171760025377, -0.31523785788898, -0.30578733314885, 0.04870792938698, -0.12013005119992
0.23552047711028, 0.48706535123054, -0.46327190085648, -0.31347456028729, 0.077075741470312, -0.06379749547191
0.2414560209165, 0.57679144745646, -0.37591672236026, -0.29698122478780997, 0.09948394380142701, -0.025218593221639003
0.26079272629574, 0.51123070676603, -0.36376964577876, -0.31279433052512, 0.14275104721243, -0.036943564195464004
0.23585732317819, 0.38980142936246, -0.31534329691107, -0.33973806306111, 0.11935218005703, -0.16125100714076
-0.040716591650889006, 0.22626383398177, 0.050826927437245005, -0.27211289424995, 0.051150680676398004, -0.30487579382302
-0.09202778062943301, 0.12760076708188, 0.18247056319298, -0.19079413301599, 0.0014741350448031, -0.38279826880015
-0.045430850604070004, 0.031033184283433, 0.35400045761091997, -0.19525087492283, 0.0010756258691556, -0.40417817894875
-0.08131854175054101, -0.010603221737400002, 0.48797408893469, -0.16499853120638, 0.023967880933970002, -0.41245177842649
-0.18394257367825, 0.0056674394462222, 0.69265257038577, -0.15747664158023, 0.048373023234673004, -0.39375184045867
0.040020214984137006, 0.024824271892615, 0.35105333519741, -0.22915998308165, 0.05075283966689301, -0.3408677791281
0.1278431600925, 0.059624423817522004, 0.11183371665271, -0.26726916195499, 0.077379742705264, -0.26133117187603
0.11975646980947, 0.069958085381671, 0.018327382685008, -0.27282308509142, 0.085483224386244, -0.1999201211716
0.15663019358743, 0.09877717194126301, -0.013971953215758, -0.23509777003539, 0.019985377902092, -0.19037807379361
0.21724649768252, 0.09571549533420401, -0.10657529139484, -0.23835697819505, 0.04169527444325501, -0.18477389835692
0.1978234970976, 0.08816787413212601, -0.044804048490151, -0.24188442578948, 0.080621742805113, -0.18520973895266
0.17346767154198, 0.086834484589521, 0.026273481364578, -0.23413793194258, 0.07761959040647101, -0.18250502326554
0.14639930879571, 0.097638797233525, 0.0027385027017974, -0.23054508518146, 0.08880216360778301, -0.17615546269908
0.11846222427286, 0.09497701418899, 0.09015611364817801, -0.24098555172274, 0.09074154320791601, -0.17308818858806
0.14444412064624, 0.095800541963533, 0.08546862354391001, -0.24359579757956, 0.070237356815078, -0.17002218041511
0.13609051148253, 0.10280801085623, 0.05457345216072101, -0.25088749411057, 0.063674267777851, -0.16708400066908
0.12381769417493, 0.1006076310234, 0.0465788025567, -0.27335660885228, 0.048987809413182, -0.15995849053652
0.16004401969436, 0.10764432061442, 0.036124824977079, -0.27391320855404, 0.06529592791179001, -0.15150419578082
0.13667144885072, 0.12121441938018, 0.07721823112810401, -0.24775100200204, 0.070014011780318, -0.14016593604102
0.18554839663867, 0.14592739146679, 0.016830497376762, -0.23658684024177, 0.076326988972807, -0.15102898481115
0.18666078283485, 0.15888887249528, 0.0076688123927738, -0.2322264293252, 0.066534258493254, -0.14435349534426
0.18681339971518, 0.14665363134694, -0.016797875937439, -0.24994155512863, 0.053813907690818, -0.14147128329396
0.1899121006349, 0.13315803752987, 0.040085622125997006, -0.27546913877247, 0.045369962255737, -0.13939208686289
0.16550733139119, 0.11683311682952, 0.026459986733617002, -0.27212871846034, 0.06756872110786001, -0.13455905663566
0.17615469287499, 0.13596623137687, 0.07257978128787501, -0.25468448053151, 0.06764450210632901, -0.13470758828041
0.18418717403709, 0.14180505001936, 0.048676971135624005, -0.24636274301198, 0.069495557621726, -0.14112698357081
0.1806205545846, 0.14131274677733, 0.025715929762045002, -0.25082014434062, 0.059192478670872004, -0.14030462174325
0.14977773278723, 0.1386590344936, 0.043214576366098004, -0.25448547693227, 0.045125358184994004, -0.14017259034586
0.13922419996188, 0.1265293710984, 0.12461394582436, -0.26132154880637, 0.038276265184931005, -0.13966387928907
0.15607771728653, 0.14083949054614, 0.026782919449156003, -0.25113612770544, 0.062476478101319004, -0.14755412805548
0.12477471822544, 0.13491950121357, 0.09219994048874901, -0.25131558360756, 0.06715360172659801, -0.15043190253989
0.14951582490324, 0.13825287009186, 0.08285798847923401, -0.24769902440702, 0.07675394658011, -0.14885503776519
0.13626086677082, 0.13842759209535, 0.066037986609788, -0.26295265957832, 0.06397613715851301, -0.15223468467373
0.11954566319838, 0.13368726541561, 0.08596415821377601, -0.26544487338157, 0.047991659561482006, -0.15374230279106
0.13008873946444, 0.13097805269221, 0.08185870841374701, -0.26624726657136, 0.05841537735712501, -0.14770833696569
0.11341594012494, 0.1286709488365, 0.079518096220463, -0.25505215859563, 0.08678900542562501, -0.14264442173808
0.10920614503588, 0.12842413475586, 0.09890675761708101, -0.26374382158544, 0.07857089402985401, -0.13951700483199
0.1160543887333, 0.13481656771216, 0.070003342290263, -0.27176849951668, 0.057421313029233007, -0.14264654531499
0.09638680390470301, 0.14439739442611, 0.055091073693708005, -0.27238649182486, 0.035254324416312, -0.13999949294126
0.082646884731432, 0.15072176062511, 0.099468504748164, -0.26006336494265, 0.047093394462190005, -0.14010806069445
0.084282623400753, 0.15529686665853, 0.013517490103928002, -0.25066450187879, 0.061225697024332004, -0.13938999870043
0.072872403047596, 0.15445475440563, 0.12795224904737, -0.25664604236888, 0.08376493992547501, -0.13988447358369
0.07733760259030101, 0.15828427320519, 0.10397013368504, -0.24549961612057, 0.07528069556980001, -0.14129108368889
0.066923598107767, 0.15160967965121, 0.08757364234906401, -0.24089149107083, 0.046836025047979006, -0.13547575572827
0.065448886744101, 0.14378502234704, 0.15715221594589, -0.25211060082008, 0.05648714565478401, -0.13639379060421
0.075500194950021, 0.16301130212037, 0.017378219606743, -0.23760891173098, 0.06703474478369001, -0.13673600159454
0.051248444261896, 0.14523740600269, 0.1053772823611, -0.24130831800932, 0.07268437411592901, -0.13358771725238
0.07069022405014, 0.15016219658544, 0.07938386061002001, -0.24218537708637, 0.066840968186028, -0.13045795689213
0.06446904411984, 0.14599428675293, 0.085931464909842, -0.24553555538516, 0.056404596112632, -0.13230400005656
0.062920678697314, 0.14611050463347, 0.10048579943139, -0.2577878459696, 0.059238816704012, -0.12911411170351
0.059881526192788005, 0.14750108931625, 0.048114114127527, -0.25456865971655, 0.063821557848592, -0.12803353198013
0.049889780241747006, 0.14878317034177, 0.12596597745729, -0.24504897249357, 0.08237378849620801, -0.13004794900267
0.071634313398759, 0.14994270843635, 0.08504584291870501, -0.24465035471226, 0.07361864522927, -0.13067146985466999
0.066173864763481, 0.1493592266412, 0.08034634768157001, -0.24641762702616, 0.056053842860933005, -0.13240869820414
0.052993851335856004, 0.1490405941184, 0.08550039604338501, -0.25749739369262, 0.04120324051443, -0.12781207542421
0.055343670352695, 0.1503818949325, 0.11729444968672, -0.25317681177637, 0.037709631058071, -0.13184746014035
0.04942226831476, 0.17148351534939, 0.061665413967896, -0.20275718917596, 0.071158988213303, -0.12436552217402
0.042088030844941005, 0.14466768523275, 0.11653049666255, -0.24805646318739, 0.06817306674397501, -0.13658035922807
0.043952197994019004, 0.14322098057765, 0.10744911994722, -0.24412370243652, 0.06514704667851301, -0.13001537393455
0.054141742911499, 0.14342602270664, 0.07166983758716701, -0.23754908560356, 0.042470921366691006, -0.13772237238808
0.039062730485886, 0.14393991296109, 0.08484283984731901, -0.25399610287928, 0.026742718210859003, -0.13333391126847
0.061354762149574006, 0.15562777650131, 0.034711575915309004, -0.22788525588457, 0.053359739128378006, -0.13184487106367
0.046255372255098, 0.14717147271072, 0.099052736097316, -0.22457506649559, 0.05730324593911101, -0.12774395233948
0.050280753591704, 0.13980325123749, 0.11026688324302, -0.23470286336968, 0.049713148558596, -0.13243549850756
0.056979923928158004, 0.14305576160303, 0.09184172046355901, -0.23872292528278, 0.042976506029693, -0.13305569162292
0.028916298755046, 0.14877446771774, 0.094474458903868, -0.25201362485844, 0.031778955684386004, -0.13405454177782
0.039431503686869006, 0.14124238983594, 0.11232675985897, -0.2408939497956, 0.034296538164965, -0.13492837100213
0.072004222288458, 0.15079235994069, 0.048075161232134005, -0.22982634683297, 0.040627425766221005, -0.13505042929907
0.054737262266404005, 0.14019942429239, 0.09485206011994, -0.24408626370586, 0.039023160925903, -0.13921731936436
0.074767307068382, 0.14605751138812, 0.084818158281436, -0.24342365581558, 0.041155218805164005, -0.14073585643388
0.028807330671822003, 0.14700435952412, 0.072158394356614, -0.23267949864246, 0.022912417807033, -0.13543161121818
0.049698947589651, 0.1397645344551, 0.13044466350076, -0.2440246681006, 0.0047910746815257995, -0.13725260655874
0.06405383660686001, 0.1475313321713, 0.0034540524372677, -0.23412354952051, 0.038062942268209006, -0.13983643029149
0.054956136659842, 0.14344612388852, 0.08360150332338401, -0.23470664284198, 0.036236899635162, -0.13499028462895
0.064628376202568, 0.14248546572296, 0.059377826452802006, -0.24003476943926, 0.037699146387036, -0.13438273774944
0.06431582781463101, 0.14344882994779, 0.044228024955821, -0.22870839596998, 0.030101231447582002, -0.13205844323515
0.034618839938743005, 0.14886035772029, 0.08955898928413401, -0.24010526189167, 0.026185616350784, -0.1277870190186
0.071952098654517, 0.1463074121523, -0.012998084829482, -0.25345838986103, 0.029671892995038, -0.12696594160053
0.046073309882464004, 0.14827294311875, 0.040275785592267, -0.23865398915212, 0.057823256571917, -0.12009775412182
0.091504015321548, 0.14879600361111, 0.026831640540306, -0.22486210613028, 0.06828684359098601, -0.12769750047887
0.083524168789364, 0.14472642549795, 0.053355928286997006, -0.23441446969769, 0.042972656678214004, -0.13473631717169
0.044036705522383, 0.14489852403551, 0.12629084925418, -0.23755125061218, 0.049042600410112006, -0.1299089717011
0.06924347208258101, 0.1511453928505, 0.11112353638457, -0.23793304805811, 0.025412137051118004, -0.13045395236858
0.09914444445447801, 0.1546518780512, 0.040044827833047004, -0.22106436054116, 0.0329926890682, -0.13248638016697
0.082742745744681, 0.14771394608967, 0.068344444201703, -0.23155521467534, 0.031691373057779006, -0.13378833295661
0.09558180232624701, 0.15285260150565, 0.08379826551109801, -0.2267377251213, 0.017255193070745002, -0.14205736170753
0.061738612871662005, 0.16139417232514, 0.09852514385071201, -0.24248547916948, 0.023282052096225, -0.14173453881675
0.058005474282142006, 0.15507414058587, 0.11892316557418, -0.23784875671575, 0.0052217003453642, -0.14082905271524
0.09637944254563101, 0.15690018696141, 0.057905426580069, -0.22728466265793, 0.026506777291333, -0.13990928635623
0.08643744599952301, 0.15033967333582, 0.097881252199865, -0.23634520249699, 0.021781986541125002, -0.14138303650838
0.076632472761908, 0.14827169199639, 0.099983746989856, -0.23114571444607, 0.017884145945091003, -0.14016042085968
0.06903423528982901, 0.15212738352215, 0.092579429730023, -0.23104822983746, 0.0082716591331989, -0.14035633738968
0.05388960486953501, 0.1532023714877, 0.16341950135879, -0.23017388067452, -0.013547518994093, -0.13905052623629
0.06504439210341101, 0.1526703853458, 0.0073681785869448, -0.22359121495121, 0.0021079058425307, -0.14025182591543
0.067539657643942, 0.15473935236341, 0.09759213438844001, -0.23795319793256, 0.019199637005385, -0.14249653666819
0.070828242937868, 0.15517470946012, 0.079671093848659, -0.23028255750428, 0.023268233646119, -0.14566103099321
0.07109981430066001, 0.15434496872604, 0.08490891191026101, -0.22875072096102, 0.0089348802962903, -0.14606400544315
0.028609402624671, 0.15174262062179, 0.11016628090818, -0.23250474188783, -0.0020914147073683, -0.14012121722333
0.08105047613730801, 0.15649521786118, 0.047984319243218006, -0.23454948045755, -0.0029634618493975, -0.14522006494188
0.045612541281155, 0.15151980741067, 0.079078117691358, -0.2320333702677, 0.023886727982018, -0.14196071676607
0.080651759968177, 0.15167945966284, 0.10579585676936, -0.23760267757029999, 0.014266850170856, -0.14734679733567
0.06884368077298901, 0.15571480849229, 0.081355037414871, -0.23308198961947, 0.0098444305083521, -0.15140606445908
0.076764874691311, 0.15219973153866, 0.10895528953652, -0.23355263700796, -0.0054923526699831, -0.14435082553668
0.07012140661093101, 0.15093962803784, 0.12509066001216, -0.2397499463438, -0.013073483572366, -0.14709494868041
0.066226480201276, 0.14996359219482, 0.077394686595415, -0.23621682662799, -0.0031186551970282, -0.1495045514019
0.06891535821986701, 0.15050645324928, 0.11774299189419, -0.24211298572964, 0.013116698202573001, -0.14916367434805
0.071698043892664, 0.15375501066689, 0.10685050942697, -0.24585914836466, 0.0032630438637059, -0.15165382669438
0.074484992692881, 0.16009073838342, 0.10660271869849999, -0.24830253169173, 0.0041525389404295995, -0.14911130052834
0.042486971746811, 0.1573756827104, 0.14406408225712, -0.2574938417414, -0.0064201925567687, -0.14803927690477
0.083197682003531, 0.15377996265068, 0.10956197957858, -0.25246916414317, -0.0034752036950791, -0.15213267431212
0.06781797262320101, 0.14264520127311, 0.09908567642453701, -0.23489612307705, 0.0004223361566203, -0.14448870839207
0.091125948935473, 0.1519432257931, 0.058242164026420004, -0.24813104248806, 0.0020645531236169, -0.14896572749138
0.09577802068919701, 0.15647707375112, 0.067439585827107, -0.2453797858194, -0.0076431914485163, -0.15267377542201999
0.083730467936401, 0.15783212487632, 0.078515836088903, -0.26244322813081, -0.010669091895013002, -0.14976952174155
0.09795908355315101, 0.15366806199879, 0.10341251215943, -0.25250998412726, -0.015301384787041001, -0.14595399499569
0.10149042566256, 0.150206431973, 0.061818963410132, -0.24465339700995, 0.015953031702451, -0.14161487295656
0.08542344058225801, 0.14961758171832, 0.08457945399811101, -0.2532800369728, 0.010807845292600001, -0.1466370162401
0.092657035877151, 0.15479475700358, 0.059245511548666, -0.24064264649962, 0.0051526275545589, -0.14574541567955
0.09882572519802, 0.15916671007973, 0.06938662345973401, -0.24420706835328, -0.0004534485116497, -0.14636962661589
0.098353000082984, 0.15823400426781, 0.08596672135578101, -0.25654822181681, 0.0035101343106975, -0.14753750069932
0.10632380022347, 0.15429854873384, 0.043159714388394006, -0.24698689708304, 0.020655477692670003, -0.14657868183607
0.072123099019024, 0.15530104150109, 0.09039145728637, -0.25054501495643, 0.025970887861206, -0.14471442331408
0.093549344104788, 0.15979463172506, 0.067441710487363, -0.24511520075779, 0.0070570166154625994, -0.14666590858951
0.08145382859866, 0.16139350595929, 0.062706758162026, -0.24371452730696, -0.0055794169671953995, -0.14697880231707
0.07598759693422401, 0.16581378840398, 0.13135186739557, -0.24995484003654, -0.0067296776969759, -0.14324996160738
0.086018767622455, 0.16185142945284, -0.011175082927570001, -0.25278547195281, 0.019510103103995, -0.1388298578654
0.070377350650109, 0.16267138325061, 0.047939835019843, -0.24937294685036, 0.028956840914669, -0.13907383011356
0.08565161260328201, 0.16789695740397, 0.02966630043868, -0.2445147313511, 0.015559288458116001, -0.14273819983245
0.07236922897221801, 0.16137757431516, 0.059852569721706, -0.24456150389769, 0.0011577673775131, -0.14288591031367
0.06929390739065601, 0.16650327476321, 0.10653924254552, -0.24919755262514, -0.0064104659769579995, -0.14482237177522
0.07587713755797601, 0.16896107464959, -0.03397151153845, -0.24356757676527, 0.0084049493382159, -0.14694709720534
0.067166613454833, 0.15894458676408, 0.054891970175138007, -0.24327980862655, 0.013356141730113002, -0.14507112518104
0.08044906868838901, 0.15923953072562, 0.045454327972495004, -0.24596662996203, 0.0044775937766677, -0.14539426455871
0.063866561895799, 0.15448401507123, 0.048142803346602, -0.23660919563283, -0.0080018920554971, -0.14200733627077
0.048536783646726006, 0.15230611189985, 0.10604873128084, -0.24586572520711, -0.013216579966285, -0.14426684346138
0.080237687950238, 0.16436758069438, -0.015838544338875, -0.23902599800428, 0.0059359083611415, -0.1473610895302
0.06510618845838101, 0.15698578453908, 0.06341483537810101, -0.24059195258579, 0.013180865371506001, -0.14585744796541
0.08655396920547001, 0.15100492805794, 0.052591918629448, -0.24917836964696, 0.013350971681196, -0.14291142189313
0.07314868134964801, 0.15324014937207, 0.06182395489331301, -0.24552042378594, 0.0077877616037803, -0.1451525477966
0.055871909018645007, 0.15502712488481, 0.080792670425631, -0.24630296309602, -0.0036229537166602, -0.14260212457376
0.062855844890793, 0.15678490262164, 0.013968573436778, -0.24665766395506, 0.010477050525990001, -0.14084107094998
0.051899348336785, 0.1521597001012, 0.038091809799185, -0.23341750764555, 0.01041733252898, -0.14039613834318
0.080504550644569, 0.14946027505578, 0.052604615057668, -0.23383075604692, 0.0061303137783189, -0.14819529132908
0.09735596398275301, 0.15923560692631, 0.057174627460076004, -0.23516244953151, -0.0035955716422375, -0.15304186237957
0.07854540152393001, 0.1673275628941, 0.029365459260585, -0.240101154036, 0.046275640204388006, -0.14833676965878
0.08834826726400101, 0.15655405604678, 0.063405060441326, -0.23124266413311, 0.014384573242988, -0.14343312812056
0.07257799062921101, 0.15336471919616, 0.04498765861194701, -0.24158363682004, 0.0098109791128609, -0.14330121558024
0.09138413400616201, 0.1580414166127, 0.060229085973385006, -0.24094825953557, -0.0029420732045478, -0.14693522444211
0.09782350597745801, 0.16041245223919, 0.0068795170469326, -0.21393834305109, 0.092889451418355, -0.14679760689855
0.09768779584560101, 0.16439001929621, 0.046325625373009, -0.23748532112298, -0.00166234676485, -0.149220587188
0.095864891707855, 0.16670628210248, 0.080367733549945, -0.24621408350604, -0.012120920619728, -0.14678120674382
0.09283767939371701, 0.15714344622618, 0.037958332002166, -0.24122299477071, 0.012432460145464001, -0.1475723735036
0.096964277696111, 0.15714363611286, 0.063490650321947, -0.24535595006412, 0.012940045424767002, -0.14613653985631
0.09481377154746701, 0.16238595382512, 0.063332577265981, -0.24714186625208, 0.0024893239260663, -0.14655509756526
0.09293619808063601, 0.16389759824681, 0.088645084677406, -0.24836344386537, -0.0060946318616272996, -0.13796578460528
0.081665962984778, 0.15778319821462, 0.18474265959602, -0.25210249484652, -0.006437479885515, -0.14029765856116
0.10284433057818, 0.1545110748, 0.036033967013199004, -0.24548565648687, 0.019611484207545, -0.14221345865367
0.096985571166946, 0.15651689107027, 0.10401734881087, -0.25177314272717, 0.012325892010441, -0.13619582161788
0.09673226393744001, 0.16616045353339, 0.068725744487498, -0.25367428405409, 0.0099229252320586, -0.15052789106041
-0.020504491094950002, 0.11817455866099, 0.22570138341157, -0.25816858650423, 0.0041481903981887, -0.1586448836035
0.023345072166136002, 0.057550430809879004, 0.29967270236591, -0.2937268681049, -0.059235882800596, -0.15121242832863
0.01826009886771, 0.11473463671108, 0.16963489908289, -0.18880268318631, -0.011110716652186001, -0.15621566602315
0.1334720598465, 0.18995958766619, -0.28420680201415, -0.21684525564219, -0.1195384033801, -0.15023455468461
-0.043715905289522, 0.15347967313292, 0.16456002024563, -0.20511385808162, -0.053676798073233, -0.14847766071479
-0.10473111016636, 0.14139575096628, -0.027705772379895, -0.2216275037087, 0.019496791121012002, -0.14784502817135
-0.055870979403547, 0.15672374086918, -0.026506698918481002, -0.25272947385717, -0.019377771668954002, -0.17036086518904
0.06456360750245001, 0.15529461639312, 0.010229701822086, -0.21609265557292, -0.022073143722621, -0.16403527239633
0.0057116430757668, 0.15156000049144, 0.036530168937058, -0.20606035354037, 0.014461367519753, -0.15400951308906
0.033709673694344, 0.17841927608703, -0.080384732987115, -0.22765607401134, -0.016566114682873, -0.17489966717585
0.045736347200027005, 0.1745576870567, -0.058829891742781006, -0.21428057696901, -0.029676823246483002, -0.17543223714484
0.047387754435676006, 0.15539295021174, -0.058052519608788, -0.23206829781882, -0.018340001894071003, -0.16629737755099
0.069265543385638, 0.15613515702811, -0.13714319483033, -0.26087882443968, -0.032746424889313, -0.17010903005926
0.03623796149123, 0.15513332060527, -0.063468551665969, -0.25058070250575, -0.018920366486238002, -0.1618467975053
0.04789188027816001, 0.16672840363267, -0.10202178124753, -0.24579228511435, -0.0045994753702625, -0.15333575835753
0.070231441792183, 0.17320993854546, -0.17391763866972, -0.27720654491818, -0.015922840550411002, -0.16610533018643
0.10916382685372, 0.18962690467436, -0.12099418452017, -0.23136774729571, -0.024574777500783, -0.16376482181134
0.19113301428081, 0.20290957373284, -0.32123843938117, -0.22398751918232, -0.026209217369623002, -0.17126601249009
0.15066790049094, 0.17519557829912, -0.18996045069918, -0.24902798562809, -0.020660522254569002, -0.17193482160607
0.16582281818535, 0.18966954345765, -0.24015426653012, -0.24238845779383, -0.033382057471563004, -0.1755178308625
0.15235931365089, 0.18171680826625, -0.20609589096613, -0.26047392529474, -0.041075621512334, -0.18549619388427
0.1061646327046, 0.18076124158084, -0.19313724090912, -0.2452011905322, -0.016639779030265003, -0.18060220588091
0.14944361319447, 0.13052674737226, -0.11347851185354, -0.2679309157778, -0.045037180183228005, -0.17459049882264
-0.0078234246234692, 0.17344121054823, -0.06714484128282601, -0.20797989384623, 0.024420355806769004, -0.17540128515734
0.031972644127141, 0.1786441193952, -0.09928704407406401, -0.23685381115568, 0.003942078553242, -0.17946871592633
-0.050813644262606004, 0.15211261030246, 0.044670760829387, -0.2165690814969, -0.012228269225317001, -0.17965392032983
0.12963710281667, 0.18312377820877, -0.4153684768563, -0.23698339241455, -0.061051541543141005, -0.18043195527823
0.025330702766648002, 0.14734708608266, -0.025596382278618, -0.2310741169222, -0.031573383791958, -0.17453404922427
0.14100428413689, 0.16776174422363, -0.42940914521575, -0.2716640694379, -0.07700911446203601, -0.18107193296393
-0.05037237322119201, 0.16727045409644, -0.14166782742977, -0.23846261940005, -0.037582379590790006, -0.18099616651804
0.096854959194028, 0.16549183478927, -0.30594419655984, -0.25141565755368, -0.045407902248443, -0.18451414150439
0.17049780104928, 0.17209725028373, -0.21373125484884, -0.24602028960503, -0.035398183159068, -0.17920861874919
0.16531969213159, 0.16755737655333, -0.23167277893986, -0.25547482807479, 0.0032463089991835, -0.17854358278252
0.18074208189438, 0.17116013019627999, -0.23760349861435, -0.25335357386024, -0.004552603789491, -0.18403590908176
0.1755278954488, 0.16255437600305, -0.18318076606988, -0.26043710787435, -0.031162621061753003, -0.18654634459155
0.19310939794394, 0.1534014606967, -0.17700952436667, -0.24132055870261, -0.018332943074449, -0.17659876630402999
0.17043101115346, 0.18225349008255, -0.19322747450613, -0.21135208561368, -0.010894611342740002, -0.1813734336681
0.19217503312653, 0.17604039276846, -0.21941639898926, -0.1988026996691, -0.0057416985163198, -0.19495056586782
0.10844863149237, 0.082724292636646, 0.034992085548658, -0.22861741011513, -0.023299866996172, -0.19044472548925
0.19606085602012, 0.15097190347328, -0.24343941385005, -0.22777455078127, -0.03687075631975, -0.19937025966722
0.16349717509301, 0.21285898459383, -0.26363243639564, -0.16770986117845, -0.022208412558746, -0.19728149386578
0.16365297030547, 0.1626103824623, -0.15172206102614, -0.19077947748157, -0.020667886061914, -0.19935105565805
0.15783322893517, 0.09483383568021601, -0.063294752107433, -0.22202679111789, -0.044605408001696004, -0.1907955859868
0.15296642592961, 0.18900700248573, -0.34773606441116, -0.2098260552227, -0.026611710868106, -0.20067620860673
-0.0060607471747518, 0.13029655366248, 0.054282989041948004, -0.18697758550107, -0.019895226694182002, -0.1930870013213
0.18991807978618, 0.19144016907575, -0.30480008625343, -0.22271199638836, -0.011574945590168001, -0.1971615470092
0.10345141763185, 0.16259432752485, -0.068378524555519, -0.17583643003138, -0.021960556479413, -0.19740149790531
0.174721026651, 0.1846755504442, -0.20660441060698, -0.19129922926466, -0.022221631455620002, -0.19400389877421
0.12326658872339, 0.17131228621827, -0.016469413068283003, -0.1976125187505, -0.034481930425024, -0.1920334594475
0.1717340537357, 0.1549320627716, -0.25950097771063, -0.19999048431609, -0.040580491480278, -0.18472137184972
0.08398079905583501, 0.16323607830451, -0.1778846861661, -0.23517743753532, -0.01876311559527, -0.19294394178607
0.086816074497105, 0.14938955829998, -0.24263802047709, -0.19991126812315, -0.024310141566122, -0.1897991142054
0.09998649924904801, 0.14962172592717, -0.13608710685913, -0.23096492081657, -0.02185651751503, -0.19469725206904
0.13937192580069, 0.13653317482541, -0.15409423583714, -0.21467067934785, -0.053306451902431, -0.19555994438611
0.1420042032872, 0.14777529978496, -0.14143319189874, -0.21766267346891, -0.030512030384179004, -0.18853352454955
0.16341555459325, 0.13622743900278, -0.13194480735772, -0.21829917001024, -0.026081065166704002, -0.18671223599152
0.13368619173775, 0.14160500639117, -0.17016146760261, -0.20496632897838, -0.032273567445151, -0.19069144256646
0.1269965507813, 0.13335055158467, -0.15723697423368, -0.21130499282684, -0.031364009727793005, -0.1900574101589
0.14878492559688, 0.12675014376396, -0.10421987677443, -0.22057927709497, -0.059398801382032004, -0.19062579803997
0.14986803735813, 0.1275178022989, -0.14694439138162, -0.20629364334512, -0.046818912343613, -0.18827106114623
0.1679667739933, 0.13139154111154, -0.14847446639494, -0.20387150141788, -0.037586863403563, -0.18797566473436
0.14006300552542, 0.13154919753022, -0.11541013148386, -0.18292587995288, -0.030152112328195, -0.19199414944127
0.16123392541642, 0.1409977346967, -0.12331380245969, -0.18825148083087, -0.045647006422932006, -0.19273872633869
0.17292680247834, 0.13171909701071, -0.16845127930741, -0.18129191303068, -0.027787745382618002, -0.18775247190506
0.164678374742, 0.14496335428231, -0.16238909121595, -0.16152903002195, -0.022201788000929, -0.1877848269477
0.16959474946548, 0.118238876618, -0.15960002010767, -0.17215914728461, -0.022378343989993003, -0.18867595312564
0.16721821103781, 0.12510811741476, -0.18714812961516, -0.16157599254658, -0.032876734106606, -0.19898245420183
0.17144628045451, 0.11572249562591, -0.15293382960044, -0.17509493482113, -0.036156165192326, -0.19988205231396
0.17891533156571, 0.11801078248785, -0.141762422878, -0.16710724411659, -0.03241816371752, -0.19466155984558
0.14712243153679, 0.13168277014675, -0.14987623500712, -0.14900479957384, -0.010468146254332001, -0.1921496037044
0.17872552085363, 0.12651197908524, -0.14665879693243, -0.1699165426958, -0.027170262467824002, -0.1954996584032
0.1618078735936, 0.13507813504618, -0.13334618614068, -0.16201281641908, -0.03348746515841, -0.19963586131703
0.15845626592433, 0.13619412626746, -0.11090680188917, -0.17551748896066, -0.035309562721596, -0.20096773335827
0.15390068462877, 0.13233013817038, -0.16395195171225, -0.17895420499997, -0.032456159526429, -0.20755509246871
0.14403445206128, 0.13864178791175, -0.09458030598155201, -0.17738279052568, -0.025165360906087002, -0.2058563229723
0.19266292343741, 0.13101706802928, -0.09459074138657501, -0.15866731001116, -0.033790584215994006, -0.20618343154312
0.15734019161903, 0.13648988693332, -0.14692057969043, -0.16591951472338, -0.028709917524532003, -0.19982635123809
0.17993877329922, 0.12483444342365, -0.032635322327027004, -0.16708253550653, -0.043136315792427, -0.20264556967408
0.14656474787514, 0.14966026840688, -0.23959232748174, -0.16810804516718, -0.06366541050091, -0.20094084135929
0.11026755664462, 0.12515137064224, -0.09510805195638701, -0.13937459686337, -0.025276283278913, -0.19594558874137
0.1585798439921, 0.13425685362927, -0.1525440772968, -0.16044286217426, -0.025156599201170003, -0.19746514796908
0.16110200118522, 0.12065195157158, -0.17758496897188, -0.14950420437796, -0.042710320199552, -0.19258273395891
0.19253576490302, 0.12103786721768, -0.20883157384913, -0.18099805101692, -0.049715193437851, -0.20209999510756
0.16160706550935, 0.15914252117259, -0.19779639730332, -0.12703224692382, -0.046342533109608, -0.19851824208963
0.15576341968449, 0.13536996701421, -0.17247383484211, -0.14347823622388, -0.030666748840018004, -0.19174091082983
0.17361889252151, 0.12419949008555, -0.21664033007335, -0.16596844511827, -0.027383525901939, -0.18977042253704
0.16944071985494, 0.12264660624825, -0.21193898174383, -0.15435413889201, -0.045630576003776006, -0.19423778496532
0.19281965950308, 0.1297210405092, -0.24743441637317, -0.18018456419215, -0.059060060362245, -0.19787499349152
0.17432390006066, 0.12492469593479, -0.21808333572285, -0.18361114859573, -0.027941051773083002, -0.20807420921133
0.19448729845226, 0.13908881864481, -0.1676494862872, -0.15922549294373, -0.014886761320889001, -0.20412039028954
0.18787683200387, 0.1525706279246, -0.19717446026236, -0.13531025565958, -0.024078239703244003, -0.19737152271011
0.21678292661274, 0.169417873619, -0.29712984744987, -0.12312555152493, -0.046533103836569, -0.20349556721412
0.21081187533631, 0.13221060297174, -0.35747149083371, -0.16469212411836, -0.06179961379490301, -0.20840798733289
0.20703810945762, 0.14114977693496, -0.31494722711528, -0.12961655552867, -0.039237221644607, -0.1951319495961
0.20446110315449, 0.15287602529932, -0.33599898273853, -0.12453091898688, -0.031810462908866, -0.19495737509993
0.24368629982273, 0.13337733838024, -0.40590481699791, -0.14789076313294, -0.045392354703837005, -0.19699193174963
0.24764103875598, 0.13857698877287, -0.44040795036661, -0.13293888255716, -0.065755728058285, -0.19452548716438
0.25526977818666, 0.13498723968893, -0.40211671502411, -0.14213323143812, -0.061247702875993, -0.2069507951729
0.23080889351716, 0.14329531974958, -0.421436846452, -0.13857061904856, -0.035966541439934004, -0.19397158044901
0.23007857971453, 0.13154190927891, -0.35881656964489, -0.13291734786864, -0.0046552809018715, -0.18462633903167
0.25024465705945, 0.12332095893093, -0.33512586752583, -0.13799667958783, -0.019490511634907, -0.18715913878486
0.22427142057508, 0.13337970997084, -0.23370735791491, -0.13172380507298, -0.036548056452104, -0.18629902569845
0.22001769242696, 0.16082653782841, -0.2582553703679, -0.11305842220908, -0.032300052441426, -0.18572814505197
0.23650437567113, 0.15525992862196, -0.40747512846161, -0.11672082511533, -0.049902658882029, -0.19110446835721
0.22727211964773, 0.13066612311472, -0.25965568561241, -0.12023444562112, -0.035241230284012, -0.18037628037167
0.2397721958273, 0.14707844333808, -0.35846083385202, -0.1152808969308, -0.042841028237506004, -0.18629419189113
0.21081005813039, 0.15240406321397, -0.27150063434794, -0.12185029679362, -0.053502162634409, -0.18689949177985
0.22348564861753, 0.15538522816248, -0.29548051506215, -0.12345641867507, -0.064525378443245, -0.18354646705487
0.21588610618979, 0.148214242287, -0.37007703727595, -0.12373093614022, -0.062326502801784006, -0.18257339603560999
0.23244861114146, 0.15208647191964, -0.27120160980353, -0.12361693250334, -0.045560026156943004, -0.18427305063309
0.21954392149966, 0.15172261193418, -0.27827712882028, -0.11872971934455, -0.041124364929894006, -0.1830620044908
0.19652508089065, 0.15762555990045, -0.25624147167535, -0.13439049659547, -0.038484103348895, -0.17850944658575
0.20484944336029, 0.15520793754339, -0.23995834188174, -0.1236531886606, -0.059484167509881, -0.17681160178589
0.24147269180538, 0.1415678907334, -0.28748153244244, -0.1270688696858, -0.034399971338769, -0.17967620806606
0.24321594249921, 0.15007223893199, -0.33069696836901, -0.12988838956937, -0.035355464697163004, -0.18368954756234
0.23047633509535, 0.14713781527457, -0.28744141147269, -0.1182806267436, -0.023519887747506, -0.18094618410447
0.23296988530129, 0.14755060251589, -0.24351725286732, -0.11960587531974, -0.024527550741428, -0.17443379154042
0.24424442106639, 0.13130759505751, -0.26254325931195, -0.11423700001899, -0.031224462190472, -0.1757108504529
0.2595415015023, 0.11516877211841, -0.22992743012713, -0.10792994820175, -0.022089538940429, -0.16717193147123
0.23588435966426, 0.10682724493707, -0.18812622358109, -0.11328517361607, -0.003739146777679, -0.16982539547373
0.26230698304136, 0.1280856189867, -0.18589232675612, -0.08237122730924401, -0.0083565785686487, -0.16633343250139
0.24326238783546, 0.15837380843673, -0.14062145322606, -0.07324174262526101, 0.0003912895937832, -0.17424288369639
0.29615676698976, 0.19490683330439, -0.33354208960344, -0.054790463431217004, -0.0073934903486909, -0.17561751157573
0.26440758067714, 0.16284506774957, -0.28313231124723, -0.055255736921530005, -0.0060807052733576, -0.17423813883135
0.27534312924709, 0.14589598905172, -0.24951610209486, -0.074256184787181, -0.014584710062510001, -0.17213434512533
0.26998343931727, 0.14963588597384, -0.26432080739286, -0.066229496151385, -0.021177330776445003, -0.17251545870555
0.24709941178705, 0.17402257808698, -0.18529772306035, -0.06346223250237301, -0.011169418627302, -0.1700599571307
0.28934893833576, 0.16882959055767, -0.37458377744415, -0.06767559235437201, -0.021289355262770003, -0.16833689641648
0.24602579245474, 0.16534693021859, -0.27843390706365, -0.07134057676888, -0.019371606367040002, -0.16465863649384
0.27068641751321, 0.15953423923193, -0.25329803180833, -0.079527168191069, -0.007200069984073, -0.16208166997547
0.22563684915615, 0.15977123390493, -0.23251486442521, -0.08601874286119501, -0.019028366910042, -0.16060711732864
0.21016227311666, 0.16845075779733, -0.10387876198008, -0.079854387048229, 0.006954154706745, -0.15308897369855
0.23775227591085, 0.10328328346252, -0.23728860104219, -0.12273436539942, 0.0099750196843197, -0.14783763069737
0.26038263875443, 0.11254207282617, -0.1367097805145, -0.11716015591055, 0.0054060238890291, -0.14145979497475
0.26394683512708, 0.095521821772865, -0.14800483987267, -0.13940217476154, 0.030540880526144003, -0.14048148950458
0.27158165958067, 0.074857184929342, -0.20320011215867, -0.15105516968547, 0.027288609026534003, -0.12257404772113
0.25638183661993, 0.091872223233856, -0.14393320172816, -0.15556325530587, 0.019804314132650002, -0.11934109404153
0.26954833939143, 0.07690026338934601, -0.26518517094867, -0.15838300797475, 0.012810730848807001, -0.12822070477677
0.26631771443385, 0.094769709835057, -0.13338095238848, -0.14595091575245, 0.023641040013485003, -0.12196896230594
0.25593300053869, 0.095003833798059, -0.13959785113134, -0.14798471412867, 0.014515944971322001, -0.11502084197036
0.25778896730708, 0.08934231389942501, -0.14780739937582, -0.14343439625704, 0.013718808502388002, -0.11394222164427
0.23097155350079, 0.09365966602207401, -0.11176897688331, -0.15474189112294, 0.007061749318603, -0.11023864732646
0.26609137033459, 0.063666821087822, -0.14221361479788, -0.19086440072351, 0.025324678323154003, -0.11719388083023
0.24749631529081, 0.06506135408139001, -0.072187531547761, -0.18132192475874, 0.024656279771337, -0.11091886163107
0.27140020970939, 0.079982147295, -0.1585241153926, -0.17228294843659, 0.027819750326891, -0.1075905326964
0.29060114623643, 0.08347812555598601, -0.1640675570694, -0.16140648888437, 0.024467479088384002, -0.1062556847507
0.27643615868245, 0.081345101355693, -0.17036515781934, -0.19092285128691, 0.019594623360973, -0.094483623875124
0.28220361443062, 0.07127219698187201, -0.12731797884248, -0.18717680968029, 0.021867837627476003, -0.09074064247984001
0.25185560736487, 0.06625212655036601, -0.08474429007834201, -0.20929671291, 0.048768379513611, -0.080668366465502
0.1698867203249, 0.091782693307352, 0.061012537043074, -0.27072034481473, 0.046416562812576, -0.08049270930858
0.16279449035907, 0.047548466282478004, 0.044170013642413006, -0.34033374836983, 0.031306392452527004, -0.13442537702772
0.25069993558929, 0.06029325043268, -0.1413323545637, -0.33084985413603, 0.025227001085525003, -0.16022024576269
0.31765776216292, 0.09213223133826001, -0.28497474651682, -0.32074848658241, 0.02586039382942, -0.15691027090306
0.32369737477248, 0.10971123372789, -0.33385928733917, -0.30164811761026, 0.025690440780139, -0.157778708538
0.30782895276816, 0.08672429803011501, -0.21427829619909, -0.30490379056798, 0.032152948961719004, -0.1407867991108
0.2855775307463, 0.075418000175586, -0.14112469151089, -0.2788268545065, 0.044206386730122005, -0.14880245309713
0.29162113317814, 0.088932570417295, -0.13980661053895, -0.25117860302235, 0.035397131953981004, -0.14794120352019
0.289828326487, 0.08902387535702001, -0.11958578372865, -0.24059448636736, 0.033637143757488004, -0.14354064498031
0.32646723670138, 0.11220671837663, -0.25845663529138, -0.22521940109017, 0.027674448234503, -0.14019423406314
0.30342282569595, 0.10288904449763, -0.19334276638498, -0.22089284663053, 0.037934720736388004, -0.12590141333311
0.29745276457887, 0.10283423991271, -0.18792248221785, -0.23339251809466, 0.034456979371748006, -0.12992796380806
0.28692753778918, 0.10267279820584, -0.16557556532553, -0.22762012652847, 0.023481782282815, -0.13039718078954
0.28762361831307, 0.10820635361108, -0.15697630067987, -0.23317243708828, 0.01027177116439, -0.13152994502261
0.27985806081399, 0.10237761111216, -0.108522183148, -0.23483334366828, 0.011617996916089002, -0.12888016365863
0.29411442591249, 0.11723108410561, -0.22661936428413, -0.21101771252508, 0.034167538322448, -0.13233107091149
0.28319722759954, 0.096827326396347, -0.13889083257087, -0.22952094996193, 0.036477945810049005, -0.12980278582936
0.28272037602113, 0.10466066237482, -0.14546209159881, -0.21063880592786, 0.037482823098498, -0.13444834580425
0.28495277790505, 0.10852809796258, -0.16462555489323, -0.2094708081227, 0.019813469788062, -0.13566624364672
0.23958188645694, 0.10242163002352, -0.12503778226305, -0.21931269758533, 0.013022215029950001, -0.13600934895475
0.26983885777762, 0.12384415835929, -0.23426899664762, -0.20307321902725, 0.021495701633754003, -0.13561312230953
0.24995475424143, 0.10989973327063, -0.15508216635659, -0.20317895463524, 0.034318315455299, -0.13738410277227
0.2928184979281, 0.10145604423285, -0.13819982582363, -0.20741475251639999, 0.034848351348783, -0.13513813897841
0.2670470658161, 0.10607111263293, -0.14023832196111, -0.21223884203524, 0.025775136249794002, -0.13771671406972
0.264646809904, 0.10807026826598, -0.14760264978734, -0.21091081974504, 0.0082875091176072, -0.13348779931634
0.24358247849328, 0.10126122514915, -0.084540365755815, -0.21202997979494, 0.0031190145811734998, -0.13299295965831
0.26237172408904, 0.11620921130437, -0.19695261677165, -0.19256708397202, 0.023640910224336002, -0.13926474509744
0.26112043598039, 0.10348028399868, -0.119156418897, -0.20687043357275, 0.030149843418585003, -0.13973913300468999
0.25448017989669, 0.10465228551941, -0.15618372195649, -0.20910249232884, 0.025956606319723, -0.1373917560609
0.25219275044188, 0.10497479293927, -0.1729912174769, -0.20268719007962, 0.019405365265475, -0.13854571390635
0.23142392523419, 0.10021215640674, -0.11906876210587, -0.20945403792718, 0.012395240030731001, -0.13561509432017
0.25693466447721, 0.11458962644215, -0.22986849349591, -0.20268733339909, 0.022638749794948003, -0.14032782360087
0.2226760757334, 0.10322750629278, -0.13102369571611, -0.18626035207271, 0.019681457329913003, -0.14008199725518
0.25837862997166, 0.099560947650301, -0.15380489775879, -0.18718988690238, 0.02524193428269, -0.13945690220847
0.24083766867257, 0.097265904228577, -0.14375679420165, -0.19243558236496, 0.020321738292146, -0.14278221954402
0.24194649977412, 0.094931226501112, -0.13917016522801, -0.1940125214441, 0.025757074427216003, -0.13904309939059
0.24865199439882, 0.08793569876460801, -0.14060015218375, -0.1847784013192, 0.013055293825891, -0.13564214949401
0.26488522388686, 0.10477653459788, -0.19058528660717, -0.15279416155709, 0.016442667637084, -0.13472545901925
0.2584585505982, 0.08694998212212901, -0.17630038644428, -0.17785651760086, 0.025844597296195003, -0.13229314595187
0.26038951266444, 0.090172957622732, -0.19536525835155, -0.17379386333539, 0.012544829265920002, -0.13499965393631
0.26471107002181, 0.10147040969615, -0.18931917259569, -0.18312516523563, 0.0099392705894656, -0.13454108769679
0.249544159711, 0.093579387268665, -0.13998519880904, -0.17747354342196, 0.016726428709447003, -0.13421955255969
0.28101819750235, 0.10531269037936, -0.2437498989108, -0.16855641707625, 0.030636342186702, -0.12877557851894
0.24995307538116, 0.10135519975206, -0.17608548057976, -0.17069145969581, 0.022224779287760003, -0.12989483894434
0.2508461198642, 0.10280629109332, -0.19004240676981, -0.16918948911256, 0.014855161622435002, -0.13035020748847
0.24879341637335, 0.10395444657986, -0.16649829360619, -0.17210623747118, 0.0067902159853183, -0.13116841222311
0.24345162666137, 0.104797103908, -0.1112386715391, -0.17485558457194, 0.003726390797458, -0.13363157026497
0.26833177500013, 0.10476724322649, -0.25196721772569, -0.16626361348072, 0.018577647379597002, -0.13378230889776
0.24688993554795, 0.09842500690735201, -0.17344103958299, -0.17780511263755, 0.021010125450585, -0.13797257658594
0.25373047681331, 0.10238612989017, -0.17910305373191, -0.17211838580625, 0.026029458474938, -0.13704254546375
0.25372423688559, 0.10000310821977, -0.18528291766983, -0.16322537818765, 0.0086815732325669, -0.13882996303462
0.2506330790926, 0.09960042872967101, -0.1147736949692, -0.16939840285939, 0.0077739400329854, -0.13683880485261
0.26203615005864, 0.10970079508103, -0.30748413226975, -0.16757744216325, 0.020533328601478003, -0.13930375995219
0.22663284267439, 0.10632028595747, -0.19715685179799, -0.1692848056485, 0.02105857178642, -0.1414060419192
0.25928876713989, 0.10879291606132, -0.22425161910035, -0.16643193776823, 0.028140250549472, -0.14622685065077
0.25388808254365, 0.1082088810433, -0.21379057946754, -0.16684030861101, 0.01744092154607, -0.14547427978681
0.2223640811711, 0.10148222048892, -0.16145744464008, -0.16551159367184, 0.020207478484014, -0.13818523824225
0.24707419951659, 0.11316921528653, -0.26594420876485, -0.16796365693559, 0.012869869870731, -0.13830993717933
0.23712223513545, 0.10924136641089, -0.19126970542054, -0.15549519241263, 0.020824353431659, -0.14068575945562
0.25983182264447, 0.10954790934391, -0.20239402159169, -0.15985144255945, 0.021114278927226, -0.14214554117035
0.2622555255023, 0.10957521420621, -0.20470966873677, -0.15849829513319, 0.021327818654368003, -0.13919648184189
0.24850034185314, 0.112490280833, -0.2268604565356, -0.16435345993126, 0.0033536991620671, -0.13987802411504
0.25108045322221, 0.10934512486889, -0.14883598602995, -0.16113132940969999, -0.0047612065033462, -0.139155407824
0.23542423391767, 0.11639237570624, -0.26659569983197, -0.14569590312209, 0.018241343654762, -0.13959337696962
0.25647021367335, 0.10237933197056, -0.19062467318905, -0.16079010390619, 0.02056861325476, -0.14210492794822
0.24754740472845, 0.09914799185186801, -0.18264925068915, -0.1484676550137, 0.023349207470894, -0.13642668402864
0.24582851478257, 0.10944761509322, -0.21352283970559, -0.15276192224113, 0.0075700272232182, -0.14656262189166
0.22394769846763, 0.0991611367175, -0.17171724523927, -0.15154784002674, 0.0052434796296196, -0.15100385461431
0.24799741144349, 0.11568741511074, -0.23309924832797, -0.13606147791845, 0.017091714684538, -0.14644274450668
0.24144699619052, 0.1076208155913, -0.16615989771209, -0.12127880552547, 0.014674918808739001, -0.15157259344692
0.25812049512607, 0.09814674001208301, -0.16477712024183, -0.13154263252597, 0.010444715424481001, -0.15693802252092
0.27112286147357, 0.10517797267704, -0.14895432844149, -0.12466915583224, 0.019307935722394, -0.16029148288658
0.2553792426029, 0.111511966794, -0.18894704551021, -0.12073271840986, 0.0035470934925136, -0.16118364686169
0.27981576300927, 0.10910228033058, -0.10082692422429, -0.11256991601312, -0.0006960014530219, -0.16125937189807
0.26769284918639, 0.14578538891947, -0.2847808344666, -0.077299777179196, 0.020125552172312003, -0.16276039655921
0.26240013133395, 0.11469207230733, -0.19508923386721, -0.10492377522938, 0.020857721893102, -0.15715316665408
0.2663677938766, 0.11310799845564, -0.19976367728744, -0.09824208751664001, 0.028432883364177004, -0.15479499191557
0.26494419947697, 0.11643033056685, -0.22171707857344, -0.10480977021729, 0.016475183147559, -0.15595398057855
0.25136401300342, 0.11804233871139, -0.19486994865672, -0.11095560357786, 0.017000716810428, -0.15751690517012
0.25460277970002, 0.12022487370392, -0.20865444382958, -0.114542719588, 0.015690950181681002, -0.15258051812633
0.27020962138621, 0.11290259455233, -0.21667500684491, -0.10863956330728, 0.024065079346137, -0.14708546617696
0.26739489371484, 0.11705400743012, -0.17281662073606, -0.11007206921356, 0.032478264759163, -0.15030029396353
0.27737331326771, 0.11117605706874, -0.19897518207159, -0.11436344122145, 0.023920043539405002, -0.15093690989351
0.26854461389152, 0.10994172423552, -0.22560286259275, -0.11680865683468, 0.0067180133026609, -0.14934381795553
0.26993663404983, 0.10644357192184, -0.18789912139177, -0.12272369101937, -0.003542239037507, -0.1494390679615
0.26951214293856, 0.10164202135147, -0.28267413977668, -0.11804658413445, 0.024585136441919002, -0.14490072520059
0.26204239777164, 0.10610343775531, -0.21232382894987, -0.11657385715133, 0.028375948904377002, -0.14145087250906
0.28670486647758, 0.10503105889703, -0.25556369814906, -0.11266633695037, 0.021654360808983003, -0.14174339388861
0.27848653962683, 0.10340035752049, -0.27207707957376, -0.11476367569768, 0.014277746432958002, -0.14353156247954
0.27407996798188, 0.10545416662231, -0.22842803932264, -0.12502291285391, 0.017967251857867, -0.13896354793585
0.28255915920209, 0.10034743432838, -0.31218358929658, -0.12642291702497999, 0.031390212940759, -0.14102887779393
0.25298327750209, 0.10087914974093, -0.22551797415244, -0.11448779191587, 0.029439931688638003, -0.14061106502376
0.28696794630497, 0.100745614725, -0.24870057242416, -0.11867243720921, 0.017392326834382, -0.14128175236397
0.27671487864619, 0.10416657246144, -0.24063623919725, -0.1171060908072, 0.0052999878119139995, -0.14047474874343
0.24642038081486, 0.10269782201144, -0.18795607933445, -0.12155359733096, 0.017159882983203003, -0.13854059786179
0.26682761171366, 0.11056852113498, -0.31119388732455, -0.12374055839468, 0.0092982728727867, -0.14203920149807
0.26784555862004, 0.10779635187505, -0.27132233771583, -0.11254733569593, 0.014858013307305, -0.14241987110693
0.26593612525848, 0.11103578556981, -0.25630818392247, -0.12053956887749, 0.011302357231348, -0.14135251933639
0.25368404487046, 0.11211838004998, -0.22725013945756, -0.10754612816313, 0.0086299787357267, -0.1376484840446
0.24519497863638, 0.10560236550614, -0.20832637945855, -0.12486823628143, 0.018463252957862, -0.14430580358185
0.24649461799687, 0.11074249874908, -0.29711240300201, -0.12776335603305, 0.015969142437861, -0.14502958407343
0.25149517683631, 0.10608299488934, -0.25366450575649, -0.1141460899383, 0.020165075655784, -0.14016297254277
0.26610044233756, 0.10790923463798, -0.24526554883009, -0.11967165219502, 0.007275775687542, -0.14555158799846
0.25928884904202, 0.10866773246725, -0.23314837863908, -0.11617163106399, 0.013333305930113, -0.14524453953398
0.23964347689659, 0.11069069860925, -0.19352144879618, -0.12644344938376, 0.0041218516508178, -0.14380812735548
0.25125169229743, 0.10856761357459, -0.20487807675900999, -0.1163714757395, -0.0066543508878806, -0.14265777598065
0.263572852679, 0.11444056176569, -0.25402143050099, -0.11713742346539, 0.0022117496126763, -0.14173961505157
0.25177177524872, 0.10843141556253, -0.22083160955337, -0.12069398121951, 0.0086014394748598, -0.14179642986512
0.25936378155556, 0.10606062909502, -0.22580076572863, -0.11627258999694, 0.006746707783594, -0.13834511873784
0.25032492995291, 0.11089594606167, -0.23909483992264, -0.12226933671583, -0.0038546054442511, -0.14210148034294
0.24111933216607, 0.10953581070552, -0.17512164479023, -0.12307117443248, -0.0078365473881369, -0.14339722132545
0.2598710863685, 0.11715713579912, -0.27112057300868, -0.09775972126148301, 0.007344490575769799, -0.13820182649906
0.27172286575641, 0.10820199315604, -0.21063004520913, -0.11518718339787, 0.0096678976941771, -0.13750956795242
0.2513871307294, 0.10561595294264, -0.24656450322391, -0.11774199443962, 0.012755882744733, -0.13928637847269
0.24616867470858, 0.10540560720752, -0.27100566447497, -0.11213098756947, 0.0021143301433987, -0.13870899292422
0.22067511881913, 0.10556367832628, -0.18486954493152, -0.12052101824491, -0.011196190750193001, -0.13475192379639
0.2456851811454, 0.10679826432901, -0.3573072766568, -0.12304839007778, 0.0050055071320303, -0.14000458908046
0.24026268221629, 0.10497699687142, -0.25246133564773, -0.10199073940723, 0.0008405468986571999, -0.13899689866734
0.25353052655555, 0.11765976960435, -0.33841692867657, -0.097194649572198, 0.010123738728816, -0.1385898664488
0.24002466564128, 0.11195579127261, -0.29821246164788, -0.10485155249273, 0.024487233525022002, -0.14187263886143
0.23046298563076, 0.10308981243839, -0.27143324536505, -0.11113479804349, 0.0069175565397256, -0.13340351380597
0.26915873791322, 0.097273958314416, -0.32567359323122, -0.11634440973159, 0.012167330498694002, -0.13201732465677
0.26352261853174, 0.098164759910719, -0.25188137017098, -0.10805407227809, 0.010560816520183001, -0.12966834336753
0.26795201654813, 0.10721560829284, -0.2726173137465, -0.10499488440578, -0.0058099884275029995, -0.13249884554036
0.27245373132576, 0.10183067823978, -0.29239898975099, -0.09591613021536101, 0.042286542482823, -0.13153791454126
0.26439957341174, 0.10041881100494, -0.29369199797761, -0.09645317865248501, 0.029141187909591002, -0.13645483703165
0.28284362992363, 0.1132747385711, -0.30232894666155, -0.09021470581381501, 0.0036490268729799, -0.13615084180158
0.27380850720897, 0.10608105677614, -0.25849218214086, -0.079911358485539, 0.012517385524533001, -0.13287509403089
0.26858506277902, 0.10990460363972, -0.28282169185781, -0.10223836845628, 0.0013826034460767999, -0.13348451345907
0.2822718709373, 0.11621735807985, -0.26731723771901, -0.09668782620425301, -0.0050744956107934, -0.13726419434929
0.24370445312737, 0.11615665757766, -0.23990761409017, -0.1037977632813, -0.0032362083531312, -0.13573138141201
0.26736816669051, 0.11875140935141, -0.26884994451001, -0.09828676617260401, 0.00021972087412309998, -0.14154415545913
0.25600720862334, 0.1086323856668, -0.24938228961513, -0.10349692330436, -0.0058488708397547995, -0.14087486937405
0.25218938156416, 0.11446842639396, -0.25629869078899, -0.11101639048892, -0.0025349179748479, -0.14330616333722
0.26957632543709, 0.11400998361985, -0.26046645552426, -0.10676566246031, -0.0003499388379162, -0.14336574652087
0.2436605466681, 0.12264442157369, -0.23275676366775, -0.11361331655786, -0.0025900409141744, -0.14410889559531
0.25310521012268, 0.11876618669163, -0.32455973521352, -0.10564349233937, -0.013693247972201, -0.1456953666424
0.25858287624331, 0.11137211428647, -0.25867521961183, -0.10423517047282, 0.0017161931343892, -0.1450496084721
0.26328305046442, 0.11468897519596, -0.26929918950898, -0.10480501254018, 0.012192702970536, -0.1457470269883
0.26174897472893, 0.11177499754233, -0.25016809206191, -0.097772972073958, 0.0010454496334006999, -0.13866439269069
0.2246672186806, 0.1138821051621, -0.19033740255317, -0.11285338477627, -0.0018935821369263, -0.14180667774251
0.24992855023094, 0.11724635472494, -0.27342433086286, -0.12317231176258, -0.020143976602835, -0.14896754561889
0.23117253684809, 0.10968972242624, -0.23054901836101, -0.12073303115946, -0.018717871909428002, -0.14687518228083
0.27512738761484, 0.1212222120642, -0.24043165580254, -0.12529524656459, 0.0023108715852839, -0.14774927985483
0.25685333681509, 0.11712105833337, -0.21880390827463, -0.12404257094193, -0.009762886659638599, -0.13961049836904
0.25191084242056, 0.11588911956178, -0.22556108115587, -0.12969805672776, -0.015305019481710001, -0.13828471446412
0.24446686157388, 0.10969321909569, -0.27519291740455, -0.10868915491824, 0.061951585354917, -0.136794892958
0.23713666657274, 0.09844352621544301, -0.18572709435417, -0.12777958790409, -0.0026694360827896, -0.12807553484523
0.25403964537937, 0.10717032468057, -0.20533502282795, -0.13642917908918, -0.0046300300079355995, -0.12581744230493
0.26579522516577, 0.11111320315849, -0.20685966889825, -0.13234187900004, -0.0074436248618851, -0.13059257811154
0.25573407402041, 0.11254572065999, -0.18712488709172, -0.14495393783521, -0.0082903426463434, -0.13135697648759
0.28308538195835, 0.09890921064607901, -0.19856903804269, -0.1271589426717, -0.026955499245937, -0.12793359874624
0.26392385883817, 0.10676903886101, -0.23244323902532, -0.10432988417248, -0.020926244816729, -0.13080877493969
0.25895172501834, 0.096876534031385, -0.18216289920157, -0.12154385901159, -0.029917969117274002, -0.13009095879345
0.27035885357402, 0.094039517917214, -0.18907266154838, -0.11231022774499, -0.026201868716254004, -0.12883888770108
0.2443572260592, 0.09854271178899901, -0.21283646900014, -0.12559615155835, -0.025582245187969, -0.13053704138719
0.24285664252446, 0.095161139206815, -0.16014311364556, -0.11881169161663, -0.038530628302010005, -0.12658780026266
0.28795115479112, 0.11146766693881, -0.27097452198457, -0.09773205682483001, -0.040675580834921, -0.1253784655755
0.25995127046953, 0.098135445401129, -0.22419043380623, -0.087377120247754, 0.024718352411209003, -0.1242056932025
0.28031597416278, 0.09773781606819601, -0.25840692059383, -0.10650977655077, -0.012260020866768001, -0.12210112547384
0.25538736950476, 0.09850034173941401, -0.24396762161769, -0.12727832371224, -0.023674121737838002, -0.12547975405557
0.27048311882703, 0.09980227023376101, -0.23927130215159, -0.10481000884033, -0.031522620261526, -0.12807861453232
0.27621521476471, 0.09890426221994401, -0.2499493637429, -0.09703854711849301, -0.016823287499972, -0.12507329943742
0.29043487407591, 0.094888914785101, -0.26244689034117, -0.10312234753176, -0.013965037877769001, -0.12655812678975
0.29663723180952, 0.09899714019526401, -0.29114654511989, -0.10067059684752, -0.013470756138614001, -0.1279795093078
0.28103163802632, 0.091106573601288, -0.25406950922716, -0.10933700220078, -0.020283221039190003, -0.12953357704615
0.29036203565817, 0.10229827059546, -0.30323271877631, -0.099620274359885, -0.036574931045617, -0.12874059582951
0.27949408453874, 0.09169134359382, -0.25991215376325, -0.08298121514691001, -0.021175986974546, -0.13169690984564
0.27989488189287, 0.08857856476306801, -0.24786366122597, -0.10081928961659, -0.01572081893517, -0.12539925196889
0.27807358585766, 0.096782356491937, -0.27192655045195, -0.09566337100392201, -0.028423324683694, -0.12565331302459
0.20582116708444, 0.11402330883127999, -0.12282064436061, -0.09698822192979101, -0.030288228260386, -0.12073809957203
0.23236159246634, 0.10904348011917, -0.33145456174572, -0.09520687216547001, -0.073642425103842, -0.12757939122093
0.21725919218946, 0.11117037789008, -0.23631745594944, -0.1129654227418, -0.055957616716327006, -0.12460423420334
0.22310282290767, 0.13989268170143, -0.27022775309145, -0.12167986124873, -0.05901363795033401, -0.12471137489502
0.29587145359857, 0.10559925324612, -0.35840286311274, -0.078936931539499, -0.010199047513182001, -0.128071875189
-0.058407633093254, 0.0088090996224124, 0.24672479909626, -0.09031161530053701, -0.09607858065273, -0.11818089303713
0.053734028936635, 0.1319428665519, -0.014576872704482002, -0.06623024242481, -0.13227462808032, -0.11687884238271
0.17518436730298, 0.16193402660224, -0.2819072574172, -0.07651421850038201, -0.11076701928282, -0.12799128499598
0.27736340239841, 0.14683564679619, -0.36604695553746, -0.087002202309198, -0.10179549441521, -0.12702895314928
0.28316138473411, 0.10885719763251, -0.35137347261214, -0.14322319070589, -0.09864690761231301, -0.13995990197574
0.21846116916203, 0.064490108941406, -0.24744426465465, -0.16483612789133, -0.053437671707553, -0.14705847975855
0.25117338656401, 0.10018495877432, -0.21142501871445, -0.12793644671463, -0.09789088429437601, -0.12208838842782
0.3443927928351, 0.12089383606968, -0.42295095186169, -0.14410235068195, -0.08884628360002901, -0.13225157270819
0.3503063293652, 0.12321632733043, -0.44521894461871, -0.1352646872296, -0.090488245231473, -0.13616365042082
0.32306486099698, 0.1094153090362, -0.39625364080652, -0.12307628424226, -0.08715980159917501, -0.13205500837923
0.28325418944692, 0.12850004205891, -0.3679540291451, -0.098027340556344, -0.07315748452451301, -0.12121558158111
0.27087007883682, 0.10995405537958, -0.32765375408745, -0.11694120547765, -0.07687152662039701, -0.11868953122473
0.25056067571702, 0.10025920686534, -0.29199358881362, -0.12006070297762, -0.056904793235871005, -0.10967045526172
0.2816318956092, 0.09774089302385101, -0.37316243078766, -0.12267515595298, -0.044102335258517006, -0.10699357344673
0.30431031843673, 0.11020220752107, -0.43908096313099, -0.09762393304974201, -0.05216480710792801, -0.09850158261589101
0.27276056758645, 0.11002663295928, -0.35809701329823, -0.072130762381567, -0.048098371235204, -0.091131103158835
0.31202233429282, 0.10448264453761, -0.36840474731475, -0.086283572334165, -0.07024012994111001, -0.099023271701574
0.28451897849329, 0.09721519120234001, -0.32775512020056, -0.084687846180378, -0.06194035304695, -0.096368761054804
0.27897897524267, 0.09430045857916701, -0.31248308025572, -0.10629899236507, -0.076193211859667, -0.095380056023734
0.27533699539219, 0.08586188694834901, -0.33128889777952, -0.12109717657044, -0.06448706393551801, -0.091456214765225
0.26563836083655, 0.10398029681014, -0.24519874105804, -0.097669607514415, -0.060977153183656006, -0.079690569833037
0.27706530492467, 0.10531170923687, -0.32251775339205, -0.07940597507545501, -0.034686177589053, -0.07521375571577901
0.28161331801581, 0.1088685782308, -0.31593865970692, -0.08803289899696501, -0.071488298472134, -0.07530117948697901
0.27083392400392, 0.10885548675906, -0.2785209530968, -0.11793811586184, -0.077311191945776, -0.07816647750260301
0.26035105253294, 0.09571915872053001, -0.3126214700676, -0.10963924193194, -0.065244928602759, -0.077754811241192
0.28001485665073, 0.10395093688963, -0.24670714848923, -0.085441177729146, -0.07216014635312701, -0.081989131409095
0.29470355400685, 0.11232762922937, -0.28047194866639, -0.08521231885571401, -0.069745657822238, -0.08121175832958101
0.27363914392627, 0.10562304527947, -0.32167392439084, -0.083457038118733, -0.08682873560460101, -0.087282888958775
0.27347575787243, 0.09700228271112801, -0.28340668383474, -0.10662013968278, -0.08506909064402, -0.08044041508742901
0.25557410317003, 0.09521834113891901, -0.32121776376163, -0.093401532461811, -0.06408070045811301, -0.08328893931526801
0.27119240952805, 0.09020464254624101, -0.26394619090384, -0.09664396807863401, -0.06447959193567901, -0.07839727033124401
0.28436194499102, 0.097995079688082, -0.30727441916597, -0.09534547976006401, -0.048310555277746005, -0.083197514430667
0.28186058262897, 0.10361468409341, -0.31392449781802, -0.08992528773310801, -0.07432987850750901, -0.08049751790022901
0.2735037291506, 0.10554709160241, -0.27382273667176, -0.097877559862831, -0.07010111279808101, -0.07875530012201601
0.26093593377408, 0.1011519566206, -0.29280362808599, -0.10254355039231, -0.046958665314713, -0.081025826574351
0.27674389167739, 0.10275541214599, -0.26362808402721, -0.09682689131921, -0.049200875485602, -0.07531824507501901
0.27428160100454, 0.10667634645844, -0.28409665265371, -0.09837481044319901, -0.06293610627653201, -0.077635844442588
0.27304335227277, 0.1146251321072, -0.28739053100752, -0.09913159330169201, -0.06676656205068901, -0.077361090372285
0.25947796429328, 0.10945612641427, -0.25252124861348, -0.10090061497109, -0.070485509808976, -0.07390657939002501
0.2496903010224, 0.11043462149422, -0.32104781816568, -0.08998613274726101, -0.05358216303033501, -0.072750003622518
0.25085235956865, 0.10329746787683, -0.22255333924006, -0.08995867118478401, -0.049976785820422004, -0.07334678343921801
0.26384428639019, 0.10679713453625, -0.273621783681, -0.093486613856941, -0.060653524840371, -0.073263732616413
0.24147043950249, 0.1044840869949, -0.23751296822278, -0.092057930565311, -0.06831780446289501, -0.07050465021588301
0.24725486648659, 0.10700608634055, -0.21797426314523, -0.10123028350811, -0.063681634100594, -0.070171074745458
0.24321827455813, 0.10277310864464, -0.29835377308177, -0.099621121626836, -0.051441885550188006, -0.073694039312658
0.25654809396932, 0.10680581978827, -0.24101809487253, -0.097713070964575, -0.056730891624786006, -0.071718994319124
0.2562445101156, 0.1118287677688, -0.27819003408112, -0.09827141877460101, -0.057126034483204004, -0.072660085965756
0.2359030544264, 0.10069006931334, -0.26187965757401, -0.086857170574048, -0.068892798707903, -0.070201903230135
0.24027018920224, 0.10630570360459, -0.24743837811410999, -0.10244845173893, -0.061663312996997004, -0.069986726229641
0.23014086292967, 0.09847638062529, -0.30104532273494, -0.10401952217931, -0.044654483482528005, -0.074261108972644
0.23340476750648, 0.09851432376444201, -0.22212128888982, -0.09461849085439901, -0.042767491303035005, -0.067603946286448
0.23522631196833, 0.10210656591059, -0.24009227179915, -0.089934118332433, -0.043852909123160005, -0.072323553827183
0.24554489740864, 0.10060603071215, -0.25240297795449, -0.083394017364372, -0.060789213215314004, -0.068868042817452
0.23515543255666, 0.10139985837591, -0.24448485334584, -0.094466755858191, -0.041808370526813, -0.06625952058701201
0.24453109547643, 0.10761341024984, -0.31527975236232, -0.08546641787708001, -0.053364220696626004, -0.069959701050856
0.23847675973639, 0.11241728707861, -0.26010828347078, -0.064138750310996, -0.060471371436198004, -0.07344609309183
0.2003807165318, 0.09725603322305201, -0.21652659615297, -0.075871890682785, -0.07766457431675901, -0.08067318563923301
0.18113044901527, 0.098475601879424, -0.18343160017609, -0.076712573385492, -0.08472342659435901, -0.078633145604467
0.19863292928888, 0.13115753675709, -0.26448689364816, -0.082238589749014, -0.09194152850949501, -0.077875464459931
0.22620146605376, 0.1411362333701, -0.26889544159723, -0.08533613819305601, -0.09653516225332401, -0.07291521238326601
0.24993172221319, 0.13422319831577, -0.39502298264095, -0.07926639452414601, -0.095849730537235, -0.077595020885067
0.26173599054809, 0.12004349319894, -0.37318604845258, -0.041858135176482, -0.047268994689772005, -0.081420961584206
0.0073694013446411995, 0.053226690453579, 0.06439823434618701, -0.031052617823539002, -0.094879105649499, -0.1082162760532
-0.033775251068321, 0.11271776781843, 0.12364391097098, -0.014813810168584001, -0.18247791756806, -0.07987617464758201
0.12064024417547, 0.13897961686098, -0.10499316649364, -0.046055440442551006, -0.16063430618601, -0.11554050195338
0.17195801803057, 0.12269157763145, -0.30415614544291, -0.07046646713063501, -0.14190131222812, -0.12173762518587
0.27095643740203, 0.10903787520341, -0.31071012113751, -0.058005679182899006, -0.15942964097045, -0.13609162120822
0.2633644090226, 0.11570563195411, -0.34785898263484, -0.08042402496206301, -0.14885350406232, -0.13476814350794
0.18950215965036, 0.1354136392963, -0.12461760206931, -0.050670018603469, -0.14999685173105, -0.13236390869757
0.26997042209208, 0.12179400393652, -0.26924107075041, -0.07630281448269201, -0.14629841505944, -0.15346770501829
0.30060376465891, 0.13387945431705, -0.40750597351439, -0.036760554268791004, -0.13667589828498, -0.14826140007951
0.34079138365929, 0.1192407685073, -0.47845441027738, -0.048798186663756, -0.13131327506297, -0.13481997967558
0.28307577177887, 0.11179812964265, -0.422165893016, -0.047743964100319, -0.12382762405152, -0.1322536751403
0.27775211821597, 0.09986665644827501, -0.3996438910147, -0.064675710088316, -0.12086428045314, -0.13345225790781
0.25975260132975, 0.082890934096948, -0.31016044897967, -0.065735530152442, -0.10134885097048, -0.13359834301361
0.29176685056343, 0.10889766583243, -0.42267309529418, -0.027074428458145002, -0.08407236363585201, -0.11822685531371
0.37661418663859, 0.1037903522053, -0.58665431953916, -0.05355806006780801, -0.11123515001587, -0.12303182327006
0.39820112149995, 0.10220812008841, -0.58913668395461, -0.064076529164708, -0.13558509468771, -0.12339958338594
0.38248331437628, 0.10091433982624, -0.5508584504759, -0.07862245515989001, -0.13658432936985, -0.12400822391794
0.35295105046736, 0.095124130857849, -0.50195572972804, -0.069528224644159, -0.12245717374151, -0.11738201460559
0.34196496324884, 0.097686198051671, -0.47382935210325, -0.05153409926769201, -0.10480596465157, -0.11441270950666
0.31835231985072, 0.10420958415345, -0.45932433635915, -0.048376883079869, -0.10518011516596, -0.11474609306294
0.31077923385869, 0.10805931128409, -0.44268075876345, -0.049953778024929, -0.10618304525926, -0.11441394638249
0.33261653498147, 0.09986988294233601, -0.4608752360145, -0.050511154366597005, -0.091001410763255, -0.10230860960142
0.35636855588036, 0.087125008648211, -0.4511643462603, -0.055451283992133005, -0.05256481923707, -0.090370589711648
0.34501007598821, 0.08360445877346401, -0.44354273465438, -0.037760963163510006, -0.043240681967666006, -0.09543081404982101
0.3121228961987, 0.08215055512074301, -0.39608341625809, -0.045326530089713005, -0.051957724752563, -0.09165221518988001
0.2969455985086, 0.091434996724431, -0.3670667987237, -0.04303788396954401, -0.05852902531211401, -0.092820156027688
0.29968428661248, 0.1041463140715, -0.35581509348838, -0.046125057917648, -0.08038320639666101, -0.09015005414853901
0.30121491910614, 0.1022842751673, -0.2974451577216, -0.041522959909556005, -0.08311259827467801, -0.084245442533977
0.30114655066861, 0.10759439030843, -0.36731507752437, -0.042672379815615, -0.058972500011874006, -0.085064630328488
0.26981414736002, 0.10922498123275, -0.28429101360572, -0.05044583952625, -0.07256994385637, -0.08256095166820801
0.26780592679842, 0.11486943642881, -0.31423233173747, -0.047733241737023, -0.07651310558846501, -0.09342077780880101
0.25821867240298, 0.11257589175788, -0.27591491058022, -0.05507035341508101, -0.08651772498850101, -0.088661536672057
0.25288118801722, 0.10506118898233, -0.26717451018279, -0.051061687167794, -0.088083414552895, -0.092731649200517
0.29216663433068, 0.11940972914352, -0.3691244917875, -0.04174101646838, -0.08620941296114701, -0.09565088488145
0.24998747121096, 0.11015561399941, -0.27634614442453, -0.049566324455467006, -0.07527446202469901, -0.090055614174691
0.23686972021107, 0.12405558071581, -0.30239158416638, -0.032701350643983, -0.082803195757327, -0.08893079042450301
0.17022462997135, 0.12963056085571, -0.22025782231925, -0.022476633427961003, -0.099113299241534, -0.079950450149917
0.14302314309965, 0.14610133276103, -0.1321767814314, -0.031799465138371, -0.10560792628144999, -0.074661763911523
0.28956535304314, 0.12091717479906, -0.50158733088077, -0.06381381765038201, -0.10533715626208, -0.085849880170085
0.30194975216045, 0.12077628642317, -0.36819355184896, -0.059395143581282006, -0.055291937213966004, -0.09941822213595501
0.2701407801659, 0.13242249368049, -0.29473411155437, -0.034996644746993, -0.046321652606924, -0.095664901646777
0.25838840529931, 0.14131906935558, -0.28445718917929, -0.016233707365465002, -0.056027665610514005, -0.092491325907292
0.2453389854818, 0.14016943081576, -0.30542494965345, -0.028194526273633003, -0.06536577778338801, -0.08705063536136401
0.27156595836658, 0.13743259268804, -0.36738173340274, -0.024833245027445, -0.059316012795496004, -0.086264034995954
0.22975600815574, 0.12774926442427, -0.26345607234133, -0.016839763643738, -0.042574487745239004, -0.08580013969606501
0.26154243449691, 0.12520488611588, -0.26891456170087, -0.017042296322211003, -0.047238958171983, -0.083847998688689
0.26030719805084, 0.12247558868874, -0.25418964858327, -0.018729635191690002, -0.049958295786432, -0.082020632788179
0.2667507566204, 0.11608908250975, -0.31101724540687, -0.045880992321350005, -0.043825136044996, -0.08004425071352901
0.29507833944053, 0.11090323194179, -0.32894509540704, -0.039121887750243, -0.051268254097799004, -0.07724151105162001
0.26921823234576, 0.11225216606605, -0.29217895358513, -0.039230774348940005, -0.0442753161114, -0.07300310508813901
0.27521850776008, 0.13697449365783, -0.32485360257759, -0.016893212464787002, -0.050108275958721006, -0.08346252608193
