Pichu
0.0, 0.0, 0.0, 0.0, 0.0, 0.0
0.011973232704127, -0.0014775667441921999, 0.0073804825035217, 0.005852226475887, 0.034515593743551, 0.013216584640794001
0.0072550513783614, 0.0026395754955388998, -0.026156965128762002, 0.0089587780979445, 0.035949477118141004, 0.0085768524209354
0.014680910865001002, 0.006417549505499, -0.061399418608545, -0.0009092057565282, 0.0059200953324652, -0.010847008769633001
0.039579607762357, 0.009277732447117, -0.046630895350075, 0.032396420429676005, 0.020282459123866, 0.0105175476009
0.011180406825725001, 0.012262230767802001, -0.083659023131415, 0.012944397415206001, 0.047309912914307, 0.0067639742927742
0.012956222226765, -0.0032441500854237, -0.08851061755299901, 0.015043734383218, 0.057988419967883, 0.0051872014782638
0.0073746298320646, 0.00018475153105349998, -0.08106048783515, 0.011360135744259, 0.0098481559106216, 0.0059770041532236995
-0.0081740351508611, 0.0090710559014761, 0.042785533927266, 0.0032862682256232, -0.0011596543897753999, -0.0082144028365735
0.018860114453714, 0.010187675948853002, 0.19375135073222, 0.026309022269636002, -0.017712858621383002, -0.0032734749397884
0.035737375346791, 0.0044278356414708, 0.0009218135831325, 0.024897640236855003, -0.038388157183332, 0.010244390095197
0.028662478913681, 0.0001706853931365, -0.035893571395696, 0.012488273036406, -0.04883704311075401, 0.0084720523932642
0.0080218591431003, 0.0004160512653522, -0.030720148805073004, 0.0099525123711775, -0.038100052712364, 0.011158746775002
0.0042689399329653, 0.0044815021412025, -0.029702066984104002, -0.0068441783899927, -0.054316335610184, -0.000428540669021
0.003134260587296, 0.0035549279330128, 0.06989451545335901, 0.011664362403028001, -0.058776341344869004, 0.005198840254189
0.015457887967229002, -0.0044444506925804, -0.09605804154147601, 0.0062234211523974, -0.083164988588971, 0.018048620975928003
0.010897366547657002, -0.010192132368716, -0.074680704951046, -0.0048528859203965, -0.043883857812787, 0.014496071967333001
0.017131336768035, -0.0054708687486766, -0.05098758427933801, 0.0092929844647232, -0.025832349654700004, 0.014190371358249002
0.0036239689026045, 0.001424870523116, -0.056900806027794, 0.0035089452019313, -0.037205651763233004, 0.0089257518645788
-0.0011088356629518, 0.0061688046978219, -0.065440747289965, 0.0023868120775965, -0.052483231074567004, 0.0011206796373516
0.011271239691179, 0.0018477723392239, -0.037722151309570004, 0.017543561987490002, -0.058167554440652004, 0.019019112319923002
-0.0008164316216465, -0.0038338079676147, -0.082386805558674, 0.0073169238189813995, -0.027042267416079003, 0.019184234428579
-0.015246889695926, -0.0057923372783159, -0.078040048856125, 0.0061750628894264, 0.014283687263092001, 0.007191254271631
-0.0068493694986545, 0.0022604765438057, -0.09872182768448001, 0.010575020169095001, 0.024699335792762, 0.013753290851268002
0.0053011983977951, 0.0053929723183593, -0.16752361341943, 0.008643653148665, -0.027952017877936, 0.007869356989891399
0.007280898872829, 0.006705621478307, -0.15082287154107, 0.0034265460241608998, -0.034516452341818, -0.0042191379466337995
0.020158158592407, 0.0022078668388299, -0.14452186322014, 0.0094775613051665, 0.0018911042409219, 0.011104610239115001
0.0021779143363162, -0.0088519495616961, -0.1247948236195, 0.005374960242497, 0.010897615119696, 0.0014022300273130999
0.02607394502723, -0.011945267565476, -0.13061778828589, 0.0010379643449571, -0.0044293682518858, 0.0056817815089909
0.01583122409815, -0.0051213251909027, -0.14455092770643, -0.0072473234945872, -0.01742070481368, 0.008089556991325299
-0.0087201110712911, 0.0045735403240419, -0.1351698435171, -0.011973684861616, -0.022670164168203003, 0.0011148002306917
0.0098427612192713, 0.0058516240398131, -0.057733315278213, 0.013934811836251, -0.047943952601130005, 0.0094903868278086
0.020068187456462, 0.0026954834959566, -0.103807203873, 0.010998903503647002, -0.038639000766981006, 0.013336354037753
0.013063526104852001, 0.0019855651615168, -0.089269141845619, 0.011083551412636, -0.026872770221114003, 0.010783985966697001
0.014306959334684, -0.0003643464117808, -0.07147071774305, 0.010587089113536001, -0.0094812704864878, 0.0056819328198599
-0.014088247925399, 0.0055836345769019, -0.08422254706725901, 0.0030442469578255, -0.029107868513108003, -0.0026935444788649
-0.0052495629799029, 0.0046691725605508, -0.055220946133249, -0.010894120420243, -0.043833538466044, -0.011381564738543001
0.025386435192007003, 0.0067154813501703, -0.056580667537343005, 0.002400473564474, -0.05672587246812601, 0.0072032565145832
0.020371566981512, -0.0028747670209761, -0.094705530026312, 0.0057299398654673, -0.031761456327994, 0.0086851038068725
0.0096660076700313, -0.0052277523396254, -0.063303979205257, 0.0045472374701366995, -0.013025676708607001, 0.0009694571246709
0.0058791917267986, -4.61363890566e-05, -0.084197647567867, -0.0040413967199877, -0.0051106620399515, 0.005566742198194
0.0070755898173293, 0.0048585508171594, -0.11286843980666, -0.0020157446518005, -0.035007573690303, -0.0051980293211667
0.0090849760273397, 0.010261955612828002, -0.09193273670678201, -0.014775121571329002, -0.050829800408113, -0.023587783393877
0.015722934779018, 0.0090960319007794, -0.11457391306952, 0.0031966609207410997, -0.045034063236798004, 0.005843486293312
0.034612531419869, 0.0013357272937185999, -0.15616056106681, -0.0010204465344254999, -0.011067496343050001, 0.015369128977464001
0.017066700218458002, -0.014372578746606001, -0.1394970920552, -0.052947439164478007, 0.028571976419733, 0.022742759814545002
0.022065543808597002, -0.07129099439917101, -0.0089870761456894, -0.11962827038885, 0.077445184171612, 0.028685629102798003
0.033217440693867, -0.009364313202122899, -0.20318959266595, -0.024300739599270003, 0.028502641039222003, 0.040710227676663005
0.021626836137564002, 0.028265584539864, -0.30193048695009, 0.0025290006846477, 0.012548610596051, 0.047019504896684
0.061028143149374006, 0.028946625651676, -0.29802889466929, 0.019158856725202, 0.048509030531388005, 0.073623001372373
0.070624266154704, 0.012816800978515001, -0.2647742557412, 0.0086565645609079, 0.036751877255157, 0.049709033033046
0.064809797100116, 0.0040146261160016, -0.20235038899094, 0.003286287151734, 0.052435680622984, 0.026103730941373002
0.053364448048628006, 0.0038737631773676, -0.19692904301233, -0.0054834651167603, 0.046816358107728, 0.023382891792584
-5.19560969208e-05, -0.003012616335045, -0.15235259688698, -0.01253680092446, 0.044439417519860004, 0.017201902469731002
0.031644695221656, 0.0037673906873031, -0.21153834877262, -0.0047174978008018, 0.0061096247960369995, 0.033934809192041004
0.034416120972866004, -0.0065449223668261995, -0.25239743615953, -0.010369924181465, 0.0045692247405587, 0.03370279286774
0.031625728445657, -0.0064406034643439, -0.22030022899105, -0.024562073283834, 0.014264914904128002, 0.024806589764729003
0.032772920367544, -0.0045016406064990995, -0.20062962228931, -0.025439227323868004, 0.034487277843769, 0.029249094407449
0.009142791929761699, -0.0018969212961057, -0.18329448146786, -0.028518231809255, -0.01947426133136, 0.025790517472375003
0.028140725644159002, -0.0099867813481991, -0.19384900890161, -0.07969399791705101, 0.0088827552728111, 0.043459419841461004
0.020215790593897002, -0.014578081615394001, -0.12952454140174, -0.07248059087648301, 0.028278600631347003, 0.047615547298351005
0.038474695617512, -0.0041933859356957995, -0.19240915522944, -0.033151095021519, 0.023380799512874, 0.054242464073390007
0.049155325011524004, 0.00040498154320709997, -0.22869954382274, -0.029551030986348002, 0.022377164523983, 0.05499322192570601
0.0321196891324, -0.0040514922860917, -0.23167799915322, -0.035430532744953, -0.015729756137839, 0.037651802873439
0.028893359229687002, -0.0049043537702035, -0.17280307410185, -0.032833769370862, -0.029715351325853002, 0.034713708595375
0.06489676381834701, -0.0032549291109706, -0.22491713977255, -0.013671668952846001, -0.016009903552832, 0.037256162641432
0.036591483245047005, -0.00443804332458, -0.20545554133971, -0.020351972873069002, 0.01680675925537, 0.03361106709131
0.053400993647492005, -0.011537723594277, -0.20577098456026, -0.019629326786246, 0.0088245178213109, 0.037686240307353
0.044047638398445006, -0.010348032164567, -0.20743913111043, -0.027992084936888, -0.0002742283470758, 0.032128535095036
0.042797702845484, -0.0078599449829578, -0.20925745128209, -0.041054616193329, -0.015315185819880001, 0.022993497174254002
0.014932284038216, -0.0059848966046627, -0.18660929816571, -0.04975522243326701, -0.0072979219171397, 0.009663854778249499
0.016511165787731, -0.016232667445754002, -0.10205742241733, -0.018919049068937002, -0.019476961202924, 0.022371639587046
0.064342130760105, -0.00299480904046, -0.20922261956992, -0.013453601878916002, -0.012933917165503002, 0.033531461786628004
0.053781871038754, -0.0097478204273715, -0.23015611437847, -0.026922309000825, 0.0004020204219632, 0.017657842917739003
0.068467015574768, -0.0044789448129831, -0.22778117067511, -0.006251615486265, 0.031883608989893, 0.022792182016246002
0.07415668031962701, -0.010989532897092001, -0.23569587667527, -0.013970245891734002, 0.038922350099924, 0.011662002593965002
0.045774837815296, -0.014256977822174001, -0.23064977276332, -0.040798116053015004, 0.012756744510525001, 0.0014752558759453
0.051206135128577, -0.025685374202531003, -0.070462017200906, -0.017845448888604003, 0.028789564885675002, 0.0080319129810165
0.08705230621791, -0.0061729922420737, -0.24065309978615, 0.0077042778343632, 0.031480032550176, 0.021256992925781003
0.076597921383281, -0.0040731201719279, -0.21059247306333, 0.0022751749828559, 0.030038018819173003, 0.0056954799400793
0.067013492553207, -0.002050999289653, -0.23532262523662, 0.0054229972745094, 0.06337479883915201, 0.012542358950109
0.028158984801476, 0.0009968827875546, -0.18689886393713, -0.013651339854051, 0.06143643134979, -0.0007033408231899
0.026294645125689003, -0.0080810644072289, -0.08250621345167701, -0.0042386733486559, 0.031916949789087004, 0.0068433730247756995
0.048871468316444004, -0.0022062286774541, -0.2423266923056, -0.011015616243125002, -0.0076180194442, 0.019703679393047003
0.042471766759854, -0.0041821620603438, -0.20704243584368, -0.019461017467234002, -0.0080170414574939, 0.0029728911888582
0.049795558555493, 0.0002274499166776, -0.22542722146811, -0.020278913892433, 0.016568853286632, 0.011947066012604
0.026619926317239, -0.0024715909301124, -0.17925063431004, -0.024532997516931002, -0.010153424495334, 0.0070706486124076
0.040995794978314, -0.0071629015576904, -0.21629150700511, -0.021738210027804003, -0.05872470588401701, 0.021673896605440002
0.044849413386598, -0.012796686692509001, -0.22792621020897, -0.024943377152703002, -0.021372042618663, 0.023060038491696
0.034199129016107, -0.009521686077049, -0.21430934599195, -0.024630532667266003, 0.012597583538996001, 0.021615943195617
0.049978883536725006, -0.010284099416956, -0.21567218459721, -0.023912878851740003, 0.014972612994635, 0.027084463676815003
0.036886329251219, -0.006612901932296, -0.20041996590652, -0.029632021174074003, -0.0003658602702814, 0.0096492608266946
0.055771917959431004, -0.010567499056970001, -0.17261051772317, -0.014301375380713001, -0.042490693225964, 0.021950067551135002
0.057422381867967005, -0.010325840173832, -0.23224367509232, -0.021890643899791003, -0.03695942596829, 0.029331607765362002
0.041557978116891006, -0.009671500215311199, -0.20992227044413, -0.023473600285733, -0.024214948186373, 0.023030970912309
0.048059301871966005, -0.0092069143768851, -0.20982108508492, -0.018163092661058002, 0.0020854756467738, 0.024601104620862003
0.040524472573435, -0.0086685061667393, -0.20069960350098, -0.023935924048500003, -0.0087557992996753, 0.010932946613541002
0.042725678630038004, 0.0003166186123405, -0.18055357350329, -0.034853134460594, 0.0029228878808617, 0.0089756667177771
0.028753660131099004, 0.004526139827027, -0.14375560535959, -0.043234667665905, 0.021853605680811003, 0.0066653578769295
0.043483938745213, 0.0059987887496133, -0.15039703728324, -0.020814667164282003, 0.0014511882990469, 0.033912480164092006
0.062135130121985, -0.0075742830770249995, -0.19796627060223, -0.027088121812425002, 0.021188077114651, 0.028473088509265002
0.051736825000149006, -0.0039687050467032995, -0.20378513469296, -0.026932790853506004, 0.018036268583351, 0.018076947679622
0.07410753728391001, -0.0028449432905041, -0.22447397645752, -0.017013305439185, 0.023247685079542002, 0.028750838812926
0.015274951160640001, -0.0033562473455905, -0.13630021691179, -0.026078920451568004, -0.020326841495963, -0.026519171776777
-0.0014977446428489, 0.0003040667274851, 0.021635666970030002, -0.022349530304144, -0.070692742277265, -0.016434232569306
0.067938800084566, -0.0051821538349104, -0.14936613125509, 0.0091786390572146, -0.076222548523715, 0.0065151155045549
0.095112004264627, 0.016294429754181, -0.36531690556444, 0.0099396589367953, -0.0033484739113649, 0.021490886202079
0.086628877993804, 0.0098380306793407, -0.31555634518667, 0.0038802887818249, 0.025673446014094003, 0.014118189212575
0.067367010684348, 0.0021570302380907, -0.29451630659106, 0.0011844978138449, 0.05331066092579401, 0.023639710476426
0.070730367994931, -0.0003070088067795, -0.28639004690641, -0.014228224267530001, 0.021358985353715002, 0.0066381729560189996
0.047399728758605, -0.0060838252731329, -0.24882316964637, -0.028096856029540002, 0.013362038506172002, 0.0051617788251397
0.082300317823376, 0.0010336370456031, -0.27734637717436, -0.0022238557782837, 0.0075058946015451, 0.023424214246501002
0.073675464176643, -0.0032550880033852, -0.27394500206271, -0.0032211672820691, 0.026068357327357003, 0.027722071111546003
0.08923394312214601, -0.0077529085341561995, -0.26056416356795997, -0.0060766198885792, 0.017674364224442, 0.016298132912101002
0.077503534527705, -0.0050975698640599, -0.27168018357397, -0.0037009154501864, 0.035679621679833004, 0.021613641068603
0.059998941176793004, 0.0003537700941784, -0.27961580313024, -0.015088461755986, 0.013121189068845001, 0.008612976610946
0.022222483235044003, -0.029460578726997002, -0.040379307974658, 0.0009561143305138, -0.038836719338875, -0.0084347072486111
0.090543181775358, -0.0073354204524557, -0.25897471182855, 0.016659793574646, -0.040144327256592005, 0.018586818788482
0.10510479583449, 0.0041099680687754995, -0.31635597506591, 0.011030003587750001, -0.0019376135662801, 0.013727856693334001
0.096047023362142, 0.0065953051498004, -0.31254677077975, 0.020968046758304, 0.029875349178836004, 0.027143002028338
0.08776798791826801, 0.0003796152168353, -0.29167740540993, 0.013239647014019001, 0.03288151093522, 0.014885078106612002
0.06897839526572801, 0.0007700735513081, -0.27240023601625, -0.012698622369063, 0.017017641721811, 0.0038308561518651998
0.09323956138313601, -0.0058808415247634995, -0.2035715667109, 0.011112722540983002, -0.012643700871170001, 0.013762819055148002
0.09508359609611601, -0.0010319579149582, -0.28248280145549, 0.007373259448538, -0.0011828907064677999, 0.021052347978191003
0.097092285111921, -0.006232543689294, -0.280599368922, 0.0022098230834619, 0.016972624680026003, 0.0055595240208781
0.09029132953977201, -0.0090583387271142, -0.28831775390514, 0.016951921125736, 0.030429300341808, 0.010043425132970001
0.076702637872257, -0.0025028390914437998, -0.28570343247863, 0.011706636056755001, 0.020328316712912003, -9.6731948668e-06
0.032599157294307006, -0.017390075882043003, -0.20791005144234, -0.0011037676732416, -0.0054021333231072, -0.030478519388642003
-0.034971975310389, -0.015278496645803, 0.34496655756411, 0.042625974017801, -0.06662108077300401, -0.023172901465622002
0.12576698239746, -0.027451398370381002, -0.26842258639841, 0.050998034807473, -0.08688659044090201, -0.015606260585405
0.13940443342336, -0.012662571082854, -0.48663509591074, 0.017273468112155, -0.018854322687328, 0.0037588005349337
0.13145539171597, -0.0077919849361762, -0.50000774940099, 0.022970934363615, 0.015991582250712, 0.0084700101800101
0.11234745026677, -0.003087316187192, -0.46602261356515, 0.022280374732384003, 0.021742984709352, 0.0086491020329321
0.12519376182977, -0.0037928348688053, -0.42741781309442, 0.014098218712702, -0.0063470957374512, -0.0062108014260433995
0.14227333028049, 0.0016449115152731, -0.46107571906119, 0.024661369743189002, 0.0097170373345814, 0.021304169496291003
0.12544024109029, -0.0071235904873688, -0.41766562982773, 0.023707732520758, 0.033827305517531, 0.0093532097864555
0.1319535072402, -0.011975448799143001, -0.40867756822192, 0.01880200503621, 0.037650235119539, 0.0014669945432817
0.13080621002258, -0.0098229225575874, -0.40404821171901, 0.008310723690510299, 0.033364699559541, 0.0074090417569123
0.11507707123504, -0.00591012603061, -0.4159151808165, -0.0052963269029041, -0.0012847095657259, -0.0023655903921677
0.12254649319309, 0.0007333183634434, -0.36769204103726, 0.016438353699730002, -0.062214024175137, 0.0064992385744769
0.12618705872908, -0.001849547890876, -0.41732569329893, 0.0062880406571593, 0.0033270165272399, 0.0084412165677928
0.11328494547217, 0.0024007694077403, -0.36545137407403, 0.0041311969096031, 0.031933728886573004, 0.010163153328053
0.11635280485081, 0.0090919385898, -0.34863831977841, 0.013990896796290002, 0.047950992293252004, 0.0075423139076835
0.13102237333683, 0.011839566809607, -0.34866966535793, 0.024801217519841, 0.016053016035233, 0.013239380105183001
0.10142714351749, 0.006465312506658, -0.33467568959343, 0.0003991306221297, 0.018774481096886002, 0.0061617907689051
0.12955550193157, -0.0044582790416426, -0.29039328912054, 0.023845904088345003, 0.0062405789889375994, 0.02018428251547
0.1113510145047, -0.010125420887104001, -0.33113162864789, 0.031538885950396, 0.03381823165726, 0.032490863919754004
0.10687591933273, -0.024161451714857, -0.32684287732911, 0.019270743300817003, 0.058032157075499004, 0.031134273305119003
0.11146812346872, -0.028365935092318002, -0.31217581491561, 0.022161687972062003, 0.065189700701722, 0.026935395308908
0.13566116074656, -0.025951872267013003, -0.35863757266859, 0.017948350290265, 0.056055335764212004, 0.016389440975824
0.1402384251737, -0.016585300606609, -0.4119052904871, 0.0091361903955215, 0.027198495062716002, 0.0022631446791641
0.1342280949681, -0.025298476016838004, -0.37556658212946, 0.030917278029085, -0.016210724592083, 0.014872807615097001
0.15409052119333, -0.024612561926772, -0.43599049454101, 0.029777351559500002, 0.048339446047170005, 0.026095652274454
0.13674132485739, -0.030494960417883004, -0.42078336427541, 0.026879326642979002, 0.07227737694177201, 0.014566659321690002
0.15525627858115, -0.031958563380248, -0.43365213353538, 0.03527521652935, 0.079504578893431, 0.025966297953090002
0.14912925796387, -0.028850963111475003, -0.44076366877105, 0.026023447888972002, 0.059070375728778005, 0.013863147063965001
0.13083005835936, -0.035096460334208004, -0.3446926672685, 0.022096657483357002, 0.07841624417279301, -0.0025471129055601
0.15062280149004, -0.024270001378787, -0.37796743609845, 0.044047181412763, 0.074167620209725, 0.013110391470108
0.15148274979052, -0.030213788136173002, -0.38796362294739, 0.031740441396461004, 0.07386391715069, 0.000243305660834
0.14786891833613, -0.027893149759587003, -0.42198471884225, 0.028327503082658002, 0.09533426455970001, 0.0003717468313975
0.14882691666497, -0.034324228438117, -0.41417861274961, 0.030577549274154004, 0.086548343076758, 0.0031011397666216
0.1344098874427, -0.031273152188501005, -0.3685895669112, 0.035698355926589, 0.026627633086659, -0.0032971190626076
0.15851197001989, -0.032314721839514005, -0.45037828435954, 0.029444604883341004, 0.0081988174326833, 0.0069748528053304995
0.11982655548167, -0.032951897969815, -0.42030457520314, 0.025405283414918003, 0.04308996755794001, 0.0094733209712139
0.14765569790225, -0.024991866245381, -0.36799838920671, 0.03168911478079, 0.06576854376718401, 0.0054143130304541
0.13350231947352, -0.027015657213058004, -0.37874693563246997, 0.031063214231151003, 0.044539379602019, -0.0088004582737631
0.12781235100903, -0.042151377132218004, -0.32399917770947, 0.037855023590222005, -0.029896865347274003, -0.0012528506609049
0.14195518875239, -0.034350767619991, -0.43166933655596, 0.028049583362142003, -0.021306572756898002, 0.0070362008159502
0.11287233296121, -0.026542602593949003, -0.37496144131421, 0.017775129013305, -0.024964295483425002, 0.009488447360596
0.1246896833381, -0.023112185429805, -0.36821721155207, 0.031398545907747, 0.039196929760085, 0.018245257950541
0.13739556606308, -0.03560832316606, -0.38958791600985, 0.037063010233236, 0.059319859380744, 0.0030586328564022
0.11972460317846, -0.030340060077680003, -0.37525508262603, 0.036852574382810005, 0.013736941422009001, -0.0011110215935406
0.16279871287118, -0.027986577831226003, -0.42851686973462, 0.027472642473589003, 0.018061718043296003, 0.0027346099663327
0.16663591584613, -0.026967363920241003, -0.36196633034376, 0.031684261798721004, 0.017473052867521002, -0.0035242429571234
0.20206394677517, -0.023505252133784002, -0.35397949829701, 0.045165961763383, 0.028667500807588002, 0.0064111228071667995
0.16161484409737, -0.021189199300261002, -0.36268677625091, 0.040553985790647, 0.050774461351371, 0.0081617808764136
0.10163926097471, -0.030721790912536004, -0.28823178138862, 0.027723637777853003, 0.10021649043712, -0.0066119743955116
0.13057407940293, -0.028810607969774003, -0.3315704810822, 0.039301589248280006, 0.084057013296881, 0.0093353885339863
0.1417456669012, -0.0343820467303, -0.37061758977177, 0.031993446454506004, 0.08243397258458601, 0.015822626749429
0.14240840610115, -0.042387526190401, -0.36010564145349, 0.040497560214163, 0.091793809265272, 0.016983854465096003
0.13875623207399, -0.032757714409087, -0.3751259942663, 0.058076941856368004, 0.08831487412057201, 0.0093411243601389
0.11142412855251, -0.042654555048451004, -0.36563717614099, 0.040761902603067, 0.043363959257847, -0.0029555507824877997
0.13382565981607, -0.036883487459526, -0.4021882393913, 0.04952584793497, 0.016536843849166, 0.014101574656795
0.13093446707995, -0.036837228233638004, -0.37974549138461, 0.047806508277011, 0.05308599439748601, 0.031355276888435
0.1248516463099, -0.034437161908105, -0.35438707367919, 0.049051999355394005, 0.05257120618025601, 0.027737267617070002
0.13786565470666, -0.039441918827931, -0.37922554351733, 0.042518764571547005, 0.059169369884798005, 0.022292669256311
0.11913490905207, -0.031463339568721, -0.38892738539425, 0.030162406577649, 0.03403731997237, 0.0095456512475073
0.11603228857299, -0.030028818911600003, -0.3341371434289, 0.051210744505961005, -0.0091463837593313, 0.026111617004108002
0.14500688406979, -0.036870589906613, -0.41089000557088, 0.039625756676507, -0.016980974024883, 0.029664980161752
0.12348193458254, -0.039638246921719, -0.3932738325047, 0.028583829975480004, 0.03725378707244, 0.021797437088478002
0.12162803081039, -0.035825746918826, -0.35905950543817, 0.04283875703155501, 0.06932259740530801, 0.030029230883045002
0.1353089257596, -0.029048186039969004, -0.38227861232126, 0.042008972205126005, 0.058203119163324005, 0.021973381616258003
0.1297452290691, -0.023657327267129002, -0.38280052958321, 0.043064714585277004, 0.033597644575613005, 0.015381055907032001
0.15418941932291, -0.031163184534144003, -0.36159135985392, 0.050131540506217, 0.008125339641087399, 0.026283188921577
0.13198835267503, -0.028595623280539002, -0.37364468929742, 0.050427302305471, 0.043134376223295, 0.031914558054468
0.14371827402575, -0.026415321227240003, -0.35747247903931, 0.048039295088350004, 0.068219769234704, 0.033073678590628
0.13280929996398, -0.026260379909403, -0.36498348681945, 0.058182293586923006, 0.07237095449096001, 0.031337139609459004
0.14406514918845, -0.024414039111769002, -0.41688068228372, 0.033908726777959, 0.047275418609501005, 0.020460407567215
0.15373286571193, -0.028289391584658003, -0.35739286564223, 0.05600271891882801, 0.044373190842439, 0.033025786463799
0.11883685376922, -0.015755386812294003, -0.30563930475581, 0.077326263520906, 0.1120024553554, 0.04693719187998
0.12435108945229, -0.020856979006940002, -0.35495508733787, 0.077856510226846, 0.12663786201886, 0.030666639580164003
0.17397354825448, -0.026060089298233002, -0.47243857228222, 0.072097940862658, 0.09166642976696801, 0.029303450732186
0.18694268449197, -0.035209464531746004, -0.53294364423365, 0.06113736267756, 0.055060500289969005, 0.011531916996948001
0.18388828791535, -0.047209391285336, -0.45521297964194, 0.041600518096325007, 0.05942836434809601, -0.0053096895110775
0.21783793631104, -0.042425659778853, -0.40516437688207, 0.06618009390778201, 0.07252822880550701, 0.012290019851301001
0.20212100756143, -0.026254197077373, -0.43982656102791, 0.079213189207664, 0.079788124001461, 0.0029622454676401
0.18996610138225, -0.028038264127683003, -0.42681734296267, 0.08020864201738101, 0.09489440953818501, 0.0080014526564059
0.16914545765289, -0.023448363482268003, -0.44116025979998, 0.08168615695414201, 0.089310392014736, 0.0089547207923161
0.12376628858464, -0.032487771759495, -0.31518146645713, 0.078467679814693, 0.08868198655101, -0.0001257634363173
0.16335816743113, -0.027009209742144002, -0.48624370623534, 0.071541318589319, 0.094677658158359, 0.012029341216712001
0.15120854422293, -0.028900456833823, -0.44528872869692, 0.06297117159583, 0.08425953734423401, 0.0088031230251153
0.16366039056871, -0.028138808334786002, -0.4188248093664, 0.074106773957611, 0.090361946414691, 0.011149424618846
0.14572667106562, -0.030469531953798003, -0.42070984720447, 0.051381478861718004, 0.062984972373648, -0.0007470544477055
0.1723125776175, -0.029957669184701004, -0.32422524882791, 0.079416245976758, 0.034260481454424, 0.0057265292804575
0.18194527737866, -0.036297202590712, -0.43648678772649, 0.067461540301483, 0.032809196358738, 0.0047147637832366
0.14621295392347, -0.032319022352401, -0.43036262554579, 0.067765518108042, 0.06677743084194, 0.014172573825054002
0.15998232069874, -0.030648562096896002, -0.42502371477097, 0.06977813262108701, 0.0765800068195, 0.013998959122852001
0.14916572202149, -0.0338430985846, -0.42226761501862, 0.05326801688083101, 0.058715030268856, 0.0003552668678973
0.16328249043116, -0.039343033283852004, -0.29961725982774, 0.074810390379032, 0.022886988614964, 0.0040460936091077
0.17724105355908, -0.034499471384729, -0.42128247704853, 0.07559387477161, 0.028268823642481, 0.010661824450875
0.15242983335012, -0.036821610878755004, -0.40883017403872, 0.06830326130556001, 0.05532407296161201, 0.011540427201336
0.15549700326701, -0.036901424452734005, -0.39593202260061, 0.070585501580138, 0.06649940666154401, 0.011013472751415001
0.16046787550237, -0.033054812233207005, -0.3692283016093, 0.06788264983825401, 0.050742642171706, 0.0055929075710123
0.13520789827898, -0.032144460027938006, -0.30269689200861, 0.057502144321496, 0.049140071753538, -0.0013206473528375
0.17200192454004, -0.03880254475422, -0.22288795799424, 0.07845228540188001, 0.017364815891583, 0.01614081956866
0.1957968811259, -0.042694787685435005, -0.3773708873261, 0.06401902948181, 0.014569769790255002, 0.019930527918100002
0.16327817139361, -0.044342789531072006, -0.37502367141835, 0.066778160267948, 0.041547656427732005, 0.01931647694595
0.14390751151851, -0.042836844928239005, -0.38030314177125, 0.056103214908649, 0.069909005577775, 0.017011882757059
0.15090495920314, -0.044016143184753005, -0.37646737447384, 0.048165383409617006, 0.047581192825891, 0.018580713583727003
0.14830497548024, -0.038895579836463, -0.28592763054971, 0.064327568567536, 0.026145979396777003, 0.020318494908776002
0.17678306608221, -0.038222183989747006, -0.41448763192929, 0.058429980056236, 0.02419412461292, 0.023197221597774
0.16495314459329, -0.039687992603624, -0.39516511668242, 0.061671826665872, 0.082462809074293, 0.017622886134145
0.16928091578135, -0.034248553023156006, -0.40815423476242, 0.073201160554555, 0.10271583266614, 0.024392363013834004
0.1715720497136, -0.034392444171331006, -0.4498780478449, 0.061955886373725004, 0.06638646711530401, 0.011024187778372
0.1665277279875, -0.035163606989828004, -0.46175699774149, 0.052746764217440005, 0.050719686849703, 0.0029262785653567
0.18486642490625, -0.034060273004388006, -0.46215484179816, 0.072799179213306, 0.06278068316002901, 0.016685572272589003
0.18911138440645, -0.03342712144424, -0.44741382038608, 0.08429051012262301, 0.10955899214605, 0.010007749120348
0.17693153577488, -0.042575160504676, -0.45034348462698, 0.063254650593329, 0.097523491440238, 0.0072095809339629
0.19130829718981, -0.045170639033469004, -0.47788780219824, 0.06355548825613401, 0.07178775867406201, 0.010574561435537
0.16970264153254, -0.041033261252014, -0.43426381499266997, 0.044204415971476, 0.06673799202896201, -0.0033724881633547
0.19147425629558, -0.04023269641457, -0.39607130243898, 0.067512040619166, 0.044093671630433005, 0.015203824395422002
0.19842634950091, -0.039784775692800006, -0.49253815965819, 0.074288943666381, 0.08305214233416901, 0.016565785203016003
0.16439399966618, -0.039910716370562004, -0.46618927040761, 0.064676851199716, 0.1006431971665, 0.018126702178209
0.18116954356764, -0.049119704128956006, -0.48831406087924, 0.055464276706359006, 0.08894443217751101, 0.015729766074489
0.16335518543375, -0.04576508101815201, -0.47926232023767, 0.042789322072903, 0.046883756829258, 0.0072335755297492
0.17788502220907, -0.047973792789779, -0.4618401640114, 0.060218512059914006, 0.01027510307862, 0.018192560144085
0.16717905655381, -0.042278736608771, -0.46922675031313, 0.071269696105191, 0.072472341437484, 0.017024160257047
0.1690136019719, -0.041358535561120006, -0.43853111782604, 0.06679497205583701, 0.08009319010087901, 0.018249980018340002
0.17738097479816, -0.04656276850862601, -0.45153521079576, 0.067771184859853, 0.07304321029560201, 0.021060870214081002
0.1591719273927, -0.049785760111610004, -0.44486676422352, 0.045903054933251, 0.042609028896602, 0.013358150335440001
0.16189383378153, -0.047867608958748004, -0.36352515503284, 0.064184809027577, 0.012260618382928001, 0.025466278561011003
0.16999415023516, -0.046855646636908006, -0.44154686168573, 0.057269148820794, 0.051555135209817006, 0.035883137352659
0.15909685048804, -0.046069896781297005, -0.43036849598816, 0.054113846316521004, 0.080232106778997, 0.032971400203795
0.17322703122877, -0.045477810557413005, -0.40064998749908, 0.057590905657882004, 0.08920685627862401, 0.028337495355711003
0.17424675822534, -0.044941392970886, -0.39601115675623, 0.06839063074689701, 0.06258248912658601, 0.019026769851853
0.15958803107619, -0.045849644336763, -0.38202760067592, 0.052193573853886004, 0.051026807280558, 0.014172540747656
0.1918150193757, -0.040851049545246, -0.45893495618053, 0.060737138442988, 0.034857684366136, 0.023897687794831
0.18231775064353, -0.046271158669156, -0.44522156905841, 0.053829990465002, 0.067096374892317, 0.027234755243956
0.16999081643667, -0.04028692218536, -0.42444160589455, 0.057133266509843, 0.085004754023351, 0.027075420021045002
0.1769830664218, -0.044766384453469005, -0.46407818397994, 0.060998530745005004, 0.068892556056172, 0.016175739678767002
0.15939760629634, -0.047690009282625005, -0.46349301621192, 0.039514447724463005, 0.061285693228536005, 0.0064739232471598
0.18025364482222, -0.047547584029666, -0.37594997633286, 0.061436287213348005, 0.06855657778931, 0.020637705174510003
0.19723355878691, -0.044793451440839, -0.47981199750497, 0.069903929750773, 0.09363576694179701, 0.031678323911911
0.18082578687799, -0.04389308845775201, -0.46578899847298, 0.062734514450918, 0.09285519240067701, 0.02139877215633
0.19146513305851, -0.042241942347687, -0.48003789538226, 0.053379736908352, 0.084433406115136, 0.013355131187721001
0.17013126973894, -0.036027429804309, -0.45749625476917, 0.040637066551440004, 0.07695537902319301, 0.008450976648208399
0.14625341296705, -0.024813210902321, -0.23810162574613, 0.069020035250378, 0.078177960015598, 0.022770998125893
0.22569213714981, -0.043866821410579, -0.5121257504044, 0.031786208169197, 0.07269775348762701, 0.021645170512751003
0.21110924334779, -0.056244684766425, -0.51911464828857, 0.013987209531273002, 0.10138851585158, 0.017161238308566
0.22093837694113, -0.05120227573037701, -0.50481250908375, 0.022003937660333, 0.12190723256507, 0.025441897251872
0.20789250422988, -0.047978506477896005, -0.53893944957491, 0.023554858890364003, 0.09313275023413901, 0.014928963174594
0.20722763929923, -0.044621159716476004, -0.52760329161535, 0.031327277321564005, 0.050202626808142005, 0.011420156492019001
0.21858679877893, -0.044601854452805005, -0.55033837241679, 0.034397815560278, 0.093457920355063, 0.028919756029176003
0.19538997818274, -0.046800975351503, -0.48313026483476, 0.024762312173961003, 0.13958466656186, 0.030645115523253004
0.22398858242266, -0.048192891159099006, -0.52013487996499, 0.02814838560176, 0.12915028738726, 0.040574830754454005
0.25668036980009, -0.052064896537249, -0.59221528200504, 0.018215075454445, 0.08590950345237801, 0.024657019531516004
0.2405594332692, -0.048072741443974006, -0.58092794910045, 0.0098874089443327, 0.067681713517345, 0.0085268806021957
0.23038764015532, -0.057104793124051006, -0.47242118872143, 0.030730647615708002, 0.028986105605852002, 0.016627041556959002
0.25249122113386, -0.053445765965896, -0.56351293790552, 0.027691766869319002, 0.049820527849737006, 0.034978641328392006
0.25163170139619, -0.05932908862688901, -0.55820392798512, 0.013769523565056, 0.077826479575985, 0.01989268032422
0.24328438547487, -0.058473523040902003, -0.54570835036125, 0.019726914241578002, 0.10127521570148, 0.025669725737796002
0.22912136395241, -0.055289698535893, -0.52988162881565, 0.013463621021835001, 0.083927735699046, 0.026541258726586
0.20941798015756, -0.051585575493676004, -0.3618788494932, 0.014546728634219, 0.08373023900887701, 0.023600991677562
0.22466703489051, -0.045711505399715004, -0.22925998044891, 0.048388680813330004, 0.052754638182077006, 0.042006345415804
0.308523157589, -0.070687438692036, -0.46224129364242, 0.020551268041461002, 0.016378652150477003, 0.038291259449696004
0.33642138378631997, -0.081937879223025, -0.53708881428882, 0.004267132108468, -0.0090755968773229, 0.028607160153504
0.32880753350109, -0.079698370826255, -0.54969012185167, 0.0078340929989984, 0.034891342560184, 0.050241103227404
0.25655076285796, -0.078003209620255, -0.49358708876582, 0.0059505204526917, 0.09777419122285301, 0.043711527312360006
0.22807008537746, -0.080566892716684, -0.38815918491153, 0.0042580939855843, 0.12153497428278, 0.045998420268772
0.29182362419077, -0.06930574524998301, -0.43908439894882, 0.029988120754176003, 0.12830314958243, 0.060683473629744
0.29999553209033, -0.061469544749342006, -0.47147403917978, 0.035530244260153006, 0.12455479992867, 0.05530533138375
0.28577805442009, -0.06440427778587, -0.44508767416128, 0.050783120582401, 0.16300206141329, 0.043619744881284006
0.26164339599833, -0.069876212698184, -0.46882399327903, 0.045766288274405, 0.17331303852906, 0.037584884779499006
0.22693871837673, -0.07266331001755101, -0.42187875356569, 0.033604033618961006, 0.2043562103864, 0.026190020223551002
0.25558077063212997, -0.072817423128016, -0.40016077191267, 0.051404617452647, 0.18373891287418, 0.031288377905943
0.2682357706489, -0.071383846898389, -0.51908860260471, 0.040584170179058, 0.16281838706577, 0.037046331135252006
0.25083759699976, -0.06660720825718901, -0.53661430632992, 0.026408278088598, 0.14295902101654, 0.038924620827783
0.24006920485851, -0.09026061116344801, -0.56639582258648, -0.0073158992539059, 0.12741522194235, 0.058122673368858006
0.23977719838271, -0.08411605201788601, -0.53909143753457, -0.019751308190335, 0.06601314895120801, 0.057487963433073004
0.23836436759561, -0.061681158473583006, -0.55237396686692, 0.027933022985173, 0.060861365145274, 0.049935771119309004
0.23018599923667, -0.055352643072796005, -0.52000510514358, 0.038135425103831, 0.13579047362886, 0.046493633382985004
0.21639585818394, -0.058937923428168004, -0.49472407830315, 0.048853363284540006, 0.15476117509706, 0.046420447543613005
0.23555415630801, -0.06181134479956701, -0.50542648476573, 0.04698428016659301, 0.13841297987318, 0.035536213087003006
0.22896672668488, -0.07722944298507001, -0.48715019339566, 0.028618597278440003, 0.08536612986323801, 0.022377391831394002
0.25421180459936, -0.072980556715875, -0.53878421851279, 0.045217330653481005, 0.042073375479858004, 0.036336040289934
0.25861555285456, -0.07221464800357301, -0.55895623511759, 0.037195508065269, 0.085401142129591, 0.035250584278695006
0.245199463283, -0.076738717131555, -0.51384027614465, 0.040511937946868005, 0.11015446772625, 0.04670176444681701
0.24647585805253, -0.074088535339909, -0.53451698938502, 0.04422969868209, 0.11729279362826, 0.048053481588203
0.23737640727437, -0.073925213373392, -0.51289049255786, 0.025794687746651, 0.08990349300231401, 0.031165853251358
0.26169965038947, -0.082561949944773, -0.4658206223215, 0.04919914176904901, 0.039416784033651, 0.038047051489936
0.25975324044715997, -0.071420299269671, -0.51782624274985, 0.054137334528713006, 0.08056707172652, 0.042207769526057
0.2463114692087, -0.074860495608823, -0.52100932032092, 0.057466685872923, 0.10758828482439, 0.050161125909276
0.25305016791994, -0.065396508869765, -0.53428880251544, 0.057488740846111004, 0.13832977495621, 0.056210842952182004
0.25410048443898, -0.070903388219844, -0.56321316946436, 0.045822585335552, 0.097080827995314, 0.033257434889147
0.24675652827091, -0.073150405095577, -0.526685285928, 0.041336277720327004, 0.1026088757071, 0.035425647281334
0.26204984532088, -0.06766886138054301, -0.59329270733442, 0.047728731996700004, 0.10352135826658, 0.053077346604136
0.25583300429634, -0.071127431316855, -0.55855955818161, 0.041576431197634, 0.11867413586926, 0.044343025435037
0.26086908734289, -0.07091478791993801, -0.54136736871063, 0.055684552556867, 0.11200136232839, 0.037534833776025005
0.2665384155993, -0.07143058069632101, -0.51996344562725, 0.045258109349715005, 0.087594094088576, 0.035146215645737
0.24834184753045999, -0.061961262190670004, -0.43283301784173, 0.044086183914489006, 0.08084422926027601, 0.034524574485026
0.27511246536387, -0.066795050111611, -0.46002299649851, 0.050741398294600004, 0.052567134128229005, 0.032239391451431
0.29518559685039, -0.069180224252673, -0.41864374626879, 0.04616979324541701, 0.055633504543843006, 0.026415933766334002
0.28695228918281, -0.06819260417240501, -0.45189778699528, 0.057491365626009004, 0.08370919187919401, 0.031218955991766002
0.25504854146178, -0.067624056976607, -0.45373233966687, 0.056779448431443, 0.07854253514492, 0.026601026287543003
0.23176957911078, -0.071027398633837, -0.39205587868158, 0.06074050390124101, 0.0644400372554, 0.016999907977353002
0.27606755167567, -0.06550050934378801, -0.44503325503944, 0.07425759522080201, 0.033899724240607006, 0.028858034566795
0.27293420591672, -0.060720064174626005, -0.45708125165497, 0.056987161039361, 0.071922461082545, 0.0348552706284
0.24285404118536, -0.063917790908112, -0.50549450399679, 0.047124249870506, 0.16235648170323, 0.039888927525761
0.23508144010465, -0.046931644104079004, -0.31023296925887, 0.041541997069935006, 0.20588107870926, 0.029967164929232
0.2442333341654, -0.043585912554819, -0.64313085935162, 0.037300870776769, 0.06706977428416401, 0.0095032892953767
0.2521004889395, -0.07609115059490501, -0.9449970790087, 0.069906344018104, 0.050734750241665, 0.039129509632953
0.27479580413672, -0.09088487175972501, -0.85546309417853, 0.036006587625306, 0.082932807963516, 0.037515760081399
0.26515122612796, -0.096481435142847, -0.72639654676144, 0.042492945891609006, 0.07897136151537701, 0.028666649233833004
0.2515815558911, -0.073601203557163, -0.66981618145369, 0.066667297326576, 0.10940391039135, 0.039562508487672
0.2046262099642, -0.07575298026770001, -0.53059439615412, 0.066374493021938, 0.14689180513362, 0.026681733958681002
0.23736819368359, -0.072214312641405, -0.71884679547121, 0.060653434704657005, 0.079576299847035, 0.039851274320318
0.2531352419992, -0.073089780545025, -0.69339631304661, 0.053864547909150004, 0.075542063295053, 0.035472122889998
0.26735597965795, -0.07865951262418, -0.60322196105877, 0.058824441868266006, 0.07668705903002701, 0.022480424765004003
0.23901093008666, -0.07942449642442201, -0.6094743665683799, 0.039532690337294, 0.090152662041625, 0.026597648491890002
0.21428653097935, -0.07961335160482101, -0.36106800945645, 0.061686792525985, 0.07848185968186201, 0.020566155800695003
0.2750647984008, -0.076324853814173, -0.58931250338169, 0.059888703379964006, 0.0093778656813607, 0.021758370134332003
0.28456942436806, -0.08066685225476501, -0.66065857828326, 0.052891972512705006, 0.011511465289663, 0.025877836446389003
0.27403396547272, -0.073436967496339, -0.64723900762752, 0.067631872964361, 0.044117992771927, 0.031199024205362004
0.25952365839791, -0.074814790410066, -0.62681587111488, 0.042714130730859, 0.06498915820162801, 0.032264869073689
0.25444561714143, -0.07603046670197901, -0.46212632506779, 0.056262777787575005, 0.055597351439353, 0.023027233221406002
0.28213569963115, -0.069387405166593, -0.59337745710332, 0.060605401785329006, 0.022250329304927003, 0.036011485823867005
0.27943321006032, -0.07080043188868501, -0.60706542422152, 0.049643167302380005, 0.051122010774404, 0.03486092345319
0.27436833089163, -0.06886230483122101, -0.59659782027242, 0.063770602986158, 0.06777619619271301, 0.035624237562363
0.26870978177537, -0.07594990739671201, -0.58822625960819, 0.061532451759743007, 0.05666326147102901, 0.030947407801849004
0.24103062287005, -0.074121548697665, -0.44013882712057, 0.062127297742589, 0.057563678066781004, 0.032848006456138
0.28664866255105, -0.07012263180511401, -0.58463209593376, 0.07110721335445501, 0.049141289626407, 0.043171364039391
0.26051809912342, -0.07037259912933, -0.55395362163603, 0.071266419236981, 0.09210308467682901, 0.037234515388572004
0.2692577731783, -0.07129971657783901, -0.56030146303191, 0.07983341552829401, 0.09678643293109301, 0.043155254288069
0.26405317063167, -0.07543700992188601, -0.58097165032785, 0.067313851845022, 0.08165481477288401, 0.032974012794349
0.25843047994115, -0.07610311528440501, -0.51804126375679, 0.06922003150226, 0.072569971212304, 0.024081380520974003
0.28271232440313, -0.07021634890292601, -0.56639313834, 0.075009186966563, 0.09019772858128801, 0.030818633849783002
0.26108914347626, -0.06935867236079, -0.55118919485768, 0.07642628274551601, 0.10846492061926, 0.029339064790496003
0.27565705481021, -0.072397160615078, -0.57669522429739, 0.08457749121912801, 0.11103989296983, 0.030998279030216003
0.27397369685101, -0.064732036786593, -0.61042087639751, 0.07552172107753001, 0.10746336507361, 0.019675343817048
0.28006343193886, -0.07297300417763601, -0.5988406247614, 0.081732344039446, 0.062866419405443, 0.022516650291512
0.27171890291789, -0.07183532530924801, -0.6132937566561, 0.08744153137079101, 0.098667157207748, 0.034475590345323
0.24516803967397, -0.085681998934338, -0.50955120527196, 0.076029859677435, 0.11297082001284, 0.023525224110296002
0.26195430335533, -0.07642898800876201, -0.45507298523361, 0.085481669320218, 0.088188378696179, 0.025295592680892
0.23346537077298, -0.07442085089851601, -0.31558995711243, 0.07483257599588501, 0.09776219662186901, 0.014650914824747
0.27985709965783, -0.078839105831981, -0.34967413060235, 0.08812823067101001, 0.035840160151669, 0.01544264201709
0.28475227453339, -0.080878808153671, -0.54445547509394, 0.07843943045719601, 0.016535467445193002, 0.018517765408304
0.27946721307758, -0.077433476580565, -0.51363872907656, 0.088497923432423, 0.036465854571398004, 0.028093198514935
0.2694665962016, -0.08100850084347101, -0.54999739894903, 0.07484396607603701, 0.058497061762307005, 0.025489477678057003
0.25071500142738, -0.073709564843896, -0.51384592553916, 0.065066968115322, 0.035125500563705, 0.02197405451075
0.26560034770273, -0.07455080324220201, -0.50271107085964, 0.075795939895963, 0.0024162370912439, 0.022412378525034003
0.26525629651216, -0.07642905938381, -0.50609877191536, 0.075035491805581, 0.02793829763734, 0.020175897649823003
0.26586156782215997, -0.07347581312776601, -0.44137853664861, 0.089495817132795, 0.056771179422896, 0.026550215584887002
0.27882233754926, -0.07227474650196701, -0.50213871883418, 0.07616018502119101, 0.05456768809269501, 0.028046676357131
0.26171899411519, -0.070082643550127, -0.4952465177772, 0.06291419630497401, 0.059903844457894005, 0.019157874682699
0.28700267150758, -0.07537099116100801, -0.46127645477369, 0.08502178548438101, 0.036800237339748, 0.027307482621695002
0.28859119531278, -0.078469973056784, -0.53108620385397, 0.08152017502815401, 0.06887264878657401, 0.033854906148168
0.28115843978657, -0.07437703658912401, -0.52242533994105, 0.090852158924068, 0.09532764195470801, 0.040908018817179
0.28309636984904, -0.080769874834816, -0.55432152865338, 0.08956804951465501, 0.10685623089215, 0.031524872623087
0.26615204814372, -0.08475280952339301, -0.52053300400599, 0.06828044372076701, 0.080221806323462, 0.024097439381079003
0.31920312775925, -0.082546322958366, -0.51995200331576, 0.088690491808126, 0.088898472340401, 0.027663139818022
0.28604115823746, -0.08291656048191601, -0.50654408328115, 0.08320893699218, 0.09421172979285, 0.027774816857446004
0.28858266740645, -0.075375740806933, -0.44154265397376, 0.09468704874986401, 0.091553255929696, 0.019431251957418003
0.071577801500058, -0.017571934779356, 0.19429327532941, 0.10413065926337, 0.13907769848753, 0.035885115268895006
0.13854519174472, -0.026524417152867002, 0.13539195937683, 0.049684698672938, 0.031953990379184005, -0.050851747201412
0.30526785537921, -0.041855086253795006, -0.25979867405753, 0.044624979806661004, -0.03669586147264, -0.003143885364833
0.31792359440725, -0.086776253373452, -0.5318933631992, 0.006198909193945, -0.075988977942718, 0.034513404589271005
0.31447379269832, -0.11380704603555, -0.66362765759162, 0.0008747315290669, 0.012382225816055002, 0.027241727643041003
0.3345107139103, -0.12120619451935, -0.74395833796567, -0.027217768373882, 0.015555169913151002, 0.0072313893698884996
0.37656206618615, -0.124721670479, -0.73536212455168, -0.00463148334787, -0.024788422624581002, 0.0025243560494554
0.37585974544313, -0.11489955781222, -0.71215704058249, 0.0069035851396813995, 0.0078734423079202, 0.010704568906824
0.33237719488763, -0.10654567618054, -0.63641577188125, 0.014388461909571002, 0.040357177325381, 0.021917688729377
0.34672491601553, -0.11018516295557, -0.65335975096391, 0.016838958207941002, 0.052464722740790004, 0.024015984058899
0.34399488677797, -0.10811192368639, -0.70909721107535, 0.0028063562822821, 0.027144461764852003, 0.013780028922093
0.34860183130982, -0.10664563070017, -0.67688176160839, 0.018442875428694, -0.0033211292167135, 0.021257132648817
0.34592908234847, -0.10232729204501, -0.67615696650509, 0.022617817539543002, 0.031581615627714, 0.026441156318025003
0.32449006647489, -0.11154293474759, -0.60616375061628, 0.022071007487651003, 0.08602228324729601, 0.026792786715323
0.34301174332602, -0.10827843715031, -0.62815790312879, 0.039857247271075, 0.08641593375416601, 0.036586748693360004
0.34260697224587, -0.09651806089869101, -0.66917249046231, 0.030815906417862002, 0.059872921613693, 0.017863465635789
0.33170797068939, -0.098700249607061, -0.64163730597249, 0.039636135793462, 0.0319974661803, 0.019396477112068003
0.34341143395193, -0.088682727256297, -0.65058873213684, 0.04965025263562001, 0.07365224543441201, 0.028337356239497003
0.32059251544002, -0.097686912672513, -0.62171170723984, 0.036178899356575006, 0.088520996433919, 0.023890012264712
0.32082521192801, -0.09530354812059301, -0.61782388710094, 0.051870172634946005, 0.08640823111227901, 0.028243809566215004
0.32038648306619, -0.096469904637225, -0.62681695994042, 0.031078393556290003, 0.048953660531555004, 0.010344896896078001
0.2993431459953, -0.097699419530445, -0.50937616242614, 0.049622152603441, 0.043192378146508004, 0.020285462095759002
0.34073151678106, -0.09102464246884201, -0.58635017452463, 0.056033284612744004, 0.031038760492309, 0.022649226170610003
0.31742236345299, -0.09388197823725601, -0.54353559814127, 0.055037854911015004, 0.05675908239748301, 0.020472292698569
0.3171993757716, -0.09013396335106501, -0.52947006354075, 0.059980276805068004, 0.061706683216154, 0.023036410039901003
0.31856824541089, -0.089047991943799, -0.51511883611364, 0.055642897400900004, 0.05532288546778601, 0.017770921336403
0.31141195997259, -0.082137136254479, -0.53145257257807, 0.043993199568736006, 0.039054572456258006, -0.0012445801362211
0.29934429578964, -0.077986071041571, -0.52983181285415, 0.040251241992587006, 0.037526673992509, -0.0009935194073663
0.32189016267445, -0.081442844509993, -0.49264903359132, 0.055834767588389005, 0.05806126952771701, 0.025800161994460002
0.31561255247857, -0.07589047915386, -0.51256007418925, 0.062816913196236, 0.10875623911835999, 0.026920520032738003
0.3516516107768, -0.086743521049014, -0.49758975364546, 0.06235389997863801, 0.09025861603889401, 0.025149606158068
0.35124304114096, -0.09108791967822001, -0.48890582925309, 0.058177257303043, 0.10987196595432, 0.027904664290134003
0.33381826669544, -0.09171529055565701, -0.5006839455196, 0.057358861930861, 0.09952655328267301, 0.0088937849084966
0.29856743206501, -0.08594222165203401, -0.48325727407714, 0.05202742888618601, 0.10361073620719, 0.010735112038429001
0.32596063287516, -0.08026422306205501, -0.49292934641541, 0.090037850194078, 0.08588774200948, 0.037843913104134
0.32335553726976, -0.08260220275666501, -0.50521775383153, 0.084724800776247, 0.13341315545335, 0.025241089316361
0.3107678707594, -0.08941430229951201, -0.52257884069814, 0.08103604051333001, 0.14085468576621, 0.018339207520205
0.32608154376013, -0.094924428087428, -0.57646551705063, 0.07527566083760101, 0.14323690337923, 0.026114551165112004
0.30094630903686, -0.08705977982872001, -0.57059144662943, 0.059141297413589006, 0.12124507106561, 0.016475344592451
0.32684072706067, -0.10062097351094, -0.5015324931755, 0.07756766118269101, 0.10640314659047, 0.025670036600241003
0.32962487883902, -0.08711994850314, -0.55841341274113, 0.092971634855288, 0.12332367943555, 0.020123814881518
0.30637441249032, -0.090680806961523, -0.55525092951171, 0.08741258057298301, 0.13101335415482, 0.024818290034888002
0.31034402541046, -0.08850633925522601, -0.53141704415146, 0.086321280587856, 0.11782265040369, 0.021271338420710002
0.27904991191482, -0.090395360539019, -0.4010873883215, 0.07221427465648701, 0.094155763276639, 0.012465398360301002
0.30354597436787, -0.085499526000767, -0.40265217821205, 0.096063564586278, 0.048776832070793, 0.02401751265045
0.32642672533896, -0.090376157072765, -0.51398276970446, 0.08219435669093701, 0.041606598617526004, 0.027642708320235004
0.30466119334709, -0.089076184850904, -0.45842975324947, 0.083436332198281, 0.069444407914376, 0.026251469663521
0.30260305922634, -0.089662021096895, -0.45092976151125, 0.081281478315085, 0.085216666812109, 0.027151447856583
0.27841142096833, -0.10235515215776, -0.35850845538893, 0.070354565207442, 0.048227746192386005, 0.0055799245420191
0.32210551269453, -0.098839714815122, -0.51761895906674, 0.087192442775693, -0.0083883924654579, 0.0058212592730746
0.31926750872009, -0.090554571979296, -0.54883525098249, 0.093054528376024, 0.032969878140067, 0.015721898180015
0.31577037540097, -0.088737648653697, -0.50035094669785, 0.091799892563741, 0.066631124785615, 0.03184097811933
0.30947581792129, -0.094078934342851, -0.49153367984881, 0.075053249001374, 0.079689060416227, 0.027133957619380002
0.29339447520139, -0.09017669766759101, -0.40961176841381, 0.08222302003652901, 0.050925846746251, 0.030201269453712
0.32497118293041, -0.091716594229215, -0.54108323802316, 0.07783745982286701, 0.029295524643944002, 0.038433154310324
0.31978454637135, -0.099427570373847, -0.54402048753588, 0.080969582386704, 0.046229194120407005, 0.032692874538203
0.31782927320852, -0.09208650528692701, -0.51736649601538, 0.087719473381366, 0.069234184068051, 0.022965343378815003
0.30568065012682, -0.07655901295437201, -0.43882370038671, 0.088155908849955, 0.046706853174728, -0.010850286680921
0.30094226213161, -0.07668938611428301, -0.47192999187185, 0.07054692144379801, 0.053456964472698, -0.026225033758588003
0.32713531370182, -0.087477779466213, -0.48878876500627, 0.10000408898079, 0.06367774833645301, 0.0085678183488063
0.33095393772311, -0.07075453390979901, -0.59613975449636, 0.11095693327817, 0.10033200466166, 0.015412812601653001
0.31572496168365, -0.07570687147190601, -0.56049241441999, 0.10489174565321, 0.11583074729987, 0.0088067330425043
0.3007022625413, -0.080624691772712, -0.57689647856166, 0.10507268752098, 0.12493906729973, 0.021118646739719003
0.30549504014569, -0.084778322135087, -0.5461284695079, 0.08187057388350501, 0.11206132012257, 0.0041388384265595
0.31472068854791, -0.09084039656006, -0.51471263716291, 0.11379789138044, 0.11225062998302, 0.0009810473920056
0.32754935540383, -0.091025885114767, -0.50878468913777, 0.12213224339699, 0.10508526015082, 0.0037262453720302
0.34528512441112, -0.090315609452081, -0.50264567293519, 0.10411822251796, 0.11110691622293, 0.020432104988347
0.33861520886401, -0.083026344627098, -0.52898792149445, 0.10898420180797, 0.09429293005490301, 0.014773688629685
0.28252808336967, -0.08589237431848201, -0.42639602144668, 0.09686618417897801, 0.12226021518388, 0.0007525476268502
0.32354617980929, -0.089614466619979, -0.52053638280284, 0.10011756278253, 0.09588189700699101, 0.012605816766572001
0.30817050253189, -0.09443450710199401, -0.55606935223469, 0.09464074155804, 0.12685904686964, 0.019004007517834
0.31720922093485, -0.093829607245904, -0.5317758253959, 0.10084830919273, 0.1270661101127, 0.022264602173813
0.3147395426286, -0.091705644052658, -0.53240798211164, 0.094092195142761, 0.12513471079031, 0.020997011584939003
0.31011617107337, -0.087553326235058, -0.55454180906959, 0.082242190817883, 0.10140621197931, 0.0017258946043411999
0.31412226817814, -0.09338544584063001, -0.49989349612793, 0.12056177227957, 0.077733526976156, 0.015561720255760001
0.30663950438788, -0.08910610137885, -0.55523652772228, 0.11366463022909, 0.11875512318108, 0.018709355542759
0.28759908975207, -0.09955005324499101, -0.55309970630971, 0.10021376494638, 0.14480655366319, 0.018326033579984
0.30247527911411, -0.10129455624291, -0.55397134076739, 0.10071957603108, 0.14182288680651, 0.022384560096821
0.29821538548111, -0.095284886120038, -0.58025293114985, 0.079280965172853, 0.09384971813371001, 0.020890154322325
0.28947691346003, -0.08886279462412, -0.54309099746238, 0.080495994275768, 0.083433027078381, 0.014110401668586
0.27119610096128, -0.087257540089804, -0.50193571424906, 0.088385256651807, 0.085781151181921, 0.037227428568433
0.28961819411865, -0.1067325100819, -0.52725982321064, 0.060311405485235, 0.09708758590244201, 0.047105730014459
0.28425448977007, -0.10036546391389, -0.53175930972461, 0.079200997569667, 0.10536680778716, 0.046401680892468
0.27651563876526, -0.097766992669294, -0.54721158777218, 0.08542127897067901, 0.1167565609717, 0.034622124746518004
0.2742769376047, -0.09180091431109401, -0.55804366851579, 0.08054359994788701, 0.095676507932482, 0.022061427346647
0.2659304395087, -0.09161760675680601, -0.56407550887637, 0.064794554682507, 0.087036568485557, 0.012073106407618
0.25746228649603, -0.091811359767794, -0.45321934124831, 0.09971099466767201, 0.08734277425735801, 0.032279583832596
0.28106777307738, -0.093790441634859, -0.55004236058468, 0.081090477558811, 0.08852650662360301, 0.036503070876846004
0.26036567560285, -0.1054131724485, -0.53136172904414, 0.08623099218723801, 0.09193890850425901, 0.035741644599337
0.28770975084572, -0.09743224204818601, -0.51337566828088, 0.10298938182657, 0.11267035504725, 0.038202439498711
0.27211558637979, -0.09721704065742501, -0.51695252482965, 0.087309805870351, 0.10608045688752, 0.033181805684727006
0.27205474502307, -0.09408382754035101, -0.5178614384672, 0.08574248172611501, 0.095335306491446, 0.015560583686792001
0.26111216807794, -0.089740704976976, -0.4393385047996, 0.08884335993611901, 0.07227879382877801, 0.015265300195864001
0.28691733817245, -0.09003044113757101, -0.52495053802499, 0.096707386124233, 0.062197965646229, 0.038223867819831
0.29234806714381, -0.09206182794597101, -0.54785730195541, 0.08703478468499501, 0.10290683131728, 0.037408773131528
0.27474345496706, -0.09649993354866901, -0.51741990277494, 0.09236378106935801, 0.11519716082051, 0.038914369927094
0.28527382575532, -0.09668565856976201, -0.5390637669722, 0.096358748904283, 0.10571565815037, 0.029253679622606003
0.27440706517257, -0.09365210846027101, -0.53025229398577, 0.09101736065269, 0.09087345574790401, 0.021117035928956
0.27493026980104, -0.09269053101639901, -0.52203701051458, 0.07699512754044201, 0.08063910435702701, 0.023746739342648003
0.29589185057828, -0.09638018790043701, -0.53510995421016, 0.086650640469419, 0.07351934378543501, 0.038892489842505006
0.32817130690937, -0.10037334847084, -0.56411551330601, 0.087082468597468, 0.098276586898614, 0.03835247041532
0.31004730428983, -0.1015578909032, -0.5427304470969, 0.092697801380443, 0.11393956587039, 0.030038902981521003
0.31903682989943, -0.098230825137987, -0.57351779182793, 0.09801270487912601, 0.11252196674979, 0.030784623458273003
0.31103255249514, -0.092712211095665, -0.57576683026707, 0.097425921067049, 0.096684410279155, 0.020406117825053003
0.3088917017855, -0.097970038947515, -0.47758323316833, 0.09331094810713501, 0.12158996136676, 0.013350288477672001
0.34550833510743, -0.08973258955244301, -0.54172014794215, 0.098304632407492, 0.14992390922113, 0.024786885942152
0.32668881234572, -0.08855427630144501, -0.58648751410457, 0.10153961567304, 0.15589440280763, 0.020224663527051
0.325772914579, -0.090539769096247, -0.56562684835733, 0.10210223137695, 0.16016819795533999, 0.014982964221235
0.32812117595043, -0.09012856673562, -0.56609015313572, 0.09686087670272701, 0.15424567619559, 0.0040121500447565
0.30426550216493, -0.08978569695697, -0.44085816316735, 0.087707218697264, 0.16655287010403, -0.0094091085774861
0.30595419049276, -0.09039790795689001, -0.58967011266087, 0.07909136126725001, 0.13370350033731, 0.013986233976604001
0.29609873434461, -0.10312486530981, -0.5631035745768, 0.07766515389866001, 0.11859556969606, 0.017325080359638003
0.29426867420661, -0.096878678584547, -0.5091461572714, 0.09007067671193501, 0.11683520537311, 0.026427441226858
0.28767249918692, -0.10284173825678, -0.51133994761403, 0.07337784197512401, 0.10246194427856, 0.016434436078677003
0.27914708786942, -0.10782918420912, -0.43937823724532, 0.092185970841638, 0.023342841043407003, 0.027136913921524
0.30263050690913, -0.11225195758352, -0.58405999545145, 0.07155734932039401, 0.052085495551025006, 0.031811954649755
0.29431105534321, -0.11506644217331, -0.5411620337072099, 0.06459794301876201, 0.11259205436843, 0.031732438515583
0.29125468513389, -0.11142721715535, -0.52073759355001, 0.07546501551211701, 0.12252977597175, 0.033757200878788
0.29354504351434, -0.10845235231136, -0.52332486824043, 0.068941632995435, 0.1042712675029, 0.021705535617259002
0.28523331485154, -0.10695504901156, -0.44656186484876, 0.080260065339099, 0.06437023956705701, 0.026996093402323004
0.29432427756124, -0.10545240110387, -0.51776061039377, 0.07662596447862301, 0.06473030547527, 0.024971174392366003
0.30010346415596, -0.10164518336904, -0.5044877161091, 0.083600730684947, 0.088885943969446, 0.020634935233035
0.30171996875085, -0.10164062985415, -0.48983705188793, 0.077454768080207, 0.098596745427537, 0.026204388894229002
0.31572627234217, -0.099716641148894, -0.50368120206523, 0.075242658247247, 0.09024018920453, 0.025270645814020002
0.29520597023716, -0.093053781407716, -0.52121223642085, 0.075856729195626, 0.081437388810743, 0.013802016656118
0.28335430511532, -0.09071047083147701, -0.48247424453536, 0.06703778067334701, 0.082531942971689, 0.009019714769134499
0.29099713468601, -0.095778276921923, -0.42268750198391, 0.08577649908538701, 0.07166215172316201, 0.026084385588914002
0.32142768899614, -0.094832120977531, -0.5604522296275, 0.087098480578827, 0.082384795145702, 0.028668235949844002
0.3027377410846, -0.096834287234125, -0.56541001270884, 0.071727251292604, 0.13211092029684, 0.02863157919443
0.30329222283498, -0.09326061659000401, -0.56098852000332, 0.09518022147462801, 0.15872815172184, 0.035680066070345004
0.30904933655177, -0.09178695534688801, -0.58785925047141, 0.09356501210732, 0.13515843043186, 0.02818494209455
0.30847041258669, -0.09251691267847201, -0.59701291174976, 0.07540241625617, 0.10568526682263, 0.011444469632033001
0.31043462416536, -0.10239840603824, -0.53001326667194, 0.08642048095059, 0.10430795283205, 0.018113875712023
0.32714446906433, -0.090593704918905, -0.60097725248607, 0.09413440025297001, 0.13472236700984, 0.032411969435298005
0.3197382128173, -0.09562841722580101, -0.57338279423435, 0.09423505059690701, 0.13221485686833, 0.018712351027750002
0.3260376635438, -0.09406207879738, -0.5769050170098, 0.098705122032821, 0.15462872038952, 0.027859691485347
0.3106954108661, -0.09458172089937701, -0.55954156327023, 0.08793648951700801, 0.13626408748237, 0.015568239512106001
0.29638808257932, -0.09850583323495901, -0.47191530555998, 0.081669402482708, 0.1405064609076, 0.010598088423824
0.31753103986508, -0.09439619904754001, -0.5861722013591, 0.093646256662317, 0.11053635289527, 0.022229565522375
0.32447018873573, -0.094364217528596, -0.58812263339333, 0.07971581868746201, 0.12450039155174, 0.009862792425180799
0.32349714973026, -0.09046671996477801, -0.56675179585573, 0.080481502948126, 0.14566177420574, 0.017378776791724
0.3165859247841, -0.09302980519263901, -0.55375230913917, 0.07290923326771101, 0.10862367326938, 0.011710840462908
0.2937843346742, -0.09825172818507001, -0.48179892324543, 0.08354700061165, 0.077768647126761, 0.010361024481822
0.31259375512775, -0.092107569166005, -0.59275396794956, 0.075895545903467, 0.09347282515914801, 0.020753245031802002
0.30020511328344, -0.09655814155615101, -0.57077120327351, 0.07421157328210101, 0.091978507629957, 0.021085520172946
0.29745779916001, -0.09903914930216401, -0.54860450898708, 0.080326756291309, 0.086982167922916, 0.026526201825277002
0.30131699878943, -0.09482484285870801, -0.54917407819599, 0.080403174506829, 0.08023215150493701, 0.019045082969335003
0.27124743178681, -0.09745957457539801, -0.46737905712137, 0.085648223504143, 0.042503462984923, 0.012293716798514001
0.31767725483996, -0.09951287684167501, -0.57307625736926, 0.080831953181648, 0.042712245603989, 0.026646609951957
0.29610094776407, -0.096724172100889, -0.52656177196522, 0.08026418962350901, 0.11331205376318, 0.029964049416758003
0.30581863963227, -0.091752507512646, -0.52410891579448, 0.08644833265469501, 0.1184476690079, 0.034336769877067005
0.31074454805974, -0.094548432312062, -0.53023810264503, 0.07027731466530901, 0.10089129388067, 0.027277608876927
0.29824728182026, -0.09279315904318401, -0.53353308248708, 0.067969163279067, 0.08893273909835901, 0.021723067101562
0.27915496965906, -0.09272805155348701, -0.48175196265781, 0.06894112558920701, 0.081523102826209, 0.023082766425245003
0.31077943585897, -0.09531866961422, -0.52663831328904, 0.071257162518108, 0.083791079161235, 0.039369179778364
0.31041515602664, -0.09534011116282301, -0.51733860925125, 0.05630714468731501, 0.10675335950379, 0.040857997063663005
0.30207274384399, -0.10362344107547, -0.51004223982027, 0.04559665948622801, 0.13518205078819, 0.048723900722504
0.31417895996778, -0.10913651027178, -0.53847084715157, 0.050540857505895, 0.13083633823454, 0.040564231106151004
0.30243657510577, -0.09023059376997701, -0.59751287704679, 0.070398341132588, 0.11737746169714, 0.038240451972327005
0.28585796315553, -0.07707581091472, -0.62241850625728, 0.06024743184348501, 0.10844767809044, 0.027047460718462
0.31678006378972, -0.08745518509549201, -0.59782319146019, 0.07714074209253001, 0.08038245112481801, 0.037029669559754
0.32574251591164, -0.085186837476886, -0.62877040205375, 0.07112261566420501, 0.11836788278525, 0.039264228792797
0.3294996356294, -0.094653147550082, -0.59111051498212, 0.07347832699591801, 0.13446081774521, 0.025657656579618
0.32985186791201, -0.09203820449795001, -0.61915654497958, 0.079508759546488, 0.11693965436896, 0.029565572089565003
0.32289387166578, -0.09093260354788901, -0.57367739358566, 0.080005498645978, 0.1104291168417, 0.010817626848117
0.28478053876193, -0.09150395435339201, -0.37996036639138, 0.072220134553185, 0.15775864434585, -0.015642963132923002
0.31696631625996, -0.076607384021996, -0.52287108875538, 0.084782627134957, 0.12764631658745, 0.010360512578441
0.32051658313646, -0.06848399586716901, -0.6111348947315, 0.07912624170535701, 0.11765718159465, 0.013037503157132
0.32165429398129, -0.075193290358627, -0.5938292543666, 0.080893395013288, 0.11734521887658, -0.0025698368436781
0.31770046741293, -0.074453293335469, -0.59699140015538, 0.072127303493785, 0.11092708472313, -0.0015885249109209999
0.27860326383445, -0.077904892839862, -0.55385464202615, 0.065871025407778, 0.09637810795932601, -0.011939561521833002
0.31536392972201, -0.078063300192885, -0.53956254270865, 0.08322117673759201, 0.040606801275082004, 0.0073524894134161
0.32489781785578, -0.08499236266910301, -0.61877622830467, 0.08533733376432101, 0.076833467077886, 0.021683103465823
0.30883752495116, -0.092484752888388, -0.55380608578404, 0.08340226825666, 0.064374106729134, 0.019829019213622002
0.30157237230383, -0.094188465720576, -0.55117618088019, 0.08483083325410001, 0.08299466491491, 0.020353389167767
0.3011533537507, -0.0882618392954, -0.56268729442408, 0.075453249829976, 0.09778137291218501, 0.014951172850460001
0.28957313301694, -0.08653267040142901, -0.54968306062226, 0.067171343655024, 0.08666676793854, 0.018540733255959
0.31450570422521, -0.089193960952576, -0.58015063485275, 0.070738534550794, 0.07355791197669001, 0.034902282896251004
0.31492832367406, -0.08895199804426501, -0.56198604427029, 0.072502131815996, 0.10004556006407, 0.035474580333551005
0.31899212310751, -0.09034442499108601, -0.57167465029457, 0.068001974656464, 0.090858018467262, 0.028848707461048003
0.30191819554402, -0.09005104461961201, -0.58148138449349, 0.08256860583070201, 0.11204093357513, 0.034683359777089
0.31478995878371, -0.08441785454277301, -0.59359800942601, 0.06790011221821901, 0.089289918906036, 0.028778548639804002
0.28723256260308, -0.085343165923809, -0.56259885074301, 0.059813894829093, 0.07090472739044901, 0.0075040711955395
0.30012739967408, -0.085341299945365, -0.51003459048983, 0.07855347588594501, 0.050891197486747, 0.032636438844689
0.32633381836893, -0.08728738268107801, -0.60809343090406, 0.078409437522341, 0.081246976051784, 0.03192873242005
0.31655519728379, -0.089104794318359, -0.59264037604747, 0.07203862001319601, 0.093048082145205, 0.024725540256378003
0.31759922793553, -0.085547228973297, -0.61268855202116, 0.08115902038295701, 0.11392692323786, 0.030646790356338
0.32471193085323, -0.087425964974069, -0.62829673026719, 0.077002963953354, 0.08568251917736701, 0.023134812704851
0.30296880115607, -0.08349131216585101, -0.62363273675929, 0.056698480440164005, 0.077216783828971, 0.010743871296013001
0.29690827479563, -0.089752783301246, -0.5551188220709, 0.07963034818727001, 0.047352855499516004, 0.014277858855979
0.33169397822926, -0.084542422035426, -0.64000764270511, 0.079864788813216, 0.09129511298919901, 0.027995447050129
0.32206157287298, -0.09047902526391201, -0.64226152834692, 0.07551199821373701, 0.09624603708285501, 0.023936272810662
0.33242893651363, -0.08647184929583401, -0.6375839516888, 0.08035876010059101, 0.10715252252699, 0.033068084889180005
0.32181476039019, -0.090699077435514, -0.60900481975696, 0.078624611132665, 0.07698652829159801, 0.020254490073988003
0.29743904990245, -0.089833831150661, -0.55453734122065, 0.06636166996991101, 0.07778032620120101, 0.017150525715586
0.31714256664271, -0.08945382307640301, -0.54083215580473, 0.080299885536322, 0.049282979625381, 0.030994435157928
0.34011440225261, -0.090717296351147, -0.62576398540736, 0.08207314673011301, 0.06368714880977301, 0.026462975832806
0.32376530546441, -0.09109233979568901, -0.60945288679733, 0.07109670707184, 0.068599982767787, 0.02079251964826
0.30928640061504, -0.08934821613742801, -0.61597644666853, 0.068120827259148, 0.074590089466952, 0.029949211638899003
0.31378355063985, -0.090372916361155, -0.59770075592481, 0.053035780261328005, 0.042891575950058006, 0.024768912971416
0.27980813355924, -0.092044139882112, -0.47670654176533, 0.067412422888903, 0.028877705678516004, 0.016686955558707
0.33258472228429, -0.09322952901502701, -0.62757670340761, 0.058308571559630006, 0.046436311639468, 0.036322594207662005
0.31855259129432, -0.09892259059029, -0.6305692124196, 0.053589023406246, 0.060353770836262005, 0.031746029773643006
0.32408427965081, -0.09796110010855101, -0.60063343962859, 0.069944964733297, 0.072419233803287, 0.028641497447663002
0.31816822655879, -0.09380664186034901, -0.59762184266505, 0.06636524191633801, 0.079177411647728, 0.036222328602997005
0.30145365078934, -0.09152251416913801, -0.59588715902572, 0.056045554038, 0.068810050356788, 0.0264627224151
0.285010670632, -0.09418179800731101, -0.51278339512704, 0.062785937629837, 0.044655446512895006, 0.029816397978104002
0.32732727818376, -0.091431403401262, -0.61664005176731, 0.065020523666837, 0.030422496709164002, 0.038106867740013005
0.31994897047612, -0.09468224957436401, -0.64055576869474, 0.043485167174619005, 0.07093285939681801, 0.042315497860101005
0.31081042350915, -0.09961337514571901, -0.61824535160421, 0.051278631713009004, 0.10559185618271, 0.047579011700822
0.33562102442395, -0.09610513050522801, -0.66219847060278, 0.053848306143369, 0.08390006102576601, 0.046099141228276005
0.33189600935525, -0.08749703515568001, -0.68408601822811, 0.06505825918125001, 0.081470251590774, 0.022183075404180002
0.29310011978737, -0.09221691932857001, -0.62517394508345, 0.061612682937901, 0.057911665743427, 0.016620745958161
0.33000760834272, -0.09701096019692901, -0.67486051486838, 0.06848086200672901, 0.036657583131353005, 0.028681512901727
0.33913256477261, -0.10173067432679, -0.708622141533, 0.06507732377792301, 0.08578356360113101, 0.034569203957304
0.32576816196931, -0.10901407530558, -0.70958617268261, 0.069796560831025, 0.094196736185484, 0.03453977619712
0.33415536486867, -0.11871550746126, -0.73018685438373, 0.041785446384827, 0.092901563135312, 0.046081117595669005
0.30132623865963, -0.12085673339434, -0.67451142831186, 0.04258030920696, 0.059521885505884005, 0.053937855638863004
0.29894589375219, -0.11606733702037, -0.68058914356206, 0.061448382187736, 0.093316605382128, 0.056203156896820004
0.31156647277256, -0.1119520641148, -0.67328045064578, 0.053161570447869004, 0.11880794453679, 0.031279259534473004
0.3308160006336, -0.10578630851911, -0.69248412175063, 0.048156871707471, 0.08847999229547, 0.035368953913896
0.30263964479046, -0.11866356472572, -0.65410277549618, 0.054228959211235, 0.12301617035592, 0.044930166635467006
0.27482453329369, -0.11929497355087, -0.64753289214053, 0.045542504645169006, 0.088583926717679, 0.042328357232080005
0.29870325865504, -0.11980432013563, -0.6749287218787, 0.054592365411917004, 0.027801691976954004, 0.020708163816131
0.29074265511536, -0.10757610223992, -0.6656666164478, 0.060060322126971, 0.063545884978078, 0.029302876283768
0.29321893456866, -0.10542609863021, -0.62552436030968, 0.05674985676322, 0.08019495361841701, 0.035926999230693
0.28685965697411, -0.10834048595958, -0.57095327528071, 0.043091714198635, 0.061204456814575, 0.043478489708662006
0.26021001846473, -0.09953685208481201, -0.42347814785536, 0.06571436495614001, 0.027161837352032002, 0.06190521067905701
0.32523253814979, -0.12074552923728, -0.61488836826835, 0.054666167770954004, -0.011880802528650002, 0.048335881431137005
0.32117504704973, -0.13420548174112, -0.63723073430296, 0.044554400264386, 0.020806576665892, 0.049879451254524004
0.32644248560657, -0.13176997549152, -0.61186392994191, 0.053551289491115005, 0.035160258933215005, 0.049761454295549006
0.31832033405233, -0.12215628468468, -0.59405115935607, 0.056911581494567, 0.043422540764884006, 0.04840505745359901
0.28567987652236, -0.12015332050126, -0.53835390386187, 0.040639722161745, 0.053134626630854005, 0.048333797909498
0.33741858645498, -0.11670619823528999, -0.45429112268167, 0.060367726227578, 0.035343800616587005, 0.058550144442869004
0.32415341429943, -0.12326243159592, -0.55578326860105, 0.06270163510247401, 0.035231442558009, 0.06939294520899701
0.30457634325917, -0.13781342362649, -0.56941925283573, 0.059661823204610005, 0.051217369616198, 0.07171828913544101
0.28605546998793, -0.14625341793878, -0.53781042282125, 0.054420233715704, 0.08496761928052701, 0.037307036496731005
0.3060562195837, -0.1097186841428, -0.60531504111175, 0.080211269917352, 0.08464327033777401, 0.049067898346035005
0.31870226807665, -0.099958616114139, -0.64067724339113, 0.09175249269067001, 0.093996411081571, 0.057847294976262
0.30454613326088, -0.1069437842822, -0.59266607084765, 0.091968638414248, 0.079715294790591, 0.050393633088005006
0.3352574433144, -0.10410576167841, -0.67137854010195, 0.10434587632002, 0.095862932346802, 0.06361667939077001
0.32371518167967, -0.11126156781432, -0.66651593846826, 0.07197322783250701, 0.11566407008446, 0.059907174004829006
0.34783386639586, -0.11297622431959, -0.65469547801719, 0.07965238887083101, 0.12613075711173, 0.057640895498907004
0.34106026470058, -0.11225969893585, -0.67279243682048, 0.07935330137558001, 0.093667001988295, 0.05721111923492601
0.31378152022248, -0.11454231028693, -0.61519330324677, 0.059941625342404006, 0.11878535857736, 0.05435576021544
0.32361596443818, -0.10376024843956, -0.52555881020897, 0.08467160468974601, 0.12932877702905, 0.060044139999728005
0.34944571770003, -0.12976079493801, -0.68073580487983, 0.056974049528451004, 0.11811074568581, 0.047773903291816
0.34167036808227, -0.13059989474979, -0.66511315442019, 0.055664321152357005, 0.10912822838173, 0.047873362550603
0.33156887848315, -0.13116057900018, -0.67918161028809, 0.05564089754799, 0.10823415373456, 0.044783585236411
0.32442537613187, -0.13119603274995, -0.68510685744903, 0.08018501319271301, 0.052729611141787, 0.057302552494786003
0.33576154687647, -0.13179332904425, -0.73658160114753, 0.066116855179981, 0.036683911093463, 0.058803235570241
0.32081830196368, -0.13034387856255, -0.67869077926235, 0.062278177807946006, 0.071211920843532, 0.069209272046275
0.32001376555526, -0.12564453040754, -0.64022085753567, 0.07245669580773101, 0.08973403138203201, 0.071754101157257
0.32537623771954, -0.12637905486401, -0.62988751976471, 0.07251201254051401, 0.087691886323463, 0.059002332852916006
0.29852550697088, -0.11782290446896, -0.56878556832288, 0.071234696353545, 0.04990471151731601, 0.060099388619889005
0.33471628050168, -0.12150020538751, -0.62542205656404, 0.071154834937626, 0.030471913809418, 0.05655004342045
0.33408977319974, -0.12587658627173, -0.61724426533433, 0.066987803916339, 0.064375386611878, 0.063804992807998
0.33308565969911, -0.1216367013921, -0.61025135336297, 0.06620797643499, 0.063860388463731, 0.06876971208530601
0.33687531089647, -0.12341539928591, -0.64096475733538, 0.064795140863891, 0.07333191369877601, 0.064861957794746
0.32229969885918, -0.12183623123343, -0.62061863681673, 0.05707861041745001, 0.049820014217241006, 0.048566207153499005
0.31054604472837, -0.11761661582949, -0.59736566544778, 0.037589324336421, 0.054354169492877004, 0.041833704078204005
0.32272743296355, -0.11720899693637, -0.49846141834725, 0.062966996960063, 0.040959212349369, 0.065684835689628
0.3471495611372, -0.11539510188172, -0.62702808985153, 0.06117955985520301, 0.040660747202840006, 0.060576986762099
0.33356200697214, -0.11469641418097, -0.61563927726459, 0.062535956043615, 0.071851691634969, 0.067481440536617
0.33846376669553, -0.11838765313132, -0.61294283699989, 0.06448347442900601, 0.071933496007477, 0.067654833597916
0.33900418309152, -0.11392024718755, -0.60699219562294, 0.060934730220355005, 0.054327321072937, 0.05571804239079001
0.3144978835985, -0.10829874277608, -0.56669434741878, 0.050296093801846006, 0.039436449094634, 0.044435960683433
0.30712144166258, -0.11264343879698, -0.48637889110754, 0.0512015246022, 0.043297121818089, 0.051461156649293
0.34093020781081, -0.10990215063248, -0.54528710109306, 0.060497571263397006, 0.019022009882865003, 0.061825034004791
0.36283771342858, -0.10978854034578, -0.66363968521212, 0.054347857143023, 0.014050285720422, 0.042795374515146006
0.3557639119571, -0.11283033962462, -0.66338249596367, 0.05948476719243301, 0.026097148068719003, 0.041615343198154006
0.3520917535357, -0.10661200823292, -0.69038319839366, 0.056823358068618005, 0.070117836601293, 0.057336258310725
0.32762662636243, -0.10296335879318, -0.67867472696573, 0.054059325703436, 0.09774916260470601, 0.05463541669551
0.30767400334109, -0.10180616361171, -0.64033182116229, 0.05670040761904901, 0.08711183051503, 0.040851852347216
0.35321552288058, -0.11067249883257, -0.63854308742309, 0.08030799852175001, 0.085867758238839, 0.06307454961179801
0.38070345671152, -0.1014832086938, -0.66857683409916, 0.072010605798831, 0.11396696398209, 0.061049049717065006
0.35558276218184, -0.10765110469738, -0.6657445401842, 0.06793695845582101, 0.10656039703875, 0.037981881509855
0.37295147205834, -0.11032696301221, -0.68424368310996, 0.067249874144772, 0.10885212598073, 0.05042581257545
0.33864100140367, -0.11127698523976, -0.65816875231753, 0.055987957745822006, 0.10230677823667, 0.031769588070459
0.30925749920365, -0.10789024281022, -0.51661975685843, 0.073766154822217, 0.10095141047585, 0.038213928942398
0.34560703662994, -0.1032890246357, -0.66514505977897, 0.071973942958268, 0.091363118369005, 0.042819272392576005
0.33395939297371, -0.10092454095558, -0.66763662426465, 0.058410085988431004, 0.09164420734071901, 0.043491256276542004
0.33204627939312, -0.10591193082525, -0.65706453905156, 0.057582888162779004, 0.098851351273834, 0.042081367515769005
0.3230415868545, -0.10418619888003999, -0.6446679080803, 0.061485030200164006, 0.09006336460438201, 0.036930098481465
0.31026735171996, -0.10242069598442, -0.59051756187929, 0.06305443506292001, 0.048196723718205006, 0.035354312108163005
0.33005102687266, -0.10189191967942, -0.6607213124847, 0.066984455941239, 0.054069655276605004, 0.044581544250610006
0.32896786256338, -0.10263383054898, -0.64103469134805, 0.059539078921614, 0.092173277957178, 0.052277740748530005
0.33130898730146, -0.10264975943423, -0.6172757221959, 0.069454696120076, 0.093491841665281, 0.048793425208297006
0.32691356321084, -0.098819075297757, -0.62060425988652, 0.058835109007559006, 0.08287740206456401, 0.048585272693516
0.30423911133847, -0.10550487915832, -0.5759442532174, 0.05259689692278301, 0.06748230049110801, 0.032825230703419
0.32576792345925, -0.10310199167381, -0.58261764130129, 0.064892171001336, 0.036221090598341006, 0.048169319303507006
0.34382683995445, -0.10538341755517, -0.61503634738952, 0.060719567359645, 0.049270188871402006, 0.05875964505575001
0.31928112576849, -0.10451919894072, -0.61052924347145, 0.048640595399869, 0.094938965097367, 0.05433777598721701
0.32040116720169, -0.09764650434571501, -0.61420729846605, 0.06035614602481001, 0.08927693186846, 0.047325951539225
0.30937128254195, -0.09938939977075201, -0.60079959068137, 0.05201567496500201, 0.059524015756677005, 0.039662110525026
0.31383186198236, -0.098756035330248, -0.52178693434075, 0.064577008609387, 0.054634858493094005, 0.038492337849531
0.33414821759734, -0.09998405931445901, -0.6644508544422, 0.05577604889796801, 0.052187312198798005, 0.052627255256506
0.33495033624933, -0.1022943666889, -0.64729863634664, 0.054217442283033004, 0.072237034202606, 0.047250138998995
0.33871807819643, -0.10390889727427, -0.64410192418372, 0.062305315702062006, 0.09448999132772301, 0.048134662945887
0.32979871279843, -0.10183968085457, -0.65919675138378, 0.062638141657701, 0.08090434545366701, 0.04201631162444
0.33189387549762, -0.10043864243963, -0.67760839198092, 0.052550855960856006, 0.057669073931987, 0.028786323286597002
0.3095210697601, -0.10970184472439, -0.60682589839395, 0.062717266663768, 0.061600506030109005, 0.027244793933377
0.34051783363976, -0.1015337629957, -0.67111658707414, 0.063696048604402, 0.09414260855209401, 0.047277979513869
0.34369889969829, -0.10724169592498, -0.68686718250948, 0.06378909408184101, 0.1036395482766, 0.046155783739936
0.36300025851253, -0.10365997651679, -0.68758407197175, 0.06931599829122201, 0.10440345426846, 0.048108251401314
0.36052722998369, -0.09937909815418901, -0.666961247238, 0.06912444321823301, 0.08517213397930601, 0.042215139479404
0.32736708728729, -0.10671904358224, -0.5795924035255, 0.054790567357182005, 0.12252834195504, 0.041562659208896006
0.3323262892049, -0.10032929517624, -0.59057146706916, 0.071477704148909, 0.15973792203733, 0.051336368930494
0.33314283256931, -0.10720530652821, -0.64553456603243, 0.058035304701341, 0.15720718062529, 0.050551027420687004
0.31719823738115, -0.11276947748194, -0.63129255229138, 0.05534745946531101, 0.14971142296874, 0.044412635399486006
0.32250705053492, -0.10786025092089, -0.64645922835652, 0.049500384760216, 0.12483869363692, 0.043679269326439
0.30310693405712, -0.10604578026044, -0.63275916740368, 0.043760809162685, 0.073676870754995, 0.038822973649003
0.30440853084461, -0.10047503320466, -0.64832753321588, 0.052640699986832004, 0.11288166156493, 0.049949758012685
0.28891660800825, -0.10614961307454, -0.60589614668782, 0.05085417189732801, 0.14287108648849, 0.054978947313638005
0.30361544968402, -0.10747089883211, -0.64302506006663, 0.05733713444586001, 0.1232022393878, 0.053117643113414006
0.32475930088568, -0.10757391380945, -0.67778878665701, 0.057480339696053005, 0.10657208538545, 0.051504348345526
0.31382929186734, -0.10677994132675, -0.66603729731579, 0.038349058812741005, 0.068914748534844, 0.041753384311523006
0.32167943436305, -0.10806863806751, -0.67420032479449, 0.049221606393917004, 0.031695407167473, 0.050573401529229005
