Pichu
0.0, 0.0, 0.0, 0.0, 0.0, 0.0
-0.015737847536523002, -0.0023109423264382, 0.034652626183190004, 0.0081660823840818, -0.012870112105575001, -0.011411543298452
-0.07183280842771801, 0.0001023014315951, 0.14297425028214, 0.013680991954932002, -0.011459929329158, -0.0063482342771473
-0.054389997749701005, 0.0031157682070908, 0.13876083756416, 0.0009931119888413, -0.04875572553229401, 0.025430562504039002
-0.055984136837656004, 0.0007166598496793, 0.17589983147378, 0.0073404264807561, -0.067341102806538, 0.013358600345463
-0.06248347668039401, -0.0073404488047629, 0.19413474448304, -0.0096759751503252, -0.06517548061903701, 0.00011790379352659999
-0.05112207274578601, -0.0053821717379477, 0.18022934433359, 0.0062759481661997, -0.075380035924468, 0.0006107588519433
-0.06207448035161801, 0.0030779458788243, 0.14171752088741, -0.0031700278576669, -0.082915871705716, -0.013508073222337002
-0.079668021655015, -0.0052708944504628, 0.19075600976944, 0.0037984493540355, -0.1019649052315, -0.003102882127563
-0.062653114746071, 0.0036821400997631, 0.11875887308101, 0.022427239569021002, -0.12568318276075, 0.0089241890548599
-0.041323999436539006, 0.0033482536225348998, 0.10084686205059, 0.019783317675085, -0.10594672173057999, 0.012142143889207
-0.033533575140741005, 0.013996820532671001, 0.06481093035285801, 0.015899227275291, -0.04539263619626, 0.0092441063647116
-0.053611561936979, 0.015068704358577002, 0.059415791595799, 0.021438401256262, -0.045487486069083004, 0.0013917605046127
-0.039651671237848005, 0.022452800024810003, 0.036506061049303005, 0.025114348831532, -0.026770131765618002, 0.012426657414015002
-0.038626832438362006, 0.018523171780062003, 0.038039500200979, 0.024799516568580003, -0.033219238604581, 0.0004493027236877
-0.014612319416628002, 0.022816253762046, 0.026604401234351004, 0.018782215682705, -0.0055827331928436, 0.032571381546518
-0.034317622279849004, 0.013230804236748, 0.067982224654246, 0.021770072263057, -0.018910510583907, 0.017821451586818002
-0.039871863572357, 0.0098355595820264, 0.11231114858662, 0.010570369213640001, -0.027012595180625, 0.0028951967026537998
-0.048044823772443006, 0.014348049306981001, 0.11770902920142, 0.025199459303947003, -0.027140370467686, 0.0095488251742017
-0.051103995330061006, 0.016690019739904, 0.10880534954459, 0.018201474645236002, -0.019953574167367, 0.016675163915138
-0.079558011430648, 0.011856283405067001, 0.18972317301726999, 0.020942476608732, -0.039037585405463, 0.020348671618496003
-0.07365847271067501, 0.015216373262632001, 0.14313330344347, 0.024161712300677003, -0.074239124204366, 0.031240671075019003
-0.086592800442958, 0.010091703188367001, 0.20636989011127, 0.021348747937281, -0.067808494440807, 0.016785545551097
-0.08671048376580201, 0.0098247580570681, 0.22428903209608, 0.017099231495916002, -0.07946690333889, -0.000436280506429
-0.06810067734545, 0.014149200488649, 0.20388025557746, 0.028768536425650002, -0.058453602578911, 0.0093412918855266
-0.056716359355835, 0.02276856767724, 0.14999423599565, 0.017176412060386, -0.062366849293528, 0.014633396136042
-0.09305020198083101, 0.025074554313861002, 0.15328767612674, 0.026196059847861, -0.073758933277453, 0.010441108667749001
-0.075135051233429, 0.031651615163666005, 0.13000732573962, 0.027515899643544003, -0.09419215992029001, 0.030248257831862004
-0.074656504152023, 0.018330385160461, 0.16696894322228, 0.027696037771804002, -0.086358703459901, 0.011639808667122001
-0.06274588824265401, 0.028263297404755004, 0.12631049669396, 0.023340130755532002, -0.059923743825732005, 0.016307099079781
-0.04854896272358301, 0.029483470118668004, 0.09941415442550201, 0.027713641917838, -0.017166029247699003, 0.022055170170548002
-0.05106605412255601, 0.028922870555717003, 0.09018875414637101, 0.022618113372853, -0.012571362065605001, 0.025993546034303
-0.051066503210775, 0.024014982434424, 0.07849341524626101, 0.036482478249767004, -0.031396200262396, 0.012327276662153
-0.044176857451481005, 0.029704581904024002, 0.048828562313012004, 0.037624269417122005, -0.011199884456752001, 0.037259485947668
-0.057806175998805005, 0.028892433769319003, 0.05073106776408701, 0.046738615134038, 0.016159647151076, 0.013241930147067002
-0.03984061227947, 0.024446226707291, 0.044744732430260004, 0.035745598806651, 0.0062488117526023, -0.0043108866837311
-0.029702048050901004, 0.029527458029936, 0.060465685541846004, 0.024414512227978, 0.0047439028581566, 0.0034714159117748
-0.025042593003149, 0.031942995476958, 0.039617850056375005, 0.028424626842157002, 0.026763088914644004, 0.0055014662217214
-0.088623249578652, 0.014747568717003001, 0.14019837914068, 0.038047072603051006, -0.037525719556873005, 0.0063351253469892
-0.071385570894492, 0.023068411406075, 0.11686634242338, 0.031857676899040004, -0.07186234984463401, 0.010542932976280001
-0.10673483274575, 0.012814274348126, 0.20279078768898, 0.028237932767118, -0.076581853246711, -0.0076853384142472
-0.07630881757562201, 0.021004093774493002, 0.2056957041459, 0.019594777118238, -0.08113759025424401, -0.0072547963912187
-0.048170990173458, 0.025449354726406002, 0.22165796094067, 0.021305857521134, -0.05972903016851001, 0.0029753791689908
-0.069220655782425, 0.022010408911279002, 0.2428592760372, 0.024839588395698, -0.042915832212488, -0.0088906362688808
-0.022755075773814002, 0.016163755803877, 0.20975809289851, 0.030439777999782, -0.11168991540826, 0.013317480511534
-0.034794423640872, 0.012722997135726001, 0.17661274577366, 0.039667809687554005, -0.13502062815686, 0.01440089583027
-0.064305417419073, 0.0098448091877862, 0.2188141636452, 0.021671777350678, -0.11984361662327, 0.0082037457847712
-0.072139486945201, 0.01175023569967, 0.2018496701222, 0.035889046421405, -0.090428149306033, 0.0065085813378155995
-0.053260655031564005, 0.017629773965123, 0.20385214058435, 0.016829829969978, -0.06753153639112401, 0.01320236892889
-0.075265243750029, 0.018522086963094, 0.18652781358891, 0.032806008744813, -0.098948378179286, 0.022664651893619003
-0.04901129189855501, 0.0089525221214023, 0.10572718177453, 0.0066033051917216996, -0.11774981583024, 0.043983497628725006
-0.064495492870418, -0.0067369220565272996, 0.11680565142137, 0.0036782726496381, -0.09563358346519701, 0.03073481033194
-0.063682714613203, -0.001565577397215, 0.085804345306527, -0.012001134946627, -0.048669803694803004, 0.029323989869261
-0.034463248795549004, 0.0094600608839962, 0.0790939421427, -0.0055560059193600995, -0.0081426217139533, 0.036543043762578005
-0.06133990749826, 0.020712497768763, 0.041574409495446, 0.0018000443428286999, 0.017000744210268003, 0.019991569240557002
-0.045211077895639, 0.010122246598872, 0.021887901494699002, 0.013056528444977001, -0.035116829079748, 0.027139560015689002
-0.08007988954309, 0.014493441479948, 0.026315472021351004, 0.023769956867943, -0.0214760971712, 0.038557303478256005
-0.05511062596017, 0.025611253710257003, -0.011862798581175001, 0.024748191817097, -0.048496368093161005, 0.024909465721315003
-0.024637485244407002, 0.028959614866977002, -0.027860781748672, 0.027831607230928004, -0.032620506292069, 0.02138671752195
-0.019422715800182, 0.033481460510104005, -0.027240026995714, 0.021749357808874003, 0.0012267531972473, 0.019214992757989
-0.071341952023956, 0.010543005214449001, 0.080929962502071, 0.023143413511039, -0.072493807457812, 0.011105167470781
-0.06620626718331901, 0.017451276170358, 0.049226087287418, 0.03631009777361, -0.10463276079607, 0.016686095071843002
-0.06999803559223701, 0.015099038959861002, 0.11773902322247, 0.030597702115741, -0.08976932008796601, 0.016766912507283002
-0.061698286942588006, 0.020031972524099002, 0.13742716761266, 0.032443811051508, -0.078040392240991, 0.0084739534114414
-0.04936944853662, 0.01013047114052, 0.16789960383576, 0.028609773722292002, -0.054108927707881005, 0.015802311933454
-0.096527211899689, 0.0075440455296387, 0.26295228630232, 0.031123174635179003, -0.05863173519881901, 0.024617158538492
-0.049137585017547, 0.017594237567131, 0.14571763237768, 0.025793006291274, -0.13907408918184, 0.031723244349609
-0.060437904234934, 0.016655846211918002, 0.09511928889147, 0.038488936529122005, -0.1592181584423, 0.023453575309180002
-0.045380959191909, 0.01986688439298, 0.12626180414931, 0.016983658141353, -0.12153124731388, 0.023634458252334
-0.042875294952500004, 0.019023016982687, 0.14822121078914, 0.024977077527176, -0.09243575320864, 0.024390697996912
-0.045061200002011005, 0.020207182880288003, 0.13370993360404, 0.011969043680621001, -0.09458346799834501, 0.011686064878392001
-0.051914863925255, 0.020396473639533, 0.11521993032097, 0.019492307731045003, -0.09308526344709, 0.021805753880589
-0.050318964816614006, 0.024868471260091, 0.047063472286871, 0.014793771831520001, -0.077281696043414, 0.038134734225314
-0.072327113382065, 0.018915200466698, 0.056983019950758, 0.027428716031636, -0.050805676054397, 0.026623426443245002
-0.06616995049681901, 0.027723394774511002, 0.028688782108915, 0.023392380731677, -0.019704375736954, 0.021166577710329003
-0.036709558599681, 0.030761739829007, 0.0068799813577626, 0.039208805870889006, -0.0060985830006247, 0.024123086318588
-0.034422589480949, 0.036172930324787, -0.050409709296889, 0.041680506061302004, 0.0006600685474697999, 0.031475637447988
-0.042516509117433, 0.029053777674981, -0.07399656979183501, 0.045911242544396005, -0.034215394140201, 0.023392560641490003
-0.034023169629292, 0.031219568663471003, -0.11251544835521, 0.040585084582544007, 0.005502172132141, 0.031468426193903005
-0.039320661666418004, 0.025250291187375002, -0.09726876635694501, 0.047497929123177005, -0.012201587927394002, 0.022115048244654
-0.0081917692053736, 0.024106384425657, -0.11210331026329, 0.036823681475278, -0.035968940933411006, 0.008226674561232
-0.017691096047001, 0.025852766129841002, -0.053231287749535006, 0.031102338084546002, -0.038196441684343004, 0.017252619490066002
-0.019123930859601002, 0.030503652541805003, 0.028825646431835, 0.033920223217002006, -0.024678818193692, -0.0045320698177077
-0.028281534032073, 0.014282160030599001, 0.08276641796091101, 0.03174521242974, -0.05446666164791401, 0.010062378744221001
-0.025281205146982, 0.019598000032953002, 0.068525018428485, 0.055652803668431006, -0.090621342178513, 0.0066685972271940995
-0.055168453136383, 0.018881072333192, 0.15840918271998, 0.026610426161588003, -0.08767953947508601, 0.0091857015986957
-0.053460752664151005, 0.023549328431508, 0.15863906600414, 0.039592353252711, -0.080350010922682, 0.013792343479783002
-0.05549986132869401, 0.015507607575373, 0.13668730989685, 0.026408221222982003, -0.07560363625810901, -0.0001512754992344
-0.074557490223722, 0.017960837783606, 0.21123552449982, 0.030683832508877, -0.08972028662895501, 0.020038040673307
-0.04615940801056, 0.017733189005702, 0.1148661937906, 0.034643777854713, -0.14906471578249, 0.018307250111875003
-0.063449318814738, 0.00469673937154, 0.15361017500076, 0.026362071161875, -0.14987546018913, 0.0036709709410341997
-0.052248583564875, 0.0067937237592472, 0.16060748189296, 0.019898470184101003, -0.13740866005399, 0.0032216819241513
-0.056594796028614, 0.010117713942554, 0.17102604719908, 0.030481538137768, -0.126776249859, 0.0081184649948769
-0.07179804474986601, 0.015634554557227003, 0.15506881522334, 0.025117087852844003, -0.11623134969811, -0.010810902913027
-0.041999551649869, 0.0090274269392581, 0.14117553852011, 0.019485636454926, -0.12848762237229, 0.002952611644864
-0.050961533395961, 0.016651480768341, 0.061280271558532, 0.024233947986087002, -0.10249747731023, 0.013595669114725002
-0.059339667730181005, 0.014112078672109, 0.050270279162077006, 0.0084042618578733, -0.06292903906583501, 0.016311883106064
-0.04819189661056, 0.017568356892462, 0.027205371436464003, 0.013765007159301, -0.034368719417236, 0.018774793040203002
-0.028485074631229002, 0.026454020764849002, -0.010586719878987001, 0.025836396335621, -0.015329570170374, 0.013874433588332001
-0.030196815297175002, 0.032566454348963006, -0.016731020305971, 0.035039293851940004, -0.013121405686547, 0.0013516922151878
-0.0050813682749263995, 0.025353228672552002, -0.022415699341726002, 0.03818986350926, -0.021548888631453003, 0.0099034544497344
-0.013958175514527, 0.031996069436804005, -0.019371378781033, 0.046900838291025, -0.016707864893163, 0.020890823582592002
-0.0053565698321549, 0.026932921444037004, -0.044444181457526, 0.037370868497101, -0.037615363936311, -0.0017034582234286
0.0043337950015866, 0.032419835844033004, -0.05057995590684, 0.034477126924340004, -0.016990806506326003, 0.0097458391667885
-0.01006883766296, 0.022788815006106, -0.0010200203709252, 0.029088219619582002, -0.015566239121307002, -0.0037207396469609998
-0.016625693689662, 0.011482444702206001, 0.06118717514841301, 0.025544952724551002, -0.06470652215983201, 0.0082596358408356
-0.047378403435606, 0.016765296486334, 0.056078554071059, 0.04540502020572, -0.10267771733804, 0.017847755647201
-0.048517221553730006, 0.014663778845079, 0.11914599328961, 0.027023496294743002, -0.10701596078631, 0.0062801332427714
-0.049022217011253005, 0.016060377937223, 0.11090568023073, 0.029319761463702004, -0.074140931845801, -0.0005569261546725999
-0.018954764579915, 0.019942682675274003, 0.11968351074899, 0.01511843045366, -0.046347591532928, 0.0005523996523634
-0.062234017898520004, 0.0098529152652532, 0.1691874349999, 0.023186776015115002, -0.10522543621528, 0.0077571314174197
-0.055841907858745, 0.017482220107912002, 0.10516569753794, 0.032598138559421, -0.14521640653399, 0.016513279470917002
-0.06030064342675401, 0.021288104557110003, 0.13020141882303, 0.021163052045084, -0.13411819994274, 0.0098668527160263
-0.041266821038674004, 0.028281197814103, 0.11963379082024, 0.023691914077633002, -0.09351369040848201, 0.017570898375378
-0.05545747344021001, 0.023447707738159, 0.09892090590659701, 0.015781806801042002, -0.067317900017864, 0.0020105202040623
-0.08906049222958101, 0.019359495676606, 0.15193475997384, 0.025044047799041003, -0.10445134949538, 0.014670375053467001
-0.06848259977379301, 0.024132805210452003, 0.053925026895135, 0.023340552509896, -0.12016238398617, 0.022139706615349003
-0.074189857732758, 0.028025582963652002, 0.041309840928569, 0.040005335763986, -0.08791913831515501, 0.018204360193347
-0.041953811610693004, 0.032471791203706, 0.021883096871286003, 0.039081860408644004, -0.027541036736869, 0.023753089813437003
-0.045764251308229004, 0.040753613401242006, -0.019598166050117, 0.047913436723251004, -0.00042069740319329997, 0.028011131600167
-0.022270638964578003, 0.044134765260775005, -0.08031420149688101, 0.04694840340642, 0.019422067770390003, 0.0099603789828272
-0.042686790435844, 0.027030463665500003, -0.07822992175698401, 0.055161763809023004, -0.031454016688438, 0.013815916108109002
-0.06021904436596601, 0.032623490333939, -0.09102337491675601, 0.065125045034779, 0.0019513897875942, 0.016141654312926003
-0.024809975204303003, 0.033481572570101, -0.15188468845708, 0.059093790682660005, -0.042990515429796004, -0.0050686676653578
0.0068391593119437, 0.026852119482374003, -0.18125224179527, 0.057762715051421006, -0.041831649644730004, -0.0042726110400927
0.023161967330752, 0.030080701657295, -0.16133255211825, 0.050003030611024006, -0.05655120099612201, 0.0037233115844471
-0.001309688463041, 0.034338540601230004, -0.085856816954962, 0.043066314301365004, -0.043638374700922, -0.012331730618192
0.011612737019556, 0.031279287600014, -0.093326076563708, 0.04357624708538, -0.045377601553624004, 0.010060483356446001
-0.0012811024112308, 0.025814963609785004, -0.11569583755251, 0.07464254919458001, -0.06425045087477001, 0.0049837497155715
-0.011877633705606001, 0.025890499358568003, -0.09602973874753001, 0.072421365899484, -0.079733296628402, 0.0023114754510477
0.0009674724273959, 0.030697561243333, -0.11008625872947, 0.065114139747891, -0.06071044231589601, 0.0021868986143271
-0.0060870504931767, 0.033085069374874, -0.089418276551295, 0.069915382952608, -0.04428047852728, -0.0035281217538433
-0.015161661435942001, 0.035495581439282005, -0.0073065169397151, 0.07449686701866601, -0.05387263208389, -0.0032172068462491
0.0071954803219637, 0.036979928297941, -0.040436787917275, 0.07519274928715401, -0.072201583283532, 0.023631069265489003
0.0017374201232601, 0.036688655785063, -0.06704406946003501, 0.07656258850110001, -0.08872486367420701, 0.016657951265418
-0.019881133654485003, 0.031199272998667003, -0.07197722550430201, 0.070966713428029, -0.080364311132228, 0.017580078246337002
-0.004421591094798, 0.035010066603232005, -0.077427320768821, 0.073762643790482, -0.059156552110546004, 0.014714099955756002
-0.0074180784552725, 0.042323245930537004, -0.060722125313582, 0.068541616132403, -0.06052610391258201, 0.0098314988580333
-0.01167386874494, 0.041765137331408006, -0.038292969909706, 0.07327755072694901, -0.057022395980952004, 0.0012453572584265999
-0.011383855962161, 0.034972641899928006, -0.03302795917806, 0.07167399290043601, -0.06442657572030501, 0.022103365321553003
0.0091972936489578, 0.035246343729577, -0.074981400003208, 0.08096167462551601, -0.09875072829672, 0.016799711714089
-0.012523855216138, 0.040415585892901, -0.05065318822217801, 0.05356205985118501, -0.09575699281731101, 0.010309832464501002
-0.0027148983405904, 0.043850616258825005, -0.097463551716455, 0.052999289872340004, -0.079471611020373, 0.013084376320559001
-0.012584974824907, 0.06295470596067601, -0.11022439832129, 0.060232579635254004, -0.14682962037315, 0.025794229081829
-0.06883912201308201, 0.08328738748767901, -0.20645660937961, 0.054257659645903004, -0.22591273176041, 0.028276348856073004
-0.15534821322061, 0.15991711207265, -0.063275622343539, 0.066407708661519, -0.30590442037503, 0.10417131410756
-0.051971735540179004, 0.12463082438643, -0.11255354827247, 0.044960391519250006, -0.35704447855281, 0.062209261244424004
-0.06622645665216001, 0.11718809558379, -0.061476736145967006, 0.014225083057064, -0.27395712337956, 0.057794128012094007
-0.071636397616332, 0.11999853139614, -0.010541702684968, 0.038288069266737, -0.19711309918251, 0.08134554433174801
-0.033109413280972, 0.10695790008221, -0.13844492718991, 0.07781240485785601, -0.11013284805604, 0.073851389079057
0.011144361990370001, 0.08181241622723001, -0.36638369777381, 0.11974221848011, -0.1632117004052, -0.0042761669346823
-0.05640772995772501, 0.05027130815076301, -0.30776685491139, 0.039565729391565004, -0.17091722205003, 0.0091984590476643
0.011222383709554001, 0.08010143608530301, -0.41582488366703, 0.032099980616565, -0.14062124653994, 0.055049680018168005
-0.0048714025121804, 0.07987615420808701, -0.38872402082342, 0.035311168020616006, -0.09776530057662101, 0.047249068164057
0.012980355739476, 0.067437293257397, -0.35094024784226, 0.029368148267915003, -0.10549238822623, 0.030421788518279
0.028710633169325, 0.070217985617239, -0.33451380229926, 0.054226383465656, -0.11757336464887, 0.026522766920681003
0.045997226043481006, 0.084491814839772, -0.32630222783896, 0.060782577198175, -0.10054175501096, 0.019806474835063002
0.0082480874673084, 0.07108150087727601, -0.29630172611631, 0.069234691035457, -0.16076901711502, 0.030841432526901004
0.004056551151024, 0.06794916625393001, -0.29473234860294, 0.09052179275486301, -0.16097770130071, 0.03220070979839
0.025377942343785, 0.07064151579951901, -0.24949345055347, 0.06949421918057701, -0.1359800811614, 0.023748694430464002
0.047662901029383004, 0.067726096843846, -0.24401649394382, 0.07391417614800301, -0.12547352938971, 0.02102810012987
0.018078351318344, 0.06707174154555501, -0.19546244465348, 0.089650005992307, -0.06646200626394, 0.02246161658885
-0.026412163025359002, 0.059848867471527005, -0.043018316136442004, 0.06404998920896901, -0.031186005723526002, 0.024726187884643
-0.10994896204156, 0.067423688959377, 0.1823999635217, 0.06749503974231601, -0.013378482366931002, 0.049045270995167006
-0.21727898717854, 0.044158824730341, 0.26331328161478, 0.039157782913478004, -0.060116570155259, 0.041052026890236
-0.077415549831471, 0.031441570594367, 0.08688265839697101, -0.023525648907166002, -0.19276595096013, 0.040357846526995006
0.021335388177356, 0.039843435144194, -0.09585354812617801, -0.021220858064102, -0.22199030224931, 0.053631958839977005
0.018666096240214, 0.04032016317426, -0.12518182819673, -0.012719994302438002, -0.19965225231421, 0.04666105284179901
0.019568734194147, 0.043331945282418, -0.13364909935113, -0.012698711310439, -0.20911455619136, 0.055737912578900005
-0.015369105069836, 0.025116937474789002, -0.09776468731752201, 0.0036671043926452, -0.23893687251985, 0.031377302473081
-0.0077226655345222, 0.010277528382239, -0.10981044669833, -0.012316917565834001, -0.235962807879, 0.030594182539421002
-0.0026884985393561, 0.018077549730833, -0.08349808564383901, -0.0012844603998988999, -0.19675893385623, 0.033798375123647
-0.029745154805326003, 0.023170579753827, -0.041332733128377, -0.0020934171910201, -0.20777565507986, 0.050982577435756
-0.039367447003012, 0.035054179870342005, -0.079886947998098, -0.0004785601443238, -0.20601619409084, 0.040559974471062
-0.053488711826807006, 0.026821376643034002, -0.039038860835812005, 0.010743684976315001, -0.22223886559515, 0.031677927021948
-0.038465342011265, 0.027981344823471, -0.054196817079484004, 0.0067067212526809, -0.19319236860706, 0.033216223344618004
-0.0085402868737548, 0.038318431611208, -0.098502335568958, 0.016247577201570003, -0.14900173586953, 0.046965603494801
-0.0059138590534325, 0.036524463794773004, -0.13115466855209, 0.019662614214444003, -0.15343336319028, 0.041992275823298
0.0045834447373084, 0.040012938247807, -0.19940531648541, 0.014823744096605002, -0.14282372017934, 0.038978444585870006
-0.015162653613852, 0.03515965794269, -0.20055499855433, 0.029883530399522, -0.1252392525036, 0.0093775703925964
-0.013682692104687002, 0.040208641861334, -0.2168643812267, 0.035508347662835005, -0.071057482763395, -0.0051120149470537
-0.006162610418577, 0.04654480619766101, -0.27984780419886, 0.06076665708859601, -0.07887963990237201, 0.0007958829363851
0.022731431576129002, 0.034857231390304, -0.37773018579533, 0.043265375354541, -0.08413946427711701, -0.0026241994817634
0.037934105969328, 0.012134901324532, -0.43836120516483, 0.028271195808356003, -0.14434298255096, -0.0056581390451211
0.028665073336509004, 0.012415408444787002, -0.421107102154, 0.015889785193985, -0.12641399175696, 0.0082673396799179
0.0086991667747122, 0.0054652289599185, -0.33836072025195, 0.025899423610891002, -0.13481817543551, -0.0068835364748417996
0.013250311452295, 0.011973724675824, -0.27371336836856, 0.015470603594189001, -0.12964975237327, -0.011276347704169002
-0.0033898469724826, 0.018807749801506003, -0.16167920229315, 0.028106037904006002, -0.10525794914298, 0.001438382630881
-0.035894425563769004, 0.028340831214456002, -0.015565805252312001, 0.03702092528973, -0.10772611319349, 0.0036822749096921997
0.008150784821567, 0.040898767584416004, -0.09492678096852601, 0.030264624936557002, -0.1794955473529, 0.012481985711406001
-0.0009442558227284, 0.026350505623386002, -0.10242258133482, 0.024428976569613, -0.21937785187469, 0.0051055690218638995
-0.021964298159869, 0.028830860338959003, -0.033142790576027, -0.0044278562813133, -0.19283143957015, 0.0079319264431353
-0.009245000502462, 0.031686937489047, -0.05346115782123401, -0.0034080328960005997, -0.16953466755987, 0.010110409671533
-0.01833984114586, 0.024052407388835, -0.061868603252651005, -0.012773129757432, -0.16692933897568, -0.016749273652228003
-0.022809248569088003, 0.01842198774446, -0.013193500999167001, -0.0099128792634977, -0.19049702336327, -0.001626366490133
-0.011323099443834, 0.024628103063163, -0.1472751341315, 0.0025014782947234, -0.24833562009868, 0.0039638678538991
-0.017073810234821, 0.024609120743314002, -0.18541344573758, -0.0034691282217541, -0.20223662850464, 0.013281128702244
-0.0093862250336731, 0.034027607350367, -0.24689470120208, 0.0061679081124054996, -0.11341522524966, 0.015712196771807
-0.0004132636286761, 0.048278233451532, -0.28678699312507, 0.020658491455678003, -0.11261899356362, 0.012884211776040001
0.028219694209368002, 0.06316090546780001, -0.36943558600098, 0.036489778060352, -0.10129892279273, -0.0036900067800352
0.010502536802907001, 0.050979448030573006, -0.41183195343183, 0.051468859229819, -0.14394241453204, 0.0011189953701104
-0.013965740495451, 0.048965071423794006, -0.40856506201939, 0.046682296467231, -0.097846286381639, 0.0025995028685984
0.015273792084951, 0.048113113839373, -0.45890286623014, 0.053566020627222, -0.13297842424333, -0.0087126479389672
0.054484308012064005, 0.045198009852434, -0.51201345330705, 0.034590099982128, -0.14613964534325, -0.0094659082823997
0.06270294534661601, 0.039867382992021, -0.50825667823257, 0.031756450976579004, -0.16275165839247, -0.011845107930967
0.017355077782473003, 0.03024704855021, -0.36011710969893, 0.039784879949677006, -0.1679559594319, -0.0012530539615539
0.010025176783822, 0.038341188488865, -0.36355498512907, 0.036219162873218004, -0.19569044340134, 0.019852169415058
-0.011571542399683001, 0.031221428400829, -0.20608559751013, 0.041945509076263, -0.17891968895228, 0.010773205353094001
-0.014214314875645001, 0.03528917002515, -0.20869811568649, 0.036262252559228006, -0.18484981656356, 0.019122042117753
0.0092421963559815, 0.026574659474044002, -0.19958405993433, 0.033951525034626, -0.17632981644648, 0.016308469814742002
-0.012981594170576, 0.022324024483802003, -0.10325168837888, 0.037366259537309, -0.183661638531, 0.023556724515003003
0.010914142771862001, 0.021066869460015, -0.24607550880154, 0.021039507076125, -0.25468546066155, 0.022885895085707
-0.0049745876516708, 0.018928016943004, -0.16199456766455, 0.023243721395101002, -0.23925703074523, 0.025285171977638
-0.0097992979137945, 0.014365378504516002, -0.13320446461989, 0.0098125390214168, -0.23084060785922, 0.020811930322795002
-0.0057466200524484, 0.019774774805200002, -0.11976686258136, 0.017198214559999002, -0.207179174415, 0.021006471487335
-0.0058591400636932, 0.024832640604596, -0.08221419340826301, 0.017640574748696, -0.20464527601659, 0.011732070908750001
0.0095229693956607, 0.015021621080795002, -0.10529925655195, 0.018653069321569002, -0.23311028370787, 0.019226466525184
0.029430347075643, 0.013526170441498002, -0.23525227020101, 0.022086303371042, -0.24809147878425, 0.03179249514443
0.011809748498481001, 0.014222313095324, -0.26303237689703, 0.020350590188948, -0.1870053898547, 0.031538675918815005
0.033302343616671004, 0.024596485961707003, -0.30276893405338, 0.020306481126384, -0.15137453716611, 0.027466461525953
0.031151107016642, 0.037930196080567004, -0.33986785219663, 0.031463201883549, -0.15709717262916, 0.020619705262077
0.033495112667861, 0.038045965217372, -0.32288560702587, 0.036145524237797, -0.16856185533917, 0.0019751293648509
0.059359601064774004, 0.026592699592469002, -0.3552717031974, 0.033714330948087005, -0.14478548330114, 0.022683349949711003
0.033641133250898, 0.029966564807908002, -0.32344225855299, 0.047342751070604004, -0.1516998272095, 0.016675245907262
0.031972989250948006, 0.014704359299951002, -0.34275545935118, 0.030114649845293003, -0.15077226080937, -0.008440027819689
0.044962765237465, 0.025599415604738003, -0.35167066172601, 0.031112144553571003, -0.13968156958271, 0.0062507182612931995
0.025729726484929, 0.027445477939638002, -0.34244293130321, 0.020055849595951, -0.1422789301193, -0.0086974733646048
-0.018791135108833002, 0.011984106466354, -0.20718235128004, 0.031125928686833, -0.15488111754938, 0.0013488618373441
-0.0054071601921769, 0.016871300596529002, -0.26290187232621, 0.038400328171061, -0.20826350264417, 0.0049181363757904
-0.041690421579944, 0.01133788040197, -0.13271990090143, 0.029107349632557, -0.20860863664569, 0.0073323966256821
-0.021409360650915, 0.021337039662458, -0.13487883553136, 0.02828397290275, -0.1900591103822, 0.017309709238255002
-0.016537105255217, 0.016898438544357002, -0.18191995337036, 0.015538413356308001, -0.1834721760313, 0.010648447199591
-0.04385052859404601, 0.017507638078282, -0.06421696894709, 0.01790155699188, -0.19953893758093, 0.019344001241731003
-0.037172708806257004, 0.012898654292231, -0.18083452011625, 0.0093981356778413, -0.27709336040972, 0.021870814220879
-0.044261135781507005, 0.012029700196726001, -0.14101485103978, 0.015670310959819002, -0.26961804338281, 0.016607824582075003
-0.021736523864442, 0.0059496852897113, -0.12026255849385, -0.0020289968739491, -0.24303676333249, 0.017663703734932
-0.021469822747930002, 0.0050559039754764995, -0.12167992705472, -0.0012229625451762, -0.21175563633247, 0.020745931266475
-0.025548852073177003, -0.0008977689301467999, -0.060364504513968006, 2.2924013422e-05, -0.204290304767, 0.016833945855557
0.0073272638375002, 0.0046446923182995, -0.21929905815988, -0.0056151479999985, -0.22133437223476, 0.027992835505083004
-0.017708719956037, -0.0016019241137255, -0.22534712911509, 0.019291463287262, -0.19022598020954, 0.037092933541581004
-0.016947706270397, 0.0032062163671968, -0.27521696554177, 0.0082587291468483, -0.1489645887362, 0.029216127323874002
-0.0007835406095001, 0.010441605148996001, -0.31510724674497, 0.022765302340567003, -0.11918703296527, 0.029992574854721003
0.0001322612598903, 0.014999773580394001, -0.34256888778668, 0.030478560335616002, -0.1208587704161, 0.023260237887064
0.016050785375494002, 0.0088499002021501, -0.32621347853478, 0.032062149468449, -0.12942077380411, 0.016994612944927
0.041943884727451, -0.0001248847858465, -0.3368715409645, 0.020043075508499, -0.13324180133178, 0.036444394422516
0.023492273109115003, -0.0049649514738452, -0.29291717008749, 0.025881178888595, -0.13450340142706, 0.031642728896451006
0.017821243070052003, -0.0090018210521397, -0.24893774503775, 0.016495958648549, -0.13525673901846, 0.024745585994320002
0.029394745190805004, -0.0043263697001167, -0.21168340731275, 0.027669777677702, -0.11594100289068, 0.031367410716375
0.020379788624905002, -0.0067062227634422, -0.18830226644299, 0.021719016662951, -0.112665190742, 0.012224756665687
-0.0059149022225373, -0.010595589003642, -0.11604421951704, 0.015055728557521, -0.14420902538379, 0.037328681510170006
0.0038432245643495997, -0.0089321041212417, -0.16432467052706, 0.026667604674093, -0.19293644718159, 0.042385406455499
-0.035267944711842004, -0.01074242570675, -0.09734067939296201, 0.0074008112633994, -0.18152969754873, 0.049572202516727004
-0.015694787251501002, -0.0032343906237571, -0.098491695233152, 0.013069513568511002, -0.1610331579673, 0.049278841831038006
-0.036638317150405005, 0.0042943623721273996, -0.07900940925012001, 0.016181674023653, -0.17616033480628, 0.060619689682971004
-0.087821240834748, 0.0028491834554007, 0.046692439073643004, 0.0099087226955202, -0.1829583567862, 0.054226491389329
-0.024261817022056, -0.00810327424433, -0.14669221797104, -0.010557097798405001, -0.26858074500367, 0.053887746935472006
-0.010997373150801001, -0.015653001424528003, -0.13369146236794, -0.012589245311816, -0.26139442214634, 0.046373256454761
0.0009255843134671, -0.012630544379085002, -0.10167527101042, -0.0078748157285211, -0.23651896227441, 0.041892108483695005
-0.021295817675657, -0.0098582467277283, -0.04372659954133001, 0.0055821419768275, -0.2208839245466, 0.041933384588554
-0.020647591250255, -0.0045194233443791, -0.0221161992676, 0.0014767116605106999, -0.19872213369636, 0.026376517758629002
-0.053544144050730005, -0.0062157747034398995, -0.016727859193836, 0.0010245949559487, -0.23055736346507, 0.050006368409135006
-0.008894452381917, 0.0033802089573691, -0.21443515912716, 0.0088792380130485, -0.2416357118087, 0.043846337858552006
-0.032829492580265004, 0.0012844661744928, -0.20654829911951, 0.016726442318304002, -0.1817636338096, 0.042003715431424005
0.0004456816772996, 0.017139575992478, -0.26195982524395, 0.023754887685215, -0.1148015108379, 0.032930025274941
0.0070748566157479995, 0.024114647277585003, -0.32900936842159, 0.028241473625788, -0.13687641191377, 0.023147139735512003
0.019356902358679002, 0.019587251921919003, -0.43169328882008, 0.027183391546690003, -0.13776271302982, 0.0024023465459912
0.021243680633768, 0.0043069516612254995, -0.44415474759785, 0.027776251203157003, -0.18302493445637, 0.013951000593515001
0.015582832025795001, 0.004350445808577, -0.44697095146672, 0.020163749746048003, -0.15070544229516, 0.026736136574171003
0.012029044325115002, -0.010078087411221001, -0.37372344461938, 0.018243313580002002, -0.1617549992401, 0.011357785612437001
0.030583103349768003, -0.012528232280107, -0.32665889866742, 0.011889784720590001, -0.18380818060057, -0.0071619227445811
0.05197485535316201, -0.0042766067648661995, -0.26944867086044, 0.011044600621523001, -0.16483990268199, -0.0005005802271179
0.013053503843420002, 0.0019660681893213998, -0.15962399186569, 0.021083537164225, -0.15053653470741, -0.0039429846490534
0.031585004975938004, 0.0026831613120757, -0.17263287104758, 0.027058024869827002, -0.19119614314536, 0.02137436834893
0.019690456200387, 0.0001849064654233, -0.20267060547112, 0.039523440057550006, -0.22503343795501, 0.021417393473607
-0.0014792192215957, 0.0032348603017936, -0.1332036204758, 0.018833676059899003, -0.21154221663969, 0.023025723979334
0.0090810121040368, 0.0010865885030913, -0.15741615832677, 0.025497039531817003, -0.19114965310949, 0.027668663334916
-0.0089862092834387, 0.0069421408363516, -0.13352922213591, 0.0094663660558896, -0.17366331414705, 0.017481659467676002
-0.043495972573582, 0.0023889198927479, -0.0090635537171815, 0.012142200704578, -0.19059562545194, 0.030295802601272
-0.024067273572421003, 0.005630732092014, -0.12095112281062, 0.025369352611828003, -0.26919066947013, 0.035386288282225
-0.055797633834378, -0.005064550976147, -0.031006248701188004, 0.020000759626512002, -0.25025451726589, 0.032586132337078
-0.026530864391866003, -0.0001265320481488, -0.037846566369803006, 0.0081851604159823, -0.23049071990153, 0.040129518267609
0.0029428429274826, 0.001789277518251, -0.12565327054803, 0.0076207790310985, -0.22419282262442, 0.044297139831319006
0.013830703684742, 0.0019868437365252, -0.24255725675966, -0.0087028885044376, -0.18281548900783, 0.027324457411818003
-0.017544707525138002, -0.0027558249660841, -0.20019192758716, 0.0096060869959132, -0.1891364453673, 0.042372239196534
-0.033002264358135004, 0.0022291399608011, -0.23286273002303, 0.010767818234093, -0.14926692826944, 0.056646285617886004
-0.029242082155261, 0.0089067051063776, -0.24620466515085, 0.018793595339261, -0.15347962393641, 0.045656166723172006
0.0096152622521734, 0.018467056346012003, -0.29746099909288, 0.023718615380128, -0.1184044398264, 0.044467433326025006
0.031344676869239, 0.020023870694018002, -0.36583349533976, 0.031116431703882, -0.11017971762672, 0.031987137330246
0.041861155792980005, 0.019703995655847, -0.31730579195851, 0.035751057179719, -0.13613934520476, 0.022805913891082
0.044324439756877006, 0.0020876244971335, -0.29393281530489, 0.023601755715875, -0.16315017804257, 0.038736467132734
0.029815265740001002, 0.001019365184979, -0.27975236143586, 0.029323077950398003, -0.17639439025365, 0.030856935228172004
0.011301077563636, 0.0015698547333683, -0.2281299415567, 0.022137790247608, -0.15308596892614, 0.028518690030791
0.019107911181246003, 0.0082873915828355, -0.1472490121466, 0.023052938947491, -0.13082481903157, 0.038711169833299
0.001843863782789, 0.016091833291549, -0.041079537750121006, 0.021644724923012, -0.13196616713919, 0.028686052220801003
0.0021338331503924, 0.009649366553116899, -0.07096084019005401, 0.022361018954306002, -0.19007920189854, 0.043125237045815
0.025202856383818, 0.0084611011480689, -0.17308660898169, 0.029335889365060003, -0.24695146097702, 0.044452595567876
-0.0023508040099202, 0.0046008052572483, -0.11145794953497, 0.0080882849664192, -0.21309211124142, 0.048316833119185006
0.0021799838136006998, 0.0059096683822112, -0.080310420233066, 0.013415279101094002, -0.18156932063908, 0.046836562118678
-0.012574055362751002, 0.0062494281784838, -0.037353745778481, 0.0083713754709668, -0.16179058995157, 0.035592181798357006
-0.044595284642988, 0.0003342511588231, 0.05856863302587201, 0.021250280939312003, -0.19476179362131, 0.044768682101064
-0.0075962112698159, -0.0003259630336212, -0.05005204927137501, 0.022375846422833003, -0.25649876871392, 0.044455115974456005
-0.038448306183168, -0.0084388926813011, -0.026398535088825004, -0.0010750463763893, -0.24063656728587, 0.05008976338164801
-0.02959912996478, -0.0085143794747321, -0.04003763903989, 0.0068446429814532994, -0.20382365508165, 0.055361551090737
-0.033470693328625005, -0.0040994952394048, -0.036753436221265, 0.010941098287582001, -0.20178089182574, 0.05649020401008201
-0.0084100511663745, 0.0044326432777488, -0.12709898719314, 0.0083846102568593, -0.17600727277229, 0.038856914960738
-0.034019995685372, -0.0065460277021011995, -0.13162409777671, 0.0076140765180839, -0.18419946953683, 0.053682663710326005
-0.06317583884425901, 0.0080479075211746, -0.13409135275463, 0.003695792370832, -0.13340812221129, 0.068986498326222
-0.054953285146888006, 0.016138839906403, -0.16045363668528, 0.026903272439782, -0.12731905813238, 0.053322095600831
-0.013446185022204, 0.024733016338803003, -0.26116465057375, 0.017578915994685, -0.10920597250351, 0.045125206971629
0.022326911787093003, 0.027498015889565002, -0.32959957795335, 0.035321032834185, -0.12245653422551, 0.049241323055822
0.044940086682942006, 0.026616665758952003, -0.39630176429684, 0.031977488284573, -0.14234182124815, 0.041671411203055
0.010654872216796, -0.0013075123175439, -0.31035076483902, 0.020908577714937003, -0.19016936103232, 0.042766598532774
-0.00476800954833, 0.0043282089603973, -0.22363141280773, 0.020814650296092002, -0.17653785143806, 0.054439049821774006
-0.023098545913017, 0.006496830647884, -0.093529651024741, 0.011618575219503002, -0.16561617547088, 0.05410899438817501
-0.009229485239424599, 0.011562769526228001, -0.10738188743445, 0.020997490895085003, -0.18735059759578, 0.051546615609312
0.01376422217572, 0.015240663510538, -0.1827762868287, 0.010308218856888, -0.16811694256554, 0.06225565065425501
-0.012075979462215001, 0.017846679037691, -0.067808240827369, 0.018649209976023002, -0.14195434288808, 0.058074148931773005
0.0057251088071909, 0.012552660098589002, -0.073523270834125, 0.021702788626985003, -0.19022329716064, 0.07375342851279401
-0.0042634839771743, 0.012985110860716001, -0.07254130340834801, 0.034299386750493, -0.21493705214086, 0.082100976593054
-0.039020771290266, 0.014617355896626001, -0.016712624627453, 0.014364319569423, -0.21654022203838, 0.08231035587353401
-0.04868673830429401, 0.019468982221000002, 0.09899314447053201, 0.010936260209501001, -0.16516962976465, 0.07821049455467101
-0.055100235943062, 0.017519667273044, 0.028224701431695, 0.0088650669898251, -0.20801704574625, 0.068845426723092
-0.013875917473450001, 0.013610602950999001, -0.11067921528215, 0.0082470057161604, -0.23977475030129, 0.088100582676246
-0.024059786687295002, 0.014566892182509, -0.25918755270404, -0.0059020679535544, -0.20788568690674, 0.1083817265764
-0.045005096445245, 0.020051668098989003, -0.2148826546495, 0.014506756320165001, -0.1843081675821, 0.10390719538221
-0.013474447836232, 0.030911727344013002, -0.27639362750267, 0.030229730221658, -0.13685668385566, 0.092238530039914
0.014954092526293001, 0.047499254642298004, -0.32141323839896, 0.038430910510428004, -0.11846274482325, 0.09296648401061601
0.025424081367091, 0.053298654439724, -0.35708098256541, 0.047489625405887005, -0.09613612021199501, 0.07175899672347301
0.031194138699326003, 0.031979750351204005, -0.34973028217135, 0.04569788981474401, -0.14700247495738, 0.080154210465323
0.013932527923664001, 0.039625986758389006, -0.34511344306842, 0.049037439676639004, -0.14676612001487, 0.08646217521438701
0.020401430467946003, 0.030030960747249, -0.33842719373797, 0.040810273010015004, -0.17080440524665, 0.085242172509235
0.029919831793857002, 0.037807509865795, -0.34034786663120997, 0.051845557544991004, -0.14728392487774, 0.086760808764318
0.040853440391715005, 0.037008863720515005, -0.35815136141694, 0.029375030538326, -0.11980281470072, 0.08223930699227801
-0.008281697998532, 0.03537910170378, -0.21821502813188, 0.035167412270685004, -0.17468486544604, 0.08547606574063
-0.016402187162823, 0.034800422538703, -0.27283133126215, 0.043780432470756005, -0.22481101664985, 0.086545903150625
-0.034126661366112004, 0.033340785917728, -0.17292340085968, 0.040594185487443, -0.20998395801793, 0.0936320178867
-0.021938677515145003, 0.036572587501913, -0.17253158630837, 0.030475268406017, -0.18778808938509, 0.088086627141159
-0.0042663739881086, 0.029687179532215002, -0.19424299027157, 0.029121728567327, -0.16593118787341, 0.08604327722499601
-0.029829767240443002, 0.032700013724035006, -0.13406090970686, 0.040513661008709005, -0.16617722371381, 0.09228240550300101
-0.029280414781917, 0.030111228016560004, -0.21972816991519, 0.038680257360983, -0.23991351019819, 0.09075535168849701
-0.030407825271918, 0.023895478383144, -0.22733983637608, 0.046407881565380005, -0.24054678472983, 0.07999073225219401
-0.0078538320044012, 0.029908244203944, -0.26728035511263, 0.034344043946969, -0.1936382107365, 0.08693642606797501
-0.0026848125871071, 0.034288193621188005, -0.31077604813377, 0.045676738307446, -0.14047872592205, 0.090935286305466
0.014950458569494, 0.034310300390876, -0.37165500018375, 0.040631421879259, -0.12012618950717, 0.080774309582226
-0.020302695779133, 0.028787832808469003, -0.31191538218374, 0.053310248120926, -0.15461883543713, 0.08732931630354701
-0.019866751975798, 0.011385004736278001, -0.29919015393387, 0.05577604950561701, -0.14425239430693, 0.10313369510753
-0.012927015945408, 0.0077215246181713, -0.304837411814, 0.050611663876174, -0.14588700981104, 0.08465337045558101
0.011148527458701001, 0.030584760116254002, -0.30391577997733, 0.023114228889007, -0.09617735239194701, 0.093618730351483
-0.000649156485751, 0.014123862250629001, -0.27512390209964, 0.043613321001482006, -0.12821231676674, 0.08109193212417201
-0.031426578452045, 0.011500582150428, -0.021631979389861, 0.02198421257571, -0.06552608580824301, 0.05739627216364201
-0.047869126862242005, 0.0008550239095327, 0.026151439278836, 0.041018629469112, -0.13944397224231, 0.079660787494544
0.012250231886490002, 0.031982755979391, -0.18635466878765, 0.058227536594907, -0.23349187210716, 0.063867971897798
-0.0086699415301346, -0.0014784783627634, -0.15025409263655, 0.028310770350625004, -0.22322809762791, 0.069045855264419
-0.0092321866500808, 0.0018197520447173, -0.097479198013417, 0.033659666777136, -0.19560654831924, 0.069816078457064
-0.0088076175595321, -0.0024104129017425, -0.1770586707448, 0.03364148616637, -0.18457404827733, 0.06543949577296601
-0.033220229650101005, 0.0031135743612662, -0.11302950292252, 0.039567109235047006, -0.20762561491281, 0.067126340140709
-0.018221444662846, 0.013752873220020001, -0.24281115874444, 0.06096871599621401, -0.24378187300559, 0.06728508914794501
-0.024287473879551002, 0.019617390204319, -0.28816106834548, 0.051271742038971, -0.21475611707429, 0.07717161750029501
-0.013454951925350001, 0.029530986815034, -0.29846945749035, 0.029056571730366004, -0.11712414149756, 0.06581090660132301
0.0056647219700278, 0.037426209268276, -0.3224477271768, 0.051737582092531, -0.086467447095636, 0.065193261575612
0.0072002973768082994, 0.049580218843298, -0.34512920413478, 0.049150712445903, -0.10399398351632, 0.04735708233394
0.027931884499793003, 0.035513603745232006, -0.38942532909302, 0.048899055407179, -0.10620931647014, 0.06210530512134001
0.018583539068896003, 0.029582456050434, -0.36320296514571, 0.057906121721559005, -0.12653214097102, 0.057925042649395006
0.010022921400561002, 0.013678569110208, -0.29855600910932, 0.04408730441658, -0.16537245767772, 0.048647128297864
0.022057603173675, 0.017260316353117002, -0.22876324192996, 0.044523013796067004, -0.1324984278145, 0.046370352284493
0.0078519219595259, 0.013383823734802002, -0.14637267130829, 0.039103211830992, -0.10587878738628, 0.039776877132471
-0.044723631444615004, 0.027081052267312004, -0.06371019287198501, 0.046659582688718004, -0.15523763156085, 0.053711062314851
-0.0023987134092921, 0.02808688107239, -0.20624074285188, 0.053714000287156005, -0.22327487918173, 0.05986290856449301
-0.05009591027063601, 0.017797197954707, -0.14332020168863, 0.036883029263219, -0.21183390196152, 0.05323684800841601
-0.027159792878876002, 0.013715769436002001, -0.15064625504692, 0.044263305999027, -0.19315657531227, 0.05509014960158801
-0.019404842986358, 0.01628330082844, -0.18982776892812, 0.037758113034388, -0.17375166334424, 0.055058829162112
-0.073571976991307, 0.012201101936997001, -0.042087803739949005, 0.037450283636394, -0.18499888120838, 0.049850351617766006
-0.037501743835351, 0.010245471937456, -0.19686593401509, 0.050545032231262006, -0.24558594071874, 0.052247250442309004
-0.034270104823164005, 0.025000986351077004, -0.26276448729041, 0.040419786104907006, -0.23135969366625, 0.06909366324674901
-0.016632697365018, 0.02534588626649, -0.29261521801931, 0.031552844224632004, -0.15808413404547, 0.071764242507538
-0.0070032219913525, 0.034350254405684004, -0.32078443372733, 0.030879803224151004, -0.11947739050893, 0.069105547534627
-0.0054687196471212, 0.047888521900480006, -0.32841602335473, 0.05818403462016201, -0.11421674720569, 0.05672598859211601
0.015999994461105, 0.05291660323895601, -0.39206508543122, 0.06508946963312301, -0.1214311471638, 0.072034489887335
0.0097211544368618, 0.050872526726215006, -0.33822591423238, 0.080548619874876, -0.13275098948108, 0.08280320247949301
0.0066119601950613, 0.038720142463734, -0.29843385625419, 0.06284590871906101, -0.15899438583826, 0.06563595814362501
-0.033123272643985, 0.041786264765246, -0.11210394507903, 0.062259287812645, -0.11894763189186, 0.07327830086574001
-0.08210087175749001, 0.042070606253051, 0.017125456277942, 0.048319686816907, -0.09676875149276201, 0.054885597247207006
-0.049914588701617, 0.027545444073883003, -0.030424557018186003, 0.049129732994829006, -0.19951891001277, 0.041433068162974006
0.020694065986792, 0.028588375517076003, -0.27374770219774, 0.058886475810316, -0.29325326263694, 0.034905609055982
0.011692700926843, 0.026154902587976002, -0.25946857765591, 0.042544711716628006, -0.27594889287629, 0.035013480207134004
0.023725804728224, 0.024261537618584003, -0.24429499303476, 0.048801605278702004, -0.23829893465548, 0.021827562432217
-0.0088911115568086, 0.026151835971069, -0.23080224673845, 0.047517539496647006, -0.19713971649489, 0.026564013528589003
-0.045573127323976004, 0.024209119967879, -0.13209820678203, 0.042992796052273005, -0.21985507763856, 0.039859035396284
-0.052000474630942005, 0.031500743338282004, -0.19146192582105, 0.050869149329450004, -0.26162521033594, 0.046436481319333006
-0.034950259001587006, 0.023387202114207, -0.21666835349966, 0.043940129166264004, -0.24734045431224, 0.038861746111172005
-0.018943205196295002, 0.024737375933728004, -0.29783850186311, 0.029863532599956003, -0.18095563349853, 0.041675438109381006
-0.015343785054187, 0.029977763665071003, -0.32046572172816, 0.034529439067635004, -0.13864640294939, 0.036450439204051
0.0036785808820943, 0.038657089781716, -0.41273843521753, 0.039788599941111, -0.13165666024794, 0.022689805050006003
0.012354284598251001, 0.021565844951468002, -0.41765545301338, 0.039631393714813, -0.16466632498864, 0.023017368503708002
-0.015935583721692, 0.019216053569610002, -0.40577493068819, 0.038217471201672, -0.13849504679155, 0.041804328891114004
-0.019504560757179, 0.022092086164235, -0.37447315112729, -0.059872209553077003, -0.21982985451235, 0.18601560100588
-0.019620229640431003, 0.044692487150489006, -0.24185778635974, -0.025475220030841003, -0.22355772014013, 0.22202382195553
0.028078905939394, 0.0091503523494448, -0.34554849374249, 0.038154318445349, -0.20796807128467, 0.0069999288871043
0.021898376819846, -0.09786852798760301, -0.21186119170241, 0.18142200389829, -0.13327350951475, -0.55645415916181
0.025199660692774004, -0.085459678105266, -0.24842052030323, 0.18247593728986, -0.18682635973654, -0.52302450122791
-0.031986704502374, 0.046061584915405004, -0.1309018259419, -0.05409047306588401, -0.28428299005928, 0.24485527790991
-0.10343794873561, 0.084585975316305, -0.15603921766921, -0.14569318628775, -0.30707301538157, 0.55650296472388
-0.0052459141504419, 0.031452101224041004, -0.24518443075571, -0.074914080844065, -0.26364989487356, 0.32041526163653
0.0098987712607827, 0.0031057309524023, -0.27090450163847, -0.020979601680157, -0.24472901494149, 0.046893038870047005
-0.026944689667441003, 0.0042457798293942, -0.21674745080913, -0.0057322951076261, -0.26421953169708, 0.08603739643911501
-0.0067603895230368, 0.022547922552859003, -0.26933301463584, 0.0050323442593281, -0.26739915534928, 0.12645032915716
-0.030209030554440002, 0.015508459552610002, -0.23123190799089, 0.010091449218866, -0.26439333327094, 0.13163488907704
-0.0031107305673056997, 0.025812089748756, -0.25783245208112, 0.0037012538869212, -0.24969680434722, 0.14819414160082
0.0083466059735848, 0.031737734102932, -0.28076245742382, -0.0035070634698905, -0.24446514776499, 0.17001118574187
0.03336341833082, 0.023829624412765003, -0.32368477907683, -0.022890867616114002, -0.25417058769926, 0.16769496151322
0.031774226121972005, 0.029689454491581002, -0.33781688935091, 0.0008610739110517999, -0.26472715385113, 0.15508765602564
0.038905887901275006, 0.039313918359663004, -0.41357127732636, 0.0035806852266675, -0.18751221428642, 0.16840347439865
0.0001840890053596, 0.033297106070858, -0.34062684694542, 0.022402392401254002, -0.14795710173287, 0.16781834813757
0.013070541025483001, 0.033676928915943004, -0.36895169014839, -0.0074390961725653995, -0.14918863746797, 0.15896198560453
0.052781248263907, 0.031350673952138, -0.4240252532975, 0.0071744504581403995, -0.16068534001577, 0.15495045924657
0.055505297492386, 0.032930785697416004, -0.44011941659725, 0.010492451513516, -0.17682653174136, 0.14295165667837
0.036662553471501005, 0.018128551292719, -0.38731116788628, 0.010922549771420001, -0.19483552623837, 0.14357082457074
0.035165956659918, 0.021299665030451, -0.38917902826451, 0.011043668486673, -0.19525787070866, 0.16918403289485
0.010349535315817001, 0.017672168035478, -0.32449665678915, 0.013334228160374, -0.19370500069606, 0.16141055860383
0.005553332532113, 0.016774888302591003, -0.28049452187252, 0.0041499087133804, -0.19075817086791, 0.15030570497215
0.0078519212801722, 0.023048283229892, -0.25593087535756, 0.0024257597778004, -0.17156592782215999, 0.16302308096928
0.0022066122025763, 0.040230279717489006, -0.20043897652103, 0.015437866949125, -0.15470444827124, 0.15533153614928
-0.034018593823356, 0.038473157915436006, -0.15653035114784, 0.026763055645007004, -0.21584515777396, 0.17883748331649
-0.0054428654374697, 0.028196725823655, -0.24582066170422, 0.021117417924253, -0.27679091610031, 0.17569519089078
-0.013189333811198, 0.011542871705345, -0.21089563295198, 0.0007171457258948999, -0.24689340534275, 0.16433556051805
0.0002653911456379, 0.0038802263397838, -0.1863756292349, -0.011351851551858002, -0.23830330420634, 0.15772428762902
-0.027641010124907002, -0.0024019549345086, -0.09499370488578901, -0.013264279441737001, -0.19787183782757, 0.14656651810842
-0.033689866599806, -0.0029727724199356998, -0.04712763296596301, 0.0048162563364118, -0.20751057555938, 0.14645777941468
0.039977805397514006, 0.013195592360210001, -0.25766061062841, -0.0039008236708798, -0.25089498031528, 0.15368402605186
0.010535298853257, 0.011312118704908001, -0.29067115560474, 0.016199761923848, -0.20849067857334, 0.15452259041863
0.018586932759484, 0.012799740900069, -0.33740016981621, -0.013741790243855, -0.2082489130414, 0.15501218659462
0.047747881313194004, 0.027542993546973003, -0.40273222562365, 0.0099081902154648, -0.17463846470217, 0.1371398573154
0.043022152686415, 0.034163297826155, -0.46741533349026, 0.013232398735717, -0.16676393920465, 0.12658688105232
0.033903745562269, 0.026682285577803003, -0.47886530988904, 0.020466978900189, -0.2002501906579, 0.12234884691909
0.028737054776127, 0.025173872140416, -0.49647699746129, 0.018233465332711002, -0.16740560518361, 0.13217583764446
0.0043964982032688, 0.011130350455331001, -0.42185135852922, 0.010145115289555001, -0.1839537506199, 0.11961677020648
0.039570801804329, 0.0078575520074274, -0.4270379049197, -0.0038953667919642, -0.18233344736104, 0.11665901217372
0.044091620186801, 0.0069606449953551, -0.36717563032518, 0.0017045067091665, -0.17269297440498, 0.11337665404361
0.023756194581736, 0.010929312119628, -0.24750113922849, -0.0016905545706731, -0.15868351478518, 0.1147169827501
0.037940355728411, 0.018877240088426003, -0.28131477944776, 0.012392438072185001, -0.20532334112748, 0.13202144771052
0.0088055790957419, 0.020501797557592003, -0.31282194141016, 0.023553576765134, -0.22401157808307, 0.14140953152562
0.0011939411612373, 0.020115727659414002, -0.29227058779287, 0.011627568676376002, -0.22373209112169, 0.1403559652264
0.0034145275880286, 0.022669819226212, -0.26455919664263, 0.0078839274700506, -0.21098375307342, 0.15366705965881
0.0038086016911851, 0.028805068677212, -0.21318774677525, 0.0023403811887654, -0.1943260453708, 0.1610739997405
0.073444095258497, 0.023122752426760002, -0.30188964516507, 0.0029082989665534, -0.20075210184872, 0.17171786326847
0.039437729284531, 0.017058477938379002, -0.3081923926228, -0.0044644693244706, -0.17019908177595, 0.16737667089917
0.013471783426569002, 0.024930195620193003, -0.26828658669321, -0.0060336503843494, -0.16237402746514, 0.17150845512506
0.025027478007807, 0.027959852650542003, -0.25956964154437, -0.0067703504201744, -0.13129910917075, 0.16480548308664
0.029624860884550002, 0.031320159845348, -0.24276829438325, -0.024599705029938003, -0.12842620948288, 0.15415274919695
0.016100338630158, 0.026168641652532004, -0.18548772738557, -0.014602867308924001, -0.1819096302031, 0.16678263564007
0.017360602025793002, 0.023127883672455003, -0.22759373326399, -0.014823842168636001, -0.22782015933373, 0.15604111001226
0.011705523192609, 0.020435401334351, -0.21848992406675, -0.013518886406303, -0.14164104304885, 0.15201010682469
0.042313223074716, 0.031559857653238, -0.21839865930088, -0.0008655242206277, -0.11746926654961, 0.16406219593956
0.0005258836295676, 0.022918252064659, -0.22648558962887, -0.034523163235554, -0.0063332067450887, 0.15077114768589
-0.013968545617278002, 0.0051705863088442995, -0.03093559907733, -0.0156111329592, -0.14514572104389, 0.14937416540465
0.0005131610560701, 0.02736826706009, -0.063930992918924, -0.037881591749095, -0.08330235073168, 0.14364599432743
0.030524425787991003, 0.015771431693075003, -0.067698609627656, -0.037048583961211, -0.13120848100784, 0.14215623925016
0.039583845293567003, 0.013182092861398001, -0.16117246937797, -0.050529856069169, -0.09968134630028301, 0.13198068546698
0.044133883094918, 0.028946893106564002, -0.18899677200569, -0.023259070555907, -0.064225648176047, 0.14673820235333
0.042051858456343, 0.041717774585221, -0.24461823056438, 0.0003298307522411, -0.08398470611879401, 0.13366420530482
0.040772998247249004, 0.063456893082754, -0.31868665809042, 0.011734306842647, -0.068276202534573, 0.12621593805005
0.04810055505222301, 0.053770862515364004, -0.43919506894192, 0.033688892567567005, -0.10793500873051, 0.086614725940777
0.048800945238687006, 0.01222025739397, -0.37935072244221, -0.0011145632520153, -0.13976873561084, 0.080150218416247
0.039357345918534, 0.011049178263038001, -0.25711635223153, -0.027123439015298, -0.075208457232267, 0.10793059376984
0.039531615942185, 0.022701950034241, -0.28784111520549, -0.017504496628333, -0.14133583014104, 0.11585906883007
0.06527743406241901, 0.034521295128984004, -0.37515157975276, 0.0018736431803459, -0.19852017773897, 0.10587983940561
0.016423223376186, 0.025577894576675003, -0.31510239337001, -0.012732271089528001, -0.17922305332161, 0.11217825493372
0.038176661649083, 0.032819776183043, -0.30324825633956, -0.0089058748935441, -0.14028411353249, 0.11197537357389
0.04202654363565601, 0.031039286637531003, -0.25498879290077, -0.0044904944331462, -0.14451101259274, 0.10316823656171
0.07021334498799, 0.024023676114868, -0.29845417739918, 0.0022489297007695, -0.19451371367467, 0.10511840722674
0.047025924440572006, 0.032346544295852, -0.33348666599081, 0.0064048317664125, -0.1906149592524, 0.11977836821526
0.026913644910586003, 0.029394818087694, -0.31582228697213, -0.0061098908295975, -0.15602928481511, 0.12536549053203
0.049722748475899005, 0.033787028919686005, -0.29282230255569, -0.0059814620676070995, -0.15410943965542, 0.11983022822035
0.030713489971318002, 0.032419814323596, -0.32459414874817, 0.0041374185165549, -0.17164213727315, 0.11601557238198
0.0036859099621697, 0.024806095811658, -0.24812379761379, 0.012419337122844001, -0.18226559787056, 0.12252249469066
0.015111256035832, 0.036768212577439, -0.33297932774246, 0.014569534019222001, -0.18503443744343, 0.12179301361132
-0.0095979422787558, 0.017175239992681002, -0.29243252010002, 0.025896460566942003, -0.19871418976441, 0.11337877981518
0.012260189029859, 0.013403741516061001, -0.34350279267682, 0.008272537140238699, -0.20236202192133, 0.11341320339269
0.012690862353015002, 0.013808462491688002, -0.3345352729914, 0.031539150829058005, -0.20439973727079, 0.11122405449434
-0.0014634831400492999, 0.011238885144270001, -0.27146643628514, 0.025927138771487, -0.21261634511716, 0.096207993529534
-0.016673416335206002, 0.020715042787125, -0.31176250408679, 0.023521899481622, -0.20312840561465, 0.11595495256459
0.01095612653046, 0.019302217148133002, -0.4025193994375, 0.0098602303475113, -0.23907282876245, 0.11170090009884
0.04781778086113601, 0.022398696028746, -0.50327423319723, -0.0084430136643305, -0.22044642484065, 0.12527556818598
0.01552256455083, 0.022559508384815, -0.48224058306729, 0.012851076100937001, -0.15309269618448, 0.109174012317
0.024440223751200002, 0.04292776820897801, -0.5534759345188, 0.035095773538996004, -0.14192527759515, 0.081030771779751
0.060087376233882, 0.050448994186403, -0.62067962363884, 0.067443180264735, -0.18320350851059, 0.063117701356565
0.079699513838725, 0.022443779057269003, -0.66981508326715, 0.049175467614444, -0.23231544407523, 0.042441318163328
0.065058106648869, 0.017122521800294003, -0.6445341586281, 0.037219944292546006, -0.17033108486402, 0.052596274691917
0.07130690498350101, -0.0026621395546471, -0.67929827874211, 0.018731835744227, -0.24612442044365, 0.065652360749688
0.08208950802320801, -0.0034796946895833, -0.73521227605068, 0.039716779789248, -0.26003239766187, 0.07373894889898601
0.08161389889831801, -0.018884527327988003, -0.81867407271571, -0.0218639158718, -0.29845560778019, 0.06332681994767901
0.085390615480729, -0.021035877114862003, -0.80090568546804, -0.019208425799164, -0.10653159467638, 0.075994900045979
0.066871358277754, -0.005076289286925, -0.66337221495092, 0.014392331517618002, -0.08587153545012201, 0.08083016338858401
0.038127918166003, -0.0039207562633891, -0.57442836879359, 0.035695921968788, -0.17785315558831, 0.08148257115768301
0.054988995740545006, -0.0043389331582034, -0.56007139540238, 0.039430832175666, -0.23748981395782, 0.061575737304226004
-0.022112165741705003, -0.036260187771744, -0.31112111604215, 0.0014435042404553, -0.19285574957198, 0.046768540701813
-0.036800521170006005, -0.022320269384661, -0.19769769972074, 0.021784420489926, -0.18233939041045, 0.037376396842571005
0.0037445919930805, -0.009324514890221, -0.22325322311132, 0.0256299350732, -0.18487751728263, 0.042856027243814
0.018227108863082, -0.011094323912347001, -0.27911833993231, 0.032793506306777, -0.27468475005486, 0.047588900453676
0.039017064116618004, -0.01386218540769, -0.41748947309366, 0.028146894280767002, -0.3342948047275, 0.044811019924179005
-0.020138506796691002, -0.031658647321563003, -0.29581142696965, 0.010485458662173, -0.28513150061624, 0.046189401210668
-0.011853144561404001, -0.030456970885872004, -0.24958925910559, 0.0036740448144331997, -0.26910519277921, 0.036798444058376005
-0.00736249087663, -0.030500157668498003, -0.27398897599893, 0.0079571892846476, -0.27364723555249, 0.022717232331983
-0.0045137355566689, -0.029013011194497004, -0.29216153068149, 0.017549019085199, -0.3396279871695, 0.026194134227258
0.025705184356902003, -0.015657779639984, -0.44725741175842, 0.026450387942711002, -0.38324874050246, 0.037374874907691
-0.008200151458605899, -0.019041294373396002, -0.35186300874477, 0.020521836003385002, -0.35029477326988, 0.03434749212231
0.0061249025028363, -0.019767849754682, -0.32571092156678, 0.0085763294966577, -0.32225779549758, 0.041146632208021006
0.018320593940053, -0.012238215735784002, -0.31942919317409, 0.020020072643, -0.30900061825203, 0.032787732314284
0.039452971559047006, -0.0074265432506649, -0.42997284452149, 0.015200976776700001, -0.29020482776353, 0.030781717303065004
0.02051075109524, -0.011828579785617, -0.40378818452205, 0.021391315791656002, -0.30222993545829, 0.0448035721813
0.01534458491293, -0.0073917610533735, -0.47518829477146, 0.0063849160468803, -0.23916977812057, 0.054203159856266
-0.008441994730013, -0.0018868466084998, -0.46052078350782, 0.034176724012795, -0.22165712182417, 0.05603308301769801
0.023748696425043, 0.0036221952523017, -0.53233777010477, 0.033590502408081, -0.20966292878638, 0.05088428177402501
0.047696809630114, 0.01185025705653, -0.55614565957938, 0.040809772046428, -0.24782010736531, 0.045246222839565
0.065548688172766, 0.0063745655536721, -0.59363932161889, 0.033053113511413004, -0.26494533341901, 0.038966864666526005
0.035013735702175, -0.0073696556751752, -0.51132675886788, 0.0342712485991, -0.28405823459484, 0.04755445395504
0.0048876827164703, -0.0044504282451239, -0.51103023549175, 0.038723501447086, -0.27220963233083, 0.055877620506513
0.0040694151140144, -0.0089536276725264, -0.44168754901481, 0.037545452741823006, -0.27809815177209, 0.04747192013932101
0.022225368212482003, 0.0017254025199933, -0.47762122902857, 0.03262490796116, -0.26858370764026, 0.049852147651371005
0.038204460099997006, 0.0009887633420381, -0.46257318608956, 0.021114262016261, -0.2563260909912, 0.045620601599554
-0.017050495661256, 0.0015070547058414, -0.25469312208609, 0.040288182717158005, -0.24406864357337, 0.05746063487847201
-0.008792490071617, 0.0024740576686332998, -0.3449749143774, 0.04225177029324, -0.3223787140315, 0.067645326271925
0.007144306881028, -0.014844727662122002, -0.42595512780765, 0.036405632890742, -0.34293262491985, 0.062529760588504
0.042249324118618, -0.017683822203705003, -0.49630240031391, 0.018118604427028, -0.32532016687186, 0.051666138483034
0.06268467302984501, -0.011286211536901, -0.5459233788419, 0.036118299787515004, -0.26594458079474, 0.051682541608109006
0.058043449174581006, 0.0036284741840401998, -0.55779597924889, 0.052608164543243005, -0.23942953130093, 0.03782672850245
0.06680779827920601, -0.0009354527339394, -0.58072847267452, 0.050824374693771004, -0.22835734783342, 0.053840134751956
0.037830918657084, -0.0066911942295642, -0.54025752701546, 0.061336925703646, -0.24253897843581, 0.059920166660008004
0.039338061233290006, -0.024318868218126, -0.48119974796298, 0.021469086902338, -0.27951153270253, 0.040107130645581
0.018173433019735, -0.018689447454359, -0.32436886591032, 0.034254548292131, -0.27112495425494, 0.04918254307720701
-0.000771420676013, -0.0063879451095744, -0.27315839741349, 0.030055481477224002, -0.28498042487134, 0.046673928238651005
-0.013378007680590002, -0.011106707039462, -0.23168573285658, 0.034461662040124005, -0.2916058439358, 0.058501720779373004
0.017047219745487, -0.020028816857319002, -0.38159690597675, 0.020326034148187, -0.36524691745462, 0.05594708264140501
-0.0008345813406121, -0.033725063746635, -0.35549653095211, 0.013164415899586002, -0.34559234926896, 0.037510859261592006
-0.0046646944797741, -0.028702731875463003, -0.31496470637168, 0.010955824061799001, -0.33387516093324, 0.047972916586859
0.0098820078623812, -0.026461725875445003, -0.3172617851588, 0.023818276045975, -0.32006577646875, 0.05106312983869601
0.0020267644984904, -0.017248079742404002, -0.3531219155536, 0.010509104771492, -0.31530486197997, 0.044872238068171005
-0.01222348124894, -0.02382409712099, -0.24444450512946, 0.023433306272062002, -0.31436191760575, 0.049483922810577
0.0082804251628006, -0.014392612388610001, -0.40148448168341, 0.023549133807131, -0.3226761406613, 0.066291834508445
0.010649746632800002, -0.016869565820368002, -0.4276644178061, 0.022477145813548, -0.29590376660903, 0.050015170782256
0.024684343677074002, -0.0091126730886442, -0.4852866685638, 0.014860447462285, -0.23629363018121, 0.058168691209909
0.032346812855009004, 0.0044444415481602, -0.54342459533721, 0.031740199689754, -0.23427848557598, 0.065058765800505
0.05342237033159201, 0.012178603165019002, -0.60213309308115, 0.04519421657470701, -0.23578487614374, 0.054329551842431004
0.062012787027674, 0.012723477824271, -0.61538901107114, 0.060009956494869, -0.24505491199916, 0.028281283688502003
0.076826279811903, 0.0032319127550828, -0.66726721263821, 0.06503602056827701, -0.25658904697832, 0.04790850332189701
0.058684587276050006, 0.011727710468833, -0.62902383958163, 0.067495632941151, -0.23394762623268, 0.05240261247781
0.064540653982151, -0.0015796945336313, -0.69337852710344, 0.048297489443123, -0.26474750637592, 0.023594418368567002
0.09386412229511301, 0.0016586925999936, -0.69031247912125, 0.048190356130224, -0.25297466079864, 0.034552622441169
0.076426242576088, -9.53111980123e-05, -0.64544705315818, 0.044768718882187, -0.26189986968839, 0.027131563374867003
0.037032979196713, -0.0041560364472539996, -0.52989670696528, 0.056140999822203004, -0.29523332061504, 0.042435551146675
0.032998587879272005, -0.0019611811034109, -0.53024579876339, 0.06698352920950601, -0.35128443387164, 0.044505848369843004
0.0084625682640831, 0.0047739273955517995, -0.41163805217417, 0.066799408659737, -0.31087207681028, 0.043628530090757005
0.004549562052599, 0.0088100978807197, -0.38667812903075, 0.055211701025186, -0.30708979442738, 0.042494396772844
0.012168765514841001, 0.00400377285424, -0.35774731234583, 0.046011116622330005, -0.2789628193532, 0.049386137406351005
0.0078279338473447, -0.0034976016542422, -0.30437904627349, 0.043339188910185004, -0.34094562468978, 0.050051652321061006
0.03959307769055, -0.024505178062198003, -0.44441142798612, 0.033531804532542, -0.40460169558317, 0.056127028580025
0.023756921776452, -0.04084719307343301, -0.4037727298755, 0.022987214326859, -0.36173185715479, 0.054758573107357
0.015214435963091001, -0.03193196619224, -0.36202320028454, 0.027063266404923, -0.32546198766238, 0.052869074273358005
0.011107716594251001, -0.018612110027191, -0.33207552141185, 0.024463784784820003, -0.32064375772053, 0.052786700950559005
0.0045984311414474, -0.025535823344208, -0.2730014347384, 0.033556875432124, -0.32786111910472, 0.039667167143847
0.081315302187612, -0.0087885427637191, -0.45534461482889, 0.030451559448956004, -0.3652179770657, 0.061305603723604
0.033579675743725, -0.0095305641199656, -0.49560610228593, 0.035256424313045, -0.30468473520733, 0.05333344245249701
0.044314236568966006, -0.014883621983933, -0.53592437689952, 0.031003014938031002, -0.27349700895162, 0.046816127682425004
0.04636374837150101, -0.0055026254087961, -0.56398285188187, 0.045596666292683004, -0.31169782618714, 0.046485774821534
0.09199651765055901, -0.0057628967935281, -0.64579600881204, 0.041205038600039004, -0.34735036008901, 0.036399677906180004
0.094473612498149, 0.0005492129588278, -0.6423268450065, 0.033176792618908005, -0.27374335966065, 0.059760883009609
0.06812801642294701, -0.0031096880217559, -0.58828574474832, 0.0055848584904494, -0.18720095643015, 0.07681955032615001
0.028718065987068, -0.0042247375676465, -0.48962178817736, 0.029929403575666, -0.17386096181363, 0.072559373375288
0.06847473917996201, 0.0069061825651928, -0.52518440727208, 0.026554217631507, -0.22330547546996, 0.050340198053206005
0.088929348324742, -0.0027098538872688, -0.52403359131909, 0.032259481560603, -0.22930809318284, 0.039128305613653006
0.07006476111764001, 0.0038200057792105, -0.46080730726627, 0.018704311173476002, -0.23037122423238, 0.031851594261668004
0.08141998358522501, 0.0052596238737172, -0.50439575707005, 0.014552351446567002, -0.26008845305995, 0.052218681277626
0.055780558129742, -0.0020862438030634, -0.47150823819208, 0.030121165541282004, -0.27970431489761, 0.053571537019735
0.056428182012158004, -0.0011418610242378, -0.42393070034556, 0.0068118117650662995, -0.28132348405708, 0.038076480832764006
0.04879818422882801, 0.0050102810503121, -0.42143411002693, 0.012939989811854001, -0.26081364863669, 0.040432823380831005
0.031119655246237003, -0.0059317157856705, -0.30100824762384, 0.016956260126439002, -0.19365335560804, 0.019856987988756
0.037388673937146004, -0.012144115148501, -0.35081651344134, 0.040165758353789, -0.24647486906626, 0.035798881403696005
0.037963612810784, -0.0004133565948778, -0.43326045107055, 0.030642841741060002, -0.1958801105692, 0.06892251769395201
0.018945873514411002, -0.015360475150261002, -0.32305138965905, 0.0007474892827019, -0.26020483644941, 0.039499961016219005
0.028911455495959002, -0.0054288611103931, -0.28716497784186, -0.014694057620720001, -0.21060530160372, 0.031366860014343
0.06875950117886301, -0.0050419607773564, -0.35270759920595, -0.029610706854943002, -0.1899261734806, 0.028874729101105
0.056355248281028, -0.025502321591585, -0.37402308793262, -0.020448197654842, -0.27196417805516, 0.035394920597225
0.041801277300630005, -0.013638905569310002, -0.41738799400765, 0.0039961512510825, -0.26286594756365, 0.041979822914668
0.025151489599171004, -0.020447247274950002, -0.35378136981794, -0.0090299254948278, -0.26859683798005, 0.033792115687501005
0.048099802980608, -0.021193716791662, -0.37292090163039, -0.011537774142854, -0.24518665420504, 0.021462056313853003
0.029074791636281003, -0.026704944533807003, -0.33754489077891, -0.0067583501054222, -0.23591259486658, 0.0079969200582788
0.041585031917780006, -0.028710422753771003, -0.33712949179016, -0.0028156560830467, -0.27920214941202, 0.029388708652878
0.039147026664506, -0.034207231996313, -0.3668607354552, 0.015257602526399001, -0.30181915383123, 0.031831657704481
0.015450742152365, -0.034267919973263006, -0.34400807891917, -0.0044982248802297, -0.28277821692784, 0.036360503446120004
0.026209416054284004, -0.028792883100814, -0.38815424098436, -0.0034136661061733, -0.30197025632221, 0.040932871305393005
0.039427524833502, -0.022641087856071003, -0.44175130238075, -0.0037509898425257997, -0.31255614758618, 0.027890450937236
0.043178994860028005, -0.027751410114348, -0.4420308217037, 0.0035800500738811, -0.31227956296731, 0.033664425215804004
0.043901682261562006, -0.01501409967845, -0.46483962223307, 0.0099158947723543, -0.2674135987809, 0.05625212406266301
0.030064437484218002, -0.012532385520860001, -0.46850881870887, 0.0035939094731029, -0.24096799954636, 0.049796081646591
0.039204982272917, -0.0093539358938927, -0.51637911903244, -0.010079442194377002, -0.24473928867773, 0.06380522619878501
0.055785546278107, 0.0015758788116926, -0.53945477655884, -0.013908495242513001, -0.23570725186664, 0.06805608138820801
0.042809550709596, 0.0083568439505957, -0.53070014836487, 0.0036149324678493, -0.22518776900619, 0.075207938200595
0.06849840286058201, 0.012125322033032002, -0.54025363036896, -0.0024896782256444, -0.21541380531217, 0.10737132498954
0.037128837357656, 0.0051923108864087, -0.47087116671312, 0.00024214161668539998, -0.22130527426341, 0.10413620888976
0.032197359328705, 0.0092919660434859, -0.44951355593451, -0.011204428621816, -0.22752381243631, 0.084272611735033
0.050764427157277005, 0.0051601477207489, -0.42176764977228, -0.010560422196404, -0.23289177370544, 0.07663411954876401
0.047290420580888004, -0.0016768421598589, -0.33739091371518, 0.0046227209665819, -0.23631304901955, 0.06666557099946001
0.073822529867553, 0.0070241949355328, -0.36867010502028, -0.0074798558451754, -0.28054174321706, 0.07206665465862801
0.056164855306083006, 0.0017622305173397, -0.36826095394755, 0.0031219889110162997, -0.2934251031982, 0.072122520405693
0.03186605777068, -0.0041409085407199, -0.29619884803657, -0.0091516873357605, -0.2859483851914, 0.064484007519381
0.022061898248675, 0.0023252254164867, -0.29107813673057, 0.0066926039174154996, -0.28111007671702, 0.065462194889833
0.032018564763787005, 0.0017694654298986, -0.29663627497557, 0.0001621110112334, -0.28224074145669, 0.062840823857623
-0.00405689727786, -0.013735921960957001, -0.24056517537974, -0.0001006962660298, -0.31113755563983, 0.07022704469620601
0.03851438391445, -0.0077770412874876, -0.38368979739845, 0.010654949209829, -0.34963103153513, 0.08322060447689801
0.033724244817856006, -0.012627095723789, -0.41789101088713, -0.0027954857311537997, -0.2776235945643, 0.07304314155569501
0.054984242987321005, -0.0030543966983963998, -0.46365020666156, -0.014748778123973, -0.23995165238961, 0.077848882972246
0.046355134539026004, 0.0071468372476431, -0.48510559261796, 0.0012686785499887, -0.23965495833874, 0.072783252952659
0.061018656408271005, 0.022496013103001002, -0.58499677948099, 0.0058778396722596, -0.23329467014662, 0.07368614528933101
0.050156155203905005, 0.0064220094681321, -0.57468562360344, 0.014603695056892001, -0.27172087004502, 0.069116941527228
0.050238434593442, 0.009960437369988, -0.56802267678095, 0.0068516931573576, -0.21812195972771, 0.07877460013882501
0.070106063278193, 0.0024537590814353, -0.54982025108286, 0.0089882249921917, -0.26133541425709, 0.053245967158975005
0.095712049136775, 0.0042234882911059, -0.56140019524503, -0.0001090467905272, -0.2597836683074, 0.032816448570284006
0.089820231520104, 0.0073410954354114, -0.55807368196268, 0.0044921886425824, -0.25163106683281, 0.041517971358279004
0.047077391878864006, 0.0048887139039203, -0.42270783737868, 0.0089235816545036, -0.2543087451972, 0.047068542406379005
0.046091175695332005, 0.0083866779719988, -0.44727463904896, 0.017069998357044, -0.30974313313563, 0.065628087087249
0.044302079132245, 0.002525835766362, -0.40043241349973, 0.022152344592624003, -0.30593776088862, 0.058904257176012005
0.04326969235136, 0.002449956558387, -0.35103250235373, -5.36033649367e-05, -0.29637097421962, 0.046604826797008
0.063993875463399, 0.00020791245237019999, -0.36715645094587, 0.0090318245963592, -0.2689196922693, 0.05388976637803
0.029868350899557004, 0.0030525113842606, -0.30859590555708, -0.0003252803372595, -0.26006495107529, 0.053978409683678
0.035947184755805, -0.0048267559888797, -0.46310318831767, 0.012733747213309, -0.29276854654052, 0.05852660617409201
0.025843224837709, -0.0087750585889587, -0.40271052168039, 0.018239103216725002, -0.28929540133816, 0.054318025882010006
0.022333809829314002, -0.0053869383713539, -0.34476286212897, 0.0023268282408207, -0.27130384710193, 0.05365605439577201
0.031002014657164, -0.0084934615910358, -0.35297984681517, 0.0001410617467606, -0.24080151040645, 0.051019943130883004
0.047504776138072004, -0.0034711931320507, -0.39054612704463, 0.0038362051600299, -0.2516628007897, 0.05138936683096101
0.063544855095111, 0.0026830474672808, -0.51402946003085, -0.0007100364294104, -0.26487024169632, 0.078660563578221
0.042326496072095, -0.0069360874100968, -0.53126509114076, 0.0069426635816204, -0.25539672407169, 0.06918192929760901
0.06718833732165201, 0.0062883120513344, -0.57709784365192, 0.0093733045149399, -0.22333628335187, 0.049669370440990006
0.07231914523063701, 0.018943807440058, -0.60035284194873, 0.020167031152352, -0.19495000500381, 0.040695069001827004
0.05976974717760201, 0.012049135004816, -0.56675224326401, 0.024766018140471004, -0.20079770072945, 0.025247487565150002
0.082227137608452, 0.0006873840771842999, -0.57949859244953, 0.021475580469760003, -0.21913516801302, 0.04373151080411
0.057030212017698007, -0.0041832914318139, -0.58238780036473, 0.022899525027017, -0.21873181645376, 0.047885049687488
0.057806885739209, -0.01040227025506, -0.58047815837562, -0.0016309719556933, -0.23307179936174, 0.028771495028130003
0.078818170363551, 0.0010624484729999, -0.59853052132462, 0.0078871168650415, -0.24132836158997, 0.033958922587537
0.068919841416615, 0.0024637813208335, -0.56103859623004, 0.0059636823531976, -0.23198753196271, 0.018425087828147002
0.039632971786399004, -0.0089275060155017, -0.50445914171792, 0.0051791715924430996, -0.28242037886332, 0.036744658842492006
0.05395606899252801, -0.0035520476464311, -0.55748546059229, 0.011290508627873001, -0.30101629130843, 0.041814971903361
0.043958134383841004, -0.010522990440210002, -0.49610757025258, 0.001949751070011, -0.28019481787144, 0.034748162389359
0.061382246439711005, -0.0101253163844, -0.46921967656157, -0.0043460773015323, -0.26376063878404, 0.039866625732775
0.046170733244519, -0.0024548521175312, -0.42266117200174, -0.0085337457937714, -0.24940761665083, 0.041557389064501
0.014807381572066002, -0.00672377555888, -0.3608432376326, -0.0059879235957325996, -0.21218859966413, 0.038863989119990006
0.064740250631591, 0.0040112913706109995, -0.42554174822449, -0.011834911571619, -0.31047228782638, 0.053659809007173
0.066589314682836, -0.0095855337919981, -0.45190683170475, -0.010857040801648002, -0.35817630961068, 0.054341564062875006
0.036103216553539, -0.010965530451704002, -0.37677366579868, -0.021467066699072, -0.34453545793555, 0.045852781455846
0.028869111258032, -0.0062404740072733, -0.3705463916042, -0.0090338941168492, -0.32673112018001, 0.03789236610884
0.0221953588752, -0.0030511197030605, -0.36497990288988, -0.004797361927881, -0.35286916775215, 0.040382969078183006
0.036721376751714004, -0.0019713969596782, -0.4349922559841, -0.0043866587603687, -0.352593845582, 0.043921664512563005
0.04921858485073, -0.011208589207477, -0.51212247805046, 0.013517636068753001, -0.32820963441524, 0.029512509187271004
0.047764642263828004, -0.0056858965735601, -0.52737886056105, -0.010209689955463001, -0.28335707466272, 0.048033491396631
0.027755054224180002, -0.0042189004070490995, -0.46098231113509, -0.0071479918437172, -0.27805949662911, 0.034865753360206
0.05254999601832801, -0.0063941079941342, -0.53738394086151, -0.014175486074673001, -0.2783243778022, 0.017775133037473002
0.071952861413592, -0.0050314830823453, -0.58727078296714, 0.0034462728189543997, -0.2819868660658, 0.012239984962178001
0.08727190525357101, 0.0016905101174517, -0.64721865635635, 0.0087475165626649, -0.26757841020522, 0.019171550791476002
0.06557988516054601, 0.0002231576402013, -0.61933242269418, 0.017221288236058, -0.28783962552986, 0.01689795379598
0.070765685682321, -0.0002505777561674, -0.62947984522538, 0.018959280701567, -0.26739289128409, 0.03997948861719
0.056960208912117005, -0.0037675637916499997, -0.61075784381, 0.026752117888915003, -0.27180726750933, 0.028254280448774004
0.06200657704378901, -0.0024582122849431, -0.64551877086822, 0.017397330782238003, -0.29469111926406, 0.015045180378117001
0.10305087406846, 0.000353400027178, -0.64030524323209, 0.016343481597420002, -0.29411501098103, 0.015008287743024
0.069778438286936, 0.0004506509481345, -0.52669752409106, 0.013405288077988001, -0.26260269880585, 0.012924329281605001
0.056332116538337, -0.010641833767487001, -0.51164078359044, 0.022645338328641, -0.3171783982535, 0.023567506529359003
0.08857645991064701, -0.014764831482672, -0.59430019973474, 0.037302955001537005, -0.35906861537974, 0.029696787823408004
0.05909485615973, -0.0073983059003632, -0.5074224599008, 0.0044513456632179, -0.33806524869547, 0.026536876991231
0.064987597151674, -0.0075899359420057, -0.44857071306757, 0.0084085226023756, -0.29536404050351, 0.031729188811937
0.034538409267287004, -0.0032390772325213, -0.37775894975084, -0.0069735878600372, -0.27283822731289, 0.032165902235924006
-0.000986848341452, -0.02074342898544, -0.29503017276713, 0.01047734204061, -0.32853759905297, 0.029869395043299003
0.029879935647352, -0.024522457434833, -0.49298052076537, 0.0098521509594004, -0.42873814666417, 0.043580828675767
0.0079069888097704, -0.035394228018532, -0.39467737143914, -0.0004692453262287, -0.40367566559723, 0.038917960484286
0.02762413675882, -0.028664379134004003, -0.38679999669602, -0.0053258544424886, -0.38384860218804, 0.032866766755765005
0.041518347932042, -0.027855899461952, -0.36594319436388, 0.0012753266249121, -0.3508997550514, 0.036980333282634004
0.022568418427976, -0.021111981166929, -0.31353417484492, -0.00016878706256969999, -0.33797997642463, 0.02712389232538
0.055223881625803, -0.021474958014734, -0.33126937327366, -0.011108420523784001, -0.37241356561799, 0.041002116715542006
0.05924418603293401, -0.025638012512388002, -0.45153934852121, -0.0007280712427879, -0.39512841639722, 0.050120846269869006
0.075345219974318, -0.026255950483580003, -0.50196001061909, -0.025185323331968, -0.34980629033733, 0.04678017361469
0.05929206441098601, -0.013188664507307001, -0.52265285155263, -0.022597372847737003, -0.26762270957593, 0.04256071869888
0.063996514554212, -0.008861504620391, -0.61368049975529, -0.016306264338651, -0.23533539334734999, 0.029582687097542002
0.07675047792426101, -0.0003934179348909, -0.66742569717376, 0.0085855647804485, -0.23564569911637, 0.010868286276775
0.07659878525235701, -0.016828061398557, -0.66390235880293, 0.0066312726111423, -0.27072053665527, 0.017131980578887002
0.05407206433094001, 0.0076737895031057995, -0.65646731293804, 0.05477967666261901, -0.23417366583325, 0.016106777330562
0.040302413803797, 0.0006422975153275, -0.69454040947712, 0.026583586572274002, -0.25637589717045, 0.0060488116999647
0.076392592568066, -0.0076061880282273, -0.70098390662016, 0.011675066961268, -0.22789001068655, -0.0089079676749012
0.073697053972159, -0.010363262969695001, -0.66875963244899, 0.016312355257396, -0.27591824566738, 0.006748796429163
0.034992978714985, -0.020805394490939003, -0.52496928636941, 0.025730469348444, -0.26846864428325, 0.0092723711131552
0.036007115011338006, -0.014238684916378001, -0.56009971809712, 0.033106522570814, -0.3218908032502, 0.033913228520641
0.027541629359109, -0.024849287563562, -0.53387307563245, 0.039278517943339, -0.32062966687756, 0.015888972141608
0.034198008407134, -0.023352604323161, -0.46704994980958, 0.022709524391892003, -0.31370270710536, 0.023327211069373
0.012178009411394, -0.020693085476425, -0.46343047878978, 0.023962693027249002, -0.26475686860124, 0.031478855766567004
0.030671714484566, -0.017426539541396002, -0.36697857377014, 0.020836506075233, -0.2780338249834, 0.017294744320483002
0.037964496611412005, -0.023031493693465, -0.41339160850895, 0.031730077245368, -0.36485181705822, 0.039971254827694
0.062362786082358006, -0.026806590951060003, -0.49356835824186, 0.041674711153841006, -0.4036891803678, 0.036831017363239
0.021982023748338003, -0.030929301033080003, -0.42579448216077, 0.0097122607090534, -0.3635619035882, 0.033670374665791
0.031282879113527, -0.025869513338144003, -0.40436321739461, 0.019639954719596002, -0.354264284464, 0.033098182301860006
0.029793745302764, -0.015792733508702, -0.40954427593466, 0.016649082997713, -0.34526866508068, 0.033022662971638
0.0066582429187014, -0.025398576986749, -0.38263306196017, 0.0085891578329276, -0.32759060839361, 0.035305227431297
0.025119641149180003, -0.022490176800616, -0.49488624633176, -0.0016908946559403, -0.36093663951161, 0.045662264392549
0.011650293282264001, -0.027024484552021003, -0.41259139890496, 0.0013291962055719, -0.31369638489963, 0.039591565173892
0.0223141267072, -0.02241583928014, -0.44957460716161, -0.0095327369271136, -0.27543515207629, 0.039576207097773
