Pichu
0.0, 0.0, 0.0, 0.0, 0.0, 0.0
-0.015348396620723001, -0.001306161838602, 0.072255851110399, 0.020445771488623, 0.024434937119901003, 0.0025628781608939
0.0037755874478622, 0.0015054487926471, -0.0062479211179753994, 0.010303142642482001, 0.043122644037377006, -0.0013388084617067999
-0.028034913412780003, -0.0005822132601676, -0.03314103454746, 0.0094188385106246, 0.051944049062837006, -0.0072524610762224
-0.0080173850807463, -0.0044856898028657, 0.036950798660945, -0.0018557756827948, 0.017968258568807002, -0.0034566180413901
-0.0042894537441159, 0.0004211609275581, 0.041089205051099004, 0.0080030165713762, 0.0034885472235692, -0.015874550912652
-0.010675910361712001, 0.0061689390161396, 0.018123008134667003, 0.019579819521758003, -0.036871223516575, -0.0182656489765
-0.0064111090892065995, -0.0056569542592148, 0.063979974590229, 0.015298008173860001, -0.05823969819665101, -0.018580431374108003
0.014864147231971, 0.002914440190167, -0.05518224623030701, 0.023696686542309, -0.064311612455852, -0.017929994500799
-0.010042761333949001, -0.0020034432262112, 0.0066361935958561, 0.013074245737127002, -0.037022294399902005, -0.016779121051336002
-0.014150809422057, -0.0030921297956942, 0.020071295565764, 0.018553839850242, 0.0033229762637748, -0.018510000229426
-0.0051536089634296, 0.0009023570292936, 0.018933846415646, 0.010121149205406, -0.020326690608902003, -0.016222471957687
-0.014501837070674001, 0.0032072929938571, 0.022076983868794003, 0.016577518410506, -0.04209816863008, -0.012848437898598
0.0057085574184448, -0.0042747650499946, 0.035483841203361004, 0.0068092035241395996, -0.062566470236999, -0.011179824335618
0.0031237858909495, -0.0058790357245696, -0.013641846681727, 0.018244580425081, -0.050775386082105, -0.0072691665951024
0.003221882698291, -0.002646586754197, 0.037643765408874, 0.018711669997456, -0.042677621019019, -0.0095712812855128
0.0090511389601845, -0.0032607825173219997, 0.031496713319995005, 0.010215842141726, -0.040763806586048, -0.0089548778365719
-0.0015282347842035, -0.0007935491065183, -0.0008379785477741, 0.013700070513052002, -0.036136530262067, -0.0098742678429785
-0.0022785948098223, -0.0039506194105527, -0.011892001893919, 0.014440644162279002, -0.04261589652361401, -0.0087433727701031
-0.0068194663414597, -0.0042786068407483, -0.030295321789261004, 0.018052997897609002, -0.0015728299825488999, 2.68584719086e-05
0.0068614757479428, -0.0093750474519554, -0.027570688357582, 0.0178111982411, -0.0077933173516243, -0.0039785093758359
0.018635518781172002, -0.0030236564237245, 0.029806368171587, 0.011677161259032, -0.021728202553428003, 0.0076330347875934
0.024926412683651002, -0.0009725977624957, 0.0090678731215709, 0.018006032747935, -0.019465839817095, 0.0037502248877267
0.013875219773119, -0.0051761035635056, -0.014237844245095001, 0.020686822097955002, -0.022193406961387, -0.0001911965256408
-0.0069715089340541, -0.0091528378560333, 0.057320596673281, 0.019018995665505002, -0.010568960617791001, 0.0072388814180472
0.0095127354017943, -0.0091931331611888, 0.0069277924617863, 0.008801640116874, -0.013897891797781002, -0.0040873744355797
0.01293027661983, -0.015989640104644, 0.018033583140023002, 0.0080788280799402, -0.027025451168423004, -0.0055606455694714
0.005180266826597, -0.013198478641908, 0.029436134751404, 0.010304117951908, -0.017159769402120002, -0.0053447327963119995
0.015118362203961, -0.011743962944501, 0.020970243532355003, 0.0078252674151006, -0.021784724509636002, -0.0091494797548299
-0.0048946355366193, -0.011979718390944001, -0.0056815769232347, 0.013864932492405, -0.035921403127494006, -0.0063614335013967
-0.0067152005858328, -0.017188268181501, 0.074163525561978, 0.018223893743425, -0.052505747621094, -0.0049265446650665
-0.0069399121537531, -0.015123699076315, -0.043578541750390005, 0.012205022370102, -0.06603128791111901, 0.0019165749660163
-0.011467900897378001, -0.013268697168954001, -0.011862134355649001, 0.012002587580170001, -0.049384051530607, -0.0077601491952074995
-0.0034764801292459, -0.013686076478371001, 0.0049314632367054, 0.0099240481802271, -0.037409529559401, -0.017924087986403003
0.0028861513826897, -0.010189491310022001, 0.0087633479581113, 0.015085281512573, -0.029018609204307003, -0.011163010169891002
-0.0049760175437942, -0.011397603481529002, -0.020093082537482, 0.014404565703953001, -0.035449247229989, -0.0075623767563188
-0.014039192243099002, -0.022391862632977003, 0.060469312654190005, 0.021232604124148003, -0.041720282521703005, -0.0052666586340626995
0.0072322755721082, -0.013992860718082001, -0.063435610156446, 0.026979599900708, -0.057023399519948004, -0.0071216855439125
-0.0026065592174272997, -0.017585887354403, -0.02258803259557, 0.0093824274925065, -0.050501670990498, -0.0080159272637628
0.013375345865030001, -0.011242922968806001, -0.0009551506151461, 0.021965608266973, -0.018609830600621, -0.0036737470213105
0.024010424488493002, -0.015332048129562001, -0.0058289431339716, 0.010549972397201, -0.031143063144591, -0.0089969289337198
0.037180470525107, -0.016922502596336, -0.035871926062066004, 0.017259292476541, -0.043102645385231, -0.0064211204172439
0.018305973072697, -0.020671757870712, 0.037002899849579, 0.021563301646494, -0.030840900939153003, 0.0093249274604981
0.018200630265570002, -0.019326374950342, -0.06707862285836501, 0.021230100882012003, 0.013510827226410001, -0.010994615765521
0.012584657678524002, -0.017745044733962, -0.024019505715086, 0.017274443797798, 0.0005744519890383, -0.0071010597666974
0.045669521867027, -0.017962357515847002, -0.011647496949801, 0.012569921309762, -0.008631043380596299, -0.007573042014159499
0.037920419893851004, -0.016775032824311, -0.014400316035818001, 0.015306008898369002, -0.017226800162556, -0.008435579584992199
0.027748850410248, -0.020651341793588, -0.0047503340910728, 0.018931034290755003, -0.045419376513465004, -0.0056176395007655
0.012644540843217, -0.028690549334554002, 0.095631375819234, 0.017075093943005, -0.032088537165915004, -0.012035463477262
0.0087569944763522, -0.022648804960417, -0.029644130292599002, 0.017503567804272, -0.03547951187021, -0.0087823091873797
-0.014500489260918, -0.014556434681064, -0.027016172420228003, 0.016993551887884, -0.038341838698332006, -0.0052219763512221
0.0083093516402723, -0.018640085637337, -0.0082802913719398, 0.011214675789688001, -0.031465762789799005, -0.012797435936378
-0.0024036418521521, -0.015530408565385002, -0.027110514862046003, 0.0067563981903174, -0.030222820533194004, -0.0058734191387791
0.0091900030380245, -0.022003846058785, -0.06958768560612101, 0.0074912861492183, -0.069884992618555, -0.019303101771697
-0.0033830063826008, -0.02733686048331, -0.034647102996166, 0.0057037232621389, -0.076503777455405, -0.006186983872333
0.012658614781542002, -0.017101931525025, -0.11709898464584, 0.012488047180917, -0.07927632884890301, -0.01416400989229
-0.011911161054184001, -0.019439977701301, -0.046279237154212005, 0.010525786151159, -0.045289819870261004, -0.012910959334143001
-0.016826163561079, -0.017719049982381, -0.034097941136324, 0.010726595741062, -0.025688544138572002, -0.016589321583433
-0.016108185968931002, -0.021336613055099003, -0.048288225589614, 0.0079607100538352, -0.036441532074138, -0.018278980466285
0.0055949995208484996, -0.014649329368816001, -0.09278082621279901, 0.025328205684458004, -0.037105034817265, -0.014046245292393001
0.0069744111332206, -0.026210677294607004, -0.055058690441527, 0.009334796699775499, -0.041077869551982005, -0.0093422364131803
0.017249843792571003, -0.018100148433022, -0.082673511764556, 0.020178678620298002, -0.032010273358024005, -0.012097771832367
0.011750888733452002, -0.022705461131785003, -0.021913507033229, 0.015169468562507001, -0.035753508941335, -0.010199298287667
0.039421537874194, -0.017023711641331003, -0.031525774562111, 0.011634844814773001, -0.044128194087973006, -0.014946435767799
0.031966930288676004, -0.017626051017186003, -0.0421185633582, 0.011718587730401001, -0.050765155684116006, -0.017223536288986003
0.021201428543379003, -0.019535682091956, -0.011049620532411, 0.014022254916143001, -0.027652214031238003, -0.014442452277914
0.031608424653421, -0.025195740867454002, 0.023930480805366004, 0.011375124897862, -0.002748162404511, -0.019133571817758002
0.038006195757504004, -0.017270758247489002, -0.0017734010480867, 0.0047533579365403, 0.0004197225978227, -0.011639981694650001
0.026455330793498003, -0.014034323526975001, -0.0055498068494434, 0.0054506622144181, -0.011881149627717, -0.016416297468830002
0.030652758380312003, -0.017915762379305002, -0.030807942480074003, 0.0013591382798992999, 0.0015863162825508, -0.016401436545824002
0.027561751285459003, -0.018480198936288002, -0.053094976218750006, 0.0056951095659117, -0.048691349916482, -0.016533560744797
0.0005788905575581, -0.020859682145821002, 0.019862395538026, 0.018378579509281002, -0.045017721443360005, -0.0154978467685
0.0048302754519716, -0.022710352528351, -0.064326542901552, 0.015802727336682, -0.065411632469604, -0.019794630803123003
0.0080729728301801, -0.018009579689393002, -0.07025616940607, 0.011870669170629001, -0.060749441606129, -0.019241438308459
0.024421093138233003, -0.021085818475712, -0.05322826689817901, 0.0085345470812036, -0.043188442938728006, -0.022279730186127
0.0079107306416424, -0.011606356958088001, -0.063760400960954, 0.014527444429372002, -0.022212401719786, -0.017831126637940002
0.0053069182473888, -0.025047229725819003, -0.055034211563354, 0.018106245303459, -0.052574380768401006, -0.018063641204409002
-0.007756214495995, -0.027376190669253002, 0.018028456757631, 0.028453956778727002, -0.052212263735319, -0.010841987333193
-0.0021719010375936, -0.026258472191494003, -0.11162447799269, 0.016474638839778, -0.08462737216296601, -0.020212968567609003
-0.011891699490147001, -0.022175885627862, -0.09798874619031601, 0.016017536461665, -0.061220597184284006, -0.017368531579458002
0.008144048673207, -0.019416039351347003, -0.046973737170828006, 0.012676443280467001, -0.019792280181854003, -0.023241212307482002
0.014327632515376, -0.021312093876445, -0.056297382422339004, 0.014623262891731001, -0.025620736305931, -0.018893564916407
0.015942930864503, -0.019876702839678, -0.11103179802603, 0.025431467622451003, -0.033431321441046005, -0.016557580331799
0.0006610866272855, -0.027889465086293003, -0.069960613118594, 0.014304594227814, -0.032620378629546004, -0.013342083619989
-0.004910020188985, -0.023230662051882, -0.15604388136967, 0.017334990080536003, -0.019257151014907003, -0.019911190241308
0.0035081467289278, -0.025452564591514, -0.11089303022079, 0.023201864708845003, -0.025271913377172002, -0.017465857018029
0.036411044431253, -0.021984956501720002, -0.096937842027442, 0.018665421187319002, 0.0022965159416909, -0.011711605472369001
0.025339052675387, -0.024629818257504002, -0.10641677374611, 0.016459814272051003, -0.009338363443942, -0.011176676195771
0.016371836394432, -0.023677091203935, -0.11761521454278, 0.024471568278547, -0.0026001491143915, -0.014274604226526
0.01609801720086, -0.025180029536454002, -0.059805415299359004, 0.012453410394546002, 0.026123608329673004, -0.010190193014504
0.035665225021565, -0.028570104090511004, -0.09658171157419201, 0.011471490524307001, 0.021732391677449003, -0.0082057022322313
0.043047113936753006, -0.025899287416873, -0.07117549350362, 0.012671943486866, 0.016949964033394, -0.014040706919067001
0.031296382737319, -0.026629973830878003, -0.08428653657955701, 0.0047750993911214, 0.0087466418004968, -0.016818210494266
0.015157577589073, -0.032278663102966, -0.08445739412705801, 0.0072773315860938, -0.00629538758454, -0.012345343060471001
-0.022694206587616002, -0.032694703730293005, 0.0029396401578387, 0.021857240067966, 0.0082405792888766, -0.012188220650177
-0.008093359276860999, -0.032524463712686004, -0.12239716239526, 0.017636220458949, -0.010069303944515001, -0.021585025178657003
-0.0066638122140706, -0.030008966138747, -0.085512600368374, 0.011023353386132001, -0.032835318741973, -0.016493727304001
0.014052046330707, -0.032082965385122, -0.038492754113091006, 0.0022865375907914, -0.031377990473551005, -0.020246642322652
0.0076137332670221, -0.029232702614396002, -0.05448753747248201, 0.016932488120235, -0.021290362461134003, -0.023957924180322002
0.0024947652843401997, -0.023929318248399, -0.09916136085653601, 0.020716823072555002, -0.031694251611359005, -0.024424547780668
-0.011331512973817001, -0.02747628983263, -0.044070867202571, 0.018387607353565, -0.039888029150413, -0.025648955064945002
-0.0018622428345765, -0.024652651640215, -0.16134485965596, 0.0074946723429504996, -0.05333811109364801, -0.030831523730420002
-0.012386593344473002, -0.022386613030085, -0.13003828219956, 0.020677406369048003, -0.039569856769429, -0.022025581903367
-0.000622218101534, -0.02594343824728, -0.093439882357047, 0.021193858646293, -0.017911677793867, -0.031333717488025
0.0082093058114806, -0.022245344887832003, -0.09388743054293101, 0.023951571758942, 0.0024135808031603, -0.027624747379789
0.015991606452341, -0.025313428116566002, -0.13923608582582, 0.021867844444472002, -0.011896937892409, -0.021650589043358003
-0.00542892599916, -0.033207575908881, -0.05591822462133401, 0.02142203779971, -0.0019208080518819, -0.0081666674103716
-0.024560585632037002, -0.02951526627015, -0.22767928784185, 0.035766928660040005, 0.036959591881044, -0.034047305837486004
-0.014080772334900002, -0.027568935669444003, -0.14681938804313, 0.016831220929675, 0.005941719874383, -0.024932616093124003
0.01129289383124, -0.029102321104399004, -0.10382659719854, 0.015245712304474001, -0.0029419159478028998, -0.025481199998202003
0.019972374039024, -0.027056069020183003, -0.11345811119473, 0.013827307350768002, -0.010547651902895, -0.024869166897558
0.024394076564799003, -0.027628230795228, -0.1204733639024, 0.021639654631217, -0.02595655574761, -0.023879781117525003
0.0087938555847167, -0.039235868683672, -0.011009070332099, 0.020792397520162, -0.01559951121528, -0.0063221580446124
0.016910075715116, -0.031345851999652, -0.10528753663415, 0.018822059660627003, 0.012422431770498002, -0.011875929278233001
0.0077882559399756, -0.029690581987404003, -0.048468049153659, 0.015649637767291003, -0.0012721355305381, -0.0072168533503188
0.019632310926463, -0.031714776271312, -0.051338200642808, 0.013146063568904002, -0.0053888209509258995, -0.020015965524760003
0.012288980002725, -0.033561299819827, -0.043694018788361, 0.020043307737852, -0.013276449874351, -0.020494387236996002
0.0025016283585389, -0.039762366669185006, 0.0022959867122194, 0.017994049178048, -0.024376026273744, -0.01456705099604
0.019616398731306002, -0.037301658287338, 0.013190918248338, 0.010218244564609002, -0.043071770689407006, -0.021331913723151002
0.027717114936533, -0.034894431685062004, -0.03452635112217, 0.014346890113111, -0.054409568444777005, -0.016907875686212
0.0073095375651857, -0.039366192623497005, -0.0092529965347764, 0.0011251455224344, -0.04793012784561201, -0.017468652565848
0.017125483696998, -0.036095755993742006, -0.032674269540494, 0.0097320663902181, -0.044888356280660006, -0.015941212240717
0.019394075804917, -0.033832813835943006, -0.020298697249328, 0.0033334322919692, -0.053475275581768004, -0.022369839658232003
0.013584336109223001, -0.032220295182865004, -0.030602614773383004, 0.0055193485050116, -0.07087905537991601, -0.015853094626523002
0.015852510989189002, -0.032506954192514, -0.040305562467878, 0.0027865854945099, -0.080078458909486, -0.017085333840908
0.009026865544073, -0.030261015556199002, -0.084597147898937, 0.0019936561436875, -0.052687616129338005, -0.010732554665968001
0.021014180316404, -0.033281281125119, -0.036265450870317004, 0.0006954745819795, -0.05200358149426, -0.020861504126912
0.024113776590341002, -0.03261068439588, -0.04526279258687901, 0.013998842989263, -0.040926646786034006, -0.023790555752244
0.0055698699898971, -0.030865885615027, -0.061553397946087, 0.0063057540677892, -0.043342906880893005, -0.018327167603738002
0.0035925092788081, -0.029339024094839003, -0.05657206191045001, 0.0016110374192544999, -0.034259778552687005, -0.024257592758957003
0.019078993988745, -0.034930842585176, -0.059989375869489006, -0.0065653360139675, -0.050785703903513, -0.023980190772407
0.020136811450487003, -0.031164373018083003, -0.099649847694618, 0.010327378803655, -0.038196525045243006, -0.020090787946609002
0.024447401628009003, -0.030084332721846, -0.044689720085182, 0.0030342580259176, -0.027770058549731, -0.018285902705012
0.026111635265008003, -0.026274191469263002, -0.05914475160476, 0.0091958941042932, -0.023895497671987002, -0.026348664735428
0.012249941765570002, -0.027097183095043, -0.07746793679196401, -0.0042085801370801, -0.021711990895902002, -0.034674491006698005
0.022890401896859, -0.028473203248049, -0.083329981873345, 0.018580016625031, -0.0095266307601562, -0.025645112853661
0.043707001227717, -0.03451611504431, -0.016969348371654, 0.013808109736687, -0.0049021541687355, -0.023466607722816002
0.046266832257266, -0.025115976640622, -0.10071129152982, 0.013212610604482, -0.0038549661719779, -0.020683214215805
0.027923584042388, -0.033054009216414, -0.05302771296916001, 0.012638134925905, -0.014768822789391001, -0.030117169263199003
0.027798037101147, -0.030945076618656003, -0.068467179355752, 0.0001464949610057, -0.012893727783335002, -0.035135012581792004
0.031803070805916, -0.026183163164341, -0.06874399081780301, 0.009278970291643599, -0.022423086284398003, -0.030045763396210002
0.018619025414504, -0.030881187135232004, -0.062130521892379005, 0.015159298406897, -0.023982515934948, -0.030417716828422002
0.024831131975245002, -0.034301339160799, -0.031574010476322, 0.0052388317764099, -0.025960018212078002, -0.030263447557749002
0.035615898120109006, -0.034101602838464, -0.089252852884769, 0.017877720130072, -0.035118139813454005, -0.023930805226989003
0.018664852184738002, -0.03819774019608, -0.024474586413883, 0.0060311737454317, -0.011000603659982, -0.029864563447933003
0.020420568614443, -0.040941825333040006, -0.044329092171920007, 0.0065763778549049, -0.0014032029983381, -0.030685768630525002
0.020700228748362002, -0.035148416846072006, -0.04977618696415401, 0.0114871316932, -0.020526937205032, -0.033798591049583
-0.0071477565364917, -0.040993921197499006, -0.019588774200903002, 0.01722884731089, -0.019219202437928, -0.028489968391507
0.020327684234366, -0.04347098956267, -0.072628598343246, 0.0088298228860043, -0.037586505769281006, -0.031711645451888
0.021553625047126, -0.040391942430324006, -0.10247966942105, 0.0098197945022257, -0.05553023945219401, -0.033174657866356004
0.013228028110675001, -0.038344282054741004, -0.050803386075514004, 0.011227029307100001, -0.022090669212350002, -0.034699351451501
0.024066454442924, -0.037892874658793006, -0.09708355725871101, 0.013578283977045, -0.020017128915804, -0.037420697026927005
0.0075330832738786, -0.032135746872375005, -0.098836085865228, 0.011314102368871001, -0.018543874219773, -0.031956979781071
-0.0059799654633339, -0.038623236910246, -0.088405821358673, 0.018397778883047, -0.018819579715601, -0.036115770545346
0.01127623669148, -0.037642661587977, -0.11565980851177, 0.011649288267478, -0.034244475764565005, -0.036318137148004005
0.015919177520603, -0.034659408920534006, -0.11842254235803, 0.018662985374848, -0.044625601026355, -0.036406303174129004
0.010998814995779, -0.037653821727187, -0.09736571954095301, 0.016582713107994, -0.021016222378704003, -0.038726646071456004
-0.00466529671168, -0.035181792859782006, -0.10363767218099, 0.010128524959405001, -0.015082522203765, -0.035385807610897005
0.000487559034037, -0.033041392223898, -0.11706445206302, 0.017203301363499002, -0.005921790746298, -0.038359761546866
6.92452562802e-05, -0.037473813410998, -0.13939204785958, 0.025762781605496003, 0.012662398438696001, -0.030616191056709003
0.022949787262712, -0.043941258078323005, -0.11969467120971, 0.018668464612184, -0.01012877470501, -0.030232047861537003
0.023621008960266, -0.043834102238557, -0.13934428933438, 0.029292286589557, -0.015961411628817, -0.028420872945940003
0.038087978498024005, -0.042422738863723004, -0.07190612102362001, 0.012606215436062001, -0.020931070940791, -0.020813018405720002
0.021320302534298, -0.041720750185779004, -0.10015508014709, 0.025899952289670004, -0.01344802082936, -0.019589903403716
0.027159782064845, -0.038811054295642, -0.10722183510057, 0.018971957857776, -0.025114201442172003, -0.016414882774738
0.016964841451141, -0.04144290271829, -0.085268843281637, 0.027173276584187, 0.0033935711381198, -0.010203358935218001
0.028413039154819002, -0.040539888010913, -0.12063480394774, 0.026417179603022003, 0.016096066588108002, -0.023426602230207
0.019575523596274, -0.041848715043925004, -0.10983265232856, 0.027009631575735, -0.0007560511467473, -0.013994318901231002
0.040473333526942004, -0.040766494274152, -0.07039992806357301, 0.020837611896268003, -0.0010435088651325, -0.010295236079593002
0.030487485267034, -0.041297250810053004, -0.10471075420707, 0.020689416227928, 0.013394841133526, -0.012779083558899002
0.024073158295248, -0.042749520893159004, -0.09642960395182101, 0.031329797125913, -0.0082637726206569, -0.016441579667587
-0.0021511668865435, -0.050725895318745, 0.009076534287151999, 0.02988291321974, -0.015541314387435001, -0.009018590000949199
0.011383730569411001, -0.041560916509039, -0.15011874690949, 0.029489239762725, -0.026722110877232003, -0.016527809191786
-0.0068636951758391995, -0.046870958003567005, -0.08958825670681601, 0.032234294531302, -0.032738190380216005, -0.017987547680693
0.0073921971405991995, -0.038512405520799, -0.06257835412027, 0.024717144223572, -0.021169620840632, -0.017986507789795003
0.025213268398084, -0.037649703355188004, -0.070344116991818, 0.027824689255834003, -0.031750732582487, -0.030733305440137002
0.023918639931483, -0.032495070746810004, -0.097161096807202, 0.031658834171710004, -0.048350178982349, -0.024271441771647
-0.0092368737829441, -0.036870970699940005, -0.044068325475087, 0.027013821888826003, -0.055843291692995005, -0.019950086279963003
0.014983269502815002, -0.030026633053848003, -0.1679330631083, 0.019827599832668002, -0.06899913566179801, -0.027514837946523003
-0.0097609858823909, -0.025446139830960002, -0.11703719696786, 0.025942428722298003, -0.038796985245219004, -0.019275711148402
0.0025730599185227, -0.026195770167919002, -0.09733457714141901, 0.023114206816664002, -0.011070381932060001, -0.027324102177358003
0.0040303184542314, -0.025652788987632003, -0.11143834355975, 0.029204724425776003, -0.014399291254442, -0.025177775989051
0.015886935884032, -0.028693410662096002, -0.11219682530853, 0.04131124823077, -0.025444505478547003, -0.019524447298186
0.017992815508492, -0.044051760302110006, -0.093139596424181, 0.031522697878543005, -0.020547125376527, -0.017230084483497003
-0.008196918992921999, -0.033278509873696, -0.17781271485865, 0.035727076741028, -0.0095401285461392, -0.022127599051877
0.0029609875043343998, -0.033673619271349, -0.11555730171423, 0.031699632946498, -0.0007038190716907, -0.015822836048715
0.016635736043699, -0.034952703570694, -0.12406243535027, 0.034511777844892004, 0.012911163188668001, -0.017219064419481
0.037694005090034004, -0.033803257917271005, -0.14853743541127, 0.030765776042443002, -0.0081309353482722, -0.018853412755676
0.030976284002652003, -0.03212337867525, -0.14666346752944, 0.037169901443028, 0.0070669554808306, -0.015477666647771001
0.042196949353365, -0.042842029406503, -0.076568966473362, 0.029551516699037002, 0.036365453525097, -0.020139879974213
0.044046453045738, -0.040677201532465006, -0.12686862007529, 0.035709283160908004, 0.041251482222379, -0.016983513946241
0.025575496090474003, -0.040125280827739, -0.086209253229515, 0.022025929050511, 0.025463677330991003, -0.010630064310362002
0.035527936488106, -0.038550394765987005, -0.10820657424227, 0.025768496349246002, 0.025619983190085002, -0.016401977178466
0.010255358243095002, -0.036619927775218004, -0.09718711179207301, 0.026859180754923002, 0.012444199230088, -0.018671304917827
-0.011678310027715001, -0.041880270872922, -0.021563582490787003, 0.030349119607611004, 0.020755119497123, -0.013175715863276
0.0047985076695617, -0.038174986693476, -0.07712351538847301, 0.02557672416429, -0.0037858284696288998, -0.013323706256940002
0.018922061856059002, -0.039432876549216005, -0.110807094214, 0.026670961585365003, -0.029527238924539, -0.015504168982869002
0.024858119902860003, -0.041348654346582005, -0.089855687110792, 0.022258414882564, -0.0043328417261514, -0.029437119660843003
0.024073437864893, -0.043824335001488, -0.10707634097101, 0.021255358809493002, 0.0003660230015314, -0.025987535145666003
0.01278740903704, -0.040558389500898004, -0.11318616421016, 0.031474248847893, -0.015401866948154002, -0.023864477805381003
0.0032519578216597, -0.041627335507511, -0.077584621166688, 0.016123964132984, -0.018812855504686, -0.022848391414288002
0.017788457742968, -0.036908214016360005, -0.14020412946273, 0.025596039457118, -0.04846678288488, -0.024647109766249002
0.0070921320994819, -0.035196607957919006, -0.1512493113965, 0.020886431647913, -0.043881326340293, -0.026787407936243002
-0.0025005560948382, -0.031119907388067, -0.11908001701731, 0.022068190214467, -0.019072023678601002, -0.026576259121716003
-0.0044123789585221, -0.032116385927907005, -0.13753069128864, 0.028505693575066004, -0.0002414018528554, -0.02650672049397
0.000664669865703, -0.036787015717642, -0.14174972694076, 0.029290754863189, -0.011295760535152001, -0.021612883633398
-0.0077554029536752, -0.043032448149595004, -0.12742176239596, 0.016083033704673, -0.0057357207717048, -0.014011360437457002
0.0002157641918262, -0.039071496182333, -0.27517742920099, 0.047423715286526, 0.053438711540265006, -0.032257722063843
-0.0067390562862571, -0.036727376058447, -0.17625479448314, 0.027878851648234, 0.018810095710368003, -0.020597741599088
0.017386765514608, -0.036283875365127005, -0.14011030700089, 0.018999154278545, 0.0039527684399421, -0.022896159229126002
0.022602831537942, -0.039233781618191, -0.13390388329055, 0.012167697373324002, -0.022089186174531, -0.024286419880437
0.029448389471946, -0.045139285771598, -0.12435100096647, 0.018313637840438, -0.05481338975599501, -0.022398183194951002
0.0058100520991994, -0.048555139575784, -0.031444745486539, 0.025447771396057, -0.016792713583695003, -0.021226487349879003
0.020301236353459002, -0.043284331094607005, -0.07811074120338701, 0.030611887156224003, -0.017429515516186, -0.029706813520879
0.020094094089177002, -0.045176468819372005, -0.060349272328533, 0.019533212151451002, -0.044764548279431, -0.024787929441246002
0.045740736134301005, -0.039429350479819006, -0.040824043864267, 0.018116422896719, -0.035649049336437005, -0.021021430165968
0.035641654687749005, -0.048658698540808, -0.056740135805378004, 0.019393262386229, -0.046406379163404, -0.026466296290495003
0.028950781101235, -0.046973903410949, -0.07873439779734201, 0.030717950256338004, -0.047323988555799, -0.02277701869718
0.0078394318243008, -0.055207658188709006, 0.022880277600526, 0.028257464083584004, -0.029593268293649003, -0.014962161687385001
0.022557666384573002, -0.042921259843372, -0.09951824861299301, 0.031456793734404, -0.034123962818553004, -0.0091540967374958
0.002400450299697, -0.045307355118304006, -0.069430528423653, 0.023000075599316, -0.059574992118299, -0.019770332356332
0.012030552153414, -0.04806706149289101, -0.044184528885582004, 0.015410011393918002, -0.046878305165802006, -0.022221067022564003
0.012186628491586, -0.044173656578176006, -0.05009459198301, 0.014621769026775, -0.047206165193814, -0.024529542564439
0.024550560733387003, -0.047276515376410005, -0.08140371221953001, 0.017874279209508, -0.054977306535448, -0.023883083925432
-0.0097775084291832, -0.048826656752937, -0.013925614447555001, 0.016439318362302002, -0.046690782327757, -0.015161600021364002
0.0056126998536245, -0.044051408803925, -0.14860823292325, 0.011250223489632, -0.05791138516422101, -0.024577119167601
0.0006488537654074, -0.046244917041411, -0.09665559514452601, 0.010430753863004, -0.066551554823869, -0.026151624594839003
0.0031820903634183, -0.041488934077613004, -0.059884209509035, 0.0076779433860701, -0.056238422098445005, -0.032600072108102
0.015322163544926002, -0.040101028388269004, -0.061116091178363, 0.010011892946633, -0.041814548490942, -0.026780155765332003
0.014549984015685, -0.044966340338828, -0.09813401396797701, 0.010691822761402, -0.047438160845923005, -0.024202656927767
0.0059091565472148, -0.047598436842877005, -0.08952212826582401, 0.015874394265865, -0.043144710915071, -0.024332870036096
0.011633293763378, -0.046704738924992, -0.16665109721139, 0.016875968138065002, -0.043379116185036, -0.031005302028756003
0.019187013301047003, -0.045342276319507005, -0.12738366200562, 0.010176509726243, -0.038847976013545005, -0.024360899128592003
0.018583292916348002, -0.037094835675464004, -0.11594419386902, 0.0085782394625461, -0.010595071919483001, -0.020106823444645
0.028762269745306, -0.032974678057687, -0.13340426132436, 0.0079943609695611, -0.02213730968969, -0.015936688742436003
0.026445537071643002, -0.034294358939354, -0.14996817463363, 0.011601553242567002, -0.040281565051785005, -0.016515909482484003
0.018759548041747003, -0.037551738602152, -0.093246162041033, 0.024972610255929003, -0.034313037668151004, -0.019114785063613002
0.025754486256133, -0.035882981440879, -0.10764031585605, 0.018705066648208, -0.032325240407402, -0.027795410831011003
0.0248681733396, -0.037297109572562, -0.12188035309992, 0.020694953397571002, -0.039367489273040006, -0.018262011267235003
0.027405507864283002, -0.042344936487478, -0.09021121761950701, 0.013082496696890001, -0.018548784396054, -0.026405722311879
0.029820661165004002, -0.041217084000673004, -0.093539170501669, 0.022661778229760003, -0.030326881201428003, -0.017022869557565
0.016812531449721002, -0.046026795451337005, -0.072128599656106, 0.033097659047579005, -0.05749787558529901, -0.027741587855328
-0.010181058215905, -0.045384118967755, 0.0094479811052007, 0.038807515795741, -0.05522967436685101, -0.021748322066052
-0.0031204296867590998, -0.044256135193181, -0.10063887202462, 0.026942381190147004, -0.08388042013249701, -0.027969130953163
0.0047908581456375, -0.044415638039111006, -0.13075377600183, 0.023583924677129, -0.069595790826081, -0.026448681754309002
0.015120247521835, -0.037788165306048005, -0.09385609412006, 0.020684915181769, -0.041238502794760004, -0.029033593547164
0.014330127067238001, -0.040983254856032006, -0.10044529771741, 0.026161363535067, -0.035657096084543004, -0.031917507256501006
0.012013716160418, -0.037762631839757005, -0.12743716953289, 0.038503817258362, -0.060604334105642005, -0.03755161653318
-0.0009198462632684, -0.04072371502213, -0.10435447876929, 0.032607754047766, -0.025660184078432003, -0.038320716240272
-0.0049817649161710996, -0.036512020204614005, -0.18412780151044, 0.038436788839551005, -0.03681908774266, -0.042369115547090004
0.0009062593783123999, -0.042802713429734005, -0.14073165274258, 0.032521915367347005, -0.063771290284063, -0.039822591488128
0.010120821368216001, -0.042041821580685, -0.094562904488436, 0.034952038054664, -0.048260690861751006, -0.032302302920621
0.019745971020564003, -0.04152718250751301, -0.14113838046019, 0.029387955481085002, -0.029518353837144, -0.035048853744812
0.022918667996296, -0.043598614274809, -0.1611295328596, 0.029101600220852, -0.018975776188776, -0.033328433404438
0.0063840464448112, -0.042766282261219, -0.15163033854419, 0.026540420054027004, -0.016752456871044, -0.041840083448953
0.01835180951633, -0.045757670248969005, -0.15562978028553, 0.035251601289541, -0.0010169039607012, -0.040524436892473
0.028159259896379, -0.04576083700431, -0.12936746084008, 0.028871978398811, -0.014632192842683002, -0.04402217431533
0.05800338450261001, -0.052518018715223005, -0.099312948000409, 0.024498012862163, -0.017335517712098, -0.034000247170658006
0.048829200504554006, -0.051648247287240004, -0.13039272086749, 0.028217429144469, -0.0077826014674051, -0.039489667540657004
0.057642510182819004, -0.050401505966732006, -0.13791125935119, 0.029401316445884004, -0.0080340469714686, -0.041256823341059005
0.028763010169094, -0.055388913860675, -0.057705659921074, 0.039617258153667005, 0.028755153209538004, -0.028773323231534004
0.034233689549413006, -0.055282034570480004, -0.097369986724212, 0.026372228595299002, 0.044965199970100005, -0.040790858023624005
0.032970197635846, -0.057719755756910004, -0.09180071775939401, 0.013848750325263, 0.026972716137939, -0.032914882844348
0.037941683078839, -0.06297377079833001, -0.070275131285366, 0.016217340144163, 0.034623971457919005, -0.04364447979121
0.033057310059425, -0.06710191591577701, -0.082142869135451, 0.011228943259956001, 0.012503878880959001, -0.051272457769995006
0.019647326916787, -0.057935151542198006, -0.16859886832037, 0.041949642930381004, 0.059600437716794005, -0.053446222989902
0.0014938683593803, -0.07317874830511101, -0.039520767198864, 0.039467020997057005, -0.0001052726810076, -0.053690872870045
0.015037793366235001, -0.059294320511268005, -0.12140256591275, 0.026680147769624, -0.07617729840637001, -0.049170797328456
-0.0017949174792796, -0.06052071952863, -0.087083408946358, 0.024826286284577, -0.065219837852017, -0.049938530941
0.018111769538528, -0.053474891757393006, -0.07432387815321101, 0.025554768402533002, -0.032669853681237, -0.056486567878874
0.032331550092892, -0.055242425225768006, -0.08563461556691901, 0.026059955653316, -0.037231651954817, -0.05842701830180601
0.025445964363000003, -0.059254289785878, -0.095139629856409, 0.023018919395367002, -0.066960651747294, -0.072615987566922
0.0023406682741586, -0.058881390523474006, -0.036119860522375, 0.020160973924759, -0.074016180441106, -0.052572134231478
0.016096153319865, -0.05234154572378501, -0.17036648416707, 0.025080952642100002, -0.08399783175496, -0.07323564750204001
0.0074916019862146, -0.052245122769143004, -0.13520220332833, 0.023689780850527004, -0.06724262226248301, -0.06416566465915201
0.009894642230451299, -0.05437088917351401, -0.090239771050238, 0.0090334316668067, -0.053286820538705, -0.068018661821585
0.017730241276852, -0.051071605553116003, -0.10167655185801, 0.020492285656773003, -0.031681621278399005, -0.08196978932964401
0.019279299135352, 0.049060543146134006, -0.31914523798661, 0.040785244988674, -0.06860127706574401, -0.049893395707091004
-0.06686678432938101, 0.016797060694944, -0.4909072358051, 0.017027458079115, -0.029275346152444003, -0.020755552917677
-0.027261210965862002, -0.013211155153363002, -0.42973872395129, 0.025874127097051003, -0.11415255805558, -0.037408033966707006
0.064096460307186, -0.020317909882672, -0.34302087835054, 0.018741222548308, -0.15364578349367, -0.042929626457366005
0.082027607602981, -0.025429336849805, -0.2481745875302, 0.0082272156384552, -0.1836941765569, -0.047799748735683004
0.06983592256870301, -0.036449001456789004, -0.23485174322133, 0.0091098347912256, -0.16191873614816, -0.053933397858122005
0.053044608854271, -0.041881938038981006, -0.20623558347536, 0.018403105447779, -0.11205245871672, -0.060852528985156
0.025034626347857, -0.06016863641274801, -0.094728529080407, 0.023219932391581002, -0.052983990955869004, -0.054058054040502006
0.052392522768021005, -0.051925205702386006, -0.17711664737425, 0.021224809175353, -0.07101740623477501, -0.06258876138977801
0.030539004887399003, -0.048231776189763, -0.12876038122118, 0.01953745906484, -0.080948213835613, -0.065126152549615
0.035471676527046005, -0.044359089257357, -0.1601187056297, 0.016347065475215, -0.07248484142853401, -0.080915317118969
0.040405038587833, -0.043738318029611006, -0.1536649287774, 0.029029194204946002, -0.08972422328118601, -0.080194493511877
0.033051052794075005, -0.045939170789638, -0.13277623665151, 0.030541831379949, -0.081722726038121, -0.076716615397542
0.054932487966148004, -0.049863752597535005, -0.08428155426769801, 0.021377748984747, -0.08317355720869701, -0.082299753236275
0.051997973059993007, -0.048773517948881004, -0.10287069803047, 0.027563178814611, -0.10510918181371, -0.072731488391247
0.042497976320576, -0.051000610458047005, -0.070027001376743, 0.018105694396283, -0.09683912270900401, -0.07285336811789
0.034680246963307, -0.053070196525615, -0.09302428057068, 0.020538611583882, -0.07852828757827, -0.079551420715762
0.038365157612394, -0.05364652767351501, -0.10744342627703, 0.025940801577273003, -0.09738284299053, -0.075851247051487
0.023811525495014002, -0.063252923637672, -0.0021750389652882, 0.022859475132967003, -0.09940841031682601, -0.06736724347021801
0.043223230056978, -0.054885951578108, -0.14481969713137, 0.014077690536169002, -0.12991083548147, -0.08213435714713001
0.011732037354214, -0.054056032407544, -0.13279115435273, 0.030592957506188, -0.09921230028696701, -0.079046020699059
0.038430752103015005, -0.044981912702493, -0.09068590022588101, 0.021894259768793, -0.088579521025412, -0.073656142443267
0.038224476240936, -0.047112582887048005, -0.10884699768449, 0.012906015395807002, -0.089787303677081, -0.08819660612789301
0.049142687711565006, -0.050481005210011004, -0.10918191112171, 0.019071975801549002, -0.10488883461166, -0.08143890978753901
0.057410277177112, -0.05880501250054301, -0.086082133240947, 0.0065251361057577, -0.1287920739672, -0.07765480704800401
0.06417869419923801, -0.055626508256462, -0.16172323629742, 0.015751303020482003, -0.12454474453657, -0.0844498343675
0.050895216496912005, -0.05531326851521601, -0.099605218043172, 0.018652655342554003, -0.09316862129301101, -0.07532531648054301
0.057966798771637004, -0.063391960477105, -0.10833103847634, 0.014602408945202, -0.08782491251704501, -0.078826954862205
0.06644408184358601, -0.065501974735444, -0.11134986523512, 0.018605176155121, -0.10139317591697, -0.07686834183403901
0.044991610502075, -0.064577830337275, -0.056445059490902005, 0.024276679736006, -0.08012916330276601, -0.072613410201078
0.068217510936351, -0.066902721558391, -0.07038557452728901, 0.023147453996796002, -0.06685647888972601, -0.072987078062449
0.062936137276767, -0.06730259489748901, -0.033000635716341, 0.014394200058547002, -0.083612517540487, -0.06836184014539601
0.08658423262534401, -0.068757577766392, -0.048015449327574004, 0.0076912198493385995, -0.070404067923126, -0.069955839952896
0.076942393550605, -0.06732557476628101, -0.054129103944334005, 0.0072085080094171, -0.092212492667413, -0.06878220367766201
0.05946549298447901, -0.07587472923227001, -0.051174839207467, 0.012840698648878001, -0.10207070975706, -0.072993979327148
0.031780515516515, -0.081467008588777, 0.069973527573102, 0.013846543851051002, -0.08125761486702501, -0.060115427928708005
0.04283160192714, -0.07127732396861501, -0.093327562365714, 0.012085774500385001, -0.07841780161712, -0.070135962606724
0.032359475651101005, -0.067193028079144, -0.055084731194317005, 0.0060139560906282, -0.09697032368158001, -0.07775702125254601
0.046610037260602005, -0.06186706051829, -0.078999291563216, 0.01650541373219, -0.09398241590389801, -0.078928559541692
0.059068591747467, -0.056693779607921005, -0.075617333943385, 0.0032123687373008998, -0.10963086051797, -0.079764135445234
0.048913281209975006, -0.055328375528817, -0.084887601262761, 0.0078123691262751, -0.11093516284155, -0.07777093116648001
0.03489014124393, -0.058960904255029006, -0.048682355957841005, 0.0013290045285884, -0.12421465560441, -0.081319838456353
0.053429833415473006, -0.052394562063541004, -0.17604645555314, 0.013981771204412002, -0.14351305090396, -0.077488426623462
0.042242218777489, -0.052116790409563005, -0.083188683121622, 0.013663965812186001, -0.11019123565616, -0.071686067490676
0.03069996635295, -0.055672174296631, -0.064931306782819, 0.01430636021851, -0.09078043384721901, -0.07574749599606101
0.036463287725183, -0.055223524707191, -0.12207968059336, 0.0083197987338636, -0.069930782251924, -0.077594930322103
0.053374682904903006, -0.059679340575982, -0.12747214959982, 0.014125937947555001, -0.074725136247293, -0.066398049346635
0.04755799087027401, -0.06342337652975001, -0.06316931102996101, 0.0098085453212337, -0.06919688764776101, -0.06673116406451
0.06772144703801501, -0.062220663719232, -0.065421510591784, 0.013741172147089002, -0.07861344611081, -0.064566117311742
0.062732781413148, -0.062415329765818005, -0.048378707549756005, 0.010964047261807, -0.05940715328829801, -0.064233901300333
0.05514073734950001, -0.066567149811947, -0.10426507149163, 0.010341774254543001, -0.058969448275553005, -0.07376621228666501
0.044104435325970005, -0.06232652627154701, -0.11324623021544, 0.015847756086195, -0.051248039658445, -0.07016713970513401
0.046697780694200004, -0.06762332440850301, -0.064678618307178, 0.023741995062014003, -0.027300185501388, -0.06463475445080001
0.063664721335175, -0.065172022739457, -0.082429973098539, 0.014401368752621001, -0.0057961526739955, -0.06702038230388101
0.06696014131156701, -0.065656832455514, -0.06684684566598101, 0.016890177510811, -0.029963429611408004, -0.058269322276648
0.062294470617486004, -0.064958512356973, -0.038385264626151, 0.010246500633274001, -0.038143655237467, -0.061780568467882005
0.044384933950072, -0.07079013424699901, 0.0003214586314891, 0.0075988292512605, -0.050155195372917, -0.064464262508919
0.0072624612263035996, -0.070158464396713, 0.038071401912024, 0.016454451429866002, -0.06311359509709401, -0.057389203485517
-0.020319584445996002, -0.08228589768852301, 0.1036155137806, -0.00074721294622, -0.070610081747307, -0.06057939997008
0.049030081706298, -0.074924170531784, -0.08844033680904301, 9.32706558441e-05, -0.11624139744999, -0.06485644965010101
0.041168260731760005, -0.07058544278090301, -0.085808357728437, 0.0011085266814887, -0.10309244625498, -0.072324488901626
0.033806150678568, -0.063815196211842, -0.08609051005094301, 0.0086072165202544, -0.079343279242335, -0.067430551964289
0.037924531870611004, -0.060723037102579, -0.11163107392449, 0.010358152617366001, -0.075589755864523, -0.07331020224917101
0.012456812483164001, -0.053870411886809, -0.086006312115769, 0.0094427727996469, -0.079528302430312, -0.065665044597048
0.07698913890200501, 0.07190392683430201, -0.21209300849016, -0.0080881946710873, -0.07774939368745401, 0.22116220412639
-0.0046328929864356, 0.077130605162313, 0.029352208869916, -0.0011888404203569, 0.012939337610829, 0.13393013459757
0.056295619645276004, 0.066722907012112, 0.000356502495722, 0.007579120196707, -0.040049910056665, 0.071648114018535
0.0386953105055, 0.024381307761070004, -0.13477626851485, 0.027735198213752, -0.082419007855242, 0.024632121665850003
0.05663107173832001, -0.0065782774822027, -0.15861860007303, 0.019688681524707003, -0.10208564802683, -0.013121102250568001
0.044215024731227, -0.021961582438956, -0.15632191536257, -0.0038589670901577, -0.079047439625962, -0.012156354162214
0.06234725356551701, -0.026111081829098003, -0.19063605336996, -0.0063828824200889, -0.067397786490531, -0.032282734360077
0.05707090318009501, -0.028955695937113002, -0.1454522737669, -0.0069433857590086995, -0.048786738539333005, -0.033918637168548
0.090489114485613, -0.031485841353735, -0.17835355898544, -0.019966467790045003, -0.07631944567949, -0.030364130586654003
0.10061376404268, -0.036695993305137, -0.20192252597123, -0.0084195296589949, -0.07379123079615, -0.033749754114756
0.10087386198534, -0.036982071229256, -0.19828032965749, -0.0015187393666688, -0.09707665232253201, -0.03803744551477
0.1088572703063, -0.038988418096770006, -0.18044365936375, -0.0060850043470082, -0.05019621449467, -0.026246413515317
0.09286704840085401, -0.030538252691772003, -0.18494099249574, 0.0034476079553151, -0.018980005576262, -0.033345428858137
0.1040874217079, -0.047479697211209, -0.11709484125879, -0.013224048768737002, -0.056603184285884005, -0.032644840448614
0.10538056539475, -0.026257657814643003, -0.19566538436912, -0.001108959172898, -0.054178668311996005, -0.03711239507715
0.060949280545643005, -0.026286078767688, -0.093291651695971, 0.0079640971020989, -0.06324976623308701, -0.04229798036851801
0.049799090459748, -0.044716130909369003, -0.023326746185280002, -0.0049521383755961, -0.066606922533106, -0.033166234967478
0.066299472309491, -0.021866233794979, -0.1996219810654, 0.00023849319990279998, -0.10836388522503, -0.039428971204394
0.04501855562142101, -0.024332617767719, -0.15900071247102, 0.010065372427445, -0.037552137632309, -0.070420062528394
0.063922653419395, -0.015848640058618, -0.17623453702793, 0.016540762952510002, -0.048120145029826006, -0.05513813123558001
0.056538222004958005, -0.016324961065868, -0.1680736792541, 0.015573392182234, -0.076579925197161, -0.049600667090495
0.049389644071981, -0.019053949373374002, -0.073960936029679, 0.018254773579897, -0.067238302712365, -0.04989945096560101
0.059384581383566004, -0.021645035733388003, -0.15348774378357, -0.0032234048154201, -0.12431814436234, -0.047620855980695
0.078401179341038, -0.010734751772281, -0.20943559245262, -0.0018912977874095999, -0.10726431388734, -0.050026893983868004
0.074701592345499, -0.014332320003993001, -0.1144841279706, -0.025707247691719, -0.096930191317214, -0.049800162755950006
0.07059504936510401, -0.015299140949189001, -0.17913268116332, -0.010994227679314001, -0.058867658074532, -0.057415869024441006
0.067057780400518, -0.011390844493440001, -0.18683490579117, -0.0097644524392762, -0.07609122558912301, -0.037643551555557
0.084782623979321, -0.021551683578786, -0.15323024012433, 0.0007799318145729, -0.063695041717648, -0.03661699710077
0.06897442864334101, -0.011780364477678001, -0.20175117111423, 0.019312325678642002, -0.05810675178019001, -0.037330531678526006
0.044707295407439, -0.010319365138196, -0.24006715172841, 0.0081709751385406, 0.025173179105138003, -0.044051828499167
0.054402112485532006, -0.018572055671901, -0.21114225965582, 0.0075786033345461995, -0.032947520043292, -0.038054528167429005
0.053537220511499006, -0.015103297559279001, -0.2225242021738, 0.0059322939736789, -0.07148416675426, -0.057891690157643005
0.082056712830699, -0.031547281568388, -0.14937340564272, 0.0060731861109525, -0.041587759281122, -0.044459184780417
0.0927857765071, -0.010069700525398, -0.22820448938658, 0.018580842181903, -0.017656058563897, -0.048145862790094
0.08629052983544501, -0.018503200426402, -0.18525418323082, 0.0048393378556378, -0.017395405032828, -0.056346938152059
0.07921990143266401, -0.022852797810408002, -0.17816606849276, 0.012626171158127001, -0.05602375346644001, -0.06206284242230101
0.027781342655471, -0.043629550423771, -0.11095130386299, 0.019801866529271, -0.07651533551228301, -0.070311749420305
0.0063418394246888, -0.040167027237303005, 0.02641656733784, 0.034709453682483, -0.044144890139295005, -0.058450707253134004
0.038563154501761, -0.021198971640283, -0.1016613706076, 0.039684628205723, -0.086227024547673, -0.069975803223375
0.047853447818209, -0.014935815668677, -0.10673991929273, 0.025238243380652003, -0.095911697486993, -0.076195912457012
0.052921918194128004, -0.0120658024081, -0.11856700878778, 0.030365635648630002, -0.093605759886875, -0.07653661865364701
0.07113772916611401, -0.004703549163782, -0.13963106786619, 0.029125279686962, -0.09286988941938101, -0.077525128523847
0.04383294438962, -0.0065964146121133, -0.15316821998803, 0.028397459429354004, -0.11189548117862, -0.08998558640265501
0.05263724696639101, -0.0049516097742710995, -0.19136838066572, 0.027384210789421003, -0.13500822157801, -0.096899563528026
0.050558218134793005, -0.0063930648861381, -0.1909463402152, 0.028050839640975003, -0.13297698682599, -0.09219561613117401
0.06941957638398201, -0.01646443891194, -0.12584297604812, 0.013365491282684001, -0.10227385570878, -0.09030949732942001
0.060011379062926, -0.012411898696938001, -0.13411123337691, 0.016276703685044, -0.088429195591692, -0.07911849403311101
0.058178241421763005, -0.011608161916678001, -0.15165732274978, 0.018782305269191002, -0.10323126014349, -0.07400667943465801
0.045835904295318, -0.021471106468725, -0.063095663155899, 0.017229534566233003, -0.10103112882898, -0.064207837734777
0.05952956859380001, -0.026967572211387004, -0.18504272341304, 0.017361339150232, -0.098781568742971, -0.08097762741268201
0.056184671385731, -0.025998737102243003, -0.13085024858674, 0.012580638747938001, -0.08219152671548101, -0.070653729776321
0.059672664589819006, -0.024238011913465002, -0.11860948361834, 0.014904568739897001, -0.088943176711124, -0.069992383482655
0.077975794081258, -0.025729476921700002, -0.14168739155168, 0.013997000232805002, -0.084885935489534, -0.070496258101113
0.07541789604788701, -0.0345630822479, -0.12940934990157, 0.018797776827307003, -0.08911304770122301, -0.066759804147202
0.07938197100027601, -0.039640205459095, -0.060276567849845, 0.016619090295256, -0.04965584635781101, -0.07137564773013101
0.09418846276478601, -0.039097959011533005, -0.10142001168207, 0.014481844921010002, -0.046813738074517004, -0.071017888481782
0.08703249990330501, -0.036769088487963, -0.08935811182227901, 0.0089127876961412, -0.064131972945228, -0.069218613541957
0.078693657483745, -0.034415507809749, -0.12009455972118, 0.014608234707254001, -0.055277190327784005, -0.07262578462892401
0.06454570309105201, -0.042753318962435005, -0.12897204052879, 0.013566061156227001, -0.08415580035496201, -0.06400115690362801
0.022616246993634, -0.05225180860207201, 0.03794716735826, 0.033196310261994, -0.039688018207373006, -0.057431724145938
0.041609230773184, -0.04684327641180001, 0.0009303381672962, 0.014438355781800001, -0.057682809694660005, -0.065274728696531
0.067979476962212, -0.044335289310608005, -0.078232975553161, 0.012821894760085, -0.09905287037637, -0.062608497411951
0.079455778678753, -0.039276031475801006, -0.10323670070565, 0.01523425901746, -0.10038787227729, -0.077792851631292
0.070583661088987, -0.036452660627269005, -0.080154020065582, 0.0035355798796069, -0.094662376137519, -0.080492338398058
0.06884826711330401, -0.026700089177615002, -0.14964573456524, 0.020154127169642003, -0.12319941974996, -0.07441927815276801
0.041892717218925006, -0.032808621048579005, -0.07531521451760201, 0.018325702110650002, -0.12659411526166, -0.07603188763105401
0.050664523486558005, -0.027266898764628, -0.12419579027718, 0.013113925659177001, -0.12603843096941, -0.071304213243974
0.057583644685038, -0.023366998492575, -0.14008390750014, 0.010724564212848, -0.11025675061577, -0.072161944156444
0.062861046724834, -0.020698108118384, -0.07267480913410501, 0.02039686789803, -0.09141044529061, -0.07118026942297301
0.067604071342724, -0.028001412938168, -0.07332481004125001, 0.020269160897749, -0.097003340597049, -0.07237074892567501
0.066385543957739, -0.028000035111379003, -0.14427099029295, 0.024486618968642, -0.10024757711503, -0.06630283970795
0.041676115054636004, -0.044853796510546, -0.035843850685245, 0.024178419136338003, -0.10670146476279, -0.056580949798816005
0.046633305941114006, -0.035454571251261, -0.12732262224724, 0.018464384517847002, -0.073476628275011, -0.06725848069601001
0.042706911863699, -0.038034202625982005, -0.11253867679992, 0.016928713508355002, -0.061479528658202005, -0.062417581640390005
0.08265142398036801, -0.036167913075545004, -0.10480019042214, 0.027148529136244003, -0.079071845325462, -0.062611049202854
0.069760211114302, -0.039022473724685, -0.11952216251858, 0.019022720713328, -0.08880617960244001, -0.06584703766758801
0.06281987082151601, -0.039878941614458006, -0.098828250600326, 0.020170324038273003, -0.07714172638920701, -0.062179623897569
0.07867688464785001, -0.047769270748147005, -0.069195067452946, 0.029810856431628, -0.04308623521505801, -0.07155209065658401
0.079486146386379, -0.041449274434784, -0.080903340827552, 0.024903508131433, -0.045494994392737007, -0.066795197903506
0.07708775451326201, -0.046692007554295006, -0.052955027213456005, 0.026278900869208, -0.05752380390542, -0.068546635877601
0.077718350923228, -0.045155421892129004, -0.06097488915489001, 0.021917080911759, -0.057680333030823004, -0.07002190304745501
0.052656777881633005, -0.046046201574928, -0.06005538926189301, 0.026214948394526, -0.09236494590452601, -0.06363406013499001
0.047819540269662, -0.049247727565901005, 0.032982668760619005, 0.022897376535165003, -0.071809070715704, -0.058956994113783
0.059616851253051, -0.046724340771934006, -0.092647583352265, 0.020113283271883, -0.097334694080213, -0.07259648965382301
0.032918556723827, -0.04776371079641, -0.09101321481694201, 0.019447615078058002, -0.09535308642873201, -0.074617746982991
0.07579895177119701, -0.045701627313623004, -0.057011344588903, 0.012889919577259, -0.074930856264372, -0.086989946349183
0.06933945635541901, -0.048469811686816, -0.073069789042726, 0.022975629354389, -0.08887105939815401, -0.079882951338356
0.06515125120944901, -0.044463631343010006, -0.093125569567076, 0.032907939330251004, -0.09323309289765201, -0.086828090709054
0.062327323072792006, -0.051657287993972005, -0.034650039730260006, 0.030252346279267, -0.11058304202627, -0.08131740301043501
0.07700564602239901, -0.033723187960504004, -0.14222918839379, 0.025087454607049003, -0.16290218242276, -0.08760071515025
0.051681014628382003, -0.03676162054022, -0.09120571197768701, 0.017101145598862, -0.14903498733084, -0.08317916793077801
0.050608090319616, -0.039033915403121004, -0.10163522095458, 0.013923333958821001, -0.09395411826517201, -0.09979566092897
0.073946718744076, -0.039157734410236004, -0.08092131421189801, 0.015221218500873001, -0.09385962091503401, -0.08834980038803801
0.06401538992692901, -0.041642850279033, -0.12046740848242, 0.016174030636942, -0.09700026273869801, -0.071810648461872
0.07377287481483201, -0.049673397833849005, -0.08663429903668801, 0.012294250041987, -0.096100855645082, -0.06690923735144601
0.074666141407895, -0.050253364608721006, -0.13030149451444, 0.020765979196631, -0.087419341299713, -0.06463545869946301
0.06612669640797901, -0.047363650693908, -0.09117863761582101, 0.022730794297417003, -0.08320604128449201, -0.064412169917846
0.07165444517014101, -0.046555547646557005, -0.12108458243991, 0.026362190480494003, -0.074134607385373, -0.057916217429101004
0.078615773751554, -0.053227374624288004, -0.11851407430443, 0.026981101294682, -0.079894645007823, -0.064148069818501
0.076673576320209, -0.05219191373528, -0.11346413421017, 0.028099334480962003, -0.069171153868334, -0.059710902738521004
0.08991118301517201, -0.054002854851604006, -0.091643102021462, 0.030738962165620002, -0.056789596804892005, -0.070764681617607
0.07981891178829101, -0.052939256110941, -0.11683292344698, 0.035494115691193005, -0.05739653820856801, -0.069785553154053
0.074802462507326, -0.055315696813949, -0.08393560227077, 0.022084529961087, -0.046929394983596, -0.070800152373862
0.073166843681743, -0.05732209349978001, -0.08909172132314101, 0.027218229081604, -0.038850025404087, -0.067151046223999
0.07045274144871701, -0.063574423796594, -0.08075485773609001, 0.024021136266975003, -0.091643784720723, -0.074785940403988
0.040762118087467006, -0.058058861505739, 0.0300984665208, 0.029816402807364, -0.089774547356383, -0.070957528290758
0.06366704486956701, -0.05723211807094301, -0.07590566853887801, 0.015309094028513002, -0.10148290409909, -0.08048481180425801
0.06124441614584201, -0.051114925203156004, -0.12631361918429, 0.010402885567426001, -0.092194364637735, -0.077399231752038
0.07683936076179701, -0.053196517964806005, -0.09522042308461101, 0.0095601899748712, -0.091235375117515, -0.09290074807277
0.072955172659416, -0.053811531983385, -0.09002700559628601, 0.016920190450386, -0.090930845628632, -0.09645760930020501
0.073445165557878, -0.046765674788091, -0.10307797990646, 0.026320961298251, -0.11790803202783, -0.09418096824796901
0.044055414699079004, -0.05084079194764601, -0.050823103249011, 0.025267788167533, -0.10847760160548, -0.09255503434145901
0.05256962443153201, -0.045918241871832, -0.1878826916981, 0.028871775111194, -0.1137671235287, -0.10755029540422
0.041332369875912, -0.046275695427241005, -0.15391653489779, 0.013035106022164001, -0.10454807375021, -0.10523014428821
0.06006664770078501, -0.044508630380485005, -0.11601033762222, 0.011376533091257001, -0.08514840896068801, -0.10368001208059
0.050118960873428, -0.047195182911722006, -0.14211563158206, 0.016151087090171, -0.06406692970872001, -0.099028625959206
0.06932025510022101, -0.048484781875567005, -0.144534883788, 0.028983410894053003, -0.096035446491848, -0.10900213026409
0.049037109037812006, -0.055105186188664, -0.06508627837896201, 0.031325746204449, -0.08195847017436, -0.10009447880151
0.040625542078753005, -0.05524378050693501, -0.16592581924676, 0.032052432263023005, -0.042327743461296, -0.10568405312296
0.047921622916103, -0.053330318516469, -0.16697521982741, 0.015699730718236, -0.05758622157266, -0.09161877307369001
0.07286485144752801, -0.055095916657519006, -0.098995513444238, 0.0082167999094982, -0.07433683493566201, -0.092391546950097
0.072263292774586, -0.059898819041914006, -0.09100311055664201, 0.019061638857035, -0.079395688604371, -0.088896646477577
0.080543184489984, -0.063927518421167, -0.09357247422846801, 0.018227550816148002, -0.09790217229965101, -0.089184308493909
0.05795284043897601, -0.064156712556749, 0.0001086209554826, 0.01986880469182, -0.077971753115312, -0.08752227321431301
0.061719147764028, -0.06397415049317401, -0.07024550736419101, 0.013733528798598, -0.06589949023708601, -0.08829422821603501
0.051615756591338005, -0.058474685847111005, -0.10554706704785, 0.011923919899957001, -0.048274110694277006, -0.08674758675430301
0.048641333724732005, -0.066201625385344, -0.040568262297923006, 0.012157170397485002, -0.051701974435536, -0.09646528585479101
0.045498349389878005, -0.063952893858311, -0.06999784446936701, 0.019691876799015, -0.048297429059539, -0.08819766134055801
0.050325490524263, -0.063271384867412, -0.068540402535004, 0.028250300259986, -0.076846282375971, -0.09910312339973801
0.033967054474193, -0.07519619601846, 0.023190439515525, 0.017706458884243003, -0.09059372731548701, -0.10175836873912
0.066151529782926, -0.056931359429100006, -0.12023999450807, 0.023271535570995, -0.11459634942771, -0.10130660654629
0.051738176556673, -0.05735624996669401, -0.067734136009916, 0.01738007164679, -0.11537284624806, -0.10004322538787
0.054128880199142006, -0.051730094645478, -0.035500127765363, 0.013236268259640001, -0.095849111735996, -0.1069369623035
0.067167485249811, -0.047967589370343004, -0.040761967040325, 0.013754551889543, -0.09789354057568701, -0.10776951465778
0.07020428979986301, -0.048231793295262004, -0.052204421601642, 0.019105916582061, -0.12966112703793, -0.10751787985152
0.073853143543033, -0.056583249736044006, -0.01752622404453, 0.011394234029341001, -0.14172732731466, -0.1043528277264
0.066571698756494, -0.048559449792194, -0.09054688287260401, 0.015253547281142001, -0.14672359663771, -0.10350201152097
0.049248133309126, -0.054040632692523, -0.035488334199427006, 0.010855865749959, -0.11703585259292, -0.10482327755147999
0.065837507975019, -0.049448490933396004, -0.056559103115651, 0.0088398423109592, -0.08686176661176401, -0.098888505793014
0.065904416687074, -0.05223093453288501, -0.074175885515271, 0.0030470464570723998, -0.08234766405950801, -0.09852282011736901
0.07022671180887101, -0.054163915302017, -0.08870292327891001, 0.016666043363582, -0.09916424963977301, -0.092500246831727
0.081290623229439, -0.05653601386755801, -0.050216823201586006, 0.014102808543971002, -0.08018790135362701, -0.08987249658780001
0.07043245267477401, -0.053813231216894006, -0.09964232495532901, 0.013994009400634002, -0.064232466299372, -0.09771973094691401
0.067124520918663, -0.04880607798276201, -0.06172608616019001, 0.0062187515242063, -0.066821813715969, -0.087388524616004
0.074773472976534, -0.049181468652829005, -0.06906613787587501, -0.0041868153213522, -0.05282153914328801, -0.09726684478359601
0.07234841774483701, -0.05097803771832601, -0.079548609323297, 0.0015247521625385999, -0.072450836163494, -0.084030615827224
0.05587480689996, -0.051828512867233, -0.051164323120332006, 0.0076880652566482, -0.069995121611061, -0.075862911578846
0.064530624818811, -0.050540510655103, -0.039272311363143006, 0.0009734939850915, -0.053055291644922, -0.073349652821526
0.06186268495858001, -0.05559202280207601, -0.0054772761264926, -0.0008548488482466, -0.08120268936798501, -0.06684905802401
0.05739108282322, -0.049519358785553004, 0.041466084661906, -0.010032545601056, -0.07845191064519201, -0.07401590175500801
0.06815292197710901, -0.05420352040170601, 0.0086459013164365, -0.0038289837160799, -0.08475865651419201, -0.081601195376441
0.068813873477112, -0.056038354042515004, -0.048423267456733005, -0.0021746408007624, -0.11031005959315, -0.07912264559547601
0.043453151154325007, -0.056629428008835005, 0.041280364661591004, -0.0023314729614515, -0.11027186572098, -0.082854961920755
0.07263881550754901, -0.048236948665042, -0.120009864102, 0.0019306144613966, -0.14273363703439, -0.09378822927083001
0.054075817670244004, -0.048763403409871, -0.09490780706322301, -0.0026721517522243, -0.12986856228075, -0.090520099076177
0.059222990964231004, -0.044831673962189005, -0.06670057947991301, 0.0026591357312461, -0.10160476417291, -0.09592531452493001
0.060773189260173006, -0.039333211124481, -0.072343002985273, -0.0006264057569971, -0.081187573197362, -0.09639195531996501
0.06127235527830101, -0.039526972099134, -0.10585872784012999, 0.018793383358535, -0.11648122315226, -0.09253100639714401
0.049496822496293, -0.042830080247236, -0.033622879170750006, 0.0087432698902253, -0.10512852109613, -0.09412008364658901
0.036771835517689005, -0.033913609830109, -0.17020011653395, 0.0038434957301937, -0.093663366108184, -0.093160881842027
0.037916453192828006, -0.038112286179402, -0.10173130133148, 0.0084855303969603, -0.11082467609487, -0.10345502217797
0.051964328279415, -0.039338457064371, -0.08865136950966401, 0.0029365910858154, -0.080394291352247, -0.11103581363254
0.055082518534675, -0.037345480397770005, -0.085119747829156, 0.0098768844075599, -0.08613359198542, -0.10846603505907
0.054703759615796, -0.048474964243799004, -0.096797962218876, 0.0057952414926701, -0.1242459169015, -0.11188411369302
0.043153365164042, -0.055911662680339, -0.050591475699438004, 0.025099202957457004, -0.10591611363405, -0.10280905185645
0.043095135882814, -0.047696291964514005, -0.12947543562551, 0.026358817205489, -0.10838816329251, -0.1133681991759
0.04986861043981, -0.058796774706299, -0.09444639832359601, 0.0081940260849215, -0.09873837859671901, -0.10322040630645
0.066730470275182, -0.056504416873687006, -0.08811317467221301, 0.011868360393264001, -0.08705085972134001, -0.11296172012446
0.07308371354453501, -0.05859346248738401, -0.08714237390205501, 0.012156777151439, -0.09303330768690801, -0.11013765441832
0.075761219168407, -0.05963679639190501, -0.08785196737452201, 0.0051160669666295, -0.11844450949487, -0.106659108054
0.06461013225295201, -0.06378355575573201, -0.018884297026963003, 0.027393104280963, -0.091743900870734, -0.11214363672132
0.055494337196399006, -0.060822371300451004, -0.061397578708333005, 0.016669785071597002, -0.070360849260497, -0.11488870012574
0.062814825195783, -0.057829469930969005, -0.07726412937735101, 0.022473152362269003, -0.071978196253614, -0.11145754085922
0.07408902539081601, -0.061795946637920006, -0.051567104809196004, 0.015519671875845001, -0.069851034433674, -0.12128711314491
0.06556320338650601, -0.06277257727780601, -0.050417883973021, 0.018237926869399002, -0.086023738625254, -0.11391671092906
0.059083965882684004, -0.06165955420140701, -0.066859415768749, 0.023469226686252002, -0.10193531209815, -0.11661960274659
0.026380306436574002, -0.060936230190548, -0.023887612119295003, 0.024519847235949, -0.089303827015364, -0.119987499663
0.044412104886601, -0.056093467505064006, -0.11250219853178, 0.011996955477114001, -0.08926719169451401, -0.12875749326684
0.037778111762181, -0.054498705535417004, -0.13098157668339, 0.015238064028807001, -0.092516806564854, -0.12750355239622
0.062321158547763, -0.058274951480688, -0.077945010285092, 0.011127618216564002, -0.098013616833724, -0.13080609031955
0.056713824509835004, -0.06161809700846801, -0.065409782561165, 0.012601641281278001, -0.09404574980235601, -0.13151864657025
0.049666189097302006, -0.05645328231411201, -0.07760395483044101, 0.016689738596713, -0.10806702011487, -0.13024667090511
0.043766355620829006, -0.053972294730492004, -0.032891672793756, 0.024296302634809003, -0.12012930909872, -0.12398368701492
0.051670113795238004, -0.056837222880469, -0.11226989366677, 0.0038096869704700997, -0.13407055290647, -0.12881580886588
0.04691057263091, -0.055566470817312, -0.083325097544585, 0.014611988582793, -0.13097366894454, -0.12092449782289
0.066000114394251, -0.06366561660700801, -0.065592092817503, 0.012692731490756, -0.11386133840799, -0.12101768325494
0.065499658622997, -0.065976146181056, -0.06436628894434901, 0.015019323209206, -0.089665902497922, -0.10311584888596
0.065311920593869, -0.06795081674302, -0.10902425248739, 0.015248146585314001, -0.1048219997851, -0.09438035028831901
0.050026621407298, -0.067886030216056, -0.07388774777695001, 0.033303950933475004, -0.08460827903451801, -0.09405502382702001
0.07580978018779401, -0.06684290859147801, -0.09147971180528501, 0.019237825706284, -0.061569082038512, -0.102149479689
0.067500240260206, -0.07147867288368201, -0.079691529589688, 0.018750678846792, -0.076326117081032, -0.10073473682424
0.08317994946505701, -0.071205723155842, -0.065007620416482, 0.012020434315258, -0.067291017041986, -0.09520212072579401
0.066485426952401, -0.069996626588959, -0.084512889856934, 0.0092015382922555, -0.052820012490829, -0.08986302606282301
0.075756463505343, -0.070123475676375, -0.09922313682462901, 0.023514591276089, -0.07405986750990101, -0.096723971618555
0.056556041366589004, -0.074910339964481, 0.0042960508416187, 0.026753133374039003, -0.059780594601621, -0.09302551855231701
0.062764318968296, -0.067512068196782, -0.09368729518049, 0.01605967981696, -0.055979861227379, -0.090662264139066
0.034845101889359, -0.071067752266324, -0.083969182510692, 0.020647901354975, -0.042776773042530004, -0.098233594628903
0.073201123930549, -0.080343527600389, -0.010429662086358002, 0.015019368341553001, -0.069644700192658, -0.10241297536042
0.05640851455728801, -0.08177468466986601, -0.019696428125309, 0.015708480673658, -0.071418894896403, -0.09541106486595101
0.050015145187314, -0.08001457283968401, -0.013677410049301002, 0.022285770040652002, -0.11000187264705, -0.10166164321461
0.050704460067604006, -0.08192118862226201, 0.027543062487920003, 0.012409448180417, -0.13655363058878, -0.09268929797302601
0.074215001839075, -0.06947094822350401, -0.10420021539591, 0.012070594729333, -0.15678310983679, -0.10001535310342
0.047015868645156, -0.07156579811609301, -0.049186138741382, 0.011724047933794, -0.13899848165407, -0.10119986221208
0.05163592326135501, -0.065618377024156, -0.029992412683748002, 0.0093734822798051, -0.12350995697674, -0.10471107418938
0.057791203528741, -0.066785652186454, -0.031276560753799004, -0.0021996010868602, -0.12355011641393, -0.11467930279708
0.06496799261649801, -0.06549718327464, -0.045282844812129006, 0.0050568698002173, -0.13547665136943, -0.1094082927916
0.059448032655443, -0.066817749332001, -0.076655508821539, -0.0004911933805135, -0.16817337904275, -0.11522638621011
0.064211206344225, -0.061979527985193, -0.10473552157289, 0.011277659925818001, -0.15831279178972, -0.11095582823178
0.05745130131027801, -0.066819990141269, -0.030217026686523003, 0.0054636531224558, -0.13387728902626, -0.11315853749338
0.053112815910845004, -0.063112937014796, -0.016106967476333, 0.010210177835657001, -0.13049816063984, -0.11493472839392
0.050405369266444004, -0.064870492868372, -0.06333566615573101, 0.0083929701103477, -0.12662388514909, -0.11201074198859
0.059995989467457, -0.069185695113631, -0.050431111591158005, 0.014348459324859002, -0.11811494789071, -0.1091510764559
0.072029728067682, -0.07242969611946, -0.073766783015101, 0.0056434931226616, -0.13108769379867, -0.11035624947848
0.067062949708447, -0.07234732555704401, -0.062332289626648, 0.0091288330873653, -0.12791587069614, -0.10364329907039
0.07723912782967801, -0.07695816601402801, -0.033122576619484, 0.0087639959473293, -0.12786396007187, -0.10153733845464
0.06931468596750101, -0.076205293765983, -0.060168707494173, 0.014167422568329001, -0.13030316370823, -0.108393495541
0.05784868418203801, -0.076899035136994, -0.08623526842800101, 0.01415966683716, -0.14564813550085, -0.11145304751144999
0.047020329764953, -0.081343966802704, 0.015002426876844001, 0.019604678116317, -0.11694329297623, -0.09610389990135701
0.06801382056477301, -0.07062648024588, -0.046978045830753004, 0.012604134095736, -0.13747973727332, -0.10633341136994
0.04774171080038601, -0.06901603943281401, -0.046128908846812006, 0.017472382307313003, -0.13648006290493, -0.09930989685852501
0.051335791446889004, -0.062686304517946, -0.023850125347906002, 0.0082285695604195, -0.145148497508, -0.10422695920372
0.045201681431372, -0.06995540005362501, -0.030514438336117004, 0.013764514713941, -0.15624762501996, -0.10970896058009
0.053689875632244005, -0.06948205197005901, -0.045002678339135, 0.029712356684855, -0.16558123429625, -0.10930455383614
0.047723641203135006, -0.078297357042553, 0.05060129541905901, 0.010656104510103001, -0.17084791384535, -0.10880505253861
0.061906239358037005, -0.07155781275678301, -0.068705545420999, 0.023193195783399, -0.20418408358353, -0.10405275085607
0.043667397385309004, -0.07946484010060301, -0.054768828435593005, 0.016028375323081, -0.18466666520516, -0.11107886010821
0.043751278561083004, -0.072833176230102, -0.044810742955558, 0.022665714359506, -0.16918194260763, -0.10607514999459
0.038519608372559, -0.069495132461397, -0.04058623323912, 0.033954124991959, -0.17103351494012, -0.10380778375285
0.057515596293031004, -0.0754266314816, -0.052756958667769006, 0.025164832724863, -0.17345227830977, -0.1071726350262
0.05289236169783101, -0.087046253518183, 0.0020829942542683, 0.031571151860815, -0.18723607764774, -0.10837260344522
0.07359447097657701, -0.07511947139754101, -0.14106828620393, 0.036942710717029, -0.16701678380596, -0.1035770988026
0.038156347737305, -0.072074935766909, -0.099900559233425, 0.053925555326704004, -0.10416293541146, -0.11310199150029
0.045315081005637005, -0.072143879728622, -0.077880848562987, 0.045931361130529, -0.07947478163200501, -0.10894619647334
0.069521874120144, -0.068711454466982, -0.067344680817955, 0.044097870170087004, -0.09662673818353001, -0.10955862377479
0.06920966233763301, -0.072474579754477, -0.06954467961513701, 0.043738261069625, -0.1198816889347, -0.10350522775745
0.066318065436927, -0.08367650735184601, -0.026990078057882002, 0.033708565501796, -0.11442255298542, -0.10399395256206
0.06729112204246, -0.07612725906522201, -0.11267365408417, 0.043780379001101, -0.1065810183081, -0.098530519298908
0.062771888098282, -0.078013627060023, -0.057196907346468005, 0.0423669818199, -0.09981122159470601, -0.09100958402702301
0.10023253807356, -0.08219699780227001, -0.018093350907029, 0.041106508470555005, -0.09931770944030001, -0.097814886665657
0.11070494698402, -0.08642835458453, -0.024745626893606, 0.031743534127154, -0.12899266834656, -0.106344053256
0.11849180664017, -0.079276887363962, -0.0089800175688882, 0.037936474632373006, -0.12634399080523, -0.10819604209253
0.09893101394053701, -0.084617222079611, 0.09475849852536301, 0.053576264798103006, -0.08548709217855201, -0.09584748028819601
0.095110385621558, -0.075013492390904, 0.0021280372736094, 0.043662897531109, -0.06930015034407501, -0.1020480701911
0.09441506007821501, -0.082854615789791, 0.019622486304542, 0.043356380036074005, -0.10228352529719, -0.10600403421424
0.10585361471674, -0.078272330735751, 0.029217785866715, 0.0404056588433, -0.10026809445781, -0.10287070831546
0.10450177895574, -0.07604812677327401, 0.0041313271280901, 0.036690571540336, -0.10246439282107, -0.10122344691178
0.094788521400103, -0.074143381161381, -0.035144613141037, 0.042882755072848, -0.11477569351169, -0.097942244289672
0.088852808319569, -0.08244705854772001, 0.06427036481409401, 0.046917430640245006, -0.09270037033892901, -0.093857371588316
0.084065121221035, -0.077611768375123, -0.044111483538607006, 0.047147385648285, -0.1045811072682, -0.10299861059955
0.069992818646431, -0.08095113065274301, -0.023862199273520002, 0.046497705290133, -0.10766302309797, -0.11847754219425
0.07335670320166, -0.083788613473102, 0.0046350599247678, 0.045868891002775004, -0.09307725367540201, -0.11657475459261
0.08811982477989701, -0.08050554359806, -0.0072162795266311, 0.053420145267097006, -0.096021290292065, -0.11505650709124
0.071379895081963, -0.072829036424358, -0.041268273087412, 0.059342681716974, -0.11465575311854, -0.11510517876406
0.057291738585391, -0.09177097596118501, 0.038311511845569, 0.047064567721472, -0.12126615178969, -0.12130505778932
0.067909004048573, -0.077193951175672, -0.098091628782523, 0.059750904398593006, -0.13089363029321, -0.10994847090525
0.055067873981353, -0.08009756732121301, -0.056569577189515004, 0.050139518797295, -0.11364086292925, -0.11649089343733
0.07715992848500501, -0.074927708223125, -0.013389575425353002, 0.044512518426006, -0.09800291380700701, -0.11207049370155
0.07827576987764201, -0.073266895174875, -0.0073356748585195, 0.039618958707189005, -0.1067519912538, -0.10666767966649
0.077571097135205, -0.07747910439465501, -0.048462741241738, 0.044126699768497, -0.11503641298876, -0.10238910608815
0.06924463457311801, -0.08021955308855801, -0.0016627113774505, 0.046361272020974, -0.12198984251862, -0.10240120757326
0.07930068750122701, -0.08229220698249401, -0.07339858250113601, 0.047567109887705, -0.11386767622272, -0.11007355797243
0.07923742594565801, -0.079086691301001, -0.041225364439765, 0.047018105713069004, -0.11154156689731, -0.099464635661566
0.0773149561646, -0.078389099253342, -0.049895542322218, 0.04733221257365, -0.08160962689527701, -0.10701991771124
0.10204064204422, -0.07878651335861801, -0.060812633423468, 0.044084251717696005, -0.09776215268720101, -0.10501778886113
0.097266593365137, -0.07759750694514, -0.08056371352895901, 0.043598405125768, -0.11603150999463, -0.10224397917072
0.07334858777917701, -0.08279808297082601, 0.0013355443232132, 0.045170785066788004, -0.09051857839242901, -0.10575236972972
0.086312636037495, -0.079560209014309, -0.010777080282814001, 0.041591747300691005, -0.081771622711774, -0.10939778180415
0.08362673178435501, -0.08454614803768501, -0.033467354975082006, 0.026315112213879003, -0.08854136389082401, -0.10735474146103
0.09195654046419101, -0.08384928846679701, -0.0093497513210625, 0.031056466504461002, -0.08932528567733, -0.11363139426713
0.084113679232046, -0.083342384560162, -0.028908179913579003, 0.030983211338703003, -0.10258239172329, -0.11149951341314
0.07207473205203101, -0.09005362984265301, -0.030769573525601, 0.031103910313418002, -0.11459465941489, -0.10748551875986
0.04565740723725201, -0.094434305137299, 0.10084746939276, 0.037695685806296, -0.11647212257284, -0.10047315642378
0.06707583847571101, -0.087080765009017, -0.0057694832288775, 0.024061619834977004, -0.15119040601315, -0.10086609821225
0.05200346699827801, -0.092101393792944, 0.0076489876534055, 0.021806164344165, -0.14792316383822, -0.1195176206831
0.09017873690518101, -0.083084781425695, 0.030988288524903002, 0.025886673200175, -0.14776462444546, -0.11841048990918
0.073843448479705, -0.07660160478979, 0.0088686537081661, 0.018942145938525, -0.14164431907127, -0.12280430003547
0.08234505146901401, -0.07562571145636901, -0.011646159424623001, 0.027097282282067002, -0.1520532335173, -0.12042422944913
0.068324707625514, -0.081988805842984, 0.022839721168230003, 0.033332210147946004, -0.17061782624336, -0.11838678264071
0.080857952572553, -0.07318904975523001, -0.079779589701372, 0.021754910044739003, -0.19427500354574, -0.11963118035988
0.066453712827003, -0.068956087105112, -0.041579601594006005, 0.023061605539617003, -0.18187186172783, -0.1229744467331
0.064598951607838, -0.06943272350453601, -0.011753779719378, 0.019254396552722, -0.14012179201245, -0.12254029188769
0.06485590418559001, -0.072161424624226, -0.012866694543289, 0.016040481018279002, -0.13251351535836, -0.11770591301992
0.072765331144057, -0.07771311735613501, -0.050473140583766, 0.021799639160885002, -0.14115656602382, -0.12016789966487
0.086320369614704, -0.08809948079105401, -0.0014577093490547, 0.026965174107943003, -0.15689333144715, -0.11562272445221
0.041796094759895, -0.08079403410329501, -0.12782819666581, 0.031159249726581004, -0.13710098999301, -0.1163339628925
0.041330353716622005, -0.07420974780351601, -0.085948689890968, 0.031952105990749005, -0.12178043172796, -0.11733040066635
0.048647046814021, -0.073106199841767, -0.054231469592125006, 0.024229600616699, -0.10752489675027, -0.11760543557602
0.069768762945747, -0.076654368046146, -0.059846652780569005, 0.013993392958308001, -0.12246307219632, -0.11568024697898
0.08249421690625801, -0.074246394111059, -0.021073776410134002, 0.017168602909828003, -0.15022886837055, -0.11697206771902
0.07699033310733301, -0.084172843451778, 0.06639114444525601, 0.009975872267252, -0.13172732138786, -0.11558035869143
0.092157286927161, -0.08179085171608401, -0.046007494435113004, 0.012267961618309, -0.12338934755141, -0.10857494834352
0.053908341196375005, -0.076644465339456, -0.0009537552834795, 0.0093517579028608, -0.11752078693791, -0.11109855644812
0.058005546135329, -0.07703476273683, 0.0029709282114512, 0.0097785490224978, -0.11909613616869, -0.11208709137567
0.05104944242038301, -0.078653761151668, 0.0071051032205076, 0.013739478586771001, -0.14899548658217, -0.11862005806573
0.041984794166019, -0.083798496293878, 0.021423406078234, 0.023745043006700002, -0.13508698736025, -0.11910301482906
0.058534537402537, -0.08576769424894501, 0.028238834200784, 0.027214954842027003, -0.14757158258843, -0.11799024350443
0.07242996999322801, -0.08711206876079601, 0.0050107112064233, 0.014861117975112002, -0.16473470740347, -0.11396969770328
0.063118532056032, -0.08445596140136401, 0.04679064991664501, 0.015022583556529, -0.16128080677641, -0.1235952462767
0.073784520658855, -0.080467270072203, 0.0074453411047965, 0.020022031030774, -0.14873995194672, -0.12523053901785
0.07142989339276201, -0.07296834176773301, -0.015023021910342, 0.021040835859445002, -0.16489905179124, -0.11936664136702
0.04745205544134801, -0.06957315312637001, 0.011346159052551002, 0.014774852278290002, -0.15855746579501, -0.13017642598104
0.055702839747298005, -0.06878495823785101, -0.058845160903117005, 0.013873755420995, -0.17702704143222, -0.13194263433797
0.055859271679255, -0.063993730402988, -0.043353325753588, 0.011285110387431001, -0.162395944625, -0.11954949138008
0.057425514722551, -0.063891473690546, -0.014041305024454002, 0.012387199269256001, -0.14523284210694, -0.12538014148763
0.04779406124177701, -0.059883222215900006, -0.039698101268318006, 0.0073677236427121, -0.11961274768409, -0.12215445131211
0.047845590628131006, -0.057400028489926, -0.049558581865325003, 0.009453999836167199, -0.12584214095739, -0.12060199381297
0.051888529748434005, -0.06597724605586301, -0.054619521144059005, 0.021591097789789, -0.12793542441279, -0.12474569934251
0.06316044258593301, -0.07125289523162301, -0.05759203588917, 0.0088264510056347, -0.12227657773076, -0.11420017381264
0.051950276897019004, -0.072334406886225, -0.053246585309158004, 0.018933116559747002, -0.11229740768801, -0.1121956696968
0.068127475647416, -0.069930758346677, -0.05083402917385001, 0.0098739396317363, -0.09361054858204701, -0.11341549619679
0.06521982833303601, -0.070185674689243, -0.06684330874298901, 0.0024708456525321, -0.12133401772373, -0.11087876721849
0.077360532852011, -0.067927848694771, -0.07228393525623701, 0.0035070312264174, -0.12907217012474, -0.11741197562806
0.062995984076557, -0.076292156297661, -0.05991331172391701, 0.012846830092606001, -0.10164939915278, -0.11645398992722
0.08052626861339, -0.07417452552013301, -0.0036465438599750997, 0.014970336472409002, -0.09848120156182301, -0.11318273062457
0.079369712337193, -0.07448034209293401, -0.035058102264695, 0.0085237181837663, -0.09280206829995101, -0.11693622632244
0.088242703242755, -0.069324758639614, 0.0068151978065932, 0.0050635846597325, -0.10900233467191, -0.11053015815564
0.07968259090160501, -0.072462025362812, 0.0033714616418079, -0.0070711760861773, -0.12043502679088999, -0.12473872396403
0.07602611925104301, -0.076780027864151, -0.0012122162521336, 0.0007165260681031999, -0.13430904067792, -0.12168058494367
0.037346317881989, -0.083134277400709, 0.072736509589373, 0.018807344665882002, -0.10955113452287, -0.11962837318381
0.048454107164939, -0.081410618924906, -0.0049486648373129995, 0.019287777140704003, -0.12594920806612, -0.11384767941903
0.07349473898656801, -0.07982597654239, -0.034645800461032, 0.0076300946300132, -0.1532112112529, -0.11672157834412
0.09397742512609701, -0.079426715397532, -0.037020884359186004, 0.0095262958900299, -0.14186315550102, -0.11834860912369
0.08091433441658301, -0.07719995079493801, -0.0039323327158344995, 0.0025869927961941, -0.13388995636258, -0.11869106986805
0.058152833210965, -0.07534929515135201, -0.0096702117640266, 0.008750377147144, -0.13215836282824, -0.1201322134352
0.023574240073985002, -0.07606135154127701, 0.0066785665474428995, 0.013940012456920002, -0.12302574737657, -0.12365548259537
0.041589654209362004, -0.06786084832406901, -0.063596302543001, 0.011864239236583, -0.14219700963752, -0.12633381510318
0.052120596692886004, -0.07039556389831901, -0.031401949202861004, 0.010196828185269001, -0.17022452172947, -0.12211843698835
0.062474962870545006, -0.06738130105551801, -0.0074969404821575, 0.0045782941896522, -0.12965511699253, -0.13214734370438
0.072724527080579, -0.064966539569469, -0.019643102082217003, 0.0087132191152793, -0.12139115943999, -0.12986810437144
0.058260362169096004, -0.070286209492237, -0.011477247933333, 0.0091240660229457, -0.13838134332533, -0.12634545279983
0.060250763551434, -0.07589794596191, -0.010726185196021, 0.012539354573317, -0.13787401642383, -0.12814646090265
0.067793462253877, -0.07832220289574, -0.030471042775516002, 0.0077150209158191, -0.14006081712264, -0.1272021662844
0.06596076476207301, -0.083930931853588, -0.021497769125926002, 0.022156610458525003, -0.13155400865493, -0.11760279280897
0.083892629513968, -0.085265457102513, 0.006402264529479, 0.010551242774087, -0.11965435889295, -0.12249570937269
0.06584467656137201, -0.074975610908418, -0.062784921012296, 0.03140269345182, -0.087890447743316, -0.11645777772551
0.08203378054876001, -0.08084771167810201, -0.0754796764404, 0.019622216567142, -0.10758210063883, -0.12262988728112
0.062349462418078004, -0.07985568787749, -0.039492742925057, 0.031483927306368, -0.10668647757378, -0.11952585397142
0.07042841065123201, -0.08339388199082001, -0.050015641290852, 0.025433176089136002, -0.097783969946306, -0.12744279725093
0.08536125722313201, -0.08446675962731501, -0.043739397508319004, 0.022780180372269, -0.089035477559863, -0.11895932480435
0.10077034913945, -0.08502522711907201, -0.028327325063306003, 0.016493196005371, -0.10411082308615, -0.12545060677023
0.090378419056877, -0.083341490861528, -0.035362374105443004, 0.010257871941823002, -0.09802140547951801, -0.12219067292177
0.074898426571888, -0.09057208580952, -0.042809252998558006, 0.023901516627224003, -0.13508932566296, -0.12046552166664
0.040835260254360004, -0.10414312401279, 0.10233606271475, 0.025340354630745, -0.09702008235492901, -0.12301996206179
0.029128868794314002, -0.099439323289519, 0.048048198356644006, 0.013793650016982002, -0.12197524749879, -0.12176066015181
0.047372296908580004, -0.089532657368558, 0.0075469409684789995, 0.017486393020877, -0.15352009370633, -0.11425497734575
0.079937174305652, -0.083187635753398, -0.011225729634142001, 0.017912297860758, -0.14397562750294, -0.12381677992791
0.09411499113897201, -0.08076126562974101, -0.015377868354983, 0.018076629402483002, -0.14657584029659, -0.12007659455605
0.09065552705457501, -0.08456766024412901, -0.021572139455687003, 0.021097351852239002, -0.16391987869941, -0.13430624369644
0.084409081239968, -0.08744358276297101, 0.05471844128212001, 0.011191207781833001, -0.18573812682600999, -0.12996533683947
0.082897367051907, -0.07981178231441101, -0.058580063140934, 0.014727751903241002, -0.20705180623914, -0.12874608996337
0.06079053132151101, -0.074879297837785, -0.014110489515224001, 0.011874473483851001, -0.17425416726395, -0.12865902235763
0.065883541769558, -0.07307574950493001, 0.0085392566634176, 0.010793494285962001, -0.14354075811466, -0.1328567370728
0.05898448603280201, -0.071307981457775, -0.0069923234994006996, 0.0011582987085435, -0.14602711485235, -0.13911738243436
0.067255999367102, -0.077656925788379, -0.019325445221173, 0.0045982751853709996, -0.16195156568423, -0.13529297798728
0.06410131523810801, -0.08426360932354601, 0.018120703705759002, 0.019747818241275, -0.15340095702488, -0.12328707969692
0.072934832044609, -0.081718951760366, -0.07867383698425401, 0.013596749130524001, -0.13454894126356, -0.12808862005868
0.051464291460442006, -0.083378684624234, -0.012880761426473, 0.01286567359432, -0.12304240873569999, -0.11849096617039
0.076187762731798, -0.07875726590288501, -0.020422022313574, 0.01667261754295, -0.11936973861359, -0.12383310411124
0.080350934127616, -0.08405488890604601, -0.036709049977044, 0.016896203333694, -0.13509872240996, -0.12958869104456
