Pichu
0.0, 0.0, 0.0, 0.0, 0.0, 0.0
-0.010408283890380001, 0.002909250830746, -0.088708823381256, -0.0032293681444845, -0.015748538720258002, 0.002754165896025
-0.010788159942272, 0.001027560730617, -0.17607945995445, -0.0071724666711521, -0.040358786779395, -0.0032269238845905
0.0042943185142816, 0.0031235935573582997, -0.16603214015553, -0.009662895953179, -0.029982516184087003, 0.00023461019498709998
-0.036979719669770005, 0.0050524272820948995, -0.14673063973231, -0.0050448440024825, -0.037273645756418006, 0.0001980298295633
-0.040266826244087006, 0.0052351101426018, 0.021567763562885003, 0.0065392956151729, -0.052568575072922, -0.0074830272813256994
-0.037318819247355, 0.011437016168547, 0.010335131259261, 0.012966681417619001, -0.067179058439556, -0.014641527493705002
-0.024878963333074003, 0.009137204015040699, -0.18765881582675, -0.018617706988895002, -0.10912205762234, -0.0012148400299475
-0.030435337531709003, 0.011887019952504001, -0.20905921656319, 0.0040980037288227, -0.08379015548646, -0.0022864098481319
-0.025805948845236, 0.007112675913563, -0.16614056760331, -0.012319123313308, -0.10092632133452, -0.0062388497266829
-0.024229258162945, 0.0065587951163588, -0.049332404720142005, -0.0004081065614879, -0.08769041907061301, -0.0079309272646917
-0.0050177906434842, 0.017965672944834, -0.23986463747086, -0.018189385319373003, -0.09685300970204401, 0.0059986440129971
-0.011856683846587002, 0.014431540566468, -0.21109324215076, -0.022292973228314, -0.07374594312865801, 0.007928665000297
-0.014741088513255, 0.011176345501166, -0.2136353917188, -0.022276443489031003, -0.044654848829968, 0.019678194399358
-0.041748989661606006, 0.011752338635088, -0.2131776961863, -0.012490911672247001, -0.045653282282672, 0.01601599327053
0.0086651863132865, 0.0054077656971925, -0.20872223748828, -0.016248665837062002, -0.08327894542253901, 0.0095064126347404
0.019105430320349, 0.0097498474758797, -0.27063980290396, -0.0030810873686743, -0.034849190688298004, 0.016548584611330002
0.0024305708189414, 0.0023666026744805, -0.20837072886378, -0.0065433207052387, -0.021050906745335003, 0.0040689037029442
0.017624935525846, 0.0001093464334276, -0.19550478146892, -0.016989788576465003, -0.031172556989048004, 0.0036035102973438
-0.0067770092136854995, 0.0090621422060245, -0.08423225980391001, -0.01936439231163, -0.017869059461359003, 0.0022995362414331
-0.023187150331418, 0.0084658736735782, 0.019832852833194, -0.0033723345691344998, -0.060681094792034006, -0.0005288154110614
-0.066874647785779, 0.01931108517347, 0.13493823086487, 0.014485790368007002, -0.019637412938755, 0.0026810277236731
-0.016758616498393, 0.009074411529844, -0.15673716750628, 0.0022180475733159, -0.079826175540624, -0.015765605962588
-0.0084229382434425, 0.0075388493314622, -0.23303692866013, -0.012471378890821, -0.11030660600828, -0.0030542303459725
-0.010647983908013001, 0.0031637899096125, -0.27311293037718, -0.015359009265201002, -0.12491328020902, -0.0007942737969151
-0.025434082379266, 0.0003465558311903, -0.23562391013775, -0.0061779256496393, -0.13150696267882, -0.0006255965401016
-0.046831085924132, 0.007922523029633699, -0.09760813586955601, 0.012376170299143001, -0.11166658227913, 0.0003240159039167
-0.025495821893855002, 0.014422341146215002, -0.25600973934341, -0.0023317897378288, -0.15620176907817, 0.006783669714055
-0.0444111052765, 0.015737091239134002, -0.18399241211353, -0.015961331745147002, -0.15330553031918, 0.0084053747051892
-0.011592812685929, 0.013003778150845, -0.26361530776076, -0.006968103805458399, -0.14858363692526, 0.015823404605141003
-0.05149023541699001, 0.016944744646869, -0.18915605285077, 0.0017223178167819, -0.07311522394377201, 0.01575708700332
-0.081012680001183, 0.011800356296231001, -0.07718462741885801, -0.013969993318908, -0.09791174693272, 0.0032393238880587
-0.0080277283408507, 0.010530894913752, -0.25781816782419, -0.018535581692992003, -0.030202517831100003, 0.022346244169334003
-0.071716251867217, 0.0050872358753074, -0.20009977772047, -0.015257191739815, -0.051380380957141, 0.0068531959889172
-0.024070032294428, 0.0020175192329075, -0.27296310302654, -0.030920524109572002, -0.038359715125793004, 0.011156812180349002
0.0093900330963188, 0.0031069464934785, -0.40467265745729, -0.015724176597875002, -0.04391368141935, 0.0037182947056393
0.0078438267128508, 0.0010476457812177, -0.22069392403873, -0.016470260642191002, -0.081224396893823, 0.0047937935269923
-0.01051882872411, 0.008404517984878599, -0.16949842287835, 0.0078270678202854, -0.045814923702230004, -0.0008283495557871
-0.0060680078795507, 0.003282290160556, -0.14597414972215, 0.002805039945973, -0.034982636873162005, -0.0026984172849812
0.029407500212280002, -0.0086290541274033, -0.17548722068311, -0.014652389457070002, -0.091814620578041, -0.020796507803647002
-0.026491820689093, -0.011885117235342002, -0.023491666735846004, -0.0039706139653274, -0.086943104518271, -0.0051938987090581
0.17396577527213, -0.034362703751848, 0.48084671369376, -0.031120014682527, -0.43309203323475, 0.018702166796645003
0.12366051425649, -0.038695863350681, 0.39249954689544, -0.0075279264424323, -0.31703760826663, 0.022774591282507
0.10542052323776, -0.03639695401456, 0.12493498529803, -0.031092772955034, -0.35809484832258, 0.017176568094792
0.09391416975494801, -0.035931053447725, 0.013613407480968, -0.041739400567965004, -0.38442360047979, 0.028386187757492003
0.15674009709692, -0.04304362838091701, -0.1164861715504, -0.036305679900617005, -0.38905391058747, 0.024645988108376003
0.17187858037746, -0.051455961375438, -0.1141695643411, -0.039293278759288, -0.37746890886832, 0.022624872778794002
0.18755215520368, -0.04859615007714101, -0.12327061330844, -0.056398737007487, -0.35301278612046, 0.030817486064116002
0.13855765092272, -0.039546826805033006, -0.015685139167026, -0.06163344476845901, -0.22049440829242, 0.024012780424051004
0.1363097711785, -0.050140369856390005, -0.040868242017953006, -0.05804584031717801, -0.27160284570793, 0.014735697282637001
0.25055631099813, -0.058060687190717004, -0.27917773600795, -0.067338940085338, -0.30475978630173, 0.028411281963074003
0.27364875916738, -0.055290251135762004, -0.39353124508594, -0.064991007944626, -0.31272172129078, 0.030021284303681003
0.28012771890578, -0.05973466338623001, -0.32101745205366, -0.063651435017579, -0.31700405160281, 0.017188487292841
0.28751412309054, -0.054665424420244, -0.22080517390074, -0.04861610928097201, -0.23378498243173, 0.0132846854629
0.24448922962146, -0.051414868265318006, -0.10826420256843, -0.05497517335745201, -0.24988638602265, 0.0034474436585571
0.22021635784505, -0.057023068982706, -0.071216998495035, -0.039292601772900004, -0.20459387192998, -0.012637632599883
0.20194311077256, -0.048028410355391, -0.076410254888297, -0.034126694567099006, -0.22808691894069, -0.013665277131791002
0.17304731428209, -0.049679066321031, 0.12555328643949, -0.025718893879373, -0.21607168933089, -0.022839140106446002
0.14333176837543, -0.056789483461533, 0.21746014955126, -0.034863801581861004, -0.21086442984529, -0.13373764673111
0.12951690814343, -0.09888374355081, 0.05262337835565101, -0.082008524119211, -0.30406989621897, -0.14748754575104
0.18447042130893, -0.10664265621581, -0.0097343548811842, -0.07538819455729101, -0.32193266504422, -0.14793245556042
0.18466886485931, -0.093840480873512, -0.074809058895108, -0.079607177394882, -0.35243811388733, -0.15194273908603
0.1263533607585, -0.08053474107432901, 0.034229475138586006, -0.05105500788454, -0.34582773425304, -0.15435447813301
0.12339774733174, -0.07648022917634101, 0.024604459305551003, -0.057597664140616005, -0.34690641898525, -0.14259990311657
0.12522577700683, -0.077909445420519, -0.066497754996045, -0.071294568696354, -0.35960555267162, -0.12234526426601
0.12300531539338, -0.08944707506009501, 0.032210271741218, -0.06955923957295601, -0.35405408601539, -0.13725672224527
0.1326459157513, -0.088414921192633, 0.010522614919434, -0.08144787764808101, -0.31405532070519, -0.1321895623007
0.071630038389558, -0.078486462123528, 0.06323316014327, -0.082089730609764, -0.20607753352432, -0.1059621975018
0.054743343208541004, -0.068632500588409, 0.13801672477101, -0.13199957625597, -0.1033817581517, -0.097745246017233
0.13976699515844, -0.04049123614846, -0.25575529720209, -0.16183836497843, -0.0091318697023951, -0.043411517277911
0.078346822317469, -0.047111447476421, -0.82579382619176, -0.30426023580827, 0.67176693823852, -0.03617037389634
0.22565791074469, -0.065473085531108, -0.72638999900811, -0.36269089404689, 0.65596470930606, -0.040012009974952
0.39676446518396, -0.071199954061579, -0.59958388539245, -0.34013475728955, 0.63534533116934, -0.011969923229427
0.402935397359, -0.066351702243575, -0.48764369177937, -0.30938656574795, 0.63169066461706, 0.019567293432732003
0.37993966127897, -0.075140318389491, -0.55202961408354, -0.30840293089959, 0.5534923120594, 0.012387386947054001
0.36512117110506, -0.08459863910288201, -0.59430165432663, -0.32349152666975, 0.51598501204755, 0.00411641809746
0.33215053655948, -0.08789553345405601, -0.54778070074462, -0.2973690405215, 0.46029934616454, 0.0023360379480153
0.2863567465904, -0.07820953309598401, -0.51264335640319, -0.29422566537174, 0.46690415239933, -0.0044397079823762
0.28784678396267, -0.084427649907443, -0.43088559085691, -0.25055941093966, 0.40805398770044, -0.021893289164066
0.14717254929976, -0.082221696715899, -0.34387453931595, -0.18251129780205, 0.2928126645606, -0.045215709067831004
0.0083276498043284, -0.068601099128589, -0.17951137525171, -0.12790330336392, 0.17076657833385, -0.046320355572229
-0.20562575890623, -0.039768584674656, -0.09834334596358, -0.10073099892719, 0.044845355787581004, -0.08519840840706701
-0.30762988194627, -0.027130008854100003, 0.010940162892804, -0.071675779493929, -0.055173426573470005, -0.09967835912047501
-0.22415672933608, -0.014079787956565, 0.032106867932069, -0.024146439938862, -0.11224484461323, -0.12430635648546
-0.22948571412676, 0.023803253633246, -0.12982514769959, 0.013863203537560001, -0.20460643503951, -0.14416702468577
-0.11726452030747, 0.014198672520933, -0.30287677119015, 0.022473808857012, -0.24443172195241, -0.14635022760222
-0.07746386469517001, -0.0084827745142707, -0.26460158657267, 0.0059578283553673, -0.24168776341377, -0.15467097068179
-0.010352475461769001, -0.012991306918102002, -0.40834905033275, 0.0003893947430361, -0.20245262991687, -0.12821664075724
-0.043306209872647, -0.022930930867022, -0.33046281458597, 0.011884565139646001, -0.22454792884848, -0.13047200655798
0.019449647692112, -0.031446729799449, -0.33573438926336, -0.0082063606967793, -0.21204752868869, -0.12533976230767
-0.0027346482650039, -0.027818910238492003, -0.32566658765863, 0.026147693231732, -0.16002270282575, -0.13213473731326
-0.044754646528740005, -0.021701805492148, -0.24078649663683, 0.035914961337066, -0.15543322142726, -0.1385198250161
-0.023785342957566003, -0.024243671765078002, -0.25043318308287, 0.011176223708025, -0.11863668421518, -0.12436615669505
0.13601094544222, 0.0047437020883608, -0.45263604115572, -0.074355119470944, 0.32275058916986, -0.10566421875601
0.0083522301167204, 0.0047762981013515, -1.0192017504752937, -0.20580415742108, 0.92406065815874, -0.07212424166372
0.19030277928703, 0.012228577357988001, -0.96489206471735, -0.27306516007411, 1.1145577553738635, -0.08196431638905001
0.36798090399571, -0.017717979389954, -0.74113932664622, -0.2935676997237, 0.97974168014971, -0.0078978226618603
0.51932777950817, -0.054103536953722005, -0.38355680528783, -0.21674357121077, 0.66877234040541, 0.10956352676094
0.27102243576602, -0.022825283624783, -0.31381897968848, -0.23986072453512, 0.58610818736849, 0.1805509816257
0.28484584179481, -0.01694973959828, -0.31330801938529, -0.22828522171087, 0.55645073973297, 0.17970895485688
0.27507858631866, -0.011816057697932002, -0.38010780660432, -0.24847190609742, 0.53827314576468, 0.15307785564937
0.2747466208507, -0.011952566935158001, -0.37036962814773, -0.23982195038272, 0.49489087314933, 0.1333236502808
0.2539500942677, -0.023717052155293003, -0.2904946123126, -0.18985883580069, 0.46107801691546, 0.10992923107381
-0.02022622598202, -0.030667337635896002, -0.32784788368712, -0.19052807763169, 0.33891144925344, 0.037716425568266
0.028571988290172, -0.036194046747252004, -0.27452054850934, -0.17150186552664, 0.33329031060905, -0.035166417936607006
0.10799961682638, -0.031392719060824005, -0.38779686952087, -0.18332963999084, 0.27817475760828, -0.047965233125092
0.17365260101683, -0.038006624940962005, -0.4721157347056, -0.18682666394851, 0.27448869613203, -0.053722235003557
0.21508968119904, -0.042623987077753, -0.49759870218574, -0.18088395234182, 0.27600185981732, -0.054233238460108
0.21707289730186, -0.04707932447125, -0.51834633315319, -0.17658680472225, 0.25706878280832, -0.051813416665918
0.18919621791229, -0.058845391035131006, -0.32655271313372, -0.17956640097447, 0.25462105986961, -0.06866841128324701
0.09946818814204901, -0.065277155144843, -0.11294141994161, -0.16965087236958, 0.29827314302227, -0.089182716431596
0.18425260928474, -0.048506663519317005, -0.45297297411665, -0.15321687751206, 0.23506805962244, -0.080212283974465
0.18465533779729, -0.045379849072153006, -0.37996143406769, -0.14035231955361, 0.24095909786181, -0.089078603161911
0.15108066064208, -0.041863791664869004, -0.30786813701988, -0.13137013534525, 0.22237429636256, -0.09898026365034701
0.12523891763553, -0.041247976695356, -0.24745987836824, -0.12022148963743, 0.19292077386088, -0.1008633385319
0.09808432778426401, -0.028869900474884, -0.086609337737828, -0.095295223318946, 0.19647848819034, -0.09801698789130901
0.15745150729838, -0.018446623854207003, -0.34722436461493, -0.10949979800201, 0.14185504694346, -0.080742055071576
0.16141376735838, -0.01545081737215, -0.43350445674869, -0.1257924402731, 0.15674192420369, -0.08507239112326401
0.17825242161605, -0.018959202879893, -0.35298952436515, -0.12709242489425, 0.15732036640425, -0.08626962588992301
0.13014824520126, -0.019191118841647002, -0.25352400267502, -0.11435618576537, 0.13989160066502, -0.10598019376674
0.056808739284761, -0.031028261078036003, -0.041462725958345006, -0.09846639436439501, 0.13421472820558, -0.12001028545124
0.10626792306439, -0.021936748343723, -0.14077722742032, -0.10093853486905, 0.09400674561925, -0.1028023222287
0.18470705952238, -0.028496013642711003, -0.43731856444795, -0.11418535646953, 0.058558671012096004, -0.10038508791444
0.20596752612873, -0.028747813201741003, -0.39986229950421, -0.11004683822637, 0.08173463338606, -0.1054638766323
0.1806593185237, -0.029641196525206002, -0.36039221461472, -0.11106403903917, 0.09731681528911201, -0.10564464037184
0.15626821701408, -0.029778783875093, -0.23125400501945, -0.11506523203547, 0.10945666019906, -0.11993903167821
0.16169524678594, -0.031670417097369, -0.28576641907916, -0.10837485136362, 0.1410856361246, -0.11711559305322
0.1237382467082, -0.03475864641445, -0.27107285791974, -0.11256053688505, 0.19225993674305, -0.1223258880365
0.14703674633581, -0.040356887729281005, -0.26545149491956, -0.10918001464782, 0.19254561914273, -0.12633541258408
0.15092766276833, -0.043072747749213006, -0.27412887010909, -0.1159267733756, 0.15381084068829, -0.12711445795263
0.13758678172261, -0.057096767231242004, -0.14820889111592, -0.1156763817538, 0.14329079004563, -0.13782359000565
0.10794579217196, -0.048891809154099006, -0.029337843580222, -0.096833913182508, 0.17497178647167, -0.14045859318643
0.14172246325798, -0.041987711235671, -0.20048547449731, -0.10760710663558, 0.1341256290818, -0.13057304645348
0.11993143288896, -0.042253990434448004, -0.19918879446067, -0.10994937372127, 0.14190598844346, -0.12720313801697
0.12211351059323, -0.041876726268327, -0.19528684213848, -0.10692881498408, 0.12784241504914, -0.13516011435627
0.1187560953274, -0.044783295877156, -0.21404494365945, -0.099303250820089, 0.10040778873908, -0.1442841679465
0.04765986440218101, -0.048183769555019004, 0.0052088065671239995, -0.078230015702549, 0.14028571546952, -0.15387604666742
0.10811968781432, -0.042533205045574, -0.21352774737809, -0.09435325325440301, 0.06584677862768601, -0.13357350977102
0.12506378509075, -0.039827197410248004, -0.26909721312419, -0.09663143276793601, 0.061661246913243005, -0.14279009385031
0.11700059764199, -0.04255942368813, -0.23251680278607, -0.083026275135054, 0.061924312588725, -0.15216160495055
0.1130910476008, -0.036400036979256, -0.22718427640905, -0.08454624487137301, 0.05438259639658, -0.15705039213012
0.07533715744251801, -0.041525817200331, -0.070277614624774, -0.070127936136883, 0.085571177299142, -0.14770036933578
0.083061124622263, -0.036238850345659004, -0.16849274304048, -0.07387104068728001, 0.08968328884231501, -0.14128409842104
0.12562388940195, -0.04343689240536, -0.35443365486875, -0.06918456763250201, 0.04893877338191, -0.13310115154477
0.12544187705968, -0.036311573218774006, -0.29032425001746, -0.06517927809721301, 0.055644449230088, -0.12793782298134
0.11771283431241, -0.032093158662968004, -0.31810337568573, -0.06971469229725401, 0.025900485656392, -0.12438081493356
0.095865681381225, -0.035815517568762, -0.23576390726131, -0.056198038691681, 0.025440377992299004, -0.1287177600851
0.063426744769325, -0.039623047722674005, -0.13424053350496, -0.06976295554897201, 0.075596331190539, -0.12388724434206
0.11993497991566, -0.041081100858441, -0.21648087933763, -0.08064051773842401, 0.07237388559240801, -0.10795441552279
0.10504358157034, -0.04332648092389001, -0.2070759401933, -0.082010001934175, 0.08218047959225601, -0.11974403509431
0.12240706151263, -0.039971052367535, -0.19672490285169, -0.079044622941027, 0.09879233905274801, -0.12117290871107
0.11094029836109, -0.040837166990646004, -0.17527274316388, -0.08574101330459101, 0.06636385704242301, -0.12322750197388
0.08540373310059701, -0.046767531962182, 0.047237813345468005, -0.069675151976043, 0.08533291571142801, -0.13095802604961
0.10287260313298, -0.042787715644195, 0.090141301102119, -0.074653028492855, 0.1000740341512, -0.14193566120024
0.09600235483359, -0.045851581230220005, -0.017092501167039, -0.070936430619396, 0.08582161742607501, -0.1313456750809
0.09950515015850901, -0.042311509305146, -0.048893533041836, -0.072054843676377, 0.086297101444696, -0.13901341730494
0.078753144540173, -0.047728675388938005, -0.10670402137067, -0.070750337937168, 0.052730950378376, -0.13903832429373
0.033551648011288, -0.044911535395431, 0.057945647397008006, -0.053558276315727, 0.060512903111831, -0.14332760907386
0.046093095046599, -0.04062595673404, 0.047156843699113, -0.050523461966065004, 0.049687420528657, -0.14291142208486
0.10945924121241, -0.037932837685343, -0.20490123547803, -0.070682417640805, 0.0080519048416744, -0.13049904693419
0.10161388382782, -0.042784614159494, -0.23127262293714, -0.07379958032307, 0.0083329522554708, -0.13312388701231
0.08776845826571, -0.050358535384868, -0.19877954516703, -0.071523366799239, 0.012476535116194001, -0.13134893785868
0.070850796934377, -0.045231189979130004, -0.15104062306774, -0.055469061433676005, -0.0096433190034551, -0.13205476391251
0.038218953944587006, -0.04731650625022701, -0.0075092710936561, -0.042245915733106, 0.045003657754358, -0.15065760287334
0.074215509080264, -0.041112786126557006, -0.20091675833971, -0.065684633211462, 0.017307682114289, -0.13291490289327
0.065587859596982, -0.046485480922419005, -0.16163779205808, -0.060599473089144006, 0.06625339527337, -0.14027744502623
0.06453919217072, -0.045762557727165004, -0.12023506968638, -0.06502014783849701, 0.063157344441866, -0.13192098683196
0.064125949941124, -0.045719518017219005, -0.1546985432583, -0.075479805447517, 0.047309482223197, -0.13080243936144
0.094788469413578, -0.054502862945482004, -0.19745392016836, -0.07634706107344201, 0.016125730666725003, -0.13091771284029
0.11925336271188, -0.0493354968633, -0.22914491013652, -0.08977425356737101, 0.062671554279237, -0.1299525320636
0.089884431631312, -0.060023418796232006, -0.094147652472649, -0.080510441603709, 0.079519337673841, -0.1361617177114
0.111556455811, -0.048119452102715, -0.09770915776179001, -0.062922055843713, 0.10881640637605, -0.13800821230596
0.077686002281814, -0.05593633149133, -0.045954286645806, -0.064422222534412, 0.09334157890250401, -0.14016373856838
0.06961022024678801, -0.063118752256603, 0.051974010734559005, -0.054338758505308005, 0.075789637551969, -0.14533027274345
0.035515273144841, -0.05329082213136, 0.06699290170984, -0.053655976534958, 0.10925884713232, -0.15057303205471
0.080614601897285, -0.055374502247067005, -0.11683541866668, -0.06329138002691101, 0.061360573130997006, -0.14504012210115
0.08542171234913201, -0.056126225792699005, -0.18428573241327, -0.045469604775920006, 0.09538533858127801, -0.15359929742981
0.058090257868562006, -0.052697525825369004, -0.092565192850035, -0.068387270061492, 0.067431267971494, -0.1499210118172
0.066782230155597, -0.05770609493674501, -0.11798205273801, -0.06198169291185301, -0.0005070600725483, -0.1471507504148
-0.0066382017275474, -0.04895444151930001, 0.15661846467763, -0.058929077148324, 0.041437160606150006, -0.15424982615877
0.05452722687880301, -0.050621914903431, 0.051448498054098006, -0.059875749725225004, 0.00675677715394, -0.16021625360788
0.07636828104192801, -0.04892402370028601, -0.11528965108193, -0.060739929281260006, -0.013862026690992001, -0.15223702725832
0.058420333569705, -0.049149551005725, -0.08512990297915, -0.049542059741498, -0.0039540184372516, -0.14423265174671
0.094093007765829, -0.04994466250312601, -0.10761990587396, -0.05154212624051, -0.030230667991038, -0.15086126081415
0.040636909257696, -0.050557797339798004, 0.012912177524831, -0.043499580820565, -0.008008610653843699, -0.15708809576449
0.07988147428395301, -0.045453968554668, -0.07855435011155501, -0.040873791266541004, -0.015922085050984, -0.13711589048653
0.069922488466054, -0.037678725681765, -0.15254127609336, -0.043000399079742006, 0.0006152243474338, -0.11997598246306
0.053292876988658006, -0.044882294629981, -0.092824360060912, -0.034284885318729, 0.027500818673968003, -0.13189442419037
0.08030283123037, -0.049753243936703, -0.10280347765904, -0.04546472478298701, 0.0097708254534729, -0.13640405991922
0.059213932793834, -0.056837988753823, -0.15312469676084, -0.038238665676139004, 0.015129062887207001, -0.13849093634675
0.070409894000879, -0.056858492669065, 0.0024874346915855, -0.031946433099673, 0.044929490051043006, -0.14095644425933
0.07110730266080201, -0.047159481492333004, -0.14040761953357, -0.04892708317877, 0.058311357183298, -0.13219834825346
0.01355469028243, -0.051394786088301, -0.060254453137675, -0.039722866649921, 0.058697392351857, -0.13101436878541
0.040384407133571006, -0.059947859072032005, -0.059761732406556, -0.069867075407538, 0.017339444556151003, -0.13737369426693
0.007605128790719, -0.054326510790987007, -0.09005541085100001, -0.038628717141742, 0.024433370523736002, -0.145926399667
-0.016803889286271002, -0.053397624895013006, 0.22332489642538, -0.038929923068552, 0.073166081143334, -0.15871077606717
0.057207503666541, -0.05038673289989801, -0.032324389655105, -0.055599219272095005, -0.021851891505005, -0.15245248976876
0.017317179139753003, -0.046143579774889004, -0.037806651933389, -0.054341421976762005, 0.0078253284991085, -0.14813583224986
0.08612998160190201, -0.058835552685988, -0.14226550808905, -0.06999373387010101, -0.065975962362619, -0.14850393966893
0.0460422531321, -0.049658578601774, -0.062028389554160006, -0.052104658541727, -0.040118351967107, -0.14943524902423
0.036934261895669, -0.05156895874437101, 0.13631858471167, -0.04759207997861, -0.0019750835925626, -0.16177171302501
0.036918080849821004, -0.05151556681845, 0.031357721981441, -0.046389688838282005, -0.07229500818244501, -0.16219733548515
0.041584659161339, -0.040388084190469006, -0.11330221388668, -0.042294644072843, -0.05314208919350501, -0.15230608253749
0.052800807140384, -0.047877665971461, -0.12977744340199, -0.053215984798474, -0.07196723917987201, -0.15632612832737
0.067426782335281, -0.05575737186143401, -0.15614614856403, -0.047693404270626, -0.07921846361163701, -0.16716707319236
0.043146850433454, -0.047943000211887, -0.08504397728901501, -0.032882393799759005, -0.045590065640511004, -0.15841173482037
0.068835041418545, -0.051847310432479005, -0.12580760761809, -0.042258723601353, -0.044753768816852, -0.16190243478898
0.05857424611803701, -0.043154614148382, -0.13545092198415, -0.055297515048094006, 0.019208864732941002, -0.14176298253570999
0.011102138066457, -0.047987391369944, -0.027271687956041003, -0.04112112332579, 0.010224589564061, -0.15398970759758
0.036461408192108004, -0.056119106258537006, -0.18387221836311, -0.05310373008188501, 0.039816086053897005, -0.16202883427933
0.036158969325476, -0.049932500081283006, -0.13659806050595, -0.046360536771080006, 0.01476905893698, -0.14271503473786
0.077362502525098, -0.051895060954518006, -0.2012498320343, -0.050733852895597, -0.0017836667748342, -0.15171411702073
0.07148104416308701, -0.047073349072529004, -0.10483858190625, -0.073653638238153, 0.07669192243073501, -0.14429131324139
0.07702380367279901, -0.051070122887824004, -0.05106806314770201, -0.068529593241981, -0.013859954497085, -0.15240714211864
0.1288168815448, -0.049358307436669004, -0.15158483615262, -0.064691388515801, -0.00032486149224459997, -0.14056283321538
0.099472792091033, -0.053345702721190005, -0.13018258102389, -0.057213225104578005, 0.011536649804247, -0.14775793539441
0.05471557484188801, -0.058177754036671005, 0.04437732095920301, -0.044244518615646, 0.021530554258753002, -0.15459576269311
0.056712750735732, -0.050225291131475, 0.026505791181770003, -0.043518155052221, -0.0039234965043116, -0.154830743758
0.079896998286326, -0.050844220228966, -0.08697742671948, -0.054045856407479005, -0.013630293177084002, -0.15217005725552
0.07393164075797701, -0.058954345254080005, -0.10384424250882, -0.03888380069893, 0.020839195558523, -0.16671257561203
0.08155264728516001, -0.053029275914364, -0.022089142370262, -0.06449803535819701, -0.019208987270963002, -0.16330891097885
0.038186687848326004, -0.055130868799203, 0.13424943235512, -0.064757257241668, -0.035414415406304, -0.17346057279579
0.027031867635842, -0.040411652757497, 0.15306398867435, -0.05895402935243001, -0.045735580747465004, -0.17471787366604
0.083730790654573, -0.034015762849391, -0.13989941114298, -0.07966610889181701, -0.12439649832262, -0.20896399549218
0.011342128282019, -0.025740591800017, 0.041833902053317, -0.072052807897083, -0.09839957093253401, -0.27239734941685
0.025618904430890002, -0.06398146936842801, -0.018859706194409003, -0.14616712068933, -0.11898511410347, -0.45311473490087
0.0071533018721318, -0.098073434097023, 0.03765302752954, -0.15058509421362, -0.047488635889039, -0.76957844669964
-0.082028954491227, -0.12343455178863, 0.12403545470121, -0.080052875114101, -0.075813428236549, -1.0945437997594551
-0.020133028644767, -0.18892054100289, -0.04828894014509601, -0.1551008792975, -0.09117340356084001, -1.2272283993456512
0.045228443980024007, -0.21807488500296, -0.16114630605909, -0.22902090969906, -0.10104023621705, -1.2497468055893224
0.10361169549459, -0.23724713309492, -0.25737024037114997, -0.26074770637744, -0.052168343760125004, -1.2439254835067397
0.10665166510265, -0.24932879111225, -0.32181659492015, -0.28397464740891, -0.050118064239989005, -1.2156761614457798
0.13933927686821, -0.25533092485388, -0.37284374937272, -0.28958758876261, -0.07782810592476401, -1.1771010218233748
0.18601856465078, -0.23307708344811, -0.36819987756627, -0.28065978209913, -0.061071709557815004, -1.1585472042344962
0.19456000363906, -0.23464156798607, -0.31247686760314, -0.2968251569779, -0.06769944362442601, -1.1355371156847753
0.15863261246309, -0.2190401838983, -0.27723651711011, -0.27826757886126, -0.040912358052231, -1.1115860870057603
0.13117952368003, -0.24149553352832, -0.2660301608828, -0.31261710875885, -0.071364985626212, -1.095490660010131
0.13203385889972, -0.22539688912139, -0.17599180644602, -0.28159806340242, -0.092847682564778, -1.06144063560005
0.10870906180429, -0.20436481555762, -0.09428195986826, -0.26431083750294, -0.058717239281864, -1.029842091173101
0.12898400432558, -0.23464385226417, -0.24004939319184, -0.34867170898878, -0.07670168921034101, -1.038116971393899
0.12603874707239, -0.24423234986757, -0.16817423058727, -0.35301423022817, -0.058059911080687004, -1.0291537809501112
0.11639342173116, -0.2470831748606, -0.14634589396016, -0.35383978882615, -0.053396878216287004, -1.0158009575766018
0.10212297286252, -0.22995357354228, -0.13294724221128, -0.32891793744853, -0.083013810255277, -0.99035293109504
0.097424355852693, -0.20387538650226, -0.083999508641934, -0.29530276706147, -0.079133881759526, -0.95810276887187
0.097902100012639, -0.21566533809648, -0.21663360962211, -0.32630166391088, -0.073325693980097, -0.94967659905191
0.06941015764200201, -0.20606755920641, 0.033534354439551, -0.33149065666924, 0.084899578142581, -0.87381740245004
0.06049527457483501, -0.17282829759403, -0.07491647736068001, -0.38093194728603, 0.2442591327052, -0.62468799020911
-0.069028056494485, -0.18350918170337, -0.15797864137601, -0.43836312695637, 0.367690444033, -0.51473554122466
0.22303842174231, -0.20312808269642, -0.2323923513965, -0.4900018096327, 0.43149595010065, -0.43472127925978
0.33255387789856, -0.19850222679538, -0.34701316679658, -0.50098057170253, 0.4856602770398, -0.3898834755274
0.33538736041736, -0.20972651922519, -0.32948766622885, -0.50246448123648, 0.4796376413201, -0.37790541760534
0.37118904695717, -0.2111183784484, -0.42498145174997, -0.50839683834942, 0.49379336346174, -0.37579030497408
0.37339357075584, -0.20765505558939, -0.50889665160079, -0.50913837876776, 0.51398148785625, -0.37203688859706
0.32580136672026, -0.20374205653427999, -0.38195161945093997, -0.49303483727555, 0.53007274538712, -0.37621840734263
0.26173088214389, -0.1864880329805, -0.20066470426321, -0.49179274880327, 0.55742788599833, -0.38132929967353
0.26558634669027, -0.19191929547064, -0.24645305549583, -0.48759537960391, 0.53623404739627, -0.39589985447817
0.30009850381914, -0.20146609699333, -0.27146278367872, -0.49075988759999, 0.53109075705935, -0.39820036154029
0.31404380594202, -0.19997101963233, -0.35364512231427, -0.48620756119585, 0.46577594867584, -0.40248524135846
0.26488092125177, -0.19300057964463, -0.1563555456323, -0.47863249120975, 0.49960309135705, -0.40749679434999
0.24225700716388, -0.18926348676278, -0.12440478233025, -0.45931229739437, 0.46736533031479, -0.40264181678121
0.31553587830418, -0.18527807475113, -0.40320244509786, -0.45960725353177, 0.41025135979475, -0.38958981644179
0.31895384373772, -0.18345502502785, -0.3848572283962, -0.45845131122471, 0.42248786867368, -0.38710870409269
0.3121678323464, -0.17801481287623, -0.33427424583974, -0.45247091974568, 0.41720903995182, -0.39426145769293
0.26855792907472, -0.18217801589259, -0.13715726205195, -0.4373927271928, 0.43168830246866, -0.40077789120289
0.22028766126441, -0.16431195129673, -0.019393901785056, -0.41567969703994, 0.40924221401562, -0.40945939421907
0.16023837021436, -0.14319389783402, 0.10268012689187, -0.30355033580192, 0.11518389941484, -0.42770869089598
-0.11351163600844, -0.1043938271491, 0.15975025039434, -0.31109134498122, 0.21985888094611, -0.42584382145139
-0.52644156688197, -0.10439621359257, 0.2882114498375, -0.29349812714111, -0.049451174621881006, -0.36233766227128
-1.0417271245781692, -0.059411153648368006, 1.644308677846293, -0.18586148416077, -0.12921342447525, -0.27186581450013
-0.63481894255633, -0.017378713730113002, 1.1770017496565823, -0.27065811657256, -0.19995961479324, -0.2261085144928
-0.87391109284898, -0.0007443577454749999, 1.393376890820127, -0.17356813710307, -0.19850356184142, -0.21204850280472
-0.51582052107105, -0.0006594143731306999, 0.84743761600658, -0.23517156536746, -0.12373772295215, -0.28963099869162
-0.39619016021952, 0.0027479754269338, 0.9202392003818199, -0.16529548738538, -0.19032042068015, -0.2586108331891
-0.26736234834386, -0.014054612923847002, 0.68446430252928, -0.19714331093576, 0.0021595641207308998, -0.32386416784129
-0.3420962230265, 0.0007532937044257, 0.90186751563103, -0.12868576013847, -0.03212157841464, -0.32150849565822
-0.13136349364066, -0.027786583448821, 1.0073825587628311, -0.20190073077481, 0.054875929912967004, -0.39482563788158
-0.44400893692902, -0.018925465769211003, 1.52034664700101, -0.14114751295473, 0.0035029674753, -0.38063853510167
-0.2684655366636, -0.034125257690409, 0.95612578513391, -0.13297983491227, 0.07162753435286101, -0.4079933727134
-0.18731753787721, -0.08420418886671101, 1.1453385630371198, -0.14963097634338, -0.02348402272086, -0.46470916078348
-0.23165626632452, -0.068035685349285, 1.3531154786578503, -0.13909128304418, -0.0036929864125854997, -0.45612754673372
-0.18121596827142, -0.030069550443033003, 0.1439157096883, -0.14021561323273, 0.49706873272473, -0.46342297299909
-0.54850619579374, -0.043495828454922, 0.28933758914347, -0.12076515429469, 0.034969994881377, -0.41536285765332
-0.30541132216918, -0.055417587416414005, 0.57010008274639, -0.098672532458736, 0.058083432969823004, -0.39615477692065
-0.077452011903841, -0.07879007300020001, 0.56693199594208, -0.0551269343695, -0.017560167791862, -0.42375420995414
-0.61760125383935, -0.073203326952903, 1.0193583494630944, 0.046481746286435005, -0.039381885105939006, -0.36637038851819
-0.47355557865891, -0.037068108122576, 0.46642837497419, 0.0067304265602345995, -0.070402091177077, -0.42387008758912
-0.68433224546348, -0.07386743580987401, 0.92004130622475, 0.044295167883878, -0.12228626713538, -0.41284817647198
-0.32642772135705, -0.050344259666889005, 1.0660611360739982, 0.023577172913025003, -0.059861548439657006, -0.4198338100895
-0.2097273417495, -0.10485348019688, 0.9405368362299, -0.018252656611947003, -0.10934218276133, -0.46224149150641
-0.24316875635482, -0.095854084049591, 0.88849972167053, -0.08087434194783301, 0.22234770953845, -0.45253973372377
-0.21275800913109, -0.080568223076625, 0.77519344808788, -0.10103558506822, 0.2087294370758, -0.46111674422266
0.021867915807883002, -0.065893855402624, 0.3358592018288, -0.059612289517807004, 0.10101806987547, -0.46495022626694
-0.31222116549976, -0.09375276301525301, 0.51985638581862, -0.086495956978552, 0.1305089321424, -0.47305520610446
-0.071715341952021, -0.08493368079114501, 0.65983258065717, -0.12350333121575, 0.14595232610042, -0.49323616256044
-0.047730057006330005, -0.07770575626671401, 0.43597517608473, -0.14516558631923, 0.20465239658671, -0.43825478894718
-0.086974000426942, -0.06849335388819601, 0.53332451572602, -0.12124889546494, 0.19398040662973, -0.42558668015664
0.025033614339837, -0.071861940748998, 0.51393150184772, -0.10367962498145, 0.18740214480374, -0.42847368345976
0.032767927048578005, -0.09822504164545001, 0.57737076185381, -0.086984997687646, 0.088084022608752, -0.40106975860273
-0.058941353412451006, -0.11073410314221, 0.71142886382319, -0.12352556847535, 0.09229337016941601, -0.38118884337192
-0.09562447564425901, -0.11951750678555, 0.88023190107822, -0.18130462428069, 0.10830733362298, -0.34303282420528
-0.13978051307521, -0.14237948127119, 0.76594847143649, -0.22715575740639, 0.10827550087505, -0.33868424040743
-0.090567374988834, -0.16078285125702, 0.63107289255315, -0.2437692784381, 0.22044268989974, -0.38724614055277
-0.0062270930460945, -0.17812784612397, 0.34503218673285, -0.23352176160702, 0.14089568978816, -0.43327264496344
-0.18331417369635, -0.14957605587627, 1.0596791181506646, -0.20496505049666, 0.05831109320680201, -0.41168814565374
-0.40628298679439, -0.11134538554694, 1.0110030910080383, -0.12782583981203, 0.08032783127744, -0.39671254655561
-0.17763403645143, -0.092309452485984, 0.3857940361708, -0.12756731085492, 0.043165305096783006, -0.42578728306954
-0.07200767218498601, -0.1037408372295, 0.36708801828743, -0.16029953298501, 0.028549997586100002, -0.42204525474071
-0.099078878813061, -0.11016069886332, 0.99321338111203, -0.15582968953343, 0.023042833761078, -0.40847223487407
-0.22337026852243, -0.083357199249217, 0.66839319161154, -0.13724126833134, 0.16011392888008, -0.43454353185124
-0.38408379140015, -0.08487957277838801, 0.39878224213165, -0.12297835144324, 0.019736728691241, -0.43480772853627
0.019179756326805002, -0.08928824416854, 0.82291881423102, -0.14453408446778, 0.038660882105323, -0.41585731765441
-0.23053836177174, -0.09844881432364201, 0.73807261909587, -0.07280898515715101, -0.072522298798776, -0.4281052920332
-0.36033293771381, -0.09955261403164001, 1.1685269645059109, -0.082841046929279, -0.1796243592973, -0.41932269600884
-0.37554662322469, -0.08519743054994, 0.8343016146761, -0.062703892930192, -0.06900092727656701, -0.42713918396538
-0.50814825027027, -0.088424110633496, 0.22407590207869, -0.061982227116430005, -0.1455829439004, -0.41063357573079
-0.068762730533534, -0.08193953836520701, 0.28302929209666, -0.071138445922998, -0.13947966158506, -0.40713489844378
-0.035610071809293, -0.09871987918529901, 0.56134509470251, -0.058194388086488004, -0.080399942959645, -0.41360500956204
-0.14698277499122, -0.09104823421416, 0.62782520116875, -0.027103537624287, -0.0072111429435844, -0.40019496282601
-0.069905454630467, -0.074338349047635, 0.15065821259857, -0.025998267530608, 0.032895798539738, -0.40757480569284
-0.30608361109645, -0.101889115715, 0.1202158220945, -0.040902251605873005, -0.076833304212661, -0.45485636983604
-0.068942982469103, -0.09919822867363501, 0.4702407105512, -0.020148817548060003, 0.016860579735573002, -0.44241519520124
-0.056504574095684004, -0.11092457985119, 0.085526900375348, -0.014203503714081002, 0.036396046422552, -0.42997322972535
-0.091681283219, -0.10202519675813, -0.058936117287665006, -0.035445748902465005, 0.027264392575767002, -0.45580946722434
0.0074011255051397, -0.12804148810162, 0.26089054326257, -0.034747205329396, -0.033580327127954, -0.46902041526513
-0.083152096272618, -0.13767246035904, 0.45624829476904, -0.029535748750225, -0.037082171074407005, -0.46640213568503
-0.034791752019134, -0.13202303411095, 0.28578060842457, -0.009511617996625199, -0.05915077520274001, -0.46356100863646
-0.05573763245369601, -0.12657203396115, 0.20464444356121, -0.036137529453142005, -0.083272736447732, -0.47056367294296
-0.034023500600488005, -0.12677290414828, 0.25769073031498, -0.0094189054185147, -0.074624567005483, -0.4657546990633
-0.008203982350069399, -0.11914569813635, 0.10990626437205, 0.016031869654477, -0.067758513281194, -0.45966836046244
-0.05432952974207501, -0.12493154589629, 0.21559987989098, -0.012880826373096002, -0.15841698089997, -0.46951440364877
-0.12179953421269, -0.12963727597489, 0.75968980694835, -0.021866092050333002, -0.018282650085324002, -0.47048039669704
-0.14801583083775, -0.11825599529197, 0.50091996764028, -0.0042391273077965995, -0.074191067067716, -0.45020055340138
-0.081713366842234, -0.13655641265668, 0.31463597222816, -0.015111763273819, -0.13499428310771, -0.43878604456691
0.016494645318280002, -0.13981971768392, 0.24648994655098, 0.0036822961921537, -0.14566584063772, -0.43493909780337
-0.026093225208097003, -0.13071994578723, 0.35769168823945, 0.02264383058486, -0.08377759988057101, -0.44255875472936
0.0001420201452816, -0.12639842837278, 0.2159989269558, 0.023686788696651, -0.071219091521349, -0.43101724332156
-0.086003759768059, -0.10762865241458, 0.20643326622886, 0.036133974559906, 0.069258635974055, -0.42580800964593
-0.1682544801541, -0.13412714725605, 0.06944455101552201, -0.0025146646748595, -0.042081509871694005, -0.46847223324814
-0.051510767336158, -0.13046445007132, 0.50519891106589, 0.031055301292039, -0.05326541685714901, -0.45989144823559
-0.14882611866883, -0.1333794620113, 0.40700792178928, 0.040782704603377004, -0.06688033963540001, -0.45894333408199
-0.020473314157200002, -0.13692134495127, 0.33557308489595, 0.027761693143991004, -0.09958309735537801, -0.4461195825098
0.0063756739860731, -0.13829451777172, 0.37365248891424, 0.018513271756263, -0.13743118468928, -0.44075401394414
-0.06102800695982501, -0.13846391100594, 0.66331068553754, 0.044846034400604, -0.1226520246144, -0.41640579746047
-0.27008774337973, -0.16831981925664, 0.9945648685929, 0.01113313828755, -0.16749459705979, -0.40659375190732
-0.22684907235477, -0.14914467302155, 0.87763495447177, 0.029465914326097003, -0.21188287879319, -0.40668561577668
-0.17288362065038, -0.11362052732574, 1.022909298806348, 0.0020675384984671, -0.2698574120219, -0.37665079704392
-0.26282890320631, -0.1065098601923, 0.9024733873706, 0.011390959447017, -0.16357156019738, -0.33974191271761
-0.25204434004014, -0.11283994176675, 0.4736387219387, -0.08454892910005801, -0.13322812555958, -0.34556152339499
-0.14028534246842, -0.13980402908411, 0.57535467471593, -0.036882783840982, -0.11407362742966, -0.35744433503154
-0.20219900534305, -0.10628845704215, 0.88272446961469, -0.075318778550105, -0.16770698723005, -0.34334492516171
-0.22454876072911, -0.12254883008389, 0.90878716959876, -0.044356230060845006, -0.16766021934341999, -0.37089386813835
-0.13718945222276, -0.11132713610892, 0.87645807639325, -0.09957171368352101, -0.17022666777408, -0.36323524946462
-0.06910206103522, -0.10256188333567, 0.74522648399092, -0.080814401942415, -0.20748127590391, -0.38810957180301
-0.08652018878529001, -0.09476355632175, 0.84678839723236, -0.06735943940392501, -0.18841798676057, -0.38608710537394
-0.12297776666383, -0.09549350494490501, 0.84736462201217, -0.046873674059264, -0.10035262440732, -0.37329909696943
-0.13184646673803, -0.095718980230067, 0.81738017370046, -0.058751667459738005, -0.07036552157223401, -0.42030041558835
-0.13532444023199, -0.12788398559487, 0.87677048146137, -0.11965341048133, -0.15369036105558, -0.41700257268763
-0.16237009495938, -0.12495891870092, 0.7716684047066, -0.062154919408194, -0.10451405847016, -0.40568263491642
-0.19819980617853, -0.087080806540343, 0.70799859474646, -0.039458800749276005, -0.16350107324034, -0.37615267095045
-0.09641368352040901, -0.11245262357116, 0.82274688549036, -0.033729220780327, -0.10542933781587, -0.39603683895325
-0.14106499874993, -0.07215399397979701, 0.47808335330316, -0.064330248381595, -0.079838805608062, -0.3435031542912
-0.20678850392608, -0.087394514182735, 0.68859287006452, -0.046406295035686, -0.051090869211168004, -0.36695036528196
-0.10801480225864, -0.09146338570233101, 0.34820752985314, -0.064830047954668, -0.064463902632703, -0.35863532642195
-0.035781670710256, -0.10928873281319999, 0.33931406011945, -0.08152762841732501, -0.04585731228574701, -0.35886497487224
-0.011980672293873, -0.12028244287555, 0.25545886341883, -0.099821431090942, -0.019427496579854, -0.35266535389331
-0.08408743438932001, -0.1116253368719, 0.25708851004528, -0.11162187059968, 0.15499488705655, -0.35587853849918
-0.087613478680249, -0.08772964972519001, 0.26756488088143, -0.11639427174226, 0.033331519516384, -0.32831954209955
-0.043376858663033, -0.073756394906118, 0.23495842062406, -0.084355415190822, 0.004460254386155, -0.31699404239619
-0.033521819521588, -0.08329348529536901, 0.27405416936545, -0.087676417924472, 0.034854287280645005, -0.32843701525899
-0.10518958507311, -0.062054054756615004, 0.43703219614575, -0.07134472257652201, 0.12358148341536, -0.32984856237937
0.0068605617316629, -0.07999558998549601, 0.25667531309908, -0.11695884327439, 0.09463733596424101, -0.33176577734451
-0.037624010301292005, -0.08924758899602901, 0.28869221140102, -0.11323516819953, 0.10837921964318, -0.34004898021659
-0.046006927289077, -0.088309178698005, 0.37370472397947, -0.09507425090318901, 0.091115154989737, -0.33133867363006
-0.078012779125673, -0.12280281342381, 0.41956622849629, -0.11084126270668, 0.027816420414713, -0.34595976871928
-0.18712794762725, -0.10437109585119, 0.69972537156397, -0.10977933826055, 0.10841462921734, -0.35404537065697
-0.1739445115382, -0.09450026373325601, 0.6661509635346899, -0.13467809603211, -0.0036948392761776, -0.3628540459526
-0.10300565797939, -0.11166701072245, 0.51323088849266, -0.14459433916406, -0.0038605545534809, -0.38413184242807
-0.042501548840545, -0.11824351929687, 0.46114389074315, -0.1387766920836, -0.012440057451049001, -0.37526990677875
-0.043257974218893006, -0.09952167456664, 0.47572334683591, -0.12502931873409, -0.013264765018812002, -0.35244628874504
-0.091515611231731, -0.088638530010199, 0.57381519843795, -0.11024066884274, 0.0072687600787868, -0.36356435430433
-0.025890238555725004, -0.12671506687974, 0.64375675595828, -0.11868179496995, -0.008643678806370899, -0.3709837701157
-0.027194076491056002, -0.14134678400031, 0.8357069474298, -0.12569552726821, -0.016728752845140003, -0.44468530473471
-0.10496385980933, -0.13534783525514, 0.83652740752401, -0.08015815795061401, 0.033766417966968006, -0.47098978765648
-0.15042417427639, -0.11028969222723, 0.73194322780491, -0.027939007877372003, -0.016368134361277, -0.42125163396894
-0.13592757079507, -0.08683841654923101, 0.66632312840431, -0.012080314559112001, -0.044457248023297, -0.42131581862932
-0.068581651688388, -0.086813896667361, 0.43432724646027, -0.019843960536917, -0.058006406781226004, -0.40646658253302
-0.068402062943966, -0.068147112727795, 0.53075547746114, -0.002949830182438, -0.071685862713316, -0.42401405909434
-0.04439523310941, -0.09133498716460901, 0.55661404277392, -0.027633783387048003, -0.07662287062824201, -0.42179516735759
-0.09207047083885901, -0.09411542629277, 0.594361126156, -0.022056674185800002, -0.09789256861246201, -0.43445572303375
-0.17253035973894, -0.09937036130750201, 0.76577175702821, -0.032142783115455, -0.041621488539504, -0.44071612990269
-0.11336159637908, -0.08463586202283001, 0.57462635663133, -0.019936874276782, -0.12280609719075, -0.42409710349096
-0.10863951941591, -0.078441288258704, 0.60974974396895, -0.020703100092832, -0.11249538881797, -0.43002718605241
-0.15833420677811, -0.081942370011078, 0.64871513162911, -0.020871666373994003, -0.11682193021677, -0.43389463071002
-0.11457207906464, -0.08515858778966601, 0.50687245987722, -0.004104324959544, -0.1237152178107, -0.42259143327881
-0.09807149107142701, -0.06991542672166001, 0.51409810697912, -0.011853909000931001, -0.054665755320391, -0.40521140985923
-0.17850875736801, -0.07567683903097601, 0.66163643776582, -0.029234556643282002, 0.042300598932620004, -0.42140745590973
-0.14959935380046, -0.08509570650463101, 0.56867149104881, -0.043484433806941, 0.013922946185856001, -0.41987093220381
-0.12797863189056, -0.10167379433093, 0.36539546078424, -0.040665721778561, 0.030894064228065003, -0.43080647028127
-0.12397505088941, -0.10924323265938, 0.26726785024057, -0.031087308630756004, -0.017215432361512, -0.44282602357295
-0.062338365191805, -0.1304747976759, 0.1274013079072, -0.041161675847489004, -0.0086336496105053, -0.4279545227594
-0.073773571299416, -0.15108337815471, 0.19113657712439, -0.08030668153095001, -0.025471176474591004, -0.43780095552318
-0.021043410972465003, -0.15119714835805, 0.18781089487534, -0.06801077474895201, -0.06892022820127601, -0.43201531148985
-0.0016958211174461, -0.13202197539207, 0.22085018162565, -0.058654247909336, -0.04908386928644701, -0.4234955830987
-0.018336219634736, -0.11419401265922, 0.35262975822242, -0.039727515032793, -0.025421894151031, -0.41753543349779
-0.05356783301964901, -0.10193840054736, 0.4278818537267, -0.031044402905899004, 0.0096562264387788, -0.40271875701252
-0.03210000293753, -0.12110585295843, 0.32714797433077, -0.04621861861538001, -0.025210124379801004, -0.41985134100873
-0.01763139242469, -0.12058744981936, 0.34513454633177, -0.053811596606324, -0.044954355839678, -0.41670660119856
-0.054584987752291, -0.11411200382973, 0.40242130596721, -0.034727185870734, -0.046410611189987, -0.42373678787222
-0.08618872461329401, -0.11224020741072, 0.51568317304218, -0.031334313992759, -0.07388208261623, -0.43138783624903
-0.1055193566179, -0.09746344035594501, 0.52520898896585, -0.029015308017579, -0.06983389256305, -0.42510839845586
-0.063377852536077, -0.10387486544985, 0.36541296654656, -0.027804380735275, -0.10562091743512, -0.42385555871063
-0.05975637034064601, -0.10167448160816, 0.43568509705892, -0.0332512365247, -0.083750216589919, -0.42834248305083
-0.068973725059963, -0.1015650150016, 0.41848391259451, -0.02803112899266, -0.069779463526978, -0.43107364689172
-0.10457063270023, -0.09048313374914901, 0.47329249146119, -0.015824819531378, -0.036692663539548004, -0.43078079294004
-0.09902411580687301, -0.086345447728605, 0.45601147867393, -0.020344729035847, 0.046651046466836, -0.43231729264174
-0.16091930000381, -0.092939938134835, 0.50568455666154, -0.036593752375681, 0.073485462558687, -0.44192899373569
-0.079021120008535, -0.10810188978584, 0.3855852096953, -0.043429652787507, 0.053173723530176006, -0.43955151217877
-0.025717021687583, -0.11653049385996, 0.20811787527842, -0.052672052583634006, -0.0011070211849693, -0.42527412257724
-0.0008258733090348, -0.12897583139498, 0.18971291639492, -0.044410464708109006, -0.029485050725541, -0.43257069533122
-0.020764757959348002, -0.11473111548156, 0.36771181586558, -0.047429355508737, 0.027373332794658003, -0.43225604280861
-0.015169655166310001, -0.10764797262713, 0.36435804787213, -0.038019363256181, 0.024742239265431003, -0.43955600803773
-0.035734155702248, -0.10276849517896, 0.4013507053405, -0.047060169790770004, 0.017041413157367, -0.43807650046691
-0.063180091859224, -0.11040462669382, 0.39077898553408, -0.04327398020063301, -0.0070740255509977, -0.43694499569983
-0.059019089563467006, -0.11654471056509, 0.49808684063711, -0.041257927425560004, -0.004794552600613, -0.44651430252981
-0.08468369706324301, -0.11726324336678, 0.57405711664872, -0.041881271425981005, 0.014648288227423001, -0.46775977965696
-0.018955313306876, -0.12446175934289, 0.40807784262274, -0.047174403445153, -0.0003503407526575, -0.47065899123071
-0.016093881496052002, -0.12443762516943, 0.44311489940248, -0.052833733687583005, -0.018106274489258, -0.47165571782089
-0.052916615102136, -0.11005322691089, 0.46047884083474, -0.049819432136289005, -0.0002570395412642, -0.46766007847257
-0.093413967371319, -0.11441170645429, 0.53134528826647, -0.037231418451348, -0.0039926591248705, -0.47452596687725
-0.10008220450251, -0.10703167570072, 0.58160235486851, -0.039523315791027004, 0.012669893627219, -0.47519613201815
-0.087343823779311, -0.10580023213233, 0.45747826645288, -0.052302227897851, -0.037545078527109005, -0.46348401155401
-0.10360066063495, -0.10806208239412, 0.49506088204684, -0.05039269384690501, -0.044609106814640004, -0.46380148073306
-0.12065966788721, -0.10859428839393, 0.52593657098073, -0.04631997190480901, -0.054898910333194, -0.47281917651398
-0.098187960080893, -0.10973015979997, 0.45332324879686, -0.052305998753144005, -0.054763226441064, -0.46146838598268
-0.11069805613991, -0.11652122061916, 0.46296986195672, -0.05762353653150001, -0.03484955782988, -0.46707831467799
-0.18131267233841, -0.11422299477535, 0.54787739031197, -0.066106735395489, 0.069961884465799, -0.47518956651421
-0.15296344337568, -0.10934534337504, 0.53744572767037, -0.059446025837642004, 0.04541645782435701, -0.4680732270876
-0.07852806563513001, -0.10649175020646, 0.39183680866914, -0.058331126650917005, 0.029738461553354002, -0.45885979960321
-0.052087504217034, -0.10967856423983, 0.26947602475788, -0.062917707775842, -0.020487795986695003, -0.44814618313276
0.0015260646483664, -0.11454336320553, 0.21070965192382, -0.050818936417188, -0.05541137985846201, -0.44602475131508
-0.020269128684144003, -0.12247979653829, 0.21453370710851, -0.050868861901131004, 0.0060994988577436, -0.44847783371145
-0.046102456591323004, -0.11795448307177, 0.3339839087386, -0.058669295667019006, 0.0065379123493555, -0.45336339557689
-0.071289770989337, -0.12304935925693, 0.40128608857625, -0.051426353565953, 0.010415075273218001, -0.46711694811997
-0.055673909482971004, -0.1262826980175, 0.42632237478129, -0.0438508562833, -0.0090465657097925, -0.46360353359363
-0.10960542167233, -0.12827382720531, 0.57207213448542, -0.048323405817174, 0.020255503903363, -0.47624535602
-0.08812970420537301, -0.12247662814052, 0.48057570350695, -0.040631412103957, -0.024524082034993, -0.46871304083013
-0.034415869230073004, -0.12437904302381, 0.3540403442859, -0.036060554607314006, -0.037529167812676005, -0.46481103404837
-0.014393589603928001, -0.1243809073265, 0.34444935077175, -0.031802933566664006, -0.046461862049275, -0.45930052681292
-0.040248670840985004, -0.12310306144864, 0.37096329585958, -0.033340465405593, -0.044750215651047004, -0.45897669460848
-0.12074535568773, -0.12687676678954, 0.60640834206899, -0.040484726104327004, -0.010871799190742, -0.47256468720112
-0.12610958427419, -0.11304128912591, 0.62642881162436, -0.027254802590723003, -0.047449562665986, -0.46818657454975
-0.061282406228947005, -0.11800034339437, 0.38690529819907, -0.033603701373717, -0.064476357306445, -0.46984723522135
-0.029781596170046002, -0.11912127315213, 0.41685954692318, -0.029871824262889004, -0.07669755144611601, -0.46014029221519
-0.035629914179817, -0.1218857332439, 0.42769994877038, -0.034957595334352005, -0.07638176059412101, -0.45710658680463
-0.050565075674625, -0.12240371684795, 0.49435758505957, -0.042899438815494004, -0.07858305655983701, -0.46050558922517
-0.073717690159216, -0.11486929875155, 0.48172134353867, -0.03530517978189, -0.063332454971987, -0.45814921023278
-0.10893113165737, -0.11732734734128, 0.4492620707981, -0.036696276039691, -0.066500970717367, -0.45380965253071
-0.11130255747162, -0.12152371187839, 0.52086671886337, -0.034210238259465, -0.07346229684133601, -0.46448942979053
-0.12596249469935, -0.12314126124432, 0.51448080348344, -0.034757214692308004, -0.030573286440708003, -0.46406090022612
-0.13221631124259, -0.12823371536098999, 0.49747496897076, -0.046069044255369, -0.046915190779917, -0.46747491439637
-0.06739541777091801, -0.13698872836318, 0.36131809552615, -0.048144336296813, -0.028251811761632002, -0.46433524779146
-0.089814703733263, -0.12310431840928, 0.4042379490219, -0.052747715027458, 0.033310333879109005, -0.45528279531763
-0.07173017834546501, -0.12979536224565, 0.34934855160898, -0.051732256157516004, 0.01658266486337, -0.45265673325698
-0.025732361939404, -0.13200566233323, 0.21462272979108, -0.054083905489066005, 0.014890684145673001, -0.4535749692362
-0.0027367827405934, -0.1426093474565, 0.15287353758461, -0.046068258998215005, -0.025611545720884, -0.4539985920743
0.057988975685931005, -0.14790253057311, 0.038761531664838006, -0.046632388880140006, -0.030324608127209003, -0.44680657905343
0.055548626504723, -0.14384845505029, 0.10771358079905, -0.057938140595446004, -0.011322209123463002, -0.45378646364455
0.042721916346812, -0.14363028300094, 0.22560066991386, -0.057033960944827, 0.0032748588217207, -0.45961622173895
0.026367123057996003, -0.14249323388036, 0.26733012160919, -0.059739673780476, 0.029722108405324, -0.45808412703166
-0.0012370828414708, -0.15210598833161, 0.31657851790114, -0.05518417898616, 0.020896556434101002, -0.47142559951399
-0.059757300171739004, -0.14639960515358, 0.55791163145176, -0.053385315670981, 0.058679324760946006, -0.4792741600525
-0.025256671198819, -0.14166518460547, 0.43721430131763, -0.047494902800757, 0.031023709728693002, -0.47937191990032
-0.016404525772073002, -0.13669248373334, 0.35024163951507997, -0.049475194381357, 0.0080829868793883, -0.47744702375896
-0.026359838986922002, -0.13496453817743, 0.36775081260321, -0.049977643705919006, -0.013143299199280001, -0.47588517863923
-0.067561340140045, -0.14257244830152, 0.47536737596267, -0.04419841072717701, -0.012594568158411002, -0.4809492697738
-0.13657987020423, -0.1393609114615, 0.6754798278690199, -0.038612024205107, 0.0009397395705346, -0.48970508115727
-0.055917454865241, -0.1367257026514, 0.4471792034772, -0.040684999601228004, -0.074938010991834, -0.48819106133709
-0.035996819091097004, -0.13876413453469, 0.32852719674664, -0.038150923537976, -0.095356051639556, -0.47712387125677
-0.041681734379593, -0.13086781341286, 0.34553979468966, -0.03812371121942, -0.082937493467185, -0.48649389845531
-0.041553977435605, -0.13173177556946, 0.37875846234897, -0.033593195657859, -0.09777901340108201, -0.48735695003341
-0.0673770800314, -0.13504964631825, 0.4537059787653, -0.031798080214913, -0.06296935174514501, -0.47570276485342
-0.020853501221121, -0.13072228398243, 0.36648539201678, -0.032789649457034005, -0.03998820554002, -0.46568313286539
-0.05542897370510601, -0.13283695306172, 0.34266142309709, -0.035218024936704, 0.04870679800352801, -0.47031407229244
-0.062927951552183, -0.13547029768792, 0.41622185627636, -0.041604720954846006, 0.04483987648866301, -0.47566757779458
-0.11023962219717, -0.13845723653718, 0.41934279858334, -0.070186053456981, 0.047252306257826004, -0.47450115912725
-0.037625368705224004, -0.13743189308619, 0.28501573496447, -0.027757505237891004, 0.0066351419867491, -0.4708653024113
-0.0090834844140028, -0.11737022993013, 0.22419922440315, -0.013918681485014002, 0.044231387389780004, -0.46505378146103
-0.046399685513198, -0.12063440725238, 0.32443119789529, -0.015732576745936002, 0.047180138736774006, -0.46691539226768
-0.039993209489175, -0.15481472703567, 0.37503466469884, -0.049036158416216, 0.039186485614014006, -0.49544496605776
-0.05666715947101401, -0.15164692166588, 0.38321591224575, -0.053194927189116004, 0.017842196123648003, -0.49305249144417
-0.09677006404782301, -0.15470524428176, 0.48461533536768, -0.046609034268776, 0.017605343774394003, -0.4988071670546
-0.056444979788217005, -0.13782810500873, 0.45898099111874, -0.028720813028304003, 0.0052166324541656, -0.49356626857387
-0.046680587343344, -0.12568711148199, 0.35606578713555, -0.024674866852482002, 0.0024682935713545, -0.48504827803387
-0.06920407865270001, -0.13117905508505, 0.41231102058832, -0.015729871723741, 0.040318192942141, -0.48851266795543
-0.078376335381083, -0.13631740940832, 0.47351041647542, -0.024501725531104003, 0.0017024118597019, -0.49479269508333
-0.12061026241173, -0.13355778752423, 0.6195451033539, -0.019110455862087, 0.0077488184334777, -0.4948689580211
-0.12020228587096, -0.11948362009314, 0.58491160110344, -0.007849227241247399, -0.0039359718295085, -0.49287604950731
-0.054097243072914004, -0.13010430586322, 0.37435399686226, -0.020237164175107, -0.035557538134294006, -0.48941317021068
-0.068691186974704, -0.12965266237786, 0.42934811003411, -0.017109577860949, -0.030885771426312002, -0.48818563353869
-0.09646133767099001, -0.12953855532435, 0.49143786561061, -0.014920540058069, -0.033390389906685004, -0.49111032377057
-0.13354214047079, -0.12669978134836, 0.61362911584242, -0.023578095047621, -0.041322506829641004, -0.50819278651866
-0.18517864334081, -0.11199170014678, 0.6733075402424, -0.017659928612871002, -0.028120312043691004, -0.50187794356278
-0.10629171194668, -0.11494029552935, 0.50908601425935, -0.015610258594966002, -0.074690948038339, -0.4953550071209
-0.031100045790643002, -0.12331682676723, 0.33575224942122, -0.018898046317385002, -0.073787815244802, -0.49667074371361
-0.014861089868292002, -0.12445474119374, 0.30112367057165, -0.018974416324925, -0.02751365854117, -0.50086820385664
-0.055281800436948005, -0.12564055734754, 0.37292804842506, -0.020214317061706, -0.024817403095525003, -0.49778045577382
-0.056725809396359, -0.12655069857458, 0.36450024434202, -0.024012818667534002, 0.028989684717244002, -0.49921796122652
-0.10277170339831, -0.11992345183975, 0.36550204046268, -0.026092280561785003, 0.07272532500164401, -0.49419544437578
-0.10440488924832, -0.12626797363634, 0.41610321994132, -0.030841606746868002, 0.089050344720007, -0.5007221924891
-0.1132949091081, -0.13414418911686, 0.38229427720037, -0.032073080406799, 0.08045524375014801, -0.49838414879951
-0.074596411968348, -0.15607242543957, 0.31187245212871, -0.043755812913827005, -0.0049513174248958, -0.51180968545723
-0.042386454512987004, -0.15606354880317, 0.33192434768191, -0.038166096611312005, 0.052476815891113006, -0.50648630635321
-0.038976249037613, -0.14938940281422, 0.37800697585346, -0.047777487849616, 0.03824938659279, -0.50576342569728
-0.049660907993496005, -0.14141114837158, 0.43497676228388, -0.042686911330229005, 0.046680258231590006, -0.50716404488247
-0.060409437812221, -0.14429661714452, 0.470821094764, -0.045022508666798, 0.025622393589899, -0.50935700458759
-0.09077943225562701, -0.14610292294085, 0.5795198005557199, -0.039893508374489, -0.0040340303225358, -0.51375195925309
-0.14853975982704, -0.13692699422539, 0.714711232489, -0.026049358746105002, 0.036504111933628, -0.51131379619192
-0.07039999187569, -0.13695462057618, 0.47717580168663, -0.030346810088945003, -0.025250326175494, -0.5078234990931
-0.035595147198681, -0.1302118079023, 0.3972232223116, -0.033148734072305, -0.044554041238858005, -0.49833160259729997
-0.162233361943, -0.13867297000864, 0.59311906848932, -0.025660209756153, 0.0010652136510196, -0.49948863293386
-0.20505455671625, -0.12856118370194, 0.73610741170777, -0.021659511238931003, -0.049780490608461, -0.4935260563174
-0.13609066583617, -0.12414480178939, 0.60504553391659, -0.020192861102277002, -0.08235227843590101, -0.49962074033036
-0.14007777448296, -0.16317133419043, 0.48449151372281, -0.028351564562947, -0.1485927826082, -0.54598318967569
-0.14581926549354, -0.14259574751907, 0.50308786404391, -0.0045836644370368, -0.20034966698699, -0.50153505235798
-0.08959532065786001, -0.11888906851181, 0.39265100272217, 0.023722202534326, -0.19738905644121, -0.47813728449981
-0.10536489713043, -0.10279335702125, 0.48621207709851, 0.08066884158061201, -0.24095689708404, -0.46561290267688
-0.21691806884496, -0.10225925141461, 0.59652413450815, 0.062032821943706004, -0.21047998357211, -0.42843329395631
-0.11408064814113, -0.096526650537804, 0.4307403273967, 0.041437868112615, -0.19649225231882, -0.43772852035964
-0.12158715907353, -0.12024832701686, 0.3684266646143, 0.017871107109410003, -0.23926835487349, -0.44294964918693
-0.087902524306603, -0.12387857970841, 0.30598973780831, 0.028254933982780003, -0.21013950078302, -0.42806940560548
-0.09804220661237001, -0.12121887274685, 0.28852869826653, 0.028217650144577004, -0.18217683049659, -0.42158444171232
-0.07107476128330201, -0.11958674039381, 0.26244883225616, 0.038815168012036, -0.16749409776411, -0.43222651635245
-0.088457009219532, -0.11159374823382, 0.31733958590556, 0.025631767522411003, -0.08583228105766101, -0.4332663873037
-0.070628960910273, -0.12243705106112, 0.37116766520017, 0.016580303373604003, -0.12138654349844, -0.44698396790466
-0.035991410767671005, -0.13009849276794, 0.28105262021169, 0.012545167900652, -0.14185386815504, -0.45835828483763
-0.022558062995328, -0.1349582118806, 0.27191603428404, 0.019914497769642003, -0.17266703282597, -0.44612477437346
-0.028290405013485002, -0.12750157208362, 0.33092514601227, 0.027667263319976, -0.15360539399814999, -0.45269714254655
-0.043331586831377, -0.11880733148102, 0.35510092593067, 0.017933784893377002, -0.11579528283323, -0.45066673141596
-0.06805438764103801, -0.12238023551923, 0.42541714404156, 0.0097342382413797, -0.12237792189394, -0.44680091148543
-0.075733344857729, -0.125239552825, 0.40654111908736, 0.025671140583079, -0.11167423494054, -0.45220165211691
-0.073812471292951, -0.1291733692783, 0.43757694197343, 0.024587910591858, -0.13013005879337, -0.45780849188367
-0.10388664173071, -0.12852396381358, 0.52837922040697, 0.036790224045659, -0.15461966004904, -0.46487657069692
-0.09244964555444901, -0.11888645941722, 0.48489219808385, 0.023624172074937003, -0.15560907754895, -0.45608421619664
-0.10781421481056, -0.11994093505158, 0.42825264070515, 0.027759591542597002, -0.1441567925292, -0.44615109614155
-0.1140583255253, -0.11415274086559, 0.48239315814565, 0.029826182499509003, -0.14291332076709, -0.4533518226849
-0.10895762462741, -0.11408734332938, 0.48830830465069, 0.028510710028898004, -0.14308969069566, -0.45944581876
-0.12155230997925, -0.11550212213264, 0.54006282034949, 0.031336201230568, -0.16427585507219, -0.46651790002859
-0.10905607671472, -0.10844539182712, 0.4934009929081, 0.03354017598357, -0.13941478031851, -0.46406839968913
-0.11261371120303, -0.10568118528502, 0.49403859072453, 0.025793883873696, -0.12847334408148, -0.46402194054443
-0.13560412175353, -0.10674333829864, 0.52236361828407, 0.020501481786541, -0.10024645982484, -0.46267793228501
-0.15638328274081, -0.10866700966381, 0.52113002668478, 0.019801505398468002, -0.07795242577382201, -0.46718491380687
-0.13629754659752, -0.10970763564945, 0.47186170947491, 0.031114781943461, -0.1081262726933, -0.47472901407287
-0.07547657807548601, -0.11163905363689, 0.39765407908223, 0.036073958200634006, -0.093681457126725, -0.47035840565090997
-0.091278297127469, -0.122941398755, 0.39826429337642, 0.0031750172251075, -0.062075081341193, -0.4670023424394
-0.097761703580009, -0.12840498894282, 0.43038106612527, -0.017333493069012003, -0.058732979446808005, -0.46227282258078
-0.09431739952732, -0.1241137899768, 0.4367868234628, -0.0045999649139348, -0.043165797358844, -0.46907773820833
-0.11489991807576, -0.12652628306753, 0.43206071443664, 0.010364002361710001, -0.079385236716599, -0.47004441984936
-0.08759968939711801, -0.12191698461111, 0.46576863140511, 0.030764541065374, -0.085728740722151, -0.45742075878796
-0.09948721128524601, -0.13025805743249, 0.4578652404858, 0.013570084587126, -0.07012651749423, -0.45917333382913
-0.08451136295509, -0.13888118202844, 0.4486294599009, 0.0045347249020464, -0.06565301473222601, -0.46458368698717
-0.10712107822579, -0.14467838844935, 0.46366724828741, 0.0025578648179727, -0.07952936928942701, -0.47443078551067
-0.1091766029254, -0.14250787653250999, 0.46766248731469, 0.0041363029603808, -0.080361757802919, -0.46800784174465
-0.13150167709871, -0.14765318030797, 0.50199781089954, 0.016689516244298, -0.11708245401918, -0.47217769731267
-0.13604420273419, -0.13719709666854, 0.50868749080397, 0.016137285938392, -0.09289875543667701, -0.45825589902287
-0.11907199112072, -0.14937421405502, 0.40887920703069, -0.0025157043630331, -0.085610844428551, -0.45859011365257
-0.11501817185893, -0.14484764205245, 0.48565426638288, -0.010782904856744002, -0.089015711476133, -0.46621844388249
-0.10605466830206, -0.14296189203762, 0.46822675194196, -0.011493575177985, -0.090888887295913, -0.46155697830175
-0.12567614432028, -0.13627424758666, 0.47298882339338, 0.0003902016602418, -0.079778678779114, -0.46396181534942
-0.11245562210911, -0.13278750976315, 0.45625968146906, 0.0043173207496306, -0.10492576819428, -0.4583577706948
-0.10560323546036, -0.12659024336239, 0.41110899875772, 0.0036148272509728, -0.06121708982216301, -0.45740539014839
-0.11804499075947, -0.13072344499305, 0.44982245832383, 0.0008584136818049, -0.066222402879935, -0.46236638849521
-0.07929090188979801, -0.12913899139957, 0.44157426061256, -0.0062329578904389, -0.071280939913352, -0.45617248308804
-0.10698452438263, -0.13226942305494999, 0.43418243362616, 0.0019734935908223, -0.052371586133222, -0.45649456425317
-0.10688983001289, -0.13286463819689, 0.46380435257598, 0.0052795779680238, -0.07284830574266801, -0.46284291620505
-0.09670509355982901, -0.12592036943805, 0.44523383707238, 0.0055714327269465, -0.028481062219758, -0.46378113736336
-0.11075762900681, -0.12089065565223, 0.42628525440831, 0.0057277597292697, -0.033155312099105, -0.4619678940898
-0.1034768019957, -0.12152071508952, 0.47292748654603, -0.0051754730698263, -0.05391243929907501, -0.46368481738727
-0.11080480432201, -0.12775150476962, 0.4624828115135, 0.0068216664258886, -0.056133145738459005, -0.4655861820855
-0.12308855556768, -0.13238175760954, 0.48672449369997, 0.017043840302459, -0.05966621148650401, -0.47139551000357
-0.17314635239343, -0.12887203650796, 0.64370341727306, 0.024441327200858003, -0.041406424078880004, -0.47895116895512
-0.1173797580311, -0.12384644616741, 0.49401219456176, 0.027179000855937004, -0.095550794399616, -0.47048103377529
-0.09539452809920801, -0.12236329799869, 0.41412496270284, 0.022336887343771, -0.10650444581647, -0.44692816243553
-0.11543422387963, -0.12355055705773, 0.45071714288185, 0.025832708570556, -0.11246502027367, -0.45187550925035
-0.11141132108517, -0.13116088953558, 0.45744799372463, 0.021724166207415, -0.11784530967508, -0.4518187242773
-0.14614490272125, -0.13522780121923, 0.57332557698875, 0.029717202696904, -0.1256109965621, -0.46996201653839
-0.13860971883142, -0.12531799598238, 0.56188302578389, 0.03331975823607, -0.13067011250545, -0.4646768440147
-0.081281108013949, -0.12429873451913, 0.38874955527595, 0.027029915540242002, -0.1717706559102, -0.45092447288189
-0.08820945674982801, -0.12031650360066, 0.40094550407358, 0.039745211975257, -0.13978554851227, -0.45205665657735
-0.074605962303745, -0.13110325353415, 0.26232673922734, 0.055939354334459006, -0.05657958133506501, -0.46474318664481
-0.08165271672180001, -0.12813982136767, 0.39848619843232, 0.029241421785537004, -0.1154647244425, -0.44950927714694
-0.08771231152650001, -0.12023683433293, 0.46120921552044, 0.015939010193863002, -0.11443098630121, -0.44955327966302
-0.1175035082544, -0.12065856324316, 0.49077259424094, -0.010340258095647, -0.045264476928066004, -0.44647119850837
-0.13425760517075, -0.12200521251817, 0.52449691381802, -0.0066326856588705, -0.070019652020645, -0.43627509578089
-0.07314886196077401, -0.13231278052762, 0.45220166205078, -0.0074441592630668995, -0.06723219537017501, -0.43764737871822
-0.079512650397156, -0.12868451943612, 0.43003967297779, -0.020790751234059, -0.066045052232463, -0.44033004910294
-0.0096819154574351, -0.13590108764059, 0.34679298289254, -0.0088693568180416, -0.13530130511566, -0.43246496252304
0.018371088418047, -0.12470002933997, 0.32374822860823, -0.0066034956931435, -0.067721505398773, -0.42556300028321
-0.038326832590693, -0.13135258381965, 0.3747992497425, -0.015862170189921, -0.045952539317162006, -0.43252620709166
-0.060971180714607005, -0.12777684633065, 0.39369393992886, -0.01346606787945, -0.039976860975863004, -0.43687575198176
-0.072375029908713, -0.13179784150232, 0.40707949356398, -0.010116004476193001, -0.053679668804992, -0.44322174505621
-0.067430100086699, -0.13356391776278, 0.49394981169098, -0.010961976748279001, -0.06572128769652101, -0.44571455269248
-0.085157698442758, -0.12850328871333, 0.45734173830326, -0.0051447793625918, -0.044780150940531005, -0.4497315884465
-0.0793200983544, -0.13231025220912, 0.40252035247739, -0.0089536782587475, -0.06710871059131, -0.44527446319342
-0.08804080252318201, -0.13196294532243, 0.4204851233187, -0.0042554365449008, -0.060640848435238, -0.44749468149655
-0.089108425929439, -0.13356473975619, 0.45567145138905, -0.010233164731496, -0.07769620985850101, -0.44768504411787
-0.1016461945666, -0.13931217192819, 0.57273198238149, -0.0053594700846723, -0.08383351535711901, -0.45835203393386
-0.15493531851732, -0.12916780492502, 0.69990893210298, 0.0029063171451336, -0.06674585012912, -0.46651803887157
-0.087612570731291, -0.1258488883916, 0.50271769534294, 0.011351470279407002, -0.12008770725148, -0.44904117535277
-0.08472373531317101, -0.1292785359697, 0.45613872140557, 0.010784127464473001, -0.14573273137676, -0.44528908326861
-0.089599945377444, -0.13102137756075, 0.5046596307217, 0.0053602454163819, -0.1479680238537, -0.44312868290961
-0.1011559443459, -0.12869910802921, 0.52193462288436, 0.0088496133414312, -0.14563213583989, -0.44844289520995
-0.16562788988837, -0.1161312137322, 0.75057268246411, 0.015834983495969002, -0.11145851085606, -0.45457267850961
-0.12502079822962, -0.11794864617234, 0.57680064068584, 0.013337269268138, -0.17937064748251, -0.44942611355905
-0.09541837002664601, -0.12128448639879, 0.44031872532787, 0.012556527209657001, -0.20803317851045, -0.43906747671482
-0.10271331648006, -0.11804753478393, 0.38572253567616, 0.0067683787169019, -0.22257806471365, -0.43594781503234
-0.04970285308397401, -0.116302368983, 0.29796361914791, 0.0030649708535255, -0.22184708542372, -0.4437937208311
-0.06435577613693201, -0.11340862617933, 0.41087856642971, 0.006385138807942, -0.18732123953765, -0.45297977052953
-0.1098810158433, -0.11016485228694, 0.39923992830988, -0.0048798957756985995, -0.08574361298333201, -0.44323685245357
-0.16454971703162, -0.10950916664379, 0.47829651642303, -0.0082561224323798, -0.055114833312512004, -0.45889777331544
-0.1225881050304, -0.11423664141887, 0.40529963732757, -0.016829929040734, -0.08128421794189501, -0.45279798708138
-0.10235739145765, -0.1228190080883, 0.34791182816963, -0.018521732894553, -0.08156673981536201, -0.46000303624244
-0.09595984779615001, -0.12274190821733, 0.29885225982271, 0.0008307629393352, -0.1087364566287, -0.44990168618016
-0.056890561300639006, -0.11954764267493, 0.25668627263122, -0.0014033288498377999, -0.1029327884611, -0.44474245953683
-0.064160302596015, -0.12434674757413999, 0.34177014029209, -0.0060603540385179, -0.10296894356745, -0.45918297981353
-0.071768858392683, -0.12114982922999, 0.38741659371881, 0.0036616643490459, -0.07803758729876001, -0.45205510334929
-0.09284957804511501, -0.12728684485465, 0.42528133162846, -0.0022212455709805998, -0.11344239254901, -0.4511760955233
-0.11900403220418, -0.12656843715649, 0.54757873733914, -0.0021998519029351, -0.12135277438073, -0.46642095070449
-0.13063529463525, -0.12003703507277, 0.52788420061364, 0.007238880111971, -0.12151997503941, -0.46476238122219
-0.097719556069604, -0.12089030884041, 0.46904441400749, 0.0031837393146032, -0.1411406740662, -0.45719133538457
-0.10636485655813, -0.1220911662924, 0.45829453342119, -0.0007881245641286, -0.15331679615045, -0.46005099172621
-0.16624446576787, -0.11661741264303, 0.49074933360017, 0.020026852290196, -0.11566485703307, -0.46519726403495
-0.14910211055014, -0.11604353493694, 0.62582178896507, 0.0005820184928795, -0.1300704996353, -0.4760084505018
-0.17771086877953, -0.10544642509147, 0.48713065813152, 0.012138852388795002, -0.16206648726346, -0.4686377244464
-0.11832573997752, -0.10891729900955, 0.39298309623219, 0.026826077693295, -0.16957868996638, -0.45817268026562
-0.12479865208736, -0.10892658905803, 0.39157946702804, -0.0056942793830238, -0.1709674100272, -0.45461524355896
-0.11858376447063, -0.10643324869383, 0.43826824530845, 0.012661499572657001, -0.08591452216681501, -0.44653140160253
-0.15842820899733, -0.11774979500189, 0.54217805617655, -0.011975996097291, -0.14273129901374, -0.45607845295003
-0.081887811807829, -0.1247354777409, 0.35145448906589, -0.0040098225128497, -0.06496776545364001, -0.45085978423758
-0.12447196703504, -0.12982023107652, 0.4593816810445, -0.012143468508139, -0.068117333464216, -0.45376962479442
-0.09846726558893401, -0.12798552414173, 0.41138041592609, -0.0051200696638844, -0.059270079773273004, -0.44960086552303
-0.08119889116876301, -0.13329951501138, 0.34977376791774, -0.013580820747007002, -0.10119948745266, -0.45930042191711
-0.049537629759077, -0.13172695492804, 0.32355861893927, -0.0038944272024597, -0.15670984807899, -0.45276726200424
-0.050741094057594006, -0.12689845827921, 0.44641539956181, 0.019117862985731003, -0.07366563075743801, -0.4535062317735
-0.06672604442067501, -0.12853152078532, 0.40567880753323, -0.0083438375179207, -0.1174854602559, -0.46085707243709
-0.08666089181168, -0.11878060795363, 0.438812672094, 0.0027554738575049998, -0.072930427270588, -0.4628702564193
-0.07557891101873701, -0.1246783085784, 0.47544277442485, -0.017390871934115003, -0.10812432293242, -0.46216518091798
-0.10319620976358, -0.1282305898777, 0.52284293703367, -0.0064507790355018, -0.13026963573774, -0.4608876013172
-0.11081372968789, -0.11476195472055, 0.63533080982199, 0.0047499416642803995, -0.087705197661048, -0.46233498232785
-0.058874038412172, -0.12661815965432, 0.42752002173295, -0.014569337496986001, -0.16040912439857, -0.45795899128838
-0.08237193479886401, -0.12530231086419, 0.44265271274623, -0.01706291411908, -0.15031107481026, -0.45021247301046
-0.099273807636593, -0.1250144139241, 0.42851691932225, -0.0062524104540822, -0.14477994276424, -0.45739662697734
-0.11140622829517, -0.12682158624472, 0.48755506422971, -0.011415542920779, -0.16106575930889, -0.45415074138514
-0.13130125885474, -0.1178845050904, 0.54535519373898, 0.0005113098468106, -0.13132048464367, -0.46374468611846
-0.09996184203538101, -0.11615846526002, 0.41985796446248, -0.018532550431063003, -0.1170899204588, -0.45236770479378
-0.14330168545992, -0.11959151277964, 0.53722330162649, -0.025265941336968002, -0.060666739808981004, -0.44848431124583
-0.13495517997297, -0.1235956920218, 0.53238049467036, -0.026790519376974003, -0.039823751387174006, -0.45727011909452
-0.12783021772432, -0.12424499912431, 0.47341507055362, -0.029125911851052, -0.047940281008443004, -0.45029454776999
-0.05039526501067201, -0.12925565822673, 0.29427560918905, -0.017980840388652, -0.092427364663166, -0.45409424759021
-0.056894785838557005, -0.12590043839336, 0.33323747252837, -0.022275719983668, -0.0050946466918561, -0.45191054762923
-0.05518395471379801, -0.12967275475684, 0.36808191881766, -0.028839747835581003, -0.039231794722645, -0.45524990789831
-0.036339696809614006, -0.12964555006815, 0.29323745444927, -0.029460749019759, -0.069379695839323, -0.45691455179443
0.0024629761640254, -0.13126043960304, 0.30373935198422, -0.016705861943951, -0.096702467849861, -0.45775406698891
-0.060983358267623, -0.12820816446783, 0.48714485628225, -0.018037632501108, -0.047706026552904006, -0.46713168104694
-0.06394930979450801, -0.12273086337572, 0.44803164121814, -0.020350101670078002, -0.043376784001621004, -0.4726122935492
-0.067820337233761, -0.12919286177979, 0.4211094647257, -0.029583996349466003, -0.056445026946479, -0.46973449168175
-0.07455707557716, -0.12839909810634, 0.45172147134462, -0.019646686204234, -0.064812936671596, -0.46646536974763
-0.08993581187935701, -0.13212652483837, 0.46537076510101, -0.021190001835601, -0.07903858913493901, -0.47723970524994
-0.14189794727328, -0.13001969853693, 0.65299284113896, -0.011527493676223001, -0.066384127059396, -0.48351433965092
-0.11123477907459, -0.12603935613802, 0.50743008530012, -0.010941216319189, -0.11151726999883, -0.47787189612585
-0.09579843390315, -0.12298114025726, 0.46556462637982, -0.0020429155302277, -0.11830342135452, -0.46940612735987
-0.10197159016775, -0.12143160340618, 0.47343756337172, -0.0047643799690795996, -0.12863433414339, -0.46714685234594
-0.098916166525152, -0.12187683061765, 0.48666238413815, -0.0011312457522108, -0.1442783005249, -0.46910956683931
-0.14524291715721, -0.12055117527966, 0.6014623624758, 0.0048391248060894, -0.12606038167776, -0.46905268931848
-0.061886908718747004, -0.11408934495175, 0.36725278144719997, -0.0079406860538121, -0.15784988085948, -0.45800872040603
-0.045228924755149, -0.12108132544612, 0.33186910028623, -0.0020674163113708, -0.11378362032077, -0.45632376895227
-0.07393335556076801, -0.12191884744389, 0.4323616813746, -0.0094181824604908, -0.06596238886733301, -0.45674848518008
-0.06864586942390201, -0.12410460443193, 0.41057300856206, 0.0014917228542843, -0.08268924417007201, -0.4641884231759
-0.049288471120973, -0.12881111234691, 0.4382717161071, -0.0087595854893256, -0.10759801434315, -0.46173250567896
-0.055483625859878004, -0.12963886648371, 0.36745562869175, -0.014016046734831, -0.056165320162747, -0.45611031599838
-0.083028405798032, -0.13063021877908, 0.44507898570953, -0.017345444714398, -0.042919017362597005, -0.45848695627236
-0.043321206154131, -0.13502945845748, 0.46541364146412, -0.021781501775121, -0.074895883997525, -0.45742100305693
-0.042420483004582, -0.13616139613551, 0.43727514919002, -0.0028035017674513, -0.077061376966972, -0.45938435858699
-0.07349432344655, -0.13722728044514, 0.586454582503, -0.015579337717478001, -0.063551166429895, -0.47308481689313
-0.10648506129566, -0.12725938376111, 0.56457172565972, -0.014493706240409, -0.061274736292754005, -0.47639820858188
-0.09666282536050601, -0.12872129017669, 0.4801604460326, -0.013345281949223001, -0.062482789693138, -0.47371889479928
-0.08208658660191101, -0.12749151638788, 0.48291212692644, -0.0072849575210113, -0.069722335489332, -0.47135700581761
-0.088122371370061, -0.13196752499045, 0.47022256565588, -0.0098332460483591, -0.07926304066134701, -0.47808734613934
-0.10685555342334, -0.13488124069165, 0.59712773582813, -0.011423433577721001, -0.075768320104522, -0.47859526991549
-0.11889311594912, -0.12568070062001999, 0.57965178912474, -0.015316596949181001, -0.099673163237829, -0.47805967924401
-0.09726832493644101, -0.1236900887096, 0.51443644271456, -0.021267692349972, -0.10708600003994, -0.48092019116138
-0.09514553250296601, -0.12852416622867, 0.53492255961334, -0.014145256860561001, -0.11071335641936, -0.47925291856884
-0.10860139882358, -0.12814979763949, 0.48975753117229, -0.010013515904363, -0.12616668867095, -0.48445086521428
-0.11819412339453, -0.13009694846951, 0.51690706667385, -0.0087069003958335, -0.11888149127491, -0.48316670090342
-0.08809980902480101, -0.12499255078651, 0.43092487463911, -0.015509294489452001, -0.09542612742051401, -0.47566116959468
-0.12335646805487, -0.12610449991318, 0.53216769402784, -0.026011835518657003, -0.045825361471421, -0.46850613567896
-0.10673383036845, -0.13319230730418, 0.54095249291369, -0.023128523959965, -0.023914171896282, -0.47609730528642
-0.1117569080307, -0.13353067219427, 0.47572432627699, -0.024524398062016003, -0.027878515002985, -0.46704479003665
-0.075205587760844, -0.14169877257104, 0.39799665333934, -0.0073115517590498, -0.072970196086426, -0.46772602007226
-0.0061704287144725, -0.14326882297408, 0.34980918635068, -0.011987248540714, -0.040686326997286006, -0.45654243699166
-0.031952141249045, -0.14295356546, 0.42283779221, -0.017576559577211, -0.021524865048398, -0.45774485273616
