the brain
0.0, 0.0, 0.0, 0.0, 0.0, 0.0
0.015791868657697, 0.0059221203513828, 0.014709881953013001, -0.0094915124195912, -0.023859780415026, -0.0021415387600287
0.035807371257999, 0.0013248421209678, -0.0054423394764048, -0.0069781573032977, -0.061817877072826, -0.0039551268838445
0.047202947327431, 0.0014519746385877, -0.022261575563343003, -0.023241478934236, -0.042886110728318, -0.012922732486709
0.06935521361222301, 0.0021858306975406, -0.14552788687764, -0.0047756679691271, -0.040883601919522006, 0.0016616230730772
0.039139581126872006, 0.0014987054296423, 0.030349001917593002, 0.0058782473426251, -0.04811789545122801, 0.0093259959698981
0.079872208120668, -0.0060810014845044, 0.016397623337407, -0.0052011331284459, -0.056768992771094005, -0.0005383194568602
-0.013775977499776002, -0.01305738181478, 0.15604313013441, -0.0091127405545186, -0.023499489733163, -0.0095149670481688
0.040085224782194, -0.0018618024519255, 0.099926012731852, -0.0045485725820741, -0.013708748228019001, 0.0004337271635736
0.024201669562293002, 0.0035984452777733, 0.07872382221939, 0.0083169639908594, -0.0092070491670189, 0.0046186195052514
0.15321034128281, 0.010887641196315, -0.11940851550359, 0.011307966173152, -0.066137908949445, 0.0032843401799323
0.15114183215408, 0.0032196013214783, -0.19630722692773, -0.0097760379824428, -0.11472603784113, 0.0008659670576004
0.12884729506387, 0.0037351978551796, -0.13791594722676, -0.0067752106577873, -0.10682378100298, 0.0038237555096742
0.14306846027893, 0.011517049280759, -0.31550350755055, 0.0021471138808026, -0.10544634818152, 0.0097503182337362
0.13460616343828, 0.012840173644546002, -0.19464116417828, -0.0009116469254226, -0.056404729791684004, 0.0053179201399951
0.11553086791605, 0.013032969248687002, -0.17043981034351, 0.0039655750414054995, -0.04926737212639801, 0.0083435451572263
0.10098414977101, 0.017577414436145, -0.17241730771711, 0.0027422209376315, -0.053111788257057, 0.0041038532871528
0.1138488930078, 0.018951294558097003, -0.14322102123972, 0.010691890251061001, -0.054971380023446, 0.0082233087005744
0.12028456701145, 0.016951960714563, -0.13529093649038, 0.0033291546236071, -0.062848751990613, 0.0074369170680844
0.13647654454438, 0.019184925076755, -0.12924936984882, 0.0093485816373087, -0.06258434171681601, 0.013974198660532
0.11292107178247, 0.014897072807181002, -0.1240518020979, -0.0014861746935962, -0.067914073269877, 0.0083887433745035
0.065437365955577, 0.018430444337266, -0.0063305814834094, -0.0011444587502586, -0.07512154192192001, 0.0085300332075016
0.10587278810435, 0.019946465107305, -0.16201499151434, -0.0035279622120153, -0.085151723835636, 0.013388447608747
0.095597837844467, 0.022272313042759003, -0.13757444440437, 0.0099578987163521, -0.083592585423702, 0.011945928280369
0.092231220752318, -0.011301063705228001, -0.10281036730889, 0.013825022131024002, -0.088354633872293, -0.042253450350023
-0.0053221639242832, -0.11796934834738, 0.098990108769095, 0.011620780911801002, -0.059870179309669, -0.13097729097532
0.0076821756224805, -0.052486985874484006, 0.06064431609559601, 0.0075420806049136, -0.06608686096927001, -0.0014025670257874
0.007920438808923999, 0.072531458092409, 0.052903565955691005, -0.0099076092157705, -0.049195150741454, 0.24185252201592
0.0046797155157611, 0.08620194521536001, -0.19640762279127, -0.029907148346524002, -0.054832615184024006, 0.27306809442209
0.079602622787057, 0.081281076867388, -0.31229536447526, -0.015151785377147, -0.10330218730219, 0.17487426106105
0.12632058954886, 0.035378998605254, -0.18704390832032, -0.0056488922387201, -0.12484837595613, -0.018226414611618003
0.031195256479888002, 0.0025267706114809997, -0.065822743671702, 0.019661478776713003, -0.13271573048726, -0.09868453370628101
0.14328455650602, 0.010273741837324001, -0.22650178236527, -0.002974577372999, -0.12423017610882, -0.017485428575047
0.14768378879832, 0.021779349825748, -0.24049637999248, -0.027548193786392002, -0.11235612654477, 0.055790820302854004
0.13406044079825, 0.032876355648645, -0.22627689961267, -0.023567251463524, -0.10573043257021, 0.082093988461802
0.17756400861425, 0.031393942337129, -0.294254656381, -0.0065424388050106, -0.09996826520108901, 0.051463625238935
0.18696763492384, 0.032113418384941, -0.27355768601595, -0.005903912559124, -0.11913232282004, 0.042484218264906004
0.17529127724775, 0.030779007187912003, -0.24848964810071, -0.010150302921611001, -0.11460835747872, 0.039846233155117004
0.18784124077347, 0.034545852225782006, -0.2787950387228, -0.010482985487807002, -0.10512991982177, 0.043953998981316
0.16823862199408, 0.036275716888582006, -0.25690779344821, -0.014406773539675, -0.11115673562754, 0.034032239110348
0.13586065215721, 0.036289326632592, -0.22087468840983, -0.010530023542037002, -0.11400701979523, 0.031893616561838
0.07015803348175201, 0.030838943333106, -0.049355661981011004, -0.0053597748691044, -0.080882732074601, 0.031299956497547
0.15601856507664, 0.044575372957304, -0.23174369485004, 0.0048148106742596, -0.11134864518186, 0.035834216415016
0.12988992731763, 0.039347415913518, -0.081933252114116, -0.0007077078422595, -0.1035748841121, 0.034627181078169006
0.18716228895431, 0.053470004678946005, -0.17812321739111, 0.014141623915507, -0.11596533696362, 0.043480966102645006
0.19129377563303, 0.05838363924586001, -0.21717909481609, 0.02726706492925, -0.1186321872741, 0.052962277790824006
0.18964664645513, 0.060733671919133, -0.24361213281365, 0.022427378192755, -0.11364136729526, 0.050572295546448
0.17771925795166, 0.051262156279961, -0.21932954922854, 0.018745029593354, -0.10552959137728, 0.046609209122744
0.15200907890745, 0.048585095461263, -0.21045660913041, 0.023474334613049003, -0.11698296824189, 0.042209930574756006
0.13636949057844, 0.045241745937559, -0.18233090401354, 0.024870695802673003, -0.11686910905103, 0.04547819327091401
0.1056004476451, 0.052645104580200004, -0.17380207732936, 0.019983797509200003, -0.12016423396688, 0.042517961583039006
0.10382462502074, 0.044827124385375006, -0.11962993375447, 0.014416847380359001, -0.12088854132533, 0.043980110001094
0.12405494342001, 0.053306042402859, -0.25111072381882, 0.028788231892808002, -0.13916497206487, 0.043286654093759
0.12430749251952, 0.045311589025722, -0.18343799806656, 0.016506619849155, -0.13523402935021, 0.038048361577731005
0.12900302885238, 0.045379896684725, -0.17801961814247, 0.022337038040799003, -0.12296730451501, 0.037299827636213
0.12611533019867, 0.046468528018252006, -0.15500811173485, 0.02530655862949, -0.11813403118346, 0.043904757922069
0.12114044141433, 0.046184780548237006, -0.15830471105198, 0.021624202414525003, -0.1171120914918, 0.045426127037844
0.12127419225269, 0.04743875761301, -0.15896592724547, 0.024373531374611002, -0.11811909749296, 0.042625012112572004
0.12791226619539, 0.052840529910813006, -0.13809936829098, 0.021049585153573, -0.11657229409145, 0.045221064511645
0.11680900356109, 0.051936203756102, -0.12216983729337, 0.028895408380837, -0.11205355551188, 0.043382810510553
0.084483957040622, 0.049537530024507004, -0.11265239373071, 0.020906134841771, -0.12365116583253, 0.03314482048471
0.06548673305303601, 0.046540932243856005, -0.047294517035502005, 0.022011193698789, -0.12526164625938999, 0.037349662432369
0.11938812359083, 0.055996584472791, -0.26903008164355, 0.031695388165943, -0.13119820122505, 0.035378229363907006
0.11020318672534, 0.048835465668108, -0.19169207031826, 0.023857463143852002, -0.13278481689968, 0.035510979087835
0.10927228032957, 0.04939252321319, -0.18297244896155, 0.029626510342385004, -0.12295303885483, 0.041392972477404005
0.11870401498922, 0.044084967124355, -0.13966213963076, 0.027663588979597004, -0.11456937333285, 0.037395268238839
0.11095632546443, 0.051215252630436005, -0.15514309488384, 0.038894969214327, -0.11266727527535, 0.043333866701497005
0.10777027836674, 0.04355734553173601, -0.16239628624719, 0.031577680263523006, -0.10825940224961, 0.038209235240073004
0.10799234147135, 0.048384061687532, -0.15572210295804, 0.037782313032371, -0.11288357060031, 0.037762664094523
0.08233175793731601, 0.042867227748710005, -0.19043256867292, 0.041224515695177, -0.11246276437055, 0.026197266098206003
0.059809729112255, 0.042289002811743005, -0.08595514063301901, 0.034235214593099, -0.12824661274054, 0.026023579899032003
0.08170926025885801, 0.039912590380039005, -0.19400937901886, 0.034543799149332005, -0.12307037206873, 0.031696250248849
0.07948656627252901, 0.043973943895578, -0.13571928998848, 0.039268808079927005, -0.13308889685141, 0.036767893859837
0.078513666857688, 0.037634708195631, -0.1311010652703, 0.032129956916671004, -0.14561452012188, 0.04059511255406
0.09261554036741301, 0.037192971236797004, -0.1627628941128, 0.036015943775674006, -0.13642847773789, 0.037412682041157004
0.09312920700563301, 0.037319701665087, -0.17337493650728, 0.038545792791973, -0.12868098581814, 0.038210286398657006
0.086845755190969, 0.039533892462627, -0.15610208847749, 0.041398621691868004, -0.12364480073207999, 0.03706262923775
0.11134186446823, 0.039093770243205005, -0.15832254760196, 0.038449244194369, -0.13381575551766, 0.040207440523535004
0.053742258683326, 0.04131939838799, -0.22867224993249, 0.027519128918022003, -0.12824642890408, 0.037659022015063
0.07460363057656201, 0.038950392813442, -0.17464404253569, 0.02736237647452, -0.1442242014228, 0.034593932020955
0.062313516728447, 0.039263978111793, -0.1049191066201, 0.027921828942250003, -0.1554747424459, 0.029928044879167004
0.09087122584048801, 0.043207442819425006, -0.24884364978043, 0.031239452536972002, -0.16163351133624, 0.040413776640266005
0.081276100171409, 0.040341664499892, -0.1457732549677, 0.024731659377525, -0.16232055074604, 0.039080776702892006
0.087552796694269, 0.038242722286503, -0.12899176747809, 0.019234254162333, -0.16450959678166, 0.042470885224439
0.09491290203790301, 0.039143879783538005, -0.1483933932298, 0.022007368633537, -0.15634309417447, 0.046128124658348
0.09774469274199, 0.039393082601779005, -0.1712589594667, 0.033615102173549, -0.15201141119663, 0.045214989991027
0.088166692084643, 0.044256492365660004, -0.16456284540055, 0.030453590851465002, -0.1434242778112, 0.041807510357836
0.087629863442787, 0.035570064540399, -0.2038467713626, 0.031654270395908, -0.12933289218465, 0.041714893128398
0.09271984319895901, 0.038093632181527004, -0.14393578876054, 0.039340643178983004, -0.14077914159324, 0.038406879830972004
0.061302908674942, 0.036079892237971, -0.071426284091785, 0.035303581947289005, -0.15285515731615, 0.040073024094479
0.085309860597839, 0.033723980066482, -0.18283683972396, 0.034753091656785, -0.14341089859133, 0.039334982127133
0.095095895153173, 0.030936240366182, -0.17171088190829, 0.040876510812239, -0.15529367220441, 0.043926265587353006
0.09804579187225901, 0.033090218046029005, -0.15702988485348, 0.031638553268908, -0.14129222120888, 0.042568097997314
0.1035168750363, 0.033955605672225005, -0.16149608433794, 0.042019344896231006, -0.14090910629761, 0.044148335994781004
0.10959720763035, 0.034279091226597, -0.17376751931023, 0.036051223555209004, -0.14424177656185, 0.042028851478813
0.09047149073307101, 0.035140373874388, -0.13509528350934, 0.050166232270253006, -0.13276998815543, 0.0380635682455
0.095188320362819, 0.035271311691891, -0.19463414593647, 0.038423659657971, -0.13172183213606, 0.041999708317731005
0.08408432857008401, 0.034061039929346004, -0.12549180531928, 0.041941336955422, -0.12867090862895, 0.031057856685273003
0.066846610789192, 0.032405988411646006, -0.15889222609268, 0.04268741221865, -0.14316092980332, 0.034030420396587005
0.067795205012581, 0.027444351542163, -0.05774239074726101, 0.038554521720118, -0.13200178495719, 0.031108811604412003
0.088926040630287, 0.03537576709864, -0.21886488453038, 0.04398613052425, -0.14338787055524, 0.037332580969093004
0.090900663354227, 0.036765723492282, -0.22169461758152, 0.037415829892935, -0.13641094273385, 0.037042447421359
0.078039973369704, 0.031590888350815, -0.12953461906224, 0.039263432169623004, -0.12529480290094, 0.038236100773154
0.1025743996412, 0.033081913656836, -0.1791470904207, 0.044594321358026004, -0.12655701607249, 0.035988082074358003
0.11714432665409, 0.03301184190489, -0.19193568628033, 0.038989277134794005, -0.12215681409117, 0.038001603997562
0.08829882614433501, 0.031976625748770006, -0.19913041676109, 0.031394335690249, -0.11756591899913, 0.040249565395044005
0.1092126089248, 0.03384810270624, -0.18713656087268, 0.040746113490929006, -0.1117512312174, 0.030195085757537002
0.10200659076228, 0.029958077505873003, -0.14090522189355, 0.032720347683251, -0.11566907435359, 0.031532397220402006
0.10643564340321, 0.037908852346627005, -0.09753424072144701, 0.03533496424766, -0.1140031569498, 0.031465302269657006
0.10907901664481, 0.039736236732651004, -0.26052801627843, 0.029487228794127, -0.08883148705804, 0.028473756830171
0.098070028179238, 0.043314251185517, -0.17506662015946, 0.036210457082962, -0.091285945989502, 0.029849726958004003
0.1296572233123, 0.043458064757942005, -0.19419434963569, 0.034750521936116004, -0.08276794603057601, 0.02811509890167
0.12836348575861, 0.04001296096257, -0.17578108471263, 0.042387582706792, -0.07889132258933, 0.031641182912699004
0.13012870235433, 0.043132493259337004, -0.18988700406354, 0.039146544970411, -0.067801806654725, 0.035437643139651004
0.12052985711554, 0.038028745512663005, -0.19305260471496, 0.046049681262207, -0.070027405996194, 0.035934687738428006
0.12379373091342, 0.039935674943407, -0.18610917679082, 0.048476308334827, -0.050292797484175006, 0.028395704385564
0.13052481134054, 0.032390350392193006, -0.30127878295525, 0.036804184283735004, -0.063589259667088, 0.024456304827184003
0.14000916178865, 0.034167229941834, -0.16465671691182, 0.037546766037239006, -0.071062684953863, 0.034263763288522
0.14688876623016, 0.033010140179616, -0.32151465534740997, 0.043271371977593, -0.07349831532221701, 0.038229614739383
0.14045547128805, 0.030322366364077, -0.23000680649796, 0.043076950938721006, -0.072079104489878, 0.033110775241545
0.14614144717086, 0.030396857577653, -0.24545962631627, 0.042498960271807, -0.06195382523926601, 0.036307869997091
0.15801824930628, 0.029815278840099, -0.22173352201428, 0.04423815009964201, -0.048566698716680005, 0.042220509608559005
0.15438058378204, 0.027822647011798003, -0.22745678611817, 0.051685831036456006, -0.043590068604217005, 0.041838640289269
0.17088509946977, 0.026423310747229003, -0.23896377571474, 0.048179063598769, -0.039039151838700006, 0.038451912827387004
0.12473001271489, 0.025386233901906002, -0.18897157885012, 0.050893545632925, -0.028174632610660003, 0.034752986298227005
0.11862919051383, 0.024978966477232002, -0.23479624357391, 0.049687881969477, -0.028028897024827002, 0.035416387278899
0.13399740934627, 0.031784448452786, -0.29074267818204, 0.047581219097998007, -0.047343587372176005, 0.036951146549421006
0.12290008520995, 0.029409920873456, -0.22235724308232, 0.046725112288147005, -0.051548059866572, 0.042029784531447005
0.14736338264696, 0.032734007363689005, -0.26390888750851, 0.052460169592540004, -0.044724169741658, 0.042529494587696004
0.10375412877943, 0.030876645687625003, -0.2619114737775, 0.037007242162787, -0.040628525026308, 0.039884332222937004
0.13522402285218, 0.032409091785138004, -0.24468653707782, 0.045428322408925005, -0.03381989670591, 0.042078800627279006
0.1331053515554, 0.033844325589721, -0.21522412382144, 0.046576387126543, -0.059824104710548005, 0.038278682824699005
0.08110011932062501, 0.038022527211961005, -0.035338577825792, 0.04174111268859201, -0.044148292081556004, 0.040148470025950005
0.13164029746511, 0.041380192863268, -0.25882250399543, 0.040930648062325006, -0.069147239297683, 0.034539875404971006
0.13079463384342, 0.036302148505341005, -0.21126298457576, 0.038837104682982, -0.08004973883504701, 0.04288737382154301
0.14253945318321, 0.039094321992169, -0.18426577086207, 0.037476868616245, -0.07464282121592501, 0.05186792357271101
0.14784545304187, 0.037970056184936006, -0.19487691409257, 0.038601497794862, -0.07298931801694901, 0.046894250279813005
0.13234457834727, 0.033230975364647, -0.20353924080565, 0.045582871618389004, -0.034150916678137, 0.036486562033557005
0.15063980775979, 0.030985003034528003, -0.17470608268368, 0.049815562768786, -0.046541688151136004, 0.044725495977684
0.15319767370632, 0.031970850197160006, -0.16251539458153, 0.045579230913152004, -0.048370228012340005, 0.037762992924925
0.14697159282958, 0.031072325402594, -0.13825091337772, 0.038666994458415004, -0.045582870114151006, 0.037885829935234004
0.14102890711537, 0.035505197537375, -0.14502569876839, 0.045562884659096005, -0.047413690195542, 0.04148972187606
0.12200554092093, 0.030719333339995002, -0.11661914067663, 0.036425689899412, -0.055329783958017006, 0.039031519920075
0.11252226944697, 0.029288948389586, -0.039753796934939, 0.040391268479364, -0.055672254832360005, 0.042275485421908
0.14119996439969, 0.028774625351694002, -0.23160650104321, 0.037383104534939, -0.057856891029618, 0.041212473342532
0.11440426881304, 0.033148642548236004, -0.15177637918692, 0.040124728765402004, -0.056423681844338006, 0.036557803782561
0.13247195973279, 0.030916631611769003, -0.14569510471373, 0.038917280328218, -0.049171005781409004, 0.037093745184388
0.13682472971322, 0.029103694116615002, -0.12544842787843, 0.037974117933553, -0.043950496388226006, 0.038369684633248004
0.1364934893614, 0.029912331357428, -0.14698581443582, 0.044492467414239005, -0.042537499121149, 0.036598786730918
0.119937507404, 0.033287523166493, -0.1540021600774, 0.041366909620443, -0.041690122367064, 0.03969753705396
0.11780303673503, 0.031838224928595005, -0.13960014566789, 0.043057008095132, -0.036142640921753004, 0.040677665910174
0.13335188339166, 0.032146095043928, -0.17860930489884, 0.040312106776412004, -0.04493246238574, 0.038408081943853006
0.12542852358967, 0.031715974543151004, -0.1503853517454, 0.038996273229817004, -0.057995281109133004, 0.026858423832467
0.047470501389015006, 0.029619540864781004, 0.07313691872894701, 0.031994507245538005, -0.046008261834370005, 0.021648318603894
0.11067151900902, 0.037504863909508, -0.22533709262389, 0.042307615165789, -0.052437278690463, 0.032086725465146
0.11873562693423, 0.036912794535857, -0.22015480810417, 0.046172973730294005, -0.060730127602196, 0.028792477980216002
0.12874979378229, 0.038805391360021, -0.20998210783652, 0.040156956150459, -0.06117017039506901, 0.031385450178157005
0.15146545267898, 0.037797462076123, -0.20517055732486, 0.045809053191148, -0.06392230387835701, 0.030993076893777
0.12681564435959, 0.038948343865676006, -0.21340953205633, 0.05019081326587101, -0.056938020021853004, 0.028229451779880003
0.12070506877903, 0.037433640222984, -0.20901481688735, 0.05047707642995, -0.052769465297242, 0.029499160804932003
0.12232169016339, 0.037462768349337004, -0.18681422028911, 0.046133622798812, -0.053673175956228, 0.029647081507564003
0.12689093556639, 0.04020772348934, -0.18506027895069, 0.041787800130731, -0.050256588566986005, 0.027234428946146003
0.13475222071516, 0.038196888524826, -0.20429235056795, 0.046649541402108, -0.066692308181466, 0.022880532575172002
0.083714347892499, 0.036562077178847005, -0.11070776809166, 0.040116905703018006, -0.07580997614567901, 0.025454186574187004
0.12511467580548, 0.038789903728859, -0.31140713152953, 0.043845758176571006, -0.06255873649279, 0.030932032243582003
0.10367272325707, 0.034671992792103, -0.21990231805125, 0.044091915621640006, -0.06851489257816301, 0.028803415532176004
0.13743963857303, 0.038725561352971005, -0.17458667581717, 0.039471689776994, -0.05805025078127501, 0.03140208814118
0.11917963923657, 0.036910026507243, -0.20112096139063, 0.044805549459504004, -0.057718337184698, 0.031519028305927003
0.11753377786763, 0.038952910828805004, -0.21311423263869, 0.046188896878455, -0.05459378715406701, 0.031381611119717004
0.11189646689342, 0.035697722354136, -0.18382365494734, 0.050686056723098005, -0.055142402788455, 0.027905834719138004
0.11636332011466, 0.037614481183197004, -0.1931303402008, 0.051223163356146004, -0.058198088874308, 0.027425690015909002
0.12132394371733, 0.037931763152564, -0.22533447398675, 0.052545125468650006, -0.054834789141289, 0.02250122199993
0.12240898950762, 0.036430312261883, -0.19616658588678, 0.051293953387158, -0.06375366809680101, 0.021048782132976
0.079778596511932, 0.034321403314777, -0.054740180756250006, 0.043123809279774, -0.07304495528002901, 0.018862072753626002
0.12599353606697, 0.039984185666629, -0.30770747859262, 0.048545726795698005, -0.06907042602766701, 0.024238732011095002
0.09581566387965901, 0.040115221319089005, -0.24135807722833, 0.05007755947207201, -0.07503200732986001, 0.029395416578427
0.11904113191058, 0.037590226228197, -0.19555308214507, 0.040934230297261, -0.068257722078187, 0.02442578368375
0.11735728729417, 0.036341292589815, -0.19714432804092, 0.049966508847191005, -0.067218584003695, 0.028669092831316002
0.11878391973546, 0.037069682292293, -0.20991093833008, 0.053301378170732, -0.07047670477422101, 0.029314018780688
0.12253719421738, 0.034867669632733, -0.22354922084175, 0.05612172927077701, -0.060987160718742, 0.024739324826640003
0.12727163379777, 0.0421498238823, -0.25837852483716, 0.065276203839917, -0.058434287019765004, 0.025647173222132003
0.13313591935718, 0.034303111538213006, -0.22247141090025, 0.062167913020695006, -0.058727534597356, 0.022330879009612
0.12414949914617, 0.036978688726801004, -0.1865511071629, 0.056812899555975, -0.07761580731136, 0.023619073289392
0.083224493653581, 0.032431483445079005, -0.032970433658914, 0.056096580018776, -0.09204474002997501, 0.021178566546085003
0.1381006626855, 0.041924230647204005, -0.24040675708346, 0.061177431541569, -0.09265349168827701, 0.033167876905758
0.12388278229178, 0.032555522934115004, -0.20323560933396, 0.06464149790588, -0.086855882489535, 0.027814815546291
0.14244615769148, 0.034754635353973, -0.18782851665014, 0.052256810483485, -0.075539821220302, 0.024294718243549
0.13099425520736, 0.032727769021738004, -0.20592227821505, 0.063435698240576, -0.084360651878932, 0.027568380547991003
0.14112016830871, 0.034550192404157, -0.21104019445491, 0.058721428496746005, -0.07393469648833301, 0.022129861084781002
0.13229717975185, 0.033137105849305, -0.19974099301327, 0.059895009347877004, -0.085474646650425, 0.020955673936138
0.12586441126145, 0.037059117510223005, -0.22636294103162, 0.06727766472864401, -0.08303918650433201, 0.019211832307464
0.12722861756409, 0.030122748313214, -0.23889028087006, 0.06037207129732901, -0.06635064309362801, 0.017461550370184
0.115564900759, 0.029309740762519004, -0.21023104976249, 0.062237121030473005, -0.06676270107978201, 0.016556414973632
0.088725576456724, 0.031089304231549004, -0.091721145796815, 0.053248359052264, -0.082376870530165, 0.014376936234454001
0.13084149432201, 0.035346608275337005, -0.31272076620448, 0.058737023349345004, -0.08518290344028501, 0.017227185997696
0.11865654881735, 0.035068299223133, -0.25464375831119, 0.06523827745551701, -0.08815068061071701, 0.018525834068719
0.12808534816737, 0.033572030223803, -0.22917803668365, 0.055011721256411, -0.082214665100948, 0.015219950792289001
0.11534294573737, 0.030857751587534003, -0.2372492355185, 0.06285600077698901, -0.08427734700628, 0.017794914922448002
0.1436757433072, 0.033801424483896, -0.25616256074598, 0.058904352518857006, -0.08295640957223101, 0.015312186215492001
0.13178306359524, 0.032420008350178005, -0.22686923324808, 0.06992573578001, -0.08294675689695101, 0.011592938170043001
0.13832923643809, 0.03676190412756, -0.24437536283634, 0.060513848134126004, -0.07987649839753501, 0.012651163610258
0.09720439437224501, 0.037226719238587, -0.27864915185005, 0.045222456283508, -0.078663913398496, 0.023132395480624002
0.12099460483933, 0.0420410960483, -0.22825163550096, 0.053111252222056, -0.09505576716968801, 0.023383028422319003
0.074676929824928, 0.035025640728349, -0.1623293762936, 0.037417923492719, -0.1102192398302, 0.024990434064652
0.09743469576707901, 0.034103232070188005, -0.15915469899332, 0.039619536220732006, -0.11360895959899, 0.020274677805798003
0.12900124183438, 0.033499259424655, -0.27444930222328, 0.050832572288706, -0.11138227706683, 0.021127544928680003
0.13341932519638, 0.035925847263188, -0.22719912193862, 0.047350606118621005, -0.11984771876944, 0.025090054015151003
0.12793668920786, 0.034890979372812006, -0.21498788858246, 0.054643122919116, -0.12146753629064, 0.027794070909529
0.13231542996659, 0.034831608106880005, -0.1916442572858, 0.061423384406467, -0.12241426051072, 0.027476134413102003
0.12293833510107, 0.035587191731733005, -0.18267688223491, 0.06002752956217001, -0.11601512393985, 0.026768010887146
0.13948170399808, 0.040015538670467005, -0.18737045700141, 0.05642545900457, -0.12953723197337, 0.026967627761991003
0.09863481197227, 0.036140556414034006, -0.222857435624, 0.058410746099771, -0.1517642146949, 0.020849369126416002
0.12716551594805, 0.033928714333358, -0.20065942018499, 0.056682611010269, -0.13607755830985, 0.023979592774901002
0.08378643489814401, 0.041075720793305, -0.11879115317231, 0.060927307816931, -0.14557855733424999, 0.023431494361956
0.09385243469081901, 0.035933413610625, -0.19783997004063, 0.05319010446920901, -0.14424270760614, 0.024060224266524002
0.13097181499755, 0.038227877472439005, -0.23659379357724, 0.060533718139127, -0.15296753237241, 0.029689673958172003
0.12899111543419, 0.037815341700828, -0.2159379948152, 0.051026449788854004, -0.15512711421995, 0.029052488850442003
0.13541407944745, 0.035596001671068, -0.22599290516844, 0.061398594951283005, -0.14361924831922, 0.026611964495487
0.1340835799051, 0.039410783071158, -0.21644578964095, 0.05902947351256801, -0.13406110268547, 0.023595861335920003
0.13861389910625, 0.038266716411652, -0.22020485090272, 0.063094539395493, -0.125604805768, 0.022713539388796
0.1393838718817, 0.039043407876937004, -0.22914704409999, 0.06343377035528501, -0.11735600177431, 0.024980657703829002
0.1343366797973, 0.039071187406586, -0.22385779901437, 0.059173049520678006, -0.12275093758802, 0.02468927791053
0.12368441626993, 0.035261256386954, -0.21479385480965, 0.06495455284129001, -0.13068922296648, 0.029471456759043002
0.10501263053512, 0.040515358430570005, -0.18304790267148, 0.059294239143873, -0.1438530501461, 0.020834170270529
0.12728106255656, 0.037863438487954, -0.31150777810464, 0.063470595793612, -0.12689195814071, 0.023629422819228002
0.11503993295024, 0.038932779285269004, -0.29035484733258, 0.063458281800499, -0.14011880166803, 0.021044803319711
0.1265146731527, 0.038996342177747, -0.25206524538695, 0.060352343324113, -0.13778209645654, 0.023041270427438
0.13379116547761, 0.039155129991257004, -0.26267055871474, 0.059780851849445, -0.12532595363224, 0.019102266205249
0.1259004279704, 0.035059333577035, -0.24697932961925, 0.06292823533574801, -0.1243332306177, 0.024603831111897
0.13572365109118, 0.039231202742743006, -0.24226571270954, 0.06622666744062601, -0.12676445816946, 0.026486119697408002
0.12686806770814, 0.041127035004368005, -0.30280774641368, 0.052183140467293006, -0.13581001093035, 0.02506613292471
0.13209773885446, 0.04593851491491, -0.25746996834167, 0.05020118311799, -0.1377914199692, 0.028513115943284
0.12898798425572, 0.042979208340450006, -0.24794540317125, 0.056658194099763005, -0.14427716113901, 0.029913121505726004
0.10229947111967, 0.044444940753602, -0.18714817281021, 0.05922845524417401, -0.14905853771207, 0.020616742886856002
0.11549478783269, 0.041283404529854004, -0.25144063953977, 0.053218815461286005, -0.15536541166186, 0.025121229129177
0.11210154102463, 0.045780388794498, -0.25284030266847, 0.060676273268027006, -0.16571968659213, 0.026871079349774
0.11756262863956, 0.045569113225363, -0.22818271895194, 0.056026926196323004, -0.17027829650287, 0.030044227609541
0.14253922855407, 0.045431510745208, -0.23147811249098, 0.06190018935751, -0.15333515167757, 0.029888538607032004
0.13336441922946, 0.042742589595476006, -0.2214410844828, 0.059934725688798006, -0.15463906373339, 0.031138397507357002
0.12846919056285, 0.046134355272206, -0.22071251007071, 0.05989107401686, -0.14381859689422, 0.029130126878506003
0.13421590797518, 0.046743741179962, -0.22060254741345, 0.064826759643377, -0.1362964996007, 0.028703003145784
0.13563562657279, 0.046977338001314005, -0.2058350376018, 0.064862876834739, -0.14601378496073, 0.023508168239844
0.12937931177167, 0.044609167877968, -0.15153906883652, 0.060824272320688, -0.14387219855647, 0.024618747583601
0.067177834853495, 0.043452239932348, 0.018390367880288, 0.054005536100903, -0.12151645576745, 0.01409958012386
0.14639780029922, 0.044064715873506, -0.34810036319648, 0.060354024632023, -0.15133015526266, 0.020060477605053
0.142840637411, 0.046185155735045, -0.28671235086878, 0.05913094072227101, -0.15690619798658, 0.022341626358399
0.16939813512079, 0.04719425189061, -0.23812664864385, 0.061548013693136006, -0.143444098162, 0.021052344593761003
0.16320274814614, 0.044531964036591, -0.24329021602921, 0.070533418912813, -0.14403284514076, 0.021412480061442002
0.14325841989783, 0.042253392998742006, -0.25058131806348, 0.069121719907361, -0.12609847141235, 0.018614172165606003
0.15114738352007, 0.043368632833915004, -0.21758447871357, 0.063850153790716, -0.12085375655536, 0.019405535535813003
0.15014367395831, 0.04407090321649, -0.27025738024468, 0.06432641993125901, -0.11059335691044, 0.022436961350100003
0.17097012706632, 0.045483257510791006, -0.23401485308973, 0.063558401968643, -0.11793058998387, 0.023031927284507002
0.1149330617415, 0.044725450016395, -0.13494831320116, 0.05262543118945501, -0.12863335909649, 0.021996057626895
0.13143081198705, 0.040891166822531, -0.14596223311873, 0.065334749206687, -0.11310655606287, 0.020226909200808
0.15903957832406, 0.044359437743525, -0.30544877758086, 0.071348933308473, -0.13497536198539, 0.023248867876453003
0.15671097556118, 0.046823444799694004, -0.25623787968633, 0.061359534963422, -0.13222709302873, 0.028531866591115004
0.16105905051885, 0.041420736571378, -0.25629328921101, 0.063156897276537, -0.1145133239907, 0.029020021756076004
0.17632997662876, 0.039078195381659006, -0.18270187224271, 0.069622780007981, -0.12695859327852, 0.030942737949531004
0.17185895541655, 0.037414818244974, -0.21358893993114, 0.063405489687045, -0.10451117100788, 0.027738044766274002
0.16060830650619, 0.036721168492064006, -0.20635189015649, 0.06649609086175201, -0.095497224049175, 0.027493003463347
0.16098347354608, 0.038713061510433, -0.19450346492798, 0.07104655125285901, -0.09991618213976201, 0.032220392862645005
0.16341668686854, 0.036759462303063005, -0.17578724092539, 0.057292560482699005, -0.09943131618117901, 0.019888693486670002
0.14572813380481, 0.032563163175999, -0.069672943437268, 0.05720965736172601, -0.09677165138328, 0.020040592966316002
0.14916747091988, 0.028163091380608, -0.28996691230885, 0.06563561205925801, -0.093679737665221, 0.02874083293158
0.12956192272948, 0.023443742158682, -0.20700975128979, 0.06127232969342301, -0.07860233287767, 0.024243483475198002
0.15413997032185, 0.029923143422553002, -0.18459985849756, 0.059133323505728, -0.07903296157799501, 0.029837491361655002
0.15203047067969, 0.028492920196654004, -0.16043572809506, 0.064407730234119, -0.08189232728088401, 0.033117635327684004
0.15128647349253, 0.033337180511284, -0.16624020711493, 0.06636407055822201, -0.08440195607881501, 0.03250009986122
0.13392057165868, 0.028340314305255004, -0.19134616147641, 0.057856400947336004, -0.072577587631293, 0.025011203891236
0.13198465363774, 0.033431658862875004, -0.15162963322343, 0.06249083161517201, -0.082842431832232, 0.021634008724018
0.09420147911888001, 0.028603386092651003, -0.14718737994019, 0.056915692906946, -0.11750056106426, 0.019917041145454003
0.0881026835944, 0.030501656147234, -0.019124732997015, 0.06144516227990301, -0.12802960684852, 0.017908712389373003
0.14075023322269, 0.037860416918906, -0.30380558666009, 0.068193383284289, -0.1697221384381, 0.028036868980710002
0.13137900335649, 0.036799010267179, -0.22270790750537, 0.06270555008318, -0.14938949150695, 0.026698166085876003
0.13188848715524, 0.036228791803346004, -0.19814678479688, 0.061319619757248006, -0.14470044713921, 0.029987587270826004
0.14210529471885, 0.035113905931381, -0.17279439232355, 0.06465709288487301, -0.14261959286878, 0.033084272188777006
0.13874512361747, 0.037412555883758004, -0.16725205245102, 0.065287645196242, -0.13778373332882, 0.030107146697312
0.12179535486444, 0.037060551552477006, -0.2215371115754, 0.066369871242672, -0.1366067834788, 0.037471396065237
0.13226509138854, 0.038252164984371, -0.218352640107, 0.066093757859148, -0.12985548006186, 0.0358223396442
0.12103370780201, 0.035737345459985005, -0.20202814316302, 0.066810938878225, -0.12982074108347, 0.032212989053019
0.12587558506567, 0.035443511685958, -0.16208362675204, 0.064978325416714, -0.13483934287416, 0.02529617023564
0.08544471405289901, 0.034376315000787, 0.034307373606481, 0.055374214717321006, -0.13571702515284, 0.029241125409456004
0.15122902608962, 0.043920961525703, -0.26664400048243, 0.060026087787980006, -0.16728458866265, 0.037439232162026
0.1315235601696, 0.040843762609708005, -0.21469165532732, 0.056391764746848004, -0.15969387447233, 0.032591190521997
0.14241314074642, 0.044334483946851, -0.22516250909065, 0.05990389602331501, -0.16376574475848, 0.035619250314062004
0.14492879882408, 0.042989827001690004, -0.19006144762255, 0.06287853607522101, -0.15049366607587, 0.031641356274511
0.14285918384563, 0.040733336451495, -0.19000097171216, 0.07099246340328301, -0.14940873398723, 0.036023563087347006
0.11365777590175, 0.038299219492247, -0.037128273227342, 0.060853143193878, -0.121398882935, 0.024635837307589004
0.040233807236222004, 0.030101791395825004, 0.32958029216367, 0.048437284038893004, -0.0039624898255943, -0.020938681911309
0.013611043837143, 0.058508495673566, 0.015536673952385002, 0.06672812397802401, -0.091296302140246, 0.007575524355673
-0.0070356770735963, 0.046582610137734, 0.14307642252399, 0.068026017368275, -0.0005954223859858, 0.0034117828252434
0.13856517305093, 0.053600587227453006, -0.17907141795805, 0.07144970152266601, -0.09918390905961401, 0.020663186543746003
0.22464082757229, 0.046564877888242005, -0.24626629893252, 0.059638216214914004, -0.10637952497144999, 0.022179546926861003
0.2197997888616, 0.043355416457686, -0.21920191850913, 0.07266319709190501, -0.09622385129129, 0.025809060992559002
0.21056301643722, 0.042266622418233, -0.18490218733412, 0.06563054819025001, -0.081830422571805, 0.025117712073092
0.23075815901218, 0.038759214106354, -0.19282314393782, 0.070805062443377, -0.072613356320917, 0.022502742626891
0.21199594814596, 0.04263632936514, -0.23039611427757, 0.06360335864793601, -0.072614629632841, 0.034239459967441
0.20117035342666, 0.042239038906041006, -0.21265790425097, 0.071269909279998, -0.081191943741538, 0.031266909597111
0.20945565925272, 0.045662999755883005, -0.2328664129563, 0.06947340316273701, -0.06982015645335901, 0.026797258168782003
0.18774573991236, 0.044235105118562004, -0.21022509255055, 0.07138544222936301, -0.07892304016958, 0.027480092253548003
0.1749690240708, 0.049628272896298, -0.18469633259844, 0.070878804933864, -0.08269021496093301, 0.026051111619207003
0.15326933618755, 0.047216625896598, -0.19187549363887, 0.055657832921887, -0.07004139327884601, 0.017557560112576
0.15155819896167, 0.048430845260031004, -0.24279465276098, 0.068829380034506, -0.070520604239309, 0.020291584407703
0.16779162355697, 0.045708586855776, -0.22140439431682, 0.065581159260141, -0.08321642900074, 0.024180916658346003
0.16666734499113, 0.04379960167809, -0.21749373115184, 0.06720014988148501, -0.074321307204774, 0.019862561324866003
0.17296545399175, 0.040765037864854005, -0.21092384807832, 0.06916108742211301, -0.07619042589612801, 0.018808762217659
0.16254611882778, 0.042086058798076004, -0.19696123031124, 0.06901719911140501, -0.080577800469967, 0.01987741275256
0.17141738771026, 0.044438358671541, -0.21494415519401, 0.06898913818452, -0.08410279995604501, 0.017000085182540002
0.14937186092307, 0.04376803080014301, -0.25010792797057, 0.076339063547172, -0.09233358166045201, 0.016408839317866002
0.11908712954079, 0.033435404294902, -0.090658105222744, 0.06792302786538301, -0.10271747402796, 0.0030053466644174
0.14499268017052, 0.043924488161892004, -0.3528698381343, 0.07407576470473101, -0.11270907206154, 0.0055139197869497995
0.14035169580897, 0.036906667585839, -0.22780757488657, 0.06943651444505601, -0.10821009499374, 0.011482502352329001
0.15321951582556, 0.040455578114559, -0.16964632171173, 0.073829862282352, -0.11166543935285, 0.013998105314281
0.15563679017944, 0.038503811210194, -0.20105127963079, 0.074764084798705, -0.11765266316941, 0.017396553124747003
0.15663768948074, 0.042013050270503005, -0.19773688660396, 0.08172982754902401, -0.1058393305843, 0.013051391050476
0.16309180103075, 0.03961189719705, -0.2017171451938, 0.08164820490322601, -0.10414668992964, 0.011555802953287
0.15175028018284, 0.040254172096336006, -0.23292574114595, 0.08292226422590501, -0.10957370096561, 0.013142509143697
0.15226894380818, 0.036178652749333004, -0.22332452362783, 0.08712821946813301, -0.10453907908622, 0.014184344224127001
0.15144498950424, 0.038778000924581, -0.13865822141115, 0.082674871349893, -0.11136675763567, 0.019975439527133
0.10945819798398, 0.043037083182294, -0.14237569044844, 0.061036170462351005, -0.13683517068582, 0.022911576082073
0.13257274552054, 0.04110401389813, -0.18334811410186, 0.067983210698857, -0.12981337009511, 0.017473228568542002
0.1355803349756, 0.040237947541175004, -0.20298334459476, 0.07870462356364001, -0.1479561740383, 0.023591760927427003
0.15152232608232, 0.038920181067342005, -0.1872401281996, 0.06780079274026801, -0.13835398101415, 0.030141023070737002
0.13415520347407, 0.039674845482741, -0.19661424102211, 0.070298737582228, -0.13741009336902, 0.024118160723223002
0.14735824382049, 0.040961532154874004, -0.17211339054355, 0.071741338721899, -0.12891266347835, 0.025321538442159
0.12580166265141, 0.039829052324453, -0.16335785570927, 0.07886669031830501, -0.1262708634231, 0.024829040353739004
0.15420194820382999, 0.039344449464599, -0.13013291804923, 0.07805545584944501, -0.12187851910812, 0.02502170273866
0.16128026395886, 0.038931846786955, -0.14333084636721, 0.077348123375808, -0.11875161715647, 0.027350226303488
0.15207963938685, 0.044394728639818005, -0.12677807519184, 0.081332500236658, -0.10711798871025, 0.028589259429496004
0.14394763537588, 0.038262852758839005, -0.09114131503422901, 0.070582866131631, -0.11378849636363, 0.019303680561605002
0.13783947190051, 0.040016254937523005, -0.024173700705555003, 0.068962202656615, -0.10645814715801, 0.027012915807993
0.1676172909903, 0.034386575576638004, -0.15861367770402, 0.07398368415444201, -0.11106507591595, 0.025458625491744002
0.17062187664285, 0.03579321972565, -0.16059159230002, 0.07319861636538101, -0.095264763912055, 0.028027313746747003
0.18363858659631, 0.036192174386787006, -0.15592144432633, 0.076797626728394, -0.08770095031538801, 0.026840999300626
0.1695494473165, 0.039072770388547, -0.17461860532893, 0.07435766010983301, -0.082329770133861, 0.024230212643426
0.17212164789633, 0.034389168433575, -0.16605160383255, 0.081647063221816, -0.08570764230409, 0.027349278681034
0.1754558196804, 0.040615828065896004, -0.17720896847374, 0.08393782408231401, -0.080650605023767, 0.026896448206332003
0.17372554057071, 0.037787292600866, -0.19402681301776, 0.08262653037341601, -0.085891404520214, 0.02596965946848
0.15794491911453, 0.040295249008049004, -0.20474184411163, 0.079894908348036, -0.08454887995363501, 0.016982802011268002
0.14388900263586, 0.032549627435647, -0.11042766870775, 0.072321439954208, -0.083730385434333, 0.018210563049942
0.1593180750374, 0.036201416510112, -0.27381686149992, 0.08742996999262201, -0.084887533337499, 0.015754254429636003
0.16942651534196, 0.031434918252181004, -0.17413903576594, 0.08282263233381, -0.09764672844121801, 0.015375236813565
0.17397354090965, 0.035924407079818005, -0.17100767853905, 0.07908952282755201, -0.079674124690934, 0.020420152989963
0.17097750232641, 0.039376659471242005, -0.18944667804469, 0.08384782653120601, -0.078671723867392, 0.024653285842882
0.15854915374521, 0.039071412793584004, -0.19301517155553, 0.089093752502338, -0.08410269355215101, 0.023855689939231
0.16549935196085, 0.033142258312758, -0.18298182199098, 0.086929752312948, -0.08619033514157401, 0.01462558955643
0.15708987775903, 0.031424034402553, -0.2001859083342, 0.08601290862883201, -0.1012733222713, 0.014103305221746002
0.11204900470451, 0.029719735949285002, -0.19027042531728, 0.085551501256695, -0.10075642055267, 0.0007521787765485
0.13350951709753, 0.035519153976137, -0.25542189667725, 0.079529663910998, -0.13370023281456, 0.015454202735522001
0.13010345913042, 0.036791363730886005, -0.31757986982777, 0.08962492905466601, -0.13774354754204, 0.011503239659161
0.12676016339361, 0.032065800328903, -0.19086664869661, 0.080266125524554, -0.16862428973248, 0.013539596474120001
0.13656125148411, 0.037872677848377, -0.21392737983224, 0.084640251903475, -0.15893451039883, 0.02058226018858
0.13271179458234, 0.036258376419341, -0.20010665791557, 0.07695940160188, -0.14246470613225, 0.025135987445175003
0.15235222544374, 0.038526472335094, -0.18372415396872, 0.079774330595719, -0.14887099700683, 0.017808830505359002
0.14142730147262, 0.040846002234306004, -0.20693113492011, 0.075584145497471, -0.15370733139627, 0.018235091998280002
0.13729908677392, 0.040406398793857004, -0.19289786640647, 0.08016624997805301, -0.15994062397875, 0.016704400732515
0.1519099095374, 0.043543286486021, -0.18900015790925, 0.07511874105719, -0.1661101701257, 0.016987708632644
0.12990475750594, 0.04237033265403, -0.18129856222888, 0.07265734999721801, -0.17157766699931, 0.011546797961132001
0.12273483738268, 0.043427933889529, -0.09423831002282801, 0.07372420801958801, -0.17193338757922, 0.013010327689584001
0.13126149240185, 0.044444889651851005, -0.28792068971631, 0.077273267161414, -0.17721502742199, 0.017219551001919003
0.12830336485063, 0.044242096810622, -0.17471750645897, 0.075305170087528, -0.17628035241508, 0.016663956009888
0.14552198869629, 0.045866847393005006, -0.22468182625926, 0.08103508946026, -0.16424231393849, 0.023202571191238003
0.14253929945093, 0.042968750348344006, -0.23512130855005, 0.076460727375611, -0.17063916764408, 0.020433069081702
0.13799573453055, 0.046868940199188004, -0.1939871427055, 0.07592238320738001, -0.1658640476368, 0.020822716128394002
0.13806594556613, 0.042623721415593, -0.21075415180728, 0.07545996216393, -0.16856333891617, 0.022497015358285
0.1534334931659, 0.046022614402053005, -0.17990295390659, 0.077817976146015, -0.16521700920045, 0.014645503392928002
0.13707280392206, 0.044759545492248004, -0.20640585393931, 0.077342141563325, -0.16271585547431, 0.019690275022323
0.13139435194, 0.04651397127785, -0.19832767488582, 0.07543275183773501, -0.16176966650503, 0.011452601810427001
0.076415405334677, 0.048200723750281005, -0.057491366726338006, 0.069977260653412, -0.16409144562225, 0.016950046483504
0.14647157375175, 0.048374281885707006, -0.34914420623602, 0.06908646455471401, -0.15608021927243, 0.012513421654935
0.12917863675862, 0.047015150766174005, -0.22930142360128, 0.066498293534895, -0.16128727461694, 0.018890897443123
0.16445206565479, 0.049815038091838, -0.19420883095095, 0.074318479869265, -0.16214962746321, 0.022278242541138003
0.15910549547086, 0.04517110489999, -0.23366407516289, 0.071750002378, -0.15836707645372, 0.032498292003112
0.15851326579675, 0.041618960967556004, -0.20700014379278, 0.07552169923541001, -0.13373939863285, 0.028200372037343
0.16997620207776, 0.039969589789451004, -0.17831463340997, 0.07391225088237101, -0.12710541632004, 0.029414955463373003
0.16033984338174, 0.042375731027677006, -0.16669664980194, 0.073720636452624, -0.11593882983286, 0.027701254607589
0.15256442318818, 0.037780347746797005, -0.16164715835221, 0.072705863288341, -0.11806468120607, 0.027304266699278
0.11477422650755, 0.039087013545819005, -0.11791390836826, 0.08219635719441501, -0.08364912158003801, 0.016253902194905002
0.15336343917361, 0.037017879495152006, -0.21441742203422, 0.07939763585103901, -0.09351300199020901, 0.018676023498848
0.1631891453727, 0.040927651517836006, -0.20130548570106, 0.077470520915044, -0.11225659044431, 0.022457833572296002
0.15378039542084, 0.040876959379765, -0.16197975383139, 0.07250205364607701, -0.10783267219219, 0.022943628337139
0.15265391496274, 0.039524276014908, -0.16605386801968, 0.07937034942116901, -0.10168508902253, 0.022920278248123
0.14827416813580999, 0.042478151793204, -0.14793817531083, 0.079337527498157, -0.09995390163840001, 0.022011479712743
0.16234037373879, 0.04322420895383, -0.17635966145363, 0.08453010143271701, -0.10367296874381, 0.025359997602457003
0.16271906383295, 0.04243042083811, -0.17954525501152, 0.078667098358236, -0.10075278777248, 0.01125563796214
0.14306284530695, 0.04515861597898, -0.16001587973262, 0.081441261531497, -0.11416583133343, 0.018039802479324
0.11490532693015, 0.045278950064372006, -0.074032370100523, 0.07174349193676001, -0.13549440179462, 0.019484569028573002
0.1524592987109, 0.045916105182371006, -0.22156275492897, 0.07735903636765, -0.14648217326021, 0.02302384567613
0.15654746441676, 0.047724661194528006, -0.28157613390432, 0.08993345447063901, -0.16006045083583, 0.0084732587274675
0.15109523073858, 0.044430612322897, -0.20764091743515, 0.082560872927136, -0.16378830059, 0.015901750983947003
0.13905474407426, 0.046418977568430005, -0.22206303810131, 0.086978474146923, -0.1572755249841, 0.019666289640789
0.15231471030483, 0.046491630766515, -0.20349266168141, 0.08193632935681401, -0.1536970284585, 0.020585678443431
0.13918070120379, 0.044489184545529005, -0.13139309783589, 0.08473982162000901, -0.14681881684608, 0.019145237580705
0.1481309543295, 0.045943598684293006, -0.20037378851941, 0.083116129156952, -0.14988269969474, 0.020615393695517
0.14387558460686, 0.045666026752092005, -0.15384276873057, 0.078326515304265, -0.15876470221757, 0.018502232491213
0.14856985603487, 0.048585403792706004, -0.18779905773812, 0.08997831093035101, -0.16739151333842, 0.022952774995915002
0.13156359378082, 0.04263661648169, -0.20768036227406, 0.07754905394750501, -0.18326511540076, 0.019999062104309
0.13428470203769, 0.045492268486825006, -0.16797022488999, 0.08606857363582501, -0.16742667082729, 0.022257803370004003
0.16038350113587, 0.045676259446728006, -0.28615816979244, 0.099234991792192, -0.16645179393366, 0.020201300614181003
0.1362072259768, 0.046421140441861006, -0.20815421186935, 0.085252716966929, -0.15343150530144, 0.01554544945885
0.14907215015532, 0.042370243739238006, -0.20604081909271, 0.091635154171411, -0.14449773837701, 0.014390010748685001
0.15595965590706, 0.045338296854995006, -0.21177013093093, 0.08774031603684501, -0.14749405125604, 0.02111756181879
0.15269844520146, 0.0441761920708, -0.1875864899209, 0.08612002653372901, -0.14276819723511, 0.015871926407745002
0.17672282454307, 0.049501075130805004, -0.16831166584191, 0.085655718344496, -0.13936422830692, 0.023852002377689002
0.17520550515392, 0.049098895810751005, -0.15422744601888, 0.07809453382728501, -0.14015288250086, 0.023091424272909
0.16512624268052, 0.046884172447926004, -0.15574799466526, 0.078989789175611, -0.12643347431643, 0.022349751115948002
0.15462757229131, 0.041495970110085004, -0.16955077122126, 0.08908304750737801, -0.1231553151486, 0.021329495934671
0.1470924931636, 0.043750541078672, -0.055902473248798004, 0.085202070498279, -0.10534331759589, 0.024786169205444002
0.18340565233425, 0.039123254952466005, -0.22427047636903, 0.084584768771971, -0.11361499650925, 0.022343515030177
0.17106056235447, 0.042058627578043004, -0.17735600577844, 0.085948147152291, -0.1198341155265, 0.02321195559378
0.17185745779025, 0.04370840147325, -0.16169632496714, 0.087937887630412, -0.11549115120235, 0.020359127740205003
0.17172117967734, 0.046520534954946006, -0.16455927063708, 0.091275253129765, -0.10589505609379, 0.025371233535724003
0.16137787486552, 0.042945980213572, -0.14983981199955, 0.08784756717558401, -0.10398194232336, 0.016529762408736
0.16794376709579, 0.046844974962374004, -0.17853804916454, 0.09409490149647501, -0.11205649258764, 0.022936256489608002
0.16998214748334, 0.042296116184015006, -0.19264201493581, 0.09427243295182501, -0.11574391678385999, 0.014885110997112
0.16564712414099, 0.044552727659639, -0.18522680241115, 0.094001429410709, -0.13066523331888, 0.013847276073067
0.13412083232498, 0.046071590926529, -0.062988526902714, 0.090989174161475, -0.1271193576316, 0.005335271575962
0.16352910944287, 0.050384760148283005, -0.29133895155614, 0.09493997766480701, -0.13246405841186, 0.0070521013987614
0.15017732494104, 0.050837733930503004, -0.26757791384403, 0.099114774816002, -0.13669001930333, 0.0088353586125727
0.16846750490362, 0.048769358268881007, -0.21687860603874, 0.09378318490248101, -0.13987243137475, 0.011314194720583001
0.16944310925547, 0.048922423088881006, -0.25772682809065, 0.09421750398701301, -0.13876329147287, 0.014856887953261
0.17120748153731, 0.050461101311861004, -0.26158098700785, 0.09467250761819, -0.13195554048767, 0.013927540420769002
0.16006841190032, 0.053643198854573006, -0.2532726507234, 0.10104632305373, -0.13230079177739, 0.0083536807785965
0.1587763863407, 0.052468193533562, -0.26342180892551, 0.10000591742494, -0.12445964911635, 0.008103028823339799
0.17058585653265, 0.049189658828067, -0.25174935508733, 0.10091305056293, -0.12742245681598, 0.012271259759019002
0.15625834599501, 0.048901932532743005, -0.26589580404232, 0.10695822107661, -0.13394113489772, 0.013865166006104001
0.13562697911639, 0.043934702597928005, -0.2343492340585, 0.09943496247622101, -0.13523594730482, 0.0029997323705622
0.13271752702672, 0.038737690265482, -0.21410691778208, 0.10238064391148, -0.12273751707568, -0.0004511410655009
0.17293176600796, 0.042801279405277004, -0.30144199086874, 0.10614226071677, -0.12256308943297, 0.0025670545017217
0.16007930904981, 0.045120080219612, -0.26035168899428, 0.09961574290068001, -0.13217076053576, 0.010856625394740001
0.17990545118493, 0.044900111149671004, -0.2667939983099, 0.10147580559899, -0.12006573264094, 0.013091315637285002
0.17721315245154, 0.043897268326029006, -0.25742120577136, 0.10314523288562, -0.11810513859178, 0.020793946231407002
0.17727964367976, 0.042541668428803005, -0.24580128213111, 0.10438247443204, -0.10473990646804, 0.013822959553138002
0.17821867946572, 0.040364463231824, -0.26557697819307, 0.10729857461926, -0.085905454449201, 0.014299019812171002
0.17743638407322, 0.038935499918612004, -0.23932472223672, 0.10356416557452, -0.10196328499848, 0.011820975822568
0.1838449312227, 0.038947508977259, -0.23216054146765, 0.1032412885471, -0.11569049810978, 0.013616047572171
0.11563318524924, 0.039369132202369005, -0.13904985153634, 0.089568209371123, -0.09915281904942401, 0.014014575105511
0.16632768462068, 0.045975249210245005, -0.29757724039456, 0.09205943152678, -0.10223655420644, 0.021957554719873002
0.15718833114174, 0.043816528484905005, -0.22983115646829, 0.09346402296356401, -0.11936647559191, 0.019945238019497002
0.15791411618826, 0.042129057155887, -0.19659876798826, 0.08758148191089901, -0.12458371441324, 0.025048157838784002
0.16135752379155, 0.042576307279745006, -0.20963363560269, 0.09073762482905101, -0.1103331281198, 0.018328508861635
0.16977211975589, 0.042056009537839, -0.19220394641406, 0.087641494608793, -0.10388196844301, 0.018305232113811
0.16931783410571, 0.044809661271398, -0.17015964404041, 0.09605921436414001, -0.11030211099492, 0.022216483852914002
0.15927599357972, 0.04122167879659, -0.22058191485927, 0.09973731244936901, -0.10708971376542, 0.018290983154281
0.16730939777546, 0.039573353673508005, -0.17987985384829, 0.09790967962941001, -0.11853304461229, 0.014503983506056
0.12853527909599, 0.039107734069939004, -0.10788505854386, 0.09585833962539, -0.13254008977209, 0.010939942750156001
0.14089524717569, 0.043978724191966, -0.25728270345211, 0.094574268060176, -0.13349184976327, 0.01614213281668
0.13141747343923, 0.042296615215985, -0.2027683444632, 0.10033162789969, -0.14064360617529, 0.013424338708085001
0.16714436815714, 0.042840131340171006, -0.19531478462882, 0.09281655777792701, -0.13656301698506, 0.014269120529995
0.1598833483244, 0.039735917205094, -0.20345019407608, 0.09694508669717201, -0.14047184027704, 0.012403374966236001
0.16683447601242, 0.043082196896465, -0.22679748216278, 0.10404860642549, -0.12975485156283, 0.016297830646948
0.15491499270602, 0.041207679083886006, -0.2057408709524, 0.10105786581786, -0.12117668987474, 0.011894844774397001
0.15421986270197, 0.042666369208827, -0.21066627632713, 0.10604485716129, -0.12198987361986, 0.009389082660716799
0.15672044205431, 0.040303415832184004, -0.21558919961402, 0.09913128099097401, -0.12413104265214, 0.008002705114125699
0.15846297713956, 0.043161912928624, -0.19862576725606, 0.10042920572927, -0.12974952431834, 0.0055429977519883
0.1222900503999, 0.041664488794617004, -0.1392269030899, 0.09223710369198301, -0.14111976993135, -0.0015353931677550999
0.1428163184631, 0.045070561989122, -0.30338057514782, 0.10011699587803, -0.12121888970496, 0.0052079167700505
0.14001647244436, 0.040885643903338, -0.23556061792107, 0.10235929717922, -0.1315354041647, -3.75820062223e-05
0.16049601521691, 0.043574566909441004, -0.22229873162993, 0.10015692310857, -0.13440101930314, 0.0067901678047887
0.14461564901175, 0.041507665896409, -0.23269214162709, 0.10336771013264, -0.1278322162158, 0.0058631229770785
0.14959299508978, 0.042909821345579004, -0.25185833210641, 0.10420322660961, -0.12074912341923, 0.0058619508847759
0.15743559224978, 0.040932579916276, -0.23408163825136, 0.10394241223957, -0.12106844978244, 0.0030062684551235
0.16281132881398, 0.04472298322872, -0.22810609984451, 0.10785695131317, -0.11581590140845, 0.0019945609500754
0.17726707037978, 0.041210921848979, -0.24811597081018, 0.096961492666172, -0.12238695267338, 0.0004942027417371
0.13354043858125, 0.047458968783556, -0.23867384107764, 0.096025665489362, -0.13420247782094, -0.0025431080149662
0.10020090132101, 0.040942121911902, -0.067133162698604, 0.09674957994581401, -0.12327836085233, -0.0086075234428488
0.16352926290362, 0.051464526904401, -0.35143238536592, 0.10945220747675, -0.13461765825454, 0.0011317998117723
0.1545013633532, 0.045300496544054006, -0.28035261448006, 0.10287753210143, -0.1316927520948, -0.0018599601617879
0.17504924516458, 0.049847253462891004, -0.26888071745234, 0.099695237761484, -0.13466333583044, 0.0064708136643053
0.16401841362415, 0.044640505726469, -0.24314823205588, 0.09993424527891001, -0.13013605661632, -0.00021254389661609998
0.1633311215453, 0.049329078294678, -0.26935613798614, 0.10423726842739, -0.12461105941457, 0.0025855215930757
0.16390350596208, 0.04645453602773, -0.25729191023185, 0.10349206015613, -0.11775108545669, 0.0057788550511001
0.16475448717229, 0.045276227907881, -0.24573449125433, 0.10452609259383, -0.12860227142253, 0.0034875356031014
0.1667437246401, 0.046974105089754005, -0.25599918736084, 0.10470199801728, -0.12376514145376, 0.0029313614803220998
0.13195566412562, 0.047104242951004, -0.22538635895923, 0.097970045397958, -0.14049395088479, 0.0071788476295264
0.14765165517343, 0.04624256555244401, -0.18525127778079, 0.09260985389739401, -0.13666271500307, 0.0054952038689796
0.17202080227259, 0.047922872140266005, -0.32308029691842, 0.09604443739802401, -0.13584171603843, 0.011569881167245001
0.17077883571346, 0.049908056391960005, -0.26954723613755, 0.09818014184506, -0.13429437387028, 0.013649317137769
0.16850774721932, 0.051012062585694004, -0.28721297353789, 0.09264216078888501, -0.11654517804646, 0.011334024492156002
0.1599757297159, 0.044535901241885, -0.24646979798773, 0.09939350823074, -0.13101687086881, 0.010675515462939001
0.18342874658416, 0.043521990880464004, -0.26245433970674, 0.1016302551264, -0.10422111355642, 0.015218335242163001
0.16789988055524, 0.050100852976355005, -0.29920047668673, 0.10231978787514, -0.10402713965029, 0.017479315048269002
0.18094705888339999, 0.048653030742539, -0.24467218879014, 0.097722355530551, -0.095366947520214, 0.014333380241734
0.19262846417939, 0.044050746929438, -0.25010487818888, 0.09895122677515601, -0.10705537778995, 0.014682575225002001
0.11725422992033, 0.047130166845750006, -0.090322872779741, 0.099720623099688, -0.09895804808536, 0.012290665069719
0.16392097396552, 0.045185830218961005, -0.31072690571731, 0.09697749038297401, -0.09058922106337701, 0.0071132016289902
0.15319380756685, 0.043600499502693006, -0.25233700383657, 0.10409617759047, -0.09721767208932301, 0.010806269037137
0.1698019589166, 0.043483625981345, -0.21869688763997, 0.09517435677071501, -0.099520359902451, 0.013407528593663
0.17137789051282, 0.046128486607166, -0.25008987915373, 0.10031518541241, -0.08767800187109301, 0.015664388395868003
0.16148893775104, 0.044914543770708006, -0.22785695563543, 0.10174517748424, -0.079653617643758, 0.011890359938037
0.16365058438126, 0.044927734946625004, -0.23114190803338, 0.10814375119632, -0.08109365007586901, 0.010529693103343
0.18326979711675, 0.044259686658026, -0.23507221729854, 0.10733226992464, -0.084954842940062, 0.015712734156533
0.16342051251442, 0.040148779495894, -0.23202447692476, 0.10879038363316999, -0.08746329613709701, 0.010743494510053
0.14175255600177, 0.044209912771417004, -0.21088575698057, 0.10276326226087, -0.10638118720502, 0.0095862030446776
0.14083636915996, 0.042402399116224, -0.2139630454661, 0.099829372852583, -0.10019632949277, 0.0034208941403424
0.1716621251048, 0.044360743229012005, -0.29923989474548, 0.11609366183278, -0.10543805804775, 0.0082135928994586
0.15633884149366, 0.047332110630248, -0.24907371857555, 0.09939390125549101, -0.10632409656092, 0.012159138700245
0.16576275987787, 0.043385277996429, -0.26001289867346, 0.10697066147816, -0.09150857518595601, 0.012531449236738
0.16218051193811, 0.044229078182483006, -0.23030522010057, 0.11330543297724, -0.09624885052647, 0.013346548446909001
0.17030977397956, 0.04392450462954001, -0.24113309237492, 0.11370062957921, -0.10419346188885, 0.011032020443608001
0.18201706857554, 0.045094978417225005, -0.25533952257797, 0.11346167047691, -0.10235136500167, 0.010172056952223
0.17311429953219, 0.042773559283719, -0.23515027924566, 0.11251462429041, -0.10131571043895, 0.011968369053616
0.16716013705595, 0.039826559248454005, -0.23062191782965, 0.11129130743062, -0.09869458108659901, 0.0016345056277009
0.14486343106789, 0.040441890106329, -0.23141572406038, 0.10370065777796, -0.1167536594148, 0.0045369861100197
0.12686069373583, 0.036193861028748005, -0.13143631885154, 0.10614948267584, -0.12085015423925, -0.0006043611812931
0.17265136615855, 0.046079855741925003, -0.34925260396135, 0.11854972338762, -0.11903016320324, 0.0056028580162805
0.14014895772534, 0.041821966768742, -0.31004653418206, 0.11618343702965, -0.10954882931611, 0.0043178634755957
0.17514595645155, 0.044371692666477, -0.26672146565426, 0.1171461850214, -0.1106199122003, 0.0036954336282289
0.18247785765034, 0.037020148678065, -0.24932421917446, 0.11499197114668, -0.081023154964781, -0.0003551189331355
0.19286202443183, 0.042033121694536005, -0.22510420505118, 0.11952884587131, -0.10154974574659, 0.0069872928875489
0.17453951214534, 0.041070338753231, -0.19738606055014, 0.11336063751839, -0.10985821339887, 0.0084695901897772
0.1773827318817, 0.038113679737951, -0.18798115484841, 0.11608039726942, -0.11063275762818, 0.006558237157705
0.18115820894771, 0.038099987641506, -0.20110302272216, 0.11884888897657, -0.10829200876877, 0.0049591579849323
0.17568267850008, 0.037254634384449, -0.18036864788211, 0.10880028478335, -0.11375225863242, -0.0012415589727237
0.14194965815198, 0.038587337927938004, -0.07228349568506001, 0.10824579740356, -0.12856537989226, 0.0051328944798996
0.18826183209876, 0.044686903865759006, -0.35822628869146, 0.11957529247592, -0.12793573055555, 0.010139230122518
0.15789277523961, 0.042693579430116, -0.24541185102926, 0.11335035726039, -0.11279418809107, 0.0059144258037636
0.18106993404245, 0.040844239003145, -0.24853714373775, 0.11459602600146, -0.11982468121712, 0.0036775393970504998
0.18030978519773, 0.03803906776048, -0.2268339168074, 0.11964733223527, -0.11099040475512, 0.0060592046925814
0.17850472970123, 0.040814071572007005, -0.24478823706364, 0.11908826589309, -0.11489202944177, 0.0034284967752625
0.17356023603221, 0.039125369213382, -0.23947660251149, 0.12007163186529, -0.11456850765456, 0.0058839841532082
0.17236090407596, 0.040923015968515004, -0.24935889882155, 0.12491788098526, -0.1098609969678, 0.0044053479563412
0.17315479456721, 0.039936990934298006, -0.23731930625198, 0.12021687991293, -0.11256073750721, 0.0035332792536831
0.16036318749169, 0.047841938365445, -0.22508555601107, 0.10935078124915, -0.12123470434992, 0.00091301478558
0.13575462958476, 0.042137717726762, -0.15921816387264, 0.11251439999486999, -0.12824831825678, 0.0006902619352882
0.17725785074991, 0.049434860474366, -0.35683711761335, 0.11713981787127, -0.12380632114242, 0.0009014974843786999
0.15769462291437, 0.044107894754895, -0.26509881225395, 0.11867356098277, -0.12342626456453, 0.0023510392924738
0.18999077101722, 0.046901825603438, -0.2722819584284, 0.11041660385152, -0.1139255598803, -0.0018012191139716
0.18088165704504, 0.047577072864906006, -0.25411514356809, 0.11821121063122, -0.11791862245516, 0.0006065321280613
0.17846591452455, 0.045221558151552, -0.29851924595779, 0.11803914509454, -0.11594427926178, -0.0005298354670053999
0.16703963081833, 0.046085719668259, -0.27032770867684, 0.11841238181565, -0.11511921458911, 0.0030777600550063997
0.17036978442777, 0.04540474801837, -0.27686709207689, 0.1243309679485, -0.11665701635933, -0.0045434510965542
0.17408803285921, 0.042922318182601005, -0.25363589198717, 0.12553211681554, -0.10967917415726, 0.0001434457171939
0.13803017467055, 0.046036207466459006, -0.17269114282894, 0.11845901825094, -0.12255256255771, -0.0018844174198118
0.16462229591349, 0.04585767131315, -0.33422542990563, 0.12076865976429, -0.12244669774832, -0.0007949450606961
0.14653119182928, 0.04613672840856, -0.3112750923689, 0.12331943331747, -0.12764099925209, 2.6519615923e-06
0.16897311125541, 0.048201059464981, -0.28419333992821, 0.12228824948787, -0.12021801357425, 0.0004769406035532
0.18840475628474, 0.044494767901413004, -0.29087280463981, 0.11950450851965, -0.11740092783123, -0.0016609484118907999
0.18597954503987, 0.043948281004851, -0.26766941439179, 0.12088740661284, -0.11168117000926, 0.0022973017885665
0.18445942339613, 0.045141410107805, -0.27043342002112, 0.12380368857547, -0.11643174377583, 0.0024436707975075
0.18742760277879, 0.047570747789254006, -0.27001309697543, 0.12275097305723, -0.09689272210519201, 0.0023547815691133
0.17979450716608, 0.048360591635821, -0.27077637748146, 0.11825876660397, -0.10775312872321, 0.0025033140651107
0.18862539627111, 0.04830343834134301, -0.26362115665282, 0.12121312643474, -0.11830711592341, -0.0036535156728606
0.15885951067161, 0.045183478792197, -0.18395806637867, 0.1193352040516, -0.12556698796245, -0.0032967624104349
0.17040741878106, 0.049280436234221, -0.33979832769375, 0.1210209834077, -0.12548994611353, 0.0024702186276509
0.15394383758152, 0.045416385569848006, -0.29304497068895, 0.12567853680444, -0.11290858820417, -0.0068443017804858996
0.16682621869393, 0.047700507542762005, -0.31217552257893, 0.12024404978336, -0.12318420707816, -0.0033806599994759
0.17253223214503, 0.044186587720289, -0.31340904264997, 0.12230093045293, -0.10983781704435, 0.0038212120698998997
0.18374144591349, 0.048175165978758004, -0.31266735951888, 0.12383581552229, -0.11850718347139, 0.0032301768750248997
0.16995874869805, 0.04435402167366, -0.27840897419962, 0.1222155369034, -0.11871963440042, 0.006582208663681
0.1909554208735, 0.048128808458573, -0.30496423906748, 0.12606334498502, -0.11581678028026, 0.0026432471001580997
0.16987187254495, 0.048450212489583006, -0.28958889910476, 0.12249933698132, -0.11407185936451, -0.001042070524651
0.17353254277178, 0.046585653326842, -0.29213165332689, 0.11964386687626, -0.11881850812258, -0.0086426437588581
0.13890390261443, 0.03923619361931, -0.1583060171959, 0.11622079585364, -0.12083385192797, -0.0072072945730902995
0.18217439358614, 0.046975845407920006, -0.43250826725552, 0.1226174231154, -0.12599278998248, 0.0024411986296491
0.15895459956092, 0.040803515858606004, -0.31487705790528, 0.11657532478762, -0.12362229402432, 0.0053140776565325995
0.17211980191435, 0.045113402030169, -0.2834811456584, 0.12331561731563, -0.10888717049861, 0.0056170566845352
0.21180296095931, 0.042190426142951, -0.27986440075719, 0.12511254902311, -0.10592603348968, 0.0051249179796178
0.20332925841048, 0.047822192076987007, -0.31378049366587, 0.12370029828177, -0.09725990217845101, 0.0059039009169375
0.18504786863733, 0.046147293641565, -0.30901154620464, 0.12442689317982, -0.099550990758151, 0.0023588311617906
0.19279350948358, 0.048642592824206, -0.28352155901852, 0.12240501611764, -0.08563560742567401, 0.0075246583786519996
0.18615717015309, 0.043625305193572, -0.28855374733325, 0.12464403463998, -0.09250436174398201, 0.0094831114605396
0.16350203256679, 0.045759088417562, -0.19212874654313, 0.11589925147338, -0.09852730245662901, 0.0038426317235628
0.18194090287656, 0.046524119285056, -0.22354412056764, 0.11425377496621, -0.09279593357676301, 0.0079411648425266
0.19610504774238, 0.046789760718070006, -0.29250300440565, 0.11829884333758, -0.09312297930757801, 0.011742594784131002
0.194077904249, 0.051150426632414, -0.29842964057911, 0.11855123342151, -0.090134791234259, 0.0074887640687907
0.19846991808251999, 0.046469229301626, -0.27999675056539, 0.11988897573511, -0.079207220770977, 0.010830531690846001
0.20885507802832, 0.04636507016505, -0.27138776653964, 0.11660822028688, -0.07312725898929201, 0.015646908346975002
0.20232539036627, 0.047481245141420006, -0.25511700081065, 0.12422403115999, -0.065938570663225, 0.015422007683332002
0.19342993647861, 0.045825977521860004, -0.23241490076832, 0.12019193401463, -0.06697946707824, 0.017558725167683
0.19586453898453, 0.041219087793644006, -0.23907514048994, 0.11527487039048, -0.058869081483424006, 0.01417035340138
0.13545624124926, 0.043046438726248006, -0.12227104857637, 0.11429303823725, -0.059079672953178, 0.012775022809723001
0.19071752327696, 0.043973042151438005, -0.30196463810008, 0.10963513696736, -0.050162760147297, 0.0083785204121466
0.17271049903328, 0.040843099752917, -0.28568501227568, 0.11233784918382, -0.075081401110436, 0.010200568104591001
0.18307068897282, 0.047061636613891004, -0.28696412571367, 0.10914207148669, -0.069052828476069, 0.0093346363295191
0.17836514136208, 0.042090682555307006, -0.27287321825836, 0.11194734207769, -0.062790071967068, 0.014517736344877002
0.19459801587588, 0.044820027539959006, -0.26417310988856, 0.11536436229327, -0.057625028950944006, 0.0092529679743243
0.19700246683805, 0.045514399544822004, -0.26050166060172, 0.11224132096235, -0.058130112645908005, 0.013488112504123
0.17936131822259, 0.045191392640928, -0.30495178533551, 0.11429197488641, -0.064776855638092, 0.0065908119997536
0.1608990710038, 0.045651040554772, -0.29511649972371, 0.11059251771712, -0.085998701758938, -0.0020601154569796
0.12243373370254, 0.04210029693518701, -0.17486532062488, 0.099256739269859, -0.11031605489906, -0.0029453222578178
0.1693429334461, 0.047382752674935004, -0.34648320156437, 0.11284120977153, -0.1477600664422, 0.013933408484616001
0.1798915111795, 0.04587306107919201, -0.31965813592209, 0.11658169672995, -0.11594507699095, 0.0078535917234223
0.17775791598478, 0.038910344275919, -0.27643949147833, 0.11677584066796, -0.11756738320493, 0.017300304847827002
0.17762294999662, 0.04671264070363201, -0.23338742902138, 0.11548702081857, -0.12923511085086, 0.021640791224907002
0.1800087861326, 0.044272715591040006, -0.23693553447874, 0.11357510244356, -0.1366632589723, 0.018078003569467
0.17562192924232, 0.04747277909006, -0.24437465647241, 0.11512455878449, -0.12565923493639, 0.020812623710573002
0.19267945184852, 0.041521881706415006, -0.21064328432135, 0.11913304017864, -0.12262780938098, 0.015124492575927
0.18751299309686, 0.046005945031337, -0.24973764833198, 0.11479087291946, -0.13020889518168, 0.012514789065326002
0.15855925265457, 0.046471985647900005, -0.23620265831285, 0.1135957009633, -0.15023435937161, 0.010095455877054
0.15735895659134, 0.041052141113473, -0.18082790691166, 0.10518792803741, -0.14199778580589, 0.0094279883384432
0.18954224141013, 0.048609840193753, -0.36439823905475, 0.12007016262523, -0.1484038852157, 0.013145753388937
0.17889198083021, 0.049065991637907, -0.28320129457811, 0.11541645011452, -0.14257682798674, 0.015088396178426002
0.171177247783, 0.04297356168855, -0.2748213875205, 0.11191570496694, -0.14210331124439, 0.017788776781401002
0.17600202068481, 0.042525231471129, -0.25322675773859, 0.12133411738444, -0.13659114343182, 0.013686251842968001
0.17809324366293, 0.042764415593264, -0.2779859437356, 0.12036869619072, -0.13707873499338, 0.011361031855071
0.18378321607215, 0.043668360626438, -0.26998014211106, 0.12086401419503, -0.12736599015012, 0.014946187618417001
0.18962155189547, 0.046006860410556, -0.27055620920602, 0.12130324582692, -0.12865651982218, 0.0084657809226157
0.17550501108822, 0.042254780064019004, -0.30835075281085, 0.13172657631846, -0.11497852727704, 0.003237895428799
0.16305826595118, 0.044035176990217, -0.21627770698454, 0.12425076404663, -0.13757499775482, 0.0018855571147847999
0.16517588645306, 0.042364693266566, -0.23311870936894, 0.12245257752392, -0.13840248186707, 0.0039836183632526
0.19717431071552, 0.045088325496641005, -0.32595843076006, 0.13318889709285, -0.14306925780251, 0.0085886749988777
0.19371734833293, 0.045305507148650004, -0.29312543726811, 0.11544005949554, -0.14159197073902, 0.010416243598445
0.1903215088666, 0.041843372952754004, -0.288949541171, 0.11813206947541, -0.13939054355041, 0.0088514511868477
0.20401217992066, 0.045161858754836005, -0.27674140991114, 0.12373110353207, -0.13978217045393, 0.0055195821725257995
0.18729897484874, 0.044287906375073, -0.29189169165882, 0.12747985413773, -0.12791579770481, 0.014336272446143002
0.19637247582702, 0.042979992691338, -0.28096019201863, 0.12587916543102, -0.12902069945338, 0.0099239197709876
0.19017735750081, 0.040976810085449004, -0.30958995301456, 0.11592164246278, -0.12806417615135, 0.011972966043789002
0.17736117576139, 0.046434807097422, -0.30793614541239, 0.12011851118846, -0.1370553031277, 0.012450095197704
0.14209125479636, 0.041909570335368004, -0.20371237177355, 0.12105079057738, -0.14253831080238, 0.008351255275255
0.17741760319849, 0.043516559136458, -0.38007926017193, 0.12608831506619, -0.14111944487135, 0.011483758364773
0.1866279155656, 0.044386895853952, -0.29428812842383, 0.12336043428739, -0.13951972682144, 0.0044349758884486
0.18960209868908, 0.042672436925333006, -0.30094122317586, 0.1164548319553, -0.14127863725536, 0.0056479274690696
0.18542065527724, 0.044191356746224, -0.3292836094388, 0.12500099244626, -0.13420329215615, 0.0092488759537384
0.18030619802084, 0.040698034382468, -0.35988085333629, 0.13378430553988, -0.14580951873325, 0.0073888972677573
0.19839578887663, 0.042817209469656003, -0.31463335084611, 0.13377374328398, -0.1258125775137, 0.0053276497198973
0.19033597288921, 0.040053712488242, -0.29232846719189, 0.13200223896495, -0.1309053083676, 0.0064635327440377
0.2069571114881, 0.041178294062818005, -0.27067559716667, 0.12791639454593, -0.12906039905622, 0.008997874744936
0.16667648704517, 0.041765419890812006, -0.26840593420917, 0.12604901893407, -0.13918739441388, 0.0066204316066582995
0.1712501189712, 0.038276887462087, -0.24671267510531, 0.12370786871941, -0.13135111752922, 0.0028498453727188
0.18808028687164, 0.043216838116835, -0.38454235259807, 0.1281965895449, -0.14889550384487, 0.0039396626416991
0.19086548811893, 0.042587270438221005, -0.32057060583406, 0.12072483741567, -0.15423105436204, 0.012174373547477002
0.19410946700557, 0.042281268230201, -0.31385173833033, 0.12382800738217, -0.1454355978747, 0.011427528260493001
0.18897936164061999, 0.042939464976076, -0.28845254267873, 0.12799380980057, -0.13834453435607, 0.011617124971844
0.20725642955704, 0.041613937964948, -0.29548652506238, 0.13064440619303, -0.14023103286099, 0.012010864047655001
0.19274950880954, 0.042816397774939, -0.3106285505031, 0.12973450761988, -0.14239756764748, 0.014185772062375
0.19177439295222, 0.038957180058939, -0.31523870118424, 0.13291340741569, -0.12828740610328, 0.0098733569519905
0.20194856039165, 0.041209961399370006, -0.28438139776034, 0.12780544776589, -0.1319462757051, 0.010746561004398001
0.15545052670244, 0.034204097351219, -0.14426402712839, 0.12521160474943, -0.13163943365915, 0.005703795872173
0.21508120075419, 0.042955641171942005, -0.39418200247983, 0.12690958801068, -0.13252509636838, 0.0071929758604512
0.17834925916707, 0.03514057688168, -0.32699138843872, 0.13053137556547, -0.13571550359224, 0.0059351346505113
0.20961462283203, 0.039204827970535004, -0.32818273036586, 0.12942200131978, -0.12816139613381, 0.010626075673077
0.19930486592888, 0.039441033798882, -0.31614424157912, 0.12899658910817, -0.12756716183501, 0.013157687636450002
0.20115415546705, 0.040301688859521005, -0.31683637712237, 0.12862562976596, -0.11874188078515, 0.015223396853191
0.20237278220724, 0.042122255095417005, -0.31278101763432, 0.13531613146606, -0.12775017832658, 0.011392225526645
0.20847410880206, 0.040783217864357006, -0.26653507939624, 0.13408675915494, -0.11160994718518, 0.011578311713514
0.20380788606744, 0.039941033849111005, -0.2156656019944, 0.13107537377787, -0.11834805157498, 0.007709472268741
0.14885571330412, 0.04068723425823, -0.097188521148813, 0.1235663149348, -0.10619625742879, 0.003191600088832
0.19073252943433, 0.043291343392501, -0.3661642360337, 0.13250249096442, -0.12203956599526, 0.0063674710985577
0.1903279697411, 0.040634055052671, -0.36945167259758, 0.13902569088178, -0.12674438634412, 0.0045108906520416
0.20782971840037, 0.045156487331401006, -0.33756216095294, 0.1372865616377, -0.12952104536835, 0.012287046497592002
0.21988271387983999, 0.043187254918748, -0.30513404939944, 0.13501661162486, -0.12227089086985, 0.010985487051170001
0.22091130633719, 0.042854132224764, -0.28319478592769, 0.1378429234899, -0.11592118913257, 0.016974017750724
0.21038232357673, 0.044782758145883006, -0.28615887089009, 0.13561447085201, -0.12564351999207, 0.0099813023978498
0.21942894192578, 0.042474926351683005, -0.30457457706862, 0.14144019574808, -0.11446446314533, 0.01179198753716
0.20310479614654, 0.041396367520967, -0.26781057536829, 0.13465052202903, -0.11315852132519, 0.0053562610088846
0.17963722891817, 0.042295054904129006, -0.15909296099237, 0.1328634263837, -0.11493814824106, 0.012932683836108001
0.21091204054498, 0.04432195650633, -0.34235883535778, 0.13249785413875, -0.12266653459717, 0.019572496906325003
0.20602036470155, 0.041497991228418005, -0.31352546450093, 0.13499680388301, -0.14306712973761, 0.014703304358889
0.21694096810004, 0.041340235451607005, -0.30215984166131, 0.13310587574286, -0.1322872322108, 0.012099007942137
0.2087905538724, 0.039025881630562004, -0.29659099530729, 0.13636642388381, -0.12444772447747, 0.014546917231309001
0.21155520461708, 0.042100897229254, -0.28830577405091, 0.14162934404167, -0.11723583799789, 0.013896464238028
0.21548796376718, 0.040597251335302, -0.28332908051969, 0.13049117158478, -0.1219806147038, 0.0059018343492433
0.20810484196752, 0.037875927759189, -0.27337333519075, 0.13859355622635, -0.11248445118461, 0.0099145891961275
0.21579197619294, 0.041822226677947, -0.26489028332899, 0.14062256547909, -0.11425441484273, 0.013456337395943001
0.1714709243451, 0.036025426469711005, -0.21881262925547, 0.12910158685892, -0.11881658686269, 0.006574776461918
0.19491859261948, 0.036726369223276004, -0.21269029158066, 0.12768875415513, -0.12018772527101, 0.0015315348232643
0.20156861909421, 0.043881417400669004, -0.34650081096466, 0.1463464853929, -0.12736712367499, 0.016767450828919003
0.20820173122517, 0.044537094524165, -0.29985995276622, 0.13880066082273, -0.12484973067127, 0.017055356280944
0.2098879360937, 0.043076843498904005, -0.31461286640574, 0.13375359988769, -0.11571210206859, 0.012575602723115
0.21343266182182, 0.039241211720313, -0.26909066865066, 0.14478137224036, -0.12163689439253, 0.011587027924031
0.21290742672466, 0.041508294265634, -0.28609338890293, 0.13167664706706, -0.11598024986349, 0.0073238024261263
0.21306824996322, 0.039599270135862, -0.3082489971742, 0.13723504354326, -0.11812198693856, 0.010205343655086001
0.20363422598809, 0.042076115160092006, -0.25576519898998, 0.13796864445558, -0.11069891617414, 0.0092490103844377
0.20898490259302, 0.042438013208885, -0.28165476715761, 0.13634886391865, -0.11779556166836, 0.008575936335255
0.15296457497842, 0.04196255032586901, -0.09984820772507001, 0.13438662501692, -0.12010310068013, 0.0072372470006147
0.20595660998698, 0.047632131822754005, -0.41957639464295, 0.14049717251585, -0.11817602720939, 0.0134474916808
0.19008036534091, 0.042268244019557005, -0.32220690958492, 0.13832094085788, -0.12581340395483, 0.0058417261456371
0.21391369653749, 0.044540918482841, -0.25061430439786, 0.13972537325824, -0.13260485988782, 0.010961043092318
0.22378321900342, 0.041936145485221, -0.28130658447001, 0.1365713307604, -0.12767250060182, 0.013910515460363001
0.17880509319613, 0.045847537157291, -0.35105597450509, 0.14337871299358, -0.10756075597246, 0.010674595484318001
0.21741641622286, 0.044788925962221005, -0.28166024480558, 0.13495514744795, -0.1334927763265, 0.015701889055868
0.2148411741316, 0.049154534458439, -0.2590016979336, 0.13344723353315, -0.15487163018356, 0.018959195908059
0.17796650247523, 0.048497759601992006, -0.29720799253783, 0.13416678230626, -0.15338863402732, 0.022671217850970003
0.19651092471763, 0.05249654540104701, -0.29179245948133, 0.12704618063117, -0.15531961198867, 0.023466902323011
0.20044172377107, 0.04325596526157, -0.27002343736603, 0.12386839486075, -0.15432891994031, 0.017762254126971
0.19619423360589, 0.047840134903915005, -0.2396359071164, 0.12867695014762, -0.12671342573954, 0.014933825205481002
0.20876917388872, 0.051966972703937006, -0.2719426616504, 0.11822794920633, -0.13860642718942, 0.024854011470463
0.22335000160005, 0.050206166285070006, -0.26249237412888, 0.13034624935726, -0.14208483322896, 0.025491786966580002
0.23759492277728, 0.050111079867523, -0.29007246822525, 0.13246068463262, -0.12843331499499, 0.018583034109899
0.24795110109373, 0.050353818970723004, -0.28215776775226, 0.1347995891928, -0.1141998436911, 0.022626632816391
0.23048978346277, 0.053308099834196, -0.2690539168822, 0.12526287805355, -0.10360519469953, 0.013148389814050001
0.22322593654589, 0.052874777945540005, -0.23540181311364, 0.1244700626449, -0.10470655408455, 0.015860702763551
0.17286821000745, 0.047229008960104006, -0.15569078716061, 0.12463454015479, -0.10359621417018999, 0.016837199684688
0.1959727923881, 0.049685639860195, -0.33741672385732, 0.11449386820996, -0.08695510910451701, 0.013404407055384001
0.19764449691341, 0.04891865298807, -0.2926824494117, 0.12726353454277, -0.10378775648336, 0.019433677435166
0.21472306078801, 0.049062927669543004, -0.29798108629617, 0.12067701658405, -0.09401497110836601, 0.018591656038682
0.21689850941909, 0.046883165613836, -0.25014761597257, 0.12392537085736, -0.08886764689118401, 0.01533266298605
0.22137050708309, 0.04687007212355, -0.29500858426889, 0.12287321105927, -0.084112348639567, 0.015949571714196
0.21437720400031, 0.040858110062942, -0.2746306980737, 0.12741489794867, -0.070979247904411, 0.018447296803949003
0.21215903915802, 0.039723554856881005, -0.26542240950675, 0.12262719084059, -0.064949678798185, 0.014461717939858001
0.16209913907044, 0.0431639073242, -0.17881894812767, 0.11370996543052, -0.066400627941502, 0.015698077142849
0.20184801421581, 0.039991913863968005, -0.37538849624344, 0.1126096800529, -0.066677667281274, 0.010877659820334002
0.18860772061187, 0.03970757944736, -0.30581074497728, 0.11959916119762, -0.09136908447796001, 0.016960232617443
0.21237371348462, 0.038352990554346, -0.2958483030787, 0.11601145573733, -0.07972151947674701, 0.019076340436885
0.20121798398551, 0.040044515096717005, -0.27509471893369, 0.1240202683874, -0.07530891006166801, 0.016570964174030003
0.20963336228103, 0.042437894779988, -0.28688908946893, 0.125058049588, -0.068724193278792, 0.017263431456727003
0.187165542943, 0.044622176450316006, -0.36685491782133, 0.11278669324836, -0.06875945042840001, 0.015096523088205001
0.20538064564172, 0.040048169081839, -0.23703622112472, 0.1174603528407, -0.091551529730671, 0.022485879801879
0.16815964153536, 0.045456406737671005, -0.11119856109125, 0.1128056205851, -0.08623531294295701, 0.030559532839674
