the plane
0.0, 0.0, 0.0, 0.0, 0.0, 0.0
0.013003212254676001, -0.0007897641819660999, -0.0083170888351531, -0.010412262007282002, 0.012309477590578, -0.00017762243608579999
2.53303589081e-05, 0.0017690323527861, 0.017403963974169, -0.017159339199638, 0.019244245560638, -0.0040923460949501
-0.0006442897947922999, 0.0089478333808715, 0.017429518702601, -0.014037309293322002, 0.027461296194966, 0.008181447428603699
-0.030928354458329, 0.0095078601427725, 0.071156525378208, -0.015852605051221002, -0.0001401791491068, 0.0076907349367646
-0.040612566400053, 0.0056400120651025, 0.054532746904619005, -0.012709148693841, -0.028925129351168002, 0.0010430491766223
-0.0063791082918359, -0.000765834814817, 0.024925751061809002, -0.010839141825309, -0.031143543864043003, -0.0064510283259611
-0.0061550184589679, 0.009774647735161299, -0.17974096636178, -0.010944975454895001, -0.033689353063733, -0.0007391034389088
-0.068234260581153, -0.0034690159438063, 0.09637537639992101, -0.010138863321052, -0.016683187846081002, -0.005957179282267
0.041161226717849005, 0.011438741613240001, 0.012913051352070002, -0.020912742408986003, 0.046205873524175003, -0.008615999086826
0.084155014733563, 0.0077420493818403996, -0.096806306286359, -0.036245437432547004, 0.07688449891054601, -0.013897003310186002
0.09287641896424001, 0.023632914714723, -0.049163707201613005, -0.048191871112311005, 0.019895334905661, 0.005849529259529
-0.05359092223954601, 0.029521381508579, 0.28767137872951, -0.034275915071867, 0.0009382071060785999, 0.037316934166448004
0.061225457899700006, 0.0081741363861041, 0.2692057108254, -0.043573336779076, -0.029042555688936003, 0.0006035973015834
0.17236583651026, 0.00047039698583269997, -0.18206788009585, -0.044942315709717004, -0.075300731988516, -0.024845578508731002
0.20125699588457, 0.0072213295078156995, -0.21953330773347, -0.069961213842858, -0.11351739145014, -0.023045859489680003
0.19270112924199, 0.01227678347314, -0.17164369997658, -0.070553072662051, -0.09644166775481601, -0.022607080888047002
0.18436382186185, 0.020853556577401, -0.034680638283018005, -0.095402103373941, -0.028059990914861003, -0.016216687021633
0.17918125822034, 0.021351018291762003, -0.029310992150815004, -0.10307006556085, -0.046764376957521, -0.015240236224915
0.16508341993686, -0.0091247008744928, 0.013121058047715002, -0.11553659856917, -0.037972370661296, -0.021331776286198003
0.14943680766142, -0.016003658814119002, 0.029739302387062003, -0.11066374353551, -0.015401548224135002, -0.0040544512581112
0.05609618635881201, -0.01583485277082, 0.05287532589973801, -0.10160099402747, 0.015329602405592, 0.017317959004460003
0.093384634227526, -0.0011669791617541, 0.020837599166709003, -0.091715327920925, -0.017684041240558, 0.0099800847221878
0.12832754885005, 0.011321346104891002, -0.06870621905836401, -0.093962057441674, -0.028657559112418, 0.012335649927437001
0.1345168950885, 0.010905611198231, -0.10192809544483, -0.097606622531111, -0.033055220700404, 0.0067678951478516
0.13493934894715, 0.014845155691597, -0.082689122512308, -0.092968079774823, -0.049098040005965, 0.009604817716240199
0.098905442899772, 0.0028219967313248997, 0.02775970381747, -0.09123908690544201, -0.049264035191037, 0.0067271158489144
0.09565812813364001, 0.016611754964781, -0.09417928095578501, -0.06471361290246401, -0.034472954973136, 0.020872217914457
0.064287945221524, 0.0034049876086143, -0.057315521885679004, -0.074504789648136, -0.018456780000317002, 0.012350167029712
0.12682021785572, 0.0051581017798743, -0.079383612922563, -0.08646118598329301, -0.014051526984184002, 0.0007354050842998
0.11222632014864, 0.0063035376232413, -0.086207507663849, -0.09116879710039101, -0.026126357718917, -1.30313472278e-05
0.122642764421, 0.0081455757982744, -0.048817485945208, -0.091236834504811, -0.034096495522722, 0.0007177174995536999
0.10973705888303, 0.013172547489422001, -0.031245390885691, -0.090011758674734, -0.013022860163422, -0.0013076132082118
0.08428013901051301, 0.007637936628943, 0.040235662196543, -0.081128878983055, -0.01080411650356, -0.000947271502264
0.08251421274282601, -0.0014632522807531, 0.21394593861872999, -0.08912264325137101, -0.013629233160511001, 0.006226099459448
0.12616828473635, 0.0086178668357343, -0.10320171462462, -0.076128887048776, -0.024070941686569, 0.011705102559376
0.11252156683535, 0.005728370817267, -0.038320866814499005, -0.08833455182411801, -0.0044633660725336, -0.0011334087652292
0.07705790355996901, 0.017593346514782, -0.12681213652971, -0.12342222076804, 0.011693974044213, 0.010554378356816
0.10290082749849, 0.011806100356634002, -0.020482290937924003, -0.093175652715243, 0.026962199450613, -0.010186736268470001
0.10238171884176, 0.012640975705488002, 0.0076292587037517, -0.097554002835272, 0.012881407270807001, -0.0021008680635499
0.10346914730744, 0.01168346458165, 0.025531741043374002, -0.090606760769495, 0.018570079172, 0.0008301121900807
0.031627713876731, 0.0064036234179336, 0.22013004026846, -0.088431168147935, 0.011974833155636001, 0.0035631595159164
0.088937238557621, 0.015424189072834, -0.034324092709167, -0.08680006680890401, -0.0017921926066649, 0.006615916194171
0.065509090823442, 0.009025545491697099, -0.016244829330727, -0.086934836657511, 0.0053677031112011, 0.008181081415973299
0.09960854577014101, 0.0080321437032351, -0.044836121643820004, -0.09826062110678101, -0.006692499027141, -0.0020199730954897
0.08636640116889101, 0.012310073146678, -0.011343006494014, -0.095864578374052, 0.0034976094904158, -0.0072199365631532
0.083474319646062, 0.01559617112146, -0.015407453220401001, -0.099075442230521, -0.012301248497325001, -0.009159340697283299
0.09299252811451501, 0.023567914321213003, -0.0082810295326712, -0.1073433272479, -0.033618617106553006, -0.0067017378140889995
0.068104714186093, 0.020545918059665002, 0.059205163053497004, -0.098646081485249, -0.027733793700704, -0.0033859893360213998
0.066128142202155, 0.010037648029283001, 0.043245845572708004, -0.10186903944198, -0.013760035433040002, -0.000681657002111
0.05797683491203501, 0.018642376008003, -0.073229726824558, -0.08302927467059, -0.0061325637128378995, 0.0072955639235311
0.071686675031259, 0.0095513821789621, -0.013405321813661001, -0.095886575215645, 1.5790119489999999e-06, -0.0065067032410956
0.091699395537419, 0.020459599680694003, -0.050224008735019005, -0.09893509744097001, -0.0063556820449055, -0.0015855650728876
0.084680963976236, 0.019568089461751002, -0.049971083007704004, -0.096455338781307, -0.014474647632245001, 0.0063559214825331
0.076052036433782, 0.022931852098216, -0.030083012476022002, -0.10511289611354, -0.019860152428178002, -0.0020919803931114997
0.09119714230223301, 0.02650210259766, -0.012508269856016002, -0.10700651460934, -0.027573583950249003, 0.003966839669635
0.06947357985478, 0.018308909891831003, 0.09149230931094801, -0.09523862429327601, -0.032232982849334, 0.0067838922663398
0.09023392922480801, 0.016832387307158, -0.0008250803771539, -0.086834762557302, -0.011366852953226, 0.0094746070762515
0.063969180850219, 0.019022805192985, 0.023306334056431, -0.09294432483136, 0.0066273915254118, 0.0197775334931
0.10842245819941, 0.014393131957979002, -0.010511497365322002, -0.09844395600828901, 0.0091632149504967, 0.010230107214819002
0.10013230901321, 0.016226996550232003, -0.018219359873736, -0.08994606919454401, 0.021871103699753, 0.0067260032055012
0.070519456198341, 0.023997580333851003, -0.11710363708022, -0.11831230102868, 0.030132994675779002, 0.020550667292782
0.10893520238526, 0.022110126511165, -0.054897921983314, -0.10452803571904, 0.045635588803730004, 0.0040709763432419
0.074006777418158, 0.021957408880027, 0.046133271928550004, -0.08886918788664801, 0.040700185478958005, 0.017637545259353002
0.06781385957757001, 0.0059663655160843996, 0.24697612131236, -0.09679778853866501, 0.01726045710004, 0.013243764822885001
0.12279769333084, 0.0038677885206345997, -0.11906858896018, -0.09227942146305401, 0.026096834575093, 0.0032467807106932
0.076242416373703, -0.0028476766635762, -0.028675881701578, -0.10512170497943, 0.020031837337123, 0.0046242004115881
0.10580187712701, 0.0034799747172066, -0.034670206444025, -0.10501782091276, 0.045175519577369004, 0.0092374862696098
0.080322903876897, 0.0061841115636352, -0.037921158427294, -0.10182785009221, 0.031796096681483005, 0.015831626052185
0.087456085828294, 0.0096594043809906, -0.009137921124727999, -0.10581342079144, 0.021354759597498, 0.01352760456727
0.07647455172195801, 0.014262239310174, -0.027816975127172003, -0.096286597618897, -0.0018169944462938, 0.019608236735619
0.044472544932639003, 0.0038991382056714, 0.10995666577818, -0.09958224381920301, -0.012043840374289001, 0.010523900513126001
0.085539784624323, 0.019017521469418, -0.20444858837082, -0.08854373763807401, 0.013409159239496002, 0.018804550420989
0.061076102189992, 0.016253690828993, -0.09729771636562101, -0.09005483567294001, 0.013619123603005, 0.019158298869247
0.10560445359389, 0.020582434978501003, -0.04351956701931901, -0.10243287875412, 0.0030664776325226998, 0.025253600893902002
0.19074257587401, 0.042885790088409, -0.023361283762005, -0.10823899157169, -0.12033407321574, 0.06213802243876101
0.17616951932023, 0.048727373777606005, -0.072465047488434, -0.10073457135937, -0.1405814507193, 0.08891838706969701
0.28306789695377, 0.068353787411291, -0.0006223090207725, -0.09474598941870001, -0.17745437699552, 0.09822264584804401
0.29223651865311, 0.032005130864191, 0.10779129275573, -0.08387216110756801, -0.052330614762948, 0.12460022683685
0.515884198679, 0.06935517429112001, -0.45869594058625, -0.01493073927121, -0.11177394307761, 0.11595727004617
0.50111765210131, 0.088895625172413, -0.76663549636745, -0.0068327466496878, -0.056789510619335, 0.20337237895392
0.66845395416523, 0.13081302489510999, -0.85925834582483, 0.08294963123582501, -0.15879621254057, 0.50385917367598
0.61260559022351, 0.2718747378174, -0.65258718583101, 0.19877223770276, -0.25773256500364, 1.3497788480593726
0.54925075782182, 0.3703537789937, -0.42988687853093, 0.1924529724971, -0.41460998335376, 2.0786726369987036
0.67318912004159, 0.4345621406812, -0.41516191867062, 0.05435749402971601, -0.59391284793305, 2.450445889472251
0.67503664205424, 0.2963005111078, -0.23729576855354, -0.16799807097929, -0.63852834917955, 1.8921926047796436
0.77872404833807, 0.14839134200526, -0.44545112231587, -0.21577119549989, -0.4933640219824, 0.8480048266513
0.85892830720537, 0.049593030781489, -0.76894891295503, -0.19517477777171, -0.15431659013661, 0.29758039972604
0.67183579547461, 0.04133896107710101, -0.73373992868694, -0.16116088614516, 0.0035107925694724, 0.28686784025788997
0.16645665415661, -0.014928428611343001, -0.32869800296342, -0.17130113086936, -0.0079214726513566, 0.23253386728044
0.25861524977125, 0.0002504970542719, -0.1960945209076, -0.23788677402636, 0.07273533107178, 0.20617343371764
0.29233126550657, 0.061309513493782004, -0.19517273358788, -0.17353278093590999, 0.056204767693896006, 0.30746150219908
0.21430705496846, 0.07198875658058701, -0.11306672450561, -0.14160488929876, 0.059445756398157, 0.34815509966795
0.17734049041305, 0.046754234382951, -0.06395168417423701, -0.2019719799586, 0.010244358617480001, 0.29101402305315
0.20041239779626, 0.020975042448553003, -0.35271122900497, -0.21671064431549, 0.01950483513672, 0.22231145786101
0.21520682151358, 0.014008038108596, -0.39451403087385, -0.19996901023184, 0.015338862855100001, 0.20978964857748
0.21175276123022, -0.0056630877698246, -0.38757566989856, -0.20272451602387, -0.0047964834868154, 0.20571656733847
0.24179804504443, -0.018189644383125002, -0.36571966138195, -0.21893000308769, -0.0008291392939134, 0.19410134199294
0.19313308817580999, -0.025154366298944002, -0.28072918685461, -0.22079845979013, -0.01001462680063, 0.18935932662549
0.17157658571896, -0.018436303791439002, -0.11654458787707, -0.22232163076227, 0.0063618219931407, 0.19514474946061
0.1153114789154, -0.0027662455124442997, -0.08258639030339, -0.18263338192768, 0.0003347353773278, 0.20397381326335
0.13057424891423, 0.017916666121461002, -0.19675417251215999, -0.17179761714515, -0.063202985482433, 0.19779097876993
0.17052888292425, 0.033754521161506006, -0.43120771653662, -0.17897734959929, -0.076469347641376, 0.20253643527159
0.21494608782394, 0.042970359238392, -0.37382984388569, -0.18887941026037, -0.019386480889636, 0.19857124329471
0.19898064896951, 0.046612215470937, -0.36948099633356, -0.19401440252255, 0.0012913623496078, 0.19038443368003
0.14605015471888, 0.036998713715108, -0.30040757085134, -0.19469665374297, -0.0020330906324828, 0.18335347221784
0.15929281624268, 0.038033724261038, -0.26590033429955, -0.18457928667348, -0.015062828797591, 0.18417248722672
0.1156600720778, 0.037396510356138, -0.13114626218967, -0.18488857589415, 0.006114774710917, 0.18334255386442
0.07532617177634, 0.019480385168113002, 0.12845682223607, -0.18982843742815, 0.0084092400643122, 0.18256686509965
0.17616716622383, 0.05678831917093, -0.27997172516947, -0.19433207074008, -0.047402181406906004, 0.20728673983552
0.13151779369818, 0.054313250002287004, -0.1421033298727, -0.20287338901561, -0.027969269462268003, 0.19876947270488
0.185898902862, 0.042784962101278, -0.20804772689869, -0.20549887904376, -0.022905253123073, 0.18747318654157
0.17149536605574, 0.018570545768627003, -0.25616269112244, -0.22276115549537, -0.022320946459159, 0.16431263612611
0.13426588197642, 0.022332473525415, -0.11076127650291, -0.22922469145539, -0.021593552339621, 0.16937239265147
0.11043377082553, 0.027519578416775003, -0.09499601483146401, -0.22151387553431, -0.022839234422477, 0.17164826920156
0.05602653404102, 0.016904358751022003, 0.12556424358572, -0.21644311739294, -0.045946119049095006, 0.17331808569619
0.16389216712525, 0.024922678294945003, -0.31791609896224, -0.21213614823908, -0.075897424974008, 0.16075306193079
0.14500714086587, 0.027129664464314, -0.2359755240446, -0.21722615935113, -0.028888471676713004, 0.17157264725935
0.07484290585842901, 0.026386279899764, -0.30264521265673, -0.23826873365106, -0.0059303750878197, 0.17113796406439
0.098871614960712, 0.020848149960841, -0.20824556560204, -0.2169772911115, -0.021225507420703, 0.16026583765487
0.087434872570315, 0.025362909535747002, -0.16716614172753, -0.21264715890579, -0.040905336499098006, 0.14558999902871
0.081425123887435, 0.024215410716326, -0.15751486518643, -0.21291167046896, -0.048055303968659, 0.14570075394469
0.039021621119949, 0.015667776152020002, -0.024340108780629, -0.20721560462713, -0.07142169939472101, 0.14887249875185
0.089344519538204, 0.013307400253226001, -0.23788051205027, -0.20803376126031, -0.058533604165239006, 0.15308358758489
0.045068871843363, 0.0094302188248384, -0.16490310255242, -0.20303636736405, -0.0092514933738651, 0.1590672110669
0.07279742572396801, 0.0063353465670113, -0.14211109206406, -0.21862710490327, -0.022180727068117002, 0.15582169479414
0.083096277379994, 0.015613603551225002, -0.17817532073607, -0.22000092284878, -0.034352255331742, 0.15641556892897
0.097073540259673, 0.018916687793564, -0.22411985647753999, -0.21666871919107, -0.056351924868894, 0.15919109113052
0.085890951518687, 0.022020434198377, -0.11920732923902, -0.22813034321769, -0.040333159200915, 0.15556104650981
0.10216651112361, 0.024435812378476002, -0.2145542033208, -0.21124314520913, -0.036646026860988, 0.16413434477263
0.013763771167322001, 0.011928429457460001, 0.025969914927343, -0.21620775900781, -0.0288004457651, 0.17328094167339
0.09237334389007201, 0.015188272036564001, -0.2697006114921, -0.2019907007948, -0.037439330013073, 0.16172828146364
0.064395323092864, 0.010658670481477001, -0.15787975710764, -0.21220720973939, -0.031935794014716, 0.16720797434252
0.09688060030411601, 0.010268855340609001, -0.20125667806432, -0.22180262333624, -0.034143538604432006, 0.15691798295691
0.099725963619121, 0.011413186144859, -0.18758290046129, -0.22253458067478, -0.035965158911695, 0.15693434191501
0.10208837888551, 0.013798152304624, -0.15753285918958, -0.2374095472326, -0.044620675982759005, 0.15128027396649
0.08370107215066301, 0.022405361738797, -0.10332651288973, -0.22937755859073, -0.040000389906376006, 0.15764517490346
0.076281090721816, 0.020354126544243, -0.13398908882525, -0.21887962415937, -0.040431579018356006, 0.15033563684629
0.048416742942248, 0.0066237175314846, 0.067660600915184, -0.22111259595105, -0.035238895115219, 0.14358202937813
0.097897070307458, 0.015978349208051003, -0.23949502376692, -0.20763926180069, -0.011858582348529, 0.14621919637351
0.060499661266691006, 0.004802821435633, -0.094391312977777, -0.22629329275343, -0.020034747418491, 0.14998779788749
0.1018080976138, 0.0092642463051483, -0.16000105822732, -0.2356408178746, -0.0095754447644078, 0.14547985516952
0.091643956032935, 0.010179296813383, -0.14301464591284, -0.23730278928825, -0.001817390715146, 0.14737900831118
0.08462722834755501, 0.010753329964419, -0.14081116406383, -0.23699368704145, -0.0011321978419713999, 0.13407197337829
0.06346765858831101, 0.015999200003323, -0.1357170730757, -0.24903226466441, 0.028272290971418004, 0.13365334491366
0.064093525670278, 0.017321741372631, -0.045546402837861, -0.24690500583387, 0.015757304198904, 0.14817850464759
0.081171944210859, 0.0077451284396224, 0.028074042664928002, -0.24426484478745, -0.0070646398948007, 0.1388256011433
0.056387906995225, 0.010683645929793002, -0.16077197966934, -0.23975877110101, 0.024804553970309003, 0.14250381549279
0.07604145455283201, 0.005321593507781, -0.06256434454628801, -0.24888151429787, 0.0059512667765264, 0.13347145873515
0.10442870534715, 0.0053774242642753, -0.08610701256650401, -0.25628598967041, 0.0039753240049477, 0.12939806766372
0.07534952922722, 0.011911237676225001, -0.065079946610533, -0.24775661052807, 0.0042601033460686, 0.13805334254011
0.08350066941716301, 0.0097020567156049, -0.053667345730796005, -0.2528803280961, -0.022263910766692003, 0.13966091489384
0.077008129422796, 0.012424445414734002, -0.032084902619191, -0.24740645612508, -0.026929867459796003, 0.13903716896892
0.020663489313494002, 0.0032204600106494, 0.094704842406478, -0.25048314128119, -0.027073321797707002, 0.14204826831289
0.077408698969103, 0.0070488493228525, -0.14602289896284, -0.24162337224853, -0.026541227788474002, 0.13562558755884
0.042822915721386, 0.0062697713596246, -0.047888477244433, -0.24276208125222, -0.017652375642070003, 0.147023535372
0.07449091746386301, 0.003366811316023, -0.09272607197901701, -0.24837781495596, -0.033406613006328, 0.14115872118775
0.08823715188565501, 0.0090271949628269, -0.07154727163725301, -0.25976268606181, -0.025464655995291, 0.13490874599465
0.084279437880363, 0.013638401143039, -0.093782787211433, -0.25460570527283, -0.029426492943281004, 0.13922562929234
0.078301326875492, 0.018654891697394, -0.10161531843948, -0.2630969929117, -0.037771075756986, 0.13366200508027
0.072509581171286, 0.012772359667930002, -0.08252238104071301, -0.25288795702619, -0.045459601713485, 0.13584730328712
0.037343160832778, 0.0002368676509145, 0.08640939381068201, -0.25284941112063, -0.04673766441699, 0.13719724478393
0.081833694698227, 0.013169894379178001, -0.1965475553156, -0.23375462279050999, -0.040234773099171006, 0.13984598605415
0.05399879208816501, 0.0028109808202523, -0.080047201671799, -0.25411581518366, -0.021275163954116, 0.13907717631803
0.089898697658851, 0.0081410372203108, -0.13205861171103, -0.25467482557093, -0.022945318338554, 0.13624893954242
0.07336049035774901, 0.010523272390321001, -0.12514812773707, -0.25465988641777, -0.012944115728305, 0.13257418424697
0.07194266846007001, 0.011033692835817, -0.09053988631625301, -0.25657029149376, -0.027254146797726003, 0.13479495083408
0.07421535851869, 0.016350257197822002, -0.09296437120468101, -0.25936120245804, -0.035667106024561, 0.13241635913875
0.049323607513477, 0.01410119384776, -0.062763817814704, -0.25259874707472, -0.031883992021022003, 0.13674625534034
0.026040894233713002, 0.0005539258906944, 0.10234692018341, -0.25192811880578, -0.028712165775330003, 0.13099744727131
0.08819512730700901, 0.013834823146488002, -0.21581061337177, -0.24079924686948, -0.017018038265339, 0.13879483674427
0.048216196297774, 0.0023829948292822998, -0.07867911004809401, -0.25039638601299, -0.026764628831553002, 0.13607201529807
0.0944904299773, 0.0075929237745562, -0.13293778523809, -0.25648293200051, -0.017725471201257, 0.12756616513298
0.078297705554425, 0.0070875223220645, -0.10330402638099, -0.26192115672156, -0.010855677212227001, 0.1277182475722
0.078226372035034, 0.015514578506185001, -0.1979003967814, -0.2694422736493, 0.031068123571374003, 0.13161089431672
0.065449601151899, 0.014867239345183001, -0.17964431170513, -0.27444522966911, 0.022637145212158, 0.13325077553469
0.07513207953311901, 0.010911163571359002, -0.06333931235269401, -0.25430828286907, -0.037638174756796004, 0.12533995134611
0.028331073633340004, -0.0016896412179189999, 0.054981123881385006, -0.24556251313635, -0.05942591497255301, 0.1246954677399
0.066248105755962, 0.0040374476408262, -0.11606207170913, -0.22843668004465, -0.045430045359987, 0.13176852517692
0.048342705592407005, 0.0024214234951279, -0.037730539176281004, -0.23226472690953, -0.044493991061898004, 0.14115497049578
0.080200964350062, 0.0033726168049119, -0.056360565768767, -0.25150085546264, -0.050501100485194, 0.12718557704741
0.087280633858357, 0.0020581530561759, -0.068350948954746, -0.26046786414813, -0.040235521142175004, 0.12441589392022
0.10083576312343, 0.0053446080930071, -0.071223005747584, -0.25804427630602, -0.03793838507165, 0.11895191022092
0.08579692985706, 0.0095174987276483, -0.11062913953611, -0.26930038434889, 0.005821130054607, 0.1215415967218
0.08138857789659, 0.014125852284569002, -0.058129977392745, -0.26655042146586, -0.011837603734934001, 0.12602824252194
0.06072820030805501, 0.0043747995258855, 0.02441806325984, -0.25350539065068, -0.019477910921707, 0.13020667937126
0.08046564305731001, -0.003403348420035, 0.017579219460382, -0.24682076552411, -0.012308805232973001, 0.12243078532226
0.087002240342354, -0.0050062300351934, -0.051211283032701005, -0.25986131533017, -0.015470092742022, 0.12002837599029
0.10682420059784, -0.0061387791582457, -0.040553183735250006, -0.26979685801621, -0.000327931073846, 0.11164472552073999
0.093439681375274, -0.0050792781570846, -0.025860172620134, -0.26785366791944, 0.015883366371610003, 0.11205747142427
0.088232996697785, -0.0040718535455419, 0.0024745915551452, -0.26357857889228, 0.0096274192660537, 0.12045556450554
0.073415007695927, -0.0005636294719694, 0.0043077792051109, -0.27620007548323, 0.0090652654457139, 0.11541385783925
0.059214134919913, 0.0043904606921991, -0.028477698974780002, -0.28421712245781, 0.0031450504811793, 0.11171611386157
0.015773581669785, -0.011262018310923001, 0.11537446482935, -0.27321891707037, 0.0014794770033657, 0.11577153046719
0.069665473374613, -0.0084887686274144, -0.098999223126899, -0.26928121099365, -0.0061902830125712995, 0.10600959332633
0.053413945590757, -0.0084373662556836, -0.06842082466756, -0.27051945763061, -0.0061827071834123, 0.1176916395396
0.071066077473043, -0.0040144832276423, -0.088713612314538, -0.27441911533508, -0.0030670765938462, 0.11551219190273
0.06796940044515, 0.00043065053776609997, -0.071607178059226, -0.27857948974099, -0.0020563212247046, 0.11223807859095
0.06725887830662401, -0.0036767848247383998, -0.065105500128596, -0.28347241449587, -0.0040209994388318996, 0.11602352302793
0.083708501206916, 0.0020627932070153, -0.069748495745881, -0.28633296175471, -0.011983672835839001, 0.11625706454913
0.060493768970166006, 0.0008360286783932, -0.054256952976508004, -0.28810670701609997, -0.013240243949825, 0.11225590513719
0.0056386465600861, -0.002033243484668, 0.023426089442623, -0.27081811657899, -0.032866784466942, 0.11007634093601
0.067105286321875, 0.0008698032432453, -0.2051486986796, -0.26381774656663, 0.014548749882886002, 0.11174253700796
0.043824079322809004, -0.0032428705032362, -0.11649407975933, -0.26475131637658, 0.018607300994869, 0.12276299244927
0.025738066139951003, -0.0007032138369477, -0.20142070661024, -0.29528650678901, 0.019359868313294, 0.12433657548898
0.07292111988654301, -0.0055501040115849, -0.1441081668706, -0.27083815303536, 0.025073204987096, 0.10536604726115
0.070926239706424, -0.0040914758768268, -0.10567254550798, -0.27142124354473, -0.010793392049165, 0.11322923874635
0.058575958195200006, 0.002005171693049, -0.04074522906964, -0.27317609122279, -0.029493415978588, 0.12032127955587
0.049033667117309006, -0.0023897340910091, -0.0058197812891201, -0.26324741747038, -0.045778688816943004, 0.11348085101009
0.016653398117398, -0.014783942297136001, 0.039177932437966, -0.24823984398192, -0.06994673195770701, 0.10798736789162
0.07452488278646101, -0.0066432148153726, -0.13754829471509, -0.23908159153306, -0.06909706221065101, 0.11674786772084
0.046424232015735006, 0.0001099415054588, -0.10881848859573, -0.23000584156926, -0.054045624179953004, 0.12279427179275999
0.057390835846317004, -0.021185957660751, -0.0070032849179237, -0.25777534067785, -0.048443082340387, 0.11241773223168999
0.08540862223737901, -0.010528558099165001, -0.037248499224139, -0.25899666908409, -0.033246142807607, 0.11160090652041
0.09496166590537201, -0.0036723605296122997, -0.06657531273082701, -0.25788941017069, -0.026678849172200002, 0.1136362896559
0.09609538310500401, 0.0027196522158834, -0.071572672329719, -0.25397955208366, -0.033001397939600004, 0.11102339252967
0.069548647302539, 0.000867822558129, -0.032421609833731005, -0.2593696609892, -0.024819222777740003, 0.10829038605915
0.028681746203915004, -0.0082591923887933, 0.18282436728409, -0.26412066198785, -0.012147805740252001, 0.10943976159683
0.1067535178313, -0.013216131569566001, -0.083125590769834, -0.2567429175066, -0.036083525733466, 0.10118729773287
0.07522500369016501, -0.01576555471569, -0.045235264286866, -0.26993655562319, -0.02998104623386, 0.10590664144368
0.09751416062614501, -0.014857675684556001, -0.07265941620095101, -0.27074562428581, 0.0004790187967968, 0.10170009390391
0.08284981262222, -0.0092832966606379, -0.03604249431076, -0.27234701916852, 0.017560085894812002, 0.095905859203522
0.076660635941331, -0.010162425772738001, 0.0037069568052401, -0.26913864333179, 0.011288869557562, 0.097491383276342
0.072013074608995, -0.0081755158624851, 0.0045102332940433, -0.27301729491606, 0.025519419741671, 0.09996237963082501
0.023042721717073, -0.018614475617225002, 0.1241622966948, -0.27117758378268, 0.015260566334933001, 0.11060594603174
0.019284301888019002, -0.025266223919122, -9.82842797316e-05, -0.27876094640351, 0.036554086995195, 0.10801022163705
0.074246189747251, -0.019342565665965, -0.11959228867575, -0.26273440834165, 0.0079117524881786, 0.10567148139889
0.069631034095429, -0.021007999120953, -0.05705502722437, -0.268606402488, 0.005159935880014, 0.10143395632796
0.060424729939341004, -0.013829737056677002, -0.05112345881460301, -0.2723674634938, 0.022082390603956, 0.10354875504609
0.058418149892168, -0.016322151932431, -0.048158085887222, -0.26516131242845, -0.0059771614659835, 0.10451786408792
0.05926445368131401, -0.014562229600930001, -0.028021326280379, -0.27752816839635, -0.039701489110325006, 0.10399020151724
0.043676978817682004, -0.013481771138961, -0.025937489943778, -0.27006720410822, -0.048572958960705, 0.10477442005825
0.01836404439394, -0.021972124532679, 0.07746118570714601, -0.26005455418418, -0.061490079523742004, 0.10025014024019
0.063317828544907, -0.0046003475185429, -0.25726387680058, -0.25239461142899, -0.038359552897368004, 0.11084311462303
0.045393346785643, -0.013195361673597, -0.12756218001662, -0.26350795842629, -0.0064335190670601, 0.12016655582528
0.058366384191993005, -0.012072854013871, -0.087076181402748, -0.2700738000722, -0.020231379561618003, 0.11354090615515
0.069176098759842, -0.013818810096160001, -0.067258522979282, -0.2699558135895, -0.030834795699092, 0.110918400506
0.05672555692662801, -0.0079042277331408, -0.09138666016692301, -0.28013657016918, -0.022972148650716003, 0.11352597820217
0.022023655970838003, 0.000803871739621, -0.11273126467443, -0.2964530744727, -0.027341373192418004, 0.11991994354809
0.045004900727756, -0.012079345385260001, -0.072126891378871, -0.27184697476398, -0.006508999596798, 0.10431350575781
0.031299950805947004, -0.020066252424649003, 0.051773800487224006, -0.26633898186973, -0.041457324348715005, 0.09873696993127701
0.058973496871335004, -0.0064082783248334, -0.16052632712719, -0.24582676081864, -0.054658454957285, 0.11227165081832
0.036860217232224005, -0.018702887355917002, -0.023000048220867, -0.25582099914175, -0.055209299122843, 0.10449516775713
0.059834485210086004, -0.013582543455234, -0.075003619964823, -0.26973928747519, -0.031400076252657005, 0.10219647104093
0.067323687810297, -0.014576528098143, -0.066495221590048, -0.26363217131713, -0.025090335603668003, 0.10453271221634
0.07837054037747501, -0.011627122078213, -0.052129038263007, -0.27463062877204, -0.051152983543989006, 0.09965070266883501
0.07308081944590801, -0.0081354742501212, -0.08819175813821101, -0.28005432616248, -0.038645384908125004, 0.096642013716094
0.061961519865033, -0.0085244718306892, -0.012615698781216001, -0.26924010920308, -0.030893213743842, 0.10322928134079
0.047822574431409005, -0.017783214954619, 0.094983983858444, -0.26241754925284, -0.030171174810927, 0.09950705158168101
0.053210875514248, -0.018434799148237, -0.087039660776542, -0.26774743289135, -0.013555881427718, 0.09803701236414501
0.046333944093999005, -0.021810167538995003, -0.004590419638365, -0.27675626069863, -0.022201137721105, 0.092844699376371
0.08023358698273701, -0.017911292623481, -0.06771415682569601, -0.27676622158134, -0.016961593097707003, 0.085724965539706
0.07717496654601101, -0.017182070946584003, -0.04615557418562401, -0.28325851005477, -0.010979053417569001, 0.088748974418469
0.06978192042013201, -0.015895705187083, -0.01343528284279, -0.28032060765912, -0.012222464574416001, 0.088422660665937
0.057257577516617, -0.012356790531999002, 0.056813140100080005, -0.27658156240405, -0.011007342493017, 0.091989845432229
-0.00337256094051, -0.021752207028561003, 0.17553255671062, -0.26950586391943, -0.026980373302410002, 0.1001548299257
0.040568770481760004, -0.023291259279363003, -0.0084736561189183, -0.26719583928699, -0.052092023034057, 0.088783423903944
0.0490166720693, -0.014022677286122002, -0.08821320543600701, -0.26509748765189, -0.041062567964823, 0.09772691395546201
0.07709015753493001, -0.016460991702117, -0.08103127879169801, -0.27838476942077, -0.021820434911946, 0.096168763322276
0.06231870488767, -0.0123716112799, -0.053754821348068006, -0.27545573521402, -0.0069357776354363, 0.10031787377866
0.054231573686520006, -0.013568541169099, -0.042757877102298, -0.28214244237747, -0.027597621273599004, 0.09612163962805201
0.051373234097459, -0.0078720782733414, -0.049465072419515005, -0.28431140153042, -0.047266360765325005, 0.09606191644749801
0.043247962147511004, -0.012609741623466002, -0.018131290150307, -0.27649593813445, -0.058748347211168006, 0.092579921570881
-0.032870428203984, -0.027017294960302002, 0.22565224421995, -0.28532278484092, -0.040765483984718, 0.10585442273985
0.09780461358410301, -0.014103332656370001, -0.23008772289606, -0.2571948199536, -0.019379592689864, 0.08984840374225601
0.03297038568035, -0.016774996595648, -0.25035197237251, -0.2961169098054, 0.033491057791286, 0.1009094946056
-0.069386894904873, -0.0043782059121223, -0.1663974556648, -0.31586025896079, 0.11067691971371, 0.121302729492
-0.11205589820711, -0.019711883636626, 0.086542791311621, -0.31855602698636, 0.07820098558206501, 0.09778832340106701
0.04586883210254, -0.04515639764418, -0.033792945140659, -0.32590521220571, 0.048370834176359005, 0.067119438282699
-0.012143790946187002, -0.068326814125149, 0.34864141974427, -0.32379960061225, 0.018429373282335, 0.082276057943741
-0.021539682560375, -0.017100604888242003, 0.35086131465448, -0.25863935285124, -0.045388582572057, 0.097264621434094
-0.0040565260398403, -0.041003857862733, 0.35072643555822, -0.26594714906551997, -0.075305828829237, 0.09687136989033801
0.051537991588143005, -0.041328115336141, 0.14133522987207, -0.25628774435419, -0.13116272586246, 0.09429887362104401
0.035286042438797, -0.058179518695721, 0.21907003243044, -0.28200330151858, -0.15179371484799, 0.08036181007370201
0.07788977302263, -0.042984844495416, -0.12198979226008, -0.2799146071627, -0.18023776683859, 0.10045348563152
-0.011738443265187, -0.04425757706658601, 0.13143533999902, -0.26031369706471, -0.07801937345167301, 0.13111401375866
0.044022162146486, -0.031907727484284006, 0.14459835709879, -0.24258768814637, -0.10243211638429, 0.12052269995534
0.085489482298561, -0.021570645791098002, 0.0019835352855659, -0.20441548605942, -0.13179196569931, 0.12479623438929
0.06965598844529501, -0.0051257638049536, -0.08317660701034901, -0.15891828760685, -0.09018071973784601, 0.14939950887432
0.030304260693174004, -0.011163547016837002, -0.045358568880740004, -0.15318300228119, -0.06922620113547101, 0.1190727385421
0.12834896566886, -0.044076447870582, -0.17019777023981, -0.1881879786446, -0.14491883143523, 0.07860106534698501
0.10963217722064, -0.08277274184224201, -0.18100502250016, -0.20990398128013, -0.14109419421603, 0.062444978816353004
0.099165727977763, -0.088817675914721, -0.16213172225878, -0.21939803143313, -0.06824468623139901, 0.074081227467115
0.06235752071799801, -0.08152261197291301, -0.3035094320778, -0.21421890048823, -0.011533102314323002, 0.067508906073116
0.043664545150075, -0.09357370394949201, -0.10905940655932, -0.185392829536, -0.0081028368136087, 0.038280595896806005
0.074845426757378, -0.099845497396448, -0.052150664783243005, -0.17564571617, -0.047420600261733004, 0.037159094670329004
0.12231160702439, -0.12293694190235, -0.15060644929977, -0.18587645169701, -0.029142512340317003, 0.015589951687829002
0.085483246318378, -0.10496261733705, -0.21625213415693, -0.22240309958759, -0.0023319499971277, 0.039845658807274004
0.01032366879891, -0.14827616329481, 0.12562578035489, -0.18869949417863, 0.028558237780808002, -0.035307029620378
0.072319694564136, -0.13376575989851, 0.08855056651883, -0.09758705684396801, -0.030963868535085003, -0.06306409953622401
0.11347193974166, -0.13074899341437, 0.045281130967519005, -0.080885248684431, -0.04845583928041, -0.079416037406055
0.09262992291852101, -0.12375618521644, 0.11063928315489, -0.084212560164399, -0.064866041261606, -0.0556694130568
0.0017258272672164999, -0.070592786750792, 0.32721447721286, -0.11354540599226, -0.11877527939573, 0.037472203497922005
0.045254114004785004, -0.09799033489582701, 0.052177787050753, -0.1604656183878, -0.14171878848563, 0.011167354646389
0.074665008218187, -0.1215240870784, 0.074384336862488, -0.16193046508415, -0.13441165408253, 0.013120364723540001
0.08753743053566401, -0.079519866344276, -0.063247577055275, -0.17722502608468, -0.13238914274261, 0.028156491169139004
0.034218393153991, -0.078728467709739, 0.13724675127801, -0.17411593886851, -0.16385191712741, 0.045915705903183
0.0099509797274872, -0.045923980078924, 0.15918421946802, -0.18328457752794, -0.13124612323987, 0.06794608981814401
-0.025680556382784003, -0.071113072790011, 0.24328356488204, -0.16685867561232, -0.11634069970678, 0.032778940206717004
0.011446393457585, -0.085199139915237, 0.3035973559472, -0.12241032893639, -0.17648199896733, 0.00049090613281
0.06437683346074201, -0.040897541875558004, 0.12419078826581, -0.13908689968606, -0.25106266552084, 0.051062835806101006
-0.0044188007734562995, -0.08739489647336501, 0.38091174855487, -0.20861307540379, -0.29442976168044, 0.036661535508225006
0.048359910311305, -0.11780447237121, 0.28276945306645, -0.21775644563455, -0.23593519138425, 0.030049126720524004
0.002402351676, -0.09956614400289301, 0.2441622754073, -0.20461280125173, -0.26406143034849, 0.054608738304944004
0.048140316885677006, -0.085945028692126, 0.24629683128288, -0.19600185972839, -0.2770746536795, 0.04881050964327
-0.008599553861732799, -0.070321452146651, 0.2089988000043, -0.16872621400385, -0.22635276566798, 0.061425110613127006
0.05360576437926701, -0.064395931907424, 0.13444607689201, -0.1343245567508, -0.25988664161597, 0.06041380956562001
0.06259732072520101, -0.067246709482893, 0.039518480653529, -0.15443665301694, -0.25944877704981, 0.049307986745984
0.067483979678762, -0.07916228562876401, 0.1392872932708, -0.16905708498301, -0.25550806501934, 0.050317257868725006
0.073347104071176, -0.07518554854305201, 0.13373964404467, -0.18130368231189, -0.2533764507615, 0.043816866672718
0.07816670876577, -0.068348809284082, 0.13305742624142, -0.1790797536131, -0.25181903695078, 0.052236609365477006
0.037068813862070005, -0.063898563784212, 0.21418427105865, -0.18240825245362, -0.24003719559764, 0.069013863848669
0.04768300611436, -0.072640283871385, 0.22794361884791, -0.17180605425959, -0.22624922703442, 0.062860473609018
0.04545734090496, -0.073565451899265, 0.20829212267552, -0.17391377834661, -0.23086895283265, 0.060957436203761005
0.026519246512284003, -0.07985326618278901, 0.30776996616347, -0.18951886621612, -0.23227050522167, 0.053760743150503006
0.029138015915777003, -0.07282719168356, 0.29873509704301, -0.17671464028056, -0.2276614741724, 0.060287378739171005
0.032625587336605005, -0.07090567740522401, 0.30168062815138, -0.18144074050327, -0.24625024178038, 0.05219047126221701
0.024847668115569002, -0.07456798692179101, 0.26065164943163, -0.17106346475325, -0.23486475340401, 0.063224418575909
0.0029688233127608, -0.09866679236975501, 0.4575696186173, -0.17468403570413, -0.22397319775192, 0.052325237480074005
0.0166330758029, -0.06241492502564001, 0.19008722865322, -0.14545097835196, -0.20213802294728, 0.068525104945067
-0.023761199889013002, -0.06401414989147901, 0.29649344359152, -0.16224414163297, -0.21342823185886, 0.062987229132835
-0.017190508094657, -0.06826079185758101, 0.26643674205046, -0.16516416238405, -0.20094386071118, 0.05485190265097101
-0.017756958105961, -0.073064066970687, 0.24835778310537, -0.16229408218133, -0.19732209431397, 0.045712881103883
-0.0007448852022585, -0.09108043644730601, 0.19598247651261, -0.16660596510881, -0.21372765448944, 0.034480021060186
-0.025101372220727003, -0.078785301885211, 0.20874368305088, -0.15613765123407, -0.21565718970241, 0.047343187257298004
-0.061450268276163005, -0.058085851646393, 0.2118179093327, -0.16479530656452, -0.18567343143831, 0.08886404298231701
-0.08159164583122301, -0.05826793082959401, 0.30484601809127, -0.15282979006457, -0.16810524733042, 0.083490726844022
-0.028898234469961002, -0.069140390344924, 0.27504005054589, -0.1544451887033, -0.19121833205355, 0.06584360165348101
-0.023125827745852003, -0.06481659619850401, 0.21980397501004, -0.16689687786688, -0.17417290144381, 0.068098266528492
-0.04980393574638001, -0.071896713240978, 0.31896375925254, -0.17603882010071, -0.22669079643406, 0.049356374522393005
-0.045249073053321, -0.05601179161267, 0.27779486859733, -0.18172203404281, -0.22620249212092, 0.048327430694018
-0.15651570967335, -0.053959802617298006, 0.2808295466402, -0.18746355392166, -0.13622711010087, 0.058938473788263
-0.071055896106001, -0.07464700580266301, 0.37839092191947, -0.21415723248467, -0.28971010568305, 0.056812502840540006
0.0008134491571164, -0.056166645230870005, 0.11857093983247, -0.19380062211869, -0.2682483284343, 0.0003739576373706
-0.18273978093253, -0.074319723842516, 0.71470033565631, -0.18360600030515, -0.21470807865171, 0.04808507186874501
-0.0012465971427633, -0.03746899985544, 0.62340805768088, -0.18600466344696, -0.28565137161073, 0.039204525811272005
0.029461052609546002, -0.03923593341171, 0.31103752508715, -0.18962780058703, -0.3355801716035, 0.040456369276222
2.72262920378e-05, -0.06760189815935701, 0.33778527583664, -0.18752063443729, -0.33226482089754, 0.051605365954565004
-0.030684143524638004, -0.05724936332029901, 0.36451673068297, -0.176226589229, -0.25032005139366, 0.080656478486809
-0.017664802966428, -0.055613050731642, 0.30805408691321, -0.15472090038465, -0.22850103077932, 0.082818077529955
0.050884395931209005, -0.061619201809462, 0.24112128787788, -0.16580120723298, -0.29434149659431, 0.07130363480436801
0.080275200776624, -0.059632138685084005, 0.20275133155427, -0.16995028029562, -0.28093768544268, 0.059845891683286
0.011224935882145001, -0.049141195603505, 0.15035632588138, -0.1742312114101, -0.26666840765402, 0.072456940546764
0.0088242099160748, -0.058182449247500004, 0.22337772440202, -0.1548627563626, -0.25745141775316, 0.062193340113312005
0.0051020970915103, -0.058618589902229006, 0.21083633454179, -0.14789831902764, -0.2503242646701, 0.057516724952758
-0.0066862447743607, -0.053454537484615004, 0.24011474503137, -0.15139029869205, -0.22254620323802, 0.06888924913067701
0.010326042838907, -0.05525754494046001, 0.26356739773957, -0.15816515140792, -0.24303489145181, 0.059093384050692005
-0.025491926716226004, -0.06242922118646801, 0.19270115773852, -0.15488366551446, -0.22159593496892, 0.04012269028465
-0.052661542574923004, -0.052670878547697, 0.10144533139111, -0.1641668001091, -0.16729585131357, 0.048892371920113004
-0.076728903899848, -0.06838167615544201, 0.24081160662023, -0.15739653396003, -0.14953864304457, 0.043569700445515
-0.067171077597313, -0.067394924051473, 0.27517718285886, -0.13343717055885, -0.19080195756483, 0.051981900867756003
-0.097179815821872, -0.044135175140900006, 0.20052579870711, -0.12824743467463, -0.18329261057107, 0.08094243389748301
-0.067615473698296, -0.043892165243401005, 0.22926158362422, -0.17873836330402, -0.19642217501436, 0.11209099787935
-0.050801543177487, -0.040774945810330004, 0.24393733291202, -0.19513622339474, -0.19436017186897, 0.11530907459402
-0.05854315041087001, -0.038972735558255006, 0.25751356869073, -0.17912840795849, -0.21739050822039999, 0.10197618817298
-0.067887284331928, -0.036758310602657, 0.26138345529171, -0.14602533100449, -0.25841208369905, 0.08159555112083901
-0.08448386607754, -0.050658644929873, 0.32729015056105, -0.12435854265224, -0.27240578270906, 0.060243808412934
-0.11956535170198, -0.034327841802483, 0.25210506925256, -0.09367073205076701, -0.21285793352821, 0.07736751109893601
-0.15079353493042, -0.04421038484813301, 0.32759521883265, -0.11086010634239, -0.20520625921291, 0.063440603255925
-0.056280044177492, -0.038361721087443006, 0.22903409688777, -0.13215022539414, -0.22026433933359, 0.06276363159274201
-0.021285801263594, -0.035938411076828006, 0.19140563576099, -0.14036293795274, -0.24928649607539, 0.051402547261176004
-0.009994885661595499, -0.049985416598122, 0.14942930220913, -0.12169258155978, -0.2669483844033, 0.023051373736963
-0.033124651748033, -0.04411896755986, 0.21813963813241, -0.12159489948583, -0.25938874871545, 0.041048660203084
-0.069535010015822, -0.051714172228767, 0.31151429406968, -0.11466969357868, -0.26895501330459, 0.049139850168242
-0.026715785424511, -0.042066667273998, 0.2907065328992, -0.11929000553695, -0.27361947404296, 0.06041066535290301
-0.021779142174879, -0.037874002047702006, 0.26713666482228, -0.12549925826211, -0.28001395170743, 0.06506750909266601
-0.010168146786870001, -0.033097111717935, 0.28155010263129, -0.13550855508239, -0.24913620379769, 0.055026373272529
-0.022050339080653, -0.035122970387931, 0.29255583765625, -0.1317131449235, -0.22686962568118, 0.054481052141379
-0.033607699540328, -0.023611686855951, 0.28286981346515, -0.12826280696291, -0.24732825985005, 0.05754852517309401
-0.0062443906058733, -0.017885159708703, 0.25904570592658, -0.12983948181318, -0.24438187603214, 0.05406882283881
-0.020250429683184003, -0.024373663952516, 0.31835286249834, -0.13761371292308, -0.25223715529166, 0.053078893521562004
-0.18020669400341, -0.032778871722078, 0.83608098365924, -0.1485552176954, -0.20450550812668, 0.06911570755447101
0.023925448403241, -0.028400056196183004, 0.44984710807115, -0.14776805606232, -0.24260425880749, 0.042383998373664
0.046441505808729, -0.038691309408314, 0.2751131345261, -0.16715505373296, -0.26418698211057, 0.037926978902876
0.073450322562723, -0.04251459971421501, 0.25053902478418, -0.16673428683729, -0.23946721842066, 0.042747179263156
0.036137314859438004, -0.045034435478027005, 0.32140789825463, -0.16748130490574, -0.2249644707259, 0.042619747969712005
0.031826229259703, -0.040463403219559005, 0.30246695425287, -0.16055982551371, -0.21323930185451, 0.045261983481673006
0.0004360484527189, -0.04279841474151801, 0.39566858864927, -0.17439676878507, -0.21651358322653, 0.054478315062229006
-0.09230043980131901, -0.048163153152879, 0.57253020911064, -0.16964327437203, -0.18164275451694, 0.06939780442866801
-0.054344153505557005, -0.040965435729064005, 0.37783033096155, -0.1944708685187, -0.230339757476, 0.062035474371596004
-0.011777822622437002, -0.045555913921735004, 0.31633296757671, -0.17446644872296, -0.24955309600771, 0.041821207851061006
-0.010536902156400001, -0.039677283505227, 0.27347298624478, -0.17906827893584, -0.23918278141366, 0.041107756792729
-0.029432329228064002, -0.038118499822555, 0.35540260306729, -0.17407003026258, -0.22075791088424, 0.043037896055164004
-0.11468876019125, -0.03169726924735, 0.24245236277288, -0.16950783887606, -0.29283535900562, 0.056275903583244004
-0.096561907603843, -0.022273706182200002, 0.2273435820459, -0.17488495088257, -0.27369520561899, 0.044663284360716
-0.092101928520119, -0.020915109762726, 0.25676023135079, -0.16746075093846, -0.2958482502382, 0.038852358817049
-0.09970680995416101, -0.021468769579812003, 0.21017898431717, -0.16413288388216, -0.26255367135997, 0.032709353980845006
-0.16490813825986, -0.028272851435153002, 0.30799370176583, -0.15322893349324, -0.20971868903646, 0.039200519120053005
-0.12883729392781, -0.037664694004623, 0.37015248608851997, -0.16269279203307, -0.20235301411271, 0.018021747733801
-0.076423777328365, -0.038324927585357, 0.27627386393493, -0.17987359462019, -0.21254965945054, 0.0048709804958742995
-0.029198082393169, -0.025165768317907, 0.20460988168022, -0.17821345483212, -0.21978158324518, -0.0070577353988777
-0.025771992331181003, -0.034190042034291004, 0.19308038664272, -0.2258825342131, -0.23894916071129, -0.011703458392710002
-0.010095004925337001, 0.0005205595041584, 0.097459176402077, -0.41349122514514, -0.35530788924922, 0.19424870367263
-0.10586239767132, -0.035273598671693, 0.21464583885388, -0.54069545575991, -0.44888283577966, 0.34127851015605
-0.013403913365738, -0.09959891568297101, 0.069288593096316, -0.78156405100402, -0.58919781803337, 0.45572762135831
-0.10743131560796, -0.11367564123819, 0.15137171499611, -0.89858631518257, -0.57669578592379, 0.5494633377348
-0.084029561629652, -0.11578171675772, 0.030965203539320002, -1.0864084169212724, -0.60802614667578, 0.74129402730043
-0.17223096336142, -0.09406524247032501, 0.073587493273243, -1.2136801003092592, -0.59921104085014, 0.9569083705704
-0.10813634091659, -0.07938497664629801, 0.1093319200286, -1.048736412436205, -0.47582397968735, 0.7749835565279
-0.08904646089598901, -0.07721605555998401, -0.019539941685437, -0.83527995464159, -0.3212990530964, 0.41771338115167
-0.059058877565527, -0.04973976500866201, -0.18866941624063, -0.71607639315159, -0.24952445939861, 0.10946385425805
0.072384597517043, -0.025531879775785003, -0.18433130189284, -0.68625017429788, -0.10517393463583, -0.1002848552421
-0.010033742161392, 0.023157289930349, -0.22299036648287, -0.54432725908043, -0.026517326448413002, -0.07913826129588701
-0.06411855273462601, -0.005722565634933, -0.063761253143709, -0.47967741921826, -0.024489813485497003, -0.045605245484733006
-0.019233487066607, -0.038630435888672, -0.11171147615505, -0.42297590983613, -0.06250266715326, -0.055412518036783
-0.029750394604022002, -0.0046219094763456, 0.01601088372461, -0.41527584168232, -0.072155618703686, -0.05497551898165701
-0.020984720272544003, 0.074132913544942, 0.24865616647579, -0.41484051851623, -0.08015584966832101, 0.013513421083388
-0.069585403046774, 0.019727415470379, 0.30074596638061, -0.43681685135564, -0.1201725128106, -0.015112355372892001
-0.021175555734473002, -0.041006669567523, 0.057543906269816, -0.43718702140837, -0.18364362689833, -0.050205225675541004
0.013226977072854001, -0.034060290899037005, -0.040573902506647004, -0.4131788304192, -0.2103303484626, -0.043896961169854004
-0.022561051841653003, -0.035614011076082, 0.0045655548644984, -0.43189052038026, -0.17277100499583, -0.029921735872506003
-0.012275555677479, -0.033708074735087, 0.023715028022, -0.43446279480155, -0.15901047596465, -0.015873957532544
-0.026640577949543002, -0.029886144566159, 0.047980517633288006, -0.43058906226236, -0.13816924005672, -0.037214624006537
-0.034895787207320006, -0.023963382630545003, 0.093456895368605, -0.4141172682529, -0.15661516888027, -0.053367976638582004
-0.035201295491748004, -0.030929479965901, 0.13161743544869, -0.39290766582166, -0.16809736506697, -0.063242298790843
-0.022732585514454003, -0.031775624638840004, 0.16262023704366, -0.38585989359457, -0.1714964951137, -0.059404346332866
-0.05983555703592801, -0.008728780309748399, 0.037935328905042004, -0.36366996402342, -0.13002027958274, -0.035183011063577005
-0.046248069460315004, -0.023812247644079, 0.15091530314679, -0.38139107806497, -0.13394944113131, -0.047062108425639
-0.025871942325059002, -0.025937686898629003, 0.09517468903624701, -0.38933545546827, -0.14069076732682, -0.05921528213385
0.0011726212448034, -0.027355683859852, 0.08315986327889101, -0.40101232221722, -0.13904506962166, -0.06192455262034201
-0.0036854056800341, -0.011927224344198, 0.11241354335265, -0.40471762784709, -0.12631906343468, -0.054249627315331006
-0.024151724658687, -0.012673248512662001, 0.15693267686793, -0.40229728646873, -0.13583658542326, -0.047023764882164004
-0.036206868553839006, -0.022711388388242, 0.25413660448325, -0.40048079026436, -0.11760326033912, -0.05352153303618801
-0.059053373673796004, -0.014769764479021001, 0.06992537453483601, -0.39862309866415, -0.1072557757413, -0.051492904379446
-0.067066605179116, -0.021984608371269, 0.16228254145061, -0.40927328472552, -0.10566346023961, -0.058652211277759006
-0.04899550633159801, -0.018176220804351002, 0.075928892049039, -0.41491645902443, -0.13697087775556, -0.058197291080768
-0.072971103813857, -0.022164467515681, 0.15532316344422, -0.41961194286384, -0.14288069164113, -0.05889067589716301
-0.048372184999637004, -0.025833454402838, 0.09994896454141, -0.41572539920628, -0.13702354149178, -0.06943289912084201
-0.07311056222678901, -0.019293226160863, 0.14022144247344, -0.41553950822275, -0.13279759741869, -0.056019937370799
-0.13583445746504, -0.027133545274373002, 0.35743679778637, -0.41636027235109, -0.13648287825479, -0.05309719004030201
-0.048406723325002, -0.02480685363845, 0.1025558889777, -0.40530228335354, -0.19008216623448, -0.058684015709389005
-0.049863102496496, -0.031321418046929, 0.076844046710747, -0.41476459334892, -0.16342544691454, -0.060725966273025005
-0.045230659353970006, -0.031613428769411, 0.09476879269169, -0.41630015321055, -0.14104791748546, -0.062825599043517
-0.047170948411412006, -0.025770666824007003, 0.11543530606528, -0.41496133909402, -0.12873514204358, -0.052143812539573
-0.056818653983117, -0.021754289122619, 0.11850746179985, -0.4183784220937, -0.14829037544314, -0.053075098367649
-0.058704135997723006, -0.019410653267321002, 0.13271411625718, -0.42483028474276, -0.1570047580807, -0.050184095840602
-0.07335844336654601, -0.017001354148799, 0.13994976844943, -0.4208618495837, -0.14440036643918, -0.04481035881696
-0.097702525307476, -0.026957271166061003, 0.32034309666763, -0.42564673790712, -0.14463228452001, -0.045351731261463
-0.05047448196495, -0.020950682096438, 0.068259539432547, -0.41120950977386, -0.12706679579047, -0.043219992468122005
-0.085485993175516, -0.026425991792224, 0.17191164609904, -0.42272506408, -0.13781959985255, -0.0419168282967
-0.060298583681527004, -0.016285556197962, 0.11860540666589, -0.4202530863046, -0.12707791144961, -0.044175074046444
-0.063802302386158, -0.019574785833157003, 0.13791941124309, -0.42744230604062, -0.1337886228348, -0.046261938402732
-0.058119199124007, -0.015864755175759002, 0.13012476519798, -0.43168328732818, -0.1340240866639, -0.04350173419435
-0.056078530541389005, -0.011742925130385001, 0.13814404727892, -0.43299165633632, -0.14114952204996, -0.038746657257022005
-0.070037526925909, -0.0099898619793921, 0.15386196314345, -0.43633638046113, -0.14093924406461, -0.033781996007290004
-0.10517273975191, -0.016201690012374002, 0.2477861467522, -0.4271188481289, -0.14604888297378, -0.026755490361822003
-0.086385349034133, -0.022268906344921003, 0.24073857060087, -0.42548799659667, -0.15205146534949, -0.026221235793177002
-0.08815948325964201, -0.021301470876247, 0.027431477472354002, -0.42629578031914, -0.10862266838228, -0.034527147028318
-0.066082884744652, -0.017974044284454, 0.11634133512179, -0.43485990870849, -0.10934224969897, -0.036765742105694006
-0.04598660885537, -0.014170474727087, 0.12614785950153, -0.43323425981204, -0.11450073232968, -0.036153107159245
-0.037577839670801, -0.011276820224942, 0.08936795258510001, -0.430655488052, -0.12885965936432, -0.036584275146777
-0.050666469792764006, -0.0068663828902145, 0.101185033926, -0.43883934391815, -0.13764218513504, -0.033691840184460004
-0.054668676071351, -0.0026883377816465, 0.08573356322222701, -0.44330330451948, -0.12769181025672, -0.031655052666348
-0.073302489105627, -0.0080184577893932, 0.11898732904336, -0.43246656705973, -0.11661422448372, -0.033919174355492
-0.086505789583633, -0.015143467766551, 0.2306706568155, -0.43866882131772, -0.11850686109973, -0.031870510192144
-0.07610438226372, -0.0052261581897709, 0.040523708960102, -0.4102203869526, -0.11112755024025, -0.032431038616248
-0.08874479472031101, -0.013607856766039001, 0.128928987356, -0.4199128340513, -0.12447848396965, -0.030706091979038
-0.063807245271224, -0.013901087508544002, 0.08420687395119, -0.42639238237563, -0.12319570817788, -0.035173357915244
-0.06328023607727301, -0.010690658429437, 0.095772936831318, -0.42971745203919, -0.12229430343184, -0.035492302603331
-0.045074805386009005, -0.0083925887384638, 0.085924922720822, -0.43321146243574, -0.13405047231897, -0.034432069749315
-0.060196264543012, -0.0048908868071696, 0.11067704756173, -0.43588310567710997, -0.14396171845432, -0.032055085101709
-0.060054368525791005, -0.0059869464082807, 0.14411051442708, -0.43835273035967, -0.14517943696118, -0.037374033992009004
-0.088903513728131, -0.011478405804082001, 0.18227778936584, -0.42669118376123, -0.15223001496665, -0.033604521550388004
-0.0518885651319, -0.01321968606157, 0.082536403858843, -0.40946684103504, -0.11320873737188, -0.037761546691715005
-0.094526178143606, -0.0063872441274676, 0.13214039383115, -0.41362539503765, -0.10189966008607, -0.024455433632196003
-0.048205173212167, -0.015313851693402, 0.10709658194545, -0.43153218918731, -0.11199259695541999, -0.039058924888848004
-0.032423118655543, -0.01315199845731, 0.10896472912606, -0.43304874168234, -0.097958828638135, -0.032398913026115
-0.028362770584693, -0.008367997561629599, 0.06836129712465801, -0.42807276825869, -0.09592659635946901, -0.023733811679463
-0.034742349133070005, -0.0053649431790596, 0.09344568354824201, -0.43428417170391, -0.091528171860459, -0.023411940595239003
-0.034763298044086004, -0.0027516283848561997, 0.09796875808217201, -0.43668455812925, -0.09169140938033701, -0.020566158112123003
-0.09111959029887501, -0.013762193466491001, 0.25118121780322, -0.43314691252324, -0.091942568725057, -0.019619067560114
-0.024071438018374, -0.0203990621208, 0.16394133859828, -0.40992464352471, -0.11808981827334, -0.036124467394421
-0.02875006669907, -0.019975142998083003, 0.10450856925854, -0.4149451249312, -0.11976041136063, -0.031113086862528002
-0.014992153883724001, -0.015932480023048, 0.11894631211778, -0.42528853739249, -0.10436164909511, -0.034105637578503004
-0.0036259105237436, -0.011783648589588, 0.12181632339564, -0.42064610460521, -0.07844731895542201, -0.032593802796359005
-0.035436081377094, -0.011937377753613001, 0.14744338523475, -0.41606399543685, -0.08602402681327101, -0.035962018696598
-0.051429898025857006, -0.007378366442752, 0.14912903255192, -0.42038758290336, -0.096972064256337, -0.028105086566681002
-0.056848933582165, -0.0098617934763203, 0.14605871015264, -0.4229097040407, -0.10542179562896, -0.027535562111635003
-0.080673962211116, -0.018531961090828, 0.26829934059397, -0.43512141062511, -0.09874764379162601, -0.027339015064314003
-0.035552706566484, -0.018212275245416, 0.030913093377889004, -0.410264639979, -0.10178554923897, -0.030735636915303004
-0.050110319541959006, -0.024948518041649003, 0.13034941244202, -0.41792584215894, -0.092844428128455, -0.030523241715065003
-0.031530579350650005, -0.021059866442999002, 0.076452707804984, -0.42086047092989, -0.094852077461458, -0.033252859642562
-0.027600342077863, -0.017621900060129002, 0.09551457307465701, -0.42760204469599, -0.087681564873427, -0.028622145211695003
-0.024102034207459003, -0.014569312807090002, 0.07080644760895001, -0.43430893268602, -0.10441591943066, -0.028883633817164002
-0.041339342499248005, -0.011825738233912001, 0.11012994379467, -0.43466152098396, -0.10930891821922, -0.032814117257109005
-0.044846680434743005, -0.011313622857683002, 0.12669865593375, -0.43450791827341, -0.11817486761509, -0.031593798391543006
-0.064131171367524, -0.011871961593138, 0.13315539818035, -0.42844790425493, -0.12957407090047, -0.02186431792066
-0.076598145555202, -0.024817159782861004, 0.17083606184979, -0.42943882303849, -0.1141166849677, -0.028147354562694002
-0.064110576767304, -0.012860834214723001, 0.0096422882870107, -0.41865369935195, -0.066008232233775, -0.021839604676173
-0.04765641883687401, -0.018292981482978, 0.06899141704594901, -0.426726308146, -0.08724369783744801, -0.03015679941365
-0.033535636805073, -0.017213509650412, 0.10915052418523, -0.43039971964568, -0.09617444609853601, -0.026700611011430002
-0.030599589164352, -0.017010354379693, 0.09875089940250201, -0.42426468878061, -0.11661953270772, -0.026340333925840002
-0.037162259263244006, -0.00979102051879, 0.13563355332594, -0.43030674542694, -0.11747955061087, -0.021641111250417
-0.045353414023538006, -0.0079219255969689, 0.14141968735119, -0.43876311846296, -0.10849987795894, -0.024769987181274003
-0.048740553189859, -0.0086909378633068, 0.14178634532307, -0.43926960518114, -0.11082889659524, -0.022981770098647002
-0.09360962184903801, -0.014595702849977, 0.24525417755383, -0.4279638655089, -0.12079533920895, -0.021610684011927003
-0.030434676162864, -0.016438667555212002, 0.062286679931541, -0.42091370533287, -0.12231696234563, -0.023329190857551002
-0.042055512336566, -0.012010169428305, 0.064916148153388, -0.41813792481537, -0.11689851788201, -0.019212184877340003
-0.036993611929709, -0.010290147687824, 0.07069750235546701, -0.42926235391905, -0.11517950074892, -0.023268353326232002
-0.032870561263281, -0.011018802404489, 0.10016843979216, -0.42914586914076, -0.10656951501621, -0.015592315676584001
-0.03562367461094, -0.0067788645536662, 0.0086496108482419, -0.44400285071757, -0.094511917564569, -0.015466811857539002
-0.05681268375009801, -0.003323973649802, 0.090372359761824, -0.44616839752964, -0.089652935884139, -0.016225244224790002
-0.045679195277867006, -0.0071111253014137, 0.051076790562784004, -0.44089475342388, -0.079553708143505, -0.026174789424991
-0.054255438519248, -0.0096307989434258, 0.15424501742741, -0.42873341305472, -0.14607260339783, -0.026320100482314004
-0.07677537843375801, -0.023793278242954, 0.32515592808069, -0.42958306038958, -0.1682115177358, -0.029597428329932004
-0.036946780862476006, -0.0057982624370725, 0.028349711347574, -0.4011438901722, -0.15744151475954, -0.017840815054567
-0.054043659994265004, -0.020700609083135, 0.17110736663508, -0.41153105748005, -0.16433690700855, -0.026731306932356
-0.024210141950645, -0.014606382103124002, 0.11261600438019, -0.41816069806395, -0.1580574783225, -0.029556699783561003
-0.02184631694983, -0.014308259530529001, 0.11498031704448, -0.42139658806989, -0.13497097587468, -0.027397711817876
-0.021776444174993, -0.011378470135771, 0.13777716699255, -0.43372544435921, -0.14291159721298, -0.025886792532404
-0.027609312615264003, -0.0079703033346189, 0.12573608990678, -0.43236868418189, -0.13877517725159, -0.027755176777758003
-0.030022970870632004, -0.0038893518709860997, 0.14005993004697, -0.43703921236305, -0.13437289982259, -0.025106598641988002
-0.059893413373465, -0.009961250235989599, 0.21548289171679, -0.434597149222, -0.129904595988, -0.018737517808529003
-0.038699488965336, -0.016577611156688002, 0.21191392639347, -0.44053096471662, -0.10678392830168, -0.019191901902439003
-0.020434037223988, -0.017988364488613, 0.12526493375516, -0.43373985405696, -0.12145642592879, -0.018772464052282
-0.016284677660062002, -0.021044124225026002, 0.14243011221874, -0.44200142723938, -0.10069641989807, -0.030472348623669
-0.021265033507456, -0.022892940541976003, 0.14781512348174, -0.43942227179445, -0.10569110357308, -0.030315816610373
-0.034192943547723, -0.020478037584666, 0.15352845515568, -0.42937534854153, -0.09491641900729701, -0.025454273537777003
-0.045378600788961006, -0.015120054182423001, 0.17978579131472, -0.4348477782681, -0.09285955332154201, -0.021667269536968
-0.035258323741802, -0.010611502673444, 0.1699931958129, -0.44002249457322, -0.10848193559533, -0.025728837063494003
-0.08644585946022401, -0.019492597081563, 0.21309441260685, -0.44425824974033, -0.12571033600617, -0.01834905936654
-0.053885788985346, -0.024695618879002002, 0.16879076126478, -0.43106195744112, -0.14174876775926, -0.022801465860001
-0.049150039612241, -0.020082191071798, 0.08431171934997801, -0.41408433428115, -0.10270858264651, -0.022556784075379
-0.039178511290136005, -0.019281789336854, 0.13257415786822, -0.43150871370013, -0.10421729860434, -0.027440554703220002
-0.033566813761561, -0.016738364979208, 0.11256091274656, -0.43782598763049, -0.10170819780888, -0.029696870462683003
-0.040192487803082, -0.016705819376904, 0.11919691771132, -0.43993812174135, -0.11267785683601, -0.028986762061045
-0.035480558266263, -0.010823840229133, 0.12707500110505, -0.44146448673674, -0.12283910897179, -0.026456139126394003
-0.045729753082700005, -0.0085653561410871, 0.14023646174469, -0.44710144469613, -0.11996586918139, -0.025060626914828
-0.05481121159614501, -0.015094950978846002, 0.1370837635123, -0.43861697928749, -0.11512756769395, -0.024398203961663003
-0.08198774939717901, -0.026481899330318002, 0.26259349632666, -0.43536897273245, -0.13228630008471, -0.025157666858303
-0.048256062415525006, -0.0076557825966413, -0.048851574893160006, -0.41880109586658, -0.06757402859693801, -0.015994977225467
-0.06507080690094601, -0.017362524034629002, 0.11326334817785, -0.43133659976669, -0.10561959991278, -0.025133919133456
-0.033860198483279, -0.020472947799008, 0.083482524427209, -0.43419941254061, -0.11213875061676, -0.026992128314279003
-0.037300835045132, -0.020945834854398, 0.079527230875997, -0.44111344672967, -0.11682609390598, -0.025598140171195
-0.02339450603633, -0.015057414361878001, 0.08277881854490901, -0.44614388694691, -0.11511226174662, -0.025830312126504003
-0.027908200513827003, -0.01371118952752, 0.11133600327999, -0.44818838565734, -0.11744968107579, -0.026704676501001
-0.031268992264999004, -0.01108951125888, 0.11985630524451, -0.44874973254264, -0.11672141548812, -0.027831000058716002
-0.066796163113544, -0.020373094961217003, 0.18634004422496, -0.4413094099308, -0.11335917079003, -0.025995069780869
-0.045136291957927004, -0.020041293294689, 0.10149489757674, -0.44399268531397, -0.075646648375713, -0.027608709945927002
-0.03617142521681, -0.024523176210526004, 0.08561192015259601, -0.44566077782533, -0.08491171409067401, -0.023603318135326002
-0.011384991802785, -0.027199526088610003, 0.12587229410439, -0.43868140505866, -0.10606340602813, -0.032387449529507
-0.010105469725273, -0.024165427015458003, 0.14932172445152, -0.43716828090603, -0.10737546770273, -0.030007622814198002
-0.022095139440289003, -0.022465655519222003, 0.14395425683166, -0.43374593413507, -0.092276411767684, -0.018996721607181
-0.046514168353245004, -0.020604716204557002, 0.18317842229401, -0.44326840326167, -0.087338563136409, -0.025423105131971
-0.051684359516926, -0.015276066575522001, 0.18964878242179, -0.44612713300122, -0.096775260448271, -0.0211052394708
-0.081676213220654, -0.028018997232756002, 0.22434655035136, -0.44724588203131, -0.1215791232356, -0.020930601331185003
-0.053436075938101006, -0.028441505550856002, 0.16267900922551, -0.43849669881713, -0.12070285183189, -0.029529297475247
-0.043114528166325, -0.022080441473898003, 0.05086439120989401, -0.43350075695925, -0.09228636678709501, -0.017917392830929
-0.04286707117449701, -0.024524157175846002, 0.10871222154771, -0.44403365785898, -0.09603048505633001, -0.026984683640552003
-0.037529789791382, -0.019615914685833003, 0.10678434155177, -0.44036735925252, -0.084919946262677, -0.024916031026303003
-0.035956244053041, -0.020789456229711, 0.10988950529063, -0.44863146896804, -0.1027349356189, -0.024226184782092004
-0.050799697922778005, -0.014210908994228002, 0.1175076512477, -0.44414368933759, -0.11058593981761, -0.018205830034126
-0.053521108420137006, -0.0099490812051874, 0.12533418302256, -0.45296940722887, -0.11495739784785, -0.025235746116079
-0.07943288471272601, -0.015139271188176002, 0.19615293754661, -0.45049821785124, -0.10769509084991, -0.028841624480812
-0.066361330282663, -0.028908252509846, 0.29116508663364, -0.44236229071775, -0.12223215185683, -0.021860103169205003
-0.055959559955979, -0.0084021092157245, -0.0056887166264046, -0.42651156750049, -0.08575699364953701, -0.012960418059304
-0.060139777836055, -0.021030161832979, 0.1053399951787, -0.43492743569856, -0.11851865119256, -0.024457082803348
-0.031062901813339, -0.015638035283167002, 0.063958356452792, -0.43692185696321, -0.10667356574149, -0.019624319922260002
-0.038113253698292, -0.016346894568187, 0.082734960538272, -0.44184559791237, -0.11140356616387, -0.027059564457490002
-0.043303234360889, -0.016068347347718, 0.10782822814919, -0.45057104833745, -0.11242647224206, -0.023007842460439003
-0.044269087273185, -0.0088014154242252, 0.11742682788599, -0.45092872924418, -0.12936072306176, -0.023870866535501002
-0.053882341063026, -0.0071952268691785, 0.13123430681858, -0.44954870482578, -0.1290005968077, -0.020555875571225003
-0.080744693267776, -0.015509163110751002, 0.16787491006629, -0.4372344192055, -0.14403089919319, -0.018961385546765002
-0.058456010533280006, -0.013389110695799001, 0.041191839230761, -0.43607629970348, -0.10071538842521, -0.020969781180470003
-0.07212833968636301, -0.0107093587364, 0.057248431176545, -0.4295772022468, -0.085042368971026, -0.012251090813315001
-0.039582890495914, -0.01421804590816, 0.097369746778507, -0.43927292930708, -0.12140177470676, -0.024235369495955002
-0.020247249409820003, -0.014889952124591, 0.09480005503110901, -0.43923463259388, -0.11553374200522, -0.029997844333955002
-0.022171735845754003, -0.010028929334695002, 0.074567342915105, -0.44415744535105, -0.10310368939203, -0.022695388603640003
-0.035744172290247005, -0.0070996463900163, 0.1114696295107, -0.44693681618903, -0.09281789724439601, -0.024958245650356002
-0.027965239693917003, -0.0081315960131552, 0.12888471108203, -0.45032400996235, -0.10031584508114, -0.018338120292581
-0.06130148865000701, -0.012934752039824, 0.22786039393138, -0.44818409436163, -0.095909880182098, -0.010658079032517
-0.04075970309647901, -0.026779534162164, 0.22574995315541, -0.44300306229901, -0.10604491692498, -0.015470947383116001
-0.032400584705863, -0.017405895606802002, 0.06863227938222301, -0.43151804177237, -0.08579031541170301, -0.012651347649580001
-0.045982539225940006, -0.024769717296690003, 0.12947079434914, -0.44376506789222, -0.09205433562105901, -0.02424042755554
-0.026432140766309002, -0.016031434661941003, 0.10825591649733, -0.43292484670339, -0.08038039154967201, -0.013641444111979002
-0.02467468889286, -0.015655301176511, 0.10722986132478, -0.43563592519031, -0.08640875994700101, -0.018853335609104002
-0.045183024860627, -0.011109652213334001, 0.12158918622951, -0.43685761636394, -0.09490410202414601, -0.01780327048632
-0.046816582913716, -0.0088816901616144, 0.10827668697798, -0.44205538400845, -0.10935736281585, -0.019839539486437
-0.09772447872553701, -0.018079650471894002, 0.2268991130024, -0.44216269231992, -0.11099013197578, -0.017205254409337
-0.048374237416000006, -0.012904733417957, 0.041317235917464, -0.42937478477693, -0.09903311699839801, -0.018346836998449002
-0.063484361390716, -0.013781957614099002, 0.08390200603998, -0.42735608382847, -0.090133685270097, -0.0080906919204935
-0.040228148694392, -0.020428497534705003, 0.09857227387745801, -0.44105298014999, -0.12046200417653, -0.024738253645110002
-0.036336158820608006, -0.016836726425099, 0.09110481559414, -0.44033308653781, -0.10828353693679, -0.0216710415534
-0.034964915274936004, -0.014205689473778002, 0.09377082379893101, -0.44587582512451, -0.10455268247722, -0.019495385969859003
-0.02731494736376, -0.006080292608793, 0.10475315698564, -0.45061566805625, -0.11436514364916, -0.020993943187835002
-0.046475880006402, -0.0081286841598278, 0.10756676369152, -0.44946370127893, -0.11822006878929, -0.017930329280389002
-0.07229762241035101, -0.011236466080245, 0.1721028690571, -0.43761882902198, -0.12931958341436, -0.014741066010997
-0.056757401597137006, -0.018029100663808, 0.11153649827146, -0.43087919132732, -0.10593295479866, -0.016374380226354002
-0.065957749216825, -0.0092640842979454, 0.015410994694142002, -0.4331220648164, -0.072210961222819, -0.0096095173227996
-0.044016169848215006, -0.018044326722933, 0.096171473957531, -0.43505535767454, -0.12628534736435, -0.019815214388847
-0.032210604717279004, -0.012515379408805, 0.10543349774321, -0.44172467280906, -0.12983739586213, -0.017402440279454
-0.037485520459551, -0.013864116451961, 0.10365007580638, -0.44604202496951, -0.12365506000579, -0.016851353547563
-0.036832024716144, -0.0081250139543863, 0.10661575653086, -0.44205034001479, -0.12363322055006, -0.015395260584811
-0.051715564668891004, -0.0066200969406608, 0.09791235534963301, -0.45336497785582, -0.12323607028158, -0.020038172764375
-0.06589137235868, -0.011515467227955, 0.14995788638962, -0.43996000769025, -0.11851224257383, -0.014329623435287
-0.044038962050704004, -0.017685026577665002, 0.15994439976213, -0.44017237001034, -0.12025320313688, -0.0093486092104958
-0.070599491836696, -0.0066887275165075, 0.034995939747573, -0.43288587554302, -0.073735056009471, -0.0029611339841829998
-0.036231710487796005, -0.017117647626409, 0.075401516614318, -0.44108122869561, -0.10428041537041, -0.024400243797439002
-0.023493005408233, -0.014727950685263001, 0.046481990600337, -0.43424938128098, -0.092229761044993, -0.022137592312414002
-0.0047605215984089, -0.015479098718026002, 0.07699477147507701, -0.44273168742784, -0.09336915616008601, -0.027417722975994003
-0.019401933679549, -0.01168976982506, 0.10026247838154, -0.43665536333151, -0.10662664239016, -0.023486270808891003
-0.026861073272824002, -0.0099859840686876, 0.11929422322958, -0.44388484811855, -0.10263311809794, -0.023394212165002003
-0.05905394681782, -0.012660581268898002, 0.20946362605749, -0.44506499097356, -0.087648671289921, -0.013038491330686
-0.039982823259688, -0.018737591739037003, 0.15164344022978, -0.43487850942329, -0.09501981520270501, -0.017274611743771002
-0.035407279238118004, -0.015446615716636001, 0.09390005790171901, -0.43219021804181, -0.08413210867876801, -0.015839197919183
-0.020596641181143002, -0.013551330422180001, 0.09072862920618201, -0.43952126398099, -0.08500141137893201, -0.015480907347524001
-0.040035030823484, -0.014289312284413, 0.1212711967515, -0.43752890868394, -0.06112319645349001, -0.016081111448826003
-0.031675350118419, -0.010590683393761001, 0.10779405485742, -0.43785134172577, -0.06478639013961701, -0.015956263404771
-0.029468446603025004, -0.0056365133400877, 0.11320407771625, -0.44430702301561, -0.08086748561250501, -0.013307573425897001
-0.045842477951431, -0.0063138939604192, 0.13222872495246, -0.44085122119536, -0.09316839807357201, -0.014150715726402
-0.055179141213682004, -0.020264014590408, 0.24380984685306, -0.43653206001852, -0.11259631545358, -0.0091315089812079
-0.039857212164888, -0.0061865569090464, -0.054442166262399005, -0.4258667019115, -0.08226120672379701, -0.0067897291559708
-0.055613281113755006, -0.015418966052279002, 0.063356538927856, -0.43639006803951, -0.10114964707689, -0.014814001907048001
-0.045057254151929, -0.011853128597945002, 0.059800858938354004, -0.43892556361825, -0.086971101410486, -0.012231131772990001
-0.048637319722527, -0.011165218524523, 0.046479361829021, -0.44046001237132, -0.09905058071674401, -0.010497003866713001
-0.048270983762432, -0.010913587657072002, 0.082868126647721, -0.44831533396508, -0.11528818475261, -0.015065709196578
-0.043446312793295, -0.0058743710413239995, 0.075659951122061, -0.45212758178068, -0.12410789989712, -0.012762760833374001
-0.07182799391364901, -0.011056218396602, 0.13160626213169, -0.44391304983877, -0.120540839096, -0.016147947881190002
-0.056562722949744, -0.017130422852568, 0.13310682565656, -0.43487032816603, -0.123973995448, -0.014732642000317
-0.043213292266881004, -0.0082552764020287, -0.069280601950631, -0.42777327917421, -0.085123423745512, -0.010827455205406001
-0.059236737041904006, -0.013233670063537002, 0.050449612892649, -0.43519903409046, -0.10888540077143, -0.008294639172715
-0.049130703271901006, -0.0085626889811703, 0.040791181922501, -0.43473425212567, -0.08645186120020301, -0.005741756429256
-0.036762667160116, -0.013341819486866, 0.065702055400867, -0.43789393975421, -0.096386432469866, -0.013456102066465001
-0.036705750916557006, -0.01125666221652, 0.048518039281607, -0.44606911822012, -0.10343708089077, -0.014920302887614001
-0.046583737642394006, 0.0013777879855687, -0.061968526115498, -0.47791899410933, -0.041236552667381, 0.004485721375876
-0.043438116241799, -0.010579325168857, 0.11600507633757, -0.43193014568474, -0.08447747886929201, -0.0090246125964019
-0.029505132394848, -0.021440799443599, 0.17105685000025, -0.42138399073788, -0.09546066241759801, -0.014671915942947
-0.037601730497726006, -0.02082133818032, 0.11783682512825, -0.41188697122973, -0.08910993683116401, -0.0046630517378502
-0.0140718006127, -0.027961319883720002, 0.17523609077653, -0.42854317241611, -0.13107079163179, -0.02523079334764
-0.00529997553125, -0.025290351562468002, 0.16923399378729, -0.4278101540361, -0.10931684817992, -0.025471408412193003
-0.015007807091571, -0.021916532227578, 0.18078592951901, -0.43090614317965, -0.10051668788293, -0.021520284883636002
-0.039884703316222, -0.018540576569308003, 0.22614458238254, -0.43174544379208, -0.09237940515194601, -0.016951964739615
-0.074956096022009, -0.019440220900894003, 0.26681496032225, -0.42761113488028, -0.10094060662928, -0.0060754877748409
-0.06125472965027701, -0.029135980357028003, 0.31141903629955, -0.42890413524754, -0.14088711715572, -0.010676215591729
-0.026716616190031003, -0.018853573965307003, 0.04962116466854401, -0.41778688275411, -0.13577943639338, -0.013529519312457002
-0.039645850511526005, -0.020748762507596, 0.11343913967381, -0.43007029788143, -0.13058322901309, -0.014849104212157
-0.040477231012501, -0.017737160869726, 0.11121430899167, -0.43216947973631, -0.11670534126115, -0.017264448868762
-0.033117990147096, -0.017828100068337002, 0.09773924360470801, -0.43555998577688, -0.11849649040109, -0.014091597116089
-0.044924626272754, -0.012522337441553, 0.14555087338474, -0.44187094920585, -0.13029920054505, -0.012012467464653
-0.05806226385459601, -0.014631145909071, 0.15437855001755, -0.43725609605845, -0.1371389239001, -0.014413569866741001
-0.12262677013268, -0.026766203685263, 0.37908424649543, -0.43711641668888, -0.13169797371446, -0.014795356687295001
-0.028748991193388, -0.011353971133445, 0.039624064898128, -0.42240031520742, -0.15777452977158, -0.018888177317121002
-0.037428275301376004, -0.014260315256788001, 0.056800046868862, -0.42811685463415, -0.1455852874773, -0.018368583664194003
-0.038201990305133, -0.0071370654032185, 0.059822931671785005, -0.43808037291266, -0.13810494111548, -0.020216385019725003
-0.030110201377041002, -0.0083605915360418, 0.08298438834414601, -0.44019023712401, -0.13745403615153, -0.015859955623512
-0.046422862648276005, -0.0047383273677556, 0.12164892553318, -0.44268888697355, -0.14315319022391, -0.018442071641101003
-0.025312822132878002, 0.0010329036599884, 0.068382745346848, -0.44275519625401, -0.1284151762747, -0.02184326314716
-0.040855085192706, -0.000247156522132, 0.10637560018207, -0.43653432096524, -0.12301868961497, -0.018821626667797003
-0.045906981755810004, -0.011823356351597002, 0.19644813607485, -0.43844732644315, -0.11813874701475, -0.027565519905088
-0.050793636066810005, -0.0046053380879388, 0.044227731728339006, -0.42471366285229, -0.074581454997244, -0.014642405294541002
-0.04600513783007901, -0.016513060171286002, 0.13989658625197, -0.44148635441914, -0.099848219161161, -0.020473440582473003
-0.021709060530224002, -0.0082451038125438, 0.088251929537821, -0.44015401808992, -0.09402904973407601, -0.024450278198744003
-0.021571915543073, -0.011781801199893001, 0.09077927108346401, -0.44442998792517, -0.09526473055876701, -0.027835296161528002
-0.017549492104124, -0.0088190315789403, 0.08604291363194201, -0.45134903281603, -0.085683901860907, -0.026519818106715002
-0.023711857932102003, -0.0051901077274682, 0.1118660064229, -0.4594976600802, -0.07083803000058, -0.020493325612076
-0.051573511399622005, -0.0092607021830397, 0.20067747109923, -0.45082701551215, -0.06478992677594801, -0.010542153097461001
-0.053668089598753, -0.017651323482148002, 0.19442226585034, -0.4472340382764, -0.093456242510232, -0.01896616854132
-0.026535497317796003, -0.019540113122940003, 0.0971985450039, -0.44780655277027, -0.098351740587318, -0.020081344894094
-0.037391529669805, -0.017999993062742, 0.07090099042332601, -0.44879177813609, -0.08327225954211201, -0.02278943808201
-0.039616177321454005, -0.016422214197209, 0.11123162008124, -0.45449090849881, -0.077865478732105, -0.020551823986427003
-0.035241098570423006, -0.010219499247275, 0.09317744449507401, -0.44917165466114, -0.08316828065312601, -0.014719683323044
-0.045195244035794, -0.0092205885549041, 0.089407993409002, -0.4586118427364, -0.10471445660116, -0.018722915683015002
-0.059447029345232, -0.0086059881381065, 0.12432762369691, -0.45003340008437, -0.1094912761222, -0.0033761610274769998
-0.08740578952154601, -0.011531194859105, 0.062793565331837, -0.45520979012315, -0.098767588397718, 0.0031549329724039
-0.05981759847692401, -0.011038588245295002, -0.030347534993203, -0.43122348896664, -0.048166760032985007, -0.016619373682452
-0.054144422172095, -0.017744045190939, 0.10178303430253, -0.43922049668471, -0.11103691447012, -0.013323329807527
-0.049196686057413, -0.016204308928298, 0.11444122934122, -0.43082150251805, -0.12778052532446, -0.01233047676698
-0.037943794116582004, -0.015695997128509002, 0.13157172128576, -0.43508515126089, -0.15844336601867, -0.014217276985888
-0.044688439252515005, -0.013930053121593, 0.16059998226755, -0.43834003137103, -0.17608311363682, -0.021652495526835
-0.059488688078516004, -0.013096073091163, 0.17633543157548, -0.43917084416206, -0.16671203983604, -0.023985413618403003
-0.10303503849208, -0.02063564606778, 0.24849649165563, -0.42510501098198, -0.16508102179611, -0.019154360244136002
-0.039261560763250006, -0.016805011902047, 0.053941466014035, -0.43004378132037, -0.13912824472917, -0.019839115118288002
-0.079008460981247, -0.0072952694372556, 0.06344537567394501, -0.42337576627215, -0.089546853016071, -0.017192101501528
-0.050931625299693, -0.018750057961571, 0.11318209937862, -0.43777953503097, -0.10845731194045, -0.031676975724773
-0.035286126907088, -0.019737048327234, 0.11376794904019, -0.44110045173555, -0.1303010247311, -0.035668344597452
-0.019700908595945, -0.019680020053486, 0.10744853276168, -0.43990828557165, -0.14646408481879, -0.039886429838503004
-0.022697050530749, -0.013243505443989001, 0.08616464666125101, -0.44597011356652, -0.13416714337524, -0.037918371205965
-0.025022957668179004, -0.012179140615888, 0.10846271187617, -0.44292641685828, -0.11025147250955, -0.030458380789948003
-0.012643143419288001, -0.019999969894233003, 0.22143093513037, -0.45072677440003, -0.096937472876329, -0.034420146673248005
-0.044493554784004005, -0.015643068583106, 0.051911304434043, -0.44792860837767, -0.072288933735385, -0.028522124082360004
-0.045108876600414, -0.023741364493193, 0.1274460002186, -0.44560873831107, -0.10189896684113, -0.038779744987325004
-0.023205456064981003, -0.020687109959692, 0.09221284564585601, -0.44058745084961, -0.083827439894524, -0.034662494519571
-0.032104900380672, -0.017283395873031, 0.11628766721252, -0.44887520084124, -0.07577073825399401, -0.035558815365604006
-0.044633686039615005, -0.011320179664431001, 0.13116812204789, -0.45090911365610997, -0.07154312525442101, -0.031726068051784004
-0.069305278902607, -0.01442941722978, 0.19073093502294, -0.44406535238928, -0.079747585097987, -0.026335678233595002
-0.070855195376475, -0.025698056689647003, 0.23669317251095, -0.4432424076158, -0.11097773375073999, -0.033344856043387
-0.041915382458829004, -0.010518250516521001, -0.021826467439875003, -0.43290268538024, -0.09509156934543701, -0.023051582182861
-0.05894105791213201, -0.017254500444171, 0.081313120203196, -0.44114320218674, -0.09100513246322, -0.032579326549438
-0.05529141976028001, -0.015092114129629, 0.083118703927337, -0.44113228955692, -0.083905113160047, -0.03208032840733
-0.054700810973761005, -0.015254741001717002, 0.089192899942776, -0.44411475706664, -0.09354378204970501, -0.029095496566054
-0.062815593170467, -0.011485791304607001, 0.11120638528283, -0.45392025929825, -0.11536235920654, -0.024665036835374
-0.05541295088677001, -0.0091271800367776, 0.076438757265353, -0.44190126851114, -0.12974085327606, -0.024266203005006003
-0.09976970617932401, -0.028020368453419, 0.2333361024397, -0.43976822565475, -0.13178509632348, -0.024060260643107
-0.063482383627584, -0.0040258768438996, -0.08608789028588201, -0.42534837198921, -0.11010839329399, -0.020145291174737002
-0.062671796462785, -0.022208293042339, 0.059139700366077005, -0.42959084188096, -0.11456614466225, -0.024574186771973
-0.058580900910366, -0.01425866994799, 0.016866967531208, -0.43308639610243, -0.12468892519769, -0.018434441205748
-0.060321745188033, -0.011867937528296001, 0.040852083176042005, -0.43546560664314, -0.12412533230092, -0.023118394082625
-0.049300285731654, -0.010816069616971001, 0.092110276643365, -0.44537944938703, -0.13534530339278, -0.020662336899485
-0.046182933126060005, -0.0059064032800352, 0.049131869580216, -0.44305097414047, -0.12555193234485, -0.023845323579362
-0.064070953161467, -0.011371702030209001, 0.14084470474929, -0.4322654004565, -0.11656505806918, -0.018320700781662
