Pichu
0.0, 0.0, 0.0, 0.0, 0.0, 0.0
-0.0014625443283308, 0.0070085689469164, 0.036898115180370006, 9.19627971082e-05, 0.01036482413762, -0.019190370749052003
-0.011078908428953, 0.000805106902388, 0.062615731569874, 0.0026568680037257998, 0.0041920768479309, 0.033464383060902006
-0.011640222507485, 0.004171742239201, -0.051270651590919, 0.0022570587112332, -0.0006701705364442, -0.022738130505821002
-0.010435390873842001, 0.0019208435427347, 0.038998188081776006, 0.0006437345624458999, 0.0004793531384876, 0.007916534746864
0.0011403559130462, -0.0048043654128913, 0.025066523386604003, -0.0018199727313416999, 0.0048954744714722, 0.03475509428007
-0.0077691877111066, 0.0033070176248172, -0.034930640305417, 0.0002089779353025, -0.0068675933497432, -0.028816062061543003
-0.014629655818886, -0.0010609906869655, 0.12148314999769, 0.0006325521966761999, 0.019556251543654, 0.049622212467671005
-0.018657919057207, 0.0072868482701308, 0.024151051153975003, 0.0017524829030636, 0.0094978899532013, -0.037499522391592
0.0023763237497682, -0.0086132268411439, -0.09314312429122201, -0.000759326019621, -0.012111486275931001, 0.048665506168875
-0.018496407292239, 0.0087601444334755, 0.023547902485511002, 0.0031645804303951, 0.0049424368630709, -0.05289858392353201
-0.0025755297944319, -0.0020147868796616, 0.038287511438835006, -0.0025357245486835, -0.0065508110843866, 0.038811245834426
-0.013660613675195001, 0.0034824455638635, -0.10013175845217, 0.0017675407251656, -0.0035206038752614, -0.035109821270052
-0.015852567152507, 0.0048886076022082, 0.24013215995923, -0.0010134024961892, 0.026980878048544002, 0.03118933104678
-0.0004411875201476, 0.0010786578877259, -0.090583430590728, 0.0018595987752795, -0.0062461122717568, -0.0012692472775121
-0.02304997160444, 0.0028520676878791, -0.043940062048293003, -0.0055549118380635995, 0.0013396935703089, -0.018258114958226
-0.0076719392573244, 0.0054423468440750996, 0.072187028395232, 0.0026038295888267, -0.0017339696971622, 0.0050581444805275
0.0062424671609091, -0.0020987473778544, -0.025273632017266002, -0.0035711607633975998, -0.0053897496388504995, 0.0043225842676206
-0.0097483682232705, 0.0044845923629509, 0.027050163265086004, 0.0042819984038047, 0.0004130192380435, -0.017515383554268002
-0.0076552524114611, -0.0032963370228933, 0.08555109779104601, -0.0032180369376828, 0.011100944091476, 0.038478225130952004
-0.011263915852466002, 0.0053407258112472, -0.049808876158638, 0.0027459152975397, 0.0001602882090453, -0.018880308649872002
-0.0016734757365686, -0.002697064056834, -0.097746853987953, -0.0036062640694348998, -0.0081913909152938, 0.023255245550959
-0.022254188718727003, 0.0032924003597734, 0.098620832289132, 0.0037191579376904, 0.011869280373978, 0.014811968084189001
0.0067019403524538, -0.0015544736637077, -0.06870627684487801, -0.0030734614093423, -0.0086130916028038, 0.011985075490189002
-0.018102614991481, 0.0045737531175218, -0.047614261080416005, 0.0026451370122361, -0.006879185530997, -0.026549813710364002
-0.0035873421550182997, -0.0017307125775545, 0.18138954318726, -0.0045131786595354, 0.0098466919068846, 0.05488448468702101
-0.0083752724447832, -0.0028110671421719, -0.28415383811157, 0.0028838132414293, -0.019310407380426, -0.013777571772977
-0.020091025938302, 0.0060411892112823, 0.16015873898159, -0.0006102465498707, 0.020755968674421, 0.007565966228704
-0.0039368498557592, 0.0019210962358063, -0.066238015902287, 0.0063879518981112, -0.0067409063751268, 0.0040828185728864
-0.0018715440168176, 0.0031939945062438, -0.07933662369991, -0.0049552262748301, 9.89822833422e-05, -0.034068361513516006
-0.015920296833259, 0.0065529204834432996, 0.13911443819084, 0.0016885193274149, -0.0012632245487266, -0.0018745712217902999
0.0076456084489289, -0.0024637958764084, -0.094808954026685, -0.0064971524208781, -0.014588081572269, 0.0049802890197607995
-0.026066533676359003, 0.0068817510040587995, 0.042742207604852006, 0.0028133559017176, 0.011242381785959, -0.014385282459459001
-0.016957947389546, -0.0006697786126709, -0.048633920840900006, -0.0022946771484043, -0.0047487108882758, 0.017167517954164
-0.0020025175682716, 0.0043865011004699, 0.027812397716810003, 0.0028575258862699997, 0.0007777910020905999, -0.000304499032805
-0.010096404933663001, 0.0022181907754261, -0.052374679880075006, -0.0002735734666953, -0.0060858977677177, -0.0019986844858246
-0.0028734728598795, -0.0014120033711095999, -0.05945408053402, 0.0012383604008564999, -0.011516957310738, 0.029806623322328002
0.0024300409393422, 0.0056122530415869, 0.056974339301825, -0.0033015416757066, 0.0005002351281908, -0.034719118305716
-0.02993865490822, -0.0018515074997186999, -0.054263227460341006, 0.0021981683640253, -0.0001758037241134, 0.017946103930805
0.002713505190128, 0.0019163887736509, 0.10556580994570999, -0.0056485157056200995, 0.010699586883502001, 0.0055057579724704
-0.020107338338547002, -0.0020122919103203, -0.13696885449595, 0.0060838896889834, -0.02080332830456, 0.018528312780004
0.0020325379878742, -0.0010199082338254, -0.11884207339681, -0.0032789671842422, -0.0080883015221798, 0.012289647715659002
-0.0020647269305965, 0.013114655756097, 0.13311455047169, 0.0035223197318179, 0.0013852221933383, -0.028987252950323002
-0.0018684310537813, -0.0065611422243196, -0.12779016890349, -0.0053201166637306995, -0.0076895347311006996, 0.039117170238444
-0.01177995585354, 0.011712593155905001, 0.066644290308665, 0.0023207973329948, -0.0081577028233716, -0.057163798555403
0.0016899106844688, -0.0093859409963997, 0.06857760986198101, -0.0030446544100404, 0.001975888583494, 0.08823601115255501
-0.025565570084496003, 0.011014955252875, -0.17625833315383, 2.1933677788299998e-05, -0.0038733086777411998, -0.08016847013944
0.0015002584655384, 0.0041005089145432, 0.059355507284157005, 0.0012899572461719999, -0.0039667036091818, 0.0081917046467658
-0.010900722318204001, 0.0036749399037125, 0.07098536101579901, 0.0010567350447917, 0.0052118589666254, 0.011579964598103001
-0.0009792242296106, 0.0042148059883036, -0.09649799236600501, -0.0031657958073136997, -0.013420462867647, -0.044182495940178
0.0004231720279052, -0.0076142178152918, 0.014250065929820002, 0.001776141374305, -0.0041765502392912, 0.09051252017015601
-0.010371392826540001, 0.0037999543712708, -0.057152646206975, -0.005343511349184, -0.0091325812230788, -0.041121118140365
6.87409955175e-05, -0.0041036743349044, -0.050086758048122, 0.0029655190757832, -0.0025100926358818, 0.051798819639222005
-0.021932741411272, 0.0074052894722856, 0.0051592289808979, 7.3128962018e-06, 0.0089585366884836, -0.037231839568346005
0.0019590497923836, 0.0050659577298741995, 0.0054104790962028, 0.0015727148463657, -0.010987172711311001, -0.0001653219880306
-0.011471329066288002, -0.0035334151969057, -0.034392067899391005, -0.0006853197309523, -0.0077415870667350995, 0.036122558964669
-0.0027364909123805997, 0.004179590447586, 0.038931524656878005, -0.0015583278777005, -0.0012524200810597, -0.012825384757589
0.013433753216976001, -0.0051360162789381, -0.14193654964275, -0.0015368025650942, -0.013598195306795001, 0.028900569597075
-0.018902102700355, 0.0053266818230258, 0.089963417679172, -0.0030028830636533, 0.022886434938935003, -0.015365915440675
0.003228344246084, 0.0009755386117635, -0.15867415624968, 0.0011352814926906, -0.014839321162218002, -0.0011028986597713
-0.0086727559483474, 0.0028163314164911, 0.041042512741597, 0.0006090158770219, 0.0080971922164293, 0.011981481978789002
-0.013054940378324002, 0.0032054993808861, 0.0042139483673478, -0.0021612894665597997, -0.014567217721608001, -0.012267598355671
0.0008499914827799, 0.0005232572870054, -0.079013682470755, 0.0029009473869714, -0.0081061936648653, 0.0047225272439225
-0.0064355685802662994, 0.0040206716135873, 0.09946470528937601, -0.0043210220213594, 0.008814785852059099, -0.010399659169166001
0.0044953801646081, -0.001814710047774, -0.21584806895341999, 0.0027145847498186, -0.019403080892349, 0.007453195017372
-0.0054909856783955, -0.0013601500561685, 0.050367061731837005, -0.0023195361238671, 0.013863412238531, 0.035483101795894
-0.010885683374091001, 0.0048305213512184995, -0.12110549814809, 0.0008822228252363, -0.014760567570466001, -0.026405409766781
0.0076334371238948, 0.0024220100702684, 0.022913591996331, -0.0014190854213058, -0.0026606845991022, 0.010458419221658001
-0.012370786278167002, 0.0055623837639977, 0.048937334154014, 0.0019022219320281, 0.0076784269608209, -0.0096257113801032
0.0010191630088107, -0.0022196690601774, -0.1581404253001, -0.0003916787287494, -0.018541324475887, 0.00041362090020439997
-0.0006540785477274, 0.0007270631352433999, 0.053310933622985, -0.0003243449690766, 0.012680112898047002, 0.029303943854756
-0.009863902899424199, 0.0046491705531461, -0.09880731429252101, 0.0006798374816599, -0.010268143189702001, -0.026834048396592
0.0066894552938546, -0.0009537487223531, 0.03736092526221, 0.0021609498876464, 0.011398429847425002, 0.034824371525724006
-0.0033130292843175, 0.0080906805720296, 0.047072096741237, 0.0013872468494279, 6.18382060993e-05, -0.024686214757299003
0.014525153813693, -0.001971855704987, -0.18967330310652, 0.0001363047025534, -0.011359004851913001, 0.0058592211508342
0.0012833995909655, -0.0018610358573263, 0.038758927684883, -0.0029061126004723, -0.0015687440577971, 0.029036714168682
-0.0040623917100238, -0.0016938932338812, -0.094277252792517, -0.0011138040905978, -0.018633552666473003, 0.0005648496421018999
-0.008510483420693599, 0.0017990237477556, 0.068116264892464, 0.0006885083224388, 0.011596413062357001, 0.022221532434123
-0.013101366429257001, 0.0062148757795924, -0.053245574014996, 0.0028608774800742, 0.000727985615794, -0.030106446527691004
0.0041982838111946, 0.0040710007959307, -0.033013867124784005, 0.0035997989775629, -0.0018599278058305999, -0.0065548644100209994
-0.0074697226114055, 0.0028093411349212, 0.0065174839451857996, -0.0018190321561342999, 0.0056909559067667, 0.0057132234642783
0.0064151498880142994, 0.0003551478217661, -0.13668140082545, -0.00022255079221569998, -0.018585553153195003, -0.0020302181836439
0.0007411444797051999, -0.0033950368598462998, 0.032061487301745004, -0.0014041525239657999, 0.0001108244924439, 0.035953281731278
0.0013422668649552, 0.0041655399289747, -0.010002504045126, -0.0004706476022604, 0.0047730944969115, -0.025582775200368002
-0.014543961433895001, 0.00044761658630569997, -0.1503384238788, -0.001301722679465, -0.00024194749263, 0.010269261730958
-0.0007567848724841, 0.003834650818478, 0.07233399133290401, 0.0009557265672641, 0.0075107185063541, 0.0005771234570608
-0.0081667121388472, 0.0010725877178734, -0.07712220936962501, -0.0010403063797771999, -0.010662357138562001, -0.010006556568555001
0.0077318344887020996, -0.0045386421688466995, -0.11702953237005, -0.0010807463633839, -0.0044667796520624, 0.040914959549539005
-0.012020708363535, 0.0044014039836248, -0.073686658479355, 0.0005387292405055, -0.014172651333298002, -0.028384172421954002
0.0089878326964082, -0.0026915859023384, 0.014172946432198002, -0.0005685685296339, -0.0006930269779324, 0.045711765255136004
-0.020337560277616, 0.003549644739726, -0.25778128009908, 5.53301935035e-05, -0.0041845304759843, -0.039600261378892006
2.42177024531e-05, 0.0020504698820852, 0.023308233689477, 0.0012884852630529, -0.0017666690594792, 0.023729017747662003
-0.009125731769992599, 0.0021285877715871, -0.014908841701718, -0.0001879512530737, 0.0023575137351146, 0.0067278265444922
-0.0075219165732802, 0.001657604402074, -0.14274398649712, 0.0035461302465188, -0.016389628752051, -0.011681169870882
-0.0007340941582008, -0.0005266851112001, 0.07805322256118201, -0.0017237692581451999, -0.0004515958749117, 0.023973571898283003
-0.008279145824671999, -7.266188393979999e-05, -0.21660505805555, -0.0009968730996007, -0.01796393383148, -0.020283805817366003
-0.010584572045457001, 0.0008750633110143, -0.066261611020599, -0.0001788099349051, -0.0010595719866946, 0.0075770219837101
-0.0018407786166964, -0.0011641759823304, 0.0051583304095414, 0.00015518011958899999, 0.0012272850140902, 0.022161993362592003
0.0011074809728187, 0.0059681025970374, -0.13863442764562, 0.0007972885946171999, -0.012104784667988, -0.035756425885487005
-0.0051007713608288, 0.0019997688362356, 0.057493455896234, 0.0010257472475759999, 0.010100782152386, 0.029718102773093003
0.0005374369038796, 0.0010115039407516, -0.15549317158302, 0.00037986840783979997, -0.025728636029594004, -0.010310602689214
0.0014716007972408, 0.0014534448288768, -0.0046727957896959, 0.0010239740687175, -0.0032938759993172, 0.012538526467987001
-0.024096340078337, 0.0020643753553783, -0.041298289701108, -0.0050780305656917, 0.0009872890675568, -0.0052414500748368
0.013500374636366, -0.0032558600217243, 0.0049281920466071995, -0.00015516408029759998, -0.0021404085559527, 0.032305531456028005
-0.016169192935551, 0.0026762532065419, -0.11748672927806, 0.0006910223217736, -0.0019268270337021, -0.022249911410564
-0.008144943107621299, 0.0037439253390948, -0.0012646757972807, -0.0003335856038021, 0.0035379466348339998, 0.013694834011112001
0.0001992224118038, 0.0022859994690625, -0.14767028691074, 0.0011670362399773, -0.023090147288474003, -0.021681813658820003
0.0099800201278787, -0.0015510219875044, -0.046967461559413004, -0.0015053711263578, -0.0016052583801359, 0.025056834786136004
-0.0079094970158759, 0.0038165523854339, -0.027871905932064, 0.001112174276078, -0.013622095343835001, -0.020133638502176
0.0090711034303668, -0.0007254205581229, 0.040490994137086005, 0.0001725220169721, 0.0024775132401211, 0.024921730098131003
-0.016486280357061, 0.0054721987154935, -0.19593303483867, 0.0006625171614765999, -0.014743375654130001, -0.051791467644861006
0.0044343258434447, 0.0026904271642943, 0.06042716589200701, 0.0012752972216362, 0.0012525535028203, 0.022559889317881002
0.0051546898706539, -0.0013702390576665999, -0.047973339580570006, 0.0012447140557841, -0.013479963805798, 0.01158812338446
-0.00120263521134, 0.0032039880783917, -0.18079967988604, 0.001076873747611, -0.022539796632038003, -0.023331205592999
0.010856888073948, -0.0024507005914184, 0.06367856906079701, -0.0011920665721652, 0.003611786123376, 0.051756491455902005
-0.0043023643235964, 0.0017904832317718, -0.20309522904555, -0.00023085645996, -0.015997251080841, -0.022953705101616
-0.0074708245951719, -0.0014120507442556, -0.102029940883, 0.0006727332279928, -0.007387368665748, 0.016938599554572
-0.0077979865012218, 0.0077415929014549, 0.025665352166637, 0.0027997334373267, 0.0092929723446438, -0.004654762348623
0.0028906652863819, 0.0039433690397801, -0.14570557106512, 0.0017561752790606, -0.014081436962335001, -0.015694910889063
0.0024682360504542, 0.0023198195523015, -0.06775368262418001, 0.0009117703238828, -0.0069940292287339, 0.011964877503072001
0.0007875383286386, 0.0049585824470188, 0.023707976120590002, -0.0001188689322432, -0.0083906177671699, -0.0091690582116762
0.0095770949600486, -0.0052265144678514, -0.17595194359144, -0.0023105573997317, -0.017601322894608, 0.023499768224055
-0.013377056719736002, 0.004492549862817, -0.10400565474777, 2.22927167955e-05, 0.00037294856760599997, -0.030128919916719003
0.013439811815588001, 0.0021504317907015, 0.060339018459978, 0.0025908557803293, 0.0072086847280583, 0.018411967112081002
0.0071695212747643995, 0.0031034740804435, -0.08941536003079201, 0.002076895498518, -0.0058757297022929995, -0.0035047446304930997
0.0042994213167178, -0.0017418172657378, -0.19553489328489, -0.0016924635145186, -0.018794402993335003, -0.000784844617477
0.00195824291739, -0.0009965757454535, 0.034110275360505, -0.0006356773059963, -0.0027226742578406998, 0.015456544170112002
-0.0031802813580192, 0.0003341317973234, -0.12958674337888, -0.002522926185348, -0.0075681464332900995, -0.0074430128774615
-0.0036223875186182, 0.0007967873270781, -0.16936746753136, 0.000549778534991, -0.0084415514113169, 0.0042963199429717
0.0049687740046792, 0.0045775507551419, 0.047513965265369, 0.0011863307804169999, 0.015123568978690001, 0.0058711758437053
0.0043502335412289, 0.0006782259754237, -0.23924319865509, 0.0018853489861493, -0.018684214532131, -0.0025295966855352
-0.0005786726374143, 0.0050456695422853, -0.089124458980102, 0.0019799284290265, -0.008082957513697999, -0.018439737717263
0.0082965996626569, 0.0038783636018085, 0.037597297634684, 0.0016679989457558, -0.0072399174981172, 0.0081285043252634
0.0074577396985873, -0.0015081796521957999, -0.23252111010156, -0.0012950504916844, -0.022120846282677003, 0.0021551119191936
0.007693814318112, 0.0056020198263694995, 0.067150710899518, -0.0005710844578825, 0.0064658674079413, -0.0085881064193849
-0.0016083510651603, 0.0015926176143767, -0.034425834493196, -0.0020879345636087, -0.0023540728476742, 0.012725215591643002
-0.0064773357220656, 0.000498210982266, -0.24637691324357, 3.98532132105e-05, -0.009806748900432899, -0.024147127368344002
-0.0033329633347381, 0.0028848301164639, 0.046932761782477, 0.0015490201650284, 0.0011282784578444, 0.019642111219853
0.0088864931419851, 0.0040866137271075, -0.061689418716885006, 0.003152030359402, -0.010345613037808002, -0.020981982328468003
0.0111430696178, -0.0004636225103087, -0.07767739693731601, -0.0006934113813099, -0.0025051577661734, 0.024291241779083
-0.0093070958377885, 0.0046869729070602, -0.067240797350731, 0.0018267129185693, -0.0062142481310921, -0.025666404404911
0.014727612119584002, -0.0064898427384339, -0.13496726546743, -0.0043280614333456, -0.009673580884344399, 0.043281094107340004
-0.0045380260645037996, 0.0060038644742018, -0.3131926463784, 0.0016986181973215, -0.0092622354551548, -0.06031312783990601
0.0006213984922416, 0.00042661571109249997, 0.10074704666579, 0.0013001119045034, 0.008605447159641899, 0.048858583906682004
0.0085739849339512, 0.0039239895637699, -0.14737177324312, 0.0038187974196777, -0.009411514308556, -0.026419539165192
0.0098480355938018, 0.0010603934327872999, -0.13330640011826, 0.0006819307375952, -0.01052663646232, 0.0061847965134504
0.0005313452475559, -0.0028035492479643, -0.08118876164881701, -0.0016787289333534, -0.010372997271830001, 0.014684033043135002
0.0070262717217329995, 0.0009761433001271, -0.13956610481786, -0.002440711621994, -0.0047266465138302, -0.01213074189078
-0.014473112842146, 0.006041134808129, -0.027746226447592, 0.0029638860018246, 0.0094042677462302, -0.020056384397713
0.011014692878562, 0.00031799596402529997, -0.031910556013701005, 0.000129592801531, 0.0038677148079561, 0.025867473613414002
0.0065667195738469, 0.0030727082147015, -0.2702139603072, 0.0019319224580696, -0.020926188766603, -0.025142145843931003
-0.014303356037125, 0.0012214719050835999, 0.036312187777384, -0.0016527133738211, -0.0002467084788453, 0.013416359836636001
0.013671019924208001, -0.00039060640738129997, -0.13395180229622, 0.0011119050279182999, -0.019205724858923003, -0.0017878027062262999
0.001462321285039, 0.0009820113865869, -0.092774167055056, -0.0013037287637813, 0.0009343237904168999, 0.0014417190503264
-0.0013663909784161, 0.0046646876509448, 0.015021092492345001, 0.0018134361678814, 0.007744453647879099, -0.013625806075331
0.012924345362941, 0.0036441339925147, -0.074917489244612, 0.0002878855828628, -0.0026855041403471, -0.002123585550134
-0.0088772255489533, 0.0011978327548027, -0.15554235539732, 0.0022769676880898, -0.0088517762834791, -0.0043524287959762
0.0074662967524569, 0.0008441240358141999, 0.011562992213007, -0.0012222757976902, 0.0015446543401534, 0.025618241479619
0.016832297299655002, 0.0012362104852149, -0.10560642715789, 0.0027654358444213, -0.014417962313073001, 0.0056163590856027
-0.0045466857239198, 0.0021688932695687, -0.09269479022016201, -0.003183708225618, -0.0047403211306149, -0.019987075880440002
0.0038768986807728, -0.0038501890593418, -0.036123193790455005, -0.0003207583686648, -0.010258844880498, 0.036862831747605004
-0.0009250161659595, 0.0026138875682073, -0.17169148625999, 0.0013651039638387, -0.0044441712636758, -0.030388724300060004
-0.014498411747918001, 0.0044086178826805, -0.082582910920725, 0.0030843397554077, -0.0051729979841741, -0.017967788190466003
0.015108858034050002, 0.005141967007747, 0.0065486755831843, 0.0027899445623091, -0.0043705687358824, 0.0061148799729423995
0.0008801139455861, 0.0034913122633759997, -0.11990226726662, -0.0008975312466401999, -0.008308535494927799, -0.013559468788936001
0.0028026083797962, -0.0041374121653518, -0.24204932156438, -0.0014239558105257, -0.024977841852629003, 0.0022893616381423
0.010979619597815, 0.0037834110820581, 0.042987252670985, -0.0011753736453246, 0.0015287910648532, 0.0081523383632593
-0.0034082005911637, 0.0009319224015487, -0.23159672301645, 0.0009999486523026, -0.0075522137696653995, -0.015592594469108002
-0.0034550295184599, 0.0032481948783433, -0.030665864555185003, 0.0013933392385769, 0.0009876323813843, 0.009958190556450499
0.019541013893443003, 0.0050389903626075995, -0.0004932831379458, 0.0016151744405284, -0.002075119294839, -0.0075679245427121
-0.0057342238182047, -0.003560614763457, -0.28976589636412, -0.0011852818020098, -0.026232182826186, 0.0071893525476037995
0.0013284650164481, 0.0013792482993416999, 0.0067534588504716, 4.94775484313e-05, -0.0055063128894210995, 0.002341701334346
-0.0001910442787304, 0.0037308935531865, -0.062725530674324, -0.0004707267360174, -0.0085884935873459, -0.010128163462964001
-0.0031314771278171, 0.0002282336490833, -0.1372285238827, 0.0026478414904487, 0.002529246772885, 0.0097728255103022
0.012108042313706002, 0.0043660942389619, -0.037072988932763, 0.0021727235073721, 0.001932149960508, -0.0036125656031749
-0.0011234558823239999, 0.0012768749231104, -0.20448064678788, 0.0016219961663552, -0.0079512105992202, -0.0019261894838966999
-0.0050559009410511, 0.0059413507559032, -0.033076093346675, 0.001538874247568, -0.0008227130952887, -0.0058423714352283
0.0056450101993803, 0.0037517073980413, -0.093046736499548, 0.0016005408485957999, -0.013679158978907001, 0.0027976467428088
0.016330009537396002, 0.000941950726849, -0.11113399815024, -0.0004556450376531, -0.0076070122633328996, -0.00643387756977
0.0046413201441070995, -0.00027628853641079997, -0.13574555618998, -0.0015345156155992, -0.015499075051340001, 0.0018479058142056
0.0090864571290201, 0.0005384492555225, -0.044531926704944005, 0.0008537537153101, 0.0008170453176331, 0.0096511959837305
-0.0067358309571452, 0.0055508523974031, -0.16313831669367, 0.000238260522126, -0.004301840700767, -0.022019208859105
0.015782167598943003, 0.0006664621198058, -0.14112444505618, 0.0012747226055666, -0.01247865524102, 0.014955428437884001
-0.001627925865363, 0.0069048530922181, 0.012438735284893001, 0.0021613459765019998, 0.0004154423085355, -0.01615235054284
0.0063898535677173, 0.0027018352754399, -0.14780629875511, 0.0041758607835054, -0.0086654869136326, -0.0072106355994223
0.0071590535768249995, 0.002328334469632, 0.04035655441324, 0.00024165154019729999, -0.0039812566642449, 0.010453768691852001
0.0032854383764168, 0.0025576432852046, -0.11403048004224, 0.0004927074644074, -0.0009955579843518, -0.010893715887427002
0.0001320062190188, 0.0005353086624091999, -0.12267012754157999, -0.000797024141904, -0.0031238519162117, 0.0086912065512837
0.0026831429087629, 0.0048928801502736, -0.06493549438110001, 0.0053478673678582, -0.0038205474432701, -0.0046300584295027
-0.0027303969964653, 0.0072658230870159, -0.11601525760275, 0.0006834164398574, -0.0077426053366169, -0.022372655978484
0.010744360388184, -0.0033035006909935, -0.11241321376526, -0.0030511300646697, -0.012502491581349001, 0.02577470325551
0.0067413791119368995, 0.0038404846952695, -0.0878964367031, -0.0020095924294356, -0.010713708688747001, -0.023182823543899
0.0041640236598664, -0.003089719355227, -0.11098802315825, 0.0009614321432805, -0.0044398411094076, 0.03172509659894
-0.0034654754056235, 0.0058148224496411, -0.042847169230399, 0.0014113332542159999, -0.0016714920826306, -0.021367496762618003
0.01677813123108, 0.0024130016465121, -0.097893460435217, 0.0024046168361513, -0.0069935083836847, 0.0099664747985899
-0.0023206054808033, 0.0036109006164566, -0.14573058884854, -0.0001322114501199, -0.0124373712917, -0.020313756205153
0.009495441578892299, 0.0033706476878083, -0.032448362458654005, 0.0029916309647163, -0.0072975940365672, 0.0037156144077021
-0.0022046870958776, 0.0033449708812023, -0.11162678678979, 0.0010530730296858, -0.014048880268816, -0.0040710884709999
0.005845132863934, 0.0019813626934348, -0.07676021050026001, -0.0007422748878536, -0.0043739503993195, -0.01100252957799
0.0075250464751231, 0.0011139833422613, -0.04556942251732601, 0.0002411358373456, -0.004618826115088, 0.0093191054433647
0.006990532490719, 0.0029428951564956, -0.1505371690184, 0.0036635501609416, -4.77109096472e-05, -0.0093369322592954
-0.0067387667107876, 0.0058579542449277, -0.085028567431824, 0.0020125633806372, -0.01156804917889, -0.015791655016555002
0.0007413466659152, 0.00035038312733219997, -0.13871265037754, 0.0006772204085377, -0.0098504090826917, 0.0058421733312919
0.0024714062989837997, 0.0021005085499314, -0.14161082325567, -2.8447341109499998e-05, -0.014676097128194001, -0.010958153426459
0.012608116800757001, 0.0024880932299957, -0.052452667105545005, 0.00142193892996, -0.0077096696827868, 0.0080701206360914
0.012141086564988001, 0.0016075020796819, -0.15878359057159, -0.0001389502601859, -0.0092921531143722, -0.017171436893363
-0.0049547314253471, 0.0030943796246796, -0.06852221365109601, 0.0013677573201797, -0.0030869236237045, 0.012610890736731
-0.0030028243829634997, 0.0044929308697406, -0.18520495072405, 0.0014559648341833, -0.010487654844258001, -0.022100921658258003
0.0036472206264455, 0.0014048907709304, -0.090311220715014, 0.0010082761950746, -0.010174592459514001, 0.011936527631662001
0.019479587382842, 0.0011208491232715, -0.21679910989756, 0.0008684746980544, -0.021880593505723002, -0.020815058142323
0.007900121226215499, -0.0017930105011769, -0.021360226060698, 0.0009551155570525, -0.010883635000659002, 0.022986436781237
0.0038722866768283997, 0.002706302076452, -0.15236423227446, 0.0007627071909634, -0.007742907440312, -0.015227773208494002
-0.0074541279062525995, 0.0019076221715307, -0.09085941976047401, 0.0016626098564452, -0.0041880564005324, 0.005971114746172
0.0006305377632611, 0.0066667631458233, -0.11087415916564, 0.0036062506098154, -0.003217285433575, -0.019652124528174
0.010791222403675001, 0.0020004393969498, -0.19497397446671, 0.0012547009617431, -0.013062036367896001, -0.00010535690571379999
0.011123817659569001, 0.0001022820541102, -0.18790652542211, -0.0001406357141627, -0.022291746457589003, -0.00202709376034
0.010056371828803002, 0.0002113691223308, -0.13082416815078, 0.0013973217801589, -0.016075206524989002, 0.0055688858827849
0.0001523482892189, 0.0011695697652202, -0.11993647274519, 0.0004113738072477, -0.0082310188322414, -0.0001592744321017
0.0065516580196859995, 0.0038048906332600997, -0.08527997814397201, 0.0014317974800796, 0.0004148033519105, -0.0006140500034945
0.0014837308688773999, 0.0026695466148635998, -0.16502255968588, 0.0028107307534113, -0.0071647093275563, 0.0003224024835541
0.0023340813783727, 0.0036328993511081, -0.13216054976285, 0.0017300147920128, -0.0059912201984794996, -0.0069540301759572
0.003419590534074, 0.0012671492907311, -0.1343375513363, 0.0019679231072007998, -0.017736443759673003, 0.0051859694028868
0.0054081524497065995, 0.0016668872602176, -0.10428578064652, -0.0003431739695714, -0.0171331930729, -0.0016667890653771999
0.0066683758205262995, 0.0030906166146323, -0.11975805814703, 0.0019564181356836, -0.0083020973704064, -0.0072053008355937
0.0074251485229611, 0.0016697753294144, -0.12662355716031, -0.0002806742381276, -0.0064022341735438, 0.0002674451234934
0.0020179704362756, 0.0013261633027886, -0.10368349896976, 0.0033911949341184, -0.0080441087624784, 0.0023982548445658
0.0089020157822556, 0.0024373501055085, -0.18408890446236, 0.0003773286947883, -0.010216308887298001, -0.0015449022070974999
-0.0023796557850253998, 0.0033411403147542, -0.15467211081108, 0.0010868233871389, -0.017594003964884003, -0.0067381972576842
0.0077123872003892, 0.0026401363932974, -0.16947175228133, 0.0018698147137982, -0.014456490446468, -0.0050978720995787
0.0060121068255683, 0.0053594196754708, -0.047658478026502006, 0.0033217861913699, -0.0038423908225032, -0.0017944478371995
0.0038659937728093, 0.0040395786825029, -0.16951708758409, 0.00015794328383579999, -0.016236048980316, -0.013478792532563
0.0048609660672921, 0.0009494823912339, -0.10042909171227, -0.0014061969494097, -0.0067982198377432995, 0.0019467690861888999
0.0053722824788683, 0.0017310361236194999, -0.11750370111067, 0.0028747208537020998, -0.011108607103616, -0.0045407575549684
0.0099002084282189, 0.0048261968385321, -0.08783831632817, 0.0029378550468851, -0.0040054010173455, -0.0040302220014956
0.023940317555134, 0.00131429342777, -0.17830151264578, 0.0030621059684872998, -0.013906103014231001, -0.0030414254983724
0.003914081044015, 0.0032653668135481, -0.13188683634874, 0.0007349470495131, -0.016978044509315, -0.004492513669889
0.016914674490288002, -0.0017139577204355, -0.13852267082426, -0.0007946554701996, -0.012263014690897, 0.0085480058355879
-0.010875144424350001, 0.0025476742981893, -0.15342948267805, 0.0017831470467711999, -0.0072572301623278, -0.0047117059523786
0.0094962680248351, 0.0012808170243302, -0.09498271981779101, 0.0007053518303407, -0.0056623321577338, 0.0038388274818873
0.003861658162034, 0.0061056552486531, -0.20138931107018, 0.0019750689007046, -0.009906722126905099, -0.018508894376595003
0.015152850286620001, -0.0003044230613421, -0.1424970648719, 0.0014689175845766, -0.015292015040515002, 0.0082363885944432
0.0066110027609396, 0.0013985491561184, -0.1839505260764, 0.0020778593524064, -0.021176689529938002, -0.0073279338825642994
0.0085995833990868, 0.0007320686969966, -0.12863196419302, 0.0019734563445028, -0.013899047442451, 0.002928289432949
0.0097100465012409, 0.0014290311419335, -0.11939000482666, -0.000682043073093, -0.0062881004626717, -0.0024390193560024
0.013143325603803001, 0.0042122859360423, -0.11153616523577, -0.0006040711629933, -0.010476155428363, -0.0080664111431381
0.011509135590565002, 0.0050589686038121, -0.14322550959954, 0.0035643666695234, -0.012810102327642, -0.0031022050433916998
0.0056628343228147, 0.0044338465263042, -0.1770357537874, 0.0011480764346223, -0.015006919585566, -0.012942624641643
0.017222112086726003, 0.0007241423338593, -0.10521382506653, 0.0022413619775977, -0.01414300609031, 0.0095597628632907
0.0088433549904524, 0.0048256007318981, -0.10475610324979, 0.0034217505240412, -0.010457746141321, -0.017798429900973002
0.017997096038099, -0.0010991823435307, -0.10068614517096, 0.0005404545412234, -0.011027902657866, 0.013824919580211
0.0053478813500525, 0.0030914028364252997, -0.20532037303828, 0.00045492142727849997, -0.015592523750212, -0.014790315364306
0.006675775013641, 0.002891965206216, -0.11920016093701, 0.0035231337276019, -0.0066044207988474, 0.0040950655789739
-0.0061171499616123, 0.0031454616280016, -0.18415164697593, 0.0022524877398381, -0.013372857938909001, -0.0092707797862171
0.0072340275561518, 0.0046930306577485, -0.12378734295192, 0.0053197772598948, -0.013940014444678002, -0.010941188141997
0.013935796989850001, 0.0052240386525153, -0.06443186429351701, 0.0025964805029344, -0.010218506789926, -0.005848214311596
0.010274234317858, 0.0007214394740444, -0.13529262928398, -0.002421035490418, -0.01860374987018, 0.0008864873154625
0.011424462816793001, -0.0020529174415079, -0.22012563030592, 0.0002737724398874, -0.017918604306350002, -0.0033774709683581
-0.0055527497328497, 0.0040630325416286, -0.08730508847892901, -0.0003862404296385, -0.0023859308705137, 0.0021253635117388
0.0022119943592115, 0.010005293581736002, 0.0081495074966142, 0.0055754946350244, -0.0012514160900946, -0.019648507313075003
0.0059100649416428995, -0.0003760029363059, -0.26377798556213, -0.00027657144389849997, -0.023871230366706003, -0.0042550559266967
0.018706462499961, 0.0073385021334071, -0.048137470051234005, 0.0036968652791516, -0.0068918575588346, -0.017073615426601
0.0043197071947536, 0.0022559574977019, -0.19872182496046, 0.0002831112921902, -0.02462439281186, -0.0016931958565795
0.0094163129958003, -0.0006876172835790999, -0.22707794940577, -0.0002923440304641, -0.014126991424181001, 0.0023587023777994
0.0029901630407276, 0.0033437282931285998, -0.08810820776787501, 0.0016775530811441, -0.009042871956392, -0.011618279408307002
0.013507676469707, 0.0011970176955267, -0.15515416193341, 0.0003518367063271, -0.0013069389870864999, 0.016699766261534
0.0099737646694554, 0.008246203456593, -0.3029740027375, 0.004445084143879, -0.024320251764484, -0.051354513259942
0.0050670833391697, 0.0011159073094874, 0.02140238693605, 0.0012441587544922, -0.00549559440649, 0.039450725647308005
0.0010839800337447, 0.0051414845793588, -0.23189834375135, 0.0021667685279231, -0.025690849151874, -0.036132957644731005
0.010918435327693, 0.0008836922129356, -0.11571729541956, 0.0015462955022213, -0.0098329232751567, 0.010727753880949
0.014100411823890002, 0.003984698486157, -0.028510181211963, 0.0005662631529168, -0.0053229346753772, -0.011604745791093002
0.013682615277222001, 0.0032849862570763, -0.27803494928046, 0.000164011961911, -0.020044381688603, -0.017197612358798003
-0.0084190723531913, 0.0062321313212767996, -0.08173440849991301, 0.0017972340628539, -0.0064208847639797995, -0.013951826376614001
0.0009919193474429, 0.0017673859737654999, -0.17504862417719, 0.0014383071579957, -0.020779876353838003, 0.002762599424334
0.015664291006759, 0.0020865608423099, -0.13274223294329, 0.0022088788862461997, -0.016576484737536, 0.0031823478324633997
0.010975459482918, 0.0024081237702302, -0.21632958307418, 0.0012472425586997, -0.016006149315837, -0.018061512932826002
0.0097646264548749, 0.0030777989611537, 0.0048294843498834, 0.0032048881049087, -0.0091157533723739, 0.0099995139402566
0.012205469406778, 0.0029409445732312, -0.19274906162921, 0.0036699327880806, -0.015121249535042002, -0.015252998169907002
-0.0008009470860228, 0.0038026706890829, -0.2429151202144, 0.0016343581801496, -0.011089617624787001, -0.0093374737308982
0.0066911556353188, 0.010129868059038, 0.042713680919997006, 0.0055626460330629, -0.0049152700686244, -0.023136523724502003
0.0091056512085186, -0.0043139876038013995, -0.25565270126735, -0.0017361373687216, -0.021081383683423, 0.019696785307430003
0.010390662111405, 0.0042172166224106996, -0.26854937485814, 0.0035914609755228998, -0.026961354597787004, -0.051235636184974
0.0058772703430543995, -0.0017772361522469, 0.037419237006498005, -0.0018259700048611, -0.0041425037708756, 0.057790069775437006
0.0037993205268379, 0.005041782330976, -0.35295789389791, 0.0028979940618133, -0.022040514498262002, -0.052735038539477
0.0040467190006672, 0.0042133547334454, -0.034348911594188, 0.0034552739103318, -0.0028724469243295, 0.017474750255971002
0.0034222727465516, 0.0065251524495112, -0.061130410083002004, 0.0010477711066916, -0.0044756465367462, -0.014672031994621
0.018334986159461, 0.0016221117384104, -0.38056818198724, 0.0032875737493366, -0.029127741181690002, -0.022403136365286003
0.0018387105303243, 0.0018668789044239, 0.017109297318787003, 0.003189668607665, -0.0063323085801478, 0.02607501822104
0.012984022646490002, 0.0063889834549416, -0.09586112115475401, 0.0022723963456564, -0.014874046217720002, -0.029900601490915002
0.013841735777003001, -0.0053825062911779, -0.27876924803636, 0.0001284235094307, -0.016935762864594, 0.028770252219673
-0.0060149764396547, 0.011426205803903002, -0.056737807531546, 0.0025103386409599, 0.0014430896118157, -0.048995490910652
0.0093269819795245, 0.0027552961161485, -0.064666033954938, 0.004386247585862, -0.015554579158170002, 0.020230903208317
-0.0051650922437753, 0.0062521089551997, -0.35345828312475, 0.0029441986975741, -0.02238372402397, -0.050617358323642
0.0026971217753961, 0.00547999087279, -0.06354132438799401, 0.0016552516555626, -0.010861647980299, 0.0049910719568671
0.019206867486474002, 0.0012671303633893, -0.019562251397492, 0.0035721901892588, -0.013092837763564001, 0.0097954281032355
0.012113155278269, 0.0054998405303112, -0.18982340535231, 0.0007294071203091999, -0.009850492409843, -0.030016561322951003
0.0062463724150101, -0.0026337916467529, -0.18539086313405, 0.0005263166361329, -0.019467244380787, 0.029807992567352
0.005229219699035, 0.015817306437426, 0.047339424877899, 0.0021526117594158, 0.0056358254031972, -0.08168788037412701
-0.0085082093854171, -0.0001974391117044, -0.21762882249773, 0.0008629528557210999, -0.012722156997883, 0.016357332770397002
0.011411295477918, 0.0079027389456376, -0.31995508380594, 0.0062986551330135995, -0.026391116159668004, -0.047001948849732
0.010694435003333001, 0.0026753637840688, 0.14723070737948, 0.0020527673143964998, 0.0004992875511447, 0.028303436092764003
0.0019047132588643, 0.0044549245282304, -0.27305436660354, 0.0015460320738163, -0.0231581545681, -0.03570414761217
0.006463007556579, 0.00157883648139, -0.28404122031073, -0.0027912959802711998, -0.025228729345078003, -0.015700685822320003
0.0028574147782149, -0.0016050654455316, 0.036186526833556006, 0.0015828286355126, -0.0003375434258046, 0.055845302844356
0.0001656900009509, 0.0081070303826932, -0.22393760279575, 0.0051186343260411, -0.014626822853232002, -0.046955070985066
0.024078560583734, -0.0040588791599918995, -0.19274487174376, 0.0010063722800699, -0.013555449843104, 0.043788940093526005
0.0019475363548633, 0.0098569352922085, -0.0074853284736967, 0.0029919883958442, -0.013080984628007001, -0.04811356349498801
0.022977953766807002, -0.0027498612449023, -0.23424556990758, -0.0011291821903056, -0.030865187951549, 0.028272062782452003
-0.0030956486027431, 0.0064151254329091, -0.3729645014386, 0.0023125419487504, -0.021869784291307003, -0.06382282702237001
0.0013944816409091, 0.0042280718838022995, 0.16384108884901, 0.0006290703261023, 0.00478702279321, 0.039002207219083006
0.024450474344206, 0.0026498515401388, -0.25091440133803, 0.0037906949138063997, -0.018585101794610003, -0.009713217968379699
-0.0080082715013457, 0.011135902109511, -0.25669950424597, 0.0035375273406337, -0.014664645336762, -0.05940392006273101
0.0026514873074204, -0.0003538675969469, -0.08538164819062301, -0.0019926189720689, -0.013842620818197001, 0.030233899893498003
0.011347147977532002, 0.012548878008563, -0.2695309751194, 0.0027911146068091, -0.017182081412879, -0.094208469696828
0.010586468662934001, -0.0017746067522903, -0.062318752754274, -0.0008838776228313, -0.0066367518088752, 0.040896761789226
0.016494037380132002, 0.005854677668824, -0.08263783366978901, 0.0049602311897420995, -0.010810152511328, -0.026064115543491
0.0086587218155227, 0.0015842360174833999, -0.11596883064448, -0.0001359517843692, -0.013844068874588, 0.011663056363146001
-0.0051682230100724, 0.0085023849595393, -0.13985256523722, 0.0038449379768921, -0.0045314137015793, -0.038051845898099006
0.013792025015556, 0.0088921514710051, -0.2333598485097, 0.0037489410581726997, -0.027801594998821, -0.047473761269377
0.019845348762006002, -0.0050271724662698, -0.06304511890764601, 0.0042960022829957, -0.0043322616912425, 0.0838577049784
-0.0058921924158768, 0.011873997316478, -0.23518738463402, 0.0019164941724462, -0.023844943030546, -0.090045120841026
0.027794880789897003, -0.0111481880236, -0.09831148099987201, -0.0029773027021169, -0.010828644045504, 0.10206889864616
-0.022926065181835, 0.017089950642244, -0.20937962116896, 0.0029878034901175, -0.015036816110411001, -0.13385584244122
0.017710000557929, -0.0024514246237715, -0.013228654295810001, -0.00325646745397, -0.0038146973067533997, 0.073580674029167
0.0012535859193798999, 0.014613362412148001, -0.19714381057537, 0.0090523139125951, -0.014488456369569, -0.080308439061021
0.023560444277542003, -0.0011574501808078, -0.11188881987915, -0.0059419610160307, -0.014504112924216002, 0.021221080851307
0.018518418427264, 0.0013037645342595, -0.31256933144364, 0.0058489001479746, -0.035519760091944005, -0.013747145529897002
-0.0046089054043318995, 0.009280809442511, 0.021204090809185002, -0.0031561210925867, -0.007106162162005, -0.042737969201292005
-0.0074174897147486, 0.0005409799529444, -0.196376486918, 0.0025050178270651, -0.021279448323221, 0.0025388780419907
0.00226191968444, 0.017376817179122, -0.079395397308807, 0.0022716918056116, 0.0077042262988511, -0.10654396044393
0.011569196351536, -0.0011435268378192, 0.0045354645285264, 0.0043439014885244, -0.0087908274724708, 0.053253442747091005
0.004262826947801, 0.0065251363227779, -0.42539470067509, 0.0047710294512765, -0.031867110773833, -0.061193209483067
0.028613411534229003, -0.0074039661904645995, -0.0056010808341807996, -0.0004108510448889, -0.0080942620731797, 0.082811324604594
-0.0063739578783938, 0.0041938034236333, -0.2812389959029, 0.00113143039874, -0.025197431121102003, -0.045352165119142
0.011238926973035001, 0.00149926217725, -0.18359349671861, 0.0007039584023820999, -0.02006542667813, -0.010584361549008001
0.0081811615898471, -0.0003913653351331, -0.1198726404285, 0.0021450247548022, -0.0028580727874275, 0.024074349081345002
0.011746633940672001, 0.0069386317625631, -0.19431034459619, 0.0030364087918914, -0.018220480618602, -0.030233286767647003
0.026429902126526003, -0.0024083336290892, -0.27408329636656, 0.0019778178419231998, -0.028176900506107, 0.024050288565679003
-0.009160651258111399, 0.013269382831524, -0.1409310491223, 0.0025781080458476997, -0.011846533182602, -0.075094634037077
0.033734682307274, -0.0024475238528431998, -0.08160254962576001, 0.0008445881125042, -0.019244984017555002, 0.042778438090801
0.01108091507621, 0.0079701869953741, -0.36431215199674, 0.0033588118358167, -0.017376387024554, -0.068415659744955
0.014882285440208, 0.0016489791941534, 0.004318267326259, -0.0020453710698127, -0.0009747859124611, 0.032637661498534004
0.013439141042584, 0.0032004167279687, -0.25497974984264, 0.0061045961987605995, -0.021998072100460002, -0.013512643398129002
0.00264247173181, 0.005081212999235, -0.25246096703756, -0.0002322659914232, -0.019179616152223, -0.020831854215141003
0.0002555059665431, 0.0029830092613356, -0.07988431206230201, 0.0058085408025517, -0.011788463642691, -0.0003955550910175
0.023004172342186, 0.0029782212992137, -0.20577554374757, -0.0001952213291373, -0.022907389647435, -0.024510306765841
0.0073409166355288, -0.0012819650590898, -0.16178063840053, -0.0004133214009104, -0.023089427280412002, 0.0082741237596436
0.0036342119742836, 0.0023671746984397, -0.23073179267487, -3.08187269202e-05, -0.026548392163325003, -0.025946924456134002
0.0086543341863255, -0.000500896980606, -0.041549170563945005, -0.0013965664843907, -0.0022794029806205, 0.035088066894228005
-0.011188882520315, 0.013123891837611002, -0.31544882041929, 0.0099845838016, -0.022227457862641003, -0.084429993733975
0.028007164195416004, -0.0004218332306917, 0.0056414380804587, 0.0029166896283182, -0.0011416293571469, 0.050326298471811005
0.014680601653715002, 0.0061481670460830995, -0.2391221736691, 0.0029192950291378, -0.034480961174854004, -0.040296153370944006
0.017368773840868, -0.0040759020169962, -0.25001883026784, -0.0007385424466458, -0.025571046935149003, 0.011024180598328001
0.0067602391104409, 0.0049438878222607, -0.11125759874869, 0.0022925009000247, -0.012241873675044, -0.011379439351368
0.0078221867731818, 0.0073745063464897, -0.20052294235141999, 0.0043591501143766, -0.013396673327464002, -0.046453342452184
0.0061359657947657, 0.0019135665992678999, -0.12303941754735, 0.0027991867577869998, -0.0057898983130867, 0.022374863697176003
0.010838277265865, 0.0068797323322874, -0.2237547618016, -0.0006190682021989, -0.0220899362846, -0.043836845261957004
0.024652451806377002, -0.0079284105908071, -0.38074976591997, 0.0002460225397288, -0.036306272563252, 0.036677510824195
0.0059047657119561, 0.012868323734615002, -0.11908921148969, 0.0058354359014499, -0.0098806437719564, -0.07248930119845501
0.021836614809067, -0.0029134382605741998, -0.011794834456724001, -0.0003321667960932, -0.014982734999807, 0.053587840815539
0.010821981878099001, 0.0073501672565347, -0.36372332548802, 0.0039827913154649, -0.016627635989344, -0.069556816446663
0.02130590210179, 0.003034118684995, 0.020769822562464003, -0.0014331155359923, -0.010229433477638002, 0.027245224555522002
0.011870480156651, 0.0042199864907867, -0.16478076775676, 0.0021071034770239, -0.019497874610673, -0.013160199432055
0.011436788076779001, 0.0031026518282229, -0.32110802256453, 0.0015241556053427, -0.026571452118186, -0.035512892286149005
0.008453634872319999, 0.0005879060240484, -0.05415571293036801, 0.0027751049103566998, -0.0080394665608974, 0.034248011232854
0.015823740684804, 0.0091751724624289, -0.010206010774309, 0.0004905898792518, -0.0059834983767177, -0.031532010828655005
0.014763117133498002, -0.00376035121218, -0.40568322912769, 0.0010194634470653, -0.034791524314625004, 0.002141284623922
-0.0007420918274791, 0.0082353850148131, 0.12185620453216, 0.0009944479194043, 0.012658492128762001, -0.0050945197948037
0.025336378035958004, 0.0032893719199690997, -0.29371257620138, 0.0017996847130243, -0.037383394114508, -0.019815140575384003
0.018686174127081002, 0.0053582291290192, -0.27911516608024, 0.0039495108806233, -0.01318005769317, -0.027692735135917003
0.013184884323666001, 0.008571072953099999, -0.023819329754124003, 0.0025408338174602, -0.010934426936602001, -0.020573513735841
0.030330126251688003, 0.0007270650101647, -0.27333138550118, 0.0032043234704706, -0.022501099183892002, 0.0071070878979379
0.0035457988437985997, 0.0035819962473797, -0.18904185735201, -0.0025306104157411, -0.016734645518806, -0.030477970114729
0.013907512412679, 0.0001375655290152, -0.09879226434078701, 0.0028359473072308, -0.013238782415423, 0.032703788706497004
0.0099292981230224, 0.0083154577954201, -0.19509571790408, 0.0062659771267209, -0.0085781040000329, -0.056118325446893005
0.0058360775733577, 0.0057617157233495, -0.10807022435643, -0.0001684411000344, -0.010371309816745, -0.0005472756496878
0.032649173420784, 0.0064274349404635, -0.39619283312082, 0.0057397771381698, -0.045349047462893005, -0.047551346071275
0.029700587902890003, -0.0003594493765144, -0.083358464579911, -0.0019996613290044, -0.017118329725945, 0.028051083592476003
-0.0037677968867066997, 0.0031340257237156, -0.39820088109566, 0.0023951694559914, -0.038670237467139004, -0.054502834791869
0.023474400860013, 0.0012951042921736, -0.08785149691405901, 0.0021444240569795, -0.0085404615757079, 0.016092825470609
0.0016518577571297, 0.008860338298928, -0.14827813621156, 0.0049735552191735, -0.012069545033927001, -0.04473846893597801
0.020495485562884, 0.0041382510859704, -0.19104143787989, 0.0032934078990106, -0.016133233555392, -0.0019207432254338
0.027980056643130004, 0.0004911702679879, -0.17797090993174, 0.0019097418115593, -0.023361632638456, 0.013619223496719
0.01318040027862, 0.0050997587964373, -0.19964877546539, -0.000770252159597, -0.027061356196866, -0.036172720734966
0.018384613349913002, -0.0019706381252573998, -0.16545109310705, 0.0008488362590512, -0.019049709625580002, 0.033393430095664
0.025605176219688, 0.0075765192047293995, -0.29929514833493, 0.0035618406182779, -0.015010179888887, -0.058943352028821006
0.01093905142451, 0.0011735548338541, -0.08382528763494601, -0.0012655673988439, -0.005151519206987, 0.024808342643507002
0.0062018689905637995, 0.0078534223066079, -0.28655217423527, 0.0031768015466367, -0.019190878187015002, -0.042194657099612
0.0086145707842468, 0.0007265554054783, -0.14364474862623, 0.0002196887018703, -0.019501764266757003, 0.0022970814038789
0.0068394797400742, 0.0022143190222662, -0.2481114566133, 0.0018801872515256, -0.021719639591747, -0.01269795525398
0.019750465388819003, 0.008382206556476899, -0.09547782982022401, 0.0021247009931965, -0.0096996222565627, -0.032526515887670006
0.017493923691389, -0.000255731013707, -0.22009964433538, 0.0021100375734032, -0.022348513341473003, 0.009108274843059299
0.018435278888896, 0.008191342086317, -0.18738578870431, 0.0023907831320942, -0.012133286536536001, -0.053596819922257004
0.0094416882974925, -0.0036203801403253, -0.25131680441151, -0.0001312828381924, -0.025046967298558, 0.044398802113568
0.0066745735858439, 0.012051584261939, -0.19526522429044, 0.0053561036549301996, -0.0069764662270315, -0.078831572027918
0.028266392768103003, -0.0020948880726349, -0.21559643104369, 0.0022299509967412, -0.027247776184583003, 0.030636312593418
0.022361012665032, 0.0083650614650153, -0.19812570405866, 0.0048648474180182, -0.011948573359829, -0.05250844605296601
0.014622829853389, -0.0004206705428279, -0.11666853963046, -0.0013338796417545, -0.025893206542138003, 0.016107097135851
0.024000031935863003, 0.0025050288746604, -0.32459257735631, 0.0007934452099791, -0.024956466860446003, -0.014575285457392001
0.0052179584638601, 0.0075351612742748, 0.017851697926306, -0.0013473738543733, -0.0046107240114093, -0.015376164243991
0.012408052834428002, 0.0024546193768052, -0.42259239817667, 0.0034674595681033, -0.032119844460276, -0.019374837264309
0.021489880087716, 0.0072575262492081995, -0.0039802206768323, -3.90567964774e-05, -0.0063188684509722, -0.017017803546829
0.020622606531979, 0.0016764815811986, -0.35508594533268, 0.0018801834969862999, -0.044149933982272, -0.022882558971172
0.024057898121756002, 0.0003965416018542, -0.20508721582242, 0.0024590048645204998, -0.02009338741869, 0.0093456383420834
0.014357695005550002, 0.004985512686149, -0.18980437370522, 0.0012979934399720999, -0.024891216938970003, -0.027475200441205
0.012270418967197001, 0.0002276669908611, -0.18984846497063, 0.0016381752802982, -0.015535885756286002, 0.0076269691736657
0.017653093180612003, 0.0069036244678613, -0.20133216117618, 0.002030925792783, -0.018823413197636002, -0.031945314130480004
0.016875587822009, 0.0012831772135938999, -0.17706918069712, 0.0032833335827176, -0.020039246209601, 0.011075623088688001
0.011396460924982001, 0.0042790865352765, -0.27090300415618, 0.0031640985362648, -0.030296177918522002, -0.028781819724449
0.020880090453638003, -0.0008041607425713, -0.21200090434029, 0.0002591310324372, -0.02331810930221, 0.011110349297085001
0.0040817829479657996, 0.0066497633169118, -0.15869485011096, 0.0041263891652759, -0.013507198344221, -0.039118845626323
0.019252335490345003, 0.0011490398202854, -0.14488372545346, -0.0009494807366508999, -0.017230072820424002, 0.019014508390873
0.027903596938985004, 0.0046630614771068, -0.3730114484169, 0.0029275929887831, -0.031101638656141004, -0.037278859524587
5.9723062124399995e-05, 0.0067135600740189, 0.026732885451831, 0.0013102617632219, -0.001644921661539, 0.0052912257858033
0.020081113825522003, 0.0045865140914744, -0.28547537013369, 0.004415442667959, -0.031918188233544004, -0.025016662381502002
0.017746540659787, 0.0037742964730391997, -0.25452257727632, 0.0001038675587769, -0.020349065119505003, -0.023812592035144003
0.018796471867058, 0.0029232411340789, -0.07260621073944601, 0.0025137372195129, -0.024085054025047, 0.0008372480837082
0.021865706796032003, 0.0037187745244432, -0.18851934193548, 0.0007467530195409, -0.019833545574218, -0.015420228764563
0.010616954416718, 0.0058651498857831, -0.16028033910286, 0.0022144125073364, -0.016149243630325, -0.020991432287753003
0.016399783698546, 0.002368199873075, -0.17560404759385, 0.0020055091072587, -0.016355498122696002, 0.0027436694658341
0.011604023995795, 0.0094561149662879, -0.18067368498005, 0.0038480134629332, -0.017027760901079003, -0.035457372463787
0.0084677541471623, 0.0018424561954904, -0.24580689501034, 0.0030776578556122, -0.023529288694076, -0.015425282138187002
0.019592602456152002, 0.0007269526012589, -0.21976987229571, 0.0013159282763846, -0.025674222503468003, -0.0093142423730142
0.026105024028026003, 0.005549059529834, -0.11198718562383, 0.0013310109655813999, -0.01953910449243, -0.020999180043944
0.0013084997709913, -0.0011883501140486, -0.34037128920505, -0.0004666649860734, -0.029290976057959002, -0.0066259278301334995
0.023837641009689003, 0.0072743416671005, -0.12656426876036, 0.0056108885245528, -0.0093782315725186, -0.021049890020467
0.012096823892331, 0.0019067990533229, -0.25909021197644, 0.0014611440100539, -0.026621229926256002, -0.0076226102904117
0.015460071478844001, 0.0058041062334769, -0.1925250667441, 0.0043882664970246, -0.018782080971166, -0.024151823920257002
0.033380278192206, 0.0030781988559854, -0.21917988462352, -0.0023832420689721, -0.031272260903937005, -0.013628377201784002
0.015918860304673002, 0.0014104086712637, -0.1797354634119, 0.0038052305929963, -0.019446069327601002, -0.0022721068818773
0.013377280996007001, 0.0041558985951881, -0.19230367020606, -0.0009998646263541, -0.028596810681687002, -0.027696604584962002
0.011720597417126001, 0.0023272092650128, -0.1959322000967, 0.0030108139644824, -0.01518341015353, 0.0081125709791266
0.0071002333925258, 0.0062705805440674, -0.27880009218807, 0.0013849071208468, -0.023099831389281, -0.042585475039975
0.025688117770982, 0.0034405708429463, -0.12380257124951, 0.0039910641535595, -0.020847524471318, 0.013035260176959001
0.012686785278886, 0.0036221702320031997, -0.31554629831533, 0.0006951163036381999, -0.026008732746349003, -0.033461377666349004
0.024261014434271002, 0.0017230831512424, -0.19546834042983, 0.0023439556829543, -0.026107221172583003, 0.0097077381928657
0.0084707086208839, 0.0040254075462289, -0.24286879156464, 0.0024973295547336, -0.031565000294304, -0.040980768385190006
0.015677965642675002, 0.0023397977025036, -0.15414000790907, 0.0001091023337878, -0.009644712823926399, 0.022177424322988002
0.0044570727290602, 0.0067707105694706, -0.45195795344534, 0.0026409162602796, -0.035931101552856004, -0.079719908489797
0.024361454526542002, -0.0020943432185416997, -0.022138016400773, -0.0002621701236167, -0.010404129028935, 0.06726064918691001
-0.0044042885155187, 0.018044080416032, -0.32812379172749, 0.0071685891470885, -0.028930458174378, -0.13480712422148
0.019752057228884002, -0.0066868543675475, -0.1908581544797, -0.0016734528681708, -0.022245538255845, 0.070397003642096
0.0014526698352379, 0.012102127771489, -0.25661272424796, 0.004842168013297, -0.029487829176654, -0.10088820836356
0.025989898399935003, -0.0024649021770525, -0.15729043027181, -0.0015147258531928, -0.018462997968150003, 0.044087664346403
-0.0049560860763834995, 0.0088252752164225, -0.2706868300248, 0.0049072008674565, -0.021302497714034002, -0.062274594239214005
0.012166007507110001, 0.010287068292239, -0.14121414417756, 0.0043404697643426, -0.022680846849327002, -0.032809644679349
0.0071219890647233, -0.0005167771691016, -0.18628381847633, 0.0011741327804182, -0.021675313192578, 0.010320766645433
0.015359126525708, 0.0060450770374634, -0.39670010804325, 0.0046464401705997, -0.041643508822164006, -0.041830025201319
0.022847974547103002, -0.0072025881019509, -0.16557297875883, -0.001151348128521, -0.031055164532366, 0.052409682571853
0.0048764388843528, 0.0088222414041469, -0.23409746736437, 0.0014329103374562, -0.015683555441282002, -0.06361058135148401
0.0065616314784115995, 0.0003432198163823, -0.21247206505318, -0.0010984435059421, -0.02818013554945, 0.0044789137336326
0.0031622832332083997, 0.0067939866279727, -0.16223014825983, 0.0054373762979673, -0.017643247913935, -0.022280650803278002
0.0089255717674543, 0.008300059174240499, -0.2253088010676, 0.0015600240907774, -0.030266496996104002, -0.047003219623792
0.025024672342949, -0.0034357241687235, -0.37060748283991, 0.0038305886880644, -0.033056104705413, 0.043580625970550006
0.014883977765682002, 0.012325970369226, -0.10642618690179, 0.0027055700872328997, -0.024044506713488, -0.08328269518549501
0.022480971747077003, -0.0036579432291575, -0.20906628226584, 0.0025821313730082, -0.024760959152296, 0.050183106203844
