plane
0.0, 0.0, 0.0, 0.0, 0.0, 0.0
0.06880781217962101, 0.0073465923342581, -1.05802207309907, 0.017517570885936, -0.084175671964617, -0.12785985320126
0.0095573108105112, 0.0037764970481857, 0.010741560433145001, -0.0077114082685094, 0.0016615345856678, 0.013526829438627002
0.029759745305049, 0.0055616925299946, -0.8123731123568, 0.015022342467837001, -0.069905034990942, -0.1178740336957
0.019776138483512, 0.0030907593927529, -0.29239412952831, 0.0067161285522676, -0.019058470835041003, 0.0051329842431104
0.034064274832727004, 0.0047162669327422, -0.47662095355953, 0.008038155587918, -0.030737551324942002, -0.11035167621469
0.055320163069549004, 0.007750754164823299, -0.87357702454577, 0.0089455503777559, -0.07570046580905901, -0.018368159822894
0.036430340050877, 0.0056776910098346, -0.28844342378649, 0.013250670064347, -0.034354657604231, -0.12619332588507
0.042515493496617006, 0.0061404990608168, -0.87208321057554, 0.0067606232705223, -0.068904012854531, -0.040064921802705
0.015808000215676, 0.0033236987668864, -0.14996330902655, 0.007713029364991499, -0.015767219364461002, -0.085691348739498
0.06806242648654301, 0.010503860726223, -1.1211133315474295, 0.014426727646767001, -0.087900737299846, -0.07150854627645101
-0.0016852300442474, 0.0033315739105723, 0.066183479410186, 0.0034569302724154, 0.011930169452834, -0.058534198571909
0.07704513590833001, 0.011003734291574, -1.228447655854774, 0.013586473928498, -0.10396610897721, -0.086970330185393
0.0016962799376443, 0.0032697824257203, 0.007392822001272, 0.0054203954527849, -0.010702780166674001, -0.042600041882152
0.06960654870119201, 0.0074252004252958, -1.027665549233364, 0.017594944876231002, -0.074237316777137, -0.12506782207539
-0.0018941137564651, 0.0037785364933019, -0.054085518637172, 0.0017127977406722, -0.018465204206449003, -0.026028054921458002
0.055108967279525, 0.0017731521315253, -0.74163060320255, 0.016805234570219003, -0.052652524726035, -0.12615239259959
0.0095104515373577, 0.0093356743839689, -0.37125432181967, 0.0083821346482995, -0.038710821069673, -0.058683620302014
0.06691442643730601, 0.0024727651858929, -0.84339084964679, 0.008537917998183, -0.064754478236973, -0.079258170456431
0.0026359431313866, 0.013049402952704, -0.053110202558999, 0.010824364019739002, -0.0029989539382056, -0.09437104796572701
0.08679569390064101, 0.0029725432963746, -1.303954038620661, 0.0076647929963814, -0.11163442395795, -0.019036409858838
0.012651509907197002, 0.0080464479272711, -0.042015897559709005, 0.014794225549302, -0.0076898656725586, -0.12516810388985
0.06449975049529101, 9.787466461e-05, -1.097025110858389, 0.006963886974665, -0.08383637653763401, -0.025830152299340003
0.027589385993101, 0.00813804294501, -0.30376856351886, 0.010735250971413, -0.036546760536144, -0.10271046742644
0.045191434673200005, 0.0056620551017501995, -0.64421110754181, 0.011937445312401, -0.040590619668814006, -0.056057339159525
0.019497515888697, 0.0067145721929777, -0.38220497519169, 0.0079008416525043, -0.034144303647703, -0.089567427758462
0.09241092836214701, 0.0059951430863007, -1.1534569368871617, 0.014828568902125002, -0.097758516254936, -0.054814340347551005
-0.0010956248803905, 0.0073389233119071995, 0.015605019912561002, 0.0055156286313455, -0.0043359249852848, -0.086953894854483
0.077481841550149, 0.0025801007251733997, -1.2322586245203868, 0.011928966135167002, -0.10415770098346, -0.065100960590747
0.0072925016716035, 0.0049498936145605, 0.082049400954537, 0.0077129058478734, 0.0081981945382179, -0.088737102000918
0.057510332157115006, 0.0072512715814094, -0.95375782867177, 0.0083932813293354, -0.07423041514143601, -0.07508054926386301
0.011631940286461001, 0.0010801613278668, -0.21612057142399, 0.0080672059564327, -0.029680034893174, -0.068791177700067
0.06171184936561001, 0.007160814091197, -0.87414978590252, 0.010178064042045, -0.063062999280718, -0.082059114337669
0.026220897913796, 0.0071822903958321, -0.40868871855381, 0.010384988710280001, -0.043971057733635, -0.08401389682709201
0.057653699401959004, 0.0044212258730117, -0.67531108088544, 0.011881379872032001, -0.049832154553417, -0.079553806633418
0.027133948690646004, 0.0048766517778471, -0.36566978313579, 0.0059592629873761, -0.044966012734893, -0.055255632743306006
0.054062414292928004, 0.0025926864594542, -0.74189698144461, 0.013258938922573, -0.055156147685251004, -0.099862793692344
-0.0005237484564248, 0.0077215605803951995, -0.13319802479981, 0.0042189335645951, -0.022826264573714002, -0.05920196074477101
0.07938418885283301, 0.0087235959512303, -0.89542220978534, 0.016033699442734, -0.069151001051357, -0.1037498206047
0.013917261989438, 0.0097346610786413, -0.073774194368802, 0.0092982584251383, -0.013273138206369, -0.076650385287823
0.08565559300308301, 0.0001713952787712, -1.1182940672056927, 0.012935766725036001, -0.08991865514090501, -0.05473796524261
0.0063622863096395, 0.0061077534510525, -0.015117281002020002, 0.002147424014366, -0.020188082277690002, -0.061987673636877
0.089700459875655, 0.000543159968555, -1.10814324961442, 0.016145852067004002, -0.087292347086192, -0.059839163885572005
-0.006277559666515, 0.011627102347281001, 0.031808784666877005, 0.002765544376928, -0.011668350169652002, -0.08866505436955001
0.08834237811300501, 0.005130656802195, -1.1370727661488103, 0.012169980396577, -0.07395772774415, -0.063168564264327
0.0082768892269578, 0.0037999247876899, 0.06715767705613901, 0.0073266077117014, -0.020482099405283002, -0.082656111151254
0.098782157546195, 0.019869286935084003, -1.4171686204448162, 0.016249726759773, -0.10510955312076, -0.09170158309555701
0.004219051918948, -0.0054745105359813, 0.1430423679476, -0.0020637449081402, -0.014761388257153, -0.040999321329406
0.08210049787326701, 0.011995395821711, -1.1431046024326013, 0.019939919757178, -0.086574527117121, -0.10003971188975
0.0033771883779697, -0.0001867663278447, 0.05287452376941901, -0.0050225611091464, -0.0076922296061127, -0.046880263861375004
0.06278704708355301, 0.011635570821697002, -0.87737383466832, 0.022247447093177, -0.051334424791079004, -0.09065731967408
0.025889625626152, 0.0044800547262857995, -0.32198329534901, 0.0033352175177932, -0.05083264275219, -0.073773112333105
0.095722805531502, 0.012185167080416, -1.0576899993412145, 0.020698332023258003, -0.06802959888518201, -0.08436739220630601
0.0060703685085915, 0.0001222852297552, -0.012466260058722001, -0.0013437915397792, -0.024430697070953, -0.06997897700444601
0.06220573786981701, 0.0056491645140819, -0.84028639926379, 0.013427266774745001, -0.05010089177285, -0.08183104951214501
0.044123755671924, -0.0011161983703421, -0.34077899326058, 0.010935013584284, -0.062042117232439006, -0.06974286620728401
0.079116613686472, 0.0098928617814109, -0.8948249699213, 0.013118572819314, -0.064629933903687, -0.12582191356631
0.048448597531970006, 0.010158534314727, -0.48309498580803, 0.0068520760483551995, -0.056901863522878, -0.071393006625364
0.10889004037991, 0.0046462374890045, -1.2529462895107706, 0.014579364896372002, -0.11596456079473, -0.08186278433556901
0.017839153583849, 0.0097123114543063, 0.0074752448752912, 0.0051221931523227, -0.0064258044638265, -0.086956914546145
0.082034087926085, 0.000207918770096, -1.149209639616509, 0.0085773571275039, -0.094008024743021, -0.057467226970908
0.055802099449993, 0.011984285401608001, -0.48687720940169, 0.0095547206955774, -0.06797515638451, -0.083130656317857
0.046010853969942006, 0.0033978313156119, -0.19370069220409, 0.0030620501672707, -0.010566999033312001, -0.05361359117769501
0.07362475420571, 0.012388724394205, -1.0722437579750157, 0.020561185699088002, -0.11193761173315, -0.1283060834586
0.041306686062628, 0.0021271354154795, 0.046723392383506, 0.0065969804715532996, 0.0009031612343177, -0.047535497356568
0.074920630901794, 0.014542611933142002, -0.98244638548558, 0.016263085197129, -0.08193446243994301, -0.16197075088197
0.049933062148612005, -0.0042761701139929, -0.35286673543435, 0.0062262424351099, -0.053589064338111, -0.013472054873771
0.059180661295010005, 0.016777802332584, -0.59298221243228, 0.016920276974954, -0.038033240344033006, -0.18103908325601
0.052037779742356, -0.0002139397100762, -0.76606822316384, 0.0045284769826078, -0.07468614618409501, 0.017083993929586
0.06443864507989601, 0.011738558362598002, -0.40160191940811, 0.023786957090327, -0.027709232021598, -0.22571404842732
0.026431991155024002, 0.0086527027754948, -0.46536326412509, 0.0024170303817443, -0.044076381697919005, -0.0033670425463048
0.10807638578655, 0.008006944317268, -1.0330300658349103, 0.015740690660955, -0.093353180059938, -0.15708155559454
0.030364637594217002, 0.0040208101331567995, -0.2260473493454, 0.0088946268891975, -0.028483837280905002, -0.023309048078801003
0.055266824014131, 0.0043043420082445, -0.71534375122947, 0.0082806347004202, -0.05377746596063301, -0.11232859912307
0.050288072424313005, 0.0062296033383779995, -0.39972663386294, 0.016823687120270003, -0.043119683759047005, -0.08377348445966701
0.044218937509421005, 0.0092559802671584, -0.55861653397735, 0.0049168423083122996, -0.041321168979650005, -0.10748190267037
0.07562806285435901, 0.011531869491013001, -0.80281148839943, 0.015312904307643002, -0.077504694563123, -0.14262098017345
0.059669767673798, 0.0034166960739827, -0.65501283018512, 0.009968544481713, -0.067694773411249, -0.045517942680753
0.040299221151717, 0.0063603349258150995, -0.49125302062895, 0.011970505912863002, -0.048527770628046, -0.14888715248974
0.06587861158069601, 0.0094229555591165, -0.75066908255091, 0.012428193883579, -0.064712119074723, -0.064588698283363
0.04702644074262401, -0.0033681515300004, -0.46061400687562, 0.0057176833852071, -0.052167544930780005, -0.065033121677339
0.066416224107436, 0.019051008648337, -0.64851651068936, 0.019866280293453, -0.061598172483424, -0.15335858539219
0.047818676860133004, -0.0022164072635896, -0.45621551897917, 0.0035669851113889, -0.045627393499483006, -0.021454321467233
0.059915241248723, 0.016665714341678, -0.58280170730116, 0.015926226178288, -0.050408225567920004, -0.16883149766134
0.05270930121375501, -0.0024898985737684, -0.55842225062065, 0.0033932767117595, -0.059362162030378, -0.0011846180608169
0.06245186845289401, 0.015561324811379002, -0.6570711015857, 0.020198487429273, -0.055976020259345005, -0.18950161302939
0.044931262403745, 0.0022934916442673, -0.3695322152821, 0.002653824126843, -0.048455173975480006, 0.0020097517491611
0.052889946547302, 0.012842725111988001, -0.56610591286363, 0.015256929968496001, -0.031246666180183003, -0.18850217276145
0.051202520883514006, 0.0056015443185192, -0.60659120634873, 0.0086509159031789, -0.079954885167829, -0.0080320708544939
0.06922399983645401, 0.010776850644659, -0.57740977248577, 0.015010802459715, -0.028384813080733002, -0.20369379536148
0.08014719962547201, 0.0069257401342358, -1.0011445071571599, 0.0055440447670346, -0.10118911740524, -0.026295189264846003
0.08731128511479201, 0.0031710670929634, -0.52979635554649, 0.018780168307549, -0.047670154851627004, -0.19839489484058
0.052004809433738, 0.0081866679687423, -0.73494692594923, 0.0043135595679189, -0.08691566737709401, -0.010273448349767001
0.057279792637539004, 0.0094080988134551, -0.39948861177195, 0.019007215589695002, -0.031060935780737004, -0.21146184817663
0.040077800352180004, 0.0028663640906525, -0.71543881428757, 0.0014011836875303, -0.06422532116615, 0.0066665786484886
0.07287753647717801, 0.014837624464886002, -0.40841817098537, 0.022566533596706, -0.03919967573044, -0.21769436329374
0.055673882815671004, 0.0039412874044386, -0.89783728004358, 0.0038648725363995, -0.08387285909679501, 0.025570139344219003
0.06805902198000001, 0.0092203010854199, -0.44840338141818, 0.015619607696964001, -0.042447348444716, -0.19686964064568999
0.06457024043901301, -0.0003871956074677, -0.99410467669738, 0.0051416911418165, -0.093917718497701, 0.010889747462631001
0.045336469026796, 0.010164539716010002, -0.10415435094689, 0.012636940720954, -0.0055509885892383, -0.17891123241557
0.087079009475373, 0.0024517652069226997, -1.2555378088319231, 0.010657268822965001, -0.11483061086349, -0.049394572828921006
0.031726375270061, 0.010175408235188001, 0.019047413085571, 0.010920754070745001, -0.0029248214061954, -0.14035077069815
0.09250592632276701, 0.0064345061553553, -1.2495799654398136, 0.010368902767647, -0.12095726700471, -0.08053784370646601
0.036181413332588, 0.013880519117462001, 0.0009363315884847999, 0.012463868459846001, 0.0001410253765916, -0.12249263482708
0.092479345789303, 0.0018912436229324, -1.1105421582021353, 0.009513651579039899, -0.10986946221712, -0.068721656452918
0.045350202596219004, 0.008086357324101099, -0.25910760956011, 0.016580952257001, -0.030071287749290004, -0.1408320292523
0.061138944847759, 0.006477970748887, -0.57814704697079, 0.010610961106714, -0.057275220409625, -0.091277149974403
0.069683856242976, 0.0056190888198526, -0.75493444789961, 0.006930328262532899, -0.07148370075292901, -0.08170127209443201
0.035330774962127005, 0.0044486883895453995, -0.10031879184942, 0.012173974588768, -0.013708496988441001, -0.09909283978251801
0.061303059855816, 0.010398500546163, -0.73702937583897, 0.010754736992396001, -0.057249195353453006, -0.10210027711198
0.087877933092509, 0.0073502223978465, -0.8237181012388, 0.011173669251097001, -0.08802100001169101, -0.071011837809639
0.06097236297661301, 0.0050189719249338, -0.37386301094398, 0.010958832632824001, -0.021630079667071003, -0.12485547999502
0.07681305895054301, 0.0076022938783381, -0.98844516379081, 0.0078733466372614, -0.09670609755128601, -0.076787822650745
0.047881051316936006, 0.0074355181757162995, -0.09969679836988901, 0.014190150426357, -0.0053684586316794, -0.12335011351398
0.047452861818176005, 0.0050179391918569, -0.572634795362, 0.0097474959115539, -0.057484139079853, -0.08126590158279601
0.10305903863779, 0.014209990146640001, -1.0029877268191472, 0.013779642836262, -0.091489516944529, -0.13074507136666
0.024707212955139002, 0.0006972984722662, 0.0054421207603135, 0.004433548963672, -0.0065285788766196, -0.032015335871053
0.071885175387483, 0.0082818190722458, -0.95002610215815, 0.014280086252793001, -0.09192707582444401, -0.12001669174382
0.03449366815187, 0.0050962784610792, -0.10866285542835, 0.0060944087439184, -0.015092527812001, -0.027329978858753
0.076693977895744, 0.0077524045125338, -0.7675789502788, 0.012340954055378, -0.063230422096845, -0.1460723419532
0.07577450087753401, 0.011793909202514, -0.66748672174231, 0.011592657961797, -0.067145856913186, -0.09547253032102
0.065145599651116, 0.0050894867178664, -0.55290254195265, 0.0034343337978654, -0.042510689078353, -0.07949931065205501
0.08099399787799201, 0.0055355139534615, -0.87526493146068, 0.011170671991693, -0.1023458159383, -0.11818072869124
0.05659289719148, 0.0074465342711022, -0.27674384819121, 0.0093330652763318, -0.023626109428256003, -0.07453436733235101
0.08031486801616801, 0.0019516373870413, -0.77336921041476, 0.0078452014395719, -0.08060764056889101, -0.10085005053105
0.082264180287774, 0.0080908533390866, -0.51561034173739, 0.009095575432837, -0.036546501912530005, -0.10496633989981
0.035124920757182, 0.0061777875300234, -0.13731265084769, 0.0089306126130403, -0.027558597772786003, -0.093849537322297
0.09454235182552401, 0.0069479801317792, -1.0139839406978604, 0.0094958020662353, -0.084403835095196, -0.079600528727299
0.033256010144034, 0.008536795642345999, 0.043498091739303, 0.0089104500583572, -0.0062627838663472, -0.08743924346863201
0.12164457606244, 0.0049925599951786, -1.3047717547634083, 0.010718367265594001, -0.11761749574712, -0.051727685861780004
0.05264153591567201, 0.0074167194720117, -0.0005895720860398, 0.0064064759050745995, -0.01711738156756, -0.086750033789059
0.1116324200488, 0.0041813922554265, -1.2630354526780168, 0.011489843674708, -0.10840131223501, -0.08118577602181201
0.056484822400317006, 0.0087764870943378, -0.17181463539863, 0.0017713856444351, -0.024545399821836, -0.087864091512588
0.09515471196630501, 0.011933157004166, -0.91762743821526, 0.015578188370544001, -0.07006230662198201, -0.1022504213143
0.05925414462963301, 0.0039141078356647, -0.29956880260272, 0.0068410670178074, -0.04104257970779, -0.083893965611185
0.11671547339364, 0.013431253882658001, -1.1064242904023853, 0.013461568033235002, -0.09707370681251201, -0.08784107973376601
0.05637716185838901, 0.0029723156068042, -0.16798206216542, 0.0052977939011234, -0.041930689979270006, -0.037021886164296004
0.08065225675831601, 0.0079823531402578, -0.8306787648523, 0.011722606877867001, -0.06669081500121901, -0.12673458823795
0.063832698297367, 0.0001131244160773, -0.24054448451611, 0.008232523254804799, -0.038983245297497006, -0.026665381215277003
0.073784282783693, 0.013247190562539, -0.53840008823611, 0.0091005714493913, -0.03363315379882, -0.13828438072356
0.08028800382541901, 0.0044786692662734, -0.65075979529271, 0.012885241360369, -0.07578238118689601, -0.08922810309409801
0.096026570959929, 0.0064848103450373, -0.83881733197335, 0.0078143065232329, -0.080014245440667, -0.10214673882439
0.063004789639737, 0.013535505833029001, -0.33966005273893, 0.0097419072831377, -0.042088995027980004, -0.10902377914014
0.12017305645676, -6.144211849e-07, -1.0660348516163953, 0.012390898813359, -0.10300976917779, -0.071347315815262
0.04351104853749101, 0.0084719776563812, 0.0034569536098661, 0.0064750686675322, -0.015449412215461, -0.096854589261607
0.10063461785982, 0.010919838858500001, -1.0703133357030818, 0.0066877303641704995, -0.092680230488396, -0.076724825599759
0.062178827253620006, 0.0049870993947019, -0.21952146018178, 0.010948734700848001, -0.042992290686342007, -0.08485891621375401
0.085664765976786, 0.012665038902546001, -0.74238392531946, 0.010678031080926001, -0.073488856489863, -0.1052234364635
0.08111046231933301, 0.0045856796813012, -0.68080883303157, 0.0086144471440901, -0.08035310701684001, -0.056008053829525006
0.10425312051885, 0.005241898996677, -0.70063756288184, 0.016626888353741, -0.068317344854234, -0.12248947377178
0.06658868882002701, 0.011062559138453, -0.41796447565677, 0.0020161001585739, -0.05560519752608901, -0.069205235069625
0.10293572498407, 0.0035493947232734, -0.67657085958721, 0.015690716630215002, -0.072053326186596, -0.11943989263801
0.07216236380613, 0.0063381753756963, -0.55694350924541, 0.0067628647047627, -0.064345899475615, -0.068004933272289
0.082384606610664, 0.011989477863434002, -0.48548052132345, 0.011090984958391, -0.037658537823161004, -0.12636837257456
0.094596826678551, 0.0036859229871826, -0.72708676122099, 0.011471384677609001, -0.08737915312421601, -0.049485069931106004
0.10178536067898, 0.011817631041884, -0.7468600125407, 0.012630246141452, -0.080595568211208, -0.140859162952
0.08449274805781301, 0.0034439399768732, -0.59334415316874, 0.0056480808894992, -0.063892058526891, -0.057202846126175
0.095765622636114, 0.0078341633283295, -0.71369082060621, 0.011206420738634001, -0.07690380744769301, -0.11685950261673
0.05898704580196001, 0.0066279902280077, -0.26714590798586, 0.00918394196457, -0.038674131359876004, -0.07603756788179601
0.094313497735174, 0.010745019949552001, -0.74464757400946, 0.010822759441463001, -0.070577438502013, -0.10807903986647
0.09064932023911801, 0.0062589943558869, -0.79384603997136, 0.0088930439658982, -0.08626795510351301, -0.07820916393659501
0.09697403339046401, 0.007923181895181, -0.61759496058724, 0.0092267734290818, -0.06554877066792701, -0.09481911836010601
0.10147645729179999, 0.005259281653182, -0.81010432907499, 0.011322450025158, -0.08786386726042701, -0.088553896854726
0.07483099608653601, 0.0050172854082124, -0.39377841947849, 0.010582267557801001, -0.039417387815709005, -0.08960228357842101
0.084093170558364, 0.0085648630234691, -0.73636124146907, 0.010543042257575, -0.075573623060762, -0.10028642693795
0.09524963377895401, 0.0068211972201408, -0.69999739402207, 0.011320432297577001, -0.07504811079699601, -0.08305176085615501
0.07242309487085201, 0.0096893420656198, -0.39774648703684, 0.0084377271148862, -0.042583293910633, -0.11659455984271
0.09334952925984501, 0.0063460932507122, -0.8275179874083, 0.0087871024839761, -0.081130276355204, -0.07598745073709101
0.09230035567063401, 0.0046494953586941, -0.52532343791717, 0.014217580077136001, -0.063222432659038, -0.10754601971268
0.079343521666248, 0.0087967105525611, -0.66974405914419, 0.0045377528933203, -0.06615316990424601, -0.07412293353183201
0.096782699990828, 0.0051221757578248, -0.6906661349215, 0.010485014552521, -0.077039395177195, -0.11325248817912
0.07174496086113101, 0.0081444180191408, -0.55708200900769, 0.0066805776898984995, -0.063676285160287, -0.067614996468413
0.08244207648547901, 0.0077588254385079995, -0.60810168181777, 0.011319576683498, -0.062158220682503006, -0.11003305647011
0.08762169636258901, 0.0062603129201488, -0.72945393062779, 0.011504542978095, -0.083217191027097, -0.06530464251634101
0.072675244946203, 0.0073658545835867, -0.46983715249601, 0.011689648754821001, -0.047404987345393, -0.12093369162386
0.10225514323719, 0.006214677635042, -0.97644373371101, 0.0077523219725159, -0.11107248845535, -0.060941501514460004
0.08601533167061601, 0.0081353693020561, -0.54219479772492, 0.0088202252946942, -0.06433368366106401, -0.10940658839372
0.038815141031877005, 0.0060866346769693, -0.15999224250337, 0.0062676261705412, -0.028733178993509002, -0.080044739131365
0.09506601520904401, 0.0080625622398068, -0.8874814221387, 0.011629399717195002, -0.08682765437024001, -0.1149136713262
0.06644129228499601, 0.0055208572238376, -0.35559221203966, 0.0071268961179170994, -0.045868640285800004, -0.05421818936496001
0.099631431907978, 0.012094376928142001, -0.85093283404901, 0.0094051585580001, -0.082004112217839, -0.12102247765899
0.09935153605492, 0.0057375662491519, -0.92447645286885, 0.0091797518606165, -0.11206779428286, -0.047218963970606
0.044560499394636, 0.002545366936328, -0.17123963365537, 0.0076299235846935, -0.031216111367376002, -0.079999684658015
0.072206786701677, 0.0061351692796229, -0.84294314543787, 0.011826696404150001, -0.09691347067024601, -0.12214014626208
0.059985190452623, 0.0077543528034212, -0.27957740470312, 0.0065189194477936994, -0.018158923212402003, -0.075510199915806
0.084119785567957, 0.0059042402238227, -0.74165104169095, 0.0072700557956141, -0.08667773811824801, -0.11857810486077
0.10994464569662, 0.0074227869366313, -0.86935760187187, 0.0089791289042735, -0.08775642239626101, -0.054621818156505006
0.035290519291056005, 0.0058146523048573, -0.021928260750087, 0.0093298825514006, -0.029139660531204002, -0.090953588213351
0.1389631038459, 0.0079496562021337, -1.3886490332213568, 0.0098497436397381, -0.13564715163509, -0.069938686733264
0.051362295778734, -0.0003054500102906, 0.032439655089496006, 0.0027381847385688, -0.012376639063050001, -0.057166213797812004
0.12216985450749, 0.0077586892937775995, -1.294311187693983, 0.012955089464936, -0.12745741172327, -0.09710623834594001
0.031006785167212003, 0.0099999836067882, 0.0092710642698372, 0.0028921228290696, -0.017774910015424, -0.044326846845062
0.09372026673307901, 0.0088315573194034, -0.94760127725567, 0.014201552102748, -0.083374235313646, -0.1353105310535
0.09019200850292601, 0.010658709846556001, -0.80055377069972, 0.0065375228965144, -0.09828829354535601, -0.054001892970857
0.09631311613135901, 0.005554334058053, -0.59360491885993, 0.011473477502378001, -0.058653413902016005, -0.11850723032658
0.098984013385079, 0.0057606992782551995, -0.99815721499435, 0.0031763555585446, -0.10488923359575, -0.05627449632571901
0.087529239406698, 0.0047874106079931, -0.73663987945537, 0.010046821751316, -0.08738836136946801, -0.097522472265174
0.027610786773081004, 0.0070462994664342, 0.022384756471722, 0.011655480372522, -0.011563701448984, -0.060627581555685005
0.083963545355811, 0.012458608228553, -0.88036171912546, 0.0015365877690937, -0.08041021895014501, -0.10057484504782
0.08908617767646801, 0.0004687282473928, -0.50189186264672, 0.012239332301731002, -0.068260973918426, -0.05659206419863701
0.095983772584598, 0.0037154941395482997, -0.89112590233507, 0.0043937016420511, -0.097987143537982, -0.086136558845692
0.08591175961194901, 0.010331760236896, -0.74639523467822, 0.010295007321934, -0.07960886584627701, -0.10297322141909
0.06740617465800501, 0.0012607012337931, -0.40159813053833, 0.0036364981683044, -0.051213239608533, -0.043897632760192005
0.08039670396798801, 0.009629529582635, -0.74300602530711, 0.011387209686934002, -0.076741221920734, -0.13311664108243
0.078195997715593, 0.0049222463412002, -0.52671806900978, 0.0029338559126467, -0.06179387449279201, -0.01049436995851
0.09118888047182701, 0.015874616577057, -0.73464493975016, 0.012996275253676, -0.080061089515209, -0.1441120187995
0.095206214560728, -0.000802242761592, -0.7990409560651, 0.0031954253076511, -0.088760168847876, -0.014838638640914002
0.08619787348431501, 0.0097953237553478, -0.64069455300489, 0.012146743300115, -0.06737434495321701, -0.12970809482113
0.09120527725397701, 0.0010925521924184, -0.75869065241178, 0.0064665926561623, -0.08714730623962301, -0.030332513578449002
0.08666632749693001, 0.009464635488151, -0.56855066578748, 0.0085309450349462, -0.058244482779910005, -0.12994174730899
0.10305810339258, 0.0049695280807679, -0.92024190620031, 0.0026183656107889, -0.10328090324205, -0.012826326422602001
0.0872385928629, 0.011158748767189001, -0.55877877051882, 0.012391298623114002, -0.06455444802736701, -0.1451287257673
0.10560868084327, 0.005558918210709, -0.75500854675841, 0.0053308018628916995, -0.08434417384223601, -0.026025572691707
0.11989910313275, 0.0084941461504168, -0.91284815531834, 0.0084827469251547, -0.09152941340114101, -0.11703107600784
0.094343286471759, 0.0033605907341062, -0.65558948944663, 0.0052745284835032, -0.06971421822111201, -0.032165517850158004
0.091394525542224, 0.0007021018381287, -0.65147304063413, 0.010922551106131, -0.086053800056377, -0.09859842449940501
0.07528236810548901, 0.017676413383393, -0.68310646856564, 0.0050116380486023996, -0.065107997493332, -0.061471771015184
0.087786298797399, 0.0042536316900477, -0.46237074805114, 0.0099684487909404, -0.066046004003374, -0.083266324860574
0.12210858207305, 0.013040945476284002, -1.0596591372815072, 0.011565642843207002, -0.10586958659873, -0.083380631633585
0.087631865100566, 0.0068244596442319, -0.36367717227263, 0.0053050619437898, -0.05872845497341601, -0.030005587593827
0.1397028700063, 0.007053918459789, -1.25959292958972, 0.014607450959536002, -0.12368124311582, -0.11408890721186
0.052327928732427004, 0.0061806392146956, -0.094122455958695, 0.006131573096453, -0.040716332326229, -0.05008117895219601
0.09291488450028801, 0.0031043921935473, -0.77688036730623, 0.0063467419011174, -0.075412100606343, -0.10549139244454
0.13237544182330999, 0.0085765887319896, -0.99743225693992, 0.013782726082332001, -0.10581900192827, -0.08831919384435101
0.1224432048487, 0.0062451319092929, -0.85042458821351, 0.0051217686836651, -0.09277091877424701, -0.062970730899049
0.085574283109397, 0.011260098273227001, -0.4912459717931, 0.011589095738493, -0.06424644560654201, -0.10972121901142
0.12649895610649, -0.0006697953206142, -1.299863745994837, 0.0030647996321881, -0.13828845267238, 0.010822407667747001
0.07244073766961001, 0.018749623393150002, -0.12345293976739, 0.01591335470355, -0.027726815791959004, -0.18662298926591
0.12751409040953, 0.0027506887167725, -1.1937989827216635, 0.0043406066687217, -0.11626885444783, 0.00936204681315
0.09995475120451601, 0.012305954236878, -0.33802967054354, 0.017096716659723, -0.051099220880649006, -0.19807190660091
0.09540730013739401, 0.0084086486359195, -0.99805480470339, 0.0021833198508949, -0.09871277364719201, 0.01167200429848
0.1155120045511, 0.010680798756687001, -0.61321308150641, 0.018467523935053, -0.07763515342450801, -0.21188346582601
0.11454830258472, 0.0068378977370651, -1.117300147814574, 0.0050193855157379, -0.11185582124375, 0.044581301869283003
0.09584279914141101, 0.0091656472826969, -0.26127040170588, 0.013243995565144, -0.040527041696965006, -0.20572530710981
0.14346128479227, 0.0066310082203163995, -1.6964275738035426, 0.0029123790304284, -0.1614015056296, 0.06184383598673
0.079521467781465, 0.0086475259548725, 0.09044363401214801, 0.013388683688584, -0.017592982588221, -0.21253011051369
0.14460585456074, 0.005548262753025, -1.636841715023529, 0.0079696472136906, -0.1577170163287, 0.010381142398714
0.09053239736466201, 0.013883131109271002, 0.010388783678489001, 0.011616888332968001, -0.021038246147062, -0.17761504638032
0.14320547929245, 0.007907066972033399, -1.476438302779696, 0.013752570445205002, -0.13494735538961, -0.061300690574964005
0.1166477618037, 0.0087749380085277, -0.67600292700121, 0.0099275287168974, -0.09125909192909301, -0.13154441350144
0.15030120593411, 0.0049036928962075, -1.4116782582018486, 0.015565174288558001, -0.12529019729127, -0.07458164511188001
0.073812919272393, 0.0056277655313669, -0.22328283857737, 0.0053030600971573, -0.048999161376869, -0.098145161740518
0.16871989696953, 0.0094970171760192, -1.582709532307305, 0.013889229972524002, -0.14284717461342, -0.09602263990107901
0.051781852768788, 0.011265753578723002, 0.098759661107452, 0.0043826797363445, -0.0093130569981802, -0.06787427426200901
0.16861761380962, 0.0080030886585864, -1.7099082293889376, 0.012104549298258, -0.16505355143604, -0.08903298316394401
0.07818018821061301, 0.0076749601524114, -0.064890320937288, 0.0059685791561376, -0.037297571174506, -0.047599798411129005
0.13671682836657, 0.0050019154987768, -1.3066465863843257, 0.012197741320375, -0.12338455337191, -0.11564574219823
0.11117852990336, 0.007855803422453799, -0.66352642688574, 0.0071983330434891996, -0.08642181824980501, -0.073743301327734
0.13028805836385, 0.009609944592201599, -0.95057326526405, 0.013024772046612001, -0.09194252257389, -0.11364067753524
0.11251825231625, 0.014637596771850002, -0.94777920431816, 0.0078471931251972, -0.11381863720909, -0.092266729633456
0.12271797887128, 0.0034334649978919, -0.78218144005963, 0.012804463481165, -0.08848298640536001, -0.10203613934622
0.099193077623019, 0.0092325715926572, -0.84183576670124, 0.0065636540627477, -0.098542487842045, -0.08831995552071101
0.11087005298637, 0.0086271627423961, -0.82615792386554, 0.010452741381877, -0.099563244885271, -0.08138533485008001
0.11987030026837, 0.0097350291325752, -0.83441249344821, 0.010289365943826, -0.08402913559767701, -0.085545178802478
0.09426372039026701, 0.0026239106537705, -0.79418355174735, 0.006876252846935, -0.104560684974, -0.089735399827991
0.10821711757725, 0.011074037437685001, -0.69275655665244, 0.0088837878082383, -0.069294411699656, -0.10803069462389
0.12034890346311, 0.0071238394276108, -0.9852742359922, 0.0066969740522949, -0.11986694577742, -0.067116232933062
0.13606885148975, 0.013091231860007001, -0.88107758377088, 0.017498877604029, -0.08069121228557301, -0.15890681841676
0.058832629521331004, 0.0022350332551685, -0.29820964845592, -0.0016292240949306, -0.06809283634228401, -0.005979033677054
0.15776431104671, 0.0047681359399163, -1.4209180284163268, 0.012394355876681001, -0.14298421891923, -0.10308268831023
0.058634251662024, 0.0072166230346127, -0.054443271065314006, 0.0026705662984106, -0.039275207003635, -0.04848596508965201
0.13250274054708, 0.012380393331811, -1.1549068243341776, 0.012327236694353, -0.12170072787552, -0.10752273423803
0.085440383278561, 0.011992591175345001, -0.34640779886471, 0.0050264193291045, -0.053651313581145006, -0.038184819429514
0.13843839833065, 0.0086680344067987, -1.2266299692122988, 0.012735514060221002, -0.12581512327159, -0.11611113942485
0.12605359851349, 0.0096122059092051, -1.055215777286793, 0.0037054029060539, -0.12351838451027, -0.032508225428845
0.1341223961436, 0.0074234167384865, -0.84739748399986, 0.014710360481670001, -0.09458437614517501, -0.14532837045188
0.12517304225962, 0.0085923847886273, -1.2583896431618036, 0.0075711829719432, -0.14842682902481, -0.063801863972128
0.081544926471909, 0.0048180803248982, -0.0232767696576, 0.015823319918669, -0.027143137557115, -0.12499288053478
0.10007821300947, 0.0060998000593132, -1.0893543118989464, 0.0001143872106107, -0.11201142542301, -0.076339608035558
0.128707801784, 0.0072301081353312, -0.80935301934771, 0.011050360693013002, -0.099222889587668, -0.11179951550142
0.10300450698023, 0.0057869279651402, -0.89531184728015, 0.006475544924243, -0.10968641623222, -0.022605261993809002
0.12053337173531, 0.0080063922182597, -0.99132527265443, 0.0048542786547841, -0.1178056963525, -0.077240806511707
0.10469842502926, 0.0047127384328325, -0.61034836729157, 0.012798494437857001, -0.07090616070104601, -0.06900439124745901
0.10007930077485, 0.0057605551345487, -0.94606957636666, 0.0036981374954506, -0.12106505076549, -0.07250247415803601
0.11950369492104, 0.012684560714884, -0.88826110301743, 0.0099255922458621, -0.09494620464553301, -0.09854084046943001
0.11742659765523, 0.0066662653816046, -0.77295337777166, 0.0061583594985985, -0.08916228898636401, -0.059082537573708
0.14637424447489, 0.01298059118948, -1.2770525146910539, 0.0094538547973213, -0.1474450079371, -0.1006950700258
0.092636235816515, 0.0053765585567852, -0.29527197812743, 0.0064579883741003, -0.049958567659845, -0.01557491659957
0.14768942049935, 0.0058467269032422, -1.5063688420101307, 0.0061338992453105, -0.16964336026626, -0.07094733330946801
0.094336713853592, 0.0074341585447433, -0.3300317237587, 0.0070630331892628, -0.04973328181503801, -0.084582797639959
0.13623383904254, 0.0066423711125825, -1.195541086796318, 0.011427050669912, -0.13376789898221, -0.09703201637851501
0.12741583162663, 0.014124125226317001, -0.86611428607628, 0.0087782863369375, -0.10660916896956, -0.10229310328211
0.10876581623989, 0.0082812469428239, -0.53199029110878, 0.0075779849735269, -0.06780017445760901, -0.057874605483709006
0.14221446835108, 0.0069904542080450995, -1.3998911542069896, 0.010342399303245, -0.16194460875939, -0.09526503154450701
0.096336733314257, 0.0065957277708007, -0.40231227055769, 0.0032689202230835, -0.065459223763158, -0.034922949893321
0.13914448625608, 0.0079183245129469, -1.2664378248902057, 0.0092610644456939, -0.13404287511727, -0.10888589115509
0.10559695959899, 0.0062327049466262, -0.80939489697642, 0.008332658720762, -0.10440527138939, -0.067168210274701
0.10608991351341, 0.0099510423018005, -0.60361901221306, 0.009916927563864, -0.06734967523528, -0.09728236590842201
0.14344226779981, 0.010150371787363001, -1.39574566090218, 0.0059094978372167, -0.15956662600766, -0.07131400321161101
0.10843811590342, 0.008918479491181, -0.48972591921828, 0.011519077453195001, -0.071017456942708, -0.076501149903217
0.1433106446898, 0.0090907289394829, -1.359748121672221, 0.0062732292642496, -0.14625043903981, -0.076987875344162
0.11631039743634, 0.0068585988755178, -0.70362696964577, 0.012691679718537002, -0.09130851495151401, -0.10624281590695
0.10311416189556, 0.0054758591312069, -0.7664029339965, 0.007104594340938799, -0.09048013780592301, -0.05817505690590401
0.13942113821192, 0.012975030134677, -1.1138172907847501, 0.0083929902784857, -0.12285823497269, -0.1099226225727
0.11247659517957, 0.0096187571845009, -0.72215897297736, 0.0097576485575921, -0.09351036437561401, -0.054066711440717
0.15079887491714, 0.0067280304818314995, -1.2970674837358604, 0.0074251598210385, -0.14935350141687, -0.08614283327262501
0.11884240248095, 0.011534827334471, -0.85232407666048, 0.0096049498407171, -0.10456160491013, -0.072090239851942
0.11369406315504, 0.0064121580609418, -0.7902218150215, 0.010278100935977, -0.099132131153672, -0.07240363986038201
0.13022327038742, 0.009892425927467299, -1.1604178606222921, 0.0090252295659192, -0.13615257122814, -0.10267736678466
0.11736629463549, 0.0097368764499431, -0.63098340801462, 0.0041193960963011, -0.07871275596225301, -0.05872377639115701
0.12380117514242, 0.0063620751629962, -1.0714342026073906, 0.007910955530521, -0.12891564088791, -0.090129727170195
0.10856388424192, 0.011998652736586, -0.81703603196172, 0.0075771675562412, -0.10109316906104, -0.079857447272257
0.11932662829978, 0.0072923802146874, -0.94029740571123, 0.008995051049106, -0.10921771411034, -0.071580345565231
0.13685015275545, 0.011555508961957001, -1.166612310056951, 0.010263890111528002, -0.13891480800651, -0.090664075706814
0.12390794290491, 0.0050365618144515, -0.86272347655999, 0.0065879360888735, -0.10719417645438, -0.059097267006827006
0.12467687466127, 0.010927772294967001, -1.0113069970218227, 0.0087905424381343, -0.11892375742918, -0.09079095928909801
0.10561457463056, 0.0086581191647281, -0.79052591186932, 0.010577736305439001, -0.10554747901107, -0.07630716353613601
0.11794083996573, 0.010400073545761002, -0.81229038102698, 0.0092699410078611, -0.09473557601567201, -0.082194827010103
0.13041610746572, 0.0099641609999748, -1.2296165782486104, 0.0069893378245637, -0.14142876184579, -0.08941365752272101
0.13437439185413, 0.0055299644655426, -0.8937045473398, 0.010693562523233, -0.11122783013665, -0.066867351726037
0.12344885279086, 0.011238026120585, -1.0420306624196656, 0.0030838181124391, -0.12481286917879, -0.07607257393325001
0.12583587800218, 0.0091047312472656, -0.87200558611407, 0.011117568289847, -0.10690115499072, -0.080186539691491
0.11851637552424, 0.0081595771558914, -0.74716596790844, 0.0073725802447664, -0.09735599541812001, -0.083284511896222
0.12120482948546, 0.010762400600445001, -1.1158364488658288, 0.0079958911058192, -0.13134112827563, -0.078486728047262
0.12589477285989, 0.0098084246807655, -0.74449250519319, 0.008181907084905, -0.096400588477125, -0.07380989400544201
0.12848712294538, 0.01106628597667, -1.1510737583572088, 0.0084078453813107, -0.13606959517964, -0.079663255560495
0.13046596853671, 0.0060531045981101, -0.8485758830281, 0.010453787348686001, -0.10643991445945, -0.07373798128398201
0.1261866015448, 0.010317712348786002, -0.97291273493141, 0.0061018379538533, -0.1105284284213, -0.07485955092674801
0.12820334295988, 0.0064098697217991, -1.0197096118960318, 0.0092988736066113, -0.12224965439286, -0.08263214417768901
0.11674696094434, 0.013578277190039002, -0.7588273996507, 0.0074263000983673996, -0.095701021908388, -0.076997655248315
0.12780710672905, 0.0072667718936724, -1.1297308869318643, 0.0083172709602726, -0.13717416667163, -0.076743830710923
0.12488280193637, 0.01216894483087, -0.96828454278106, 0.010916243810677, -0.11320673631798, -0.08061203771719701
0.12529926409401, 0.012401216059728002, -0.95217554819287, 0.009811314207320499, -0.11612552905648, -0.083600741740882
0.140838412798, 0.0052713193406454, -1.1588227618237226, 0.0092680046908273, -0.13232493411212, -0.077980223097195
0.12724638690342, 0.0072138566649071, -0.8108689306642, 0.0094764500562624, -0.10416428071977, -0.082109005827298
0.13497980536447, 0.0093511122166917, -1.1091658182019186, 0.0084885497174395, -0.13286713324216, -0.073863407551399
0.10356383374186, 0.013312613978201, -0.74348359118878, 0.0087248003385142, -0.09451932366595701, -0.092104885531976
0.14035241727827, 0.008925295071449, -1.089138464469189, 0.0092770695336935, -0.12776685679002, -0.06915813243796401
0.15280812125651, 0.012245428969025002, -1.1620725986335159, 0.0087651992536461, -0.13749021657799, -0.093969022392032
0.14388118142753, 0.0086566896743226, -1.0503511674120112, 0.0083935501170848, -0.12973972330123, -0.061906442003446006
0.14304742531625, 0.0087839603172994, -1.1204293605221567, 0.009258705503785599, -0.1396484082434, -0.088575373056109
0.11332825693852, 0.012049925314030001, -0.77086357416317, 0.0084315125464876, -0.09946959768108901, -0.08221126719628101
0.11927428143187, 0.007139546034658, -0.92434777359216, 0.00666103312055, -0.11612312664745, -0.07558161075559601
0.14097484453214, 0.015074402120864002, -1.0774883985988695, 0.010175381404417, -0.12636621038425, -0.09612329159185201
0.13849243990825, 0.0068204969018688, -0.89121371733415, 0.0062201712489494, -0.11580584313416, -0.06670377614512
0.14482390106998, 0.01204431750013, -1.2705507750485354, 0.0078028852308582, -0.14985217161122, -0.088363866201442
0.12076442711027, 0.0080427240341345, -0.75064867741792, 0.0072297382106013, -0.09930094642428801, -0.057400934757843004
0.13525223520627, 0.008895652448331, -1.1604364263253661, 0.0075713158083642, -0.13082160694322, -0.09288073494014201
0.12937078052212, 0.0075349393575681, -0.90157097131568, 0.0069611772613407, -0.11734651578338, -0.07092121869435701
0.14114150654047, 0.012505992676066, -0.97934787462454, 0.0087241479243625, -0.11842863694846, -0.08715144179919
0.13239711830674, 0.012361577034962, -1.1009368703788298, 0.0077796059391885995, -0.13508868072455, -0.07726072260390801
0.1340654859958, 0.0080660648508897, -0.97087762214915, 0.0099193265087289, -0.12056046911089, -0.07371033540827701
0.14183941547035, 0.013688607603496002, -1.1016808139652647, 0.0087865819791121, -0.12790858878073, -0.08099974796530801
0.13480902427174, 0.007500670885439899, -1.0273457403090491, 0.0095586361100452, -0.12525691082008, -0.08565847357278601
0.13574142080966, 0.010442418789684, -0.96986096424472, 0.0061473757880036, -0.11785497629131, -0.07596415434075901
0.13273518279398, 0.0098361362887502, -1.0387755058398798, 0.0072350725018837, -0.12691670414001, -0.079337337879129
0.12992233315473, 0.010127442688698, -0.8589965956621199, 0.010076011092124, -0.10407354215698, -0.082620131296742
0.14145644978923, 0.015444691795842002, -1.1743150894114789, 0.008842284162919099, -0.13684714316836, -0.07981020533022
0.15623667160433, 0.0051002496720261, -1.1693287499292335, 0.0090530515256856, -0.13798099632457, -0.07712684239219
0.13819986617416, 0.0096585372275625, -1.0509815245021534, 0.0046997958374938, -0.1262647856579, -0.07573739336509201
0.13508111303173, 0.0045563524171218, -1.048671566071719, 0.010977962689140001, -0.13168464372099, -0.07549274120198
0.11141481765981, 0.016646393384910002, -0.71293356488548, 0.0059049840879319, -0.089369447304874, -0.07867375598363201
0.15262745755649, 0.0095043042966782, -1.1749423418644172, 0.013116840857022001, -0.13520331321122, -0.091749247552352
0.14844820477652, 0.015326191647872002, -1.06998489681817, 0.0089655989561089, -0.12940357383886, -0.07482854746030601
0.15757792246913999, 0.0096254978667031, -1.1665532736053028, 0.0083896579398577, -0.14123568511719, -0.082577674177504
0.13634434604863, 0.008823661533494299, -1.142959295244589, 0.0072254417172182, -0.13967639056426, -0.07300241824320601
0.13232547981074, 0.010164215158539, -0.80860625768691, 0.0075819888571202, -0.10411077969858, -0.08695499173453
0.15103204708595, 0.0096772313895761, -1.1800940735933998, 0.0095571139941006, -0.13543150095986, -0.086344934421984
0.14120901193571, 0.0133331364336, -0.97010477250586, 0.0087393075903966, -0.1165780019862, -0.08621431782517601
0.15435058627129, 0.0078791475123298, -1.2610414619483938, 0.0089700973458802, -0.15245726057611, -0.07659194785444201
0.14553471882194, 0.011866165401023001, -1.0872081006827887, 0.0088417827764613, -0.13002237119428, -0.08913196711654801
0.15330501292586, 0.010412532338427, -1.030739548823523, 0.0088349734906163, -0.1243534878884, -0.08358894224059
0.15318273758663, 0.0089212302955644, -1.150175486705844, 0.0074603443139836, -0.13857308863727, -0.074239246549473
0.14534115085148, 0.011651215435656, -1.0158041600459022, 0.0083877078021727, -0.1171822328085, -0.09231231811510701
0.13848886251236, 0.0095662845609878, -1.0893168872019379, 0.0084973638452205, -0.13405304627663, -0.08090952108141801
0.14477578959003, 0.012405688005564, -1.1411153404173282, 0.0097873778194333, -0.13967531615309, -0.08940057326452801
0.15865514109826, 0.00942819434985, -1.0511452419556133, 0.010317264219854001, -0.12480041010176, -0.07943924095616
0.15574035981172, 0.016590820246076003, -1.1948303449101636, 0.0071063387493302, -0.13919199542206, -0.090294257692274
0.15440862451378, 0.0031032707913929, -1.1259583613793627, 0.0072345244603127, -0.14367023006649, -0.048415385642581
0.1363486487443, 0.011494977537111001, -1.0619285536887133, 0.0080201495123248, -0.12862693396705, -0.10112961176163
0.12841080823313, 0.0088100951397064, -0.96115685552879, 0.0068506810643142995, -0.12211627732849, -0.07498386112220301
0.142368023485, 0.013826946399298, -1.052312849619362, 0.011312111705101002, -0.12635633435785, -0.086472596982735
0.15246315910449, 0.011462939682252002, -1.1004918821337202, 0.012517945980151001, -0.13285252183014, -0.087678547151328
0.16192970413815, 0.0098806432986306, -1.1440511431152531, 0.0069523041647108, -0.14035337861046, -0.08515207910189501
0.16567335709893, 0.0085381352842583, -1.3565012257443, 0.0094715289258205, -0.1606411351889, -0.072658527789159
0.13679837998056, 0.010577001870743001, -0.84713751524386, 0.01109249939008, -0.11921142639837, -0.08954750724240601
0.13763624057066, 0.013538984294597002, -1.0612591317982787, 0.0068220697397521, -0.1252594714764, -0.075540018972375
0.14498184868974, 0.010963639235337, -0.96427144266089, 0.014060897299496002, -0.11590173213265, -0.10902860295037
0.15657904077713, 0.012122620838787, -1.1958571707872796, 0.0075684541829457, -0.13817586848803, -0.07250081023794301
0.16484481274916, 0.009700656633794, -1.3555223384984618, 0.0085999915419874, -0.16539111458655, -0.088218511902588
0.14411138742865, 0.0086962135765078, -1.0736347933916244, 0.0092250388213447, -0.13586739327996, -0.055518103202253005
0.15366373437321, 0.011321433554813002, -1.1545397731337075, 0.0094475411084761, -0.13865084338476, -0.097274870165703
0.15125266563418, 0.0094956013325281, -1.0255991971886418, 0.010562044115444001, -0.12639204823082, -0.065390490209456
0.14533070084514, 0.014214383648366, -1.017622510053814, 0.0079524826140366, -0.12852175002886, -0.093028159487056
0.15890563332962, 0.0083943117767582, -1.2121045990065236, 0.00811651176837, -0.14503885946274, -0.06134503505230501
0.14623433417899, 0.013154607373832, -1.0335406095044846, 0.012116503748639, -0.12722610098188, -0.10673467673633
0.16468949910023, 0.011545386912834, -1.2940241016408378, 0.0086912665880638, -0.1500347573987, -0.054377756050372004
0.14818357157675, 0.011162616674801, -0.97299921414012, 0.011144189137199001, -0.12266500077422, -0.1073369897568
0.15706232398807, 0.007641112654113, -1.2015204111349362, 0.006672982446013, -0.147633201854, -0.054674756735710005
0.14324882548733, 0.010589808323003, -0.94713291131236, 0.0082735830077118, -0.11892332609551, -0.097860564442626
0.14875077122958, 0.01472056914296, -0.98594621659503, 0.011673982174381, -0.12403823134439, -0.07462054604203201
0.16209581649074, 0.011357153771109001, -1.2629626504663456, 0.010019356399756001, -0.15515155852595, -0.08389757552228301
0.16912132600744, 0.011988532867807001, -1.1408777548554851, 0.011568032667469001, -0.13057174706116, -0.082409804846949
0.16951750613277, 0.0098994882637103, -1.2821845804668799, 0.0074169903853892, -0.15786003779947, -0.06882599054379601
0.16478473016197, 0.010903075418597, -1.2286147175932434, 0.0095573560638117, -0.15711832420901, -0.090111090984931
0.14826606705945, 0.00898804075202, -0.90943333220108, 0.0059547637658307, -0.11132207405687, -0.058969540841726
0.16314736923597, 0.015291192817720001, -1.2048653483395886, 0.010990954222611002, -0.151446747598, -0.10716621611562
0.1504927413116, 0.011874753590960001, -0.93534473961193, 0.0098742208205384, -0.11626130994286, -0.063305727098675
0.16907965195592, 0.0097036570101345, -1.373025499099774, 0.010414156323856, -0.16789545391862, -0.090253285181442
0.17973378689714, 0.009493000362118, -1.33956589975472, 0.010044496313426, -0.16619795727754, -0.08316248765118901
0.15280792356572, 0.011456575031161001, -0.99029619787983, 0.0090224048389673, -0.13228539049832, -0.07517831405085301
0.16802759113557, 0.01366090863134, -1.2548380081678012, 0.010235661596272, -0.157355364021, -0.095899482596041
0.13826557954541, 0.012587205643846001, -0.88659668144635, 0.0070575623116968, -0.11413909113966, -0.069935123216866
0.17073364172294, 0.011808243931573, -1.3093844844400213, 0.010004930541709001, -0.15716777146871, -0.09223587669500301
0.15540796941651, 0.011736982305776002, -1.1549828371869, 0.009992433766071, -0.15469531723283, -0.0731438900092
0.16152027595604, 0.012910627564071001, -1.1821490132768615, 0.010915053008272, -0.1441329146086, -0.093395180878064
0.16714210203045, 0.011688094119089, -1.2427323997362762, 0.0061634556529673, -0.15584038337026, -0.075961901982545
