the plane
0.0, 0.0, 0.0, 0.0, 0.0, 0.0
-0.03438816577629, 0.0005641799507333, 0.074881870974628, 0.014824490082369001, -0.022437814491254003, -0.000952888597139
0.027852307687825, -0.0017166406752353, -0.14154462692068, 0.012703269914089, 0.012804188150873001, -0.012184129286739
0.022158153863124003, -0.0026021347536474997, -0.15010525581036, 0.014921644343359, 0.0016671638886612999, -0.0026190834600187
0.033726168275261, 0.0032813723212333, -0.097311452997258, 0.015694095533841, -0.008722968352893599, -0.0013562018236327
0.0013072856892998, -0.0020245695226996, -0.18529818288971, 0.0047583701488681, 0.07164920355677, -0.016874473524639
0.0094999073099124, -0.0023099979431624, -0.12943790429011, 0.0073117379103411, -0.0057268657635293, -0.010145297978529
-0.013511776194558001, -0.0054082912662737, -0.10872259938828, -0.0046748082984092, -0.0028115131206055, -0.0036061149975956997
-0.010572427238157002, -0.0050994061847006, -0.078534521004542, 0.017584466885481, -0.066393028910759, 0.0051518199388159
-0.0031341708245594, 0.0088275660707294, -0.19518530368567, 0.015493787163002001, -0.027662842175954, 0.007698726459844
-0.088023635442306, 0.002706160815536, -0.07060295030145, 0.015889252284155, -0.014933181229084002, 0.0058692841789057
0.019315711665132, 0.009171824780301499, -0.16729946583162, 0.018062078400421, 0.0041293165280989, 0.0005477529093572
0.023564107388335, 0.016849486874319003, -0.2228693566009, 0.020243514456006, 0.016654106192584003, -0.0054399869604749
0.041698919300694005, 0.010393876062198, -0.26073425748101, 0.018049503080885, 0.014549083968861001, -0.014206975765409002
0.036216237680932004, 0.0049464821750902, -0.23580611480741, 0.022712394193228003, 0.012733953129187, -0.010680351556866
0.037227697758479006, 0.0069719131277292, -0.12893395606559999, 0.025258284713414, 0.012491714234751001, 0.0081888803762242
0.024135501269332, 0.01143648534666, -0.24727750304525, 0.022578827347900003, 0.043316949434307, 0.0088131130593842
-0.000940687118928, 0.012757490385033002, -0.15723178386536, 0.025901950505871, 0.047427724513847004, 0.016218778366226
0.044966120993924004, 0.023628854081393, -0.22380387522444, 0.02565993325604, 0.055503586996305004, 0.018145058052955
0.023205738645754002, 0.021834611213262002, -0.19152512281457, 0.015364542142517002, 0.044418255275467, 0.022135519553558
0.0073887681670378, 0.027542308637600002, -0.09835975707736601, 0.020292233363275, 0.025370504075256, 0.030232037346626002
-0.0045582546669875, 0.025803726316973002, -0.07638782050106001, 0.014158963688409002, 0.017590560701962, 0.027600350540333003
-0.026497745605472002, 0.012295346858053, 0.066695177754788, 0.019701012785544002, 0.016767590395297002, 0.026331654529421003
0.07709404237039001, 0.0034484830377948, -0.32874982806361, 0.017334784954839002, 0.06777939872751401, 0.014668794665753002
0.013657723082878001, -0.0012797436357734999, -0.16866945999228, 0.019574330114016002, 0.06453629583713001, 0.0049316567422803
0.032764743724509, -0.0019895063369686, -0.18647571109732, 0.0085838128933866, 0.034300393191199, 0.0097604674797421
0.024706959973288003, -7.01943252054e-05, -0.16824828386589, 0.011786489849752, 0.032645514777103, 0.018065883826465002
0.011506177671658001, 0.0024312897113475, -0.12504640531817, 0.0058928849056306, 0.011488383418039, 0.014785421327214
-0.010135970432102001, -0.0006970895562688, -0.06626210488105201, 0.011539255516230001, -0.02584505624859, 0.011045995602047
0.0089032962921957, -0.0020303077444311, -0.1271359110986, 0.012038579160480001, -0.024800165343529003, 0.010309287875411001
0.018179222138597, 0.000288991153774, -0.17841913177328, 0.016420491930073, -0.030769745990631002, 0.011975357530255
-0.0015743074800458, 0.0006258300846878, -0.067597796496301, 0.011407388040241, -0.012114419454882001, 0.016717732498209
0.012094946390422, 0.0085547797019689, -0.14342032327929, 0.006358434653129, -0.0079453210523093, 0.0089697272332309
-0.0003790930869976, 0.011658307889027001, -0.11682974561146, 0.011042669666473002, -0.021371646008591, 0.017634415463527002
0.027685034234721004, 0.0144082225315, -0.14777643235831, 0.010555773637029002, -0.026447460621349003, 0.020287482932468
0.014707227361173001, 0.022814617392837, -0.24821206602719, 0.011078298234838, -0.054639281337056006, 0.012256140702469002
0.0088291888909388, 0.024461928491783, -0.19136686086809, 0.028777097252550003, -0.036528341564326, 0.016669981646057
-0.09280197153993201, 0.026510544042729, -0.13701041128933, 0.024012216463145, -0.010077435586312002, 0.024738640449197002
0.010513466826627, 0.013627201695303001, -0.20166612564547, 0.017698851504035003, 0.011891297470113001, 0.012058024283111
0.076838505450483, 0.017982749639628003, -0.32824518717834, 0.018252842618147, 0.016955902867502003, 0.011162606218218001
0.049538990158108004, 0.017166103888997003, -0.32179396601965, 0.016864556666655, 0.0084038363208233, 0.0086192475232963
0.064802574183019, 0.020633627677988, -0.27303992935274, 0.020436723146721, 0.0020018016285621, 0.01273031388041
0.032316964432509004, 0.020133055935664, -0.20624566245699, 0.021111649081879003, -0.011099831967537001, 0.013453794851259
0.039704412376666005, 0.016271241055391, -0.16398775669468, 0.023824575510969, 0.0055104739023907, 0.0097124669070154
0.041041154847878, 0.020030139034733, -0.20673628009783, 0.028559138292636004, -0.0004866532524293, 0.018631142834221
0.026998624372514, 0.012740734530671, -0.05899082862849701, 0.021348529150937, 0.0017516134993504, 0.013294903374754
0.018874092919867, 0.016702432011768003, -0.19049153659855, 0.013857040531291002, 0.08070787345310401, -0.0033803068660736
0.040799087856269005, 0.022087241479987002, -0.057462452094470005, 0.022057488151015003, 0.0084782995831443, 0.014337435936544001
0.034571150837913005, 0.021736941906644002, -0.055617980121341004, 0.016759951110283, 0.0015554456409565, 0.020543482249823
0.035177913439527, 0.015886543784182, -0.055701336003519, 0.017133852262996, -0.026256650195320003, 0.027395830243348
0.014828724611896, 0.009248541903050099, 0.020887822373475, 0.023780501106019, -0.028900645382417003, 0.025526480259545
0.076430976413163, 0.010096025216545, -0.24451726411401, 0.016033915892187, -0.024292963310461, 0.019420454575742003
0.031056098285557002, 0.0056774175793133, -0.06804300743191301, 0.017019603743972, -0.021719343772516, 0.021244874128316
0.030355260871152003, 0.012109884173851001, -0.09553139872004401, 0.011372260004262, -0.020873400852492, 0.02025172420083
0.026652617797298002, 0.008257714882611, -0.1162365028178, 0.019210153219181, -0.0037977329576461, 0.025570965361171
0.017000599634126, 0.0099774555944463, -0.11155657444506, 0.012755106612304001, -0.0027589973601194998, 0.013834401091991001
0.021691156855657003, 0.01313619221388, -0.10703985691704, 0.018217742652683, -0.0030622988239199, 0.016401342914057003
0.016172281120644002, 0.013519293125929002, -0.12651322033896, 0.017928831473419, -0.043598534722103004, 0.023059154595090003
0.013430036236204002, 0.026700509516956003, -0.19978828612172, 0.023928235379326, -0.043238802560933, 0.028492120187613
-0.07886267264549801, 0.022363766922552, -0.15537770140919, 0.023263001438272, -0.0096592755790029, 0.020964468492871
0.023906954714025003, 0.022095891037416, -0.22612927415624, 0.022373130380757, -0.0005962378904008, 0.017547051568330002
0.045224167769782005, 0.031113541271829002, -0.26037235952942, 0.021460609297683002, -0.0017672593098947, 0.019406097897209002
0.054398736964145, 0.030997520510181002, -0.2726120717794, 0.020920057786204, -0.003410118777311, 0.022432816455935003
0.050339126738924, 0.035834471864399, -0.23466495539617999, 0.021356955826319003, -0.0071086087792233, 0.020547420580067
0.048549501242121006, 0.039624525766997, -0.21952573529982, 0.020751754040503, -0.014694124414491002, 0.024073306604548
0.026632030033694003, 0.027551009359602002, -0.11547908194524, 0.026877085833440003, -0.011409730221694002, 0.019557527696158
-0.0097003285008518, 0.019644843887212, -0.14135998840333, 0.024926913498972, -0.07760450866742101, 0.028385627106366003
-0.09823903130988401, -0.0062842101917157, 0.28567189909784, 0.021521226681959, -0.34380913370686, 0.08800273769845801
-0.036764107469807, -0.014123103607910002, 0.55473740869628, 0.012974903845856001, -0.41441852588721, 0.13849445416149
0.16871461732761, -0.01715853348264, 0.72521239717438, 0.016176816052351002, -0.48199428043768, 0.15834138892203
0.52312602221712, -0.026211732278064, 0.67745352493405, 0.009371812540885099, -0.52195702980447, 0.1234634383115
0.62522907271641, -0.026637101495092002, 0.76526748309367, 0.013772792158433002, -0.55225532939505, 0.13277507237464
0.7045434957807, -0.038650311468940005, 0.87616245354314, 0.0092659059898085, -0.53451798444698, 0.11809047763694
0.911978707348, -0.014941650686160001, 0.51911820689708, 0.018441204811878, -0.5755258793608, 0.12280901590707
0.88075616922498, -0.012364269586601001, 0.52950839757716, 0.023147905304037, -0.57318366356804, 0.12787138245264
0.82796591663038, -0.018020924258510002, 0.74195785478964, 0.0047248662017901, -0.50504994935755, 0.12111169503437
0.49081182877926, -0.032172618783884, 0.42496925246764, 0.0002512136647791, -0.13569830692574, 0.050738180602856
0.33408360711957, -0.021442240659194003, 0.029828744360297, 0.0047217666315005, 0.16871765978187, -0.024487222647849003
0.26556895138517, 0.0073013684321766, -0.1240466098846, 0.041587230589076006, 0.33047300400734, -0.060895212542975
0.051547708022093006, 0.031736999677579, -0.38154384276002, 0.052582897550013004, 0.47576961936636, -0.10388409431376
0.12077034748066, 0.046852120800439004, -0.45368541454653, 0.06752962983027701, 0.50153064447886, -0.10991948698949
0.16952173712717, 0.042149984177995, -0.45475076041741, 0.05976912311285001, 0.41866037383321, -0.11647211157408
0.24109789215258, 0.05123463743365501, -0.49884819767926, 0.080502963171645, 0.47815448163473, -0.11760057036902
0.0050498197797848995, 0.066996788185551, -0.58349395739, 0.09739154724352901, 0.62869499566669, -0.10907823143394
0.014648050484326, 0.07656213218728701, -0.48902509651577, 0.094360044539812, 0.52891309304772, -0.11254926725786
0.16965419204211, 0.060488562986576004, -0.39660058885626, 0.10178917156247, 0.47970566568163, -0.12690345392424
0.08540656901977901, 0.024366616511509002, -0.22630259953528, 0.10010561248649, 0.25611573613352, -0.07383066093762601
0.041880635109811, 0.022377923786067, -0.067632630052031, 0.12311544572119, -0.046620232746015004, -0.025248112615251003
0.17750370610054, 0.020656692655193, -0.0023097651734655, 0.11114131791488, -0.28489631224535, 0.0091116307945857
0.20120085510397, 0.013848281578118002, 0.24186095399916, 0.11098138250404, -0.45331729983109, 0.016966886650277003
0.38178675637627, 0.020115844725005, 0.36000742206748, 0.094510350893584, -0.41102828241689, -0.013067510718545
0.61521756167403, 0.023477349560268, 0.37738213102142, 0.10045384624541, -0.38427057115577, -0.010303620277167
0.61638534720849, 0.013596666611511002, 0.35533491630874, 0.10089735945609, -0.47231297831732, -0.020278318566109
0.57942303579087, 0.022302485247326, 0.53187829135421, 0.12207904276743, -0.61802830191016, -0.016023306810187002
0.47468100393062, 0.043416928171644005, 0.54078745257812, 0.13031242905542, -0.70136179998631, -0.019808900514987002
0.73562386388091, 0.05147927813519201, 0.64641905459445, 0.11389216189012, -0.70289566997687, -0.0072852713261982
0.82893906637244, 0.059832072353545006, 0.63449790052412, 0.09795647209874901, -0.67113580651731, -0.018680309343976003
0.74068033841208, 0.040243218107267005, 0.59042073562035, 0.062517577949611, -0.31243811443045, -0.041861614272451005
0.45369698322297, 0.012991794541681001, 0.19064584454762, 0.049230571049101, 0.12417475725369, -0.15382157005151
0.43993965350472, 0.027887791848019, -0.08205186862780901, 0.05356691564974601, 0.39021186417563, -0.23878086019629
0.24926554466225, 0.036534564257588005, -0.27006420752324, 0.072932068986512, 0.56997282900359, -0.29386573346328
0.1631639622954, 0.054640435153662, -0.56132500274067, 0.075578259516431, 0.68868947550701, -0.3464255883215
0.043460056147133004, 0.043482630532119, -0.6470792197571, 0.06602197930326201, 0.81219266348871, -0.38874059575494
0.18121885677266, 0.039161410054636005, -0.50875583030109, 0.06702026479924, 0.83293980324989, -0.40516383424286
0.09722313027353101, 0.043504492176259006, -0.85449206344656, 0.077691273011238, 0.96954684143146, -0.45443624858288
-0.042398733776279, 0.039996852774908005, -0.9796524640374, 0.095407348831614, 1.1223731272212631, -0.50597054271217
0.033952499583528, 0.035366042976862, -0.91580946622888, 0.094530789643764, 1.157545001407241, -0.51564655346569
0.1476708971475, 0.024103006329484002, -0.56323386668035, 0.11644567519885, 0.99807646159864, -0.45028490524852
0.055755358429221004, 0.052195582890399, -0.43429650583624, 0.15192557764944, 0.84488400256966, -0.37148193342312
0.051078794008906005, 0.035807023333267005, -0.11896066900476, 0.14385034690335, 0.64645818914857, -0.28228362583181
-0.12108683123939, 0.040670406066, 0.058142736132061, 0.10231696414747, 0.2506901683771, -0.16635788969504
0.035368977973657005, 0.079262727572957, 0.16830709727384, 0.1451461394994, -0.30605012101458, -0.05655053721163301
0.22477537203997, 0.09570381549534601, 0.46163603874878, 0.18049760513875, -0.68960962545369, -0.047469300645505
0.36611527192965, 0.08483017042233601, 0.69097207162363, 0.19762572346082, -0.94874808231113, -0.064975450152134
0.48380728440618, 0.07536705245896701, 0.95334250396471, 0.2053920605671, -1.0756189344763563, -0.10164999158293
0.85396843480619, 0.064854350939653, 1.0762339489957056, 0.21311376931552, -1.2731988769643123, -0.085026420301283
0.85060461333369, 0.06473623457675, 1.2468428172670263, 0.22409516954347, -1.4806766311653394, -0.08850954595370401
1.0287451161119048, 0.07461408086778701, 1.2836745779759684, 0.20436465324944, -1.523208780321948, -0.11111541532641
1.2690436895345671, 0.094816685067064, 1.3391126271497038, 0.1834941372489, -1.4282175094303853, -0.09864565105941
1.1533213274956176, 0.092070149707623, 1.135971479816402, 0.16985362060508, -1.3271673621314706, -0.09217656170305401
1.2794482476568831, 0.09026524764028, 0.96091228196281, 0.14484031788701, -1.0929396236467515, -0.09323522063684601
1.1223777454831243, 0.052583523800381005, 0.78950448919462, 0.074091145262333, -0.75712908095272, -0.10009659952487
0.93388543905803, 0.013462535082985, 0.44203620055516, 0.0085890259915231, -0.25445080730168, -0.14774774858877
0.8602896043602, -0.013386992311959, 0.41377753305448, -0.030312520010589, -0.039877500956157004, -0.18687485437822
0.88767647811551, -0.021932278401194, 0.49577330379227, -0.0042105713890817, 0.06101598650125101, -0.18537957941054
0.8046128689172, -0.031420444468537, 0.50492573991875, 0.030104571213799003, 0.18473570428704, -0.22908702368806
0.76701893590027, -0.050078830932231005, 0.38089578677321, 0.059790094570259, 0.29150944253926, -0.28714574467475
0.71088910794214, -0.056057671062469006, 0.35147487735988, 0.08796635178922001, 0.17076490732102, -0.30332597365708
0.56961792779446, -0.030602298097967003, -0.01030873982708, 0.06688509205503701, 0.19578254582728, -0.31742919553802
0.27096140460033, -0.05317567921407, -0.36454489599692, 0.071775051258707, 0.14061149542774, -0.4067160244599
0.29968755962442, -0.044346297056201, -0.62330219387373, 0.11302371381062, 0.29185787409417, -0.43575643683796
-0.041185123222569, -0.014998920984789001, -0.85259608116066, 0.15442133156992, 0.54156713949846, -0.38702297957368
0.044068679030797, -0.020099807533792, -0.62916058362416, 0.12952828862143, 0.56704658290244, -0.37720263480779
0.093996869506812, -0.026118688948737003, -0.39752644603582, 0.10921563728839, 0.39683366827366, -0.37192909705313
0.035011709331955, -0.017259658408005002, -0.13029418457906, 0.10450117416229, 0.22314043033597, -0.35433438007539
0.14529158294072, -0.0044099765707568996, -0.0079296865233745, 0.090269396602665, 0.22677453605805, -0.34203373643196
0.31526653775084, 0.018064505114727, -0.099281621262265, 0.10190707540375, 0.22466509631599, -0.32860614756764
0.28343546610408, 0.033369373697503, -0.22710954929683, 0.09541696905639101, 0.23751002135953, -0.31988787564587
0.29480887216675, 0.041888746155817, -0.33942863853248, 0.1020058433366, 0.21245658128335, -0.31301739071131
0.27617822030439, 0.047989436609595, -0.34189043600964, 0.10196981856487, 0.20001211805967, -0.30674194047949
0.27489212731612, 0.054769075865138, -0.2709660302963, 0.10475532086153, 0.178140777465, -0.29057777418107
0.21907194690286, 0.054628484496476004, -0.11964037276414, 0.11521080518554, 0.14413301445565, -0.28388114074045
0.20726313159716, 0.040552652555142, -0.023377034910114003, 0.1227852340159, 0.18504540975137, -0.29010719891021
0.30984601947295, 0.048923769255745, -0.28734694092727, 0.12293135254503999, 0.19264759197616, -0.28864913380865
0.21939715102859, 0.054156944650515, -0.04320436126279, 0.12592278440397, 0.18676758723365, -0.26480751936599
0.25125834025705, 0.067883923150584, -0.092933720598367, 0.11680472593429, 0.19635213152143, -0.26516912328275
0.24585828597426, 0.067771377168736, -0.05537528934079, 0.10823478746805, 0.18656000446465, -0.26895641952415
0.25705354923505, 0.058331682876762006, -0.10731374932248, 0.10008229814015, 0.17423860638167, -0.27360311205833
0.20069125845169, 0.053896160133752, -0.08865112200450201, 0.08830385814944301, 0.224535128433, -0.26955039936317
0.20272001300644, 0.05472161724609, -0.022885198127125, 0.10335468359083, 0.19208260629439, -0.25853984566938
0.19488525315097, 0.037606429177859, -0.15703151217937, 0.089385557633176, 0.15294348575498, -0.25369434088426
0.11284609699567, 0.044766286223755, -0.09597386887809001, 0.07835777707426, 0.07189667635272101, -0.23736250242911
0.10623377438541, 0.028791377035891002, -0.14284502140516, 0.06897507954948201, 0.10059621261034, -0.25981258995419
0.029842762004963, 0.02723803511242, -0.038759507769166, 0.07962067347713901, 0.19036388594524, -0.26760494976724
-0.069264721621085, 0.053412812763665, 0.0040965759699048, 0.095697419955191, 0.20172739429286, -0.25186073668983
-0.09030597456653401, 0.073588781302256, -0.13575363388037, 0.10989859849725, 0.18394490953652, -0.24186892703119
-0.010084523149523001, 0.06735996637574901, -0.21877698029012, 0.12841846522939, 0.20691233876275, -0.23342576005313
0.0093519372705324, 0.041227535418459006, -0.23589290134841, 0.10452015046798, 0.21072726808492, -0.25265181581902
0.086387676393589, 0.022594954536435, -0.27301268196001, 0.09439488472587501, 0.20682190694154, -0.25862950828971
0.014242110797276001, 0.017142211063051003, -0.25578135281071, 0.10190817997397, 0.23125227692148, -0.26140193075785
-0.038204252598313004, 0.013056217959081, -0.33785642521625, 0.087384839502138, 0.29363290378373, -0.2766977436886
0.07092052028905, 0.0057478787416461, -0.45923154728699, 0.07861128893151001, 0.24121128783303, -0.29184540423528
0.08523533408451901, 0.002569557594293, -0.51876253517613, 0.09115531424905801, 0.20016384150304, -0.2888697331712
0.079039914919483, 0.01882829274706, -0.67829265567127, 0.10167013099229, 0.16253355484729, -0.28581353692026
-0.11512467956871, -0.01959699426635, -0.17675278862439, 0.09632547253654401, 0.10903095888066, -0.2973366003042
-0.14389606227317, -0.0276550754257, -0.30096260724093, 0.09311762883162701, 0.16502202446673, -0.29776311048603
-0.087491209131368, -0.0024673341795821, -0.4943100396072, 0.10972992599968, 0.13603719251369, -0.28062311928061
-0.039629097142195, 0.0046340213070006995, -0.40024132200671, 0.12483658866278, 0.18432374263157, -0.27987317213862
-0.05540797246350301, -0.00022334822763419999, -0.23165369612573, 0.11557242623984, 0.19828299187219, -0.27368731822401
-0.1455738429533, 0.0034972136849113, -0.23675248572519, 0.10953160731333, 0.28837097747266, -0.28385334805627
-0.15067524873002, 0.0009263157850637, -0.11790954258109, 0.10973670836227, 0.26019157283209, -0.27210468521126
-0.10995566669965, 0.0088836325552763, -0.21764836775061, 0.10606326992355, 0.29787732220736, -0.25224470998478
-0.20542409576396, 0.018492142614596002, 0.18352049552251, 0.11799987798923, 0.22953114624144, -0.22426048197682
-0.45351444013599, -0.012799886475006001, 0.37897336350177, 0.079008625338832, 0.26569463829926, -0.24492938259576
-0.28596973715722, 0.0001712801636737, 0.14737443631007, 0.10030942181888, 0.16735483963597, -0.22302479602304
-0.17410276304893, 0.0036673356075396, -0.29052125801004, 0.10261835128507, 0.08185825275653101, -0.22432044954756
-0.18809557316544, 0.0008628686216117999, -0.18374079429069, 0.093823794696889, 0.060082852143334003, -0.22768279759243
-0.28629726423476, -0.0010045089592515, -0.0070651600462155, 0.079337373624124, 0.06993329371602801, -0.23500769811881
-0.25874927162446, -0.0016572955800779, -0.022804214354131002, 0.077498897967975, 0.054542862821959005, -0.22832166787067
-0.29618792455764, 0.0035115982486234997, 0.05721677179579301, 0.08631518130437801, 0.017015510320700002, -0.21135131408366
-0.2385970656485, 0.0036112290386103, 0.051478115639533, 0.10748631195815, -0.028126586828506002, -0.2106042949319
-0.17593028655581, 0.019643764090685002, -0.13276230777349, 0.11722701368813, -0.041990548845752006, -0.21617731933828
-0.13376908244516, 0.030822589935631, -0.154115364507, 0.12210147714707, -0.071583042589384, -0.22783739710568
-0.11407143101485, 0.041474969233350006, -0.19069436541671, 0.11027732099018, -0.08371166800110101, -0.22655946423631
-0.09475889041877, 0.048507889152972, -0.24180350369903, 0.11064528688205, -0.015995831100682003, -0.23012586205348
-0.12150593222256, 0.051227701111665004, -0.10181373062443, 0.11815821646857, -0.035907310744525, -0.2070159092151
-0.20869121874914, 0.040644893870081, 0.050950852240991, 0.10522144120206, -0.06472467149877201, -0.19967480748849
-0.23938481844627, 0.042870721683959, 0.07849244562634701, 0.10772173190872, -0.035394699959615, -0.20073649512834
-0.23433428511648, 0.043820059989090006, -0.07171053747464, 0.10446482857496, -0.0088242167920531, -0.19907651208802
-0.097458026288018, 0.049817955608146, -0.16536095877052, 0.11611781072379, -0.048152449665143, -0.19739629692501
-0.059592879012457, 0.06314626005362, -0.28837592578322, 0.12234634717104, -0.041781839431211006, -0.19224566528632
-0.048602722484683, 0.06435391239657101, -0.32163266592217, 0.1184521432444, -0.058989159393518, -0.18889071469908
-0.060589060376459, 0.066742598484549, -0.32194014858636, 0.12011768469051, -0.07014627446975201, -0.18652895137982
-0.089920904535064, 0.06499582328645401, -0.26446740162198, 0.11995644382978, -0.077483964428242, -0.18633948987881
-0.11525248027148, 0.06381451962202901, -0.16221000960051, 0.14118963620212, -0.078230858081181, -0.17344290646909
-0.12935028712638, 0.079836530672861, -0.28794803860382, 0.14775659584908, -0.053579464408126005, -0.17636057322622
-0.17394586191094, 0.068776720288757, -0.13161323992667, 0.13592066889349, -0.051682755334059007, -0.17549998150442
-0.11952675961832, 0.063032100590835, -0.14031111637558, 0.12363606948438, -0.04793535797846701, -0.18750612803077
-0.1663932784301, 0.06726914369681801, -0.16546698550462, 0.13623724746183, -0.044745566853338005, -0.18311641420261
-0.15946888375252, 0.07149755999660201, -0.25722870428409, 0.13021131652044, -0.06368349650588101, -0.18649417601569
-0.13796838955138999, 0.070759525718602, -0.33032302131142, 0.12957028165266, -0.06831833898424501, -0.18244774423123
-0.15348176209028, 0.07466743237423201, -0.29698499102743, 0.14074759711306, -0.07004443611114, -0.17923142360148
-0.1553870630865, 0.06407284077356501, -0.16492111233272, 0.14137730292366, -0.052438941478262, -0.17504771985766
-0.19366779299895, 0.062025604538137005, -0.20673307308082, 0.13899720762433, -0.0082779840010126, -0.17603748436935
-0.21046354519614, 0.06687545669143401, -0.092536792459864, 0.14266181740838, -0.018477167850568, -0.17380471947106
-0.1611743692826, 0.07164905818738801, -0.13445595718525, 0.14324298828211, -0.021175861848495, -0.18256753441119
-0.17682341637428, 0.06535743847691901, -0.14921200243554, 0.13525900064256, -0.030440496622918003, -0.17386754362311
-0.18085911102674, 0.061948601795305, -0.18968277196328, 0.133954131905, 0.039180922244163, -0.18743058938063
-0.17560673140717, 0.06213975974080901, -0.14100790104257, 0.13870773080054, -0.006384598099275, -0.17987695674025
-0.23254984009436, 0.06394918207625, -0.062916826070933, 0.12645773420475, -0.06471029723747901, -0.16821813243874
-0.21669694589278, 0.060762098013600004, -0.045613313905814, 0.13182884393403, -0.042815201464319004, -0.16263638997269
-0.17414963813373, 0.06117628296491501, -0.15871431700164, 0.13461275118873, -0.06969585969020001, -0.16333545443855
-0.19849665907947, 0.063381910712287, -0.022755349670949002, 0.13075828165579, -0.063933448631059, -0.16038093554515
-0.17232104856775, 0.064656600121929, -0.07284393709892001, 0.13351271290224, -0.06691188958524001, -0.16211360575177
-0.19039531708871, 0.06152027668234201, -0.06434592536847901, 0.13474818776009, -0.077525597030991, -0.15785255023067
-0.19055954696122, 0.066253921743829, -0.07130442067466, 0.13364078813393, -0.063576130362696, -0.16189322400491
-0.20318084817355, 0.064195693025514, -0.072922093223446, 0.13864983427221, -0.062695110698068, -0.15582533176336
-0.21602621825848, 0.066437725773467, -0.023903648514086002, 0.14384370770703, -0.070227248461497, -0.15417145318975
-0.21739145935325999, 0.06983079519594901, -0.15562021555148, 0.15002654986737, -0.028505953923426003, -0.16032828448881
-0.28943486221094, 0.07048722006152701, -0.098092982147281, 0.15099657757454, -0.041305666571167, -0.1580465613506
-0.19573250963196, 0.073226710087057, -0.14147025140326, 0.14772441519424, -0.035376099966263, -0.16532618628666
-0.20858729424763, 0.08132405877377301, -0.1853156206599, 0.15805757476074, -0.028476388884890003, -0.15892325624702
-0.20635428564489, 0.07881367500885801, -0.18388532396801, 0.14974574457636, -0.035639738494738005, -0.15592655135941
-0.18132470539447, 0.07473346398700001, -0.2244574029712, 0.14637450394243, -0.029371664602619002, -0.15913366236367
-0.20541177731684, 0.081089247869183, -0.19338953007293, 0.15059827783186, -0.037332268462585, -0.16015533856495
-0.22551399825233, 0.073367325063835, -0.03380338154181, 0.15075399582841, -0.0018509640295689, -0.15759599250899
-0.21157333860477, 0.072012765180609, -0.16033007186563, 0.15128053692599, 0.0010052357363157, -0.15292372095514
-0.19874153413109, 0.07468089058848501, -0.081080176014306, 0.1488638219423, -0.0095536307109536, -0.14974941888563
-0.20306238265496, 0.075345080970937, -0.14981807592336, 0.15303161387183, 0.0028397029425999997, -0.1413243034625
-0.21633798676034, 0.077978473768419, -0.14330207031828, 0.14633147670178, -0.010132570328214002, -0.14409013384665
-0.22599572196613, 0.08208328827989801, -0.26382988543769, 0.1501452907748, 0.073330059110637, -0.15732286349477
-0.21811955617028, 0.08299902899905501, -0.12583830833982, 0.14454503673794, -0.018987052538241, -0.15063268491603
-0.25260879394315, 0.07957965375289701, 0.018043950107789003, 0.15696028407021, -0.039682650930454005, -0.13988411912112
-0.18977517445022, 0.073786223867291, -0.20093983893963, 0.1333566844377, -0.046123701744305, -0.13668020141394
-0.21355453145546, 0.071086367066062, -0.025818561091534003, 0.1391321843968, -0.05408071066957101, -0.13307077803721
-0.19334798032583, 0.073110627520602, -0.092468146361163, 0.13175338861073, -0.047739859744574, -0.13415140313489
-0.19005777981735, 0.06939042099876301, -0.12312073704064, 0.13224701804257, -0.05608320325004101, -0.13644508156394
-0.19926298432853, 0.07056109841484101, -0.11271151918094, 0.12848669361061, -0.06307035694711101, -0.13526915105711
-0.21775012586212, 0.067628103777141, -0.1081663124531, 0.1261374758836, -0.06801741926386401, -0.12945478597044
-0.23441042750075, 0.072002709986447, -0.037675430981652006, 0.14023027048643, -0.055862498870014, -0.12921828022249
-0.20562038063237, 0.06833146111674701, -0.23315358393316, 0.13619197920671, -0.019821553641719003, -0.136195122099
-0.23663599077813, 0.07232996160315501, -0.10692907150661, 0.1415853515614, -0.023986871789796003, -0.13613228248781
-0.20651195917815, 0.08374104720882601, -0.15053250045455, 0.14459784463656, -0.024723310908735002, -0.13901397922718
-0.20977832946086, 0.08438214411815201, -0.18151121921962, 0.14096323997755, -0.040197895168620004, -0.13424447767553
-0.2217779349125, 0.08516562517827701, -0.23428762871532, 0.14647702772694, -0.035761299829767, -0.13401181545784
-0.21959902593508, 0.088486574619828, -0.35656522988789, 0.14824166140471, 0.053940987722522, -0.14145518727153
-0.19501513876771, 0.081467475861677, -0.22975914242561, 0.14562059410086, -0.0002126793024076, -0.13603449081734
-0.21933396725034, 0.088080870476108, -0.19916575729492, 0.14941666072871, -0.0094702002078052, -0.13552734708163
-0.22053768924107, 0.08460355980834501, -0.11589602492506, 0.15209463822511, -0.019939491864878003, -0.13966670366899
-0.18651146468268, 0.090231139117959, -0.14468432916455, 0.14549788274912, -0.020035186484666002, -0.13241309385212
-0.19479557961277, 0.09040555277503501, -0.12512339807475, 0.14469449297733, -0.035449646703827005, -0.12896619284928
-0.20932396721596, 0.095265607772458, -0.10903786901823, 0.14357873122145, -0.029053545360813, -0.12262210002212
-0.22698976724116, 0.08738237106985201, -0.09834326774023301, 0.14114210743945, -0.035411053204755, -0.1175231391462
-0.22734773785215, 0.084806299594361, 0.034506121351101, 0.14462908256799, -0.042388993682894005, -0.11466012157088
-0.21398835051656, 0.07835776766776101, -0.16678219685985, 0.14026787965856, -0.0081324527030353, -0.11367933653116
-0.2319550330509, 0.07743845819468101, -0.08452796659345001, 0.13515109547656, -0.022147824721888, -0.10985199857253
-0.2091892476467, 0.07988640726884501, -0.09899647790058101, 0.12722600564329, -0.002716856745148, -0.10553645364829
-0.22530920537411, 0.07638915027934001, -0.12514897893801, 0.12448773753627, -0.0034095764971801, -0.09590999708608901
-0.22644617229399, 0.07760936728173301, -0.14594488070794, 0.12125077084351, -0.0082632538696059, -0.09899900409671301
-0.24893950704032, 0.06903826805449001, -0.27115778718059, 0.12980755014976, 0.07732122615803301, -0.11129292876148
-0.21878393010139, 0.079031918382039, -0.14956279262709, 0.14352289002981, 0.0092543760762861, -0.09361466135667701
-0.2305065954942, 0.073204287841845, -0.2202033772447, 0.1363606695314, -0.014446818634764002, -0.08929954944780401
-0.25931750956097, 0.079553809559483, -0.11718578654419, 0.13752353089757, -0.0068382129407639995, -0.08561157210763201
-0.22569599704491, 0.08655313702972901, -0.15761248007083, 0.13348230606529, -0.028907466441093002, -0.09112257073506001
-0.240190188556, 0.087845597224459, -0.16584725322706, 0.14076371657125, -0.039071362291239004, -0.08660102888641501
-0.20373776482326, 0.09160461602210801, -0.20693926027972, 0.13435133090133, -0.043057186609796, -0.095045077137588
-0.23779890078629, 0.09476654277759401, -0.232383042002, 0.14574908194054, -0.047522511791507, -0.09250887493159801
-0.23625889213855, 0.087007960272536, -0.18503120127502, 0.15301324832715, -0.063330319360616, -0.092281531950288
-0.2527975349726, 0.10156924209329, -0.27383539015504, 0.14993169559889, -0.0096796566220734, -0.08912424223085601
-0.28329769179964, 0.090836561904686, -0.13008976006299, 0.14875200945949, -0.017087373374965003, -0.093455661006223
-0.21435574369619, 0.082639655076922, -0.1701426372363, 0.14457797223934, -0.014431568451509, -0.10872132163978
-0.22564638808251, 0.087951289989093, -0.18774778007027, 0.14558660865622, -0.027973454826990003, -0.11140745350444
-0.23132330858217, 0.09171644509219601, -0.12825133798782, 0.14533748630862, -0.029293283815536003, -0.10893833501954
-0.21980519838973, 0.091189116723617, -0.17186472956334, 0.14648798533996, -0.037848192155307006, -0.095494292792779
-0.25538240824036, 0.085982193803307, -0.034812975417334004, 0.14873928968764, -0.046576304773135006, -0.088775474604907
-0.21633808627348, 0.088502221682573, -0.29729785379849, 0.15523450752202, 0.02350206926748, -0.10311570290322
-0.24071647369966, 0.08176624148139701, -0.18290850297409, 0.14790572845148, -0.0003835515640754, -0.10142736160389
-0.21535069747141, 0.083564688996453, -0.1478804140567, 0.14571072890667, -0.015062783545027, -0.1031684011634
-0.22190283038661, 0.08644346873285401, -0.18902596635022, 0.14380558093632, -0.020682037424524003, -0.09404004552636701
-0.24727050014922, 0.07665880102590801, -0.1358466579887, 0.14057605228342, -0.017248606648183, -0.09952031293947601
-0.21567600428716, 0.068712125701912, -0.14625619649944, 0.12415237634729, -0.0038247458299465998, -0.10200849463068
-0.47273942121426, 0.055500119415837004, 0.64067081678261, 0.15771510383868, -0.053012890650661004, -0.08667770167567901
-0.70230230163755, 0.058871514211597004, 0.08175735385124101, 0.15398002164862, 0.13290694391433, -0.10946512351981
-0.83348927291903, -3.5443947442499996e-05, 0.66471452646431, 0.11819805923737, 0.013883540067353001, -0.13705956739087
-0.39072128778522, 0.052860278149349, 0.21862591883845, 0.14916441866067, 0.11127206686305, -0.12201925158332
-0.69864234290439, 0.034281416872531, 0.44644780094776, 0.14854323330768, 0.055823674664498, -0.11972771109119
-0.46687213070548, 0.07621230263848, -0.10036515835065, 0.18873482388981, 0.13465555121141, -0.13664222290425
-0.6407519866358, 0.056011731219753, 0.24978377415447, 0.18139392139481, -0.033465326761725, -0.12400444142665
-0.4181098955388, 0.06456613139150501, -0.14273190136738, 0.18150728880063, 0.03940013762563, -0.10511928400282
-0.34139082583009, 0.063642719953625, -0.36191658946717997, 0.1980978625899, 0.013327534463788001, -0.092802038538821
-0.25744887582986, 0.06228460116078201, -0.35554259378492997, 0.20127765326658, -0.039627656999416006, -0.09414103561709901
-0.2592551034992, 0.054888858766974004, -0.23200783677871, 0.20477630328741, -0.051029837335567006, -0.11050518168212
-0.28820809835679, 0.039307420097198, -0.080475784627292, 0.19105377960968, -0.066533790507287, -0.12836590376802
-0.19732446106115, 0.037674163066859, 0.0034930942888861, 0.18158672317825, -0.026011015180757, -0.13009394762545
-0.18875671694946, 0.052952238746120005, 0.048520929170693006, 0.20861861718021, -0.049877977258115005, -0.11812146340206
-0.27814031300109, 0.06767569377468201, 0.46156961458749, 0.2639457238126, 0.012393463120027001, -0.073035245304283
-0.30830578929853, 0.077272691811628, 0.29372762601404, 0.26533746712615, 0.0093267682442854, -0.048555228090521006
-0.30764419185253, 0.064649698393342, 0.54067300701929, 0.29586630465911, -0.10286783719203, -0.026741736012636002
-0.3208252954773, 0.054687996584094005, 0.44964085958265, 0.26213643754242, -0.09267742019258701, -0.06025849870909
-0.25069757463297, 0.052038715514186006, 0.47490608893352, 0.25736372399296, -0.10402188059841, -0.05849992769839701
-0.20269656332176, 0.060394911402213, 0.3205679990139, 0.24698571154994, -0.12764723411671, -0.048536519975177
-0.14890845623447, 0.056761407221068004, 0.19249084224695, 0.25356694630705, -0.16042379634191, -0.053741394007434
-0.12381083637069, 0.055799827903664, 0.21706160107259, 0.25141798193288, -0.1420668436415, -0.052044285091212006
-0.08877029233017401, 0.05001472360640501, 0.14793681411316, 0.24915988871709, -0.13337222967997, -0.05624601285830601
-0.076797504234697, 0.051093945891576, 0.27174360340335, 0.25280885041952, -0.16736307624432, -0.055251193091636
-0.1223091153535, 0.041571475234153006, 0.39789694686487, 0.23970175302494, -0.16453644821436, -0.048254874798201
-0.15766510171291, 0.049286260915826004, 0.46290664445472, 0.24100139789595, -0.14056108411041, -0.037945733974477
-0.13689000321228, 0.053536418718447006, 0.45126164117822, 0.23968421007592, -0.11159475814211, -0.037813456702585006
-0.15961652766321, 0.051575525161137004, 0.41546908177501, 0.2340725149467, -0.08438001709798901, -0.037835035077476
-0.2582439724037, 0.052529546136753, 0.42875069185386, 0.24137842280392, -0.083829579748737, -0.039163824105056005
-0.1926556712205, 0.049586226833877006, 0.3552259914413, 0.24343177670426, -0.09044875321180201, -0.033345619171144
-0.19461577246681, 0.064855479692888, 0.21201703092664, 0.24526637324248, -0.06795104277533201, -0.028749507396184003
-0.13212881854445, 0.06904206462863001, 0.17929240217143, 0.25165843745674, -0.094810699348002, -0.017007492407997
-0.24800930999574, 0.042454148901094, 0.65277612228336, 0.24761328642305, -0.12543145199726, -0.037406996648722005
-0.20786253476969, 0.04938600016463401, 0.44993139646214, 0.25616222515609, -0.069953055923004, -0.040868965063479
-0.1789744350451, 0.07475909587764501, -0.034204362189414, 0.28781314811037, -0.094029827857003, -0.030499109656246002
-0.14936706742578, 0.054412044589255006, 0.13987925436143, 0.2782030908172, -0.10989472849903, -0.032487961076384006
-0.069555569484248, 0.042827460808172006, 0.30696851612639, 0.26785612283549, -0.13585326347606, -0.036938844376814
-0.14958850339132, 0.042720500065255004, 0.38632563481666, 0.2483012635246, -0.11155152947638, -0.042115657553197
-0.09490807151843601, 0.052310986273751005, 0.27343359526385, 0.26148435017788, -0.12074146241701, -0.043517265843517006
-0.11823441817121, 0.052576680670319, 0.23945623954758, 0.27171008896588, -0.087781694856881, -0.037882833342945
-0.08713898880477901, 0.04978055395519201, 0.19845676798102, 0.25789655040397, -0.11133295678699, -0.042717977463229
-0.14805491604959, 0.048277778346536, 0.44326759571465, 0.25518825965802, -0.15109008866837, -0.036857222352541005
-0.34619439982118, 0.032305742351790005, 1.0362574393968482, 0.24345293221717, -0.16039394727248, -0.059657458266164004
-0.21987721373932, 0.050118898956295004, 0.56461876366358, 0.25116021400989, -0.10021362918739, -0.052087305017006
-0.24046367002398, 0.055189063930756004, 0.11148068541295, 0.26353454114519, -0.13861294409101, -0.039597397585387
-0.14538919718768, 0.055782011901834, 0.10782931185924, 0.25317603093601, -0.13507476279044, -0.036707939863848
-0.059750811662575, 0.06315931078298201, 0.08780409640131401, 0.27366359041755, -0.13946855334664, -0.027643742516089004
-0.10929181045068, 0.07078204326492, 0.16839109954363, 0.2718323623292, -0.11490050465948, -0.031149918104148
-0.074349185551683, 0.072809676417681, 0.19342229258181, 0.27091741587562, -0.12306277871432, -0.034598723668272005
-0.13967072144299, 0.07854170580861, 8.05725181005e-05, 0.26151203384467, -0.037788903734787, -0.044802994620273005
-0.11994214276407, 0.081334090201892, 0.11490839341088, 0.26234026911271, -0.079861794636367, -0.042419532159619
0.019794504389454, 0.08722613542814, -0.08933868313688101, 0.26448430495252, -0.067101698395266, -0.050843923208348005
-0.040981664510719, 0.07770967884301301, -0.074353514107035, 0.26981377520245, -0.098760863879139, -0.033655405435638004
-0.049839898878077, 0.075161402487495, 0.08372404474026601, 0.26460223108996, -0.099101111007487, -0.043586672533593
-0.0865751069029, 0.069970357886305, 0.18369471160472, 0.26777699158808, -0.10534729874296, -0.037972717170258005
-0.12609778304334, 0.06744468759557301, 0.39498506407652, 0.25058960919408, -0.11987300135205, -0.044933616029669006
-0.066202634447298, 0.07095078641036501, 0.11084656798325, 0.25782646521712, -0.094010440089973, -0.036600869459101
-0.08936744102034201, 0.06910792232446601, 0.18653118867707, 0.25754485478878, -0.10878797675066999, -0.037520821386776
-0.08222938910298501, 0.064193599014191, 0.20387585288022, 0.25396129047421, -0.11045493062717, -0.031354409724634005
-0.11043780172299, 0.065452306382518, 0.28370281881069, 0.26832761938771, -0.14795023081018, -0.020136406316529
-0.11278389753382, 0.063557754824241, 0.20921157179046, 0.25816301845477, -0.12391835240717, -0.034826167214847
-0.17918210900958, 0.054578951179398004, 0.16693396554337, 0.24881504557999, -0.039738025614433, -0.053363015024414005
-0.13641234380069, 0.062035234922999005, 0.16686509749798, 0.24297766232353, -0.16104101488631, -0.045561888538736
-0.14790709070834, 0.06474623874405, 0.10052054707696, 0.24188914236827, -0.18296477830595, -0.04064227743004
-0.17672760730256, 0.06775838542116601, 0.21490159572772, 0.23672534950253, -0.17050833649712, -0.042535469344415
-0.18363780600272, 0.061583346504081, 0.22906897133641, 0.24594778413748, -0.11615382239439, -0.053394687674243005
-0.18758537326768, 0.055223382992041006, 0.34764502344406, 0.24892408393304, -0.12502290586844, -0.056525170022133
-0.1191103219082, 0.06299946244455501, 0.12234942035568, 0.25031015503018, -0.077086501155896, -0.049270665979228
-0.14365970924612, 0.05357699271712801, 0.25031697815824, 0.25214950830041, -0.09655351914144501, -0.043476650858251004
-0.15639868038932, 0.06318883630349201, 0.36902696846367, 0.24939594070908, -0.11140740811538, -0.053470931491728005
-0.13713743485062, 0.06122952892933801, 0.32934851522799, 0.24607632274331, -0.12378536813955, -0.049608346137602004
-0.14418946537617, 0.05765179841109801, 0.43623434648982, 0.25172044444501, -0.13730014473209, -0.04798062533890501
-0.15419203591336, 0.05972220628634901, 0.38848131330385, 0.25328855101276, -0.13918867026909, -0.052787453416654
-0.12549890653792, 0.06649874871370201, 0.37529976245043, 0.26599483019039, -0.17088248736037, -0.043044112895906005
-0.12574037572653, 0.081732777721154, 0.16283358751153, 0.25751263942062, -0.1702390002753, -0.039269713289253
-0.17405188696625, 0.075597998719319, 0.29320435584124, 0.25304038995129, -0.16301634388703, -0.051401349708995
-0.18109727650689, 0.079419320447339, 0.27018528832376, 0.24762005970217, -0.15257093914572, -0.05489741488326701
-0.2303310409311, 0.08719656181157401, 0.229114161319, 0.25892395726155, -0.13769387452899, -0.049556737249878004
-0.16003756483024, 0.084124286323662, 0.14369699845364, 0.25605539120478, -0.14479187288181, -0.0562662928092
-0.15255556352435, 0.08457863478614601, 0.066394807046741, 0.26630748741127, -0.13858831811698, -0.06232080058372601
-0.1205149322704, 0.06774470055915001, 0.073390554669193, 0.27562190861354, -0.14027056369662, -0.055909918244957
-0.1833726990872, 0.067010938659573, 0.046619665202899, 0.26094715698203, -0.060860605188760006, -0.07330334025818501
-0.13486619209911, 0.047615998276203005, 0.14619105587494, 0.25452385082823, -0.109068791749, -0.08436289142279
-0.09476830664657901, 0.048348902791988, 0.11725300659252, 0.26127068173332, -0.1185714136473, -0.083073707188987
-0.1388104233551, 0.045631876250928, 0.28893734020613, 0.25980830966286, -0.1397280252107, -0.08835589458946201
-0.15683136207268, 0.048443102952729, 0.36415221980269, 0.25323732603442, -0.14371810234892, -0.09568148006869301
-0.18798309328396, 0.051737757342593005, 0.46346337536236, 0.26078204990939, -0.16176996614548, -0.09015745728106
-0.14561933141033, 0.068128584949983, 0.32572136359343, 0.26781790737526, -0.15443400415157, -0.08425116642906601
-0.11011657047953, 0.069869426448813, 0.08320317882821801, 0.26819570162965, -0.17046686320603, -0.07285298925705101
-0.14812323999575, 0.06419536028104801, 0.2371880425105, 0.26755251868535, -0.17994307327533, -0.080814946065746
-0.1453156051232, 0.06613330772313601, 0.21763628837135, 0.25405550911791, -0.18754618332707, -0.07922462766815
-0.16783503052014, 0.06150994685688901, 0.23783917282015, 0.24321014275979, -0.14944175807031, -0.085441637216445
-0.18890685196664, 0.068757124856183, 0.21933276807876, 0.24244912238339, -0.12491391306398, -0.08557970646369001
-0.1534520400394, 0.072807354295709, 0.10103749874328, 0.24985050271223, -0.21182945773354, -0.09087958176307201
-0.20073525222938, 0.08109501947879401, 0.17014886386445, 0.25363469571647, -0.19201625716561, -0.08851496994310701
-0.29093801764111, 0.079782891744479, 0.23842438547782, 0.26006285871319, -0.16104477049868, -0.08861622142462801
-0.17179606785842, 0.084986321061586, 0.08034679537457501, 0.26371942262322, -0.13906081850067, -0.087220588815972
-0.143221316367, 0.08313473098854901, -0.001571517804258, 0.26001274664373, -0.12971414464505, -0.09155419152800501
-0.14179770799508, 0.08527339330457401, -0.009267410557589, 0.25923316916354, -0.14276763952671, -0.086789475156439
-0.15843765532813, 0.083897694350598, 0.038179032450320005, 0.25957521760651, -0.1524574398754, -0.098441567133888
-0.25111549472462, 0.071621291842984, 0.41068514809915, 0.2565451630167, -0.20205501996107, -0.096147513875108
-0.21405990260765, 0.07724475257954401, 0.25564685818803, 0.25742224803445, -0.16438021910773, -0.094729754863224
-0.20701342402271, 0.08813417055024, 0.38892415210778, 0.2557719597783, -0.17590446145331, -0.08521142934414801
-0.18030174230003, 0.09064995270560701, 0.2645713395112, 0.24437990821167, -0.15996921328972, -0.0900897831321
-0.07865459071398001, 0.090664265054994, 0.1501362927205, 0.24832533692753, -0.16068562321625, -0.089661114696769
-0.079551240237184, 0.088648751731285, 0.16791897745897, 0.21563283289864, -0.16097701880614, -0.10239035698169
-0.21404259688089, 0.10230847336341, 0.36154191187714, 0.20063001372678, -0.19405516542988, -0.08555107935802
-0.20626204843161, 0.09749208886652601, 0.41671796911158, 0.18454979036675, -0.22131424550144, -0.08825387245345201
-0.08801104530852301, 0.085410947528505, 0.14429690077619, 0.15010538306292, -0.21438801491358, -0.09075002913940901
-0.13848784066869, 0.13855774013259, 0.26140500817830997, 0.15350343448741, -0.24577536707612, -0.053875648798506
-0.12578833510006, 0.16003905396707, 0.1884208177221, 0.11769844302165999, -0.33202658189905, -0.017948988577128
-0.0755360332336, 0.23177036390318, 0.27244945451351, 0.12161978697972, -0.29061451694455, 0.061772581443025006
0.035543989253916004, 0.26022954898569, 0.27705612022641, 0.15977325523146, -0.30988491031792, 0.07252939811760101
-0.080073605453574, 0.2015863521614, 0.17812163741864, 0.16028976389838, -0.22473467454454, -0.0051835160570505995
-0.081769690054296, 0.1367121343591, -0.13041199300758, 0.15327621094905, -0.22190445599816, -0.14570222601395
-0.18612013939738, 0.1320755225011, -0.29888607283806, 0.12312657975506, -0.35297523556923, -0.16876534535793
-0.28199715789732, 0.16140654952028, -0.18215850604178999, 0.16968553539176, -0.49518840268819, -0.17387086351206
-0.092037006291852, 0.17288861682202, 0.08847351486320501, 0.16149559875534, -0.47686361110316, -0.16000923372957
-0.1250814111738, 0.18443062014255, 0.27775955338301, 0.15662166236706, -0.20823271981685, -0.16169190102413
-0.27047476460936, 0.20149468371424, 0.41897351755682, 0.17098799427886, -0.22875881447473, -0.15187096471153
-0.19528929045459, 0.20127867477683, 0.45412672105229, 0.19343047617568, -0.20310689819828, -0.12869423840611
-0.070203715967007, 0.19586043796887, 0.33705160541022, 0.18867485163344, -0.18400212976079, -0.14662054878272
-0.18388939280052, 0.1809204825549, 0.34407141932685, 0.17030930506406, -0.15260885820747, -0.17587576289075
-0.24885958966033, 0.17762653815887, 0.2423506564282, 0.15074635960176, -0.098236290454356, -0.18433541280197
-0.23164279216957, 0.17818585618698, 0.17825267047815, 0.14650635293888, -0.11054200361862, -0.18164311799894
-0.18392422450439, 0.19672762067877, 0.16577029052976, 0.17754308937211, -0.13412914635219, -0.18296583274591
-0.18722919266768, 0.1899418540135, 0.16260792528588, 0.1708934676571, -0.14380896060087, -0.18344936022832
-0.26003494802519, 0.17122307424712, 0.15612513155687, 0.15468215818205, -0.10155757438656, -0.19094747175941
-0.19664791214322, 0.1839649383015, -0.06241358980958701, 0.15652262881048, -0.17594578557137, -0.18327481919088
-0.31588279528029, 0.19078584720326, 0.013101056846801, 0.15596813035662, -0.1617299155411, -0.18334624007997
-0.32883425116284, 0.19846340087393, 0.082880010373457, 0.16572845333202, -0.10398686434139, -0.16568118176288
-0.31277828375354, 0.21401726235209, -0.05683983831311901, 0.17245381787335, -0.10466871405132, -0.1568913976235
-0.20854509991979, 0.21419271998032, -0.23977846638966, 0.16890530801433, -0.15812073322158, -0.15924436025043
-0.26375381183142, 0.21818534408503, -0.13939811678561, 0.17675481604275, -0.2528338882828, -0.1511953270192
-0.29999047730156, 0.21016704152468, -0.08177850415239901, 0.178988941767, -0.19357494954758, -0.15229657358896
-0.25755302165552, 0.20630201062679, -0.2054373614955, 0.18526997956141, -0.16108024606876, -0.15863757760261
-0.31901983357808, 0.19839445867404, 0.074169670236208, 0.1690248968953, -0.12994614710719, -0.14997907435999
-0.26408258653456, 0.20742369625791, 0.020236656785083, 0.16546857734234, -0.13366397074547, -0.13934438512044
-0.23749797891891, 0.21981416548802, 0.044283924910165, 0.16983710186822, -0.1430050520389, -0.14542488202997
-0.19303109812693, 0.2162980842683, -0.0077691196519582995, 0.16906145146311, -0.17148206966022, -0.15166260318202
-0.18627446525489, 0.20536041259663, 0.098440470780427, 0.16425981340335, -0.200506552841, -0.14261795419883
-0.17644115682767, 0.21274354753583, -0.046798503294324, 0.15724207553655, -0.19231760930168, -0.14692493237291
-0.24787134200361, 0.20919582791856, 0.06624565143139301, 0.16158731637547, -0.20435535002888, -0.14594599689571
-0.24552879433132999, 0.21141667024295, 0.09764837117519501, 0.14168409614885, -0.20185238945946, -0.15689453354405
-0.29209165933202, 0.20491881638434, 0.13787399456031, 0.14086717775873, -0.19051163261494, -0.15780474178712
-0.28520651073751, 0.21074641276715, 0.14441021730911, 0.14426592661280999, -0.19604926458735, -0.15656897125266
-0.28313578768394, 0.21213776308123, 0.15519326193751, 0.14176785323212, -0.20272600670285, -0.15333961366858
-0.27320446599068, 0.21795962291045, 0.17626119338634, 0.153387084528, -0.22637945523478, -0.14180892403004
-0.31003663656193, 0.22144704565855, 0.059008638170569006, 0.15696718241692, -0.20472844039781, -0.14930877341503
-0.33021071132959, 0.22263162146242, 0.06718830848262501, 0.15377864074687, -0.20322877011314, -0.15286386843645
-0.31148149001763, 0.226793815975, 0.022379846704334003, 0.16283088655519, -0.19582353567368, -0.14949715766754
-0.35289862596698, 0.232678121991, 0.041202402136669, 0.17084625375221, -0.16960974323847, -0.15280820804626
-0.32903522711596, 0.22551232562299, -0.0088615169631794, 0.17120653038339, -0.16924712486547, -0.15981307735625
-0.31149328935439, 0.21129913542208, -0.1360389616115, 0.14977054821694, -0.13798158292023, -0.16899730843979
-0.2565132789077, 0.19811118448063, -0.0068547730548031, 0.15005745245416, -0.15739993905135, -0.16115143797777
-0.32659040820328, 0.19654651258393, 0.06759525272662001, 0.14527671095049, -0.17083804822785, -0.1535799885218
-0.29439977767065, 0.22056951469752, 0.15305331027164, 0.16054303174681, -0.19242247109774, -0.14026036343388
-0.29056139292015, 0.2162403085893, 0.12333462675618, 0.15497152449515, -0.17738764840775, -0.13974148351498
-0.29283468655283, 0.22431828284977, 0.19191621623549, 0.14830140968284, -0.19189074525184, -0.12913156069181
-0.31781642372428, 0.22097201173303, 0.21518938985054, 0.15093558144968, -0.13651851766117, -0.12986496275603
-0.34767943370058, 0.21634216182837, 0.26250117147235, 0.14952712053356, -0.1353141627412, -0.13385151257971
-0.28651310267485, 0.18960016654709, 0.18009319670016, 0.12211784985928, -0.13714173750351, -0.13769861334078
-0.358995366494, 0.16512601210005, 0.20566965043511, 0.10794777327444, -0.09084478082295701, -0.12652192530215
-0.39835974664401, 0.16124313516273, 0.20805805796415, 0.12827013051798, -0.078450752976412, -0.12917042283223
-0.46097383304096, 0.18171845326049, -0.2772170959213, 0.15634873533461, -0.021289524330661003, -0.12737825912416
-0.32632615741535, 0.17601319995085, 0.033027543519762004, 0.15500925981036, -0.11526115564167, -0.11092642772146
-0.30584917437048, 0.18637046632715, 0.09880066025013501, 0.14919943606337, -0.17436874796399, -0.10022709491657
-0.27410778259064, 0.21504538226187, 0.20401035259793, 0.15342145014757, -0.16353938197865, -0.087918035244505
-0.21626736215578, 0.2344817222444, -0.013477066146374, 0.14166532423626, -0.18551770685626, -0.064203877362889
-0.21949945487663, 0.25258744078399, 0.096379552086472, 0.143015293165, -0.22751820324018, -0.037361648333081005
-0.22141767537256, 0.27715489175164, 0.17927889430631, 0.14025052978679, -0.21678163189414, -0.015666320593906
-0.19387685439727, 0.26217461466101, 0.05879092550597401, 0.12362400678845, -0.22976250579105, -0.015194217857418
-0.19029518090877, 0.24122903472442, 0.069076997981783, 0.11223449251509, -0.23502416981215, -0.023555984013151003
-0.22759106595886, 0.23517595325574, 0.063636747828805, 0.11365807930752, -0.25217879074493, -0.025692876448525002
-0.24048152497832, 0.23899115918325, 0.18144494298201, 0.11484315707793, -0.26994278426114, -0.020007894994888
-0.24623006203878, 0.22710404589588, 0.059129864131039, 0.10611166119446, -0.22308439054732, -0.029556391294015
-0.33850799468358, 0.25119895702004, 0.27687034809872, 0.1375246422283, -0.18922466028669, 0.009720600543917499
-0.41972116337086, 0.23973689911368, 0.29116753663281, 0.12935230484876, -0.16730775484422, 0.0088699585372123
-0.29936686591743, 0.23786954641457, 0.09846727187139401, 0.14989256400557, -0.1961904161649, -0.031116188180074004
-0.26084342745479, 0.23723182161346, -0.020904840080782, 0.16216746902524, -0.2480272890919, -0.06388201359604001
-0.40893782471271, 0.21020123707332, 0.32573651367127, 0.13800973173928, -0.21545154995401, -0.050942815080183
-0.36803391741453, 0.22915273673991, 0.17014932673151, 0.11842523816388, -0.12764261822206, -0.025337503354645
-0.40853201432337, 0.21734020088803, 0.30037761404565, 0.13379104567114, -0.12841109399509, -0.042471490175261
-0.35841706114932, 0.21368357044657, 0.34747817105506, 0.11537707320224, -0.16366606087732, -0.038871330127302005
-0.35466312229464, 0.22221038048214, 0.40894076279273, 0.11812529584972, -0.21493937244799, -0.016360981634774
-0.27022839527673, 0.21562961220204, 0.22255393613143, 0.11610851884526, -0.22445785818457, -0.043772767604834006
-0.32517157672968, 0.189727294835, 0.16523698886177, 0.11440843104957, -0.22139049931278, -0.032793193148186
-0.24986836701891, 0.1954529589494, 0.051794553194684005, 0.10457408925591, -0.18343166219512, -0.039589340998556
-0.30059509191597, 0.19068127118963, 0.08374768344274601, 0.1078826774066, -0.17336404798633, -0.036949381592697006
-0.24688179947844, 0.20731150006488, 0.10724255119778, 0.10544611183925, -0.17708375605687, -0.029673167199973004
-0.34560986551869, 0.21482599760009, 0.18092715672226, 0.10574531330134, -0.15656660872607, -0.019179514269854002
-0.35485967677319, 0.2236860488617, 0.18062053898792, 0.11708238027056, -0.15305935914232, -0.014680358629454
-0.3079988082379, 0.22969583679557, 0.10155976485693, 0.11706306665025, -0.1349538069231, -0.020293794809715
-0.27299942212661, 0.23853600243747, -0.020634301799705, 0.12773648840289, -0.11326427621365, -0.015547604385569002
-0.39449027103683, 0.23169977635565, 0.074330193650207, 0.12117941766292, -0.10713442604874, -0.021949868506576
-0.29930382283207, 0.22636115967333, -0.017352719570187, 0.13613354813057, -0.13258244493816, -0.017303729104914
-0.26803659335539, 0.22850730879268, -0.14393789397165, 0.13788899366271, -0.14119093065876, -0.022439558911757
-0.252222411815, 0.22135064532227, -0.20543047793986, 0.13789547032899, -0.15466407698874, -0.031699488829837
-0.25730835164091, 0.20801106322329, -0.11921650611403, 0.13629370496638, -0.16214178018517, -0.031566645194055006
-0.300520758103, 0.20807636418893, -0.077473603904729, 0.13468781800198, -0.08996511801516101, -0.040059617035137
-0.29758654170976, 0.2092993568458, 0.028126521098587, 0.13917904060932, -0.10382553780222, -0.034898925557869005
-0.33261094957464, 0.20498474382264, 0.23282912798354, 0.12847124747582, -0.14360059967532, -0.042779403926238004
-0.2953478142764, 0.21264203079251, 0.06610252743671301, 0.13325051653464, -0.16257817982166, -0.04420334874773801
-0.31098862611704, 0.20863819698149, 0.17462453505857, 0.12933052070651, -0.18756758204562, -0.044052315936558006
-0.31105604011195, 0.20828991128641, 0.1350708141956, 0.12797407732469, -0.18265216492769, -0.045917422615182
-0.29548238112972, 0.20721381082847, 0.09647008613945401, 0.13020800414604, -0.14607684622223, -0.05277900876885801
-0.34207478209209, 0.201636355454, 0.16083221601775, 0.13166873387864, -0.1563606410268, -0.046959440024337
-0.32387263450099, 0.20221101003604, 0.21688015955422, 0.11938348491246, -0.15475679227153, -0.045830163100178005
-0.31967950925614, 0.19830799050287, 0.18203212981152, 0.11669304049408, -0.14907991806199, -0.044467894810428
-0.31484485382953, 0.20348589973709, 0.16263019484031999, 0.11504268343354, -0.14491884744591, -0.046566314685457
-0.31324885864176, 0.208777547502, 0.15101489517013, 0.11839338803939, -0.15196588700773, -0.044784339157242004
-0.32970571730504, 0.21545300401169, 0.20801071935815, 0.12782520058137, -0.15779626918991, -0.036121933538891
-0.34104450355288, 0.21495004564351, 0.14706742715542, 0.1254597096041, -0.12697721435929, -0.042586566503621005
-0.37952984857632, 0.21475362464956, 0.17988592575502, 0.13491231855345, -0.12594815488439, -0.035961548400097
-0.33260387265646, 0.2274480559426, 0.14193467256771, 0.12953395481758, -0.1233151896684, -0.044138227909419
-0.35334502132002, 0.22929265843373, 0.09217141715882601, 0.14037258043788, -0.13380810310004, -0.040019570313079005
-0.33369833265719, 0.22009075737779, 0.016392618729599, 0.13048473880361, -0.13323216014995, -0.045428240368484
-0.30958874914996, 0.21473556351895, -0.023527711574309003, 0.13539563459906, -0.14853547622008, -0.04389779812540601
-0.32582756436808, 0.20637398500584, 0.08279846362545101, 0.1381219017694, -0.11921589754187, -0.061222619114118006
-0.29611127576126, 0.2176136246695, -0.012806582396722001, 0.12825628388583, -0.075948101077634, -0.051141185329194004
-0.34639663117553, 0.21411634213764, 0.14394737744792, 0.13487467086503, -0.10021168840364, -0.041425518326586
-0.30725422842389, 0.22112296038887, 0.11161000121995, 0.12270465489107, -0.12493149019877, -0.038560045608372
-0.30851451630864, 0.21818272272268, 0.1312976422883, 0.12846708043036, -0.15668515370532, -0.028393267221062002
-0.33996873299591, 0.22430285276183, 0.24953960421638, 0.12327884977934, -0.1578670662662, -0.028655425453853002
-0.36495967685552, 0.21183388025716, 0.22665101697383, 0.11317899683985, -0.1387880436273, -0.034981092331017004
-0.35375141566434, 0.20422010285618, 0.19598891633572, 0.11202578993411, -0.054354957004029, -0.054384746759149005
-0.29227128214038, 0.20405962804557, 0.091784976419332, 0.11375503905362, -0.11128218989874, -0.045315972692809
-0.32547883595473, 0.20323801492756, 0.26436612642713, 0.11199452140948, -0.12467841487058, -0.042668681485221
-0.32363455553395, 0.19612272353691, 0.20694354620431, 0.10409001765315, -0.13844029244289, -0.040104885894548005
-0.32847135762122, 0.18676964051847, 0.23129058995077, 0.10130153633734, -0.15453864889095, -0.036734435467161
-0.32729881178371, 0.17845550415227, 0.26779838536886, 0.09488591734474, -0.15760016812585, -0.039848553718401
-0.34823241999449, 0.17016770058365, 0.31207807315724, 0.09507794421317001, -0.17519695094563, -0.037017425876151006
-0.3366681926439, 0.16551197519303, 0.18126509561489, 0.091865392722405, -0.15151109537774, -0.046225396349401
-0.34449266737917, 0.16349692807035, 0.24934623769081, 0.09944782073176801, -0.15890821357377, -0.042323463520610005
-0.32073495747894, 0.17135558198209, 0.23153128277551, 0.09655384749625101, -0.15010969891392, -0.044697728340797
-0.3364446269703, 0.17620406206285, 0.18111938017496, 0.09562345653314101, -0.14675883728104, -0.046716516192183005
-0.36210210578939, 0.18625683312008, 0.12787526205794, 0.10330019359377, -0.14889808050991, -0.042270034012455
-0.35492431626305, 0.19209140980727, 0.10448026383875, 0.11027695751967, -0.15191034698937, -0.046108512644709006
-0.32615968433911, 0.18195887195993, 0.078757573104139, 0.11820266430253, -0.14286132911894, -0.0418465278334
-0.40825401529574, 0.19003666433091, 0.12903660221735, 0.11304108002224, -0.099121744618738, -0.041104487841820005
-0.38027138509911, 0.17304662409965, 0.1528872474474, 0.10879477936525, -0.10132543524344, -0.043201116031771
-0.2861863822146, 0.17371001150167, 0.035553083371522, 0.10885301246337, -0.11063410392438, -0.056798456253056004
-0.29202348609328, 0.1783462225384, 0.025344035779505003, 0.10890912460611, -0.10291203570787, -0.061223380910403004
-0.30066383874039, 0.17965840856656, 0.06955165782958, 0.1002351747052, -0.056262510346752004, -0.07025122807946
-0.36693908823142, 0.18212076357764, 0.14886488403304, 0.10353959807354, -0.06555680695999601, -0.066635890856822
-0.35870394669221, 0.17862642130066, 0.24645225372355, 0.11857425884861, -0.094694074706566, -0.065232855418081
-0.31325306131671, 0.18754629029315, 0.046042214652727, 0.11261394971446, -0.1131932246415, -0.053720858522100005
-0.34267492641312, 0.18533728458508, 0.17584172236031, 0.10035123467711, -0.1314837717149, -0.048785001202595005
-0.30111692825918, 0.18147033887504, 0.09516446183778501, 0.10111158952378, -0.12537754350507, -0.052558324133297
-0.33409468102481, 0.18261401604684, 0.19907950946927, 0.10045678602079, -0.14701317847363, -0.046382347030898004
-0.31794048154725, 0.17605718571131, 0.20830593059492, 0.09465360839879501, -0.14738643554932, -0.041031211160559
-0.36008663423936, 0.17591691620987, 0.31203479864679, 0.1134771984645, -0.16261963574988, -0.035739231200227005
-0.34045148555275, 0.16960175082831, 0.1195592608057, 0.099246618075776, -0.11798531581591, -0.044157652650646
-0.35183849044691, 0.16689864572647, 0.1969325091635, 0.10401393630783, -0.13983760085885, -0.040400907353084006
-0.35555736348891, 0.16839046670087, 0.19144418296078, 0.095546934414712, -0.12330584809744, -0.044715735757852
-0.35472644572683, 0.17187415087081, 0.18522023737908, 0.09851051314844501, -0.13258512679856, -0.048461810162231
-0.35452293919322, 0.17392777913553, 0.19357804998049, 0.10093870605876, -0.12919076397071, -0.049249000683752
-0.36483407908157, 0.17169086354546, 0.20665950906928, 0.09726254942507101, -0.13411539538589, -0.053020228253381006
-0.35687866352181, 0.16979626822278, 0.24851157243852, 0.10742013494914, -0.14736620361073, -0.044951670374464
-0.39033093741832, 0.17425509447554, 0.13529054430813, 0.10514737922512, -0.11934165328014, -0.040050837289541
-0.4116519406124, 0.17605055851176, 0.18052978391701, 0.10511799982199, -0.11993380025587, -0.038795642634806005
-0.38846553262009, 0.18783567682376, 0.10935777301139, 0.10932266354576, -0.10557516160598, -0.043516996008660006
-0.36456795559853, 0.18977830810499, 0.06687253244772401, 0.11872607239273, -0.10419031797725, -0.046371608055585004
-0.34370895995344, 0.18047199088236, -0.0085775401874423, 0.10928682970122, -0.10157338971988, -0.050688732140217005
-0.35005776086089, 0.17346983213859, -0.05548387714622, 0.09519997036088301, -0.057903949052731, -0.060813016592027
-0.33552549902869, 0.17195283855845, 0.099340860797545, 0.10742984966506999, -0.097091750532227, -0.050525152423692
-0.38834322947468, 0.18439486853085, 0.11816438744559, 0.10341012602305, -0.1096221312234, -0.036740392964248005
-0.37428690285558, 0.17699427430952, 0.13992695660216, 0.11708976454105, -0.10247909123511, -0.05599511183248
-0.32317937306148, 0.17947017372186, 0.11112564057618, 0.10288900554281, -0.11788535025745, -0.055214840935365
-0.32185606503197, 0.18324337907453, 0.12849064983861, 0.09637544461179001, -0.12384902299676, -0.04898501914316301
-0.32880864194652, 0.1913059191192, 0.16250239715166, 0.09676259523316201, -0.12718249343175, -0.048552283090562004
-0.36147947809021, 0.18406043056912, 0.17943529854412, 0.094607694444494, -0.08652375795568201, -0.047355812228453004
-0.36232236793497, 0.18339216139489, 0.29979463876018, 0.10698878333846, -0.079730166489899, -0.031347930425934
-0.36607899850413, 0.16433073136699, 0.19176237368257, 0.085329025662571, -0.08622644517562601, -0.045277856053571
-0.37988180962318, 0.16996320363308, 0.26947284940239, 0.088795767728539, -0.09826376226609901, -0.031671815482496
-0.35558177008323, 0.17218171681506, 0.1987413385074, 0.08749950641415101, -0.099741843765731, -0.031878172571316005
-0.35997704777386, 0.1703534149172, 0.19635130483359, 0.080578596063182, -0.09640133812118701, -0.031247194579437
-0.36947665101469, 0.16998872494571, 0.18779462932591, 0.08510827651626901, -0.12271125635647, -0.033878886086209
-0.3579638012776, 0.16822114559502, 0.19851743320796, 0.09128916128337201, -0.13610182237627, -0.030309349895586004
-0.39767696668789, 0.16419532775411, 0.27151685918099, 0.094909498958304, -0.11391131186394, -0.034985482482029005
-0.35441838835801, 0.16737974064876, 0.070930997817641, 0.08090892612586201, -0.10184658219908, -0.032989944450431005
-0.37516793800748, 0.16250223853642, 0.1981336698191, 0.092666752495503, -0.10772927156597, -0.036056901242091
-0.37472090975767, 0.16579749050241, 0.19825482659929, 0.08274249326766901, -0.11617801006291, -0.031131125031308004
-0.37140777909682, 0.17125361193226, 0.15524234381605, 0.082718679762835, -0.13602327439073, -0.031667905715395
-0.36951033400884997, 0.17908034399564, 0.099565272266959, 0.081054489909802, -0.13248925887626, -0.027905488887660004
-0.40713366927586, 0.18344589503904, 0.11234112371876, 0.09473120880119301, -0.12706471302741, -0.028231827717523004
-0.38412644465808, 0.18622412128119, 0.073280325200855, 0.10687822416181, -0.1352190777252, -0.029779651340645003
-0.40234782236093, 0.19069673290568, 0.084069527751309, 0.10313916604901, -0.11302762818889, -0.022631606155768
-0.42593331237352, 0.17834517238519, 0.16178819014282, 0.0995976611867, -0.099602215890969, -0.026209117572005003
-0.32584635784391, 0.1690430927139, 0.06665425683755201, 0.08901280542930601, -0.09877672802055301, -0.03337414619697
-0.34160312594812, 0.17673112612469, 0.052757683759543005, 0.093510822990712, -0.10786460307391, -0.033449806371888005
-0.339605870026, 0.18001706309255, 0.052751961301841004, 0.098690343028536, -0.10988294488618, -0.032491207970682
-0.36032488061501, 0.18941855900752, 0.037185178889281, 0.1002031598056, -0.058601939847875005, -0.034905550579921
-0.38630632055719, 0.18690702144954, 0.15583964187229, 0.09470346944006401, -0.08878115512639001, -0.033353502460721
-0.35032862729452, 0.19155409777163, 0.08272854460793101, 0.09502260388324, -0.09488544986945101, -0.030300605690993004
-0.3881458394064, 0.1840841056275, 0.20092537168124, 0.09697099978876901, -0.1079463474511, -0.032095011603006006
-0.37381204682849, 0.18987562593178, 0.18839652237341, 0.09490101355737701, -0.10951057077264, -0.029760347501461
-0.34217879014008, 0.18565355720752, 0.13168454651166, 0.094352235096403, -0.11846089902677, -0.032786331891744
-0.35582201907654, 0.18832022013976, 0.17006444182718, 0.09671596858148901, -0.12867712852881, -0.032676564261660004
-0.36091187452776, 0.18637867386317, 0.14497649842136, 0.092380374610807, -0.13596373559333, -0.028577384167142002
-0.38396354506831, 0.18233065615721, 0.33615365395289, 0.10174957324709, -0.1594766238309, -0.020310408427931
-0.32900060045902, 0.18828020938015, 0.018207702070962003, 0.10240138814921, -0.11174791691696, -0.01621013666113
-0.36197646142205, 0.18209585469731, 0.14406337893041, 0.10205687053458, -0.08263739447049201, -0.034279895963557
-0.36759832689885, 0.18159166434201, 0.1448781132573, 0.089306416268546, -0.09136470426672101, -0.028759049121856003
-0.35787161362489, 0.18086460104702, 0.15413168400094, 0.09711373872011801, -0.11776609047119, -0.027732763607143003
-0.35601161835094, 0.18299635852669, 0.17705422911008, 0.089797927184514, -0.13656880766764, -0.01762894715755
-0.36606437036695, 0.17906384134296, 0.18684128202433, 0.091051377093763, -0.13614483430231, -0.015815476276183002
-0.37084212649144, 0.1779870389285, 0.27610833276723, 0.10319771935585, -0.15680554292815, -0.010169609513659
-0.35264796560913, 0.17978646765986, 0.12198881277548, 0.09909613448214101, -0.14343803201753, -0.0094691744422416
-0.37446285851756, 0.18041774540755, 0.20628813407771, 0.092584295531162, -0.14754079084928, -0.0073107040891292
-0.37283973821885, 0.18040862599071, 0.12155913648502, 0.094674852102043, -0.1360196043312, -0.011651136758783001
-0.39162420514767, 0.18778778233012, 0.12222465075152, 0.10278491094872, -0.12859817700434, -0.014271052100004001
-0.39369750983004, 0.19001329741734, 0.08165773141361801, 0.10759892573683, -0.11780397055151, -0.018761094896271
-0.36669471493757, 0.192977769613, 0.04765968446715901, 0.10035894973824, -0.11277850852131, -0.029320899088372
-0.3405236031755, 0.1894992606002, 0.057201765870054, 0.11824579199999, -0.10991132694188, -0.027374975375262
-0.42248609668201, 0.19070763954157, 0.079649179196338, 0.10923203207962, -0.091708539004255, -0.015043392245562
-0.38463181536876, 0.17340254542257, 0.079656441897372, 0.096866123891109, -0.10072139371768, -0.029295469435653
-0.33614762719773, 0.18106519153591, 0.0028774925120441, 0.10290201873149, -0.09082990607230601, -0.031586304903906
-0.34227856234402, 0.17838031718265, -0.08069792340571401, 0.10535391711223, -0.025218033401462003, -0.043597877300659005
-0.34418539710255, 0.18733141413799, 0.018194200031336, 0.09563088766701901, -0.070079492471599, -0.02270125878043
-0.39233831263806, 0.19200262985923, 0.14527382821381, 0.092751859928436, -0.10584194631141, -0.016186218353137
-0.39828352465095, 0.18436385529517, 0.18920520310273, 0.098993386926551, -0.10832897566857, -0.017970208916373
-0.33542492136156, 0.1759783540538, 0.05266274428980101, 0.10555192512116, -0.13292850270387999, -0.017739533511627003
-0.35614081166833, 0.17441415275967, 0.17387172313783, 0.10045277880057, -0.13560443771416, -0.013933151408204001
-0.34631361388649, 0.17286056305929, 0.1080326655661, 0.092790912018493, -0.12074002938571, -0.016115885738606003
-0.36125759362394, 0.16999865496655, 0.12659688174517, 0.09511704492171401, -0.12154278658125, -0.016900952953802003
-0.3620753897056, 0.17005406962945, 0.17271170667352, 0.08978511403028401, -0.14397158901832, -0.0087795582524747
-0.41164536096385, 0.16835586779027, 0.20203075975772, 0.09782334135406301, -0.15303535381989, -0.0073210185688912
-0.37921328718346, 0.16813568169127, 0.11758358067234, 0.09970207479018801, -0.13274096728555, -0.019575004736336003
-0.39322863352281, 0.16759104466131, 0.015131196022113002, 0.09431167705195001, -0.066965253674863, -0.027352330129534003
-0.36742429724608, 0.17081374429864, 0.10133043621238, 0.089507593836071, -0.1002031796912, -0.013857997357097002
-0.37719848685007, 0.17486444357001, 0.09248943636309301, 0.10311668821215, -0.13365127936686, -0.0096456774424015
-0.38769363255829, 0.18285358814304, 0.040258696948256005, 0.09541682366473901, -0.12510104778141, -0.015565319171015002
-0.3918912090099, 0.18800952403915, 0.062219779919602, 0.10164607397907, -0.1403573461967, -0.019455291661339
-0.37439207845806, 0.1895920326378, 0.0053573615782947, 0.10222769277203, -0.15697409525992, -0.013560172988270001
-0.39362256889325, 0.19776461109846, -0.0055416966064423, 0.11350214998313, -0.11459880578898, -0.013293491352511
-0.45044505994481, 0.18188924147384, 0.076624904738159, 0.10332030725808, -0.10901708084087999, -0.017119421679390002
-0.35180765958021, 0.17898003649845, -0.044314759136153, 0.10562729140298, -0.10620181209599, -0.022036361423352
-0.35310160176372, 0.17616783797035, -0.12933045549772, 0.097808625982803, -0.033253489929600005, -0.035732017836183
-0.33613565197166, 0.177107140059, -0.011742522407540002, 0.10134357792193, -0.10732700234959, -0.033558593120395004
-0.39627448962985, 0.17976055428584, 0.15877236163575, 0.098527667907591, -0.12284881198327, -0.025496140534356
-0.41362704370252, 0.18433595731064, 0.28956663694706, 0.11890936175868, -0.14328422263863, -0.025967089677504003
-0.34461933826359, 0.18250129885439, 0.01103318846863, 0.10768878823728, -0.1280027547227, -0.025172167644679003
-0.34864440460414, 0.1792766559091, 0.08566267574506001, 0.11044716796836, -0.14413720647443, -0.020596020326939003
-0.35249004536584, 0.17639376169126, 0.11513027713742, 0.098534245867122, -0.13978571750377, -0.022748933796433002
-0.36305823753247, 0.17463537940606, 0.07537931703530301, 0.09988248523140401, -0.13148036046725, -0.025882762767398003
-0.37255352891663, 0.17702778654827, 0.11719105199519, 0.096410523116189, -0.13397433936426, -0.018129133357304
-0.38852492198296, 0.17514243354708, 0.13061630060837, 0.10912628473707, -0.14720881985359, -0.020645436982094003
-0.39983557595295, 0.1718741863382, 0.21455859093777, 0.10551741378707, -0.16289427180934, -0.017029515751647
-0.34758534835163, 0.17020332974517, -0.049097088950687005, 0.091150185185858, -0.11494585822797, -0.021163383813929
-0.35997687006067, 0.17044203434414, 0.082913153553892, 0.10017351757696, -0.145224768878, -0.019583763380321
-0.36347158348563, 0.17967955879729, -0.033175908164155006, 0.09640483139941601, -0.15862437009078, -0.0098332780765254
-0.38308030082219, 0.18629787551545, 0.001735691650747, 0.10812467518472, -0.15153004841467, -0.013330360107221
-0.38755264486388, 0.19771660886477, 0.0040438538874266, 0.1092145735577, -0.14542574518591, -0.015422150714630002
-0.39506498204087, 0.19161864303824, -0.050505765442360004, 0.10752992369925, -0.15658467048358, -0.02093241511227
-0.36592298832588, 0.18944491719161, -0.033704778314023, 0.11756800153355, -0.14244439888031, -0.013480270874748
-0.41708833761217, 0.18708639308654, -0.021839753738090002, 0.11656688093024, -0.12272165491343, -0.011289062733773001
-0.37669990722737, 0.17652228918579, 0.028863846188877003, 0.10877686387021, -0.12857544881196, -0.026781099163701003
-0.36233823783127, 0.17670697923165, -0.09874837742452401, 0.10918123324239, -0.049736525956965004, -0.038024710358836006
-0.34437637284988, 0.18457540922747, -0.038091340636951, 0.10590236583428, -0.10885848828156, -0.031045333479625
-0.39060036736501, 0.18382082283404, 0.08136481387326401, 0.10737665928857, -0.13361443919116, -0.028691718049230003
-0.42403193403003, 0.19237184995056, 0.22063021462717, 0.10888987383764, -0.14745106707767, -0.020528789951558
-0.38953788550255, 0.18350979819921, 0.08109774998335201, 0.1032027221129, -0.13042588359856, -0.030860726786615004
-0.33785439403978, 0.17896770099694, 0.035923709340689, 0.10737129949812, -0.15615583298692, -0.024904568430057002
-0.362139428007, 0.17669584355513, 0.14260578493275, 0.09745173341080901, -0.15763536301517, -0.032499741280967005
-0.34977570428925, 0.17285264078238, 0.091063128479762, 0.09719220565983301, -0.14593610665613, -0.029398216867187
-0.37635298129789, 0.17046369388441, 0.08593384264703001, 0.09845208389670401, -0.10682125487798, -0.039898624986831006
-0.38381417273783, 0.17045017154463, 0.12399253926337, 0.09676060199092001, -0.11187075247814, -0.035639726142331005
-0.39453480416738, 0.17183890566039, 0.25753098245725, 0.10479763140759, -0.15094458673862, -0.024049026958332
-0.36750627568683, 0.16889913913679, 0.028648728354055002, 0.09816692907518201, -0.15863251458425, -0.018749866597118
-0.37622598434689, 0.16739746955532, 0.11406927439124, 0.098571352025152, -0.1669754212713, -0.015829381170574003
-0.37301196653829, 0.17365095932896, 0.042249386673382, 0.10021305772716, -0.15116734336283, -0.017047465593409
-0.39414318991944, 0.17924087975272, 0.034949079275899006, 0.10464327346761, -0.1542506827463, -0.017616533080756003
-0.4092390147655, 0.18595054616211, 0.014770954332423002, 0.10051352302319, -0.15703695238536, -0.01729966250543
-0.37974893471958, 0.1895714637623, -0.043024650225664006, 0.10241636020223, -0.1539361361799, -0.018135574743410002
-0.36294981540279, 0.18914033233342, -0.050867849330245005, 0.12287659092287, -0.14742414577833, -0.0096825789577013
-0.42832783011388, 0.19050873022132, -0.015059021977264001, 0.11659831657883, -0.13535689124719, -0.011437732948463002
-0.37428918477946, 0.17195443095871, -0.011832133156001, 0.10947500330669, -0.12006094802253, -0.017838954216626002
-0.33159240848162, 0.17546816525921, -0.08969077226781401, 0.099888339628607, -0.13298047119495, -0.021281270505484003
-0.35825325212886, 0.18009441485096, -0.18344442764106, 0.09997624598662301, -0.077338249871106, -0.032957063147523
-0.34992906293646, 0.18164383703807, -0.066814524680002, 0.11267361946548, -0.11857971413997, -0.029413666810762
-0.40133940570792, 0.18517303331594, 0.10463108291941, 0.10408828145038, -0.14563114603538, -0.017660050754879
-0.37338828944778, 0.18581133029955, 0.014369853428133001, 0.10527198775849, -0.11230370550987, -0.020963387805487
-0.35215899243892, 0.17257241547201, 0.022944272147166003, 0.10253158732133, -0.1470635119603, -0.016919886377430002
-0.35376605287297, 0.17707373823329, 0.10185394942225, 0.09445324957517601, -0.14150200291205, -0.025561885164847004
-0.34202103133907, 0.17939420633106, 0.037833934036675, 0.104422390809, -0.1358795543944, -0.024735853645441
-0.35802732706513, 0.17969052175112, 0.08497209144025, 0.10046256681999, -0.1395405019537, -0.028395818949845
-0.37486484465401, 0.1771978512232, 0.09830639393562801, 0.11049643053769, -0.14192228206707, -0.027112568228101003
-0.38828950487183, 0.17431133668525, 0.19597010915239, 0.10246392999174, -0.14091944185051, -0.021712427102033003
-0.33935715043582, 0.17262451042091, -0.039559458971193, 0.10686462191601, -0.12654458197402, -0.016986466497419
-0.36557919507599, 0.16688858475761, 0.08064943075847701, 0.10399186852745, -0.14176885164447, -0.018860351382934
-0.36933737638567, 0.16855908622826, 0.095924349718533, 0.10077348086467, -0.13140644260546, -0.022372464470359003
-0.37247287839348, 0.1679255351276, 0.076789848275382, 0.09887727486135, -0.12774437546937, -0.025057464407487
-0.37160554462338, 0.16806474346406, 0.080184200258923, 0.08883201600754101, -0.12098956119812, -0.019983667925545002
-0.40333002637109, 0.16477782052645, -0.02043005146658, 0.09942965484088401, -0.06514859501068901, -0.031292688288222
-0.35685251695312, 0.17258939993793, -0.010264463923035, 0.10315554670338, -0.13243569420209, -0.028069931152783
-0.46780095615097, 0.17138659438204, 0.05584815891862201, 0.09980638948945701, -0.14231786585771, -0.022892347893265
-0.39309528314396, 0.17667841550779, 0.0041649099884574995, 0.1002296326745, -0.12227858980223, -0.020461044832019
-0.3625422110775, 0.18591018631253, -0.051300649773005004, 0.1150006086172, -0.13160479110335, -0.022790981951635002
-0.36143253207024, 0.18444151663816, -0.10454637902363, 0.10506806854426, -0.14886121609571, -0.023325160559064
-0.33438332794391, 0.17804620991671, -0.14506884033141, 0.10477649333284, -0.13890687580592, -0.030007341901448003
-0.34311504180993, 0.17135609680075, -0.085457672656707, 0.11284940417427, -0.14839428173135, -0.019767540838595003
-0.37888335376, 0.17748979535155, -0.12383197963551, 0.11227148005008, -0.11324773789307, -0.027448645776279004
-0.38819430548659, 0.16593444248758, 0.0076726209998961, 0.10732348308964999, -0.11404730580981, -0.027621975237258
-0.36566423621455, 0.1763210874666, 0.047012366603337005, 0.10540141110762, -0.12280102654375, -0.031250018393527
-0.34896682710992, 0.18003229343313, 0.018069445954162003, 0.10668583184762, -0.11733880626641, -0.027456439433359
-0.37560070457638, 0.18568806479624, 0.05808466219319901, 0.10384520134751, -0.09556980254475601, -0.028517451698570003
-0.41588613494785, 0.17855077898908, 0.12272775566547, 0.10518528312648, -0.10354835583956, -0.034551073388097
-0.37570808429166, 0.17434094254471, 0.08086863333112901, 0.10920327391186, -0.12701407674077, -0.029869536427379002
-0.33146050425069, 0.17278799123719, -0.044937708971282006, 0.10301701217881, -0.14425598757505, -0.014916750301983
-0.35968221164084, 0.17171218192045, 0.10776450089824, 0.10037926760516, -0.14802424409682, -0.012440359932002001
-0.34285310002781, 0.17001034079321, 0.037616003216517, 0.099788011822906, -0.14775127019292, -0.014177973889910002
-0.35288442567366, 0.17347810647728, 0.06724997425705301, 0.087482934251963, -0.14083257607843, -0.024779009804333
-0.33160021023055, 0.17679869083695, 0.054144073814377004, 0.094505154351011, -0.15107521021884, -0.019620196697628
-0.37062447949957, 0.17395639442759, 0.10189061516749, 0.10397106082071, -0.1744631673082, -0.014627549127790001
-0.36352262321889, 0.18676190112778, -0.07282863109224201, 0.10804809401972, -0.14421063630567, -0.022261991878058003
-0.42972827178159, 0.17837050202473, 0.026486599999951004, 0.10361515963175, -0.14013197395677, -0.022923660728534002
-0.37193087054886, 0.18882768209025, -0.09442333405403001, 0.10195736331622, -0.091359671471789, -0.032956884210355
-0.3583130617259, 0.19120304396745, -0.06804445367776, 0.11591909618509, -0.13764413039696, -0.031828388161587
