the brain
0.0, 0.0, 0.0, 0.0, 0.0, 0.0
-0.0046092344975817, -0.0032083198975655, 0.011475422151269002, 0.0089390454037403, -0.003716440375994, 0.013701080908552002
-0.003290200345195, -0.0011462591196126, 0.011310287207198, -0.0031038988573000997, -0.010336829364094, 0.012687240185258
0.010185527045588, 0.0013347107361664, 0.014862583141663001, -0.0014716865618141, -9.11043605369e-05, 0.015130397970620001
0.0042397646791298, 0.0004232723178567, -0.006366398614488, -0.0028636396590384, -0.013482548834226001, 0.015455914361274001
0.017335877247312, 0.0035015554379745, -0.0048949744709998995, -0.0019455506008457999, -0.021707301043554002, 0.01960703104559
0.0073392436576032, 0.0069325335086612, -0.021559847365686002, -0.0066037993493417, -0.029460537133655002, 0.02135444983313
0.021793179730137002, 0.011742397308412, -0.0090088216610952, -0.0014236760709802, -0.037166917838236, 0.019501877704013
0.0049196147262388, 0.012364176801447002, 0.06631852134602001, 0.0093966646901475, -0.047274547317624004, 0.022832639625288
0.022355023215643, 0.0055990263279932, -0.096453211118057, -0.0031441644554689, -0.047353661056480006, 0.016217726596045
0.023588430773440004, 0.0048133496281082, -0.059315091753668, 0.0006083203113872, -0.033829950579199006, 0.021067112485424002
0.027064035330236002, 0.0034883856634859997, -0.07984399522263601, -0.0033472227146228, -0.04581523977599, 0.022819584429115
0.031173993992214002, 0.0031656899995104, -0.11175671992078, -0.0045558231421113, -0.029252769308204002, 0.021888006955282
0.030226686016132, 0.009542195255972, -0.08046198698036601, -0.0054167732313534, -0.040875939881431005, 0.023597591562834003
0.035190358675215, 0.010009075579007001, -0.074233792372903, -0.0083141809868221, -0.031355639927919, 0.018794484609704003
0.037090908159530006, 0.008562842101109299, -0.098069283217721, -0.0055327345492741, -0.010706426848919, 0.012509339499599
0.040162979264851004, 0.0060030179100289, -0.10600854239757, -0.0023109178417539, -0.019576503344601003, 0.013534098860109001
0.038227748673089, 0.0057211329261495, -0.042410897856917006, 0.0029868248661379998, -0.028274898392331, 0.0068843781151896
0.056375288003636004, 0.0043276316485737, 0.015916344837858, -0.0004907895529948, -0.030743737115581003, 0.011841663121470001
0.052051488284185, 0.0043148830855664, -0.09386409626047701, -0.0028109007034895, -0.01428648488571, 0.023967029343231003
0.050085357815235, 0.0031053066481001, -0.056320198451084005, -0.0070613223637507995, -0.0073755402954425, 0.013194364622500001
0.055611000673234004, -0.0007979154898911, -0.068728826515526, -0.0014383365994952999, -0.0021283373867718, 0.011632810181062
0.060543897895666006, 0.0011667714388188, -0.06119221652840601, -0.0054670509723072, 0.0069624851738903, 0.008923669795135699
0.046862876469518006, -0.0030991701992181, -0.069186697418939, 0.0047438701788789, 0.021916810940175002, 0.0023119340080008
0.047559271604718005, 0.0033228656008613, -0.048081673438133, 0.0013549183881923, 0.018137449497603, -0.0047195683221084
0.05588096741290301, 0.0005695302572601, -0.024243434797712002, 0.0020040330650131, 0.012612134183107, -0.0009720730688764
0.042770206409337, 0.0009575378870842, 0.027897146602771, 0.0076687244140538, 0.0053566181987294, -0.0012287745580535
0.036465412373502, -0.0041687906581587, 0.094046108833544, 0.001047766849121, -0.012876787026805002, -0.0064875500180422
0.066937167673594, -0.0046040516202274, -0.096602848699556, -0.0031840935508514, -0.0071353351032487, -0.001633798694603
0.040851439516693004, -0.0097190800353428, -0.085909181456122, -0.0073988769266605, -0.0095753751523734, -0.00022179471181279998
0.048742177643541, -0.0024107733617356, -0.08065829896087201, -0.0084450924710779, 0.0058008919288481, 0.008077715780431
0.050482260329889006, -0.0024322843758305, -0.052501800422674, -0.0046765635096284, -0.00032621123973329997, 0.011530838197323002
0.046968409110782004, 0.0009161875494828, -0.035741561939343004, -0.0020055800245972, -0.0079539827340018, 0.014960919434767002
0.050295809624209, 0.012323330838868001, -0.05397524333182101, -0.0094177258436062, -0.023072866700712003, 0.012350572993018002
0.053089349155602004, 0.015415685309334001, -0.036943158211790006, -0.022403283509624002, -0.016167932169551, 0.011329917426658
0.022439963949183003, 0.0083138944821295, -0.053930446182400005, -0.0097639458342435, -0.021255863798149, 0.0096558204421746
0.035003615801568, 0.005766526509247, 0.02206054056155, -0.0055731761767719, -0.052224075281198004, 0.011075582226645
0.049708661565359004, 0.0046815175170993, -0.15938722347995, -0.010719445292152002, -0.044635902208892006, 0.017103674379916
0.041729158835828006, 0.005020083586474, -0.11015134595102, -0.0061787306210487, -0.043427919345771004, 0.022649155276598002
0.047297886646327, 0.0040175875792442, -0.098409196747631, -0.012555015679424, -0.043048328406447005, 0.021191687285169
0.04393640258294, 0.0020032593999619, -0.08120371039332301, -0.012979961857320001, -0.046478864858733, 0.02285607439076
0.042346587589517, 0.00678282313421, -0.07242055206758001, -0.015665668147356, -0.058738068956282, 0.025586323617925
0.036235783164152005, 0.013779697945775, -0.074955759400886, -0.0091818115692384, -0.06093655116498901, 0.025901187657855002
0.05666709147459, 0.012921120544048, -0.06911935400537901, -0.017778103478898, -0.06706420645976201, 0.022263787074286
0.038671095023327, 0.013926242735517002, -0.040673212689983, -0.0076099653294426995, -0.07493869336295, 0.035149135721275
0.014808347664804001, 0.006126474557052, -0.047988016083357, 0.0014806867538823, -0.073187190165276, 0.031185038558427
0.05213478127774, 0.0075019886326912, -0.06923416189551501, -0.0025332554537663998, -0.084394473140476, 0.025516093735016003
0.05333409548711401, 0.0039984242572396, -0.16293648107762, 0.000461617850422, -0.086673848202475, 0.033072258674834
0.048355859108269006, 0.0082581264616953, -0.13238197637299, -0.007795274224794, -0.084768637381696, 0.032743132112595004
0.052555518554563, 0.010403216362761002, -0.13385466847534, -0.018944737083821002, -0.05849541548853, 0.022346819651710002
0.050542184826138, 0.0082751683609228, -0.11525233323445, -0.016185710771922, -0.052438818639886, 0.024481679989946003
0.06080954056924601, 0.011216427925940001, -0.12230545386408, -0.017443960993573003, -0.052668397714125, 0.024515819802429003
0.064734354563154, 0.0092231136372179, -0.10377763791029, -0.011219584686267001, -0.045584692839595, 0.022882802146532003
0.06652003180648801, 0.013081773990272001, -0.11706324693314, -0.014907243149919001, -0.035817939953988, 0.023094691317813002
0.064259497116721, 0.01626102868135, -0.06822731253518301, -0.015519247775283001, -0.016956211875538002, 0.024926126577778002
0.030008990441031003, 0.0090120412025577, -0.034410255805405, -0.013403386833052, -0.016089943414800002, 0.024322949551329003
0.06894892024961301, 0.004799574268434, -0.09918872118015301, -0.015328267986879002, -0.024034089796604003, 0.018777919319763
0.047244731364052, 0.0005326458903435, -0.081061878727578, -0.019141151988646, -0.031215621219005004, 0.01624332801044
0.06880177195438701, 0.0059813934414217, -0.069875365406164, -0.014630983847175, -0.005056664673249, 0.017595103114034002
0.054499033377795006, 0.0049090252057566, -0.052224388440357004, -0.018202896465236002, -0.0036573113647963, 0.019478933773373
0.046879266798612006, 0.010919042524283001, -0.034555342922222, -0.022698258299926003, -0.0071728362762161, 0.024011289835442002
0.048874237462861, 0.013240200594675, -0.020637681057172, -0.021638278991803, -0.0083462696480188, 0.021525089857706
0.041323646119471, 0.017721918759591, -0.037253646507485, -0.029172211485048002, -0.012425473003283002, 0.019484722522428003
0.041529662360994, 0.012552048294889002, -0.044610845422137, -0.021141106911414003, -0.013539019480873, 0.031363455914932004
0.044700486284786005, 0.013926692552462, -0.083497138494174, -0.021201386721164003, -0.022316951353684, 0.024685196048479
0.044459449633739004, 0.010666459019427001, -0.14908374200658, -0.021465192700651, -0.019560565978446, 0.028000642308014002
0.038878088190067, 0.011131711519991, -0.08380233123779, -0.024574000342838003, -0.041228108157558, 0.027632219187564002
0.031303181778276006, 0.013129137636526001, -0.10835539375616, -0.036605529303739004, -0.026924380166322003, 0.025946971815202002
0.03285653101713, 0.011766622842696, -0.11179357010101, -0.032671818915738005, -0.019581104189818, 0.02774518416676
0.042571742539337, 0.012109341928876001, -0.13025347061853, -0.035339195103352004, -0.037163876427737004, 0.025764658446217004
0.047132092600833, 0.015871674749507, -0.1228055844725, -0.032756826601352006, -0.034601475371360005, 0.030536663845868003
0.044328324822292, 0.016309000470225002, -0.10972333776348, -0.03127770112884, -0.033855548963602, 0.030659345091747003
0.033260735158508005, 0.023387338116627, -0.11235965832562, -0.026313447130988002, -0.043681046641255, 0.034464758869598
0.012011601275088001, 0.01997055009269, 0.03554494807341, -0.017784894347151, -0.054526313803551, 0.026317368702042
0.042865114790972006, 0.021310238560971, -0.17571872891333, -0.029795168031879003, -0.030019043555104003, 0.026946750332068004
0.038666187993054005, 0.01574145328116, -0.13421941063839, -0.025588907707444004, -0.054545334871864005, 0.026613713658849004
0.022206459295174, 0.013301091054171, -0.17856200744961, -0.034190224722017, -0.047137283870246, 0.035159193634838
0.040023633795680004, 0.014558337424218, -0.13063944015611, -0.028844097207542004, -0.041711103692099, 0.030431880478931004
0.020761597393351, 0.011535011949870002, -0.19834767481313, -0.025660442119237, -0.017185692290043002, 0.032036147428192004
0.048090047564601, 0.019354889089223, -0.13441823982667, -0.023963616623954003, -0.017121334565172, 0.022487585221198002
0.06406940469879101, 0.021625287837409003, -0.11175414894708, -0.029440755356065003, -0.031817927164403, 0.020456112286583002
0.07054650506165201, 0.025717694779854004, -0.083074851265763, -0.029001632419021, -0.036108431515148004, 0.019359356518362
0.046968990333152, 0.023095204327789002, -0.051063923077538, -0.027863966806757002, -0.047192856157904, 0.019863003637574
0.052831176560531004, 0.017672806091096, 0.043598905993015004, -0.017093237564380002, -0.048170746581973005, 0.024096433978458003
0.050684832003026, 0.020651648093285003, -0.12995419644884, -0.027951772521575, -0.022374026515312003, 0.028198888876341
0.041141698374233, 0.015374317510440001, -0.063631946526091, -0.025183012913518002, -0.028297583792815002, 0.020613462775395
0.05635057648096101, 0.016950219464382, -0.07690996075874301, -0.031006613275411002, -0.026036791578746003, 0.024946345439854002
0.029135750388018, 0.012698633613916, -0.16348079262683, -0.027018525456049002, 0.029599884962669003, 0.027319191390774003
0.041826973330889, 0.015068501751175, -0.10714118390628, -0.029014181621056002, 2.09805079865e-05, 0.029367426761661004
0.030165511009241003, 0.015275948284826, -0.06988798446250101, -0.028257757735403004, -0.012036618419919001, 0.022799741729677
0.042097569493577, 0.019756518876835, -0.076443062671826, -0.030462853551291004, -0.018973826003658, 0.026761321546474003
0.040721351342608, 0.02038004994459, -0.066403744699165, -0.028338753909365, -0.034741413084402005, 0.025099278387797002
0.016876166770713002, 0.018400226999498, 0.028265656792075003, -0.019205149019682, -0.064346440348993, 0.027817116137217
0.021654647096769, 0.017771385717854003, -0.13296367695046, -0.028110848199604, -0.052879675880095005, 0.026424456715957
0.017346374405154002, 0.016449965948037, -0.08621155292688401, -0.031013233037832003, -0.052360150623528, 0.027165571711473
0.030542557795510003, 0.014499021465881001, -0.087443368776808, -0.035092204599554006, -0.058131101250932, 0.031282603614365
0.044685472869692, 0.01847989671758, -0.09863788744104601, -0.036074112553009005, -0.048201519501307, 0.034677190594712005
0.028430099926519, 0.019322866672352, -0.10991761769964, -0.035708617079312, -0.059838674014520005, 0.038385734287611
0.026805205508762003, 0.020838556400612003, -0.082717535410762, -0.038169813888651004, -0.066255935535521, 0.037076952697637
0.035833287777533, 0.023435763930190003, -0.13732748418952, -0.038129705845745, -0.034030638740537, 0.031780550749813
0.01105049861507, 0.017577436191836, -0.11741799320546, -0.021833111781241, -0.063350748987178, 0.024747205856555002
-0.013708181324134, 0.010840683929214001, -0.052889228209030005, -0.013197130487956002, -0.07742472189866201, 0.026381135535613002
0.021884962859104, 0.013206312490371, -0.16688164889465, -0.017595327606239, -0.09516253250687401, 0.030875323227534
0.012986092901151, 0.0094283815817045, -0.18709403888575, -0.0066590063204497, -0.091715360810211, 0.033532505692918005
-0.011433194900394001, 0.0009077291562217, -0.20119991460012, -0.013838240962658002, -0.11655324118034, 0.028182164953267003
-0.024689329989795002, 0.0046648186663509, -0.2483860483228, -0.013597262724215001, -0.096956428242375, 0.035235539976670005
-0.045437866944763004, 0.0072991355393635, -0.21192401603719999, -0.020531544292103, -0.06344576288987701, 0.032212844048106
-0.048235520124511, 0.013070051618364002, -0.16878185591227, -0.035157987785372005, -0.070126879928222, 0.040155573829104
-0.019365004390569002, 0.012857878331759, -0.12286451612921, -0.03487230572759, -0.10493693605204, 0.032563023452028
0.016384896022419, 0.018542716852894003, -0.17894225032084, -0.032992545990615005, -0.12074075914278, 0.034175483666177
0.0047843931534379, 0.017580211609837002, -0.12679106627428, -0.031805609260550004, -0.09204433027150301, 0.042030207124307
0.025137416162175002, 0.018893697742298002, -0.16117890873276, -0.039132008638111004, -0.084393237720954, 0.033138918576352004
0.0014944036150893, 0.0066865690743898, -0.12884343709725, -0.04224583957241, -0.094649696420622, 0.031457157603168
0.0004564196041021, 0.0047533381278983, -0.14485407855764, -0.041334451621751006, -0.081537278985499, 0.024395581228052
-0.0025181017191755, 0.0070367532656026, -0.14743284139648, -0.038551612153544, -0.073930117428912, 0.018127572738797
0.015479577623951002, 0.0066209824528198, -0.13628003609823, -0.036913788027109005, -0.06739090616636001, 0.030084604345149004
0.0052668327558015, 0.0082441363347368, -0.11732591190391, -0.035211096191714, -0.072105932625821, 0.028937744014535003
-0.003621213913149, 0.014080109741590002, -0.075042148649249, -0.038820203163396, -0.074614881705621, 0.031590580655642
-0.026173164325782, 0.013624649337948, -0.06302438916677901, -0.033782408793817005, -0.07935997863774001, 0.025762218330353002
-0.016691134887826, 0.0092058960162255, -0.016564859150865002, -0.032838449822607, -0.10290570045365, 0.020563556980665
-0.016628565403635002, 0.00509132997432, -0.14891144090854, -0.031668388047046005, -0.10845344050771, 0.027862728655155003
-0.017659835972897, 0.011033169978787, -0.14143981490261, -0.035573130031516, -0.10030910816135, 0.029696327074683
-0.0076646664055648, 0.013326171871320002, -0.14394908396011, -0.039298599595886004, -0.095621410753168, 0.029277122453318004
-0.0010396352037331, 0.015960463918522003, -0.16183441774435, -0.038965574425224005, -0.09009723814456301, 0.026239185788865003
-0.017307983325690002, 0.020600596200850002, -0.15207913049068, -0.041307503944371, -0.10487401851375, 0.032577214826055
-0.027240261825098002, 0.024003202139909002, -0.12495413341345, -0.04711883947834, -0.10089683982061, 0.029262061826130004
-0.014689196646566002, 0.028764503806172, -0.12035690954645, -0.047443958575642, -0.098436529261929, 0.027477174132687004
-0.016731342310866003, 0.025091598730697003, -0.11455846764407, -0.04928229206465701, -0.11363646229762, 0.026098569231554004
-0.037338661090999, 0.019869606077704, -0.081295917115886, -0.040618655452361006, -0.13299003486712, 0.028739840651548002
-0.008337753215070999, 0.013937493209934001, -0.25590246877503, -0.046341953303990005, -0.13138376395231, 0.020048730395726
-0.015142737661036002, 0.016665781336462, -0.20170634351914, -0.046151431012838, -0.12166377589098, 0.018480064383020002
-0.018294595016040003, 0.019791417223409002, -0.1636506250097, -0.05309648533666501, -0.12297573228335, 0.017693730338562003
-0.018754852085877002, 0.01984082012479, -0.17776811546772, -0.052864549877043004, -0.12251345887406, 0.019342976892986002
-0.012008840351703002, 0.023308752014928002, -0.17609060508289, -0.056302318799322, -0.13471214086558, 0.026941277324194
-0.020078875483350002, 0.027021827353667004, -0.16528284313517, -0.054574857647353, -0.14066988064484, 0.023714706749055
-0.011622409923115001, 0.029404850494440003, -0.17380027149549, -0.048058837396849005, -0.128543717939, 0.023412309353012
-0.0059229632409666, 0.031674945686421, -0.15327570571733, -0.047753856547434005, -0.11326218980663, 0.019793798060207
-0.010522507571137001, 0.027038078619584002, -0.10921719197687, -0.044357627346744005, -0.1231101438612, 0.019629456677068002
-0.018305132067396, 0.030324786468724003, -0.19438455442993, -0.038001990076945005, -0.09424027873122601, 0.029621012510872003
-0.025848386020456002, 0.022980269868112004, -0.10547612884976, -0.04116982378448, -0.10463704894359, 0.027220383721764004
-0.0006208084202637, 0.024418741100047003, -0.14835745361976, -0.05055031896989701, -0.094019377882655, 0.030828090567352
-0.0011399497998208, 0.021578781926250002, -0.13812061618849, -0.05614435298591, -0.089383943840869, 0.022920921467829
-0.0024821798902069, 0.023095505801315003, -0.16821212921873, -0.057976062462814004, -0.08310167026259101, 0.029770993544596003
0.013426787219606, 0.029211597011148, -0.15066673132337, -0.050165312885856, -0.082129392615678, 0.02133215858795
0.0085698400287117, 0.031027176162233, -0.16691193353298, -0.05289540337832901, -0.072994480174698, 0.026725408662502004
-0.0076036180327318, 0.033181155253585004, -0.13277563569581, -0.050515280597908004, -0.076538672340934, 0.024328204706427003
-0.016576141647877, 0.025751047059114, -0.040712450366513005, -0.042709256717026, -0.06952168760999901, 0.025622910079526003
0.0011911278338587, 0.020112588401671003, -0.16165644075142, -0.048353711195448006, -0.081844991898795, 0.023832097409035
0.015552922531851001, 0.013792158675110001, -0.16985255462154, -0.042694320458653005, -0.07102717934779601, 0.021808605783504003
0.015231115177655002, 0.013848424466261002, -0.1397089764746, -0.047658439039942005, -0.07059542778388801, 0.021355471008403
0.0019610297662262, 0.017651192856062002, -0.10613842527058, -0.05297166993834, -0.06101777735247001, 0.020470438833746003
-0.017508667500317, 0.022312642784699, -0.10470535991085, -0.050437101255882, -0.068339559453855, 0.027931705661175
-0.021390920702497002, 0.02326689542551, -0.09318848626852701, -0.05052475646192801, -0.08092304080755, 0.030536864875615
-0.02345151715279, 0.029128293676390003, -0.10219306757501, -0.05680710687853201, -0.08219815063390601, 0.031115830701057
-0.013182527945833002, 0.027792956824438, -0.15233129241492, -0.055717794383220005, -0.087502781555945, 0.026763326980159003
-0.038834093843698, 0.022982521886815002, -0.074648125442715, -0.04829746737813, -0.09880518729397801, 0.032742753098289
-0.015613492423372002, 0.019525064088691, -0.27700832875092, -0.053575192486904004, -0.069009460405471, 0.035404923128039
-0.024608501644408, 0.019857017153984, -0.19418552132259, -0.052702631448019004, -0.076089837018893, 0.033196220017418
-0.026897670786427002, 0.021628000713541002, -0.14438519647767, -0.059379824235503004, -0.1033509158861, 0.035558478817809006
-0.014448438605195001, 0.021889376443901, -0.12706409249037, -0.05874646291238401, -0.10978009890619, 0.034286072708708
-0.022121348078782, 0.019013928198928002, -0.12663412783935, -0.066132510355418, -0.1153979581407, 0.024703025674388
-0.026697695686859, 0.021450138935181003, -0.11698693541133, -0.05927043573710201, -0.12878656758383, 0.024241109060271
-0.019006067644604, 0.024345000466125002, -0.10478796804577, -0.06783371569467901, -0.12607498127801, 0.021958182711205
-0.031349783133987, 0.021923302073213, -0.11840101098348, -0.066711642443418, -0.13481340596614, 0.012449652293657002
-0.03530837384482, 0.016577835818387, -0.10506112615738, -0.057831404219816, -0.1459741903729, 0.0054983498239249
-0.038677215281993006, 0.010018151113431, -0.14269043487289, -0.059631072988386005, -0.16390507884083, 0.0016261811917506
-0.022258379490341002, 0.012231027009775, -0.2119337573787, -0.052326133189329, -0.13277734320063, 0.0053519680160159
-0.028474324692551, 0.0059753289288753, -0.18926420641596, -0.058111721922442, -0.10743232070964, -0.0026581774843089
-0.0080269059750187, 0.0020034468419257, -0.1559559563862, -0.062390873714095005, -0.06714325736068401, -0.0082425556959097
-0.009998523962059, 0.008470290683709799, -0.10634786059533, -0.05989710347571701, -0.069944858638392, 0.0010506969974513
0.017079487291366, 0.0067112068657138, -0.11957219592525, -0.06632516640052401, -0.08786618811048101, -0.0029009916644121
0.020311541537190003, 0.013492999894252001, -0.09751911138339901, -0.069396012174348, -0.08665210184708001, -0.0093917719380221
0.017112847830032002, 0.018053942600107002, -0.077703357820635, -0.069595955428586, -0.091617946909574, -0.0064808929307816
0.017576754436453002, 0.015475758126034002, -0.070549975043452, -0.060749632581659004, -0.092866902765218, -0.0065066031993693
0.034461417865008004, 0.014736628454919002, -0.026873580473, -0.060925038837238, -0.10081112451448, -0.0053188211282672
0.023008013591573003, 0.016760637408068, -0.075341475601752, -0.063288387120858, -0.068070068456668, 0.0007404035029195
0.026302865183641003, 0.012627354449113, -0.017778752878508, -0.06819622824304, -0.08366773777342801, -0.0001741422847064
0.048690420631387, 0.0081687755966209, -0.049039967284862006, -0.07342374999486101, -0.08276327932762301, 0.0033703632964399
0.050268405994442, 0.013816898642886, -0.042286749863997004, -0.07239103391498501, -0.077049904105423, 0.0074287243284823995
0.047140782195751005, 0.013873411417915002, -0.035858791860435, -0.060043567045338, -0.07019938530587201, 0.012200150697902002
0.048426370209326004, 0.020319081430566002, -0.022154384417839002, -0.071332782197648, -0.06201353332013, 0.009844061768909
0.027050842004325, 0.020384306202057, -0.0037327892312567, -0.06830302140175701, -0.06764453757624901, 0.012879028330235002
0.021458157085282002, 0.019322559998405, 0.026384529899003, -0.065942543036431, -0.081174257361529, 0.013803325502994
-0.019221335644796, 0.010287246914577, 0.17781915741867, -0.06615017733441, -0.10238365245303, 0.010010852960246001
0.049161397812714, 0.0074353735429871, -0.07147460558080501, -0.07586831211623, -0.10446770980373, 0.009526785122378
0.032083859257569, 0.0054631077567109, -0.07910383456888201, -0.073715561646334, -0.09292197477752001, 0.010817097897280002
0.048276619248674005, 0.010163453971802001, -0.089539188274323, -0.07686858473397301, -0.082416709593778, 0.014868638120683002
0.036015636540648, 0.011233774063044, -0.08559649222196501, -0.076116808014555, -0.081709136203368, 0.019158957299615
0.016103110072589, 0.01768519855742, -0.060763321074242004, -0.073397705813201, -0.09049841820170701, 0.023741904029192
0.016487482534051003, 0.017406240575831, -0.046633780682520005, -0.07200083230125601, -0.097530607369676, 0.019904411951654002
-0.033553158188184, 0.01623565605874, -0.13106842664322, -0.07267449933098301, -0.094883073497409, 0.024606324882776
0.016046975125914003, 0.022539174091338002, -0.09461204873514201, -0.060175754821884, -0.08196223301915301, 0.018965342350417
0.0012613664643106, 0.01834452855947, 0.037246950895324, -0.060683917577535, -0.10027378585885, 0.017617075161544
0.026568413125844, 0.017640205722207, -0.16187370412512, -0.07182635329562101, -0.10553307522271, 0.016684072484454002
0.018644514225969, 0.016059247215417002, -0.07864575852043701, -0.06745585043016601, -0.11142311523592, 0.01488589972921
0.015060946155396002, 0.015227114182220001, -0.08010917225075301, -0.074062137763049, -0.09626849812117601, 0.015604020985228001
0.021499455409769, 0.017728393408727002, -0.08328401730729901, -0.066573151432714, -0.09302909183244101, 0.024822044591547
0.024370419940848, 0.017725904848448, -0.063552265308423, -0.07551741167131201, -0.096335337816268, 0.028134254868071
0.023928080755918003, 0.022530409955141002, -0.06689562865922401, -0.072770723366623, -0.10738752068705, 0.026949078326421003
0.013108653518100002, 0.024843051465627004, -0.058195072434375, -0.07536861050151901, -0.11122218839589, 0.026041482053247002
0.025119471571351002, 0.024681045437251, -0.068542333024996, -0.06839136367838601, -0.10752627952655, 0.023184876779004
-0.012092774413119001, 0.020981192707358, 0.0030831942771547, -0.06813166996134201, -0.10875683565402, 0.021263288820769003
-0.030404715052262003, 0.018058058927934002, -0.14390749064588, -0.055765988256693, -0.12721560902969, 0.020711318294112
0.019733631209049002, 0.020180947011738, -0.12602378251197, -0.06440478726793701, -0.12404609526776, 0.021950026995557002
0.0060218397386781995, 0.020037742907781, -0.098132350039416, -0.066624528067141, -0.1386957953765, 0.025019356607418
0.019101408694009, 0.024249292342365003, -0.08042164775933501, -0.070166294113386, -0.12042565480539, 0.026636886657596
0.016584260601806, 0.026271589646193003, -0.057047886740375, -0.07179632342065001, -0.12169575748569, 0.026644681304514
0.029710059098997002, 0.025704193318607002, -0.066297117774787, -0.081235942181184, -0.11977054620903, 0.024765064013351
0.019226890181648002, 0.027607210240378002, -0.07828410014443801, -0.07497654648905401, -0.11749464672287, 0.026092888980600002
0.0079231364947384, 0.030163852775252003, -0.08672941637800301, -0.072113223991558, -0.11528317351043, 0.028415858413751
0.011660966056011001, 0.027439625303967003, -0.050654270044996, -0.068353095620568, -0.11121397325065, 0.021340709089927003
0.021786769941047, 0.0305558553338, -0.051868259381423004, -0.071797225414687, -0.1111653629183, 0.022890092395000002
-0.02291820126612, 0.036410773036812005, -0.09626594769215001, -0.071221422848048, -0.11809495694609, 0.046321460834684004
-0.024735230299091002, 0.028808148353303004, 0.06870832877961501, -0.072794850770627, -0.1269384203324, 0.031809999516645
0.064077574277632, 0.021622628503169, -0.15217116462, -0.081512135454836, -0.12221004375771, 0.01786846669419
0.07525246377328, 0.024476297005526, -0.1909234356287, -0.077916305170145, -0.12657058370542, 0.023204913917522003
0.06370089611941, 0.023118036398136, -0.140588934706, -0.076585053290722, -0.10989770204015, 0.026699863326517
0.058769067953774005, 0.026973022903355, -0.12030061037723, -0.07343108832294401, -0.09778475733225701, 0.024573184122701004
0.025373177547125002, 0.028393783988560004, -0.18209312604764, -0.069515168867795, -0.034062053661188, 0.025411103748646004
0.016103884664503, 0.022928402279971002, -0.027352243967575, -0.068326107678134, -0.06374961248088401, 0.025001322405621
0.029435990702009, 0.020992232008588, -0.027981357697895, -0.068153611751862, -0.097056747997945, 0.018468080450944002
0.042552740218733, 0.019916897631934, -0.11948790929463, -0.06884640807325901, -0.1121881522408, 0.022426730278927002
0.042115350117728004, 0.015774665488103003, -0.10334095303172, -0.06902730337759, -0.10529281054673, 0.022969695380497
0.023387121874982, 0.017636280121549, -0.082916442081734, -0.07341934827720101, -0.09487193423405901, 0.024712232282518003
0.016552071784373002, 0.011818720116814, -0.037936249692751, -0.06774606060938901, -0.11304157562078, 0.031436184430671005
0.015414904650504001, 0.011592842808389, -0.0199459137009, -0.069684509999794, -0.12001698316345, 0.036971279444803
0.010860693578684001, 0.017297574169612, -0.028992897071111003, -0.073270678990389, -0.12011962264983, 0.034897847197284004
0.0021372478429279, 0.018233001002025, -0.042257039995755, -0.06718589298951501, -0.11353554220633, 0.033712076976921
-0.0041673051950159, 0.018514057686488002, -0.035161781298215004, -0.062553625322566, -0.12838657497681, 0.032198992115046
-0.0047036564462246, 0.014615349666228001, -0.038308274774725, -0.054244788726851005, -0.14727214213637, 0.029185647472913002
-0.021530138629992, 0.019493058352725003, -0.13038623263356, -0.052658569216382005, -0.12561855977783, 0.042090725499227
-0.016109310425337, 0.0077895488803678995, -0.098789562238595, -0.058403810589791, -0.14427163432811, 0.042644501640685006
-0.034963119336363, 0.011836794827014, -0.18797120047841, -0.062750644976919, -0.08489503740427201, 0.043683173436740004
-0.012800499551651, 0.01204167052494, -0.11925239939823, -0.059911023769416004, -0.10419812172643, 0.039293481691592004
0.0052647718691636, 0.018171554313198002, -0.08749745545127201, -0.05945963064662001, -0.13795933784903, 0.041684487378463
0.0079430130826042, 0.018153683273907, -0.08833034923531101, -0.06442188455462901, -0.12313983959211, 0.037928807811003
0.0039827688891899, 0.02141577907106, -0.03830201401508, -0.055194323788429006, -0.1382386281178, 0.037020286003084005
-0.000746837800163, 0.023790490349759, 0.013732032884779002, -0.05438497356664, -0.14269185960815, 0.033836653283203004
0.0045140042901548995, 0.020093258602299, -0.0023224160741703, -0.051454096963345006, -0.14960426490763, 0.028099688597589004
0.011760995022209, 0.021292691774967003, -0.030792765470362003, -0.050540131685106, -0.13479112388579, 0.032067483852668
-0.009196346968396999, 0.022122750535793, -0.053347465041942, -0.056161921041182006, -0.1112428684043, 0.038421873816667
-0.0004154403822944, 0.016343374024833, -0.035733717070535, -0.06272892788138501, -0.11879908561384, 0.026775600156627003
0.014209989847357002, 0.020109400850137002, -0.044962868135407, -0.06555980365864901, -0.096251030169165, 0.026362895963899003
0.019440761833119, 0.016993610362006, -0.056835289378336006, -0.062130373320684, -0.10344364356989, 0.030683769491532002
0.018165369376195003, 0.021546505418795003, -0.050263974074953005, -0.069180404430967, -0.09552710823817301, 0.028475525034826
0.016328181093635, 0.027640040850998002, -0.027699552637165004, -0.061185986872618, -0.085832340544992, 0.033641862831645004
-0.0002099543211947, 0.025939090968764, -0.036102566781019, -0.063370383311578, -0.080713091908403, 0.026389510914974
2.1727146132899998e-05, 0.021716024190226002, 0.0028253754625291, -0.06833597385145501, -0.079241772613672, 0.026632511307976003
0.013556644493879002, 0.014889757895484001, 0.045892000111977006, -0.06575017840897801, -0.08872723522275801, 0.025239803508234
0.018974014621642003, 0.013802883291772, -0.07027755812176201, -0.06715574603369201, -0.07951244060810801, 0.031491742211529006
-0.008232976309816899, 0.020558392403808003, -0.034151666326936, -0.064030543917347, -0.08187283507991601, 0.030639150625591003
0.0066668641837615, 0.021252006639849, -0.035824785592437, -0.07262587317495, -0.06265546954930301, 0.026339293870966
0.0015166033516708, 0.018814217809718002, -0.037153677605346005, -0.07142365691470501, -0.07255832442563401, 0.032649644433100006
-0.025020569145868, 0.022251138680969, -0.09934823003307301, -0.06837602094259801, -0.043567911009012, 0.031813874972722
0.005962953267174, 0.022822446847703, -0.06430792935194, -0.06628922639745101, -0.057986187546791, 0.027105796499938002
0.0009022630000578, 0.027240374988726, -0.033975082808271, -0.080625616395499, -0.086167962261328, 0.028301773093798003
-0.026128001971988002, 0.022348920214191003, 0.016218268953732, -0.074520611322145, -0.11112983277033, 0.026553436475054003
0.0048166590680839, 0.024570793055823003, -0.035662194413928004, -0.071763183701816, -0.11881255474456, 0.019928909481137
-0.0019113981026082, 0.021461364136176, -0.046086874774527005, -0.070828572631493, -0.10691347597278, 0.027463626805561
-0.0089969262396774, 0.022224526026136, -0.025330932180799, -0.07397835822672001, -0.11074856137123, 0.025217051474247004
0.0032671358932887, 0.023294200244478, -0.032141178084791, -0.075228509637303, -0.10245038191838, 0.027904880852253
-0.0044427456118889, 0.024263104768468, -0.048722233788481006, -0.076796892740861, -0.10239926170713, 0.028658419716797
-0.0039430492416032, 0.031113694373916003, -0.043713582502088004, -0.083894802323109, -0.11581205576908, 0.033891008904587
-0.0077361129509255, 0.033472684005616, -0.07431706497134101, -0.080393766947779, -0.10952085446264, 0.032526290102713004
0.0086994974717183, 0.032058676414051, -0.056692347784473004, -0.08117270967555401, -0.11306893802522, 0.035744985375615004
-0.0059234271954082, 0.030086950756897, -0.0044327840727944, -0.07694543072837201, -0.11977266402797, 0.029576846466330003
-0.022689585959307, 0.030399511320942003, -0.08720571572516801, -0.071176272545708, -0.09393451118656801, 0.023378751180838
0.0023712620696459998, 0.025814412338235, -0.08653936798254801, -0.07227541837032901, -0.10434899294759, 0.028011576763200003
0.0050984564574224995, 0.028053091710049, -0.07101187980314501, -0.073893145830495, -0.11714624131848, 0.035278333922699
0.006891364422358, 0.031480107462879, -0.044784215422727, -0.08287288565246001, -0.12671842449846, 0.029360285045167002
0.0065480878004477, 0.030825168087356, -0.031001147379777, -0.077320810921019, -0.12998646227493, 0.034394308342638
0.0057137823213553, 0.034597818867146, -0.020156479146371, -0.078407116880976, -0.14440992148646, 0.040270030697657
0.0002375465797016, 0.038009196955117, -0.069423135548261, -0.07903557868081801, -0.10531599202349, 0.032923461436806
0.0034828960251335, 0.036195538643238004, -0.062181461514196006, -0.080181485300999, -0.1139598972715, 0.030863188714254003
-0.0097825871406386, 0.032295671731801, -0.050679324473161, -0.071139537360021, -0.13174165622829, 0.031227308571709002
0.005030264177431, 0.035676918784952, -0.038941837712422, -0.0676851826877, -0.14489046486307, 0.034643708802671
-0.0062047190484114, 0.036808349889, -0.08516660143346101, -0.07206335139396701, -0.12896273734, 0.03578360774237
0.0001844829898741, 0.030666688960688002, -0.030021790299578, -0.07391882117587101, -0.11993156683485, 0.028170619618988
0.008211454697787, 0.030964422034008003, -0.054248514182133, -0.075679081686782, -0.10049863525981, 0.031192153128728
0.0060098676810510995, 0.031331759141734, -0.04419193734374301, -0.07061268885497901, -0.10404585438636, 0.027313467551105003
0.023809005341218003, 0.031951322815772, -0.07074624508919, -0.08211508421275501, -0.10797428655934, 0.024939863881892003
0.038614148770771003, 0.031711832078098, -0.06360077307011901, -0.083333878686459, -0.08636422816830601, 0.027842125989286003
0.047435432435488006, 0.037503582490569, -0.04372542141143, -0.07953198687736, -0.08906921223972401, 0.032336321903739
0.03374278683423, 0.032541169168638, 0.02906841483865, -0.07658676058871301, -0.07894652687260201, 0.035113255560551004
0.025920548165044, 0.030786153969217002, -0.0081926324719557, -0.080264188013345, -0.09338474603044, 0.033888911661188
0.030764181316407003, 0.026936105661990003, -0.053288608154208, -0.08209263638752301, -0.09711432951329801, 0.038932391277618
0.034276577848596, 0.027009743086454003, -0.064869045720084, -0.080096323760588, -0.080091954597305, 0.033079294553180004
0.035236723484134, 0.028601951781691, -0.060552827291286006, -0.080943947969367, -0.076546390351137, 0.031147802360633
0.025968300869397002, 0.024911565726649, -0.040296283420376, -0.074463118664745, -0.08267203827618101, 0.030572397822706
0.017332544587859003, 0.025495270000981, -0.017120359359053, -0.077010829555836, -0.093211596854385, 0.030471762691365003
-0.019709095579819, 0.029401283713100003, -0.11895578668319, -0.075356231274514, -0.031536172529308, 0.026772950501844
-0.010860875156645002, 0.027778024892605002, 0.021432721755547002, -0.06973144858767301, -0.079393190380557, 0.019397250122743
0.013590884993452, 0.02324015974643, 0.030271003815914, -0.07280300734643701, -0.11396387328429, 0.014826318026429001
0.019191609434123, 0.026310923248281003, -0.16992426921783, -0.074199314533788, -0.094409790819117, 0.034664467270396
0.016065098599781003, 0.025611807767588, -0.07825881647388301, -0.069652705208151, -0.10336226351143, 0.029866061376175004
0.015521836145055002, 0.027496873304400003, -0.044395024586087004, -0.07684327386915901, -0.09611191461484901, 0.018654243456772003
0.018777583246753, 0.028928038391071, -0.052172767362501, -0.071805563518333, -0.095218264322685, 0.021023652880453002
0.022359229156130003, 0.029209083896105003, -0.050725034622548, -0.081584171536784, -0.09937911038238201, 0.024926413449680003
0.020752278647991, 0.032021744876687006, -0.09018607506628001, -0.079437753477246, -0.094620466159074, 0.02622903759648
0.025880704791968002, 0.034942685612056004, -0.056448450955736, -0.0780691719023, -0.09897890472430901, 0.028122213532347003
-0.0009889789197785, 0.032938088240382, -0.031060432938137, -0.06722088832859001, -0.10366701444699, 0.028844713519877004
0.017400204687202003, 0.03205805703353, -0.032276458918288, -0.066696044222221, -0.12482239350199, 0.027588820603691003
0.0047283656112781, 0.026079527510513, -0.12500035023046, -0.06080978146630701, -0.10223077932681, 0.025237849318953003
0.0005792617298818, 0.024236778830997, -0.079731277367886, -0.06418082480944101, -0.1118969276934, 0.035092401794421
-0.025280319427149003, 0.029662791709541003, -0.054446781710514, -0.07590258148216701, -0.11994075229783, 0.040276077700916006
-0.0071615769911188, 0.030853551600413004, -0.07889616986063101, -0.07213776665881301, -0.08844057268510801, 0.038284312969928
0.0059904471439684, 0.032214611582234, -0.031922177456942, -0.071466807287259, -0.10874924026429, 0.034839821188497
-0.011848356743416001, 0.031846649356884, -0.10703873646421, -0.057420176663751, -0.10926356808586, 0.035980029648749
0.02694547034506, 0.035563723343665005, -0.070811929035208, -0.063065616612684, -0.1224862044244, 0.041145062482320006
0.05206179720291201, 0.037130276447500006, -0.16784473952841, -0.061210019063723003, -0.14769085021683, 0.038345788518804005
0.0050981956839616, 0.034020631021872, -0.014090870575570002, -0.056849883904705, -0.17135376672912, 0.036106582701413
-0.0072007788204949, 0.031111429515849002, -0.19166086584443, -0.029870185950632, -0.14110860290922, 0.033281729339907
-0.022120024894201, 0.038062724370521, -0.09212017922886201, -0.025814331250054, -0.14310596240525, 0.049291710443202005
-0.032431079369698, 0.08292606626712401, -0.41831849119307, -0.0010544546572264, -0.074822844733751, 0.088425798016755
-0.0070534425280001, 0.049058169872716, -0.20915856678133, 0.011206383478408001, -0.11904637628649, 0.07232316809868701
0.026328232111179004, 0.038546649088126, -0.30426710055484, -0.015079885750214002, -0.13737862555587, 0.06151468439561301
0.017133556539593, 0.013589645326904001, -0.17022659039175, -0.015174836378830001, -0.17580218700437, 0.059354017643265006
-0.09915982856258501, 0.0081134875564085, 0.24332186282053, -0.011957867749526, -0.12410707668968, 0.056022925831538006
-0.019463285983146002, 0.020670356611521, 0.12551601866649, -0.017139033189174, -0.18113051425765, 0.049131226745584004
0.08035703423404701, 0.011827746255734002, -0.040603427214778005, -0.012616106080238, -0.22613443138588, 0.051527271760969
0.08384905169355501, 0.022058034990927, -0.27399148192414, -0.017224634604666, -0.15096838430556, 0.050357472411132004
0.033715393486494, 0.017135326540926, -0.17621930760778, -0.019142482338033, -0.12794705636264, 0.041025471220569
0.081962708059079, 0.019709969495014003, -0.19162362567928, -0.011980601795161002, -0.11383940896971, 0.049419064016449
0.09465406290235501, 0.02205253484074, -0.22305313943154, -0.013359490304619002, -0.13762606895262, 0.043978157455488005
0.07445001209657301, 0.014451421472191, -0.18549737790296, -0.013764158075476, -0.09956221573266501, 0.04888391326534
0.05367293374188, 0.012379615876422001, -0.09209978626672101, -0.011162313295961, -0.07575059552836101, 0.048427295638076004
0.06592265633225901, 0.0084658006680356, -0.12610903735937, -0.010427996911125, -0.0829605776848, 0.050112525964183
0.07424007475418601, 0.013061281516902001, -0.16636713153646, -0.030649076438863002, -0.05510702075572901, 0.024894624399197002
0.06575632364606, 0.0070233427479832996, -0.2746679510292, -0.025174996346615002, -0.08031512913062, 0.029233002117608
0.038076137682635, 0.0071163669635158, -0.25707160402152, -0.025504722185308002, -0.091564367219817, 0.055126101185531004
0.024620968790960002, 0.0086229699242634, -0.17230512786877, -0.019263766798843, -0.08996801676285501, 0.05420123228149901
0.018634524913022, 0.013904084022272, -0.1674011796135, -0.033401337107739, -0.07095822646901101, 0.037934026437044
0.001118473261285, 0.011108796971362, -0.10966965587915, -0.020898875305894002, -0.04581465670799301, 0.048710844190295005
0.052857484965417006, 0.013924599184069, -0.1433953175731, -0.030083801397250004, -0.06937524484341301, 0.05145516524336401
0.040557569306459006, 0.012046122882469002, -0.17543576179626, -0.040933937854264, -0.06581847171947801, 0.051999681792156006
-0.018022643170317, 0.012421628525924001, 0.13497437441756, -0.012967238781861, -0.07162050465462101, 0.049881743301171004
0.017927940345733, 0.023129089790933, -0.07535099121963401, -0.017061074438292002, -0.07524275839225901, 0.052856559909250006
-0.0069429954160831, 0.017189190639878, -0.15899282884279, -0.021137635414884, -0.088007628343163, 0.055315599978204004
0.017498403857526, 0.02945792157427, -0.19741048980152, -0.0052938060638195, -0.07076482844251, 0.07516587238115001
0.011588180945075001, 0.018303812981922, -0.17936912539189, -0.0025798906470932, -0.09993456297401301, 0.066482505195482
0.040093506869744, 0.010325326932307, -0.10281428680238, -0.0017489286961215, -0.10272389161537, 0.064522404618798
-0.028245902331553004, 0.012731512328080001, -0.023804172191446003, -0.0047415434944031, -0.09705495848803601, 0.06279826966485501
0.041491868223272006, 0.01593927477222, -0.10148455516934, -0.011046294139129002, -0.11610761696806, 0.06702228822106801
0.049617016565957, 0.009662427116806099, -0.13654914452488, -0.0023719829736234, -0.10819227913425, 0.071741803745191
0.030353704892461003, 0.021576397619793002, -0.05207135433348, -0.0087279837482161, -0.13555138205258, 0.076521401862923
0.045614293529512004, 0.011384573646039, -0.10284676933722, -0.010444101536225001, -0.13219909326408, 0.071662552417966
0.026168226722910002, 0.013693844332451001, -0.030503438377016003, -0.014517033918716001, -0.15450422064748, 0.069684163897283
0.05834394860808201, 0.013950846273753, -0.19208261169436, -0.0038431473293261, -0.1514066238033, 0.078342120464213
0.037012781885502, 0.016904966847139002, -0.16746080425204, 0.0039448869885934, -0.13795997365632, 0.07774156944992601
0.037839669011070005, 0.01207675721143, -0.089040757999296, 0.0018333097206388999, -0.12865445623219, 0.075509628392516
0.050381334275453, 0.014821593688111001, -0.083084589212101, -0.016099444824739, -0.10836645308198, 0.05947680768371601
0.050195762573672004, 0.023082819149495, -0.12571095163961, -0.021407170199096003, -0.1018757275425, 0.063002945319286
0.038772475695082, 0.021679346262463, -0.14056077157302, -0.026704253085734, -0.09909619944105001, 0.05894238434698001
0.036355299923212, 0.020889244714093, -0.11249263118688, -0.015486833462590001, -0.09744862689573901, 0.070261065763355
0.012602460284872, 0.014199864456543, -0.16204130386629, -0.009708622674042799, -0.062954779873828, 0.06856555403049601
0.024102205311079, 0.007938679759956, -0.031802970745448, -0.0058274419784825, -0.052461064249718005, 0.05937634915743201
0.031247128740037003, 0.017316114264500002, -0.11250404627845, -0.010292437763511, -0.03955855960006, 0.050048675340407
-0.010612143544947002, 0.0077750686720775, -0.13028876345981, -0.0077144583163478, -0.070489583673604, 0.04510078024830701
-0.038493893730734, 0.011531151114458, -0.31308929977017, -0.018140301752939, -0.067053004538698, 0.054994846633284
-0.019248215584437, 0.0097573244645147, -0.23541126602326, -0.015374971014246001, -0.081599186228028, 0.044252117743188005
-0.0092210137229983, 0.013366977666448001, -0.16976730537834, -0.018177516179144003, -0.085088812744346, 0.050156519358672005
-0.024087081368651002, 0.016099450735642, -0.068369549830206, -0.012377199129151, -0.079986684481887, 0.055625151526477006
-0.021254562505638, 0.024112082654803003, -0.10508037537722, -0.0008106067413157999, -0.08333866796272, 0.049308434077547
-0.010341910350868, 0.029015103840415002, -0.10652780043794, 0.041846113867043004, -0.10204746191333999, 0.036180279168505004
-0.087620729931145, 0.06661720006258201, -0.1789803644191, 0.068395659670787, -0.049168001390404004, 0.088718076160789
-0.14738929039979, 0.04797709923140701, 0.054799610666225004, 0.015386166407262002, -0.049082088089092, 0.033359959362933005
-0.054168151690191006, 0.057246840373453005, -0.0064529067527675, 0.0049300976431165, -0.016453746616687002, 0.0080683035739566
-0.0056301089037861995, 0.048743582493046, 0.0014378255227077, 0.047986369943904005, -0.026927449970177, 0.035466818897602004
-0.056339076429111005, 0.020224474744597, 0.044217599446306, 0.047920916506765006, 0.0031529256477008, 0.10025860569726
-0.12125924684413, 0.034323769568955005, 0.19183815440509, 0.17375985962988, 0.022360902974127003, 0.15553970982863
-0.19485777192741, 0.019571101870158, 0.06922115201395501, 0.21497925933074, 0.022869285640258002, 0.2260205362173
-0.052453498549805, 0.085370483191855, -0.27767126904385, 0.15760581861786, 0.22453951417229, 0.2804563771941
-0.028195010106691003, 0.1378080862273, -0.95987950202235, 0.26548657832097, 0.66579212510549, 0.44427387081304
-0.04689877802577801, 0.17493705785187, -1.4092391978076542, 0.35898420012002, 1.0532439524054893, 0.54507751668047
-0.049240446989195004, 0.16854079772952, -1.7217890029846283, 0.40048201773395, 1.3881552984483698, 0.47893098571412
-0.060239865026693006, 0.16280333923371, -1.7344095619945352, 0.40801674999335, 1.5360187481557377, 0.40073072038845
0.10962791377731, 0.16146362560326, -1.4891059700079925, 0.42653097422462, 1.5436801656817885, 0.38646734248268
0.18747744853558, 0.17396854905611, -1.2740024498660212, 0.43708452871977, 1.458262525204942, 0.35067254503445
0.17744680172125, 0.22093574426738, -1.330806850897396, 0.52867327592655, 1.5139056379947404, 0.36844555265619
0.17819476071727, 0.2092678896622, -1.241026575719981, 0.51199085474621, 1.4780303548602136, 0.30670802174474
0.1984481450756, 0.20517702656157, -1.3385379045179, 0.46183905761406, 1.484265608865263, 0.29123171899718
0.13165481431055, 0.19283335176935, -1.2942418053581737, 0.45117337324382, 1.4488416791654215, 0.30528250342712
0.087335284049012, 0.17724810278482, -1.0418765555961857, 0.39422550260784, 1.3115960199299055, 0.27566237246356
0.049362786833040004, 0.12911794290341, -0.74272370491069, 0.33146177343053, 1.1533151790533585, 0.23535307079272
0.029268547070255002, 0.15385983585069, -0.62602921303265, 0.20210349631748, 1.0251595757988496, 0.24319634214084
-0.06891788304961301, 0.15039018718134, -0.16461759796183, 0.22047541020145, 0.78574092906767, 0.23881714434049
-0.23568297711086, 0.14748183755376, 0.44908968508056, 0.20713388660618, 0.53065605680141, 0.18044278991859
-0.20674706868311, 0.15736838533726, 0.31861607883834, 0.19162474216045, 0.40163777832265, 0.15192361919689
-0.2001290676097, 0.13384254683538999, 0.19730131999812, 0.19412379091567, 0.39302711348487, 0.14877484141062
-0.18110194299014, 0.12403087499067, 0.56634344182817, 0.16474989918057, 0.32023319197532, 0.15059927185056
-0.13005545747432, 0.10376110422442, 0.25890868512791, 0.1593792066691, 0.38784748671984, 0.14920197105405
-0.077498766357252, 0.089624160575255, 0.19643914537946, 0.17771673980248, 0.39899632618778, 0.14156173525268
0.016766135500687, 0.07770002525402901, 0.0067032084423107995, 0.18148534887013, 0.46313920508031, 0.16837824020386
-0.014268203403862001, 0.07989513450744601, 0.020849747718017002, 0.1735071876764, 0.41906877196661, 0.16335396872557
-0.018531645183432, 0.08470120806376301, -0.084802035694299, 0.17393322821428, 0.3765470922043, 0.16359131992939
0.0051507102184605, 0.075362188151202, -0.05168911989338, 0.22695974790084, 0.30987059111067, 0.18067577892414
0.013606741166863001, 0.087860330590704, -0.10701162549745, 0.23006354503674, 0.32230244186471, 0.17851959578128
-0.027608492764453003, 0.080758270484191, -0.19834774041849, 0.26633240338633, 0.31672203282808, 0.18995149450552
-0.04789415600749, 0.056816694293263005, 0.019500417014564002, 0.27767861038362, 0.28308085410957, 0.18521190837218
-0.022072309567238, 0.10922318314078, -0.31286338171172, 0.21674097067453, 0.27585491171559, 0.2129529948356
-0.098180615713127, 0.086370506302019, 0.11303668218813, 0.25656861951314, 0.30748335172999, 0.19973532013425
-0.033148223933582, 0.074004739321901, -0.19173247942961, 0.25833370638003, 0.35550561136453, 0.18872321095996
-0.043511324368037, 0.05959445751936401, -0.10427331407646, 0.27316026211348, 0.38058956450198, 0.19842404498604
-0.07473543208684501, 0.056597102990843, -0.021867987507002, 0.23794630936649, 0.36938633944139, 0.18374390548271
-0.10555485989871, 0.052896020921647004, -0.14456332286328, 0.20961776385885, 0.44637141596626, 0.1649253782841
-0.055959838662267, 0.06548912709857001, -0.13177600886119, 0.24804336852364, 0.43384907290913, 0.18759610947589
-0.027090055168841002, 0.062591887791202, -0.21118434190852, 0.22297185257411, 0.46180511289601, 0.15868451516702
-0.00629491644593, 0.069863702097918, -0.24180498436659, 0.21055509983116, 0.47395376953102, 0.14645395524635
0.036524283387226006, 0.05874105549367901, -0.28935992799194, 0.21858002984751, 0.43031420307823, 0.15045973912854
0.068771733002795, 0.05463030991502701, -0.30796162632302, 0.21436930140561, 0.41930472551306, 0.1557581102122
0.05523610965558701, 0.06298751498157901, -0.3499106961743, 0.19951603885281, 0.45181185927718, 0.16334624759867
0.0081469138465871, 0.063169997250981, -0.29575366194153, 0.19834932415003, 0.4402858453843, 0.16243643746782999
-0.011806773522745001, 0.064467907950192, -0.36510229028516, 0.18143109995221, 0.42558344055801, 0.14032783204982
-0.023964150712242, 0.058950396700654, -0.32546636444884, 0.1749899367909, 0.43572732688575, 0.13662621844942
-0.0051089671569759, 0.061450854709133, -0.30453023037182, 0.17224483181856, 0.43834242709480997, 0.14222803360415
-0.031143878799607002, 0.06048974093939, -0.24695798761411, 0.18015010046813, 0.42678215503411, 0.15324329059811
-0.06084163428086101, 0.06208182173962801, -0.10751388252316, 0.18099928492171, 0.41353979752959, 0.17002841808914
-0.06654950968100701, 0.060419458165362004, -0.096783132779683, 0.17476277601617, 0.39260892632954, 0.16814641159873
-0.05798745875587501, 0.049460997985721004, -0.23029972667997, 0.16044747859859, 0.38467752911591, 0.16750892622024
-0.09200903000176501, 0.048583938942084, -0.32742482285446, 0.15306784093276, 0.35993450089525, 0.16634178625679
-0.12371985135962, 0.045724822868355004, -0.30480769170974, 0.15822467965799, 0.39243900834157, 0.16372187846522
-0.15244367367682, 0.039221995325036, -0.21673300958639, 0.13611296515755, 0.44106693875441, 0.15251276719423
-0.11026761021221, 0.046732569904912, -0.20294482165679, 0.13392178148108, 0.362424163568, 0.16081910067202
-0.081385873261325, 0.07942376503824501, -0.32189793010406, 0.17775655025668, 0.34275857109787, 0.20267375206659
-0.19488455841439, 0.11303820649162, -0.033720129029234006, 0.18941894628628, 0.27892924945838, 0.22392316797092
-0.12758629118225, 0.045565044148112, -0.22580585380694, 0.18847483563087, 0.30076822314927, 0.13955142173648
-0.025844562829000002, 0.0036351838215658, -0.24346091113552, 0.18130456485301, 0.37661752655078, 0.11170912931216
0.0008311548618211, 0.0055039822442644, -0.31789914638409, 0.17795234190843, 0.36950679112612, 0.14041852089908
-0.060217780365086, 0.035766149696409004, -0.030337788653025003, 0.17583816746746, 0.34209337044568, 0.1889421955823
0.027703579064515003, 0.049360503404166006, -0.23399764571846, 0.16729291322457, 0.33403967744742, 0.18943474894557
-0.0052625712544872, 0.033239075233036, -0.27136496288748, 0.16206766380282, 0.33655567101293, 0.17385450894605
-0.03682960165493, -4.155040486e-05, -0.19705970551266, 0.16357298961793, 0.36104822716229, 0.14545389464761
-0.033850038915814, -0.038795831539515005, -0.21548799270077, 0.16652307376617, 0.33071362818888, 0.099300222525647
-0.084157200065944, -0.046989933069121005, -0.0006130255565755, 0.16305392638309, 0.29820275800708, 0.10893687536545
-0.033382069696221005, -0.027674385449244002, 0.060215659231155, 0.17214683900021, 0.29215028467619, 0.13449812379888
-0.05720543656898001, 0.08136503862186101, -0.073998062656287, 0.16493353269009, 0.29029380687355, 0.18850854616487
-0.11581129083814, 0.073133725155822, -0.03718615741253, 0.15089681004028, 0.27164408687727, 0.20383789549629
-0.09548412852231801, 0.037880044873682, -0.07077015089331201, 0.10653394728374, 0.20531163279574, 0.15374547824157
-0.09238643748469601, 0.044246484692744004, -0.160413141114, 0.10910121391578, 0.1640963593302, 0.14620577853181
-0.057275038260026, 0.037239413688607004, -0.12531720678087999, 0.11902967327665, 0.16038552499699, 0.13705087901344
-0.068962710148863, 0.052692360547605004, -0.23098739389279, 0.11539769036722, 0.10511304167406, 0.16689460430771
-0.06457452352756801, 0.06294639813291701, -0.42246100564014, 0.095061562646193, 0.08766400429392601, 0.14331826605561
-0.077631176381596, 0.05552998674396101, -0.46722593659539, 0.096467840550885, 0.12805985768289, 0.15122938405681
-0.14423115088162, 0.063785630640458, -0.20136968460845, 0.11767638172143, 0.16924953619043, 0.17776057359474
-0.087753223424908, 0.054947162333645, -0.23083546444246, 0.13125235838919, 0.19729472227502, 0.15985514701368
-0.040845769308725, 0.044590351530522, -0.31669767647076, 0.14627647884643, 0.22576117760848, 0.14049627290481
-0.03257418617193, 0.048954872831702, -0.36219140695335, 0.14829561859952, 0.24006808433929, 0.1536848275405
-0.06797407479499501, 0.05206963821571001, -0.2996217917019, 0.14764196222022, 0.248029044109, 0.15762999165912
-0.033075170827799004, 0.045744844790892004, -0.29940098387269, 0.14142058205829, 0.23639885179216, 0.15369658891688
-0.015336911160916001, 0.04457827909095401, -0.35686440399415, 0.13752542078324, 0.24772924793708, 0.14238490562894
-0.035742667288915, 0.047021974476321005, -0.33600042860522, 0.13112125862892, 0.23306725092478, 0.14468923968686
-0.044903982431857004, 0.052660873432674005, -0.31266498091981, 0.14411269265777, 0.23805735384848, 0.14305026786571
-0.10196133688218, 0.058112192678197006, -0.24266014389642, 0.15348708484775, 0.27713356202103, 0.16255801018766
-0.12000122661927, 0.05712777427667701, -0.085253503704125, 0.14128719093357, 0.29607815166251, 0.14395549166757
-0.07982735421859101, 0.044320275570255, -0.24904657578637, 0.15350231464102, 0.27337961997783, 0.13752613439755
-0.07701560717163801, 0.042632708834132005, -0.39770864245357, 0.17047924130932, 0.29035112221924, 0.12817032693836
-0.085066772084568, 0.046140813164773004, -0.37953488496588, 0.17201011522403, 0.28371074306028, 0.13737582012807
-0.093742295109875, 0.047684847430355004, -0.37555099065341, 0.17319843654833, 0.2603257983972, 0.14355529116695
-0.080245957147764, 0.05232164094543901, -0.34993189519936, 0.17476832385985, 0.24335982032287, 0.1463135724182
-0.080976975266454, 0.054728379631764, -0.29211999105649, 0.16041531613986, 0.20150398245545, 0.13268665522393
-0.066124581835438, 0.061701304335271004, -0.31940716586274, 0.1591881482169, 0.21102389805717, 0.11478848567451
-0.09372998845506, 0.06749355346032601, -0.2697040577245, 0.17345211246599, 0.2678459069843, 0.12602032415481
-0.10421470264865, 0.062525021656748, -0.20331680929381, 0.16185924022389, 0.27974127838778, 0.12893854715625
-0.10195110234542, 0.057469743655441004, -0.20820806900613, 0.15507637519946, 0.26651030376035, 0.12325936838236
-0.086452524269243, 0.062550828266238, -0.22793427021849, 0.14781561556344, 0.24520307719012, 0.12354922665316
-0.08212707188387201, 0.06582332786551101, -0.23654313966573, 0.15123655470752, 0.22522470766207, 0.12377972280378
-0.079337076575098, 0.07357974454054901, -0.22659064772464, 0.14276881434649, 0.23522363199027, 0.12736948083123
-0.08627439476080301, 0.07331134635634301, -0.20251578322961, 0.13793023229383, 0.23525876493983, 0.12570632219886
-0.080620864432493, 0.072655603912767, -0.16459013383414, 0.13795144839595, 0.23412374750191, 0.12633372789017
-0.090941273772784, 0.071241584556766, -0.19005808470288, 0.13909810688849, 0.22365298933324, 0.12355067651627
-0.09962326275719101, 0.06299178446818901, -0.20762333871295, 0.12860735634007, 0.23270488841047, 0.12005275988654
-0.08759309610171201, 0.066267540215527, -0.20921988120492, 0.12648948560497, 0.23809746071103, 0.11842123155805
-0.09700486862849501, 0.067855378159207, -0.21375394493563, 0.12543449347913, 0.25248994031148, 0.11335198483295
-0.074658390221748, 0.06981444637441, -0.23532559597871, 0.12375442271099, 0.24386461366129, 0.11807788603915
-0.06169995666365401, 0.07908566654483401, -0.23487900953350999, 0.11194375128003, 0.23929313273384, 0.11647114401936
-0.06636053461680401, 0.08401110266671101, -0.24700795319715, 0.11824541544457, 0.26127948641033, 0.12601502471516
-0.057306503213264005, 0.09013843153504501, -0.26264167993231, 0.11215922064781, 0.27833200117302, 0.12662305938234
-0.05864776556512501, 0.08919054712077301, -0.250016558903, 0.10102971289588, 0.26954579640849, 0.12002413568355
-0.042748765945780004, 0.09048059072306901, -0.18429376206909, 0.10988014943196, 0.284734053563, 0.11968255898674
-0.040985397927689, 0.09357257656216501, -0.21812247310936, 0.10198873638485, 0.29141332206237, 0.13284603726358
-0.038118315398679006, 0.09180310559695401, -0.16280686159249, 0.092594732498674, 0.28920155346255, 0.12089907588314
-0.059995577087408006, 0.09664795494962, -0.098291928481125, 0.093673715847071, 0.31312113674754, 0.11333903775035
-0.090762626789693, 0.10189060106406, 0.029104699347133, 0.09707262567407901, 0.31178131858041, 0.11355396817715
-0.053360891220895004, 0.10994687682571, -0.018236283354701, 0.08410354850505801, 0.28173559851281, 0.11845881361029
-0.017916957821276003, 0.10840294850792, -0.068447771290818, 0.07967297865455701, 0.26261698927184, 0.11544439976701
-0.023498225846121, 0.10130678810792, -0.12130797383316, 0.06413968480229, 0.26739844651571, 0.11610172569346
-0.072183001384671, 0.09469717180377901, -0.023190772259471002, 0.07002424393891, 0.27049367037155, 0.12016766408297
-0.056209571838950007, 0.082327032596248, 0.011134473289199, 0.066381516147431, 0.23663055760549, 0.10876652906360999
0.024136169841104, 0.076226471823765, -0.23055462662195, 0.06438994712962601, 0.25911393951906, 0.10682214018492
-0.006677204103366, 0.081434947591404, -0.17826065925648, 0.05992005718725701, 0.26339875630431, 0.10993428397665
-0.024399095999779002, 0.08877425595376501, -0.1471291267178, 0.057269650974324, 0.27644508512983, 0.11041870478294
-0.035745053070583004, 0.08956105507927001, -0.11554798210233, 0.06098326331176, 0.27147668539706, 0.11340659680811
-0.046653283399652, 0.09098668145208101, -0.11412974407042, 0.05851113316906301, 0.26317018877293, 0.11640338594983
-0.032751259678598, 0.09155985036448201, -0.12584649008672, 0.053337187891754005, 0.25833773981033, 0.12333999492914
-0.045625459323502, 0.091129964853076, -0.12762726295747, 0.056725315628121005, 0.2540747898231, 0.12548486514701
-0.10229456454945, 0.09447241385124201, -0.045882829595160005, 0.055479810342953004, 0.239084665442, 0.12412531086029
-0.04902022497347001, 0.090847987390324, -0.22444008707001, 0.05389779210291901, 0.23550804476468, 0.11441247275533
-0.07112153210149301, 0.08579538265261201, -0.18877987133438, 0.062871683273655, 0.24471130171616, 0.12883204914055
-0.067140890754568, 0.08404259222926601, -0.18361589335471, 0.061059277014923, 0.24027625316791, 0.13066185682609
-0.08229065040403101, 0.071758955744686, -0.12686147196462, 0.07436452420719501, 0.25194997441695, 0.12366067194511
-0.12972853769743, 0.053783515210158006, -0.027603398587544, 0.09266183473089701, 0.23245153389357, 0.11068479646478
-0.11878420086786, 0.064987949302154, -0.06681487081262101, 0.09763783520419, 0.214562073785, 0.11574515815763
-0.062313142255568006, 0.077786524382027, -0.211871065796, 0.09207436210577101, 0.22978592729856, 0.11206955645421
-0.06474809215895201, 0.080861447612216, -0.16013202743273, 0.083553396366266, 0.23312563640659, 0.11921054939335
-0.08015008517272201, 0.083751496762444, -0.11749042797567, 0.079782589696722, 0.21484405170587, 0.13110567903679
-0.08776066972499301, 0.082937319660749, -0.13266177726433, 0.07360952985635101, 0.2075077825036, 0.12673595718534
-0.09282447326819501, 0.07906107204137801, -0.13671201546255, 0.065772693739302, 0.22953475762787, 0.13558385388038
-0.09624549106935601, 0.08596041438731, -0.12646526247594, 0.05907259871314201, 0.21185074792406, 0.13078546748117
-0.07147214001872501, 0.088842229562407, -0.1356664280465, 0.06051302389995201, 0.22208859616215, 0.1314749973562
-0.08819494653868701, 0.09066990959807, -0.14752852743469, 0.056324501686356006, 0.21597013847652, 0.13668048958541
-0.10012910342092, 0.09510445896237901, -0.14584660752154, 0.057773697539110005, 0.19636195330075, 0.14106691104277
-0.079801174029324, 0.099090184026019, -0.13450482408281, 0.05404241852489201, 0.2082449371487, 0.13675828934705
-0.085867443730282, 0.10033043736976, -0.1110851572312, 0.06030099882875801, 0.20844981897602, 0.13899160092706
-0.080440697537995, 0.09132398263394001, -0.059830890598564, 0.06936386778148, 0.2302795621939, 0.11981019095109
-0.06247515546514801, 0.08873718524000901, -0.0085423400760936, 0.07458781685274, 0.23349514841946, 0.1232088210483
-0.05094618430455201, 0.08993396959241201, -0.095942596079208, 0.066607639672472, 0.27263610561761, 0.12651421102741
-0.06339554909544301, 0.09171774454912601, -0.032435236808028005, 0.05896631176906401, 0.25802884355506, 0.12636682492076
-0.045350628806023, 0.095809827725675, -0.036778523932032, 0.052333278634575, 0.28094637933404, 0.12650864125831
-0.031533323581177004, 0.09643632655381501, -0.047719799618307, 0.051758942902916, 0.28206320512974, 0.13609625563017
-0.028178675941098002, 0.10025835607203, -0.040408328345015, 0.045275736095037, 0.27182351257623, 0.12938577787198
-0.020713484126533, 0.10629803878493, -0.032750235575339, 0.04624486376224601, 0.27394373344191, 0.12930948595053
-0.023421393008182002, 0.11003450819553, -0.019988092735193003, 0.046417520095852004, 0.28309007214915, 0.13735421668931
-0.059716107184951, 0.11386759248755, 0.030032633154489, 0.054162478698080004, 0.2925525674378, 0.14109130967804
-0.043026425804165006, 0.10600270004354, 0.020385435639646003, 0.050318750740308005, 0.27932943325091, 0.13197762792525
-0.039088232007502006, 0.09980469954212601, -0.045372256566375, 0.039879712408005, 0.28669368514598, 0.13489196999712
-0.044694628243723, 0.10153138360036, -0.027505394310843003, 0.041161182629661, 0.27685251378366, 0.13520052564494
-0.040204442995527, 0.10646575784723, -0.022708896019614, 0.033320987071216, 0.29365936060018, 0.13409825019521
-0.043527656987484, 0.1080783600335, -0.032425042018433, 0.03557138446472, 0.29354625925258, 0.14005243845211
-0.040927983001672004, 0.1102285090469, -0.055369655111941, 0.023427307100876003, 0.28555073265824, 0.13337401958687
-0.047522124878549, 0.10813425499992, -0.071727013171826, 0.027215126194128, 0.27980285607238, 0.13690901865577
-0.048405675357604004, 0.11305897114747, -0.058615094346393004, 0.028661378678996003, 0.27590426821278, 0.13184773174995
-0.066513325193086, 0.11062750817135, -0.011594432002285, 0.037337219168360004, 0.27728592599882, 0.13115059370825
-0.052378620348406006, 0.10897262265554, -0.087852231422229, 0.036533164716675004, 0.29027555696232, 0.13268330099482
-0.055712453225149006, 0.10629707079538, -0.089283665759029, 0.039060158372140004, 0.28667406254377, 0.14085895006435
-0.054407943573631004, 0.10397650810665, -0.092717761797538, 0.028313354866894003, 0.29131401958461, 0.1379647354437
-0.054483020730151, 0.10783900006719, -0.093205749968762, 0.026153120806684003, 0.29987424472148, 0.13695346152764
-0.052118754095510006, 0.11110323283535, -0.10220374908854, 0.029828426545253, 0.29959212867426, 0.13883500833747
-0.059940553507955005, 0.11478499012743, -0.083776943908985, 0.02248353559005, 0.29522861278776, 0.13231460765552
-0.034669583933777004, 0.11939315888397, -0.076993507284591, 0.021719319247615002, 0.28969053496034, 0.13565480288928
-0.052473862170547, 0.12264557569728, -0.066543960165694, 0.019796009164874003, 0.28729027386757, 0.13910768329652
-0.073218215633491, 0.12035138113164, -0.031398755240202005, 0.030635475225631002, 0.27745468546644, 0.14474393634731
-0.047962043618625, 0.11774639070018, -0.0014991224191236, 0.027323854405772, 0.25204453620093, 0.13541526890489
-0.031196531091921, 0.11190494230931, -0.19396058096876, 0.021392996949748003, 0.28881318757665, 0.13262759264136
-0.047567641988161005, 0.11251361009274, -0.12419375083748, 0.024764795434970004, 0.27510097754982, 0.13417479415801
-0.046145236541485, 0.11187292206912999, -0.11951165209513, 0.021020612855175, 0.29000329536603, 0.13587239114967
-0.039264855514574, 0.11725701303089, -0.12448507095297, 0.021719182414025002, 0.28599642270679, 0.14095315371928
-0.038040144815644, 0.12211909654638, -0.11138764985068, 0.019388716735554, 0.28267894680123, 0.14150856609154
-0.06409729351498601, 0.12183343573106, -0.20603435119715, 0.013150898363193001, 0.32036918517768, 0.14966478293041
-0.05840840434396301, 0.11951737288445, -0.099594340285499, 0.024576937348644003, 0.28344475715731, 0.1397702888032
-0.028641351142983003, 0.12630058487967, -0.08183111589513001, 0.010843375593933, 0.27014034738055, 0.13935869500165
-0.071438926240338, 0.12170894994547, -0.017634422066712, 0.027793945464669, 0.2397502110031, 0.13701953312946
-0.021881840926614, 0.1220954566288, -0.10253073548076, 0.023464421629906, 0.24351236337776, 0.13747482496356
-0.036305325664026, 0.11788406675562, -0.09434712750460801, 0.023838198676866002, 0.24418208260159, 0.1398747921529
-0.036896887952170006, 0.12120171694227, -0.082921283760539, 0.016740937432313002, 0.24118255320042, 0.14472638905478
-0.030489735949268, 0.12342135862773, -0.082904006086795, 0.011998261479873, 0.25388818945953, 0.14447303127558
-0.044235706680282004, 0.12039501945058, -0.09507591298251401, 0.013909850360430001, 0.25011329454425, 0.14689260722454
-0.039407431128545, 0.12538109723685, -0.06303784847570401, 0.014388598519674, 0.24123573956901, 0.14474719228155
-0.031843213383185, 0.12811115708391, -0.08108716443567, 0.014428532764703001, 0.24893169873678, 0.14877574996397
-0.034648063333024004, 0.12986492058636, -0.07976522672993301, 0.012107401109467002, 0.2461402885309, 0.15066169561104
-0.042612940760442, 0.1295293788348, -0.07668227136580401, 0.013488458082496001, 0.24342327203404, 0.14414011809544
-0.048688743427578, 0.1276134981717, 0.0029144200666585, 0.021227661556853003, 0.22273516543871, 0.14022129091071
-0.030537807554291002, 0.12458440724487, -0.1639238434688, 0.009935389715364399, 0.25978131697284, 0.14376881688448
-0.044090938608976005, 0.12388159046026, -0.09514484574635401, 0.0066867352605796, 0.24583627240244, 0.13649095824543
-0.022821124298666003, 0.12683256314456, -0.08793107890611901, 0.0033744999330921, 0.26364918032718, 0.14060466652596
-0.026988844779806002, 0.12627226791162, -0.13007973404427, 0.0038982624700636998, 0.26693212205444, 0.14155125095242
-0.034067215029632, 0.13106610045885, -0.10768178780489, 0.0018536385313661, 0.26416524889673, 0.13599043465735
-0.030548729034173, 0.13219827415826, -0.09277710003320801, 0.0037056353835261, 0.27341028265974, 0.13707274502247
-0.041156639882157, 0.13266847889563, -0.079674686304865, 0.0052376461785942, 0.2826876269893, 0.14206350747129
-0.047694690052926, 0.13295796928886, -0.079464194161348, 0.0091152442584652, 0.26196005555025, 0.14744864510074
-0.097954459558639, 0.13029901366443, 0.11060276246897, 0.011819859128232002, 0.25134417769717, 0.14683715306744
-0.029914690977735, 0.12911417496242, -0.11011243604393, -0.0034449819250431, 0.24766581689508, 0.14219885691819
-0.021420129055325, 0.12381130413053, -0.11486136805069, -0.0007776687664474, 0.24405901709818, 0.14093081161643
-0.030563370267117, 0.12348993168561, -0.10139132657496, -0.0041552252135941, 0.25071295871834, 0.14422673636563
-0.0353606844534, 0.12452379412925, -0.11146913014301, 0.0003358073702854, 0.25658225672168, 0.14820733322127
-0.05950802918081401, 0.13119454875097, -0.1275884980634, -0.0083905758379478, 0.25935533503167, 0.15228367754915
-0.055609078566319005, 0.13968080929258, -0.048574693778748006, -0.0082187730529241, 0.2344902542387, 0.15824568951831
-0.043920408846555, 0.13331814886501, -0.039471113782440004, -0.012557295106748, 0.22969108252293, 0.16308244182382
-0.057649796363466004, 0.1371589532095, -0.040724285297555, -0.011453909173011001, 0.22194700857264, 0.15871355446047
-0.085897340169569, 0.12904355423936, -0.04700920302784, -0.001433161025871, 0.23297402045656, 0.15278578957475
-0.057920333653279005, 0.12414686897784, -0.038814168713167, -0.013419909684752, 0.19225002428867, 0.15283203465424
-0.0034529344412706, 0.11863457585086, -0.19808141529318, -0.013200361994394, 0.21394770131065, 0.14452709940014
-0.024510115047506, 0.11885080958561, -0.12642265975698, -0.013206394314008002, 0.21571948289473, 0.14636314338264
-0.031251946022666004, 0.12363009394357, -0.08622806379186801, -0.015280334729595002, 0.2150578073269, 0.14381879140873
-0.027453782878812002, 0.12599427212065, -0.072403462294929, -0.011037786291605001, 0.21368913683258, 0.15110957974668
-0.046712495327450004, 0.12805879445389, -0.06766013314996601, -0.011499625892482001, 0.20706932849926, 0.15966943151761
-0.040498540619794, 0.13098281421136, -0.050965250014260007, -0.013244955307043001, 0.20208081731035, 0.15251270880306
-0.038070351487539004, 0.13486453191443, -0.051986981365142, -0.016287581789745, 0.19868079074004, 0.15628908374647
-0.033713071286526, 0.13065913499666, -0.09125440421241801, -0.0069995818477616, 0.20153390758495, 0.15995716056375
-0.06916377841044401, 0.12672791189376, 0.0053849046752213, -0.0083226086334874, 0.19105369795132, 0.15296684902203
-0.024110359325011002, 0.12913139549224, -0.10322764179122, 0.004541032150268, 0.17788392753699, 0.15292020567493
-0.039129391777697003, 0.12527506483284, -0.11574257460984, -4.78685369592e-05, 0.18495536681961, 0.1561726944833
-0.033864383528796005, 0.13026537911347, -0.1159216065281, -0.0095230975011945, 0.19049267179299, 0.15618823693226
-0.033921263054496005, 0.13207429481666, -0.099814525985479, -0.0060242554155376, 0.20385880813672, 0.15595289193586
-0.04647223562195801, 0.13227141739514, -0.087213066995958, -0.010791440945795, 0.19500892751897, 0.16004668210405
-0.041986231173093004, 0.13452646934056, -0.072990862465574, -0.0079505485035121, 0.19127058993786, 0.15619809742104
-0.039954657473105004, 0.13774087263033, -0.08315900040745, -0.0097109704647958, 0.19194079923317, 0.15903812125108
-0.048458065226559, 0.13868512032821, -0.07481836907062901, -0.0090092222811114, 0.19307810778332, 0.16020653666646
-0.05812563295000601, 0.13986232914146, -0.056418879951644005, -0.0029786383401494, 0.18248166792763, 0.15258310905214
-0.08084690472180901, 0.13373750007266, 0.06243822330365301, 0.0056111761060484, 0.15747558754342, 0.15499886396186
-0.030565917699844004, 0.13699797083205, -0.17538624980785, -0.0040576911938483, 0.17545463193228, 0.15803906511406
-0.033874277240728, 0.13573014799652, -0.15733081288507, 0.0012915717380966, 0.18021652862064, 0.15534609899174
-0.026577082478337, 0.13733347403565, -0.12493180127727, -0.0056463494444882, 0.18905530338023, 0.15548425507908
-0.021412866481242, 0.13724988642579, -0.12930120852618, -0.0034568442957766, 0.20250288338844, 0.15562150496433
-0.016936783539572002, 0.1387370286091, -0.12753824479393, -0.011662968072883001, 0.20493242674177, 0.15561967378944
-0.043076254304150005, 0.14295085757144, -0.09133678951146301, -0.013540954675889002, 0.2024292044654, 0.15615709864849
-0.038189002767889, 0.14061524968745, -0.11318658587863, -0.016362931304055, 0.22733322954851, 0.15275465197694
-0.030215617978311002, 0.14084631054266, -0.15554848687488, -0.018388537193437002, 0.23274854353542, 0.1652476382781
-0.047545050829289004, 0.1302337356467, -0.05886215127647101, -0.014256610695560001, 0.20680628011451, 0.16020932965347
-0.011832246999079001, 0.12393099507825, -0.16380537283701, -0.0280549261224, 0.20003292059001, 0.14947679940868
-0.020146042529256003, 0.12039567752754, -0.078053544903459, -0.02605257290095, 0.19872877085163, 0.14761928498382
-0.023568966788419, 0.11988105680444, -0.081908384567742, -0.028838451071295002, 0.21615208779468, 0.15144594389458
-0.022139482955816, 0.11304008846774, -0.066161460297479, -0.014947142500901001, 0.21846004181659, 0.16223898319126
-0.024512058731130004, 0.11273532126562, -0.066084344893424, -0.0056360590105216995, 0.2174678642959, 0.17439137461081
-0.043799052465943004, 0.12858028922211, -0.031511052712837, -0.010068416284881001, 0.2022313900129, 0.17626338849581
-0.037071252294555004, 0.13209668587752, -0.09641838148345001, -0.028593870662141002, 0.1920038032841, 0.1609844586672
-0.049234349180856, 0.12663884025782, -0.06972346788339501, -0.022763966352725002, 0.18781428208944, 0.14956924801064
-0.027106048648466004, 0.11767212489757, -0.07523344280465101, -0.013388491804843002, 0.17931065827464, 0.15109570995885999
-0.040441665898492005, 0.12526656375721, -0.17984288259171, 0.0014844577179346, 0.21521222618237, 0.16917899670469
-0.051289593700582004, 0.11758690814837, -0.12701400882591, -0.0026558132347668, 0.19883623219292, 0.16819457378675
-0.05415942952458801, 0.12132478112449, -0.22837324022025, -0.019132563522310003, 0.25091524957174, 0.16040985061731
-0.049593795547232006, 0.11813766665414, -0.16213551311197, -0.028511756549741002, 0.21673603694625, 0.14935057141453
-0.038322644624284, 0.11900485833245, -0.12909022456159, -0.029027208533402002, 0.20675528432065, 0.15672323985734
-0.024914077561360003, 0.12333031068052, -0.078414953597864, -0.02680997627484, 0.18432123005772, 0.15877382155824
-0.0083891580949235, 0.12368821661826, -0.12858030192403, -0.020309462888221, 0.19334989544706999, 0.16022882231168
-0.045666853640200004, 0.12483676158322, -0.19164150928928, -0.013870937774850002, 0.16953263942946, 0.16512241073465
-0.046109099089665005, 0.13415179881371, -0.20312543886107, 0.008465398551853999, 0.18993200033702, 0.17374968705334
-0.07329738115522501, 0.13231201484893, -0.15947918715338, 0.0029756760663886, 0.1953706381159, 0.17168987029163
-0.006965190515028, 0.11149734302364, -0.17846623709553, -0.018981579429413, 0.18180347031587, 0.15419875440001
-0.0035719212029824998, 0.11202014061881, -0.19772745900857, -0.029784588535683002, 0.19317340957926, 0.15673985478927
-0.0046044197778774, 0.10637433467441999, -0.17265227058488, -0.022373795273288002, 0.16571086865946, 0.16906689409073
-0.029291020666773002, 0.11372501283939, -0.090409890414925, -0.010738708597256001, 0.16308923030702, 0.17032996362913
-0.048161687521346, 0.12021137844567, -0.06285519996930701, -0.007523691053176, 0.16870088004516, 0.17306025233161
-0.038006662316824, 0.10879213446094, -0.064568075510239, -0.0047932976057518, 0.15956440418353, 0.16451290655903
-0.08742788278701301, 0.09488021056326401, 0.12392606570317, -0.0006306111312863999, 0.14333634939676, 0.16067641996075
-0.021040515164057003, 0.10898157049828, -0.085540903912227, -0.0001676013824395, 0.13200812246762, 0.16893581518535
-0.0055617242252085, 0.12042591209887, -0.2814066720533, -0.00043560958710649997, 0.16002981716338, 0.17211011781435
-0.019933827140453, 0.1216146886157, -0.23572934065561, -0.020617587338515, 0.192875129088, 0.16188360208262
-0.01872831189561, 0.1180949717535, -0.17157660980787, -0.027951900347304003, 0.19338501253874, 0.15367055459735
-0.027798921911185003, 0.11501468987853, -0.21313733915395, -0.024789173162196, 0.18723598787014, 0.15959893920996
-0.0047544157713597995, 0.11808019695932, -0.23426723085847, -0.013809181406431002, 0.18599496468443, 0.17056488916157
-0.0039891768813481, 0.11915806226882, -0.19215815779978, -0.012139183617949, 0.19436752675622, 0.17509595234636
-0.040995615004360005, 0.12357435397376, -0.08977599634333101, -0.0014457131375508, 0.20697515544358, 0.17516706605157
-0.028842892547666, 0.1180096118664, 0.0059757323010296, -0.0086622599158626, 0.18432050637547, 0.16492258934182
0.0075955737521243, 0.11408294181354, -0.17101096724457, -0.01882210491307, 0.1920288986499, 0.1624301208628
-0.017597503333621003, 0.11219538428095, -0.17397858301534, -0.015732163260487, 0.1920372601823, 0.16503522984088
-0.029417080790804004, 0.11358040197322, -0.16165029440384, -0.025955811283698, 0.21606624579796, 0.16452621219108
-0.041643226702781005, 0.11544747327204, -0.18023222128159, -0.019612493915173, 0.22253795799586, 0.173829221951
-0.043722695557394005, 0.12116744495691, -0.15863256926566, -0.016004102078209, 0.20930307343364, 0.17691338129579
-0.07677924478183, 0.12867925433669, -0.06570340019050401, -0.016761713593975002, 0.19785659750691, 0.1779034546922
-0.09135762877188801, 0.12551294322701, -0.009811909451803, -0.015905146910949002, 0.17098953381011, 0.18560887369222
-0.058412747722127005, 0.12034600387393, -0.041308323303878, -0.023741172249690003, 0.15156022610936, 0.17106587712595
-0.034905842405091, 0.11428484676638, -0.22867330103686, -0.027739634550988, 0.15584212605057, 0.16941328941955
-0.044956710025814, 0.11728397872566, -0.22829053961688, -0.036871505066542, 0.18710372687495, 0.16251232610255
-0.025178771135311, 0.11881983732194, -0.17180123642577, -0.034692099611816005, 0.18154915073597, 0.15638068570408
-0.043624874585837005, 0.12100631256766, -0.13283997806188, -0.030102062507408003, 0.17018667302004, 0.15580965494086
-0.054546482776376005, 0.12639679033747, -0.09607404795531001, -0.039527729515309, 0.15995658225929, 0.15974644226445
-0.04986887261876, 0.12328335317355, -0.12687101036257, -0.046818690434595, 0.17681524502983, 0.15330869966082
-0.060545598285819006, 0.12309695628731, -0.14446259135537, -0.04303811587886, 0.17795655390302, 0.15789814582815
-0.067135610902567, 0.12154130750818, -0.046270503405963004, -0.037159294876645, 0.15334730549549, 0.1552723407095
-0.051949963836284, 0.12014167628954, -0.2126321727674, -0.036982568680544003, 0.16260713815939, 0.15732696976776
-0.068536324170232, 0.11964567536228, -0.17614739716915, -0.035951749672875004, 0.1513319427036, 0.15877066044797
-0.068181823437894, 0.1169487502174, -0.15820500511272, -0.042228478883267, 0.13977610463523, 0.16331518268793999
-0.053689596172060004, 0.11885790784979, -0.17588694465608, -0.043400639062717, 0.16830490192407, 0.1666154399892
-0.06807265428723401, 0.12240259711272, -0.16452990649951, -0.044671442054148004, 0.14592019006174, 0.17146511042382
-0.062406247213088004, 0.12348432608694, -0.16193250937604, -0.038343260648036004, 0.1536170500428, 0.17321656240634
-0.060874183237923006, 0.12472982326716, -0.16514075191367, -0.033799881131393004, 0.14238363398778, 0.17325582121535
-0.06301638922608001, 0.13021183636097, -0.12400853049338, -0.039192822584106, 0.14499544224023, 0.16688520832069
-0.10102082285186, 0.1255441762753, -0.13110840404955, -0.037614929363194, 0.12643422347492, 0.17561572935196
-0.052827174693264006, 0.13130701329956, -0.16093286605369, -0.030900369379471004, 0.11653566311096, 0.1669853609129
-0.063830485272824, 0.12626477375491, -0.17970584254151, -0.030279478822771003, 0.11338139724237, 0.16951749339193
-0.054212119790109, 0.12866030349369, -0.17388536671618, -0.033523134116780005, 0.11639064360344, 0.17113506680004
-0.060134878784126, 0.13133402131547, -0.16784458720569, -0.044158523460819006, 0.13281683872891, 0.1722760343817
-0.054530776767875, 0.13127256423418, -0.18007582704209, -0.040962303888664, 0.14701726803729, 0.1731232012225
-0.042136902302818004, 0.13297742188439, -0.17218541765984, -0.038365007288953, 0.14019310945849, 0.17827151769538999
-0.036185328401632, 0.13582876805517, -0.15827253167026, -0.035567040338073, 0.14532099428702, 0.16972896675542
-0.054497506310270005, 0.14131034245461999, -0.14349938583472, -0.037752534908559, 0.14845089685013, 0.17050148949036
-0.062585657128606, 0.13906716088355, -0.09502569850473101, -0.032635219014365, 0.15678713103511, 0.16502031259225
-0.05561953905581601, 0.13751522664662, -0.014054382436294002, -0.036316766799248, 0.14779621891243, 0.16759414178732
-0.046936316724991003, 0.13293661331174, -0.18688562061354, -0.042891639952690006, 0.16047607014248, 0.17351942199765
-0.064727077279689, 0.13170494614629, -0.14538565872501, -0.044774571836436, 0.16564181832157, 0.16678563533434
-0.05419540428214, 0.13708529096907, -0.14348321978876, -0.044461056609552005, 0.17478260572781, 0.16975830042611
-0.046721178810242, 0.13555741024097, -0.16486309306649, -0.044844496501052, 0.18780467688297, 0.16481562707319
-0.061963612965859005, 0.13774268755197, -0.12609237195477, -0.042931901709287006, 0.17610827877267, 0.16665377000353
-0.06745041782083401, 0.14141344503698, -0.10423288429468, -0.047118229746577006, 0.1711461225834, 0.16553006827924
-0.08291454705126601, 0.14263381555145, -0.09372692732823601, -0.052916129201507005, 0.16689765253594, 0.16761145127287
-0.099598491007736, 0.13440933297954, -0.05934804972927701, -0.046673790627733004, 0.16255651428578, 0.16872673085634
-0.07342566655110701, 0.13785405169649, -0.17103511438358, -0.048452096427733, 0.16399790965023, 0.16747388538198
-0.073236472979854, 0.13743513555347, -0.18408469030668, -0.040005451500711005, 0.16575113494928, 0.17244592331179
-0.060883378008697, 0.13695849763902, -0.14903765262654, -0.048268027895748, 0.15561373158133, 0.16937693230511
-0.07717949671625901, 0.14182351825905, -0.13575400008809, -0.051071248176648, 0.16084874930971, 0.16987470748431
-0.08392244382814, 0.14087174106985, -0.13871974634076, -0.053389261795166, 0.15691563360905, 0.17327968993401
-0.083302128186859, 0.14509903097985, -0.11364186876667, -0.049913175913657, 0.15301878412711, 0.17458788895327
-0.07822515208778401, 0.14827560946382, -0.11058624760517, -0.055144005385866, 0.14902738215831, 0.17453874970124
-0.065955065438702, 0.14600649023781, -0.12553917800942, -0.050019257251353005, 0.13078458691772, 0.16938130957637
-0.09457396191467701, 0.14306043718938, -0.071910293388356, -0.044736458687614, 0.11781525136695, 0.17030225773897
-0.062782668628598, 0.13969548235055, -0.24166804727242, -0.04879304357162301, 0.13184882828558, 0.16439393341496
-0.080069685600652, 0.13808429914806, -0.18638340425109, -0.044403948606038, 0.13629405675007, 0.1702756032293
-0.075528807489187, 0.14073553548015, -0.15214848443981, -0.05342639906174201, 0.12647410793522, 0.16719044698822
-0.06889228566300801, 0.14239514563821, -0.1404028947124, -0.052935524014899, 0.12857289882779, 0.17070590383486
-0.080709961800392, 0.14444357488057, -0.12884907361929, -0.050549264909813006, 0.11970215061669, 0.17581399838566
