Pichu
0.0, 0.0, 0.0, 0.0, 0.0, 0.0
0.008868222091709399, -0.0025374377314913, -0.007504431191647, 0.004407498047916, 0.015041347354567, 0.0031280325481026
0.028315792900189003, -0.0013574027033891, -0.023344997089716, -0.0009798592343599, -0.011416446096956, 0.013708918982967002
0.020498877796443, 0.0068617685635838, -0.048782625004248, -0.0042011463582871, -0.014326309263369, 0.01790642687926
0.013284580514510001, 0.0020531658984913, -0.08249969387920601, 0.0044376099851193, -0.022182708023982003, 0.0070286706847526
0.030662546190372002, -0.0040362007184887, -0.021148620613105, -0.010841099681870001, -0.039802672691284006, 0.014682670697425002
0.020068882845179003, -0.0077202733285501, -0.075028828793941, -2.04643059224e-05, -0.038452527184049005, 0.032446375158026
0.018000245997089, -0.0012419523687525, -0.03577062292929, -0.008738432483014, -0.038259603283838005, 0.015158905488423002
0.034601074200247, 0.0027149520144054, -0.10306771150584, 0.0061065790818302995, -0.011761610921092002, 0.013786387443272001
0.038839919513912004, 0.086503029185864, -0.19398262036177, 0.048342378725271, 0.030770634771198003, -0.07487798767479101
0.0065354978747689, 0.14752914289549, -0.61327700233497, 0.07301665708848201, -0.08393449709297501, -0.1988094081261
-0.0076277152958200995, 0.065483955825767, -0.72184556227345, 0.010648136999916001, -0.093973002366142, -0.23763646928363
-0.018565867774241, 0.05166087824282101, -0.65710131836726, 0.021543259336129002, -0.20483132354574, -0.31606902606031
0.044076799108788006, 0.09777574346594001, -0.87159472090059, 0.01972853491283, -0.38101351438652, -0.29907889816419
0.058619023887343004, 0.084230223094978, -0.79475873864808, 0.11091689222743, -0.32373647841823, -0.25086719350959
0.15177083270222, 0.095438839537513, -1.0097915334446659, 0.048754871148996, -0.20724403944877, -0.20580542235922
0.15987217282178, 0.11593830054023, -0.94672771150466, 0.026746509908229, -0.17044934080801, -0.18391474376031
0.14405857634423, 0.11126749291315, -0.8514107442668299, 0.022318758730339002, -0.17403733337708, -0.17706587698245
0.12346574111683, 0.10149179309, -0.77211834650645, 0.0012381065573545, -0.16597664458905, -0.18461837424056
0.13596412908675, 0.066120963720412, -0.84434166068101, -0.023751909307049002, -0.16782314168505, -0.20701480282406
0.1364157434712, 0.070435370732495, -0.78507796099665, -0.02858629503029, -0.17209653205092, -0.18856960190549
0.12175439950136, 0.07380894919552701, -0.74449994838524, -0.014891115428974, -0.14055785075021, -0.19214776785152
0.14218864360796, 0.07868316494429001, -0.73281226229195, -0.021080123277896, -0.15926603077933, -0.17095007953705
0.13745270180316, 0.08277032430447401, -0.68090272734333, -0.032932537381749005, -0.19361604519561, -0.16770706501656
0.14419023157076, 0.082230154669596, -0.75404639640814, -0.028270860778351004, -0.17635420146863, -0.15967645996324
0.14378518042996, 0.070394213190478, -0.76337131859369, -0.038506511124305004, -0.17746639557051, -0.17181018787396
0.12918975017029, 0.06951929777200701, -0.72676176977858, -0.033828265246593, -0.16980000789822, -0.18237206286134
0.12399381187407, 0.068361505437737, -0.68632431186955, -0.030558860306588, -0.14734229896067, -0.17845408769736
0.11775859002655, 0.069541625011508, -0.69437510844087, -0.026965086931927004, -0.15033166816348, -0.16342722329542
0.12864964460822, 0.063415876195099, -0.68006162515098, -0.014415723138886002, -0.15520529592053, -0.16325439282576
0.1299891494234, 0.063998667071004, -0.62091233655943, -0.022427089473180003, -0.1765966742983, -0.1675014015715
0.11359341082138, 0.063039352053225, -0.63718635759593, -0.035858288559750005, -0.14472115555812, -0.16022582401789
0.10829139339344, 0.061193625735366006, -0.5813466983537, -0.04682245095060401, -0.14082167577782, -0.15978383133636
0.1236664538158, 0.061315773241413005, -0.61621643487081, -0.040491328577338004, -0.13109291320667, -0.16412332474425
0.13234446778944, 0.065539533248142, -0.66733392683896, -0.022077091623496, -0.13785771231259, -0.15720687599516
0.12145554059425, 0.06684981550567401, -0.69205045848361, -0.014696213471883001, -0.15577795052074, -0.14549944906557
0.12049446155273, 0.06498474421479, -0.65867929156793, -0.012546960194695, -0.14575744805539, -0.14988980782537
0.12764389131292, 0.061851649328089, -0.62496071841761, -0.010229375247628, -0.14551937269753, -0.15910394174665
0.12034491767455, 0.048762287603661005, -0.57438862390508, -0.037353732816835, -0.16590845032566, -0.16341404019154
0.12086986291613, 0.057278560805289, -0.63799508466016, -0.025859780215702, -0.17630819746939, -0.17529189382519
0.062433836231196006, 0.032099375302811005, -0.46600462749883, 0.0065790621531408, -0.18330719641856, -0.20817931915229
0.092423262549212, 0.038389130132639004, -0.60838785304976, -0.0082629874813938, -0.17845948080278, -0.18713389090782
0.13594688883345, 0.072869686244675, -0.69768680107243, -0.0038560963865112, -0.18259051415814, -0.16340397656285
0.14487839717156, 0.077825757637577, -0.70761896832094, -0.0075159082725606, -0.18275144349602, -0.16221142293414
0.13652372976708, 0.071229011152648, -0.64273579304643, 0.0096066076869072, -0.15559060041451, -0.16033316440208
0.11876666426532, 0.060207194690089005, -0.54597820084363, -0.0055934839552588, -0.17081787388635, -0.15793004830271
0.12763014284598, 0.06059296277869, -0.63265262598088, -0.011441105318124001, -0.19142266250405, -0.15071466649866
0.11144392009739, 0.069111171575677, -0.60681516063247, -0.025103104878601002, -0.18226604599569, -0.150637462541
0.12135426215862, 0.06054698380896, -0.57753994677214, -0.016880883141623, -0.17513052249045, -0.1619334684677
0.12992243288832, 0.06434845450008901, -0.62129112391956, -0.013049061947053001, -0.16103038420355, -0.14681129058814
0.11281041765296, 0.069299330037576, -0.60059704628, -0.013509891069388002, -0.16309145237349, -0.14395713723738
0.10917941312776, 0.06732532004649601, -0.55502658056831, -0.0046869014982756, -0.16228147411578, -0.16111400602702
0.07633794706139001, 0.043560808469302006, -0.43453734637955, 0.015190383013203001, -0.15719463588609, -0.15637384173622
0.1069467355156, 0.048797443318400004, -0.57666696201494, -0.029575229606237003, -0.20977857351812, -0.16054260761614
0.12014286679002, 0.07647806573028901, -0.64001274486032, -0.026819089754161002, -0.21249030563688, -0.14982079865516
0.10825204901659, 0.06418281465466501, -0.59337267026111, -0.011265414787904, -0.1597498159029, -0.16395990023412
0.08968403743309701, 0.052170415400975, -0.50752440493872, -0.0045506082351373, -0.13985697853224, -0.15620935671781
0.061183674870840005, 0.07491667275350801, -0.466242587649, 0.0083673280771373, -0.10910984950202, -0.15527938692711
0.07866754940960101, 0.081929409478359, -0.40607037358694, 0.07147407615269301, -0.051523266645653, -0.2054971793124
0.10443392631784, 0.050731180005041, -0.48770465009689, 0.11882783552087, -0.043564496832546006, -0.24794286604763
0.11958199176581, 0.040718805545221004, -0.68664837877754, 0.081809567869342, -0.1155124905141, -0.27224370531423
0.14954521376497, 0.08925019592508801, -0.78811887361182, 0.063489829561314, -0.13100149258761, -0.24816561695567
0.12071316399019, 0.087923124265864, -0.78829970035501, 0.07395330578779201, -0.1255404194786, -0.2378661903553
0.11926016631829, 0.09660199147989101, -0.78958066081707, 0.074660103869327, -0.11683701520726, -0.21209698455499
0.09814582847644301, 0.096450315240867, -0.7213102650579, 0.063879383481862, -0.12946386056489, -0.21360052279615
0.08070816169501101, 0.10226733306028, -0.66040463891503, 0.05776317600805501, -0.11984966755152, -0.20554522949344
0.071275464987365, 0.09372851194051801, -0.5476758189108, 0.05213250729868701, -0.12785084391226, -0.20383547400059
0.12883565415825, 0.08669624285626101, -0.69845697778336, 0.020856936307151002, -0.12338614939349, -0.18950035716801
0.10223784868679, 0.097564602742641, -0.61526207875739, 0.023168222121247, -0.10947921595607, -0.16703084737166
0.13003935314644, 0.06504310749386301, -0.66192391566194, 0.016899382656744, -0.07819665231632901, -0.17027864514805
0.098429555775029, 0.07091341577137701, -0.58563735217744, -0.011117900970496001, -0.10568234874538, -0.13123534798503
0.09947648733704101, 0.064613341449721, -0.50202895918444, -0.022325239942987, -0.138150643943, -0.14082069104342
0.13466290732084, 0.050006873985716, -0.61851187476067, -0.013872352560394001, -0.12709558880382, -0.16652943649264
0.12973795173702, 0.043976011569402, -0.62743967413654, -0.030913400844934002, -0.10786846127522, -0.15956425816233
0.10742802532611, 0.052446223836583004, -0.61022059252829, -0.0055189276819839995, -0.10010503729146, -0.16228260319582
0.12405518528454999, 0.05380807375632601, -0.53602284471715, -0.020903948833345003, -0.09190013284215301, -0.14749466647448
0.11155044763684, 0.053822698424192, -0.51759604628084, -0.013260863834502002, -0.089285094552717, -0.12632570193893
0.11716121659839, 0.050653039601393, -0.60177326227231, -0.026431662763993002, -0.07798621631000101, -0.12767232747009
0.097911367637298, 0.053235795509324, -0.52548664965189, -0.036741357128745, -0.10476594381185, -0.13103256014228
0.09538516971201001, 0.053365286683915006, -0.57202783040312, -0.026906476407067004, -0.084872904748945, -0.10360546683978
0.094843567300764, 0.059613510575501, -0.51815334387076, -0.036247798087230006, -0.10291412561943, -0.10411250465168
0.10176715593172, 0.05909819981469801, -0.53356934905785, -0.03391867501338, -0.06588833284939101, -0.11634895197497
0.10616068672175, 0.05816280843569101, -0.55907283987993, -0.03345348219368, -0.079531305128203, -0.09561073309794801
0.10034404557229, 0.05759774892930201, -0.56443477884851, -0.022429661572844, -0.084851332327875, -0.10397743551037
0.10757487796905, 0.06070172230304, -0.57910730451933, -0.0063429000739658, -0.090523041624813, -0.10551410303909
0.10373741267455, 0.06387547272247801, -0.57146856028944, -0.0015622295162480999, -0.11572976886342, -0.11452602011792
0.09961569418916201, 0.060715141089068, -0.58028338855118, -0.028381682536203, -0.12020578927324, -0.10916655280861
0.09172425048406001, 0.06544601429639, -0.61806186582533, -0.024837507799738003, -0.09075638634791, -0.09669993925098701
0.092419867719744, 0.061593612451202005, -0.57060916236239, -0.018357913522132, -0.10922710293079, -0.10178213338388
0.094467525077396, 0.060779981353308005, -0.58753782620413, -0.0174473584539, -0.076022685206783, -0.09586476916849301
0.096339353152796, 0.063926562091575, -0.60999036980358, -0.007903324316511, -0.1130545803881, -0.086866482650564
0.10232409731782, 0.06525625485707401, -0.63602652977145, -0.0028424843161165, -0.14192577686447, -0.09833296544313001
0.0052491778381702995, 0.058908257058790006, -0.37360941726206, 0.022724791411281003, -0.1987208194481, -0.11024279364
0.031529480800376, 0.050329349834806004, -0.26609612026937, 0.0065588233893974, -0.16801849668705, -0.12422572360659
0.08649088749993401, 0.07436166050017201, -0.696136417829, -0.011623634029703001, -0.088871097279081, -0.12308306496809
0.10526570372262, 0.08066599369959, -0.62155935411759, -0.010928262866942, -0.15268656396649, -0.13405366226989
0.14997029219182, 0.052538448396999005, -0.69068376236711, -0.0047067250412282, -0.1191907534903, -0.13828071029715
0.15351880865159, 0.05608908643219201, -0.69006337048541, 0.0033801481204646, -0.10800922794427, -0.13574871966351
0.16268021092186, 0.055220088231399005, -0.67753434327057, 0.011393746597386002, -0.11478883571217, -0.13785730115054
0.12426445499791, 0.060748704408694, -0.63049551439005, 0.012851823062573, -0.10873767015547, -0.13843422342825
0.11213983781305, 0.055205870602459, -0.51483956602875, 0.019086521378986, -0.11450023766551, -0.13726931387398
0.12394328268618, 0.058852693416615004, -0.57806641293586, -0.020794267572723003, -0.13352946356444, -0.12468920886896
0.1226072807508, 0.06376905663889801, -0.59369197159713, -0.014521380728906002, -0.12927647875836, -0.11881190930561
0.10851842508066, 0.065800390423221, -0.55856756419508, -0.025855881809064, -0.11694196536758, -0.12401144657784
0.065260379028426, 0.038601517537713, -0.41434827147014, -0.069634972740324, 0.033201613509289005, -0.040359734432475
0.09944662732655901, 0.095436965784158, -0.44873451019954, -0.09943193504782301, -0.038358425369928006, 0.09059699545110801
0.13281361352422, 0.046908098859899, -0.61828171735899, -0.14750836760793, 0.0005193318401425, 0.07872236856895001
0.1533636816636, 0.04696660747485901, -0.58729900396966, -0.09123343753458, -0.070035245016733, -0.023452998860603
0.033406558300184006, 0.0009285224346391, -0.31296982486394, 0.2682419039788, -0.11537412411753, -0.21555447198368
-0.096286276779422, 0.019116507239446003, -0.38149550177702, 0.46063681455413, -0.15810081580778, -0.29813664515355
0.077350231329201, 0.04749511455759901, -0.43994145054082, 0.42711713963477, -0.11971729776041, -0.29060936262226
0.15012682228978, 0.140639878847, -0.57200442406923, 0.1208328301177, -0.033092549894173005, -0.16899232250113
0.093796624933316, 0.18170221083732999, -0.52450530910379, -0.2983724036835, -0.076941456780053, 0.29071199580129
0.17355516614598, 0.15542099777781, -0.55694540087893, -0.34711153013097, 0.023946436104283, 0.22185931226604
0.26080033350639, 0.11782164074783, -0.62732517212327, -0.27990193830744, 0.04908512294096801, 0.14699700699621
0.16854268717709, 0.06539613957516101, -0.60608639465799, -0.23348974167773, 0.036540950801831, 0.039452351660111004
0.18772128052989, 0.084094031771569, -0.70630869178511, -0.20029504772385, -0.018739459203226002, 0.053121292062353005
0.18501146573008, 0.07366770695133801, -0.74568568309526, -0.19976784176954, -0.039669110268007006, 0.009991741812446
0.15641882640987, 0.060089724272795006, -0.77564382762244, -0.17725901824182, -0.052726307366228006, -0.046961603903973005
0.1713814891202, 0.07606391008738, -0.80895354661208, -0.16276124117242, -0.049894061742405, -0.054507145797154
0.18685164422631, 0.10454656750216999, -0.91340124091292, -0.15227786962738, -0.026118956730136002, -0.04668717195612
0.17156266827965, 0.10946244538811, -0.91077920318423, -0.14185522094974, -0.041435645262364006, -0.09136013609497301
0.07628320923588901, 0.07264206533664201, -0.65342006045886, -0.12617492353004, -0.071053391448648, -0.25015048285091
0.08173180677427701, 0.14091631985637, -0.78200996890196, -0.089402240752408, -0.13608779497573, -0.33152796348209
0.12428080850191, 0.11499187354719, -0.82588345508666, -0.15005014028425, -0.08172829490154401, -0.30189135216688
0.15130906966288, 0.075473806948242, -0.81557850735338, -0.14174516983745, -0.024846405641523003, -0.27265650886921
0.17397900671996, 0.06217985622911901, -0.80258880838282, -0.15190277571884, -0.018616121660834, -0.2479428738371
0.16383419280112, 0.075008365866708, -0.83091024303143, -0.13638225047957, -0.032810242519252006, -0.23212156303322
0.17248020451257, 0.07792837611150401, -0.75708903891619, -0.13824748510245, -0.0006591108157393, -0.17813690267440999
0.16062576229643, 0.057657248332853, -0.77339098808274, -0.16088545561192, -0.0047502304242654, -0.17397275828202
0.15276321058899, 0.066653023646651, -0.78828836515644, -0.1579019648408, -0.032173562800025, -0.16397707562634
0.16931434853128, 0.07318669861816801, -0.81358576633096, -0.14250131531063, -0.0070840314611775, -0.17254690630556
0.15396340649627, 0.07953644854111801, -0.81060763828605, -0.13717263124192, -0.0074534744359507, -0.1638737753852
0.14370628911928, 0.08047709937044101, -0.7818271487222, -0.14201033015123, -0.014487440377737, -0.1742247531963
0.13660198477323, 0.079723672114166, -0.72756740032184, -0.13903425245758, -0.015287497199709002, -0.1507258773298
0.12245814370403, 0.06802171804986701, -0.71759123810034, -0.15048576924097, 0.0063374115146633, -0.14843130473225
0.12533500578532, 0.07116498945637001, -0.67754560486863, -0.14601388343675, -0.014816065653197001, -0.14338687552017
0.13477261802719, 0.077287374530303, -0.7247411207446, -0.14320418266895, 0.021165820539304003, -0.14176690600083
0.12885919544358, 0.080138665810895, -0.71038581207033, -0.14841614320037, 0.022976195636612, -0.1365595393873
0.14836380181109, 0.08085967261688401, -0.72928286122378, -0.13877957778308, 0.0017079875141554999, -0.15075615395777
0.15257215328912, 0.084783319182592, -0.72007358837634, -0.12643708649665, -0.0004156141857562, -0.15197438043096
0.14419323874468, 0.083013220607228, -0.65021058793731, -0.12015562825843, -0.010685028578796002, -0.15274472819375
0.14950499093844, 0.06318138566145401, -0.61187385218847, -0.14631996722928, -0.0054776731294211, -0.15573946740963
0.14655409062082, 0.077047041696191, -0.66807996784953, -0.14528157580294, -0.015954861724752002, -0.14120435250876
0.11857891807538, 0.079474778792646, -0.64707734077057, -0.13962709600088, -0.0045056102301794, -0.13801404700884
0.12661228426425, 0.07329780728299501, -0.65163961602177, -0.14146226430645, 0.030832476754829002, -0.13364059302307
0.11769529246033, 0.07483307527869701, -0.62887357962727, -0.14414893943506, 0.031826499957928, -0.1278948559222
0.11472643949191, 0.075533039209545, -0.60940787866175, -0.12991938688358, 0.022334591447854, -0.12326539102714
0.12659778960908, 0.08080300856488801, -0.4167888609235, -0.11440757159569, 0.034812318400288006, -0.11830689391391
0.09477095866135601, 0.079887105817598, -0.36295834445063, -0.11366552666906, 0.019436482140211, -0.091511495418609
0.13217266731253, 0.07492527663955001, -0.43782889036258, -0.15428984866444, -0.015964678213028, -0.094277518817065
0.1345461071953, 0.064917469982705, -0.48380000746288, -0.16382261907077, 0.013552582836533001, -0.07814441116656001
0.10593079293559, 0.060757101223133006, -0.37523777604962, -0.14470297872308, 0.026805319669651002, -0.062431321565851
0.11549261414429, 0.084917753758496, -0.061187326841009006, -0.13857013342436, 0.031984545706429, -0.06272693130854501
0.027299744564248003, 0.077949095260385, -0.091908183612565, -0.18420850566011, 0.08960807318925401, -0.09047890269120701
-0.0020844579614883, 0.058070900535454, -0.18051142405233, -0.16364604451859, 0.14427128005861, -0.12827913600249
-0.070393598066133, 0.058415103581984006, -0.08097211033699, -0.08646545309574301, 0.09737745187073901, -0.15217872975231
-0.05740330572085801, 0.07782831137045801, -0.11161407462435, -0.06878682192886701, 0.015207927066969001, -0.14249374427977
0.026923239128165, 0.11435339939992, -0.52397023695913, -0.047040435438605005, -0.027045451944902002, -0.14727136858601
0.075503347388541, 0.12122437545851, -0.72330788239543, -0.06950652063634401, -0.054796559419737004, -0.12377285949096
0.11220568916854, 0.12405469444986, -0.86122418323799, -0.078967809914758, -0.039447862165471005, -0.11214549110024
0.085923199999847, 0.12394984497079, -0.73775953463437, -0.09737460106950001, -0.035617440112764, -0.08562110135054901
0.033562237174242004, 0.12849984657157, -0.54463250392086, -0.10030994306034, -0.039441639798128, -0.06256959523934401
0.066048397060311, 0.11417342570702, -0.53890231028646, -0.090366061037896, -0.07124505363655301, -0.06646280527121101
0.14878715472948, 0.086766056067041, -0.75356234696947, -0.09869715545905501, -0.019011004464626002, -0.08139714412328501
0.1238247708458, 0.07981172536087, -0.72125523322078, -0.098484233874498, 0.016215998935316, -0.08139750616175101
0.12861972180636, 0.067378809507369, -0.69647588397284, -0.11258462315702, 0.031131047433157002, -0.076030626296529
0.10954284301082, 0.082528683932098, -0.65770614040766, -0.11865502660546, 0.0011596844314271, -0.06324524383714701
0.10643227320804, 0.08287038604426901, -0.60900397308716, -0.11564635255576, -0.010614810771973, -0.032361265018816004
0.087372297651246, 0.058351469882116, -0.65772186815273, -0.12434641024114, 0.015892934768339, -0.052821853841311
0.09049780520360301, 0.067407080014385, -0.59778962081604, -0.15336845376227, 0.018896929946943003, -0.028587940910935004
0.08435483306020901, 0.054092423223335004, -0.59758667840376, -0.1402984040261, 0.038223546380696, -0.044757644911672
0.10008670037227, 0.079187613235649, -0.65774978632913, -0.15067861773011, -0.015547565465679002, -0.018123952239397
0.12213160043548, 0.10502842534007, -0.66679909744833, -0.14337527392769, -0.06381916921989, -0.012388523305687
0.12675020865401, 0.094525403388966, -0.73122576139166, -0.12495697973792, -0.06349982796122, -0.029574356193512
0.12190437335248, 0.08862114981548001, -0.66881180865232, -0.12870625069285, -0.042254352943722005, -0.023638798259806002
0.1112632807416, 0.079012402425, -0.6281485625149, -0.1430492529176, -0.01616352211504, -0.025034287376031
0.10637404261478, 0.07891896454757301, -0.6112957235141, -0.13813904326247, -0.008638049763621999, -0.011038904128457
0.1104405032128, 0.079535902128519, -0.61015419547859, -0.14460221467413, -0.018700698322839, -0.011919400358558001
0.11523981049235, 0.076867817188373, -0.62364833038967, -0.13511003647643, -0.013290115582081001, -0.016709026055429
0.12322377283464, 0.077103552351154, -0.59637532494013, -0.12929026210537, -0.0077612998825987, -0.0090755456824381
0.10292050036687, 0.070423044833245, -0.51572068440695, -0.1205710102365, -0.03228234727021, 0.0073969718945198
0.12119048541358, 0.083500601167154, -0.61024536684193, -0.13393455189925, -0.017230954598443, 0.0059533924203825994
0.09265813109046, 0.07668407956092001, -0.54060528297847, -0.14833259690953, 0.016491014903288, 0.0094773752210775
0.10031373734029, 0.069609391529192, -0.55655770908146, -0.14369818563536, 0.027758414432709003, 0.011919120511959001
0.1067576136765, 0.07649386970274101, -0.58622477921765, -0.14260662618961, 0.019546145837262, 0.011224327739302
0.11615672088788, 0.083438102344583, -0.62105996326962, -0.14408224587919, -0.0028145078885553998, 0.014906923344019002
0.11710056997247, 0.088541057927602, -0.63107107559633, -0.13936856153947, -0.0011193891416544, -0.0018803932771869999
0.12519775361548, 0.08113014095917101, -0.6201388805242, -0.12562417443628, 0.0052192235736195, -0.0015597304428529
0.11299433262519, 0.07757891281569401, -0.54543058579972, -0.14616048192378, -0.013436577024311001, 0.0087823734704784
0.10517166100149, 0.08380259834628201, -0.58389244530807, -0.14354473750894, -0.018385770806255003, 0.016585574862914003
0.094160178068353, 0.08344234753979, -0.57046637634052, -0.14402969956145, -0.0029814698078013, 0.015017918626416
0.099907450936264, 0.076759459278016, -0.57277026020215, -0.14144348960779, 0.022319440703957003, 0.017891727256411
0.11471632916174, 0.07730641093739, -0.57542908330302, -0.14203561892088, 0.01910713279229, 0.028797673517613004
0.10839303475043, 0.08301587217040701, -0.54753328493182, -0.1331605559534, -0.0062211345114433, 0.0020572376686114
0.10640152170153, 0.086086810119767, -0.53320749004059, -0.12857025071235, -0.016182065267563002, 0.010359213652197
0.097570355134188, 0.081760979150234, -0.44983191896847, -0.12277075120289, -0.0072622859712374995, 0.0095544188517174
0.10940784749958, 0.07968414779312401, -0.53378427402274, -0.14449981373247, -0.021920699069126002, 0.008105134011151099
0.11833499729586, 0.089577883085609, -0.54547422003187, -0.14778404775046, -0.0012226224772567, 0.0088272426260897
0.10189910278937, 0.07961310043837001, -0.52628236839996, -0.14435427798346, 0.012021304080609, 0.0098609441281404
0.09125393047846901, 0.077818756411731, -0.55273314251094, -0.14259476156765, 0.023996047238106003, 0.020644682676199
0.095418393373873, 0.08020856792500601, -0.53319079506489, -0.13997346129583, 0.030888956128603002, 0.019063010911313003
0.08979452776591301, 0.08555180642948601, -0.5177663718948, -0.13569328056255, 0.029019043822076002, 0.019167611012544
0.09412310748449201, 0.08411644815479001, -0.49084112209048, -0.12930418227989, 0.023161400233432, 0.015837389216743002
0.11100881356288, 0.06996135393198501, -0.47577276001693, -0.16336287067233, 0.010360930413613, 0.018870309969271002
0.07324326576425001, 0.074199855086875, -0.52809584670594, -0.16144511736996, 0.024239162317522003, 0.036383728889629
0.081445196289708, 0.079025049384807, -0.50085472341365, -0.15878281096772, 0.018045155894472, 0.03577309785811
0.09913615328564901, 0.07959684453077101, -0.49839654823007, -0.14823582263314, 0.03447306842536, 0.037585523712441005
0.10975974169546, 0.08619418687296901, -0.51704720614084, -0.15001470758222, 0.025879461054157, 0.044513276938469
0.09394123845664201, 0.08323087751246601, -0.50156771911637, -0.13972097459652, 0.018192120904183002, 0.044610006226758
0.08975555666566401, 0.075425692542821, -0.44827900773422, -0.13888802687682, 0.023878488271523002, 0.025968312626411003
0.078283596645839, 0.07213547789237401, -0.38470976169779, -0.14404549805865, 0.010635367944718001, 0.033175370691056
0.099360212999706, 0.07696045922299001, -0.54608172787111, -0.1550263992776, -0.0087967661226219, 0.032063752809274
0.09039172141083401, 0.081860892731453, -0.51273252028849, -0.15322130077417, 0.021591932477325, 0.02948168601108
0.09696068901330701, 0.075865876211248, -0.47247388854567, -0.16802891018027, 0.024082912177629003, 0.017842504492446003
0.10937808301608, 0.07962556929504701, -0.47041274066796, -0.16311521323282, 0.022782889868817, 0.026706692242849002
0.098555901432818, 0.089214719056649, -0.45571844147757, -0.14723496302639, 0.023965150265721002, 0.037040991891113005
0.09628386624265901, 0.088777264566246, -0.41235651524784, -0.13731112233373, 0.036686941957404004, 0.035184199982960004
0.098321535078598, 0.07845492223531801, -0.3416238964891, -0.13634060575236, 0.026918793074464, 0.029014467956423002
0.11967227201063, 0.070249523914516, -0.37409124218722, -0.16766971056441, 8.3876689212e-06, 0.034524032406193006
0.11635931522763, 0.078597593052388, -0.4238348007368, -0.16908254608805, 0.014590354148065001, 0.054449536482614004
0.085260685182036, 0.08591633293912801, -0.39036418403778, -0.16619113016303, 0.026572940704992002, 0.075346108957299
0.1002334310779, 0.080056443811751, -0.41527175140531, -0.16140365628268, 0.043269219899704, 0.08604986665205
0.095338544521279, 0.07756919867143301, -0.39813337693026, -0.1658873594719, 0.043941599752324007, 0.081768736855183
0.095897344538705, 0.07702100520389901, -0.40864936170314, -0.16080241305418, 0.038075909569508, 0.071656570817239
0.09961506094182701, 0.07001715290786101, -0.45080847269678, -0.14346862678726, 0.0087088590742681, 0.080349342547003
0.068327733795986, 0.045505595091378005, -0.23832037329153, -0.13792183333819, 0.013473510676326001, 0.093787140173491
0.09333346805010301, 0.040366753897196, -0.38652544995017, -0.14007529278013, -0.015134902080739001, 0.12012310597863
0.070396140091021, 0.051558615657048, -0.37795497364794, -0.14085003468891, 0.021389004076506003, 0.095793901922346
0.096379433624212, 0.067391320623231, -0.45308380495426, -0.078077817211935, 0.024198056122435002, 0.052285921936385
0.053690100861355006, 0.07489802192256101, -0.4498600607696, -0.049593342255653004, 0.062431296293571005, 0.061586362788927006
0.078858832430968, 0.072947431595019, -0.54269359351213, -0.049108189866627, 0.022741076435526003, 0.0099889263101135
0.09820034961682, 0.04652329806009001, -0.62237061727762, -0.05886579624752301, -0.027300012941797003, -0.057050847662733
0.074913052266891, 0.039384678497295, -0.47943173309868, -0.06962578789548, -0.012765668558985001, -0.060609820347907004
0.10360505186914, 0.05640308005253201, -0.63341393873992, -0.10510611516862, -0.014330237477395001, -0.054597753197741
0.12948199243258, 0.088521838376643, -0.62383605351555, -0.1055381108202, -0.01661689140503, -0.046652382814813
0.11750939599144, 0.07151551158162, -0.5585455719791, -0.09243254612317801, 0.021352205864048002, -0.035091634347415
0.1110406042445, 0.092549151849867, -0.52883839899479, -0.09382560130537401, 0.038620771739081, -0.0018721852899494
0.03020245598895, 0.11094156829208, -0.40453701844716, -0.09511819404994001, 0.073929531856086, 0.023764785710879
0.027145970747964, 0.098438402466133, -0.2392826111402, -0.12510490627496, 0.043057836452512, 0.030506146531765
0.10878316373582, 0.04702786979565501, -0.54475881158339, -0.17364282925065, 0.039739142516061005, 0.017212020216198002
0.096285472403815, 0.046876145424618, -0.54060944225797, -0.18945412576852, 0.036178935456344, 0.022503745931022
0.11427812725592, 0.042417528398086005, -0.54566098209985, -0.16531341179188, 0.083912809814099, 0.008184025555172
0.07951520856852101, 0.049207363129955, -0.55032867733926, -0.17315812465497, 0.055612706108204006, 0.026117736497913
0.081579214987892, 0.06301029653286, -0.4899220437525, -0.18656815927456, 0.04316218909332, 0.041321924736535
0.086195950849609, 0.04175821617416001, -0.5475009716537, -0.18395545944642, 0.07471029820628901, 0.029340353929262004
0.08322116229082101, 0.054288663156153, -0.52644347827069, -0.17243110241716, 0.042547943733660006, 0.04893997248596001
0.088654831179582, 0.061496002931353, -0.56724622467947, -0.16624318352023, 0.055045929783357005, 0.046561958601279006
0.11163459398163, 0.06882459207281601, -0.58864529576543, -0.17970703088157, 0.039526222253396005, 0.059011469768318
0.099201273530196, 0.07275238891647601, -0.55302967254182, -0.17754593782822, 0.012606019288787, 0.054639756687028
0.11496618430598, 0.060851334216197005, -0.55583323787289, -0.18465807289247, 0.039259891340854, 0.051660944138066
0.091509691257595, 0.051719724822896, -0.52203058241187, -0.17329133162386, 0.07447550460395601, 0.06807073160862301
0.08323808098168001, 0.057233564060801004, -0.53703791939382, -0.1782368674691, 0.047406906591564005, 0.07476601779347801
0.093766566650422, 0.06131624142809901, -0.57300539759779, -0.17045885469508, 0.062469362636319005, 0.08420679523714701
0.084151720815755, 0.059913446534888004, -0.56894368249968, -0.18142902308925, 0.049865896461389, 0.089395536697898
0.091887467321977, 0.05589948339239301, -0.55451432275845, -0.16882938967587, 0.052355108987231, 0.08701433855579101
0.10808634230454, 0.053240613966434, -0.54806056772548, -0.16023333559949, 0.0607995839939, 0.080511027536198
0.11334363205553, 0.054332481481803, -0.55048725676282, -0.14522633807569, 0.049068678471804, 0.08141898030231101
0.11119121314866, 0.055501851329616006, -0.4818287187826, -0.1452115762717, 0.020933227728023, 0.092770238378357
0.10965576045918, 0.06536177122290801, -0.53125048902376, -0.14920090381251, 0.045196402816067, 0.083811475039558
0.098923071984579, 0.058259770281547, -0.47630087600664, -0.16302381306458, 0.06178768212032801, 0.099962115690869
0.12048688283986, 0.043513562553808005, -0.53576673426999, -0.16241167379628, 0.07296429243326401, 0.10232404782569
0.12296539962418, 0.049515063625517004, -0.56908405509795, -0.16567527020263, 0.068171325949512, 0.10850905757272
0.095955344927033, 0.062020122189282004, -0.54064848315549, -0.16406060877305, 0.05347440168492101, 0.1021482362146
0.11148662191098, 0.063397844421562, -0.52707495184705, -0.15378335453074, 0.06647980126609801, 0.10415764008403999
0.13116185256294, 0.054593716416047, -0.51843363670746, -0.14907716881676, 0.08057421325411801, 0.1103633408048
0.12483087613082, 0.055197298945873004, -0.46152418693086, -0.14401826179913, 0.05724907122018501, 0.1064043909873
0.14203955809658, 0.053048771952041, -0.50039745365799, -0.17440730694257, 0.039302612725704004, 0.11369035390612
0.13258974832171, 0.056495931802172, -0.52436966057572, -0.17652304046885, 0.056696016911873, 0.12274437963156
0.10908791476948, 0.059468140951103005, -0.47498651356541, -0.18446482732373, 0.06878844142955601, 0.12088211828076
0.11180561975113, 0.056221657791373, -0.46388282426489, -0.17721256542765, 0.08860737392366701, 0.13512856148656
0.09973879970581101, 0.059668901426426, -0.48964774151821, -0.1827957343422, 0.09889853074345001, 0.13257173388645
0.11168477930813, 0.064111636001616, -0.45718658727499, -0.18244584208571, 0.081159379436957, 0.14062689237511
0.12056752909555, 0.064854177837517, -0.46323333191448, -0.18070288917055, 0.083390270644531, 0.14534124157772
0.11292710648384, 0.050295569163161004, -0.41576328459112, -0.1771562906849, 0.055205044752843005, 0.13914210087465
0.13393981616724, 0.044103453279991, -0.46993135130106, -0.20633329794662, 0.039883110240328, 0.12888226229212
0.12970745507419, 0.048706967423098005, -0.4685371934794, -0.20309914300136, 0.05442646104318501, 0.12275704591423
0.061937884337154005, 0.035697004803303005, -0.44715254677613, -0.17902503099767, 0.036823554813845, 0.09457176979189201
-0.08115143648174901, 0.010036944304447001, -0.04830823907313601, -0.11213749294021, -0.030955994027942003, 0.09062710514777701
-0.038897075197094004, 0.07535384011486501, -0.29312697533763, -0.10676732602134, -0.10903517313998, 0.064804070907752
-0.029781939541388, 0.051036264734035004, -0.14769622721389, -0.09554614660281101, -0.13837998434397, 0.007731381979029
0.044748449776317006, 0.04741893585421501, -0.42294797312263, -0.083037655609991, -0.18451919869845, 0.021863712277784
-0.0088763626098343, 0.06608742845167201, -0.1111462861153, -0.06758967157349001, -0.045793167746497006, 0.063770946790467
-0.049164368309680004, 0.066541384120953, 0.060347117316326006, -0.066719383780454, -0.13245546008087, 0.10199403426187
0.07661501308073901, 0.0073247094173191, -0.3488993214361, -0.14187649775179, -0.24516799776238, 0.09563993387162201
0.10663509094388, -0.0040204187232485, -0.48490913363345, -0.1405730455829, -0.14126221104619, 0.10013438891259
0.059479149856056006, 0.012036395222253, -0.39388382880903, -0.10885073704106, -0.05065590436286901, 0.085945813358118
0.08393903537297201, 0.0048328512704599, -0.40137255068944, -0.10427388141864, -0.087521663619556, 0.06340807576252
0.1149626760628, -0.0022812567912597, -0.47739497400547, -0.09780086358291101, -0.11038468248245, 0.076050758402776
0.12993117832981, -0.0026636091806103, -0.40758539322243, -0.088396846404692, -0.1090823215988, 0.09299154957813001
0.11689422769998, 0.0037511456335, -0.47969387901431, -0.11826198388566, -0.055078368860790004, 0.10457747061316
0.07881329080473001, 0.0023079760535144, -0.37091552625282, -0.14596317708541, 0.024594006606062, 0.094767165687408
0.10819861377735, 0.035233685491261005, -0.56757949536929, -0.12054704714348, -0.08592851761501401, 0.09631750565604401
0.11483367610524, 0.051790155093616, -0.6169370906739, -0.10780548980461, -0.093440832184775, 0.12245784757202
0.12435945496121, 0.046099038753264, -0.63175708044795, -0.11903272330667, -0.10920785097389, 0.14086014662038
0.10956506696462, 0.05693791922171101, -0.54940715055192, -0.10393837149906, -0.10703148151261, 0.15469594987995
0.11886597508078, 0.049358735119795, -0.50263880139889, -0.10115335521621, -0.09585751076936601, 0.15586582391774
0.11077609514204, 0.055674112969454, -0.41144662231197, -0.12022628612343, -0.10362330557796, 0.16351305078613
0.08805757175062401, 0.042333777883381, -0.41962595054518, -0.14272115720273, -0.10751395603078, 0.15487195438718
0.09850025015460401, 0.047641588354038006, -0.39263310442169, -0.13610220958855, -0.09977359399436501, 0.16035455012136
0.096635896293847, 0.047149212662968, -0.42216858826261, -0.1359949748984, -0.08146621492422, 0.16061041332374
0.10318101930313, 0.045058981189743004, -0.46076097471193, -0.1213219447572, -0.07884822725967201, 0.18322577159547
0.09415317764641601, 0.026591068935031003, -0.53671597404791, -0.088754603485708, -0.056683230082349004, 0.1884608829195
0.097160360904243, 0.037006356695089004, -0.46290938097933, -0.04908039251832701, -0.08613287176891701, 0.14959071144221
-0.053674729291941004, -0.014913283490697002, -0.10131045639065, 0.0019956054929181, -0.14878811129595, 0.045021087261793005
-0.025565196568775, 0.047486905316578, -0.43654565672495, -0.013964681252624001, -0.229645241446, -0.0098643806464343
0.077227676127192, 0.057934234670112, -0.65942682460465, 0.0040042105372448, -0.25665616214134, -0.024771349307761002
0.07790132251449, 0.039010735207581006, -0.81644481056709, 0.0014331319623154, -0.22342771796452, 0.0010648516329947
0.057008420474088, 0.016581749105382, -0.68232514821149, -0.050388648136308, -0.13631384815524, 0.0012147743302791999
0.07052432366436101, 0.017423991778525, -0.63343782395021, -0.061384960714159005, -0.15769607119915, -0.0033998359781312
0.070981365073764, 0.06776728628280801, -0.65265396510825, -0.031694958071528, -0.22481307508629, 0.037302342903887
0.090631786767273, 0.07526886727107701, -0.67666432259181, -0.014980893100291002, -0.18197861156085, 0.040963915386480004
0.091159644478113, 0.063010874473741, -0.64923184438727, -0.035996053760479006, -0.19333740933596, 0.049904907124077004
0.083879640119352, 0.06124652741787601, -0.6491331556735, -0.027678324926604003, -0.17006014830042, 0.058117004616796
0.08100777983054801, 0.043539467083736, -0.5847858891425, -0.053341173670266, -0.14764582676546, 0.055207309590367
0.082456744681769, 0.063642079930223, -0.60885415662813, -0.062553354244458, -0.20796024535316, 0.051756472134958
0.11975343634961, 0.06699355111907801, -0.68332197352212, -0.071172401210987, -0.2095790893522, 0.05407753886382
0.10616366789475, 0.06483482148141201, -0.6531389209985, -0.082158405848819, -0.17993304038705, 0.056751893602305
0.08020976587, 0.062632173557923, -0.56080469195296, -0.078531389857285, -0.18179326464101, 0.072041490040344
0.094495712120226, 0.059911250884918006, -0.52706874037786, -0.07739031758008301, -0.15850469295921, 0.07507975449899
0.09015539700008701, 0.065634091815452, -0.55299402068601, -0.08238693787116101, -0.17769409897461, 0.079296500457289
0.10638316267286, 0.065709383171152, -0.47885534878021, -0.09847857160074801, -0.16672744638721, 0.07858161929663801
0.081086360377865, 0.05810985578915501, -0.52666243224555, -0.10509280267808, -0.14985603962306, 0.08240941585293901
0.07370671191570301, 0.061956182067233, -0.44254138116243, -0.10832910814254, -0.1564987931322, 0.08651526225745201
0.074510767492815, 0.060227754352281004, -0.45753029060857, -0.1021714105747, -0.13886631367744, 0.083926725529906
0.072761915351606, 0.06152708733300401, -0.42789775583994, -0.10463870982142, -0.15833756060634, 0.09349893262887901
0.078779633407225, 0.06068985868204801, -0.43515247295415, -0.092914573264117, -0.14475612350051, 0.091895887573245
0.08745081061991501, 0.052348878338432006, -0.37148531360357, -0.09144712214403901, -0.1170375154573, 0.092871287993441
0.07644893963912501, 0.045547438729534005, -0.32876296207312, -0.08246239968744601, -0.12064908869378, 0.10271236488527
0.07909166690496, 0.033102927254034, -0.38899298005496, -0.078451918273698, -0.12050357398073, 0.13604132931572
0.07848999366261801, 0.049464028094212006, -0.44265491592934, -0.093831019807373, -0.058514397510587006, 0.098223846344285
0.024335684130530003, 0.08786944788567201, -0.28918162933622, -0.07621026214625401, -0.038805620611618005, 0.088532048319302
0.039380901897421, 0.050755631349988006, -0.29217041430371, -0.12989418062066, -0.000144588537079, 0.028120179450322
0.091472541110606, 0.045669172288012004, -0.31695097073974, -0.10299201951193, 0.050602539730674, 0.010589992837697002
0.15592614319295, 0.045785900498064004, -0.5501828538094, -0.084484028341474, -0.029649124632265003, 0.020140448892766002
0.16715458399878, 0.043839226506690004, -0.63640747897051, -0.07581142130561701, -0.019040886544433002, 0.013511673296083
0.13485349144045, 0.053750355841418004, -0.55142181809923, -0.048026994375290004, -0.068539000957583, 0.017494350981312003
0.1395040038257, 0.053428948502938, -0.61581746043504, -0.051959019399414004, -0.087243524178696, 0.026367929276084
0.19167734585562, 0.058600917577064, -0.78896910669616, -0.079057624955123, -0.1323530382215, 0.039248098711318
0.18855217905018, 0.058472336474543, -0.77089958806905, -0.09815836727153401, -0.08640056240464601, 0.058779119922626
0.14561361572931, 0.054228754039904, -0.64796598106345, -0.09463295421885301, -0.051473782666915005, 0.07213319337955
0.148444435793, 0.052848252477805, -0.5890955168904, -0.10761985806977, -0.020044207187386, 0.07959680471244901
0.13309661791445, 0.067428206150626, -0.53704461914953, -0.10313259047098, -0.054182826859535, 0.08585887637983401
0.10840090597433, 0.068971860909116, -0.44273553965392, -0.1046885649758, -0.080989301854318, 0.075522096467264
0.14077263231556, 0.045113582454910005, -0.57885360677433, -0.1238714875857, -0.10578603822248, 0.073050695280579
0.12874567172151, 0.046491673815138, -0.57026324566763, -0.14306462995294, -0.1003445800595, 0.08137241749929901
0.11761741141393, 0.048610531728955006, -0.53976747822293, -0.13323927657975, -0.087283153917021, 0.076883919484396
0.11374925094972, 0.057594914391171, -0.48749443622423, -0.14114330394434, -0.08239914299904601, 0.077340259848897
0.09919150968611201, 0.06515584894957101, -0.49218853179345, -0.13361422283843, -0.08019739275130401, 0.065426992422681
0.10854833452466, 0.058526706994928006, -0.42963852212688, -0.14228972723127, -0.10351036628672, 0.0781875808203
0.10039902732985, 0.051739517872872, -0.39337554144009, -0.14590423044312, -0.08671580671625101, 0.08728286504440101
0.07502825803464401, 0.05714353786997001, -0.41420876059924, -0.14300028417844, -0.08000533300206, 0.10727257604812
0.073437299427592, 0.05213277931257201, -0.41049080444422, -0.14674159399757, -0.051225473080579, 0.10826001529239
0.072847661902283, 0.05531624118211301, -0.44829144098855, -0.14977521398003, -0.056673742909061006, 0.11260488449128
0.083787508082982, 0.064399334547989, -0.45665476884941, -0.13689287580606, -0.073583775055755, 0.11088370297684
0.09239602870244101, 0.05705309411053901, -0.4550243647323, -0.1296266841716, -0.08528409839244301, 0.10541494629032
0.10114599691168, 0.05093783083937, -0.45981820085929, -0.12382438324993, -0.085674268566202, 0.10582042424468
0.10396351573153, 0.045099552027482004, -0.47022350024972, -0.14303897240213, -0.085271753679831, 0.11950862357699
0.062433856953121, 0.045524673462647006, -0.40979661672897, -0.14323595639894, -0.018507707279462, 0.13379040384917
0.07225172061351001, 0.041088395677781005, -0.38913603828472, -0.14671500559352, -0.027248085311961, 0.14334222138851
0.084596152270068, 0.051688444195018, -0.3912979005946, -0.14014991908562, 0.019731067883509, 0.13615278568509
0.12015967264924, 0.061944592721952005, -0.50394742860506, -0.14584500371518, -0.028815903877671002, 0.14207970604042
0.12270445431581, 0.07125028381282801, -0.54954873397369, -0.13553127780184, -0.035634329924973, 0.1454489811629
0.13190739899355, 0.07231081272308901, -0.57620791706268, -0.12985108059012, -0.038010986872267005, 0.13697001596344
0.14336818021772, 0.057103651454696, -0.46411159987038, -0.1503591812179, -0.038822871793413004, 0.14333561517453
0.10203573110262, 0.058669829679762, -0.427231422014, -0.14859015779422, -0.0047989824859951, 0.15613620982765
0.10829422855191, 0.06949458546670001, -0.34876062604436, -0.14929555889756, -0.0076017450953003, 0.16766596424345
0.12069020011728, 0.067233825943671, -0.33477064253973, -0.16017348013643, 0.014890157727577001, 0.1639990977973
0.09716414087646101, 0.074181421591873, -0.30738598216959, -0.17225835885525, 0.010910434063212002, 0.17893641370172
0.09160254321877301, 0.072183105469172, -0.2728016193999, -0.18902424319292, 0.02538754555392, 0.1667411620473
0.10265460221613, 0.033852103621464, -0.29356977283168, -0.20963676090315, -0.0048153026727747, 0.13122396120263
0.09631332343623701, 0.036197038356667, -0.36552472086427, -0.21712218757866, -0.029498774999478002, 0.10908301658032
0.029800968597536004, 0.024877659308609003, -0.23048852038879, -0.18174780130311, -0.019176100882681003, 0.083147346858627
0.054672077071747004, 0.046740086347094006, -0.28032748523429, -0.17976512619276, -0.029301989643655, 0.11083667359509
0.096547645588444, 0.072211134214663, -0.33630210458506, -0.17906389264397, -0.028885935363171, 0.12343744931458
0.11292872437439, 0.07188340444186, -0.29613145455341, -0.15906200240437, -0.04839617599538001, 0.12456162664441
0.10539769363866, 0.059728842959838005, -0.19726296325304, -0.15687871374917, -0.056599210915969006, 0.13830632913763
0.090883066355937, 0.059547889263206005, -0.28886573064202, -0.1738678379059, -0.030440727619806002, 0.13869234294184
0.08328609704199501, 0.059544165601337004, -0.26435672953892, -0.16129886356254, -0.0040016336247580995, 0.14758851061477
0.07022366143153501, 0.051992240583004, -0.30570797235695, -0.13562405160044, 0.051447850873351006, 0.15878702790627
0.037922474225648005, 0.062613274209983, -0.2179205349588, -0.13463685819052, 0.066613463589066, 0.15725615609997
0.09062289298662801, 0.05835047194395301, -0.3283953718326, -0.14344961937436, 0.023939700466432002, 0.14789173650701
0.12351768397067, 0.053864357512420004, -0.39943651933707, -0.13050349554461, 0.031446783189267004, 0.13730552709171
0.13741364791263, 0.053087828258523005, -0.33124502667196, -0.14116442081218, 0.022823644571755, 0.14232160679473
0.1218564332782, 0.06550658919506801, -0.33454994997542997, -0.14825507134646, 0.062246181366768, 0.13024368408258
0.10373964619229, 0.069266317206278, -0.23510250953836, -0.14598144350405, 0.060459788438185, 0.11858510189964
0.11252312369261, 0.053255993339788005, -0.20465206185821, -0.14573574874422, 0.07465877094905, 0.11669809791004
0.11011137344254, 0.055204994630747004, -0.20584751981141, -0.15354951074021, 0.063594058020947, 0.1317435211301
0.084706533841121, 0.076218816125207, -0.16770028075623, -0.12613499110503, 0.11979921997176, 0.16776297388283
0.038755441089317, 0.063153276114094, -0.016247528614466, -0.14087482363069, 0.13430880064681, 0.1779121054889
0.064509301988805, 0.034470300481466, -0.079819988332649, -0.18439238701717, 0.09742094828172301, 0.1511801773617
0.06638697219403, 0.032590073344103, -0.06841080940527701, -0.19039968139696, 0.08412294003115901, 0.16277182793668
0.068724951502952, 0.029126905821874, -0.041180933038986005, -0.19616308491338, 0.10395387077674, 0.15797025599847
0.049195177448450006, 0.027074238595778004, -0.070495012315561, -0.19373419150571, 0.12136050080336, 0.16827030101987
0.050049971597731, 0.031997256531876, -0.10390141624924, -0.18550715521575, 0.11894308647215, 0.17385871581083
0.049882140225679, 0.038865895551641, -0.1344409886446, -0.1902186235174, 0.09868996682421201, 0.16802958293
0.075513555317712, 0.033420720912231, -0.17203424055144, -0.1990640497311, 0.08257736869321501, 0.18429958121488
0.05130547981302801, 0.030619306215600002, -0.16382406007399, -0.19554001104015, 0.10139146059719, 0.19756843920205
0.06826364925343101, 0.035621267695657, -0.25421478310851, -0.18924210790253, 0.08663793925839201, 0.2080455660026
0.10997336432823, 0.06323341351254, -0.39415185557918, -0.12035948410376, 0.06711600370402801, 0.20528347634148
0.09835048493300301, 0.092078163443884, -0.53767587254691, -0.09189953911955101, 0.087659339973819, 0.18608022234832
0.073577604585933, 0.089790357775081, -0.52855020699594, -0.09061056001178, 0.10468499108995, 0.16392023403133
0.07888604033360101, 0.066940037479002, -0.56202899810038, -0.09826790762880001, 0.074760788999537, 0.11315248314102
0.012344985667984, 0.023059050186933, -0.43236144947278, -0.12945523938778, 0.040712236176999005, 0.077034797571082
0.047421857546542004, 0.051721285574413, -0.60302320464205, -0.14944611752803, 0.040577861763971004, 0.0965127488848
0.048895730843426, 0.039986810573678006, -0.45322289134431, -0.16874953422369, 0.029725396757236, 0.07967378252233501
0.07182074964247301, 0.040055442820078, -0.45635210242109, -0.17530923096529, 0.058695847952469, 0.10126256750937
0.09799998294185701, 0.05873749666267301, -0.44690048673257, -0.16162350967978, 0.043847573624661004, 0.11787569042967
0.090840005540855, 0.05986174291279601, -0.32805327587033, -0.16616219436785, 0.056623414358535004, 0.12945471486062
0.054408074255538, 0.020482793879246, -0.31440231333424, -0.19076896926567, 0.2031526140989, 0.11623970815341
0.060234806071583005, -0.011988289169135, -0.16732020297963, -0.22916548747025, 0.11744383739165, 0.15463379532786
0.12276494398623, 0.045820590511274004, -0.45553464398166, -0.22108069895178, 0.060593404156486, 0.1697477936988
0.16290054811607, 0.07389900991254, -0.60180119780098, -0.20739294260207, 0.048617695288754, 0.17169552199256
0.15167770271901, 0.08728971223047301, -0.6062774080451, -0.19549641372584, 0.043618311475637, 0.17731509924172
0.13681592006038, 0.07645005866703401, -0.5274809227372, -0.19333726702973, 0.028522880796717002, 0.17834267148804
0.13065235251573, 0.067319557475067, -0.54739613142142, -0.19265074437525, 0.062050302764408004, 0.17946702812481
0.13205814449459, 0.061332390340870006, -0.5091053767724, -0.20100892805837, 0.062959140783337, 0.1836806897382
0.14629335157756, 0.06553901399770601, -0.5113343323589, -0.19721932494991, 0.067875108648764, 0.17977978691589
0.12862317828733, 0.07036402991849401, -0.51381049393664, -0.21242752663048, 0.054090442257602005, 0.18239392364429
0.14344249789772, 0.070819414414562, -0.50858991406555, -0.19315338326894, 0.058763552960021004, 0.19025613496108
0.13274783948428, 0.068603263347216, -0.49215903140861, -0.19508466459371, 0.07420388584201401, 0.18890967239843
0.13265030961035, 0.059327062045224005, -0.47338819711207, -0.186766917185, 0.056431744373592004, 0.18511890146071
0.12837636138635, 0.056562196441062, -0.45514866470685, -0.20280938905503, 0.042206543388035006, 0.19971930740999
0.12213616421178, 0.052510433133665005, -0.42172259629521, -0.20955491864059, 0.09729370590484901, 0.19741407354314
0.12355660003664, 0.056076743842578006, -0.41077230798215, -0.21648141805956, 0.086236573372826, 0.21171963051105
0.11890104515065, 0.056421519762905006, -0.40802255435414, -0.2220971937606, 0.1277581601616, 0.21671051727493
0.13513401407343, 0.059907846703021, -0.42722745334852, -0.21476559594802, 0.08536072856861801, 0.21978410197889
0.13787033924799, 0.07925565276997801, -0.48933843720941, -0.19737268446111, 0.049760226412560005, 0.22721666067169
0.14438106590519, 0.077709556639491, -0.51285851789791, -0.19190395883184, 0.052837659681848004, 0.21672899538614
0.12937894772432, 0.06770433573735901, -0.41409293045264, -0.21638015358801, 0.046577731681019, 0.21483187868054
0.12522360519708, 0.06505705108989, -0.45174255645534, -0.21333436251324, 0.043191191991996, 0.21108141266492
0.1166948272365, 0.06701068184586001, -0.38753713669083, -0.21292412985381, 0.037624206194959, 0.20201887074788
0.13075850699508, 0.062206637889266, -0.3943523463054, -0.22108425352634, 0.06268385547276001, 0.19584833945411
0.13094403303674, 0.07068949992750001, -0.3752714218627, -0.21102995295919, 0.056406255686904, 0.21086623945311
0.12375338287399, 0.07637653991164, -0.35774191046198, -0.19194316979793, 0.064410156561019, 0.22154228549138
0.14743040746733, 0.091304877891657, -0.2941355675908, -0.18979616018091, 0.06657752762699, 0.19449834750515
0.15984483630449, 0.07209848341465301, -0.3269050599324, -0.21853398892506, 0.061958343912206004, 0.20606016956984
0.14063109563612, 0.090866608342552, -0.41068216440779, -0.20600929308659, 0.07771115448057901, 0.16808024852431
0.09927424140166101, 0.08767839344620801, -0.20110805697614, -0.20200962463152, 0.15536829643367, 0.16469307049717
0.095084878836433, 0.040786427263346005, -0.20470916901505, -0.24200216008234, 0.14305558763017, 0.12356397032634
0.13386662270452, 0.056272656486954, -0.28552272447452, -0.19630193217479, 0.10430087181025, 0.09974431265898301
0.12401299421175, 0.07930782889103201, -0.33967454905185, -0.14182295261091, 0.12302690103837, 0.091863328238605
0.091900996579151, 0.086823562515425, -0.29097029370904, -0.14157405933279, 0.13080810670691, 0.079598683013695
0.075299425842101, 0.065904667510483, -0.2025009422941, -0.17652234248825, 0.1048817636222, 0.08436407499827
0.10294008365961, 0.097192700892321, -0.33614193746234, -0.18140378298697, 0.10104213975093, 0.1064688143682
0.095524328240788, 0.11143290534047, -0.30644435247585, -0.18902752759056, 0.078902321068611, 0.12368524612396
0.14197139430383, 0.09675994158960001, -0.42272826167419, -0.20254619956733, 0.12065885687119, 0.13693833986258
0.11702832305711, 0.08530325669347301, -0.41829737792117, -0.21725596199598, 0.11477968358936, 0.1482434655782
0.09137150609288601, 0.09047741261310001, -0.34069024035894, -0.22403856032371, 0.085510550885074, 0.14383550114998
0.12811361244904, 0.081726911177428, -0.43914680783006, -0.19608801103833, 0.044765440197362005, 0.16149620558844
0.12161275653517, 0.094371855650744, -0.36624816133869, -0.20707061721305, 0.085033969027758, 0.17482337759561
0.096379409215712, 0.13820921244771, -0.13516758577813, -0.2270537716472, 0.1185372959037, 0.2392177945964
0.072791219433654, 0.097147675390316, -0.13762618789369, -0.25465708762069, 0.10732041839516, 0.19759623700276
0.027847853851228004, 0.075579067018538, -0.091804545293863, -0.23960559237883, 0.018101836791006, 0.07893337873189901
0.08189705313923201, 0.034548223179849, -0.14087234964188, -0.25030035974408, 0.0040386513462549, 0.09762542896998201
0.17497783721925, 0.075134771812657, -0.53776276209864, -0.23713337816243, -0.024361672046417003, 0.14298634936757
0.17104162370628, 0.09896695674049301, -0.50156641395861, -0.22908728071571, 0.0070435778044815, 0.15273900815826
0.1600067883638, 0.08524336714010901, -0.47873273731557, -0.21609026607282, 0.062904653655246, 0.14608304082661
0.16220044537055, 0.077186626177666, -0.46860429082919, -0.23400049278454, 0.057965496951134, 0.15658753998089
0.17010894219211, 0.07642639459214201, -0.50950363407183, -0.22884454189388, 0.031307218806355, 0.1558018740793
0.15497811014467, 0.08300992503526601, -0.50944234663151, -0.21433536606535, -0.0040243212789636, 0.14796069853447
0.14354065703739, 0.070010034819748, -0.3961723769145, -0.22426759711183, 0.020250280373102003, 0.14212097455601
0.14148271801925, 0.08204758317372801, -0.49348159406238, -0.22458132541175, 0.037608608234207, 0.15653448320828
0.14590934193023, 0.08092939865896301, -0.44994703543906, -0.2191362430905, 0.03028934033866, 0.15828880804674
0.13577679428222, 0.075560269560593, -0.4425433080643, -0.21480695287655, 0.081285366246496, 0.16124125947087
0.14092302514118, 0.078708880489955, -0.43927616982642, -0.21342106909998, 0.059145924370176, 0.16652097846555
0.14974977225421, 0.07765820114854101, -0.4515939586854, -0.22324683825071, 0.04296705022821801, 0.15983947745963
0.13663395405738, 0.07575036248677901, -0.47102294259549, -0.20903475923348, 0.046884379958247006, 0.15797443602637
0.12371924126323999, 0.07263057871858801, -0.38533585482818, -0.21621367824608, 0.054683510642515004, 0.15779857272172
0.11917403543421, 0.080208586247798, -0.42790698155055, -0.21194275220436, 0.018116649394032, 0.17951867017266
0.1233230409325, 0.07688171727517, -0.3690648503211, -0.2081245822483, 0.029067439134861, 0.16409752034412
0.12283815123664, 0.0743788716722, -0.35051533397603, -0.21584195956481, 0.041357790947149004, 0.16802945159136
0.15079377564983, 0.083338556073299, -0.39899184566916, -0.21719609393551, 0.07661434369229901, 0.18722503698758
0.13376858787337, 0.083260821213502, -0.38036932231554, -0.20633955762397, 0.061289222939332005, 0.19909173148864
0.13328136764283, 0.08846882097460701, -0.36644429997587, -0.1955501016539, 0.059914470737115005, 0.18494076736448
0.11586897221519, 0.07654312077393201, -0.31292269487014, -0.1975381786237, 0.040666583966106, 0.16672043718049
0.13933330389842, 0.06496331909750201, -0.35966403141497, -0.20837948163223, 0.016613529349511002, 0.16461375092547
0.14608153904326, 0.07654072723854101, -0.34445720023394, -0.22010665201561, 0.023740002111408, 0.1668725065316
0.12586827263695, 0.07634028871996601, -0.32394563185733, -0.22073147259543, 0.035495383928761004, 0.15824471487612
0.13296751761438, 0.082530950110503, -0.35307122332805, -0.21823190684689, 0.047200632575153, 0.16741472530219
0.12216451368456, 0.09418143244747801, -0.36145284324737, -0.20646045775071, 0.016222867729735, 0.16141027322778
0.12484554200778, 0.08610680675710901, -0.34464675572639, -0.2048117358246, 0.030643261089355004, 0.15927932611605
0.12846609853612, 0.07640424643839601, -0.35569000104623, -0.20116553705937, 0.037039251738486004, 0.15865962516493
0.098984452436809, 0.06109378134589401, -0.32614098452269, -0.21765440217381, 0.018255884102886002, 0.16168838677319
0.11888661441906, 0.07762223391954301, -0.38966064088637997, -0.21865454941858, 0.029071543660323003, 0.16169041306339
0.10744440023265, 0.09278416071871501, -0.3682491924903, -0.21671976338432, 0.026007968641991, 0.14467705659775
0.12880242607472, 0.086581778992005, -0.36527251281969, -0.21123168676124, 0.036806280245313, 0.13209884248712
0.12666874690523, 0.08270456632312301, -0.38661638252482, -0.2086454555091, 0.03040349543401, 0.14925215973968
0.1355844049676, 0.07784470453088001, -0.40619146021922, -0.2003136112618, 0.031194437236238003, 0.15771768579515
0.12978986065761, 0.072414079239652, -0.37675800878086, -0.17965711246574, 0.039088749905012, 0.16991651667925
0.12080804650446, 0.063212866956962, -0.30313248295307, -0.18102168631256, 0.024606051258564, 0.17012420666648
0.14167359452135, 0.06471969025618901, -0.39296084038081, -0.18953366679765, 0.01282889703942, 0.17400086000664
0.15011689516061, 0.07175720068435701, -0.38804527558565, -0.20164897055472, 0.012626026462212002, 0.17784244290918
0.12405298968902, 0.066386602547992, -0.33903776927862, -0.19693219609431, 0.016791710533892, 0.16804304121245
0.13086608361364999, 0.063588683434164, -0.36805281065915, -0.20276134387278, 0.042129897739032, 0.17420945996026
0.13068178791132, 0.070315481515149, -0.34559321786267, -0.19474899226289, 0.042354881235215004, 0.19142874327979
0.13511730851606, 0.069751436025675, -0.33777559435924, -0.19236545564876, 0.048237695646314006, 0.18308319309014
0.13610219052029, 0.061061385104851006, -0.26796917853928, -0.19208816670829, 0.043927251520174, 0.17048352274299
0.12948936206469, 0.049277080664586005, -0.36593883945115, -0.21593505929384, 0.028078747624114, 0.17069634619972
0.14944559566912, 0.057233476625555, -0.36499692805227, -0.21195795569285, 0.023590934240433, 0.19025134904167
0.13436326030232, 0.07551102692638201, -0.17308143178691, -0.20318294320045, 0.027426226280715, 0.17974181901774
0.14608261932649, 0.073004059697184, -0.16555729845651, -0.20456064588651, 0.022146513403238, 0.16582463709176
0.1270700606299, 0.081003544645908, -0.067070778773836, -0.20785282384969, 0.044671590153084, 0.18747921365304
0.13423011421839, 0.048545163202546, 0.16240471766489, -0.21203862741812, 0.13561392403689, 0.2144629626516
0.074674991657387, 0.026385374817481003, 0.2266096122828, -0.24427235614732, 0.18163529637983, 0.2158450696053
0.02462146044427, 0.022189131179641, 0.39140578501578, -0.2652967810433, 0.24702596618567, 0.18174991149419
-0.052316967240635004, 0.021521650897232, 0.41428619334173, -0.24870393410108, 0.26720504855971, 0.23653575703091
0.07255903240378801, 0.021153925097866, 0.20423927382009, -0.19020272834255, 0.28185312348924, 0.27143777847534
0.16797867594142, 0.030950573334742004, -0.11854498026387, -0.14875534561844, 0.31151202132838, 0.25935744957981
0.23080519929126, 0.042959489724845, -0.44038273846631, -0.14908936448691, 0.2154922146324, 0.22691703570584
0.21357137275129, 0.036668103604103004, -0.58959269691673, -0.18828084808419, 0.17850556069097, 0.20349765874354
0.18521652619893, 0.040985739410147, -0.57506001007951, -0.17472541810785, 0.18360160652987, 0.19396007066467
0.17181422667587, 0.053153716658217005, -0.62978562848105, -0.15624188558861, 0.27092561679599, 0.1869911776678
0.16761521656541, 0.072329842572548, -0.61297714005765, -0.15126773480053, 0.34530434210826, 0.19479178589081
0.1696427061415, 0.046455209433336, -0.4991118570548, -0.18108436343414, 0.2505542612272, 0.18228246182102
0.17261736044156, 0.031358295911217, -0.4675290398398, -0.20268856856853, 0.26657013336422, 0.1813434645033
0.19913642159489, 0.036674834189573, -0.42858563772186, -0.21212902987392, 0.22373757404637, 0.2136633808794
0.1112123254697, 0.055841796084276, -0.26282166897632, -0.22537034576222, 0.19161901459731, 0.22329000936091
0.046832533348712006, 0.05405882669424301, -0.09272110926641701, -0.22555312401072, 0.0074020076056224, 0.20623759484283
0.15088794433256, 0.037199466137431005, -0.37950556863819, -0.22921769878319, 0.02301640374688, 0.21901615514769
0.14245152352584, 0.025692472275338003, -0.37409304552886, -0.20139285636374, 0.044433046034303, 0.21476325339138
0.16654147308758, 0.026020926488907, -0.41611923307816, -0.20210348010537, 0.028268086803185002, 0.21966064568531
0.19171806207512, 0.042213676295262, -0.44806523107576, -0.21786261368084, 0.044813628452484, 0.23057206823692
0.17944927585087, 0.027530656270547002, -0.42265972797086, -0.210994864178, 0.067553654015437, 0.23810043974893
0.18698862751984, 0.027773076086918, -0.55195490080585, -0.21268610822909, 0.09753533508316901, 0.26169563327138
0.16039818528407, 0.028094618799013003, -0.42530556819826, -0.22419851310649, 0.07755519034287901, 0.27682344905943
0.17829770052948, 0.036443818510841004, -0.42089687326468, -0.22631075858311, 0.10099975805130999, 0.25819226580531
0.16459606436714, 0.042143113556894006, -0.45379984815823, -0.22871385029596, 0.080224717441553, 0.2586387412127
0.17593436161366, 0.048879833445832, -0.40836927494891, -0.22570483200545, 0.06798327592607001, 0.26080779736336
0.1634238963535, 0.051123113419223, -0.42101034467975, -0.20991666600916, 0.061325072636549, 0.25628838479532
0.14986905934913, 0.042818960579937004, -0.29089819003814, -0.22920639569079, 0.056262533542719005, 0.25376718663588
0.14202500978858, 0.035366460278923005, -0.35548995126071, -0.23650902932853, 0.050285344142729005, 0.25884017609295
0.12954356960046, 0.047080101219719006, -0.32701783659547, -0.24462357520297, 0.057936722176635, 0.26571648191345
0.13870702205662, 0.043173236628317006, -0.33700676849957, -0.24573746951503, 0.09271475691435101, 0.26474458843311
0.14083056338012, 0.048478029224833005, -0.32198552134759, -0.25407930167608, 0.08635448065561001, 0.26847707458632
0.14473946429086, 0.056597788840051004, -0.33062170819103, -0.24605414257249, 0.066114724378631, 0.27086629520858
0.14795293746569, 0.057552791876719, -0.29366467650533, -0.23724489836566, 0.075357602913936, 0.26310470071886
0.12319869874161, 0.051781015353218, -0.23029876303036, -0.23287598613217, 0.05206498613382501, 0.27295501241699
0.14006453945246, 0.056263878029567005, -0.32035005886391, -0.25177846038095, 0.047362642003828004, 0.26119936153274
0.13752191388518, 0.060019082286777006, -0.28898949248896, -0.26425242427562, 0.06762650889718701, 0.24975073094465
0.14184252207903, 0.05593951413756101, -0.28076995109307, -0.26443291204164, 0.068317564617284, 0.27023361996979
0.13362782509229, 0.05234517913495, -0.28976942587264, -0.26309298341739, 0.07382197486474, 0.27166041037585
0.13309958549847, 0.05974080645033401, -0.2690602071387, -0.25536720158338, 0.07033121538937401, 0.28202566228191
0.12980152452597, 0.05808713898813601, -0.26162102012795, -0.24615981571771, 0.09294207335399901, 0.29734431599726
0.13449734353684, 0.048366437182622006, -0.2304230329075, -0.24679452917494, 0.078117601711368, 0.29410888772084
0.1308246633369, 0.043864801368419006, -0.2535309298217, -0.26511705321102, 0.042400870048357006, 0.29866192679537
0.12766225293973, 0.042181636116119005, -0.30747667697652, -0.27153476116379, 0.06974057272280601, 0.29913533361418
0.12672861906677, 0.045210284491525005, -0.29712327024968, -0.26125026371542, 0.051368865218966005, 0.29259637130628
0.13455530455608, 0.052244038888265, -0.31845488864875, -0.25027108161475, 0.06995430594967, 0.27435381598304
0.12278323004196, 0.06283110901968, -0.3198565943231, -0.24281671020286, 0.09190431343439001, 0.27008044395222
0.11805248177902, 0.055650452284692, -0.25198199880023, -0.21999627484172, 0.078547922013394, 0.25695141896574
0.061238160700186006, -0.044952366385596, 0.089021253573728, -0.23808118603363, 0.12096808173472, 0.20347340516863
0.10485923456783, 0.0070349236913755, -0.050710698293234005, -0.22815190588026, 0.041284353254773004, 0.2308077734517
0.15691263905432, 0.073729668492108, -0.29145571188606, -0.17025380837929, -0.009901559227298599, 0.25621654996443
0.15377492495016, 0.094665860921032, -0.35877976391171, -0.1604666168855, 0.020766836641529, 0.26051429883392
0.12506295808071, 0.084187286250643, -0.33426695939307, -0.17006379611941, 0.053615313371432, 0.27469386907985
0.12568142590169, 0.072898470748921, -0.34088139046297, -0.18593418792577, 0.075533971264613, 0.27285085252894997
0.11642079033935, 0.075177250558061, -0.3386847350035, -0.1878301278357, 0.057344392201018, 0.27328304863812
0.11002991629351, 0.06824583496385, -0.30272424717017, -0.19397914082587, 0.057393010888945, 0.26574130774295
0.11867008896154, 0.0692519248848, -0.26484832243979, -0.18474684780005, 0.058256287382573005, 0.24946768297893
0.10493848016869, 0.082424596860433, -0.18675277273177, -0.21148848622385, 0.029079030692386, 0.28269203406658
0.12655089324637, 0.071667607744863, -0.25688221590604, -0.20059323352208, 0.033377613382224, 0.29305006653706
0.10925090658734, 0.070626117825278, -0.21364099948965, -0.20347442248651, 0.064411341834074, 0.28228854539094
0.028705610463983, 0.061933905912588, -0.031908318557435006, -0.1879809900646, 0.1876884144968, 0.28420368779179
0.09922318941635001, 0.095995864020082, -0.20746101935187, -0.18780174660278, 0.15689366018096, 0.2641324322125
0.16875853886601, 0.09822803334113701, -0.46914165751456, -0.19805665892716, 0.17078931741122, 0.21236971940545
0.21611398995259, 0.088482269740856, -0.5545830508508, -0.21030345905265, 0.10749718443422, 0.19190366472511
0.13394038605977, 0.083157458553339, -0.45240951597696, -0.24930151353404, 0.032115491551849, 0.30187418152494
0.12855290692546, 0.055580033140746006, -0.50615127676588, -0.20995614058141, -0.033010694334625, 0.28591773517252
0.13876942942552, 0.060298483825862004, -0.49731081403523, -0.15810886829344, -0.045802183471101, 0.24277599982728
0.17987056273195, 0.06409193407687801, -0.60982541278687, -0.22762957734489, 0.042451360849745004, 0.23663146724224
0.21123253713765, 0.072090179475523, -0.5592526613072, -0.25902395597478, 0.0008605222391118, 0.243688056685
0.1761095905941, 0.086061312487395, -0.48437888824442, -0.26741560491425, 0.058148240596202, 0.29318528164228
0.13355547693903, 0.055720849642380006, -0.34797679866197, -0.26931059700465, 0.023663183056866002, 0.25132125273253
0.136259164321, 0.033888356824090006, -0.56055191040362, -0.2734817724748, -0.0075440218557656, 0.20157882751387
0.1612942567363, 0.044911371245869004, -0.49734398448599, -0.28591956004269, 0.029207832586077002, 0.2108854615451
0.14960361996567, 0.049672513205684006, -0.39375817296354, -0.29525287495724, 0.077712594616257, 0.18237249892187
0.14228729340304, 0.058778173317331005, -0.36484531591541, -0.29053853934996, 0.066023020905911, 0.18500477766426
0.18622068323928, 0.039311174093046006, -0.43661103618266, -0.28300645245978, 0.051253710551748, 0.20627217941791
0.14477391599064, 0.060223074706641004, -0.51172417526074, -0.26363627605862, 0.091074384700877, 0.21890111669061
0.14026254607628, 0.06884671223294901, -0.38003132901853, -0.28926120415798, 0.12224261152769, 0.22579634986642
0.13139800887511, 0.067506365302265, -0.3309271919096, -0.29435210075684, 0.15715743494433, 0.25310641982645
0.1822893893515, 0.09117747508465801, -0.36982698609947, -0.29079900184639, 0.092786447389228, 0.26275982540044
0.19669684751846, 0.11299822452878, -0.44793464520363, -0.31766366295889, 0.020343336245804002, 0.26258170786409
0.19066227381465, 0.1139184306814, -0.49551576383174, -0.3172213111161, 0.015476025234386001, 0.25217823329556
0.17335712746506, 0.11314062496444, -0.45003940059678, -0.32041966963048, 0.033453355631221, 0.23800345209362
0.15076334822668, 0.08307379560665101, -0.37134951613165, -0.33068088214401997, 0.052367746293895005, 0.23865609659826
0.17453244539935, 0.092839206006047, -0.36290131755844, -0.31155377624339, 0.048905344207657006, 0.24599703225782
0.15806637865353, 0.10107147886445, -0.29506841463459, -0.29752721283301, 0.06337763811402901, 0.25150259348231
0.15392803335548, 0.09376336172430101, -0.22821485319051, -0.2784585477377, 0.050263723111341, 0.24818532136663
0.15400129683151, 0.079704861064516, -0.18870475802707, -0.29648446167406, 0.045654785945284, 0.26914036540434
0.15605427155983, 0.07108638672976801, -0.13616701426389, -0.29982376589721, 0.11053165329985, 0.2837112418484
0.16852258919392, 0.043866639870713, -0.043641141399951004, -0.32073484430817, 0.12031674018938, 0.28353450901648
0.15530244143579, 0.047170595215973006, -0.072453419551799, -0.33549462264519, 0.10342001936618, 0.29058753500807
0.10240093401907, 0.055951996059242004, -0.12935917357812, -0.30927693083417, 0.13944954625056, 0.27745403204031
0.10871194372286, 0.06434502780823101, -0.09941180878370201, -0.26968325500677, 0.1343090165472, 0.25544985252883
0.09314132087185001, 0.060717680969468, -0.029221488563892003, -0.27640371468568, 0.14667179172111, 0.2438836739967
0.10147244568042, 0.068342452449728, -0.051143776907098, -0.29595177498617, 0.13080396626801, 0.21437875443124
0.09947094276571201, 0.08917132301447701, -0.09139376756057001, -0.26114180003188, 0.11645230050059, 0.1926180287395
0.055835709423646004, 0.089053337613107, -0.09226987599170601, -0.23105272762842, 0.05362365675400001, 0.17937785304437
0.13307686277786, 0.10709955492823, -0.27991369846486, -0.24715523895626, 0.0088397295080654, 0.19085834654513
0.14057733702991, 0.1190357703281, -0.36328331001844, -0.27183422268226, 0.052219818228337, 0.19696413422692
0.11131443865594, 0.09458738233467101, -0.2977315147527, -0.29160725580561, 0.056710713341678, 0.20378628938874999
0.13917593605219, 0.096374140292785, -0.34196363677741, -0.2911075364391, 0.087842207769391, 0.21780354999331
0.11257304449757, 0.09620050127059401, -0.33458686202794, -0.29559401804912, 0.08104702303590601, 0.21473374816597
0.097101195143502, 0.086219301406768, -0.25559046507836, -0.29542227294444, 0.07366764641775, 0.2097043559933
0.09377630019136501, 0.085822025800838, -0.36523501285694, -0.2868450286559, 0.09541403850966301, 0.21449651533511999
0.099816318600683, 0.08699412995364601, -0.29354868507463, -0.28400387393715, 0.11490510046939, 0.21906653452085
0.084396792938512, 0.08132523830805301, -0.28616372695664, -0.29064524699374, 0.13561476712888, 0.21231868438569
0.096986392990938, 0.08320747295573301, -0.27944727713352, -0.30454567089218, 0.1131511845945, 0.2249140230435
0.1085823878177, 0.092378215068617, -0.32180424131183, -0.30612320064351, 0.091821434690219, 0.2167777902713
0.11041150275038, 0.08436609136412701, -0.27303589739045, -0.29991636654, 0.076288230608422, 0.21122131500955
0.093625330116407, 0.08815976386233, -0.31511441151168, -0.29715556810058, 0.096232422146696, 0.21625714993292
0.094875937952693, 0.09107236449277001, -0.28595587850324, -0.31578297700799, 0.08088604407906401, 0.21877380175462
0.09182341948582301, 0.08956668828503801, -0.28773961393168, -0.31203409286228, 0.09604841243366301, 0.21519785485668
0.10081394932206, 0.090911539411287, -0.27977935178483, -0.31307059105456, 0.09794680644157601, 0.22533596445523
0.09494001576748001, 0.09928898994729501, -0.26272782425967, -0.30534810854361, 0.07901149226338901, 0.22529492664765
0.10769677937628, 0.09652464604111001, -0.2376769593458, -0.29976966931521, 0.08577845313530301, 0.20906000271475
0.11966338176107, 0.09111949807882701, -0.24303706965782, -0.30158838180771, 0.051607526369782004, 0.20715617591951
0.11528334756354, 0.0782461133827, -0.19245779445823, -0.3175324070468, 0.031839565988725005, 0.2081891998525
0.11288032285799, 0.077510535958713, -0.30140277431033, -0.32189384366051, 0.046051172373188, 0.22477914773626
0.10657397444238, 0.07713081974506701, -0.27413510932072, -0.31528438040485, 0.051497907419990004, 0.23064449457885
0.10844539216452, 0.076981175032189, -0.30452599392294, -0.2888648206809, 0.11597839055164, 0.23275827708982
0.1006512364097, 0.08260592767166201, -0.27980437288524, -0.27392671945267, 0.14787916490664, 0.24492953785983
0.095572330912742, 0.07802853572710901, -0.28864270998429, -0.2715483940627, 0.14783248271159, 0.23831295808474
0.1120807260337, 0.08382871960789101, -0.36079263835528, -0.27047679301697, 0.12293167615841, 0.21789887746093
0.13836697844195, 0.08586423507703601, -0.49416049035057, -0.25732092086054, 0.099800491890664, 0.20536830163818
0.12915503403871, 0.058284337252939, -0.46985544050653, -0.2709919047905, 0.10581409556434, 0.19395393636543
0.10515127959033, 0.07385121595161401, -0.41320211323918, -0.27595254994029, 0.11711806138857, 0.20511638886478
0.12318362762957, 0.059782607343191005, -0.41459808580613, -0.28859962721111, 0.1005214136751, 0.19540344107172
0.13915256787984, 0.08661205089625301, -0.46019027347102, -0.26817428457909, 0.16172816108037, 0.20723728223345
0.14753520399261, 0.09804070122002101, -0.51173602934414, -0.279460195635, 0.12714161917965, 0.19237550796097
0.14939944636122, 0.08508662269349, -0.5430431847674, -0.28949190375661, 0.1086526131267, 0.16218834864645
0.10640254797545, 0.092999070766814, -0.47128235172093, -0.26446827417361, 0.09862106646466001, 0.14605640624501
0.09416569771843601, 0.06829460279983801, -0.50098043894289, -0.27520514818574, 0.11818273255426, 0.14469905360113
0.11689454964664, 0.063820491566072, -0.4738872889295, -0.29034771018822, 0.08744380450786701, 0.14192181624319
0.098758286375051, 0.049813730587601, -0.45772262299189, -0.29875410886944, 0.09634582486210001, 0.15299524185911
0.11069145053949, 0.055213598917766005, -0.51627150737912, -0.29588456487975, 0.14925883780541, 0.1709277043359
0.09978618749890301, 0.051475802250206, -0.44944556998919, -0.30802965326051, 0.15114610121858, 0.17514521533047
0.10937878685305, 0.056998671967144005, -0.46419769853517, -0.28958304057468, 0.10324704349926, 0.1758097277739
0.12619811309702, 0.053893410305059, -0.56550634975967, -0.28643525577394, 0.09906071428453, 0.18642847532521
0.11466073756217, 0.05568387843979, -0.49190115381057, -0.2909662207148, 0.11828050671569, 0.20966874374076
0.096134575177463, 0.075380968340128, -0.39629584883219, -0.2826716189629, 0.09765250134402301, 0.23132185604078
0.10788971150282, 0.067866611440346, -0.41860841847229, -0.29257157670866, 0.095550939811866, 0.22880655937824
0.13778955550763, 0.064346956976444, -0.41995018415049, -0.29795959722555, 0.072700867243552, 0.22098251208878
0.12523549745018, 0.049553826512525004, -0.42881472292293, -0.27033582492803, 0.08048807025435101, 0.21402839677409
0.10594218038833, 0.034266148487530006, -0.36353947270883, -0.25463135596685, 0.08331468027001701, 0.20281577605065
0.10973326874601, 0.035988657072044, -0.27500157815518, -0.2425083981469, 0.06681668406192301, 0.19714395868966
0.11556163725051, 0.044348386846263, -0.19815233797869, -0.26844452803412, 0.06661471868914301, 0.21583196611522
0.17415570450067, 0.049515162040939004, -0.43446985428205, -0.28517099182165, 0.010436160862577001, 0.2266377278616
0.1330492045858, 0.04503504940531, -0.45195765145393, -0.28337846374881, 0.023331037240434, 0.25157103175188
0.074429929320041, 0.059034855336979004, -0.35056469059399, -0.26928901437709, 0.020034171477753, 0.30855540393475
0.1066933273379, 0.043205347374771004, -0.3518274861078, -0.27024553270696, 0.012012465020673001, 0.30299546708918
0.14042426515712, 0.017600173946481, -0.42251666912801, -0.25404953984034, -0.0006379280788928, 0.30672839306502
0.18345258630998, 0.0005254689097957, -0.52691266487931, -0.23981705963732, -0.03337693261988, 0.30645739946671
0.17220670316833, 0.015831844324920002, -0.57178583809616, -0.21319274687654, -0.035342132040675, 0.27233143586434
0.12205691775084, 0.032128482039869004, -0.43451412715014, -0.18831165340551, -0.11933889519608, 0.25556176504406
0.20386021768772, 0.055271742725566, -0.76713913917177, -0.18341511798405, -0.06866738743409101, 0.26520813223955
0.22514254580682, 0.063772710482215, -0.9302279806202, -0.17957511636115, -0.041234674560588006, 0.23788857747715
0.13751668801938, 0.027022288139341002, -0.84440459125552, -0.19648346098023, -0.085961230770735, 0.20916324274087
0.16978428813598, 0.09299354908592801, -1.0681600839283982, -0.11825440101236, 0.06280212127614701, 0.24845351510809
0.14491101259357, 0.06542154971590801, -0.9866385982207, -0.11583256104117, 0.008233974913216, 0.22705190217648
0.15549303440046, 0.033799089260457, -1.1068928490618968, -0.14954364885601, -0.16802201825559, 0.19234344395594
0.13673906756502, 0.053952054133561, -1.0030385225264973, -0.15205841829174, -0.27325364044173, 0.26205418282144
0.16381713175834, 0.050695924051604, -1.0678118923674775, -0.13381566003969, -0.21812076444788, 0.2623818870448
0.20659466868641, 0.054026625639620005, -1.2396629472164973, -0.13086458054208, -0.22790966154876, 0.26621164405357
0.23573378070786, 0.057924505659333006, -1.2316112637683199, -0.13288224852366, -0.21018833241942, 0.2601236119268
0.21803629140783, 0.042815578166394, -1.218504815754034, -0.11439809351958, -0.08617756750527701, 0.25698007474761
0.22074521253726, 0.044824392018856005, -1.128879202705678, -0.12913067807176, -0.16898643210587, 0.27483165177767
0.24647942213692, 0.050663682625697, -1.176465488679134, -0.1379030765412, -0.2064919881792, 0.27790810234968
0.23772528686739, 0.051585035161803, -1.2354444428417841, -0.13103488230676, -0.16889142174372, 0.29826715092728
0.23076965344519, 0.044409396192384, -1.137975055415726, -0.15885490668172, -0.15310157278305, 0.31020018780951
0.22448321146095, 0.060437721539359, -1.1221820235118305, -0.14594126962355, -0.16467689955681, 0.32019809703936
0.22960923794806, 0.073180619684425, -1.1047883123737259, -0.14622206718324, -0.19070394186639, 0.31407351625727
0.20412288746801, 0.08620659570305, -1.0895760491542215, -0.13755617339069, -0.1917523119342, 0.30700164493962
0.19897346484909, 0.08207574386479101, -1.018081519212999, -0.17381740824586, -0.21105405532913, 0.3111227025321
0.13593217500841, 0.057385948166357004, -0.97562725901262, -0.15948010119239, -0.12882819336416, 0.31814075123493
0.014121666828173, 0.04119784017715, -0.5358967043854, -0.12182748545011, -0.26768302941752, 0.36214674295209
0.10420177420565, 0.013469576793834, -0.7881938180294, -0.12822947636886, -0.30081804641735, 0.2474169357879
0.18479272789534, 0.044034746560744006, -0.91798802213876, -0.13036709846946, -0.32435807175226, 0.23355628916542
0.20699802141584, 0.07321299267287201, -0.9919063333305, -0.10777974200922, -0.30740892252618, 0.25374577708553
0.22472731051272, 0.072392614939999, -0.96811727952638, -0.10911440199844, -0.2787580178854, 0.25966918771218
0.22993148337909, 0.066458834840805, -0.83970774227321, -0.11451720030542, -0.24705911896059, 0.26713181048791
0.21542795230621, 0.071435151260739, -0.87361970780297, -0.1314430655638, -0.25834256508559, 0.25349989495434
0.19869755753425, 0.084124696926343, -0.82721343804074, -0.12415769530803, -0.2338455277891, 0.24888652770777
0.17879387143533, 0.089908210344945, -0.84754486946703, -0.095647496174594, -0.21128005035706, 0.24807373139093
0.17552120739933, 0.09262381455377601, -0.92341748658055, -0.083177653045735, -0.20159135122736999, 0.24968160531297
0.18133076867978, 0.094498814155148, -0.94892123633987, -0.07674187677253001, -0.19016754681516, 0.23965253894636
0.18097432927454, 0.11008065307168, -0.97150167242911, -0.055475295106985005, -0.17834013515786, 0.22552579447928
0.17481509633622, 0.09990751508951101, -0.92226996333847, -0.060187006041497, -0.19538334607816, 0.20655706116046
0.17708803674889, 0.096681270811205, -0.96633849979278, -0.09517563143799601, -0.1494325585947, 0.18729229898397
0.17903588839459, 0.09220850563439201, -0.89431355053807, -0.128732844344, -0.17656437005338, 0.17095679369614
0.18956169435829, 0.074385071342074, -0.88071271572272, -0.13788889578875, -0.16378603489492, 0.16054198818345
0.18478176586222, 0.08081599162993201, -0.87501550697799, -0.12947439274303, -0.14990220918781, 0.17459788007711
0.18939523257004, 0.092397082318331, -0.91138489047514, -0.13533828853007, -0.14512622169993, 0.17885091471712
0.18816654677723, 0.095787733147559, -0.89007098866511, -0.13214344125456, -0.13409262681452, 0.18831459501931
0.14918998307824, 0.08625217560263601, -0.73305710255649, -0.14293723211249, -0.13391973578635, 0.20101419941157
0.16196825048319, 0.07602613962769901, -0.84369483433941, -0.14934962393401, -0.13560766058555, 0.19315130247151
0.15772147444764, 0.08553884191287, -0.74564352723293, -0.15851488326972, -0.12649997159241, 0.22278427692996
0.16206438782473, 0.08146505487565, -0.70817556909632, -0.17880472891005, -0.10502437087826, 0.22666981569556
