the brain
0.0, 0.0, 0.0, 0.0, 0.0, 0.0
-0.0071873825320828, 0.0074095876464596, 0.0097032666747257, -0.0009099610730867, 0.013789327825138002, -0.0033198795283273
-0.051901312825415005, 0.0006966142193997, 0.24514671098695, -0.0073536219041901996, -0.012720264679493, -0.003344786936333
-0.046418489252469004, 0.0038569706110059, 0.06355468760621201, -0.0035634476610147, -0.053035778834033, -0.010424679650018
0.029897709193524004, 0.011984353950489001, -0.1935358880823, 0.0066259943084838995, -0.09626006440936201, 0.0028274221456341
0.06230579944034201, 0.017560243385963, -0.1931563565958, 0.015824596772312002, -0.10526166490122, 0.0063799692822117
0.06445299032016001, 0.018135102880939002, -0.21317861820785, 0.0021788306809733, -0.08619370181547001, 0.0157774722711
0.035639445692206, 0.0087592627391848, -0.08160746192715601, 0.026445811306717002, -0.04252917561030101, 0.011360605167696
0.031403379578722, 0.014841709072990001, -0.14754431287504, 0.038646907789546006, -0.0059438032548981, -0.0022345048552764
0.017050094096472002, 0.013139833269447001, -0.10271940325251, 0.044938572394107, -0.033146439478031, 0.007785239361511299
0.011942048800538, -0.005993560630365, -0.026445053881825, 0.022780788503519, -0.0095130451964142, 0.0004577638566259
0.009389965801224599, 0.014287213042819002, -0.0013678907350383, 0.037338205786274004, -0.042799552334612, 0.038708150526619
-0.042819778022661, 0.059275278676465, 0.18241713514544, 0.08108890253386401, -0.020142920404881002, 0.10133229663635
-0.01706446699216, 0.10049218802447, 0.14428438440197, 0.07845243075700101, -0.037979582202542, 0.14773645376367
0.059719739204595, 0.061137428598401, -0.07488953390184201, -0.0028653544910467, -0.10470048191924, 0.15691639377063
0.10498650774335, 0.017762090112450002, -0.17643115938492, -0.0095108621443053, -0.078408496608419, 0.10084961945157
0.23566980891616, 0.079726632212194, -0.2289777197737, 0.06774023465619801, 0.14440351532956, 0.25238046772988
0.17837164118205, 0.09830798696802101, -0.23680589150938, 0.19515462962535, 0.12444150686765, 0.34125511360895
0.33353797504502, 0.13592815445822, -0.24734144927865, 0.16674656612814, 0.074056557097731, 0.49535121962231
0.27685495397392, 0.15102952734691, -0.20500468284515, 0.07900185913545, -0.059597050478959, 0.62498828088003
0.16863682034064, 0.16081386690693, -0.002224698756699, 0.13831943595926, -0.25517304166366, 0.54177996244593
-0.11146157702992, 0.18140890147566, 0.211539426977, 0.14842758463957, -0.41236898266354, 0.50557309908021
-0.2940459939423, 0.20569305389737, 0.5738915123618, 0.14974739452032, -0.54913405362297, 0.5124554222751599
-0.38518148220462, 0.27112131967026, 0.78156757867973, 0.06007546620649701, -0.68210942028644, 0.60431459388273
-0.32918533421767, 0.25587795540399, 0.66622343020525, -0.053822848295113, -0.77756138474931, 0.75779587570551
0.018211763644156, 0.21458542760796, 0.57085026372591, -0.0024821952860656, -0.64178937866858, 0.68284560137133
0.10065557367399, 0.20016452458818, 0.21546882521136, 0.24404892978872, -0.52395996641258, 0.29643857628554
0.35521404727343, 0.16176337504209, 0.11223204781487, 0.36464076528213, -0.39004810358582, -0.07361275534791101
0.54874003610668, 0.17789358402035, -0.19527661524452, 0.40379162090763, 0.033303637672533005, -0.058797426818572
0.19106389409938, 0.42740680545346, -0.61515382320527, 0.58719016664557, 0.58725870807717, 0.53989838428657
0.34881167023027, 0.41234922488467, -0.040700475214031, 0.52093470618585, 0.25974054765674, 0.59910298035226
0.20323561890227, 0.36962412302866, 0.21025554903613, 0.43553768903976, -0.15567337625639, 0.64609258810018
-0.12700348096442, 0.34496853494969, 0.5402002515776, 0.44642736306408, -0.50143612292685, 0.70872624574711
-0.28616130995728, 0.35210179965755, 0.79985617965541, 0.46039539817017, -0.6396881946926, 0.60289147274627
-0.18911655097716, 0.37814660923886, 0.83995278597117, 0.45677753377256, -0.70454586212976, 0.62581115935609
-0.062476896576360005, 0.38586210020746, 0.79545979854202, 0.43477750448288, -0.74146682453489, 0.69281270590453
0.0033132961320747, 0.36179151086956, 0.66052396882301, 0.40457248179773, -0.73287575119241, 0.7120342720664
0.05698902513847601, 0.3449136833878, 0.57775084954128, 0.47710767273376997, -0.73372179464984, 0.69771790713494
0.17873083923789, 0.34826880305212, 0.49190133513384, 0.50971075805742, -0.66575991848288, 0.6317623551225
0.28743277324041, 0.28339362808563, 0.25340768709764, 0.53067185743721, -0.60160282134377, 0.38265678541218
0.21853361924467, 0.20884175713101, 0.30795679571924, 0.54703009767041, -0.50835674142212, 0.050647178738042004
0.12930530459395, 0.09850409894144001, 0.2940796293599, 0.53873961706249, -0.29544454260127, -0.61737041500929
0.28106376417316997, 0.07184727693805901, 0.06665758066283001, 0.48485998590007, -0.30153981651754, -0.59240650009042
0.11579179869291, 0.11295889016744, 0.07191503286228801, 0.37096474377543, -0.32720129284307, -0.0708847628766
0.12169501027161, 0.11410704170448, -0.027791296291417, 0.185982729777, -0.28444555918769, 0.35833122533942
0.1067230852733, 0.022502926330159, -0.09651343106451, 0.082259746993707, -0.25394728857094, 0.13460228923557
0.23708178352454, 0.010202778816465, -0.29642291114547, 0.12207526381025, -0.17266520510305, 0.035231635734120005
0.19405234334783, 0.012599219975917002, -0.53958822165998, 0.076673700743546, -0.18324960776568, -0.0026281891018628
0.21852468872049, -0.011875653130283001, -0.32581095083847, 0.15634783152525, -0.25691120859923, 0.037840891442446005
0.22634562741926, -0.011785018212578002, -0.35333098098257, 0.14262073655551, -0.24504705990378, 0.048320918185682
0.23943730648018, -0.012532207023131, -0.2256767925716, 0.13604959423728, -0.25077589884651, 0.06600044587951001
0.20771701585215, -0.018362192647552, -0.28752579502749, 0.13823752529922, -0.23660538521591, 0.064882735571546
0.20499414084071, -0.031776858388842005, -0.10024687484666, 0.16910638393642, -0.2711124526529, -0.07503780864204701
0.13748827129417, -0.06191888907144501, 0.24632932381153, 0.2279476798926, -0.26236093839146, -0.62023529434352
0.21861474199728, -0.028131735154254003, 0.039887495917706, 0.18281887519139, -0.21510957447671, -0.43784892613351
0.17960231445643, -0.012339955479436001, -0.028046016779888, 0.19657072563043, -0.22106717745629, -0.25052073326742
0.14432911210431, -0.0019529397837925, 0.083875782505045, 0.16089264840161, -0.24427403628565, -0.21325088709075
0.13620238971471, -0.004302379638107, 0.09573124087025801, 0.15030849560362, -0.28220740206464, -0.1918546511786
0.11986204622307, 0.061809329248568, 0.21868117972129, 0.11312970744672, -0.35639173430936, 0.20172875567365
0.094552837098288, 0.1511733734672, 0.12269339959831, -0.0070151376107156, -0.34409437653145, 0.79375392174784
-0.0075277297754308, 0.12338822694812, -0.06584760848753, -0.039363252390909, -0.30049287378183, 0.82131706807799
0.24160652441947, 0.096880890027771, -0.13312353719327, 0.09743748960087201, -0.22233281577675, 0.40520711538296
0.1952814703879, 0.057056060763964, -0.0067399413501037, 0.16043295032142, -0.28238996014808, -0.09814131448579301
0.082336270215226, 0.014004300661939001, 0.0008272608119103, 0.2273015867629, -0.27398016286104, -0.42778829399124
0.19762520550691, 0.058691453306579, 0.053977371227428, 0.04754068011174101, -0.23903072598302, 0.24315590974455
0.084961936709635, 0.094370503350167, -0.005030558825014, -0.041203558586585004, -0.17138726197286, 0.7495032596114
0.07124447967557501, 0.10021572827044, -0.62251022468812, 0.035436357375511006, 0.54542287207642, 0.82864103288232
0.1046319115733, 0.17013810636875, -0.79236039974805, 0.18687395255975, 0.95590790437627, 0.71454374230277
0.31613026177164, 0.14707550964514, -0.43124492455173, 0.21174425650115, 0.6313720182867, 0.59137654442773
0.2343692932315, 0.11862207709442, -0.25921818147484, 0.20575049224417, 0.40563680119575, 0.49158557318225
0.075335498668716, 0.10223052343353, -0.10370886643877, 0.18098340916701, 0.2543148242547, 0.46509615432892
0.18111799066617, 0.09693239489732601, -0.09713898918913201, 0.18491459205816, 0.27367183281139, 0.44648601776285
0.22488838164273, 0.099486398254178, -0.19410206702793, 0.18001874887221, 0.24589518119218, 0.42897124512898
0.2295346719893, 0.12959282543719, -0.36442665068509, 0.18118668725566, 0.22924352492088, 0.41050389704179
0.2896103321955, 0.14348588965261, -0.57192174673425, 0.1973127986218, 0.19866525495392, 0.41113585661374
0.29660703148086, 0.18727638820505, -0.53295740490334, 0.20594393415148, 0.14147548567773, 0.43472091906815
0.21339289966629, 0.17730655454278, -0.32593500383015, 0.20087337144849, 0.21002630955816, 0.43158190749499
0.19587166657827, 0.16370967641492, -0.27259529964859, 0.19773269578916, 0.19260752081101, 0.43158640239198
0.12696148311448, 0.1687598727421, -0.17852147105074, 0.2037972544306, 0.21651674489235, 0.43316835178063
0.21073845956367, 0.16291287070655, -0.46531486399131, 0.19090748778284, 0.11645349528746, 0.43113053681992
0.18371523370615, 0.16385633140169, -0.2151710112001, 0.19253987218462, -0.0012614128552517999, 0.44713968938467
-0.10465972596775, 0.17554460070699, 0.0075880289163108, 0.32716091640027, -0.14974475540725, 0.40352556864171
-0.23905891018608, 0.19419758849084, 0.17405332381256, 0.39674848582917, -0.33948157033931, 0.31263665011531
0.017017160721652002, 0.20644183747083, 0.11474320501229, 0.42561773192066, -0.28776447080623, 0.28663728363869
0.098186415206161, 0.21520820633974, -0.2169444885338, 0.41964590576581, -0.16254120718021, 0.28440890967001
0.1091195996074, 0.21702466340003, -0.059875713817202005, 0.41351030391329, -0.15245142144088, 0.29763444085603
0.18003775272993, 0.2124654261203, -0.19898170960338, 0.42688232614723, -0.154899248587, 0.29620267010097
0.19435994089941, 0.20880052556124, -0.17362374609219, 0.44245103661692, -0.19363179809236, 0.30759633955093
0.21270553336125, 0.22051407685009, -0.20594973010818, 0.43155207190729, -0.17644361248503, 0.31286296386234
0.20253534136035, 0.2109269949819, -0.1890262027346, 0.41076401267257, -0.12614459872182, 0.32821731464092
0.18363974933905, 0.20714878445108, -0.11339282736242, 0.40668286182047, -0.15306464310922, 0.3275382464526
0.19986641870818, 0.20982091553885, -0.14007374060864, 0.40850975452601, -0.18118898940031, 0.3333438591805
0.18617986783003, 0.20854610295464, -0.09228521736209401, 0.41413873050467, -0.21063665197241999, 0.33581144984471
0.15937651696396, 0.21914610667556, -0.10280349883757, 0.42493826237865, -0.20108402425857, 0.3305798939403
0.17816683780852, 0.20589477260516, -0.16823774669736, 0.39623166305084, -0.20996550750603, 0.32650995198864
0.15678814809019, 0.203819657633, -0.07821937104198301, 0.39762186463005, -0.23263790922830999, 0.3385200067405
0.15825285738186, 0.20452184335688, -0.052729903473457004, 0.39206303777716, -0.23271745079756, 0.32502253564299
0.14741995974597, 0.18093109176446, -0.0004976330486248, 0.38551859979573, 0.076550211820665, 0.30284570152078
0.19760261359221, 0.19163569024139, -1.1170508914713737, 0.39015723102449, 1.2418753390884025, 0.24463030910907
0.24637014345873, 0.21776674685118, -0.93942938983736, 0.36442437322999, 1.071819299104858, 0.27400757083515
0.41520045161171, 0.23288064584303, -0.58983440818574, 0.37067348481313, 0.82570013773078, 0.33737097539707
0.34753137563224, 0.21288299250744, -0.38132067642515, 0.34765109214908, 0.52532376369288, 0.31156511778319
0.23371100352062, 0.23877999454705, -0.5790805692245, 0.39723646234926, 0.65935530885726, 0.41902187746619
0.33526724796258, 0.25320913106297, -0.74558113153771, 0.42817812693863, 0.67932417685235, 0.41997049821246
0.37684800260688, 0.24821683783255, -0.78507712210443, 0.43359763961104, 0.6512962388390799, 0.41678335279625
0.32953417938728, 0.24726628002214, -0.7395430693172, 0.43534151830249, 0.68295819932457, 0.41007609968816
0.29926924173681, 0.23975267665689, -0.60485240404399, 0.41952984730462, 0.66320365976636, 0.40730698416241
0.3065486729401, 0.23454416339795, -0.47410286615174, 0.42454259954654, 0.59602393498583, 0.40173760820571
0.32296985666247, 0.23708696410076, -0.6169544473063, 0.41263166365536, 0.55872839740344, 0.39904870726176
0.36626434113136, 0.23001223168203, -0.71771205612099, 0.40337573418288, 0.5218190137729, 0.40127722642978
0.383033615816, 0.22787962980324, -0.71919750720538, 0.39919344577354, 0.53143309066843, 0.41209956296074
0.37588680644756, 0.23017749200838, -0.68298964188544, 0.39810116453563, 0.50816466272594, 0.40664428678054
0.29950990280619, 0.22184144647959, -0.37221104384532, 0.39449611477446, 0.56421144036995, 0.39918263955533
0.23015843434087, 0.22384691617714, -0.48286157673419, 0.40796189530283, 0.57321165838165, 0.38238358314606
0.257896241858, 0.22043648069828, -0.53026493814041, 0.37255314881381, 0.49215965424075, 0.39524704789186
0.26474105906729, 0.22096655606103, -0.4775761048656, 0.34689671505221, 0.44919303398847, 0.39570499662862
0.28119933202895, 0.19702373288414, -0.40198554657234997, 0.32112411673272, 0.41217593316729, 0.38782573212258
0.24222219291996, 0.18877878998401, -0.27313647259271, 0.3065098757265, 0.38064462402765, 0.38656893507111
0.25207374854357, 0.18406575720074, -0.49992779684344, 0.31960475490076, 0.37556563864032, 0.38495769245174
0.29758639998323, 0.18479698732088, -0.558125469671, 0.27910956819838, 0.32659170343608, 0.41057177601648
0.29907865036756, 0.19162434290047, -0.62739339078306, 0.28043775412541, 0.35995186468611, 0.41747683190843
0.3008902218246, 0.17907678347218, -0.62325104906899, 0.26312017735855, 0.36262259480516, 0.4158352133736
0.28410428935846, 0.17539304123134, -0.55479631568733, 0.27132570992117, 0.35971206928974, 0.4049691438897
0.27800536565316, 0.18238873565528, -0.64017195788635, 0.28489164203766, 0.39644274434814, 0.38580790195776
0.29426427274497, 0.15604687730677, -0.69566580605829, 0.24989577324334, 0.41743240804845, 0.38342828003415
0.29142039241862, 0.15343101241988, -0.63489617943841, 0.25255789921431, 0.42583329079341, 0.38006239604689
0.26283933465829, 0.15690956774191, -0.57686859967284, 0.24927866737907, 0.40628172419031, 0.38876792545435
0.24204735572421, 0.15217181425926, -0.41339180585903, 0.2640775438527, 0.38769723050171, 0.3819169747157
0.19943790578584, 0.15686127536296, -0.33683225245204, 0.27055722694129, 0.4241401512498, 0.37713155659256
0.26838470214495, 0.14218248173047, -0.51824055671558, 0.25328878490873, 0.39100361647046, 0.37660973693171
0.25960882692689, 0.13852362060885, -0.44586352697222, 0.23577718858531, 0.3870493920728, 0.38351374611803
0.24040931638526, 0.13668428212208, -0.42964240363795, 0.23575810673185, 0.3772554638329, 0.38218364674903
0.21536562141765, 0.13735031807944, -0.23346200752475, 0.24281301589726, 0.37026067879706, 0.38839704531388
0.17116518912887, 0.13891843766333, -0.14148482218701, 0.23596156140169, 0.38118107016494, 0.3716093030026
0.24440219136415, 0.12871230460046, -0.37483248277659, 0.23057766756101, 0.32642280797239, 0.37095842008658
0.26489706952196, 0.13414584093408, -0.42673565631555, 0.23463098477136, 0.31564774763538, 0.37976653110395
0.23336611103274, 0.14083164022239, -0.37767890189932, 0.24000625046612, 0.31091393077981, 0.38435437320243
0.2656544729583, 0.14191703545642, -0.36505617344677, 0.24597432246456, 0.27757006263518, 0.38697840732206
0.17731845200934, 0.14379021217719, -0.13118319996552, 0.23898859257234, 0.33305227768065, 0.37432862986121
0.25848782435658, 0.14606112782714, -0.45165596876387, 0.2336093194955, 0.28469190695697, 0.38176609734566
0.2963321642977, 0.14340459806639, -0.45557856847727, 0.22492794269908, 0.28052363360445, 0.38819323744764
0.284168137967, 0.14698678648896, -0.40778616824383, 0.23542079523523, 0.29700017019898, 0.39790954893141
0.27585079362214, 0.14370094946246, -0.37340012488267, 0.22559235350355, 0.29294432785837, 0.39891039608401
0.20916281152609, 0.14878719417897, -0.20079655845399, 0.23160720449563, 0.32121750702222, 0.39460716347718
0.26416448870916, 0.1489458605685, -0.41570753803744, 0.21626784149654, 0.3279293491835, 0.38175994871125
0.27068085361694, 0.14421431149952, -0.43762042906663, 0.22350378794247, 0.33361258129775, 0.38439212149098
0.27661375243307, 0.14401326790477, -0.43149828318135, 0.23427796428067, 0.32263701238581, 0.38261340699249
0.2759892398084, 0.14359203374688, -0.27146337812753, 0.23244756439245, 0.29851280704162, 0.38533212848674
0.23458430366124, 0.1475652251494, -0.26535437525474, 0.22374082251351, 0.31674369980301, 0.38334901389702
0.27243881035648, 0.13914470747979, -0.26347282407883, 0.22213377866558, 0.31562351570392, 0.38811857674862
0.22346041009011, 0.13512278069976, -0.23700914340093, 0.19517700397219, 0.38014517968241, 0.38330337068499
0.19761197041238, 0.14055653006928, -0.28728098729422, 0.22514412875509, 0.34620728332877, 0.38239711932482
0.20378882855987, 0.13680635911819, -0.16098536248475, 0.20953155149465, 0.32677317420615, 0.38149302432613
0.1514279333989, 0.13633203750644, -0.10286218848156, 0.22509554341537, 0.33358062108988, 0.3707668178104
0.20778396174536, 0.14372172061001, -0.18049513977098, 0.21371811838325, 0.30673085040551, 0.37318502169227
0.24358533672808, 0.14889763936065, -0.32673762538636, 0.21623380421558, 0.29646430433365, 0.37486976785286
0.17710394115476, 0.14022739584446, -0.19765023613277, 0.22599250365405, 0.30502520106833, 0.37110927173131
0.20884354080038, 0.14177091808375, -0.27393679394951, 0.21980000763922, 0.27747951854486, 0.36315702698131
0.21011610737601, 0.13990403556203, -0.22928104235477, 0.21793376424479, 0.2895635675929, 0.36310646490112
0.21906631055936, 0.14404864654449, -0.29297777501012, 0.21585807094658999, 0.32263663061165, 0.36947362872212
0.26154699204981, 0.14434479042985, -0.36063858155031, 0.2082702545268, 0.37323772511766, 0.3747787330794
0.18642336551744, 0.13866443922951, -0.31477046700906, 0.20257955527567, 0.35886631406655, 0.37535944052014
0.19963044916902, 0.14027324380207, -0.30297970533529, 0.18729668663168, 0.39442569753717, 0.37144533422736
0.19677876746532, 0.13511121305602, -0.33750126306494, 0.21348556102734, 0.32835088730854, 0.37416958199054
0.23181651575009, 0.1430052437342, -0.40658470758555, 0.21962160782238999, 0.35166505005448, 0.37802908132496
0.23889435191035, 0.14033250571162, -0.3554634856674, 0.2164878238321, 0.37167333225417, 0.37365533189677
0.21258188753308999, 0.14316129071941, -0.28958710965281, 0.2005189084586, 0.35737189138591, 0.37282737155863
0.2014528919864, 0.13683408892006, -0.25302342495176, 0.19365162113791, 0.36611710774423, 0.37222140471682
0.18658983306637, 0.1322367807561, -0.19761965569505, 0.2062691619696, 0.33027063246, 0.37384173848265
0.14700981446345, 0.12601774627964, -0.040395525026766, 0.20525034837421, 0.3558227228278, 0.36609610495093
0.20816859149407, 0.12328856788936, -0.23968936651277, 0.19697237247182, 0.33027062050733, 0.36814979795834
0.18935107756186, 0.11808557579026, -0.1954026875929, 0.19650786310817, 0.31699890564054, 0.37940650977111
0.19135445116096, 0.12948889368347, -0.20457291971098, 0.19527070101803, 0.32585071039839, 0.37948030530417
0.16849578838491, 0.12099889413543, -0.14037074842346, 0.20346272254394, 0.31470817839509, 0.38001624444165
0.10288511619072, 0.12373445004541, 0.05556812135148401, 0.19585251633877, 0.31687473216557, 0.37589463990668
0.20218306341383, 0.11672394020477, -0.26523680243016, 0.18981062791183, 0.26819535343468, 0.36115257778001
0.23875150338767, 0.11636268870801, -0.36256971398221, 0.19292070916499, 0.2537686105737, 0.37363719242478
0.20765420316711, 0.12103680982687, -0.29424148631781, 0.19391668023456, 0.26684398176982, 0.37592683425007
0.22067550923564, 0.12380010368797, -0.31066547584881, 0.19419224342116, 0.25430052975623, 0.37564762139359
0.17641793674371, 0.12097990279889, -0.21128021417202, 0.1962502159132, 0.28562052556075, 0.38120721544518
0.23865205160529, 0.13273681679535, -0.37460137665544, 0.21527777715126, 0.31920193029548, 0.3669609958356
0.20422295384715, 0.13402715187759, -0.28872425482796, 0.20553811178729, 0.32987140923665, 0.3690038485098
0.1934907252382, 0.12100465905203, -0.27786685195176, 0.18285317626429, 0.33300999526368, 0.37834155282195
0.21625727160107, 0.11577993238857, -0.33468218869135, 0.17989905791396, 0.31485143669944, 0.37676698872962
0.17882986163418, 0.11120143452836, -0.28010518321855, 0.19142231613016, 0.3072509260287, 0.37036056603629
0.20593910532661, 0.12191573619179, -0.32379036652859, 0.19551330572273, 0.33359185783191, 0.37295455694722
0.20374322966441, 0.12004773249732, -0.23793776647381, 0.19565976038364, 0.31932590394497, 0.37731803036697
0.17662970322722, 0.12012105659336, -0.23226476611479, 0.20607808944779, 0.31963047947016, 0.37636272095465
0.17939835963639, 0.12094125844814, -0.23737940359202, 0.20690245563941, 0.31687346421015, 0.37232306709733
0.15726614001859, 0.11862757629194, -0.1101920675558, 0.20408577738791, 0.30277288049648, 0.3781966217321
0.1802911893965, 0.12244592948476, -0.21207782192374, 0.20713424272697, 0.30321525930435, 0.37087244925265
0.19821660776839, 0.12204267402214, -0.25366188077465, 0.21486339731235, 0.30080068721038, 0.36583756997653
0.16398832103847, 0.12584656130565, -0.19358427225649, 0.21145290526486, 0.29755782772934, 0.36433287274877
0.15213549620626, 0.12153993122003, -0.19600348112199, 0.21178609227951, 0.29299272775156, 0.36088110099653997
0.12701467398565, 0.11938462191078, -0.057653484858369006, 0.21878950315049, 0.28390864197861, 0.35557952964069
0.15289029700364, 0.12877457474528, -0.19655344868289, 0.21792518168623, 0.27217633391215, 0.35060985564377
0.19738932721951, 0.13329529039905, -0.30324603700771, 0.22239418294541, 0.25547002102333, 0.36418876980579
0.19287658802085, 0.13154824878664, -0.218577141185, 0.2198353483923, 0.25874836533464, 0.36251706942709
0.15925790142733, 0.13555388977997, -0.30556620311586, 0.20261736697171, 0.28426673858413, 0.3713474846597
0.17014836515572, 0.13723408810645, -0.19656712103886, 0.2051882468417, 0.25728305215633, 0.36789716229362
0.16848475503226, 0.14049500514375, -0.29032759380022, 0.2023645309387, 0.30263799736151, 0.37005561354868
0.16041188766527, 0.13693198592006, -0.22688235558487, 0.19984155961105, 0.33007774064505, 0.3780919910534
0.1635482417413, 0.13838549889914, -0.244463809713, 0.21580019091392, 0.31890867927026, 0.37372132899566
0.17607580467833, 0.14299818640507, -0.31771367034295, 0.20258172066817, 0.3274047998901, 0.37216342023627
0.16849757903635, 0.14404729392527, -0.26697323645111, 0.21453583619529, 0.2955955030633, 0.37513926704239
0.17524941767893, 0.14754490188969, -0.31759167548916, 0.22284801668371, 0.32299414787765, 0.37160866553315
0.18223781913246, 0.13922034240676, -0.24090379479837, 0.22098104137469, 0.31950072930601, 0.38471978088585
0.18962063430022, 0.13277894552121, -0.22346112643702, 0.22014883120533, 0.30662541228198, 0.3638810610876
0.16433677749767, 0.13280242846897, -0.2311570508797, 0.21912078628569, 0.31797683735489, 0.35766450136301
0.15114179916054, 0.12996058615572, -0.12669827818222, 0.22078187916251, 0.29200534516608, 0.35352844858989
0.12116806023908, 0.13262653186998, -0.13792982017288, 0.22461489656577, 0.31774986455146, 0.35753762390317
0.19761181125974, 0.13516679863153, -0.28675888139783, 0.22699724305895, 0.29763678481378, 0.358133346347
0.18010539853215, 0.13695548944433, -0.24161376575774, 0.22094258157993, 0.27850593481607, 0.35878439205132
0.16284931624903, 0.1371121333779, -0.2714557864979, 0.22880662874931, 0.2796988122087, 0.35677462127889
0.14524021898456, 0.13789901060533, -0.20688247455505, 0.23463255382064999, 0.25899470018121, 0.3577071735196
0.12964688589174, 0.1407899229696, -0.12834391232793, 0.22572491956115, 0.26959554711863, 0.34419864344772
0.17052324396761, 0.14731274147755, -0.31355138118555, 0.23665831560877, 0.26299470370313, 0.34892603369014
0.18972212543421, 0.14029842919791, -0.28253035717054, 0.22892194717021, 0.26161105728903, 0.35885401335554
0.19881131341015, 0.14176512776482, -0.33034373531111, 0.21865868872898, 0.30451871803647, 0.36015703790667
0.17159336693068, 0.13898725437831, -0.26378288992827, 0.21647522569113, 0.29739540921439, 0.36568532182252
0.1380799559376, 0.14155647723343, -0.23333862375833, 0.21783517263821, 0.2810116813485, 0.37139555390471
0.18251283238558, 0.14619745254949, -0.33675148708905, 0.23304899468345, 0.35004890863977, 0.36754137917719
0.17676567029155, 0.13825747594076, -0.2357640949097, 0.21862416289722, 0.34603224225786, 0.36263133219876
0.2087210787239, 0.14143089000186, -0.35080597991575, 0.22245306432935, 0.33468639190284, 0.36567465575053
0.19613943787503, 0.1384324405354, -0.33744574013906, 0.22788296328655, 0.3228861748789, 0.36545381302747
0.17682174040368, 0.12680571155388, -0.21514603447777, 0.23426758794353, 0.28584032911041, 0.35607921499214
0.20430879532036, 0.13581327286909, -0.2288931329323, 0.22291161383226, 0.31472404262187, 0.35596117737925
0.2023164721597, 0.13577327013546, -0.21961086421348, 0.22554726745511, 0.32423880061532, 0.357967384594
0.19218882706212, 0.13811641391178, -0.21080835352148, 0.23598372174424, 0.31947492585782, 0.36014051736624
0.17349816187965, 0.14113465069936, -0.19107551406953, 0.21985352742531, 0.29822735911283, 0.35704615061301
0.1195135402074, 0.13754847086295, -0.081098035902655, 0.22714757253625, 0.2904937568986, 0.35020440514797
0.15552703347142, 0.1357090150827, -0.14892962343854, 0.22871349932196, 0.2829041131778, 0.34617845509673
0.21428218718906, 0.14332923782835, -0.25234200412198, 0.23563323342109, 0.27398569907336, 0.35369985504024
0.17512278397965, 0.1357951057691, -0.19363648077576, 0.24103626190424, 0.2783172484122, 0.34723353937435
0.1545540869382, 0.14678721662739, -0.18170731068686, 0.23773492253623, 0.27544517049518, 0.3526305320318
0.12253967566272, 0.14359976194936, -0.077500904836117, 0.23394992522724, 0.2776008932059, 0.34126037721032
0.16169249567684, 0.14824985598818, -0.17341719470979, 0.24513877426628, 0.26979265736549, 0.34127477048106
0.22904982672157, 0.15544903222038, -0.37968785223885, 0.25277923626312, 0.26623585510422, 0.36165662644082
0.22371782164375, 0.15752144208784, -0.30851174132451, 0.24108327729678, 0.27870400150904, 0.37819632061122
0.21538319685272, 0.15330638427311, -0.29108134552733, 0.22565088832963, 0.31099293100366, 0.3749668835067
0.19194093941501, 0.14904655436723, -0.18447508899216, 0.21995040147895, 0.26845641468838, 0.36783364125354
0.20843673661123, 0.15631380193947, -0.28330625472143, 0.23652172801631, 0.29798168487685, 0.37293600919981
0.18499256557908, 0.14843084180918, -0.27605228695153, 0.23123292009161, 0.35537974083214, 0.36590224411275
0.21217200320117, 0.13763109307471, -0.26604148526045, 0.22147970530741, 0.34501730732027, 0.35888914918579
0.19736833427537, 0.13371152018249, -0.32222808702622, 0.22135984723415, 0.3605256925333, 0.36221444447258
0.19730398071668, 0.13208559177193, -0.2273298051664, 0.21923610577471, 0.30202372277427, 0.35867793845211
0.25433047922918, 0.14983280051556, -0.33337881021546, 0.23755771301287, 0.30402195573263, 0.36801250249605
0.22769463732283, 0.13934858690564, -0.26668023307755, 0.2160745250687, 0.35297482150338, 0.36682551228101
0.23468964366407, 0.13586150312371, -0.23274724671751, 0.21550833626463, 0.33083376201021, 0.36728003212806
0.20964906428577, 0.13456006070697, -0.23556073316513, 0.20882045080171, 0.33964058652783, 0.36345908436744
0.16277277421268, 0.13257611676373, -0.10916156390746, 0.21370131457893, 0.31009011980645, 0.36436841682029
0.15793999466495, 0.14200511518408, -0.07165649541016801, 0.20800827776184, 0.31055232683126, 0.36355605648195
0.20986697435935, 0.13065570727015, -0.28601802067313, 0.20392396812991, 0.28176666773978, 0.35172264018804
0.2188441379762, 0.1303870234001, -0.22418154702639, 0.20672474798308, 0.27917462536914, 0.35775536316103
0.19553313073353, 0.13441866919514, -0.2722273822481, 0.20396584409582, 0.29062860587706, 0.34954667936038
0.1661712048565, 0.1360764654214, -0.11184018425994, 0.20590964564369, 0.28367275609509, 0.35003899918565
0.16418357870677, 0.13514656755468, -0.1436642414062, 0.20966788264127, 0.26410446487195, 0.33708716950739
0.21307403237129, 0.14323293488138, -0.30161226919545, 0.22736148437072, 0.23737226338175, 0.35640793095581
0.22323152979396, 0.14402503670336, -0.31374624988444, 0.22558267995201, 0.24281098959272, 0.36397986160489
0.22656215009606, 0.14764247527338, -0.36222703331857, 0.21896742831937, 0.2589170124593, 0.37689626383079
0.20569824414764, 0.13698761265125, -0.24182427129449, 0.20866884274336, 0.26286167861235, 0.37492350573786
0.19217332112773, 0.1480372808259, -0.31793497545751, 0.22750258493144, 0.31513546235913, 0.38050312006133
0.19106235131641, 0.14173814630784, -0.24974707641863, 0.21366177545054, 0.34997160874553, 0.37080330482704
0.18158683876389, 0.13968092178967, -0.25452993285212, 0.20822788455906, 0.33480393630404, 0.38057087951263
0.20161137148553, 0.14557107793537, -0.34217218326709997, 0.19057099811411, 0.35960303422065, 0.37877147543329
0.18824108117182, 0.14135391212447, -0.32109576362264, 0.20789530481675, 0.30398960158085, 0.37142956823555
0.21218243088428, 0.15797295803487, -0.48269814221899, 0.24855881245135, 0.32304521085482, 0.37741829559481
0.20854444720657, 0.15310185061457, -0.35388187615912, 0.23142917313163, 0.32351533071745, 0.38022498719931
0.21850009249224, 0.1538460547831, -0.32741363019326, 0.2256500756056, 0.30930309225047, 0.37228779180631
0.20727278239756, 0.14526643067599, -0.29223942596489, 0.22591012149345, 0.31347888951633, 0.36761961549153
0.17813673454355, 0.13749328548879, -0.15624685571119, 0.21527873346377, 0.29447118385875, 0.35431817615556
0.15795652219393, 0.13664320701404, -0.16496994432601, 0.22403155971342, 0.30622070434771, 0.35665114083922
0.2023298781033, 0.14091118851803, -0.3182693191984, 0.23015660737959, 0.29530353536062, 0.35909420326026
0.22146871514534, 0.14091103933243, -0.26103342894633, 0.22925498947614, 0.29196426607621, 0.36494678880348
0.19541400161986, 0.1414125434537, -0.27149843943823, 0.23538310313368, 0.28872516806302, 0.35036159949625
0.15521973020574, 0.14507750715153, -0.081453383277635, 0.23185115567125, 0.27063791331848, 0.35634199584846
0.14080579340224, 0.13655576134175, -0.1169443531836, 0.23045814206755, 0.28096506188012, 0.34273096570285
0.21529181001762, 0.14767169525833, -0.28511621494113, 0.25029064136033, 0.24148819609317, 0.35219921902445
0.20092815837805, 0.14300565179755, -0.30084006559947, 0.24577748149227, 0.25191651452979, 0.34663684025074
0.20029122919494, 0.15756025664056, -0.36308935777159, 0.23525052798957, 0.28555380678276, 0.36483651952987
0.1986267795269, 0.14392049544575, -0.256116555501, 0.21530389119363, 0.26292607635277, 0.35990257152858
0.2037409910044, 0.15367458548874, -0.33844325848341, 0.23956083699820999, 0.28728428891934, 0.36764936586477
0.1868655681395, 0.1485558558668, -0.27608465384232, 0.23060749794505, 0.34170942907537, 0.35686642445839
0.17426764825852, 0.14962820361283, -0.24463155165057, 0.22388183678964, 0.32669893152885, 0.36483437110043
0.20995093814194, 0.14486400271277, -0.3723136105446, 0.22187722650177, 0.32904482879066, 0.35792843669613
0.20525140885108, 0.14230059738733, -0.35500594349088, 0.22243045258401, 0.28389829958031, 0.36268395239579
0.22707566959946, 0.14708263760909, -0.47723044841993, 0.24079594739132, 0.30181907175237, 0.36012286553576
0.22773517413087999, 0.14448610113693, -0.33874279458672, 0.22865999590859, 0.2938551436307, 0.36558123632426
0.22284639961375, 0.14582022460681, -0.29203138242923, 0.23220204856312, 0.31826460560302, 0.35427349013841
0.20387347486543, 0.14200311613273, -0.28055835636218, 0.22509006576064, 0.32068924404883, 0.36766344212461
0.17893618549483, 0.13850874441364, -0.13917617020426, 0.22784026309158, 0.28103696903704, 0.36167819893998
0.16431174855597, 0.13620134776235, -0.1557045954097, 0.22142596375993, 0.29835824029214, 0.34893972800307
0.20555351533703, 0.13972256395469, -0.31802579094709, 0.23808863582171, 0.28252249473874, 0.34627382007803
0.20907764930572, 0.13531495597849, -0.24626346545428, 0.23360790998656, 0.28963756469307, 0.35307744976581
0.20372553595192, 0.14509117037353, -0.23551408639984, 0.23787535063093, 0.29186918656188, 0.34723325503337
0.17599117089183, 0.13898705899748, -0.13355940780394, 0.23872094576989, 0.26819086350528, 0.34927362874869
0.16651910641861, 0.14212720728161, -0.12257523810839, 0.23265135582496, 0.26726878020162, 0.35001498241599
0.21044996160186, 0.14086413755608, -0.34937157308125, 0.24592839022324, 0.24035859170593, 0.35297181095067
0.20987934528987, 0.14560452404453, -0.3443358810864, 0.24971917651673, 0.24556258786762, 0.36441284631933
0.22541378400102, 0.14431746185749, -0.36798115325194, 0.23833297988478, 0.27000034669934, 0.36799471361139
0.20563063322952, 0.13551225367319, -0.3099316591183, 0.22787826590676, 0.25944090382741, 0.36881685263961
0.19112530156358, 0.14345623748983, -0.34097111908415, 0.2295255022849, 0.28988207342699, 0.36258271630112
0.20062533935686, 0.14332038289532, -0.3058747258607, 0.22025318485533, 0.3501298872047, 0.37165508072598
0.18327616636466, 0.14162738031788, -0.24451854861795, 0.22396780534444, 0.34038629869312, 0.37260125275694
0.21683719171525, 0.14596084949184, -0.35969015889836, 0.22321870301061, 0.32879595486515, 0.3605443475951
0.21414812793345, 0.1388259290471, -0.39553732182793, 0.23376103616456, 0.29706613735523, 0.36153105071396
0.20078539318634, 0.1429749543582, -0.38834084846362, 0.24677001379745, 0.31847611407486, 0.36508735539054
0.22605943204789, 0.13764891535823, -0.35753500131471, 0.22759610636249, 0.3293146868552, 0.36411786951329
0.21709918131553, 0.14231576758333, -0.27310075963776, 0.22948723356103, 0.33404825729432, 0.3637158481545
0.22146753231637, 0.14395331330269, -0.26437925769659, 0.21617392317388, 0.32243683841534, 0.36829761981742
0.19495631111604, 0.13772623242657, -0.15925197485826, 0.21737553239872, 0.2846797334159, 0.36288149606696
0.16707272785168, 0.14714008520781, -0.10126922760839, 0.22186715902326, 0.29718296736611, 0.36151669120936
0.22216086245113, 0.14038163947234, -0.26199280775766, 0.22118752606052, 0.27594015033204, 0.35288404580324
0.22602820517771, 0.14296809436986, -0.20980888686326, 0.21962829138325, 0.2663143674392, 0.37192794948184
0.20838129488165, 0.14829656962321, -0.20161290348057, 0.23368792314139, 0.2750980818625, 0.37755047059514
0.1628141555761, 0.19395063225861, 0.0027431788102752, 0.26783340437202, 0.23183925771955, 0.42389714791863
-0.044298292155488, 0.22193054430133, 0.35415722207361, 0.28108141973045, 0.30708819755759, 0.42227149737119
0.09461113647749901, 0.17133509126034, 0.024721424694736004, 0.2303371422626, 0.16311843236725, 0.40327554682732
0.18793676550045, 0.15348584658615, -0.021501509340494003, 0.24707477615825, 0.1313342099375, 0.41382320501723
0.24423496729184999, 0.19685324356557, -0.6320124415349, 0.27894094170259, 0.15155022942538, 0.45414070779451
0.17089081267719, 0.20494237985407, -0.36201284774864, 0.29358609092355, 0.15725628329614, 0.43811782934327
0.15591597686992, 0.20092428500449, -0.2022909521318, 0.31069498891961, 0.18442125416364, 0.4395729086281
0.16563637722465, 0.23034939470877, -0.7992617608397, 0.34529030376548, 0.08567791014273, 0.40546198008247
0.10790639982245, 0.19514497521377, 0.033887752602511, 0.30641166662253, 0.09953294227633401, 0.41256942196245
-0.072007556303968, 0.18228479806033, -0.38866952071144, 0.31864141800231, 0.18573428122262, 0.41136238350861
0.06962099828073301, 0.21217218780431, -0.40693403965587, 0.36140870756161, -0.042702156221646005, 0.42375712623554
-0.09740100225581101, 0.20339602074573, 0.18118092696707, 0.3359775936868, -0.1123634869671, 0.41002504676696
-0.23667421285942, 0.21747401047777, 0.52876602407399, 0.37327920828825, -0.16020421896004, 0.41029879289376
-0.29278803483114, 0.25125384938321, 0.18419291776602, 0.3938636602406, -0.22244279186721, 0.44235430476755
-0.33214889389155, 0.25121422901215, 0.50838760328062, 0.34640969110957, -0.39089685091345, 0.43185087414043
-0.56379924008809, 0.20023641759368, 0.84072586000244, 0.25425864465172, -0.58757774962402, 0.35467382354383
-0.66645760235833, 0.21307892408951, 0.81082267418284, 0.19143976753204, -0.66481992942357, 0.35391781493844
-0.31953338089267, 0.18574357117596, 0.34338538087423, 0.18689128734721, -0.6400952590037, 0.37201787121413
-0.33191807993791, 0.16230521790038, 0.50384505882739, 0.16471547722032, -0.66461682313181, 0.33624426781826
-0.16343094383756, 0.15509373113666, 0.35196891940643, 0.19366293946278, -0.68203328754373, 0.28462222217606
-0.069831379754151, 0.15703301736415, -0.14865335976877, 0.20137281300983, -0.56561042349748, 0.29374284267914
-0.25434080469307, 0.15464024477076, -0.53635394627157, 0.16083178948325, -0.54402120489824, 0.26208843202826
-0.027022536546765, 0.12447031938804, -0.27707465389803, 0.16048651491997, -0.49297961609218, 0.25362253195674
-0.051277903171663, 0.12171743565822, -0.26459995990633, 0.19045032133657, -0.47762525858217, 0.25691952770449
-0.060676699923522, 0.10685078296945, -0.023767643241046, 0.15929361238153, -0.44414160170743, 0.262105397615
-0.064160459527159, 0.092839954744536, 0.18643654751298, 0.16357005745187, -0.47902916802846, 0.21255236256308
-0.0021316253651786, 0.097278849620421, 0.46526978185207, 0.20616640766388, -0.41352044341904, 0.18791352875103
-0.16474572427238, 0.10308349875122, 0.81649068368474, 0.21009070276417, -0.47897588969344, 0.19840019179206
-0.16352451411004, 0.12441945060228, 0.71702959847377, 0.23156909602665, -0.60364528913227, 0.25196518848247
-0.082740854398458, 0.11946697089212, 0.93772932675932, 0.26039662212604, -0.61395089402338, 0.26512599021046
-0.16302500439085, 0.17924454472715, 0.60755283887269, 0.28724625122257, -0.57500149384632, 0.27092934959655
-0.069227776899698, 0.17486196519548, 0.52009116089256, 0.2481114888215, -0.48169490990384, 0.26087077805869
-0.021437865733369, 0.18164116495878, 0.46640919182934, 0.3283734537746, -0.5411679002932, 0.25958732540014
-0.10824788152116, 0.23449379793381, 0.21484321616673, 0.34779139017505, -0.54549644878608, 0.15442296649278
-0.07002590146272, 0.19339976334208, 0.21531303639648, 0.30932126774714, -0.39163014059069, 0.19749671618752
-0.12302339211181999, 0.15205912003404, 0.4767991992436, 0.2550340659055, -0.50323538391834, 0.1909037208974
-0.15036625829473, 0.12708249331957, 0.28740536548453, 0.36575095112417, -0.4786000726577, 0.20960090181109
-0.072708025601806, 0.099316900213229, 0.92214778665568, 0.3182034866322, -0.57721153624457, 0.22388896350815
-0.32553143816477, 0.11274366200326, 0.40181292999916, 0.36752230469773, -0.38256714472015, 0.22888120127867
-0.052681063804940004, 0.10720406211829, 0.6099177078302, 0.34399861020233, -0.43208608342083, 0.23941184045176
-0.12114868571298, 0.10811848173341, 0.37717073205522, 0.39312641649444, -0.36089589702795, 0.25219289940718
0.042231075236501006, 0.10830685110032, 0.84878553640921, 0.36477470895275, -0.48087990527184, 0.23231798638063
-0.06827648819182501, 0.13084575360226, 0.36771336844242, 0.36149475452909, -0.41660504420075, 0.21129908932636
-0.08393240216450401, 0.09575504996360001, 1.049870566590335, 0.36450912508393, -0.58521478666968, 0.16644960919789
-0.37193653014209, 0.1096677186915, 0.6770195812611, 0.4201078483015, -0.50578073788921, 0.13860034950877
-0.034933798011395005, 0.14043757985154, 0.95609614803135, 0.39009661046452, -0.56988764695282, 0.15925121661673
0.019234029559953, 0.16152389308349, 0.38012690943354, 0.35938127177963, -0.36541889978476, 0.25496918109333
-0.1785858553179, 0.15888748350608, 0.85782559175081, 0.29512309447773, -0.3628935382231, 0.35777773985188
-0.13526910554997, 0.1968736730363, 0.28019320413644, 0.32794227120203, -0.25612619172979, 0.44219788597689
-0.014165584230816002, 0.21950200199395, 0.67976944709373, 0.33003420468112, -0.30791730318773, 0.37603997884662
-0.047650776787225006, 0.25698299766841, 0.12656173308611, 0.39929769094919, -0.18863216889798, 0.37747825588469
-0.056224822849842, 0.25317717554249, 0.41629062557264, 0.35072253251428, -0.2711341641242, 0.36605981368877
0.029675891950580003, 0.25837586040455, 0.01835949141105, 0.36020301878522, -0.22852409696601, 0.33704306889302
0.011565007894591, 0.26033622204491, 0.17319883139996, 0.35786487047107, -0.31725496831513, 0.28036545233443
0.070449749276699, 0.26042964702027, -0.054469862886639006, 0.42505826473513, -0.21254423039554, 0.27563706884266
-0.0082696963681267, 0.22132582757257, -0.23177021808027, 0.39739924265965, -0.16419576964291, 0.22766300895575
0.088686971969232, 0.23209233520263, -0.43662095944945, 0.4207831124333, -0.10131332554859, 0.25428003645527
0.049623536837741004, 0.24023829270156, -0.43460831302625, 0.42742724944774, -0.10618051294475, 0.24467164150928
0.11085885956093, 0.2505960007629, -0.52269684695063, 0.43115190711729, -0.1132683140776, 0.26733070621496
0.1094274925483, 0.24612627967382, -0.47806167751056, 0.43637916182981, -0.13152537363102, 0.28262364540677
0.13763592549721, 0.2447016177171, -0.44359821226266, 0.41828908920028, -0.091303949033376, 0.27230492928216
0.063348773622779, 0.28518616967302, -0.22649736195152, 0.4880747090706, -0.071444813728073, 0.30068022439702
0.057016312191952, 0.27539272875599, -0.08631320738744501, 0.4502971058983, -0.099390078545855, 0.29206431147043
-0.0016807212589056, 0.24837242032649, 0.048480052273399, 0.42926669870481, -0.13682545514285, 0.263451653341
0.05673842246605001, 0.23678672098091, 0.021629040751111002, 0.4116218078161, -0.18199132718471, 0.27232943982163
0.13557101707429, 0.23791619498829, -0.20198074487494, 0.39401639935429, -0.22568988177163, 0.2981119873162
0.17571091807755, 0.24434912982033, -0.22890599817528, 0.37921331751495, -0.2066993165109, 0.31174990777872
0.17509372292458, 0.22181396388724, -0.15851230537558, 0.3324750928675, -0.15769386377706, 0.30847910077232
0.15356681742706, 0.23149008915563, -0.13496020268408, 0.36147429447565, -0.16761492728952, 0.30745105816659
0.1426960776862, 0.21807044072705, -0.16735379017368, 0.324215577999, -0.099962015898947, 0.30966846535114
0.11937516630243, 0.19874649672781, -0.073534733992759, 0.29568227887007, -0.08094812638055701, 0.31690382417391
0.14233596307493, 0.20416077278579, -0.1014405129494, 0.31177177943249, -0.11367179021734, 0.34521600120785
0.14463842441139, 0.20054107597168, -0.15066885581554, 0.30306401336370997, -0.14344818861729, 0.36162299981523
0.11926204499572, 0.23361856500783, -0.17479719052406, 0.33829578258682, -0.15014981969642, 0.36830010278157
0.17172101256124, 0.21552797042644, -0.24417968660414, 0.29416388886801, -0.10830184326693, 0.36184167618731
0.14529444514995, 0.18684471343874, -0.14593900349192, 0.22658657091307, -0.06403739916339, 0.36614493274827
0.14387696207269, 0.17622556147968, -0.18675165592608, 0.23517925840143, -0.028686821946416002, 0.36430904810043
0.11454354142309, 0.18041361402089, -0.14814242819272, 0.26282254766059, -0.043444461643753006, 0.36880381398088
0.14782883581442, 0.20016766592036, -0.40699771480129, 0.30294549721407, -0.023789189989282002, 0.35896921879332
0.15122544751418, 0.20268284863722, -0.34664328446658, 0.28296612089393, 0.044337021438737, 0.36680810747678
0.16620857087094, 0.19177319013387, -0.32079062766396, 0.25801369310195, 0.0091203222772029, 0.35926602702694
0.19203899323523, 0.19295208835383, -0.57103934581193, 0.27175625581184, -0.023392722780243003, 0.359520679793
0.15852896002426, 0.18234897136362, -0.4113909342193, 0.27115373580671, -0.09779871745312901, 0.35019308498628
0.17185936274698, 0.19053531491314, -0.51897291561506, 0.28648502248577, -0.066753780143741, 0.3336638918659
0.19109671863995, 0.18333108022698, -0.34402953366069, 0.27174739256344, -0.034419093910514, 0.34374008017322
0.17634364400529, 0.17905419800498, -0.33624484267334, 0.27342683298005, -0.028844273690887, 0.33818478355432
0.16491226926058, 0.17926006286364, -0.28432507462772, 0.25544322628676, -0.048770975748824004, 0.34196023843405
0.13431644960105, 0.17234943171385, -0.074418911797341, 0.25530073014635, -0.052719242288629, 0.33398214429871
0.10678755772438, 0.16547406707434, -0.066896018237936, 0.24758224078999, -0.050342660017366, 0.3188269925992
0.16380169867347, 0.17273018784843, -0.13226914287882, 0.26102989529778, -0.074278232530242, 0.3304041319645
0.13882656564469, 0.18120282767091, -0.043427868329120003, 0.27097565191036, -0.068859631383495, 0.32639861462081
0.10163347881725, 0.17897238533175, -0.023404119841285, 0.26616393032996, -0.088431533724382, 0.33143592710904
0.06859220542656201, 0.18472781461371, 0.15430619608377, 0.27354058260037, -0.08547954860895701, 0.32339459976534
0.060582129683884, 0.18156518506894, 0.013748156621718001, 0.27776518500103, -0.1078479176694, 0.32518301723887
0.09755806821884101, 0.19580520398093, 0.047498232203106006, 0.29230059550887, -0.12668843276364, 0.33111415275494
0.09361828308632501, 0.21356013489608, -0.1517233273294, 0.30287341197561, -0.11400052492572, 0.34377960778989
0.17459456885717, 0.18553063457808, -0.36337669715889, 0.25048410895841, -0.15748888218042, 0.35680237459154
0.15809606173343, 0.17924012060631, -0.23604196181687, 0.23798195395412, -0.10281307342397, 0.3532534069813
0.10675991061315, 0.18608580136422, -0.14067934398554, 0.24739759982339, 0.030050962799276004, 0.35136842095714
0.09860480619353601, 0.18811603008468, -0.06895360596408301, 0.25375872712253, -0.0053008627550849, 0.34887695075971
0.11113796889627, 0.17791375606973, -0.25955065784136, 0.23721652555578, -0.0057617561660133, 0.34475536354418
0.12955804313268, 0.17072202213044, -0.3153000648278, 0.23673812078481, -0.068535074980217, 0.35412738290265
0.16597813016834, 0.19210320910612, -0.44527258909614, 0.26827465185194, -0.072436773227397, 0.36114281974895
0.15495743602205, 0.18541983520465, -0.30652992600103, 0.25678861712132, -0.019208727674968, 0.36609001310079
0.1503064427762, 0.1853580388688, -0.18667619185387, 0.25386547050115, -0.024120810219050003, 0.36527074728177
0.13757516430272, 0.18813242569745, -0.17289538294134, 0.24019415366198, -0.040010214330102004, 0.3646758105155
0.12116225927973, 0.17725543537826, -0.022189962365341, 0.24204347138977, -0.06437455881883901, 0.36477718483152
0.11783244157134, 0.18298094661251, -0.049137474058709, 0.23878001811609, -0.043161399639214004, 0.35402026195538
0.11300775225489999, 0.17876299518004, -0.10293188495873, 0.23127372350464, -0.05407440808625501, 0.35888131984852
0.1262940530612, 0.17989945555331, -0.066219409857871, 0.24373583786472, -0.046493574484028, 0.35866407009761
0.10907530516025, 0.18030431869262, -0.095638193694178, 0.25271533601949, -0.035574498378216, 0.34664482563995
0.12503352162526, 0.17501860033351, 0.0011005881725861999, 0.2426082626445, -0.045282151311371005, 0.34487703746744
0.14583108149531, 0.17864227078524, -0.019519298632141, 0.24742704489657, -0.024395767045506, 0.3621578369119
0.06559190728589401, 0.16843456888929, 0.074624403962814, 0.23273733697826, 0.077427158414099, 0.37033421454316
0.07952290617102001, 0.1758672668949, 0.0061039780421626, 0.26467532142059, 0.15966092436443, 0.39910530000362
0.16858103037773, 0.1757335322443, -0.32873967637889, 0.2483174728223, 0.10247936774112, 0.38449257811517
0.25973748014731, 0.17707256541293, -0.49891283941023, 0.2234963302764, 0.072181916529983, 0.38180757330915
0.24726267277831, 0.1890664270817, -0.92426820047353, 0.27583501762171, 0.13043336536507, 0.39146297554594
0.22940759169532, 0.18432755997228, -0.75369447368435, 0.27849800906925, 0.07861293149124701, 0.37267666805467
0.23008193140301, 0.19057573244771, -1.1401917434967905, 0.29138601386699, 0.19074498798639, 0.39449730120333
0.1907275423075, 0.17482906625743, -1.4044770934531754, 0.24391635097631, 0.13612812214342, 0.36036705829088
0.24628883016075, 0.14987958242359, -1.1208683097676688, 0.29354054418743, 0.20524279270276, 0.36798424023164
0.27585585455473, 0.12237300571537, -0.76219928328861, 0.30915637543926, 0.17836606930265, 0.365407601577
0.25339200449283, 0.15763919451547, -1.0577188366636934, 0.33479157318198, 0.23846458632902, 0.35990440572973
0.23487084405428, 0.14104455139038, -0.295362513468, 0.34551719874072, 0.21741366092077, 0.37201155643045
0.06670145385850901, 0.11918222862199, -0.31916727478156, 0.34868365668764, 0.22773202387867, 0.37401387330626
0.14563130589753, 0.12322593073061, -0.029222734387887004, 0.33246217827534, 0.15956200900625, 0.3771603819913
0.15252212527567, 0.09979417700069901, -0.23055368416244, 0.36426790232258, 0.11871861786364, 0.34876548845329
0.21328678267704, 0.11516234055441, -0.013672820857160001, 0.32025234234103, 0.082050178894588, 0.35695031758373
0.11231430339408, 0.14462410952598, -0.23991677784674, 0.29076144700081, 0.11279778241664, 0.33855919630804
0.24936436621166, 0.11698785526394, -0.27001998724698, 0.23991933711971, 0.09229626036285, 0.32839889299633
0.1548997589823, 0.063603138543236, 0.15282238883516, 0.22273722950401, 0.14422045120647, 0.30456877228257
0.17735019792592, 0.07254174610967801, -0.10421075942537, 0.20408940509181, 0.11222434025531, 0.27304986074045
0.2866251269609, 0.07850719740780501, -0.40762861070518, 0.24257507445919, 0.099387562523017, 0.28659534915913
0.29747180286117, 0.096586838979152, -0.56033459483709, 0.2404211351809, 0.27280140090893, 0.28787602570564
0.26755526940752, 0.08364388578782901, -0.6155647689199, 0.21905296107615, 0.24366350567391, 0.28563143252749
0.34837081828492, 0.09791331833675801, -0.83949962955695, 0.20015974833622, 0.26515380507938, 0.29289393353887
0.37427397512598, 0.091507099678426, -0.75530255729354, 0.18382356771177, 0.29887897391154, 0.28539941313264
0.3483326627327, 0.089347274866377, -0.68707720985582, 0.23053095397807, 0.27888320863222, 0.29076235162191
0.34676217325419, 0.1035780466765, -0.72435491567466, 0.24068292935127, 0.34499714485762, 0.2910982375073
0.33823817801455, 0.10794592745061, -0.60001295222587, 0.2196657958846, 0.35342142809038, 0.27064666514382
0.37880876849682, 0.11464273257594, -0.7163206424607, 0.20544114654989, 0.3080600749974, 0.25568067530806
0.38511387949519, 0.11167651704034, -0.84036288404709, 0.17426929102878, 0.46542404822555, 0.28147525208913
0.34718733240025, 0.123948348594, -0.62956607173362, 0.15877754342528, 0.33849512577714, 0.29951159909213
0.43504500356639, 0.12755038613591, -0.78088512119794, 0.14243286614184, 0.30587013031914, 0.30201880754927
0.38177302762092, 0.12055489216033, -0.56713786643775, 0.17863170443169, 0.28547915090196, 0.30843391078537
0.36319969526837, 0.13895316328395, -0.58833335429124, 0.17536022249174, 0.27778860237869, 0.31021211760497
0.40923830496721, 0.12049957112647, -0.63948632767267, 0.16555236089274, 0.2511979626668, 0.31959912165954
0.34621970387781, 0.11991792219518, -0.59447807006765, 0.17462435542014, 0.26233859393634, 0.32120831890876
0.41149863962089, 0.11226484047172, -0.67047700576114, 0.13963437270731, 0.24450191301347, 0.31127618198798
0.38336933154273, 0.09513400603579, -0.57187448930105, 0.12019128492367, 0.23758376226197, 0.30767665372851
0.38181636329475, 0.06455470382077, -0.56395819317512, 0.049072093669930004, 0.36166267799712, 0.29887088649938
0.38768686458065, 0.056834639373123004, -0.74191695160916, 0.041431333037938, 0.40242378333072, 0.36003432601767
0.40877646274608, 0.07554069075592701, -0.85017282490534, 0.06377068732499701, 0.47564981573944, 0.35547044682069
0.42917776680887, 0.06695359238756901, -0.87998199494805, 0.08128537670566201, 0.51848535804657, 0.30745642233606
0.45767386505108, 0.060485233289401, -0.9406253186131, 0.08235733495181101, 0.4861603773346, 0.28468558824769
0.46455270563807, 0.057932696474351, -0.96657675406997, 0.035956412096348006, 0.57427260169045, 0.27923722896518
0.47336607055123, 0.048093623570321, -0.90936149634105, 0.030355659282598, 0.56055094365681, 0.28275937370558
0.47277051077321, 0.043425311250539, -1.014677099288674, 0.019246326469214002, 0.57325194501439, 0.27822718249915
0.47672111242249, 0.0497285554065, -1.0850106823056769, 0.036456182567212, 0.53100499832791, 0.28833382141012
0.49215204068814, 0.051942768813925004, -1.0656755923218684, 0.04534377501089, 0.50055660174552, 0.26902962373515
0.50216494216536, 0.052044105345093, -1.0608292330651619, 0.030559388846408003, 0.58465830055922, 0.26913723350962
0.50238333690036, 0.041862893419490003, -0.86623166464273, 0.024143054382361, 0.56718861601096, 0.27373796845744
0.47594255626815, 0.038725199399929, -0.87236324447676, 0.020093741284937003, 0.57179387463575, 0.27035763252599
0.45318676267952, 0.040901831029466006, -0.76477010232315, 0.019460681449241003, 0.55465973580482, 0.28516345854305
0.39901346689411, 0.042751287755281, -0.56872998445936, 0.026856014758982003, 0.59711237849632, 0.27927854788427
0.43206136552098, 0.029672856086051, -0.78526984140652, -0.0013374716601261, 0.57206116680914, 0.26893048317004
0.46742513037231, 0.026249731412968002, -0.80106842251178, -0.0041003752950491, 0.55958106008106, 0.27798842471439
0.43248424912989, 0.033595168377289, -0.77339812164088, -0.0075678546780056, 0.56434485149526, 0.27633017614845
0.42141713518768, 0.03554791297522, -0.68358680334346, 0.0059830508717308, 0.53667085156427, 0.30285089682841
0.31382247290805, 0.041596387951648, -0.38846994812061, 0.020256654491629, 0.58205030840198, 0.29550644951067
0.40102192688951, 0.042529067774175006, -0.66945648930657, -0.0014741390473219, 0.52585661287373, 0.29254350841135
0.44868946518563, 0.041410049148544, -0.70009344863825, -0.023436135788776003, 0.51267321333816, 0.2841629796279
0.40903619724403, 0.045915792717483, -0.65203332240078, -0.0047602828608735, 0.5146581378155, 0.29290229565454
0.38252221310323997, 0.041943791126694004, -0.5303846912353, -0.02211826644605, 0.49084974208812, 0.29193607379547
0.28828653484105, 0.04442757793803501, -0.2227709030524, -0.06567457652249001, 0.43535880907401, 0.31128272464745
0.33317565982024, 0.019834025179305003, -0.46834524958855, -0.09700216594359101, 0.41211692996341, 0.29103177484867
0.36910321156362, 0.023576247248872, -0.48615005285255, -0.10746714348004, 0.40357781019354, 0.34547920434456
0.37304833284086, 0.014800069459614, -0.69364626327619, -0.10634252018681, 0.42053070596948, 0.34703014248911
0.39635092797539, 0.0056810921950068, -0.66559650450476, -0.11307656990811, 0.41655579640236, 0.33984880455565
0.2975781309621, 0.020325092778787003, -0.45487321691108, -0.076906032602979, 0.48541685352129, 0.35720156920928
0.29960064981826, 0.016143058714761002, -0.5680505867331, -0.092925692736087, 0.40666054146227, 0.34743457815457
0.38896857679224, -0.012692134812719, -0.62017871651687, -0.069263831506701, 0.42029336537716, 0.34694146709322
0.36092418807589, -0.023988901002607, -0.73936658756313, -0.028357158306844002, 0.45105446697136, 0.33828157612673
0.35811619595687, -0.021304689301401003, -0.5702958773145, -0.021144439994671003, 0.43305037308411, 0.36240783675369
0.37226689913533, -0.039483380172409, -0.66292863247795, -0.017764804381027, 0.44157532536876, 0.33591640941211
0.32824790168436, 0.0068942049284036, -0.62399155918803, 0.051549057998583, 0.55248800000603, 0.35874225577987
0.34904793903795, 0.0001637299946139, -0.53009708541076, 0.001271605780143, 0.51167339954563, 0.32610602018862
0.37803126450911, -0.009685393740201999, -0.67320131700563, -0.018349721478268, 0.47239210730558, 0.31217992785742
0.40497969636164, -0.020978387888316002, -0.70658245623581, -0.010002467416896001, 0.41910955855927, 0.30996703536787
0.41518325208591, -0.030297060880665003, -0.6112002713145, -0.042832825515585, 0.41038696328004, 0.29369941865511
0.40022932340453, -0.023958096065427002, -0.61084671616611, -0.012550784131947, 0.4397029258246, 0.29429887492674
0.39011149829749, -0.0089072718831163, -0.64211475652531, -0.0077257393794476, 0.40990843648977, 0.30324253856374
0.37851040949629, 0.0050396458432454, -0.68771296973223, 0.0066195916897854, 0.40829686106769, 0.31319293011071
0.39438095062044, 0.00097537275072, -0.58833976644585, 0.0015002749025034, 0.39308931863871, 0.32094563432605
0.35497602305178, 0.0015465557998522999, -0.50007387374986, -0.0051140440187078, 0.4228865029906, 0.3022766908479
0.41404388646698, 0.0023595510019934, -0.71114565877914, -0.019361929327936, 0.39958757367564, 0.30759948599712
0.42706206605112, -0.0024186845956336, -0.69361865489102, -0.036589660822998006, 0.39807226893849, 0.31981857991618
0.40017037083386, -0.00043215813333249997, -0.67605964217209, -0.026032864271896, 0.44603111599777, 0.3136425325938
0.3792690321798, -0.0051036537650585, -0.61584460887574, -0.029821274274338002, 0.43157725550252, 0.31986781324722
0.37011189135958, 0.0057546761840297, -0.69629081471677, -0.013443015130111001, 0.46742690208842, 0.31506234328793
0.37662642973134, 0.0035338361443532, -0.64432239469546, -0.014193053235701001, 0.5347271237505, 0.3278359741464
0.36476097567244, -0.003296680756234, -0.59406372719393, -0.027011526426837, 0.51296750359942, 0.31800581062131
0.35855020875943, 0.0013811608470606, -0.70002148619574, -0.027424267654099003, 0.50987051318718, 0.32113356142851
0.37510858904246, 0.0019464857994534, -0.6841563104029, -0.023946371157243, 0.46608670293106, 0.32021825865677
0.36902147857133, 0.0075406589902847, -0.68467326164854, -0.010628114132603, 0.48727946201615, 0.32316543298446
0.37852469496459, 0.0022000764173235998, -0.63541870278487, -0.016747531891462, 0.50252029198326, 0.32216650372351
0.36147304443444, -0.0034909764764056, -0.56523763118268, -0.016526193203555, 0.49336216039221, 0.32509235523077
0.35398562025487, -0.0074620708968261, -0.58658426204123, -0.018288326771171003, 0.48019213755879, 0.31761303203136
0.33191087911644, -0.013846928224992, -0.47061510521592, -0.016020500879367003, 0.47587980292622, 0.3190188159561
0.32029265847335, -0.010114627340416, -0.42050231690091, -0.020052937140329002, 0.49246952855485, 0.31410134111265
0.37884734265019, -0.0046362600092112, -0.64018096961906, -0.021916906908108002, 0.46891881991247, 0.31918674050972
0.3663491065813, -0.0012709473107905, -0.58382598607954, -0.013934875669736, 0.46069199501417, 0.33004933856922
0.34149796827106, -0.0016602345949641999, -0.57227634546053, -0.010502834780046, 0.47212640904431, 0.3339373165577
0.34050616579214, -0.0017044949348682, -0.51330529678091, -0.010801805721588, 0.43974708748079, 0.33873197979643
0.28851820297347, -0.0090926522826285, -0.31653224197921, -0.0021337200132201, 0.48608610457976, 0.33096187184929
0.36467142360075, 0.0001862553633544, -0.5701536632606, 0.0003006327167324, 0.43751761413493, 0.33280106519166
0.34991417849191, 0.0049797518863316, -0.54183629759291, -0.004961515738291, 0.42575084313715, 0.34798154735235
0.32689966170056, 0.0042467616162212, -0.53157165129619, -0.0091715849690077, 0.42982180159905, 0.33576345488684
0.3426805191612, 0.0024328191374224, -0.51589145345733, -0.0037254985279404997, 0.41574067171602, 0.34014066385041
0.32619742471153, 0.0003190112110005, -0.40505446499165, 0.0076622385321194, 0.42891070836249, 0.3350401811188
0.36515378561481, 0.013541556604812, -0.65552897733406, 0.0028845907628479, 0.440154045934, 0.34471452085587
0.35271954192697, 0.0071018444951098, -0.52179836208053, -0.0026081692294072, 0.45515206666532, 0.35681423909687
0.331199194851, 0.0063383278060142, -0.53314764327458, 0.0003309828474473, 0.4747795580732, 0.34857693025896
0.35572788677548, 0.0014932035079595, -0.59286459565489, 0.0023586678288385, 0.4841016054365, 0.35596243100631
0.35487531624479, 0.0034507748301745, -0.65267250129025, 0.010747970760815, 0.45341425308507, 0.35370605721397
0.38227112358884, 0.012188332979759001, -0.7213266115214, 0.0053049622515245, 0.4919122084204, 0.3577960615551
0.34196343943335, 0.0098851194023277, -0.57302642852712, -0.0007498276669996999, 0.51819188091311, 0.3545091901483
0.35686219110319, 0.013051166211664002, -0.59932783076987, 0.0047141800850139, 0.46304595852178, 0.35086368724159
0.34830668889654, 0.014004094744205001, -0.63000893273456, 0.017558624669794, 0.45297754380617, 0.37026570505596
0.33215977676461, 0.012853670877300001, -0.47330852862531, 0.024789057417456004, 0.4559284166686, 0.36468885886858
0.34359692755453, 0.019756737686194, -0.59063285682984, 0.020209830586621, 0.50792669777503, 0.3549691199972
0.34954715228629, 0.033771486379556, -0.60063713483138, 0.035092165088857, 0.50040685485726, 0.37352847152901
0.34581542552805, 0.030223682358433004, -0.57122298317476, 0.031145919577277, 0.47593272807536, 0.36854066606019
0.3503872477599, 0.029102952929657002, -0.52505312754689, 0.023447848020237003, 0.45962974486285, 0.36052289840633
0.29790018514058, 0.018688979252602, -0.38552671367499, 0.03557400068704, 0.47239453172342, 0.3479034968399
0.32992987916167, 0.023606541701835, -0.4729445779469, 0.019944066075560003, 0.45364318659174, 0.35075202812064
0.34257927701109, 0.031060763584653, -0.62975435988063, 0.038643071123249, 0.43314073823015, 0.36242547177815
0.35402246606947, 0.041401743704392, -0.5730789384542, 0.039878438090814004, 0.4217225287955, 0.37884347187677
0.34303119860677, 0.041729176875679, -0.57107663145465, 0.045685235874987004, 0.42698492909279, 0.37538783567585
0.327822138999, 0.043624770127240003, -0.46780948065542, 0.036244253331428, 0.43600018865746, 0.37237376379
0.35266799225185, 0.05147931589578, -0.6511744407265599, 0.02622528978582, 0.4644750533653, 0.369262315325
0.30829872495652, 0.045433156918064, -0.48350134945408, 0.015983237029093, 0.5355008023679, 0.37441463929673
0.33070535652809, 0.045518590124297, -0.53545574556333, 0.018287361717423, 0.49551245891403, 0.37340320409189
0.36199375778954, 0.036479035819743, -0.66813810980209, 0.014239113451408, 0.48586038223737, 0.36963400983212
0.38436775767086, 0.034628680832097004, -0.66800496674482, 0.018166213288606, 0.44732815822164, 0.36340519983709
0.38725985831698, 0.03401544072149, -0.72342208227664, 0.03157812527188, 0.47627364955251, 0.37237505649148
0.36517070432537, 0.013957217917333, -0.66082169178723, 0.018023047899498, 0.48380812433578, 0.35908749681902
0.34611750758947, 0.011934778548437, -0.5194303876302, 0.01655456272245, 0.48962762974851, 0.3572454273724
0.34827681094119, 0.013777274195708001, -0.54332050681946, 0.013225829813087, 0.47714784408142, 0.35738753122507
0.3135786111108, 0.0053802306084423995, -0.42576992966019, 0.021966555450874, 0.47200508763181, 0.35493195692277
0.32806839431352, 0.0074330561937624, -0.43967215373196, 0.011103526875865001, 0.48289271361934, 0.35051749597762
0.35142993064489, 0.013099915042583002, -0.64513464074024, 0.0099229434092808, 0.44916207761228, 0.35316589236087
0.36514045671359, 0.014664936226826, -0.58176268658233, 0.020120718263386003, 0.44497111841604, 0.35992203228315
0.35801669434956, 0.018656980398356, -0.57098098010459, 0.016501880907519, 0.44990203405497, 0.35665373742026
0.33472221486575, 0.011203591942294, -0.49868835299545, 0.02850144853072, 0.44437400976067, 0.3546599648703
0.30600331311413, 0.013707289355488001, -0.35891960104185, 0.022218391201631, 0.4469644807478, 0.34613924448537
0.35310630264338, 0.018621398173923002, -0.63353597313124, 0.021375173374923003, 0.41656223513486, 0.3496050827803
0.34877983547277, 0.018743667621951003, -0.58824089695419, 0.031048959983673, 0.41938727426678, 0.35201295660461
0.34463643387208, 0.019308299665053, -0.58757933909553, 0.018610207302649, 0.43032700377764, 0.35386551879483
0.34786008589841, 0.018343478642732003, -0.5949178187773, 0.025215176992721, 0.42376708505139, 0.35872581019727
0.36298173000561, 0.01853122606515, -0.65593883985092, 0.012632485681393002, 0.4195348557694, 0.36438708283896
0.33328751237818, 0.011354698168255, -0.65815551347176, -0.0005542443802556, 0.48151437140452, 0.37126417514839
0.30679267978246, 0.013415359078836, -0.50078966025649, 0.0014764327497126, 0.51939956591693, 0.36657716563674
0.32938691109563, 0.017872176682547, -0.63210948122546, 0.0055627421145482, 0.50393725012167, 0.36980307100836
0.3452016073104, 0.021075161599165, -0.74017111349583, 0.017097746566604, 0.47835750238602, 0.37400553994209
0.36812908457382, 0.021078503487729, -0.7532912741527, 0.032913262764448004, 0.44722417510912, 0.37487025163754
0.36422726857337, 0.024677140588879, -0.79013240542017, 0.032782193669678, 0.491797879822, 0.36833882429734
0.35601555222899, 0.013031204976592001, -0.61742420206294, 0.02711303455728, 0.49043861668019, 0.36496212270387
0.3491806146784, 0.015917378099434002, -0.61053339964842, 0.030650678503180002, 0.50787947593483, 0.36190314598449
0.34257323093828, 0.009890880608274399, -0.54224594897296, 0.018735503017007, 0.47652230127865, 0.36626484188769
0.30867226261166, 0.0020642633165744, -0.38813867751904, 0.027758165143452, 0.47758402843993, 0.35682774636054
0.32011029347412, 0.010644594605728001, -0.57491542798075, 0.012151391896948001, 0.46482936805239, 0.35225681608977
0.36561617524797, 0.016024073772594002, -0.66913016858228, 0.020187756878209003, 0.44684824615991, 0.36381608712132
0.35335901077793, 0.016430304377514002, -0.60947819527526, 0.035542966138601, 0.45382272777701, 0.37021825728938
0.32307456888188, 0.019967353006798, -0.56892600253254, 0.027101846998363002, 0.45220740815112, 0.36631824322375
0.30699567210666, 0.011505027534295002, -0.41347704964726, 0.028310471985305, 0.44968574869483, 0.358882909431
0.31373245678406, 0.013820143605860001, -0.52451224506719, 0.027225634874037, 0.41915198932696, 0.34820209749256
0.35881308550846, 0.014762102086628, -0.66129111024008, 0.028102472170442, 0.39763979284763, 0.35783556283364
0.34604846722924, 0.017714295910369, -0.58828862646556, 0.039632814436839005, 0.41401420863261, 0.35730853683423
0.34922366413896, 0.017200210057291002, -0.643321090739, 0.031745525519686, 0.4533095263418, 0.35949712769461
0.34637929984776, 0.018520904315799003, -0.54777854441027, 0.021372322797530003, 0.44195481411081, 0.36691961528686
0.33739126172597, 0.018130232143668, -0.62262531092846, 0.026235658365577, 0.45759118562811, 0.37495156697001
0.32626038488756, 0.020140239692604003, -0.56648259450178, 0.034422980737750006, 0.47428350333015, 0.37429731702452
0.35449467774008, 0.014379119813356002, -0.59479849886346, 0.037065386749888005, 0.4659260235204, 0.37184159664012
0.35524168337518, 0.019002028192837, -0.63609121637907, 0.022425441604733, 0.49215705182263, 0.36833009194744
0.35430359143312, 0.011001368729800001, -0.56905629010947, 0.033708099879397005, 0.45639834324242, 0.36236760486709
0.36104669717468, 0.014113059647872002, -0.61068046223343, 0.028831051319536, 0.48687143364892, 0.36211963637859
0.35385048855814, 0.013572868811798, -0.57066522614362, 0.020279411721794, 0.48624109291547, 0.3728830899903
0.34014147555826, 0.014326193102993, -0.51614439474438, 0.028711781056327, 0.47893034445907, 0.36359015618164
0.34552366772734, 0.016051350483371002, -0.53974573152467, 0.019676413431564, 0.49607682299774, 0.36589154140228
0.31499161714305, 0.0037983002789489, -0.37658367826779, 0.023045529163642, 0.48352787830358, 0.36158054916173
0.30241543036257, 0.0047716222886543995, -0.43769647216251, 0.025216883722731002, 0.4723295762867, 0.34764809879675
0.35851776318956, 0.0071498956248741, -0.59725389114783, 0.032685660293316, 0.45467113796247, 0.3587145079048
0.35693752377428, 0.011865123395330001, -0.54465314002227, 0.024432599016112003, 0.44303735234449, 0.35878725742576
0.32774833158222, 0.015523444861143001, -0.5676917242763, 0.029636337031839002, 0.48235304272626, 0.35830144978818
0.33307541065156, 0.00976211033282, -0.41036369900676, 0.030492596743647002, 0.4472317284213, 0.35229584092414
0.28621786274857, 0.013880748516210002, -0.39576550425436, 0.026549180096992003, 0.44874410792241, 0.35719205693356
0.34447225915735, 0.017225130508076, -0.61461457373582, 0.029587478447720004, 0.42631710960103, 0.36072342250415
0.34651915827051, 0.016300146766710003, -0.54345636908155, 0.024359872932017003, 0.41869449523959, 0.36019021205371
0.31892764868319, 0.022525759291484003, -0.57195433837876, 0.028309788958708, 0.43933308625079, 0.36252890537008
0.33033318645736, 0.018058979325979, -0.52095710739094, 0.023083466013032003, 0.42714268189453, 0.35707972595271
0.32692473352137, 0.025653533048750003, -0.58018218731111, 0.025626513895081002, 0.43575933854993, 0.36082901077151
0.34624123280887, 0.019795431303225003, -0.61461226355571, 0.028408378492687004, 0.48483335072466, 0.36380451180275
0.34081337271056, 0.014931690107578001, -0.47817132262691, 0.024201427908230003, 0.48149271277009, 0.37544292856664
0.34595792852179, 0.014554566823233, -0.61439957738676, 0.018699245073006, 0.48730071738581, 0.37317348568394
0.3582468064977, 0.014177749854635002, -0.62482581039816, 0.020414006312013, 0.44943335613724, 0.37630829741587
0.33836965872892, 0.020786709511087003, -0.65135166968502, 0.036148052728121, 0.4678403900894, 0.37216549932797
0.36803687209638, 0.017818224924222, -0.64327574129622, 0.027857524445435003, 0.48729565884259, 0.3723199438009
0.35214813087063, 0.014834721988259001, -0.51885104153414, 0.020765027801947, 0.49150217707961, 0.36883256479049
0.33289369219107, 0.016894112338674, -0.53518194207427, 0.023696098206746, 0.4843475519712, 0.36647496214262
0.33352700284059, 0.0092982441937825, -0.42812345741741, 0.036714576386827, 0.46022306224135, 0.36305972197692
0.28602781422113, 0.0050627643254039, -0.30424090549655, 0.026073226798691004, 0.47338461747073, 0.34748928861443
0.3321995719934, 0.015089585272592002, -0.57735267382954, 0.033838905445401, 0.4388744303701, 0.35369471911458
0.3700462060355, 0.017873161350714, -0.59067113858318, 0.034597875711592, 0.44726966452202, 0.35348887587223
0.33606292506568, 0.018611277418615003, -0.57938408465666, 0.03586829660862, 0.4549001018504, 0.35518579202552
0.35292828935371, 0.013109780019349001, -0.50570665202695, 0.043458862330607, 0.43242191489202, 0.3617719158612
0.27993092590526, 0.012204783610737001, -0.2964852184414, 0.036681167531, 0.45063786498794, 0.3491077946952
0.32605062461662, 0.016664157829961, -0.62746190001167, 0.043668267907723005, 0.4410722748802, 0.35152204192086
0.36061415271716, 0.020449114567994, -0.60899756121777, 0.038317009015271006, 0.41935604900053, 0.34931075340076
0.33536243475026, 0.025170379492428, -0.58533371852145, 0.036710415926001, 0.42984085804824, 0.3543513715837
0.3523923814975, 0.024015647469794003, -0.57304634383776, 0.036987021915882004, 0.40919171784551, 0.35539112402552
0.30664732848119, 0.024632630497171, -0.47765556016357, 0.029803914840796003, 0.41589802170008, 0.34675630542781
0.32470699357699, 0.026374977517126003, -0.66078199894048, 0.037397204133053, 0.46559644794398, 0.35462956707207
0.32399169339758, 0.023731671775849002, -0.50319563771818, 0.038340198954106, 0.47707671420878, 0.36300677556875
0.3321054534363, 0.011448224858396002, -0.58617205963154, 0.028913796065686004, 0.47225006967722, 0.35293189172264
0.34772542768973, 0.010126915226468, -0.62499412481523, 0.034585227390547, 0.44867367838669, 0.34723038823441
0.34234105047934, 0.0062792303566858, -0.64794870593195, 0.037059012079839006, 0.43287136322437, 0.34830755895553
0.33917435014649, 0.01170275098127, -0.67689032702155, 0.031917722420542, 0.50131587540009, 0.36105372524521
0.3385035605969, 0.0093304286552365, -0.57137532211832, 0.030787246807751002, 0.49318849256597, 0.3502558026995
0.33316365336063, 0.0001318558097204, -0.57883008148582, 0.029513142764151002, 0.48393270297056, 0.34772135529976
0.33779288785977, -0.0021818900126052, -0.52589364005956, 0.030980334860157003, 0.45667618657147, 0.34202918210849
0.2778309577966, -0.0024054564953159, -0.33235786568228, 0.034245380285888, 0.49661440667197, 0.32736955736295
0.31967768759651, 0.0080093707647032, -0.56060815167403, 0.030413981364915, 0.45049222635161, 0.32937066578263
0.36001318085072, 0.0031186620174856, -0.56596282206403, 0.027084222130885002, 0.44005681718552, 0.34252143359557
0.33291205069729, 0.0097668618122551, -0.57317886002193, 0.030865921195247004, 0.45997146509917, 0.33704150156873
0.32302600822744, 0.0062201180244799, -0.49447842966404, 0.027147969845716, 0.42612031690498, 0.3440980405639
0.27370869447128, 0.0006555170628588, -0.28770447202511, 0.033551893461502, 0.4516203523085, 0.33286597723937
0.31494476787464, 0.0099253346394216, -0.56467515479368, 0.030597881506427, 0.40821644835268, 0.33672995387848
0.36338414003076, 0.012947845911243, -0.58842069602388, 0.032609511808937, 0.39800104654059, 0.33816351002431
0.32692339584809, 0.01492039310663, -0.57200133355722, 0.034661580632184004, 0.40995916911093, 0.33823098185465
0.33734015913549, 0.012991861821852002, -0.54280014690939, 0.034688568310420005, 0.39252836402352, 0.34305824955448
0.31518431772186, 0.014020304559011001, -0.44729985317922, 0.036861249713504005, 0.41221794150264, 0.33968862190462
0.34018201832745, 0.020907390498291, -0.64353378333584, 0.036119239229847, 0.4311531553662, 0.34593309051162
0.34537796187701, 0.016972579755808, -0.54319922565132, 0.026790751761858002, 0.43031337578297, 0.35365047452561
0.33235824536514, 0.013040078159879, -0.58881988228331, 0.030416753512075, 0.45040994871737, 0.34532381890271
0.33817199066135, 0.0068720746043097, -0.61118095684904, 0.033938652927512004, 0.44820938001114, 0.34410855368856
0.33729172115744, 0.0090259977138451, -0.65476866355017, 0.034814230787528, 0.45331223691225, 0.35222608156135
0.33018175568704, 0.0064517356818758, -0.63715861351951, 0.015496637762846, 0.49242352605844, 0.35227938341124
0.33629019562993, 0.000604165266279, -0.54433999028706, 0.020278485459947003, 0.47685713818731, 0.36445592933472
0.33951111144859, 0.0069086811968507, -0.63012319595839, 0.023933010478008002, 0.4814382455339, 0.36250864553295997
0.33065704512285, 0.0042714780080704996, -0.57915882069869, 0.032087649285399006, 0.4263234580311, 0.36360890053752
0.3083325050316, 0.0046181145435888, -0.46280438611485, 0.051952869644963005, 0.4581424302631, 0.35262561656301
0.31881016485544, -0.0008039052004131, -0.5541051845658, 0.022376010307721003, 0.45076058854394, 0.35517386517627
0.34042389777438, -0.0016382590740664, -0.49420260331137, 0.027298942298807003, 0.45129295493426, 0.34887395666193
0.3277052356234, 0.0058513630251588, -0.52095302949918, 0.024996000657335003, 0.44869592463168, 0.35305675448749
0.30833156475447, -0.0049224836642759, -0.44549433956805, 0.029796245357933, 0.4430743756876, 0.34103811746239
0.28228034758222, -0.0012115571037512, -0.26668346402345, 0.030154636842485004, 0.43359418818614, 0.3356498383408
0.32349173156625, 0.00011589363956919999, -0.58118758098288, 0.031723660351883, 0.39549271495122, 0.33712154240245
0.35411432630949, 0.0076011275690331, -0.57889633823985, 0.038071680278105, 0.39094396971911, 0.35913090650091
0.32174322380089, 0.0064750060521774, -0.5375009014825, 0.032469571738012, 0.3879944952108, 0.35446280697103
0.32942267030168, 0.0059739259797012, -0.48966161351622, 0.034822543262997004, 0.37872560420472, 0.3543810984314
0.30085943694368, 0.0069646670596639, -0.46542645902342, 0.035061375452577, 0.40060761768505, 0.35031211759698
0.33356064161199, 0.0093762383640782, -0.67680559110089, 0.032915321648723, 0.38463619172775, 0.34936614285063
0.35555578016659, 0.0058327286203156, -0.59611659772861, 0.029669391677102003, 0.42022707428038, 0.36238912307318
0.33814068506089, 0.0033495953958019, -0.59561274123468, 0.02424234462386, 0.45013612776984, 0.35644408600505
0.3275035301968, -0.0034564127426818, -0.54775833028621, 0.019431323595863, 0.4190486486741, 0.35656914679213
0.34264893579069, 0.010778046537534001, -0.67519014238607, 0.032977493680333, 0.44379870878024, 0.36535041357049
0.32956846209235, 0.0037320840999232, -0.60811234714781, 0.027133093398588003, 0.46889940380436, 0.36912640067175
0.33180535540474, 0.0026099385854114, -0.58494739069036, 0.031614967370737004, 0.46015116447208, 0.36606355560945
0.33042487191771, 0.005926684558254, -0.62835517734508, 0.028502255021719002, 0.46898522718338, 0.37067019720793
0.30618853959917, -0.0026119705787635, -0.43787033782803, 0.033724277231706005, 0.4518052447048, 0.36463368138811
0.3180206963009, 0.0024569775928723, -0.4685993031553, 0.041263571782457, 0.44705646503778, 0.35377538714337
0.31708173359022, 0.0005364896171639999, -0.51282291219698, 0.035909091877617004, 0.44116470280771, 0.36362976189011
0.33244961648478, 0.005731833660011, -0.50332793120971, 0.029577607361482003, 0.43816188297056, 0.36536072098144
0.32014533201447, 0.003299838121048, -0.52691358612805, 0.03277545681267, 0.45450445113021, 0.35456272845766
0.26320353004976, 0.0038002876301006998, -0.32161255249337, 0.036824898824791, 0.46813111032798, 0.35393055765924
0.30287020153989, 0.0085759025253006, -0.40501406246935, 0.038033008719423, 0.41843638236794, 0.34720873344395
0.33879156256688, 0.021061073852489003, -0.61594421926186, 0.042481119355702, 0.39148338407587, 0.3600106977473
0.3327431224247, 0.022565958563763002, -0.59493971571979, 0.040427246021816, 0.37772476994811, 0.36312757695022
0.32308248604176, 0.019958923897011, -0.55859390506962, 0.043235650723150006, 0.39392749505477, 0.35776287151792
0.29441624593758, 0.022462384970537003, -0.37911124038777, 0.042011114148131, 0.4081127157471, 0.35621503208445
0.33435295864943, 0.024248241237470002, -0.6153818675523, 0.057087551311780005, 0.40117547206426, 0.35555682603194
0.30516822696612, 0.029384379306268003, -0.55673745733033, 0.057343145705434, 0.44443924567816, 0.36846245486093
0.31203693302344, 0.015262179891259001, -0.53899430412507, 0.040187420111694, 0.42877725718297, 0.36750143955986
