Pichu
0.0, 0.0, 0.0, 0.0, 0.0, 0.0
0.014869208911786001, -0.001426225721614, -0.025134571077544, 0.0082437788421875, 0.036307715587493, -0.0082384375813109
0.010043555438225, -0.0067357623740047995, -0.023266489385019, 0.010592528003299, 0.0094894687171594, -0.010147300122462
-0.0088906342169091, -0.0001674932600981, 0.014665735264928, 0.012218271107659, 0.0028375431744431, -0.020147223823658002
0.002905914800983, 0.0018510811537309, 0.037218043383758004, 0.015184785236002002, -0.012094963078574002, -0.014931745334502
0.013368581203344, -0.0001440131841154, 0.10567018462322, 0.013105824603148, -0.026360680335116002, -0.015113353477646
0.006063963946278, -0.0003099905356754, 0.033839786561762, 0.0053370677107885, -0.015970570805573, -0.0067206444648428
0.0011401690617323, 0.0023111347268463, 0.037377202631045006, 0.0054238485322604, -0.021799035459253, -0.015874350365549
0.0010338065571778, 0.0068415758635979994, 0.05892244612778601, 0.012041883471552, -0.013218883168188, -0.0098295988066955
-0.0050806412097434, 0.0064689164815817995, 0.06809365595613101, 0.010288293557126, -0.034546274827930004, -0.0040052364493559
0.027795268347093, 0.001813822301797, 0.10297187506281, 0.007558615230331, -0.055367572234698, -0.0023632714637498
0.033540446635368, 0.0084449705904974, 0.024233872912461003, 0.011090795386532001, -0.02587266672321, -0.0063208398668353
0.042251637369938005, 0.0052413975897630995, 0.016157921548966, 0.015648400402761, -0.01884814766725, -0.006562160406292599
0.026057884826031, 0.010230096613292002, -0.004289209259143, 0.025520266419884002, 0.011083878617935, -0.012076852898471001
0.0066601833034852, 0.0097838767686686, -0.025474231004112002, 0.016112993611566002, -0.018166292483366, -0.009712489936516
0.027285977327752002, 0.009128534068583799, -0.040375857238622005, 0.030626144212547002, -0.008668953046713, -0.0021509362689997
0.020140453861400003, 0.0096975696612654, -0.07152105414927301, 0.027593168238356003, 0.047565466107307004, -0.0082284974761795
0.029528076770540004, 0.0082722488495211, -0.082703674691198, 0.026835423963071002, 0.049740654761955, -0.016790072593348002
0.025528832411556002, 0.0045530089931119, -0.08425745028047, 0.014020118209995, 0.045889527933535006, -0.023666811677115002
0.011524399122016001, 0.0046459299341947, -0.07845329629082601, 0.0064857157114292, 0.020749746380068, -0.016408287437017
0.045610423275328, 0.0049507602729531, -0.028071226266102003, 0.026444976485994, 0.0060275901348809, -0.0089753378287933
0.032944194604367004, 0.010049043006660001, -0.060152317450949004, 0.025360708739988, 0.028837389353841003, -0.016987228024838
0.011938162588929001, 0.011195856817614001, -0.025445471261066003, 0.017557751298356003, 0.031649430560508, -0.016429787954204002
0.01313887518125, 0.011931872707942002, 0.0071246312968979994, 0.020113633559143, 0.0050642275605352, -0.0041922794756270995
-0.013320536635807002, 0.022566906558924002, 0.06292303356204601, 0.014351034340706002, -0.014396566621566001, 0.0063799610113145
0.030974225199659002, 0.011258143839196, -0.0098739063748565, 0.016020887030417, -0.031595023319944, -0.0051424397041518995
0.041527348962408006, 0.012371868469260002, -0.08425538556226801, 0.012433212414031001, -0.024967629413894, -0.0071282691700565995
0.031045399359064002, 0.015843395947581003, -0.033700456601277004, 0.0075739351167381, -0.019835679758648, -0.0058784073001692996
0.015578814343573002, 0.0087282860116679, -0.016076860607453003, 0.0020965187141762, -0.02279608945652, -0.0066536279128828
-0.016189892600006, 0.026806127095194, 0.07816783527292001, -0.0066912263915922, -0.037104329770248, 0.042193570600358006
0.045049249971276004, 0.017313553552519, 0.058030604741409, 0.0046342056399948, -0.048162720022974004, 0.027258560531231
0.056602879887912, 0.0022718111408667, -0.014529504220891, -0.012265854904857001, -0.051284176144187, 0.0031421338838556
0.072670114637871, -0.0040496614535727, -0.006216679095862, -0.016544254859031, -0.045270384269715004, -0.0079203937128326
0.05404881329361601, -0.0021991107569249, -0.014470198081163002, -0.013450082542558, -0.051137813189690004, 0.0006969712108266
0.022996329379147, 0.0029441315281086, -0.023396584110224, -0.014573809801091001, -0.071874714498749, 0.00863551968707
0.071095321253712, 0.0054935128078711995, -0.10720512764399, -0.028219374628582, -0.11677350481858, 0.022054472517827002
-0.005902992238694, -0.0054748689596468, 0.0033894220730129, -0.056372554428911, -0.34847424026364, 0.083056067841087
-0.17186799101587, 0.0050265218729325, 0.031438817950131, -0.10263428901743, -0.3911523690355, 0.096767946493427
-0.16252831410483, 0.011672058110789, 0.12092500266041, -0.087160866087215, -0.38767628618581, 0.13997121100458
-0.09644840893629501, 0.014964433915695002, 0.057426603457022, -0.09498157669326701, -0.41476649482242, 0.12233930640022
-0.034116397201550006, 0.010523799391743001, -0.047350728920734005, -0.09939086994493801, -0.41628389814192, 0.1422303723514
-0.023156648992707002, -0.0030195178094851, 0.013633162313721001, -0.10593788935929, -0.33616203991193, 0.11984511657212
-0.010529402296096, -0.0051741179698411, 0.055572700027925005, -0.11749919728964, -0.30022164367062, 0.10950288921734
-0.014853264660200002, -0.0057924804848186, 0.008244087042047099, -0.12268322610612, -0.23371490872731, 0.089243918477201
0.0039699719030717, -0.010520897254232001, -0.000850030521113, -0.1017665226226, -0.23817787584845, 0.075170450566406
0.033981756066039, -0.012146031899844001, -0.049383061955560005, -0.10216553294338, -0.23594628605613, 0.07526505560475501
0.023182072060311, -0.0088875050283795, -0.022211670981454, -0.096393437300424, -0.22564149525134, 0.082239005888444
0.036101499642516, 0.0009928240148671, -0.019768783734750002, -0.06470167074326101, -0.22428459369845, 0.07386803917958601
0.035581435547865005, 0.0031852118866278, -0.0006886997812637999, -0.045244403560003005, -0.19743366575794, 0.05554078854696701
0.055415116890757, -0.0010057427918564, 0.01723957943031, -0.044625845195251, -0.19417373055375, 0.055331324232228
0.055547604953027005, -0.0051640218497486, -0.012045693950115, -0.040946532250437005, -0.15538449887773, 0.023191616841054002
0.050451981135805006, -0.0056891902868885, 0.010321239405757, -0.04528831326446801, -0.1477979399505, 0.016862884384229
0.05984498124481401, -0.0030232011338425, -0.0061279969334148, -0.05374473607961901, -0.15727573644372, 0.02874018515157
0.045004766037493, -0.0066075160145614995, -0.054434633682437006, -0.06642256325019301, -0.16824896850306, 0.033441531437094
0.049213315285847006, -0.0046374702133413, -0.065923190948492, -0.059316838749458006, -0.16755924750521, 0.04362229793214201
0.05977114711569, 0.0015237727945048, -0.088914539070008, -0.048362085738937, -0.17899667302623, 0.058293161223910005
0.044099831865067, 0.0057281161866985, -0.06137538459112501, -0.036640554734622, -0.17249175617263, 0.055487748599071005
0.035722079546148006, 0.0058079098725276, -0.056013047980051, -0.043063843275988, -0.14468912111685, 0.04927889031323
0.031799389131955, 0.0059288656423605, -0.10970401218151, -0.039534850445070005, -0.15370534581816, 0.050004549956822006
0.026706847222522003, 0.004882091608873, -0.12119707326344, -0.028462488232998004, -0.15381867752481, 0.059475291553843006
0.021036290613556, 0.0051839421736973, -0.11196853841141, -0.023210679772700003, -0.11751883437931, 0.05718395193496201
0.016562312600461003, 0.0005877305532717, -0.09212867292377801, -0.034047589801503006, -0.12141705455195, 0.063328394674754
0.033389336640868, -0.0012170134147038, -0.12247681451133, -0.034223774412227, -0.11069677181482, 0.051421531341365005
0.021601557941884002, -0.0014824078304253, -0.10807586081485, -0.044103944582908006, -0.14602273094497, 0.053822436660225
0.044157134414585006, 0.003708584198593, -0.07425020295889001, -0.025320298553419003, -0.1311489799636, 0.054513933603708
0.043464663461496, 0.0008710721678656999, -0.065381163579922, -0.026144761821713002, -0.11767434784812, 0.047894179688732004
0.032450073524126, 0.0027577103600859, 0.0035583052077791, -0.028270580411681002, -0.11455191569088, 0.044688068943166
0.030750197421143002, 0.0082869533001036, -0.0056081186162242, -0.017038100531886, -0.11505893392851, 0.04385975307978
0.018617017446699, 0.012431169226185, 0.054466584397641, -0.011030416663448001, -0.14210579957401, 0.056491790110779004
0.031988926999577005, 0.014261198645918, 0.011048141845259, -0.019593067236785, -0.13394733197204, 0.056554905661685
0.0077245686761377, 0.011203416943484, 0.027907353142380003, -0.032208472373391, -0.1166239103959, 0.05493089886512201
0.025382866235536, 0.010688125682965, 0.03729693166865, -0.015892242204161, -0.11491999636914, 0.045052543449838
0.012451829288050002, 0.012375118726951, 0.035173942428887, -0.013559034139789001, -0.10713313294777, 0.046075966888475005
0.018282579358022, 0.019670595314981002, 0.09156558392013901, -0.010352838664866, -0.12352399681482, 0.053319650711915
0.031078120803507, 0.023830734218902003, 0.08324879800583, -0.0048694648263416, -0.099342284111833, 0.070854976516493
0.0088069169588269, 0.019376000850497, 0.09252574493872301, -0.0050144294168622, -0.1002374954745, 0.05683871221983901
0.028321518737460003, 0.022629227603417002, 0.065434649560715, -0.0054662693914979, -0.080742189670017, 0.036428796926482
0.018325830657316, 0.013987684418526, 0.035407919422432, -0.006343116291793, -0.08402032331294801, 0.023643010234897
0.022502853767157, 0.019600101414487002, 0.036468016611344, -0.0044064995683592, -0.08221949732195301, 0.036373321454361
0.039247177573852, 0.023338046649480002, 0.0097518586525378, 0.0063150512605889, -0.028526152577568003, 0.032746172390392
0.012643212300353, 0.016233506316049, -0.0074352307427447, 0.011350523789651, -0.035294747178229, 0.035208020184507
0.020004561556366002, 0.014535063424167001, -0.023083772527283, 0.012079829218215, 0.0001166306955889, 0.019779243411578003
0.022696357206129003, 0.009003169185243999, -0.06589479470513601, 0.0082659363861127, -0.020782086588114, 0.023984684752965002
0.020621574253853, 0.0044485796015387, -0.084539762892453, 0.012354751518706, -0.038776218127212006, 0.026389262649283002
0.028143182624552003, 0.005358125994973, -0.10028614481663, 0.0052271626928289995, 0.011958780046397001, 0.01269173412221
0.035040107876051, -0.0022705638084311, -0.10603442061304, 0.0066112917831062995, -0.0020555387231999, 0.010585432290437001
0.038695788034612, -0.0038394613054704998, -0.09140083466412101, 0.0035012782564104, -0.016518350018076, -0.0058712236349033
0.032797931089836, -0.0099065316261948, -0.043001159027776, 0.009020542290386799, -0.011516805523296, -0.019230166653125002
0.061957493899629006, -0.006352437207207, -0.046884577860815006, -0.0025345621400995, 0.012938171029167, -0.019584325986194
0.06935417710474001, -0.0072662401208913, -0.029378524975097003, 0.0017437634436886, 0.020589048732999, -0.038081834825569004
0.038813186869563004, -0.0086119439341423, -0.10227707611689, -0.021535970741265002, -0.070526191824862, 0.004612127964733
-0.07135909947782601, -0.0056770967467165, 0.043251119045937, -0.01816305383316, -0.16417302508674, 0.048632416456883
-0.041304066957690004, -0.0089616788191233, 0.08039917815153101, -0.021999686861342002, -0.10959796698281, 0.030611198289526003
0.015124189555275001, -0.0013025235323054, -0.014396859313365, -0.014757348382499001, -0.11596116932587, 0.030239156574188002
0.035633258977679, -0.0066806261854704995, -0.084726390961583, -0.022403954651689, -0.12328503674836, 0.038370982740478
0.027907085299959004, 0.0003390383834932, -0.05371013464295601, -0.020366770705550003, -0.11317097614623, 0.034307884088722006
0.039203336364630005, -0.0012879807741833999, -0.056357524346060006, -0.014995127293536002, -0.11422296992283, 0.041293813257884004
0.032118317636756, 0.0011275776611017999, -0.000629513040811, -0.010977822068015002, -0.12874498966661, 0.039412034315835
0.036066498672508, 0.0092464682935127, -0.019648042949789002, -0.013571862228009001, -0.12149297648329, 0.040592835575618005
0.034910939332313005, 0.0051953572836441, -0.011405386978385001, -0.0034866654056954, -0.11617426648214, 0.040096171632370003
0.038613503794469005, 0.0095292288092602, -0.041041462684841004, -0.0003033294762407, -0.09341782419630101, 0.032767391970635
0.017615917640087003, 0.010813734196354001, -0.08872187550645301, 0.0082615866840055, -0.08676555014939301, 0.038535661128486005
0.030218187220429002, 0.0085795279891228, -0.10065095253539, 0.018029395472622, -0.070093119951758, 0.034829116370282
0.020209767188274, 0.0033684491434778, -0.13935689884511, 0.010227517799397, -0.011309565388726002, 0.017172381762341
0.022928458430668004, 0.0017737545108221, -0.11575309349334, 0.0099027075001696, 0.0011711370126162, 0.024064581901792
0.031570560762068, -0.0016594264828982, -0.15017556095772, 0.011527927890519, 0.0091735547677412, 0.016067327086479
0.037014139482357, -0.0075413089406676, -0.16864090267939, 0.014462436591050001, -0.042233217836818, 0.02049632716231
0.061589187924871, -0.014677044765605001, -0.16908627739802, 0.016636854504840003, -0.032386233456225, 0.0082993595482118
0.062805979215245, -0.009837545540027, -0.17918987757887, 0.024760923956594003, -0.007015245924362, 0.0054037272666005
0.052367511916565, -0.0085926731804828, -0.11692435262585, 0.014746292441011001, -0.0087524066222536, 0.0014996021292914
0.06660465050247101, -0.0043223192737196995, -0.099545464572817, 0.025567170479911003, -0.022392369969248, 0.0031220486585249
0.020509245626839003, 0.0052177799870218, -0.07765091865064801, 0.034296123795890004, -0.031128822204095002, 0.015519566435443001
0.056320003594604005, 0.0043444228088968, -0.11869558890241, 0.031103837920729002, -0.049804059937319005, 0.020317280395594002
0.022633707057947, 0.010121603390371001, -0.08873017020727, 0.024958614737364, -0.053686038674404, 0.030548675554911003
0.025311761989641003, 0.0074751652726248, -0.043675382085415, 0.018032672187755002, -0.05450879926004901, 0.033137385090814
0.017936307084682003, 0.0093540419414608, -0.042345574177738, 0.027164025331983, -0.052946912986074006, 0.03618753700826
0.026830722875561003, 0.007877631088103, 5.63353270123e-05, 0.014014087806026001, -0.079074107581468, 0.039615408285185005
0.022720495613496, 0.016090553965792002, -0.046663499091300006, 0.0072730143978581, -0.08123354683797601, 0.05288271660518001
0.007008870441641, 0.023322781814046, -0.017600976693409, 0.030989779378469, -0.009375643785137699, 0.06035537503723001
-0.011043908744971001, 0.039553099037348, 0.029113684800601003, 0.025019947629837003, -0.04064130126418, 0.14420431324107
-0.020296569264818, 0.026669579821757, 0.10330541979816, -0.057252861258800004, 0.010996495999895, 0.36978792833837
-0.01368819107491, 0.088424589146901, 0.016338628139246, -0.036740006464618, -0.069190656343253, 0.53792981762537
0.011262087263769, 0.09596966854643801, -0.009580109383317499, -0.019374736143854, -0.063080885209795, 0.56222217061425
0.037192154934672005, 0.086944359268826, -0.0036795075463617, -0.003070173217841, -0.045622208007869, 0.54665781388287
0.04583082901694, 0.086395793704127, -0.054030123527593, 0.0048368487008459, -0.024779156904811, 0.53190938529079
0.038423701238169, 0.08202455004642101, -0.10158466841593, -0.011327027289999, -0.08241886018325101, 0.53661189355094
0.031906747792473, 0.070688671978479, -0.11687302359654, -0.020195703880481003, -0.12955792232167, 0.54054797223378
0.039634797404816006, 0.071241168299226, -0.16968873638422, -0.021453188662851, -0.047239072588237, 0.51412619993511
0.028930264922884003, 0.071366864210389, -0.09673778590863001, -0.0099062245620639, 0.0065123482399097, 0.47272497608332
0.012770180789155, 0.071948212185136, -0.08752810671856501, 0.0036191301879153, 0.021937632590277003, 0.45551894859321
0.022004913307515, 0.06322872847458101, -0.08530673942278401, -0.0049665571110276, -0.0079001001971087, 0.44351088672872
0.016718847604164002, 0.046053330270156005, -0.031000641897499, -0.012332858497206, -0.031097777119552004, 0.41837928115365
0.023017462591349003, 0.034183186527818, -0.09723329617466, -0.059861859768788, -0.030953727920188003, 0.32530362539734
-0.0082300218784701, 0.020826982680531, -0.050179971426685004, -0.065334822799892, -0.056917227628985004, 0.21993487018052
-0.012204843838329002, 0.017837299875422, 0.021255427474624, -0.043434266056875004, -0.045154208851616, 0.20884619780232
-0.016866154619622, 0.0078962507957472, 0.045030624327783, -0.034076959557573006, -0.087167852173628, 0.22203331436199
0.015672038338084, 0.014641217680276002, -0.0078286124198878, -0.034974426495638006, -0.10248703032729, 0.22768081813016
0.012385053137519001, 0.026519601012114, -0.07186071179584101, -0.043343327700148, -0.09136005022576901, 0.21012407439362
0.019825544568058, 0.024064498622251, -0.021175745716915002, -0.041277768913003006, -0.07683555359710201, 0.19522597803564
0.0087705797271689, 0.029393912881503004, 0.021996117206284003, -0.037513480292654, -0.046074039374741006, 0.18274413133765
0.014189643049079001, 0.033813440034032, 0.045311443698695004, -0.028981976100747, -0.09766584352811, 0.22287684292508
0.053260626979191004, 0.026276964497163, 0.019635664076892, -0.0073291521683922995, -0.038455637516607, 0.18915217496376
0.05884531948224501, 0.031927774693542, 0.057064572476412, 0.037812136147400005, 0.02658544132025, 0.099969783208657
0.06996962552645601, 0.023378250011492, 0.066813673715804, 0.10747630140514, 0.08123962808974301, -0.05440769131984301
0.10363530391367, 0.026158139002501003, -0.026365503207123, 0.11370253253504, 0.052753597462685, -0.049776780361173
0.08901170521091101, 0.036458198768836006, -0.016811660522579, 0.12428264204443, 0.019886482019846, -0.015435413758689
0.1211291966816, 0.035385219899839004, -0.046973751667933, 0.13931304600145, 0.062254847454262005, -0.0720629837318
0.10596919433511, 0.031325563026829005, -0.045061058162256, 0.13223833350347, 0.092812700748459, -0.12251590698127
0.09714320612974901, 0.027828713077621, -0.061788909678108, 0.14706595123118, 0.14219805260147, -0.11986559164201
0.094150360576185, 0.023436041184861003, -0.08531426048909001, 0.15827043715813, 0.18239259981544, -0.12687241452647
0.11717520660017999, 0.014873277469358001, -0.13600642930548, 0.13999073678492, 0.15459273523854, -0.13092327477212
0.12111613498475, 0.020412436155873, -0.19182686037348, 0.15607684588214, 0.18407970817503, -0.11395826842448
0.10702825062573, 0.017995409183627003, -0.15707525173727, 0.14394312145691, 0.16772994554044, -0.11704875202661
0.11244243119574, 0.022871158946091003, -0.14879305479872, 0.12750448245307, 0.18185506457503, -0.097566032695291
0.08371410681174701, 0.021586149207149, -0.10346286648524, 0.12423184426111, 0.16778540169545, -0.08357624232001501
0.09914457752288901, 0.024764812496671004, -0.07391796948224101, 0.12850335848513, 0.14135163046114, -0.077800948863363
0.10816335768449, 0.031021586051061003, -0.056798352400518004, 0.12562449425543, 0.12227411877872, -0.069253408755909
0.093420023625653, 0.033465667863258004, -0.059617857593316004, 0.12237459477311, 0.12829039250758, -0.057151112725484
0.079746645886937, 0.034165074012417, -0.05660919204350601, 0.12267803143249, 0.1429132563172, -0.059096497084512006
0.070255262162125, 0.037590262494963, 0.0030969958736347, 0.11265928219059, 0.12425024984365, -0.045790888504547
0.082799011791338, 0.032248373005061004, -0.021048403520118, 0.10139976190499, 0.10957429981481, -0.05500526272719201
0.06956936666022501, 0.031192739792368, -0.050899375925427, 0.10553995794311, 0.10125786413729, -0.046751473059194006
0.06412489981727501, 0.040353685404265004, -0.013100955070337001, 0.10641788821089, 0.10545750040033999, -0.03293601685829
0.033688662365840005, 0.037774070352246, 0.038026993545136, 0.10248653318863, 0.091754152941263, -0.020732053741327
0.017588562888919003, 0.042713848914224, 0.07984156644977801, 0.095716234768442, 0.043458284641168, 0.0017635519699151
0.052132722012295005, 0.029063875356857, -0.016343615380929002, 0.07744157919826801, 0.0093995247193584, -0.015323438395876
0.07248434785848401, 0.022937655904844003, -0.038233126529374, 0.07152447729762401, 0.029825983185115004, -0.0046578025577887
0.11297268500861, 0.015779700968789, -0.12714687250195, 0.07553594702803701, 0.047847606464121006, -0.010378368052296002
0.10426717336307, 0.0090490678227289, -0.11974314328228, 0.06646947956970001, 0.08311951294505901, -0.011306051974213001
0.078495916268219, 0.014625285438310001, -0.11914995120359, 0.07671124104748, 0.060771078103201, 0.0007404403465057999
0.07892367173616201, 0.014436731541054001, -0.1705941899031, 0.081009247683256, 0.100066752015, -0.0086519141717694
0.064717227189969, 0.022496397730217003, -0.11968564764945, 0.08859878082473101, 0.13185483880992, -0.0094181448340068
0.04541842329865001, 0.023295474184097, -0.11430067810179, 0.08959793273060401, 0.16635104639164, -0.017985950779362003
0.029277636880945004, 0.019526085603707003, -0.16441671433032, 0.078801143223135, 0.10952377641488, -0.011492542165769
0.031710522792945, 0.014561047972829002, -0.10937476573481, 0.08907317770551401, 0.11620572642586, -0.019185557310701002
0.057110811161354004, 0.019362176489393, -0.07876353841073401, 0.08303302552562901, 0.11550403110013, -0.023455928689775002
0.060293942903675006, 0.020568858635212, -0.027037143378592, 0.079747703322325, 0.09954370720165001, -0.029584030140004002
0.048900231109746006, 0.026176911836918, -0.00484393150924, 0.078537757933066, 0.08699426577141901, -0.021678441297116
0.020058487064535002, 0.028119917031876003, 0.057360831211079, 0.081439088256575, 0.081176504219924, -0.0082741237010046
0.055330555600842005, 0.030937943428793004, 0.014401239694174001, 0.07182636160090901, 0.07676356551341701, -0.0016274325265949999
0.031673070599351004, 0.025596027592605004, 0.014966620908816002, 0.070857411402116, 0.082358824054617, -0.0087514472472032
0.038563588250052, 0.027710909815911, 0.0082818518149115, 0.067229290033917, 0.07657445864484101, -0.0050139643914293
0.038576681498849005, 0.027283660207204, 0.022880457332915, 0.069751138501361, 0.07491803424787401, -0.008213958363401299
0.041957873695172, 0.029353122980086, 0.036466898762741, 0.081045132242837, 0.054267959082034, -0.0069349065427171
0.054784420392278, 0.028556084478556003, 0.015498823535926002, 0.08412559443870801, 0.059451635671275004, -0.0092944589749275
0.039134952288353, 0.030167890231033, 0.042838642828895004, 0.076506095812071, 0.069275381903354, -0.016032448464648002
0.051628668192064006, 0.033415902258150006, 0.043067114856455, 0.079203156359212, 0.064842878186328, -0.019166685309342003
0.042785148041522, 0.036605443757237004, 0.048016845822436004, 0.072821951342956, 0.049655486798468006, -0.007454219928387
0.054412515487399005, 0.028311369565748003, 0.022494112058221, 0.08515491908561301, 0.06886415272775301, -0.0030067952741235
0.066237274219357, 0.029897679415614, -0.031772855175154005, 0.084184945902049, 0.097288052270752, -0.0082176356670355
0.047056767604858, 0.025901681737883, -0.077713994083976, 0.076670728551369, 0.12506270466004, -0.014835694063180001
0.06359849087159, 0.027127316579482003, -0.09781700619107, 0.072662735398496, 0.15337821099772, -0.016461716478733002
0.04438759557837001, 0.017963205526594, -0.09720683861479801, 0.068101452508529, 0.12127180983063, -0.0062352391569881
0.075096027931264, 0.0038872087357911, -0.21191757082281, 0.049919572772081006, 0.10669174090979, -0.017148649153805002
0.076607003903901, -0.0014797267537783, -0.18286071727042, 0.046587172796219004, 0.11151825046248, -0.0040302630841167
0.061889072609906004, 0.013320596125978001, -0.12245190176064, 0.068095380630264, 0.15130068976176, -0.0047180605435623
0.039785138260257, 0.013747500811211, -0.09514882845623801, 0.068688035495704, 0.13448182383953, -0.012783475347833001
0.036553378567259, 0.015871831487130002, -0.010898683668127001, 0.067587017538503, 0.10506153825315, -0.013575678377160002
0.04951482081247, 0.01935662928743, -0.031386239070984, 0.07113399499404001, 0.11108524228353, -0.011564895492834001
0.047921293889574, 0.011886248160046001, -0.014737193084298002, 0.074134761903257, 0.099487583817498, -0.016860824231811
0.059220413815351, 0.020967893575986003, -0.0028011275642442998, 0.077910347545647, 0.10681931185149, -0.013934897759070001
0.029559937304212, 0.024614825405149, 0.02744610920624, 0.076260595029219, 0.09673676426764301, -0.015976437305348
0.057828014024279006, 0.024931321725737, -0.0026627127820322, 0.08495302749198201, 0.11670120525187, -0.019611993168513
0.048096091196902, 0.023297963340415003, 0.0049050790054454, 0.083381600334506, 0.10603002993725, -0.023349263846955
0.06018236301544701, 0.022418272038712002, -0.011417101349968001, 0.08191027825908301, 0.11950649259233, -0.025093109793726
0.061046835476226004, 0.023495418257029003, -0.0086582268907963, 0.07024346935207801, 0.083381395703955, -0.024994087589804002
0.044645847087322006, 0.021635365611388003, 0.063895188440861, 0.072246952420579, 0.05765056317722601, -0.022226787824409
0.06547946620124001, 0.021791067678324002, -0.033038517805475, 0.074351625552694, 0.086888736562515, -0.027016756829062002
0.06652081480678901, 0.030363468443680004, -0.023594582241616, 0.07389051955911301, 0.09010213058886801, -0.021096896738061
0.049074027828148, 0.028399224842933002, -0.018050814639359, 0.069838164868571, 0.10832314537787, -0.018960106101771002
0.043489148540949006, 0.033845414444702, -0.0080189145229765, 0.061371217255052006, 0.08153023573147701, -0.012053226178282
0.070443738320753, 0.023588891407365004, -0.016916759391236002, 0.07391140183316301, 0.08134126658415901, -0.016224799795334
0.08336515262285, 0.026458510459481003, -0.032147291665262, 0.07452382880717001, 0.08422129490864201, -0.017948196518343
0.06466275984811601, 0.025517675077508004, -0.0082484506823958, 0.066426341793341, 0.09813544073928601, -0.024609588204926
0.05588702264801, 0.032760833137103006, -0.009504315396338, 0.07781080925891601, 0.1074403821352, -0.027786474682867
0.049013690443038, 0.035784729426008, 0.014318819533807, 0.076822646925121, 0.076545187758377, -0.015645977854462
0.06728489263865, 0.032526110510553, -0.038428306265982, 0.08012017571393301, 0.09017864511291901, -0.0251618925005
0.06699057261508301, 0.029777262476590002, -0.047981702258181005, 0.08754572036673601, 0.11268472535124, -0.025445197746792002
0.072354794841939, 0.022772324828402003, -0.07740221041215001, 0.080462866971325, 0.1209546535417, -0.029498150690426002
0.062001679957955004, 0.02795482686565, -0.09425527183299401, 0.07369682951291501, 0.13708736269928, -0.028582663647079003
0.06505387112802401, 0.025885480851416003, -0.15052722593334, 0.07706587836896, 0.066382196885043, -0.010341056581906
0.08464297676342, 0.021332462925823, -0.28281169190312, 0.06586379871464701, 0.04832642296827801, 0.015765850861319
0.035363363868963, 0.016921910478022002, -0.16376797084039, 0.06914534537026401, 0.13704746111999, 0.0097691948413785
0.033597676257235004, 0.023724572420298, -0.12291136413608, 0.08039952912461201, 0.21123207725291, -0.011552279406546
0.02737883875143, 0.018820420141972, -0.12136009622989, 0.07972647269107401, 0.18689211955944, -0.010816559142149
0.043486646818812, 0.023887338155112, -0.09625417892526601, 0.079677834777144, 0.15786679838937, -0.000404391875899
0.047902507211617006, 0.019901042806203, -0.11735403094776, 0.08103819477559801, 0.16540388892047, -0.0026909981062685
0.040247945468664004, 0.021784427776623, -0.089073752533702, 0.067093324010041, 0.17880135959071, -0.000245495278422
0.060627809389236, 0.019443146982960003, -0.09078489184972001, 0.07868020204362501, 0.17986621473538, -0.015219156775737002
0.031992218327175005, 0.02434349335264, -0.05253199576591901, 0.07869744929887301, 0.15338371682136, -7.59833329685e-05
0.04929188274343001, 0.025561186476993, -0.086841053492928, 0.07299331160161801, 0.13932369341869, 0.0037582903591539
0.038845834441199004, 0.013216175225787, -0.073680600508487, 0.076836835167316, 0.13080086182576, -0.0071483055178513995
0.053497894428740006, 0.019245023331646002, -0.038792972579173, 0.07328088557878801, 0.13563662563137, -0.010171402219781
0.027045190903044, 0.021950346299294002, -0.060064185154880004, 0.069846842963381, 0.13842191115244, -0.0091822571527072
0.060572565700073, 0.020753881345605, -0.034735907646315005, 0.07090585117024001, 0.13310784699632, -0.010964800275417
0.045668102801791004, 0.020202552750428003, -0.0069160145959457, 0.054779300217671, 0.12284695128178, -0.014714585276938
0.063319144966152, 0.020768340137045, 0.021900963353642, 0.070128948701022, 0.11193229918021, -0.010385787302855
0.055595389224799, 0.017519812540945, -0.0161880266404, 0.072668075793269, 0.09430366063096901, 0.010478615314380001
0.0081929524173296, 0.029874579435116004, 0.041940566691790006, 0.08972179963545401, 0.1087490748604, 0.0024691045142033
0.032975413685856006, 0.037350054730212, 0.013812818831981, 0.09115137433874201, 0.10179425561159999, 0.0041427135083768
0.024805638318326002, 0.037943130425919, 0.0034978177320781, 0.082354198142846, 0.1078054270976, 0.0096847498027548
0.054443046918572005, 0.031741085098896005, -0.010565158301766001, 0.086122671240624, 0.096176486599439, -0.0055712249913847
0.06556797406352001, 0.025122564052066, -0.066844254873832, 0.07647570505730801, 0.092315394219783, -0.0053243731299034
0.051886661671035006, 0.024575070973042002, -0.082155192706317, 0.07362508586807101, 0.07149123173236101, 0.0065255248522392
0.07055803966660901, 0.024183344153962002, -0.14717091308562, 0.07431781923088, 0.12003887923022, -0.002655850614472
0.047738234057749004, 0.017314469294180002, -0.14776413656304, 0.072367802098929, 0.14102649086154, 0.0013512533232824
0.03908774605543, 0.021624668295571, -0.13212037535248, 0.073953670854629, 0.18521184476452, -0.0068801259673537
0.052613178021315, 0.016264711312542, -0.14464390097539, 0.07505000379512501, 0.15243652284172, -0.0077972398593573996
0.044655687867301, 0.015820412058336, -0.15177001266576, 0.057654735980424004, 0.08769022962125901, 0.011553974162215002
0.048926284803166006, 0.012994146348988002, -0.14624321576859, 0.052591137771558, 0.12659829458413, -0.01073299060866
0.036953558088031004, 0.014275683668574, -0.10952173619525, 0.059359177802629004, 0.14659076576646, -0.006562947589031799
0.041053963179339, 0.0077462142304779, -0.07855443504108901, 0.052485338538793, 0.12054383615793, -0.018382162806116
0.024843916016299, 0.013683908269589, -0.028255630839709, 0.06564381975623701, 0.099656474134846, -0.0018709184358136
0.06975061902634601, 0.0054506119223012, -0.056274456960079, 0.060104785135251006, 0.087475246691812, 0.0064268475402547
0.072976580077953, 0.014038367596722001, -0.064551732171368, 0.06495293347881101, 0.10034566210593, 0.0084819547281369
0.040951366090710005, 0.012025076765012, -0.05484873928996, 0.06541217565184601, 0.1055203223178, 0.0016736939784539999
0.05500971278036, 0.013145368885968001, -0.06827271368715901, 0.06829105373595801, 0.11366029023592, 0.0020568188940865
0.031679387248882, 0.012101402261190001, -0.0061712502579707, 0.067815633585333, 0.097428830994829, 0.0064231297372379995
0.071008241136312, 0.006038778745716, -0.039037780295459006, 0.07286645180529701, 0.08582458400369901, -0.010485963776924
0.051500623262164, 0.0003769720385664, -0.0088322546080688, 0.065498742103872, 0.09288670278283401, -0.018349382422484
0.052214049017194, 0.009455517232413899, 0.011262470806842001, 0.074424282624294, 0.09659412149360001, -0.019097169626406
0.06249516686065101, 0.0055116469230553, -0.023414599730476, 0.075763484324669, 0.08436554649424001, -0.031571183537801
0.034791655166303004, 0.017924627671916, 0.052861063186604, 0.075883958121551, 0.090070362025555, -0.015490582884732
0.035609842057726, 0.021569145727741, 0.006636021087848699, 0.079397284981955, 0.11610025199413, -0.027539556665131002
0.061197179274948006, 0.024976094140464002, 0.0049470480667624, 0.069503382229226, 0.11273769344753, -0.023158367014261
0.06391249840704401, 0.022870806887616002, -0.018786478819202, 0.066661706024876, 0.11408121732068, -0.022145337675447
0.05968694030203801, 0.014557328405905002, -0.068249776844389, 0.06573703274992601, 0.10284925923695, -0.0099179943051534
0.055463802445234, 0.011089131974142, -0.09710449420016001, 0.068590438470967, 0.11409025319501, -0.0012492372915518
0.058666810935155, 0.012552548956153, -0.11940075353873, 0.066813442638465, 0.15251696189868, -0.013454027520208
0.05107112606381901, 0.0086981239836381, -0.08291922915109701, 0.076612776437095, 0.17561893413886, -0.016619242490981
0.056565108085309006, 0.016939032333315, -0.11536411088476, 0.068628639518896, 0.18053060872263, -0.010486937436517001
0.048039923429188, 0.0095466932513608, -0.10808975220397, 0.082697153518322, 0.14412836624441, -0.0086493356110689
0.067929977587739, 0.004328246241364, -0.09517728858341001, 0.080514109538403, 0.14561782611121, -0.014579004367662001
0.06895171138094801, 0.009422591009579, -0.10797345924604, 0.08031590053531401, 0.17484663087077, -0.025604008581577003
0.058027111816817, 0.0068811687026302, -0.08947460641740501, 0.069871140266702, 0.20648233261603, -0.022982516037969
0.072436183174741, 0.011642547711895001, -0.050309533420415005, 0.071340862471995, 0.18664793011902, -0.022482803254659
0.049832859448822, 0.0096064719019904, 0.0012169705620454, 0.07040304507479, 0.16442425863102, -0.021815549590975
0.08161748704067101, 0.015572200969922002, 0.0022343260997253, 0.075920660073753, 0.15445409002988, -0.016378276672641003
0.07186134858470901, 0.015720191121144002, 0.011637770271653, 0.068936211045446, 0.14770431187794, -0.019409958756906
0.063805679049786, 0.016437563148314002, 0.041920464099993004, 0.064481241731003, 0.15746757887871, -0.029667983626891003
0.060579360498360005, 0.0088773619800546, 0.033406605224399005, 0.06182819352201201, 0.13263364401228, -0.032083129958748
0.062361479255477005, 0.0021263044031488, 0.053910446491133, 0.062128682067290004, 0.10849615803741, -0.032907281694019005
0.065703198217054, 0.0079558772943422, 0.013402895722281, 0.064257489136197, 0.10632709408747, -0.039523560282398
0.07134872357852501, 0.0083407603094589, 0.031892955501074, 0.061145738097961005, 0.12550169601645, -0.046947254913405005
0.07980087625094401, 0.012695803119562001, 0.033746017255393, 0.068199480938485, 0.14412268232894, -0.044792797178117
0.061570416248407006, 0.017718101983316, 0.063082571698684, 0.07062126373942, 0.11868565217722, -0.034808259218696
0.08738332853576801, 0.012263443705641001, 0.056671030134894, 0.07539197024048501, 0.12153180771455, -0.034993360188586
0.08584774645394401, 0.015872647857213002, 0.0079819041124801, 0.0905570386459, 0.14241851595184, -0.027104225198576002
0.086277935669249, 0.01794796427705, -0.032421408228062006, 0.08108023269533901, 0.15708384505588, -0.027373457207793002
0.074716682462792, 0.008706774002622, -0.057444731820472, 0.086310741236859, 0.18222459855724, -0.035421199573893
0.06884008891453801, 0.017856998571513003, -0.07580718826149101, 0.086160518421956, 0.15773540525626, -0.021599917988813
0.08615938108842, 0.015641180693195002, -0.1282436319588, 0.096544330489137, 0.16390270309491, -0.023536430276382
0.068847501912668, 0.012401337895727001, -0.09898178730375701, 0.089218869119603, 0.20470991080155, -0.035161056309665005
0.04265712274984, 0.0034175601814067, -0.11951031367337, 0.091897677425194, 0.19995401665496, -0.042039286267301
0.061889156611658, 0.0023789434119456, -0.09565156076112001, 0.088844184300361, 0.18970987515813, -0.040241711048218005
0.034457910774272, -0.0045517681103389, -0.00866136084742, 0.090730635698248, 0.15393687814253, -0.044816662713495006
0.05547898723609201, 0.01123049674452, 0.021618012250551003, 0.097929219327147, 0.14598694247102, -0.040201209483282006
0.04514907106534, 0.013545442376719001, 0.040797254159850006, 0.09341380838504601, 0.13199777201453, -0.040893181072111005
0.06034849156938601, 0.021738446573625003, 0.024154728164952, 0.088653962703316, 0.13403561456862, -0.034360149698813
0.039826911790039006, 0.018287002975034, 0.054483393572979, 0.07843523187522501, 0.11033806205152, -0.023778784154789002
0.073326961866744, 0.011964146734407, 0.020946171686735002, 0.07543554194688, 0.11169919466722, -0.037277510437997
0.08535776388088001, 0.0027588232936585, 0.019824368778063, 0.07527600437490001, 0.1094877552507, -0.038959233868881005
0.09583030259033101, 0.0095543317970826, 0.031091146618023, 0.080717094448307, 0.11924414354437, -0.043674438856934006
0.071608800556232, 0.011761162616804, 0.021820240549298, 0.083266309981536, 0.12272163353475, -0.04956796240992
0.053326906455882006, 0.014120630060873001, 0.044466729811061007, 0.091962031414898, 0.13950845418814, -0.045128044589669
0.054758501238826, 0.023492844970524, 0.016348591797039, 0.094136677289799, 0.16268118827162, -0.04974233391938301
0.058867355460013, 0.015194277131074001, 0.036973865514226004, 0.08734342448395001, 0.15227807601617, -0.06198276796088
0.06396865190697501, 0.017976603908629003, 0.0067514210599553, 0.09512651622859301, 0.17858459926056, -0.05837190636637501
0.062864867958068, 0.018905897366560002, -0.046548030185746006, 0.09440346965060001, 0.17626348349993, -0.055312217991286
0.083767868794085, 0.0047930656023216, -0.10125970199724, 0.09170019014614, 0.16629460776347, -0.050547400533858006
0.059157411299655, 0.0083786018212686, -0.1231217214915, 0.087755556845826, 0.21831667680098, -0.06086329797503501
0.07204600780973601, 0.0034669032845323997, -0.087801673853191, 0.08724749226674201, 0.22508879427689, -0.066120951648531
0.063594036192111, 0.011645610221646, -0.09970560651587201, 0.08393121911793401, 0.2459594330431, -0.058928460868058
0.068924658265924, 0.013363043469766, -0.11128271979593, 0.08205082462443401, 0.21456055351242, -0.047315969536283004
0.085609676222326, 0.0067863988915056, -0.12209592935255, 0.09016930183306501, 0.23397885995113, -0.056466762438854005
0.08954385798870301, 0.008395089851821, -0.10139244058196, 0.08497449763746501, 0.24841777905099, -0.05898225616446601
0.071342230126356, 0.0080108666282906, -0.068773090988751, 0.085994831200202, 0.22812683649181, -0.067434429432878
0.08444683493197101, 0.011123074474172, -0.07148678554154801, 0.084966312450269, 0.22461336775188, -0.06539584598240901
0.067642854440377, 0.0036847689703296, -0.057664611785967004, 0.088409982593335, 0.19880881943741, -0.055377124382151005
0.068892965970477, 0.0076868433143098, -0.091568975681345, 0.10114397519028, 0.19705986517766, -0.056403880561987
0.055574926107537004, 0.0097574063275673, -0.06665174754590701, 0.093499933689696, 0.22040129674026, -0.060879096509022006
0.06890654934965401, 0.012478664924281001, -0.058634921260593005, 0.084541185175284, 0.22341685728459, -0.059024090481472
0.05426501614385001, 0.016145608355956, 0.0011349925442144999, 0.090838955113527, 0.18714016734261, -0.051774249059875
0.08484062440289, 0.012309438822369002, -0.0091356629993784, 0.08667088319095201, 0.16978975689181, -0.055429722111226
0.059292801901687, 0.014124681134269, -0.023431038852739002, 0.080906525215179, 0.16597594940589, -0.049637857364034005
0.06165134022076701, 0.011340660076151001, -0.0079367663448943, 0.07560552024245601, 0.1813883948156, -0.06797636304472801
0.07807299112895001, 0.012997136265260001, 0.0056849812304221, 0.09128715982280801, 0.16502902603977, -0.058190385210074004
0.05610190683655401, 0.014618921262512002, 0.046019216428963006, 0.08991389270853001, 0.14811261027216, -0.048368757741476004
0.09211371015644901, 0.016201253439366, 0.011388317741161, 0.091148337361119, 0.14950072285252, -0.055931659176567006
0.06140767925798501, 0.021233053574321002, 0.0064442088492946996, 0.09582925981256801, 0.1525465728148, -0.054399935781416005
0.07714800522055801, 0.019762794639014, -0.023218329725551, 0.09397917116717301, 0.16754341324596, -0.057149843683468
0.08227263208398801, 0.012614296884259002, -0.044195630632004004, 0.09689261616912301, 0.17994932500807, -0.057899841059377004
0.07002312050292, 0.015336871685464002, -0.077611767332941, 0.10200313113803, 0.16124626033774, -0.048800731672797006
0.07171839951469901, 0.018274844784701, -0.13872667283202, 0.1106511877135, 0.21603401524526, -0.05597154732469101
0.060778743585442004, 0.012826310162708, -0.10142510331085, 0.10668405966148, 0.24224304545879, -0.06085213990249601
0.051987371321545, 0.010405233833071001, -0.091842311152057, 0.10336993368705, 0.25815372980143, -0.07285227932373001
0.06254766199725001, 0.0068071561006554, -0.12067493284439, 0.095313582751717, 0.22853673680175, -0.061243769312095006
0.08299150197102101, 0.00010202843471599999, -0.12534891073865, 0.10463212275141, 0.2215129016203, -0.061081624768573005
0.07997947295157101, 0.0078257002238545, -0.12764850261644, 0.10721170244456, 0.24416662226464, -0.07112074733442901
0.07451910927435701, 0.011321320499255001, -0.09015853340391801, 0.13497297123294, 0.2519207260639, -0.061303480569294
0.05319582389034801, -0.0001770372031106, -0.09836275588759101, 0.093719238327525, 0.19510193492178, -0.036632727143643004
-0.016350545561823002, 0.016200026292561003, 0.029256024597325004, 0.078346098303693, 0.09436152219039101, 0.025727665313606003
0.05708372887400601, -0.0003251467458153, -0.048398991842719, 0.075075456577678, 0.1185092031642, -0.012448255595798001
0.09976279157947301, -0.0093388470644725, -0.12153941032156, 0.079767038772486, 0.16349105491951, -0.032122556249214
0.08814672141731801, -0.015355716381614001, -0.16282752366837, 0.079181242598668, 0.19696944335967, -0.055528960843844004
0.10758583689639, -0.013640565966602002, -0.13442878414382, 0.07864928772563001, 0.18551382769269, -0.05126407495970801
0.066019009616765, -0.0058661795780173, -0.045149024830446007, 0.080119941252333, 0.17379264498885, -0.043166379811163
0.10189268610314, -0.0033995961466441998, -0.072833499533298, 0.08256712389743501, 0.15242916197459, -0.048994624080629004
0.08885693250474501, -0.0052022417938095995, -0.046584713597836, 0.073241967756246, 0.14327773163917, -0.049003343918668
0.091350391649526, -0.00035572998472239997, -0.03628671386639, 0.081340746576381, 0.14982276248981, -0.04977668056966
0.092680576060036, -0.0003121976981608, -0.041795626804824, 0.080814325749194, 0.14063545845315, -0.05048558404825201
0.072431562708927, -0.0012705817042233, -0.026602691785828, 0.086918024415239, 0.14392745452977, -0.044013709442536006
0.078266115638651, 0.0088050984139038, -0.04204061076038, 0.088648682314842, 0.17843777031674, -0.07090608022240501
0.079192921544616, 0.004439394548261, -0.031600380438310004, 0.09015158955015401, 0.18872695793512, -0.07767408278876001
0.07814365441371701, 0.0093154773144775, -0.057612516349903005, 0.09659052377157601, 0.20520894418898, -0.06790270256644701
0.068828974990792, 0.0085576308272495, -0.096063772613103, 0.09544012720870601, 0.17979208160426, -0.066444226560026
0.069027478005538, 0.0086562251191454, -0.11524526173299, 0.12055311133386, 0.17028984389921, -0.049094211942368
0.08845545848767501, 0.0088798824294646, -0.1566695885443, 0.11600551286004, 0.20106040185397, -0.053151765848583006
0.062729054609497, 0.0062393152948373, -0.17095911617686, 0.11807735034352, 0.23123379076967, -0.06106659429898
0.06602147125136301, 0.0001275218289119, -0.15142322618253, 0.10355102360893, 0.26528293798614, -0.06364728660734001
0.07030528459848201, -0.0046602146015808, -0.18638194810134, 0.092677428151009, 0.23327357110611, -0.054752645438215
0.07731305024030101, -0.012485305108302001, -0.17027576466595, 0.10020810348513, 0.20019476107243, -0.05017239081351001
0.075142232315471, -0.0096973202613027, -0.22556706897338, 0.09754053842770101, 0.22152557098899, -0.07217105285342801
0.074920174667277, -0.0027918074188365, -0.14487327659153, 0.10198875460875, 0.22373247219773, -0.063258655567556
0.07076839320526601, -0.0023942029567594, -0.10419985213352, 0.10009732976249, 0.22178542921203, -0.064979171489559
0.047532291981647004, 0.0012613009532041, -0.06335022323381001, 0.09882679336258401, 0.2003082194736, -0.05028743850198
0.08418931283764401, -0.0007643054269594, -0.052572480918473004, 0.10046632228528, 0.18300710814296, -0.05308250133633
0.09363563460756101, 0.0075891175639544, -0.07586123145022801, 0.10340797312226, 0.1770513062274, -0.050088536929998005
0.091218002099995, 0.0074695799088224, -0.036252930620347006, 0.09745000642171, 0.17920128321822, -0.057031950203992
0.08635288601058101, 0.0026066122870389, -0.027403344132823002, 0.10373544220173, 0.1904250085464, -0.052665058486372006
0.05765541810040101, 0.0064005083334136995, -0.0055175647379, 0.10227258461936, 0.17020362695084, -0.059412348747652007
0.097773098976436, 0.0047082243700281995, -0.050705019700133004, 0.10598517329989, 0.14310430929215, -0.06410720076003801
0.069945898094511, 0.0083947183180728, -0.020498027529098, 0.10340453172287, 0.16391053654329, -0.060472329546196
0.070684684762294, 0.012039183113758001, 0.0089087035185014, 0.11058269450982999, 0.17140809084274, -0.065295909754236
0.071723011375004, 0.0088705559512448, -0.0093903673516684, 0.10961737510726, 0.15828032745727, -0.066091204028321
0.09788036442459201, 0.014576662220151, -0.0095851817621589, 0.11414332234174, 0.150935534929, -0.05394018796395501
0.098459103917166, 0.013489592072502, -0.071834648868565, 0.11142904051662, 0.17158332710939, -0.06306453418900901
0.07722840798135401, 0.014864757352797001, -0.084954009048541, 0.11555009415673, 0.20847740674147, -0.06016722949227601
0.07814484993862, 0.010896503884398001, -0.10781031213194, 0.11696530959164, 0.24480935016876, -0.075351594512176
0.07750313462427601, 0.011993339526943, -0.10783109062255, 0.11224911360462, 0.23119387000137, -0.07296393508790901
0.098210230855474, -0.0003611157279453, -0.16925852645271, 0.11338905901283, 0.23993479008236, -0.077343632697128
0.074383585193384, -0.0060352963040519, -0.18351287577147, 0.10252212736789, 0.26366369098782, -0.08639192625705201
0.092592545156436, -0.010663397903768001, -0.1970714343766, 0.09959340147452, 0.27217348713311, -0.095021974085534
0.08334703564304201, -0.0096221798550417, -0.18399320813937, 0.0988655499096, 0.24977826053558, -0.085875581949526
0.068844102644132, -0.0061560680386489, -0.1262292368095, 0.10459355785616, 0.22893737802011999, -0.080309046721661
0.11011420748607, -0.0028121689335807998, -0.12641488131487, 0.10500309474468, 0.23104995914092, -0.08094369672918
0.08018649112473, -0.0076506406712054, -0.090332278167761, 0.10187050712008, 0.21098951319601, -0.090395915059737
0.083932194676598, -0.0023183115097636, -0.057225275871326, 0.10274030513854, 0.21166055624358, -0.07424547946380901
0.053413101287017005, 2.43707929326e-05, -0.028313605181598003, 0.10260911217307, 0.19868006127731, -0.064277175390864
0.064282849429506, -0.0031890798632256997, -0.031038900726768, 0.09602136722448201, 0.17172345751532, -0.071300696844228
0.084811828318859, -0.0052328341879615, -0.089358090086694, 0.09150134915362901, 0.16582823116406, -0.073084171909335
0.09350994787213, -0.0072509542594271, -0.075608398393867, 0.094827903032262, 0.1939868984723, -0.08398878453922301
0.090191736049041, -0.007271199723257299, -0.08129218812941301, 0.093233005021256, 0.19628623565438, -0.093636433099873
0.055641123302889006, 0.0024160449762574998, -0.02838155857683, 0.09041631682383901, 0.17244605929946, -0.063572811695942
0.047622868756173005, 0.010610446175802, 0.0081388766698712, 0.098100737235551, 0.13673249938157, -0.048198316189302
0.07287375539586301, 0.0041871440386154, -0.048640291165956, 0.08587641535297301, 0.13731577956657, -0.054528899617590006
0.093880698332838, -0.0052183026806525, -0.10117008708403, 0.08504543012693001, 0.17089826897173999, -0.06013913650297101
0.10916280022063, -0.0092464825791317, -0.16379494522355, 0.086750010016857, 0.2142977373376, -0.069758903220657
0.082970561726872, -0.007398110720047, -0.1782974343038, 0.07824915233936701, 0.19092055106403, -0.059144396252879004
0.08386144064363801, -0.0086570406141767, -0.3086655929091, 0.09536414579379, 0.25643748122055, -0.07609279983681001
0.08392192328933, -0.010346884034303, -0.21418751739322, 0.09125598939188401, 0.23669678982041, -0.06367658205904
0.08463903697972501, -0.013016246193282, -0.19622091923863, 0.081365489237845, 0.25840869178969, -0.07097756804666501
0.067930204802663, -0.011003973923611, -0.17727847864872, 0.08094657551350201, 0.23995891048689, -0.071441680863571
0.052123408375204, -0.0075216331248713, -0.14741821542891, 0.08810721493184401, 0.20067930759522, -0.052422625806454
0.080317066979148, -0.0064615895396954, -0.12785577237172, 0.09630597733495101, 0.22558849983557, -0.061953961710239
0.08077794772341601, -0.0096049368715855, -0.13911156093407, 0.092642601472482, 0.22655723275137, -0.06632054875833601
0.068373871287462, -0.0059674196980625, -0.11540408452248, 0.09549730388148801, 0.21845663906607, -0.062352487733187
0.067180421208464, -0.0086593264104687, -0.11510392209236, 0.096189667124968, 0.20909358782383, -0.064847845462144
0.044795751309947, -0.0022635881900328, -0.06327160861625601, 0.098215860538821, 0.19465186180367, -0.058279827471991
0.06554006769333301, -0.0052387431095475, -0.15319835755779, 0.088401687113988, 0.20731888804724, -0.07002222006906
0.08211202473777901, -0.0067183251104351, -0.11033918072937, 0.09504554099939301, 0.19252696194236, -0.068595709701184
0.078494828634927, 0.0010384801105695, -0.08273778506646601, 0.1029949104976, 0.21442356329063, -0.066996669072753
0.015871240772471002, 0.0095501969685388, -0.078946868458799, 0.13338454331465, 0.26493815568807, -0.072052768106258
-0.065510222946175, 0.032219831106454, -0.026465169582184003, 0.18490711833465, 0.31162604903108, -0.11105317106815
0.027032096075517, -0.016266812268621002, -0.25130887803955, 0.1427090335715, 0.2997487233746, -0.12895365041385
0.12562037132358, -0.034768319119606005, -0.29700386066443, 0.10810247798607, 0.23575781863335, -0.13317138995852
0.11260328382515, -0.034534791552244, -0.32676899784365, 0.10110895569926, 0.23141899192317, -0.12098234964449
0.11105263679021, -0.019326959460068002, -0.24210033654209, 0.11750899320547, 0.24217605223141, -0.11331018478584
0.07727323662228801, -0.020604465573997, -0.20428740469179, 0.1143648597757, 0.19956798848613, -0.11764607161328
0.07587261925390201, -0.013024197379160002, -0.20281508068309, 0.11776379469408, 0.18836457193197, -0.092685088895693
0.12116214829567, -0.021214977146012, -0.31425606931536, 0.11239426486184, 0.16820557033014, -0.10137762733416
0.1302680231236, -0.022763283215304003, -0.36657561232855, 0.11800941992901, 0.19494018039174, -0.10074421372174
0.11721837535422, -0.024872223873742, -0.34107733616279, 0.1208945140073, 0.22712557458958, -0.10803083489115
0.099067109202884, -0.015194627364212001, -0.32571826420051, 0.12670671828622, 0.26007640652133, -0.09868349636768901
0.065052791139338, -0.022326913977724003, -0.33586354867368, 0.12379217510855, 0.2268014070969, -0.09109000798906201
0.095835086502736, -0.022886065198912002, -0.31823367186847, 0.13548795610378, 0.21057977810866, -0.08213861537799301
0.09607585152519, -0.019361798867556002, -0.29537335396984, 0.12914351105153, 0.2332768097446, -0.087172086210147
0.06826982121772601, -0.008198425540545, -0.23306736894084, 0.13181337839923, 0.24353325783392, -0.08516992041929901
0.072543085785803, -0.015407037413769002, -0.2358382902734, 0.12822006007347, 0.24476370193682, -0.08730358295599501
0.05781056128819301, -0.0153612672241, -0.22853077031332, 0.13189532143747, 0.24413860396058, -0.07724693798292301
0.07384201515508901, -0.0090060018574207, -0.16097318244881, 0.1296229459656, 0.25060961931199, -0.074397419259718
0.070155350402072, -0.0022988283360245, -0.1529509575741, 0.11413813097507, 0.22488136312723, -0.057591095765704
0.0035100899376501998, 0.016053841978807, -0.031883790015463, 0.12159554810261, 0.18468959500654, -0.015068807126463002
0.036676110409321006, 0.0056212414639843, 0.012268741831327002, 0.11722233875972, 0.19135829296154, -0.045072166720412005
0.07021585755367901, -0.012034289132019002, -0.035963287696082, 0.097182263855493, 0.18036500799347, -0.047967053157866
0.12802652842484, -0.022351398846481, -0.1100628088114, 0.09748434581577901, 0.15100633437344, -0.058265065069789006
0.14657867358315, -0.01861880853055, -0.1367864901394, 0.09981122627352401, 0.13364924733739, -0.05995639284787101
0.12033881550365, -0.0086212242293057, -0.10740685156362, 0.10489312420981, 0.15054843830645, -0.050738912587535004
0.097735583214171, -0.0049240727154748, -0.08835197693818701, 0.10533958158523, 0.16460233395531, -0.05246225329572501
0.08994373482624701, -0.011157978348111, -0.098001504707904, 0.11230763809405, 0.15020652546773, -0.063008589485793
0.065463527962419, -0.0046291097665006, -0.062688581439444, 0.11111151792012, 0.13319332205234, -0.046887211310426
0.08674616305943701, -0.0072670775711646, -0.13803100354495, 0.1106327881008, 0.1229284903314, -0.06677156459639201
0.080095448994199, -0.0020939203366878, -0.13414096761269, 0.11520843249703, 0.14007770236082, -0.052065793741418
0.088427367940365, -0.0026055120623901, -0.15132567939739, 0.12064221048474, 0.18825417202505, -0.05990299446333901
0.07769162494121801, -2.9688998103199998e-05, -0.17259215860736, 0.13231128969098, 0.21230917111547, -0.046591889677519004
0.04950139290396, -0.0035093199873135, -0.17874239246762, 0.12347203024268, 0.19715810858811, -0.043667724128711005
0.072582106500666, -0.000202504031447, -0.23460756437502, 0.13419649328466, 0.23206869884824, -0.049223700839208004
0.05786275990159401, -0.0005070377163046, -0.19456165445821, 0.134354110626, 0.25637674952309, -0.062979478615589
0.063920413718311, -0.014328601561792002, -0.26519943886545, 0.12048088393628, 0.26702487087304, -0.075669685300361
0.09579074047611601, -0.017116044505791, -0.29632770264754, 0.11870430661799, 0.2410512770568, -0.071380985386646
0.09510353026110101, -0.022364855308505002, -0.26361385421437, 0.11736595324605, 0.21541618305396, -0.074394005848712
0.13151006731335, -0.018095360482625, -0.29655726092752, 0.1272347877168, 0.22682563772981, -0.07840387247390901
0.09993508797382501, -0.011959478571871001, -0.24058467397293, 0.13186029131263, 0.22934498548015, -0.07908072781601201
0.09419831832745901, -0.011007967503789, -0.21905176286096, 0.13169962255319, 0.23897343111564, -0.08324415543944601
0.093928766486017, -0.014399190409148001, -0.22253371815285, 0.1371850598183, 0.23762291102371, -0.08128900548767101
0.07692900328626501, -0.011998203838303, -0.17542363820218, 0.13448050197076, 0.20669194498906, -0.070322953861324
0.09664395630491, -0.0073124898329531, -0.22434623526726, 0.13985476717434, 0.17790766188303, -0.06701320398640001
0.073064588297456, -0.0082937371705217, -0.20979075642117, 0.13984039188598, 0.19177559781673, -0.077733307406826
0.073925449299111, -0.010558708575723, -0.1992909548787, 0.12878076341927, 0.21710895608776, -0.08172090625589
0.06747580990199001, -0.0048566060939477, -0.13436365221773, 0.13350094090716, 0.22175038821857, -0.07532578651179801
0.085187459767914, -0.0083104255115049, -0.08111139255243101, 0.13729217590513, 0.18930729758376, -0.07381739748023501
0.11417126311221, -0.0010027100555616, -0.12323283989734, 0.14109630375253, 0.18078083177552, -0.075711012106093
0.10631769971879, -0.0003588268089756, -0.086206543594461, 0.13323441877833, 0.1841101062538, -0.07911766209420901
0.1072747948409, 0.0028786621813234, -0.10563619549746, 0.13072260596212, 0.19319025893206, -0.07907742953397401
0.063694941934695, 0.0040136054533667, -0.10051475069175, 0.13745674413877, 0.20658630948685, -0.085442034360794
0.04999643866998801, 0.004180830185354, -0.028144480765909002, 0.14893211831582, 0.19698651595726, -0.08765844771537501
0.09776917109902401, 0.0081672488531935, -0.06859574429847401, 0.14533019197097, 0.19506409031668, -0.08767138634749601
0.08367553612094701, 0.0047651386285707, -0.071164646811152, 0.14721135377717, 0.20347115081813, -0.088557998184299
0.08654659078233201, 0.0056220720548612, -0.11053831283375, 0.13740812811638, 0.24986131310082, -0.088459283564442
0.07699517249373701, 0.0056587523824767, -0.14952508133412, 0.14856425949413, 0.24665394494162, -0.07844904319253801
0.07085367891471, 0.0016357299798758, -0.17812926993908, 0.13945490551501, 0.21430888640902, -0.06647319060897801
0.08160511043287101, -0.0015340303950705, -0.23096128780496, 0.14642414282742, 0.21683365558426, -0.070589040543637
0.077396535345605, 0.0010427284183474, -0.1859023732518, 0.14572334386845, 0.22855834109908, -0.073777294181279
0.068320849065862, -0.0007398163710011, -0.19614022595909, 0.13422039832553, 0.25557780622868, -0.070811354467226
0.08330189416841101, -0.0052526113648224, -0.21356935034961, 0.13581199500975, 0.26153591528066, -0.070495756080795
0.042210147493590006, -0.0021462696053482, -0.18306796745869, 0.13306451211384, 0.24174952578011, -0.058578206520996004
0.065420693345785, 0.0018890713754759999, -0.23546512399584, 0.13518866806001, 0.25709554616061, -0.06313716874339201
0.038568118246615005, -0.0031419281969365, -0.21660152096123, 0.14310239444679, 0.26354150114758, -0.07464774231342
0.07187845984480801, 0.0030012148043544, -0.18779123139806, 0.13429044659283, 0.2673167028888, -0.069092865341595
0.058968188620456004, -0.0008207295821188, -0.14835371302821, 0.13854623172151, 0.25176235827375, -0.069400425699823
0.08072437064096201, -0.0065323285491925, -0.1333428286504, 0.12797845902521, 0.20147633487043, -0.05986002999969701
0.062234142049808004, 0.0027129389394854, -0.15729374083083, 0.12660614525444, 0.15709647977644, -0.030103785355726
0.041866646260888006, 0.0064634846005075, -0.12763854281566, 0.13000693746855, 0.16499909946364, -0.034275741632598
0.076531278088176, -0.0032772292713013997, -0.14259352577305, 0.12370264783385, 0.2169002716854, -0.064717010078626
0.063807997352035, -0.0005739185747965999, -0.12885014898598, 0.11937855929142, 0.22459037212899, -0.058996625977677006
0.07819633745823501, -0.0041625310392893, -0.16527429708556, 0.12653633220921, 0.21943075994895, -0.06075266800430801
0.074568702227087, -0.0038992817768518998, -0.1437478383291, 0.1208146998785, 0.21604192052476, -0.06845518424582
0.072147907640026, -0.0031866535738819, -0.12802332084587, 0.11684287643527, 0.21781467648796, -0.07896087693396
0.093162163995909, -0.0043551384491275, -0.14057078740313, 0.11360307999949, 0.22442748189877, -0.071805725914071
0.074383786206363, -0.000669302128119, -0.11542362166431, 0.12007451786293, 0.22695619940621, -0.06915455608750201
0.074702172996884, 0.0008333712653158, -0.16148408730557, 0.12187356550155, 0.26145016213365, -0.07092846860721201
0.05940225459822401, -0.0012160895394906, -0.13712386227552, 0.12806831382025, 0.24291755007268, -0.06960686085414401
0.08189413211900101, 0.0031761338335164, -0.13538327667617, 0.12723028983284, 0.25168914060766, -0.069139631249854
0.088490430928297, -0.0013669358895227, -0.16374976662645, 0.12129220648067, 0.25013108349376, -0.07276410057871101
0.081213441812122, 0.0018772656804471, -0.18554767836792, 0.14055217653147, 0.26578777009055, -0.06419478945917101
0.068525795494965, 0.0032077333112553, -0.21218351944147, 0.13813646441412, 0.32443340930313, -0.075026247542542
0.061987810381289005, 0.0038651735896626997, -0.18530197082064, 0.15357380935905, 0.29972822976307, -0.06998444397944001
0.07110159628154701, -0.0050707409632386, -0.27311459717583, 0.13308723360728, 0.32346136755932, -0.083516882037154
0.099805141011059, -0.0037203397704161, -0.28561153718949, 0.12955607373648, 0.2859147306848, -0.077275992134322
0.10518447713233, -0.010067300168974001, -0.27621538922315, 0.14698008757154, 0.26978484113314, -0.07350733169197901
0.10450624094663, -0.0052767321045294, -0.24668306258203, 0.13845766172163, 0.3008732055566, -0.082250965058065
0.10113023088591, -0.0080108091863076, -0.21374082021922, 0.14255540201182, 0.28415128085604, -0.085778673208837
0.097132513274158, -0.0070214756747323, -0.21718848577689, 0.14208992002209, 0.28675524603069, -0.08417554156228
0.056123616292474005, -0.0042138040909807, -0.22316313406765, 0.14666352060585, 0.2854257057925, -0.08162118240711501
0.088855319535922, -0.006852779017139, -0.18924937524899, 0.15460106208549, 0.28316586381402, -0.08026638667455101
0.08731240043063801, 0.0009770660508793, -0.18998271665093, 0.15018584868486, 0.285872476794, -0.073983729318513
0.06946976903070701, 0.0005642645123547, -0.15751623385883, 0.15466505245897, 0.26663410865365, -0.070745359749525
0.092111197059208, -0.0024166039684644, -0.13393797495223, 0.15349596497265, 0.27770361224424, -0.073790102064859
0.077722813356612, 0.0043407538614999, -0.079986897036165, 0.14632805361298, 0.24816406171612, -0.07241884538554601
0.08169973903543801, 0.0012082861641712, -0.13624236615877, 0.14531964578933, 0.24061090894607, -0.07227320236513901
0.06545987728441101, 0.0011212622373349, -0.13123596545356, 0.14343315794979, 0.2388271549558, -0.075035326608043
0.076270967990314, 0.0070215679052987, -0.08949407430497301, 0.13949455690325, 0.23896487012873, -0.070677214370398
0.08005774640103101, 0.0010442321883833, -0.12298518825033, 0.13969027668112, 0.23486890420882, -0.06563867380429801
0.07398448608888, -0.0004770620265912, -0.07643423696066601, 0.13593264569502, 0.21383873602282, -0.060794896291277004
0.089913682744445, -0.0023321517777591, -0.12207393208837, 0.13983289641854, 0.23083881216634, -0.073835095783535
0.08634588794024001, -0.0015065457830743, -0.09289515651469901, 0.13861331196437, 0.22800644552643, -0.07587132957896
0.08718581331255301, -0.0005277744773306, -0.12313652894152, 0.14211005512294, 0.24533603349698, -0.07268400171837801
0.08153413231786101, -0.0016039970484763, -0.17965419688632, 0.1385241087211, 0.24363493746302, -0.07497446614033701
0.090994146159834, 0.0067165312497890995, -0.19213456743618, 0.16086073585044, 0.23643323756667, -0.05963130822489301
0.080994539025372, 0.0016940062717264, -0.23529158531885, 0.15052792625912, 0.27678245888698, -0.071057114997366
0.076788387834679, 0.0030608213829589, -0.19272147498996, 0.15318334979711, 0.30667315476961, -0.07294781413244701
0.07677777890897301, -0.0026282677910951, -0.20391859304397, 0.1518290335252, 0.31454613605413, -0.07733487848029301
0.074925392761042, -0.00595055733791, -0.24509382818225, 0.14466975677555, 0.29006351311723, -0.06874185902794201
0.09112925530561801, -0.013863316729583, -0.24192437134078, 0.14653097672381, 0.28984409863184, -0.06622720312671801
0.091233565338421, -0.0069904726727939, -0.21155969683393, 0.15003747997121, 0.30627435814601, -0.07795128848180301
0.06833701486059801, -0.007951460328072, -0.17371908935542, 0.15053585512863, 0.30468898963529, -0.06968608591802701
0.08068919309394, -0.0072013097654674, -0.1688047132427, 0.14575961758397, 0.28798321462873, -0.07984362087492501
0.07286630064773, 0.0011248047951325, -0.13070293200105, 0.1429241540707, 0.26425146585496, -0.062585149681496
0.08158945626229401, -0.0009821385580484, -0.1419461912439, 0.15987524796877, 0.2662422645348, -0.064909367598181
0.07977470003211001, -0.0019024551722366999, -0.13500359071419, 0.15731017936666, 0.26003100107301, -0.070317604018308
0.08138564304737901, 0.0017295826246384, -0.1274861075148, 0.14973095467973, 0.24321697793225, -0.061036390217823006
0.051773503621063005, -0.0090006177346543, -0.16068108548953, 0.15308930058444, 0.25886340152245, -0.066141587654022
0.056962728716027006, 0.0006741671717723999, -0.067123067959602, 0.14165236085188, 0.22514217121386, -0.051760308599230004
0.068366775388396, -0.0026086059860412998, -0.12219970170576, 0.14204069732485, 0.222671000302, -0.050144811904425005
0.06802296762099301, 0.0038830669248983997, -0.072803488016264, 0.14259839393051, 0.2262414621495, -0.052571079799453004
0.085178748706805, -0.0003314054558754, -0.066116838179756, 0.14023383769717, 0.22129034845542, -0.058333645002688006
0.09659926401497901, -0.0030317483172875, -0.08350792111524401, 0.13286091944342, 0.20359953680897, -0.051363155793912006
0.09031503194485001, 0.003302240108324, -0.032517599654712, 0.14610185736912, 0.19513241173953, -0.039573087497992
0.11734515060709, 0.0049007645825582995, -0.10894513009696, 0.13950643771267, 0.19950968355273, -0.050951351320434005
0.09412342561728501, -0.0077467370421293, -0.13609349579212, 0.13613063301462, 0.20004957190808, -0.064654245905684
0.084017290148698, -0.0037581274041616998, -0.15318036767539, 0.13789948391449, 0.21478467098161, -0.05725152835165501
0.09948616411616401, -0.0026679675563271, -0.20256737661051, 0.14347414803045, 0.1952153621365, -0.0543887767287
0.093074037721472, -0.0010440120146166, -0.18685645527511, 0.14912377366716, 0.20491173785337, -0.049856088623046003
0.08695656798685, 0.0055126906865, -0.1991268982601, 0.14583964852218, 0.26024639805154, -0.063404598169551
0.07096435635180201, 0.0007841279684041, -0.16280620943445, 0.15219372938852, 0.28568626129206, -0.071639343420516
0.079536937000193, -2.35321978433e-05, -0.19547443340148, 0.14356725162056, 0.28944747681203, -0.072201704729905
0.09216119033325, -0.006823544774669, -0.2187565758521, 0.13883759759426, 0.2649848729121, -0.07174307415620501
0.10601256318621, -0.0085628854915132, -0.22094485020542, 0.14338340450848, 0.26129126663556, -0.064157413882309
0.11670094111438, -0.0051695045668742, -0.21905954006508999, 0.14493783441806, 0.28449676221047, -0.073369055610724
0.09575343841414101, -0.0093659426891993, -0.16766926673678, 0.14299141473966, 0.2937555393235, -0.07399693119091201
0.090607154998685, -0.0016045130407029, -0.15096162155944, 0.13995895655514, 0.28875296251983, -0.070672020530589
0.06564069549115001, -0.0037079817110072, -0.11491844624182, 0.14314149990759, 0.26045426828052, -0.07007390196916301
0.09473945056563601, -0.0005476412317332999, -0.13193826996006, 0.15387522562673, 0.25684436373192, -0.057760726669167005
0.073829530470014, 0.0006742717275276, -0.13385770327339, 0.1573537063123, 0.25880825950201, -0.06521614795511001
0.09341709740789901, -0.0006609591988055, -0.11312971572798, 0.14522138366667, 0.26613168489157, -0.070229541390466
0.08466382616713701, 0.002032576062685, -0.10140184645865, 0.15011732376775, 0.2487465435345, -0.064074556670789
0.07672089899025701, 0.0010611452543248, -0.06345813162411901, 0.15218852175112, 0.24878739132679, -0.056265138280768005
0.092313409678484, 0.0041946583172168, -0.10191469005707, 0.14109879711815, 0.24237964607811, -0.06330564194564
0.075757423632999, 0.0024071004560108, -0.07928707201158, 0.14824520183647, 0.24658307829528, -0.056976721083988005
0.07475185422038301, 0.0018104913520988, -0.06528100374409, 0.14476362343099, 0.25780804091725, -0.062899909206671
0.080697960276968, -0.0005715725141003, -0.074521082884224, 0.14388702927154, 0.24168878652213, -0.05961837502923201
0.091624171733709, 0.0015810215668533999, -0.044741054487095006, 0.15575487327837, 0.22552142219395, -0.058741836278564004
0.10584701701604, 0.0063365113432617, -0.078685774533695, 0.15457595906898, 0.23599181683662, -0.061869873633199006
0.07932521456544, 0.0022744537943766, -0.05726215910486, 0.14662040152143, 0.24833951031494, -0.06588608951673901
0.09236482017347601, 0.0043590641581144, -0.086798345488501, 0.14850380878828, 0.27185969469963, -0.06809273580397701
0.085555452521947, 0.0021279449952886, -0.14816475087068, 0.14441454258729, 0.24941750109803, -0.051361913777639004
0.08832830772295301, -0.0047561431696488, -0.16513419596758, 0.14509183384843, 0.21413013692151, -0.047997909304780005
0.10465207806713, -0.0001930887002593, -0.23013823654176, 0.14497312818586, 0.25912858183754, -0.051031112966921005
0.08539418842356801, 0.0028942326077023997, -0.17423890077229, 0.15141518942025, 0.30718560032485, -0.056739410216521007
0.076209367567108, 0.0025119463289875, -0.17258032790253, 0.14888216639296, 0.33278576990004, -0.064439851422548
0.0657284867493, 0.0008999391353589999, -0.18349337498492, 0.14249253710948, 0.30577873650663, -0.050049767578457006
0.077489864172748, -0.0036177530049401, -0.14193601859268, 0.14611396629573, 0.28217562085281, -0.05491691745943401
0.080409489906378, 0.0017527273944797999, -0.18010388954296, 0.15365727023908, 0.28989689377922, -0.063337581855643
0.07021608654853001, -0.0045804941086989995, -0.13182949688787, 0.14485761995628, 0.2991706251383, -0.073246134161094
0.08260773629512601, -0.0015726898020949, -0.13188933819881, 0.15242876213117, 0.30349591275575, -0.06444223247724601
0.075808290575331, 0.003068363548705, -0.11299724576555, 0.14703146163132, 0.28153953140494997, -0.052428875474718
0.09109524777590201, -0.00048124794443289996, -0.12596270996344, 0.15812058056343, 0.27579824258039, -0.068740630981833
0.09046933976746001, 0.0031260791744225, -0.12474933918006, 0.16071800388845, 0.26752821995634, -0.06553089737128201
0.09364474584558101, 0.0042801357920587, -0.10264334023528, 0.15733111192672, 0.27243627320406, -0.067917968661572
0.097660174698592, 0.0035648478844787, -0.11396060480204, 0.16416981143272, 0.26789132900433, -0.07010879707152401
0.05943912682084, 0.010677231531612002, -0.053047005612016, 0.15747049003399, 0.26522805225514, -0.059620491670199005
0.08848709172079901, 0.010591399996267, -0.077349986303321, 0.16014841588901, 0.28017496629339, -0.066298033042348
0.08346941426638001, 0.015068901405275002, -0.083134450831642, 0.16717948699229, 0.27410581307253, -0.065927308129477
0.08967377792172701, 0.02330400351593, -0.057421887948199, 0.16246207183377, 0.27450296748981, -0.056005878788071006
0.084218765279884, 0.021986021451719, -0.06220280501183, 0.16130961761176, 0.2856195388846, -0.04779948195775
0.073520193614244, 0.019815336291680002, -0.0072440852957865, 0.14505651198924, 0.24554215129113, -0.04459507025395
0.10123052602286, 0.021519589695618003, -0.029760035448108003, 0.15139760869342, 0.24169605770929, -0.055630873919227004
0.095401629240525, 0.0044238873528803, -0.10336643421786, 0.13822658384563, 0.24545644744201, -0.06628774405328
0.09932282733941, 0.0099111806434287, -0.09375460031553001, 0.1357809344041, 0.26788933610851, -0.046709590208734005
0.091298309031103, 0.0043224854516918, -0.12202951249301, 0.14230077651415, 0.27346222840523, -0.049988834694270005
0.082710272873877, 0.011105570418022001, -0.14162800405151, 0.1428642725148, 0.25766687061878, -0.038047259273457
0.11672904298456, 0.0082626526928341, -0.16276793631441, 0.15567253658021, 0.26813218584378, -0.041005083727983005
0.081943657118498, 0.013520765864592001, -0.15738539525513, 0.15974860220056, 0.30393697617718, -0.05800682471092201
0.09116453903381701, 0.0087280591555016, -0.15667054692428, 0.14966344985939, 0.31851230666956, -0.063581779611264
0.08466726765262701, 0.0079159568938734, -0.18011816017153, 0.14900739673456, 0.33045911974835, -0.057962558623303004
0.075804930920338, 0.0016308432615309, -0.19505948102094, 0.14142098935607, 0.29791784655441, -0.057187507547079006
0.10637992502923, -0.0032545953286577, -0.22579963258966, 0.14670054961376, 0.30980777418278, -0.06305944966227
0.09522663502501301, -0.0018975875233618, -0.18160627637956, 0.15357876883101, 0.31902354809192, -0.05951402326542601
0.09819574284959101, -0.0034470701590402, -0.15982833387148, 0.15410380470847, 0.31320573787774, -0.07037897685897701
0.090856151562428, -0.0043002263566442, -0.1418676241759, 0.14893031063766, 0.31232504714282, -0.069825617580724
0.06822768090214501, 0.0005837462858654, -0.09943885474933901, 0.154856200478, 0.29307439505083, -0.055565223829167
0.09480441541309201, -0.0038684563698937, -0.14829899896453, 0.16225431227545, 0.27646576582937, -0.063160751695786
0.076451540150891, -0.0008401542269387, -0.13808090386079, 0.15928202943681, 0.29244485850968, -0.06285855321153
0.09379830116866701, 0.0048945322077742996, -0.12055883934955999, 0.1518392701243, 0.30804447553068, -0.06460904374670101
0.08346875277068501, -0.0010475013144703, -0.13368394813667, 0.15548936470989, 0.31475779359947, -0.062437174355727
0.072668901852278, 0.0023205982684165, -0.10613483049147, 0.15961467020599, 0.30116505940821, -0.057111883916548006
0.08414885280841601, 0.0065710974655928, -0.1431396885093, 0.15198370358887, 0.28602630958725, -0.06626600934099801
0.08054108986527701, 0.0021761590423048, -0.13747391160536, 0.15211937702537, 0.29155047895023, -0.065720084320044
0.08558480213493501, 0.0036918700006313, -0.11103320975492, 0.14370971308049, 0.30269408110542, -0.07079087082376201
0.06186534913975401, -0.0025529123183615997, -0.14160429140021, 0.14653977818383, 0.29293902089485, -0.08007176416190201
0.049792055287192, 0.0017179157370149, -0.067820055889074, 0.14862116578394, 0.28578812980566, -0.06855109349992501
0.09308221983203001, 0.000770405480257, -0.12356618127736, 0.1596171655841, 0.26318278534599, -0.072601186902279
0.079906214577417, 0.0031238502472281, -0.15038234937244999, 0.15108075247336, 0.27297938302026, -0.072601960738797
0.09260803929000701, 0.0027667339193201998, -0.18006175088528, 0.1522943236324, 0.26379786944146, -0.067671524843566
0.09777335330908601, 0.0018767827982009, -0.2103987946239, 0.15483756043745, 0.28305140255827, -0.059522465223589005
0.077718694687227, -0.0015549649219319, -0.22809827447665, 0.15530214852567, 0.26092417868354, -0.04802985958592
0.086854015879261, 0.0005548269235489, -0.26841966220977, 0.160717396393, 0.30165735626853, -0.061528595553942
0.066731807749988, -0.0007486232828041, -0.20293430565923, 0.16153987843325, 0.32827938258864, -0.070395687039168
0.06761789605943201, -0.0033053687065638, -0.20715830148899, 0.16004460108131, 0.36245990051135, -0.07599086699820701
0.06874470391838601, -0.0006710173688608, -0.21466619653233, 0.15683183781417, 0.3237765019252, -0.060672673312447
0.067665880536491, -0.005186663779178, -0.16642362647837, 0.16751228710026, 0.30441058261789, -0.054472830652285004
0.09104105791179401, -0.0018022195897542, -0.16972458840518, 0.15544638205969, 0.29471789731071, -0.064840657708646
0.056010953179896, 0.0022948270795592, -0.13568078751376, 0.15596691214033, 0.28462360026095, -0.057089841193467
0.07369963417292001, 0.0056017900112714, -0.11918004791421, 0.15817151214811, 0.28078311600634, -0.05489106218801
0.038529068246783, 0.0099492924629098, -0.08821151358503901, 0.15967611107426, 0.26881887967106, -0.041053961019074006
0.079024423698084, 0.0040713793580582, -0.15061159621913, 0.15695571089749, 0.24989532088686, -0.053305987375620006
0.081177933767502, -0.0005780245530924, -0.16602588524629, 0.15968310816019, 0.25090922152179, -0.04959706785166
0.08948521601106901, 0.0014293361343138999, -0.14480998594811, 0.15779871537426, 0.2534049770035, -0.057856574716731
0.08674410236662501, 0.0044662840297434, -0.12127177707799, 0.15491307191804, 0.26971587269906, -0.059979564307919
0.07513301759753001, 0.0079014858677934, -0.08431260714663101, 0.15349044773246, 0.25980289634035, -0.049764631213484005
0.096807693035882, 0.0066521098460655, -0.11284243059922, 0.15810584159184, 0.25959945351952, -0.048793111451739
0.093705590625661, 0.0066557822686938, -0.11606246327105, 0.15615245291384, 0.26644817349839, -0.054967644802709006
0.098214964141226, 0.0070618003822679, -0.11649128247453, 0.15428741075457, 0.26242714450007, -0.053869421624513004
0.074679511623766, 0.008882333421484, -0.13901706429764, 0.16049478646954, 0.26647902865686, -0.068551473472355
0.064904632952476, 0.0090020442769706, -0.10767675392502, 0.14471271749125, 0.26837162000039, -0.060712612892297006
0.10245669639732, 0.0078514645459954, -0.1132396206174, 0.16496241974325, 0.28179813037624, -0.056034670935595006
0.086264962270494, 0.0116667744474, -0.14235615863478, 0.17308147795092, 0.29032579577938, -0.057621555077438005
0.09984319823993301, 0.0088204914863754, -0.17203611960536, 0.16631722903203, 0.29339349637211, -0.05943796157225201
0.08794936460744701, 0.0061542768737789, -0.20332456832722, 0.16406824293089, 0.3143542585737, -0.05809806962725501
0.084772854261268, 0.0027126992062871, -0.20630030208268, 0.15653578104378, 0.29015787768318, -0.055857334996571
0.09062403099722101, 0.0049607150285396, -0.25983333319269, 0.17244757387913, 0.33959523699044, -0.070964823815021
0.1048777092381, 0.013188810994966, -0.1868402785423, 0.17732016683802, 0.37488215523845, -0.075766799728194
0.11125097564266, 0.0040119725617435995, -0.20625098797465, 0.15944117644712, 0.36946121516973, -0.070058122366181
0.119885342841, 0.0049455990055091, -0.20281450534974, 0.15161393911891, 0.35335481020322, -0.068110609501356
0.096339572299452, 0.0038604618957093, -0.19016037036666, 0.15337414801651, 0.31402445043888, -0.06298281962374301
0.10190401468352, -0.0012575834250792, -0.20120341285484, 0.17337152515091, 0.29853411358919, -0.071244883400969
0.092780607374911, -0.0022309372744726, -0.18186335392461, 0.17880444345456, 0.30604568618745, -0.07489687301502
0.09976668870805501, -0.000850601251066, -0.15662135170195, 0.17454755562376, 0.31162008795521, -0.07204622005330001
0.09616161657323201, -0.0002965775459714, -0.15965010034508, 0.17272805176435, 0.30443709760837, -0.077757765020942
0.08133922543187501, 0.0097784336341484, -0.08113251283514501, 0.17732035946234, 0.3011394218217, -0.07625428530877
0.08938726392735301, 0.0070388850078222, -0.11921481823384, 0.17715297776298, 0.28187639656004, -0.067419472395396
0.09049602185255401, 0.010279892388468001, -0.11227404091475, 0.17470692481622999, 0.2771030805631, -0.06187725761352401
0.092595350943692, 0.0081530541237023, -0.08992783182454801, 0.17643289936845, 0.27977965441283, -0.06191877534348301
0.10614416988371, 0.01071332019834, -0.097693830108089, 0.16640038722105, 0.27299895359201, -0.06554276986403601
0.06986509746649901, 0.0091196138546631, -0.08280911397264401, 0.1755870227521, 0.2551128548819, -0.070640415140215
0.11371771838803, 0.008142900794358, -0.15026668793719, 0.17033425559772, 0.26925964423088, -0.063194212729154
0.098793832845877, 0.0041786307357072, -0.18546905589424, 0.1650284518028, 0.27774008937307, -0.056374448516445005
0.1060795367522, 0.0074909940012935, -0.19195657587298, 0.17454633379542, 0.30772402159455, -0.062146640881784
0.09229861037299, 0.0075651079277281, -0.20089305337499, 0.17970304543446, 0.31505102998573, -0.06379564359324401
0.09702169908800001, 0.0090343818162608, -0.22251385281324, 0.17512111993597, 0.29094326399614, -0.061427152592084006
0.13551559806055, -0.0070038122388273, -0.31801440979603, 0.16374105705511, 0.29104050288608, -0.06277905722279101
0.11963527416759, -0.0048466044156728, -0.27935140086985, 0.16328907427422, 0.31713437496514, -0.061299158109839005
0.07478860639715601, -0.0026533925913436998, -0.26816049876233, 0.17909312554278, 0.37235499567823, -0.07599399153979501
0.07759438368395001, 0.0007224803790474999, -0.24726298553054, 0.19091261909623, 0.33529883955006, -0.06685099924528301
0.049238554604131006, 0.018572478883508003, -0.2144499149462, 0.2147844499911, 0.352265546287, -0.028735758527026003
0.06949570519015001, 0.015638932311998, -0.17854848876988, 0.23248410288251, 0.4200196575994, -0.047094576906465006
0.09899500945634301, -0.01533152102986, -0.15477001655775, 0.17554555243529, 0.39064989375135, -0.15310729189882
0.11671535953193, -0.006601648513798, -0.19901727837314, 0.16714524499008, 0.3830013620178, -0.15908969215761
0.13932403004323, -0.011646531187566, -0.28472833342875997, 0.16893126569907, 0.40275112936099, -0.15486450272459
0.12792044230458, -0.013866077389896002, -0.27534244401741, 0.17413336599858, 0.3676586361307, -0.14078899504808
0.13726990168759, -0.008074242171031, -0.29920264762119, 0.17494365061963, 0.3730478584691, -0.14280349898531
0.07944337715281401, -0.0097494622770676, -0.20882480228335, 0.16757630417306, 0.3330891289244, -0.13327710316831
0.08740200524156101, -0.010741566433634001, -0.18780473321754, 0.17936429724398, 0.33803501299931, -0.14020203683121
0.11136787570532, -0.0062454087724184, -0.21138964657095, 0.17621990493643, 0.34346277815428, -0.13210232728954
0.10419826100559, -0.0004600774589763, -0.17318193013536, 0.16955075596425, 0.33162967317695, -0.12383913535565
0.11304009792205, -0.0081380571954936, -0.27463446805387, 0.17696433512526, 0.33309942980447, -0.12968206821608
0.1068026721786, -0.0048907282544767, -0.23353497117255, 0.17238528995135, 0.32303861948422, -0.12626132554117
0.11644007344465, -0.0036487293144357997, -0.21216469040403, 0.17733437278241, 0.33674851306447, -0.12799085546774
0.13239693667381, -0.0044236847041235995, -0.18992390131148, 0.16973654774312, 0.30851272205916, -0.13116265401776
0.11373108531615, -0.0010136644784748, -0.2001155531897, 0.17005738751963, 0.29749428500627, -0.12561826187349
0.11704394581448, -0.0016635195712795, -0.20197117126754, 0.18443283096496, 0.31506170692562, -0.11700466368439
0.12726000504644, 0.0010214347115032, -0.27287918316239, 0.18188920364668, 0.35071615116248, -0.11769415058838
0.12485106489545, 0.0045487410087397, -0.25751118791344, 0.19658757222041, 0.34588696082548, -0.11590008714139
0.12387425228576, 0.002656555674511, -0.2402422839922, 0.18876669099148, 0.37425045496145, -0.11881580234143
0.11180423583927, 0.002712248854334, -0.27424004378091, 0.1829801919009, 0.36785324929999, -0.12183666854463
0.11891433682814, 0.0011560824663861, -0.26944001137447, 0.18145992992736, 0.37696371784803, -0.10970122409721
0.13418236834206, 0.0013257456040927, -0.30159049364353, 0.18547832983591, 0.40684738050577, -0.11087255015336
0.1098985684879, -0.0019287660281896, -0.250550856809, 0.194313142493, 0.40361336196417, -0.11323390474512
0.11717746231756, 0.0042070569054975, -0.24256632930256, 0.19504664305107, 0.39980328352645, -0.11189723535308
0.11229348784018, 0.0019107634627645, -0.25786793155867, 0.20335071265735, 0.36865800637175, -0.11532813040278
0.08577609603054501, 0.0024803691190297, -0.19777622605919, 0.19708697891392, 0.37095978524783, -0.11029880408049
0.11927250238547, 0.0071981640973544, -0.19490548600305, 0.21124623861777, 0.37760511758706, -0.11146239250476
0.10074596620622, -0.00145775249628, -0.20177434446884, 0.20994498110056, 0.3612959086229, -0.11252814934339
0.11538728879612, 0.0058374413062326, -0.19359105352551, 0.20483573892922, 0.35787331684823, -0.11642456806932
0.096248840178749, 0.0006861841427137, -0.21810678011037, 0.20761717184444, 0.35151732624468, -0.12272887127514
0.09902103532799501, 0.0060802433305719, -0.15804182700874, 0.19258253684971, 0.33964008432306, -0.11241990457967
0.11306418023076, 0.0019141051049019, -0.19983163258113, 0.20748689490274, 0.34645074898574, -0.11230096708895
0.11924592854392, 0.0041862521744015, -0.19287640884126, 0.20382773750615, 0.33876523764803, -0.11365841282595
0.10593981710689, 0.0046341089782371, -0.18969405988255, 0.20725685267464, 0.33791909000687, -0.11383663546649
0.10180116557659, 0.0072074134845688, -0.17105771809311, 0.20851622469487, 0.34297696384954, -0.12065672806657
