Pichu
0.0, 0.0, 0.0, 0.0, 0.0, 0.0
-0.036245205556511, 0.018969892729525, -0.026891286888264, 0.0091137785291261, 0.0003361713402155, 0.011642752630911002
-0.093132161762716, 0.0067354360068131, 0.11064210377908, 0.0004482560900469, 0.028977480892031, 0.015393127513334002
-0.1065394695485, -0.0001838289556153, 0.1696712302991, 0.0020406204910186, -0.017922288504246, 0.044831034625206004
-0.0020062631582794, 0.0087727782909017, -0.23167939207515, -0.0093125454581945, -0.066388050435513, 0.022959216436983003
-0.018791400362331002, -0.0018498475470621, -0.14387401556388, -0.0079546067335242, -0.044995127278524005, 0.016119111783493
-0.020514620416764003, 0.0034365542166829, -0.1293394005698, -0.0025123618767882, -0.040918495232750006, 0.029323723247806
-0.020325769215491, 0.0047784818543637995, -0.10334877010355, -0.0081611943548105, -0.027944043919465002, 0.026969697918124
-0.028549546779924002, 0.0089517328438368, -0.13952056216846, -0.0005953935471293, -0.012383444113273, 0.023083641624321003
-0.072483624952917, 0.0044210101262920996, 0.05574281073895, 0.0022747322247165, -0.019456391596382003, 0.026608133803842002
-0.053221519032866, -0.0032961757950809, 0.09174182793167901, 0.0056832543312189, -0.046955969601593005, 0.045410157428217
-0.015091233369454001, 0.0060924312164159, -0.28498670532553, -0.0079689078870155, -0.08042647384148101, 0.023808253319049
-0.030663344585943, -0.0025874450799582, -0.15091744044625, -0.0039901762877181, -0.066612999498983, 0.025614605521892
-0.017925634329110002, 0.006129297207371, -0.15329717027993, -0.0002323904995077, -0.044088073790799, 0.030769954049792003
-0.023771166952226003, 0.010514274116326001, -0.17870668283498, 0.0033176450726816, -0.041018384626089005, 0.027191231261681003
-0.032313391627294005, 0.010557004295689001, -0.15004943397088, 0.0055747787798731, -0.034982085464169005, 0.020996319746601003
-0.021013726824902, 0.012024815538768, -0.17676442447137, 0.0064997276397141, -0.072235204464731, 0.030323052020344004
-0.017424044447884, -0.0072929468989615, -0.065842977646953, -0.0004804639050446, -0.019661689385365, 0.021834156485945003
-0.031376410203364, 0.0080777070942639, -0.21975994432474, 0.015913640837080002, -0.000487277697751, 0.026121313196570004
-0.061906345315439, 0.0073652760945711, -0.058102942445200007, 0.018997325238546, -0.030148949173567002, 0.023517204901405003
0.0018680001716247, -0.0015518086183491, -0.14705587103882, -0.0014415424229709999, -0.037461862474989005, 0.014022588964484
0.018392566895191, -0.081074460394745, -0.08937040764769501, -0.028578343629055, -0.025060873088877, -0.07866327592392301
-0.20174169812659, -0.47886241426382997, 0.24962509784912, -0.18807535389828, 0.15996989808784, -0.44242319696617
-0.2855963861032, -0.69372632540927, 0.19553255133278, -0.13234030205844, -0.09049004859267501, -0.38675022955211
-0.28046805848686, -0.14751507124855, 0.11019443272054, 0.12418094678515, -0.1124731451244, 0.42981629077246
-0.1795658019035, 0.38665068775085, -0.23544555012787, -0.002370160924912, -0.12944962674267, 0.68102243785047
-0.054558123989893, 0.32524863692681, -0.18145471808269, -0.17654493525538, -0.09842362382674401, -0.17345304821906
-0.15561992991406, -0.58546277856531, 0.18538753464003, 0.12616674914097, -0.045729857808996, -1.8744531801449245
-0.2030650731765, -0.76863870845388, 0.14142761016948, 0.3258975402203, -0.1568031322305, -1.5645005447879308
-0.13267985634399, 0.052538553001954, -0.052812833876408005, -0.24736527443693, -0.26521650350849, 0.82105087456862
-0.17501317897742, 0.36185458856811, -0.49631939676392, -0.78083042601789, -0.317502229813, 1.5168325387982367
-0.075396493029625, -0.12454964467934, -0.0037587848168609, -0.2533890186126, -0.27099056554381, -0.67093541285981
-0.21851880699103, -0.6231527272377, -0.063395143148228, 0.4156246975474, -0.15179708974832, -2.3122030901620834
-0.14896702986427, -0.36377541434414, -0.14104724698827, 0.2501185256673, -0.3023928816173, -1.0221853256610656
-0.1561158603548, -0.041302886601617, -0.80513879671503, -0.54139872626472, -0.44858563685574, 1.5372392823698102
-0.1716037953867, -0.10765235965157, -0.74321337042302, -0.62363384967044, -0.30727689862333, 1.5156792317004606
0.033355044465293006, -0.1162286475954, -0.75118889021013, -0.58036903818654, -0.32475746008021, 1.3179912371709848
-0.014352043875599001, -0.10848314074404, -0.80880482526146, -0.57667832689135, -0.33472848856195, 1.318426686276307
-0.0023640001673627, -0.09735026546500201, -0.72577185484933, -0.5722253432667, -0.33049093255567, 1.3289832922766058
0.053649219974079, -0.08369197016606801, -1.0583046962248923, -0.58242579664476, -0.36780090796087, 1.3406335118374832
0.01144893577223, -0.35778035038835, -0.74086278800487, -0.1423986325958, -0.45695953884728, 0.22560618938035
-0.2275851335228, -0.80645115676121, -0.30827049554385, 0.40029858011976, -0.3109611856375, -2.248816177986942
-0.26671224702161, -0.77548378680501, -0.23671086814679, 0.63033099795485, -0.25827890256511, -2.415583208839536
0.0094782413625409, -0.7350825454012, -0.4228997303386, 0.65554538563612, -0.27304789453699, -2.311201825513594
-0.0024923891256312, -0.7048564832682, -0.6323078678848, 0.69849969706742, -0.31512493895736, -2.2575074584860664
0.030365350836455002, -0.690161816713, -0.57848263682587, 0.7289026726966, -0.32402324233007, -2.1979582235715687
0.08310577203182601, -0.67718992782419, -0.72995476023836, 0.6749559320691499, -0.33642312367516, -2.0662575124411537
0.07981616825809401, -0.18543858018503, -0.99349775091653, -0.1860857228464, -0.56457647916768, 0.34060639488278
-0.17388842000929, -0.003441011124138, -0.91623444983514, -0.71344997840957, -0.45223253066751, 1.703806493895432
-0.052475643894287, -0.07820196168849801, -0.70421510693826, -0.67561966924941, -0.35912459953954, 1.488482510415896
-0.0071767436853586, -0.11922985956157, -0.69836804840208, -0.5902340846043, -0.3580188192257, 1.3264983235651113
-0.029964445109328, -0.20027316443857, -0.54552503258898, -0.31033923479191, -0.37531429759706, 0.7880657349985
-0.15824443964566, -0.3166064138211, -0.1448811140349, -0.0666498454087, -0.41407353473456, 0.015994488373052
-0.38745875170025, -0.31291645021495, 0.72857541088647, -0.078082248194818, -0.41265588163938, 0.07598050121172001
-0.62953024590655, -0.27930763140033, 1.407000125841713, -0.13540130554519, -0.41639725806156, 0.15571764127386
0.1703944822614, -0.24823453711993, -1.7136717839802915, -0.3199035816835, 0.91513576976018, 0.11392693891869
0.26192166234623, -0.24808594531885, -0.90820424338114, -0.05666385107475801, -0.21871508468021, 0.24739112048406
-0.89305282185532, -0.35217644418336, 1.3954973652984834, -0.014620206624949, -0.21354059193115, 0.025508034721856
-0.95467790874997, -0.36068363373258, 2.1245271571235906, -0.084022457389057, -0.49695643129741, 0.0042405157190746
0.11365790444285, -0.30672167672599, -1.463761564299472, -0.15580777381607, 0.65568475603224, -0.007610954511256
0.31479558722006, -0.31643707409944, -1.377555077745209, -0.16518867564316, 0.60747791290681, -0.033315135495355
0.30139886810817, -0.31680037971177, -0.39624887834274, -0.046939815951272, 0.042757282283755006, -0.0061675624621031
-0.48582891641491, -0.3490350622916, 0.89059941205234, 0.044180479085954, -0.25311294667459, -0.15182653860424
-0.94338911085142, -0.29744181287423, 1.9078929873203456, 0.079972515724073, -0.52642488666746, -0.21476521070537
-0.46219421584948, -0.19385859110036, 1.0067398881423109, 0.15876237869287, -0.63311279800001, -0.20007801276325
-0.35464082733055, -0.15639122712408, 0.06602606794855001, 0.21143603562175, -0.51543674861589, -0.19710796770118
-0.20466061871815, -0.10944109673313, -0.62902958934906, 0.24176987081747, -0.45669737137445, -0.36690574446675
0.4909392422291, -0.092620876782495, -1.5476003688775712, 0.30112490323458, -0.20205534731167, -0.360808251133
1.5934688914688193, -0.05174429611398, -2.5565850863054225, 0.28310784041823, -0.21208104022838, -0.265348281764
2.2688878043264022, -0.015701175050035, -3.005661279352681, 0.23341884564815, -0.52316372676891, -0.14229857701942
2.2880825738245294, -0.06093976662991701, -2.740437980207484, 0.06372523092318301, -0.41598750196688, -0.11399117677062
2.269520152946554, -0.027883457310384004, -2.888713920178731, 0.022412885083511, -0.47319653569455, -0.063755885594756
2.010210477171732, 0.044740333611447004, -2.5943073630452447, 0.0041646058975943, -0.54566210720514, -0.035449068303192
0.98705047226368, -0.040078422937561003, -1.3123599038895584, 0.06812977477650001, -0.38879385052798, -0.15472020444234
-0.42882969492510997, -0.14656035687293, 0.42717092938759, 0.035357575980133005, -0.079073229951856, -0.15571791974827
-1.2321423151058664, -0.16298755647928, 2.0265591540180097, 0.09447901905519801, -0.24703679353104, -0.37686712813181
-1.13752449498512, -0.22480260062713, 2.216194363847027, 0.20136483114395, -0.76951580889731, -0.50017496939474
-0.54282910768397, -0.20469625588131, 1.3677430950977252, 0.38432584613592, -1.1607692686504643, -0.53875765854895
-0.38979188308, -0.17044499775853, 1.2163797634306996, 0.48289054962152, -1.3237602632834835, -0.50979576256016
-0.3489484273302, -0.20572739901205, 1.319402710005576, 0.50787838594256, -1.4674676757865852, -0.42182699768083
-0.21323987097988, -0.19629648163763, 0.57204546875616, 0.56215692877681, -1.6737436759028441, -0.44670249142856
-0.10082779303923, -0.1428305742515, -0.65634234290892, 0.46149058504841, -0.55683292674398, -0.38871786999343
0.31076440699145, -0.13630969086927, -1.6385682965128614, -0.03637059337569, 0.086569195395389, -0.55036623681948
0.45162423436522, -0.08722685704784701, -1.0478949289765995, 0.17916903723015, -0.23438280383885, -0.39761782830628
0.27826409443716, -0.10710932899002, -0.8597739292357099, 0.2325835269645, -0.49967171489469, -0.38517568207561
0.23368522214333, -0.09647822715635801, -0.91052177760273, 0.3362812411737, -0.69456370148479, -0.59283964335116
0.080662224596661, -0.12097559579878, -1.1019446677885276, 0.34670117051922, -0.71600265979508, -1.4665365852280667
0.19325280716361, -0.24150162577954, -1.3106632182032967, 0.29363044606476, -0.76112652594168, -2.152034973287502
0.31733797065118, 0.044292857358049005, -1.9457448235301826, -0.45319828369771, -1.2177648503643443, 0.58622082796612
0.12993164770292, -0.31206293368186, -1.8333459125664253, 0.13389586811426, -1.211599656258892, -1.2604115212049705
0.16471644558848, -0.17476496112443, -1.95208106430138, -0.37617016502611, -1.115477545076423, -0.43565029878511
-0.026330635623421, -0.040288800417175, -1.311374487935537, 0.63902345435071, -0.91097594640855, -0.99996125384642
0.22195126013538, -0.024959615104333, -1.5053949874080357, 0.12907351128766, -0.61129970842878, -0.23791782876293
0.10773136048311, -0.0001785023647713, -1.113868542885096, 0.67208195540572, -0.59237274428551, -1.2135299743519248
0.44564098841153, -0.11320877241787, -1.257461797519863, 0.089218645126326, -0.39068179280638, -0.76535224593194
0.42733421948922, -0.14268525446116, -1.0546039079683214, 0.25191029050753, -0.37495636379656, -0.70089526758981
0.59501452331016, 0.14689586339391, -1.3642899057912707, 0.04209858421797601, -0.23862260858509, -0.90300709120674
0.51473178574374, -0.04357509388462601, -1.7054056461501441, 0.4418210034708, -0.15241279059393, -0.98247431514998
0.55911673284827, -0.34275272948218, -2.0028400591828834, -0.53872755328468, -0.14840724450442, -1.2620199442336102
0.57524648586491, -0.027593140587731, -1.6135795864516562, -0.5403919865451, 0.068771553025694, -1.1700588477940728
0.55844197130768, -0.04954622784706501, -2.0431202254725602, 0.66936432098172, -0.17558470065163, -0.46202959360618
0.42408837281608, -0.3965114702466, -1.95828073894571, -1.4020911134353646, -0.2021281651056, -1.2794479039460767
0.53488359603154, -0.42994910911719, -1.6434414328740863, -1.4512010042541785, -0.2473852830516, -0.98920892718077
0.34096559211106, -0.34691227886077, -1.3083150744536511, -0.57188173348257, -0.25055387100052, -0.90877073286276
0.32861487854304, -0.25099674126099, -1.4587061967134327, -0.60631058431163, -0.27382646659926, -0.8854667861354
0.51878974187659, -0.19552154408559, -1.519610623550771, -0.64799255619538, -0.24714779667007, -0.94221186313899
0.61109016182301, -1.117825730583158, -2.541581880720549, -2.2743670485744087, -0.34201600179329, -1.9695276084579922
0.84354693625031, -2.0836543908914242, -2.4018377958473653, -4.4561395262596095, -0.18294431237622, -2.2152559006667394
0.82834378553678, -2.0652832568585127, -2.8478075404093968, -4.267169821302951, -0.24894759184645, -2.0721381931372513
0.67781811437352, -1.5090772270104902, -2.2256060206565493, -2.7341820260225203, -0.32475660040558, -1.825788967707588
0.70126692041197, -0.61927687437454, -2.5751354249191722, -0.92082817193673, -0.47456833807921, -0.74888297248354
0.88985314325678, 0.83109883188969, -2.401762609804277, 1.7298174902905004, -0.54654844555702, 0.84440764124644
0.97753741807666, 1.032027024583981, -2.1015469468963874, 2.1092585662262247, -0.56661467188301, 0.66032613539775
1.0191600613637286, 0.91373844707505, -2.0217912969976366, 1.6425346845080977, -0.55995653349653, 0.33312094111899
0.72851285838011, 0.58881534480877, -1.9967878336174563, 0.8286696380096, -0.51091756436914, -0.042484212579092004
0.68931261655824, 0.18605589606035, -1.4931794350380378, 0.12054185588282999, -0.27219436620966, -0.39180429359461
0.63148563050786, -0.050290991558961, -0.93758792317815, -0.024160912725428002, -0.18155426898827, -0.45659738848653
0.70153955008044, -0.08706705431240701, -0.75089865486551, 0.11777245416744, -0.1122208791813, -0.32996451454999
0.6536307803879, -0.020792261621074, -0.91452431373657, 0.070571327391413, -0.18648013681246, -0.32499273377982
0.69169737556258, -0.013527474018467002, -1.3976072300839693, 0.034332786972985, -0.25142576219539, -0.51304106431044
0.55168892307135, -0.04958056432163101, -1.3571764396029373, -0.010003305148501, -0.21193375697935, -0.68735150319748
0.57495864940229, -0.12290417885683, -1.302634057663793, -0.032083845947122006, -0.26275879941321, -0.72219554152651
0.63130941096728, -0.10461503857288, -1.4550764559991936, -0.0098607146389038, -0.32130684956777, -0.74543862182478
0.64253307679088, -0.14059396160371, -1.2628960739904445, -0.0008095085049838, -0.2543946219478, -0.77048730528281
0.55119452212433, -0.20039009054388, -0.90065821125337, -0.011008599654285, -0.19266060297647, -0.75771283069643
0.54937068319539, -0.2101269859216, -0.99674208672788, 0.016185873850073, -0.2621821514632, -0.74285574781014
0.58291529630084, -0.25318486438832, -0.8850646547914099, 0.022698761255412002, -0.23114100898937, -0.76733649267547
0.46201119948415, -0.30500456082308, -0.61836521927113, 0.010025628997162, -0.19197940005688, -0.80016883958748
0.41126809315668, -0.48749498499144, -0.50232225749578, -0.22425902600494, -0.3055287949783, -1.0266575996347898
-0.062345817537629, -0.86373892675353, 0.22470954603593, -0.84566339075006, -0.3279600928294, -1.3842767389024375
-0.0023327774883213, -0.91147755874916, 0.26478195724591, -0.94993695628513, -0.44526078418677, -1.1745064207969462
0.33342345161488, -0.76085193838118, -0.05665307884985601, -0.63080594606822, -0.42322299494355, -0.91260693317834
0.24572661366559, -0.55410559479469, -0.61208146955879, -0.49499851254625, -0.52931285516154, -0.94845733810132
0.36725994640568, -0.47258359250755, -0.70330954801424, -0.39499856543657, -0.54100799020529, -0.92467681440067
0.44892094344462, -0.43033047659047, -0.43797046805508, -0.3561704668006, -0.51269485001204, -0.90914522691386
0.44290127472899, -0.40570440677292, -0.48277468574629, -0.30560612429102, -0.55341712485798, -0.87070570510857
0.43346475185471, -0.40053549984777, -0.53111141321944, -0.31290312989161, -0.59125890978982, -0.85417430493621
0.52604294216571, -0.39151160793303, -0.90413714843353, -0.30670191998326, -0.62987242358433, -0.84775117627967
0.52177478230955, -0.3976994089772, -0.74089617286193, -0.30768319028629, -0.59242350699176, -0.84575937913314
0.50661745877602, -0.39068782723123, -0.67269753920276, -0.29677273185047, -0.5757710011171, -0.83874191408937
0.48876670606252, -0.3809413426256, -0.65434987729592, -0.29182928914118, -0.56465717034892, -0.83561175795543
0.48480593916764, -0.37836951614851, -0.62024559402973, -0.2785924383275, -0.57061527911809, -0.82737310153037
0.45551146234684, -0.38028618841101, -0.48374465691763, -0.26554886136454, -0.57079681010923, -0.82869622364454
0.41790841291192, -0.39208261614727, -0.34462999373388997, -0.27214720057314, -0.55674155388703, -0.81836489577176
0.49582221036951, -0.37556972918431, -0.78204629018577, -0.26348967671817, -0.61654109631853, -0.81802995639916
0.46234533653679, -0.37472131260218, -0.65351332468559, -0.23776402548528, -0.59264384906136, -0.80921085407354
0.46615820971098, -0.36789411892436, -0.71045301757016, -0.23003821060026, -0.56958129823984, -0.79535166654666
0.43340939827875, -0.35732358774825, -0.62647736673452, -0.21503012741716, -0.52569977613432, -0.78558278330286
0.43174230743311, -0.36506420271462, -0.63041462572702, -0.2198154351826, -0.53217218115652, -0.78243381114983
0.4412440881124, -0.37279666462874, -0.62123536215671, -0.20755536160997, -0.55583280674597, -0.78972980030814
0.43793173196732, -0.40560339447517, -0.47876998015264, -0.2350249068123, -0.53440061509931, -0.80848059723675
0.45313823286256, -0.38198623947354, -0.67178923213164, -0.22615100437508, -0.55900334980184, -0.79564804525957
0.42200797464688, -0.37864493180408, -0.49218691381692, -0.20277734064494, -0.53027346244487, -0.7866216891266
0.40794909132572, -0.38270861821386, -0.36008359577875, -0.21587942630221, -0.52895928647106, -0.78564297649965
0.44529265279158, -0.36956860265654, -0.4336291050215, -0.20572594588824, -0.55676340208261, -0.78120543404956
0.42837822450398, -0.36404872566231, -0.42431533073328, -0.19467962850019999, -0.54485561995142, -0.76971956576526
0.3891751524667, -0.36791432449288, -0.40203623464392, -0.18967826389729, -0.53874249709086, -0.77297951250008
0.32807033625817, -0.37793493130145, -0.12852059538656, -0.19399047740282, -0.4933135787443, -0.77828771622114
0.4372488047352, -0.37745754341398, -0.55252769608981, -0.20928786100227, -0.61065180334516, -0.77213057071221
0.45956439869582, -0.36115618477987, -0.65518309221896, -0.18864936120551, -0.60289621095735, -0.78082652609791
0.46876198208721, -0.37221313595426, -0.51039954902485, -0.20173471264508, -0.59253258325713, -0.78453884327168
0.44367519484929, -0.36694418486351, -0.49301164175358, -0.19988906958451, -0.57299046387778, -0.77448535740713
0.44408092129068, -0.3653473773868, -0.46191058530144, -0.18917029325343, -0.5834269183398, -0.77869538888133
0.41796263447677, -0.36062563835909, -0.39969498824495, -0.19151281504706, -0.56847693344697, -0.78024294333584
0.40167189258757, -0.36457707957673, -0.33036844495562, -0.1776857278661, -0.5763391115106, -0.77600142299596
0.38711817889044, -0.37185653503057, -0.28867590898841, -0.18024240549467, -0.58341613389514, -0.76992863733903
0.43217560263938, -0.3419071366905, -0.63252927665481, -0.17557008165798, -0.60643731999997, -0.77508901840012
0.41844053547994, -0.35704351075694, -0.39831745515824, -0.16676682091281, -0.57067058475329, -0.77095055059488
0.42450466988574, -0.35380705675984, -0.46565724683048, -0.17832983464539, -0.56933531544494, -0.77719434898359
0.41702387445432, -0.35076407211909, -0.42010398100605, -0.16975046709117, -0.56615391452296, -0.77579360315476
0.42094615733518, -0.34441299490569, -0.44659948678487, -0.16993513680503, -0.57277729150748, -0.77308994457031
0.40235230712249, -0.35243037730342, -0.40781061473553, -0.16347766457021, -0.5661029002097, -0.77160420943332
0.38317658073688, -0.3507069559729, -0.26152825511918, -0.15720126681094, -0.54378577571244, -0.78107682608139
0.39797781424628, -0.3497523934221, -0.53775893130697, -0.15813322961511, -0.58056007173428, -0.764632728994
0.33932224057565, -0.30442827848541, -0.4714085622092, -0.10029197310584, -0.51724959355815, -0.75436790283717
0.41364985052235, -0.33964981881331, -0.48291468179938, -0.13625329584179, -0.5492126991955399, -0.77087889275581
0.40559441312775, -0.33308003995544, -0.51907954542636, -0.12424442923431, -0.53659521619257, -0.76826888270249
0.41397061476692, -0.32995027183144, -0.53300449412851, -0.11729371636003, -0.54556522195267, -0.78032295023168
0.41143790040954, -0.32037496385098, -0.58096402194275, -0.10738781426239, -0.54453950559863, -0.78735775855935
0.42109460686894, -0.32964946680479, -0.55596904537724, -0.10879853200641, -0.5749723182436, -0.79864288808553
0.43233108397632, -0.37598749084724, -0.51368644576296, -0.1521449245704, -0.55072043714837, -0.80561422575313
0.40041990093805, -0.33523380034911, -0.70928501765086, -0.1284843232457, -0.5399549210709, -0.77834940641614
0.40017771426045, -0.34819500742939, -0.49713945874123, -0.11885625141434, -0.56595952475753, -0.7817304615942
0.41146292811421, -0.3437236726628, -0.51854720958985, -0.12671624115013, -0.56423661700649, -0.77902380114963
0.42575380863366, -0.34127334048346, -0.49136521236665, -0.1315403577737, -0.56146044249459, -0.77456247837571
0.4238314023639, -0.33499127752124, -0.50442728665333, -0.12270370969581, -0.56242554920361, -0.77541584848443
0.38989279664721, -0.34002303228387, -0.5244233940112, -0.11942952902446, -0.53264306602736, -0.75869831618654
0.41616685618567, -0.34353885319423, -0.50912457754496, -0.11908729528958, -0.5675861905477, -0.7505708111742599
0.37981545557423, -0.33950159862095, -0.54140211714303, -0.12129382643519, -0.53128360024557, -0.74800086396166
0.40272543657398, -0.34326104522653, -0.39122488209228, -0.11317464768183, -0.56132479045433, -0.74065940088362
0.42932364682217, -0.34120178524859, -0.53633345447796, -0.12551013997484, -0.54862164674473, -0.74322326581877
0.36910919520642, -0.34326101941962, -0.52293331187262, -0.12947794161323, -0.54516582540409, -0.73712744810033
0.42563800326821, -0.32617801529412, -0.59482547940883, -0.11832985730619, -0.58699718898576, -0.74147421926957
0.44747723920031, -0.32343799250326, -0.62020677929885, -0.09689476439127001, -0.61972998329879, -0.74464079494766
0.40607246818518, -0.33139811330122, -0.53968110441464, -0.11235149700964, -0.58629108970852, -0.74101853682136
0.42350091973469, -0.31467380802219, -0.68361619012336, -0.10446054153274, -0.5635778242585, -0.73912046965058
0.39746367090855, -0.3276332552449, -0.49730341018377, -0.097462448021189, -0.56574002591004, -0.73371501194545
0.40461725663005, -0.32572786539424, -0.5668846284276, -0.10848917865948, -0.56056112896242, -0.73499433537582
0.39590021045802, -0.32195889193715, -0.49484128642954, -0.10369685926584, -0.56888504199262, -0.74379218432227
0.42592300979315, -0.31648602244921, -0.550457124541, -0.09913250587979201, -0.56791843856105, -0.74927177045653
0.41455562032188, -0.32349344235307, -0.47247057143467, -0.10020815844699, -0.57562636370263, -0.75028695469202
0.40991528312634, -0.33538385998505, -0.42919841200493, -0.11504491431361, -0.56207059229957, -0.75414464441705
0.41920701246203, -0.30901827210046, -0.66794248044807, -0.10051445419032, -0.54897889104991, -0.74471102502161
0.39494946886658, -0.32061162556131, -0.45736178197956, -0.10181006369533, -0.56794515496355, -0.74784112841067
0.41660106346349, -0.32036537992024, -0.55105507802308, -0.10372657706268, -0.552259893952, -0.75275008938891
0.42411220404754, -0.31807603579859, -0.52924072088055, -0.098450381070651, -0.56056179521031, -0.74814368262175
0.41877292868128, -0.31702207949402, -0.59329234467803, -0.10615041906348, -0.5642912421488, -0.75893313480333
0.41151935227142, -0.31891539938762997, -0.52592120930688, -0.096884221152759, -0.57353707444267, -0.75525956986679
0.37937633443829, -0.32828279890284, -0.40458679262717, -0.09510445258248901, -0.55613810088988, -0.75922734569696
0.40207516691047, -0.30623591323342, -0.68115730234176, -0.08625700869000201, -0.53290814483208, -0.75236248121545
0.33455359348196, -0.28663678671206, -0.52154065643999, -0.032750289823367, -0.52260439634766, -0.72418669901231
0.41282714197965, -0.29722978787333, -0.70758185457672, -0.07118585410191, -0.534416581125, -0.7540691760137
0.39813622982945, -0.29166655211477, -0.67960040355874, -0.05736290395478501, -0.52741077939459, -0.74148204925385
0.42922054636383, -0.29252812624645, -0.76786106690018, -0.054037791071507, -0.55161414029838, -0.74894867619851
0.44237073787703, -0.29391004277289, -0.79506842455378, -0.057738227674790005, -0.57192185792061, -0.76224071770903
0.48197984903473, -0.30225067985992, -0.85861961601485, -0.052645496437523004, -0.61090221073022, -0.77174353301297
0.46081913469895, -0.31920829489116, -0.98979378979165, -0.06425190919225, -0.57230022907195, -0.76584896448669
0.38137223647576, -0.28316973518233, -0.84967424152316, -0.014946337235163, -0.52508610029343, -0.74052262555458
0.4416207971829, -0.31349475640612, -0.7202347717776, -0.05715533162833, -0.54632849777221, -0.77076241741894
0.45633032815809, -0.32106064180372, -0.78491262334367, -0.081627029888986, -0.57368620762817, -0.77795394784274
0.46192368124504, -0.3054855509211, -0.72331451551332, -0.068249703680786, -0.56611095207499, -0.7848801149668
0.41262617305092, -0.29839990593725, -0.64588676698774, -0.054656635623355, -0.5384259659105, -0.77411750512677
0.34763017365826, -0.30122259220913, -0.40733561174421, -0.041173277148192, -0.4855111263622, -0.76701514489494
0.38665881343389, -0.30871699197919, -0.586227624991, -0.052218564496624, -0.60934261631202, -0.75737364477196
0.46899087089546, -0.29504518469375, -0.85938961406525, -0.046333705159253, -0.62460759413357, -0.76082032694445
0.44058698383888, -0.29595049170065, -0.6523420917678, -0.047487584199708006, -0.5744924637019, -0.76306893670544
0.43565576612833, -0.29108746539765, -0.71118410242656, -0.039925775807406, -0.56773225456393, -0.75872070525199
0.42493870605681, -0.28790992338962, -0.69822735455219, -0.045860673648313005, -0.55793559532153, -0.75582001658186
0.43045437222209, -0.2905587877848, -0.68632474744586, -0.054413453136302005, -0.58499955243129, -0.75939111253796
0.40400734597233, -0.29857468019496, -0.5550212512289, -0.045971523932497003, -0.59585402317269, -0.75570451454757
0.39013692391358, -0.30180035509237, -0.54473301514702, -0.038694863967493005, -0.62467576881614, -0.74226922911337
0.41805807725152, -0.29304478807329, -0.8455684048066, -0.044501871556440004, -0.59036596253011, -0.75797733394495
0.42027562325465, -0.29358931336144, -0.68128758341552, -0.035545006457834004, -0.58285828220853, -0.7522711620811
0.40761507771832, -0.28950574040625, -0.70552648108411, -0.045775432093699005, -0.56487725198643, -0.74785915493603
0.37397212199096, -0.28612905371813, -0.64859231202312, -0.028442963766228003, -0.55377517602607, -0.73672885944938
0.36904999796061, -0.28079331774894, -0.68311253488996, -0.023988324152766003, -0.56167497110235, -0.73253815643028
0.42549102141546, -0.27835180966591, -0.81432845879854, -0.025041681107168003, -0.62066202170472, -0.73874304845626
0.44889476353896, -0.27715941801931, -0.90820696268376, -0.024195468759116, -0.63842076314245, -0.75558069394093
0.44519930107268, -0.26247648404982, -0.97746802552135, -0.010676596076632001, -0.58819376051137, -0.74765790190849
0.35996205609158, -0.26267892680857, -0.6941109219866, 0.009871306639905, -0.55629780812026, -0.7277733836803
0.47084048972075, -0.29147197852089, -0.94673264364978, -0.038721674109648004, -0.61056347813649, -0.7607001053957
0.4782386344036, -0.28676839028966, -0.97465832641426, -0.040143529849806, -0.60226707502084, -0.75822503525469
0.49343713252839, -0.28026279272059, -1.0065216956517995, -0.030597107038630004, -0.60782737374844, -0.7616806221817
0.47607519968211, -0.27361289664462, -0.96587150487844, -0.019916344765286, -0.5968715274765, -0.75915382255449
0.43078424041665, -0.28464457244846, -0.69126960710837, -0.009745078976586, -0.5416540022621, -0.76408573995611
0.42602070102603, -0.28818980967708, -0.81882253072929, -0.026282427353046003, -0.58250561536625, -0.75534046711779
0.44143042192313, -0.26170925448903, -0.99854977886814, 0.013985091178075, -0.5744866277914, -0.74335783867069
0.46495335263454, -0.26984015095661, -0.87439183148767, -0.009116144174460999, -0.5714683247258, -0.75458959626361
0.44714117167666, -0.27189906171681, -0.80770353811838, -0.018325680469845, -0.58008603647963, -0.74867655888117
0.44156895879705, -0.26148502855141, -0.79624627939386, -0.017113219349381002, -0.57731602576707, -0.7494248397817
0.42462341507536, -0.27135981145566, -0.76670368022809, -0.023003379671731, -0.56499920028241, -0.75076940930194
0.39682187155468, -0.27912402532279, -0.68192698163715, -0.019441773159918, -0.55949133159466, -0.73454989799718
0.41587353860704, -0.29077820644286, -0.93744830332898, -0.059610391056918004, -0.54762455760791, -0.73571064538301
0.40806641300442, -0.29531835849477, -0.78917633504162, -0.036486996020868, -0.56878162507663, -0.7269988736633
0.42242092761514, -0.27005758391895, -0.84605629027238, -0.027371250137862003, -0.5756963823823, -0.73188568921422
0.44555071022497, -0.27242041085497, -0.87543903068375, -0.021357258174454, -0.58504178614064, -0.73156676046709
0.43518197295838, -0.26702375987599, -0.90143774280415, -0.011220400585100002, -0.59138779614457, -0.72945458884188
0.42340560221225, -0.27277523238079, -0.78405329769911, -0.0047325429686098, -0.59606541376548, -0.73315312922827
0.38794299903207, -0.28654003918649, -0.66021996253986, -0.011511011473655, -0.5714156272703, -0.72618325509164
0.41448188188284, -0.2724452093016, -0.94074774137608, -0.009099998456469199, -0.5951539325228, -0.72862764434331
0.39815673999268, -0.27364514090447, -0.79667717348642, -0.011570656679474002, -0.5974716913875, -0.72625871628733
0.41893311986183, -0.27212965224386, -0.8201688537783, -0.017998297783184, -0.59915022998925, -0.73281259092082
0.40985481042191, -0.27268920021281, -0.79824321682265, -0.015074701470264, -0.58483863020576, -0.73501946504087
0.42906058118141, -0.26955158775794, -0.8170306723199, -0.0095756977578607, -0.59760984753127, -0.7357841116351
0.41462561820363, -0.2742369906962, -0.84694520493446, -0.0062157253810343, -0.5684307550918, -0.73735321159933
0.39452567710686, -0.27546165809353, -0.62225053980365, -0.0049481791315759, -0.55312009534659, -0.74538462870902
0.39380575713629, -0.2593734197254, -0.93004968889083, 0.0039101526541211, -0.57864956950781, -0.73158833708529
0.3078229951387, -0.24474640701705, -0.67104380130802, 0.052254080173077005, -0.56419629591361, -0.71062420780339
0.43079170899026, -0.2699708313223, -0.85953479305359, -0.0089794766601652, -0.59296443558891, -0.74145091976285
0.332776943831, -0.28045454819147, -0.44175311436526, -0.0046827403174661, -0.43315675274188, -0.70531210815944
0.3427881047908, -0.26932762902768, -0.49885905432627, 0.02202519643445, -0.56457093663836, -0.70299494988492
0.4403390146661, -0.23263039221171, -0.71155950930392, 0.019519764156018003, -0.46415862097145, -0.71025603022799
0.42308983298922, -0.22223794653074, -0.040825960806143, -0.033598146507477, -0.53102846989362, -0.73347481917136
0.14007296858188, -0.22763120476961, 0.014003137082273001, -0.07199111289953501, -0.55070655025189, -0.68304252608453
0.18659983515113, -0.19400552380371, -0.91681185105658, -0.042233949927263, -0.64880996374699, -0.73384674460625
0.23314136337735, -0.21684629392776, -0.502649833021, -0.11626235070769, -0.69174833560023, -0.71460725688275
0.38491185800509, -0.14356835228809, -1.5895144084216895, -0.039249431610623005, -0.77531056974844, -0.67641380517351
0.20090197998199, -0.17540723172655, -1.0701203393470868, -0.09683241137131, -0.81885555755216, -0.62060274946271
0.34221138176191, -0.16862227579294, -1.8041323743477433, -0.1392288413218, -0.86577887228237, -0.66624660073508
0.17448445084207, -0.18581102097704, -0.92932266812935, -0.16371301841451, -0.74093228477124, -0.64128049282731
0.32768060784144, -0.18607138517988, -1.2509308318260084, -0.1238003849713, -0.63255615826621, -0.68199666784285
0.34628989446188, -0.2142946120271, -0.81136234763667, -0.16774778872892, -0.65716751499082, -0.69066587338596
0.3782022028759, -0.21846615015013, -1.0370429927184743, -0.12851409262011, -0.636903301852, -0.67968296280524
0.39161592530011, -0.21008583268449, -1.0301451612961368, 0.016040792875545003, -0.57468354846201, -0.68138066423051
0.30420165737752, -0.21311977292908, -1.1463507080148019, 0.13379877128479, -0.61884932750546, -0.76512658284116
0.43915151160696, -0.16296927472529, -1.380009161187456, 0.1049920439474, -0.59159178832527, -0.78241800768465
0.39319786186429, -0.18421651941289, -1.1611609193967063, 0.056751701096828006, -0.61623773582437, -0.76041112367691
0.46932941747855, -0.18205903274584, -1.3321238749618787, 0.0074066057871781995, -0.6552570419574, -0.74950168877722
0.47041935123957, -0.18315545118655, -1.2024484886551225, 0.01039135793672, -0.60476261207378, -0.74212594630004
0.40072509454773, -0.15259655164992, -0.95310429937186, -0.0063309448765342, -0.54746575789365, -0.71352570021093
0.38518075567717, -0.18383211094511, -1.0897740483832006, -0.035589857258838, -0.58684476739169, -0.71243586025197
0.41380214954332, -0.20577285674983, -1.1046186658427726, -0.086742786005225, -0.55754463386036, -0.72707362331819
0.40648109195641, -0.22286916277663, -0.99840278932764, -0.08844801992261801, -0.53884666281046, -0.70973049071649
0.45894354482574, -0.19978837278542, -1.037931242573538, -0.06154745458474901, -0.56371965768097, -0.67281282300285
0.47440932046537, -0.1977498138497, -1.0831958908721737, -0.052788700060688004, -0.51508914916977, -0.66171346237215
0.44719274980328, -0.2003887068368, -0.97722648970566, -0.053029208173198006, -0.5012078796705, -0.65865277250729
0.41820703242723, -0.19585939125618, -0.95942794887407, -0.054044204768735005, -0.46429815841667, -0.66789863823415
0.3836936219639, -0.19166728739784, -0.88158099315624, -0.050119041593851006, -0.4726993874631, -0.64772814901164
0.39646805420309, -0.17785607881615, -0.92410769015726, -0.05989709300914801, -0.423962197716, -0.63954960781472
0.36256344984295, -0.17335447355165, -0.82527824090366, -0.044538830054820004, -0.39373321870027, -0.61815833370528
0.35875040827046, -0.16507194741351, -0.83971311240126, -0.019413736776275, -0.39864876893247, -0.60951313591662
0.40418840246096, -0.16151376634406, -1.0099389158754, -0.009456815532188, -0.48448506445707, -0.61095381533991
0.49878548578768, -0.17675868722098, -0.99998091015597, -0.038949944539055, -0.49189826833015, -0.62982230287478
0.44633332753231, -0.17916522364759, -0.87252460949846, -0.035083382332923005, -0.47129649072817, -0.62558643703772
0.31501298692494, -0.19370113602863, -0.18247702771203, -0.055204541682534004, -0.41909130682265, -0.63012190144127
0.22519474212843, -0.19680128305864, 0.10138878661336, -0.022752331276468002, -0.40510271622221, -0.63378232679734
0.15389131762563, -0.20788232215114, -0.55525274496579, -0.06841593258562301, -0.53780481225794, -0.65379015215749
0.40663024361925, -0.15808394445172, -0.93156754411535, -0.025985959601347003, -0.58157523195704, -0.68222418554227
0.27357441141072, -0.17932891566458, -0.63477053715865, -0.0010838027512595, -0.5036317116878, -0.66389502650716
0.44300627237306, -0.12074111099756, -1.7254171251924926, 0.044112509554042, -0.57666128550065, -0.65679197003257
0.14015766681992, -0.14996203941064, -0.65824936584726, -0.06995101333416201, -0.50074596589575, -0.67913336223522
0.17286718967887, -0.14221856707884, -1.2639865321973858, 0.023678201161742, -0.48238666741336, -0.66859145571261
0.38449710018351, -0.1268856850738, -1.4466570629404556, -0.011428885660546001, -0.56343491330546, -0.6815512148059
0.25953889348965997, -0.14137410406452, -0.64368211913432, -0.090676842071331, -0.51603556181574, -0.65338845614715
0.3865786146184, -0.14885375853872, -1.369671418469764, 0.013695448320214002, -0.56390035589191, -0.64055609017923
0.30936774489457, -0.12347789473383, -0.56888934984574, -0.04731309704224, -0.53169494030602, -0.62558895986922
0.27380373106456, -0.13759591501235, -0.28806453550257, -0.065439375361205, -0.37401663026478, -0.61624640031474
0.37457794765458, -0.14019287245543, -1.1971133910909229, 0.014850080462824001, -0.53023223616178, -0.59994171652306
0.31670058421719, -0.12547500806054, -0.66160794847583, -0.041544662826617, -0.48499194071143, -0.57779011973875
0.27392162360709, -0.14843637246494, -0.27646844780265, -0.085521300615282, -0.48751237558636, -0.57987411378787
0.46763762489309, -0.16107938755869, -1.1743907663826552, -0.03661737833874, -0.59765071904695, -0.56264670643586
0.30665567383039, -0.17360920309847, -0.48453689854706, -0.08282367317582501, -0.43690785845909, -0.56719531644306
0.0073588463567889, -0.17104603234712, -0.25624107553614, -0.078713622301347, -0.54457273735016, -0.50251483445126
0.38459126257626, -0.12170410554606, -1.9067624038435476, 0.031311621480653, -0.65628442135233, -0.5173763405581
0.3196151902441, -0.13009887078859, -1.7532987261406348, -0.046481545018464, -0.62792467456477, -0.55520486673048
0.60598285649069, -0.14617782553349, -1.8756949938038525, -0.06632227934057601, -0.58566060208921, -0.56419735570146
0.59035442997015, -0.12993992878842, -1.667506632989768, -0.05789816240580901, -0.59963382340782, -0.57390348195557
0.61001826540429, -0.13852449153171, -1.8162331086251358, -0.050466090022473, -0.58658948867202, -0.57646511686666
0.58215071260203, -0.11236941259458, -1.882778250545407, -0.019146115306673, -0.56309331459887, -0.58601952259307
0.64159848683822, -0.13795641268473, -1.8294728997791183, -0.032996785045236, -0.61017106801127, -0.58895256601367
0.62337320091863, -0.15759664604718, -1.8491030949314489, -0.067114547611179, -0.55604822987379, -0.60756706486698
0.63065635333256, -0.16068294821903, -1.8163924503516076, -0.08654213253604601, -0.59243773154459, -0.61708952982123
0.65271011844259, -0.15684686548853, -1.8139045545439745, -0.060513550651721, -0.60458739979038, -0.61861180642298
0.57386789487551, -0.15618101506651, -1.516159894692362, -0.05635529644394201, -0.53769962325318, -0.61894030215554
0.52442935523918, -0.1626474901844, -1.3137325360939638, -0.06500276329387, -0.56591371446356, -0.59562232046645
0.61147617747526, -0.14533074030656, -1.6861120948225268, -0.08102170857744301, -0.58806611561966, -0.61360333043289
0.59127371317132, -0.15201673229305, -1.4804662017853496, -0.073891559485872, -0.55563656335672, -0.60312326941713
0.59476516991825, -0.14713312101058, -1.5437733913677654, -0.08113880021361801, -0.56731439269744, -0.59096837986294
0.56407319495764, -0.15725814549788, -1.538431905812445, -0.08799387477888701, -0.56379622052662, -0.58896990635996
0.57892231584141, -0.16310200499154, -1.445479654272652, -0.08302977902216101, -0.55453044937765, -0.58321208829534
0.56321816008522, -0.16216673521136, -1.4585251739199325, -0.067991339996887, -0.5530155183622, -0.57471657040524
0.55207295285687, -0.1609907670121, -1.4110927425087363, -0.079837865648437, -0.56292930459782, -0.56996374840173
0.56152727000426, -0.15240743746261, -1.4186291257986272, -0.08046403521122801, -0.54352424695201, -0.57944442161424
0.5313450304937, -0.14160364100732, -1.2313456702452465, -0.07441438862326101, -0.5075208058581, -0.57225362834584
0.53409464066916, -0.1404253591931, -1.1867136782565604, -0.09259245781415, -0.55871732343826, -0.59016111038413
0.57755834762923, -0.1685456111041, -1.3165058954585516, -0.099407725587873, -0.57863096314807, -0.56757946099935
0.48310645681937, -0.14373394758865, -1.3096464459623915, -0.078566658900627, -0.4511568961731, -0.56173695180886
0.43231222787283, -0.16397023956867, -0.79835056539175, -0.06226723528814, -0.52324349617423, -0.52875657313437
0.41866972599423, -0.16023005810566, -1.3735354775261321, -0.05744145773153501, -0.50777229283575, -0.52967539125078
0.33418031365538, -0.10677580662821, -1.3550747919808477, -0.009891473329886399, -0.4851158652273, -0.52852768079596
0.44527605698764, -0.14596149678569, -1.080378145724384, -0.035587343518927006, -0.45500687015258, -0.55097417946831
0.5120440615018, -0.12886262258974, -1.5713102651478084, -0.034849672819633006, -0.63176350063128, -0.55901846295126
0.49698628802744, -0.12844137071508, -1.5052418217312717, -0.031528117601388, -0.5724084992114, -0.57040152184977
0.54704147272623, -0.13257800449291, -1.5227809476298704, -0.033487635157175004, -0.56778756013532, -0.57867343953948
0.57135741757678, -0.11801630185024, -1.539722524954139, -0.021892989666625003, -0.57294508365856, -0.58245479759031
0.53172705937065, -0.13848503202282, -1.4292462530399983, -0.01910065830651, -0.54051212002543, -0.54640830645108
0.55005846204824, -0.11863824488221, -1.3549470821922625, -0.026540771997724002, -0.51519573609716, -0.5563278958936
0.43033311686773, -0.12658200722241, -0.8431932095404, -0.019525288311319, -0.41818088576125, -0.52440819369477
0.48602236963381, -0.10958094244519, -1.3169239109644135, -0.022527891179924, -0.56073505524802, -0.54254037393038
0.52752565884413, -0.13196008148078, -1.2231174433118388, -0.032106665939265006, -0.51378276055699, -0.53709434557575
0.46463313379141, -0.11610071349259, -1.0699254881545355, -0.018287569977307003, -0.49185643952942, -0.53339873056261
0.4708948816598, -0.1423634409115, -1.2224625790470611, -0.036442904502607, -0.56248303968006, -0.5284541400698199
0.58634013094266, -0.12545085687756, -1.6829147996508185, -0.051975624309945005, -0.62551578916831, -0.54459386008075
0.52479020061888, -0.13879592246297, -1.3003316703972065, -0.045422195292528, -0.54752760072297, -0.52787126052485
0.47109762935108, -0.12010466995076, -1.2233836707722547, -0.035063028843471004, -0.52367042937034, -0.52129410728802
0.509348478044, -0.1357342678409, -1.4893408328399327, -0.029406297488993004, -0.55558017081221, -0.51423479223146
0.4722242907229, -0.13214977840744, -1.342552002625939, -0.032884566921688, -0.55436042926044, -0.52201599095402
0.44237787799336, -0.13735147199276, -0.95684427156019, -0.037378781078598, -0.48326087341123, -0.52327032370166
0.47320995492786, -0.139936553282, -1.2484940483274012, -0.047578698199732004, -0.57624569259442, -0.530207467379
0.53700112062795, -0.09897382861008201, -1.5069657142911952, 0.017736239752031, -0.56639656689567, -0.51102039856744
0.53738527125521, -0.12296686592651, -1.3233785013852408, -0.017199520033046003, -0.54605618139126, -0.52578317472789
0.516128807638, -0.12052124856843, -1.4011053261138255, -0.0043055201665876, -0.52525241354522, -0.53274404109553
0.53068798329223, -0.10630492030673, -1.4782153628100836, -0.013146251795083, -0.55543678811139, -0.54845270337113
0.5236367496418, -0.11791673515586, -1.3497017020605577, 0.0043008794705951, -0.55014553465569, -0.55975806515344
0.50886112170921, -0.1610865670575, -1.3853465427845948, -0.041462209682193, -0.56923150994526, -0.54633997149969
0.47887380659635, -0.13104213197016, -1.2509776958256404, -0.0066993530238167, -0.52215329225752, -0.53266802575397
0.47712493183036, -0.12935422093532, -1.091379517656402, -0.019144725252114, -0.49503697813223, -0.53066556810616
0.49235338102081, -0.12234478446383, -1.1305779835253484, -0.0096812561927508, -0.52987952125637, -0.51046834890066
0.54992067702628, -0.13520507846991, -1.333913100536073, -0.018767081864836003, -0.56480308683218, -0.50936027531062
0.50163782976482, -0.13913289261648, -1.2067621426199346, -0.021774050753258, -0.56265896440359, -0.5064936967695
0.51404170144733, -0.1423176148141, -1.203026117026223, -0.018741720102604, -0.57843409896212, -0.49688334183795
0.54165606939244, -0.14194778758952, -1.3910643293218474, -0.029890370198302003, -0.55584306622922, -0.50731799957633
0.52464501908088, -0.14523072138236, -1.224383375818831, -0.0091708084533654, -0.55652730041829, -0.49888525104799
0.52298729209242, -0.14348732530552, -1.276720835346417, -0.013252889890015001, -0.53828429897275, -0.49920820579795
0.53962124108727, -0.13802231027279, -1.2773968213528293, -0.012363582561624, -0.57490195796036, -0.4977589228394
0.5490521158028, -0.13106782730296, -1.2505520879636454, -0.0077834797272337, -0.56201626030833, -0.49151516393362
0.49553598739233, -0.13072439387778, -1.1797515248446413, 0.0047727241443747, -0.54410216491307, -0.489839190138
0.51918576524139, -0.13464030726148, -1.3161676179594224, -0.011459417788166, -0.58528197369632, -0.48039805264015
0.41238608535007, -0.12491437277397, -1.1432433651069285, -0.011683638130926, -0.43232750211634, -0.47665573429461
0.48581064491673, -0.13767495739429, -0.78005998178485, -0.0039138521957152, -0.61469938813101, -0.47975096549789
0.52309818110462, -0.13379145439265, -1.1761376179719578, -0.022693613446767003, -0.48723095062622, -0.46808249691461
0.47527030110481, -0.13285130671742, -0.6374989653938, -0.034196391292175006, -0.4423503142119, -0.46132729930033
0.48962233887129, -0.12651602627398, -1.3034271739410102, -0.05456924819180901, -0.48318757558283, -0.46106605002892
0.49653700261509, -0.15806527098202, -1.071931900654055, -0.065372074156875, -0.47059889460507, -0.45209288170037
0.51540042203817, -0.14020825211044, -1.3045128727500268, -0.06687117926347301, -0.53559735840381, -0.44756466204283
0.55173725706395, -0.09560572637874001, -1.2445905145673128, -0.05664214330247801, -0.52947171788879, -0.4580892113711
0.54280366243733, -0.12030686964153, -1.2831077826130033, -0.037095764261379005, -0.53869835143557, -0.45400147168052
0.54493342727684, -0.12832297181269, -1.1779427272184946, -0.020602709102964002, -0.50319580849074, -0.44876517395731
0.47026926097603, -0.12590773630546, -0.82114953317665, -0.023662202271838, -0.52086550286623, -0.43964675185753
0.390762501563, -0.1083192402601, -1.0118493556989385, -0.012146894186767001, -0.49798561727851, -0.45434436687362
0.49755563228654, -0.048920994313796005, -1.2846305818712338, -0.010273141509351, -0.52910530368504, -0.4335361438906
0.5412784212623, -0.043276766974543, -1.3347871201183492, -0.0086427319194443, -0.48792506656897, -0.42829093409497
0.6054722407976, -0.07364408938507801, -1.3436211876233142, 0.022509387888959002, -0.46398518205277, -0.43462347682027
0.52805610813985, -0.10000503851456, -1.1853345785790426, 0.015820207674827003, -0.53585789543964, -0.43443187877477
0.55201684585513, -0.09807167133955301, -1.2755255642592935, 0.011719315464461, -0.5703867305428, -0.42707248730301
0.59449569864945, -0.10956461781652, -1.4608830922252474, -0.0053781532238492, -0.64015498233662, -0.43118471134108
0.66716524969319, -0.11587236675923, -1.685322965242336, -0.010597734168545, -0.67478671074778, -0.44742234777561
0.60967349983505, -0.10297498554681, -1.6076271231434436, 0.021379276076214003, -0.54931887658351, -0.44071325697785
0.54912931158836, -0.08298227099505001, -1.6240934782757988, 0.034918878491993, -0.53517422831822, -0.45164500684354
0.60407233249457, -0.09669506488587001, -1.637668774277103, 0.033166675912233004, -0.53411448503941, -0.45504939002244
0.65060893145287, -0.10663956293478, -1.8072357812923547, 0.0079018575798786, -0.59318062799614, -0.47368788070362
0.63749209178577, -0.1174193037211, -1.7251006164418525, 0.0063577908281985, -0.59133435114757, -0.47210462273516
0.54548637884209, -0.12126495004136, -1.4714596008493996, 0.012890872500865002, -0.54023456218934, -0.46415371946772
0.53239387659401, -0.12202124569161, -1.3313793464235815, 0.0043510972193094, -0.54377250667575, -0.45334427715779
0.63267720333439, -0.12069757881745, -1.6011706790125952, -0.006553985740478, -0.60627726031305, -0.46362796191966
0.60267269719774, -0.1283548597271, -1.465660853567945, -0.016440211148659, -0.58976697494129, -0.45771656148124
0.62530045762065, -0.12817304232875, -1.5371386928251864, -0.014874924751476, -0.58986458238104, -0.45750818476987
0.605560991742, -0.12616119519, -1.498602024524239, -0.015622831404645002, -0.57501199454632, -0.45696246868995
0.56029409662643, -0.12514875809923, -1.3303864968397094, 2.3462187770899998e-05, -0.54746873989102, -0.45078148114318
0.53833536933594, -0.12524775816828, -1.1833995443521599, -0.010347281397981, -0.53538027285322, -0.43677692637355
0.57978595109883, -0.11505902785755, -1.5067974846378454, -0.014668199040284002, -0.57656512649508, -0.44171530183144
0.55932478730925, -0.12271092593079, -1.3237150729852871, -0.0006354369610021, -0.56215078116809, -0.44086892914593
0.5815132984725, -0.12094114853121, -1.3723378649683091, -0.0047182297048217, -0.56717578406152, -0.44125889888091
0.58294606386099, -0.12604219025155, -1.3795424805138552, 0.0063430684679665, -0.53989623475946, -0.42938630323937
0.56779356351357, -0.12146458257713, -1.3452807431602594, 0.0016041902179288, -0.53593748303021, -0.43743569130437
0.56856345367461, -0.12167840846753, -1.36479144088598, 0.0077674959524042, -0.55559915738267, -0.43446885179032
0.53595484656669, -0.12357217611836, -1.2141448056347872, 0.0061026080178614, -0.53364858569595, -0.43759099482341
0.56655782215148, -0.12349151200273, -1.405676220689252, 0.0073952631805932, -0.5604914810926, -0.44161892604408
0.53993321223977, -0.1058979641918, -1.3638786702770236, 0.034696755760234003, -0.53903788118123, -0.43728542521329
0.55815807994151, -0.12958670995706, -1.2403672703898312, 0.0015194916303236, -0.53566874636682, -0.45326239933043
0.56814049874263, -0.12099527245041, -1.3239494138278936, 0.012916508437499, -0.53858432142515, -0.44635373114372
0.5555298881532, -0.124728910898, -1.2960210397096592, 0.01556321654693, -0.5343123734022, -0.45089296935708
0.56273632439555, -0.11812906633913, -1.3355210052524762, 0.022721198559166003, -0.53675551771882, -0.4440643426871
0.54666645829057, -0.11710138430178, -1.3539441491214208, 0.032449698525761, -0.54304814525024, -0.44160663569553
0.49997915854954, -0.12246026930357, -1.1918945007582846, 0.031362814710625, -0.53112701024443, -0.44879068569615
0.52985390411353, -0.12009124469787, -1.3823844075737635, 0.026185458865354002, -0.54842490623274, -0.44793386587576
0.48499969767975, -0.10731990555009, -1.2800218810931123, 0.055164969551532, -0.51730706974743, -0.43781041962956
0.528701745341, -0.1327669371777, -1.2628615187513885, 0.023509888076693002, -0.5355063819526, -0.4531502600248
0.54779290627629, -0.11902763264553, -1.3273340479830549, 0.033190229652112005, -0.52148568813426, -0.44798439081615
0.55204661796679, -0.12210873936039, -1.306395907078881, 0.027405975489899002, -0.53416217774153, -0.4528789823827
0.55127508871646, -0.11503389694613, -1.3126547104597952, 0.031370551588392005, -0.5347502641375, -0.45328666726246
0.55325005972573, -0.10911992980119, -1.3981272857988116, 0.053146099451941, -0.57221049611684, -0.45622920009059
0.52113740192086, -0.10820252824343, -1.3569950783986293, 0.059899063366561006, -0.54057091393816, -0.44935089335779
0.53336526476661, -0.095015453834439, -1.5123724118201451, 0.061978943911469006, -0.50333210818513, -0.45600162706978997
0.48022700201148, -0.096483678043771, -1.3090599520090596, 0.087367940592132, -0.5178286057029, -0.44200459643411
0.54975997666174, -0.11829765850058, -1.4688751811553613, 0.041652990314132006, -0.52351308261485, -0.46676452545251
0.5269418210032, -0.10469790121185, -1.4403662912788795, 0.067218069650943, -0.51604792876527, -0.46279074796414
0.54058161245428, -0.10160696824069, -1.5041534702670116, 0.07003429933055201, -0.53205355547399, -0.47322363889869
0.55738212067795, -0.11229424884724, -1.4978339182950124, 0.058659217809355006, -0.55209316866327, -0.48688870045889
0.56204589062733, -0.12827043086494, -1.3994214707636936, 0.035438182875095, -0.54419601308716, -0.49603202089821
0.54547495624194, -0.13020606596975, -1.4475701169418433, 0.027908385684238004, -0.56729013588783, -0.48130719833955
0.54824491787812, -0.11317342453442, -1.5089769997187086, 0.033584618004058, -0.54845697806315, -0.48554385421124
0.55147752599101, -0.11050017532587, -1.3575240413390908, 0.037066312453297, -0.53368688030481, -0.48616557873449
0.56708529434012, -0.11660960775722, -1.4466156444170988, 0.032276254170780005, -0.5352141939201, -0.48371094813306
0.5597801542967, -0.11550593183108, -1.4315181428618269, 0.037046113949263, -0.54506699675507, -0.47414703439413
0.56421417341871, -0.11245375172464, -1.4034187465432788, 0.041292332834896, -0.53944598693355, -0.47365444764004
0.5070203175496, -0.12130648893642, -1.2835358191498676, 0.045417307499278005, -0.53488413477421, -0.48005569836187
0.52107009822269, -0.1255668580982, -1.3549121382583706, 0.045448837480894004, -0.56522654798899, -0.47381129576311
0.53228843842885, -0.10049844387277, -1.5270215366458773, 0.06952498017472801, -0.53547833781483, -0.46772815872885
0.54762829341728, -0.11353189370825, -1.3892257622615825, 0.058418467867277, -0.54772849904727, -0.47257378122132
0.55827022641624, -0.11010280061978, -1.4519860698190463, 0.055527329653788, -0.52685974938978, -0.46374458730574
0.54111467122802, -0.11225782309756, -1.4117932145108893, 0.050732599389325006, -0.5344280207136, -0.47009491746965
0.55128631877062, -0.11002921570021, -1.4309876730081552, 0.060770514002481006, -0.538924087831, -0.47034956766373
0.55093062043334, -0.113347642551, -1.4220429194698894, 0.060235337160796, -0.55647075282614, -0.47654622336576
0.54078929453517, -0.11993557851159, -1.347586695565205, 0.058223757817613006, -0.53146028334147, -0.47274398022714
0.52827737131435, -0.08952911152499601, -1.5765570186446785, 0.087273818728774, -0.50285419595273, -0.46343735853894
0.47915929334834, -0.09417243711882001, -1.3853566703057374, 0.10191901071913, -0.55260455756488, -0.45683771498843
0.56586895341067, -0.11008934459186, -1.6296838059930696, 0.069962938189013, -0.58079344996574, -0.47302737719197
0.57933270245252, -0.10021101078755, -1.647633659477642, 0.090469753836071, -0.55245869286658, -0.47398740878799
0.57472956427059, -0.09781978558305701, -1.6734593948189966, 0.08379697093643801, -0.55976193390478, -0.47247047498001
0.57974337948914, -0.098187513356551, -1.6304291128900716, 0.096810303149787, -0.56044262177659, -0.4698702565077
0.58301569997599, -0.11237464012617, -1.6271842473860543, 0.07891898143115701, -0.57962246980267, -0.48430590434647
0.5804955094061, -0.11792014937552, -1.7179810270010378, 0.074889218747044, -0.56043332154456, -0.46853423735119
0.50236392123303, -0.09460789874959401, -1.6282801816314438, 0.11611927998174, -0.48426929789834, -0.45630782702264
0.57201804121994, -0.098800207447349, -1.625519053922593, 0.099171599659296, -0.51436257157847, -0.46313187044741
0.58109962814868, -0.091380869909488, -1.6524443105318818, 0.10914105040464, -0.51090452395507, -0.46041400353417
0.576096915777, -0.09708852422201601, -1.6542578536751071, 0.08895042351716101, -0.55868781929502, -0.46999261439623
0.61364526004641, -0.10643212741059, -1.7170409636243251, 0.08224340337665301, -0.58621068247153, -0.47822613734053
0.56513862197923, -0.10939738430453, -1.5354005023080097, 0.09279701729081101, -0.54130647074661, -0.46503566435729
0.57257422608953, -0.10636738676583, -1.6187636128041483, 0.08828064976425201, -0.59032503781958, -0.45543767061392
0.58710732604525, -0.10411214771872, -1.6835657980864056, 0.09587394533126001, -0.58440549713188, -0.45146807051663
0.58915541035942, -0.10497637972178, -1.5593726477226053, 0.08647894071722301, -0.55723088164845, -0.45585373050848
0.59797097279254, -0.10595391377042, -1.633707199347745, 0.08188872945916001, -0.57937270653384, -0.45529988585548
0.5951808133621, -0.10718113858455, -1.6524063317514148, 0.088491937435152, -0.57905604903157, -0.45292320915566
0.57984216881645, -0.10316609217373, -1.6104569312515524, 0.098520455983407, -0.59187383672781, -0.45862166290156
0.53685734881364, -0.11707836707545, -1.3722382407270481, 0.10248361204411, -0.53878525001817, -0.45156208536585
0.57039374852895, -0.10265997226532, -1.671394331832975, 0.096145151890019, -0.59110917397562, -0.45026828306261
0.56740547612473, -0.10521423113669, -1.6332484772715918, 0.10872092849779, -0.57594925715627, -0.44230657712433
0.58556328527316, -0.10558096551726, -1.6276470264419687, 0.10028064278286, -0.57850878684127, -0.4416421978358
0.58119684264785, -0.10639109278911, -1.6361778858963394, 0.098234663080197, -0.57914125429703, -0.44224947451876
0.58853248578829, -0.10771678645037, -1.6650829115296009, 0.091546336545789, -0.58381082925043, -0.44937242476849
0.59197951648998, -0.10325196524826, -1.660401104375198, 0.10902252012019, -0.59572128473643, -0.45173911872738
0.52179043267727, -0.09954828997915101, -1.4371049313344244, 0.10977019392921, -0.54944016206514, -0.45169940065558
0.54531663317563, -0.09983089639727101, -1.6561430370068448, 0.10037811192354, -0.59242551882329, -0.45047141803695
0.5160474879398, -0.09301494439333101, -1.6314548466883303, 0.12659013690259, -0.56344200292812, -0.43905402722931
0.58084679396287, -0.10052167716553, -1.6446144690086957, 0.10089018283359, -0.57515164342276, -0.45451104505848
0.58990666806369, -0.097371212329628, -1.6394443150568174, 0.10869877860329, -0.55727241156709, -0.44726781570791
0.58476032448503, -0.091898615985341, -1.6744949709808092, 0.10926694879056, -0.56475361478421, -0.45948488939404
0.58191094157269, -0.092256014022062, -1.652775483499821, 0.10656772752094, -0.57134947722308, -0.45793430116228
0.59023999661966, -0.09292783422718401, -1.695054986066007, 0.12144439901721, -0.58978603694724, -0.46179587569256
0.5380822305785, -0.10629227772272, -1.4822207096931759, 0.11819273860726, -0.55444448738709, -0.46168363469194
0.56532868458356, -0.08808602062828501, -1.7660139610529944, 0.12003562482588, -0.55846062188647, -0.45049842976262
0.52716889945281, -0.090633491930068, -1.5908313614189604, 0.13534041258396, -0.56167154313845, -0.4523528152928
0.58366394590712, -0.10348770140215, -1.657373837762461, 0.10333765541197, -0.57937172350581, -0.46420618122497
0.59639789851873, -0.10177251010326, -1.6642710229157076, 0.10794856884892, -0.5704435921752, -0.46346853111319
0.59874771787332, -0.10009355008145, -1.6944593970077428, 0.11146852928674, -0.56923460690471, -0.46515348013576
0.59219225775881, -0.09217035262171701, -1.6661715209142283, 0.11732167029144, -0.5675237245731, -0.4618317690802
0.57783078833343, -0.092123980285316, -1.6325412064923408, 0.12599598807441, -0.57650607344703, -0.46416555405964
0.54765222057265, -0.10758502393566, -1.4504938431332213, 0.11925764824543, -0.53139900647811, -0.45934650887889
0.57589793071295, -0.088063576570688, -1.7469698326760645, 0.12504035527003, -0.55732888606146, -0.46013781685342
0.57005388835279, -0.09714786672768201, -1.6153501617315968, 0.13095017290242, -0.55278025833795, -0.45636579489434
0.58950224823958, -0.09647575165089901, -1.6674288050979647, 0.12062446349404, -0.56098707634235, -0.45428027768535
0.5940803734872, -0.094438886350168, -1.6204944289118905, 0.12146477787294, -0.55588220311484, -0.46252818787073
0.58298036454494, -0.089114619765826, -1.6093416309038782, 0.12410756245994, -0.56023536218318, -0.45477008489168
0.55151779313686, -0.08052577319388, -1.4979214306082302, 0.12937986678807, -0.49680709055245, -0.44708585416153
0.55041606877156, -0.09420840250598, -1.481990680268024, 0.13214978224628, -0.53486636226883, -0.43356011952049
0.6235913199517, -0.12387097542393, -1.6911478086184408, 0.085376451353859, -0.59158245513411, -0.4425385883865
0.60807902768188, -0.11662645767421, -1.582778753763883, 0.08937037012614, -0.55021241691847, -0.44316718331074
0.58016359501026, -0.10075506759554, -1.5365205929220038, 0.1035333943674, -0.53042471620985, -0.43498959309003
0.60808766838111, -0.10918762451165, -1.559111452493096, 0.11142188916317, -0.54199223445908, -0.42485642399861
0.61298315057553, -0.12331698899545, -1.635881510965065, 0.10421803537015, -0.57112599367667, -0.42732193085914
0.60585054330362, -0.11889846502874, -1.6354423615406595, 0.10856276880814, -0.57547951740968, -0.43036358586913
0.6400095302456, -0.10972892094651, -1.6776673519798215, 0.11711246256258, -0.61933354087432, -0.44240847333021
0.60554797767258, -0.11925097691632, -1.5896936188307, 0.12225589857571, -0.58506633434378, -0.43398229139706
0.59137177956828, -0.077312924282673, -1.786322034846895, 0.15120424751892, -0.54276243920409, -0.42856340327733
0.54923650246869, -0.08663931510221701, -1.5851671531506257, 0.16944433715169, -0.58613793857154, -0.41977152124289
0.60369927893357, -0.10871904740943, -1.7517490439724797, 0.11980397290477, -0.56109569158663, -0.44466805610251
0.60786271012917, -0.10052510801095, -1.7677630768983197, 0.13748959194914, -0.58229265750897, -0.44403901201337
0.60555907719127, -0.089774078017162, -1.786129930947782, 0.13492168892593, -0.58374431418908, -0.45415019139371
0.61617544567517, -0.09663420836918801, -1.7696270319968925, 0.13852865445765, -0.61723731417809, -0.45110101758816
0.63175399206615, -0.12081963565541, -1.7911999030719534, 0.11629010021255, -0.61448470908868, -0.4496075157109
0.61028800612673, -0.10154057762689, -1.8445345192775207, 0.13382430714301, -0.58560247823795, -0.44875151228293
0.61174496247324, -0.11236914994659, -1.6942887297692464, 0.13603675296188, -0.58676808922079, -0.45534489237409
0.60946518061194, -0.10911924847294, -1.690069089113503, 0.12698062685836, -0.58614072812351, -0.45398043348316
0.6189282591562, -0.09683388731825701, -1.680356078935596, 0.12969478801456, -0.59695048016899, -0.44755994850453
0.60699028210521, -0.10071596098749, -1.7542459340417649, 0.13085811225874, -0.61534606810385, -0.45050039541649
0.53051326776858, -0.09818030198006301, -1.3786450586186938, 0.13131579436775, -0.54057893740754, -0.4412374012666
0.57384238851786, -0.09751567901796601, -1.6429002697700614, 0.1242156553203, -0.62219594856621, -0.44347579006131
0.62084465842572, -0.10984383406754, -1.7782891515365185, 0.11610488350944, -0.61106703209232, -0.45187893519269
0.59608467522981, -0.10351888690274, -1.6332289924138055, 0.11008274617413, -0.58907120512016, -0.45265312832222
0.62034600748481, -0.10530942757618, -1.7024347729387475, 0.11066977409608, -0.60287806782333, -0.45349875147144
0.61398041666686, -0.10103124101418, -1.6698863270621547, 0.113493520019, -0.60230907077777, -0.44713947683719
0.60482554091467, -0.099288112953097, -1.627703528256939, 0.11423757710195, -0.58941276758607, -0.45018405315615
0.5553248052458299, -0.09962132689816301, -1.5281280899126826, 0.11568670578535, -0.58237730116336, -0.44928262569781
0.59133801759736, -0.101735517652, -1.6782163508067591, 0.11168277170482, -0.62361694157969, -0.44854821259889
0.5764061335441, -0.08390870568198801, -1.8193060602759068, 0.13685135428052, -0.58371540656582, -0.44413579790941
0.61710856214497, -0.089538770543789, -1.767797253834934, 0.13708494845887, -0.59926994963107, -0.44125430949772
0.59600446465405, -0.084350841330318, -1.818461593593828, 0.14601581289175, -0.56788236159824, -0.43323195414823
0.58430579026489, -0.07723843543834201, -1.7923394412343234, 0.14342498154237, -0.58860025051536, -0.43987984445455
0.61666358805563, -0.07569879999607901, -1.8828906114272672, 0.13927939856452, -0.61103807132096, -0.44928781674298
0.63935218347157, -0.07443665854810601, -1.9236388776320923, 0.14417152961613, -0.63392051024598, -0.4470105384619
0.65503776824861, -0.088681426107762, -1.8382519334495708, 0.14057340012517, -0.62585408331339, -0.45269292103407
0.64180308968287, -0.08005842568393201, -1.9924797330677984, 0.14413594765817, -0.58231192896568, -0.44265087796402
0.58712343082276, -0.06954832231420101, -1.7643363021841387, 0.17740848248643, -0.57293997193589, -0.43094929385745
0.6243679998936, -0.094569387695907, -1.7981189172657879, 0.12492508509019, -0.60751759674674, -0.45316343125721
0.65796488642449, -0.09643237603046301, -1.8310133014638064, 0.12931777526517, -0.6101167939354, -0.45228039737442
0.64632364864716, -0.09048771830046301, -1.8441357957206705, 0.13687025553497, -0.60534475541856, -0.46044882951448
0.63851091632382, -0.08809070625698301, -1.747419606436742, 0.14137280731439, -0.58531273802324, -0.46033719806364
0.54526171978399, -0.089172988818024, -1.5117663734031992, 0.14450141000253, -0.5258649269345, -0.4518932884222
0.56583869647518, -0.095778462519365, -1.6041942871919952, 0.13898372746078, -0.60859034747464, -0.44080246511987
0.64011255210251, -0.085349359710189, -1.9049848167669476, 0.1356175988525, -0.6332870895423099, -0.44971566170781
0.6397792945046, -0.08955500387480601, -1.7794458345926754, 0.13385143207939, -0.60193326267628, -0.45167431929044
0.62567280085648, -0.08815290537829401, -1.7364491016453933, 0.14246604659072, -0.60612590564641, -0.44485818971668
0.61757844847681, -0.090211475670913, -1.7559063767626881, 0.14011902425891, -0.56454856971599, -0.4462072557561
0.61785719033575, -0.089738462016302, -1.689705102683972, 0.13580573230374, -0.58780977557427, -0.44629394594049
0.59315232521204, -0.092777915790094, -1.675527279667743, 0.13404668752115, -0.5993095931177, -0.44453488712024
0.53225868316122, -0.09126907320289601, -1.444273479757827, 0.14535100033788, -0.57267037923874, -0.43358269689619
0.61132811226356, -0.08707896290572001, -1.785339529699455, 0.12686486272255, -0.65153633644745, -0.44912841558025
0.62471538405731, -0.08960449817214, -1.8850153103391643, 0.13922606253678, -0.63885588717101, -0.44885848433577
0.63015287136309, -0.083800237247229, -1.8392808430398035, 0.13969382774104, -0.62593957761024, -0.44546795853256
0.58306790697066, -0.070921985619865, -1.845193829714897, 0.16756785904904, -0.55807173491597, -0.42919850342359
0.61178144338161, -0.07056622985303601, -1.8189343377469975, 0.1710245938329, -0.60929736349925, -0.43172275304939
0.61357623754865, -0.072295880600207, -1.8651703433349185, 0.17113456817942, -0.63669578077217, -0.43992343760057
0.64851608128161, -0.068900227789205, -1.9600174134941348, 0.17730091159324, -0.70771537684784, -0.4498677716204
0.69265591727942, -0.08990700866826401, -2.1408830032832458, 0.14529744349168, -0.69026644957292, -0.44791400562362
0.58573101736986, -0.067480330689604, -2.053017676868121, 0.17645194738196, -0.60556486865399, -0.44733018028356
0.64655741005833, -0.063653143979866, -2.016761546740619, 0.18653178942896, -0.67894242952306, -0.45129501375024
0.71518877636206, -0.077800891473735, -2.1882378001494978, 0.15683143814186, -0.69220880667487, -0.46923065898192
0.74234287949403, -0.09680405198955101, -2.1448299530292645, 0.13625117598028, -0.7141910390122, -0.47478710944793
0.68421397381952, -0.09064096939900901, -2.015704629764522, 0.14841810470535, -0.63178522465146, -0.46238837202077
0.56633319696377, -0.082185562462709, -1.6406699312785558, 0.16675003482198, -0.55321624303211, -0.44390012140766
0.57878167956036, -0.08662923427722401, -1.693143326364306, 0.15971460519222, -0.65716123438526, -0.44028335132681
0.71652165995554, -0.09364592634671001, -2.077155133669098, 0.13457687876067, -0.70555816262349, -0.45986115992946
0.71580866752745, -0.10081400656851, -1.9819181308171931, 0.12775306226371, -0.669971591698, -0.45883956208375
0.69932457625482, -0.093852238904051, -1.9450882418671585, 0.13080509543195, -0.67334743965907, -0.44938699400351
0.67071675238138, -0.093218930555719, -1.9096005712552833, 0.13248476415255, -0.66690893950206, -0.4559466169519
0.64656824234811, -0.088672933449239, -1.8029219136381733, 0.13213939248159, -0.65183288337952, -0.45946619687908
0.58975385691934, -0.1027197952601, -1.6416512826207408, 0.13243098737127, -0.61880558016402, -0.45339728307901
0.60615897657701, -0.093043605677432, -1.697906416861381, 0.13385922440068, -0.68306542502244, -0.43857030082557
0.67350956478883, -0.09330103117386501, -2.0098500615993737, 0.12867690291558, -0.6941144591852, -0.4499425136447
0.6688024210111, -0.09690572110083201, -1.9406047073653299, 0.13196772229844, -0.68629745980917, -0.45125294581131997
0.65115755070344, -0.08749256349433601, -1.9700572079161045, 0.14580296110035, -0.65686543649229, -0.43951499580575
0.63401704178341, -0.07697774541431801, -1.9518054205177378, 0.15175990799751, -0.62783468187747, -0.44195169980168
0.62775291750273, -0.077113380014265, -1.9724807503705595, 0.16012047457033, -0.63394951475338, -0.43633188754446
0.62656218112991, -0.06536112758661, -1.9513627506272468, 0.17860307676936, -0.6752003602951, -0.44339427232301
0.6778069161334, -0.08767278964050701, -1.9822921662568378, 0.15816314772555, -0.66837947834438, -0.44444430434917
0.63714200080176, -0.06836546406081001, -2.078537990814828, 0.16545959831075, -0.60054560083203, -0.43864244967516
0.61170463175182, -0.070919146445997, -1.9185029440813222, 0.18640513490617, -0.6444683439299, -0.43128582514097
0.66775719273024, -0.0761911766131, -2.0308640357689582, 0.16431408275566, -0.65144925876541, -0.44443506655328
0.68131125771376, -0.07653565673264501, -2.0045093671649066, 0.16363288187401, -0.65632231531812, -0.44909073777476
0.68205778342293, -0.08785651355278201, -1.9931328205522691, 0.15771607035942, -0.67032659783438, -0.46135183787538
0.63612626093455, -0.08213000629484701, -1.8945899027446123, 0.16213222492935, -0.63580003563298, -0.45908601960092
0.59192228906495, -0.08936848270856801, -1.69970740066546, 0.16476411142063, -0.60108282333459, -0.44909205796093
0.64867922067374, -0.07326105972284601, -2.0100309492029793, 0.16585303201602, -0.64677496177843, -0.44575867586843
0.65677936420558, -0.079423081324226, -1.9208321770904504, 0.16971532918378, -0.62778452818345, -0.44385026999751
0.63231317220508, -0.077213454335481, -1.8828708210164926, 0.16679317476755, -0.63873689487624, -0.44542352451386
0.64498100129797, -0.07531693319249301, -1.882690565750757, 0.16656095418753, -0.63103084167478, -0.44261398240447
0.61666875197759, -0.073306270480563, -1.8508652714003795, 0.16996658535325, -0.63581592192635, -0.4429574100135
0.60261233424549, -0.078214686579978, -1.8142062005370343, 0.17471480601194, -0.61908493555975, -0.43710224397874
0.54902143461257, -0.082272658162893, -1.5593245021867488, 0.17695835733474, -0.58281281397935, -0.4285169271383
0.6327542771536, -0.07623486223617701, -1.850448610159872, 0.15359919355819, -0.66254335006814, -0.44173006259671
0.64200133302434, -0.09161789206165201, -1.918115790061343, 0.15574791990391, -0.62415730669342, -0.44600874258035
0.62601098228676, -0.07427225715247, -1.7797230457400237, 0.15329872026445, -0.61758242237909, -0.42656085163553
0.64394343805008, -0.07957811966169101, -1.8373608729689825, 0.14222542764731, -0.63535644529728, -0.43648872682558
0.62390917091955, -0.084047776408952, -1.8049168082272815, 0.14242311895365, -0.64793170932718, -0.4378627501217
0.65501397513777, -0.09747566292502101, -1.8732629578498006, 0.12301253652659, -0.63560865175691, -0.44217403875697
0.6302492032187, -0.089226070648283, -1.8312563182840014, 0.13115540547639, -0.66127433960955, -0.43948739753309
0.6311652275088, -0.085176419610496, -1.9176581324185573, 0.14557481660242, -0.6418142708656, -0.43418783184327
0.57690832341112, -0.068193790320799, -1.8389458050402983, 0.17033243849323, -0.58645358815813, -0.42713978304215
0.61047407073635, -0.07474776135496401, -1.8498207013034773, 0.17229725785968, -0.60200505921636, -0.43097583150454
0.6381412083614, -0.08105173228215601, -1.9222147259567195, 0.15870672518338, -0.61400814032541, -0.43123543578601
0.64396858829915, -0.079112407212982, -1.8997702098276767, 0.15885738997541, -0.63849835410282, -0.43678637033294
0.65265852326402, -0.083508231493883, -1.94303944518707, 0.15986964429679, -0.66016814369329, -0.44811485264672
0.66764420603107, -0.095371496538697, -1.8826651886274748, 0.16593563344724999, -0.66092592570556, -0.45596632868397
0.60924013971991, -0.12520102107082, -1.6482449686109735, 0.1498099370699, -0.59885023227804, -0.45229822095636
0.63801634855377, -0.10405919759931, -1.856078153650618, 0.1491585615983, -0.65062976532957, -0.42794299046642
0.60077317475169, -0.095353572948983, -1.637630682726433, 0.16701089712281, -0.57873440030712, -0.38752451803534
0.57427470456975, -0.09197350160667901, -1.6260012589476776, 0.16420951280135, -0.60430736418528, -0.36320448291559
0.62114708784218, -0.14759929069847, -1.7195471164995515, 0.11691950062765, -0.63286067934551, -0.38738254584608
0.68128402521798, -0.1828946386466, -1.8485586744385092, 0.079861223631376, -0.66261021512179, -0.39091248481165
0.60058393380851, -0.17614626706435, -1.4655773041493128, 0.11863689326104, -0.53111227363885, -0.37261003996464
0.57910049298883, -0.16682981604448, -1.4410044171846181, 0.12503487540666, -0.63459947680463, -0.33768854253174
0.70650025377383, -0.21354696789065, -1.8539410964980862, 0.053206296081569, -0.68467363933735, -0.35192897188045
0.70134418104093, -0.23477784559762, -1.7461828282974414, 0.054231336271199006, -0.63792767415589, -0.33427543783796
0.67613057814031, -0.2215674228614, -1.719471705646304, 0.05941068153002801, -0.63994771986177, -0.31015892817137
0.6936398420794, -0.22826182092456, -1.698725390959229, 0.047396028350678, -0.62313609154914, -0.30538950378596
0.69119475608989, -0.2326884263832, -1.6874448580881205, 0.047377597013247, -0.62380238359739, -0.29550711977935
0.66001729995554, -0.24122880918124, -1.642009797939591, 0.051359528339538, -0.55982863886846, -0.29505697831818
0.59497897766516, -0.24425531114947, -1.366825290941843, 0.056617359991019, -0.550511503557, -0.29370856424848
0.68302473352597, -0.25163430144667, -1.7993481503230995, 0.037549242057168, -0.66228002965426, -0.30672341139395
0.68284232239999, -0.21208844256532, -1.874948249315885, 0.09440470336958601, -0.6322828301338, -0.30229681230666
0.70192531775858, -0.20827017804526, -1.7753803456576667, 0.078966909894521, -0.62962603958168, -0.31919952358274
0.70268968278209, -0.20039707592905, -1.8288751860392245, 0.09226101835859901, -0.61345376990778, -0.31165539024494
0.69400465804935, -0.18435718820964, -1.836769053904641, 0.099729225417474, -0.61393113833468, -0.32062210168737
0.67395601312554, -0.16729259040283, -1.8696135591037135, 0.11956374034318, -0.61434956675823, -0.3312543336749
0.66246390932982, -0.15603820784317, -1.839980408834213, 0.13334514952116, -0.66089613099801, -0.34252276451745
0.67333599914673, -0.1989683280976, -1.8074545944414322, 0.095713980869223, -0.62203837177416, -0.3470041100661
0.6456072376302, -0.17437233351332, -1.9077363581204223, 0.11153855900335, -0.59425648418828, -0.33735904859797
0.64947963357816, -0.18975796669098, -1.7181964450086902, 0.11396473773604, -0.60395022262486, -0.33373367417945
0.63837460135704, -0.18168345399433, -1.6786190456046617, 0.11377513680524, -0.60915358254499, -0.33170129296117
0.63640874962182, -0.17795625360784, -1.69207063983644, 0.12146457974378, -0.60658209559767, -0.33044720930103
0.63540363282328, -0.17349815698794, -1.6798886222502243, 0.12448053779744, -0.61259171067004, -0.33311752671438
0.58377781999376, -0.17837688605056, -1.5476841852039978, 0.1284722669608, -0.58428859344637, -0.32793307919681
0.54823133769164, -0.16676793877619, -1.346751623860165, 0.13998837578952, -0.57980057919281, -0.31164154545595
0.64843354354959, -0.15920216259526, -1.7866918483812007, 0.11857784486853, -0.6236774650438, -0.32307128065547
0.69305477239183, -0.17464532096246, -1.8154304633583143, 0.10647715909318, -0.62547368416279, -0.32878394738818
0.67235956758077, -0.16197252898421, -1.726681517412132, 0.095315760761692, -0.62050999822367, -0.33200497478111
0.65530897072921, -0.16739977456415, -1.7175571096242779, 0.091296981780666, -0.62350655512029, -0.34492273608725
0.64142440890738, -0.1692727536521, -1.6829753127397937, 0.09119806154569701, -0.63210476835708, -0.34528608125808
0.63036591702943, -0.17182541816081, -1.7003702741704305, 0.10296496563541, -0.64398707262917, -0.3443786857271
0.62994220334508, -0.16135305053016, -1.6874607912084973, 0.10207750932217, -0.64904574773459, -0.34925251453027
0.64261927944619, -0.15422759384966, -1.8449739429418808, 0.1185865906186, -0.59807009134883, -0.34006235209284
0.54396505545149, -0.12083787281928, -1.5916521326062918, 0.1817535569054, -0.57541065238894, -0.33083341242376
0.61842466744381, -0.15203464897624, -1.7134611987324133, 0.1284183034322, -0.62596185179131, -0.35466460839816
0.65731434292689, -0.15929940204603, -1.8361720112377466, 0.11989746004879, -0.60829211462675, -0.36678161092206
0.66460109250162, -0.15553186825423, -1.869208795298747, 0.12557361862525, -0.64364252194894, -0.36589528861677
0.66536152293554, -0.14031029882132, -1.883146044942169, 0.14738828716209, -0.63984264651103, -0.37180692118746
0.67769347832543, -0.16000423390656, -1.8410958351796136, 0.12342572483296, -0.65880292342953, -0.38529154052488
0.70666887439305, -0.18119278234839, -1.8706712541166106, 0.10636498074175, -0.66077618904435, -0.37825313729683
0.67308075032425, -0.16284075662427, -1.7840973951446588, 0.12094630301013, -0.63828175487279, -0.37969209690692
0.61285041539923, -0.16173300012749, -1.5800198702855686, 0.12635717576826, -0.58472261175147, -0.37192422596304
0.62634029368856, -0.15553578607362, -1.5990253182293817, 0.13482399415816, -0.60108020004472, -0.3631899957208
0.6240641775313, -0.14745580146879, -1.6352169617291692, 0.14327399083075, -0.60519290115424, -0.35999356426204
0.60997179978379, -0.15023512462483, -1.6670982804403744, 0.1409073628839, -0.62926533859762, -0.35990490441072
0.54612446255396, -0.15462575761439, -1.4320618927819524, 0.13759204124278, -0.59850319102562, -0.3585222302356
0.63596266187683, -0.154131527309, -1.799466848797281, 0.1172233140983, -0.70324549763227, -0.36319113636527
0.68504906994058, -0.15238372530612, -1.8866697245822266, 0.13016828627783, -0.70002425740582, -0.37313516052226
0.64412879990586, -0.15347049463317, -1.728311247098785, 0.12201532768522, -0.64458940924017, -0.37262735540962
0.65653401560967, -0.14594272002982, -1.7235945290353332, 0.12922007890683, -0.63265551713163, -0.36557774910862
0.63433396035715, -0.1403507463691, -1.709858247542422, 0.12865866291962, -0.6396137794872, -0.37258989830368
0.63203616764868, -0.13779899910356, -1.6965350842501792, 0.13831437214568, -0.63449818340666, -0.37404407418076
0.61862701048689, -0.14502754186291, -1.6413899332616133, 0.14961370301617, -0.6447605049457, -0.37544233650285
0.62062265556689, -0.14548915383606, -1.69084937740166, 0.15052434112481, -0.65905005551564, -0.36627652377388
0.59004491913057, -0.10300305783666, -1.8818793548001658, 0.18807604863961, -0.60776951050147, -0.35602388827093
0.60748515058988, -0.11657782418104, -1.7462705806511358, 0.18967105460682, -0.63053655805723, -0.35444792615182
0.60266291656675, -0.11377547057123, -1.8248155416837195, 0.18152408699183, -0.60404413192276, -0.36249326299751
0.62370117041091, -0.1126150245596, -1.8160711044622122, 0.18258897790747, -0.64235823093857, -0.36161339819872
0.66652822980846, -0.11953091167921, -1.9186010587642714, 0.17467658262115, -0.65430244071632, -0.37889050903077
0.67478927615893, -0.1254530733092, -1.933291297284447, 0.17059294575294, -0.66553587771445, -0.38912179128431
0.65856218451261, -0.14147314152784, -1.8099331886412777, 0.16031809874559, -0.62974557092813, -0.39234979626156
0.65182314924604, -0.13120896894458, -1.9313593037140764, 0.16129748054877, -0.62382782238892, -0.3882296360633
0.63093513474701, -0.12715868531325, -1.7572381013770286, 0.18103523829256, -0.61188473321437, -0.38133795760011
0.62086280027659, -0.12976211907241, -1.6613026244806117, 0.16530434887099, -0.61907935130706, -0.39346275120155
0.64212898078177, -0.12572349827639, -1.7137865633837246, 0.17280973703103, -0.62576770755423, -0.38538043674782
0.62685608204954, -0.11417626143917, -1.7073896527541745, 0.17647279608196, -0.61344653027176, -0.38740399441838
0.61714684560746, -0.11893755806112, -1.729158016345949, 0.17397658610835, -0.62318476777113, -0.38996851973577
0.54854270574336, -0.12820094825129, -1.444823342431361, 0.1762474449333, -0.56791343101594, -0.37772829090923
0.63093377288602, -0.1199004749529, -1.7971122124584638, 0.16131275370445, -0.6607642170505, -0.39316512302573
0.65447316869344, -0.12390306187442, -1.8343438365450968, 0.17586366452009, -0.6464876802407, -0.39133726217651
0.63056851038118, -0.11991033437384, -1.7240552624109924, 0.17062439162615, -0.62749385105732, -0.39216961286521
