the brain
0.0, 0.0, 0.0, 0.0, 0.0, 0.0
-0.0088021155579734, 0.0064381697366755, -0.032850246385798004, -0.0041774910383402, 0.0012989264602343, -0.0024452814246591
-0.016056181683011, 0.0081342884558721, -0.024024299477195, 0.0021497269250442, -0.0070451866133321, -0.0041224312796099
-0.0060813752771792995, 0.0039510032591422, -0.065710555945465, 0.0063051308429818, -0.021710442909789, -0.0009309304611491
-0.008918506260316, 0.0013620028017372, -0.10766520545761, 0.0081592837942095, 0.0043598437939743, 0.0020176162820989
-0.009549952997483, 0.0015280370005253, -0.07003121693735201, -0.0053004602349395, 0.023504011580493003, 0.0033729881569833
0.0044111511240955, -0.0058919307732464, -0.07095127468414801, -0.0033845480748205, 0.023131459731757002, -0.0024443990307991
0.0038176581427582, 0.0030131498454348, -0.07795918572142001, -0.0058353949289847, 0.015870060895683002, 0.0072197825364319
0.012271262729186001, 0.0033068885931923, -0.1014446302301, -0.0012518658030567, 0.0076391617491041, 0.0056546403118345
0.014368998542779001, 0.0075538011472399, -0.11255843104779, -0.0075437473841151, 0.0033980374976514, 0.010482868583506002
0.016336223215288, 0.0015587932767373999, -0.15166832477238, -0.010900855991253, 0.041526770458046, 0.0017331429719298
-0.010380509488342, 0.0036749089137395, -0.16717217577662, -0.013541048640285, 0.067372179857663, 0.0058974704873778
0.044330882216428, 0.0056832846448938, -0.15493835178584, 0.0020102288699799, 0.023775739181839003, 0.002637524929999
0.014179778507412002, 0.0062092728718629, -0.07693849749450801, -0.0006456433232344, 0.0004127151047608, 0.014642271046318002
0.011063410386199, 0.016148206433842002, -0.10407401608283, -0.0033315750748145, -0.017794512464003, 0.017437294867347002
-0.0004682335309477, 0.011574186873420001, -0.027882733269047003, -0.0057832564400438, -0.010386493946655001, 0.0077900055316902
0.049245931756508, 0.0080002201550139, -0.19377506607585, -0.012201775188844001, -0.021080232038438, -0.003412169210508
0.023516279131600003, 0.0013698641566856, -0.09700789823531701, -0.021232631681684003, -0.035396861337978, -0.0023206680506508
0.024280418636352, 0.0054009855012313, -0.04951966726475, -0.043020525147126, -0.033224815925253004, 0.022848050602294
-0.011938060186966, -0.014748174197604002, 0.0069609157560098, -0.064071564734067, -0.029747824256822004, -0.010850736943649
0.010188014360542001, -0.005572923128608, -0.10774019323139, -0.024962948314887, -0.068876277051701, -0.0040713718904891
-0.0027854845322863, 0.0064741120070172, 0.01089148266056, -0.052195852465716, -0.07052297758693, 0.021302156360558003
-0.044949218816245, -0.036664468996136006, 0.061284712297348005, -0.10933792901944, -0.016993148257665, -0.0047875423229432
-0.0052727911478256, -0.0065235291653176, -0.086584951225304, -0.018712667694959002, -0.056065544094425004, 0.027853476022521
0.0029185488408443, -0.028396376110992, -0.042907329264851, -0.19348966853002, -0.027407926452146004, 0.019404333166147
-0.07776357610076301, -0.070402197450559, -0.32819597538008, -0.31032553752274, -0.006343835299254, 0.037191055951795005
0.027423228454143002, -0.047167102161771, -0.2080162394316, -0.10543319534416, 0.0083584681635814, -0.0236327957793
-0.019286765230068, -0.042223615598326006, -0.07878776412782601, -0.17347962508423, -0.12691439420851, 0.029977203753271002
-0.029079785827498, -0.030321813788924002, -0.18334967244925, -0.15605213193176, -0.10578995261036, 0.056410703455733006
0.036438841898943, -0.017747609146075, -0.11429638088626, -0.0023606649035437, -0.061501596966534004, 0.028400376411017003
0.050494145484351, 0.0079831880378554, -0.17059037463745, 0.015110109870508, -0.023546922742510003, -0.0021676510321631
0.10060554620431, -0.0095250601947633, -0.16161201999901, -0.10947435833472, -0.051129502698155006, 0.057703010796420005
0.035840539841117, 0.0009305611313657, -0.16550279070693, -0.078626852937941, -0.077655960869211, 0.046592687211216004
0.0048684955230044995, 0.0043492697411357, -0.11811247331649, -0.043242549297728, -0.23402916344717, 0.038285915773145
-0.13985865881643, 0.016250644507961, -0.22582404590353, -0.05632871630787201, -0.24478507593576, 0.041617394185701005
0.0094098956455924, -0.024092369351876003, -0.18305283781728, -0.15410227429236, 0.017698333919763002, 0.023726634454158003
-0.041615801926524004, -0.020949865563166, -0.22261990117349, -0.14658010497667, 0.020384530257556002, 0.07672238087229401
-0.048188523114091004, 0.0076532603992823, -0.17921483678329, -0.09183254709411201, -0.26024904954772, 0.092516268849788
-0.1846294318122, 0.016783276263663, -0.13755147189669, -0.11278595186773, -0.26345117565184, 0.1142298123355
0.044348823569575, -0.0048328040033574, -0.12961378615606, -0.12752896935514, -0.079788938152813, 0.08483456584599201
0.020893530101389002, -0.010733334704544, -0.15912449765255, -0.14253320639187, -0.053071427176717006, 0.07031937243882
0.082140130734401, -0.008392064413633, -0.17668689253461, -0.13262892975909, -0.070627586631892, 0.07279434900546401
0.10347086223266, -0.011351119742548, -0.22695643521964, -0.13139899787759, -0.10581441367339, 0.08132213591036701
0.063110243417521, -0.016573789150234, -0.28539987402651, -0.1349298778465, -0.06734734416672601, 0.084351182722986
0.057528623305976, -0.012200924854199002, -0.21015445501547, -0.12702440661992, -0.11265289936272, 0.07706939432732601
0.044030179397555005, -0.0066338651544482, -0.19640107467347, -0.11324785327104, -0.11042346256121, 0.072780884631522
0.066674609124531, 0.021711138110341, -0.32397758512605, -0.080916609628131, -0.06673588549215001, 0.077177196276849
0.042950916486564, 0.028314642007517002, -0.22862357832091, -0.06904045499503701, -0.055532223516099, 0.070261364183216
0.051851752218359005, 0.017347100666697, -0.30050219031511, -0.10273182455669, -0.026792109075749002, 0.060532457958052004
0.032615572883739, 0.008366260966718799, -0.27225894840125, -0.08760509999387801, -0.056211547220824006, 0.065103685593227
0.028824069960733, -0.0040446704877058, -0.20297983628054, -0.10882435975318, -0.08691537475872001, 0.052308303865763
0.050883165669196005, -0.0024046728018234, -0.20156135531187, -0.10076355997302, -0.07946712519269501, 0.061305151998154006
0.039274410941723, 0.0014100802821889, -0.18481292564261, -0.093447720647296, -0.035335817126499004, 0.06168156632626501
0.042724418484883, -0.0007639695858642, -0.13675487505764, -0.088867779748537, -0.037105040284980004, 0.06889218194542901
0.032441644670561, -0.000702006410517, -0.048583474502400005, -0.07817471775109701, -0.038698251914585, 0.07858930682612
0.060673479231289004, -0.016697215221297003, -0.12802809924222, -0.084606535679924, -0.060391972077786, 0.034561589811601005
0.025406187088165003, -0.008886765552223199, -0.0052708789327683, -0.07953625223355801, -0.05040055738521201, 0.014859858147266002
0.046029266587877, 0.0088438981476259, -0.16263126367436, -0.054807766589761005, -0.079877977717066, 0.027221430743154
-0.023604982655583, 0.0006236308859877, -0.067419574092689, -0.05918008361420501, -0.054285274900818005, 0.035698357324634
0.011693158971760001, 0.017755869325298, -0.075487642793384, -0.063790316672412, -0.015090603862471002, 0.060674072832009006
0.018941554736512, 0.0089677502697937, -0.19783318429563, -0.056219054648187, 0.020045647132891, 0.042219298517869
-0.043534077649286004, 0.010495442706377001, -0.19744323909869, -0.040678407690574, 0.014735507357099002, 0.046331541170312004
-0.025742145393362004, 0.0002641421253589, -0.0010043114597082, -0.047558283251568, -0.05192982382319301, 0.048464963850208
0.0017411359368553, 0.008886594174974699, -0.056003961868416004, -0.05514908656726, -0.081292131969408, 0.043643941067713
0.018365537959037, -0.0053672076143562, 0.027838981803877002, -0.050511456131237004, -0.09243615477856301, 0.040981094348143
0.04818675235673801, 0.0043781761972906995, -0.042480167312341006, -0.058063275838976004, -0.08297013061232801, 0.036117621768602004
0.046572028312027, 0.0058914922366985, -0.06297432659860501, -0.048439948908524, -0.087853195437375, 0.03394639612097
-0.0095234533754058, 0.016939765051130002, 0.049823377181233, -0.044510662629205, -0.041061617967857005, 0.04725750102135701
0.0043336604592972, 0.0098125034496915, -0.0053381281831348, -0.046569126112259, -0.084971238761213, 0.04443278561952901
0.017645175784722, -0.0063656306121760995, -0.030625294122541002, -0.058853205763317006, -0.092496633279357, 0.031150052776814003
0.023801834201076, -0.010482206335816, -0.031626255198463, -0.063022913604296, -0.060871238440622005, 0.034858418301524
0.031735878348496005, -0.0054728576758734, -0.03476547257294, -0.053802769880006006, -0.06844051016168201, 0.038897236102123006
-0.011461626417064, -0.0008027535270249, 0.0062423624923510996, -0.057867516311122004, -0.069030569907731, 0.035813196693095004
-0.034270969574359, 0.0038531620697777, 0.0009790620751155, -0.060176621146311005, -0.098603815012702, 0.056966070749617
0.008856442313380999, 0.0035531782054273, -0.06399869821885801, -0.053761188728163004, -0.10974830768617, 0.062808455260404
0.021601217228704003, 0.0051042969588701, -0.0077323538974695995, -0.066070924160695, -0.065240126258312, 0.054563397661851004
-0.0002206249922932, 0.0071690776608202, -0.049943063670335006, -0.08113239992403101, -0.091215168497839, 0.066970956764815
-0.089601309558205, 0.012977734011311, 0.18203482452222, -0.06680426235464701, -0.084829380209112, 0.064091315742468
0.020999760136717, 0.0015126711996293, -0.024584436517255, -0.067373157062019, -0.10114151965235, 0.037701160815295
0.057299404964193, 0.0016428426236955, -0.14308232003089, -0.073181848704524, -0.052990815711512006, 0.031996124267742
0.058719255884162005, -0.0019783754558611, -0.09261277525883901, -0.07797169043207, -0.060224175413152004, 0.030629470187954002
0.069586618069169, -0.0013045614969452999, -0.1053521995, -0.084405308061376, -0.037578746198063, 0.027034283292351004
0.078472013409331, -0.0020281819628915998, -0.10319897075972, -0.08019535824509301, -0.054912143249792, 0.022493772797128
0.095682403284552, -0.0050251537533085, -0.09517580935163801, -0.082682434758145, -0.049279205080936, 0.025546465874657
0.084956463945004, 0.000351021392224, -0.15400725110184, -0.071298933584535, -0.0060035922069946, 0.026603244616875
0.052701384395960005, -0.0011908158044015, -0.09345239295643801, -0.06657840261554, -0.019811738747345, 0.029289136548394
0.064200011956539, -0.0047237031474046, -0.10270627879372, -0.07168996620996, -0.035740025261547, 0.026742103686789
0.058340245194762004, -0.0079727600801951, -0.08997852603489201, -0.073088369124644, -0.035830035722291, 0.02943926048131
0.044283378438053, -0.00238332291489, -0.10906450130296, -0.070893005326168, -0.05365663084940601, 0.031659158020526004
0.050923081225245005, -0.0060290853867021, -0.045243675769701, -0.069570992215968, -0.041351815694818, 0.029582152264587002
0.047762004017219, 0.0080181275969736, -0.16114510978613, -0.046590529834028005, -0.025279022493135003, 0.030108546936628
0.031804622771383004, 0.0036652638780711, -0.11275112510039, -0.042137839483244004, -0.020269247010586, 0.030467531915937002
0.038857800702109, -0.0014584878090303, -0.097917267679983, -0.06116294021061801, -0.0052081396264845, 0.024942933251764002
0.012164843426681001, -0.0048928553714632, -0.07923167089183801, -0.064279843023668, -0.040584440060295005, 0.022106518128424003
0.016842448458483, -0.0029558703082261, -0.10388084878736, -0.05803990020671101, -0.052588981255511, 0.028483586125886
-0.0019124374095456, -0.0056660773305441, -0.046253568277714006, -0.057420997183439, -0.062475792406152, 0.024259922847906002
0.029435935815221, -0.0013051342618672999, -0.08308049444220801, -0.039112789016157, -0.051505768884546006, 0.026442502145658003
0.026286984053378003, 0.0036290224210869, -0.07272906230729001, -0.034369273556802006, -0.045853292298502005, 0.023747514865368
0.020943680891070002, 0.000605652730245, -0.041824562179555005, -0.046787182247736, -0.035170297713605005, 0.027222216069838
0.025770328378425002, -0.0014383232915946, -0.034633320788488, -0.046688720087128, -0.038437671924077, 0.015600985074195002
0.029333019891921, 0.0031313650073678, -0.053949791885188, -0.050868347832895004, -0.049220957654653, 0.011040774055707001
0.030452388057634002, 0.0023287726896488, -0.054209811984318006, -0.049914456655198, -0.061124270438887005, 0.010851748599815001
0.052745461852331005, -0.0018092559451114, -0.08088808341525401, -0.05767077859307101, -0.032092403929103, 0.012350890786315
0.041311501770895, 0.0071278395468337, -0.078085722451321, -0.047161835041429005, -0.0086329204177467, 0.022240942480172003
0.049858950689047006, -0.0002540791239635, -0.025828672856118003, -0.058276770279283005, -0.0021341434082079, 0.021667777826217
0.057547655306582006, -0.003256672344142, -0.013794358532983001, -0.04908528084634901, -0.012692907125188, 0.020327323998864003
0.036414476606602006, -0.0012450397960312, -0.027573536861544002, -0.04906724377134, -0.023676559001011, 0.02144352032006
0.050779735337863, -0.0027381178912551, -0.0001560628195605, -0.054970884528933006, -0.020873205155931003, 0.017657824430827
0.051425357868407004, -0.0015548946308651, 0.029627977862301, -0.051429354214278, -0.015620082017348002, 0.022587985471903
0.06645629180310801, -0.0060929068005493, -0.029806054885816002, -0.056912036529297, 0.0009134314075372, 0.014462049027320002
0.033395165095494006, -0.0074913222053527, 0.0085779126689763, -0.052093268372834005, 0.0049463295736658, 0.020953137241703
0.042238527854637005, -0.0052327232381131, -9.15040011889e-05, -0.055792582932911006, 0.0013457219356520999, 0.030188304920234003
0.040467950576684, -0.0066621262263497, 0.0088737946712923, -0.051614368475465, -0.018280172570436, 0.034480033039248
0.030965826684302002, -0.0067922507267556, 0.0093408384193046, -0.049973365681409004, -0.041581754521586, 0.032343815790578004
0.018266934657616002, -0.013167593509899001, 0.072676586025918, -0.05273027622368501, -0.038917517896011, 0.029123034973899002
0.052039481311884, -0.0072624727416118, -0.064656714693131, -0.04585796271426101, -0.037000211388041, 0.023542447088519002
0.023305623524180002, -0.0073613211410412, 0.0049503884847044, -0.046302870505235, -0.037249886106027, 0.029461295470786002
0.042519066149637005, -0.0095307644423061, 0.010254763320017, -0.050732789586681, -0.031546331833087, 0.026171801660988002
0.035571270543579, -0.0007583816474246, -0.020795618864501, -0.047355658789213, -0.028179558581228004, 0.02521817148258
0.023109468617033002, -0.0019583752787982, -0.024899977381446003, -0.050754115579055, -0.029374040941805003, 0.021149885297903
0.0032138448484709, -0.0023678870353455, 0.01967160117516, -0.050754085677504, -0.037778802923251004, 0.019723840703551
0.030752177760765, 0.0016264108509699, -0.08515333925846301, -0.033319356339787005, -0.05246783011814601, 0.019246927959981
0.026060703519404003, -0.0041188150462641, -0.041234918480431, -0.039598560550196005, -0.029599935852857, 0.021425520279010003
0.025030953454643002, -0.0017747153442885999, -0.024253137207917, -0.04598299790401, -0.030744268263080004, 0.026787668427046003
0.033460059977796004, 0.0057729633645075, -0.05416434341512501, -0.047581436508076, -0.022118028500717, 0.023547128830900002
0.027384592903065, 0.016062651217792, -0.07427843275128501, -0.044959393736145006, 0.018007196048184, 0.024395914616417002
0.019080459282982, 0.011360069708053, -0.048757188266483, -0.042894751713701, -0.0001008349527663, 0.023152330606848
0.03372945753156, 0.012849654358579002, -0.086067981483973, -0.0389659824945, 0.01205406316789, 0.019128914049491002
0.013043787151757, 0.01579015964656, -0.12542985118338, -0.030606866639034003, 0.036169952409593004, 0.018629727106454
0.059946802107246004, 0.0026476839822682998, -0.11787447692338, -0.048871795637237, -0.010298557648673, 0.010329005505291
0.071305654635469, 0.0008790404497999, -0.11484828810295, -0.058434440492934, 0.0011000826715261, 0.014495327859107001
0.073387287932314, 0.0062543794498522995, -0.11052280133185, -0.056273131069979006, 0.018062255799287, 0.010292617820717
0.048031327258453, 0.0044315836039163, -0.11094836193115, -0.051455319034795007, 0.013302897651739, 0.019752520630182003
0.06071168062091101, 0.0055498051197926, -0.08055165658158801, -0.059260839244693005, 0.0068474546178517, 0.025898794460739002
0.067865238229127, 0.0088177323193506, -0.15135784798263, -0.05191923625913, 0.029641305586909004, 0.024913174256412002
0.06704891461090501, 0.0056108660340945995, -0.09104528972826001, -0.0485212081901, 0.021253481530986003, 0.019620844866562
0.059518165026338006, 0.0078694666559679, -0.097453391349562, -0.046176710299229005, 0.016824916762292003, 0.027541879731050004
0.053676254411376, 0.0077405943039554, -0.07735165920418301, -0.049846755958638, 0.011964647058967002, 0.019332899973948003
0.046988126199173, 0.0086984389577765, -0.064095328056748, -0.04658472716669201, 0.0074582233841052, 0.025033077254064003
0.05280449400545201, 0.0056020802415367, -0.049608504154017005, -0.052839829716772, -0.006444175508046, 0.028464811373577002
0.070413745736998, 0.011085595333991002, -0.16949737478517, -0.037459244676284004, 0.009655436015538199, 0.025629937333283
0.049825828796178, 0.012530260396781002, -0.09993815731203001, -0.039181514613495005, 0.020299038473452, 0.0269013132089
0.042384479827643005, 0.010609282030163, -0.083539332321047, -0.047414909600838, 0.0059933946943395, 0.026736052484909
0.047596922606464004, 0.012916076149391002, -0.077821623147817, -0.045738490189565, 0.0057865435821612, 0.020436899778786002
0.038297676709823, 0.010979508505807001, -0.072817779368093, -0.047186618566901005, 0.0013057076311967, 0.019278666843712003
0.020932375345595, 0.012277978989352002, -0.023025453253109, -0.038963324923946004, -0.0017444358305535, 0.018013885690399002
0.038416528994150004, 0.0091974457170346, -0.09855696407124401, -0.026584117417079, -0.018102935532174, 0.015080199530457002
0.040052660336367, 0.012884178490307001, -0.14059534409077, -0.025455384189917003, -0.0032184161047255, 0.011340055560444
0.039510701670561005, 0.010595614823416, -0.06064970977903, -0.028538884787889, 0.0091623498928104, 0.0051868070765683
0.044454935254907006, 0.018133883580366, -0.099244132904045, -0.028532911241715003, 0.012453540020655001, 0.017155684043259
0.051157898354261, 0.025500791600734003, -0.13563918638026, -0.029007670610970003, 0.017920762358314, 0.014212952751367
0.036923937529457, 0.026902700662235, -0.12546500843812, -0.029593421718911002, 0.026720730123746, 0.014312216677845001
0.032687574527500006, 0.021442315692155, -0.11538620129724, -0.029280286487408002, 0.011064724360048002, 0.014873737219818
0.030579077306743002, 0.030408320929531003, -0.12679230116927, -0.020725177185846003, 0.06256949413234701, 0.016868981424017
0.030788643041673003, 0.023508155964010003, -0.1393472427432, -0.025252015682105004, 0.053807849572021005, 0.022313625712317
0.06526110833187901, 0.015996072668166002, -0.16180675735157, -0.026428791691902, 0.026621307703574, 0.013415265804709002
0.05765173380019901, 0.019022289984886, -0.16381170352918, -0.029062040954706003, 0.0099444799906131, 0.017166682819300002
0.0610198584761, 0.020918846583888002, -0.16982111961554, -0.034147415528963006, 0.010144109177121, 0.01711661201646
0.065860618958801, 0.022525854718417, -0.149982757968, -0.034340151314411003, 0.0080936672951593, 0.017554703490248
0.066510090051696, 0.022918262222547003, -0.10601940187798, -0.037133893475184004, 0.024355035530760002, 0.010750128588069001
0.07837535003726201, 0.029955910863894004, -0.16513571424444, -0.036388147560042, 0.036996501487115, 0.0049274448796157
0.05177167201093601, 0.018494793797944, -0.09978058921308701, -0.03284063226066, 0.019645544804472, 0.0066921623017304
0.06350432287471601, 0.020509833746774002, -0.09467075265849101, -0.031035947765448, 0.015901072480773, 0.007171311423608
0.042786316309911004, 0.016962838673318003, -0.07156181827721701, -0.028331680603920002, 0.012382379270335002, 0.0011221643036976
0.05755893468507801, 0.020705705524215003, -0.074489867161077, -0.027188438501674003, 0.000764165089174, 0.003565544393908
0.037525741369241, 0.024980816738081002, -0.063918279574128, -0.033415226120417, -0.001142850976537, -0.0015491408956725
0.04602746533559501, 0.021593843081939002, -0.046231950660467, -0.020471370418664002, -0.013266993754055, -0.00013943288079079998
0.06854239483031001, 0.030551128123229004, -0.16544135477028, -0.014203758776237, -0.0075354637446824, 0.0020171747239811
0.045239268484716, 0.028151720807988, -0.08842890637186601, -0.02070917976379, -0.0078249031918027, 0.003100248654988
0.049016215678185, 0.022833779188495003, -0.09202961096604301, -0.026657389412886003, -0.0073663433933874, 0.0076139557123188
0.044942231971568006, 0.029107520404563002, -0.09158764696607401, -0.028092516116692, -0.0069880906809404, -0.0051394537579223
0.028311100762893, 0.025366440692542003, -0.08433553371900701, -0.014665362408173002, -0.023721947729182003, -0.0072824441847975
0.04682278948890901, 0.027894539974225002, -0.08314124782266101, -0.014378802356983002, -0.032649621373319004, -0.010435705996869
0.036356370157399, 0.024527795718374, -0.12693571752959, -0.0081033092553592, -0.027911156442051003, -0.0050362949232014
0.040634939507411004, 0.03434395179103, -0.15057563746796, -0.0010080876531703, 0.017140367785278002, 0.0015651243568012
0.048269740809897, 0.029814486258119003, -0.10628510582388, -0.015824466981076, 0.030227242059956003, -4.98192287418e-05
0.049293950478557, 0.030453392299929, -0.09760251562347501, -0.012889728901172001, 0.031453535116435005, -0.004145437596996
0.045214454635229, 0.031531412567191004, -0.10832947077111, -0.015177089162567001, 0.016945206686851, 0.0015778712307371
0.053112731321988, 0.03391937705252, -0.083898905130407, -0.017967727119349002, 0.0082043366561821, 0.0016316580474950999
0.088408553128153, 0.0366324966119, -0.10000464579676, -0.014948540447474, 0.0045054283654985, 0.011789807515759
0.06770941938620101, 0.035152866301538, -0.15622658489006, -0.01821359063176, 0.05164918919533001, -0.0008227320987065
0.066109064063087, 0.029549380852417, -0.09422835349475801, -0.025587845321114, 0.029866762512498004, 0.0071126778141736
0.064333125863221, 0.032494509517915, -0.09224520059279401, -0.028062554923809, 0.027508128244739003, 0.0027407565319606
0.06476062913833501, 0.034030043845156004, -0.11239348888111, -0.027069042632807003, 0.015428951659607, 0.0087493725396033
0.05406041904069701, 0.031371097785556, -0.098599372887333, -0.028500620277368, 0.024879253115436, 0.0074554383519891
0.049645968228287006, 0.032548781398769, -0.05659432509337901, -0.026972385130005, 0.023724205596476002, 0.013284390529600001
0.06539774591262, 0.029060651092168002, -0.1129161218575, -0.019279778555734, 0.037826328130901005, 0.0084273875338078
0.05333131188353601, 0.024837187185415003, -0.05985234373124201, -0.023205102492175, 0.024416598580378, 0.0023610165125299
0.047399986297983004, 0.028888602334217, -0.04235282031996, -0.017354670961625, 0.018728942603365002, 0.0066306532865244
0.050058834882487004, 0.024411554172614, -0.06036648744327801, -0.018942420423020002, 0.019895742182827, 0.0006527048037869
0.038745092358602004, 0.029117527377596004, -0.088200247566022, -0.014354697579459001, 0.0012691581795142, 0.0043978368061674995
0.034555925793448, 0.028158610004496, -0.061614641560015004, -0.014512976493953, -0.0059379283111738995, 0.0049939237827336
0.066289572126894, 0.035890821138441005, -0.17284818069398, -0.0032911640780752998, -0.001860988850868, 0.0057263644257695
0.034185965311799, 0.032752252609753, -0.10203118012505, -0.015109537843727, 0.0030477909078246, 0.0026982101451913
0.047307130071755, 0.032687664919879005, -0.077858971888798, -0.0035774745802716, 0.0118273929151, 0.0037531272859741
0.032476881130795006, 0.030698264097394002, -0.08196105582047601, -0.014005621818648001, 0.012084394858700002, -0.0019885304023667
0.028590152963095004, 0.031651102833363004, -0.075939339508585, -0.017329195586670003, 0.0095127003755989, -0.0016471486354333999
0.036792621692579006, 0.035397755434635005, -0.057380629890692, -0.014322063554742002, -0.0079989968411011, 0.0012607787625574
0.037792154497134, 0.043047247336086, -0.13809467953098, -0.0047804100859556, 0.015994019651814, -0.0030162030791874
0.025536489011707002, 0.036994547988002, -0.10049739593731, -0.008194384286732699, 0.038971913463780004, -0.0078612993839262
0.046661766673651, 0.035186692942985, -0.1064058674773, -0.0046101899439061995, 0.031299828355416004, -0.0083823088264009
0.065459080269616, 0.034661404597197, -0.08909816759420901, -0.014697829779361002, 0.026412241609360003, -0.011138422284437
0.061783861362068, 0.039295033731442004, -0.09610446258644201, -0.019159576157939, 0.032604581378771, -0.0080778772719361
0.042020573619183, 0.039363251656978, -0.05919626076933401, -0.024109266848411002, 0.041683103669833, -0.0051476806109838
0.05940625778069301, 0.036504144142244004, -0.10157824300037, -0.019749735412241003, 0.046925866952054, -0.004896067535751
0.03759927637682, 0.039739406028563004, -0.11939377648320999, -0.0048110415397639, 0.08840171713163701, 0.00037020279500779997
0.06639051412282601, 0.034354834908186, -0.079273095416101, -0.0054757479083725, 0.031778291092989006, -0.0026807767897623
0.064893217716278, 0.032347446264227, -0.1228719481175, -0.012625724443130001, 0.011819091811880001, -0.0083407147606129
0.045055016229915, 0.033081363669698, -0.10660254466437, -0.010075914439338, 0.012670275225581002, -0.0077981187625429
0.058167771887738, 0.032835295053868, -0.090444224244208, -0.0049539785629942, 0.022314715722530003, -0.0096310291395729
0.042741672958019006, 0.030911771797364002, -0.10468290182381, -0.0077917119680088, 0.0039745688535632, -0.0038079467125171
0.06148478610033901, 0.038979882351678, -0.17741816536851, 0.0065188554671387, 0.037715628447503, -0.0043696861948834
0.043731072901011005, 0.028229704891238, -0.08799106485746301, 6.16896975156e-05, 0.021628582929077003, -0.0043628399762395
0.044727383090225004, 0.028476580099361003, -0.07621670907901801, -0.0015823033627852, 0.014917912285755001, -0.011625935670752001
0.029251747374882002, 0.028915798055561003, -0.04908538562385201, -0.0040976903882522, 0.019878402384421002, -0.0089654707314323
0.049492378257423, 0.038310025793422006, -0.092989768791588, 0.0028926483165511, -0.0016001177752338, -0.0084246175468957
0.029462398992804003, 0.032303643977219, -0.073225599770495, -0.0012200698138461, -0.0098375379145294, -0.0079332386414659
0.05273573924906701, 0.034437079447966, -0.13752545725156, 0.0032227642246876, -0.013961489218756002, -0.0090640376791336
0.055173168538692, 0.033309249352995, -0.15199211273654, 0.0075158773466184, 0.0018904577100484, -0.0082802143913918
0.04308205687323, 0.034956188773124, -0.054049894982191, 0.0008227020341513999, 0.010490641143776, -0.017116635769948003
0.058574657436585006, 0.034144185192412004, -0.1012935206808, 0.0010265641813479, 0.0054379341808169, -0.012521576342148
0.055508001645149005, 0.035695537800002, -0.13156996050616, -0.0057740350118523, 0.019951235250621, -0.016488430318349002
0.034582497144474006, 0.036930627129350004, -0.12729053377154, 0.0048794983718721, 0.039285770981838004, -0.010514983527012
0.04214879409194101, 0.041689662816502, -0.08940085980026001, 0.0050012647556455, 0.020473882606276, -0.011183006586225001
0.07466858231635, 0.042026190084836004, -0.14540591119844, 0.0079627066608011, 0.043531711744928, -0.011641811617729
0.06640875253376101, 0.034827098646281, -0.11657903725932, 0.0029584394168964, 0.036550743014673, -0.0081831078493586
0.077684856567971, 0.034351403299258, -0.10718547553833, 0.0088573950517836, 0.029817014251547, -0.0020061469105852
0.07599476309847501, 0.033567893799691, -0.11049116537067, 0.0040519049281349, 0.027909968060638002, -0.013104137476272001
0.070853165724824, 0.030047201683010002, -0.10387834938567, -9.03012673728e-05, 0.02598814920184, -0.0060646273915514
0.06088447303562101, 0.031790900472516, -0.084031196334341, 0.0001979313203559, 0.025065811173985, -0.0012173643943761
0.079860158394085, 0.033222275546685005, -0.1053246953323, -0.0006273481784415, 0.041027701820863, 0.0032017344517425
0.073553659022715, 0.040645736923574004, -0.13931804250722, -0.0023806165062035, 0.07145295738589601, -0.0036831145988344
0.066823658596453, 0.038793242988647, -0.12005967119625, -0.0007253188768118, 0.053291756084324, -0.0016310404929072999
0.076529828359247, 0.037682284473657006, -0.13976999819575, 0.0027721963549586, 0.038552811555291, 0.0026380821464825
0.069908506156939, 0.036640986192505005, -0.13804758826219, -0.0045510298042311, 0.0407875795178, 0.0018331410385695
0.057716076357834004, 0.037220702605753005, -0.12863173817836, -0.0015767522421914, 0.027146171478132003, 0.011237879621721
0.06395597879223401, 0.037136229101759004, -0.14412470225765, -0.0023510396881706998, 0.022772928167245, 0.0079631313478549
0.073832189056052, 0.039951944962093006, -0.1868725595284, -0.0010693348336241, 0.057157182238623004, 0.0071410006200866
0.058057117692245, 0.023105021858448, -0.026230753024507003, 0.0045995134125497, 0.050054041102530006, 0.009333548708486199
0.052279079027088005, 0.027807345349837004, -0.019145541524751, 0.0031867842879856998, 0.033889682751647006, 0.006762782358956
0.058319958337826, 0.020909627908096, -0.0026595135558386, 0.0017938873910029, 0.024675677085779002, -0.011880342173804001
0.070865236515134, 0.018655898204791, -0.015021954213899001, 0.0024144948480809, 0.011015395062314, -0.0019792515338903
0.066050292213419, 0.030260414347255002, -0.054337364505610004, 0.014517399235594001, -0.011744553421642, 0.0070216674519157
0.1009071136631, 0.044172024853348, -0.24576483464215, 0.038796877390229, -0.025334440515116, 0.013036827549494001
0.074009402666114, 0.040851544906142005, -0.16588284622286, 0.026718994470428, 0.0003049195671904, 0.011866177032928001
0.067031842208296, 0.041888433456169, -0.12562760823387, 0.036068802553442005, 0.0048457595981237, 0.0083322915215946
0.064168541381491, 0.045496335708033006, -0.13793476127671, 0.022291051412644, -0.0038005724286933, 0.0030216741565628
0.049267807733229, 0.046244254739973005, -0.13950811769772, 0.021107825769353, -0.0029855490215049, -0.0024184672257096
0.05010921558636101, 0.047660473964603, -0.12256312120659, 0.020314186843753003, -0.018849269829822, -0.0015645191106351
0.041840757915722004, 0.047291811282607, -0.19076968823094, 0.030860441983019002, -0.0005809849984611, 0.00282318536771
0.048170151586732005, 0.049315763992203006, -0.16225173229549, 0.032028517620999, 0.029487477598942, 0.00037853793279229997
0.059115430699264004, 0.046501382687692, -0.12730713048559, 0.024440161813971004, 0.018157035287924003, -0.0053548068064399
0.06194401002496001, 0.046431964115573, -0.103127992166, 0.024049644955652, 0.0097265745869682, -0.010274813131815
0.055357382709934004, 0.043570360909705, -0.096396517944206, 0.028024894623380002, 0.0087027373222475, -0.0098604880748147
0.048097950008287, 0.040810366983804004, -0.071175790555108, 0.021963150668884, 0.0011634016512686999, -0.0068827773435618
0.084255209910606, 0.038718161608394, -0.13839037482388, 0.025643213438888, 0.0050236287893621, -0.0047873776357617
0.062942581977714, 0.041824314849869, -0.13625184989823, 0.022168531031041, 0.043852509016011, -0.0096809024164089
0.082217997999802, 0.044641026840820004, -0.11372870046399, 0.020623229686342, 0.020195553273692, -0.0058226235069997
0.089152967822236, 0.04421370783068, -0.11219593358767, 0.024139826183273, 0.015721782118163, -0.0085260037997411
0.076969313684662, 0.046482237825376006, -0.11499593308284, 0.023452968524421, 0.018624179802384, -0.010312108712538001
0.08406285044714, 0.047319800088534, -0.039374241035813, 0.023439273855377002, 0.025938773435308003, -0.0030518510691163
0.07662116514160501, 0.044090628515539, -0.09042165855964601, 0.024424724692653003, 0.025734813153022004, -0.000304806254859
0.07165953212393701, 0.049452582154394006, -0.12364332111769, 0.018153937808976003, 0.061022437271923004, 0.0064256086212618
0.084606523215179, 0.028318893885886, -0.05626576059367901, 0.015534645046098002, 0.08582072556218001, 0.0043316093717225
0.064743221108534, 0.015427517545026002, 0.016569783979853002, 0.030500392936579003, 0.064056320455755, 0.020380563930829
0.053095935465433, 0.019124087889848002, 0.12954742608997, 0.039936841409202006, 0.056340088363789, 0.0045283588237440995
0.11158237347478, 0.032589133811589004, 0.080435941817295, 0.042496091202441, 0.069600819886887, 0.014831312382513001
0.13232248998987, 0.023299865849775003, 0.042435826641006, 0.034478852181721004, 0.06531818722732101, 0.031499192286991
0.1274406466759, -0.0046449625661263, 0.10045426752666, 0.014529689060991, 0.090757580562127, 0.041130182166312
0.13979461822006, -0.031490710951563, 0.16666996355396, 0.014960560150399002, 0.09009948049810401, 0.052518306827674006
0.13165571608755, -0.042669832160254, 0.10287548863617, 0.020860807515062002, 0.12572766104383, 0.058416049886632
0.10873579244995, -0.037183390644268004, 0.08510539957887901, 0.028934263022178, 0.12770126306197, 0.08123828881588101
0.085749573101146, -0.010739616999226001, 0.076288034093829, 0.030711862919032003, 0.11718683855272, 0.09252197307798801
0.056555869379843006, 0.0061797634355987, 0.20970507338715, 0.033751776336594, 0.13455411832749, 0.10210902978183
0.070172362221518, -0.060862224349068, 0.15599984906403, -0.012961378152489001, 0.19852976635141, 0.06601882145823901
-0.060060516508116, -0.06902489045559901, 0.37068158459558, -0.0098953223525627, 0.11319186339646, 0.086747461124832
-0.04381784261853, -0.031962624122138, 0.15245916191687, 0.017493403384475, 0.10025774340502, 0.11078013634363
0.077391875933804, -0.053974614220843, 0.15796137265788, 0.013565508345295001, 0.098450503012629, 0.09730890725574401
0.10678140545833, -0.08149040650297701, 0.075515017260585, 0.022565335120162, 0.10308185165726, 0.09087646911003
0.11466286061223, -0.091911329854582, -0.078222235785951, 0.013176962559098001, 0.15248680402675, 0.05287862313026501
0.15915491653445, -0.08890686725734001, -0.013689947701662, 0.015903622904473003, 0.05756413277667401, 0.051416172310683
0.19469140196583, -0.07848553132056, 0.003992100701411, -0.008242039201934899, 0.042089938259447006, 0.056417482624716006
0.16544453244627, -0.080388951935892, 0.06224705181836, -0.010373962925426, 0.027055839964954004, 0.054779734090027
0.07818535357787601, -0.08843627075849801, 0.17910763821892, -0.0069399173325319, 0.078015999943122, 0.046083903751834
0.10944520196176, -0.08647480895202701, 0.17830670889277, 0.0043023657967753, 0.035499418524206, 0.065893994589967
0.15603611569618, -0.06520123966989, -0.087225625142876, 0.018111240493766, 0.054528665565546, 0.06582680414691601
0.14471448766461, -0.032575153143004, -0.077290654128134, 0.03157062959278, 0.075025472755744, 0.068082935033973
0.09883963076657501, -0.026338747706613003, 0.017251332246875, 0.047106058913417, 0.076030670195934, 0.07110684251667
0.06728331365885401, -0.028217465590402002, 0.10125294954953, 0.036452325647263, 0.046874667570881004, 0.08107236609870601
0.057185110120385005, -0.046445691659397007, 0.13188914755998, 0.029375495952887003, -0.0069829055800256, 0.05792108325235801
0.10316147119392, -0.048170615545929, 0.060301994111218005, 0.051968967390434, -0.017688053101684, 0.062689354606691
0.073940315288177, -0.043950106875738006, 0.12394988130248, 0.044997668707337006, 0.033984509883674005, 0.049119859220333004
0.076102400892017, -0.039661851963602, 0.20107930503801, 0.051869021633064005, 0.046653492534525005, 0.079877073329609
0.11483454215034, -0.034251140840807, 0.07830060757833801, 0.05773555059175001, 0.02720120166046, 0.08112069892415501
0.1543086947945, -0.027698431148405003, 0.06485904699545801, 0.054817409998530006, -0.007299323673388, 0.08785024887409801
0.17329210753796, -0.030636372306580003, -0.013302862871748, 0.050796316588982, 0.0024803715960689, 0.08015039575803101
0.14982507816392, -0.022920001215529003, 0.0079770538328894, 0.060008384012336005, 0.038574176165228, 0.064603641577442
0.14326303278514, -0.013598676527978, 0.05236721994571301, 0.05805680654833201, 0.07348728212154901, 0.06245744419996801
0.1350393185746, -0.0019965655655342, 0.04712439754907, 0.07030093962004101, 0.074315931781767, 0.064756236811103
0.1162765328421, -0.0074884671259366, 0.082559851454106, 0.04960999278087801, 0.07109010112748601, 0.052591999210617
0.15325963848366, -0.0084649361035285, 0.0010939560198051, 0.052976977473144005, 0.07251482841127001, 0.049732125632011
0.13034219331104, -0.0041481010479603, 0.0059106027179449995, 0.060127735939858006, 0.08235262465344301, 0.044452050091397
0.13807960071448, -0.0046918734161386, -0.019012536198948, 0.04306120265253301, 0.083989741809719, 0.043580501093253
0.09928200819520301, -0.020724733986569002, -0.0074656825333253, 0.031080735261492003, 0.079948692261098, 0.038537984521310006
0.13730970354996, -0.010658870324413, -0.019219405695824, 0.045147724071157004, 0.044160841476451, 0.044471448575747
0.053995515076006, -0.0034601578720983, 0.17191314590559, 0.043638664104823005, 0.12543182272687, 0.05295158116102001
0.12672172340478, -0.0044069629143358, -0.016066593076733002, 0.042411528440731004, 0.069988991918945, 0.056059008686236006
0.09038999655196901, 0.0053455394066518995, 0.11816225566393, 0.041111930105831, 0.07926448889988201, 0.069390581578029
0.14547533381311, -0.0050561496752584, -0.067948281822875, 0.041689807167334, 0.048806688157755004, 0.048111452505176004
0.054283682690673005, -0.0054186186764614, 0.08677655852723401, 0.034402269060792, 0.043569430991578006, 0.052044392062824005
0.13584583984182, -0.020282644031893, -0.035607124817436005, 0.036513074749928, 0.058235003472537, 0.046395740632422
0.07809296831731101, -0.021204345102525002, -0.0042687181847095995, 0.013480656107587, 0.084022637742105, 0.046600156459215
0.12677428393914, -0.018650488889169002, 0.028512318476617, 0.044285648460908, 0.082576055261282, 0.054491509510219006
0.08496066231330501, -0.011003688968863001, 0.0035319080126660998, 0.019303661962465, 0.07442390942955601, 0.063156944906944
0.11816362158262, -0.01359247434856, -0.016544547265771002, 0.025873625461111, 0.046190889957470005, 0.048914125197072
0.05869188149446301, 0.0031101299583872, 0.06831837504883201, 0.033295011134044004, 0.052429088241960006, 0.074124634574996
0.13256231285976, -0.021907190833031002, -0.11018193458226, 0.020776949336401, 0.034627833378687, 0.061232449814917
0.1240777923831, -0.014434201184588002, -0.06949759363393801, 0.027141910620837, 0.057635241532365, 0.054499258884270006
0.12715198856752, -0.015883050269926, -0.057465152017249006, 0.016058867368101002, 0.057845451623203, 0.055487100880931006
0.11744168360129, -0.010463160837205, -0.076201454454364, 0.034265690233235, 0.032833358850739, 0.05144575137121601
0.1101754128971, -0.0069768289957562, -0.053894637331224, 0.018492624463433003, 0.020321641747148, 0.050944646378808
0.10179845848615, -0.0081746577806916, -0.0085996086118411, 0.025473717348786003, 0.020473055416933002, 0.052333116431804
0.12861194832218, 0.0038152139080046, -0.08135074631316601, 0.043943502952523, 0.021872834972467, 0.043838143236579
0.10611112991075, 0.031506124586923, -0.10956808853374, 0.07647219230817201, 0.07970032752910401, 0.043670371581726
0.10621466336487, 0.020158924119569002, -0.060989727448008006, 0.061301021898533, 0.09003964191846801, 0.045023906119674
0.098434179900796, 0.0069316915506435, -0.05696085090793301, 0.038618421840809006, 0.08285566038356201, 0.037146539364751
0.09577922780791401, 0.012462680271108001, -0.078724732275031, 0.048650453380572, 0.084000935577238, 0.038189263585223
0.10984759851045, 0.014733080948805, -0.10740713182766, 0.046748165860040006, 0.09038830294084, 0.034870382216420005
0.10529518029395, 0.0062632312765182, -0.084928741195019, 0.033321093476173, 0.060430276799693004, 0.031085525763171
0.15476546647588, -0.0045155335564323, -0.13147822064393, 0.027022112602383002, 0.053483281690129, 0.022944736397928003
0.12211494728242, 0.0018176249695162, -0.11911688969864, 0.044363201611163, 0.06864309263203701, 0.024048494279913003
0.11822240028372, -0.0051438516618243, -0.046968087026722005, 0.04262751209164101, 0.06560116235176901, 0.031116806368996
0.10608386147491, -0.0028222184449396, -0.059301232537468, 0.043720059857791004, 0.066914190923819, 0.033654543518256
0.11364588722875, -0.0024801343727738, -0.037730024657847, 0.055031405002101005, 0.06757075449001901, 0.028656511053272004
0.09804875785210801, 0.0014477129744325, -0.032207027707268, 0.06131369631310501, 0.05146323136664, 0.033005308332924005
0.08478797411250001, 0.0001878746892004, -0.033097996280466, 0.06548583393830901, 0.037704624499383006, 0.036740546178317006
0.11644305932433, 0.0039465198508835, -0.053568976710767005, 0.069153153034455, 0.044328918132554004, 0.038220879186637004
0.10337332526928, 0.016082252167490003, -0.10334161186472, 0.075800456134994, 0.09620031632734201, 0.051004466790354
0.09627472097499601, 0.012380413830609002, -0.058321820722095005, 0.07321938594242301, 0.097871898690153, 0.047879912294371
0.10764471282346, 0.012866932339382001, -0.11217144128778, 0.077148895428405, 0.10467739065576, 0.044220294842878004
0.13249881643291, 0.019921265465885, -0.14629885333167, 0.09743123045628901, 0.047070894081977004, 0.035058494376166004
0.08632286933234501, 0.0076046635424761, -0.09898852342839301, 0.095808100036262, 0.048913066021520006, 0.020324859637168003
0.13196801236948, 0.024025571729439, -0.25112143111945, 0.11240781226494, 0.037108404962192004, 0.051747457965146
0.11067020488638, 0.019764214364894003, -0.17215325166317, 0.087759521333945, 0.05023835235906501, 0.041733488800432005
0.09036580474189401, 0.016904776202644002, -0.11645940935733, 0.09012576735875201, 0.056800427267378, 0.0467777773683
0.074123127969868, 0.019527002409569002, -0.10403080028949, 0.093952422713189, 0.06464982844486801, 0.059170108078812005
0.094593508880491, 0.028737187015573002, -0.18517819371293, 0.09681262865149301, 0.020985224488585003, 0.037746284081107
0.07253300504726601, 0.026215557157059, -0.0053056877654907, 0.098531125843135, 0.07867566703188801, 0.0357038180859
0.12939451975606, 0.020644709572416, -0.23774513948633, 0.10648148545962, 0.044520320349330005, 0.044727952707281006
0.10409626556302, 0.018263809595154, -0.23751139417749, 0.092200025184237, 0.057823831242153005, 0.045875471377407
0.11479858911058, 0.015927602617468003, -0.15482809143636, 0.08735162240095501, 0.074527177103168, 0.038154897780451
0.11416488609644, 0.018857757778755, -0.12679412220346, 0.092326858095572, 0.053485556661430005, 0.042324413165117
0.10456185977531, 0.0052012816140559, -0.14053452818248, 0.072718030615914, 0.054330404801543004, 0.044776894022427
0.09003011025523901, 0.002288267043818, -0.09493816357186001, 0.08500736890197401, 0.039466589967984, 0.05476640961668001
0.12640753129276, 0.0003809704038773, -0.19605215072958, 0.07304402951653001, 0.038820538621747, 0.043206743923215
0.1115589213399, 0.0031596750499993, -0.13561220147665, 0.077324088743004, 0.051272833205012004, 0.047571874011880004
0.11035258075484, 0.0031921630686847, -0.17097529974158, 0.06638038351492001, 0.044901167532642006, 0.049883230460887
0.10191105791971, 0.0011002374757626, -0.16514796535275, 0.068205191591214, 0.062837342885653, 0.051411605083394006
0.098497011792766, 0.0047308256069994, -0.17118526752696, 0.070491954871696, 0.07188651194900701, 0.047803837709446004
0.09465429559482601, 0.010851689435418001, -0.16485621992395, 0.056562556983429005, 0.07973923252249601, 0.058054041524227
0.11265773799716, 0.0065462472350255, -0.20723662882231, 0.06527851163076201, 0.10139299026011, 0.049613823199058
0.10282012429978, 0.013370473842652001, -0.21734755199481, 0.064804426617022, 0.083712121917396, 0.049150281466812
0.12326553457202, 0.014864742728457002, -0.25309278298745, 0.08445704965203801, 0.08701049241693701, 0.051602138407165
0.14231649293315, 0.017249553660108, -0.260835743816, 0.07451024137227001, 0.06941804454978101, 0.05571807639786801
0.13482219235734, 0.010677010070254001, -0.22509267258201, 0.07792203087110501, 0.075638244783989, 0.049562459469869
0.12612901639682, 0.019843645271833, -0.14823121617893, 0.07734700316081701, 0.074199731993235, 0.049337809699874
0.12879567176051, 0.021606128393945, -0.22853369281465, 0.07277457480735401, 0.054802307385522005, 0.049099022613878
0.10304319291148, 0.022011416912138003, -0.13593086615129, 0.07366777493316401, 0.07567088178784101, 0.05571061408863501
0.12718855357377, 0.030606421617861004, -0.11234515693565, 0.063239326179481, 0.054983216864250006, 0.05282135579397101
0.12178493623996, 0.012564200667444, -0.094259226427347, 0.05898946874263201, 0.050512857156236005, 0.033710666022078
0.12768579870665, 0.0086162300148815, -0.099743175987529, 0.05067120777965901, 0.040074890290846, 0.035581475936888006
0.11254805063674, -0.0007168979189431, -0.0024390445508448, 0.05373927496365501, 0.039077541516848, 0.039193898340496004
0.15428354261851, 0.013121063191289, -0.17823285399068, 0.062979149840267, 0.019695436720018, 0.047468514273851
0.10617764644199, 0.012369997482938001, -0.14512727858318, 0.06321957254334701, 0.045945114064449004, 0.053528756280105005
0.13313174478031, 0.0083166720558283, -0.13655789844985, 0.066625880451065, 0.061176707125861006, 0.053012030952555
0.11901784305854, 0.000361341945804, -0.10620820860453, 0.054194507770426004, 0.061751562617434, 0.038691061720842
0.13846964297296, 0.011312599940569, -0.10978045432811, 0.057807298981897, 0.062606845772744, 0.041312578827727
0.13382335933051, 0.0087876060920252, -0.074153662985024, 0.06022223808516101, 0.033681881035316004, 0.040559548030497
0.15565922969006, 0.015283600934614, -0.13341367616841, 0.072432217701914, 0.047729785588009006, 0.034978995660732
0.1320619660807, 0.01168795983853, -0.10115408522207, 0.067725393861485, 0.057662825431926, 0.041858381410362
0.13711495451601, 0.018291241993511002, -0.1155277304644, 0.065350864927694, 0.069540115663327, 0.039266748723594
0.13733169710103, 0.015808577658113002, -0.11229370504462, 0.06801516907602301, 0.085926082582176, 0.039646182816284
0.13082119271846, 0.021739107969315, -0.10358513354746, 0.073732603675089, 0.077588383960129, 0.034883323365473
0.17491762133337, 0.013937708432495002, -0.1600893420096, 0.06722239358776101, 0.049193576994526006, 0.034027797815408004
0.1481384360366, 0.021532241110255, -0.16141846538644, 0.07351934630333101, 0.046239569480153, 0.016168510359958
0.14170292899823, 0.010301129854250001, -0.15423805501164, 0.05935077797916301, 0.057737192189596005, 0.012798729281018
0.16100547502159, 0.014998991227331001, -0.14853701293649, 0.06146608664618201, 0.063532724769636, -2.5834895486e-06
0.15904606513895, 0.015089025390367002, -0.1103068223791, 0.055512509455134, 0.05499607198234101, -0.0020244722299433
0.13549375523133, 0.018577286788624, -0.06615243206071801, 0.062979902120811, 0.033626029550368, 0.00205305144246
0.12283197077924, 0.014137229887322002, -0.058244634159279, 0.053193873348939005, 0.01371285273242, -0.0024785431830296
0.16142752679494, 0.033304774400167006, -0.19516771388938, 0.083994874023918, 0.022704350117227, 0.0030297527597807
0.14249126542484, 0.023590544797298003, -0.11468418697574, 0.07518349103064101, 0.027353879028033, 0.0072983322489113996
0.16225233543738, 0.023343733044002002, -0.11626586707165, 0.077588759859314, 0.026285931583951, 0.008055164032074999
0.13293572778371, 0.0096339412489921, -0.051697272513847, 0.07664352328198, 0.015361746886658001, -0.00313310351019
0.13557777794149, 0.016480744417073, -0.0098785427110881, 0.083518274581743, 0.0049691737767856, -0.0044868648218967
0.12426166524645, 0.007989949625545, -0.085748316081073, 0.08031955774812101, 0.0005201457111666, 0.0054148422873875
0.16418472935478, 0.027494524467001003, -0.216911121139, 0.10912202817489, 0.020424511405209, 0.017422227895117
0.1443180710366, 0.019851833558808003, -0.11368156507085, 0.09441099445074101, 0.036910403073821006, 0.009987011161718599
0.14333415413641, 0.015586325605383, -0.08824986261409401, 0.074421599377526, 0.05921342790273101, 0.016201866242524
0.14881305418276, 0.013834123913227001, -0.080180657532521, 0.07332870837260301, 0.03155412580665, 0.010238644403323002
0.18661154372504, 0.022747739924184003, -0.091464428677896, 0.08010603185431901, 0.036785833463537004, 0.015064522008653
0.20920118732073, 0.013116357507073, -0.13194814702929, 0.07947120976336301, 0.027078436675632003, 0.011590017383988
0.18272688770152, 0.022934226223457, -0.13908983217656, 0.07975568857847601, 0.08607938977992301, 0.0079540054079813
0.17828105238109, 0.022230626863193003, -0.13746914252478, 0.08099731919759001, 0.072064798990654, 0.018471677114709
0.17838654912884, 0.019091738573672003, -0.11283915538885, 0.073015164966508, 0.051388482509675, 0.010880396859988001
0.19744569798889, 0.019534134655373, -0.12583909527688, 0.07327143392586401, 0.050675821576666, 0.01040245537479
0.18884935080331, 0.013287191932604001, -0.06505791280906001, 0.068038937423349, 0.059392871939744005, -0.0023630914383682
0.158863571882, -0.0038268947770572, 0.044126731294873, 0.048856414025091006, 0.060611517428220005, -0.015234186414701001
0.19876662878106, 0.015690905963986, -0.09244617981195401, 0.07196814419284, 0.032862132926750005, 0.0022734045099936
0.19852488535622, 0.021070657008977003, -0.053722312386476005, 0.07100775351588401, 0.032218541443391, 0.0086593168347328
0.19081612294821, 0.01791590435191, -0.076341024115989, 0.069820070274518, 0.030478717251898, 0.011686296206486
0.17990776996163, 0.010634046861683, -0.10953411320272, 0.06284289638083601, 0.034615756329649, 0.0045786068277916
0.17605862475938, 0.011692550984251001, -0.10777288909678, 0.071060042396067, 0.014313892442355002, -0.004491018086867
0.16081634635316, 0.004026749464732, -0.028466053640461002, 0.07140768737738301, 0.021890078408846003, -0.0044015387227426
0.17997113642283, 0.017384724843478, -0.15290535162959, 0.081005286140123, 0.049623880428447, 0.003195400037625
0.19213811663558, 0.014571449475501002, -0.11439596137534, 0.079965304910105, 0.070267533023588, 0.0013592318930119999
0.19212945404566, 0.020894204493178, -0.096038092521945, 0.07899489189818401, 0.063674399490658, -0.0004895749040554
0.18173426393465, 0.022295336621514002, -0.10149739380516, 0.08098140803969, 0.058151283586393, 0.0066999057071947
0.18098262482346, 0.017069114093949, -0.10924241473713, 0.08113902973251301, 0.04730880444770601, -0.0051152061486281
0.18311130733176, 0.021655868863884, -0.067060353810603, 0.08262049200223001, 0.040800198137824005, -0.011390076650612
0.21070247081542, 0.015733995364509, -0.10681706658206, 0.07993154286782901, 0.05369378256669, -0.0058170465922609
0.19595200881387, 0.022634322495354003, -0.10918362190431, 0.099813177821539, 0.08247356063737801, -0.0049291208535575
0.20404603841866, 0.019218558489475002, -0.1027005193177, 0.087563362663714, 0.06439190772488701, -0.0040753992296124
0.20874159441705, 0.020207238206803, -0.1104709447369, 0.08848047314061201, 0.056606686781519006, -0.015521890550792
0.20423170063631, 0.024755421005986003, -0.1304335842477, 0.08314725849231701, 0.054961945454062, -0.0090696808874098
0.18558175222023, 0.029908211115730002, -0.08011473433492801, 0.08527825759004601, 0.06598581996460601, -0.017519253105782
0.17828120448005, 0.026879136815219, -0.09606833296828701, 0.07742183605371501, 0.05868309187446401, -0.009475901834259599
0.19617012274022, 0.035985407033391, -0.16876933253052, 0.09087360573689501, 0.07676830034534, -0.010759410602503001
0.1729929202257, 0.030411424855335004, -0.08556606552259201, 0.09037761316336801, 0.07682449435696101, -0.014552642652263002
0.17323577556259, 0.031348696121671, -0.055829404864418, 0.08469468092660201, 0.064797249123671, -0.020772403292433003
0.17282818036685, 0.031966101355052005, -0.033755977475891, 0.07658763156581401, 0.06858532945020901, -0.020003143732185
0.17498556673075, 0.039696571531031004, -0.072291613534142, 0.084046334546578, 0.063947546086024, -0.025981722402955
0.17894376609967, 0.040342317155944, -0.06950680817499001, 0.08575282890660901, 0.04822947355283701, -0.026252709592549002
0.19357459534525, 0.049060559610596, -0.22953653488756, 0.09510046625108601, 0.026174417714769003, -0.010536629518866001
0.16833534404413, 0.044731640866273, -0.16164191271891, 0.08662989858506101, 0.068061635401225, -0.0043967301390221
0.18230424807497, 0.042051033393439005, -0.10501144986538, 0.086979267108864, 0.080326094136473, -0.012570420491248001
0.16347936894945, 0.035771112453381, -0.071986104038237, 0.082709400968835, 0.067321207481845, -0.015939674627609
0.19453293952522, 0.038301027632913, -0.16653681986846, 0.085847377023354, 0.075599940351342, -0.030872413586406
0.18020482540532, 0.033536155529587004, -0.1227992941632, 0.085920084571006, 0.08362660991752201, -0.024922000314563
0.18270485767827999, 0.033893001730601, -0.16562800407908, 0.09319178100651, 0.11006637846381, -0.017718307806642002
0.17320502884351, 0.031831060082554, -0.12347501035106, 0.08964868510307401, 0.1150349924072, -0.020267178758734003
0.21542362856978, 0.022297174618075, -0.12659865770143, 0.092203688730128, 0.08754899745029801, -0.023418750741627
0.22877316711166, 0.014634199099617001, -0.13855779425291, 0.085467890920983, 0.06922130823379401, -0.022828458576283003
0.23305609244983, 0.020588722467134002, -0.17383965863077, 0.085826555321558, 0.095858799210913, -0.025259566048387003
0.18960782156143, 0.021235128611114002, -0.13477128240195, 0.083869707709287, 0.10642984874871, -0.019919167280305003
0.21181106191818, 0.022861429011303003, -0.1525538883432, 0.079888981130879, 0.12121268559722, -0.012868808057999
0.19930421975753, 0.021842758686203, -0.14944587001317, 0.07589911552499601, 0.12309359885663, -0.016979404809072
0.21245357423954, 0.026091958261422, -0.12354142807494, 0.08231942944583001, 0.09751283866091501, -0.016039175868821
0.18928415294931, 0.020155763812461, -0.11071374047919, 0.080405321456102, 0.08961653835163201, -0.013694587785777002
0.20420222876511, 0.024743237844628, -0.12144198820403, 0.078220078124588, 0.086374251617816, -0.020359468923226
0.18893397099162, 0.021876471828975, -0.08969849501953801, 0.078120679440355, 0.094116794832729, -0.020480108416423
0.1901781080489, 0.024972091952659002, -0.13356945844422, 0.088628958054905, 0.086311820724024, -0.021034157786822
0.20869475127725, 0.027698234790273002, -0.18842057531613, 0.094634666235948, 0.09155688578391201, -0.015547579759921002
0.17780539969396, 0.024084745945779, -0.10334945615894, 0.090135015169962, 0.092853979639252, -0.022958451083881
0.18322658953143, 0.030062171822164002, -0.11759791900382, 0.089352187602677, 0.086796457450608, -0.024063309154151002
0.18457258719936, 0.031932347696681004, -0.13488872470319, 0.093186165470845, 0.077190020486436, -0.035607834480089
0.19435734493036, 0.028270968754607002, -0.12920498372479, 0.088530977405968, 0.08124994805199401, -0.030740038067944002
0.17144959145502, 0.028701105625551, -0.09628497928967601, 0.091087936458631, 0.07503437688330501, -0.029832204749346003
0.19758719308155, 0.035440173916382, -0.24486128618358, 0.10585415409224, 0.08950436907165, -0.023281681851109
0.18698398517341, 0.028427785063459002, -0.16579928691626, 0.09053087143282401, 0.10374334486673, -0.023743498915011003
0.19589912804455, 0.025481072840764, -0.18588142508098, 0.08519375662709501, 0.12573109468412, -0.020201716131548003
0.19912299758126, 0.025753842262576, -0.1552730837559, 0.079861975531249, 0.11670599141546, -0.023405299390113002
0.20052791947965, 0.018116495846955002, -0.1741218894638, 0.085976023838122, 0.11883160020506, -0.029279375136394004
0.20339334557971, 0.02418174820696, -0.1214952580952, 0.091066814985513, 0.097514702362492, -0.021280049562479003
0.22527251449933, 0.028110177449410002, -0.20299405125, 0.09693208182134301, 0.12215442043553, -0.029100392835710004
0.2088525623455, 0.03391139309051, -0.19633853478135, 0.09906948394956801, 0.14498475042787, -0.025658253696419
0.22627320523143, 0.025516872077059, -0.16684490101221, 0.092776126026488, 0.11842076852013, -0.025749547618446
0.22220786259618, 0.025619650389484, -0.18666860877081, 0.09232080757185901, 0.10420419053062, -0.032343510745868005
0.22133068605255, 0.031875630687957006, -0.18139669612084, 0.09136319751505301, 0.10398303849203, -0.035854123268354
0.19626836161311, 0.033979181702190005, -0.15548741918467, 0.091602108877867, 0.10143355620363, -0.031012709889116002
0.20168448732791, 0.024028393037491002, -0.096583200080933, 0.083964642357265, 0.11746862430558, -0.037260273557729005
0.21982217672816, 0.033460244176096006, -0.17617573806213999, 0.09429564883254901, 0.11563752818873, -0.035925339640085
0.19565087122776, 0.034820993702518004, -0.12723881634173, 0.097685618184845, 0.11471306563161, -0.033167829017401
0.19911597700366, 0.027900472248547, -0.11337201143483, 0.09872569176250101, 0.10277065175684, -0.033133048325538005
0.20162887751306, 0.03183848112324, -0.14301108358473, 0.10014083334054, 0.11099832963499, -0.037217087691963004
0.19267125046287, 0.034430232040617, -0.16421300619893, 0.10769167838223, 0.098998692033033, -0.043977171823024006
0.16691677163707, 0.041504830200255007, -0.09879428332356201, 0.099454813404812, 0.08588094056999401, -0.050574237707808
0.19497295203212, 0.041664874741766, -0.18813383530451, 0.11636074440085, 0.074979829533777, -0.037579036993235004
0.19339555339101, 0.046468781239274004, -0.18434106710343, 0.11816898746184, 0.10903254391648, -0.037789167065790004
0.19765615490688, 0.036215693249128, -0.141353917372, 0.11544309490382999, 0.10748814304875, -0.030545751440427003
0.18972233912743, 0.036781048282980004, -0.1469979146221, 0.1145043936784, 0.09834838527452401, -0.040428146882631
0.18977136019522, 0.033686017387752, -0.10739398258775, 0.10934705044706, 0.10153379505383, -0.039959343693863
0.19551835985335, 0.035681912659022, -0.16241085342548, 0.10470001340113, 0.10739867296101, -0.043047338985292005
0.18706276308149, 0.026804870750336003, -0.17320454041083, 0.09527948440113701, 0.1255581560025, -0.032861556677244004
0.17490132559992, 0.020929416647011003, -0.16799614323148, 0.087644407283143, 0.16693165678169, -0.036127090137508006
0.2100192249086, 0.025273603657381002, -0.17740448719113, 0.10207681139885, 0.10763891835206, -0.033531292122421
0.21942180233598, 0.030312717583435, -0.19334144695801, 0.11119550697783, 0.1184421060714, -0.031981817812517
0.21554706882382, 0.027757523246027004, -0.21995228233815, 0.099988833540173, 0.10740177412499, -0.032451478507164004
0.21752306828155, 0.023972044201776004, -0.20498600107688, 0.09893731422771501, 0.11855500701935, -0.029220591401965004
0.22302003725637, 0.015093454121685002, -0.23248710849401, 0.10855898881088, 0.12381020315923, -0.021044700662749
0.21161579995133, 0.014302320134830002, -0.24243965753544, 0.10383783835827, 0.1694295220843, -0.024295376664001
0.2141142539922, 0.015198650292022001, -0.22379509754616, 0.10138354981566, 0.11851254699148, -0.025063345095281003
0.22401922412827, 0.019345539440993, -0.23055145217561, 0.10293993450154, 0.11162629892213, -0.021999733310516002
0.20941251988439, 0.020846894824906002, -0.19698653759325999, 0.096817963469987, 0.09803320950185301, -0.025044418375632004
0.20465689162167, 0.019893880677579003, -0.18127871487118, 0.097267608659604, 0.095765670244965, -0.020487207975162
0.18143886649069, 0.014743478447576001, -0.12762420664758, 0.09845454680551001, 0.10361996993082, -0.013227659525747
0.22084865654686, 0.020824796404575, -0.24364276140356, 0.10050156080312, 0.090655777819861, -0.023956748443727003
0.20866804806851, 0.017121512550085, -0.17633675763852, 0.094106528800433, 0.093491022726192, -0.027699836966076002
0.18706568693068, 0.017504201426738003, -0.16094360641829, 0.10415085678933, 0.09378753093030401, -0.026545568286358002
0.19726138712543, 0.018859680460358002, -0.20072277531763, 0.11148797412453, 0.08216982879241201, -0.033126499202512004
0.19775916113295, 0.028557321061319002, -0.20569070461336, 0.10743304617266, 0.074299530771205, -0.028152399828577004
0.18404393290261, 0.023064026694186, -0.20215004930534, 0.11418843887842, 0.065513989572727, -0.026680478591382003
0.19654912745095, 0.030127020202636003, -0.24350575993831, 0.11474210006187, 0.09322769360175501, -0.038386040768030004
0.18251923512969, 0.028471623302270002, -0.19190728144515, 0.11720806008642, 0.10155725496506, -0.033653943832030006
0.18617959152877, 0.028510850874114, -0.19237054721335, 0.10636929712829, 0.11216165207868, -0.029334758499303
0.19394358037588, 0.029034272643034, -0.20423116102074, 0.10903141824144, 0.10977530951379, -0.033040513629986
0.19164031096201, 0.027746670434767, -0.21076390415144, 0.10626957163287, 0.10870847942535, -0.031842135404466
0.21486051429409, 0.022917565472811003, -0.2060508918599, 0.10675729129401, 0.11105613035002, -0.035179382127726005
0.18508609987276, 0.032497677284044, -0.24661010988718, 0.1180919350958, 0.1672348378441, -0.030719318874269003
0.19053174904578, 0.024669710592153, -0.19720863516398, 0.1116996679153, 0.12839239965011, -0.030966917217276003
0.2114960212333, 0.022659704560822003, -0.2211323592461, 0.1075932514372, 0.12377843558827, -0.037773351123257005
0.22040894902599, 0.022280032662742002, -0.22264957190668, 0.10729597298801, 0.10713662528027, -0.034366539937821
0.21176821638481, 0.024159460656163003, -0.22250535426993, 0.10587231218249, 0.1018414496633, -0.040520866308098
0.20965832078109, 0.025287979077190003, -0.15540790838278, 0.10626618869567, 0.1157726954177, -0.037679069528948006
0.2168010776051, 0.029069689582027002, -0.25535763999098, 0.1073564689901, 0.11650219028134, -0.037440990900311
0.19934415809028, 0.027092961396029003, -0.1993953243904, 0.10813388532719, 0.12781797641322, -0.036461770005079004
0.20470192348899, 0.030219255838647003, -0.16910402756994, 0.1098074282749, 0.10180335348496, -0.037070778488471005
0.18091672372757, 0.025964562909822003, -0.13649117137144, 0.10280632061913, 0.10063456951397, -0.038979530598562004
0.19243493931321, 0.027873266007942002, -0.14049618089145, 0.1083958698704, 0.09361186923526801, -0.040432139361740005
0.16384307488813, 0.021636550714652, -0.055867927456029004, 0.10840603013081, 0.10174598571628, -0.042025854977236
0.20594110303003, 0.028897936394264002, -0.24393720539126, 0.12170249964152, 0.068859228969796, -0.045094684681473006
0.199737708418, 0.033420488621212004, -0.21286592875202, 0.12119729346956, 0.086055607625937, -0.040755041067266004
0.19115645641367, 0.030251314960022, -0.16212655399507, 0.11706919233001, 0.09411572470054701, -0.036486017083407006
0.1910156004942, 0.029709643933833, -0.15362199751148, 0.11710424592045, 0.088346785328951, -0.043208449962486004
0.19849928402685, 0.028657599716652, -0.17429045479308, 0.1181962902433, 0.089538023496065, -0.043015091532208005
0.20108879888752, 0.033369489289859, -0.2218421365764, 0.10918034500752, 0.084926168968111, -0.043910182167889
0.2007305229176, 0.029390725001474, -0.21891697955083, 0.11586797957441, 0.11105622811987, -0.036247823853435
0.1922176986541, 0.03559440606297, -0.21438116737547, 0.10935735676324, 0.14623184532151, -0.037597470225996
0.20802217551811, 0.027059369321131004, -0.22040176519051, 0.11344483662408, 0.10772495289875, -0.042260150877289
0.22643613342835, 0.029617834868979002, -0.22265035588673, 0.11112954622386, 0.1227119284217, -0.036675666181221006
0.21848087622741, 0.029178662771576002, -0.23077954826662, 0.11695787507089, 0.11184262328456, -0.042153807216197006
0.21718322438334, 0.030410919752694002, -0.20128439639347, 0.11385059348739, 0.10666133246789, -0.043825122521242
0.24986290723635, 0.029455554922342003, -0.23305498354078, 0.10454798601407, 0.11858026536489, -0.042339873072943006
0.2246640861127, 0.030888074572841002, -0.23733135241022, 0.1124163584948, 0.14977677789786, -0.040340251744913
0.23852943558433, 0.029537298225707, -0.18821412727046, 0.10847653112555, 0.12394525161435, -0.045852638325797
0.23103482816984, 0.030883099892514, -0.19017014257557, 0.11079640185486, 0.10707795201875, -0.040344131739158004
0.21285397006851, 0.027156392590652, -0.16739908296651, 0.11050695453909, 0.10970239551598, -0.038791847913151004
0.20364598487207, 0.029420392564729003, -0.1638812849251, 0.10466997360844, 0.09503527225727701, -0.045746850565364004
0.20261602108175, 0.028852458764745, -0.16824092273097, 0.10797659499869, 0.10095236833782, -0.036025495801315005
0.21715501915187, 0.033191257706564004, -0.26318534356048, 0.11422862976543, 0.1017660793225, -0.038629683853407
0.21183199960539, 0.029031036336331, -0.16598237467111, 0.10709564819836, 0.10588054354424, -0.044572006771259005
0.20025999312869, 0.031072143834085002, -0.14010145593282, 0.11289322160685, 0.096939433759559, -0.043658011471575005
0.20103012888727, 0.030180394671087, -0.13516902448428, 0.11732448349632, 0.10180721602617, -0.053017165837687
0.18663700811183, 0.031202239861632, -0.13693206141605, 0.11321516139321, 0.08973571551371501, -0.047459141422908004
0.19265747857663, 0.024881343723863, -0.14872213088259, 0.12144245609997, 0.075544569368529, -0.043490284516132
0.2061674977703, 0.035740276065886, -0.28501758112652, 0.13638418664354, 0.08223933881876301, -0.038772421237274
0.20621051258291, 0.029682577325763, -0.18193865240801, 0.12924546219613, 0.09624817235472101, -0.04144856933508
0.21067817626655, 0.036055036863527005, -0.22494305384712, 0.12483766766241, 0.11344089405462, -0.039774960801426
0.20770015483702, 0.030217844466014002, -0.21000883392807, 0.11351869812132, 0.11399312593753, -0.046364234545725004
0.18930279683663, 0.033136946020993, -0.18405675509631, 0.12192877984122, 0.11850287116775, -0.042307815846148004
0.22646067772721, 0.029823386513733, -0.21828624177329, 0.11768797584381, 0.10183411346581, -0.042460833650073006
0.21081588150779, 0.030637365355190002, -0.2489249666054, 0.12053297819553, 0.14713258735493, -0.03937649625155
0.22020339529924, 0.031386311406631, -0.22017874791785, 0.11543179963532, 0.12528932256594, -0.039094504460277006
0.23262638129627, 0.029191414809221, -0.23562421944713, 0.11347610003402, 0.11023800587389, -0.036373790010484006
0.22374825533323, 0.031872616000493, -0.22026478578635, 0.11277804165203, 0.11413969540761, -0.038559786893437004
0.23156856700178, 0.033237101128470004, -0.1967275676229, 0.1118078926155, 0.11791536453798, -0.037320331973683
0.23315451588957, 0.032974260154443005, -0.22195627305617, 0.11741464319359, 0.11798095024304, -0.030459223994793002
0.21067684922897, 0.032680620485997, -0.26386664863903, 0.10848492540851, 0.15248688976383, -0.030999748055833002
0.2155061131458, 0.031989054276927005, -0.19487657166614, 0.10928429448536, 0.1144140694927, -0.037329307448614006
0.2137276580642, 0.030821360110857003, -0.19089791261345, 0.11016278865224, 0.1033081480605, -0.041236906061603004
0.21034508390093, 0.030918476672378, -0.19805124198679, 0.10902676027724, 0.09767200432330901, -0.046130331612364
0.18960388376045, 0.033917526499903004, -0.13630080109111, 0.10239861221287, 0.08701888376424301, -0.043461707307817
0.1931858165821, 0.03337330275774, -0.20383289271233, 0.11150814692188, 0.089572673584888, -0.041374454092537004
0.19670092609728, 0.035100700517192, -0.27032445914811, 0.11552552921506, 0.10788309841356, -0.036485294927375005
0.19325524105083, 0.031522778700698, -0.19584750097341, 0.11454019053754, 0.10120383957576, -0.041886061173622
0.19781556067151, 0.020875298749805003, -0.17628739363858, 0.1102716830714, 0.09848153278638401, -0.05159629086053501
0.19425566702413, 0.024214282938794, -0.16009111091543, 0.10948536006327, 0.10146689075564, -0.054965523734084004
0.17366415206471, 0.023382924954384002, -0.11897509151457, 0.10774212721388, 0.07809546041177101, -0.05829947842033201
0.18963458040593, 0.017524557756497, -0.14644262200684, 0.11282409286818, 0.07989916431664901, -0.052913914253763
0.19217909666313, 0.033171487045172005, -0.20029629210487, 0.11961505535839, 0.11697979786252, -0.050768498635284
0.18083663949232, 0.029965249795599003, -0.15134678943736, 0.11780391701709, 0.10796285989877, -0.04765190590458
0.20086726246876, 0.024114345292007, -0.15906991589165, 0.11183326693068, 0.10854480192763, -0.057728954352994
0.18673961402622, 0.024627161699613, -0.16843871070399, 0.1126051224362, 0.10120437124169, -0.062486573795065004
0.19444650552057, 0.024816198603894002, -0.15662763705975, 0.1121511304786, 0.09522589749308401, -0.05881919085973401
0.20926489094078, 0.019757771983481002, -0.20356004252918, 0.11105445671238, 0.10414284606383, -0.055804398117966
0.19607292335899, 0.018122831280420002, -0.19328252046257, 0.11083613688389, 0.14256966782469, -0.049482009054328
0.21025393427654, 0.019156600086486, -0.17396620109687, 0.1137340624022, 0.1152218185058, -0.05058113759168201
0.2065089504591, 0.022894275820540003, -0.18454486939917, 0.11704368520755, 0.11798635443935, -0.052263596405773
0.21517260427971, 0.021911050234008002, -0.18004799392158, 0.11323183970566, 0.1004587680843, -0.051665650910432
0.20449721531005, 0.026235235106276, -0.16064015249215, 0.11281937210772, 0.10165702331101, -0.051834449266109
0.22016184013067, 0.026013356582744004, -0.17241521704075, 0.1142110106348, 0.11224971122192, -0.047597580591183006
0.21099712416487, 0.029312939312286002, -0.21454020429341, 0.11641849913727, 0.15613512132947, -0.04947265721195301
0.20679817253965, 0.022613634952206002, -0.18109382227552, 0.11937214913375, 0.13514169004712, -0.048678264513867
0.20477749024355, 0.027767159772359003, -0.17228887120605, 0.11570506406056, 0.13383607281206, -0.045884822257305
0.20896948406071, 0.031892499718717, -0.18142109068165, 0.11205241425019, 0.11141597579308, -0.054444699218904005
0.21213279179412, 0.033119630581379005, -0.1151978420454, 0.11180950013421, 0.12206048060044, -0.055772770752510005
0.21272242349002, 0.032383470552455, -0.18258338917108, 0.10428955297861, 0.12786967288618, -0.053398931268646005
0.19734936114363, 0.041875330388214005, -0.24253599606715, 0.12404784906112, 0.18075814923057, -0.049915586672712
0.20116137846323, 0.037241105408854, -0.20493013608394, 0.11433320149311, 0.14924386333639, -0.059293930768443005
0.21046717976069, 0.032289247986653, -0.22187694852674, 0.1138308736564, 0.1424374327097, -0.062000675698476004
0.2098054381349, 0.030400502597593002, -0.24448477361756, 0.10975867475649, 0.11206298635212, -0.062899304717848
0.19655281001921, 0.033124387320006006, -0.20009848604347, 0.10405703837387, 0.11902656992095, -0.062600275601466
0.21474527719192, 0.035129656553414004, -0.26987188849274, 0.12106957808489, 0.13059832139247, -0.057320948527917005
0.1944967031401, 0.034621470883849, -0.25120365045459, 0.11734291390549, 0.13923206948607, -0.055063343918613006
0.21462869863994, 0.031138020841048, -0.23774096800032, 0.11578479946537, 0.1284773501203, -0.054562042729702005
0.2070447372099, 0.030667847044873003, -0.20605888883052, 0.11246510599146, 0.11256712544139, -0.05743241329425001
0.19956947873689, 0.032212252239458006, -0.23394234688658, 0.1135409785436, 0.099084743434785, -0.062481022089825006
0.18632454733402, 0.035743665009162005, -0.19598800902284, 0.11384599612221, 0.08316630017559301, -0.065660590855798
0.19501123617735, 0.031369700417307, -0.23632084307594, 0.11832853459129, 0.084403743832673, -0.063242141803601
0.20483073197495, 0.040230151457718, -0.28617321557454, 0.12372698557781, 0.10131213632051, -0.057754324024352
0.18802202258514, 0.038048270735555, -0.20926734674324, 0.1194353366207, 0.088019798417638, -0.05389287647370301
0.17532895898376, 0.043060344819947007, -0.21549140890111, 0.127980398191, 0.1007790314823, -0.04987833058022
0.16345145965953, 0.0477298341757, -0.26368746446286, 0.12452390677539, 0.13244404727602, -0.046595918034753006
0.1756609339661, 0.047394554850489004, -0.23479566160969, 0.12313504060913, 0.12508059037293, -0.054192036871229005
0.18591317385143, 0.041690746945477, -0.16657167695621, 0.11316183987347, 0.07067406578963101, -0.06756615457765301
0.18892305220103, 0.040699524648134006, -0.21424471286756, 0.11785411659484, 0.040312263377028, -0.065498851539349
0.20646265506187, 0.041746745572003, -0.25638407978398, 0.118334573248, 0.089579508225147, -0.059893544993379004
0.20776441299715, 0.039382922257757004, -0.20981623560454, 0.11423952257989, 0.09575349406875301, -0.051370426806202005
0.21910083807716, 0.037849910118186, -0.21450746946768, 0.1088992227405, 0.09166340028014301, -0.055752376844963
0.22478056145609, 0.037969069371787005, -0.20041634928914, 0.12273799524309, 0.08247919556979201, -0.05906817153124801
0.2193014631125, 0.039431140997740005, -0.21369700230209, 0.1228934980718, 0.08705429789921501, -0.058555521129615005
0.19759457470022, 0.043916260804932, -0.16210787680618, 0.12482376498075, 0.10468355753707, -0.056691077728085
0.22822610475685, 0.043523737152728004, -0.26635562555658, 0.12215054220164, 0.088497490029566, -0.059867475308199004
0.21957972306848, 0.036628553609482, -0.22781864974763, 0.11817488097122, 0.11431325601712, -0.062263985482031006
0.23407942202339, 0.042482085113794005, -0.23639067814088, 0.11501399838229, 0.11676273991967, -0.057226509299997
0.21031577321961, 0.039587002923268, -0.20368991236166, 0.1149724466846, 0.10025794639427, -0.065552125876234
0.22713694232872, 0.043684074038304, -0.21106326163136, 0.11485818420373, 0.10537378449402, -0.057676228151186004
0.20314008787416, 0.040465021462451005, -0.13513524762196, 0.11860845375594, 0.12834485660664, -0.053763785929914
0.2454616642858, 0.04472049751256801, -0.25398396966392, 0.10927533491902, 0.12938602951444, -0.05444380226629
0.21511654558066, 0.040306848696025, -0.19895704049337, 0.11102132140191, 0.12744253285532, -0.051806578830055
0.23388516487467, 0.041403937238918005, -0.21438022269835, 0.11156814192952, 0.13106408899914, -0.052656564437205004
0.22109746069266, 0.036102592906683, -0.19678368767155, 0.11320963033711, 0.11874790842113, -0.060156924448309
0.21600823212572, 0.043352493781420004, -0.14008749805174, 0.11743476215786, 0.13270513160034, -0.052942144827961
0.22924948791471, 0.042684561574784, -0.22410645682034, 0.11832532470286, 0.14634675013071, -0.056840516848815005
0.21337512909035, 0.045828171964987, -0.2205797503764, 0.12653133931258, 0.1511708194094, -0.05503602857335801
0.22757303897845, 0.045169717618769006, -0.22457976301014, 0.11542677441811, 0.1496833047619, -0.050371334435222
0.22190987526996, 0.044504037927982, -0.22144272808053, 0.11299012881357, 0.15239903853517, -0.053114647966074006
0.20095895308249, 0.044730780833003005, -0.16550535761424, 0.11582957839142, 0.14344501651657, -0.056972095493687
0.20230014585354, 0.048091431974392, -0.24684488049506, 0.12093136464539, 0.14076736139691, -0.053484596249848006
0.20978990994507, 0.04744156402211001, -0.28703524724531, 0.12004631935577, 0.15934485656075, -0.057150661896233
0.20556249499402, 0.042838575617519005, -0.21720248855051, 0.11925450618043, 0.15457666683307, -0.057213678870292
0.22353442829617, 0.040146589430707, -0.25165734777563, 0.11984222932811, 0.1440389914541, -0.058149565854039006
0.19356023047485, 0.044767945469100005, -0.22194316153952, 0.10838248519763, 0.13060435604735, -0.064112493509385
0.18976795274528, 0.04015897152226, -0.2226720010032, 0.12088434058809, 0.12164211001899, -0.05949437230475701
0.20152061206615, 0.055237372898993005, -0.35746400823873, 0.13255678310867, 0.12885354989657, -0.05507707210871501
0.19904164128507, 0.04781855716898201, -0.27644453301177, 0.12832605054348, 0.12656409541121, -0.058336208776041
0.21324958127235, 0.04613828665207, -0.26292369235244, 0.1217287921909, 0.1150312707527, -0.06483098508516201
0.18272400559367, 0.043512497576802006, -0.26326494301613, 0.11534955512548, 0.10526560192493, -0.066953743746634
0.17689202689936, 0.04318829749556, -0.21575910061005, 0.11338812094142, 0.09019002660285201, -0.065398749588013
0.16966573771208, 0.044085023580722006, -0.20680127948427, 0.11748952269793, 0.06787060262882101, -0.06290789324653201
0.19161219498581, 0.050853767766823, -0.33998918855363, 0.13131294413244, 0.05615201468209, -0.06510243861119701
0.19006426342796, 0.048364815089089006, -0.28613658898934, 0.12693024660512, 0.08162054901615201, -0.06658562208570601
0.16222787300242, 0.04447337314707701, -0.23171436378787, 0.12927909298415, 0.06524431365290101, -0.065571338462635
0.16799322127374, 0.048597797552505005, -0.22164554032207, 0.12124399921072, 0.075847350407755, -0.07258996099781201
0.17668755565817, 0.043028972504823, -0.22114649328532, 0.1237359735664, 0.076085290077916, -0.074219327479702
0.1425874671573, 0.043637102536397, -0.13979324199816, 0.12544160759956, 0.06744429011446801, -0.068852969624874
0.17762795670633, 0.032400511761925, -0.23542529987067, 0.12905384322504, 0.08774948757379601, -0.07126200556716
0.11958514717355, 0.039666587396982006, -0.36011062880055, 0.13856985496943, 0.33699651986, -0.07270201177575601
0.1423213332929, 0.04458769128449001, -0.13910661592205, 0.13315764564787, 0.12694937646014, -0.068754407232091
0.2458512752402, 0.056836725224417003, -0.17307912024724, 0.1244335353521, 0.047912385782243, -0.05791142624915201
0.29978427285842, 0.056109488871966005, -0.22504021349017, 0.13447298474165, -0.0038205381874996, -0.055816843702347005
0.2998791511036, 0.052192569839187006, -0.1488952794548, 0.11995004815832, 0.033543990226287006, -0.072367193058838
0.26572405538501, 0.051761937265572, -0.2193285270488, 0.12767850546374, 0.048153042596071005, -0.07578864872315201
0.22273016931922, 0.056635445344379004, -0.20059716138461, 0.14188924635281, 0.045925654014093, -0.069437760973381
0.2323776845423, 0.059628510539239, -0.14139852985609, 0.14071997097594, 0.042206055258855006, -0.065221614753053
0.2448212607193, 0.054597573604912006, -0.16856263946565, 0.13945751486068, 0.013679026283448002, -0.06896381567095501
0.22178383778934, 0.051263245910257, -0.18251440141253, 0.12661347439949, 0.0034207924495099, -0.07468857993766101
0.2279528761899, 0.049620787487903, -0.16719869988841, 0.12816693835268, 0.0098135238276757, -0.066521263636048
0.26292687748568, 0.05131787381239, -0.28328043069512, 0.13258512021969, 0.0060019021796951, -0.07207391747972
0.24634845993864, 0.05609490888361401, -0.21944590804417, 0.12459188802052, 0.046292987881472, -0.068024186897309
0.24485405244741, 0.049306208007132, -0.21867011781125, 0.11738417908433, 0.058285304637073, -0.06763175240421501
0.22082011098964, 0.049117819521540006, -0.23341728352957, 0.11789838636539, 0.073044488000362, -0.06584212983689
0.23093261777103, 0.05241719717149, -0.2388877843308, 0.11958510691108, 0.06278899223515201, -0.066590168226975
0.24960894656161, 0.056403387864957, -0.29506497201718, 0.12249776660424, 0.098514107750251, -0.061105273412906
0.2345861929394, 0.050256167663077, -0.25414624475324, 0.11974070729799, 0.09334708833383701, -0.062493036389229005
0.26516209515257, 0.055158264622104006, -0.29547002288274, 0.11320317802295, 0.08566513555909201, -0.051899495170957
0.24331224359142, 0.048579824443757004, -0.27393965364801, 0.11779189560317, 0.085941844527555, -0.05514191336939601
0.25046683685165, 0.05126965346283, -0.26230867664467, 0.10595296938729, 0.09293164810647901, -0.053715085455348005
0.23348032600256, 0.051897752929327, -0.24608787424619, 0.1202487144135, 0.11740476770312, -0.045223489474779006
0.25687142224478, 0.045886668464780005, -0.2802042630415, 0.10219065101881, 0.12219921088554, -0.055903401569881
0.24790985305838, 0.046232407703773, -0.23871998246651, 0.10691142195281, 0.11300827064735, -0.053164286194085
0.24134209285259, 0.041080342465372004, -0.24402495153309, 0.10787528677145, 0.10455223104855, -0.055578807973195005
0.24161739849589, 0.039465341607548006, -0.23377799366061, 0.11395052110314, 0.10573147824924, -0.056167894833255
0.22699818675796, 0.045485919907436, -0.18485736557838, 0.1103548045212, 0.10003720596314, -0.05506563925586801
0.23213539503301, 0.040592570483459, -0.23182619016433, 0.1128017960411, 0.10366229642932, -0.056505527512530004
0.22678697302932, 0.039156978409490006, -0.29686995200588, 0.11442214460669, 0.13850482583346, -0.053399260536195
0.21074331348315, 0.039016536800123, -0.17717779814814, 0.11858518016111, 0.093110257637839, -0.06048781641509501
0.21002015942983, 0.03480828535036, -0.15778955523516, 0.12405804850312, 0.075852190468433, -0.065194349585946
0.21911982861245, 0.036662106922850005, -0.1997193135582, 0.1209813579586, 0.07339983243403901, -0.065701288112586
0.20275281511214, 0.038198772320661004, -0.13310673451502, 0.1169331870168, 0.071690599413655, -0.06045211111741201
0.21827961157336, 0.038318775026123006, -0.24325834334124, 0.13171770527985, 0.055898990073216005, -0.053573651885077005
0.22348805304119, 0.045009051610524, -0.24080172789556, 0.12714343250862, 0.0585016153313, -0.06268361782769301
0.20617163794748, 0.038837113355082005, -0.14697995897696, 0.12296643656554, 0.050132502903349, -0.059439841613095006
0.20443346329197, 0.039002970014203005, -0.14106510478202, 0.1279494592048, 0.041137583333796, -0.06223703526663601
0.22123229176642, 0.044976898670217, -0.14905943858342, 0.11982437253565, 0.037580251922057, -0.06564736752233101
0.20236051931077, 0.041430095773925, -0.11807273184723, 0.12614769148899, 0.035011486275022, -0.067463479349278
0.22310655338978, 0.045045112922946, -0.18904449898841, 0.12695591440528, 0.047376806619838, -0.058575791940138004
0.22371332105444, 0.046812191098991006, -0.21759909590741, 0.12942974019276, 0.08814398181020401, -0.063427355609749
0.21753539462578, 0.043662374712917, -0.16792055262374, 0.12414762383634, 0.07533402214944501, -0.060442727375938005
0.22617662357852, 0.040504956630472, -0.17022842337736, 0.12224219889037, 0.06967282229447, -0.060352098898676
0.22248847474348, 0.042679791435275005, -0.17802531644923, 0.12027765595755, 0.059829141182949006, -0.064512193481036
0.23205261144354, 0.04583500091216, -0.18698297701539, 0.11736880919824, 0.07327756561010301, -0.06638591640220201
0.24824362931176, 0.04883682618317001, -0.19482619328792, 0.12636379856056, 0.07720065595571, -0.05644384468893401
0.25030050896188, 0.049938849462633, -0.24554114906074, 0.13022321578866, 0.11651491622235, -0.06299158910010501
0.24373420012009, 0.046734795199368004, -0.18835519487921, 0.12072397366124, 0.10442278654505, -0.061216079526420004
0.25074646682663, 0.044231558945208006, -0.21528139872122, 0.11521616110419, 0.10265429625946, -0.052375829119592
0.26141062394243, 0.047935378598088, -0.18671511235093, 0.1123715656916, 0.11578245381289, -0.06292382612689
0.22937046857557, 0.047761622099183006, -0.22196461742891, 0.12013593270861, 0.1213695770695, -0.058586713171551
0.24116525501856, 0.046142634837616006, -0.14253368604203, 0.11491637868233, 0.11594162031344, -0.055334675139342
0.24919607846517, 0.04843617746889001, -0.22108980541318, 0.11135922140527, 0.10748217097445, -0.055490922451280005
