Pichu
0.0, 0.0, 0.0, 0.0, 0.0, 0.0
-0.002114884179835, -0.0071250353664431, 0.071284282371259, -0.002025129793863, 0.022018911502473003, 0.0024460961515094
0.013339543535117002, -0.0071722951655776995, -0.05393458606115201, -0.0040289868074585, 0.035432417842145, -0.0035267652727266
-0.012723000173723001, -0.0087747832021383, 0.004686849917186, -0.001229631980237, 0.041545899166646, -0.007603417205573199
-0.0004591729569559, -0.010032360286784002, -0.07810111612736101, -0.0018312825223588999, 0.035337029920627004, -0.0005313647243972
-0.038768166819923004, -0.0020294431393957, -0.027045880401563003, 0.021754355914129, 0.033060732071979, 0.0046779030106103
-0.061623744063976006, -0.015714837316000003, 0.084648723294429, -0.0046201106738663995, 0.053316376572716005, 0.0037421905324704
-0.008077622837982, -0.0024537721407405, -0.092337949664393, -0.002369608046864, 0.059709339380774, 0.018591806146039003
-0.022930883497843002, -0.0081437395598711, -0.054439990662045, -0.006573188804006, 0.028837616761689003, 0.018144727441578003
-0.051775287997037005, 0.000109126140487, 0.07231674741364301, -0.0005485096507500999, 0.021787239180225, 0.017598403313766
-0.073565418266145, -0.0080487931775712, 0.11361733932739, -0.017287852564749, 0.017340843583819, 0.0026536493377844
-0.16313240302114, -0.007833435463346099, 0.3473239710489, -0.019309448366212, 0.034299727302687, -0.0051239400941585
-0.18503377738256, 0.20715727205228, 0.36884023395831, 0.069018002160427, -0.02200716872039, 0.089971515355941
-0.15157318951775, 0.38695673236005, 0.22006916435757, 0.24953376657912, -0.21563088266331, 0.18140894359037
-0.16868453766556, 0.57739097716469, 0.2756434026386, 0.20977638926918, -0.15789988707885, 0.38673235967454
-0.16119999496694, 1.2371472620864372, 0.28872798342737, 0.24571896364893, -0.36119040155546, 0.43498057423718
-0.26832135591112, 1.7659901455519984, 0.07592204089903101, 0.75712272715732, -0.38947664224604, 0.05377080392064101
-0.51542135708911, 1.715532194156478, 0.06839967181511801, 0.85355392836455, -0.36393155104612, -0.11591353586845
-0.22987913686254, 1.3782893786903108, -0.0098051915276043, 0.55454233043645, -0.31912903770044, -0.12926175285929
-0.38660790803349, 0.89716350809645, 0.018444785931798, 0.28764347684925, -0.1632620838099, -0.35803669352807
-0.41520025202945, 0.41338854476114, -0.21440362788132, -0.042931788596552, 0.043243233732439004, -0.79752675128103
-0.31700145436621, 0.026523227107373003, -0.15688018612329, -0.22095890498472, 0.050668924679214, -1.1893999206163184
-0.30103774881942, -0.15877242404358, 0.019699867239560003, -0.06434383324428, -0.06407140958655701, -1.1086984543051606
-0.26822418293757, -0.19278557045147, 0.01966223265364, 0.0069695787815079995, 0.10791286485463, -0.6467228306408
-0.35657067087408, -0.088461051069339, -0.36988124359767, -0.085545111093661, 0.21479401633267, 0.05900152020306001
-0.41918778271777, 0.22041942489809999, -0.43717567929408, 0.12664983741556, 0.12576302614847, 0.66744362787054
-0.33804610925703, 0.53588180261985, -0.65074877822438, 0.45264061504176, 0.14556950096759, 1.2139987322033703
-0.38000464479704, 0.6185222608513, -0.49193700433054, 0.522835017515, 0.17040091133454, 1.2391566906297982
-0.062995417561547, 0.61789456103221, -0.40793199752575, 0.51230058715223, -0.11369878072138, 1.1246554045023238
-0.11878188909014, 0.46245448694556, -0.0012172150070848, 0.29524599862322, -0.99051786887496, 0.95082629242453
-0.16567780302763, 0.087485836894476, 0.43983570382654, 0.07433097656568001, -1.3198056859970309, 0.25438990294198
-0.08989684645247001, 0.017440640277406, 0.66824143242166, 0.023117678566773003, -0.96940057046774, 0.16505684328914
-0.10109951577019, 0.07859960428137401, 0.43698889724678, 0.12350202645355, -0.39020357393151, 0.08754978760533301
-0.10760369532294, 0.15096515133839, -0.11348222714014, 0.077071952092405, -0.21366751695544, 0.33172658140821
-0.031127347590213003, 0.27175385095336, -0.30245985383774, 0.12523637535911, -0.044507540883234005, 0.51522167807636
-0.14366718231746, 0.41466811840347, -0.460234556247, 0.18560083922423, 0.29414381294913, 0.55872460669779
-0.092903740090729, 0.57616696897624, -0.21409449896974, 0.0091964078066933, 0.47448387704571, 0.42691349562661
0.056648403747228, 0.66428256677557, 0.07444291917859201, 0.0046042390079471, 0.49750417685928, 0.52617381316504
0.09994031140548501, 1.2033858753290174, 0.20462409937763, 0.068741370920542, 0.33523628565701, 1.1029219128515795
-0.044037084677576006, 1.3911970798160542, 0.75644259593169, 0.18945827764702, 0.30571479078825, 1.3092827019860283
-0.20459846618725, 1.290852898706869, 0.78371149141451, 0.27004188147555, 0.34674244252758, 0.7922901828416
-0.33060614592381, 0.82393372731626, 0.83943755744368, 0.11213702761126, 0.077553138178119, -0.16884103952238
-0.22433770929151, 0.30056452975084, 0.54626813802644, -0.29783105330608, -0.33490297857741, -0.66851762034021
0.055636298759621006, 0.01112374216926, 0.35690930694732, -0.33150367239542, -0.19564601137795, -0.93949037497517
0.08414875363136401, -0.25739359069509, 0.21162465816687, -0.46207980183318, -0.15193452086309, -1.1465196690549422
0.07798528928031101, -0.51991895019745, 0.18705939459077, -0.79757518933485, -0.11565246313076, -1.0504389257707158
0.011402584468910001, -0.59621305751991, 0.15347098000505, -0.72807917968064, -0.16270025703028, -0.97724906891436
0.12744533816582, -0.40904931641337, -0.038166045552122004, -0.59653205992879, -0.11258686401873, -0.69114425318965
-0.023917402520558, -0.07746934116868101, -0.17668027590368, -0.53165180680028, -0.047044479784970006, -0.11082260697667
-0.19776942372726, 0.23723099039642, -0.35753517825923, -0.28883290836175, 0.020412102321475, 0.2962852788856
-0.22103068522226, 0.42231057027757, -0.43017515893318, -0.0041012051196986, -0.0020201055349633, 0.30061880188494
-0.23256716337805, 0.53411592502556, -0.3071640712811, 0.13131861289653, -0.028345114144076002, 0.23800529381327
-0.16776104994221, 0.56006088235076, -0.38119485413567, 0.053080435231935, 0.047127558983008, 0.26911269415145
-0.2179496312493, 0.52816860021069, -0.34642460011474, 0.0085002491149272, -0.0099945348820407, 0.25786188448505
-0.17267245583471, 0.48107126124488, -0.31865757547891, 0.016428250702308002, 0.009938556207750299, 0.22309901933866
-0.16007095342454, 0.47090874157822, -0.3100102860984, 0.023162128517926, 0.0012043327192239, 0.20103036327007
-0.14162814176709, 0.45406569899068, -0.28953310584377, 0.0008400568777044, -0.028904541528530003, 0.18884117697548
-0.08203894917417401, 0.45495171982218, -0.34960895996629, 0.0035064267016707, -0.016610331609315, 0.17290833557293
-0.16045997681048, 0.45454959209759, -0.2679869477163, 0.0008331948297614, 0.036479617357819, 0.17545662209585
-0.12971115574787, 0.43923176694697, -0.29877508912414, -0.011047901476503, 0.020471416273034, 0.15555524955426
-0.13811873391885, 0.4272455579408, -0.26279166849987, -0.0084147479019602, 0.034904429006157006, 0.14220311063671
-0.12635793523298, 0.41479210005269, -0.27444793445131, -0.016530326231144, 0.0001296352636421, 0.14187012321823
-0.10760847031414, 0.41460055748468, -0.30504926380325, -0.019580897361286, 0.044793561748876005, 0.11802288126546
-0.09651615169083101, 0.40132052174194, -0.77788910779243, 0.05000607703979901, 0.11330767402069, 0.10236090981958
-0.38108988961932, 0.31171381882006, -0.55550761577747, 0.10675027633308, -0.11024082881913, -0.07267322027438501
-0.017489254267523003, 0.32828099451749, -0.55291013016917, 0.12542083864238, -0.10578113491871, -0.070050533993617
0.16798459002952, 0.3572971153293, -1.1495842898579212, 0.28374913468063, -0.28899409056053, -0.12588612820132
0.051498447651432, 0.42539918981526, -0.90406459364241, 0.26091825992369, -0.55995877144729, 0.0037524618652079
0.41475295677631, 0.54158064579647, -1.0434118137765285, 0.07025049625351401, -0.53010730580681, 0.37546821249862
0.22503239198964, 0.49844123973175, -0.6282737714627, 0.13358379297949, -0.20027719694806, 0.25540357565795
0.34777685558612, 0.50593984406671, -0.74794735546872, 0.29087741549498, 0.12033646298168, 0.067089473416056
0.94604864759987, 0.55113874830892, -0.60643349221508, 0.39754844014869, 0.37390047955159, -0.016858106341002002
1.4123511239373248, 0.6129952606894, -0.70220247937376, 0.36215675549274, 0.4910343887351, 0.035487248184684
1.691621648560765, 0.73432321101807, -0.9471590375391999, 0.45779000445644, 0.7430458773274, 0.23546881005188
1.6011889683388516, 0.80406099926351, -1.1188164640858649, 0.47733882896853, 0.87625768734143, 0.42343079463127
1.555095896233778, 0.75423346800567, -0.33756169792108, 0.39111737069062, 0.71250940116004, 0.40445375011309
1.4405606404922726, 0.81830024749784, -0.019890623359024, 0.41263342476539, 0.46497551860437, 0.36158381965376
1.29333932732481, 0.80361304628079, -0.1601431399861, 0.54565810137974, 0.34635419970272, 0.023770204261869002
1.2159743251423127, 0.54979932828407, 0.09577653317251801, 0.37467268297334, 0.38977880778414997, -0.29862716621832
1.1329833338550819, 0.31072567602763, 0.046795252052252004, 0.14383561860129, 0.29018441902439, -0.40343244692823
1.2787341235934755, 0.087317388288735, -0.37970277800456, 0.28269813534499, 0.34414949946184, -0.76473244389503
1.4809358331129965, -0.05839748073557201, -0.35618137529847, 0.22460801362889, 0.37911033011351, -0.81678029465999
1.3815349402332855, -0.29581055326457, -0.22974904917638, -0.14135386968834, 0.35307746294508, -0.42066915444807
1.1252867865205463, -0.30851163142273, 0.028141076772279002, -0.47414650246482, 0.34642147952814, 0.14878774057425
0.9415973143172099, 0.06272374342150501, 0.10724396771408, -0.21053936961078, 0.25543996113675, 0.52591154882459
0.50267840971172, 0.779110896678, -0.16988091864325, 0.23359942849546, 0.29517096714612, 1.0890986183843057
0.11545839486087, 1.1178242732476513, -0.24752079510138, 0.53703669339466, 0.2601312362085, 1.460658359452973
0.021127595737572002, 1.1266804034019025, 0.050548669519167005, 0.61306645529856, 0.26427901652707, 1.4052797693057781
-0.25990341679121, 0.50456260953924, 0.29233785198155, 0.038211369999918005, 0.38087178297164, 0.38306341919777
-0.39224768564199, -0.30219034537518, 0.08547053412950201, -0.44008499568507, 0.4773987246411, -0.80784929355459
-0.063139675950308, -0.18803127507165, -0.50060546779677, 0.25919275901202, 0.37029145127952, -0.64705034329269
-0.35275159462523, 0.34070022229799, -0.71317703767752, 0.9786019492586, 0.025354146700606, -0.46141535087521
-0.30152135930846, 0.3045595617367, -0.72604055576829, 0.476881602128, -0.067425652636543, -0.10961025917099
-0.32455399394432, 0.088756971905909, -0.50025198141071, -0.33110456702241, -0.077345823010909, 0.036652710900806004
-0.41120460575765, -0.055531475166533006, -0.39971982929453, -0.68540534292561, 0.024104303413081, -0.051232970836126004
-0.41418514076681, -0.01587372367262, -0.16704245773085, -0.79105561425238, 0.026812580742324003, -0.0043689897104595
-0.27525008610057, 0.19523331073608, -0.057780121652793004, -0.12014206911579, -0.056441047255806, -0.0047045158934145
-0.32803324292186, 0.34036278990814, -0.26846859850816, 0.46320482604401, -0.10604164822806, -0.004083446634519
-0.24965108515268, 0.32955900074583, 0.011571672832159001, 0.63739490523909, -0.044490632513635005, -0.020448318839764
-0.11191272931978, 0.38135590899937, -0.22057979038144, 0.85773419886309, -0.12653120077612, -0.056377496758100006
-0.18385915511213, 0.42950600155646, -0.2468100176233, 0.99990146389428, -0.21793982803579, -0.07447809423250401
-0.13944769354257, 0.40331592453384, -0.12441704680379, 0.39388379008093, -0.26216171585544, 0.046303791334438
-0.31747830249907, 0.20549320874227, -0.07175847523322701, -0.47747453954936, -0.43171385859615, 0.1514920336297
-0.47592531099229, -0.07103176684178701, 0.0030215596278219, -1.2219574770775983, -1.0221503718641227, 0.38427341414811
-0.78835717915269, -0.09053167488928801, 0.4536809475394, -1.240982361707384, -1.573896608788287, 0.5309687252908
-0.99837159048017, -0.1308219241483, 0.75348274091751, -1.1044383825230324, -1.6982857044279247, 0.4555859461435
-0.90287264104229, -0.18093439957727, 0.51955116253323, -0.65721506595848, -1.5107725813838084, 0.078613084261275
-0.7938668786384, -0.016930130509640002, 0.70170648689516, -0.0029410086329092, -1.143134247385641, -0.025495939173149
-0.61618230699161, 0.12460428341979, 0.29311478000653, -0.024348864184172002, -0.8550507022276, 0.098014498628605
-0.48891233863043, 0.10557301721148, 0.18041889276608, -0.014553292260574, -0.69450650077343, 0.047812858722025
-0.4109557102465, 0.12158482646387, -0.034240581596712005, -0.11599489127782, -0.6827349281577, 0.07216309333689701
-0.32200646122227, 0.17601466294687, -0.2685010292722, -0.18101117229621, -0.66988670419407, 0.10513599133911
-0.30636349982205, 0.21424364440288, -0.44835756485371, -0.1071480399641, -0.6012376208313, 0.12187898279298
-0.18603162320024, 0.17676148652529, -0.48987267202573, -0.022582548415818002, -0.55430346204787, 0.13581316423175
0.62535095636028, 0.15069894493749, 0.74834211729612, 0.0031835539641416, -0.33512349832755, -0.11196809525917
0.73250661884831, 0.19364202738462, 0.80092217130972, 0.0055388630364408, -0.28522592589802, -0.049982084398741
0.65115463128958, 0.21770326224356, 0.93159830023231, 0.0096223811883505, -0.19031935919665, 0.0084119245824823
0.57824519435993, 0.21576673834895, 0.49088665332653, -0.0049110476837515, -0.14909916898017, 0.02277596126956
0.41316167976893, 0.22060001095478, 0.53785750617388, -0.070718599145371, -0.2149545307736, 0.08779527129285401
0.32667494169751, 0.16428041897559, 0.2052467838599, -0.056891857391013004, -0.22067818339194, 0.1131741127209
0.27398912383135, 0.15406255041171, 0.34698061152459, -0.03023909076345, -0.28140899370709, 0.1419341377795
0.19713010538172, 0.14122193249426, 0.22939480138021, -0.068296953016972, -0.29820129103129, 0.06383742543467001
0.17668756622219, 0.094290916968359, 0.07663288035573701, -0.062245216057995004, -0.31152036316777, -0.053073998698965
0.107156629105, 0.09702184334775701, 0.24468233694061, -0.12672489334112, -0.084687345984658, -0.011571707080607
0.07830647308169801, 0.071222648999375, 0.076792218188972, -0.11884085691031, -0.19195838230981, 0.050699733754285006
0.13930972076726, 0.066561613401365, 0.14546812707307, -0.13537700677434, -0.22292525355885, 0.044662276313392
0.19501730019336, 0.072816564178284, 0.010225708223684, -0.13272857291094, -0.33324618368767, 0.06361479355548601
0.17143136568693, 0.088229102626558, 0.083786584112054, -0.13477406919177, -0.29856983996912, 0.08678263504370601
0.24448943046159, 0.075006305878449, -0.16791409420724, -0.15155068469806, -0.31006371990896, 0.068658781577833
0.24730721423943, 0.06469355208083101, 0.016991798021161002, -0.16379861665201, -0.23211569619072, 0.039136421143063004
0.23808621420531, 0.082515977067995, 0.10467306952774, -0.13189136946161, -0.16930499479035999, 0.031272367159344006
0.19236988154303, 0.075190320234814, 0.25339332333921, -0.12612843872112, -0.23379914045341, 0.034074969237255004
0.17573263398512, 0.070036942738084, 0.25724389681029, -0.11769178935817, -0.27484006949588, 0.035083498867677004
0.18131293082476, 0.063949045901931, 0.37694339046616, -0.12245421386722, -0.29553246140388, 0.039546858627200004
0.2300624012129, 0.075836344302286, 0.061293800094575, -0.13738786356701, -0.27045784706437, 0.020704106165917002
0.18968590148835, 0.079082226413637, -0.32966786290646, -0.11935848192289, -0.16775092601915, 0.03555405955329
-0.036752799409565, 0.081510901336729, -0.5724832514269, -0.067334120869841, -0.10370788603849, 0.033320879940337
0.12114673473805, 0.048351700815956, -1.0018884438871365, -0.078897239211229, -0.065457473344809, 0.063607362477807
-0.19589249078967, 0.035109362654322004, -1.2016963417291064, -0.087198299348708, 0.031699869672154005, 0.089721425418731
0.021877862065632, 0.063566473892046, -1.2120505095816694, -0.072482135998249, 0.13352710612391, 0.083360181194434
0.07984303210824101, 0.055460248575180005, -1.2022975699398297, -0.042235008511054, 0.025050771289586, 0.13918427868817
-0.012682724238497001, 0.071851132614727, -1.0077520907103974, -0.042308073365207005, 0.069529083239456, 0.15459572519868
0.0037311030746856, 0.07763591855236801, -1.0436493708135994, -0.011945350587898002, -0.0054185437497008, 0.14039682278087
-0.0013696987143828, 0.089806248341462, -0.82814148877526, -0.027762306638924, -0.0009885594128236, 0.15974438129225
0.10014452589059, 0.09705697721753301, -1.137846442231519, -0.030168032821091, -0.10545099133411, 0.15504805722189
0.12249763639906, 0.08433640249164401, -1.1787478564347884, -0.043802022419637, -0.1344494617268, 0.14213955210222
0.13598973461961, 0.087560964404369, -1.1246156786981691, -0.04576257520276401, -0.13344814449907, 0.13612467870548
0.077386735373572, 0.090881401404726, -0.88806136322797, -0.041530566046261, -0.077506966654573, 0.11145538986841
0.025025226528625003, 0.10139575684796, -0.84534042180228, -0.065214610276773, -0.053932621293206, 0.10490166130576
0.090513024998116, 0.10773859573058, -0.88891550514838, -0.040259143453726005, -0.076645514922559, 0.11418741336439
0.06822737223787101, 0.11920819154444, -0.76402049513721, -0.055776029677821005, -0.088903133783594, 0.11964301159871
0.097602102714772, 0.10880948015527, -0.77665525085684, -0.046669740964897004, -0.08015879589397501, 0.12330538000836
0.049096021427052, 0.10618585647325, -0.64751821371893, -0.05337257599810501, -0.08971213323381401, 0.11802146531484
0.050603668320363004, 0.11372083865891, -0.71733522891347, -0.051649849270327, -0.08884873958368701, 0.11495450761512
0.09931964106000901, 0.095631306989298, -0.78899643135481, -0.04798516697287301, -0.12916692148984, 0.12278566930481
0.08146898457587301, 0.10613889916768, -0.70898710693716, -0.05323980456802101, -0.10243069045075, 0.12301005034803
0.12705504436629, 0.09321780504603001, -0.84723201926531, -0.049770292049516, -0.11537174471044, 0.12555019471706
0.11216149841956, 0.087151180287417, -0.73258615754643, -0.052329731493445004, -0.09413917581983301, 0.12798046853725
0.046674431700967, 0.10510017054208, -0.52973028985019, -0.053811061695403006, -0.071279581648533, 0.1318170120095
0.13117474097739, 0.10127612200068, -0.85873752506883, -0.06670576156032801, -0.092187769686547, 0.1351170332671
0.10861075745385, 0.0921630808815, -0.83056034655605, -0.06168234489708101, -0.10299516905964, 0.13218734039265
0.13649532169938, 0.09318751673773301, -0.83276903678268, -0.059965891204351, -0.10165680177659, 0.13361425034759
0.12219020637397, 0.09543918370101001, -0.77187292972184, -0.038728485495759, -0.09728207841286, 0.12463545844309
0.0041855321038783, 0.086084438685137, -0.46427096328854, -0.047990241255712, -0.0013646845330408, 0.15364294131309
-0.029388265585197002, 0.10230021061755, -0.36012643941636, -0.032505541944534005, 0.10589968893088, 0.16437490716866
0.34287615137884, 0.14737280557248, -1.6290016920407477, 0.012298110598516002, -0.063099266820152, 0.18902302739554
-0.07475482394132, 0.16036384204627, -1.7699615936573012, -0.010605580946999002, 0.032137647900772004, 0.24825835307713
0.011569765851515, 0.19485555911907, -1.4127676051153721, 0.052017676312466, 0.030522426805365002, 0.20408259598654
-0.35915737970179, 0.22356913394867, -0.34938198857975, -0.035868434650489, 0.034748862839767004, 0.085048839254351
-0.31047427627116, 0.21205302596231, -0.24448621691549, -0.011808353951908001, -0.11200417619176, 0.11461664613053
-0.30866920149051, 0.24893037199495, 0.58634155934527, -0.094917289538978, -0.12447070437244, -0.031571144284845004
-0.25255456169499, 0.28928259102126, -0.97339055055595, -0.028602844897220002, 0.035762532541084004, -0.011281482413076001
0.28349138282782, 0.3226229866098, -1.1224097635100505, 0.1073390617752, -0.17030337205675, -0.026211772805352
0.29670644595789, 0.3199411230182, -0.83214700702416, 0.19269155209782, -0.13898240466338, -0.042608582037655
0.63599667073915, 0.31422342511776, -1.4056024971359604, 0.10744551572955, -0.19957805111632, -0.013562770118926001
-0.016019813417575, 0.33473385515272, 0.18594572353659, 0.06669641568451201, -0.22224006180992, 0.095255556057737
-0.43681855276073, 0.2205673497621, 1.2447688262201608, 0.041348689839209, -0.18737358707756, 0.10959353162344
0.13476470836433, 0.21361397879228, 1.3913701278239932, -0.040208228926188, -0.25988707178296, -0.034956984963346004
0.10761485284447, 0.21963744888553, 0.30429562539248, -0.013089747359599, -0.0089958898726672, -0.072961823919217
-0.087377084839311, 0.17097071060616, -1.1540137089320803, 0.028461276725801003, 0.28568604803176, 0.10192651493548
0.13310045688661, 0.22899146900691, -1.5351921285742496, 0.051030647354859, 0.10504010989703, 0.085744574641906
0.054695884333469, 0.30210227482473, -1.9547086883554927, 0.23428088442056, -0.3577723664775, 0.19582204919387
-0.056822546974709, 0.20821762966935, -1.4649685287249987, 0.15773456002297, -0.16096158545914, 0.11305360154115
-0.13008134739648, 0.16520750470763, -0.91413693746569, 0.069915646897503, -0.055997709396216004, -0.0073708229800824
0.022363083968586002, 0.15627816915581, -0.83444131266587, 0.06692309479592101, -0.10940040091159, 0.027248462092347003
0.09404902689803, 0.15043570525907, -1.0484605698116753, 0.06432539204776501, -0.07492986037665901, 0.054951505268782
0.11940972333442999, 0.14654046012935, -1.2114166296217104, 0.054184739139031005, -0.059562159704518, 0.05484325955557601
0.17941515501615, 0.1204079216493, -1.293436152405107, 0.036875108415355004, -0.11226506477664, 0.060967446277645006
0.20638368460361, 0.16438435079373, -1.1468613932480956, 0.06316271263277401, -0.10407192947833, 0.09280087474651301
0.27190978843544, 0.15844587329474, -1.259299226900668, 0.073795113854033, -0.06303081235065, 0.073162901301347
0.2245814775276, 0.1349750099906, -1.1792104242108572, 0.075759100498623, -0.053200558822515, 0.06612401408208901
0.24494062930819, 0.12815999748512, -1.169646962535098, 0.066290846754972, -0.06986039455218901, 0.075169923413911
0.2282627985194, 0.11808417839726, -1.1354369374296518, 0.075349860088243, -0.071336068174652, 0.08194616082638201
0.21781455662836, 0.12556966498553, -0.91560645214876, 0.067832860995549, -0.043597253403075006, 0.09222892002866301
0.24867193008386, 0.13088886585747, -1.024853644208431, 0.063021106894625, -0.057769197458967005, 0.073178035539239
0.22401830839133, 0.12510689333754, -0.96341700039606, 0.060261240408308006, -0.066666300926148, 0.079436751243479
0.16303020697308, 0.16696312941175, -1.3096312296866208, 0.033566640852661006, 0.0091114943696648, 0.070972341277606
-0.52372976158808, 0.20689184809055, -0.06616207282179601, -0.07163099105133301, 0.14031204742182, 0.015159133464941
-0.89364028812126, 0.13269047268003, 1.6428434355346897, -0.25207290102181, -0.32120683369265, -0.09067923162197901
-0.38891991943909, 0.10604108158409, 1.5195110049027492, -0.25307175665735, -0.17404919161326, 0.030902998726900003
-0.6721836841955, 0.10104102422421, 1.7990495963323365, -0.24327318310681, -0.039789918091177004, 0.065150688479041
-0.8640231833683, 0.10450216791961, 2.1608152112338903, -0.23775248660148, 0.15866747483955, 0.086922956807245
-0.77530836630646, 0.11684763549556, 1.356140021235523, -0.20031442815461, 0.044689218590572004, 0.075238375766894
-1.0624433993921742, 0.0092853552706434, 1.7752217165399886, -0.22118271950212, 0.12115203329168, 0.16009711916743
-1.2446848259541174, -0.091620316295039, 1.5418517978126927, -0.32122609519065, 0.19776690114137, 0.25492821403299
-1.252572895362171, -0.10509584111042, 1.0296014832799456, -0.45172480432666, 0.27862072941922, 0.31448078524405
-1.4089582127521385, -0.0045107148100791, 1.8648665195426795, -0.49714678736155, 0.23742810314232, 0.1948042694335
-1.3999729829060885, 0.06872316881319601, 1.746843647687811, -0.56289893393922, 0.3567864863063, 0.18494039581584
-1.9453785860361081, 0.07289017532273201, 1.1564926896761332, -0.47921849841034, 0.35633942664469, 0.19207888735074
-3.088162009997075, -0.0070918120004125, 3.5007800424946938, -0.81861216630861, 0.37976816589637, 0.25373870733196
-3.3567683714030765, -0.12523254383365, 4.624397543895337, -1.0732770465118908, 0.32110578479104, 0.23087074670399
-1.7372793111840377, -0.14029028366179, 4.433801669680061, -0.91513480291608, 0.14276930369995, 0.10900547205024
-0.68917760318865, 0.19274907582339, 2.006487425026641, 0.028536468502593, 0.12849627161947, 0.30393786785816
-0.41832683608838, 0.41866522604642, 1.302833109288054, 0.29034263457582, 0.17482149008834, 0.33039326661328
-0.42493567023362, 0.39342524493237, 0.4037656950986, 0.08022934351821101, 0.43268901331489, 0.25050188594428
-0.48163082170481, 0.46486536428229, -0.23524318862184, 0.2041499621066, 0.84057265076914, 0.32446302964453
-0.14232753578469, 0.38469995988463, -0.29744348724295, 0.08809781091669, 0.77573778232316, 0.38579140888909
0.17341655995821, 0.24253796196118, -0.2482320307045, 0.04931871567242101, 0.45137040179927, 0.26909184066556
0.21394056009574, 0.17310559310252, -0.36550983330859, 0.14569918169676, 0.80962807226328, 0.36345575624391
0.37840683968561, 0.20409089912037, 0.0026470920397603, 0.018736501154466, 0.90239660642753, 0.52442222502401
1.4057846998065162, 0.24415866604358, -0.61624563051998, 0.0009962780675166999, 0.12708283502117, 0.6207219473719
2.9885534632220176, 0.52049562752949, -1.4433508515922666, 0.36469672390681, -0.89026588444458, 0.37945485431753
3.7112114486306274, 0.99619512479056, -1.8884689860393566, 0.81915299020984, -1.123888836158374, 0.342380943173
4.578858586148007, 1.602989123549479, -2.933281051319394, 1.4835142540576491, -1.3871495662982012, 0.56659979531041
4.048659798473409, 1.5854638690653104, -2.8032274159500856, 1.4817838290849858, -0.36151800198745, 0.6979529959652
3.61708350251605, 1.2635413305721763, -2.1314543387123437, 1.0452389236218587, -0.07090390898326801, 0.67305817713288
2.302283905615444, 0.96506767231027, -0.79104675281902, 0.68573956883598, -0.21514478006485, 0.50306414707927
1.7891519143371921, 0.73702440909892, 0.40222339588781, 0.41728641057422, -0.08543634153964401, 0.28092527757001
1.2295530821604381, 0.62403729800919, 0.93684722696146, 0.3842272919655, -0.16021821076202, 0.4185496600523
0.89136708416078, 0.5798797017161, 1.026660995176372, 0.18315363264498, -0.14928997406993, 0.41426371313128
0.67241744021802, 0.51296271325799, 1.314791839166118, 0.052752731459808, -0.09375513465604901, 0.20173651132251
0.59726847093653, 0.43136044592707, 1.1676058926636088, -0.08396970641094201, -0.019143244751949, 0.16999068965811
0.44028388621346, 0.336113898493, 0.90852146014876, 0.013662921820217002, -0.41165878790636, 0.06432995662610201
0.27430717246757, 0.29680279050664, 1.2985120266326708, -0.144312537839, -0.5287344970146, 0.19509491001166
0.3880147613205, 0.26508477799937, 1.1669704926406546, -0.27259198677439, -0.52531578242967, 0.27123463506236
0.18777170127446, 0.14471716076607, 1.4929180080445335, -0.09773884928477, -0.50123144270222, 0.11894664367877
0.176670340419, 0.14385686714454, 1.0873925126949127, -0.14774180292953, -0.47017162471614, 0.15379177911539
0.27410030441251, 0.11784843200617, 1.0793908118021098, -0.13710158889138, -0.5128218865742, 0.18374477672486
0.38797227442775, 0.1130508364702, 0.99795544739415, -0.11733361457091, -0.52491382723763, 0.19302696719542
0.37853764639011, 0.11643376535128, 0.86445793138263, -0.11140499673115, -0.48962829325586, 0.19568643499043
0.36309375465394, 0.11005877692671, 0.98781897914755, -0.11051200186543, -0.49357888236358, 0.19460540084636
0.38361929721501, 0.091981220503122, 0.87656869935179, -0.12462174436236, -0.49926874479307, 0.20705722653076
0.41054822868312, 0.10366644053969, 0.91319321625256, -0.072291779606818, -0.55663573732089, 0.24581311954647
0.38715015863783, 0.13736509597151, 1.0516544474208547, -0.08240601875040901, -0.55277703174012, 0.2442204055665
0.39872019575238, 0.13336902933455, 0.93275662538682, -0.06121986954271601, -0.51157822792407, 0.24737783792877
0.3712778741557, 0.12254958988387, 1.0155612274498558, -0.08449150058196901, -0.52023456244479, 0.24503497256867
0.33710539276713, 0.10671349082103, 1.0082979959243576, -0.09634105785105, -0.47552544357883, 0.2455776773504
0.32748857502414, 0.09696936595555201, 1.056789067268724, -0.11340246432133, -0.49597208655599, 0.2419627614362
0.39561615166351, 0.11423962386073, 0.76748456548834, -0.12264160910563, -0.51409657393892, 0.25757775423706
0.40995287274803, 0.13748438986063, 0.6891273272987, -0.066349109241432, -0.49961466918862, 0.21656023531804
0.50978951030391, 0.11750746368392, 0.78382166578966, -0.0316574497364, -0.57241911013536, 0.2055335093106
0.48674712429814, 0.087180791527592, 0.6940104023889, -0.08321017117274501, -0.58334706764926, 0.20924236610197
0.44284402902835, 0.066455828780815, 0.81007723510798, -0.08276284541084501, -0.57781229373103, 0.20644050464014
0.46158515091674, 0.07406888650024801, 0.88412254007311, -0.10144477748509, -0.53597980510208, 0.22097592936668
0.4565509850214, 0.074401662231579, 0.67702336825742, -0.09426753981526201, -0.49007893719268, 0.20236190532248
0.41348683063553, 0.076863014904026, 0.78230665520197, -0.08913144880884201, -0.46820420723491, 0.23538782928679
0.44973793508051, 0.074835473965583, 0.64026217141154, -0.12890449901436, -0.45814225499215, 0.20267143779577
0.43503364184911, 0.079651243162721, 0.67133194493608, -0.087047628704897, -0.48980613861763, 0.20565694614771
0.48339381691009, 0.089276969032253, 0.70774723903382, -0.098809999907132, -0.50679999953321, 0.19596800736682
0.46061725216985, 0.080985052201181, 0.69214441672671, -0.10826853652592, -0.44713093953828, 0.19510031307237
0.4128811059164, 0.066019442598683, 0.83947190104132, -0.11421358201437, -0.4458456249107, 0.20116824796507
0.42951232468188, 0.06099513026892601, 0.8285900721031, -0.11974501403781, -0.45324940072327, 0.21301772191988
0.44345217896114, 0.059954096564367, 0.79664724571314, -0.12121210458758, -0.45245504310229, 0.21487741648473999
0.37421134025918, 0.0097896565081896, 1.2910087111257498, -0.09327040845857201, -0.38916133291974, 0.13476003762728
0.17422480263662, 0.07539741638033501, 1.9550034036665265, -0.10360433688599, -0.38025014159399, 0.064043630811217
0.48702321759591, 0.11733539652865, 2.1209484928861775, -0.11624779130558, -0.3557516159762, 0.025301306688745
0.63340888152329, 0.11588487639116, 1.6408525264225604, -0.052920394766381, -0.30345957638374, -0.0022688478574733
0.5918276624871, 0.11473368748728, 1.8241853949772855, -0.1123286572832, -0.38458232063201, 0.018494133054607002
0.8537730948157, 0.13184851748562, 2.0611145434894156, -0.16145770391163, -0.52277335663234, 0.0002841857750792
0.9127199150331, 0.13423603560978, 1.6567868164917108, -0.06088679560432501, -0.49998434273289, 0.10541177800263
0.59570736039418, 0.13268169947129, 1.5462423862085113, -0.06810563907575101, -0.65236006736203, 0.14076272014142
0.47134885277074, 0.12251489253095, 1.6744622477700875, -0.066787883020722, -0.46559376141506, 0.11253502656466
0.54280490842824, 0.13403166219837, 1.2439673423292839, -0.073234029870185, -0.46228538841687, 0.11239505799694
0.50891981012962, 0.086332919303957, 1.4996038657061492, -0.1643841533395, -0.49138328383916, 0.096316194312836
0.37842856069584, 0.095134738975009, 1.5769487461289697, -0.1597618613034, -0.55553777570961, 0.06628075664274101
-0.11291663666018, 0.0093619043727332, 1.3816191595378933, -0.21680398989352, -0.65105455857295, 0.13881364978174
-0.3104724253543, 0.019753891550461002, 2.1754900916672892, -0.30004292978432, -0.62205313869968, 0.026145312468147
-0.12556388864008, 0.0087293838797363, 2.1554415489294616, -0.27920274427488, -0.38350971371942, 0.033614938987124005
-0.049241161453964004, 0.060767935162081003, 1.6526475906416143, -0.31587003185002, -0.50674491267462, 0.073847426745495
-0.27549895415995, 0.026118065065918003, 1.6801616653998221, -0.25779143378357, -0.79265820093829, 0.14709835736063
-0.41577024477375, 0.0069996267687529, 2.400446318741386, -0.38624193699076, -0.44845323758819, 0.10214282743744
-0.21720717383316, -0.0092269897207704, 2.3947383067990557, -0.43792578727218, -0.54791554027664, 0.14717719163793
-0.18051865235847, -0.068271195619689, 1.8641475751225653, -0.31328580589348, -0.38405999666374, 0.18976388064025
-0.13681322479152, -0.058585847417537, 2.0153946982416704, -0.34505545205128, -0.35427091805483, 0.19908581571287
-0.019186450962055002, -0.08846653675122901, 1.6499756393989184, -0.37690976773314, -0.36951996278152, 0.2020479472683
-0.038835123263946, -0.1332791641157, 1.6200872874360903, -0.38375728504551, -0.32366578562949, 0.19625947682411
-0.09498831314304601, -0.078806491794791, 2.227451711110345, -0.47840761425163, -0.23027317312352, 0.17891896705432
-0.021545446727803, -0.065477734586873, 3.0528392157875004, -0.59496729389117, -0.5041134423588, 0.15755263028571
0.17620131753697, -0.086635516502193, 2.815137774551027, -0.51983378063708, -0.46940014481232, 0.15566558324988
0.086545354860597, -0.10205570605205, 2.702022148435784, -0.50019624376332, -0.48952363395989, 0.13051469228276
0.10308679453101, -0.08576713938701601, 2.478710299749295, -0.43886988835976, -0.52714871841562, 0.15171001779656
0.15043653541474, -0.051825427447144, 2.4091961032028433, -0.49733423338312, -0.38166323174614, 0.17781219880369
-0.19403389337753, -0.091160810191019, 1.232530428104209, -0.45035787879292, -0.40140911779873, 0.17880194360407
-0.55787827469093, -0.07588735961998501, 1.606108587123417, -0.3505017956903, -0.18867820863304, 0.15965674660236
-0.47970086019678, -0.012512624225410001, 2.2392686875704144, -0.39552087858719, -0.24809985636179, 0.17311230928358
-0.37723071610793, -0.027828596404251, 1.9225612702678334, -0.42532598070361, -0.26427484941361, 0.13643202048027
-0.2569440777177, -0.12707177607517, 2.213632859282443, -0.49833605089269, -0.83596207462451, 0.0380682693119
-0.34628635800396, -0.14512774845568, 2.2006840093210673, -0.52848437586371, -0.64217318321138, -0.007542916001580999
-0.28276637477346, -0.14638852840301, 2.1259288514195154, -0.47772440169647, -0.51559943550358, 0.0024291595086129
-0.22260600336727, -0.15081676732691, 2.203453408223079, -0.45174187955993, -0.56129673285379, -0.0029285829190181
-0.18500253510838, -0.12597870909056, 2.0457127977475977, -0.45501434498336, -0.54465341410379, 0.019284248188057
-0.24720594133763, -0.12382691483445, 2.052933123557411, -0.45022793103614, -0.43671630756453, 0.019549182386022
-0.19054608160067, -0.13488370441511, 2.086003069871651, -0.45460440580998, -0.48703449192175, 0.038562511894813
-0.29983454210186, -0.1462104080131, 2.5441088206534235, -0.4471139064823, -0.58807180820841, 0.020393739695711
-0.58706025067462, -0.12438089440922, 2.820835704785274, -0.56021186862648, -0.64178540611292, -0.020802397000455
-0.25464613229697, -0.11032253084802, 1.6742725718949094, -0.43735665349084, -0.354401295171, 0.042414385638844004
-0.81342572832042, -0.15528769749619, 2.085913936657861, -0.42364996323922, -0.33010799772953, 0.052895429012236005
-0.73182444931732, -0.13084613208962, 2.9391936872691775, -0.53953951044393, -0.3629267525145, 0.031314468789499
-0.45286308031207, -0.15316506448595, 2.1463435465679557, -0.56051115070316, -0.36217757498046, 0.042522499392303
-0.55277442810672, -0.16307443000713, 2.0321305543431527, -0.45634947905767, -0.29733175701199, 0.077097151327235
-0.40143263417666, -0.16927255469007, 2.025563588963608, -0.50355283546834, -0.35443271072162, 0.06541713420586201
-0.4343238410779, -0.17123524784324, 2.0412298520365315, -0.53934040095134, -0.33835056403535, 0.09247365548960701
-0.47704174818983, -0.16612251823026, 2.0136985651491015, -0.49491098802958, -0.25425364722326, 0.13392418797445
-0.44591961463468, -0.16250009810337, 1.8749694441988116, -0.46801297734414, -0.2894611766964, 0.12834874892887
-0.36822153780572, -0.15916219779036, 1.9240546074359153, -0.45733055907221, -0.40322664343529, 0.13150319574026
-0.26128064427522, -0.14845674875531, 1.6551753234080715, -0.42532737165084, -0.47014867402856, 0.07613143186618801
-0.3471583571728, -0.1622372240511, 1.7660485711339633, -0.41678167853783, -0.40826547133999, 0.08895290847881501
-0.40610411079606, -0.18081643773856, 1.7900620913761656, -0.42354188482337, -0.3998317925243, 0.13579659945674
-0.53798005767548, -0.18062705101195, 2.0501156277063135, -0.33042056231851, -0.11749427140171, 0.17884190961789
-0.40465047419305, -0.200935560164, 2.0958342684699955, -0.39911766468945, -0.3194003832014, 0.13094967201568
-0.37031742458105, -0.2245666916976, 2.05034400075757, -0.40281940653407, -0.37973133302874, 0.09736597119606501
-0.40673779172744, -0.23031472053731, 2.228581091593284, -0.39236169590256, -0.34783737162031, 0.099062917790631
-0.30859534019662, -0.17170066179654, 1.999831562775656, -0.42181295359309, -0.45968589441046, 0.11979951745721
-0.43125663134102, -0.15956943864981, 2.335930864558155, -0.47796194275422, -0.52933307698939, 0.11424980455638
-0.3829938314665, 0.031483384187785, 1.905017954146305, -0.74365214726296, -0.72320726501324, 0.5502411909821
-0.63006191600694, 0.11941224984421, 1.8565945251210871, -0.47610943618729, -0.46373693320713, 0.3368686987818
-0.70889728047294, 0.27479382618226, 1.6888057024144334, -0.12489084400789, -0.22540105824238, 0.39178369273085
-0.92524523607659, 0.34381599838016, 1.6338550139245949, -0.12329131980481, -0.44694621099878, 0.48720510048053
-0.89316437632035, 0.2794171613915, 2.0912213971273457, -0.21454589704834, -0.017443377408062, 0.36618033423569
-0.84522732206241, 0.2216536813185, 2.030254410813211, -0.30810891420063, 0.17036012815478, 0.27751413028105
-0.75160862171845, 0.17616385920191, 2.2676710855160103, -0.2921253253812, -0.02433923996804, 0.27560841261344
-0.71644061789896, 0.11448573655957, 2.1569436757079377, -0.30087944953415, -0.34027163715689, 0.25853770296596
-0.67776048343636, -0.0072149359374358, 2.1071554399752794, -0.2363870469311, -0.67582193825625, 0.26913388704236
-0.42921204146785, -0.16101054549651, 1.3975681667138522, -0.27978646927803, -1.0576563747649006, 0.40625741671852
-0.37274122713243, -0.19744130843088, 0.93070451170526, -0.2414061518362, -1.175026155813152, 0.32714751347173
-0.30538616699169, -0.22087578085887, 0.85963080627951, -0.2724363146842, -1.0526773146622268, 0.29334874431599
-0.36268397382804, -0.23157619160037, 1.5578079806509897, -0.26415675177019, -0.94789918619723, 0.2588082586798
-0.62375924616333, -0.22012574566741, 1.9797399042741934, -0.32276600890408, -0.85091429508774, 0.2706003907841
-0.36511462500297, -0.20622038032273, 1.0861839664608421, -0.33710357069567, -0.77947707488302, 0.25146692317811
-0.64057915534402, -0.20777314560564, 0.92834881903164, -0.31197413723103, -0.67313983261664, 0.24715214787663
-0.47662352490213, -0.22416565620543, 1.2491494905655973, -0.30304495709756, -0.76681602369113, 0.23757881030229
-0.40725171779673, -0.27038221702008, 1.4352088142877433, -0.31740208647839, -0.7851131574215799, 0.18640003575572
-0.44324337887138, -0.21375659883855, 1.3892961417037024, -0.29071985361746, -0.76027212723972, 0.17701739801322
-0.45457746413356, -0.18037557637667, 1.5429901706402436, -0.30542050789254, -0.7367447776115, 0.12816201239646
-0.39105197842031, -0.16824553840333, 1.3343014512906723, -0.37452287203692, -0.57795104573901, 0.15645477295057
-0.41240116952153, -0.17495470902322, 1.1129012500388105, -0.44776581672489, -0.63485485096373, 0.15019930976944
-0.31739459688525, -0.20831014796854, 1.4809989014950347, -0.40237198406552, -0.63295133298402, 0.11429999878211
-0.13886863045503, -0.1630503777539, 2.1559798728572104, -0.39588047798687, -0.51289906595971, -0.0071730015928967
-0.07825798367559801, -0.10844076203296, 2.9992418885710714, -0.4786997577904, -0.92434688783131, -0.10788716135945
0.66180710557269, -0.33785962166949, 2.507572617876825, -0.37236093143577, -0.29276262311466, 0.025222747335566002
1.012319962402852, -0.23770156288411, 1.8450952931203244, -0.37402503008993, 0.06473562728117101, 0.09976845322512601
0.71933911778779, -0.20920525251476, 2.9538650625133114, -0.28277426369408, -0.46658448484873, -0.065505188460989
0.5369663611968, -0.17426854064445, 3.093721157392984, -0.20333005845923, -0.75244866617759, -0.15551917372316
0.0010141698451096, -0.19606599808316, 3.7049421364227504, -0.52511879303738, -0.70634920641009, -0.19235904120268
-0.28082958945551, -0.23979938235197, 2.6218398035990975, -0.72764928883442, -0.24494660534641, -0.19585423428988
-0.29785804220797, -0.31625179279489, 3.046909790204855, -0.79462844469235, 0.14991526371794, -0.23306977221552
-0.45434602988952, -0.27735528420617, 4.016602922940668, -0.95534190875303, -0.14737093624275, -0.30285442206063
-0.54158538764636, -0.24647020751112, 3.8119941852517054, -1.0479143014611159, 0.31697564032554, -0.28304203818706
-0.72530489441195, -0.31711991730097, 2.50851482258596, -0.87051561171407, 0.70357172903887, -0.19626607898295
-0.78496155859623, -0.22388169827298, 2.6318438190290867, -0.85304624804745, 0.40212904416609, -0.072024260358183
-0.81404365364864, -0.11901745292921, 2.29016734010064, -0.78948976114708, 0.43884784516975, -0.016615865157261
-0.92034551372246, -0.12376581829941, 2.326563981601871, -0.75735620784417, 0.31661451123741, -0.017758527036621
-0.83371340424604, -0.18944206575089, 2.2972120942051815, -0.72692424202399, 0.15026211860449, -0.029106450165834002
-0.7888909412697, -0.20117437387756, 2.3876493466064015, -0.80311544004999, 0.21769872354055, -0.020226839610235
-0.76018335339591, -0.2224386132797, 2.601774585574023, -0.68069197444896, 0.018106854604229002, 0.053467732054093005
-0.6791178170774, -0.15591480610024, 2.2584405675923174, -0.64562655455218, -0.0051575906370945, 0.12098582261337
-0.74272107956529, -0.14850241243197, 1.7977178577705382, -0.69112596926442, -0.12012029581357, 0.13916988812165
-0.78402295296948, -0.14110794647778999, 2.107272919328691, -0.66356915225844, -0.09756221711877401, 0.20048023518537
-0.79219625508936, -0.10037001168579, 2.0322017509052115, -0.68986299081788, 0.017314763742785, 0.12219417614981
-0.91837337251238, -0.056852740047006, 2.4197535797913443, -0.71291780665116, 0.0046920373838813, 0.06884503827792901
-0.88022611615507, 0.051691478149916, 2.69052009308865, -0.63547508723939, -0.044606482464973, 0.087763684558812
-1.0524838120597981, 0.077911275420409, 2.688909128220189, -0.75478487120447, -0.073333023747099, 0.07599932999211201
-1.0090461019801693, 0.034582615580487, 2.2950205336503684, -0.77844734036159, -0.24081519212223, 0.058146001536792
-0.87776295631841, 0.015467511924132002, 2.4985317645152687, -0.73109327416655, -0.31033148395422, 0.05896305813686101
-0.84497602211689, 0.08083329132745701, 2.1626059205051016, -0.71735360926052, -0.31982993950581, 0.054389266538166
-0.90776535789365, 0.021743411814616, 2.4032027136591076, -0.70483799318989, -0.30396729841373, 0.09609630657668601
-0.97052776496903, 0.025901314584512003, 2.558223811021679, -0.47457273240129, -0.55143741428012, 0.017410569724845
-0.97866161942089, 0.11848280028264, 2.4365525627067943, -0.29150655323143, -0.81163675940475, -0.12382784015104
-0.7104076938364, 0.10539203459087, 2.2074892532892436, -0.31056942412156, -0.77699743736619, -0.076133611180385
-0.7470450147918, 0.098440022949404, 2.009244267699139, -0.296020089667, -0.62128030425959, 0.028866332280456004
-0.67306836611333, 0.08884981871514801, 2.155063084294819, -0.35541047953718, -0.51540025255754, 0.033771490120948
-0.65756925087203, 0.055894416891166004, 2.583750720561106, -0.43776133260566, -0.46487542024657, 0.0079919562964582
-0.51202420061541, 0.043616004058345, 2.5487548641554536, -0.43811823554108, -0.35871503421695, 0.018895640587025
-0.51707943964883, 0.040072209679007, 2.260966181909629, -0.45640962185576, -0.34092113016304, 0.045782610907764004
-0.5316296576162, 0.014846774149523002, 2.0898883309341, -0.50953521827892, -0.314075039953, 0.062619214010894
-0.53175053434416, 0.0073996364846662995, 1.9636776646536893, -0.50852204350455, -0.53525601683511, 0.16985845924863
-0.55293380208686, 0.024944884947341, 1.6563552122238736, -0.43232146612482, -0.53327630532327, 0.15741922143364
-0.68837279312483, 0.0038183712146507, 1.8789682594055224, -0.41660804026346, -0.28224564896495, 0.12885501913526
-0.56772012263623, -0.016213134506990003, 1.7706658502477683, -0.52313376486414, -0.38566066279018, 0.17097635915871
-0.57194303385822, -0.06329167091030201, 1.6225749306313755, -0.56737731925225, -0.43879233384763, 0.12707074288007
-0.51547765883882, -0.052863725127519, 1.6311933178581173, -0.45404247128835, -0.28141269321359, 0.13405003844694
-0.51807023484808, -0.039581274362154, 1.3491395857215716, -0.46512106681631, -0.25633969009729, 0.10193621822365
-0.54256675552737, -0.059373611283749, 1.39186227981237, -0.48391892532607, -0.23345448651834, 0.14474557253937
-0.57030286057067, -0.05871277518298901, 1.278774610775267, -0.48021662130022, -0.16476860106083, 0.13611576085674
-0.55486181894036, -0.067063042837782, 1.445147738445118, -0.48888011757816, -0.20434185097429, 0.15844624884181
-0.53375173760684, -0.042584089249172, 1.5599389547660887, -0.43851815707894, -0.21105328552863, 0.1810815328077
-0.52167796071764, -0.0071448458816319, 1.516792189791631, -0.41690117140389, -0.1475427318917, 0.16478039718412
-0.54258468633426, -0.035726389892136, 1.581731855804852, -0.42697437568954, -0.18161674132061, 0.15459317829115
-0.51938017679359, -0.045320451874674005, 1.500346454500904, -0.44087371447286, -0.17846872083355, 0.13744289645922
-0.5308108285632, -0.06042488105870301, 1.499480612635424, -0.44349526676999, -0.19895301001403, 0.12947287933056
-0.54082228191426, -0.06041890976284801, 1.5491117706757882, -0.44941354434223, -0.21552464095963, 0.13078538988692
-0.52263803002791, -0.05877936106617, 1.5410898325330753, -0.4515930723475, -0.19006534949753, 0.12695556417559
-0.56144335030259, -0.060146491988669004, 1.6826476627074696, -0.4492497644853, -0.19823484717735, 0.13224911390931
-0.58001613352484, -0.063666773051244, 1.6887001544917317, -0.46036351458816, -0.14541071481677, 0.13166994458601
-0.54352578249624, -0.058425390947055005, 1.5743030269979006, -0.45397163290211, -0.18041892727903, 0.14095152802387
-0.61060924256217, -0.042759495143695, 1.643110648284307, -0.43805854464075, -0.11229963708033, 0.15275812867108
-0.6517127347407, -0.043828141961332, 1.8181245869483376, -0.43166299314266, -0.02572285335248, 0.15687498490357
-0.55507005955992, -0.025602224823182, 1.7066517975046898, -0.41960757227861, -0.07569770720552, 0.15177307731556
-0.52851420631961, -0.051073056830445, 1.5910603957834888, -0.42647639812345, -0.13904935829111, 0.13663156540765
-0.49915020136856, -0.061006248852858005, 1.5171639965135395, -0.446142545531, -0.13345330809971, 0.16391801706725
-0.46789795919639, -0.075757520704433, 1.4250829915235264, -0.43362014403063, -0.16409418788913, 0.17033046451753
-0.47487316474275, -0.061035271457483005, 1.4452507977797646, -0.40063997588688, -0.15413437918135, 0.16954332251413
-0.52801013039224, -0.064730076684197, 1.5212433341391163, -0.39896806874159, -0.1166867372922, 0.16743215882903
-0.53597188852888, -0.058392029595965005, 1.4489226821240255, -0.39323177870214, -0.052413654819202, 0.15542377429833
-0.58586331026152, -0.07152821111421401, 1.578208493809743, -0.39498268802025, -0.025090859261208003, 0.15867152464713
-0.57256305702174, -0.082809974558081, 1.5707176405560153, -0.41141164726794, -0.056981442271056004, 0.1539109852892
-0.599461197539, -0.091644737250584, 1.650652037495338, -0.41543712896801, -0.08762410262886801, 0.14049113684757
-0.71849750440809, -0.077028161104968, 1.8885837080835155, -0.41688929353503, -0.06997141860832, 0.16705131805461
-0.59005121123761, -0.06489939673545, 1.591907353407097, -0.41253928795822, -0.13057514429456, 0.16135642753728
-0.5205262540346, -0.07108913365991501, 1.4766752345495058, -0.39584645430873, -0.15763661876722, 0.16503878443344
-0.55609023692024, -0.07313540771320301, 1.484959926793123, -0.39106046497879, -0.14809423908882, 0.19576159850554
-0.57183634325302, -0.07366644554793701, 1.479496776008677, -0.37504780866683, -0.12487128358218, 0.18685866178961
-0.60086080644411, -0.08986536347097501, 1.5850181347819225, -0.3818956241815, -0.15119977953781, 0.17118034244822
-0.72358484237216, -0.068645323054903, 1.8060548819330542, -0.39969317313298, -0.20137667294269, 0.24743099295486
-0.61589711835271, -0.066297128683688, 1.4924861590648673, -0.36623765908883, -0.2012246167141, 0.22456355351076
-0.57417374672574, -0.07728297090088501, 1.5173007337878228, -0.35874485236346, -0.18343746644555, 0.21293999643605
-0.55978409638269, -0.073050481213163, 1.48837191564962, -0.33085470418283, -0.16224837770587, 0.19673180646631
-0.59804670150716, -0.053052243636196005, 1.5743934770167072, -0.31647256255132, -0.11023823688575, 0.1789426323872
-0.5697147777506, -0.10705971214303, 1.5822568899165357, -0.38003120104202, -0.13058966408661, 0.15916513726106
-0.55553698371655, -0.081420627095211, 1.4874589526830602, -0.37218803344186, -0.13971697345777, 0.15555072687929
-0.60292976258986, -0.08274845869651601, 1.533475751403934, -0.35566520070624, -0.14077286585442, 0.16078943818927
-0.62431236381426, -0.07624907776836701, 1.5365292356033415, -0.37016924117635, -0.12116870417278, 0.17775930912406
-0.65929411203235, -0.07419184768310401, 1.611782826174115, -0.35111896076667, -0.06218673716529201, 0.15893322233408
-0.62446767633313, -0.07594610223039301, 1.5864053928904889, -0.36064614057318, -0.048830720427017006, 0.14673132447442
-0.55798945905862, -0.08050712967182601, 1.5683587884494474, -0.39962312344316, -0.07601382677120501, 0.16244809966896
-0.56550187210192, -0.10818219020717, 1.6235282710601204, -0.43243958129313, -0.062942466457563, 0.18260611585061
-0.60948605734114, -0.090584478711994, 1.7234820832124564, -0.40197785620777, -0.06138553507079401, 0.14811901163948
-0.59440908373493, -0.07916499899809801, 1.6267949562008357, -0.38048858254892, -0.047276907537607, 0.17853050963302
-0.56652590167116, -0.075777669854085, 1.524477816561345, -0.37073607457342, -0.098526505689821, 0.17955764206068
-0.48917139886999, -0.08501531106794301, 1.4135214556646143, -0.38194560539387, -0.1786631427743, 0.19398986080129
-0.47686549406944, -0.089025680776374, 1.3811813818011263, -0.39511640068603, -0.1299948561559, 0.17230527707834
-0.53119728835492, -0.07763462669722401, 1.4859195167038397, -0.37770195820343, -0.11249550545138, 0.184982195951
-0.53764953506128, -0.07116672311762401, 1.5320563654505162, -0.38803549891583, -0.10644518455125, 0.16722206471228
-0.5491729404772699, -0.083353568211306, 1.5749377780929361, -0.38477368295309, -0.099321388650784, 0.16116099835542
-0.59228750688435, -0.081618117839326, 1.7053505841096523, -0.39614782103162, -0.093716013434403, 0.17548988093987
-0.52342135252247, -0.08226252684549, 1.5638569157626347, -0.39894446501536, -0.10761141456539, 0.16005216883314
-0.55910212835093, -0.076708018123259, 1.5645052349153086, -0.39261494189196, -0.096723889258153, 0.17985055691708
-0.57280668783383, -0.08542786090309401, 1.504910221129605, -0.42414145340828, -0.088961148616595, 0.18356111164685
-0.60147695369602, -0.06926595352292, 1.6335402431416872, -0.39657941993364, -0.057796565596293, 0.15630968742236
-0.61211432224145, -0.048636463587877, 1.673810305864727, -0.39535033301658, -0.070139926984443, 0.19094792370868
-0.61625540520803, -0.017694314497209002, 1.878807161571132, -0.41363326937843, -0.054970123175007005, 0.15353727791333
-0.50381525251905, -0.018916671810512, 1.6146744914929427, -0.4305554565683, -0.09705011748592601, 0.16251397566915
-0.69635677461629, 0.06161352189639201, 1.8137603722496942, -0.49672050394676, -0.18373880227358, 0.1997643789809
-0.70188381336984, 0.044824384693137, 1.3210533803849422, -0.49312570787066, -0.016510313257197002, 0.16143430344506
-0.87386102825222, 0.012167530780308002, 0.97597029931063, -0.40013001850815, -0.050518611673880005, 0.19592417109579
-0.85138831843367, -0.020781432835243002, 1.7420228696224802, -0.47131652875343, 0.06534586024934101, 0.13460101123789
-0.81116341014357, -0.0098088278153626, 1.8141096946399782, -0.36288672973485, -0.022358657350882, 0.13709862867655
-1.0566685117685797, 0.020625880978124, 2.5238405226734058, -0.37854539731744, -0.11613798704162, 0.079786804364965
-1.0510827431048106, 0.052913668188817, 2.5330291935868847, -0.33202151549782, -0.10876821087836, 0.12249685487899
-0.81756846571273, 0.11900550834229, 2.1623039195559506, -0.29194841079914, -0.062869751001375, 0.09974284676471501
-0.98248260212594, 0.09228531130244201, 2.1332510469570645, -0.19455141090672, -0.19411786949235, 0.110945958569
-0.90586235798947, 0.17364936967885, 2.680124547920118, -0.31638256863533, -0.21173185547392, 0.10292437179802
-0.74302249188388, 0.14535343695638, 1.9710373449368648, -0.35229069152031, -0.27941124785476, 0.11897284119208
-0.68666364253887, 0.14317763125355, 1.906791836542388, -0.24966781059548, -0.33805614685727, 0.15455185687606
-0.69045280025947, 0.14986917384302, 1.579220398343274, -0.26224006120728, -0.31898734551082, 0.21349873890117
-0.79278450657685, 0.13318073734619, 2.01776682151056, -0.23488040393492, -0.31938718549906, 0.23245000843546
-0.64884157846946, 0.12491464759199, 1.5110085985210415, -0.24900525399363, -0.42081683254277, 0.2373639026616
-0.78622592028609, 0.10893892678402, 1.8356900659065947, -0.32100902249162, -0.38035214238544, 0.23287350631452
-0.78498284111896, 0.05290753744189201, 1.9359794845959233, -0.42421846906267, -0.27764840374808, 0.14707137939375
-0.7288424624032, 0.027756878905865003, 1.3896199278960064, -0.40050958105757, -0.18879100774123, 0.1471280289394
-0.66160283787356, -0.002927986532416, 1.5338263049366532, -0.34498046171365, -0.33178907289916, 0.1443330046786
-0.42792676438789, -0.088890747910691, 1.5733421433036372, -0.33989098058322, -0.29644795006707, 0.17891540176446
-0.36527807255656, -0.11568204164072, 1.6592000296390228, -0.35843796673207, -0.26600987611973, 0.13198856244458
-0.392547344528, -0.08201874180915, 1.7724281845194045, -0.3759236402501, -0.30032359497823, 0.16967946081139
-0.36813489716949, -0.12567198699698, 1.5632172140771436, -0.40304872447263, -0.37076080081068, 0.1371569094807
-0.31762803771603, -0.1235094382323, 1.5269517468856821, -0.36952258587322, -0.40092900261935, 0.1319378891031
-0.34691772480618, -0.10142541765306, 1.4803789357710753, -0.32179866902532, -0.35328111917051, 0.13822843929595
-0.40929446217033, -0.11899692220181, 1.6143817177234896, -0.38471143319541, -0.30329731083936, 0.12001465178762
-0.38047721602759, -0.1351863231209, 1.5845477411465798, -0.41318363403986, -0.32994516578037, 0.13376349525975
-0.40279411720872, -0.12878870245056, 1.5748400190386134, -0.41933721097267, -0.36955067417479, 0.13879758433995
-0.42907224375117, -0.10891645614077, 1.7725717799840088, -0.46308265422812, -0.44502117471747, 0.17436933363587
-0.4343137442495, -0.16159766852793, 1.4949631600222826, -0.41522690491591, -0.24490822926536, 0.094433933563989
-0.44976370001383, -0.12632844374759, 1.335781949356703, -0.35129651179001997, -0.17885306589113, 0.11047105040259
-0.3335114965813, -0.14682843639581, 0.9446230030959, -0.39963795741462, -0.29376408810857, 0.1324209588452
-0.4296257768649, -0.13310560702971, 0.7459279241780999, -0.3686524208735, -0.17518614295308, 0.14467787432943
-0.43931397321635, -0.12928422152807, 0.44101237191766, -0.34695075293765, -0.13875998227684, 0.1753694316111
-0.39276170032739, -0.088680163003855, -0.035209829536007, -0.29598670607289, -0.1087941370185, 0.18624798192168
-0.45032290372428, -0.072250615433149, -0.55729437548362, -0.20331315542083, -0.26552665245062, 0.25870461056537
-0.15606864137056, -0.035112018793287, -0.40139435534294, -0.16644413954634, -0.54041325025668, 0.20943147258795
-0.23308108532158, -0.075792173814308, 0.07492528093282401, -0.17450182308934, -0.45113034287883, 0.15992822841823
-0.16262496024145, -0.08984852912600201, 0.35103394358967, -0.19095327427547, -0.30452805259078, 0.15566034916793
-0.23271752597624, -0.10742724713716, 0.29921132991599, -0.20934966707774, -0.35452816666796, 0.14487848179794
-0.26142511685527, -0.11271015973649, 0.32524106594005, -0.20889771392292, -0.35809812669353, 0.14586260301842
-0.26525044658198, -0.12046574900119, 0.41673255713206, -0.22928689756918, -0.39026716844594, 0.14746305035474
-0.26447611859924, -0.1217986991187, 0.63405340615358, -0.23331897436251, -0.39317986484247, 0.127319982395
-0.3689089111623, -0.14681886358713, 0.88634486505204, -0.27005223202673, -0.28280517079094, 0.12353104323154
-0.66207042484388, -0.1427187746741, 1.4764312261668688, -0.29139074668796, -0.16612000040953, 0.13435072337935
-1.183975878695202, -0.14871373820205, 2.6462592669467955, -0.47905280689368, -0.33456417335943, 0.028305986292829002
-1.1248309475981766, -0.15568815122098, 3.0243144540657854, -0.53993949171895, -0.39741667466723, 0.081397195913227
-0.55959467008806, -0.10507512863666, 1.4858242898743077, -0.39571719426002, -0.056374280894794, 0.18779857735491
-1.0165076671718862, -0.13331050776776, 0.21060546789973, -0.27595754569329, 0.21768143445535, 0.21962548632972
-0.91857791767303, -0.12676940731337, 2.2463424642665926, -0.45564532106225, -0.14579372725062, 0.08688196548089701
-0.87431390076112, -0.15302002857826, 3.1628449632815254, -0.54352752285409, -0.19078116110789, 0.081788019681392
-0.55366343325366, -0.10449000042313, 1.9407767841683576, -0.40483189976927, -0.054795618151821004, 0.12643731713226
-0.65238973155726, -0.14650109573643, -0.038060461693847004, -0.34351685088856, 0.07266065647094101, 0.16933428560786
-0.66948222780356, -0.11016884354641, 0.76266383231589, -0.32093157202168, -0.011365701878614002, 0.20232018480692
-0.56878794954629, -0.1083927545208, 0.79106880923106, -0.29324866877793, -0.11193960811216, 0.20310752726809
-0.50312225145302, -0.08848906518459901, 0.43237006656663, -0.2562790057515, -0.12123234912762999, 0.19218688672362
-0.44817582338343, -0.09726610938130001, 0.55222792346992, -0.27076348266409, -0.1261410702118, 0.20387839633835
-0.23822568157693, -0.090640113111232, 0.60284138389565, -0.17392108353853, -0.39137068566598, 0.13972998986789
-0.29832935292416, -0.06973686971831901, 0.8285769661269899, -0.17359999606926, -0.57861774386294, 0.09656767977342001
-0.22640051218242, -0.07176334150090001, 0.90209977260339, -0.2021465612828, -0.44340891504976, 0.13277235179082
-0.23273837166552, -0.07982836933524001, 0.75327112191002, -0.22336833327027, -0.40636745104414, 0.14885510513173
-0.25861462237843, -0.09644036489969701, 0.77523009311445, -0.23275012871921, -0.3841769472308, 0.15405884545468
-0.26155234627543, -0.092182908760225, 0.78414175828997, -0.23544981038466, -0.3863024044782, 0.1805527299834
-0.2872873773726, -0.09429913720710201, 0.691041847798, -0.20182129599832999, -0.45705515948849, 0.18165415368861
-0.26811152880764, -0.099788931684764, 0.75151585143431, -0.20543113296799, -0.48736145320738, 0.21076963981455
-0.24202653696283, -0.10428740920227, 0.5777379783361, -0.23241637477874, -0.45872333117717, 0.19382740655695
-0.30974004171473, -0.10187262151489, 0.75739829764588, -0.22154091318541, -0.38138040453635, 0.2072338218142
-0.32010762902302, -0.090205871213639, 0.7705842336076, -0.22550752476543, -0.39319529121133, 0.20635449633598
-0.30258200257815, -0.10153599855206, 0.67176927392601, -0.23624146580485, -0.42747260813542, 0.21352459658264
-0.30016500726622, -0.08740452235148001, 0.70337292387668, -0.22086839757508, -0.42432136844106, 0.21261229339459
-0.27665488139136, -0.065778929557105, 0.70121252510347, -0.20475057834574, -0.42923895679776, 0.22180340662783
-0.30655342467589, -0.04814939389539501, 0.67448054533756, -0.17746681544128, -0.39147529845287, 0.21677892873919
-0.30252825822395, -0.062958953333159, 0.68550662524963, -0.19928806258992, -0.39645539145802, 0.22742543096705
-0.28687805655114, -0.0659543241849, 0.70682616777898, -0.20110553451211, -0.35210829072339, 0.21615932387741
-0.31894689901248, -0.075658638217814, 0.75646164314026, -0.20853994022211, -0.35403131831891, 0.20972823611914
-0.24766571366203, -0.09483102952490001, 0.67736995136167, -0.21713394519245, -0.39662981356271, 0.20630875008718
-0.24257063004777, -0.09513263702812401, 0.66752494841676, -0.23704280801521, -0.38530530256585, 0.1564440152722
-0.20769656505467, -0.08773567886382601, 0.66559958907791, -0.22293453442863, -0.36785575949388, 0.17083889714327
-0.23447688968444, -0.08770493920962101, 0.75478517264075, -0.22415245769854, -0.3915274477097, 0.16671595856514
-0.25451034721828, -0.086092893249923, 0.74198772589325, -0.22982413337723, -0.35209036203108, 0.16586026648029
-0.32067340608392, -0.077830761949151, 0.80711694885101, -0.20147125376404, -0.33755865484575, 0.17174926381044
-0.26416792815175, -0.070889701124849, 0.77147926301115, -0.24498164687172, -0.4004383691575, 0.12662274629232
-0.23202157526306, -0.04840389341787701, 0.85013515894608, -0.28251588471045, -0.42360425452683, 0.062379296584004006
-0.20088416161699, -0.053836662737248006, 0.79380290655842, -0.28929152234581, -0.40581258805305, 0.07225853413390501
-0.24813436628592, -0.055049178699646005, 0.8218457323905, -0.32486642930148, -0.31344151168634, 0.06755010717382001
-0.3236019789277, -0.10253096869346, 0.79328742486404, -0.32215398516437, -0.27681352582237, 0.08249752184104
-0.322844112209, -0.08499794334777201, 0.86814960064072, -0.29446148450684, -0.30979469092614, 0.11120073079591
-0.33149168675659, -0.06844808531440101, 0.89926651044201, -0.29160618520265, -0.29570512245203, 0.12484409081916
-0.27414858021632, -0.085699819563032, 0.78706767172825, -0.29359376119279, -0.33936552582781, 0.1307882058346
-0.27723466679717, -0.09034428862129301, 0.74761226332204, -0.30450716436076, -0.33914572530858, 0.12604965372518
-0.31917032613, -0.090175128083383, 0.81960032473222, -0.29602671958784, -0.30079684184873, 0.13212401289985
-0.2863191573959, -0.09227002745604601, 0.80814409115857, -0.28828931069032, -0.33623156783797, 0.13831221460223
-0.28357651437933, -0.089725263165633, 0.83724044367998, -0.29672029766924, -0.36378549693374, 0.1346494894084
-0.25900409517434, -0.091628891903339, 0.82941320444998, -0.28083816611043, -0.35300609473246, 0.13944409242299
-0.30496328684517, -0.10040413486252, 0.9513480764532, -0.28634706794487, -0.3370225850464, 0.14016623610284
-0.32192332680031, -0.10193880514914, 0.88418265312112, -0.28806397866247, -0.32898839966652, 0.14245893575683
-0.30514011766539, -0.09576059215412401, 0.88900022872066, -0.27960566867082, -0.32403529492014, 0.15449315415234
-0.31401662665746, -0.10200783845058, 0.98158994911927, -0.28654263033255, -0.3304263098177, 0.15385338978622
-0.29620255555528, -0.095218086116232, 0.8379259050929, -0.29348871705133, -0.35461161455216, 0.15470234375555
-0.34090365424099, -0.088700364946813, 0.92639247245806, -0.29132854645576, -0.32800665676713, 0.15613909395995
-0.31963550241318, -0.09462906040667801, 0.89049535881137, -0.29364757949856, -0.29800156268454, 0.14920170898238
-0.33663735425878, -0.09462132870888, 0.88640976385071, -0.28585364535313, -0.30205358261819, 0.15639011341175
-0.33885438265147, -0.091931578641174, 0.90203598386399, -0.2884231149592, -0.32231570643378, 0.1578457328186
-0.2935778477417, -0.10051905822619, 0.97947263895785, -0.30056982078355, -0.31199042641309, 0.15686515812146
-0.26136467921477, -0.097328844306618, 0.901920040254, -0.2719304904449, -0.31366693468123, 0.162321158047
-0.30703716141759, -0.091320715612309, 0.94486109946144, -0.30501848224349, -0.29719072312507, 0.17156606299585
-0.28878795119921, -0.083969348528779, 0.8938088444033, -0.28225469687255, -0.29249504839319, 0.17256069460503
-0.310924715803, -0.081889410426581, 0.9089550453608, -0.27373717400637, -0.30158704824626, 0.17424862208954
-0.33291868938759, -0.090560108175293, 0.92577722762245, -0.28810693573954, -0.3239131217706, 0.17596908190253
-0.36221050576663, -0.07222443760696401, 0.98438155126834, -0.309746356927, -0.31157982965467, 0.16764992883636
-0.34104988895866, -0.09915599296644001, 0.90181299615712, -0.38362330788441, -0.31181079794952, 0.14935082789936
-0.31127464104419, -0.10474528202333, 0.92396302270772, -0.40096712111787, -0.32515816907955, 0.1485933423805
-0.2333101722734, -0.09714625477859501, 0.74875620846588, -0.36304579158239, -0.36993615517205, 0.15552594712283
-0.27086355742838, -0.06693750903756801, 0.64732699308155, -0.32285448663597, -0.37727707917438, 0.156448848792
-0.29448581605684, -0.050799411610829, 0.6967811316682, -0.32480447703511, -0.37372905212592, 0.14744337092317
-0.30828732796466, -0.049014954290376, 0.70782929036449, -0.29269144609573, -0.32342080864722, 0.16478187424273
-0.52843419579451, -0.05774035159860601, 1.1949339593814443, -0.30801780449442, -0.21609547278115, 0.21714636567095
-0.56920997627733, -0.06255645266807701, 1.2418142292548033, -0.31301244282289, -0.2079351110149, 0.24150179492067
-0.41525853956444, -0.07304725140012401, 1.0536579256064564, -0.30431979039333, -0.39063985996028, 0.26131084767487
-0.377620153665, -0.061748451524313006, 1.103853277970915, -0.31668330026699, -0.44715661019118, 0.24175643547831
-0.28154574443806, -0.10727724490517, 0.94337642136363, -0.36035547568801, -0.51913012076009, 0.20007759755281
-0.27523146910413, -0.14845425468738999, 0.92089688027519, -0.39390561198963, -0.53747821824747, 0.21615682913479
-0.32264280860273, -0.11578936489392, 0.98499667119536, -0.39500586793482, -0.45523796062454, 0.19986487356867
-0.36864827570308, -0.10767198794612, 0.93221569020025, -0.39066779199684, -0.4316691476073, 0.20726511952675
-0.37470763096585, -0.10934834337972, 0.97004541954647, -0.38254960282537, -0.44153065500622, 0.20822043952503
-0.34865774966648, -0.1110455640178, 0.90471130283495, -0.40304230685538, -0.45900413368936, 0.20822710007385
-0.34797731660281, -0.12697951021347, 0.87373248572271, -0.39476662007443, -0.43256782024441, 0.20943402127015
-0.36759467918975, -0.10350011011416, 0.99628538138276, -0.38516006962261, -0.41256062929185, 0.20071629193283
-0.40256410192781, -0.09797216784680601, 0.94707794589168, -0.38172830727647, -0.38801889044626, 0.2004294024695
-0.39907532207582, -0.095583745649712, 1.0181021783891246, -0.36993518360365, -0.40974655596411, 0.20479831986886
-0.3112565144393, -0.09927771500078801, 0.97724155703926, -0.37858378117616, -0.45334780289141, 0.1987246479789
-0.30930526592254, -0.10147435339219, 0.90734658361715, -0.37368582233718, -0.4501776635622, 0.1938899266056
-0.349579631643, -0.11437555426372, 1.0419084182416842, -0.38964512283853, -0.42827267925503, 0.19658211299583
-0.3376112031514, -0.10411374369981, 0.96858234645762, -0.38764186074992, -0.42755573026667, 0.19452406482013
-0.34912523979486, -0.090734138306075, 0.88946496833667, -0.3786620157346, -0.42950254698807, 0.18669537626506
-0.33265978113623, -0.10211411726995, 0.86851052677013, -0.36781276811452, -0.46039063129118, 0.18051021375167
-0.3352370813712, -0.11079195732904, 0.80419717207643, -0.3702060200505, -0.37649451126689, 0.19508605064239
-0.39046338121669, -0.12240049716513, 0.92199326187224, -0.36860961934963, -0.3313488820646, 0.2105585799
-0.31541932068982, -0.13120899773776, 0.73552324179958, -0.4048935050305, -0.36795702938008, 0.19675074217443
-0.33190753611063, -0.13118608744868, 0.71129041534008, -0.37223319027332, -0.4015612837316, 0.19603167909986
-0.37124923987298, -0.10592100109942, 0.88102459985715, -0.34609648369631, -0.38127752456201, 0.21229868725369
-0.37729464484027, -0.10202967164216, 0.90530359307208, -0.36718131977718, -0.36790907813579, 0.20461490615816
-0.33181266279107, -0.12696093479088, 0.8501915644058, -0.36342381791776, -0.41575417389655, 0.21077135601033
-0.31621064449069, -0.13254938610466, 0.82728293136515, -0.37594703790912, -0.43265225416304, 0.20278057731338
-0.32206515206779, -0.12906860911639, 0.8152389911229, -0.36042974962484, -0.42697037426091, 0.20086582428553
-0.36340832498693, -0.12459379246664, 0.83053520656178, -0.36299607691764, -0.43576719301305, 0.19155405316077
-0.30854862717394, -0.11871457998414, 0.7852496375099, -0.33271394553022, -0.46713256321116, 0.19351692471381
-0.35917789185538, -0.08780810043126701, 0.84796727441845, -0.17639050798159, -0.40116774391722, 0.17619803485298
-0.43624489581909, -0.18610601764088, 0.79745075924175, -0.22888260457624, -0.24086662170807, 0.23796449445502
-0.41959862336645, -0.14734335813019, 0.71271535408513, -0.28891012629353, -0.22917157723786, 0.19506254522336
-0.41119120851138, -0.13151091063468, 0.6809766404449, -0.22651849638557, -0.27388355689716, 0.19913524238197
-0.3539669155732, -0.11464503126381, 0.58360237188979, -0.23919957901129, -0.44461486200159, 0.2721400690746
-0.33823843658939, -0.12027716144859, 0.72145638361745, -0.25010227330099, -0.43375446437614, 0.21549348904628
-0.24794539697559, -0.13687384188746, 0.70938291644361, -0.22714238251298, -0.46146594565987, 0.24290608118798
-0.28715976405749, -0.1445147244701, 0.77451362591345, -0.24819626693429, -0.46202909607442, 0.23216594509492
-0.26864588392447, -0.16194041750874, 0.74718585265503, -0.22888994809897, -0.49695129519632, 0.25225681153732
-0.29495784236154, -0.16531491145253, 0.96155786436723, -0.22247596020908, -0.4714207330334, 0.29310603391995
-0.20349728242579, -0.14238080221226, 0.77911048699989, -0.22894582986951, -0.49103601594917, 0.25949289024823
-0.14460191684779, -0.16666281291477, 0.52927228315627, -0.23097738453093, -0.54617530326456, 0.23623159595778
-0.13537716902824, -0.17567762855598, 0.61011438350962, -0.23760886998088, -0.55132540002321, 0.25169377707555
-0.18868395755303, -0.15980977031418, 0.62734080855858, -0.22424445007037, -0.52221766146085, 0.2536327178216
-0.23365321736147, -0.15995586581123, 0.74818732551743, -0.22270607334028, -0.4912595374216, 0.26210655253722
-0.26163867821626, -0.14946453988752, 0.85386979556128, -0.2339931956994, -0.46222111051699, 0.26492893181788
-0.21588118056098, -0.15529991054999, 0.66176587628529, -0.23563001685641, -0.46263408557736, 0.25642489946598
-0.25176541223222, -0.15412097495763, 0.72707554114669, -0.22275882879618, -0.45058747085607, 0.2602396882021
-0.25952222780883, -0.15553034629978, 0.7500957078622, -0.23135511202802, -0.44322412350066, 0.25987946363753
-0.28639450209004, -0.14538269076362, 0.76018658817039, -0.22619889770776, -0.44187659830844, 0.25638979082654
-0.254149021288, -0.15552462967081, 0.7442608382769, -0.23106412700844, -0.46680202122095, 0.25425464674848
-0.26517278155487, -0.14522651559051, 0.72580730521186, -0.24138444766572, -0.45653253077215, 0.25300887316221
-0.29897748481628, -0.14821635494307, 0.70740761224175, -0.23967398555935, -0.39814790036773, 0.26213713362553
-0.3214608661024, -0.13600971085756, 0.75915517592519, -0.21256593464959, -0.40218603665251, 0.26325321663907
-0.2951199254426, -0.13961826449084, 0.71631667522206, -0.21692291963103, -0.40846095897438, 0.24963866021792
-0.2988570587713, -0.13516319279422, 0.70384358103425, -0.20933087032276, -0.41497146668159, 0.25261902481433
-0.26190563368842, -0.15637612496812, 0.76916909877636, -0.23336185892317, -0.45762021785644, 0.2544358627337
-0.24111780188195, -0.15065881671763, 0.73044691695984, -0.23962736355873, -0.42121925002827, 0.24006851341748
-0.30129689396058, -0.16370545603012, 0.81832856313991, -0.22757204358564, -0.48388847770972, 0.20122354329604
-0.28013640142546997, -0.17230607137889, 0.65232276094327, -0.24344431695261, -0.41825241887146, 0.20946846143677
-0.32676128356284, -0.16427619733498, 0.67932800518177, -0.23600232029938, -0.35980132730325, 0.21306798967192
-0.28134868864307, -0.1758543587364, 0.65463871202599, -0.23451104820303, -0.41566994345183, 0.22129763302412
-0.2068043062081, -0.17896674023164, 0.63142017453134, -0.24495422283294, -0.41530112578955, 0.22371068279617
-0.20484832319088, -0.17038636512071, 0.58444255717757, -0.2306115217037, -0.3816556613639, 0.22783765299147
-0.23426927501042, -0.17206626190134, 0.67252938948569, -0.22652146625545, -0.39821155112921, 0.22976959611057
-0.24176273877309, -0.16839604000165, 0.63703789844752, -0.23487293905364, -0.40006808157949, 0.24084658510873
-0.27180855548355, -0.17955539595667, 0.71959023378969, -0.22699477615537, -0.39176931205417, 0.23470569955762
-0.26494137599235, -0.17256865904319, 0.76605059977653, -0.23365013836187, -0.3583249232857, 0.24324731004033
-0.264242412699, -0.16602676536551, 0.67808634769365, -0.23232437956832, -0.37408278624507, 0.24125654481176
-0.26596846215761, -0.17338527712854, 0.74582960592947, -0.2331593315905, -0.39673207101894, 0.24193316214262
-0.27674294311035, -0.16739147354854, 0.76760509508063, -0.23827230398858, -0.39101825209234, 0.23511062613855999
-0.28988426816254, -0.165557731836, 0.75871102819036, -0.21950420733183, -0.38356083804425, 0.2362374471607
-0.29326454317552, -0.16855294081719, 0.81935596212501, -0.2305708336406, -0.39609673486093, 0.23730073546655
-0.26263322104792, -0.16064103972865, 0.74267820152492, -0.23551915749457, -0.39874656622148, 0.22454107869221
-0.28395882747679, -0.16633360124433, 0.80275628237729, -0.22839683154995, -0.40281644225664, 0.23440546611852
-0.26799548353043, -0.16388789749002, 0.79467977647081, -0.24357887045837, -0.38458273119268, 0.23987707989966
-0.28822032494269, -0.14378494693816, 0.7992331874848, -0.24559160234568, -0.4011859003892, 0.22299763814877
-0.35556650810232, -0.092228552327272, 1.0333315001405372, -0.23767677625886, -0.37621633416305, 0.26172451796096
-0.34135269436531, -0.11025922816153, 0.88466392227008, -0.2574796492305, -0.34152426053064, 0.26846218973953
-0.23245167639206, -0.17408011714875, 0.60746538895277, -0.29466262534045, -0.45901468445797, 0.25112067656477
-0.35978152680886, -0.17669007820164, 0.83246617634239, -0.27637287445176, -0.37571575443453, 0.26511060758665
-0.42898620921592, -0.16479360946633, 0.84739949460534, -0.24363343523693, -0.27599392608185, 0.24771238945228
-0.34641801618332, -0.16716122127644, 0.72929804929972, -0.23245087278258, -0.35885706878112, 0.2442032585728
-0.22611928039874, -0.17880692569767, 0.6399755452469, -0.25921153192838, -0.39611003829465, 0.2608291829909
-0.23041952492524, -0.18087089688114, 0.54805591022698, -0.25925250828788, -0.42318657082812, 0.25963602326453
-0.27264149756235, -0.19411489422306, 0.69570743180175, -0.24702989867786, -0.34946326840561, 0.21407874091253
-0.28557748350113, -0.17949697219691, 0.72729201258751, -0.23526094028591, -0.26492773741347, 0.21815729361609
-0.28376866500435, -0.18350267329504, 0.78310299014502, -0.24234878616648, -0.36059532407328, 0.19366704478207
-0.26536329712252, -0.18755953024424, 0.86393009116104, -0.25626403613903, -0.4167589702276, 0.19384826012953
-0.20941804586138, -0.17482497756108, 0.72550615568403, -0.2453902384323, -0.40555231261689, 0.19736236968831
-0.31668968270907, -0.16452182590185, 0.84344696397054, -0.23437776323369, -0.31051955757906, 0.20255606803681
-0.31359869383056, -0.17177583173873, 0.81119677089555, -0.23598823820741, -0.34065473214793, 0.19566828983943
-0.32161038794865, -0.16571842977584, 0.90556053820997, -0.27254005135481, -0.26678938136626, 0.20558976880148
-0.33067842486144, -0.17113439881621, 0.86723169943838, -0.24272046431056, -0.30954915548415, 0.20232460163794
-0.24157802800252, -0.1600166046635, 0.72047310947804, -0.24021791383863, -0.41632059745387, 0.18646993087249
-0.19441994144282, -0.15846725141563, 0.64044704572059, -0.26497322733106, -0.41729605469203, 0.19370839354352
-0.18877608275395, -0.15684328706832, 0.6683613803784, -0.24191127498275, -0.41210226264519, 0.20531025937127
-0.21815593335209, -0.15101587091684, 0.79990241497388, -0.23810426236912, -0.39804259910568, 0.2131184975544
-0.16421113990936, -0.15604417354275, 0.65624151185651, -0.23068455485445, -0.44168316346232, 0.1982593255242
-0.20099180402975, -0.15351116713572, 0.7207094175771, -0.22230958615408, -0.44207597569022, 0.202509613663
-0.19498473079205, -0.15442300290337, 0.65799632756658, -0.22851985175608, -0.43906293992212, 0.19636720758093
-0.22676572878273, -0.15603333170908, 0.78280812443845, -0.21510023501594, -0.42445541491951, 0.1865709018094
-0.21302337558301, -0.15372670845879, 0.69134225592532, -0.23064004506616, -0.43491172216784, 0.19197120290097
-0.21431466077589, -0.14850120318599, 0.66573661649187, -0.20753412297454, -0.42379784698793, 0.20955498442425
-0.1971197213911, -0.14898991685671, 0.62375488614293, -0.21798359020666, -0.42084523352893, 0.21616789431371
-0.21435687140535, -0.15536346850194, 0.62319177631879, -0.214227917295, -0.40167870723214, 0.22329131984539
-0.23566131057392, -0.14879423504189, 0.71926670889435, -0.20760735043522, -0.35911705932781, 0.22219088596129
-0.16412580230431, -0.14361355997964, 0.48944215492077, -0.23249073262187, -0.37680503472571, 0.21601104021151
-0.21446939809418, -0.13355665101138, 0.53309566144858, -0.21313744128944, -0.3223909698768, 0.21242876102069
-0.30234462438968, -0.11405815099628, 0.6500600366745, -0.17063966670438, -0.26050760779108, 0.22432254198844
-0.25236809920932, -0.16352846842261, 0.61793228537827, -0.18753177710257, -0.36411202525977, 0.22438276229952
-0.34768535114345, -0.18345289224041, 0.93982026685444, -0.21813884942214, -0.26733382790022, 0.23133249723523
-0.29159139674071, -0.15512893052054, 0.84037147037498, -0.20922096823669, -0.34228103718327, 0.21143621897873
-0.24146311077067, -0.15612957240287, 0.76001054314244, -0.20463653222961, -0.39402824460555, 0.21547897220912
-0.22279447171669, -0.15453138221275, 0.68305630218403, -0.21595364249979, -0.38344839416862, 0.21719088586646
-0.24498615410246, -0.13902800790888, 0.68147723415072, -0.19260606877555, -0.454380977955, 0.23063609866952
-0.35933934184581, -0.1280099149209, 0.94189971693344, -0.19935115754471, -0.42246646748954, 0.2555292949197
-0.30512645428923, -0.13482262878485, 0.81377314557391, -0.22506560259475, -0.40458880048834, 0.21722337443747
-0.16319827082292, -0.1509657921218, 0.67319521089074, -0.21597436090888, -0.48522790320946, 0.21454829342376
-0.17247924204309, -0.15310510833046, 0.70597382885269, -0.22522179266023, -0.46705240469522, 0.20479128047029
-0.19125640408109, -0.15146717007897, 0.69794466613598, -0.21893683705573, -0.45453107308913, 0.19826906640038
-0.21775409153542, -0.14944811783365, 0.74404192389182, -0.21008820746705, -0.42020622232986, 0.19477943774299
-0.20558626457942, -0.1650220480529, 0.83008996811294, -0.22948112021383, -0.41318612800493, 0.18731908167476
-0.20489686552075, -0.14917870949583, 0.73281920074894, -0.22214233592411, -0.41093756307837, 0.18838874360607
-0.21211444081201, -0.16783722254458, 0.70461691254346, -0.23493495922921, -0.40681646705521, 0.23140980547257
-0.1771723171179, -0.16848504172393, 0.72297428874044, -0.25445565156597, -0.4109787886048, 0.27007421168905
-0.16408388680826, -0.19563305549104, 0.67307050003441, -0.25382179037614, -0.39434969505243, 0.23595624521279
-0.15790587052584, -0.18510220113724, 0.65692431200373, -0.23846504129773, -0.39874795887216, 0.22876914258415
-0.12941636047008, -0.17125751142205, 0.60387280252618, -0.23901562925744, -0.38570823900517, 0.22136593043637
-0.16095001071133, -0.1784109677312, 0.64850883238183, -0.22487055195437, -0.38008628074056, 0.21857644634894
-0.15537818316123, -0.17463185698218, 0.6613195229985, -0.22742399712396, -0.35475561337732, 0.21382231801608
