the brain
0.0, 0.0, 0.0, 0.0, 0.0, 0.0
0.0044897766085354, -0.0056829766031283, 0.046851872396410005, 0.0009241709641569, 0.0072194369566584, -0.0039908326569153
0.038147829746248, -0.0008189976967474, 0.045996795326108, 0.004838978070335, 0.012908567332814001, -0.0010126180307459
0.042460781004321005, -0.0053464081647241, 0.030845216572197003, 0.010392658964921002, -0.01377967940164, 0.0031020813610946
0.0335587123627, -0.0061189795727727, 0.10737551970487, 0.010405850975140001, 0.0017972792570221, -0.0083168447102121
0.021893576596871002, -0.011100089201766, 0.2098747236622, 0.027087931742362, -0.0096476756168514, -0.009664042316395999
0.068477500730452, -0.012157338158111, 0.0094072760552884, 0.015756173814544, -0.033210239887704, -0.0014154555354746999
0.044557432479128, -0.0091187320236425, 0.023158341713293003, 0.0034806103805096, -0.028728669146571004, 0.0019646026846723
0.040053280693215, -0.0091731570063136, 0.07365651193285501, 0.0069298476754234, -0.029849713167361003, -0.0036084669161728
0.048293295411626004, -0.0046160539953957, 0.07078480557497101, 0.018455577435224, -0.031997616698321005, -0.0031839673654549
0.025698731036454002, -0.013779563486115, 0.18795601214555, 0.018476102760323, -0.051594988244134006, -0.0066662431157028
0.05042392629326101, -0.010331010999744001, -0.002635479257904, 0.015706330221121, -0.060471758958453005, -0.0004762283764892
0.031438669309407, -0.0050025832874207, 0.0053471667549611, 0.012347623077194001, -0.056748035316021, 0.0016479776021478
0.043528185660697, -0.0031159172328099, 0.029760070839731003, 0.0031746592664625, -0.046019499863773, 0.0030455968178487
0.046046598806151, 0.0012012154190696, 0.016590404453456, 0.0060081550450261, -0.045106636029697, 0.0078666653017916
0.027204009325273, -0.0040964136719801, 0.08396839260303601, 0.014112047721072002, -0.029818180466604, -0.0011714760768797
0.039445639671752006, -0.0083807874442527, 0.12432789066088, 0.013520716585458002, -0.06280095572789801, -0.010061069748927001
0.061519570503601004, -0.0032864313806602, -0.0009237403120469999, 0.015502524751571002, -0.072442289830034, 0.0026511681624315
0.053027100118743, -0.0016862520825517999, 0.037584562036329004, 0.013389227710970002, -0.06397824240602701, 0.0014732793531601
0.047203508337231005, -0.0048561278158984, 0.035764746373136, 0.016514078582934, -0.047220942828548, 0.0041890842263729
0.052684915980649005, -0.0020782991112711, 0.047861854403365, 0.010214206935013001, -0.056830163179919006, 0.0018849271833826999
0.034860291996996, -0.0069882249939541, 0.10668536967561, 0.0026618388808357, -0.068324978625179, -0.0039989537710442
0.06138331002634401, -0.01449509846233, 0.057772882978463, 0.0092341799139501, -0.09300951142302501, -0.011132646308386
0.048383950353116004, -0.0066043628007579, -0.0090991711761664, 0.028182906002727003, -0.07502966419615001, -0.0065466134016944994
0.056675999703309006, -0.001525885788316, 0.001376869293819, 0.007861323841983, -0.05081707662213401, -0.0027802043982267
0.034779137785813, -0.0042569047798653, -0.025116025720923002, 0.0093891491957326, -0.018945443162603, 0.0012624334645157
0.038147513748405006, -0.0077300239939967, -0.026514660105575003, 0.010107436188984001, -0.030083118076158002, -0.0007614917281973999
0.042155803627112, -0.010946208499380002, 0.041600266080665006, 0.005429385221554, -0.052687019925525005, -0.0076184256137975
0.043437566638842004, -0.0029090502838635, -0.083769372169656, 0.014169039309594001, -0.06098075864490401, -0.0028441722824222
0.035202399065290005, -0.012775627334548002, -0.025276953206374003, 0.013984010480708001, -0.043315151809946, -0.0008352466478705
0.06949677824504501, -0.0080725406875794, 0.000632086286546, 0.017797621105788003, -0.035067194355015, -0.0049893194810287
0.06409346593293301, -0.011457646911708001, -0.0038667099279218, 0.016055711305136, -0.04475760794774301, -0.0055979603173133
0.03465739306511, -0.0081987795481567, 0.084060156642366, 0.024468063302619, -0.037603110983209, -0.0080686379983828
0.018351369503791, -0.015006526070581, 0.21280078381958, 0.025323929668013, -0.034503027950471006, -0.0044856703718236
0.07386784927262201, -0.0047590178707765, 0.0034123165096178, 0.031643471723694, -0.066466285358129, 0.008297460121709
0.050864981026407005, -0.008737966609664, 0.020251610223041002, 0.032059430466116, -0.064429827914934, -7.40061630609e-05
0.061398099476080006, -0.0023567251232686, 0.057262577537083005, 0.025639017424326, -0.051833888654088, -0.0006660444325618
0.056170539175796, -0.001009641844183, 0.053408352681470005, 0.027223422436737, -0.046831172103236, 0.0029429212432169
0.053027904828302004, 0.0006037895583719, 0.054302360903134006, 0.025265428980167003, -0.055960255459537006, -0.0028698633320523
0.051348630887868, -0.0003476024011205, 0.046481511456771006, 0.027375983658552, -0.09441209667514801, -0.0003549276680957
0.069857307421439, -0.0041045533117611, -0.003878818826682, 0.020957414853334, -0.084497652720843, -0.0016351152399197999
0.048542330640044005, -0.0047009094394786, 0.022403995867205, 0.01703945047218, -0.070229531354008, -0.0025874667492622
0.06111608731370401, 0.0020043496410895, 0.043915703449416005, 0.019677795665744003, -0.060609227946938, 0.0024007889088223
0.060038922164079, -0.0030131668187462998, 0.05494276101466301, 0.024160788145591004, -0.062246841343281005, 0.0013037596382712
0.022064774241932, -0.0028112340294262, 0.13897122410252, 0.026762603494513003, -0.066673074591429, -0.0035579689827831998
0.053760225730846004, -0.0014471178681835, 0.014446004503210002, 0.020720869136279, -0.09566760091703501, 0.0025104056269916
0.046385393347336004, -0.0049653640642096, 0.01039402221415, 0.018205944322366, -0.08628291263163901, -0.0002164586441863
0.057761492618378006, -0.0050679011964043, 0.05402786692545301, 0.01344793904428, -0.07122603428240501, 0.0029811652074236
0.052423221985156004, -0.0066102190104726, 0.021336266203314, 0.010316333101960002, -0.052157143123693, 0.0059854113218637
0.031956983634074, -0.017822441625512, 0.059822923330968, 0.0090262026923855, -0.071393428838745, -0.0019769420030756
0.026088614519611003, -0.07832360833674301, 0.077904297788533, -0.028643357282513004, -0.09195357835716801, -0.040344412094602
-0.1339930614943, -0.19172454333998, 0.12086169263579, -0.077805130128203, 0.027940624645228004, -0.061843365863153005
-0.075320209298361, -0.15712222517163, 0.16983292575663, -0.040475070094327006, 0.038536530426982005, -0.050748216845863
0.07618529367691701, -0.12963842606964, -0.15593201408338, -0.031564118831168005, -0.049677476846219, -0.031718617292756004
0.16156128967875, -0.07128511916505201, -0.3985125316582, -0.033974230485701, -0.15175147757283, 0.0035623700983939
0.13707467669871, -0.000206617756152, -0.42720771667489, -0.021053966209076, -0.16456490970122, 0.03858194113603
0.049322114334521, 0.058069702852209006, -0.25756098916999, -0.001187289137429, -0.14187269971556, 0.051115517185312
0.07641551461816, 0.05202173563766901, -0.36875232760137, -0.05714576696373701, -0.11733669809827, 0.049622303300092006
0.08214369584485101, 0.1398758550064, -0.30168610271549, -0.034923920209562004, -0.07385847845611601, 0.031094225906194
0.06869942427399, 0.19091888388985, -0.21738648183627, 0.0018140293701175, -0.079041208955269, 0.029691698873293003
0.070440244911944, 0.17507092668511, -0.16498949711734, -0.0094267376426873, -0.071287422781413, 0.035122209245164
0.04430548507225, 0.12292677652134, -0.029428573382485, -0.024017629965332, -0.07000864094954701, 0.031554928791246
0.060636898362841, 0.06029109452870401, -0.19923637019033, -0.024251113741069003, -0.10103209103541, 0.014576096047665
0.011342708067831001, 0.0068331591976113, -0.086131620045497, 0.014348922298244, -0.09382745594966001, -0.053711904235541
-0.031027078554512002, -0.08898184086089, 0.17460517307864, -0.012817995825784, -0.043179855080992, -0.087598717653548
0.012946121471161, -0.07997560047560301, 0.10170795625229, 0.0026180460013383, -0.058500516485762, -0.10518040032868
0.03897594950289, -0.061390451814799005, 0.042142195411802, 0.055352759031747, -0.088642722947339, -0.08609597291605901
0.070825775892133, -0.040854870507438, -0.10826090333722, 0.07456760351996601, -0.14173963500223, -0.05392992223644601
0.048374294255409005, -0.038174711613343, -0.21064238687487, 0.03607578616963, -0.12347481928804, -0.040531572816452005
0.017045071145435003, -0.048321298981653, -0.13779716564793, 0.022758217346122003, -0.09639631850726901, -0.042822790996116
0.018220176387685, -0.014278341632584, -0.15730502870507, 0.032532505312856, -0.08396151890262901, -0.024192857364268003
0.013245352272218002, 0.027883910357760004, -0.10479937862389, 0.055043462639931005, -0.09332179483288901, 0.0088953956103914
-0.032900028594602004, 0.04679930357978, 0.015558612225509002, 0.051444501869593005, -0.088853468833822, 0.012564727336727002
0.020507340240575003, 0.025083208703217, -0.13751370833664, 0.03847748105318, -0.11747880494153, -0.00047602871722839997
-0.0094183103261352, 0.0054200784582431, -0.12871269728965, 0.023717303189015, -0.09850123666085, -0.0013756903725022
-0.004468957762443, 0.022255901430920003, -0.08300609978039901, 0.034363212592256005, -0.08344298143879601, 0.0071754190019304
-0.0059858875758003, 0.019767310652352002, -0.10328291315621, 0.028929955755574003, -0.06845409149025801, 0.0069453444519569
-0.010688653419055, 0.0042134173733716, -0.09827885522895001, 0.035137069866296, -0.07302510430563401, -0.0046749622450257995
0.0014455471857956, -0.020334910925067, -0.04849642499198, 0.018893929217488, -0.09684521523388001, -0.040392225111821
-0.073438579443176, 0.0055071209056007, -0.13452578691863, 0.038716315831547006, -0.040775825299752, -0.036040327715820004
-0.06392764992972, -0.0058727823203572, -0.11462288759803, 0.044249229043582, -0.039365517400483004, -0.048246293981844005
0.046372616140354005, -0.071473157995857, -0.18767010115856, -0.0052343319590566, -0.077397205347358, -0.057080136127002
0.065454393334627, -0.07809537709405501, -0.31736208708421, -0.015123463198941001, -0.096647875410796, -0.056904616218262004
0.0401223904747, -0.06659990932531801, -0.27492549957025, -0.0062328400803459, -0.09014070590516701, -0.042658572001804
0.019537901689648002, -0.038726371387286004, -0.23675615561164, 0.015616664235852002, -0.08011251763867401, -0.022577798292096003
0.0022793111607201997, -0.01885098901278, -0.19870283161825, 0.012671497351153001, -0.072304922468873, -0.017021240359021
0.025269290153695, -0.0054536235876468, -0.1599313040358, 0.027504702707476004, -0.06915725796091, -0.0090555035876699
0.036268951455456, -0.0069319019338452, -0.18063837540276, 0.019782016950736, -0.065829491022224, -0.010589324623451002
0.014932984165875001, -0.013915108457486001, -0.10136847704948, 0.025036243064569003, -0.067065751358806, -0.020140619541013
0.0006128244983487, -0.017349535658272002, -0.023752223979330002, 0.027091083772281, -0.085854288478972, -0.015389519107201
0.021744514042847003, -0.017401270615961, -0.19951780252616, 0.026315804546338, -0.10617817740926, -0.013727244703510002
-0.0001281007049436, -0.015428172455008, -0.15263623236553, 0.020182911250423003, -0.08158930653242401, -0.021374894126691003
0.0055748749403422, -0.011780222694992001, -0.12336255285016, 0.020726844695112, -0.07098497463322401, -0.021705581795455002
0.013929935680087002, -0.009139684777321, -0.12455733394662, 0.015953641573927, -0.06678083465857501, -0.012528461019466001
-0.019239184864036002, -0.0086571889361968, -0.040529937423558, 0.02286486675056, -0.076133386118509, -0.022905441475764003
-0.0092186663135898, -0.020745841339153002, -0.1362869850353, 0.026226146965782002, -0.090360563592838, -0.020405793531944
-0.025037109302783002, -0.048894744407707004, -0.094501252870234, 0.018425249493808003, -0.076029923178835, -0.051361501687950006
-0.0085947921492861, -0.07819918687794901, -0.023327040816681, 0.022501730143233003, -0.057549519916913004, -0.06330771742680401
-0.01716691072849, -0.10549638838743, 0.019122850360453, 0.0084411609222163, -0.049992385462857, -0.06779380388464
-0.009143563182764899, -0.09252074887505701, 0.020191580696844003, 0.03422784703329, -0.047229365422548006, -0.08990234656644
-0.014905983836053, -0.078708109880587, 0.041443473459359004, 0.042432260129856, -0.06794524676038201, -0.08598345661176501
-0.0041973205499921, -0.042956696398074, -0.16098097267276, 0.043843923681604, -0.11295957841073, -0.050933911625309004
-0.017582319547843003, -0.035656444757351004, -0.10219623726127, 0.036471180167739, -0.08687629356948501, -0.042649769586439006
-0.019949380014452, -0.014627474151780001, -0.07337530914505, 0.051284595427137, -0.068060638868982, -0.022558453033307002
-0.030522406312889, -0.0044041508074394, -0.078602415147213, 0.04427251283874, -0.07516051180412901, -0.010918212109383001
-0.0053397912770382, 0.0002428850522103, -0.09539390525430301, 0.038870150610731, -0.063765462302935, -0.0055421727389532
0.0005668730895958, 0.0038090040004064, -0.15344035479556, 0.048302421344527, -0.09278925788686301, -0.0042778494117925
-0.021262721860464, 0.0053631638815052, -0.11188611366892, 0.048368296007097, -0.06541800569591501, -0.0038021418683082
-0.021933733839553, 0.011693501100075, -0.13125517176708, 0.042164228611303006, -0.03595117420227, 0.0026652807531669
-0.016364199664211, 0.020977218115757, -0.17703535125026, 0.05706154945565001, -0.056063835189820006, 0.0086410111935904
0.0090306454180884, 0.014254710391523002, -0.17855087674219, 0.048120125218246004, -0.07118767972836801, 0.0077452162231022
-0.015410677400448, 0.012586876500518, -0.030828292868168003, 0.05949356103619301, -0.070254594699538, 0.004606811667713
0.010116029621476001, 0.0048316429975353995, -0.17256131499447, 0.044785798740059, -0.08296125167356301, 0.0067065070730739995
-0.018544388164659, 0.0006958394725031999, -0.08621297576798101, 0.051170572170393, -0.07357959286443601, -0.0006701665419006
-0.0095403196561798, 0.0080897169638106, -0.019976997533029003, 0.061849971875843006, -0.059422949052284006, 0.001550586121006
0.0079832403599557, -0.0026210253507612, -0.058013496232189, 0.045438162495861, -0.07235903764416701, -0.0013686559933226
-0.038628585022875, 0.0017167807566995, 0.042831877126982006, 0.049513331113649, -0.053967295537711006, -0.0012401017270751
-0.0058862940580208, -0.017720091004456002, 0.08524884595767401, 0.053040778680546005, -0.08728018082201501, -0.008467680829248099
0.027157461551193002, -0.013690771410283001, -0.09924906660973101, 0.052871448023968, -0.11044224598803, -0.0045674524143312
0.020399712244568, -0.0063049814359047995, -0.092948084717274, 0.048105161443599005, -0.10456007987893, 0.0009687197178761999
0.0098886168111555, -0.0066347241546115, -0.083649358355062, 0.048945797939773, -0.081671613249074, -0.0004685274520778
-0.024945892919795, -0.009807484778306499, -0.057045285776455006, 0.045519971268141, -0.07118011750896701, 0.0008065381304476
-0.005680008737109, -0.0070457046792237995, 0.057902584658416, 0.047335202407965, -0.07743583480207601, -0.010859276359081
-0.0011670778540847, -0.010566399937969, -0.13437256270717, 0.038921074307221006, -0.12311677201623, 0.0013277395198897
-0.010286801987210001, -0.014517888092445001, -0.10711377705134, 0.036796907371216006, -0.11064871007507, -0.0082460938113988
0.0067627618255716, -0.0056539517194803, -0.07835468296138301, 0.03566876471197, -0.081374701219335, -0.0063163747331261
0.0088010332491863, -0.0087378004453806, -0.096426130592466, 0.034538326108517, -0.08842765360672401, -0.0056314016106166
-0.0015960880723558, -0.0043566641230237, -0.067805795344007, 0.039552138951427, -0.093519834204105, -0.0050814222644628
-0.016160628372843003, -0.0074633739707929995, 0.038899204125774, 0.038411120210547, -0.090329827657284, -0.012558500903911002
-0.017928061587581, -0.011581040184673002, -0.10558458377963, 0.045076059585703, -0.10244510663231, -0.010172631686365001
-0.042176916998669, -0.010508815535441, -0.08967350794645901, 0.031967165420703006, -0.05724836974196901, -0.0098469162130522
-0.015730237382794002, -0.013442035897009002, -0.06809959212845701, 0.031917248616213, -0.060667719992068006, -0.011877447331876002
-0.0010872256175279, -0.01054196517405, -0.06909746611928301, 0.028072397397433002, -0.07179173260673301, -0.0072239474042105995
-0.0079481397369756, -0.008123213495792, -0.058115720611443, 0.033250405963209, -0.07883377302717101, -0.0087246176502279
-0.024312099750500003, -0.013768887317692002, 0.060572031420911006, 0.033356136434599004, -0.071390215124325, -0.011008463041864001
-0.007739303325633599, -0.014719099381784001, -0.1289403246591, 0.026132766084275002, -0.08812110347493801, -0.0069870213716861996
-0.030154883995922, -0.014899199854285, -0.07104850264739, 0.030190591332072, -0.060978899785052006, -0.016114871129853003
-0.014386409357912001, -0.013710562735981001, -0.05117143999445101, 0.031288919665241, -0.05066861752580801, -0.014255814712298
-0.0076886521492046, -0.0085235068968689, -0.056119369500354004, 0.030208806986736003, -0.054846065510786, -0.0099019853450115
-0.0044046289675708, -0.009246598869291, -0.05093286130052, 0.02845221243169, -0.07259789621700201, -0.019675128511328
-0.023678462191599, -0.011769562376199002, 0.030711758769826004, 0.027688798823715003, -0.06826818863367501, -0.024023340497465
-0.014328108562215001, -0.016574799944491, -0.11384088369699, 0.0304670470875, -0.08566173863655101, -0.018148454411679
-0.028312547720942, -0.014586886582288001, -0.08871853402605401, 0.028049260699235003, -0.06561466291731001, -0.010333502421627
-0.026930650654288003, -0.014025878323332, -0.06504073844328301, 0.024287796043764003, -0.049379698141409, -0.015802645372428002
-0.0039575792992115, -0.0099774030300516, -0.072697922352319, 0.031507486460358, -0.05417124941287001, -0.012913683176450001
-0.010998629507455001, -0.01048160579924, -0.075526173052795, 0.034421465605087, -0.052816272179839, -0.016180734235384003
-0.02132593335163, -0.0092267531967736, 0.043190939884916006, 0.032758010763575006, -0.059259117965819, -0.016341249029342
-0.017970146373387, -0.013799213381188, -0.12095701117378, 0.025968932839383, -0.065079739967021, -0.011850181270055
-0.020650531865964, -0.010852040681034, -0.07376405590747101, 0.02490319788695, -0.061028923348667004, -0.011093070579871
-0.012644654334983001, -0.014116772069901001, -0.064249699814395, 0.031042702250529002, -0.044184959044182, -0.014929874153171001
-0.0009584810532309, -0.012744836143149, -0.07900884771605701, 0.024798485382570002, -0.041930572529058005, -0.0071571112739099
-3.0870645532e-05, -0.010748910326623002, -0.076779491233955, 0.026132376476330002, -0.06105045859708601, -0.016726169963048
0.0046602665894392, -0.014992088253140001, 0.024027981689556003, 0.018303870410218002, -0.066389062535276, -0.022648158231011
0.0019151271867188, -0.014865862912153001, -0.15052010942078, 0.025131960055737004, -0.066750342617926, -0.0086888719985594
-0.016469515841422002, -0.0071530455323784, -0.12094927043978, 0.018596964860479, -0.032655671784958006, -0.0092331864860716
-0.022656620346351002, -0.012908488914569001, -0.10673082018742, 0.01728609297734, -0.019411300436206, -0.016864611851291
0.015205726551201, -0.015385625429719002, -0.11361338776476, 0.020615032737386, -0.032623892853472, -0.012564066310594
0.0059843493407443, -0.014039790334946001, -0.10626442335395, 0.022909313711376, -0.046415923175867006, -0.024913525859050004
0.015311697123550001, -0.015072292202661002, -0.048826202208065, 0.026214609019206, -0.057608779440778, -0.023181378723653
0.0053096817699376, -0.012225424860433001, -0.1901883491216, 0.026923114017583002, -0.047377682142350004, -0.015998747133516
-0.0008329123161333999, -0.014261459433575001, -0.11877221435301, 0.020115012262774002, -0.026234856347655003, -0.017202801030444
0.01792683111532, -0.016990046766666, -0.10365180956119, 0.026917737189321, -0.030873117841367002, -0.016037525720125
0.012652896387848, -0.013901181161349, -0.10238119813354, 0.027098666323414, -0.030701296847886004, -0.020355625647106003
-0.019110944769646, -0.015205104714447, -0.022434389779088, 0.018719655951426002, -0.026898427076527003, -0.026040265921468003
-0.014930775213305, -0.0114655705162, -0.09443021138415501, 0.015599529026375002, -0.047786951624496005, -0.020447183132392
-0.0070920090452038995, -0.016797475212033, -0.10705447519792, 0.021077521701658, -0.046189505759006, -0.022426589210007
0.0007888090578478, -0.0073417118450844, -0.09547595023327501, 0.021408645268173, -0.031029035680245003, -0.014133826029133002
-0.0047531206969401, -0.011202480403219, -0.11029780570702, 0.017034675521052003, -0.034576819321082, -0.016106001554602
-0.0066375753667816, -0.0044779883183486, -0.064414622176449, 0.024426287186969, -0.030606962899358003, -0.020412876559276
-0.0087171020828479, -0.017253264699821, -0.023210053973903, 0.020497163480873, -0.060010882534410004, -0.023871791083695002
-0.0040292339967362995, -0.013282213448547001, -0.12137213272226, 0.030461325068075, -0.049465352361177, -0.020202932884585002
-0.021832573454377002, -0.013247667549786001, -0.10109910230049, 0.020878518549180002, -0.030738009019516004, -0.017429391658054003
-0.0087989941440256, -0.0074788516454181, -0.086114496429726, 0.026298520348122002, -0.028715890820757, -0.018068467771201
-0.012181363581871002, -0.010624574103693002, -0.07873902544576901, 0.028507936898335, -0.038461498439619005, -0.020002108354699
-0.016553214237170003, -0.011129195515504, -0.0055413203183315, 0.032476528137921006, -0.061375529439272006, -0.026467149533075003
-0.010677139563289001, -0.0077686348358641, -0.17484177433319, 0.011827955742725, -0.074388393878831, -0.012910021125842
-0.019477875373433002, -0.011546971863210001, -0.09086860747091301, 0.031499389968662, -0.054998952543155004, -0.015868307841867
-0.008231985219693299, -0.0057632992102229, -0.10060089876586, 0.012571639338663001, -0.031159393685005, -0.012159025913595
-0.020640412185712, -0.0048921306703828, -0.11684063286643, 0.0089291676021794, -0.054651789306121, -0.015874357206887003
-0.0097673491089727, -0.0047368650245335, -0.06335064123940401, 0.023661105247327, -0.043066238660889, -0.034941872514223
-0.0091566586635435, -0.0093610397132972, -0.032714503478104, 0.023571919790600002, -0.052734099668907006, -0.026654483164871002
-0.017675967590258003, -0.013880538916358001, -0.12280292373951, 0.015989731546566, -0.040781522054758004, -0.015701431481583
-0.030136833091114004, -0.0066239269467833995, -0.098600154536991, 0.011198987688453002, -0.026828562629028004, -0.011156913332569001
-0.015110916063387, -0.0099561632037208, -0.08677624974164701, 0.024676482968697, -0.040604575501656005, -0.011312304138882
-0.0078738675392887, -0.0059495595169468, -0.07574802528532401, 0.013906412206069, -0.049777705324256, -0.020020250128000003
-0.012506646747191002, -0.011741873878705001, -0.020547698041609, 0.021729133129561002, -0.033189672669344, -0.019154018696227
-0.018626402110797, -0.010581651717181001, -0.042704131908715005, 0.018546547297510003, -0.068024674415345, -0.023716686705554
-0.014606545068171, -0.013769897829687001, -0.10449763023066, 0.013051227792782002, -0.044553716462467, -0.02270118568473
-0.019997145033426002, -0.010215066307886001, -0.068771970899432, 0.018200801859811003, -0.032068316647696, -0.010676665966
-0.0051739381770483, -0.0078727706435251, -0.09060330944853001, 0.025471620472477002, -0.034842733024988005, -0.009146183983621
-0.013909605185982, -0.0061045399347828995, -0.057207954450784006, 0.0070062236695704, -0.04326659039730801, -0.014644445417906
-0.028758769164273, -0.0093278947980657, -2.7891251472e-05, 0.022428213315873, -0.029154087065724, -0.019553031984698002
-0.0056744671971945, -0.0094375522743942, -0.07607379000761301, 0.020103758983774003, -0.059866923491184006, -0.016946429969276002
-0.020898706440101, -0.008270155411211, -0.08684023705357201, 0.028637233444313, -0.051440230155051, -0.018880602572413002
-0.023113619791942003, -0.0085607624586034, -0.07703574491735801, 0.017640030985673003, -0.037345915845323, -0.022077978907618003
-0.013644154829869, -0.0085165336884344, -0.083652637998556, 0.015616163456907, -0.038287939586515, -0.016967622363697
-0.0086257880241507, -0.0088674570416605, -0.064734510023584, 0.019725551235492002, -0.049442271812358, -0.018531236448765
-0.011283587312367001, -0.0099989114804389, -0.029483786886569004, 0.0080699685486268, -0.055382833496469004, -0.017203444202412002
-0.022032207753562003, -0.013206475972048002, -0.04338438354302, 0.018731100587844003, -0.06842463608898901, -0.025960137891475003
-0.020955475286613002, -0.011801350305178001, -0.09753190070188901, 0.023748885419574, -0.061332457259346, -0.022056701583454002
-0.02567501547078, -0.0076925843968094, -0.043674950792867005, 0.025272003074826, -0.036860954758334, -0.025488240110534
-0.010417007494487, -0.008712928568418, -0.062894222757195, 0.016418296666415002, -0.036653606400025004, -0.024112353972712
-0.0075221107690091, -0.0068527065362665, -0.052281278600334005, 0.011161895434381001, -0.051693933395581, -0.018355497848185
-0.027476996454069, -0.011268142478562001, 0.0072857329314276, 0.0072262745627513, -0.040374053442066, -0.026401207139329003
-0.028430203266090002, -0.015811364349408, -0.08473613030459201, 0.0062980865274856, -0.06555016851574601, -0.024893493006496
-0.033976478230147, -0.019574169692412, -0.052612366770852, 0.008155891796436299, -0.040965430272379005, -0.030356696953664
-0.017316864327353, -0.014628295457242, -0.067704990778868, 0.010497067973178, -0.040499218367224005, -0.018000220414045
-0.016140085278841, -0.017315061935159002, -0.08607208699190601, 0.0092630290433436, -0.043150936578996005, -0.029303777863594
-0.013500611499032, -0.015416215769696002, -0.07028981788388501, 0.0067838518566716, -0.042878439528982, -0.030257743988042003
0.0009477576429424, -0.015517442633092002, -0.11426097053761, 0.0097387522045943, -0.043852891934974006, -0.029739925300083004
-0.021901798049012003, -0.011720813772146002, -0.10578368540848, 0.011215877437413, -0.062045972507554004, -0.027462008897323004
-0.014442115423265001, -0.01844021995084, -0.14711886985116, 0.0097486365837188, -0.034571499032935, -0.019017260122845003
-0.011632422312703, -0.012581035714984002, -0.12981998055872, 0.0087230934591709, -0.010469462953975, -0.028050123629165
-0.0075498874979677, -0.012255042048862, -0.14167501036336, 0.0095602995798228, -0.018321073619139, -0.028042666552553
-0.012849917418310002, -0.0078246687377998, -0.13812888049129, 0.019927303955587002, -0.027544362113562003, -0.024833470821239
-0.018921991219339, -0.010790180834694001, -0.06304983591636701, 0.013244162768605001, -0.02388811044074, -0.028637035686875003
-0.011267383095551, -0.011737237176304, -0.090959338880904, 0.017157687031402, -0.044455011892446, -0.027455698283881003
-0.010515869391857, -0.017649211569443, -0.1118151984329, 0.020813632820676, -0.038161137903132004, -0.023163727737038002
-0.018482428762285, -0.011016747919099, -0.03433365192234, 0.019701654546369, -0.027268209491911003, -0.027940245937043
-0.0058613834725489, -0.014499178176044, -0.029626645185307002, 0.022727715368273, -0.035105316089146, -0.026388455620876
0.0009916764043431, -0.015305685448919, -0.058602580876583, 0.026254339143335, -0.040780290725657004, -0.030682630160579004
-0.014080881158903002, -0.022654805534576, -0.014051807560181002, 0.031469490242885, -0.081141210996514, -0.031434058850296
0.017164559272758003, -0.012183007549515, -0.20827821441825, 0.013108347962757, -0.095170256696712, -0.016085915420846
-0.019362187649025, -0.0049136546283234, -0.12386940602845, 0.035021729536484004, -0.046772364395169005, -0.0083084598415804
-0.02228193334408, -0.0077055988123712, -0.05301005483609401, 0.029294565102110003, -0.034732541042416, -0.0084712257939068
-0.016411082197848002, -0.010913797462903, -0.11158073834291, 0.024900174159308, -0.0422085015297, -0.0062423288733058
-0.045788437497023, -0.0046818126910992, 0.024619414237341, 0.031361318742684004, -0.045934928198654, -0.019791634659732
-0.0029332716808987, -0.012007412938084001, -0.13179775034667, 0.022546331228712, -0.09159641562439201, -0.010415922042944
-0.021275844621545, -0.014544187172862, -0.09705345364677101, 0.026232807386507, -0.075856055126785, -0.014376202854292001
-0.0045581871928205, -0.010442287804472001, -0.06974611251885901, 0.019440677676172, -0.051901732344734004, -0.012392603292275001
-0.0095533330941304, -0.0051751223636807, -0.10107237870713, 0.023283525875453, -0.062773209569668, -0.011865052176472001
-0.011159948507507001, -0.013335507943620001, -0.014772348472334001, 0.030589499545226002, -0.056125081091087006, -0.023895837230216002
-0.015703813464367, -0.013032768166248002, 0.020140481309588003, 0.032795520285342, -0.07917063078308101, -0.014384290508638
0.0025973535506085, -0.008029279983103, -0.14204052794393, 0.019711016393148, -0.089782047202588, -0.0088958718851266
-0.010436734517559, -0.0066950645424819, -0.10814276185579, 0.027642655154439002, -0.067925152220088, -0.009139868221616899
-0.015139460043987002, -0.0083936821211028, -0.05882096063468101, 0.02966573859714, -0.051801972083842004, -0.011202629007856001
0.000620342135805, -0.010216436121698001, -0.090740660048892, 0.027229981436056, -0.060550648871827005, -0.015010208754571002
-0.020978901803054003, -0.0084682513695792, -0.054826437210114, 0.021378359108322, -0.046267075412279, -0.013477835080594
-0.010713989342495001, -0.0096053281482473, 0.02024942389237, 0.027809065375471002, -0.072713592847458, -0.019446803906281
-0.011518946098784, -0.012947528635567002, -0.11130710102796, 0.027094262142494004, -0.069882063923298, -0.015007578578164002
-0.014424680152968002, -0.012578452266890002, -0.077912855825002, 0.025089164864111002, -0.055718150496015, -0.017762151038377
-0.022310629515485, -0.014187908929109, -0.07394528356393, 0.023795156999897003, -0.043327866906187, -0.007291707514851599
-0.0007436236241033, -0.0095788678673281, -0.07446710534994201, 0.020827046853993003, -0.05103434255367301, -0.015337196351735001
-0.021311486110277, -0.0085027126642655, -0.02374509936852, 0.029945663693634002, -0.044179950221797, -0.016080503909468
-0.025492868901275, -0.017902681982412003, -0.01828687740824, 0.033215111292587, -0.07435252794729301, -0.011979207928503
-0.02029431437609, -0.015292776559349, -0.09163537901440201, 0.026551575899742, -0.067316578822617, -0.012112726121251001
-0.02592423858198, -0.015467764900063002, -0.069670256369147, 0.025604087248201002, -0.044532956082923, -0.015931593997233002
-0.016266264666836002, -0.014570177544065002, -0.0733661350193, 0.024163423581202003, -0.060608091986436005, -0.015809629169851
-0.0044348470414185, -0.012780853141804, -0.036156599442616004, 0.014992790653265002, -0.055475626135721004, -0.013049187923062
-0.021482309485143, -0.015406283802011, -0.021114960857664, 0.019827018660329, -0.044213209038764, -0.015567908511579001
-0.033144122881713, -0.015691838774167, -0.040597923197233, 0.024196094230729003, -0.067386781448147, -0.014083584854348002
-0.036111115048099, -0.020214681753843, -0.10217102462181, 0.026558353820223, -0.051659061711494, -0.009881303855456899
-0.024874281732819, -0.015485043005848001, -0.050218309517620005, 0.021434695916984003, -0.048409906674921004, -0.0019947774590437
-0.022110089674125002, -0.0176768068187, -0.08106614031620901, 0.027311558754695, -0.035672601915400004, -0.0097394731810278
-0.009771422620193499, -0.016785465438451, -0.059677416658951, 0.018274736363452, -0.043874624763532, -0.016576454721018
-0.049470626348301, -0.016470478175014, 0.033451448900339, 0.013118529372526002, -0.036749464997262005, -0.017252648806515003
-0.0045577766579669, -0.017569302046745002, -0.07224531364280201, 0.022557474668702, -0.07351274989636601, -0.0043380496591381
-0.031690741782734004, -0.022896547346946003, -0.05582382811489801, 0.038816399153732, -0.051750299496569, -0.0041659457415941
-0.025812360488948003, -0.014648937686881, -0.05610671305284701, 0.023892900341830003, -0.039446764166574, -0.0042078531911682
-0.025600008905821002, -0.016219188381552, -0.066194407369876, 0.017324355980458003, -0.04770590143276, -0.010168961065391
-0.018735073596728002, -0.019018222901777, -0.044972802391965, 0.025021937306783003, -0.055280181903119, -0.0077992288872206
-0.03848371905035, -0.021042034051954, 0.054314061459178005, 0.028950661671326, -0.047199085099323, -0.015166186689709002
-0.011486303045407, -0.015399611321426001, -0.10345159650596, 0.024657695144379002, -0.08947616127631601, -0.0021831239610123
-0.025949213657923003, -0.018901584877738003, -0.075595359341007, 0.026439090292164003, -0.073564038543104, -0.0099259545482694
0.0034642374220256998, -0.013726206307720002, -0.048342950703171, 0.030020097466643, -0.061324102424071006, -0.0053767773197894
-0.0197553111761, -0.017097551474693003, -0.036941533895974, 0.015793760132363003, -0.056217680861324004, -0.011473705957796001
-0.0096167118169181, -0.01885929359663, -0.027614390074264004, 0.024820227914969004, -0.055980586019212006, -0.012152974827589001
-0.038010257255964006, -0.021341132843866, 0.11231561480512, 0.030488547705043, -0.066339575214152, -0.015039816624356002
0.0041508233375428995, -0.015083773826677001, -0.062351958479698, 0.037676027140626005, -0.07062979755054101, -0.0031350754720298997
-0.020652020706251002, -0.016232024827166, 0.04933866583851, 0.025763614973450002, -0.033685365744425, -0.0062183982589540995
-0.077875343629229, -0.013815558552195002, 0.4365433695027, 0.02632161364906, 0.048838996480581, -0.0167219712426
-0.19675251874829, 0.040615397540329, 1.0371822937542583, 0.09824389213772901, 0.11355091132595, 0.0094605169730504
-0.18097105929781, 0.017721171700530003, 0.41144421716027, 0.086146811594332, 0.043700162967467, 0.0094169367699814
-0.21519338166116, -0.035700827187566, 0.78046549020241, 0.08139185971224301, -0.031087118597662004, -0.0023051196663817
0.042666031774112004, -0.013009553847289001, 0.26502119736298, 0.07689814662694301, -0.09183992237678301, 0.0035815833353145
0.029246143781575, -0.013173473226043002, 0.27003349893979, 0.072195311843481, -0.095525689220936, 0.002796967126159
0.048317094916664007, -0.01654020157107, 0.1341292731326, 0.06229812434496901, -0.075964157455969, 0.015762036001193
0.01316460353766, -0.017359052796363, 0.1761228485588, 0.06043142891939501, -0.06324443131558001, 0.015440110595570001
0.021776144327445002, -0.016203365254886002, 0.14864226646305, 0.049708427606461006, -0.093818631911214, 0.013362541375093
-0.031387612146610004, -0.008099931757882, 0.09125251425867201, 0.044373228901781005, -0.047063904161690005, 0.001744745459631
-0.020631921295485002, -0.0050084538578814, 0.11255590966487, 0.042822527970821006, -0.014152848177744001, 0.0066504430600776
0.04431449958985, 0.01361654654837, 0.039648570799795, 0.06640639285208601, -0.046000044046695006, 0.0052091101387678
0.087051613314367, 0.014544116704922, -0.061132706157047, 0.064786459246089, -0.087081528689606, 0.00167559667636
0.10359116546477, 0.014349626655525001, -0.11882565576687, 0.074969376605326, -0.10816984948556, -0.0015921600505515
0.06773565597709501, 0.0048157671536069, -0.1552476779893, 0.06211129803012601, -0.10163064387874, -0.0025389383672076
0.044054561685841, 0.0071004045210321, -0.064538986119411, 0.065882610524474, -0.06753455151437, -0.0050414091181987
0.05930670210804401, -0.0026457201373764, -0.055990468638987004, 0.055286942136859, -0.061239434900366006, -0.0061996051423394
0.063043034965131, -0.0045382401343881, -0.075262173322201, 0.052284303914338005, -0.053034062234864, -0.0069813898087759995
0.05169417517686101, -0.0018463639688124, -0.10786474904006, 0.066876031662253, -0.063730463005524, -0.012354665035710002
0.035224389903789004, 0.002993006484902, -0.035320203667622, 0.0659617089222, -0.08576695126679501, -0.0074873262798777
0.025678763570069003, 0.0046462895219762995, -0.015148437496800001, 0.07444791148417701, -0.053611423452454, -0.0067778342011823
0.034838317479536, 0.0016943154160067, 0.023904661677383, 0.062971434170105, -0.055310912895632, -0.0073335954844767
0.038209365828399004, -0.0020097832199221, 0.050948864888609, 0.045531127741926004, -0.050904421462067, -0.0040334529352284995
0.015401737473716001, 0.001939121727465, 0.09210102815387901, 0.04750059073301301, -0.056439982247354005, -0.009173452592644099
0.013122397347329002, -0.0018823065329351, 0.052701557445079004, 0.046555185048246, -0.08367890426435601, -0.011678008222121
-0.0083624799065995, -0.012691313788023, 0.025024140069435003, 0.038354501206425, -0.076355540855725, -0.012064964351048
-0.0077607110725612, 1.87877127018e-05, 0.06262105818439201, 0.04849120047848501, -0.049721569174123, -0.0051965051653386
0.012618578583524002, 0.0006795003443898999, 0.058223089757574, 0.051654171041802005, -0.047409989555058006, -0.0073983969799415
-0.016542486771632, 0.0038517220401994, 0.12099018331755, 0.04516649806839, -0.057120533046836, -0.0027947513532634
0.0044221845581677, 0.0006805048948869, 0.05018437174081, 0.050898222115504, -0.086236295799513, -0.0051156154652886
-0.021333453375736, 0.0010171985886878, 0.045454472571266, 0.057865068025639003, -0.081176711875603, -0.0020322375660597
-0.021743826257513, 0.0002795374376499, 0.090448151934859, 0.047367772451970006, -0.07612278187685101, 0.0001762598442841
-0.009386918862048, -0.0018277205721589, 0.065367803286816, 0.039444899057674, -0.060517813834321005, 0.0021360128004836
-0.018694806736648, -0.0003522428039609, 0.09042348481279801, 0.041974225250832005, -0.054425234009901007, -0.0072087703119761
-0.018103533823671, -0.0066545064713648995, 0.13684709834045, 0.050937232543724, -0.09258670969085901, -0.0085230190269552
-0.010805206703963, -0.0009872799472073, 0.072112245592405, 0.05589563409076, -0.084130575415077, -0.0003001641431141
-0.046161495924191005, -0.0048818961573234, 0.160020873035, 0.048960935824939, -0.062936298350991, -0.0024565440251248997
2.85985145213e-05, -0.0072668490567283, 0.079118782439341, 0.054708069748641, -0.063076561167819, 0.0016037716904541
-0.024568054536781, 0.000957638714672, 0.07614775704031501, 0.045938951281432, -0.07074578129830801, 0.0022491382671024
0.0025696657496068, -0.001176416149296, 0.11282258671393999, 0.039888878916882003, -0.049970568418665005, 0.0023659129873543
-0.0043656512015376, -0.0015718067505182, 0.013823467431751, 0.04405381881295101, -0.06465648202780301, -0.0050912099945478
-0.034633916868693, -0.0018752639673568, 0.07922850901933201, 0.053993439999309, -0.014963803763231, 0.0050905735751117
-0.02359520838183, -0.0003677816478163, 0.040439619466963006, 0.048740985376665005, -0.0068898785311902, 0.0067378447130453
0.0023727800607129, -0.0066467623910508, -0.037548941477180006, 0.039284363082222, -0.04375796635399801, 0.002696112064499
0.021490336995731003, -0.0032129693358675, -0.055907051684768005, 0.05954142448625101, -0.077512520021808, -0.0066593642279203
0.018832391187844, -0.0028975704063249, 0.061066331424440005, 0.050571899637392004, -0.077829475306043, -0.011648853471773002
0.022462213472029, -0.0025337527730329, -0.06902750516816701, 0.055503443203091, -0.071414871565423, -0.014812942385331
-0.008630017076249899, -0.0012902109588543, 0.049258572473280006, 0.051318627433493004, -0.041032981964095, -0.0097101818336293
0.0091199350078583, -0.0054686788476378, 0.10886669724407, 0.044394774480818, -0.043224778809577, -0.004460855170719
0.013459248575097001, -0.0074469324704857995, 0.09144090000909001, 0.04522964420837201, -0.045944187636132006, -0.0040435418997236
-0.022061695004441002, -0.013063222137083, 0.14906724699637, 0.045881517951169, -0.037209120354396004, -0.0088144894523448
0.025901739853682004, -0.011329344015460001, 0.036120998308408, 0.041915601344347006, -0.09572011449878301, -0.0041409098832721
-0.0091826206021659, -0.015193698091666001, 0.02022269825461, 0.041238447551011005, -0.07130027237346301, -0.0049327476108546
0.010800412180133001, -0.0066414259317064, 0.075543144548048, 0.048809759711484005, -0.060705054041722, -0.0012211148868679
0.0023825737206141, -0.012832458002896, 0.08252126576032001, 0.033157915278269, -0.056075391998133, -0.0030187787598817
-0.013010198543129, -0.0051779326889853, 0.15122491213144, 0.049302226431495004, -0.046505701435554006, -0.0057952943478241
-0.0098003723526366, -0.0073547823971628, 0.13712703926821, 0.05029118650717301, -0.09420146614911001, -0.0085611942412798
0.008225290169518, -0.0076529350381528, 0.016091938824094, 0.047814904096999004, -0.10156208164221, 0.0033122810469435
0.0099391996006551, -0.0083751470462461, 0.037613615622761006, 0.051678955286631, -0.074710138542596, -0.0048153383710540995
-0.0058927683602715995, -0.0060085394080916996, 0.066159737047564, 0.048725352633451006, -0.066888153229597, -0.0045759063824458
0.0026463537297925998, -0.010699769638426001, 0.06759803540461501, 0.045842448991262004, -0.076489608707224, 0.0011625852688829
0.0005489195230345, -0.0039213940022422, 0.1690698388186, 0.054685777345063004, -0.077141365650918, -0.0026913016787098
0.0030844344339395, 0.0009842155975241, 0.039462614221349, 0.056913498910385, -0.097124545781592, 0.0065571288489882995
-0.020197498582234002, -0.0004903313458026999, 0.057246772020053, 0.054510564506136006, -0.07093513754887301, -0.0028374644757463
-0.0092692354208377, -0.007334341913663799, 0.096152270843775, 0.051624220105598, -0.056611759217118, -0.0012822261427908
0.010881923628338001, -0.0028063165596139998, 0.063213813043585, 0.036821121131269, -0.069852389898957, 0.0055407558392533
-0.0038576975206639, -0.0040735565480803995, 0.091137917270126, 0.051765564730324, -0.073191637129074, -0.0045910784794897
-0.008962112795147999, -0.0035767688506862, 0.14997400071641, 0.050815284313179006, -0.07988504287233701, -0.0072704226142056
-0.0057148963677506, -0.001931733435713, 0.017247348242318, 0.051798506640185, -0.096112808732705, -0.0013759863182806
-0.019031793848086002, -0.0036054679964106, 0.093864729808853, 0.055921677289299004, -0.066411949920285, -0.0077238704940222
-4.81538503513e-05, -0.0032379603997857, 0.095545955820503, 0.05205448704572101, -0.062760429230546, 0.0016246298581636
0.0009624555564577, -0.0010690561991547, 0.12032377277924, 0.044187512835953006, -0.08213193265726901, 0.0010233426160178999
-0.0058835459912665, -0.0068628529317631, 0.14374881946024, 0.060305459457161, -0.059096203236392, -0.0019397350347043
-0.0008556401397618999, -0.012977297118507002, 0.23769767982686, 0.060609653197879004, -0.07551301882606701, -0.0072968747595755995
0.013994792699311, -0.0009489939918429, 0.057475539644893006, 0.065310299664032, -0.10148078400831, 0.0017444150843197999
0.014970559465576001, 0.0057644449080613, 0.033258319209210005, 0.06381192089742001, -0.06583512041825801, 0.0010654111764320999
0.0091638476717339, 0.0024237640565338, 0.035211431493895, 0.057567278942130005, -0.045243025537210005, 0.0075771178800512
0.013955355752073, 0.0012750164907383, 0.052059259345504004, 0.051369860272332, -0.06302461055621701, -0.001300868449272
0.0017549686575843, -0.0021787063765476, 0.062021364071223, 0.062605370479712, -0.046853364452119, -0.0067806255430361995
0.0092459899126805, -0.007781861312057299, 0.076660074524921, 0.06460974427405801, -0.058809360227211005, -0.013658450371672001
0.019489760664606, -0.0078703920315781, 0.043205681126473, 0.056566869012454, -0.045497870334017004, -0.0064228983754133
0.018660936262558003, -0.0038451804080109, 0.09548840693013401, 0.053974281591193, -0.032321135574107006, -0.019290663679539
0.019060173122241002, -0.0081511719856122, 0.13239216537214, 0.054227376462124006, -0.044865060422169006, -0.016733751740610002
-0.027741236444347003, -0.015020547751983, 0.22213575924836, 0.061246655230443, -0.0087861404334623, -0.020226377942790003
-0.05374101277009401, -0.0085645410231339, 0.35725197873724, 0.06209223891909701, -0.033453982854764, -0.015753649886229
0.06355655036490801, -0.012546741271910002, 0.040642917739148, 0.059210542882126, -0.099030662188391, -0.0052982156376996
0.039428562152287, -0.011823549350365, 0.07674118302642301, 0.056986292435745003, -0.08245611809203, -0.012597922599329
0.04930217405066, -0.0048952414917689, 0.11911704924538, 0.05848572947437201, -0.07690993911810101, -0.0088842691900121
0.0094881986227556, -0.010350717049506, 0.17301369233405, 0.062359631320191004, -0.07342115857699301, -0.010210539220967001
-0.029743878917594002, -0.0084112741586639, 0.28292068044751, 0.059805917107522005, -0.060939991883681, -0.008388124485139899
0.031259213330297, -0.0088025696354952, 0.050721247824067006, 0.053123835383959005, -0.12656368571074, -0.0057053985549563
0.021484930980222, -0.016948640743685, 0.069092574576924, 0.050145819357719, -0.11855794747479, -0.0089721453973975
0.032986225058475004, -0.011313733479869002, 0.092386822414736, 0.046876456032455, -0.087204754281996, -0.0071556697110614
0.019869003437042003, -0.0086439974438913, 0.12696520533895, 0.053050016951195, -0.09101220576575501, -0.0097460432417637
-0.014978533424264001, -0.0043465935236113, 0.21288977333468, 0.048606688683621, -0.06746239785376501, -0.0064140950650884996
0.022233509751958, -0.0089785863476298, 0.12327992264873, 0.051623714126993, -0.10710588787545999, -0.0052082301847622995
0.014769727628355002, -0.011974488920743001, 0.10656928791052, 0.051152844312212, -0.09991384585475101, -0.0008497043282701
0.016269684512385002, -0.0092357033421169, 0.12868258964993, 0.053829008419791005, -0.08053225344197301, -0.0039170055143396
0.019448019074214, -0.0060841471277535, 0.14152883264173, 0.050172606014191004, -0.078806967343618, -0.0040355291777872
0.011477826243825, -0.015959094780025, 0.14745380327325, 0.068844955817268, -0.09043914032434501, -0.013895351164354001
0.018751137794976003, -0.017271519823338, 0.17910509338174, 0.056015314299572, -0.10174079183242, -0.0039423016944218
0.023424624674757002, -0.010072350592897001, 0.07508763972003, 0.056744471198196006, -0.078898311798339, -0.0043277405705789
0.010654114251851001, -0.0072709563567438, 0.09858968195381701, 0.053562137180391, -0.06529753973921301, -0.0059362306852473
0.0073755144584795995, -0.011136592776060002, 0.15351951288247, 0.052908404336526, -0.06642026230169501, -0.0035714612199631997
0.024814401491198002, -0.0054322471440103, 0.14154770051577, 0.05128848607046001, -0.072548225496269, -0.0041314829886276
0.0013543893047693, -0.0064670668806109995, 0.1670400593342, 0.046148243125051, -0.081075605505372, -0.0080711747406217
0.010883779579645, -0.008498821135423499, 0.15768104038685, 0.059926594478384006, -0.094244195399036, -0.0062303936036219
0.01063065977625, -0.012041637116141, 0.12320484488003, 0.05144807719804, -0.08790259594835201, -0.0063159280727702995
0.013282009847720001, -0.0084866031495486, 0.13917869823591, 0.050217455040603, -0.06133141442654601, -0.0005778936882731
0.011523348493950002, -0.0090916521810006, 0.14204033170323, 0.048507370235796, -0.075551276439978, -0.0009408282739621999
0.028649679817467, -0.0056513515973521, 0.15452738371633, 0.058606978312123005, -0.09073845004103201, -0.0071143372136293
0.007223014679133, -0.014683165936973, 0.21604857551692, 0.058101906813842, -0.09170794503768301, -0.014494232891649
0.012149017040822, -0.013341612963320001, 0.10077269315494, 0.045888772518469005, -0.089604261813072, -0.0002459891781844
0.0064605475948855, -0.015131828343291001, 0.1535013576267, 0.048260017564785006, -0.079344289664176, -0.0076615414980182
0.0033817250979631, -0.01590986783975, 0.14646827089727, 0.053554088570457, -0.058000440052078, -0.0029935374594567
-0.0004698781712208, -0.016825364987441003, 0.11226914295361, 0.036085062802804005, -0.041917571207615, -0.0069523418490371
0.0016652153724872, -0.012402140033444002, 0.11672946873034, 0.042542051397264004, -0.055021520234036, -0.011094364983339001
0.033391159356530004, -0.021105810415326002, 0.087401126530152, 0.042305646649467, -0.07781155033089501, -0.015046006800974001
0.025160473573555, -0.014982060655697, 0.064902674358187, 0.043658410793694, -0.05091461408770501, -0.011596067618992002
0.035521605546716004, -0.023102379895318003, 0.07346731941640801, 0.041165051176629004, -0.060891317373707, -0.013632182069115002
0.05710876731766801, -0.022867776365502003, 0.060409127436855004, 0.041061133362631, -0.05674597561724701, -0.015951678116147002
0.053522675228213, -0.023170151109048003, 0.06793789183324, 0.047816501148349004, -0.072597280399409, -0.014955894051246001
9.568406141349999e-05, -0.029923767480022002, 0.23289337558361, 0.03769268766448, -0.054299407541579005, -0.023746014822806003
0.028944479937630004, -0.029143775457843003, 0.15114278173986, 0.036728697530858, -0.06928629887366801, -0.020419258054190002
0.06163631054749601, -0.030249329193165003, 0.09250497285440701, 0.041873787332109, -0.083980038769374, -0.016979390345085003
0.049495511502142, -0.026947497443214, 0.15062855277995, 0.039794832416777004, -0.066430161516132, -0.014978072139156001
0.050700479155621, -0.021327164459405003, 0.11749394963405, 0.043179307116118004, -0.072769036365201, -0.012538845927673
0.018577006794999, -0.025988806655196, 0.17658225823464, 0.041670990406747, -0.07922536264702, -0.023283138468187
0.036738676606466, -0.027550713100255003, 0.16976747564536, 0.038768456535346, -0.10740157609174, -0.016275453607121
0.052423941388442, -0.026505747567084, 0.07942383990146801, 0.034708818963204005, -0.11150430738758, -0.016794411465486003
0.038201151732039, -0.026556272908236003, 0.097154514494401, 0.038809386788498004, -0.099252648301675, -0.012329001425279
0.011333779881701, -0.017331425632018, 0.11322873150837, 0.036960684582636, -0.070716072380133, -0.0080376492098752
0.037163243430785003, -0.020362071199793, 0.14979724336755, 0.043169187761110006, -0.079638926939604, -0.016466675055494002
0.0073420418766638, -0.022723474354415, 0.21676862758297, 0.048025938540062006, -0.09701088297948601, -0.022162290473578
0.032941101706624, -0.029941457822709003, 0.12420167152431, 0.041530656002587006, -0.11295384879934, -0.017784616319506
0.015840043158632, -0.033323987309074, 0.13774513355999, 0.039175714972374, -0.11093409355635, -0.025234968352020003
0.027467069178188003, -0.023914431934675, 0.16552612430067, 0.030848313686276004, -0.097102702968445, -0.016870058772569002
0.037742831605005, -0.031864970765284, 0.12575215023202, 0.032403345595217, -0.09139462743410101, -0.022034325862505002
0.032253751552035005, -0.028873069130881, 0.13095088989842, 0.038688782917446006, -0.09547592234943801, -0.027200282762846
0.015633736083084, -0.032988774374717006, 0.22917678494837, 0.032100511732692, -0.09590608559617501, -0.028624735158062003
0.033153731784422005, -0.031227380120430002, 0.086928686431138, 0.031993778954305004, -0.10003448531138, -0.02157906162614
0.011239131407611002, -0.033666251799932004, 0.12689989821294, 0.033093248294311005, -0.090031922407051, -0.019375260739718
0.033718004377768, -0.027302089367162004, 0.16025745330241, 0.036071171574789, -0.07817181164004701, -0.021859764804237
0.029997343811850003, -0.028073443334551, 0.14091477725176, 0.031668839099298005, -0.076493539618319, -0.025377912638086003
0.028727118121137003, -0.026105574831932002, 0.14841513975993, 0.031078447650597002, -0.08476381057009201, -0.036842448111821004
0.010351882609633, -0.037886426507108, 0.22566152461276, 0.03822910737863, -0.08741079764581801, -0.028015502879635
0.039275641318688, -0.028405743160732, 0.069570039993629, 0.033246493543134005, -0.10136518485892, -0.024449132993947003
0.0065612273264806995, -0.031474766243520004, 0.10795407365941, 0.031956423651446006, -0.069697171828262, -0.020787578555296
0.021730260323185, -0.026237238259604, 0.16440655568155, 0.036408805013538, -0.076868554218025, -0.024104099857721002
0.025948598346435002, -0.024034555526155, 0.15411780965114, 0.029237985790248004, -0.08210285564474101, -0.027260977657966003
0.023658345757019, -0.025920796694297, 0.17449787570336, 0.030474233806788, -0.08334396827797101, -0.031442930619933
0.0074922363819825, -0.038666315025138, 0.23921874567764, 0.031882288116105, -0.09184985904700901, -0.038209711824906005
0.045317280847467, -0.029578038490993, 0.095147606809953, 0.026555418317181, -0.10016929939884, -0.016623703075726002
0.036459501882026006, -0.031350781188947005, 0.10740076495354, 0.025787389845745003, -0.078567527416027, -0.02244524334503
0.021092051504457, -0.038082058122146004, 0.17560139292669, 0.033681946759029004, -0.08747010792337301, -0.026049261757775003
0.035694621034876, -0.031646698152552, 0.15863624921665, 0.025923344686895004, -0.08419348499255401, -0.024331081705775002
0.03677813789018, -0.032703191128266, 0.13354320898887, 0.029007442508194002, -0.071858511182831, -0.028973843362387
0.017261685073657003, -0.043256394821337, 0.15345728753195, 0.03480458130736, -0.083039371021126, -0.023920452198887002
0.014722063967364002, -0.043521266185525, 0.11494718404537, 0.022808448753859, -0.06382358377929201, -0.018447845440576
0.021513730268629003, -0.036658433138801, 0.1287397885264, 0.025916828619135003, -0.066723403453416, -0.016640885776165
0.031261248407084004, -0.032427805036341004, 0.11975461114307, 0.026870825477584, -0.080775582155618, -0.024057301401331003
0.031188316744876002, -0.029601273589249, 0.15418073895587, 0.026290161830032, -0.07792897913840101, -0.021577253533868003
0.029618863301424003, -0.033461254224857004, 0.13321043900612, 0.029412358082311, -0.069194693603027, -0.024480549803274004
0.011265466769970001, -0.042137949652987006, 0.15912031738139, 0.025916729953354003, -0.083498537840133, -0.030708382041431004
0.0051419666467817, -0.036820550879231, 0.11585406722377, 0.028804144051067, -0.072099680596242, -0.026309798410481002
0.0043644708594593, -0.035351461667728006, 0.12916287272697, 0.019047796879681, -0.067591759428884, -0.018733796031019
0.01675148242949, -0.035122194847484, 0.12959246622779, 0.0281374881368, -0.06329415963170801, -0.023436397066429002
0.018379329786199, -0.031463285412136, 0.13701317991428, 0.023239316003447003, -0.064445954362254, -0.029708774137090003
0.01027655484423, -0.033372984629464, 0.15011281845383, 0.020709279812196002, -0.07095510959805501, -0.024617241974269
-0.0003632719192716, -0.039782509300571006, 0.12194064314645, 0.025009355371940004, -0.06810242709407001, -0.025859237380240003
0.017585299969561003, -0.042513745936103006, 0.18496485317378, 0.028753658975789003, -0.062260617207000005, -0.023491444034227003
0.04454435977821, -0.027919765627419, 0.16987414741901, 0.021179647731386003, -0.06897257962817001, -0.013530085735176
0.019533922087356003, -0.035298676513809, 0.14840604889381, 0.020064481196701, -0.042960199643221, -0.016859430900717003
-0.0047226416950571, -0.044065594270012005, 0.18121051344122, 0.017513596245025003, -0.034751276588985004, -0.019042314660663
-0.0022969782142981, -0.050289920996857, 0.13825973028853, 0.012137415948882001, -0.045176959508279005, -0.018760151696453002
-0.0075411424338896, -0.048504056901090005, 0.18300175249445, 0.02190123721421, -0.040220793088908004, -0.017179780140143
-0.023728664342662003, -0.045131921610905006, 0.1314827465123, 0.015616884692658001, -0.034406736988224, -0.014894488791521
-0.0098332636899465, -0.038288673929815005, 0.1286039508914, 0.021032118599987, -0.035503442806101, -0.021741846244961
-0.030079501160727003, -0.019065711220705002, 0.058608194516501004, 0.018808186366457, -0.0031800425827912, -0.021349175142468
-0.034856375962028, -0.0022980893073427, 0.08648135286809, 0.022487863533313, 0.020927526853560002, -0.021751590047117002
-0.012605180568474001, -0.0031683624226884, 0.020465222399563002, 0.028052545337913, -0.050482393883940005, -0.024427271992808003
0.015987090655767002, -0.025228040990073003, -0.12662045347449, 0.022289909213156003, -0.09208652694259001, -0.015841750660723002
-0.019595684026597, -0.037547470812162004, -0.06471997962341801, 0.012828485107046001, -0.029743152621085, -0.031213102450054004
0.033256057762033005, -0.026860600585512002, -0.041077418142521006, 0.019825697837483003, -0.054087515957692005, -0.035893481348483004
0.048456405989804004, -0.032779151032795, -0.10828508773815, 0.015328115129635, -0.05910588099573501, -0.032426018657393
0.06821539183742101, -0.026013944825447003, -0.08930171652789401, 0.027388131030415003, -0.074983348952097, -0.041047037794731005
0.047818443753038, -0.030263307647218, -0.018612186159270003, 0.020156428734245002, -0.08523498785811401, -0.040498841883897005
0.014894516976521001, -0.025104584305875, -0.11793458614483, 0.013034012738066002, -0.060801213395611, -0.033379593006055
0.013138960058129001, -0.030428955603169, -0.031759989343463, 0.021439648532372003, -0.044422730948573005, -0.035647168514972
0.044635310553157004, -0.026911071497954003, 0.0017945041167935, 0.020932432354661003, -0.05483395621250801, -0.033955291588302
0.044603384778087, -0.030458004320898003, -0.001841853234141, 0.015781445087454, -0.050849097236172, -0.040483708659822
0.023900186072638, -0.029567098096891002, 0.019779288435374003, 0.035876982540891, -0.052738126811735, -0.037349988343352
-0.0012331943347426, -0.032007730482478, 0.09423742084847901, 0.028817595961806, -0.072451324983051, -0.042337625029864004
0.017112285741337, -0.024737180422289003, -0.06603092499962901, 0.023501767596141, -0.070777031236539, -0.037747088635862
0.025267804967543002, -0.024315305674640002, -0.07397273279225801, 0.029782190517079, -0.06238585228088701, -0.032427265647849
0.037617161619481004, -0.023477187590944002, -0.025225285109091004, 0.031260280021212006, -0.055810244216834004, -0.029613034539944003
0.019093701886080002, -0.020167319406202002, 0.017813081448634003, 0.029189797510947003, -0.057830164420625, -0.037372324662048005
0.0065369479568593, -0.027195183613063, 0.11055687867551, 0.028014033744536003, -0.08203455292321901, -0.046946189584162
0.0040625075789913, -0.02592990366253, -0.082318064914963, 0.020401462680079002, -0.090149491829989, -0.032117329394838
0.014640758547304001, -0.01812149877243, -0.060548674707206006, 0.017855634965516003, -0.064419783300703, -0.030175785636184
0.00473027371254, -0.022208468088466, -0.0071739809476846, 0.022767100718122, -0.052272036524703004, -0.040626631559016003
0.0149093992935, -0.017161150066813003, -0.022682357199452, 0.031802504883872006, -0.053567528212192, -0.030771076975501
-0.0011487704670943, -0.01967296291337, 0.07258665060448401, 0.038688330611976005, -0.068108852133727, -0.036194719653015
0.0034919398315787, -0.019883917864289002, -0.05618664855081001, 0.023284840492508, -0.08969498173763, -0.030102786704715
-0.0030999513021187, -0.024267912928746003, -0.049480957928911, 0.024985145878434003, -0.0749552375972, -0.036893306010108005
0.017956507038229, -0.019764382097282002, 0.016368871915763, 0.029420921280291, -0.055530852572684, -0.035040242903325004
0.0046931456216489, -0.024608627122363003, -0.029712896517116002, 0.019173781209017002, -0.063038323103779, -0.037003373468044005
0.0143490012364, -0.019701618562644, 0.019458641808663, 0.032595728613325, -0.065644933612403, -0.038092063846738
-0.016324173337345, -0.017670351300644, 0.17410984713102, 0.029440120464799, -0.04534103137362001, -0.044812074403905
0.040367903558911004, -0.025548908378446002, -0.029183905079396003, 0.020408172768694003, -0.08446247229836, -0.034044987297886
0.0004121559507805, -0.025220833002016003, 0.0096552641039287, 0.017390610890998002, -0.07343568803598001, -0.036046514669026
0.0071705137651647995, -0.025932597966855, 0.1015265160187, 0.022401971322193, -0.061297282083476005, -0.038806806204584
0.029018108326815003, -0.027387727595884002, 0.047228606259287, 0.01658260315115, -0.053931013399461006, -0.040794291961657
0.01527688136575, -0.027839591269912003, 0.08571145562007901, 0.025208879480504, -0.045882242919957, -0.032099601641059
-0.016368403764956, -0.031234150273866, 0.21082394192669, 0.028356060012289002, -0.048341039764886004, -0.041542030540197006
0.030576969376174, -0.033567742425957, -0.0054722988490528, 0.023818172882939, -0.09021133718155601, -0.030672648489394
0.019445756731284, -0.031342661841687006, 0.0088713143674759, 0.023293502097474002, -0.08226451699096701, -0.033097932047580006
0.023259408793549003, -0.026601951150146002, 0.039813691161693004, 0.016614659556858, -0.06439756506153001, -0.029119617945715003
0.032851198472205, -0.033571555399840004, 0.032051190543434, 0.018664804979884, -0.063077442685329, -0.034434521549950005
0.023161046250540003, -0.031689119576858, 0.019208294215742, 0.018645309971188, -0.068439229105348, -0.027126351751829002
-0.025133293642767, -0.025542174834627, 0.17016557578837, 0.019107000308044002, -0.054024026986404, -0.026835977601498
0.031388303798305005, -0.037345132761783, 0.017339272416601003, 0.016864259312405, -0.096900847495754, -0.025896540370031
0.0069879253548617, -0.032025636976252, 0.0065595172739904, 0.019975815555052002, -0.07679533380746001, -0.027812957343293
0.025257345387478, -0.032714603377817, 0.049998494580907, 0.017131291508239003, -0.052400495869052, -0.030198289762542
0.011315391129966, -0.031039262884782003, 0.037607026653612, 0.0098639932021237, -0.048279979921669006, -0.030441179934933
0.013397104588309, -0.028228810849659003, 0.024329397966106003, 0.016964561160662, -0.056864434459335006, -0.021245239994041
-0.0080325309983038, -0.028321982631120002, 0.10439671039841, 0.01930249786474, -0.06036608865681801, -0.022980426940215
0.014628866349580001, -0.032373814984318, 0.10512567919429, 0.02720931872487, -0.08418621523081, -0.027080184979015
0.019942268301669, -0.033050616805137004, 0.017699243723856003, 0.020153781504286, -0.07390172159823201, -0.021707269270467
0.016268246773473, -0.031625399685879005, 0.035860900916654004, 0.020549493538496003, -0.058911297625941, -0.0265730977542
0.014681869373226, -0.031064128489251, 0.046579865317596, 0.021551742038816, -0.047132292384821, -0.025818699536824002
0.0091579071644086, -0.031764340603857, 0.058724693023344, 0.016920788291196, -0.056563199359653, -0.029005504547942002
0.015294599424888, -0.034451969680739006, 0.07977631544509001, 0.024794453702043, -0.054700001174671005, -0.027043099204925
0.0041471837163303, -0.035543995870613, 0.148015755907, 0.014250985876741002, -0.065143990669039, -0.031846022836265
0.013606604863051002, -0.037287386807989, 0.0007167677764166, 0.012630427164181002, -0.07089226827065201, -0.017978379441211
0.0059392161627581, -0.031362491819435005, 0.031622557465602004, 0.017681444210462003, -0.063626974874397, -0.022042185409079002
0.014535163924073, -0.033534356199432, 0.051286045900099005, 0.023151553026830002, -0.046963317343179004, -0.026492459730488003
0.029760528315234003, -0.032088470555659006, 0.059677445863638004, 0.013490245765515002, -0.04890837456192, -0.031412303417881
0.0022640385315526, -0.034302955491592, 0.037382221058529, 0.021883810794963002, -0.048255648765143, -0.017966562251022
-0.0030768487725135, -0.028745287600559003, 0.15274261121298, 0.015481236356101002, -0.06259677770511901, -0.027647767795700003
0.015814946325458, -0.037347407199853, 0.07594674199633901, 0.020195734068876002, -0.080191162069791, -0.028912138247567002
0.0039078669412337995, -0.039492510161217007, 0.025882722463134004, 0.021149765135130002, -0.054321340298441004, -0.021516128410561
0.018397236222841, -0.038668778053839004, 0.079161087902008, 0.022483778525106003, -0.049468146223834004, -0.016679187857119002
0.018876865393387003, -0.034332321030923, 0.023194509318426003, 0.030580189498964003, -0.06446276336345601, -0.019447299204660002
0.0063762372754881, -0.036514177339811, 0.08987095262493, 0.010811002773875, -0.06474206523093501, -0.022507197889575
0.0022679064314949, -0.034632375403422004, 0.098266746703351, 0.013484863256810002, -0.04234702969304, -0.01938899772491
0.0028447971006961, -0.041179151258043, 0.10540543488136, 0.017057984625569, -0.07179814571691001, -0.026533265831241003
-0.004459514189025, -0.039462147849695005, 0.065807752197724, 0.034212213831342, -0.055261479970544, -0.029905969536179
0.010254432818071, -0.037117614670058, 0.048036547124963004, 0.021030076422669002, -0.046071221686615, -0.018165515489965003
0.018630762583208, -0.039325493072911, 0.041974376953006, 0.016886806244117, -0.051883814845459, -0.020898954801015
0.019383110074838002, -0.036392074955749004, 0.087638733256005, 0.018609665932015, -0.060567792160145004, -0.027726575966863003
-0.0079768801601591, -0.034123580629782005, 0.11297552471533, 0.023116555514507003, -0.05239434020612101, -0.028245646507722003
0.0060795942163267, -0.046362519870293, 0.12295940324415, 0.022585390931735002, -0.05824081825262, -0.032525912838987
0.005598399430244, -0.038043961041325, 0.03832765157246, 0.015315936233688002, -0.060154168676567005, -0.025086126910749
0.007427049656474, -0.039226053788456006, 0.044178241522412, 0.011681964263707, -0.055543113457452005, -0.020047124596951002
0.015545058380229002, -0.042726149845395, 0.05523652968840401, 0.012166119349727, -0.04846892526119401, -0.021395467136697002
0.013819502660669001, -0.034558224971675, 0.08255859931721901, 0.019221958220574, -0.040217204087962005, -0.020667150456716
0.0019941126646964, -0.039310304300156, 0.09407553704964, 0.021255859526100002, -0.043406376467903005, -0.028990232917251002
-0.0010301250017598, -0.042932692627494, 0.12070895984905, 0.033577885762401005, -0.06606216450506801, -0.02380107321893
0.004519105585598, -0.041842089535387005, 0.040634939240251, 0.02381470823436, -0.072111380257071, -0.01179348373734
0.014306251967879002, -0.039800105949015, 0.056361945503062005, 0.026496854230938, -0.05745839337843801, -0.014820919481112001
0.0057536868502031, -0.038311124613150005, 0.10104564928894, 0.028629883775474003, -0.047749576192556, -0.018723791359635002
0.015251675570159001, -0.022947677739103, 0.05402062557415101, 0.028357020418386003, -0.062165350489467, -0.020129979969581
0.0027408037426798, -0.019655170138178, 0.015646242515047003, 0.036730304236536004, -0.065715931682919, -0.029895176303041
-0.0088106661615229, -0.031452988160636006, 0.022491062826881, 0.030305039269915002, -0.086437701205073, -0.032594397138944
-0.043587441696217005, -0.036560900217052, 0.027580555720041002, 0.020720040025026, -0.032758702426139, -0.022149475319639
-0.012057900260141, -0.04999351663349701, -0.0041249212941908, 0.021763976630180003, -0.042122748928545006, -0.026974428314304
-0.010166030572886, -0.050885899080561, -0.052168089610614005, 0.017183173680165, -0.035131435807109, -0.020126680992804003
0.0025185084182426, -0.047193124791835, -0.065451976863818, 0.015766777667368, -0.050293981156299, -0.024116525534941
0.025173078319036, -0.049056636214687005, -0.09591447184314501, 0.019516069361158, -0.07400985273724, -0.027269785075986003
0.0056303980627729995, -0.044504636750141005, -0.11212933145036, 0.025575417103425, -0.07265364072743401, -0.022781662648805
0.0007805101076555, -0.043610687809511, -0.065085394183112, 0.030864460876449003, -0.045486696202916004, -0.018869179680700003
0.02101464924653, -0.048314834326895005, -0.096458073613673, 0.018219995340047, -0.035253395670227006, -0.028035136658923
0.022854000102482, -0.051080900540055006, -0.080730743054226, 0.022859869762949, -0.057480528167544, -0.025095647803458
0.028032231695843002, -0.049483244252498004, -0.054785217339069006, 0.030795500103144004, -0.05704986641291301, -0.024446597025375
-0.013740062482860001, -0.058321316079860006, 0.1169945054983, 0.032729999916129, -0.050908992143492, -0.035059545901152005
0.016142129969478003, -0.049073737915891, -0.07735433012524001, 0.031680981723082, -0.06644450547779, -0.019555003375286
-0.011887358833975, -0.04994221648746, -0.043017007499034005, 0.02655325724067, -0.06038717042969201, -0.023115340730473003
0.0070745758496641, -0.047373813345061, 0.026451875779827, 0.032333679940005, -0.050643482624272006, -0.021967946328154003
0.022204028134877003, -0.045711963405779, -0.021815633820884, 0.033502474241539, -0.057407355144306005, -0.012624664568977002
-0.014075712243057, -0.040060415992361, 0.040922960591817006, 0.029593513584419, -0.054575672445883, -0.017292113074266
-0.0065421882754176, -0.048178553866414, 0.0057252157708305995, 0.032132429966056, -0.09405547662146001, -0.028475179220646
-0.0042246417954622, -0.048514127013707005, -0.08250366846224601, 0.018747837503544, -0.08381034131929001, -0.024785848052416
-0.020555737197021, -0.044897090862413, 0.0060884160882245, 0.023609424158890002, -0.070080685963708, -0.014383318534521001
-0.0062920986820453, -0.039822557967797004, -0.031133429712986, 0.025605508456776, -0.06544898947738201, -0.011276875257829002
-0.0085533614708001, -0.044325869820131, 0.013284944379669001, 0.036876098957207004, -0.067655181214669, -0.012160799642404001
-0.016644966792617, -0.043135494291217005, 0.066845806244042, 0.035362907060878, -0.07519638638695801, -0.019206701263146
-0.026155736471489003, -0.043045856694588006, -0.12699801576194, 0.032558822554734, -0.091294493169639, -0.015161460876354001
-0.041261869536096, -0.042891307420590004, -0.0002593885245208, 0.026521503270670002, -0.067826705658431, -0.009668400502309599
-0.023193806818784003, -0.039151943211503004, -0.016125063736109002, 0.029197207630734003, -0.070109648557034, -0.0051969800527165
-0.014192476760799001, -0.033751736787026004, -0.040735896310395, 0.023965219545681003, -0.070122812465174, -0.011620544108507
-0.020540476064192, -0.035064669590007, -0.0022374847645441, 0.040323879111454006, -0.06741164338165301, -0.020288056658265
-0.036371544258937, -0.036574404107402, 0.08852182872524701, 0.028209743765936, -0.082083812222402, -0.014789289251607001
-0.02110484666051, -0.040085296375118006, -0.045558290938894005, 0.035147468862642, -0.09667288995908101, -0.012973506398635001
-0.016838983292315, -0.043049190411908, -0.040939237668574005, 0.030603836668808, -0.080409268509935, -0.017013047313507
-0.022238879153933, -0.038943112095056, -0.032439080372242, 0.031338504184837, -0.050845620481589006, -0.0093034852335504
-0.028794373170934, -0.041941731375274, -0.049357425293353005, 0.016847651178985002, -0.049994932826332, -0.021582559433204
-0.012534174081929, -0.035380418370553, -0.053550870155557005, 0.028645796656381003, -0.060081148741096005, -0.018408608466033
0.0074217302076494, -0.040925143404139004, 0.0081864659969062, 0.033338809619698005, -0.064426534659242, -0.027661657706511
-0.0075018561834789, -0.039445646125937005, -0.1004156162497, 0.023783148413914, -0.061761469557753, -0.017448597187620003
-0.02593269527901, -0.040852843196724005, -0.078558839247876, 0.021410626196890003, -0.04678076274880601, -0.025852609440789
-0.0028209489570802, -0.044265959430291005, -0.05363889944260201, 0.022013439003504002, -0.037849997572101, -0.026278097008657002
-0.019130306492760003, -0.038117768576523006, -0.05332875295371001, 0.021613761392947, -0.050158434318049006, -0.022079374593602003
0.011677372721429002, -0.042682826601416, -0.043258693097870005, 0.033055131540779, -0.04521146110718, -0.030317882875117004
0.00731190418991, -0.048340594897023005, -0.0024832572166706, 0.030365001741490004, -0.042249790171936, -0.031911933941457
-0.016472345549544, -0.040339178674513004, -0.10873770863288, 0.029994425123155, -0.040029209234688, -0.022324272598654
-0.024927656369694, -0.041426016861343, -0.026979668665677, 0.026202949844472002, -0.032269479647773006, -0.023610612352850002
-0.0063705887887669, -0.043825368640498005, -0.011218738840118, 0.033321383360763006, -0.028717476989485003, -0.016197834098765
-0.0085071137937634, -0.043360391129919004, -0.039040331090197, 0.036953415917344, -0.034194416109588004, -0.01916924356111
-0.028291063761830004, -0.040811054355138, 0.034874881005157, 0.021241753720832, -0.035397947014594006, -0.023226120878881002
-0.026804607156876003, -0.044715104391500005, -0.03656191246867, 0.027033754947491002, -0.07006077106082101, -0.020789635103851
-0.022360890243834003, -0.040996462190806, -0.052457974961090004, 0.029479862438159, -0.058411286918182, -0.023885119354089
-0.025181303639735003, -0.042673698318543, -0.011481955282525, 0.029922288080067003, -0.043508167896826, -0.024321027529501
-0.0024457022481769, -0.043540175833807, -0.023685811457855, 0.026782011031748, -0.047688262307528005, -0.018288072889632002
-0.022738174224130003, -0.044087976846894, -0.014831288468327002, 0.032083822211286, -0.042449899854886, -0.028891492730371
-0.042980085415374, -0.044406229981874004, 0.10246209142802, 0.032128222341580005, -0.049157127843292, -0.022145695164357
-0.018353138063702, -0.04368485341345801, -0.06365397876734101, 0.027061167832455, -0.082775737814562, -0.016619308498837002
-0.02282221479575, -0.045342120177281, -0.033779353336255, 0.027892741385204003, -0.058116331774451004, -0.016939441382468
-0.028346859696719, -0.045625665140417, 0.0014534683915512, 0.025381828352945, -0.05160013271837301, -0.021142085224763
-0.021383770008669003, -0.046216546217107, 0.021703301344527002, 0.026553003043117, -0.06160967922588, -0.021311103576267
-0.030568716136665, -0.050350407028089, 0.035142635274553004, 0.034660657581506, -0.041037661652767, -0.024495076813495
-0.034479033081904004, -0.046674287136939004, 0.10836315532683, 0.029523125913206, -0.068990461504586, -0.023491667454953003
-0.024762415368366, -0.046965249915942, -0.048333077333273, 0.030657692803950004, -0.09651692870834001, -0.015643773674547
-0.022012874207938002, -0.045307005255781005, -0.034160879518576, 0.025701282367609, -0.07477910020671501, -0.016642321859181002
-0.024652954814570003, -0.05236303787142801, 0.005546340595686, 0.029082559668732, -0.064230116624272, -0.019598450896534003
-0.020196472344699002, -0.041156925156911, 0.0069705201238864, 0.027848870654095, -0.070239348435055, -0.017789774010952
-0.024553257388317002, -0.043880564646490004, 0.059163563963145004, 0.035416514824935005, -0.061334497208839, -0.028090834711426003
-0.023142946842107003, -0.044348333777277, 0.11178195596409, 0.034380314786069004, -0.061995098210533006, -0.018998567427417002
-0.0095577528435032, -0.046532432524251, -0.028434680619416, 0.026992652557064, -0.10243613432283, -0.019662056609833
-0.011239418310541, -0.042347559123259, 0.0075721718796379995, 0.035169370089583006, -0.07093160358551401, -0.022423676434847002
-0.015466674174912001, -0.040602786510496, -0.017180232546768003, 0.035445509344705, -0.053243516183376007, -0.014574256435651
-0.012753494829331, -0.037466141343918, -0.011361662831242, 0.035960697466958, -0.05557353252723501, -0.021881898346027003
-0.0038320248379375, -0.040850844733379, -0.009057082530924099, 0.042146438736531004, -0.054783017238575, -0.022831361421131003
0.0020075034705317, -0.042821927244639006, 0.019137205486476003, 0.035984016865427, -0.065123938006511, -0.028403567082338002
-0.013633710897588, -0.040696594205225006, -0.062476230478431004, 0.022047445611913002, -0.045617020032684, -0.022673313974352002
-0.031421952352633, -0.039056791173701005, -0.061346115296988, 0.031945155297202, -0.014714768349533001, -0.016061159237551
-0.009539626735667, -0.045043242631853005, -0.042480929781393006, 0.030458346376512003, -0.034090447932632, -0.021343612906579
0.0059247027562824, -0.045444369872159, -0.053853846887112006, 0.033513076530086006, -0.045764975955733006, -0.018489668578804002
0.015574410768439002, -0.044076714079172005, -0.060479376652957, 0.033689829579626004, -0.046777247025999, -0.023016098693343003
-0.0052835089847571995, -0.039389086352937, 0.0035480021991625, 0.035625687376636, -0.046613943249793004, -0.020862001042366
-0.0051703461708471, -0.048368704884401, -0.032164223822228, 0.035782847326171, -0.051188184836649005, -0.024259515281148003
-0.00460336675419, -0.04642266512017101, -0.030901558224826, 0.033265993518709, -0.033596592903816, -0.030033720028312002
0.0043531939989808, -0.049045807081483005, -0.023785275111341, 0.033835268566538006, -0.032830586427765006, -0.014859710353492001
0.0034438920618325, -0.044457801120819006, -0.028027317439053002, 0.039229705443843, -0.045517635332031, -0.023028845945481
-0.028155874529615002, -0.047057953151329004, 0.094401436099318, 0.025532738780380003, -0.034000791388476004, -0.030131501694463002
-0.0060221884553437995, -0.040708874336918006, -0.10161288968942, 0.029748738789572002, -0.071754479646139, -0.017494947032737
-0.028177692006946004, -0.046028878679565004, -0.031520596397251, 0.037285486843013006, -0.05473382818603201, -0.028569350351929004
0.0057373886804524, -0.044960780997855006, 0.0046432927201099, 0.034179519675563, -0.041452019497697, -0.018606556114505002
-0.0009317476516735, -0.043961568477560005, -0.047359255210499, 0.026025709999622, -0.055737595671804, -0.019771665323059
-0.0065784186444203, -0.048414406953584004, 0.0069708534453627995, 0.032643394895938004, -0.046305414772962, -0.027593586243797003
-0.009369984621614, -0.049810527437636004, 0.03982176170836, 0.026043128176026, -0.063683404767035, -0.025241935802114
-0.0030793390449804997, -0.046583911567438005, -0.017218898246191, 0.032157757311435005, -0.06321339339503, -0.028151748132853004
0.018663821456146, -0.046487587000235, -0.025069983396627003, 0.018528242129894002, -0.04922308715901701, -0.022912085772387
0.0028420711465910998, -0.044083709705079, -0.018084795025629003, 0.023305105123534002, -0.047003095899438005, -0.018506321661824
0.0044573578005038, -0.050656443212944005, 0.04448240359199, 0.031410769865585005, -0.06062523229618701, -0.025568556501061
-0.018398109451215002, -0.045588517764788006, 0.090326268241427, 0.027494140893363002, -0.039405078029601005, -0.017769305675419
-0.010469491484562, -0.052843983791625006, 0.0054442782039465, 0.023209030448613003, -0.06267503184813801, -0.020827468255937003
-0.008369333395688499, -0.059697175048686005, -0.0011850613986627, 0.032675922483441006, -0.070825516965205, -0.019755689073525002
0.025350109268434003, -0.0533953318451, -0.014639331269823001, 0.032141036772607004, -0.063954802934974, -0.016169182080192
0.0099087139157983, -0.055038757716129004, -0.0049502535598096, 0.022052724889827003, -0.06832285381045, -0.0087861347803767
0.011793350586018, -0.056449282700036005, 0.017345460374854002, 0.030633728345381004, -0.057669296212241004, -0.015290730832983001
-0.023674372219927003, -0.054522404775964005, 0.15861906190501, 0.028729904497559, -0.05376537922868901, -0.020117393127279
0.023690732138031002, -0.05864443896898001, -0.011804127145856, 0.018327650253405003, -0.085082499769354, -0.0055859587854539
0.017806015816583, -0.052709775991364005, -0.0096791580403398, 0.033881252400304006, -0.07502994110233101, -0.0074797617063004
0.022537053120678, -0.05660038076985, 0.050570716313968006, 0.033225120358246, -0.06502209056934001, -0.016024948603711002
0.036887818849486005, -0.055775508457673005, -0.017173674625444002, 0.028499176426217004, -0.062048369381554, -0.011510337211601001
0.019508122578718, -0.057784362045414005, 0.05983732892267601, 0.028317052595487002, -0.07339620200506801, -0.013793996549608
-0.001163977145773, -0.053806608385250004, 0.13678620796201, 0.033016098973384006, -0.055464811648901005, -0.013832995068167
0.026010814611416, -0.066344524001774, 0.016778805962019, 0.02263220463457, -0.097790476292872, -0.015534552321177002
0.025590897292879004, -0.059856941751433, 0.016667727143839, 0.035013200972205005, -0.09102682653045001, -0.023138035721398
0.028080607654729, -0.061059844934806005, 0.053114600441158004, 0.029399270185534003, -0.07211382882888501, -0.020471825314731
0.04195962879969101, -0.055576368592621, 0.046358655319466, 0.032908487111973, -0.065070767465444, -0.014846285188727002
0.030089216094412, -0.053183438073613004, 0.050184013006817005, 0.022808683601834003, -0.07724344626394701, -0.017647159189769
0.014444150892216002, -0.055397523613288, 0.11536639840247, 0.028861521572522003, -0.073406212311675, -0.020653137058714
0.013780752681454001, -0.064031569604686, 0.099516995094045, 0.029377992984474, -0.11061920273723, -0.022145314890034
0.04042187535772, -0.063107511966088, -0.05779495985164201, 0.029809750410247002, -0.10383524186103, -0.022927219045641
0.027975825963635, -0.053082537405725, -0.05070439922943001, 0.026855335448573003, -0.078796461057811, -0.017689118686379002
0.011294616872487001, -0.061684191712574006, 0.013991362522606, 0.025924654013678, -0.06897768319722, -0.020824187222024
0.022582903900845, -0.05968142009554701, 0.035891479844393004, 0.029962468044609003, -0.093858321289655, -0.021071403616700003
0.018688176099439003, -0.054269889174346005, 0.060934777860983, 0.036012923725030004, -0.077146449081995, -0.024766337138260004
0.010460217857179, -0.06364717305331201, 0.17082104302556, 0.023586233104521, -0.08563141635835, -0.029204039526471003
0.032873015644113004, -0.061231345303119, 0.056095408044125, 0.030414397390704003, -0.083829227299497, -0.016166118043546
0.016679346765472003, -0.059141555999573006, 0.057103550159353006, 0.027073283072435003, -0.07705121406186201, -0.015126616589003002
0.023730203012586003, -0.052383633458837, 0.13830016831368, 0.03451952346057, -0.078964356099883, -0.014561843791403002
0.033569660039411, -0.057044174387321005, 0.08871768439279401, 0.028867284653127004, -0.070445146252017, -0.013204215132372
0.023189448499132, -0.057598462395160005, 0.082748419240532, 0.036788583701973, -0.073312817624643, -0.015302470969459001
0.012622423998816001, -0.06322127617616301, 0.16701209329476, 0.026959067355202003, -0.080858409838963, -0.027966764570441
0.035694860788054006, -0.060529451384757, -0.0069843423700201995, 0.029603110044311, -0.10471179157565, -0.013665916220900002
0.020152637001443003, -0.062949932933898, 0.056632745403901, 0.036313975775872004, -0.09025857554753501, -0.016074938251385
0.01724308490063, -0.058827741240484004, 0.1045180696365, 0.024051005063812, -0.063118759350865, -0.017855452961094
0.033048197557454, -0.057605497651725006, 0.08654772974027, 0.037385451286305, -0.07541987530459601, -0.019706955973943
0.0094329061992085, -0.059917185469853, 0.10048213725717, 0.026381681473163002, -0.07189393984311901, -0.022893879004216
-0.012501264304182, -0.06222965191455101, 0.1963242302195, 0.021916153521819002, -0.082878460106817, -0.020247333876402002
0.040810270752529, -0.057327988534604, 0.033971470148886004, 0.032962578678434, -0.10537966731119, -0.013411877836927
0.013889638073340002, -0.05306672148739901, 0.076269224351851, 0.031493918812325, -0.08564780976365001, -0.011779500674913
0.022716031213580002, -0.058757180348997004, 0.11763167778389, 0.030390304185482, -0.078305028302785, -0.012716184259362
0.019355163806556, -0.053748298535656006, 0.08859690345913901, 0.032792867012631004, -0.067670932962354, -0.013162410996116002
0.013649021351771, -0.054701362026245, 0.092720468165725, 0.040743031920192005, -0.064527983325202, -0.015030340187680001
-0.0032093403892572998, -0.061495664053273, 0.19663054763563, 0.030991694021378004, -0.08872921050915801, -0.025813814869962003
0.031623181269738, -0.060416764371635005, 0.030333978200140003, 0.030392905727409002, -0.094839266970586, -0.010609240186324
0.014527984610614001, -0.054597221125208005, 0.07860347290469501, 0.040670735110463006, -0.07928560023924801, -0.010054764143116
0.016913786538071, -0.057063878551918, 0.12571650133368, 0.034718030668046004, -0.073110470898174, -0.020405924052102002
0.027048809527578002, -0.056125129380811004, 0.089793448582934, 0.034543227649844, -0.064556328247256, -0.016380296193344
0.013479231468483002, -0.055248370414365006, 0.11602511538166, 0.042969287078565004, -0.07291354627929801, -0.020205968430072
-0.010197124219546001, -0.06132654729871401, 0.20323761325229, 0.044036465725280007, -0.07184077026475601, -0.021744581019817
0.027488862674284003, -0.05700368738446301, 0.038800045376911, 0.036936290277229, -0.096406310510525, -0.012298487387217
0.0071634366953009995, -0.056274532593975, 0.070663024357382, 0.033431957012770006, -0.07689083066508001, -0.018910078161231
0.017007663597624, -0.05559714276703501, 0.11002857487218, 0.038979357404935, -0.06322712725167401, -0.01822226295856
0.014376561803289, -0.05724173461783501, 0.08786321273135, 0.037253235936009, -0.06914876035469801, -0.013349477266292
-0.0048316388053724, -0.058254011332497004, 0.13906608844895, 0.04640236717607701, -0.07032135727850801, -0.025561277750070003
-0.012420949992851002, -0.063463523634988, 0.20872971661105, 0.034308710172886, -0.07635714497192901, -0.026944573658287
0.012208373839524, -0.05290178416157, 0.027502119218192, 0.04602420032847301, -0.09121349768319101, -0.0099979283990791
0.007780784779082, -0.055288744177043006, 0.040388043526544, 0.046054774718334, -0.07698957371300301, -0.016363538456966
-0.002457322127425, -0.049091604666644, 0.048610044707722004, 0.033661961834798006, -0.06592590400638501, -0.0071071626489035995
0.0047951750936989996, -0.049173092045555006, 0.069549082320009, 0.025871697420296002, -0.07129740445912401, -0.025543131828105
0.015375915902472002, -0.045143834751218005, 0.045611621923282004, 0.042241973698488006, -0.078225786998791, -0.024041987101113
-0.022537076819704002, -0.06230008892215601, 0.19270653154746, 0.045705260908201005, -0.10352716778639, -0.025101017218223002
-0.0061726954475271, -0.061212893221498005, 0.17808090753195, 0.039700740040262, -0.060463177855021005, -0.019399926790197003
-0.044161449721716005, -0.060994973934122, 0.25230734991289, 0.038649991445875005, -0.055318276990621, -0.018897501033401
-0.021134285946088002, -0.064068125787198, 0.31460450209562, 0.039554881531843, -0.068117260682947, -0.028764113165474003
0.0009309535367661, -0.055568275405080005, 0.22332538790282, 0.045834868987535006, -0.065826993665054, -0.021456013841901003
-0.036947034461853004, -0.043697546537576, 0.28409973618288, 0.056421104841043006, -0.08725269448397201, -0.020370277886038003
0.042928030349627, -0.039801533424680006, 0.09068212429321401, 0.053743127301250006, -0.16151509811086, -0.010365386810516
0.051867487773728, -0.042778172429291, 0.021012123882959, 0.055590378930845, -0.17881346784051, -0.018778799563003
0.025697997641230003, -0.042716651286553005, 0.14766711531254, 0.048432942829694, -0.11881138511494, -0.021121371534032003
0.018598060055455, -0.046980372141498, 0.14248402936082, 0.045693026242192, -0.10298411665132, -0.020962668392669002
0.018179572925704, -0.038439958282508006, 0.13854027193698, 0.06011229487704001, -0.096837703482663, -0.025944090758950003
0.05044753172233601, -0.048569854564731, 0.07903949762969101, 0.053000309387626, -0.11578423081299, -0.024536905935492
0.047570678167440004, -0.040573944902222006, 0.025403871905830003, 0.050301495744961004, -0.091061027305709, -0.017439688193574002
0.030217005549735002, -0.042928636414220005, 0.06991385151711, 0.045650904694827, -0.08373234665010501, -0.025217205633989003
