Pichu
0.0, 0.0, 0.0, 0.0, 0.0, 0.0
0.015537386881052, 0.0005375475351549999, -0.098843108268353, 0.0077522899339686, 0.0020297972406747, 0.007586865309034
0.011841984870785001, 0.0002331509304111, -0.10778175339454, -0.010087330189189002, 0.02023555474001, 0.0068266883442822
0.023436265307919, -0.0044390404080558, -0.12948329007849, -0.031029541585831003, 0.049785598762806006, 0.0014170934800363
0.032309383461408, -0.0065111572696781, -0.15308155377886, -0.033921863989025004, 0.070594169950192, -0.0077300773737223
0.030735217805513002, 0.0002970158160299, -0.16279776452465, -0.034977308466474004, 0.07940039698491501, -0.017085925234041
0.044404689530181, 0.005367974190609, -0.16418501613498, -0.042969595736948, 0.067853669658784, -0.0029905666095911
0.07160866486259801, 0.013156599259539001, -0.1236601255864, -0.034991712329565, 0.020360399336071002, 0.007337174264878
0.056292628078102, 0.0020452799925481, -0.16722891995908, -0.0039450101965239, 0.058439893532139006, -0.0042986302475958
0.039723021213035004, 0.0047635364526659, -0.08053899371197501, -0.028586523306188, 0.080707648315278, -0.0027103797211771
0.041536913088759, 0.0024524227735927, -0.06556322722296401, -0.037568886608276, 0.049734028397455006, -0.010592981499782
0.038963267228046, 0.0058199785055584995, -0.06641722684401301, -0.042336520276263, 0.039283182822320004, -0.018890707923247003
0.035150837394498, 0.008896609082933599, -0.013810664428046002, -0.039101471180616, 0.021724439962887, -0.010544903484746002
0.056462252258301, 0.010687024398152, -0.022571679910989, -0.020533748451935, -0.014610621682988002, -0.0091296391876412
0.051796615260516, 0.0055562061871855, -0.046620429064243005, -0.030157242750921003, -0.0056462376861752, 0.0039607339941048
0.032835368229378, 0.0062747691754243, 0.033626270842122004, -0.025869633748358004, -0.010090593484972, -0.013643328658925001
0.09251089574821501, 0.0019782756142221, 0.031163044828311004, -0.024476113908950003, -0.032264873115975, 0.013191623615733
0.038978119567852, -0.017522113430068, 0.022388640291459, -0.027163236271577, 0.0059010199120618, -0.0081928768348326
0.0086576122526047, -0.0061596232743914995, 0.12930980383709, 0.055883091561371, -0.030076771350915004, -0.67191933837766
-0.10764451240069, -0.018227271472985, 0.13358986457726, 0.30824087414754, -0.13566888464821, -1.5120099343486353
-0.11777102276643, -0.015741124594456, 0.4609275410623, 0.22909374972999, -0.051448443026521004, -1.2480897449901898
-0.18000677169095, 0.17753308822501, 0.63152533393284, -0.53531208040117, -0.37067904320632, 0.69615206195627
-0.12755972097703, 0.32306186909591, 0.89793838053309, -0.5618721340486, -0.2747250616635, 1.1849724580630099
0.011826808851, 0.35718361939895, 1.088277105883864, -0.48789762188673, -0.29427491358643, 1.2124579758088674
0.08704583162168801, 0.30584845286376, 0.9879534792212, -0.52223752661727, -0.28296047871039, 0.9487628991301
0.11453368316977, 0.21330596046216, 0.7770639992702, -0.54578825459184, -0.29194124303347, 0.71997858953028
0.091678265860595, 0.020743810256346, 0.46653933070749, -0.63299060048458, -0.26594210245941, -0.025520850173079004
0.07176400124498701, -0.09733309740835601, 0.2473400673237, -0.61599247461436, -0.20819807104185, -0.73828161228191
0.11768318200119, -0.14202497850875, 0.28191442840413, -0.65280217297263, -0.19173448593184, -0.74933260302597
0.12148750133365, 0.020323402282655, 0.42876321463949, -0.57880367447482, -0.19266491191193, 0.35550359937254
0.039525809551777, 0.1889929730343, 0.63370462317987, -0.54465309159336, -0.27783682101718, 1.7341243431668165
-0.073915496588836, 0.20011299668089, 0.64743247877944, -0.78074582718842, -0.47485385075169, 1.2817158784643383
-0.070382397558677, 0.075553447103286, 0.59821928786146, -0.97845097585581, -1.0513522761638132, 0.48831163800771
-0.07606906413196, -0.07802410634253301, 0.61891198296115, -0.90403423242147, -1.1428494669130365, -0.2629710137035
0.067361065118545, -0.15653459406028, 0.92521875542718, -0.60233050991619, -0.73496403351807, -0.72499275958223
0.41261901953534, -0.12879346325192, 0.9854737445609, -0.42184319380151, -0.32424688489255, -0.04947036898908801
0.40383320622478, 0.027646630869286003, 0.71609042958791, -0.52113226335703, -0.19561530515071, 1.119000557906547
0.2089958862752, 0.07169449090443901, 0.61856613880016, -0.75757761447949, -0.46501123230937, 1.4870692898269426
0.082362554178835, -0.015434140279035, 0.65544081802383, -0.77920419797713, -0.69937985928038, 0.94541102043972
0.089193085843351, -0.080455466730697, 0.74418983064516, -0.2942180752348, -0.60975455364289, -0.38385043596338
0.12735062662662, -0.08185799251723401, 0.76330795772091, -0.084567561969831, -0.2345674231079, -0.77761585267536
0.35872944705431, -0.048520118503616004, 0.76107163590806, -0.27324537118172, 0.15291760300073, -0.55221888749152
0.43392882953332, 0.0036799317910815, 0.54402507518579, -0.78666267241443, 0.06697643176411801, -0.2037594139658
0.33913733740355, 0.019353494370007003, 0.56153464798342, -1.1423359498349475, -0.24277262364379, 0.18381659481935
0.18874642581236, -0.030668441556404004, 0.60216149273248, -1.1381993644556634, -0.57170887734258, 0.21976726558867
0.24411075434117, -0.054225142406884, 0.55728560295728, -0.92236151442131, -0.55877065320848, 0.059240875010497004
0.25429496740435, -0.099699214092293, 0.53370565737842, -0.73391416550458, -0.54434925867639, -0.23055092841946
0.16031780013127, -0.12301384347333, 0.50985441243848, -0.86964699927938, -0.46731066041109, -0.21481312958713
0.13568704323166, -0.13947086099813, 0.40989087419352, -1.0474989744931642, -0.037686233363822, 0.10639391660866
0.067204916163721, -0.13466528874797, 0.23664530289953, -1.2371734778015477, -0.060998720216767006, 0.45252816724801
0.05194395976661301, -0.16771995333705, 0.13589354952252, -1.2299847049756312, -0.52730815463837, 0.45295772549567
-0.10278282271142, -0.17181604719687, 0.18672351629416, -1.214490241435199, -0.67908696968679, 0.52197751328634
-0.025587897849901002, -0.17369765175098, 0.13026819879561, -1.1223708780064197, -0.86665121857901, 0.42957019040047
-0.18178232138648, -0.21609309804404, -0.11051811979876, -0.75455696517356, -1.2768073801097866, 0.23292311938312
-0.3120400540217, -0.23322192873862, -0.10901691677083, -0.51167291156883, -1.2195912181935642, 0.032870257214086006
-0.27045008736016, -0.26890475381391, 0.10584948963207, -0.32916242748401, -0.93300287573638, -0.19627124766526
-0.12738800337844, -0.33985945407042, 0.51609662952474, -0.66132090126513, -0.56043019582442, -0.37542484856985
0.21905786668755, -0.41614877850124, 0.17862036692984, -1.243829901840953, -0.14313132610677, -0.58518910583686
0.25295297512572, -0.46283512714200997, -0.20178483107482, -1.6284459119096706, 0.36562561289131, -0.13684428479947
-0.047082279459796005, -0.49616788044505, -0.354427488711, -1.9102321560135576, -0.29295668137555, 0.51884076723557
-0.13456452933231, -0.42630941519848, -0.62890250054784, -1.2309901587013645, -1.058765113380269, 0.43576884366645
-0.27542377020424, -0.15602033705903, -0.66913920395377, 0.22419361061762, -1.1993105582169807, -0.26404143068575
-0.42099147036628, -0.1848934329041, -0.053407745345066, -0.024945714386568, -0.41068101885606, -0.43157561899002
0.11302014294771, -0.27340676374044, 0.14900825916349, -0.64834957123352, -0.19091845111523, -0.18843995471139
-0.0020871524879925, -0.21334321429231, -0.24377548805413, -0.94125048631448, -0.22319213785443, 0.77715761188463
-0.29506356961911, -0.27972481051291, -0.62820641278769, -1.3721368515683225, -0.68267307155923, 1.5776898804210417
-0.38850509774491, -0.29337147462903, -0.46604810633706, -0.9248482827374, -0.9952850125298, 0.92612378263191
-0.44412428990181, -0.18518899304575, -0.3138388485806, 0.077470133747431, -1.0248419074125126, 0.16274441581529
-0.44208383485516, -0.14006517418772, -0.078369396484844, 0.26268903551989, -0.63184547332386, -0.042145917605221
-0.19710915366698, -0.11471478998373, 0.18948595806009, 0.022272924934452, -0.46357243568716, 0.18166567056861
-0.069644012345631, -0.082966476171018, 0.21126356732383, -0.52000018099519, -0.45035493076918, 1.112968753270275
-0.16039928105499, -0.10237280947326, -0.0065107787959571, -0.83273925782253, -0.5328434988531, 1.468109747325911
-0.31807485316694, -0.18092701725438, 0.056469254303868004, -0.3371694942171, -0.92334743928558, 0.82046731275122
-0.5356298724448, -0.23228073409283, 0.29129297987047, 0.20496438873778, -0.8726453164038, 0.0046539082267252
-0.09587770393778701, -0.19346886485029, 0.74816658018025, 0.13030000238974, -0.3575474588719, -0.18738467840529
0.3065511232921, -0.21516456563174, -0.11518385295477, -0.78999736611389, -0.046182878860245004, 0.19837759955095
-0.19303936482048, -0.39206057708221, -0.55916330164734, -2.085239349652273, -0.0064453591256639, 1.0217493155370139
-0.23085782639125, -0.3066352633919, -0.16521030787745, -1.214187367019477, -0.49793820691455, 0.6639938897716
-0.27971248759372, -0.23030264163948, 0.22159103904964, -0.08816990999759701, -0.75718255477256, -0.016195373187371
-0.19824432404651, -0.21957859303728, 0.63378276332124, 0.024363411298426, -0.29801480381524, -0.39800623388198
0.40718788082525, -0.19578916921677, 0.71332055465477, -0.29164048316186, 0.16732651939124, -0.26095300187459
0.68604892748522, -0.15335914618337, 0.36941387521275, -0.72879619423147, 0.73250919308338, 0.12929827997954
0.55108235889465, -0.10645636697, 0.44985643516781, -1.0673206504118888, 1.044292256766125, 0.70956429584513
0.15099051839112, -0.16961494999518, 0.59831650904444, -1.0754256804698636, -0.09423464041459201, 0.63335223736703
-0.23763020292034, -0.1273919935293, 0.40204273424154, 0.22069976068374, -1.133389134378406, -0.75251504650575
-0.41919609223766, -0.1647363673878, 0.89546373421158, 0.17075611046633, -0.14752635947221, -1.0528234120669575
0.24070733126446, -0.27172729099906, 0.94302045835674, -0.49652199390091, 0.46957077633181, -0.63828455021105
0.28903898848008, -0.29557184275088, 0.46015122550164, -1.2600797020743673, 0.93338776377367, -0.21052066439572
0.0054121994368696, -0.31509919609529, 0.2015838470724, -2.0417082881819906, 0.72165043072804, 0.79685790553215
-0.06919804545539601, -0.41349888402032, 0.13277805106738, -1.8838120300455579, -0.73831079625944, 0.8034586225321
0.17074228906308, -0.2643007907692, -0.7120264362228, 0.085671491345329, -2.676220357330147, -0.55973381539269
-0.34378447278374, -0.20960296968097, -0.37791077006747, 0.52309843527968, -1.1530827238168933, -1.246440093907602
-0.083620069340003, -0.23544092077745, 0.24026274152206, 0.26460604132221, 0.011539361910034001, -1.1616482687808072
0.13025979014504, -0.4557433251607, -0.37063041571337, -1.0949696758926728, 0.73398045715919, -0.10458793047463
-0.28562858769638, -0.68198499154889, -0.71879710767649, -2.5771548304798375, 1.238153959292631, 0.98829503095374
-0.14587719686005, -0.54767266840387, -0.30771173099732, -1.8518143836883305, -0.51753843981014, 0.71006263239781
-0.42589178024108, -0.47270216353169, -0.3546022641667, -0.92091208442691, -2.1210349963596205, -0.24444145870231
-0.6908925581423, -0.36404912665306, 0.07182220491712901, -0.13462910143503, -1.2952713768689015, -1.263658734781181
-0.25709136875653, -0.32807835639035, 0.68711235186542, -0.16907829896781, -0.30375889728684, -1.158933315614586
0.40040180542567, -0.32965687105177, 0.4874440047004, -0.92981300471557, 0.31880531471668, -0.10540653959205
0.29840492175116, -0.28587501292905, 0.13336289452546, -1.6800630818428628, 1.1773087318687105, 0.63945659567792
-0.024301005506506, -0.28561214805282, 0.49135312192857, -1.9325277903571851, 0.50646379508526, 0.92993626840395
-0.27491838968198, -0.43745955835388, 0.80322785759168, -1.1992359410771036, -0.36009819312586, 0.045124464269165006
-0.31631806123992, -0.50557088117243, 1.1613371171411473, -0.52548466165167, -0.19310682071513, -0.87156206930581
-0.094622922728399, -0.41347270802744, 1.0686394068541358, -0.32215151172261, 0.3452686759154, -0.90205632415428
0.1402376513805, -0.16059149754637, 0.41478379357393, -0.4319250453263, 1.1828515474734596, 0.57861153980419
0.05575766272202701, -0.09300128424767001, -0.035421427246589005, -0.85052864456077, 1.1150629415247992, 1.7282356467116897
-0.05298392444848601, -0.21001332442096, 0.0073828621836115, -1.6354827366804858, -0.26738867099499, 1.9386817196516075
-0.16247896415691, -0.23782985179777, 0.44560383453661, -1.4023129177870268, -0.25274297390901, 0.64380593961278
0.07697218849578201, -0.18305085577467, 0.35396910437416, -0.45354867408704, 0.13910145468089, -0.95628894145546
-0.049942270494649006, 0.011910415630422002, 0.44453792657125, 0.22584134897603, 0.61815227819854, -0.95428362132944
0.16829598514704, -0.0041647028078706, 0.06732864312587701, -0.38620431689747, 1.5084858452504641, 0.26852428290379
0.13477955006105, -0.0025763370044137998, -0.28690364865014, -0.66189056623856, 1.7303878097048853, 1.1340905829986687
0.051986027168883, -0.10111297203699, 0.068264964493408, -0.64698894373995, -0.40955819210818, 1.1078983888129659
-0.050151290209306004, -0.31137449161343, 0.005753762166769, -0.056416192403195, -1.3898350700786375, -0.53898448893016
-0.37845164274288, -0.33464520932779, 0.60513385482095, 0.21176295309664, -0.19290339524569, -1.2338946922771223
0.08393041378720101, -0.2734330693021, 0.4449303700927, -0.33673866444039, 0.59113232476205, -0.2851894839928
-0.076384058290068, -0.16847586561172, -0.15665182556829, -1.2634979327742724, -0.19602589680785, 1.321891269136262
-0.17940873344956, -0.24226684090929, -0.16095921649176, -1.5297089337547076, -0.66458991640762, 1.5960300701773305
-0.060552688108330005, -0.28238576734032, 0.14299971974784, -0.52888408678382, -0.97130522176266, 0.10804869455784
-0.27180342427812, -0.27964778981054, 0.29579310370123, 0.33333414584647, -0.86243735417396, -0.58063927594834
-0.055821952952008, -0.18310769612837, 0.66782188093009, 0.025239118349096003, 0.08594835469659201, -0.17275899464141
0.1500680561659, -0.08335822917949501, -0.1406159050199, -1.1444769613014418, 0.43625077705402, 0.65837896512712
0.066438867061114, -0.13983756755748, -0.26777988057425, -1.6060118353285402, 0.5930646984967199, 0.92243561907421
0.045718483628796006, -0.1601455918701, -0.044599173831707, -1.4336781662972853, 0.045140355699408004, 0.90108122046949
-0.013049806831019, -0.26222273935873, 0.016229867594439, -1.0535884302027212, -0.42629666350231, 0.29905271824985
-0.017748412200243, -0.22543461097862, 0.10047832946554, -0.30395492755986, -0.59808913702634, -0.46231509543313
0.046984322140473, -0.20610839783294, 0.29536262929336, -0.36294980857673, -0.017801813093681, -0.25276615030482
0.17170282893019, -0.17272412891265, 0.30438905019156, -0.61469189081945, 0.31231070781884, 0.099187684887134
0.22801437384946, -0.1687591446152, 0.071333921548064, -0.78935635927237, 0.45559960921746, 0.3421108635224
0.27243704960146, -0.18072770175125, 0.11039223214967, -0.77656467377742, 0.41053359360353, 0.37152632496088
0.2391803907863, -0.18698951392848, 0.09536131794918701, -0.7709538719979, 0.38332490400926, 0.35733660692421
0.2074996322088, -0.20129546236214, 0.08090215632143201, -0.77813197837329, 0.37833451868905, 0.33995919457633
0.22362985241146, -0.20408347980104, 0.08007444655377301, -0.80008954218381, 0.37817610484036, 0.33383130264039
0.25278863872224, -0.20094213302762, 0.064040938990677, -0.81347392173278, 0.36850468869303, 0.34736139492336
0.25770764295547, -0.20568673483813, 0.039634184747245005, -0.8075368853891, 0.37385756087141, 0.34194804830215
0.22822646531811, -0.19826995820344, 0.05508593343333101, -0.80510685753288, 0.36502515758162, 0.35231538634726
0.21838000230586, -0.206902686664, 0.09165765617059, -0.80253740078613, 0.37206388646945, 0.35102387303433
0.22636778901686, -0.19644972681194, 0.0082552991721517, -0.78139466148353, 0.37375905889623, 0.34637103949116
0.19327063410276, -0.20308709557352, -0.0043856013044015, -0.80355184106302, 0.42926182399052, 0.3593022266598
0.17803673376573, -0.20853932375189, 0.062274752428791005, -0.80640233525036, 0.41357511297908, 0.36596080001476
0.20600549743559, -0.211826832617, 0.010619709482084001, -0.79719859177513, 0.39408682836604, 0.38471646291499
0.2253458933326, -0.20531319573188, -0.0017252959203316, -0.79537736303423, 0.38767725844983, 0.38457624924429
0.23201263370924, -0.20618235634057, -0.031097262565799002, -0.78888532185445, 0.42250089693307, 0.38288122671722
0.23644213480481, -0.20272098428732, -0.038452741382282, -0.78740169477117, 0.43312729770051, 0.38525988214482
0.266777727603, -0.2014732646285, -0.07352351899352201, -0.78947083873287, 0.37890430172697, 0.40158655881181
0.25539950428975, -0.19583076207403, -0.10684405672407, -0.78013320450396, 0.37021939478814, 0.40015129956888
0.22737956273597, -0.19092526036515, -0.024607492497482, -0.77840021893884, 0.37337664187916, 0.40824207488013
0.24731795828932, -0.19187962936845, -0.09059401718952301, -0.76067819042, 0.41005191032932, 0.41728908987912
0.24243149839083, -0.19508085816499, -0.042762027545661004, -0.77332491865389, 0.42495653469619, 0.41118829205484
0.26684444470503, -0.18770810667366, -0.044665744695616, -0.77335394409036, 0.42693039873859, 0.41525773571044
0.25357488440616, -0.17343274105905, -0.0044209575703514, -0.77174000078236, 0.39616290189807, 0.42756399935881
0.19777512250538, -0.17095194219312, 0.18288906377589, -0.9020987465315, 0.56984062715445, 0.55220066167827
0.19419599502417, -0.20728174226063, 0.14462883112047, -0.81479239740766, 0.43734535809666, 0.46675348999708
0.092955186251077, -0.22899291265337, 0.10977866490184, -0.76907403369911, 0.42282648044398, 0.38882757995524
0.17195940070676, -0.1954058511258, 0.32183973060268, -0.8062485202217, 0.38850448482913, 0.467980529877
0.17689030105065, -0.2128942965339, 0.16634648836042, -0.81863734200165, 0.39622371341364, 0.45656380433889
0.20712954531103, -0.20120599635509, 0.15657375845871999, -0.80406904317115, 0.37017868943063, 0.4525987738447
0.22258944299539, -0.19639487129976, 0.13077157411283, -0.80826458348603, 0.35310068931053, 0.44649505113253
0.22162737839121, -0.1996153357425, 0.10770295006592, -0.82256877905885, 0.3242656824997, 0.4476319049858
0.24951481076447, -0.20534510973722, 0.010248361338021001, -0.78638685380849, 0.27759408666075, 0.4477568318985
0.2169331052014, -0.20798946455764, 0.06717679740138101, -0.7769573836684, 0.34583570624071, 0.45919551147202
0.23831408806065, -0.20762264584615, 0.065113910585398, -0.80462360759911, 0.3534920892596, 0.47093838318595
0.2389880241428, -0.20713232899328, 0.1044611089391, -0.79079897234329, 0.33920865243708, 0.47338620860132
0.21783237756858, -0.20668678729347, 0.10413023198006, -0.79300538458315, 0.21698168812734, 0.46918482101019
-0.010960130261886001, -0.22561603652128, -0.07334295658793501, -0.64900981820714, -0.78180141536513, 0.3119844414794
-0.33059258966755, -0.25060358031088, -0.030131374114899002, -0.63054900976023, -1.106626188583195, 0.20303432215197
-0.12687785644081, -0.23527519235735, 0.15374880695534, -0.71182492089399, -0.62434750774507, 0.25260164314964
-0.078141886633284, -0.25280873744534, 0.19327840261621, -0.690907530006, -0.51645864248988, 0.2378618388264
0.0009976953166772, -0.24096358383777, 0.16126804093344, -0.70453827533964, -0.54098141008905, 0.25480182587304
0.014290625723634001, -0.2459726565881, 0.1048883403035, -0.71173555383894, -0.55701732823598, 0.26899708324083
0.044934779009559, -0.24504276484178, 0.09561731842423601, -0.70613779367748, -0.56404403698056, 0.26241989102814
-0.016695540815381, -0.24363214844759, 0.18516002781141, -0.70479906620559, -0.61861083233207, 0.26329990144204
0.04216419842596, -0.23707035406003, 0.14067199039369, -0.68822607791469, -0.67581079613506, 0.26321695218647
0.052437081477217005, -0.23944351513924, 0.16593103045194, -0.68786093477107, -0.63163504467197, 0.27460492594814
0.07076587725423, -0.2320724644377, 0.14216011209268, -0.70010546748337, -0.61252435939293, 0.27027547361588
0.081532832560504, -0.23419391622545, 0.15796845010979, -0.70182415473609, -0.60980458878617, 0.26632630655631
0.071601650882522, -0.23456755622821, 0.16409212425616, -0.70192099968237, -0.61944782036122, 0.26490931450032
0.07408560058838701, -0.23154966844781, 0.23250054394019, -0.70204229620432, -0.62097634693691, 0.27240716186048
0.08756761421383001, -0.23317313394534, 0.19750660346116, -0.70840262965186, -0.62793599087007, 0.26933878524656
0.077708871448951, -0.23995619859871, 0.20046418399753, -0.69757080402036, -0.6156521413088, 0.28471358924793
0.07069133778235201, -0.23810143077436, 0.21608231250143, -0.7007263884842, -0.61544659049022, 0.27494511626822
0.088608190284018, -0.23522358513188, 0.2244059157061, -0.69707236457703, -0.59798296884539, 0.28101082383889
0.091201787468434, -0.23107168820505, 0.21048464825424, -0.692004319363, -0.5933441044229399, 0.27276265511129
0.090798988986585, -0.22971411660393, 0.20206951095519, -0.67920827774988, -0.587402679838, 0.27134654255378
0.07076230205611801, -0.23062929891706999, 0.22606642515227, -0.68556947324961, -0.61047127997001, 0.28319023341402
0.075354624362685, -0.23207690757181, 0.15447377280143, -0.69062043034231, -0.58442585907278, 0.28940177826273
0.06559132155664, -0.23352395591123, 0.15803805920975, -0.70260277690334, -0.55644107705686, 0.28936413401692
0.08411791593341, -0.2297581812671, 0.17048839001618, -0.70419572151329, -0.55618533058586, 0.28940147787084
0.090213954531371, -0.23168849140755, 0.14931568564962, -0.71164066763426, -0.53962903741112, 0.28856365595323
0.12110587146621, -0.22235827397784, 0.11785817475862, -0.70984914026536, -0.54727446198357, 0.28773766579901
0.11626221316359, -0.21813779978083, 0.10446642733823, -0.6995676818588, -0.56048399240372, 0.30403782423744
0.148873989843, -0.21924908736614, 0.07692493587244001, -0.69582469935022, -0.55663521687418, 0.31232316275629
0.12657851927521, -0.22051099206384, 0.076608829943036, -0.68843530816429, -0.5280243864661, 0.31141486987074
0.13661436695734, -0.21620223293304, 0.16403950252966, -0.69402528981265, -0.5478355862794, 0.29887486800161
0.13467783493646, -0.22074735778958, 0.18900704603077, -0.6919478370709, -0.5740630534561, 0.30151291250002
0.13329311469612, -0.22010096439754, 0.23081722721224, -0.68815873286235, -0.56350071798048, 0.2937799298093
0.098092696400754, -0.21735946771183, 0.29059545413836, -0.69108187712731, -0.55309184259088, 0.29731282000891
0.1014129591899, -0.21333620120515, 0.26359908668755, -0.67856049791406, -0.55060886578506, 0.30903268848449
0.07988479621547301, -0.21926934903294, 0.24841582824454, -0.68958690385842, -0.55418322165476, 0.30722846943386
0.086037738375177, -0.21997772418911, 0.26352104126473, -0.69867219415294, -0.55111153806439, 0.30516170458925
0.10457052893508, -0.22361771468762, 0.23665692617067, -0.70972039000269, -0.55677207508688, 0.2971521604502
0.09664209281581601, -0.23140781454758, 0.21592531307362, -0.71176680625817, -0.5392596844216, 0.29466570306192
0.08795731849781101, -0.23525358154175, 0.20251635489857, -0.72345636410632, -0.55558656770175, 0.29894588005975
0.10870117123313, -0.24213945757609, 0.16814680538581, -0.73651780693377, -0.56112692402761, 0.30690753497756
0.1236310404264, -0.23252571317209, 0.16689258781054, -0.72205867380838, -0.54538033231871, 0.31769842333794
0.10941608562126, -0.23342319930273, 0.1715196832667, -0.73395448354022, -0.52880927014072, 0.30815457993328
0.12076376311244, -0.23262676350246, 0.12458874351641, -0.73922816931994, -0.50130100295147, 0.3078897643094
0.13597886582517, -0.23125354086219, 0.088614825012627, -0.75343814833491, -0.47753447314485, 0.30836298827407
0.14534348001771, -0.23501334239764, 0.07234129350187901, -0.79222242100634, -0.46932356447764, 0.30784271810792
0.13934848756373, -0.20912381137054, 0.13775426422307, -0.92509020738435, -0.3963506161741, 0.32815526648243
0.16908900161666, -0.23593747100538, 0.031823344008614, -0.93263400702717, -0.4887162620957, 0.33913411081119
0.13958774025343, -0.26759399027947, 0.0088971191051952, -0.89272734225135, -0.49183469241202, 0.29146757466999
0.11909597193588, -0.26743563982473, 0.051679341186720004, -0.84076660565901, -0.4950781397567, 0.27667031229224
0.14541719102272, -0.26149241230942, 0.08665204138219901, -0.83461089326041, -0.50151431869511, 0.27777256479007
0.14898121873602, -0.26029393227487, 0.1093373201044, -0.83169543517398, -0.50228432351191, 0.27858178788426
0.15399669571367, -0.25808680059024, 0.14601019572192, -0.81490280983629, -0.54713662310422, 0.28773772028662
0.15176009280668, -0.2687683820504, 0.14766639779477, -0.79508034820918, -0.55038408206426, 0.28212319273152
0.13544261084868, -0.25363254390052997, 0.22686254485337, -0.79184358695841, -0.55222240140406, 0.29760085580637
0.14766331381671, -0.23833713398658, 0.17443270052216, -0.78485008448875, -0.5579615320038, 0.29873416625646
0.1503736620269, -0.23053471872075, 0.14364701712126, -0.77886412849059, -0.53595640825352, 0.29099262989674
0.14925135998271, -0.2319675681285, 0.14585747554555, -0.77037665414687, -0.56902144091292, 0.29628800065565
0.14968750760139, -0.23975973966244, 0.12032755323598, -0.77121194562433, -0.60889375642787, 0.28740979627764
0.15712349499822, -0.23769109157578, 0.07070075712143101, -0.74001200670996, -0.60475977942649, 0.27635567567617
0.11731842522398, -0.24572000154871, 0.14234457417176, -0.76036249489242, -0.58971149405433, 0.29046604115018
0.13305352237003, -0.24737999059435, 0.19418199552768, -0.75389281781541, -0.56475632896897, 0.31028003581132
0.14032101517331, -0.24013439620695, 0.17637817889492, -0.75553653622124, -0.54907976438532, 0.29681767373334
0.14828422290828, -0.2403313527661, 0.15051474002415, -0.74688964098283, -0.54644025850478, 0.2879137132157
0.14314058649643, -0.24196254618027999, 0.17290826537222, -0.74629680390476, -0.56293821071333, 0.28272236358541
0.16644857209915, -0.24299470100803, 0.08690295606001801, -0.74093285966365, -0.55547145208231, 0.29407117381177
0.13792925112951, -0.23732558383276, 0.07411707833181501, -0.75842044500335, -0.50270695175929, 0.29834120563682
0.16374137565766, -0.24735264235298, 0.13140125592982, -0.7646001907014, -0.54059056924924, 0.27206263975281
0.15871284742539, -0.25326928505082, 0.11473159788791, -0.77839743736203, -0.49869585450315, 0.26364026418875
0.16550438635819, -0.23476816144304, 0.10543645522739, -0.75731642322789, -0.51077963326369, 0.2696153984638
0.15867516421452, -0.24086161315591, 0.06000558371801001, -0.78511648329468, -0.50499086558455, 0.2909360580739
0.17086019884222, -0.2350298478047, 0.11461501431697, -0.78009948835158, -0.54331780061915, 0.30965141352321
0.17105881340726, -0.2406972647085, 0.13189362900423, -0.74649953172321, -0.53320680562974, 0.2762986969602
0.12868667386733, -0.25479788189599, 0.17523932255208, -0.74077987646813, -0.52090226224232, 0.26468018767406
0.17629960266912, -0.24994386351501, 0.13206149878544, -0.7372078255886, -0.53451433931203, 0.28445876957024
0.18251298145417, -0.24363579022541, 0.15379883145202, -0.73612124250443, -0.56325068250754, 0.28856934743569
0.16312014838293, -0.23632622032854, 0.21157664662331999, -0.71593202168688, -0.57422513689887, 0.2846043831414
0.16675083622056, -0.23936272689308, 0.14062745243416, -0.72150602257461, -0.56894732715151, 0.2778594123628
0.14031879245165, -0.24191297792459, 0.15865348421662, -0.72996869863412, -0.54991502558024, 0.27989277795789
0.15400385301619, -0.24297892447113, 0.1803830847995, -0.7398280888312, -0.55913892047039, 0.27977607751258
0.1562543853714, -0.2465494633817, 0.24476610521673, -0.74468971552204, -0.56855956154851, 0.27564739891443
0.15720804798526, -0.24469150034601, 0.24070728076309, -0.73917869603051, -0.5878873279017, 0.27093769303608
0.13713166538851, -0.24524310405569, 0.27820562266636, -0.73477106122876, -0.60017549527805, 0.27788112546765
0.15240846294936, -0.24888837245155, 0.24246606416444, -0.73085849029339, -0.60049889683529, 0.28811241254083
0.15650959625386, -0.24683197131452, 0.19003385393607, -0.74098484486534, -0.59973024310958, 0.28736425385731
0.13531554868992, -0.24935456033079, 0.22077721487833, -0.74391877452569, -0.57955618190232, 0.28833977241999
0.13555693128622, -0.24841189853412, 0.19716456680847, -0.74298383976006, -0.568961997557, 0.27888868530009
0.13531901020546, -0.24312127481878, 0.2116864256598, -0.73884040193612, -0.5876762702192599, 0.28482335636781
0.14781781114164, -0.24598603890659, 0.18881225675005, -0.74362884263105, -0.58334014968873, 0.27922517068928
0.13923257669091, -0.24066596514825, 0.19021537637649, -0.74961698119615, -0.58943937000522, 0.29132775000239
0.15572869445013, -0.24136088230638, 0.10808636714659, -0.75106486309668, -0.57818422577712, 0.29406101279907
0.14186764625277, -0.24004875146345, 0.11783389270393, -0.75270194115813, -0.54500146120974, 0.29070827409529
0.16699642113769, -0.24932346846579, 0.041914314939676005, -0.76857630341702, -0.51691464449692, 0.2936909072363
0.16197754084235, -0.24249223216962, 0.047369301913539004, -0.75236024561451, -0.51258811187559, 0.2887153417729
0.19405426098398, -0.23717317016499, 0.022163960924694002, -0.74971099771034, -0.5222713973792, 0.28215583710538
0.16244139962046, -0.2426636975833, -0.020940897055427003, -0.72129291878088, -0.5534837998704, 0.27242352120442
0.16621094286307, -0.23760674958213, 0.050723237807357005, -0.72199264230702, -0.56382600133091, 0.27794811738232
0.189395045838, -0.23858958731327, 0.13211382417356, -0.73289732475983, -0.55239628800241, 0.28317403845339
0.18394287334263, -0.24092161492555, 0.19405829986882, -0.74431506852496, -0.56172613739031, 0.27305983169124
0.18760958527982, -0.24839044767155, 0.21192123646146, -0.74646094081759, -0.54256336292112, 0.27428031102282
0.17783974725916, -0.23847030143766, 0.22652789520266, -0.74197912142438, -0.53769671000793, 0.27138062055143
0.15113670798468, -0.23094745826644, 0.2790452396149, -0.7413434459361, -0.53837227058622, 0.28234535908025
0.16091563183441, -0.23729726380639, 0.21816744382428, -0.73544684765745, -0.55107578776127, 0.27722961360168
0.15768622787106, -0.2449488587978, 0.20598650244911, -0.74550258266095, -0.53686731451005, 0.27400176345562
0.18430497680702, -0.241995869945, 0.21924056196311, -0.73736608239037, -0.52852684891864, 0.27000231907886
0.17263212579645, -0.24308157132978, 0.20679433491149, -0.73585005361948, -0.51500182398849, 0.26505853243201
0.17615286009688, -0.23736753263689, 0.21206564943248, -0.73367582802133, -0.51546154620646, 0.25914771827981
0.1719093793269, -0.24024988688673, 0.25058387692831, -0.73997813689554, -0.54623709842433, 0.27169040849165
0.18115720627496, -0.23608028619461, 0.25232780414142, -0.79009884657579, -0.52965562863849, 0.30592472045522
0.17544000523954, -0.18837527390582, 0.2019226051075, -0.94272883046085, -0.38967889027483, 0.4611529754965
0.17334950356519999, -0.18998601164393, 0.26826509722809, -0.97253757070972, -0.43966884908111, 0.53983760261954
0.20625472572173, -0.1914220404797, 0.24159986567507, -0.99382564232908, -0.4533020670498, 0.54135779520986
0.19165262314343, -0.20801966338371, 0.20572722828668, -0.98048365564652, -0.48061450722362, 0.49117913376137
0.22407323649401, -0.1897459881824, 0.0044853977829262, -0.88489139804988, -0.451916842973, 0.42803540908687
0.16891859680576, -0.21285310019691, -0.22756375077984, -0.93883885109093, -0.48080415995588, 0.36327687388809
0.13812138987252, -0.1917498575112, -0.039310848368465004, -1.0245593554155037, -0.54425879122977, 0.30440813917307
0.08424909653062401, -0.23126288011081, 0.072884137103373, -0.88316199965823, -0.53154371531229, 0.28765495937157
0.035940558638575, -0.22210372086162, 0.25825104636553, -0.86147109283195, -0.53086282938345, 0.24349054740318
0.13545628597139, -0.22670110620672, 0.28879430912214, -0.86603094235068, -0.53478515959941, 0.25373726820382
0.12998253184816, -0.21528220831833, 0.24830177935425, -0.80999103365474, -0.53039485251362, 0.27849569280359
0.1776978530223, -0.20208618013936, 0.023438660149603, -0.75295271879736, -0.48677441504083, 0.26163682746643
0.22174039844522, -0.22886556867638, -0.22311812878286, -0.80425037382401, -0.5384078998315, 0.28604415685248
0.19801381638487, -0.23733845734465, -0.0070598931000957, -0.82061390352608, -0.47429480000559, 0.28515423312029
0.27488978370702, -0.2583720184484, 0.1248787260328, -0.79700335264805, -0.45155539793256, 0.25687617670552
0.22829189510973, -0.25265760993701, 0.098795631111335, -0.77690237943993, -0.37633956218974, 0.2769556184324
0.19265109865722, -0.2345389288673, 0.23743759276354, -0.74857727348089, -0.40319069270404, 0.28310546077223
0.28465257354563, -0.22747377496505, 0.1580594182366, -0.76102749564247, -0.38621205068843, 0.29856828020026
0.1852026477704, -0.25545042299256, 0.085728807325398, -0.80026013985742, -0.409564491371, 0.33915756733666
0.27575874670889, -0.21414038515388, -0.085065600468419, -0.70005887823416, -0.45831841590936, 0.30918551728007
0.23370134409334, -0.1987001003496, -0.09759285840099001, -0.72098707948551, -0.3871542295034, 0.30030334247397
0.22579294327912, -0.21853164884573, -0.068026287571177, -0.76958573961831, -0.38259529200169, 0.29278515176671
0.18061983953062, -0.22923087903266, 0.0050610249227263, -0.76251328074628, -0.38089544136379, 0.26386306229176
0.17437495659681, -0.23541385726934, 0.1368650671123, -0.77412569829672, -0.40342278254613, 0.24696861406222
0.18135437050523, -0.19964165010119, 0.29978003559111, -0.75152033957314, -0.39936042114079, 0.25277917726321
0.21968809784089, -0.20835255860336, 0.28905794780251, -0.75768163821373, -0.44533751477779, 0.24129823241068
0.19381482456819, -0.22944709598557, 0.27382382632605, -0.71938722779956, -0.40612211209877, 0.24718227884468
0.12806543829391, -0.20666709171464, 0.2184093016917, -0.69441408240311, -0.36385236715382, 0.28018735385924
0.16712704480749, -0.21933899462755, 0.14462492374172, -0.7028454690175, -0.35719323177181, 0.27789132924664
0.16754737659178, -0.21902003617393, 0.11942403797242, -0.70803333510031, -0.33725337192101, 0.26138607707007
0.19601880968494, -0.21104423409014, 0.15091469234408, -0.69602515418972, -0.40948530366165, 0.25844158874256
0.17674606916574, -0.21733456641269, 0.24538420551848, -0.69486673636748, -0.40378049542849, 0.2808510000242
0.19176177199237, -0.21667285567363, 0.23655474196894, -0.6975155749058, -0.40479629381911, 0.28717980733243
0.17630772252224, -0.22041099237914, 0.22340857033644, -0.70620742876025, -0.42236074312621, 0.28464075839658
0.16633221663497, -0.22413739970932, 0.24715299632528, -0.70658870546767, -0.41699353094598, 0.27708064673788
0.16348064698795, -0.22514543121433, 0.23568928901312, -0.69547438355024, -0.42671430059998, 0.28628790573872
0.17133254845826, -0.21899467338931, 0.2508864117826, -0.68492303054637, -0.45457776170228, 0.28633970665365
0.17245801240354, -0.22097425770588, 0.26810123081919, -0.6792794070708, -0.47023122229487, 0.29585017359556
0.18753380839268, -0.21518481682295, 0.13559075289012, -0.67771193903797, -0.46303385300448, 0.2926842282941
0.18490203504918, -0.21877656157946, 0.15932891435024, -0.67371400268186, -0.4475794649581, 0.29918408719846
0.18658590685489, -0.21732323103792, 0.13106034816828, -0.67216765252309, -0.43261079701473, 0.30241984249682
0.1915083827792, -0.21510359604887, 0.12508039505789, -0.68341019860946, -0.415445261999, 0.30132113413417
0.18763920170562, -0.2071166566002, 0.092499462895842, -0.68201310723581, -0.40422645899625, 0.30414840765864
0.19496341620317, -0.20639900393432, 0.12470521400369, -0.6830513929778, -0.41284449017407, 0.31173410874060997
0.19968179533529, -0.21134371442724, 0.10747702261136, -0.68200019166718, -0.41683257932153, 0.31436543712717
0.18055235773893, -0.2115181212063, 0.18706645829503, -0.67063261989387, -0.41409529706637, 0.31136170558713
0.19256956969966, -0.21829559679805, 0.21177201653296, -0.66913582901812, -0.42051904098767, 0.31725088106221
0.18929020748355, -0.22170585131548, 0.23472730981597, -0.67266518446792, -0.43429447784375, 0.29604524737402
0.17757514560474, -0.21253620781604, 0.30022742111482, -0.66154523365582, -0.45676478459698, 0.3185329927276
0.21055131726473, -0.20561718995004, 0.21545280522302, -0.64806408645637, -0.47655961197244, 0.3237265803792
0.18834788290548, -0.20364381340672, 0.19663570863268, -0.65177783534264, -0.47620421774268, 0.32101785678261
0.1981861578878, -0.21578505517337, 0.21568630751727, -0.64165641137169, -0.47291375785003, 0.32213627134992
0.1798821866819, -0.21310460100831, 0.23635713512402, -0.64598551617256, -0.46290402424015, 0.31698294141473
0.1978113395075, -0.21389332879106, 0.22389548385933, -0.64285521678176, -0.47172718370724, 0.32734663446108
0.19783676310393, -0.21448686346934, 0.22136091716422, -0.63599157232826, -0.46926415588825, 0.32996374548961
0.16821373916704999, -0.21345393092253, 0.23743722208933, -0.62486656324333, -0.45429393730789, 0.33477776897224
0.10545785222423, -0.2228013067471, 0.40512805388817, -0.63385060443571, -0.44737143142095, 0.32228118392978
0.09654969127792401, -0.23989146890378, 0.52264723169343, -0.64538159858745, -0.47207660765676, 0.3355011997452
0.12686256117407, -0.19500144205872, 0.50192871799915, -0.60791748267025, -0.52080519910899, 0.33168644269545
0.18880857361102, -0.19803235925801, 0.2357030711391, -0.61802582182093, -0.43174231337145, 0.33319355006499
0.09587915332609401, -0.19623619200721, 0.12259560189938, -0.59764549013723, -0.33962742936645, 0.3370765427344
0.21073311255228, -0.21652892712786, 0.092636700450268, -0.63608217532428, -0.42370788113253, 0.32779341020072
0.2024041221414, -0.19846574481729, 0.23713029012546, -0.6189038074026, -0.4768058677169, 0.32311943384441
0.17174131654543, -0.18552003334043, 0.37617841830114, -0.61710010832394, -0.50216137068332, 0.30990866561299
0.25012708855772, -0.22079457513458, 0.17481620150279, -0.64919012425637, -0.3668341852178, 0.33967998478125
0.17973385570346, -0.22697622755709, -0.36666492787302, -0.67851436248359, -0.29168831514784, 0.34045241707213
0.21345803755896, -0.22583876161172, 0.029666623892026, -0.66889215293585, -0.26646529552361, 0.32789060146461
0.26558532957086, -0.21964269904713, 0.14042073191054, -0.64956495579488, -0.32120551475716, 0.32089698974159
0.11364858514427, -0.20908580464725, 0.5865188682132499, -0.64783032820715, -0.33301705252252, 0.3150367418862
0.019169159692518003, -0.20004995162463, 0.70819776246291, -0.63356187122118, -0.31432849842943, 0.30645481613774
0.16748669485288, -0.2185591881043, 0.50544502399985, -0.64778600705011, -0.34353067401491, 0.3271120620052
0.32370347926357, -0.22296899140489, 0.0091827894945417, -0.63452011105572, -0.29816172910723, 0.32132247202279
0.19428046216816, -0.23352983750132, -0.22008464357344, -0.66556689070875, -0.1917032678679, 0.31190396959116
0.29570950343676, -0.22116399620328, -0.06672472922913701, -0.65770374423911, -0.20188124954835, 0.31208193229591
0.31485818492885, -0.23432316439382, -0.067632626866147, -0.64566037356414, -0.24872402168809, 0.31504834042516
0.32752351847284, -0.23282724838767999, -0.089308851112271, -0.64178455832257, -0.23283114964933, 0.31126517162405
0.3308531284692, -0.23794680509137, -0.056999195171351005, -0.64585524180675, -0.24363583187914, 0.30523003779897
0.34378254580009, -0.235962246064, -0.061372540358404004, -0.63768584467585, -0.23992016369685, 0.30532343769439
0.33153278153198, -0.22985525884828, -0.049341007609581, -0.63370221144848, -0.23563339690875, 0.30036634524955
0.32789850850027, -0.22833414507911, 0.020111631439281002, -0.62900217377464, -0.24977678135421, 0.29799287285274
0.29057290011684, -0.23258420311163, 0.10104098410274, -0.61810496015137, -0.28185446600819, 0.3154970350748
0.2760726274597, -0.21978201829555, 0.099529416060569, -0.6141595202345, -0.31831334771652, 0.31626320237084
0.28802578933094, -0.22334899681234, 0.12567208017094, -0.61065300771548, -0.3020245552122, 0.3262378622114
0.34209617546891, -0.21359081201991, 0.040158578693802, -0.61524323715547, -0.28017490955034, 0.32982094783991
0.30307814793356, -0.22393296990277, -0.022354480219556, -0.59870359434859, -0.31394697336326, 0.31536939352331
0.2918253371913, -0.21841582107215, -0.11168790549785, -0.59282587177542, -0.28877566781226, 0.31417562043821
0.3175967501438, -0.21551358830452, -0.012923463253720001, -0.64236195789649, -0.27291991379338, 0.33762270587474
0.34166584847802, -0.21239138107503, -0.0009618575575451, -0.65217523619869, -0.2481780464592, 0.33661028491082
0.32318820023295, -0.20850335494326, 0.052099315306364004, -0.62417946074011, -0.24502284807361, 0.33850699273948
0.33624949780568, -0.19541096752482, 0.1521629291775, -0.62076467064584, -0.28248152912723, 0.33518771077914
0.30863467663796, -0.23200187654536, 0.15946477374432, -0.6493276587511, -0.27249375355356, 0.31901597251662
0.25293073154384, -0.23299534829232, 0.26001776168061, -0.64643663740914, -0.24050656886241, 0.32744338649605
0.27474289706515, -0.20797636655187, 0.25346838123862, -0.61971439264073, -0.30096656781631, 0.32169495764477
0.2870578442121, -0.20351268974634, 0.12694178566579, -0.62160213120284, -0.28888042253639, 0.33836621566346
0.27998275620909, -0.20525562994214, 0.14564009205519, -0.62078486123958, -0.30093244196366997, 0.33348830972005
0.28613960662713, -0.20131171535889, 0.14405837887543, -0.63023626761131, -0.28546616257484, 0.3206988696173
0.2852546852013, -0.20349554048309, 0.13612081506452, -0.62172671271778, -0.27419814937594, 0.32201879350743
0.29861215893365, -0.20279461127378, 0.15144725138398, -0.62281102624212, -0.27466752294326, 0.31261039529669
0.27613712927898, -0.20418913381893, 0.17362512272946, -0.62276373432093, -0.28118304538181, 0.32651140752009
0.25964183441566, -0.20675056154734, 0.092294466432916, -0.61375225475777, -0.27220208499523, 0.32665892310664
0.2723599558033, -0.21376939403984999, 0.1060992311251, -0.60730089538857, -0.24479455914926, 0.33240360914877
0.28029297008552, -0.21288083308248, 0.10262488401454, -0.62048610102087, -0.2360973615985, 0.33100441353451
0.28949046894123, -0.21143318764088, 0.08738209752006, -0.62714177575269, -0.23531173532633, 0.3354419324822
0.29449719604632, -0.20719830896532, 0.083912803495802, -0.62158371181151, -0.23157736997765, 0.32579862492472
0.29034662025271, -0.20567126103369, 0.065878596405472, -0.6229597514507, -0.22237119122507, 0.32930140610092
0.32101456960828, -0.20185154831507, 0.075373664183443, -0.62794866088989, -0.23269279581858, 0.33491375755673
0.29969922010165, -0.20592120033645, 0.08155286028998701, -0.61867867850956, -0.23123205326065, 0.33398355183904
0.27628883096019, -0.21167925713006, 0.17306148329524, -0.62226077262657, -0.2476536913477, 0.33300804415774
0.29649637856248, -0.22494275194374, 0.19742215466747, -0.62611775465535, -0.26349990398069, 0.33463836114943
0.28425722292278, -0.2060666930018, 0.20565528344081999, -0.61459471074015, -0.26599693995467, 0.3269471010079
0.26705832550838, -0.20083203016667, 0.25692836265717, -0.60185906609905, -0.28117860790575, 0.33484042597363
0.28745947032935, -0.19081026792797, 0.18924659602018, -0.5908268386986, -0.32214982499685, 0.3328976646005
0.25688105816385, -0.19854962675243, 0.15268891345586, -0.57595277524193, -0.30223150564591, 0.33492374339263
0.25480012892311, -0.20029310119522, 0.17213254200443, -0.57843105246003, -0.30283423941749, 0.33222757400088
0.28245305171106, -0.19585122025951, 0.17008280303878, -0.57798735627594, -0.29964986599289, 0.34437490010148
0.27537175750037, -0.19913715662027, 0.20048233658037, -0.56860749891999, -0.29274949560979, 0.33076717791013
0.24850286481649, -0.19123393555508, 0.22499650900429, -0.58327241607784, -0.30315161995411, 0.32457716523624
0.29640329710873, -0.19837599935035, 0.1616216676623, -0.59060796183741, -0.35359265365198, 0.33978925382439
0.28406588316052, -0.19920640329752, 0.13492272337997, -0.58776127612699, -0.34391453894418, 0.33836371144958
0.27135462072877, -0.19678902943618, 0.13775838119399, -0.58883071088202, -0.32063045819814, 0.33421357283925
0.28113505617691, -0.19487622964548, 0.15836924465908, -0.59274392407218, -0.27985015622356, 0.33510203900148
0.28956555955538, -0.19629790097282, 0.10710969495191, -0.60309272002399, -0.27680214159358, 0.33300647271443
0.29641700614524, -0.18961435501414, 0.10431947608575, -0.59823053438774, -0.28583068276164, 0.33034222060065
0.28718934070136, -0.19463825953572, 0.11320927055845, -0.59646608381994, -0.29585768414361, 0.33899384020034
0.29228058065316, -0.18851705981046, 0.029024401002282003, -0.58137021704735, -0.28368123136247, 0.34575617203132
0.27234838892281, -0.18947941659129, 0.08541649164234401, -0.58874999515243, -0.26054131529435, 0.34766377949728
0.28938680953097, -0.19131963122969, 0.093146248510446, -0.60441105010366, -0.25683915666591, 0.33628331863839
0.28126638112616, -0.20138226013355, 0.10060928892603, -0.59827379762817, -0.24005566049430999, 0.32823986603127
0.27555217852153, -0.19279541403875, 0.16881779368236, -0.60322205328021, -0.26603748996528, 0.33650252034055
0.048686441199264005, -0.32825389942796, -0.61290838174294, -1.8419693733000502, -0.34203341766741, 1.5650913911717503
-0.11506568726847, -0.35450497621788, -0.24185508090705, -2.1742397502925064, 0.15688136139008, 2.5057321745219725
0.37475621329954, -0.17478896440089, 0.2067440198631, -0.39027835206454, -0.0008621003809388, 0.63928650735833
0.19466308581744, -0.14163393228162, 0.30560098456402, -0.089975680811121, 0.15863119024975, 0.019258059085308
0.23702058344372, -0.19058500043747, 0.43555266572869, -0.46370862484289, -0.028481060058425003, 0.18044144809993
0.22245788193579, -0.19171721692059, 0.61032721572717, -0.49521429884027, -0.09832310536067701, 0.21690786320362
0.28083796094191, -0.19020744555928, 0.4736080312494, -0.52724280871805, -0.13991964798072, 0.37788053256416
0.24089131588922, -0.15045463517052, 0.38826168757616, -0.55720143686755, -0.19411171988444, 1.2968126523210752
0.14562117295228, -0.15168662418903, 0.36350972852773, -0.66789410303141, -0.20277436420663, 1.4430701470875353
0.2266164842412, -0.2745245068935, 0.50966664134101, -0.57718182307522, -0.15274776850232, 0.50888228885036
0.2607360885252, -0.43506092836192, 0.90554575422553, -0.46841032202769, -0.13755662028198, -0.45018553842801
0.31905891183078, -0.42082631636969, 0.82676981972321, -0.50286600324223, -0.15397977345459, -0.37184969769296
0.35808757952888, -0.10040730978207, 0.70588938985463, -0.41498588765715, -0.048692723674310004, 1.0877551974989983
0.3182095987507, 0.14408698735045, 0.74782996740538, -0.44237904555499, 0.057349178295626003, 2.5523369358206924
0.31957459077333, 0.11957849530365, 0.71452616198857, -0.46475637369646, 0.048092665429303, 2.244932881736792
0.3162805310351, -0.16026059772513, 1.0000100887762646, -0.5120214900799, -0.067829522651126, 0.87119155065464
0.28415518039524, -0.39250540695557, 1.3663660839178893, -0.62567222679006, -0.29219257967222, -0.6842461581867
0.27883500360049, -0.43548862126318, 1.3546621366737788, -0.56783024367426, -0.31027005016663, -0.77033369243774
0.37779661040193, -0.13211352698173, 0.99846134256061, -0.51047450809183, -0.072680233487331, 0.9408809385459
0.25130883200456, 0.09589480295574701, 0.52086459488215, -0.59267541395413, 0.099541372571936, 2.3631217706906047
0.25329286382846, -0.06151437372518401, 0.23872873618667, -0.81640379217383, -0.46466455487345, 1.5332900734404311
0.27551163914276, -0.39951371608466, 0.14638560821722, -1.197315890757478, -1.8478763705662344, 0.19648484916201
0.047235413743448, -0.42829262305295, 0.5854157066509, -0.97130581082909, -1.3875253574346307, -0.43861247823439
0.14141465507424, -0.34745471157074, 0.65828921851159, -1.0353634403242684, -0.87416280098777, 0.23478899540899
0.12411507930627, -0.21742523548953, 0.39400799014825, -1.2854430576245521, -0.5304238875006, 1.2732137315580452
0.23001961725464, -0.23924275543251, 0.33065484558062, -1.108847782919538, -0.54789773912549, 1.1668894174396496
0.21055885582145, -0.24294449112951, 0.3001513484768, -0.63532526892278, -0.67676657995083, 0.65987821235914
0.14916799450176, -0.23038776020135, 0.28337398547081, -0.55749860993525, -0.60597906533708, 0.45054045703151
0.22944522412782, -0.20128748891695, 0.2681225904513, -0.81839927870879, -0.58627395697612, 0.55093905932905
0.07919252315606701, -0.14440932395353, 0.26290170102452, -1.2096154739037512, -0.73733201630205, 1.018659477160056
0.18707815165853, -0.17675808255542, 0.35122347713721, -1.2348517720944086, -0.64829617498277, 0.83716101812397
0.30992823186633, -0.19634864847394, 0.086010264388425, -0.83430948162246, -0.58524886323779, 0.22539417542469
0.2013294330177, -0.12384811018475, 0.030937481334445002, -0.32570482505208, -0.29579287958653, -0.50100861197752
0.29482206512556, -0.1863915404214, 0.18434998298621, -0.83454538159685, -0.38393129806393, 0.17732695256771
0.18639561209731, -0.09045881593693901, 0.11535077301004, -1.2750026646813069, -0.37635155016572, 1.4222883956507495
0.09390180759201701, -0.12699966205419, 0.08349022717354701, -1.4828642551754745, -0.32948263070977, 1.628062099283776
0.25132445404255, -0.18460185821089, 0.14115035961807, -0.96998021498521, -0.38576806305246, 0.7900140232914
0.1755192077792, -0.04027037227525, 0.020609223185494, 0.15088551260494, -0.28299784944257, -0.34480875364042
0.10982016863812, -0.12521430774604, 0.26853313772988, -0.58293992539172, -0.082914651599303, 0.016367194002698
0.15821063150032, -0.072946961474654, 0.38015135008755, -1.2945029852921457, -0.30262998328613, 0.83206442542744
0.23427778714136, -0.096608900778578, 0.51150460669151, -1.2755448954081057, -0.30207169140991, 0.89222081553176
0.31857344534811, -0.25552176549387, 0.30391600895436, -0.90785716097183, -0.32692201400656, 0.31806275837644
0.24822833519581, -0.33866459173822, 0.14942581389491, -0.66608779785728, -0.3705228648969, -0.027112060874166004
0.29576187403559, -0.34004611617652, 0.1136016959848, -0.72039489832283, -0.37547938340691, 0.07661330349306601
0.28538164584576, -0.27226910152452, 0.11219663604145, -0.6852174663771, -0.34903873778451, 0.42629590326502
0.29977986257101, -0.19896061957217, 0.020051595060837, -0.62633487798557, -0.29927872511251, 0.7809698367032
0.28657751541899, -0.17828810933083, 0.027471650379109, -0.71313086998833, -0.30324418748515, 0.99913699945817
0.26364402894784, -0.27288868408209, 0.12356319943029, -0.97225137357108, -0.37167974509268, 0.75872177513352
0.26724667531626, -0.415137323547, 0.36837206794094, -0.86685963235073, -0.4271654143379, -0.18115855381326
0.23927426497706, -0.43816647501446, 0.42616810805656, -0.62610030866078, -0.44104432851346, -0.51683525384048
0.26561189341959, -0.32638693771919, 0.21677874473674, -0.66085806006021, -0.41054093357323, -0.06360862714831801
0.22137886158837, -0.21527225075451, 0.10377384730309, -0.95656488059924, -0.34505221707985, 0.6538768672452
0.16839832660163, -0.14255495305591, 0.21198649505544, -1.1270957686359653, -0.3844655784215, 1.0377549724415738
0.2040217924405, -0.17173237923804, 0.26486358141433, -1.1581523203303548, -0.39555780981562, 1.013311704889992
0.2637379725927, -0.27025881037618, 0.051856930783563, -1.0869265007554978, -0.43071456875284, 0.58076233958037
0.19048505653077, -0.28789208915179, -0.12408190670565, -1.01119321363305, -0.46070275138906, 0.13826706411187
0.24258404466768, -0.31459749304187, -0.17697909791828, -0.95745061880457, -0.45373596297401, -0.12129180898301
0.22271824931724, -0.30402712005378, -0.16541103857817, -1.0675650207866993, -0.47786632263482, 0.095193432335891
0.058428129497131005, -0.25313588976428, -0.14760042163294, -1.8897483421088848, -0.5220959437661, 0.97859977655617
-0.0098113970227614, -0.25762040879389, -0.029320613825033003, -2.1848378711885164, -0.45188519995563, 1.307977669835101
0.13852923578516, -0.32936578930551, 0.046403547917081005, -1.9695329289052033, -0.41088330961464997, 1.0966715184890676
0.25409335050373, -0.34294874247759, -0.069000721313766, -0.87805773345784, -0.41805777172444, 0.40783097206599
0.19949905976439, -0.2892271986196, 0.064450038083096, -0.65361517195315, -0.24914608195042, 0.39074046080524
0.26480662122797, -0.26338925229901, 0.041655915616029, -0.60844708791446, -0.23373977752549, 0.35125855490813
0.26366570847576, -0.23611262628067, 0.0012362713977707, -0.57553543229456, -0.23340108932816, 0.32778759381461
0.29365059153925, -0.21493404633936, -0.042174242599436, -0.56578953371514, -0.24553504356027, 0.31228152918947
0.28345733052207, -0.20952246072988, -0.010400693096126, -0.52062149432979, -0.26539476252213, 0.29578671161583
0.27789021769048, -0.20017055193913, -0.016180208555208003, -0.51291654523372, -0.23452808328514, 0.28796950367294
0.25816703766483, -0.19667047952064, 0.020057486202915, -0.50256368882095, -0.22865022838278, 0.26676021149745
0.27606763719113, -0.18861702516114, 0.013966902774128001, -0.49709720671316, -0.22278589535725, 0.26151053089011
0.25892125289492, -0.1768357416594, -0.030248297805361004, -0.43127044845117, -0.23106994665223, 0.24032321661066
0.2394117604087, -0.17406173476521, -0.018236347492985, -0.40626517372636, -0.26094880658328, 0.23711807859442
0.25840226815521, -0.18402695828196, -0.07705438043257601, -0.41085640662653, -0.33424312288185, 0.23950577101983
0.23806351251023, -0.18818026006329, -0.044667493176964, -0.42883967931783, -0.33087360311399, 0.25394635085571
0.23887309650566, -0.17939307584886, 0.0093381474688223, -0.41439279104454, -0.29324873185783, 0.27033512107277
0.25110600507334, -0.17256036994966, -0.017930665639855, -0.41791792907493, -0.2748035731672, 0.26913360240988
0.24841504248729, -0.16841976057548, 0.0011287044327044, -0.41325617223529, -0.30080509614477, 0.26447525430868
0.2611629346833, -0.16653809920931, 0.026805760253886, -0.39493208868814, -0.31777105606188, 0.27183819008541
0.24450398844147, -0.17021466308385, 0.02045990632091, -0.38528351747184, -0.34226877057789, 0.27900023719028
0.2688218823553, -0.17044545425942, -0.066999675810627, -0.37265827462709, -0.37702201141467, 0.27215691491676
0.20423878858389, -0.17723200203435, -0.12051872002281, -0.34848748899123, -0.35783811343269, 0.25886238312631
0.24511224139945, -0.16962463871306, -0.057741058222325004, -0.37831822131048, -0.3216772108386, 0.27713635908239
0.27650480681128, -0.16141750630057, -0.041006817085584006, -0.3965128422973, -0.28959431821047, 0.27818611856557
0.28719095605531, -0.15848024566264, -0.042257851159487006, -0.39780344500004, -0.28149938186916, 0.26362433871528
0.28506886013237, -0.15329058202, -0.01691934773812, -0.38953179507741, -0.27745886310419, 0.27740955498781
0.30233426843212, -0.15518314450894, -0.037463470163247005, -0.37378374191924, -0.26896734051359, 0.27750444463906
0.29620749406497, -0.1564399626328, -0.029082270737312003, -0.37532624514232, -0.2472584676608, 0.26975867342437
0.28816525877001997, -0.1540187678886, 0.012551635978883001, -0.37598446630541, -0.2549066932335, 0.26527135089574
0.29692348580808, -0.15232249997367, 0.0090522081672745, -0.37670055800284, -0.26280803189294, 0.26519853026859
0.2771713342863, -0.15938072891645, 0.044875329018301005, -0.39084909995508, -0.24498033202708, 0.25841250523668
0.29716737709936, -0.15751847353727, 0.075461638728901, -0.39062215685841, -0.24861672106724, 0.27086838175656
0.26670629399417, -0.16327878152531, 0.021072929812398, -0.38170296484708, -0.24242595268923, 0.2658242260015
0.27766616323217, -0.17113309116465, 0.028016518147427002, -0.39875177200345, -0.23291094789937, 0.26095836808399
0.28111784957092, -0.16985250113447, -0.0093751257533102, -0.39423752035188, -0.21263592066593, 0.27184802896608
0.28471461345313, -0.16617078294718, -0.06606910435511701, -0.39128051600442, -0.16397329573844, 0.2730516785985
0.30734959197902, -0.16213285630301, -0.096738249490148, -0.39224904048814, -0.22299173630809999, 0.27081627103376
0.35784573733584, -0.16469682601359, -0.11643842224736, -0.39827307637119, -0.27422027293851, 0.27086348273646
0.35408440593531, -0.17121753457624, -0.14539447953824, -0.39393480690292, -0.25908268286013, 0.27728420998752
0.34551069673076, -0.16958444332894, -0.09146631407366201, -0.38912368253025, -0.25010458834766, 0.26767532438504
0.34183355215535, -0.17248880469829, -0.062131293942413006, -0.39316443587498, -0.24324053555765, 0.27383243449917
0.33907507922941, -0.17196735371393, -0.03834310245664, -0.39004758544577, -0.25061946377512, 0.26525819103407
0.33073181471618, -0.17260620293335, -0.042653545694667006, -0.3870079263847, -0.23951232214038, 0.26622423723796
0.33132852073365, -0.17083174414258, 0.0067297999630857, -0.39542165229938, -0.22618801926689, 0.26225966675693
0.33696542579461, -0.17106695497563, -0.065873490396404, -0.38739391170002, -0.22261431267738, 0.26790598550473
0.33182414524052, -0.17166311817543, -0.08222829167663201, -0.39921344025133, -0.21741860777626, 0.26088943747249
0.33782524205364, -0.17138027953423, -0.080649683966483, -0.40230071317487, -0.20199218050273, 0.24988376160977
0.3503922755803, -0.16068011734554, -0.10393990559505, -0.40906566129126, -0.19484315141376, 0.26006375343723
0.34450494760337, -0.15561966767404, -0.12338993927687, -0.40967640612725, -0.16570441164403, 0.24024532748412
0.35106908760561, -0.15383314289455, -0.10347928358665, -0.40887611022945, -0.18816308864659, 0.24693113452606
0.38349897746046, -0.15779177666471, -0.070369311926779, -0.39999496675535, -0.18969775541615, 0.25275123082018
0.36802449731274, -0.15836378824779, -0.083819845642407, -0.40281809501223, -0.16974649294036, 0.25030107383055
0.3516182720811, -0.14686934997482, -0.060484101937581004, -0.41560888401634, -0.17862350890317, 0.26059529850589
0.32660546466327, -0.15489014607961, -0.05287855145620501, -0.44011021398662, -0.20209237320087, 0.25001407140134
0.32566598611642, -0.164173738108, -0.07117199903570401, -0.42028007552313, -0.20300230625545, 0.23344092921607
0.30843755394305, -0.17302784798445, -0.07860230053804401, -0.41674576624855, -0.23513610645843, 0.23810832816493
0.33829195470104, -0.17279130492178, -0.15063208989002, -0.40269814769548, -0.22062139723508, 0.22662020871024
0.30915093085847, -0.1887778963537, -0.08396164507048301, -0.3828357288403, -0.18586508058045, 0.23355476588637
0.30028604353368, -0.19845543943811, -0.059579335596320004, -0.38244234428222, -0.18955182318566, 0.23151284003438
0.27924695391929, -0.1856012592076, -0.031845548329825, -0.39347580634287, -0.21183625810256, 0.26305042542718
0.29674257637581, -0.18855414118626, 0.010442142519115, -0.40749004489918, -0.19595105239573, 0.277271471689
0.3033505165785, -0.18102056760567, -0.048747561618597, -0.41152086131139, -0.17909355915981, 0.27727452127152
0.29335706325969, -0.18001460559737, -0.1742598853291, -0.44652931832027, -0.17215851957369, 0.25568662348932
0.3034721919793, -0.16451867541116, -0.16813762523384, -0.42087242759628, -0.12830100634452, 0.24323567847512
0.28758826902551, -0.14826569213521, -0.10355128622177, -0.39653063837408997, -0.11044548816739, 0.24340476267149
0.35267496525216, -0.14524223063073, -0.12478123528847, -0.38616833638679, -0.14861774705658, 0.25167544066343
0.39693814628623, -0.15335172504388, -0.09142830857066801, -0.39267179903171, -0.15510042179794, 0.24959284745138
0.37906948772783, -0.16595720564668, -0.089838856845234, -0.40856545344821, -0.18172778255459, 0.24075378935555
0.33828938121228, -0.15409985282608, -0.016471160293818, -0.39673225656082, -0.16724899633518, 0.24936334438996
0.36939997197255, -0.15960028880306, -0.036181829723680003, -0.40923205215139, -0.1429030948436, 0.24535078390017
0.38155636669785, -0.1591904521507, -0.026910912643362, -0.41085418057509, -0.18105453208856, 0.24302384658659
0.38868113978289, -0.16022511299701, -0.058503490023639006, -0.41656327594951, -0.20965499879437, 0.25104673850111
0.37113414557661, -0.1629928808834, -0.05717829585201201, -0.42215336596181, -0.20742778799619999, 0.23829574510951
0.33598757364437, -0.16512720286666, -0.06866633901098501, -0.38313270585038, -0.25681386860296, 0.23026181707014
0.31980843617732, -0.16399323447806, -0.11998196766703, -0.39335109826666, -0.18911379936224, 0.21687470467947
0.34936365408915, -0.14986430091728, -0.037855889810837005, -0.41874499323076, -0.19678582671617, 0.23743646910771
0.34434446945892, -0.14228603632495, -0.016650141879407002, -0.41720107023024, -0.21687082372605, 0.23925628270493
0.32696819058063, -0.15164531705993, -0.1611418218157, -0.42503387612366, -0.20529847854184, 0.23694086091488
0.34500294833768, -0.15311562487341, -0.21171873298512, -0.43299952463032, -0.19751242696862, 0.23426776709675
0.37510101956399, -0.14738332210046, -0.16073370597232, -0.41981646366832, -0.14127434455963, 0.23478396673202
0.36485377254555, -0.14977420392453, -0.14807297961983, -0.43441274878399, -0.10856349906681, 0.22289617276962
0.38387149412587, -0.14062601312733, -0.18567540797693, -0.42905752807233, -0.10881974251818, 0.22024088303756
0.38792649238428, -0.14494936585806, -0.1954063252945, -0.43740742068512, -0.11082811886262, 0.22619273781296
0.40330680756327, -0.14322300006453, -0.14836540530526, -0.42872571069654, -0.07809666139681101, 0.24166477537603
0.39442222796882, -0.1343546116238, -0.16066168408561, -0.42494593493324, -0.019293720586456002, 0.24173447044707
0.4060054516097, -0.13621129437072, -0.19911074593456, -0.40598378054495, -0.058761841508721005, 0.23012220292685
0.42642995446698, -0.12990907686924, -0.27203046918692, -0.40777165151221, -0.0053818521544041, 0.22738161067212
0.40684720255429, -0.1347531552306, -0.28631462018925, -0.41775028995219, 0.17235679269407, 0.20769531595177
0.41263975035422, -0.15089229273714, -0.2837120916033, -0.44742254942989, 0.20481323948346, 0.22805205892984
0.4372633109226, -0.14368109301422, -0.35333099472217, -0.45575295927684, 0.17052193114381, 0.24465253188287
0.42852651278161, -0.1390307635769, -0.34568472209296, -0.47629503146594, 0.095762046874139, 0.26622334810351
0.40740203150544, -0.1420964655591, -0.27613174041509, -0.48260225683158, 0.048479568953550004, 0.25515085305592
0.4100121673535, -0.14473283838425, -0.28243219441548, -0.45201847566003, -0.0047596563180603, 0.23732057250613
0.38794122958666, -0.16523682707332, -0.23881914438722, -0.4344380149936, -0.016565515500669002, 0.22795337374565
0.37295200743231, -0.1929097613289, -0.3967040972669, -0.40686235206854, 0.0012656013109283, 0.2107258766824
0.32265279596337, -0.19220298414091, -0.22644906108734, -0.41473094072403, 0.077395573454311, 0.2625068996374
0.3455417360247, -0.19656480210719, -0.25607321374608, -0.4579041406122, 0.059662208687813, 0.21899078603803
0.36800146425988, -0.18971722743237, -0.2457152961977, -0.51073138724433, -0.075936577385669, 0.22112537494329
0.36626779566469, -0.19145841450537, -0.22008505294921, -0.55163145613553, -0.13361497379143, 0.21349873530962
0.37566929011682, -0.21139426713081, -0.22775541851941, -0.53510895287716, -0.12157593145361, 0.21809091113357
0.37863170173537, -0.23223131912368, -0.17959786696194, -0.53396029604627, -0.1256057208084, 0.20771129928297
0.40757126852895, -0.24659397291991, -0.18212107944576, -0.51860689992362, -0.13201702631748, 0.21041748565841
0.39888138684459, -0.2471479867543, -0.15538770297359, -0.51748124102124, -0.13288695723087, 0.21222731985709
0.41516352710952, -0.23363379141877, -0.15727137070527, -0.51840080569964, -0.13142272270743, 0.20854998344558
0.41449577573634, -0.22339360783147, -0.16407477640572, -0.52107922306543, -0.12552929111498, 0.21779654597951
0.38554545342483, -0.22056679881939, -0.11162606332112, -0.53012978849964, -0.12591348492432, 0.21539030496535
0.41363258208441, -0.22369376963689, -0.17597107068709, -0.55236456512095, -0.13892876514326, 0.23306691162348
0.40543768771286, -0.22326866124181, -0.16597960344764, -0.52624287146474, -0.12078436289017, 0.22602151717217
0.39709370218062, -0.22186158948197, -0.13356923294016, -0.51658008973985, -0.11026533775724, 0.23425717706815
0.40676973949393, -0.22133589674467, -0.13016767428177, -0.52787169806497, -0.084862461799922, 0.2193530495085
0.41034237706144, -0.22344417136791, -0.14621225373941, -0.52075041084659, -0.09685887433640401, 0.2275531335309
0.42500539653138, -0.23389375150697, -0.17551306003647, -0.52099709572383, -0.09663501954073, 0.21373071569032
0.38873013828209, -0.23164673244682, -0.15968059828563, -0.51098807240006, -0.13182073143147, 0.19745646769247
0.40344167275273, -0.22175412657584, -0.23349458171457, -0.50827158180961, -0.12107805631774, 0.22512639336191
0.41323043241151, -0.23019091184455, -0.18280363406519, -0.52996897921754, -0.080532702199075, 0.22226092890747
0.43744081298428, -0.22845618042382, -0.18792074110477, -0.52907908316855, -0.07613081817936901, 0.22057357414561
0.43230751721077, -0.21901323526339, -0.1894958887913, -0.52079278605609, -0.09139994063626601, 0.21689375720097
0.44035608873893, -0.21584682066959, -0.18490111386224, -0.52728207080273, -0.064966247547803, 0.2131695742578
0.42711401356874, -0.21280054365806, -0.12591112349224, -0.51424060848722, -0.06904513065913301, 0.22431422572054
0.43491357349058, -0.21382518921865, -0.1280458899852, -0.51707889450532, -0.06490106623015901, 0.22867665989182
0.41633990554748, -0.22176164431519, -0.10236411454944, -0.52587462563072, -0.06089687953663701, 0.22033548405229
0.42579882768868, -0.22321542636625, -0.093808075605239, -0.51882967043756, -0.079088857416239, 0.21806873247692
0.41611285276947, -0.21022457640211, -0.07308021578210201, -0.51869835777256, -0.07964252601136901, 0.2202465286643
0.40609682334899, -0.20549378872629, -0.024639911722426, -0.50884978392725, -0.092608370361573, 0.22764478010352
0.40824480722708, -0.20358182894502, -0.09608705220961801, -0.50588147011012, -0.087327297167948, 0.2352924121377
0.37152917038461, -0.17120630810401, -0.021629200570641, -0.50711786855027, -0.050330401722512005, 0.25436120642408
0.42554950707354, -0.15235736198903, -0.09268946136258001, -0.49212182988327, -0.029566141809861002, 0.25965078963292
0.44654803890224, -0.1492857488344, -0.18806420745812, -0.51218656287259, -0.025728441785597002, 0.25501125517835
0.47249329551154, -0.14471147197771, -0.20676013716806, -0.52135622978262, -0.028506998070495, 0.25518736935255
0.47854893285171, -0.14321227462079, -0.20991257321742, -0.50477128652949, -0.033995953227139004, 0.25721425509051
0.45964547857989, -0.15506689553307, -0.20595984714614, -0.51284649017179, -0.019610837361934003, 0.2467236171357
0.41414839197698, -0.14432001152397, -0.06862611349017, -0.49170031116729, -0.048922690687937004, 0.25308229320883
0.4390035709525, -0.15345981390361, -0.12017842028272, -0.49253616370953, -0.045725652784126006, 0.24567495844429
0.44856492106492, -0.15322969757348, -0.14738790199506, -0.50177951629816, -0.054944530279413005, 0.2348559189624
0.45947596998945, -0.15096966629233, -0.14038295841805, -0.50453078519626, -0.046920176516984005, 0.23262769460162
0.45021883535869, -0.15327557747061, -0.11300001451873, -0.50355118089528, -0.072168477537492, 0.23434148020754
0.4736011182423, -0.16784390087358, -0.16836870584004, -0.49472362404493, -0.080280068270058, 0.22083635631684
0.44308613837473, -0.17408013036196, -0.16927146281364, -0.5031272507361, -0.029279716135884003, 0.22394976526837
0.44840143055747, -0.17150472297819, -0.16542327268805, -0.51771494840891, -0.019865182167401, 0.22148077378089
0.45555816307186, -0.17410256388827, -0.18179356905651, -0.51145493707356, -0.005787058309524, 0.21727838632939
0.47373947149458, -0.17577519117081, -0.2410404867859, -0.5243644312421, -0.0009563938617039, 0.21355394771435
0.46900797482956, -0.19138414242449, -0.25502597781443, -0.53344960808404, -0.0079117058859857, 0.20538071848609
0.46844669896347, -0.19311708472085, -0.21432346862679, -0.52980634129323, 0.013086259587918002, 0.22864101391478
0.44769338912213, -0.19005055806914, -0.23102362751523, -0.52529498497751, 0.076883942454829, 0.22658914774561
0.44547977258348, -0.18485513049967, -0.22595618918554, -0.52773831328643, 0.10148806694001, 0.21797159294935
0.49593247999913, -0.19066469652543, -0.29686141196993, -0.53479583402629, 0.07538457046229101, 0.21855147438627
0.5099909277213, -0.18699723789015, -0.33990596472627, -0.54092230822176, 0.08113765481488801, 0.20636048629184
0.48877810698779, -0.1884948160438, -0.31756488106051, -0.53846364335132, 0.096201701523144, 0.20179008235052
0.50116014108277, -0.18614091046562, -0.2663162063012, -0.52741938325671, 0.081242391278805, 0.20974723177981
0.50107924318014, -0.18670553785489, -0.26650053622475, -0.5150214447296, 0.08446061871478, 0.21146638968403
0.47953658951279, -0.18375349756988, -0.21879984080103, -0.51493458254263, 0.076040444185045, 0.2083214332741
0.48632294205602, -0.18683781397456, -0.1993627610013, -0.51002018636148, 0.069840093810557, 0.21199223456593
0.47561691621913, -0.18550046030147, -0.13898792136415, -0.51996540109943, 0.060810380482628004, 0.20220684195668
0.42118766403023, -0.20387933809823, -0.017161504846016, -0.51336129410231, 0.054478299293404, 0.18942660035046
0.41165385135465, -0.19209380797823, 0.073419158827529, -0.48975496118291, 0.044270516544008, 0.1936098696428
0.43633751362764, -0.18184969769182, 0.01020785018951, -0.47591907668759, 0.014539133207569001, 0.21439673639244
0.41265495122903, -0.1775545069576, 0.024206466447060003, -0.48469829461975, 0.0012360971856007, 0.19845100352191
0.43171954084956, -0.1875794166198, -0.024121480588476, -0.49557137640547, -0.0038666262841467, 0.2019089564116
0.44383803859021, -0.18938042643666, -0.08231852456678601, -0.51323752370528, -0.021295409696569, 0.19965815572748
0.47490990957177, -0.20384729870492, -0.14369264393401, -0.51451085978465, -0.010583649963551002, 0.20242785028393
0.45713525760958, -0.20233138655419, -0.10747603870168, -0.51477243010662, -0.014414180098084001, 0.20662657330454
0.47193160950032, -0.19877823404769, -0.14411855479084, -0.51389517364861, -0.0063256251025247, 0.20780462657998
0.44808323825464, -0.20197341741762, -0.14204792113777, -0.51107359998788, 0.027711780413599, 0.21544713224719
0.4537546519041, -0.19717881916224, -0.15703971296706, -0.51357779492379, 0.035754668675579006, 0.21711288799975
0.45758069215988, -0.18958712373595, -0.18705067764743, -0.52456676166512, 0.064047399189899, 0.21426369051303
0.46801240224311, -0.18461108835374, -0.25532497901634, -0.51724681887824, 0.08186704427750001, 0.21650645529741
0.48623041868147, -0.17487044891187, -0.27320097076122, -0.5221342703121, 0.062653550257458, 0.22070793003672
0.46353302883235, -0.16435291228305, -0.22924730114483, -0.51263024580796, 0.051614840121731, 0.22365830926074
0.46698670365437, -0.16127199902424, -0.26596784258267, -0.50504606099289, 0.055519670300632006, 0.23032240218147
0.45912553868603, -0.16269969452476, -0.20494097786469, -0.50739742226435, 0.055376253614758, 0.22230425492904
0.47809114045643, -0.1632519101107, -0.22902458214601, -0.51243324059756, 0.020649823131974002, 0.22044066720236
0.48694590739753, -0.16167516947011, -0.22841194497198, -0.5035702697832, -0.0099111656995417, 0.23459230263739
0.44915266485874, -0.1612203463457, -0.08187419478298301, -0.48841392829639, 0.013948721786297, 0.2257546145631
0.4323187304269, -0.16677369555414, 0.033650865173207, -0.47935657590747, 0.013774522004705001, 0.21879065685394
0.46266732619184, -0.17420473151928, -0.06888932426286201, -0.48107774093312, -0.013425424838662001, 0.22167274594805
0.46738819063108, -0.18505228956788, -0.055914665031662, -0.51244209061656, -0.033123009122869, 0.21087389416899
0.45342978213753, -0.18883537729552, -0.09545075554643401, -0.53503142393899, -0.06244746544406601, 0.19583494644862
0.44954493413035, -0.18805016868007, -0.12702253845544, -0.54508163867798, -0.035683665122324, 0.17214912320474
0.42423783856302, -0.17898754523105, -0.020739993886249003, -0.50083237744038, -0.062478586217363005, 0.20988260254602
0.42468862441073, -0.19247708489389, -0.08281878632179601, -0.51790137725429, -0.10395495127057, 0.20855887415752
0.42623986058883, -0.20459613329713, -0.083144408043388, -0.5079663942023, -0.10255653606371, 0.20406144533682
0.44270394875402, -0.20000574463546, -0.089540944887947, -0.49790663005972, -0.047824189125649, 0.19967420391028
0.42270305126063, -0.19508224309262, -0.04954636836634001, -0.50602843210451, -0.0058035176319679, 0.19307467547947
0.42975599306579, -0.18921526531543, -0.005253736382478, -0.51407483709869, 0.0011767319305323, 0.19391077942172
0.43773607583116, -0.18714199600561, 0.03151886808938, -0.52167648763225, -0.027806488559917002, 0.19966526403186
0.45137092178442, -0.19078235578823, 0.027610734911707003, -0.51236772563423, -0.059616804365317, 0.20262586267858
0.44816757258152, -0.19791136727962, -0.031450403887255, -0.51078474972409, -0.034430691633773006, 0.21021455886631
0.45918331050273, -0.20066279529996, 0.0094543493570285, -0.50810728985608, -0.023713998917475002, 0.19726076819903
0.45939998925544, -0.19480606567408, -0.020764976539415003, -0.52136619031058, -0.033106612144118, 0.19149019421252
0.44412335007911, -0.19008642974207, -0.039344406077840004, -0.49021445149507, -0.047044951407705, 0.1945410218685
0.44928880310651, -0.17747136995254, -0.072469185473225, -0.48572136053733, -0.046480775535293006, 0.19998563106675
0.4464218677672, -0.18285812175165, -0.045405557546652, -0.48434406769115, -0.037916798682, 0.19732997767774
0.46400572172928, -0.1871386401046, -0.06933908498082701, -0.49755503117742, -0.037707148134915006, 0.19472993975859
0.4391925322023, -0.19357520206519, -0.026719447349147003, -0.50953872565535, -0.030456019233461, 0.18904203898245
0.45888274170032, -0.19761764060765, 0.008739276027299599, -0.50503083448882, 0.011698787421189, 0.16826648472607
0.45591201168957, -0.2042851434668, -0.020233942875415002, -0.49659283129642, 0.044368507322049, 0.14095689664477
0.41046445626991, -0.21184120561037, -0.15606522555139, -0.45218543210619, 0.059366124453204, 0.13810979078962
0.43850768906481, -0.19881673989252, -0.09722240674518101, -0.52195727881775, 0.036324838979621, 0.16732736531296
0.4752646829979, -0.19525627004447, -0.11559575021398, -0.53776462078446, 0.022080022393460002, 0.1793425697109
0.47089927577122, -0.18579535385763, -0.14232875985367, -0.51670046689244, 0.060166133113321, 0.17409949554494
0.45068614072887, -0.17691920496431, -0.05722957437148501, -0.51923723590941, 0.075933693928404, 0.17247526195023
0.45619653960819, -0.17294254912496, -0.045092165656592006, -0.51601793583031, 0.074267007531662, 0.18080603120054
0.43248817023989, -0.16870042272702, -0.01986717043003, -0.51706402659038, 0.045983602269222004, 0.1782551225076
0.42177501185838, -0.16640642348484, 0.049703023776123005, -0.5171476171188, 0.043137430644506, 0.19214510311687
0.42687995287176, -0.17230875730265, 0.021691629728998, -0.5077522975738, 0.025432940709000002, 0.20430574179932
0.42501920608638, -0.17675022826192, 0.06645230297627401, -0.50241033198277, 0.0075573025920305, 0.19828337342351
0.44138510275421, -0.18598074108716, 0.033769397769975, -0.50730380031291, -0.0030226427745913, 0.1877758381176
0.42993116147991, -0.18103639010912, 0.029900731323167003, -0.50352059256423, -0.024091106727506, 0.19174577504979
0.44152237168544, -0.18061193152831, 0.021804695144713, -0.48572476293257, -0.024380626070401003, 0.19318469469893
0.44045314866901, -0.17633006328987, -0.010744869907699002, -0.48886682748251997, -0.03316664551855, 0.18652315934895
0.44618034337197, -0.17622782664333, 0.025236877813526, -0.48233354009679, -0.020546891369782, 0.17751580031065
0.45694740618379, -0.17776294885796, -0.0001138831105192, -0.49272121064401, -0.01346458415874, 0.16761143947063
0.4514696447656, -0.17051198134214, -0.020034045456726, -0.51973974693398, -0.041358883778650005, 0.15319331018169
0.4489759346625, -0.17222089022235, -0.043790873965462, -0.50839109129056, -0.062628019333513, 0.15006395636474
0.45942887840241, -0.16134305791803, -0.030653257267433003, -0.4927387898811, -0.055998126829613006, 0.15903760871588
0.45099075042237, -0.16048636977592, 0.029967807607111003, -0.50688764130545, -0.050921147977269, 0.15470515120902
0.4363750712326, -0.16176914858053, 0.019306794770059, -0.47971041469371, -0.0081419634243229, 0.16848824375241
0.43653441880672, -0.17691338442736, 0.019784640885884, -0.47227546832677, 0.019263571789401003, 0.17020491523632
0.42535430701108, -0.17856751147844, 0.011570607486736, -0.46918580015329, 0.01650639089371, 0.17069128486079
0.40834337107829, -0.17913338303263, 0.063129137540523, -0.4756383790397, 0.028645575191148003, 0.18322180365923
0.40518890008079, -0.17544155539501, 0.13289787347054, -0.4817222412831, 0.030744373889728, 0.19169110873482
0.41060631751168, -0.16831169917696, 0.051581779131375, -0.46904488124293, 0.058164271030716, 0.1968168434133
0.40792038529256, -0.181058157542, 0.10215834120587, -0.47149830912738, 0.06993100491536801, 0.18127850244459
0.4154874974136, -0.18372621459304, 0.08766434334502801, -0.46649477644676, 0.059763697640058004, 0.17847717658777
0.41309486945572, -0.1720740366454, 0.08693000542639001, -0.45110557047607, 0.028985872754597002, 0.18315622588482
0.40693663280322, -0.15877089648819, 0.06139125990505501, -0.44050427254634, 0.012270607852801001, 0.18895667223791
0.4319860088528, -0.15876818756867, -0.073848936727366, -0.46912956587339, -0.022085567202631003, 0.19770048566044
0.46188389154995, -0.16965873877513, -0.18412845954376, -0.50264136995122, -0.032204698443923, 0.19800855320445
0.46038708657366, -0.16791676727063, -0.13492900277718, -0.48583185811938, 0.04904882665650501, 0.18210003623153
0.41796288109026, -0.15674308463239, -0.11597108750466, -0.44749684628644, 0.15632023854443, 0.16271888134832
0.45050008542973, -0.16142426183467, -0.10563489089917, -0.44451232410339, 0.12299637449715, 0.17612468060202
0.49811810858803, -0.16261268379344, -0.12491088023148, -0.4732514210225, 0.092921839405169, 0.18052246079146
0.50477645158425, -0.15870888819915, -0.13882884945326, -0.47127969272898, 0.084679837301704, 0.18827309469836
0.46124558512316, -0.15036945541508, -0.064930873023909, -0.46849831946239, 0.07290496514261001, 0.2051909158334
0.4478038249527, -0.1487998611904, -0.06557164511909601, -0.45461452791751, 0.071168096153101, 0.19577060872707
0.43836902220919, -0.14857228173391, -0.03138937330515, -0.46336383725333, 0.065901115738957, 0.19292776222236
0.47352426604721, -0.15341455623743, -0.060098760577324, -0.46877782235391, 0.052577175426101005, 0.19528179092836
0.48177761356731, -0.15542887569513, -0.062330349524904, -0.48223765325449, 0.033241935964122005, 0.17802291182341
0.47574575718917, -0.15498127148965, -0.04555002017874701, -0.46371240737511, 0.0041290740080164, 0.18878186366911
