Pichu
0.0, 0.0, 0.0, 0.0, 0.0, 0.0
0.0041249481080861995, 0.0020426092063421998, -0.020646927128045, -0.0029378892248263, -0.0005685412810511, -0.0029426956714984
-0.0052993148636811, 0.0053282038128202, -0.03706279317872, 0.0071716192537908, -0.0071537403854236, 0.0008941860841004
-0.008697348069502, 0.0011074307867414, -0.051655913884916006, 0.0057635421749457, -0.027271899390397, -0.0046552971211675995
-0.025422158541108002, 0.0072527300486717, 0.037472949053102, 0.0005152491611533, -0.035633959945463, 0.0069503074176326
0.025486916261800004, 0.00607929970695, -0.20926698784917, -0.017858203386965, -0.024664747600642002, -0.0075420112541669
0.0008560589042298, 0.0028911416147137, -0.13562267495823999, 0.010532561469626, -0.010908241600824, -0.0039868944961774
0.019449952942199002, 0.0067672353001488, -0.10558979636749, 0.0022445795708697, 0.002152873769517, -0.012587460927175002
0.010088761399965, 0.0098517726126178, -0.10110034040177, 0.0062785350281861, -0.021672114925676, -0.0068988477552504
-0.014397416325950001, 0.011392379012428, -0.10072408687746, 0.009396416775232199, -0.033446622155581, -0.0048354580712345
0.013772535129654002, 0.011395045138020001, -0.12424989312475, 0.005307233586359, -0.030314387577847, -0.0039948767809222
0.028106677659197003, 0.0092989733648103, -0.10897413943429, -0.0081463760939753, -0.045440193323687005, -0.012032429935366
0.039075531853545, 0.021408220347374003, -0.19669495999919, -0.0010939601159482, -0.035597905956704, 0.001319921910136
0.041778982375845, 0.016718825792573, -0.12910627999603, 0.0014736142577406, -0.023234998060447, -0.0012542990211852
0.015625410774521002, 0.036175490254449, -0.14092982487003, 0.018744127431366, -0.0073457216659991, 0.034730283129892
0.024692797390967, 0.052934912961117006, -0.18136165860532, 0.055345133284941006, 0.013833817396683, 0.061277565367312006
0.018368512996758003, 0.052778939948807, -0.25013534161417, 0.069195224733406, 0.0012939027623897, 0.081982709687342
0.013975313592778002, 0.05009947089299201, -0.22162867239426, 0.046655057505529, -0.021812235100517, 0.08752374751347901
0.023540156262034, 0.03377117698793, -0.22294371216733, 0.022312447782191002, -0.028655399871835, 0.032107833950144
0.084434201295167, -0.033353891627545006, -0.27882105598856, -0.027337888070204003, -0.050949966888846, -0.21720203054253
-0.0012809964261235, -0.19465346474113, -0.24402398836857, -0.07209516284947601, -0.029576147603053004, -0.5874980545329
0.029885423028928004, -0.36848249938657, -0.64376773256827, -0.22096418380507, -0.043625601203019004, -1.0151127462605134
0.0480652103457, -0.38956636145831, -0.70484038360328, -0.16186675065191, -0.024494358554148003, -1.4677464801988376
0.12545879861894, -0.42446166830514, -0.83554879181542, -0.13664686986344, -0.053990488276634004, -1.8055426031424233
0.14640684357225, -0.42465318925853, -0.81777619520062, -0.15642675011782, -0.074651302039254, -1.8706363856430572
0.15962446111144, -0.38603711773679, -0.92873368419092, -0.13884190768007, -0.029225696428266, -1.7186198399773718
0.15426758165951, -0.31621127569546, -0.85774148465327, -0.063430317154452, 0.0078105145682778, -1.5590683294603775
0.15046785787627, -0.29836795603948, -0.76658701403975, -0.05505529770249001, 0.044563305943932006, -1.4191379528001091
0.13012732015337, -0.26910847116202, -0.65450841852714, -0.030498421441450003, 0.040397393997644006, -1.1512497746525763
0.11443926197206, -0.20032503439889, -0.61825474442104, 0.026107778571604002, 0.042271830678739006, -0.94522025182879
0.09794090839182201, -0.13156550700309, -0.66529657307078, 0.107406938908, 0.01932308672536, -0.7081248480694
0.1304173418989, -0.10377817879263, -0.59267209397436, 0.14484878318374, -0.0008151087125027, -0.54615411839998
0.16593125195711, -0.056677132121289005, -0.78742636028943, 0.16842485561731, 0.0099761440054437, -0.35234165118319
0.13755317401537, -0.019292234455027, -0.74766810150985, 0.18773806206077, 0.021978216279688, -0.21720721445703
0.18833078998763, -0.0020426204086159997, -0.82567604630976, 0.16879043070528, 0.035871815193516, -0.10406361669853
0.19004056484563, 0.039221044371882, -0.8631341471505, 0.22331769268549, 0.010295899049326, 0.087806891957715
0.18106084464342, 0.08735015918052001, -0.90588221369469, 0.25673867984852, 0.0081278370352284, 0.28358339365824
0.15221736953776, 0.10633645069063, -0.87768689807199, 0.24238258638435, 0.037391312599597, 0.33770213224693
0.18979786537421, 0.10069143275833, -0.8195415633722, 0.21695695744815, 0.021919315866323, 0.39532622701685
0.20852495299256, 0.10562086399846, -0.96436938477021, 0.17930634574299, 0.026159018790579, 0.52520373141216
0.16306244121943, 0.1446485473351, -0.92071213790324, 0.18401337715093, 0.051001435150849005, 0.73293689585318
0.15702500843682, 0.14783921164802, -0.95158730043766, 0.15455162099449, 0.07176710201006001, 0.83230397932441
0.21038417370112, 0.157987625215, -0.94377539070325, 0.16785325561681, 0.056781334859495006, 0.80900689495058
0.23344076422019, 0.13150504881228, -0.91902192156284, 0.16211977424959, 0.056614035132969004, 0.64527351419217
0.1921992577555, 0.10258968383678, -0.81329531682361, 0.15034050497969, 0.070750188486129, 0.45747799331402
0.17780715669797, 0.066642685237666, -0.79952497835729, 0.13752887492381, 0.057922476208248, 0.31246571106001
0.22475115774205, 0.054862111660984, -0.9159229499447, 0.10888647012708, 0.047682404900123, 0.25602147501688
0.23019979193167, 0.018426117968266, -0.86781453075568, 0.09920895683490101, 0.054974813212264, 0.17733917005461
0.29374558167619, -0.034917255268114004, -0.93724451350886, 0.058808433195779004, 0.06942229452715401, -0.10936343827452
0.24090535793282, -0.063812522506689, -0.8659176112808, 0.072125778939873, 0.036673989912690004, -0.20508616857415
0.28399233467617, -0.067755713194155, -0.87126383927279, 0.069735846326496, 0.047417384917836, -0.23502182085447
0.27597909805441, -0.098959771232417, -0.93785111552978, -0.0064355885317136, 0.22028037800906, -0.31547988442103
0.25699811416788, -0.097281088019479, -1.23601410595786, -0.06345247449279601, 0.59966400259402, -0.29448161785612
0.050703636308758, -0.06315541343961001, -1.7667367251687096, -0.084812743967207, 1.1061369544507456, -0.22920567473481
-0.0044458937159497, -0.055652190228799005, -1.73131113297469, -0.074055138640744, 1.2484947707625667, -0.22601559954888
0.054316289858291004, -0.052314517755867006, -1.795103304921844, -0.07007928429094, 1.3909929160986976, -0.21721245143001
0.06636938143673901, -0.05767485711671601, -1.6622278987521546, -0.063045479391598, 1.3807502303434303, -0.22292852126692
0.15512045702464, -0.06875316341981601, -1.209411928967705, -0.042413084966962, 1.0301508190145148, -0.20917858155448
0.0053472634036846, -0.06042708631038501, -1.2358043754311718, -0.0089444729311207, 0.89238338198594, -0.17102606796122
0.068414183152225, -0.06532273649379901, -1.095889451475633, -0.013061235730453001, 0.70559775981112, -0.17622528898127
0.087977307014797, -0.061970680494897006, -1.0450827491108485, 0.012963274162006001, 0.61158094977956, -0.16835310930894
0.021160696984665002, -0.066722802225779, -0.90618535396352, 0.0078623550956688, 0.38096733902839, -0.16024061197506
-0.016118428368662, -0.06653428754587601, -0.83326994263624, 0.027807965541810004, 0.22497271387466, -0.16368196317574
-0.037790502261501005, -0.062857971539898, -0.74975796917187, 0.040503156436098, 0.034429799500582, -0.15261622916619
-0.08184934934554801, -0.061392594640133004, -0.73830266978157, 0.057468738364475004, -0.08516332537032001, -0.15270283270858
-0.06353373594830601, -0.059320470266328, -0.67986225626823, 0.062381297025348004, -0.13328924122688, -0.13971451427841
-0.040502023072446006, -0.04115028657109401, -0.65436280939374, 0.07451641076875701, -0.20879536317363, -0.12829662635016
-0.047258776126910006, -0.04538958011143401, -0.5785927709434, 0.083658516268376, -0.326229520717, -0.12345060551116
-0.043623258964083006, -0.046201539279214006, -0.5599452566803, 0.093694476093767, -0.34564031931409, -0.12606437628508
0.024448785413759003, -0.040030749973038, -0.63580866965718, 0.09565726738423401, -0.39131249878413, -0.12482028132461
0.06703913247633801, -0.038103509711524, -0.59356820544505, 0.1084882392429, -0.41763643823645, -0.12231747633481
0.1588269208864, -0.034380564185875005, -0.61608536055807, 0.11325555376572, -0.38533959993889, -0.12677940819645
0.22453104298852, -0.044421628100379, -0.66894300857535, 0.11856169327735, -0.37398986179592, -0.18155539573349
0.24050081498285, -0.031049107959227003, -0.69622392346031, 0.16086982329959, -0.24728184766827, -0.33921679736958
0.2637110697747, -0.063530043479241, -0.7560910908077499, 0.18909817625819, -0.23246039116338, -0.46736494763706
0.31494741503864, -0.10578119313797, -0.7131956587356, 0.13883715907128, -0.1592443874737, -0.68123311026242
0.32308756662075, -0.18447455179642, -0.83869712439381, 0.023140418198478, -0.12068711618475, -0.97770743391658
0.29888148671757, -0.22572371408941, -0.91113468073301, -0.0051726081908895, -0.070487270977826, -1.2294136715142814
0.28777166303649, -0.22716503041596, -0.85542470782607, 0.034323768670114004, -0.033486593766944, -1.3699911121110346
0.29362272239056, -0.2547098574827, -0.8106926613187599, 0.030075984155508002, -0.021523625555708, -1.5039556331409523
0.28682151401212, -0.22580705796376999, -0.88718674431747, 0.051830513300591005, 0.035689496602914005, -1.484849402787329
0.27975622543664, -0.22847782934195, -0.85861238182249, 0.050549913564926004, 0.0094760356326044, -1.3873169369553862
0.29117232021703, -0.15966638852212, -0.79840000374969, 0.10552586409456, -0.0009073345749932, -1.0268917002462643
0.25051659067651, -0.12046018800751, -0.79155264558852, 0.11024008376987, 0.0051392141983349, -0.73785157400769
0.25859716620885, -0.073905930100656, -0.83017420665746, 0.10936963709758, -0.025854433020910002, -0.49498852419535
0.25147030966525, -0.011719504957661001, -0.84719262840878, 0.042172480281887005, -0.0095503716245001, -0.31120867363231
0.24002792863444, 0.079696909926995, -0.84480109148941, -0.052071450105921006, -0.024915743347174002, -0.14784628344552
0.28098124603196, 0.16628010588839, -1.1092925290276112, -0.09592776595317001, 0.034169582852966, 0.18919464116205
0.18249144701362, 0.15994900271968, -1.042512132190658, -0.16822527512128, 0.05691312504428601, 0.50103415916026
0.20300107414875, 0.16374281960779, -1.1042934150125374, -0.21366362501419, 0.10822036620548, 0.72647846082779
0.19317648265764, 0.18184881529446, -1.0756406995191867, -0.2131083027811, 0.11008056424696, 0.72621914432042
0.24833990091138, 0.17598867920991, -1.0484952244050758, -0.20256484420998, 0.10496354674056, 0.69660117096088
0.23426814367603999, 0.1600244523439, -0.990823055748, -0.20536263143927, 0.088053899661252, 0.53812429124643
0.21533676784301, 0.08851133810752601, -0.87215374317852, -0.18423176869092, 0.14461524488771, 0.30720489822735
0.27648782078043, 0.08754233067084301, -1.0568903942768655, -0.15356722321988, 0.10869142084449, 0.2199055613798
0.26963027602448, 0.043214143098051, -0.9601199487398699, -0.13066028936677, 0.10233087081704, -0.010669845771444001
0.26003418657857, 0.067748808161344, -0.95517257211717, -0.09570007278450701, 0.11546405114187, -0.024249231873952
0.27190944118857, 0.031866274932377, -0.94450030075346, -0.10595524763595, 0.08592944184270401, -0.13477760948361
0.2713968497526, 0.0011201668657733, -0.91004370182485, -0.087636997104147, 0.055448490345347004, -0.27026371111304
0.22900537177314, -0.0031864469530065997, -0.89233254739087, -0.047867645121683004, 0.098694667217867, -0.37876111274245
0.26614431798848, -0.01693257238177, -0.90858106294268, -0.062868620386045, 0.12215876469096, -0.41505351533289
0.27125118570879, -0.011744521355928001, -0.99762283985061, -0.07064387658109901, 0.083939040962584, -0.4315586038318
0.28804058585631, -0.027183405177977002, -0.94710110408811, -0.07295736616548501, 0.081317242863662, -0.48142910459376
0.26374397844997, -0.012167820997289, -0.92715232230477, -0.06936119908954601, 0.08845793871612201, -0.41796966974893
0.1933940824605, -0.0093211329296662, -0.9085729643138, -0.11591122591174, 0.13535223220096, -0.22445695317085
0.16285145193384, 0.035949826333744, -0.87804207119711, -0.099369267803167, 0.13571819410923, -0.11337988026761
0.22388611027512, 0.021980377862024003, -0.92367328731655, -0.12916158518737, 0.1210551721003, -0.12631028712567
0.23313840070601, 0.0063541078559898, -1.0453273451750174, -0.11896464991864, 0.13380274700165, -0.26518714525821
0.23033838186757, -0.023157559679133, -0.92811867220009, -0.095047725569519, 0.09776471585362301, -0.35833026870044
0.23723426105741, -0.042104762711116, -0.89678736944877, -0.09108328945442401, 0.121945545748, -0.41340965793044
0.23103816880839, -0.035818166948617, -0.90366728492919, -0.06834548280312801, 0.09497189267853601, -0.43174510335041
0.20360099899482, -0.054876715922649005, -0.82073861385109, -0.044240514367182, 0.062448556219908004, -0.50596839070553
0.21281076290024, -0.044598235511952, -0.81137370193394, -0.020718351781077, 0.049547364925765, -0.47659408310851
0.23313291791148, -0.019977949277357, -0.82596602779669, -0.037658612124035006, 0.10994892053844, -0.42982215441224
0.26613039104055, -0.0053005548331692, -1.0211752439877877, -0.044954444318339004, 0.11821370121278, -0.41025560928151
0.21843336337712, -0.011815100352683001, -0.93871009362157, -0.038067372929854, 0.10249383567651, -0.41567882161599
0.25576792205832, -0.0050923591949859, -0.92831666922971, -0.034692499478019, 0.10291105250558, -0.40602016209993
0.25132652866388, 0.0038563672648147997, -0.95028543027037, -0.022799985744585003, 0.093296251075239, -0.40513558749798
0.25213593866072, 0.0079858861713511, -0.93042327394012, -0.022053579714214, 0.084409424126376, -0.40089663226409
0.23902154176246, 0.01163935133314, -0.87162338538324, -0.010570770207636, 0.08480400146762, -0.39148400912321
0.23375808990363, 0.011234972516604, -0.77019661573049, -0.0072172327701295, 0.080749174961041, -0.38176854986284
0.24454637349277, 0.015878549961642, -0.93679395788142, -0.012329159794902001, 0.09490833237427601, -0.39195856481343
0.21400619522792, 0.01381484865975, -0.83204826701131, -0.0070687644120114995, 0.09711258008333201, -0.38879496969701
0.22778518901051, 0.020448703423909, -0.83510923279862, -0.0037232867956656, 0.1030544386371, -0.38680862492583
0.21640403506245, 0.021885807036871003, -0.82261160671254, -0.0022364385407292998, 0.09874141209909301, -0.37924740950486
0.23303780254387, 0.020643093228316003, -0.81387988637001, 0.0026298646821747, 0.08775630047056601, -0.3782613040543
0.2054142923608, 0.021474264701012002, -0.76232785429433, 0.00763257823425, 0.09768255934209201, -0.37294059136435
0.1950689165275, 0.018461623475319003, -0.67447050359678, -0.000612788555954, 0.090587309300626, -0.37031462741638
0.21323144236003, 0.012853345654547, -0.80561670035083, -0.017416872045792002, 0.10161046563302, -0.36790996271063
0.19812154112167, 0.018380896648403002, -0.73696288207915, -0.0071659498630095, 0.10544906308865, -0.35181162425265
0.19866851475477, 0.019483080332165, -0.76455836489885, -0.0020908387739154, 0.11075263353961, -0.35577578080434
0.19625648421308, 0.020453192511659002, -0.75948179056628, -0.0007963433987538999, 0.1023039580145, -0.34337210366208
0.18993535052545, 0.019125210820288, -0.76780003926114, -0.0045296660183315, 0.08313870036936201, -0.33963379972824
0.18313813219139, 0.014332397163563002, -0.77427718261698, -0.014278110211646001, 0.062316534490946006, -0.33528928899661
0.1728719871751, 0.019026975395917002, -0.7151616258924, -0.015995798442348, 0.094636226313943, -0.33577447749512
0.18315173643973, 0.0026247109965189, -0.7567533650783, -0.01971657304421, 0.11072481833762, -0.344660782838
0.19070302488131, 0.015507853433891002, -0.7143661617625, -0.010089437932458001, 0.10916683526353, -0.34602099177501
0.18937443448689, 0.016527124675664, -0.7256666329944, 0.0003249770144302, 0.11075436299237, -0.34447989457233
0.18549561865698, 0.015128667026314001, -0.7306772331058, -0.0070447537634689, 0.09932741249786801, -0.33950805787041
0.18583520799613, 0.016875264941263002, -0.71632427141228, -0.0072744544990627, 0.090457451209539, -0.34024843564243
0.17056704514988, 0.012168410966280001, -0.71530523412432, -0.0083864933064965, 0.09827137291141501, -0.32362283111774
0.16909356725239, 0.011085283005325, -0.73857304390741, -0.027191725660546003, 0.10579546695247, -0.33103574997709
0.16071572383856, 0.0013442560590472, -0.69628483932139, -0.025095913804454, 0.099027071223642, -0.33027895183454
0.17285266526995, 0.017246166202480002, -0.69951649862049, -0.009286469555727199, 0.10360410184451, -0.33167250891281
0.17133181072148, 0.015963585688841, -0.71901333655656, -0.013324218383630002, 0.124524120703, -0.32894200056202
0.18046827171462, 0.014511951803309001, -0.74572978208274, -0.011114077750574, 0.09966022322364501, -0.32401941583843
0.17828101247397, 0.017102187844221, -0.73398484477367, -0.0047769019686921, 0.08968653896164801, -0.33032879736919
0.14934729200245, 0.0098269366699405, -0.68428214470693, -0.0065913667115975, 0.082124937181378, -0.3141597372066
0.16456456874683, 0.010940293688445001, -0.77324061643451, -0.029289186673669, 0.11202871251763, -0.3147410710652
0.14856956122105, 0.00673977410145, -0.71637505272561, -0.007839639443820899, 0.11435157978645, -0.33223841223963
0.17906219586686, 0.0076017180268149, -0.70074678078504, -0.015861697268169002, 0.11038418042643, -0.32221647109814
0.17560403331562, 0.009300017941582599, -0.71301998413245, -0.0056051353791605, 0.10945441842563, -0.31930900843157
0.16537186615752, 0.007994991214507599, -0.72733833548586, -0.008679250935471899, 0.095872938123086, -0.31770586042764
0.16938192787566, 0.0087174953707372, -0.73394799840071, 0.0026943272973343, 0.09800853670370101, -0.31354082231937
0.15014409725334, 0.0073193865271171995, -0.70958712668949, -0.010864501569383001, 0.096887219453598, -0.30530838615805
0.14963333518567, 0.0062726544526976, -0.7578386446721, -0.024588002433635, 0.11778321007723, -0.3158141444733
0.14368178762247, -0.0069000150255376, -0.71096822286587, -0.019655449517624, 0.1087971442524, -0.32237281292246
0.16594061101225, 0.007883681943742499, -0.68342101055794, -0.016796306068593, 0.10146370378222, -0.31890698595808
0.17580360743486, 0.0095690946349973, -0.72955429565381, -0.0077949616843103, 0.10557433935572, -0.32287269961666
0.17109732110801, 0.017825850290765003, -0.72732744085285, -0.0061102908984563995, 0.10343094483818, -0.32500089858866
0.17476447311381, 0.019358059308104, -0.73676386857688, -0.0071548207977196, 0.10582498936184, -0.31122588741316
0.17904550598065, 0.020666881638989002, -0.72416910191955, -0.0051250299075672, 0.10935836606666, -0.31268481917456
0.17570367448399, 0.030130193265913003, -0.76867947414554, -0.017393318218476003, 0.13718442113973, -0.31778024519238
0.14760617549538, 0.03144669018756, -0.72468116690484, -0.0049324622055397, 0.13069971699216, -0.31398095338464
0.19025729211335, 0.028127185302987003, -0.73615279431827, -0.011340052419444, 0.12506867624439, -0.31477475760227
0.19945545608737, 0.029783640800915, -0.74286862955223, -0.016226152215964, 0.12470491363915, -0.31286858264879
0.21884125794042, 0.036975502890561, -0.79562491583565, -0.0031729572466451, 0.13227849369916, -0.31140784012205
0.19384635188986, 0.033894773884252, -0.77174954377949, 0.0027237030933801, 0.13899430161063, -0.31368413242536
0.17578336453631999, 0.041839019059477005, -0.77787428108223, -0.0094861511097639, 0.13588976891218, -0.3011836056671
0.18582910808287, 0.038025149869989006, -0.82461718780172, -0.013328746462279, 0.15970768755975, -0.2995972227228
0.16254233262812, 0.032449213706721006, -0.74862451433423, -0.00260391203563, 0.14517055412372, -0.3136976504429
0.2022216176134, 0.033138818338302005, -0.77209075194783, 0.0029198832731520998, 0.16020382128428, -0.30524334151305
0.21404541125151, 0.032736073663305006, -0.76517222301817, 0.0023793076395157, 0.14585948699046, -0.30603580937619
0.20402279712334, 0.037805301107080004, -0.75843665746058, 0.0099752070739217, 0.14277965947947, -0.3012176530802
0.17760075573845, 0.031875488798003004, -0.72260297158638, 0.007429334415623, 0.13571380047865, -0.29812397695148
0.15383646724812, 0.032391413653464006, -0.58883983254424, 0.0011959635862239999, 0.12259138572309, -0.28753016344181
0.19288323789785, 0.029380820093635, -0.84481913655095, -0.010026409781046, 0.12935715966295, -0.29920989665417
0.17448417489605, 0.026379734932236002, -0.73571081225483, -0.0080465343967977, 0.1532510669377, -0.30222493205886
0.19525789087296, 0.029301843870536002, -0.73522838525005, -0.0062474319630798, 0.15237434134472, -0.3040489250628
0.19317694181799, 0.029358199752364002, -0.70596275289354, 0.0007286182509582, 0.14621247377499, -0.29364943364601
0.18606209657628, 0.030843696589892004, -0.72411846663012, -0.0051238349392998, 0.13319019785982, -0.30372587448646
0.16584905132077, 0.029290030458562002, -0.73196349669704, 0.0084652539366303, 0.1326839529451, -0.29561983874513
0.16494770128462, 0.026588634286451, -0.7130645480187, -0.0003521427868116, 0.11517790164719, -0.29841972637789
0.17483280872052, 0.036045886215752006, -0.81504806611624, 0.0048461236628818, 0.12665031600548, -0.30132455093352
0.17522785195596, 0.022925175676507002, -0.70359899647661, -0.0063212228627172, 0.13440447585995, -0.3112069758922
0.18096301793439, 0.020576984781180002, -0.73723972656118, -0.0017245186335069, 0.14605947967702, -0.30996161261629
0.18324569600888, 0.024239582621302002, -0.72843697221232, 0.0098986167274928, 0.12948759371587, -0.30805731195134
0.16141783213795, 0.025711699485057003, -0.71842065099513, 0.015384304862338001, 0.11366036334269, -0.31080060687348
0.15967195488928, 0.023678988205887003, -0.70564060406966, 0.012894559053559, 0.11577933431678, -0.3111595486541
0.15866492700156, 0.028191160081882, -0.78226007508275, 0.0019283324192953999, 0.13246489360135, -0.31093504454058
0.15205205959433, 0.029910202215629, -0.76181010667421, 0.014017535198996001, 0.12300650380918, -0.31397085608743
0.17601094818871, 0.018038783768121, -0.7331346101894199, 0.0006480658213976999, 0.12450938644307, -0.31520729891581
0.16763366915664, 0.019344713308563, -0.77133152509252, 0.010404843550733001, 0.12409855311061, -0.31409693077307
0.16756115302894, 0.026154652955094, -0.77751222099617, 0.015813609451727002, 0.12468628853738, -0.3050667533948
0.15353471891492, 0.023793684112886, -0.74519026911469, 0.025957222327290003, 0.10915711933574, -0.31161164317996
0.14400142174583, 0.016722521021780002, -0.70993822501215, 0.0095361230283542, 0.10694530582405, -0.30678143889916
0.14501181832229, 0.019064705998796002, -0.82701676354987, 0.0064384585203902, 0.1264334827992, -0.3086107898122
0.1285066125046, 0.017011235217458003, -0.73187179233205, 0.012139984315495001, 0.12593896850082, -0.32468511902897
0.15525885567628, 0.028024696670911002, -0.75408646369995, 0.010840139940541001, 0.13768966887422, -0.31703969511951
0.16962404461141, 0.026768414637156002, -0.73791027347253, 0.020371224319741, 0.12192892373989, -0.31523615050835
0.17042768622072, 0.031050580861545003, -0.78668680855819, 0.021757975691041, 0.11768654283134, -0.32260317601588
0.1736585704881, 0.031849364097323, -0.78722170968432, 0.024501545332638004, 0.13252661780295, -0.31571205998122
0.16521226976966, 0.034521286812016, -0.72327243245312, 0.025286483620328003, 0.15540440563004, -0.31187917469572
0.15729743154613, 0.03886330114215, -0.83848920322217, 0.015768479483194, 0.15492012403067, -0.32083315111099
0.1614427151474, 0.035742410559273005, -0.76047520964264, 0.023328520198206002, 0.15150964343664, -0.31972564002744
0.19648374332153, 0.030733973842215004, -0.77278030586784, 0.014514322824635, 0.14281649192689, -0.32056795359921
0.18754901041403, 0.033129508607212005, -0.76973987674359, 0.024163200278307, 0.14134017392778, -0.3180793856823
0.17724079157444, 0.037003926346303, -0.76368696270228, 0.036762892650084006, 0.13096334510936, -0.31861100562208
0.14833913458244, 0.036159271947470005, -0.68815225360536, 0.039950452744992, 0.14389964397635, -0.32006644146243
0.1763701274479, 0.045835145132609, -0.67075377726113, 0.033623977104909004, 0.12343272570887, -0.30785850538786
0.18290632811836, 0.053481553686856004, -0.82137366128523, 0.033173666050885, 0.12426143683457, -0.31737308129907
0.18374687549905, 0.042153479049718, -0.78085592252531, 0.022271517898505, 0.13472747715358, -0.31752771769086
0.18814197481765, 0.040885427326475, -0.75478912965093, 0.036713723122541, 0.12877115539225, -0.31775242291745
0.18685261912619, 0.03838359070458, -0.77189055963617, 0.035341978265464, 0.12658535954213, -0.31554558529479
0.17561889017599, 0.041751805669916, -0.76342763706728, 0.041268414538620006, 0.10117941347293, -0.31945861004548
0.15045505908396, 0.044392933369340006, -0.68226680924573, 0.052245935489946, 0.08962409487294401, -0.31083511869578
0.18469184423356, 0.043471152458199006, -0.87647514864286, 0.030758896417938, 0.09316442600683401, -0.31037442953674
0.17305683028639, 0.041151293728995, -0.8103811340759, 0.042589254564940004, 0.11834947619519, -0.32179190633026
0.19380588657477, 0.03782181212603, -0.76615141838466, 0.038727951925111005, 0.12943856326494, -0.3204869608725
0.17292689588498, 0.035790548791998, -0.7650059548422, 0.038302699472043004, 0.12047274563646, -0.31810532511589
0.17588085070137, 0.038557434740462006, -0.78226415726411, 0.034436320490874, 0.1021262170564, -0.31670589953723
0.15616676864306, 0.042557646048305, -0.7728246493938, 0.037542563260872006, 0.09592322573830701, -0.3210435737777
0.15703260777488, 0.03821950844106, -0.69037464149646, 0.041074225655836, 0.07959106986387701, -0.32193320175244
0.16681982585038, 0.036460872986174, -0.84140317112603, 0.02241147656616, 0.1047036488064, -0.32984954431973
0.15390109400426, 0.034912137334714, -0.76686914017663, 0.035058845983233, 0.13243440135946, -0.31942545885486
0.16284109271784, 0.031261014951036004, -0.77384487703373, 0.029656724496623002, 0.12948580329792, -0.32822912057571
0.15803534310201, 0.031478432445179005, -0.7686199849105, 0.039899004007474, 0.11230467209692, -0.31871609599126
0.16722092784589, 0.035619757495473005, -0.82309159882996, 0.042274943160542006, 0.12915460764896, -0.32775441647969
0.16469996210654, 0.035633910538356, -0.79956787411137, 0.046987192043041005, 0.12597307971136, -0.32295311186215
0.18281625685319, 0.03006574221426, -0.71953970739186, 0.038389801230784004, 0.10324645577003, -0.3226608805364
0.20660145689291, 0.019544067586472, -0.85372040834993, 0.024602762664289003, 0.10964671754714, -0.31335913809299
0.15602324817947, 0.022385600392747, -0.67055873632393, 0.040289956819932006, 0.11496029810029999, -0.30260958867612
0.12404408859775, 0.030788072717960004, -0.55020278006765, 0.051092055969671, 0.13345505201562, -0.27956372455915
0.18747520106287, 0.035373767177506, -0.6853383515122, 0.033642703524940004, 0.20742480728744, -0.27889699483838
0.27627020606729, 0.041655785765378005, -0.82503098445291, 0.019061527471205, 0.24041806209807, -0.28686931618403
0.32517484265536, 0.037660616896328006, -0.94840465770044, 0.012948194169446, 0.24914284954476, -0.28303249316737
0.36700645717898, 0.032844340879026004, -0.93841377938277, 0.0002933629744439, 0.22415196670654, -0.28574396132373
0.2963641369807, 0.017097130057032003, -0.91513270850904, -0.013126644111577001, 0.26766252759613, -0.28012167434778
0.28932896777573, 0.026989435853219, -0.88186651677935, 0.0070460520415907, 0.24663156554136, -0.28309774333144
0.30288888565684, 0.035194255097353, -0.93581061560897, 0.0052869211991886, 0.21409948990667, -0.27691241692753
0.29948379607939, 0.043041244145250006, -0.9459465972772, 0.022409964127236, 0.19287014517307, -0.27458116028649
0.28311539129535, 0.036601520392075, -0.92490441406752, 0.018395320400566, 0.18217406045432, -0.28086051394735
0.26357785726547, 0.035950036254835005, -0.9146399863040799, 0.033427747090104, 0.20348577482132, -0.27864442654257
0.25110752091899, 0.030969408058696003, -0.8225506767556799, 0.023988619356206, 0.18122968934338, -0.284543862193
0.27286734513143, 0.036808927239259, -0.98463151561734, 0.0093273025032603, 0.19244928699677, -0.29073595269679
0.23651958593511999, 0.03780302503038, -0.8197798199052, 0.025730754746056003, 0.20362492116254, -0.29015464361201
0.262824318964, 0.039271549035615, -0.84903900817138, 0.023610331087502, 0.20310795360531, -0.28438312578634
0.26751361023025, 0.039833331606617006, -0.90751177064241, 0.038715336787092006, 0.21078231389941, -0.28605168342298
0.26402587128883, 0.039959610829495, -0.90627138502302, 0.039484328558119, 0.20918328499106, -0.29471544520466
0.25994958152475, 0.053343414015656, -0.89301180220588, 0.053338721980014006, 0.20588419186828, -0.28248604632511
0.25138221684008, 0.043381967070127, -0.82160753074255, 0.034288078273422, 0.19799504200048, -0.28329833380395
0.25352411538093, 0.049609915326687, -0.92136547258524, 0.03557574843239, 0.21272131170201, -0.28578692249226
0.22902223481845, 0.040496859858772, -0.83893453632089, 0.031223536989942003, 0.21223516432883, -0.28938623659303
0.25085597148405, 0.036779032396049, -0.86126010488732, 0.031986605827416005, 0.20722269790415, -0.28679921102817
0.23690266808965, 0.038767181199043, -0.82601451405414, 0.043395898474738, 0.20225256005742, -0.28827601473225
0.23271234325275, 0.045559029510186005, -0.8285066084081399, 0.044654029694938, 0.20179547501641, -0.28676167391318
0.21592548777584, 0.048546331619815, -0.81296464208451, 0.046692538778190004, 0.19759888576015, -0.27387249781712
0.23367627239018, 0.05596258105775401, -0.81362935773613, 0.041584487202985, 0.21376441060434, -0.27369637766095
0.26864057401576, 0.053484598774382004, -0.92922937809752, 0.030031086861186003, 0.20033573052161, -0.28032299529537
0.26640829404346, 0.045703668396665, -0.8194928401401, 0.037543359384387, 0.21428902848186, -0.27569596422934
0.25047408335672, 0.038452242890244, -0.79511181841242, 0.033263411380087, 0.19827399464167, -0.28652694447194
0.23249638276935, 0.036612243094284, -0.82127994351714, 0.041515204129814, 0.2166825466745, -0.28651148836306
0.23250426111995, 0.037635064543617, -0.81451433293863, 0.046803137343526, 0.23095136788902, -0.2742886106793
0.20174230284762, 0.038137804429587, -0.66650583728738, 0.044174784233545004, 0.22346539357522, -0.27527466563953
0.22873622962881, 0.038148246660172004, -0.85980207041998, 0.031313104019921004, 0.22641430789065, -0.27873960267904
0.21453504379272, 0.037199991270897, -0.82734977053526, 0.043842473282363, 0.19958822777875, -0.28070165233158
0.17077434570312, 0.060496745226152004, -0.58351437704511, 0.027818963073799004, 0.1753196208495, -0.25861973791005
0.017527280591566, 0.009904724219375799, -0.31810067748474, 0.029434400327357002, -0.031126061740158, -0.29433149514605
0.002259661560343, 0.04000547369262, -0.6499345005234, 0.023954927790044003, -0.018434312668526, -0.23351471405062
0.13235003813888, 0.038928080890151005, -0.9938444193671, 0.0003288275550529, 0.053425658723137, -0.23830936362198
0.25152598583547, 0.026272566461233, -1.1668134721621357, 0.0087572302584763, -0.041801837771131, -0.23415048054921
0.2049253314953, 0.09917564099419901, -1.5009043129255901, 0.05003476739503301, 0.10471530061777, -0.12695419367923
0.24058796195427, 0.076679651177865, -1.5281482525601187, 0.052115142385399, 0.10977753846053, -0.17081527672445
0.22606593392328, 0.04151529056731, -1.1583128339696178, 0.04534045684512401, 0.13315227954797, -0.1933264144233
0.21592283528193, 0.040430670446891005, -0.90363886512588, 0.029964441810333003, 0.20531800309003, -0.21931496612825
0.23557854528789, 0.037154086108185005, -0.83914795601668, 0.015742086836386, 0.25637862340724, -0.24400498363192
0.2604481442014, 0.034038818471191, -0.8157824696934, -0.0013088274361356, 0.29982534422975, -0.24882161593394
0.28077591856182, 0.033861273570495, -0.87734840574729, -0.023448864260515002, 0.32213889840328, -0.26857466360739
0.2533370757764, 0.031287379880247004, -0.92527234685146, -0.019898945228202, 0.25764542977929, -0.26707897601356
0.22745374873748, 0.035617294449477005, -1.0277275156072019, -0.023635746799174, 0.19752838512694, -0.27455655327391
0.32959694485314, 0.055869535714849004, -1.3286390051250498, -0.035646064653791006, 0.20747977304067, -0.29664683675295
0.076105945522388, 0.023758706158687002, -0.95349125693554, 0.0057356345333637, 0.15930555663521, -0.24744895230638
0.11614337537371, 0.022230144083014002, -0.69051812628306, 0.018343746108961, 0.0072767081086665, -0.19965748901935
0.13343069060049, 0.012239647776984, -0.85252168888621, -0.0039778543444028, 0.0031357088622122, -0.23132572722352
0.08121864826854, 0.01277121446386, -0.87659210071361, -0.012082302922091, 0.082127633202212, -0.20175006000253
0.18372748033804, 0.04832114872930501, -1.0099616573457189, 0.013741330538061002, 0.06101729099704901, -0.188042649677
0.28485041973924, 0.042884061399796, -1.209026611451046, 0.0065699124683464, -0.08589593978322001, -0.20525707184631
0.24677000525449, 0.060822936162268006, -1.5363869408113515, 0.048517630873151, 0.086685445970925, -0.18483680697112
0.11438556642806, 0.046182303151776, -1.416857487592926, -0.042264138070727, 0.14054497168334, -0.20995306821665
0.19838161372882, 0.06091691670537001, -1.6175974251542589, 0.0043241815958605, 0.11775659850658, -0.19785124238688
0.17572594534155, 0.081162341384389, -1.346260919820511, 0.0010405963400063, 0.13017529580431, -0.20141559504177
0.24805566477281, 0.070234272558522, -1.388913489418593, 0.012903554706958, 0.12052741267321, -0.19729455535508
0.20514465420201, 0.099890525829434, -1.4113204429912363, 0.036840247376925005, 0.18273520201712, -0.17342771924995
0.33675097264778, 0.040368725353711006, -1.6178521185343542, -0.062589390264446, -0.0005816438954089, -0.1935187589093
0.23871218804671, 0.09829491989293901, -1.5820303762264083, 0.058472811846651006, 0.16566541099815, -0.20194328403797
0.16835982578514, 0.086970620318466, -1.4415270963528046, -0.005561193626988, 0.14766132277027, -0.21459781962266
0.2331331271375, 0.05221381958999401, -1.572861398577258, -0.024235582212827, 0.20762964423502, -0.18146951365266
0.27136731427095, 0.045761380029339, -1.2687604310444687, 0.0028325739446866, 0.11529163884698, -0.20453861255252
0.3587701757173, 0.033783085558954006, -1.1141539274237746, -0.0078576453469965, 0.18072477840991, -0.19993289577469
0.31950243174781, 0.073645394877293, -1.0356763205452335, -0.0030516866997117, 0.24471435868908, -0.19108926810138
0.24795501247112, 0.08328072225009901, -0.94147560759248, -0.013927557756408, 0.22251409455034, -0.20144233390027
0.15900364949713, 0.027569488881594002, -0.85022144570963, -0.030524009104578004, 0.2397618095436, -0.20712456150978
0.20422374652062, 0.0006563710919668, -0.83275733393619, -0.050284711697074005, 0.21521013951159, -0.21051515337302
0.31672734983263, 0.011268610819157001, -1.0848839466668418, -0.054252815612097, 0.16856594585398, -0.19851345545634
0.34572491792881, 0.011790664156683001, -1.0722061832029097, -0.051323136100629003, 0.16945731179588, -0.19794825640544
0.37873332686107, 0.025927213550030002, -1.0907741422123864, -0.048440004244013006, 0.15974741162276, -0.19078051461804
0.29183360321447, 0.027190065206420002, -0.92841615212882, -0.034084317043125, 0.14992418640619, -0.18561793651617
0.24474824727431, 0.016786374292538, -0.80037204301789, -0.026843995936561, 0.1660790846341, -0.18596672512075
0.33551602390472, 0.030569119159643002, -0.97567916207108, -0.039296973040079, 0.15615685901493, -0.18698468847621
0.41462642428257, 0.04115696717329, -1.2013460651094958, -0.037540070175567, 0.12052396528164, -0.18046129720533
0.38221455783534, 0.034578967450968, -1.063819332428824, -0.024542801614701, 0.13827854530997, -0.17621555591373
0.34869286684591, 0.036028813213214, -1.0260744574069316, -0.024845057612089, 0.14337093329261, -0.17522421381335
0.31992804260719, 0.033569821729042, -0.95882995983633, -0.023175034290605002, 0.14225617395282, -0.17676172564012
0.29404191252372, 0.035129654834317, -0.94098340403652, -0.015340730641428001, 0.14546398541045, -0.18125404012262
0.30065715244767, 0.038298798178154, -0.9344909871152, -0.017655195008076, 0.12254485632497, -0.17762104428375
0.32931896280921, 0.04698745676108201, -1.0249827780017626, -0.014787057264142001, 0.11911766080697, -0.17852554880405
0.29965452326224, 0.03666537273539, -0.93836848278207, -0.0095675301359323, 0.14134263061718, -0.17444836522791
0.30504977528097, 0.041882556265101005, -0.92620078886645, -0.0018823228536185, 0.14539724913826, -0.17598768139351
0.29413888558814, 0.041843558401985004, -0.87250576687235, 0.0069876195862933, 0.13515433598924, -0.17416315423438
0.27980570703581, 0.044936338030618, -0.86832761369976, 0.0055925147506555, 0.13809242544519, -0.17172987790259
0.29008967597783, 0.040621352692183005, -0.84833451175121, -0.0086994603775136, 0.11956152192925, -0.18343231501678
0.25561743318719, 0.044834181026734005, -0.85492675219672, 0.0042105705669526, 0.14706075501706, -0.18817600232421
0.285576717657, 0.029759718096714002, -0.76143054833902, -0.0047047175690564, 0.13616590394611, -0.18798204346091
0.23077524866254, 0.038854694584512, -0.76581682764005, -0.008623461288926099, 0.15983537434713, -0.18019115732203
0.15535673147706, 0.039824499692483, -0.6940328725068, 0.0010215411991763, 0.2109004136245, -0.16827204837058
0.22194988465322, 0.05288954608186901, -0.89842920676582, 0.0010852422076686, 0.22995800705031, -0.17597431785442
0.38906888316994, 0.048967308597232, -1.0844101671735173, -0.0055897719128535995, 0.20050909810809, -0.18462595068882
0.37585204079444, 0.050502173520408006, -1.1367280006664608, -0.020472288124305002, 0.2075578752284, -0.17996084539229
0.36067948331165, 0.047082084164363006, -1.0614591107337885, -0.012718905242397001, 0.19995044425856, -0.17789382605255
0.32852531440723, 0.05191869875502501, -1.0643181977475598, -0.015177540986469002, 0.20186442726575, -0.17627739875085
0.35386522523181, 0.055204277123686, -1.1176527897702238, -0.0029449201826469, 0.17446528146334, -0.18134447377055
0.36366925049965, 0.054265419876479, -1.082389334640059, 0.0049070266658534, 0.18642651030203, -0.17562234883401
0.34901542647514, 0.04924452991280601, -0.90283837651876, 0.0072275683839161, 0.19765692149691, -0.16160768710116
0.340353862966, 0.05816169511639101, -1.0297062059793807, -0.0021450549184582, 0.20881291876782, -0.16341614600517
0.32889249233937, 0.05726476156738201, -0.93686668690173, 0.011010212711073001, 0.18513129010885, -0.14481274651063
0.33627137749102, 0.058726156054568004, -0.9282407802949, 0.014278741345368001, 0.19308821942464, -0.13982027594093
0.31341442464274, 0.055524338019612006, -0.92517614629949, 0.013307270592009, 0.20089771303769, -0.14547494891153
0.30788667901972, 0.05800783284257301, -0.90241356484414, 0.014088856268921, 0.20285068443872, -0.14577571980507
0.28845989801367, 0.047739276468972004, -0.73623901045038, 0.018443401057553002, 0.1804834087115, -0.14216816768007
0.3018173643824, 0.056524603904044006, -0.99034655614666, -0.0012609589247063, 0.19145392076868, -0.15638600197211
0.25284716970241, 0.047847419638756, -0.8576572656282, 0.0060555003129862, 0.22003402417477, -0.1757187291033
0.26513181250103, 0.039290314345996, -0.85340609376713, -0.0085323988496654, 0.20388769774779, -0.20097886335545
0.23965214680654, 0.021799876025949003, -0.76841204182948, -0.003747434516395, 0.18031282458882, -0.21935346641362
0.23079468124368, 0.019367221901535, -0.74714263495693, -0.005676207112581, 0.16485315564709, -0.23173941581505
0.22448383006062, 0.028436798805572, -0.69188716772859, -0.0077654856885048, 0.14649344161937, -0.21315066052564
0.28034604062341, 0.032214254010267, -0.88965587510625, -0.013285546305386002, 0.17380570932785, -0.22453662365023
0.27585836136958, 0.054083330720528004, -0.98495544056216, 0.0030835411154922997, 0.17501071160637, -0.22520723864816
0.25575629838456, 0.033052648753285, -0.85064079346317, 0.000920880906537, 0.18884882959042, -0.22054344635259
0.24585649328832, 0.036662622144271004, -0.85576736845409, 0.0048981826010606995, 0.18125663754035, -0.20939555580212
0.26211393314441, 0.024267703293264, -0.86619166813823, 0.0005825848607128, 0.16207975700729, -0.21260154005227
0.26310141417516, 0.030621830313612004, -0.91129088167233, 0.0036696364626936, 0.15877827178993, -0.19361262775338
0.23089865323129, 0.0081057957802217, -0.82280256417421, -0.029620113322061003, 0.18551385998734, -0.21110359934687
0.14158716879847, 0.010809190050974, -0.67538153980303, -0.018717976134339002, 0.22345062546041, -0.18684365228362
0.24799592250535, 0.037465861098621, -0.82478064146053, -0.0029351394463677997, 0.21086299000006, -0.19043110702314
0.27805180732513, 0.06796954434463001, -1.0017051407129907, 0.0028722549063872, 0.19452131478158, -0.17900218408053
0.30358338622963, 0.06487527334248801, -1.076125308208146, -0.0097541424767382, 0.17201988973083, -0.18908906662842
0.32901590933406, 0.06977526998017501, -1.1628962518044792, -0.013245070658146, 0.19716714803083, -0.18083101561654
0.31763576337824, 0.049479456251139003, -1.1641623905710539, -0.032894692387082, 0.23254919433989, -0.19827908775667
0.32475558111024, 0.050214261713662, -1.1706525133748604, -0.026345496506292, 0.24038358350606, -0.16769475312757
0.31986314423897, 0.059660110279072004, -1.1819620785802998, -0.0072850551895259, 0.21756531852217, -0.1783136770717
0.34577657202745, 0.07511809701559401, -1.245913652124854, 0.0023005754681298, 0.21848446156012, -0.15764818342977
0.32036944774587, 0.064158111365044, -1.2079825803272757, 0.0005373572426465, 0.21457548538639, -0.1469078668402
0.3166246738435, 0.07678972366966401, -1.177987737939719, -0.0019800536179932, 0.1914946979822, -0.16611611136267
0.28509052026495, 0.061642425322399004, -1.1074796040013228, -0.012038126538811, 0.20862914716448, -0.15646481260116
0.29258259238696, 0.063799913393758, -1.0470660391683622, 0.004549251763145, 0.19827328066658, -0.16145712373477
0.29209888289757, 0.076182757449474, -1.1211236013977168, -0.0026841838087676, 0.21781833333843, -0.15606792334387
0.28174348185001, 0.05695252107485801, -1.0425625553952815, 0.0073422564928399, 0.2267453188845, -0.15427323822216
0.29167097987751, 0.074357876921638, -1.0983499625899333, 0.0026390608045544998, 0.22779714729557, -0.16218793867801
0.26874768893158, 0.055867532942045, -1.022048020413838, 0.0087277060673487, 0.20642192141256, -0.14707992066757
0.27295381793737, 0.070305128192737, -1.0204029426910384, 0.029254250713721, 0.18835474147551, -0.16804203092739
0.26173960054432, 0.053164299588961, -0.98991262343181, 0.024962069618095002, 0.17442587654127, -0.14868380862007
0.27660535232626, 0.070893178294979, -1.1211966124748194, 0.043479613563941005, 0.20969662701603, -0.15175397448278
0.25166768183201, 0.057402462324255006, -1.0070772652551434, 0.035849280262419, 0.21457001826709, -0.14653248387132
0.24730067051448, 0.051467501704527005, -0.98336727654562, 0.034739024902900005, 0.24101030192286, -0.1409623203192
0.23831403958952, 0.053594831708876, -0.96939339392508, 0.046053949256677, 0.23020734824588, -0.14110819898226
0.22218013977821, 0.049840122251053005, -0.97841416487478, 0.061963713538822005, 0.24161631498747, -0.13546166277976
0.20665045044003, 0.04351852253696201, -0.88153798841739, 0.05552515220645501, 0.22842289763265, -0.14316154036983
0.21917225511244, 0.049871865647242004, -0.82431255247387, 0.053015173125105, 0.21121110614318, -0.14489453120129
0.27156939806208, 0.08420409241420601, -1.0645455125064456, 0.05659341130131101, 0.20604606551059, -0.12829168199712
0.24877895049207, 0.07236966714814601, -0.95641582069038, 0.053013277451303006, 0.21901069151003, -0.12808332648667
0.25385532685487, 0.07077449809099001, -0.96794883061869, 0.06395297782999601, 0.21545602262559, -0.12604360492759
0.21827602713467, 0.075296038175373, -0.91033511852653, 0.064416608138723, 0.21306951150174, -0.11889274411625
0.24841818938498, 0.087286078390008, -0.96908249761749, 0.06346609747557301, 0.19133972145292, -0.13381904741586
0.21220498193369, 0.08174523617643101, -0.83473338559713, 0.06341741861694701, 0.20328276835091, -0.13379780958602
0.26942842406941, 0.079648487591922, -1.0175881188647258, 0.065716796681712, 0.23491889179064, -0.13723905255228
0.24607137925802, 0.063282751114484, -0.92710420611231, 0.06435984587155201, 0.21957544782062, -0.13314131093571
0.21449594602462, 0.06380806521952401, -0.77997252631073, 0.064795088852255, 0.22903098933803, -0.13344102746864
0.2026669259477, 0.086276726403834, -0.72581940460778, 0.086190188349269, 0.22227779085315, -0.12314918668788
0.26859614737909, 0.1295000322823, -0.88562091330371, 0.09900326122012101, 0.19157716144541, -0.11300254779197
0.26456577246313, 0.11779069758227, -0.91271982702776, 0.07852822964109901, 0.1864662190505, -0.11356265583144
0.22348985718029, 0.091288428230804, -0.92563702819433, 0.06265115404393, 0.27114213453256, -0.12661110525463
0.18545560880709, 0.07787021694882901, -0.86973069286037, 0.046060203750538, 0.22043319614981, -0.13321562712968
0.17520359180871, 0.087269815210467, -0.79165191775607, 0.057737979059984006, 0.22757128385288, -0.12662177818934
0.19295623021557, 0.094823267606069, -0.8169477456446, 0.059567677193400004, 0.22769137550881, -0.12681593981282
0.1988462739869, 0.096853297505677, -0.79779501620816, 0.05776318258518501, 0.22141060370087, -0.13759334431623
0.18795978060399, 0.080621814246393, -0.74428951509377, 0.053639002654743, 0.23036863723613, -0.1354570574819
0.14495321838104, 0.10629101659912, -0.69907076127563, 0.05354734459121, 0.21521737384855, -0.15706487696418
0.12935502419719, 0.073947869237954, -0.74500365241894, 0.029777259588363, 0.25708458639667, -0.19874207648577
0.2547493024258, 0.06193147922992501, -0.82030042178942, 0.025655625492552, 0.21845821093828, -0.22725028196828
0.24018110822543, 0.067941468994354, -0.74223625716826, 0.024568730781119003, 0.20553396364482, -0.21418582954314
0.20387457913799, 0.073814834719793, -0.65496991701949, 0.036497840701407006, 0.19079967916919, -0.20509285531285
0.10805819945606, 0.074256488137874, -0.36523608262372, 0.031018116934363002, 0.17145021339884, -0.18487266528667
0.2045505615053, 0.08899038222751701, -0.67595596319588, 0.014150484759684001, 0.20135604108555, -0.17972984589821
0.28455950619633, 0.047382057327757, -0.93993273649412, -0.011188024740412, 0.1922178880383, -0.18344853236889
0.39347592978883, 0.012900959860342, -0.9825514575609, -0.041075137424167005, 0.18349145474219, -0.19535395891237
0.33969176314695, 0.0020542452659036998, -0.90278507561933, -0.042821806440045004, 0.18961855172621, -0.17838070161257
0.30268807975137, 0.014240145470633, -0.8695923976184, -0.037237539527436005, 0.21400885715947, -0.17624557986545
0.29912914524199, 0.028569088131475004, -0.80230202687999, -0.039574396675923, 0.2031449567513, -0.16899455211262
0.28008341184506, 0.020195136837795002, -0.87526443960654, -0.044618165895128, 0.22580477066741, -0.16814298173069
0.26343758578671, 0.030635374413479, -0.792117157644, -0.032096340539069006, 0.21422016256329, -0.16925071370821
0.27605868366186, 0.040430254685714005, -0.82296306943771, -0.028857167546938, 0.22123666447311, -0.161142470082
0.29118101900247, 0.05134915116296, -0.85782948668019, -0.023655389934663002, 0.21176594075833, -0.15848372123053
0.28714801000171, 0.051493810048890004, -0.86918397626587, -0.018620368163305, 0.22596290059006, -0.15541723036836
0.26095224610224, 0.053003247709065004, -0.80705823314782, -0.017487862593883, 0.2406725693637, -0.15774059514344
0.21286133076364, 0.051661425846435, -0.75905730944375, -0.016893120104752, 0.25170207070254, -0.15257794461454
0.28917558223131, 0.057791248684497004, -0.82302107576103, -0.023823160910259003, 0.23163712091134, -0.14796902713731
0.29422555166686, 0.06605298414411301, -0.85780923070635, -0.0053329857043818, 0.22434243482997, -0.13650132497626
0.27299384525908, 0.069637388318014, -0.82210369040594, -0.012472259311924002, 0.21434435939218, -0.13736100231143
0.25215506837071, 0.06563051273534401, -0.8121704709934, -0.010815461486436001, 0.20720685051435, -0.13940968881652
0.25078076285963, 0.070164261424948, -0.77815697124599, -0.013336217728693001, 0.21630535740038, -0.13885376580644
0.24394794248758, 0.069500633042912, -0.8092951794229, -0.012405167007415, 0.19975632899141, -0.13753852844614
0.24736482310332, 0.071795142831824, -0.77509144114051, 0.0007124576458118, 0.22263480963769, -0.14176432404025
0.24292619693979, 0.073052363690743, -0.78092656396356, -0.0023669095250577, 0.21333296472414, -0.14448254139079
0.25040741396499, 0.074349255958576, -0.77644749321601, -0.0035399206806571, 0.19556678444469, -0.13917062708041
0.24260311218313, 0.08115143004382501, -0.78295007268364, 0.0062063418895864, 0.19852316857235, -0.14640084519081
0.22450567392315, 0.07419448128738801, -0.76255729901373, -0.0056002307246343, 0.21290308388652, -0.14280175039083
0.23304042156083, 0.074559407046553, -0.79105730526316, -0.0083553569444748, 0.22452672099652, -0.14656302538643
0.17892440368793, 0.081876917253241, -0.71198173298323, 0.012301655645136002, 0.22857294033373, -0.14269445811358
0.22642402584004, 0.08777037896081501, -0.76721872681815, 0.016546398084191002, 0.22360226054737, -0.14738206337339
0.25830805844402, 0.093759536681752, -0.8649074233333099, 0.0084814241148248, 0.22099441512324, -0.14800853912424
0.282044226779, 0.082916534048991, -0.94925308558448, 0.013879449066342002, 0.21574341317604, -0.14130227650095
0.27669881502491, 0.074467636162833, -0.92318156221962, 0.0077111932891637, 0.21919045772054999, -0.14208556754259
0.23985458037309, 0.077512300651031, -0.77674156435198, 0.011981516746909001, 0.22892152872413, -0.12917676887908
0.26396071444224, 0.07516963686774601, -0.89300758753649, -0.008281644879299799, 0.24772519519593, -0.14516371430441
0.23571616869696, 0.077716274293832, -0.80064596873953, 0.010124016643085001, 0.24742115119917, -0.14740457417393
0.2578998202315, 0.081063348040787, -0.81495955624123, 0.0071631603041691, 0.24733198128576, -0.13901098734036
0.25263146196295, 0.081349544004, -0.76753671906847, 0.012199539298692, 0.24189594285445, -0.12479633490589
0.2498438662765, 0.08992920369429301, -0.79359637614418, 0.021041247528902, 0.24258030512752, -0.11581098596839
0.23251021918714, 0.088152710346294, -0.81422432322066, 0.019427765281628002, 0.2469273939095, -0.12074156358436999
0.24085084580655, 0.08609468369237101, -0.74713329147743, 0.018909470202027, 0.23088512123455, -0.12013714116414
0.231790963994, 0.08675380574970601, -0.81300707534219, 0.0087548634368067, 0.24265499363614, -0.12870508751345
0.24035277293098, 0.08998620311846, -0.76082860629226, 0.017869693313063, 0.24455895752935, -0.11925692263721
0.24574131284322, 0.091259735337294, -0.79128121592736, 0.019430140350304003, 0.24403868232451, -0.12108431648243
0.24951359003059, 0.094004413800454, -0.79982618723017, 0.017237102395647002, 0.23326779492385, -0.11748588946858
0.23048737126376, 0.093425563499791, -0.78931648193717, 0.026286717201550003, 0.22665910394653, -0.12101028021356
0.23292026838815, 0.09512215205742801, -0.81289509859557, 0.021899320102912, 0.23716591360148, -0.11453624911225
0.23613406455219, 0.08971283263058301, -0.77752969847044, 0.020446251062514003, 0.2400032544094, -0.11537334848412
0.201880463164, 0.09021756801988401, -0.78758538576671, 0.01692065224345, 0.24276437879676, -0.12671022106492
0.23896971906895, 0.08936347955760501, -0.77618043266477, 0.014037223510106, 0.24072128850465999, -0.12336707816344
0.2370671726011, 0.095437129378674, -0.80983111753199, 0.019020949288069, 0.25236110827479, -0.11778523154664
0.23472577619795, 0.09171954342423701, -0.81284381138248, 0.025295191887236, 0.24160573933326, -0.11410582101809
0.22503605397086, 0.095765788736899, -0.79969437520401, 0.030875734837766, 0.2407640316298, -0.11587409582563
0.22638686339128, 0.09312388644114501, -0.81898843401521, 0.023790415961574003, 0.23454868450848, -0.11456648895149
0.22534430426301, 0.090620521010966, -0.78102782635257, 0.015915683477030002, 0.24712700376353, -0.11591782940819
0.21623745147139, 0.09173126258692, -0.82179274703852, 0.027388938446289004, 0.25580239438334, -0.11819724061571
0.21595661663622, 0.091013220202441, -0.82736384136851, 0.017491518424541, 0.28389279277923, -0.12430879156773
0.21330509194417, 0.09529487041786101, -0.80822125780514, 0.024406120156696003, 0.25964756388143, -0.1249233682016
0.21309005589446, 0.09739361227087201, -0.81484414015345, 0.021624632850946002, 0.24317435194537, -0.12684433903661
0.21531935796237, 0.091209406926839, -0.78642854452676, 0.018042629237719, 0.2339197894482, -0.12481621772285
0.19909193942905, 0.097991258877152, -0.82403470261892, 0.040725097567096004, 0.27450198725039, -0.12024748482912
0.21373525071218, 0.094868932400285, -0.76570077926539, 0.031802350224168004, 0.23323985879793, -0.11316846253755
0.21214149440962, 0.09334417333700001, -0.82679196805721, 0.01407315875401, 0.23771413336021, -0.11721101676772
0.22657065991517, 0.09075662751513801, -0.7748901520253, 0.0058171679379543, 0.24357771266583, -0.1266497867311
0.22725914105169, 0.094529826190657, -0.76813590114095, 0.015097917279952001, 0.23910160039599, -0.119715729936
0.22567052118005, 0.10013309367744, -0.7827731885023, 0.020230408042265002, 0.2266712048245, -0.11641219666855
0.22331713560954, 0.09505289896943901, -0.78847792505115, 0.023859386216213002, 0.23163383326697, -0.12192131297559
0.21501379316972, 0.09977707430020001, -0.80909904108987, 0.027618913658037002, 0.251108616168, -0.11198419523772
0.22914974759091, 0.09074475968730501, -0.76886026727258, 0.02202790946866, 0.2332395823207, -0.12290475009012
0.21338248826194, 0.092886414750094, -0.81183602210001, 0.020380524553573, 0.24749102581824, -0.11580905178678
0.21343139549037, 0.09181213472647701, -0.78185448610175, 0.019448710178833, 0.26288965398023, -0.11899463851928
0.23205756310947, 0.09076470754765201, -0.79589654403714, 0.019921604274065002, 0.25855111373369, -0.13175433851042
0.23601470246853, 0.09466765763535001, -0.80990299626968, 0.026935580313217, 0.2493948549332, -0.12158404792555
0.23740709193393, 0.09487426270693501, -0.80157413310944, 0.021275311497323, 0.23981507691424, -0.12476586803625
0.225188201584, 0.09974814942483201, -0.83252987869456, 0.038647572707054004, 0.26442096080853, -0.12784325329839
0.24335013064706, 0.10000789624433, -0.82859495093973, 0.019325884353455003, 0.2574020929642, -0.12746867049332
0.21347040808766, 0.10067276943082, -0.8416770909048, 0.031240282387141, 0.25831067072456, -0.12197783753004
0.23051253733817, 0.093841326938379, -0.8143738753193, 0.024078480358254002, 0.26532168821603, -0.12655523315756
0.22676372867079, 0.09925773641909401, -0.81733288755834, 0.01978033882125, 0.2624503896853, -0.12643269635757
0.2489107786335, 0.10534248387623, -0.88497415979674, 0.026156813053274, 0.2560330661971, -0.12523272866
0.2736872681588, 0.1067053436199, -0.91754605826003, 0.031512487359842, 0.25442886605925, -0.11947158831654
0.23697012265378, 0.10257201826121, -0.89858116075518, 0.023550485468006, 0.28186686268384, -0.11788189454155
0.25463550802274, 0.10093145912434, -0.87098303273673, 0.025102478754965, 0.29496262722236, -0.11461753227723
0.23517691937901, 0.10054450380314, -0.85492808912481, 0.027256126376729, 0.28381082262216, -0.11528423432768
0.26199704344606, 0.09707481647206301, -0.80580273808591, 0.029258907584105, 0.27702406187158, -0.12033837635632
0.25186671365326, 0.094724730898624, -0.7835385850593, 0.041448240399664, 0.27323699227722, -0.11031337144685
0.23918066323096, 0.09769096163436301, -0.74642145103417, 0.046840278494452006, 0.27367060141297, -0.10969206955637
0.23965448770762, 0.10111090143311, -0.79712362161622, 0.047677049735663, 0.2698947753834, -0.11496498545746
0.20901706846945, 0.09856806066865101, -0.63174751075506, 0.046129211797097, 0.25801895288382, -0.09775798663183301
0.27197831047967, 0.09854975010668501, -0.96422485215603, 0.025918009071863, 0.25490728823228, -0.10593973251048
0.24546953757729, 0.10065973297677, -0.8711145161491, 0.038164141107424006, 0.27540045909347, -0.10239630442625
0.25795615549121, 0.098577374062685, -0.84076834674694, 0.035546729005340005, 0.27698974873917, -0.1093539263187
0.24512537679823, 0.09594853792358901, -0.80535714106648, 0.049611226369897, 0.26305364212951, -0.10834089125194
0.2325460614766, 0.09884875362905701, -0.80712344068319, 0.051375423361145006, 0.25369929229776, -0.10107676548544
0.22260388249432, 0.09766904860356201, -0.82393794857283, 0.048572047725144, 0.23641690948437, -0.10426637803511
0.23596099971065, 0.10315036105804, -0.90890205280909, 0.02506522104234, 0.26164519610153, -0.10502415367706
0.22858790957456, 0.10096903706156, -0.85905919981709, 0.035145087373042005, 0.26512787566372, -0.10540437411131
0.23322780485599, 0.10393286172126, -0.82117617854953, 0.036359442185584005, 0.26679395467036, -0.10665767678795
0.23465558134712, 0.10770345574377, -0.86346476951927, 0.042082072539962004, 0.25966842940748, -0.10211262668898
0.2395387091457, 0.1074184888487, -0.87308735968903, 0.041704700755640006, 0.24448865251446, -0.10278862312697
0.24073000340116, 0.11081458751709, -0.87901531012878, 0.053551184644090005, 0.25467340901253, -0.09615061686545501
0.21836187267325, 0.10669822206627, -0.78691292006877, 0.038258172783472, 0.23977719566809, -0.098016366789826
0.21880970391355, 0.10541064996216, -0.87130871193268, 0.030823542594213004, 0.26543960424175, -0.09122961206046301
0.20063507176122, 0.10905915274211, -0.82595762045818, 0.03904055608944, 0.26957007361186, -0.098477285844729
0.22222016089957, 0.11235162292052, -0.82783916182452, 0.041712566159090005, 0.27342544164613, -0.09483174918876
0.21940117048674, 0.11322545214907, -0.81886942470889, 0.052691520675696005, 0.26467990867262, -0.095419433391858
0.2328651201256, 0.11673459583559, -0.85322825211771, 0.051288003596317, 0.25752815575576, -0.09400695602968401
0.23532900944364, 0.11647126716444, -0.84875787573891, 0.04634633955368601, 0.26254214845705, -0.099836815502681
0.21245505039987, 0.11167626627053, -0.77140035576866, 0.039110670766158005, 0.23839651676911, -0.095755303568039
0.20905852768974, 0.10938103217821, -0.88175623408602, 0.035681623127175, 0.25763625774227, -0.10108915573409
0.19259600482981, 0.10591316798822, -0.81957107915179, 0.040896985401055005, 0.27439074699634, -0.10627310713688
0.23531046722614, 0.11198111552115, -0.84077381298214, 0.036404700785889005, 0.27365428634058, -0.11057655571427
0.23370733702578, 0.11538257519425, -0.85519030421233, 0.046463324622312, 0.26714220192859, -0.10076854045307
0.2315644888209, 0.11788764781107999, -0.86382644662217, 0.04733824668797101, 0.2629864561986, -0.10465533967674
0.24043404450378, 0.11866502534447, -0.87301203182381, 0.055843449725568005, 0.25350040429476, -0.1010008252299
0.20766453939314, 0.10857903079089, -0.76702145826736, 0.049823687002491006, 0.25707107862124, -0.10119724570556
0.22136654997944, 0.11645400574048, -0.89331060093943, 0.051007948675776, 0.2613327637963, -0.10515388259449
0.19496428893042, 0.11483441040893, -0.82188380359801, 0.050283411941978, 0.27812389275891, -0.10093521262893
0.22328081380702, 0.11906973220688, -0.82888664422117, 0.043122682591935003, 0.28502489537339, -0.10351137351588
0.22921301795254, 0.12928405148151, -0.86320433609458, 0.053903049536954004, 0.27855158334052, -0.08548631810691201
0.23131038094261, 0.12911095915183, -0.89063973127828, 0.056747785760377006, 0.28336153777821, -0.09119440604772101
0.22901761066499, 0.13182158397318, -0.91417765085846, 0.063672214023559, 0.29043595631853, -0.09611669010959001
0.24501230655949, 0.12443492075773, -0.9019217368525, 0.054506942897469005, 0.28897881317911, -0.10182623333267
0.21224908855805, 0.1275193364171, -0.89219732307644, 0.050297217116818005, 0.3159860819107, -0.09728515519307
0.20690789625542, 0.12442893267242, -0.86098856846503, 0.055268520065228005, 0.30746777860783, -0.10254798931303
0.27309882176483, 0.13058081906749, -0.94539935223874, 0.052755235879105, 0.30734901355354, -0.093655115280332
0.28092797907928, 0.12853198796037, -0.98284099346931, 0.06056469870956001, 0.31058290133949, -0.087937070077719
0.27360787616427, 0.13024761504735, -0.96990664749842, 0.05974015902072401, 0.31176731909345, -0.09402809522114801
0.25508927327896, 0.13081988438653, -0.89299774899245, 0.06928476225482101, 0.31644591343594, -0.08699624676296401
0.2250837057685, 0.12323018382356, -0.73132585609251, 0.07313631856102401, 0.32387303383105, -0.076178599523122
0.24773301266059, 0.14028029695822, -0.97535249652513, 0.076058273958408, 0.32854827471282, -0.083159024336677
0.24194888607189, 0.13608605263679, -0.91775257799465, 0.06335600885914901, 0.32458537522613, -0.084109299080398
0.25632467780633, 0.14087992594563, -0.90047777099031, 0.07554656302078601, 0.32697979283027, -0.076323721408938
0.24015221223155, 0.1381003536217, -0.89340302821826, 0.07232602416571901, 0.31530890361616, -0.075112424208038
0.24219147579352, 0.13947600059112, -0.88043209008877, 0.08004487335780401, 0.30486768206318, -0.075490223354103
0.2212840141444, 0.13672394443304, -0.8928528330818299, 0.076392586384569, 0.30240257595625, -0.07211565065804601
0.2298556297001, 0.13351503058927, -0.85090155640375, 0.063981733459959, 0.30046543929612, -0.075240772922672
0.23461206846391, 0.14030671395996, -0.95009821096525, 0.067780114169692, 0.30393324484753, -0.076956961616718
0.23123274968925, 0.13638398274607, -0.87384156860554, 0.07219775968705901, 0.31351341124958, -0.07818976225542501
0.23670276086636, 0.13776176925093, -0.8832597926085, 0.071087062124652, 0.31691182973566, -0.086178944500018
0.22896859225094, 0.13518727093367, -0.87690633740065, 0.071961830029011, 0.31378312349255, -0.08029983883217601
0.22482151818663, 0.13462624332071, -0.87631501948294, 0.079373255902611, 0.31116820536894, -0.08128343689497401
0.21710265627085, 0.13899750088974, -0.87726483785686, 0.081262583598341, 0.30464394157095, -0.079219103657455
0.22361457151608, 0.13467494370031, -0.83727024558623, 0.078131314776268, 0.28819361976389, -0.08364989955606701
0.2176360815165, 0.13674233587059, -0.91429866436154, 0.075902284183903, 0.30225060919284, -0.07473735541034601
0.22703500229158, 0.13479822210773, -0.84957007720954, 0.070614603732314, 0.30979995406822, -0.08376852570976201
0.22252211656555, 0.13588522077149, -0.87533190151296, 0.08224470572995801, 0.31656027045264, -0.088288860555222
0.22215869889525, 0.13547666172765999, -0.88038033703099, 0.082474763364814, 0.30562385178414, -0.08576170914839701
0.21655891874964, 0.14196240376346, -0.871245651108, 0.087676328772924, 0.30050304739957, -0.075846019454388
0.20964114813201, 0.14194047152729, -0.8868153400719, 0.08838058688992001, 0.30472278920585, -0.07531124859341301
0.20696544910145, 0.13419579157459, -0.84804104432719, 0.0792641445526, 0.30554597185163, -0.07154753369359901
0.20303487804086, 0.13449551207452, -0.89444217868512, 0.07391851079714501, 0.31491239634355, -0.071619965516567
0.22105665624444, 0.13322546150509, -0.84813395313203, 0.073667958782675, 0.32193402134532, -0.08271956567098901
0.21473495608271, 0.13649977215284, -0.86915303586653, 0.08242378392598401, 0.31694145755094, -0.075734936674549
0.22003903508494, 0.13596561947392, -0.87794513703433, 0.07733444507279601, 0.31293556574169, -0.07187307959172301
0.214757015893, 0.13900693539596, -0.89124721836541, 0.087722184392821, 0.30368192643514, -0.07131576489650601
0.21301969924726, 0.14126279082287, -0.87443691734717, 0.087056120127853, 0.31310775483635, -0.06764992948283101
0.22725432649541, 0.13653612538461, -0.84821107738468, 0.07810938858018901, 0.30105363578717, -0.073167594011091
0.18608045171828, 0.13377577689331, -0.87169625206849, 0.07206112116334801, 0.32056593094196, -0.077386404922213
0.21521981931758, 0.14291377866874, -0.85330553070323, 0.07288108133769501, 0.32528512257307, -0.08070543820317101
0.25398745896309, 0.14582142553034, -0.93519029945109, 0.07749899343121901, 0.32234720211578, -0.078424036451017
0.25663254220276, 0.14677116214587, -0.93583869900796, 0.090918003736248, 0.32169009853644, -0.06739727474624001
0.24852797225603, 0.15161938228795, -0.92048472556751, 0.09364608809038101, 0.33033739695304, -0.070884751865066
0.23614211766586, 0.15156600859543, -0.90894668593475, 0.10423856041683, 0.34444934301956, -0.062497714149009
0.25413587038378, 0.14636091628408, -0.86931116094579, 0.08859980207959901, 0.34339610567488, -0.07094035192044
0.23962998187574, 0.15149348856002, -0.90810730275452, 0.09302259497186101, 0.3475880033169, -0.070994247880686
0.25482319468045, 0.14854136926991, -0.88869017221328, 0.095478932956331, 0.35520881690641, -0.07038744256059201
0.26552367145152, 0.14866645815115, -0.91542100888415, 0.089679126236039, 0.35249998648201, -0.06551723657316501
0.26041401467549, 0.14560283720433, -0.89247204021024, 0.084562815363815, 0.34353762877035, -0.06349321788446201
0.24018421017769, 0.14833333830762999, -0.87702943299819, 0.10035764505533, 0.35453358227316, -0.06915641733675601
0.22183129667608, 0.14624529751538, -0.85344328431944, 0.10238097831688, 0.34967825343421, -0.06131620162282501
0.23002791816343, 0.15027969755116, -0.86260884132308, 0.10298179752823, 0.35452287965866, -0.06382458192018
0.25095085133971, 0.15865889905643, -0.95961167677346, 0.1014058311706, 0.34562722242527, -0.06537118387889701
0.24429308262948, 0.14713672876905, -0.86775099042869, 0.096524971335413, 0.34949556332014, -0.07077067845707301
0.234950572473, 0.15089913298734, -0.89049059682345, 0.10038958849633, 0.35060707235216, -0.05882060839476701
0.23264944622665, 0.15137071069167, -0.87975132014597, 0.10905956538266, 0.33920373354858, -0.061455034097153007
0.23545763177549, 0.15129133964725, -0.87920440299431, 0.11175811209354, 0.33061616207427, -0.052940201540105
0.21379005283916, 0.14967821786542, -0.8610565353305, 0.10455377301413, 0.32445182497035, -0.060298402575862005
0.22672911351607, 0.15020198848089, -0.95040890448483, 0.08840166294915501, 0.35277696193486, -0.061476494036841
0.22131716905489, 0.14474726976291, -0.9142821208094, 0.09906960437025401, 0.33830175131002, -0.06511548400506001
0.23479599134192, 0.14687201983988, -0.87653164886142, 0.099959696332234, 0.34571027027745, -0.06849630196565501
0.23653212873508, 0.14746616024204, -0.89317679024748, 0.10162088274245, 0.34399163744221, -0.066293518915331
0.23464826260983, 0.14738105142422, -0.88827250544875, 0.098425018100392, 0.33611794801119, -0.064564961155918
0.2292320943973, 0.14976380528377, -0.89193472520717, 0.10486949620425, 0.32389889904897, -0.060818625399323006
0.19885996670817999, 0.14271473374216, -0.8125436722893, 0.092949577166497, 0.31872682054401, -0.062267598790549
0.21477494693779, 0.14880637565885, -0.96027167123171, 0.091589833634897, 0.33986919025001, -0.056462638097204004
0.2162718297773, 0.15013795459248, -0.89939113030535, 0.09569667684885001, 0.33779146115703, -0.059328987358365004
0.22287360057265, 0.14770153737615, -0.90199600013925, 0.09471368841856401, 0.34533369247332, -0.059908756694069004
0.22974579908121, 0.14320443819823, -0.89261169106406, 0.09717637356165, 0.3327550266138, -0.055990467814616
0.22188502293279, 0.14768982288796, -0.89868516372826, 0.10554798131812, 0.33059947615072, -0.066750901381859
0.2226951655961, 0.15022605556404, -0.89276917454879, 0.09717058203296901, 0.33364444290412, -0.059864536960748005
0.21380651653989, 0.14799560569022, -0.84543894003625, 0.099190545280466, 0.32103221241779, -0.0602095493926
0.21166583748049, 0.14464664920907, -0.92065120256701, 0.085582232245013, 0.3410986982754, -0.058161319420673006
0.21495536519104, 0.14434481774939, -0.86521505983265, 0.09813278790315501, 0.3356261919562, -0.069100805241587
0.21804832844418, 0.14254831333434, -0.8561441884317, 0.08695802623823101, 0.34937724401158, -0.07041881580624601
0.21625306376942, 0.14760426138155, -0.82084961734879, 0.10296166082621, 0.3373705980436, -0.068391979997797
0.22378787628236, 0.15201159604476, -0.86321512576865, 0.10378833446729, 0.34373221092015, -0.06935649059005
0.23208552000045, 0.15631119439662, -0.87771435753794, 0.09665823235237901, 0.36448823655652, -0.054878286335768
0.27221945525197, 0.15224133312246, -0.8875667871701, 0.09252777249941001, 0.37602371589752, -0.064162275051347
0.20733768421453, 0.14653964184215, -0.85328904379856, 0.09073888954569401, 0.38528598249961, -0.064097121900362
0.24221330189714, 0.15238467981547, -0.86255594161309, 0.097745153378267, 0.38028290209027, -0.059897600826829
0.27442702900981, 0.15051130501643, -0.93147035063565, 0.096067711510741, 0.38071535569976, -0.066957092659177
0.27792059170375, 0.15245777274287, -0.96526764933744, 0.09116747553788601, 0.38135081399772, -0.067203021388354
0.27218154493432, 0.1541540610728, -0.98087288216588, 0.08866707091785, 0.38318125651232, -0.070412750509347
0.26204264452091, 0.15377347117142, -0.98204823273477, 0.097248693556943, 0.40128792822549, -0.07480229026754501
0.26603773989138, 0.15214561392624, -0.96922252124646, 0.08697703120802501, 0.4142726661096, -0.06510847575233
0.22598472501648, 0.15182784431175, -0.92958167914212, 0.093867648509695, 0.40401418741979, -0.068386767292565
0.26878090662089, 0.14998511735203, -0.9303064788646, 0.09928956870076101, 0.39316367665772, -0.065096901497422
0.2889467653014, 0.14856015344731, -0.93939708788639, 0.09871848360863501, 0.40438492353535, -0.058785561569880004
0.26365147649929, 0.14970422751418, -0.9095194217767, 0.10598027800002, 0.39459702944072, -0.055281937556749004
0.24793842692687, 0.14767110019639, -0.87824645865877, 0.10979964947555, 0.40271911860577, -0.062756308504242
0.24220687761341, 0.15090348706924, -0.73177875199441, 0.11051993526119, 0.37378425149686, -0.06199584952021601
0.27287125540899, 0.15847416234807, -0.96832306718091, 0.10462237972093, 0.39085169020464, -0.06577746250504901
0.25839562398404, 0.15170054471014, -0.91398474784484, 0.11541300713165, 0.39941635773611, -0.06403127959210801
0.26181670965152, 0.15205866168443, -0.90392978867831, 0.11071423020157, 0.39956641529408, -0.06763245583162901
0.25969236359868, 0.14911014030268, -0.86709666217913, 0.12027525288815, 0.3848229962853, -0.052816005364409
0.25494236095149, 0.14469788980269999, -0.83482815465544, 0.12089253033699, 0.36735289170434, -0.054346777714753006
0.21343962952675, 0.14755159293203, -0.73939443515574, 0.11110134649492, 0.36816591258637, -0.05811940505235601
0.2460504048997, 0.15219746503172, -0.92654016554244, 0.10792669347344, 0.38480282324906, -0.063519105380669
0.26580343641872, 0.15804846392444, -0.94545650018384, 0.11773854868351, 0.37798379031041, -0.052000060374037003
0.25742452257201, 0.15418982169687, -0.87799033384147, 0.11130018516681, 0.37681894753053, -0.060751548377389004
0.24648461222695, 0.14678466927779, -0.87036812983999, 0.11685847021957, 0.37273524365494, -0.05387021173157901
0.2477516849667, 0.15238554838488, -0.89309507947258, 0.12590390672694, 0.36851619359291, -0.050907051105305
0.23169104133659, 0.15432893288078, -0.86942567817601, 0.12659654122293, 0.36668872727877, -0.047721003306677
0.24122402615685, 0.15246066928066, -0.88092467525041, 0.11575708185884, 0.34962744165958, -0.04964120719744201
0.26232910470852, 0.15543102756738, -0.95732589304579, 0.10865269590416, 0.36765302613652, -0.044813571191887
0.24912350755607, 0.15000122496583, -0.87459456988712, 0.11466844401941, 0.37039975650027, -0.051288294245542
0.2540522608156, 0.15183094181429, -0.9052724736531, 0.11188241883183, 0.37880611551865, -0.058804955252995006
0.24914277120394, 0.15222409370765, -0.9053994193707, 0.11677678783964, 0.36399157896784, -0.057406962402744004
0.23872189320238, 0.15216883061521, -0.89480465987982, 0.12397027063354, 0.3558080210622, -0.061394241500468
0.22477105425309, 0.15037773492677, -0.90486575090034, 0.11309160615705, 0.36540786385404, -0.056142918388245006
0.22168061509121, 0.14845162744886, -0.9176212444553, 0.1069361545969, 0.38589771308715, -0.060767684963345
0.22507273808954, 0.15160480766432, -0.8809610888246, 0.12439149713319, 0.38070357617481, -0.055160926095285
0.22582266630463, 0.14624698276254, -0.82578127504461, 0.11888454548492, 0.3839607925115, -0.061777854646479
0.23022811401481, 0.14741568543207, -0.84544674268592, 0.11705811807108, 0.36956689328388, -0.057214805929856005
0.27155987998875, 0.15896696088702, -0.96513574448665, 0.12232729916198, 0.38027175879084, -0.061153853358141004
0.28227209804416, 0.15867831072703, -0.9830554138274, 0.11675018744013, 0.37835633155563, -0.056507360015057004
0.27725143626853, 0.15180397398596, -0.95972640526606, 0.12379852022991, 0.39039974797001, -0.061063470211036
0.25617305999431, 0.15477191780691, -0.97097040588337, 0.11369235948294, 0.41923318657558, -0.06198290187025401
0.21382321797695, 0.15006030767916, -0.87890054029371, 0.12555860176956, 0.4112994917668, -0.062668110819299
0.2830805440788, 0.15170415235509999, -0.9547265192236299, 0.11758454341343, 0.41246859512156, -0.062386297211198004
0.29968674915897, 0.1549896933494, -1.0050006635061286, 0.12293471683479, 0.4054862280831, -0.05648457871614301
0.29263004177147, 0.15285849471739, -0.98058639963039, 0.12625731694019, 0.40627114773119, -0.049925834002698004
0.26780135221948, 0.15449761975472, -0.91636692939389, 0.13867901540679, 0.41184153599545, -0.050239819745695004
0.24089139651151, 0.15098329713557, -0.7651819206811, 0.14129130370127, 0.39839539878469, -0.04844590509656
0.27432165449232, 0.16607336848564, -1.0018308107036646, 0.13597299748617, 0.39993817204233, -0.04465288382713
0.27028198514682, 0.15665904463382, -0.90767577676522, 0.14438141704012, 0.41461196575258, -0.048064156974624
0.27359545016819, 0.15940743811369, -0.90428432993092, 0.14462431902795, 0.41565494948266, -0.04581298241368301
0.26748135692127, 0.15745081670916, -0.88868792150136, 0.13755373150777, 0.40356344445114, -0.051334768951125
0.27186992826131, 0.15650229152029, -0.89605948999809, 0.13658540145203, 0.38407432907024, -0.043026281300887
0.22618917154656, 0.15101987404644, -0.82515795646216, 0.14284441160731, 0.39213494834719, -0.039806325444940005
0.26544621173798, 0.15981599585406, -0.99852341377276, 0.12380829414717, 0.40234497636067, -0.038152814751142
0.23627366899504, 0.15959403642379, -0.92638568786766, 0.13735189065301, 0.40161511709786, -0.045803494630504
0.27477311099056, 0.15848261722432, -0.9065891127154, 0.13421375070556, 0.39985704251357, -0.047475591242156
0.25665557265871, 0.15852699061663, -0.90661487880667, 0.13658584129841, 0.3949196289738, -0.047604663227502
0.25193645655092, 0.16223125005213, -0.92166778158557, 0.1445334942626, 0.38975199941535, -0.042005668846764
0.24768767850899, 0.16206010475185, -0.93222822857657, 0.1451913567917, 0.39237583098304, -0.045706797696676
0.25502100963296, 0.15746276651526, -0.85903227354037, 0.1410196067667, 0.37931848223967, -0.041311583583077
0.24169097343381, 0.16366242137602, -0.96763500564606, 0.13149019019055, 0.38904995216373, -0.047260351336231
0.23690542395575, 0.1569043888141, -0.89520271090168, 0.12858838710098, 0.40887269400273, -0.04819947331847001
0.23857352973935, 0.16200056172567, -0.94033332294748, 0.13342969691031, 0.42373469937511, -0.048982147010574004
0.23859844098722, 0.162924773557, -0.92330903664663, 0.13123939488755, 0.39959502321289, -0.046514260031145005
0.24479188467335, 0.16573673825731, -0.92047990027228, 0.1453864220415, 0.38893764184826, -0.05070288886718
0.23378461311515, 0.17224777615473, -0.91078427889804, 0.14973660129008, 0.37347398761921, -0.038034499047836005
0.2386498384731, 0.16156453537266, -0.84601503542203, 0.1413548268934, 0.35970616390522, -0.045839764397468
0.24675956769019, 0.16320502257336, -0.92469002724403, 0.14416512805883, 0.36127761955044, -0.04428257444416701
0.24328627514874, 0.1644865781295, -0.86279100406372, 0.13961269531606, 0.36577503270832, -0.038353874287661
0.25504398013736, 0.16726428921855999, -0.88228201656661, 0.14609418872474, 0.36680424721921, -0.043426071344347006
0.24546390815733, 0.16624419702099, -0.87944407632476, 0.15063096983056, 0.35901642883083, -0.042111792723073006
0.23691248404035, 0.16859079899306, -0.87814288023494, 0.15017995748226, 0.35466013109976, -0.040388294482278
0.22564003822787, 0.1727869757741, -0.90467189627071, 0.15438882234833, 0.38743701253161, -0.046585417603693
0.25323694227022, 0.16338047635685, -0.85250318330004, 0.14954588487846, 0.35747572123843, -0.049600342944357
0.22933919357579, 0.17024717861601, -0.88696169873977, 0.14674534114999999, 0.36991619340974, -0.042586302197443006
0.23866022377012, 0.16975860898228, -0.86714369017713, 0.13650302233449, 0.37235760989667, -0.046168450478966006
0.24374462851029, 0.17683939121181, -0.87185243994755, 0.14082248557588, 0.37881967083985, -0.047281630585168
0.23825348634652, 0.1786840355292, -0.8963770788568, 0.14778995478467, 0.3701396381124, -0.047016020571526006
0.2390808932714, 0.1782756160138, -0.92256784464402, 0.14811547394414, 0.39053771458254, -0.042888921248213
0.24229909722479, 0.19518176261932, -0.93366583879203, 0.15592455544389, 0.39445870298838, -0.038209762732570006
0.26238458007275, 0.17895318226077, -0.88103832954292, 0.14220787223311, 0.38112602912017, -0.04360653812331
0.24242358544019, 0.18513892879873, -0.92549297940799, 0.15115755409981, 0.39581564492853, -0.039582667925690006
0.24426646900904, 0.18000819341217, -0.90190564768353, 0.14231276112859, 0.40370619687326, -0.04321030647401
0.26476858245081, 0.18300002687279, -0.93012106211214, 0.15285960024468, 0.40844216123193, -0.042233383689570005
0.26631441334932, 0.17888411790703, -0.92261243856012, 0.15927532401466, 0.39941150192568, -0.036384730796932004
0.25923094808531, 0.19008832824024, -0.89928502868636, 0.15937640841109, 0.39567044080501, -0.032099102105699
0.23697082955191, 0.1878431370996, -0.90060284922454, 0.15516857951385, 0.40504575468172, -0.026102421675537002
0.24443889469105, 0.18603315108171, -0.82855116991345, 0.15375821178654, 0.3967940561578, -0.028430007289293003
0.25422170932238, 0.1815273626619, -0.96276143714992, 0.14556520734346, 0.40101867753768, -0.026880907305722002
0.25745149233532, 0.18373730535863, -0.883386011634, 0.15685841674163, 0.39323623637418, -0.020525820056853
0.24944925335865, 0.18207988006343, -0.87372314810061, 0.15400430345084, 0.39864597210346, -0.023751238470959002
0.25131401793349, 0.18310983916273, -0.88409841884397, 0.15997787011872, 0.3899498882183, -0.023839054694201
0.24312012863709, 0.18517991577965, -0.88621326649355, 0.16508542306049, 0.39324893378561, -0.013317174564290001
0.24062335682649, 0.17908580592639, -0.91528504241969, 0.15466016738253, 0.38488405138211, -0.016369979500805
0.23711276740157, 0.18267325767422, -0.85641949315177, 0.1490185473867, 0.38272020489281, -0.013092667204820002
0.25574650651203, 0.17840790817869, -0.9291349553025, 0.15811638314008, 0.38448197565249, -0.016960981387402003
0.24704572329433, 0.18165770373867, -0.86811086493948, 0.15874697740342, 0.38915833789052, -0.018990887913921003
0.24695087016507, 0.18260710882241, -0.89108832201069, 0.16023124097155, 0.39551879974004, -0.015286173839809002
0.25050102704149, 0.18360520345274, -0.89224642602079, 0.16114288665425, 0.38400143757645, -0.0078110117687662
0.2395379526069, 0.17756831875179, -0.90374144202872, 0.15411200497149, 0.38349443017107, -0.016508460009825
0.23547121946764, 0.18044645634147, -0.8854149013121, 0.15378444000664, 0.37480837169933, -0.0094141137152391
0.23124242192957, 0.18196367750222, -0.8799758928366, 0.15611585404229, 0.38823092299463, -0.0055153595320307
0.24469753509352, 0.1785015840373, -0.91081727121696, 0.15088817108429, 0.38389469132583, -0.019092029857907002
