Pichu
0.0, 0.0, 0.0, 0.0, 0.0, 0.0
0.0051281277702031995, 0.010368328814488001, -0.12320235624385, 0.011170222700489, 0.065055206626278, 0.010910903633318
-0.0085940451227504, 0.019577838679757, -0.13561879671678, 0.027529213392857, 0.12818248064309, 0.0069862020079054996
-0.025444520674585, 0.01605100131872, -0.08770972524234501, 0.053193756014037, 0.16201449162619, -0.0004489063733877
-0.023141337567050002, 0.015736885227271, -0.13533088317611, 0.049917198985925004, 0.19951168119157, 0.0030640244513201
-0.066105596920445, 0.0055320011566882, -0.000571493472095, 0.043520959467922005, 0.1834047980382, -0.0083752345645521
-0.064570400107156, 0.0033090133233305, 0.075917500547656, 0.025488699094742003, 0.15185392312498, 0.0097995047591347
-0.063065946138239, 0.0049199130933703, 0.027449964156215003, 0.025985256663036003, 0.12460162568899, 0.0088263737753284
-0.07874400284336501, 0.032127271853746, 0.068588517980897, 0.033381630356187006, 0.11427863939679, 0.039151329993879005
-0.10164172705985, 0.048891131950385004, 0.14328926605238, 0.031695226364513, 0.11374608995929, 0.012952085747171
-0.11192490023883, 0.0005293316984946, 0.18715790604953, -0.032671559108517004, -0.020972196792432, -0.038934341105769
-0.14222820918178, 0.009075241135209999, 0.24648004630258, -0.032069387242902, -0.10608552118526, 0.022942644530839003
-0.080361563586962, 0.011838162574727001, 0.19175529578351, -0.046647694569546004, -0.12839420585013, 0.041908571103885
-0.08132522736936, 0.0008230915139117, 0.14405853366668, -0.035078036020424, -0.18268938389955, 0.027572591246118
-0.08514574426057, 0.015930508779874, 0.13699402509834, -0.14104576362387, -0.15805129817904, -0.0050661817847065995
-0.12516080223486, 0.07567936215635501, 0.1270410027497, -0.19147777504726, -0.12148485345979, -0.0070939204965421
-0.07854899047833101, 0.028071688202966003, 0.14573517693333, -0.1837007648915, -0.15923745114555, 0.014246475742512001
-0.09730604954697301, -0.047818874610119, 0.11709574157115, -0.14164848405728, -0.26063005406872, 0.023939059495703
-0.13013604626226, -0.048101319430157004, 0.15299659551696, -0.042305727386666006, -0.35242250426924, 0.095108456343897
-0.12227966529094, -0.0021754174944268, 0.053833839181497006, -0.0268220437621, -0.44956287100928, 0.043757937121083
-0.088721775875884, 0.062664520921396, -0.077251927118877, -0.13642952856702, -0.46681745370834, 0.031539961296505
-0.13105800010539, 0.094273264503894, -0.20715845317427, -0.43109723258619, -0.34619216835119, -0.09571473930393501
-0.15262319769593, 0.043410271671992004, -0.21631046045362, -0.5903789812943, -0.38541428135665, -0.18281910620365
-0.13124598309261, -0.012233222370466, -0.0012179149592159999, -0.51401779982066, -0.43108735886259, -0.21610234499283
-0.16481405032694, -0.066783425852469, 0.26957432148243, 0.27933657647774, -0.41981570603488, -0.08442606091363801
-0.18067351534884, -0.07177747050024401, 0.52921274392755, 0.41546657828397, -0.32711852115552, 0.014794067351987001
-0.08320839770432101, 0.079098164561942, -0.097831206789354, -0.77791828134254, -0.31646288786208, -0.16367332884244
-0.19846207525729, -0.07338764291822601, -0.59944019557272, -1.8494677351013682, -0.20565867668043, -0.25340800538913
-0.17124024978755, -0.042198378201824004, -0.030489939096224, -1.1861961214456227, -0.21668679934198, -0.37746643146314
-0.17293351952126, -0.09108223383979201, 0.17984077284016, 0.35556418987654, -0.49116224513196, -0.15908590464419
-0.45554450637753, 0.0086966827263414, 0.57288134266901, 1.3966578457054832, -0.53555089284993, 0.12242654922424
-0.29562468438465, 0.20449578313065, 0.7671824351153, 1.405223436044115, -0.57517744604299, 0.034477198689373004
-0.08060752549594001, 0.14964472085245, -0.2119090186925, -0.71863453397303, -0.36911986606819, -0.22700775398967
-0.43888459357172, -0.22687552864936, -1.1052256367246158, -2.577250904112212, -0.24799339890844, -0.094770633979912
-0.59627602562409, -0.36468687883111, -0.69190295015847, -2.4718666962031217, -0.17752850486633, 0.19498561550744
-0.25330268734747, -0.20798762789547, -0.0028312108998378, -0.80286238082798, -0.29480035724614, -0.014240236051481002
-0.54042069524117, 0.41713311757422, -0.4247175273406, 2.138698030804801, -0.61280743790805, 0.23947830591415
-0.5135822887626, 0.5898579316571, 0.15645636877555, 2.897555847160143, -0.82817469064533, 0.14857261620821
-0.2239941757439, 0.49269933946601, -0.030079596873582002, 1.0497955853712089, -0.59495324397941, -0.16496539975721
-0.73807438029935, -0.15251046682375, -1.371336089165551, -2.562866681896894, -0.078758918978582, -0.12051796076733
-0.65460396313587, -0.1906425819182, -1.250964010746793, -3.3326380664097925, -0.049878815074863005, -0.7055157958310599
-0.34374977389789, -0.046798651774901, -0.21687096234116, -1.6880396390470376, -0.48555894511826, -1.3405991700720943
-0.5257795818826, 0.098356102045625, -0.080529164248338, 1.156279240369412, -0.63885504926168, -0.40556711060896
-0.67732997623554, 0.76598798221523, -0.18308441611579, 3.6921198165621396, -0.82858211824918, 0.6306882671679
-0.52999001320972, 0.85536032372479, -0.12612959305261, 4.208587781666184, -0.9393664162189, 0.70407042213108
-0.39843057918989, 0.61485143749265, -0.25014839365324, 1.6898301878580213, -0.87467725763752, 0.18185575472938
-0.52410417775632, 0.027421448813582, -0.85861191407094, -1.8920438194078937, -0.17893076665256, -0.48548705061213
-0.57532049119181, -0.027888133753886, -0.93220163047443, -2.844512334074111, -0.0018822722383716, -0.672334558876
-0.43265929765593, 0.001897109906999, -0.58764091282147, -2.2155858492956018, -0.32469984057613, -0.7775684402329
-0.5044120803126, 0.22056205503348, -0.30934893316747, 1.2760646612666124, -0.83482208228829, -0.24338169803978
-0.61600663928141, 0.81744918408748, -0.11649953109888, 3.7176022896122722, -1.2057840900934615, 0.29857103677069
-0.47870949939802, 1.0210922788322825, -0.093505382939341, 4.223422826543322, -1.3558086630362736, 0.2541173483581
-0.35841741489328, 0.85458224949379, -0.51243790886997, 1.9560332552477318, -0.84409058611453, 0.17265523128674
-1.1714610380357464, 0.12802974940323, -1.666099815833768, -2.3698357324292174, -0.1591650473621, 0.86343120530368
-1.379998447479889, 0.060038365050036006, -2.0166218501205764, -3.1039625268085222, -0.12716088861094, 1.0060167727032934
-1.1712350091873895, -0.053516232011858005, -0.88628160566597, -1.949431637392214, -0.41244739713554, 0.9692694732931
-0.59010230476414, -0.040676098180939, 0.14844041752651, 1.3822831885709468, -0.32012575907345, 1.1101903839721738
-0.48781070377567, 0.56055633527683, 0.07656601262995501, 3.696244687849894, -0.69191333434279, 1.0952982129558277
-0.44525884817669, 1.0051067329948795, 0.1126247846121, 4.517659177812694, -1.1860660300111903, 0.74889525441851
-0.16533072747137, 0.7676675346538, 0.018030802390774002, 2.226339900407553, -0.76738894147658, 0.55724047100513
-0.80445275589321, -0.11049690501798, -1.098836576669249, -2.386851810141524, -0.18078204893447, 0.16942286312828
-1.201976392246551, -0.32332940355212, -1.3285322439339742, -3.800653186230682, -0.10738711208575, -0.04937826485664901
-1.0275528791008832, -0.39086545483612, -0.95487249257997, -3.32538658365669, -0.28588967929037, -0.22436667529567
-0.82533558386968, 0.038401449056085, -0.20410857301049, 1.2437568387696558, -0.99302663760303, -0.16296786300718
-0.70928652983978, 1.2312435185258446, -0.38689614031232, 4.619142176679002, -1.7515279874996388, -0.046970260768545005
-0.69975659967845, 2.283131711571808, -0.47916429547555, 6.537882416617028, -2.8041072076809037, -0.5079625317511
-0.66394694855001, 1.2085918414313512, -0.98494190244814, 2.254660644157338, -1.246138673426823, -0.53463559651455
-1.437001164696991, 0.11419052503553, -2.171124723855965, -2.3878363869656027, -0.52219926036086, -0.13256051292154
-1.7219517544669436, -0.4859567427213, -3.0884904685315324, -4.316332427042789, -0.45260568299138, 0.02794295413746
-1.5042650251923761, -0.37949471216412, -2.9424948527944865, -3.257033460739137, -0.95607181793072, -0.30447171176732
-1.1980804883737974, 0.6043147855645, -1.6590992947299774, 1.8908914833237764, -1.2824544607993922, -0.28795557053526
-0.88786450634269, 2.3396867310657843, -1.4230065206290388, 6.422779918511693, -2.322674673072608, 0.15018765375602
-0.8060940353429, 2.495179694310373, -1.3396573009405335, 7.397975862276925, -2.8429695264520007, 0.26412380296942
-0.79364781340142, 1.6490975054433237, -1.8918307844928515, 2.868978564652728, -1.6621534504173556, 0.025818201806649003
-1.5113224909465628, 0.040703620581705006, -2.224842122382377, -2.991971642225894, -0.1265822679581, -0.21801380605837
-1.2793428617485971, -0.17066958688661, -2.5104156875372166, -4.069141740962934, 0.098319583061273, -0.66047900894188
-0.95443012428207, -0.19036618767055, -1.931955867801106, -3.7992740601659536, 0.093054787268204, -1.1037224913167836
-0.7251623701977999, -0.14204566166885, -1.707945701795469, -2.0278867395608478, -0.50478415841108, -1.3216513614307939
-0.96961077397626, 1.1224802033960537, -0.92914194204657, 3.1033892206999583, -1.462236859686367, -1.4984281327274913
-0.68548861293824, 1.6480228368548069, -0.77087833274293, 5.167877210608655, -2.19052740318159, -1.5118887069310967
-0.34647741080023, 1.4854012661815146, -0.42359569394102, 4.375308999255912, -1.7351315160582557, -1.3739692296072132
-1.4725439188745788, -0.075392080764608, -1.6827728572868481, -1.8049035716453603, -0.5156953199496, 1.2682949636111347
-2.0612726484037807, -0.30830868084591, -2.4814359927787475, -3.039527870462567, -0.21141041231052, 2.5629322113151476
-2.4689388741142437, -0.68107326191506, -2.589380022382877, -3.6935742377510556, -0.7073422135745, 3.524081527626344
-1.8402457700918045, -0.37316732462489, -1.94068635675391, -2.525986984714159, -0.76521452648345, 1.718401982801598
-1.5144722092803167, 0.57640166799129, -1.737104427606625, 0.89685935339636, -1.6162828804491782, -3.181839222061196
-1.1837325227555344, 1.1578447718626528, -1.4587264986795023, 2.633198399214615, -1.9115233285292093, -4.3705569635837715
-1.0290804786170098, 1.2172664527740293, -0.94692280032568, 2.876983341530103, -1.8673052664773533, -4.5590003556325325
-0.68363797651838, 1.2021643008140404, -0.36568913312923, 3.132591401937758, -1.9448830304899927, -3.1737675638106304
0.05580233833326401, 0.96221332087874, -0.13502912565699, 2.357542503512005, -1.0096060527281363, 2.96029016420419
-0.027712376102898003, 1.0909218072118911, -0.44454279874437, 2.123758360425849, -0.68795972887932, 4.847078421193022
0.080899495647617, 1.0609446016618147, -0.090566233448683, 1.583737858431946, -0.68004969832685, 3.670322918645511
-0.027139084967321002, 0.63304501385536, -0.80692796637616, 0.19961338093014, -0.54166874922658, -1.3899670653223075
-0.32712099179187, 0.58746129187155, -1.2284501626324587, -0.31450122572362, -1.0062828126104018, -3.9060770079767853
-0.33303123229603, 0.58303350973935, -1.2145394934519946, -0.35634805266751, -1.1650515638074126, -4.490151499499788
-0.22400924820961, 0.59045511241219, -0.79711657503206, 0.10636092191777, -1.2454075702509475, -4.125112092913141
-0.171458801876, 0.6014027357328, -0.52824449912181, 1.977376542797734, -0.94234772838647, -0.85210697550078
0.021595676633096, 0.85696796275558, -0.27947913691458, 3.4021758930684745, -0.53110917944232, 1.5616988186058507
0.17184832408342, 1.043492241574977, -0.28159047847726, 3.6679433004525537, -0.59213292802603, 2.6778917473848565
0.095801151723563, 0.93292631590469, -0.60205578009241, 1.9632294655054932, -0.66858165147337, 1.8367274527683346
-0.19834111293569, 0.41277585897054, -1.8685034817446673, -1.0237811923003912, -0.534290517603, -2.084994038119984
-0.19339067969741, 0.65678939277168, -1.8928597156569165, -0.66131977605347, -1.3793191308320643, -4.422831119159601
-0.15348414382581, 0.75449033301476, -1.7463264234677718, -0.37211046521527, -1.8804951861355876, -5.236506835310713
-0.25152694871307, 0.74389703200692, -0.95955244481303, 0.96488103167998, -1.6618616869160219, -3.169411616421891
-0.57583106766112, 0.85115008458395, -1.7165723645891688, 1.2631676701975696, -2.3511402993904285, 3.241938575023457
-0.81740522215539, 1.111253806652985, -2.2914386183759454, 1.3408759267531738, -3.253698207276147, 5.822510283492265
-1.1027147194751783, 1.0281280329174338, -1.9320018191259092, 1.1069148435977814, -2.576650979819623, 5.557469530364255
-0.60120059052651, 1.04847875966082, -1.608815230220026, 1.051597979711887, -2.200396476936353, 0.8721353984293
-0.61148287902734, 1.0654810277156905, -1.7344662561426207, 1.0494323114783008, -2.354627550597601, -4.379469239430062
-0.56783098550949, 0.98870773347534, -1.6571231129159922, 0.86523457767421, -2.1956145222992642, -4.637823702703077
-0.33357519673839, 0.85795847657726, -1.066621485243754, 0.81734957992183, -1.8459127320147306, -3.7367328035573597
-0.3629920519716, 0.84975518189605, -0.90720182535813, 0.8652436147013, -1.737589269557107, -3.2646080163012874
-0.17469863997409, 0.71602798073298, -0.56168605755054, 1.176603780367765, -1.8378669983046219, -2.0145829245477174
-0.028541385988471002, 0.69292301340238, -0.38667704059988, 2.443054358976155, -1.338098443738797, 2.3668081616154866
-0.07524225188272801, 0.84021375398828, -0.26860657265457, 3.036761141302966, -1.1672357430012656, 3.573607661513887
0.099266063789455, 0.93109220318618, -0.1225166890842, 3.158403686069558, -1.1994493642943713, 3.253643660507751
0.17438429195103, 0.99072090817321, -0.17418157648031, 3.090721551367669, -1.1982323542868147, 2.8154146135080236
0.097232759076206, 1.0338539948638186, -0.32412867983926, 2.986155302755686, -1.0984591616863166, 2.3360635791767854
0.021287444227872, 1.045166292338505, -0.3774104965793, 2.8101435517910245, -1.1583010673484928, 2.04077324804224
0.035833348681703, 1.0421864791073245, -0.52855036842817, 2.7496706056942144, -1.1632911936358394, 1.808450862713688
0.031533668144167006, 1.0284096361386066, -0.56626661225568, 2.6865319052786947, -1.280030763374495, 1.6053633345917802
0.032079051341406005, 1.0300487287946958, -0.53441252007041, 2.68984576381325, -1.2593004714221328, 1.5210303770255489
0.034810775076386004, 1.0532702316575526, -0.57278699850601, 2.658281148573379, -1.2659184157619487, 1.4249513075510085
0.025297740553790003, 1.0295299115314733, -0.53238568784733, 2.635004554305464, -1.3130105713374176, 1.3155681658929579
-0.019757833654416003, 1.030292480137993, -0.52283893552406, 2.596897480162976, -1.3407070865070219, 1.312962533043317
0.0037137958365560998, 1.0294281892952293, -0.51709933606461, 2.58265122686672, -1.3985398699852336, 1.2800335662118676
0.028014673987924003, 0.98934724415754, -0.38487743966348, 2.521361840348327, -1.3355711384673112, 1.2022159763304685
0.07664593476697, 0.98427955475186, -0.41043819583912, 2.5126243767377785, -1.3387215862251198, 1.1908593707443906
0.061288032704469, 0.98811144725286, -0.38993067507056, 2.5347049097505754, -1.3072722821192007, 1.16692499047843
0.05225899507336, 0.99158948587525, -0.3581571904897, 2.5383598653627253, -1.252855427460352, 1.1428789807344881
0.040465455443543005, 0.98815914457906, -0.30664817249721, 2.545150312556265, -1.2815388731236697, 1.1443341118718104
0.014621390152771, 0.97335423255314, -0.34760521836693997, 2.51354743929712, -1.2660358543239678, 1.1295039612761575
0.014426127163457002, 0.96313427062957, -0.32896469653939, 2.5041674101227285, -1.2779560615065433, 1.1267244274764416
0.018699802606469, 0.96534414434902, -0.30710357633516, 2.4966200424642673, -1.2028397171544774, 1.100960817503634
0.048224818476718, 0.95291948332668, -0.20917415974185, 2.4655490255077264, -1.2290415910127952, 1.0471165630864006
0.0096776274323982, 0.92402381416836, -0.10861887293338, 2.45209218822161, -1.148923934621524, 1.0539820305360512
0.014835072776218, 0.91306986759428, -0.060891780576236, 2.4372840795921102, -1.1406107338777203, 1.0588195369936033
0.030331210689081, 0.91617696600221, -0.19855484050995, 2.428758432647345, -1.1796951616252502, 1.0534952556707522
0.0082533437576694, 0.91421784085503, -0.2629562014767, 2.4136223829639567, -1.1850006451005477, 1.0260510335781872
0.03119107978686, 0.92276146940988, -0.24850979117697, 2.4180951078825412, -1.1513543400994803, 1.0216944765282638
0.033409971829153, 0.91278962185507, -0.273395090769, 2.402692416508208, -1.112828475386886, 1.012424497511771
0.034721318341014, 0.9039409311921, -0.29264598959149, 2.3911310223441555, -1.1152671440188784, 0.99968044804918
0.029728170891849003, 0.91415317572138, -0.30915989793394, 2.3898134748209743, -1.1370597737068553, 0.98854094986729
0.05675740314090501, 0.90797113742451, -0.31250709627903, 2.394612177956518, -1.154717628761986, 0.97648555671645
0.035668185925613, 0.90613387792848, -0.28396989072711, 2.3723294585194354, -1.1761205004004462, 0.95953525122504
0.016127749186267002, 0.90861515432361, -0.2468255637044, 2.365442306231011, -1.1558089205104853, 0.95000983021521
0.029139860624511002, 0.90859471024934, -0.23703893373324, 2.350714113719337, -1.1453174783383244, 0.94358728956068
0.032511165063319004, 0.8963201435628, -0.18185917265584, 2.3559235480842537, -1.1433426163730325, 0.94704140523022
0.025191347994863, 0.89908138925574, -0.14187340252642, 2.356332047112209, -1.168028100290359, 0.94051219836581
0.021307847612028002, 0.88815151556303, -0.19975920684731, 2.342819767223695, -1.1667260310470553, 0.92289769894033
0.020119436452329, 0.8869839752935, -0.22598655921093, 2.3245034152395125, -1.1653353284426895, 0.92094359536165
0.004444520333295, 0.88502989448154, -0.21254582245596, 2.3128300386504708, -1.0983552275373087, 0.93227562307767
0.011327378936758, 0.87051248189949, -0.18492469090779, 2.315006907186013, -1.084015454029063, 0.93138267954392
0.030379250411757003, 0.87421024574503, -0.22132216186347, 2.3391539955551597, -1.1178747996020257, 0.96635655708298
0.014563707300871, 0.88091549110408, -0.22026203348033, 2.3402659150747445, -1.2476285922217685, 1.0036209265127416
0.0023404877932358997, 0.8741294039770799, -0.20903630642091, 2.358954430308239, -1.3403512583457087, 0.95712148391465
0.010338535727695001, 0.87447837174519, -0.30048867263907, 2.3759846661993316, -1.2702569874748153, 0.97401693493318
0.0010596415470628, 0.8697157333672, -0.30237341506909, 2.351216114021344, -1.1909960007006901, 0.98362174527093
0.021672139849352002, 0.86718629605673, -0.34437827740133, 2.33755249077059, -1.1184899002059037, 0.9887131140497
0.017866032316055002, 0.88019953947536, -0.37201201083945, 2.3522376901966697, -1.1319141130755908, 0.96641497348827
0.044150789636145, 0.9093663102585, -0.44379440845557, 2.3840958955798537, -1.187926091812406, 0.95767635798565
-0.013885329514093001, 0.90758103601515, -0.43257340928167, 2.364798000622921, -1.2790907743234157, 0.95031410376389
-0.07668460924281101, 0.90460372456072, -0.36422791344353, 2.3746256281551625, -1.328056004629824, 0.91961608133201
-0.07651165941350101, 0.89727792523235, -0.33787846051226, 2.36832058053478, -1.26447886720846, 0.92220599898975
-0.048636454501414, 0.89512918132807, -0.40503841141049, 2.3300714626784136, -1.1526882765366455, 0.99016127745855
-0.059034674851483004, 0.88242404784909, -0.35903149237436, 2.326491845472902, -1.1246096131105807, 0.97990365593328
-0.032211543285341, 0.88481242100531, -0.32094789904246, 2.354045551213577, -1.1551796674871364, 0.97838203147186
-0.021341084344743, 0.87923052971354, -0.37341726624895, 2.3280599608823316, -1.1160730324829844, 0.94317588673845
-0.062483488109039004, 0.88018841724367, -0.32151588765897, 2.3138882450756832, -1.1454314818662537, 0.94712982027314
-0.062400183505237, 0.90698666338225, -0.3540930654026, 2.314711695551329, -1.1236149051964937, 1.018974342985861
-0.09401037776121701, 0.89687219061431, -0.34888705860553, 2.2456645399757766, -1.0322284031205577, 1.0127194835367146
-0.024829001401634, 0.89367405951842, -0.391811267635, 2.229181564245764, -0.97470588218469, 0.95802771335489
-0.0031172034559586, 0.89158233821027, -0.41045241565996, 2.2181348794628652, -1.0194654915704424, 0.95900944143963
0.031381325619928, 0.88049231935579, -0.40331913345789, 2.211832612207797, -1.0928764975205327, 0.96087125250965
0.02499935444358, 0.87948960912363, -0.46209511896512, 2.2048581602829467, -1.147318025590129, 0.93569953633328
0.027786487659299003, 0.85980552768974, -0.43848977988611, 2.1802809482079435, -1.1319335290428532, 0.92585615525769
0.034799468425811005, 0.85887250963683, -0.38140804699874997, 2.169590320358678, -1.102875458465549, 0.92197023338973
0.032402551181399, 0.85757316021538, -0.39034995938689, 2.17705576305979, -1.064061812960956, 0.91722059232936
0.010222093506127001, 0.86364297114614, -0.41203017160149, 2.20655210992812, -1.0341181295718063, 0.92167281402849
0.010339229043295001, 0.84548396659544, -0.39531865775471, 2.1706220853758684, -1.0761215860026072, 0.90008260031648
0.03714536297787, 0.82530444002893, -0.39696058583977, 2.1480453723380957, -1.0736747069539212, 0.89457329926731
0.026005833751421, 0.83086675191568, -0.44927918571026, 2.1477051397193843, -1.1397873445823903, 0.89891860579959
0.042146163382013005, 0.84656688999048, -0.45264143077074, 2.1594012099501096, -1.1528534710464664, 0.90378027704489
0.021426230181271003, 0.85082861765936, -0.42152473184175, 2.1472893195826726, -1.1338353731372897, 0.90356017654993
0.011773490308676, 0.8233736508795, -0.44664908170461, 2.1015013417613084, -1.0722235663352233, 0.90936966587951
0.0055131628383997, 0.81096090858944, -0.44787421472507, 2.0983143321861486, -1.0262454255625426, 0.88400204212024
-0.0099046286689003, 0.81828708164165, -0.40905197640981, 2.0997793019692423, -1.0730847770544434, 0.8893198329234
-0.042430629981680006, 0.81768979451682, -0.4827755777083, 2.0938413082393885, -1.0601034559612332, 0.86319081490089
-0.04100618057963, 0.82341430121034, -0.44216513189368, 2.0946523608822325, -1.0726517984558672, 0.87653714547626
-0.014071559317896, 0.82341022463184, -0.43298029815763, 2.124392018833041, -1.082091557622983, 0.8809900638032
-0.0066913445470221, 0.82047670102163, -0.42707317257594, 2.1285649824321005, -1.0895626444187845, 0.89974784023277
-0.034980062220566, 0.82033275983483, -0.41635528154934, 2.1184037789268477, -1.0981288900413444, 0.90738913474948
-0.042087172916736006, 0.80988145219455, -0.37212180105529, 2.1042057172480773, -1.1205975468035207, 0.90737781347447
-0.020883728037632002, 0.80655095839488, -0.43283418809163, 2.0932190565775133, -1.1115013125004778, 0.88446262557096
-0.040717366977877006, 0.8063384579736, -0.36607111349635, 2.0927176691905403, -1.0762961092083854, 0.8665753605891799
-0.013637251239400001, 0.81586299980434, -0.35041568373655, 2.1033880366366127, -1.068074437210502, 0.91960624197021
-0.023973818921117003, 0.81538776353093, -0.33973569688292, 2.089806141688901, -1.0277934924521845, 0.94807387400191
-0.026138517051603003, 0.80434049265, -0.30192962208754, 2.073514913042164, -1.0427438248526797, 0.94237245690551
-0.021312358272403003, 0.80065692222455, -0.25322743941147, 2.0632543545649664, -1.0886317997807569, 0.91681573428973
-0.0037557344357209, 0.79429737311011, -0.2352294214361, 2.0681948133465355, -1.1574914324535488, 0.90789480842557
0.0089902475323044, 0.80852280741167, -0.44824857850738, 2.0726245687293448, -1.2319351883166614, 0.88062997638761
-0.017440627409832002, 0.8098631015318, -0.44854099091277, 2.088458846303053, -1.2198968238672188, 0.8390445163589
-0.013900214440373001, 0.80799881850415, -0.40782497074375, 2.0942948405726534, -1.1408111768057612, 0.85939572262863
-0.021597762892367003, 0.80122030440403, -0.40461659517015, 2.096300590878618, -1.0680675399973953, 0.86893160741715
-0.0078646361341709, 0.79240836832238, -0.37062248100293, 2.0997404109850897, -1.0921455965864357, 0.85991731125898
0.0035606695406369, 0.79005630010892, -0.38951776805784, 2.106512722400288, -1.1196961460544992, 0.87148607047853
0.045533101656541, 0.80826443373205, -0.51317392289458, 2.096134175253466, -1.1892055970338735, 0.85246360410236
0.025804663632806, 0.81165513789499, -0.52336041427327, 2.110498059035674, -1.188035846388553, 0.84330701382076
0.0040151751832611, 0.80883403320689, -0.48075383297914, 2.1024679302586566, -1.1414282649000271, 0.84287600894698
-0.0048707341730843, 0.79727829681304, -0.40501683927815, 2.1008194420673303, -1.0975751912274752, 0.84182169453482
0.005047915281975, 0.78955461648464, -0.33350071803591, 2.075741506659775, -1.1214359136969823, 0.84765253570033
0.0015311206247143, 0.79556023704246, -0.26617206627387, 2.0851833757226164, -1.1561212328536246, 0.82954130379192
0.025225358221869002, 0.79489191125045, -0.2921525902812, 2.093077380823835, -1.1520524360104594, 0.82940378392781
0.020012686086112, 0.80742603759866, -0.37494444589359, 2.101973086552599, -1.1725461144426879, 0.84209322255328
0.024873042389411, 0.80933588162707, -0.39335914722385, 2.0928139859747557, -1.1304446731052549, 0.84508185162263
-0.0050310217174139, 0.80793842980619, -0.37767925037851, 2.098225901728647, -1.1026336024832704, 0.83184792767285
-0.012180470776724002, 0.80550044214439, -0.34938977926203, 2.1168177219958553, -1.0965822942805832, 0.8281678883558
-0.0017139236314538, 0.81048457901161, -0.34233115107751, 2.1042263268184813, -1.1335691868390751, 0.80956050157576
0.021319742373302003, 0.81868158209689, -0.42753605206353, 2.1155132422334213, -1.2536682448308434, 0.78338056078684
-0.0001568670713578, 0.81311082816872, -0.4687208014379, 2.1130773881887235, -1.2844268927602709, 0.79181162008325
-0.040984381055928006, 0.8090071135038, -0.36775628668424, 2.1036417476725413, -1.1915353727528681, 0.78993257790474
-0.045213308140838, 0.8034985925027, -0.33347948125784, 2.0960709373853543, -1.1515684791280267, 0.81092019113007
-0.018262513110602, 0.8052074924671, -0.32689900610114, 2.1071716250362793, -1.1709413137115448, 0.80295400694286
-0.0035164956806815, 0.81033884859351, -0.35911340750824, 2.1190714369836186, -1.1937044899247424, 0.79006418225863
0.0091410116003035, 0.82141014519054, -0.41875006878813, 2.121954236589514, -1.2628346270962691, 0.78517811482881
0.018396765848074002, 0.83142438123727, -0.57671357530082, 2.123717083328551, -1.2872864734762033, 0.78420646908969
-0.030302476545912, 0.813482955474, -0.60856602885112, 2.082722552580864, -1.204049481081689, 0.80163956094059
-0.03431620234383, 0.80367629097747, -0.53360224815561, 2.0895612026763932, -1.1196516263875331, 0.79998723159551
-0.02467725651347, 0.81768608927888, -0.50685131210482, 2.0989666723894875, -1.1076725927541806, 0.78802903687409
-0.018218019155098002, 0.80744879793757, -0.56688914716924, 2.0743925043730176, -1.0929376037745513, 0.77608630374078
-0.021646969415812, 0.80571278995587, -0.5699601813333, 2.07010802483892, -1.1325975999902027, 0.77093743022175
0.0073009925471100995, 0.81292246620466, -0.58264243382412, 2.0752328205869675, -1.159343523908106, 0.77444234739594
-0.0093276573010759, 0.81355894360433, -0.59328001517949, 2.0744728808731856, -1.1847205288328313, 0.76578769678988
-0.0018275995081389, 0.81895689312178, -0.55695219536607, 2.0716385438578384, -1.1722701225722296, 0.75995981873519
-0.0074519264886884, 0.82181730731582, -0.53743210213196, 2.072542866433306, -1.1437734186826047, 0.76487577324569
-0.0063633605259947, 0.82092420193683, -0.4951563418152, 2.060726567045543, -1.1685966224143927, 0.75978123674591
-0.009953757670889499, 0.8133672909505, -0.42333946129217, 2.063868341375716, -1.2007172016434928, 0.75251912603808
0.026872554522484, 0.80737038074527, -0.45550434072671, 2.0540153832534775, -1.2219001957559759, 0.7652781175591
0.0025518066278626, 0.79742472836728, -0.49413811219113, 2.052086592129468, -1.2377333562788906, 0.7654906304796399
-0.012652037697249001, 0.79496155642184, -0.45188752554519, 2.04600281717656, -1.2136349512072024, 0.76791593023363
-0.015228413422704002, 0.78817280563217, -0.43224519780767, 2.039620171049786, -1.1757246093068294, 0.75955569538274
-0.013079351713741002, 0.79438912257123, -0.38529570910882, 2.043658178110337, -1.1778841014442554, 0.75893220957826
0.0003176499220736, 0.79317579109058, -0.3521995722468, 2.0593736083741745, -1.1856970400141158, 0.74684488032431
0.01104212050734, 0.80522246404204, -0.30005336434124, 2.0518370578206797, -1.2254876645364645, 0.76220566364589
0.003536074543028, 0.79030840727817, -0.43129838769207, 2.035816935096547, -1.2232619556611566, 0.75931507269808
0.00140180608761, 0.78390093617624, -0.49619367773451, 2.034810928559625, -1.2285407555205774, 0.77571805570759
0.0070403252202209995, 0.78767337610147, -0.51029428747349, 2.045455094374951, -1.1843843543339456, 0.76881413560353
0.019417098520265002, 0.78441696810219, -0.5113345030836, 2.054947194912382, -1.1547281225132529, 0.77500676244272
0.0006952374356116, 0.78060737981035, -0.51059873725483, 2.0626394400497916, -1.1352240239238898, 0.77703525714369
0.0027627883040469, 0.7797946473305, -0.48508834327949, 2.0551388104832906, -1.1629635060409114, 0.76379922653878
0.01768544652858, 0.77926228714383, -0.4900387845299, 2.05681918723195, -1.1506405112382543, 0.77626488960533
0.017476878473296, 0.77753680953895, -0.5324507163572, 2.049812115644576, -1.1670675255297822, 0.77416711239311
0.013905243521707002, 0.77978506506699, -0.50228345612988, 2.0608653382437034, -1.1643340740018693, 0.77108728559208
0.013239536720516, 0.78096465155761, -0.47937727244079, 2.05227282412653, -1.1538070032989918, 0.77002627765528
0.0039730537682319995, 0.77566443964142, -0.40604852999779, 2.0456992383200037, -1.16851057726324, 0.76615712806131
0.011326304767924001, 0.77584105796072, -0.32549435053903, 2.0494122358348292, -1.1893328676565156, 0.76621325606844
0.035311474981319, 0.77631482380422, -0.33410153548227, 2.048885871679796, -1.2175982573326347, 0.77498087586625
0.035625020382880006, 0.78426400258717, -0.44063931896615, 2.0501792538961223, -1.2417889371014, 0.76655001960075
0.028052839998203002, 0.78428028380599, -0.41441792207939, 2.043580478391598, -1.2174033609021782, 0.7714868277237
0.037868276745065, 0.78629566336295, -0.3825576986499, 2.0449104222638264, -1.1862374693595925, 0.75617029772871
0.014679354254589001, 0.77405822159189, -0.3232235424873, 2.029631667972512, -1.1960124385054771, 0.7548527858138
-0.027999302483819002, 0.74187083274583, -0.22917403387372, 2.0204220547127543, -1.1556299701891661, 0.71969520852475
-0.072245820116486, 0.75039258150069, -0.11138095881434, 2.026170513423721, -1.1706671401767983, 0.71229469783613
0.026145059835666003, 0.77600778308507, -0.29553371504286, 2.047414608499294, -1.2567261982511724, 0.7278653768468
0.032849886677688005, 0.78293318104508, -0.42863091762016, 2.0592734466053964, -1.267463736119054, 0.74450435737855
0.025488129870687003, 0.78315119937578, -0.42985513497781, 2.045784617893823, -1.2184590718321366, 0.74777886159586
0.047267806872821005, 0.77877130438803, -0.44428192535839, 2.0353594882539694, -1.2008879424264292, 0.73011647638595
0.039776963617935, 0.78201880284547, -0.50711405059518, 2.0571869967139294, -1.196603663148614, 0.72476767161355
0.048625110814125, 0.78176971461337, -0.49946853943178, 2.039254037651795, -1.208466795598852, 0.71512044401661
0.026267497892187002, 0.7739516675776, -0.51422156668134, 2.0197660367989703, -1.2717534701156457, 0.73393638156179
0.0013604341927413999, 0.7781660186571, -0.55740174865918, 2.0341314775809693, -1.2486376768489915, 0.71284169516678
-0.02525327823923, 0.77704523754571, -0.50614895395276, 2.032995111429005, -1.1797840968762785, 0.70581122120787
-0.015198030797138001, 0.78228274285198, -0.46223202790931, 2.029676946592671, -1.1390742260996862, 0.71482690602772
-0.014630675258755001, 0.79157924573807, -0.40121145975329, 2.0298040158487125, -1.168004317071243, 0.73026668077275
-0.03796064901201, 0.79913082846568, -0.30212333777265, 2.0400230483640254, -1.161871356953436, 0.73438188908053
-0.029525544136307, 0.7721295586779, -0.18567303961693, 2.018209786479738, -1.1994592591883133, 0.71923388945002
-0.0026752924550088, 0.75195605694566, -0.30487506695476, 1.9987082793538293, -1.2510753914937323, 0.739984532619
0.0033827548652992, 0.747785891324, -0.37352817936067, 1.9857824519465552, -1.2298178819884626, 0.73952426897023
0.0009296909867868, 0.74574951073639, -0.35189010898801, 1.978008177103695, -1.1897000564143243, 0.73260514724181
-0.0057352051249447995, 0.75404946033609, -0.34353388309535, 1.9774669864242584, -1.195269335386033, 0.74115191807698
-0.0030546657084804, 0.75282211159873, -0.32370895448675, 1.9912550656168326, -1.2110511964062605, 0.71801665363447
-0.013026613546169002, 0.75194338904654, -0.25562502882599, 1.9825725151997038, -1.2198913912560727, 0.721165007444
-0.0007186886381592, 0.7367975963645, -0.33043945066823, 1.9520310998575316, -1.222204428326473, 0.70415756344514
0.015335146004331002, 0.73565470610604, -0.28885582714582, 1.9572003519091976, -1.2328471091901891, 0.70834625759796
0.03280337218505, 0.74174573556794, -0.25648716963343, 1.9617161016136602, -1.2030777737233749, 0.72396744722742
0.011672221441863001, 0.72728367567457, -0.22140861666873, 1.9445157149977046, -1.1232960664210965, 0.70935225172917
0.006800269570711, 0.73402363822737, -0.24760157345305, 1.9693261313142807, -1.1397442979595112, 0.73553663280171
-0.0020839460475679, 0.74354746647609, -0.21831675852065, 1.9715622921967557, -1.145559999871139, 0.72804311381418
0.0066884077616388, 0.73919974594639, -0.29417431744444, 1.9560153126628494, -1.1854415516493333, 0.72930930497953
-0.0028227706374875, 0.739810801751, -0.41846813525642, 1.9830305650882725, -1.1726260379875848, 0.70535942175108
-0.0031848735549769, 0.76341662783931, -0.44612933041081, 1.9938952300460486, -1.1213221857932463, 0.7155640328904
-0.024548796042090003, 0.75769418002548, -0.4387477979569, 1.9951740828796982, -1.0597873166638536, 0.71761428529595
-0.0074705278397464, 0.75409477951783, -0.45433944053356, 1.9766570810950208, -1.0642416590436423, 0.71871904487219
0.016923345153568, 0.7544784594721899, -0.51152028238625, 1.9891846258414103, -1.0881611566551024, 0.70963716749012
0.0099528053057557, 0.7426900508356999, -0.48251939036219, 1.975131841913122, -1.128712604666848, 0.71143096909371
0.0057886015057055, 0.74280678727195, -0.48656930371143, 1.9514024470521927, -1.1382687206724125, 0.68675765695985
-0.0026629990992701, 0.74283280886523, -0.44395691107624, 1.9565881163912326, -1.0887456463007645, 0.69194363423195
0.0097317377794119, 0.74360415928259, -0.35663589286968, 1.947062481306683, -1.0977142791051697, 0.69193190481148
0.042827203203123006, 0.74077489217151, -0.43710617739056, 1.9511545283567668, -1.0669409548307585, 0.6974960809282
0.048804865434089004, 0.73571575074661, -0.43352168066383, 1.9596846007699547, -1.0336856509650096, 0.6984114030087
0.059136731598588003, 0.74188306604054, -0.4185242291681, 1.9528849444440053, -1.0736324338181582, 0.71581659922814
0.062637103889112, 0.74189084171733, -0.4205388152555, 1.9471512370935973, -1.0795613580061096, 0.72112025379591
0.06404149786058701, 0.74792210837274, -0.37772984912757, 1.941970101582441, -1.1109890045866486, 0.7286651829644
0.052744908674026, 0.74470223204644, -0.31791242244181, 1.9406047873971615, -1.0966883331142985, 0.72753949166348
0.052631408987439, 0.74336263515425, -0.30295266473193, 1.9253607924054035, -1.0974501174485294, 0.71862634886542
0.053591268115447004, 0.73414736325485, -0.27880148511197, 1.9310092040145448, -1.0967117762210852, 0.71956184912421
0.056927719279294006, 0.73158509715572, -0.25277578944428, 1.9332812678192048, -1.1098923697937004, 0.70795132136941
0.055035264428929004, 0.72737014293769, -0.22714750171782, 1.9239191412336143, -1.1266208156900117, 0.71820075338505
0.055076745093551004, 0.7147949418437, -0.34478257090015, 1.9108783477933626, -1.1513070079601921, 0.71727749202022
0.04498940173728801, 0.7179083937377, -0.34302993795071, 1.9141675318299542, -1.1235733642739645, 0.71019564528544
0.057661783071089004, 0.72722881658606, -0.39116144142565, 1.930105468741231, -1.0777250793268063, 0.68987983338518
0.044009640121771006, 0.73282054126957, -0.4032018937092, 1.9179597419905274, -1.0811011701031532, 0.70146507797339
0.057203403664543004, 0.72501477879053, -0.41657634530569, 1.933312289341801, -1.0790716746400355, 0.69016957897905
0.053054279441963004, 0.74110145855026, -0.49622198169127, 1.919137520901573, -1.1004719365546138, 0.68376962245788
0.012423172237907001, 0.72133843381747, -0.49099056860153, 1.8709439593422599, -1.0939734785209172, 0.68332880305635
0.0028885062602896, 0.72100760328008, -0.44169230474133, 1.8654871694037227, -1.063866686477124, 0.67893776983765
-0.087643081362064, 0.71042628446579, -0.76584840255403, 1.8778370735503445, -0.86340972554703, 0.69288522313552
-0.028243682619756003, 0.73884688091168, -1.419869505094744, 1.8887052486219653, -1.0533642482269643, 0.67353043615802
0.044686379461877, 0.68543277742304, -0.86049783401638, 1.8197510673702122, -1.0187383368553338, 0.70473726039133
-0.051225529215253, 0.7037913423642, -1.2353297932148037, 1.834638668286083, -1.0415657560834748, 0.66966330005364
0.015537898424685, 0.71061981950158, -1.5722510644037757, 1.7810709932202093, -0.90853116074335, 0.61095264315786
-0.057362664382335005, 0.70262386032235, -2.037297449989786, 1.779581329326846, -0.61878163015423, 0.64621978306037
-0.088361476552738, 0.66345284634904, -1.6962879583697907, 1.74903515036862, -0.46612282185857, 0.6196923315567
-0.10876096197469, 0.63116713274515, -2.156250754897884, 1.7945632874785749, -0.082571118576196, 0.56083656854725
-0.52594648833802, 0.53271005903928, -2.5132044464959264, 1.7212404154856153, 0.78846685538517, 0.49256529954944
-0.52145247701965, 0.42938353346019, -2.046781410189576, 1.5893269153756346, 1.0788701588154395, 0.33282509349992
-0.31796072277537, 0.38485320076814, -1.6441680361882578, 1.5813425456419063, 1.0382528501541812, 0.28423593257664
-0.28609413090494, 0.39330039334602, -1.8439320078983137, 1.5293680254807824, 1.1509398835778195, 0.31573974560757
-0.45106220792371, 0.42375275972286, -2.8053370435667357, 1.570617296865187, 1.1178317918488496, 0.43237133418369
-0.28739960165553, 0.48399586102425, -2.1940663518681385, 1.5614458373992488, 0.61713978992661, 0.50460310190175
-0.28116398785255, 0.50764085445244, -1.8099526449483705, 1.6823955325965045, 0.31218761400061, 0.49310274991504
-0.22859835757897, 0.49145967694756, -1.4097230000364958, 1.7258784847015307, 0.12792166934404, 0.51637298923449
0.015725922085355, 0.55366663461812, -2.748299568511767, 1.6545330279365715, -0.14207338745392, 0.48094788271613
-0.23187790334992, 0.58931063157413, -2.809076433070383, 1.7209573505702052, -0.13359863203188, 0.46141614464735
-0.22169569387924, 0.55407905089233, -2.443470649724453, 1.6182112421019708, -0.20259868280926, 0.41559991769536
-0.28309185791516, 0.5567055307436, -1.4338120617395496, 1.53116676810478, -0.19791771177056, 0.38861041336572
-0.14873319349585, 0.54513121684583, -1.9983319154573054, 1.5364088649658867, -0.33403880127518, 0.38005461995813
-0.14146862164945, 0.57442438053548, -2.6866196632855486, 1.5451862132507284, -0.20492625708904, 0.41750582373779
-0.017070205711497, 0.54841690656795, -2.356274456224477, 1.4325217726016914, -0.29955638204654, 0.36583488796075
-0.20009237076275, 0.55178822088481, -2.0817760166194006, 1.5019489431106618, -0.20794863295484, 0.35532951644745
-0.11925100679205, 0.51739180440383, -1.6402660999928564, 1.4513362499269264, -0.19082653946527, 0.32000378603501
0.0065185296786396, 0.53694989767503, -2.083276093940636, 1.511287031150683, -0.11027011018368, 0.29953126014297
-0.09318359594391501, 0.56702083617702, -2.828245244239755, 1.504182130340623, -0.13188401324517, 0.31793748394225
-0.17614315770942, 0.56825314691955, -3.1221672302754704, 1.5045440605684208, -0.13012189188535, 0.26888719340046
-0.17750434007438, 0.54259778472221, -2.578819859330419, 1.4934987661225911, -0.2477135074167, 0.25485144910698
-0.16166193094089, 0.52497165804196, -1.9476341636959265, 1.3770918501882194, -0.22036798228016, 0.27100887790596
-0.0015492693446366, 0.56167314971784, -2.786451893651196, 1.4684848421923165, -0.21684653032401, 0.26285960435815
-0.15647968506883, 0.54405867488326, -2.491375830450879, 1.429480633889216, -0.30782566751716, 0.30314979117484
-0.12851006997005, 0.57736273537172, -2.718772141105605, 1.522267839187854, -0.14150668631854, 0.28097117849766
-0.20580812673772, 0.564060079916, -2.5833714447169456, 1.4828384186916348, -0.3048183992578, 0.26360415377698
-0.10854615735408, 0.57337083999373, -2.566782434960148, 1.4421521129264026, -0.43683260491554, 0.25261025397971
-0.055415578969282, 0.56045213603271, -2.305496047250786, 1.4346386827310948, -0.36550422994387, 0.2275616720746
-0.15554674584871, 0.50590144695202, -2.1162676970884977, 1.430301926854757, -0.32295475548985, 0.22686389107209
-0.12639532860331, 0.51432489974282, -2.117944930038955, 1.4468494767182318, -0.33369234352503, 0.24606873371074
-0.15154522416728, 0.53701719221431, -2.060229723107541, 1.4842044078425574, -0.36222162265458, 0.2364106863336
-0.091171648942155, 0.51281974724768, -2.0407548086252296, 1.472176255533116, -0.44222454273101, 0.23688560682947
-0.035019147492623005, 0.51547711477469, -2.178398230261856, 1.465172879614529, -0.38647523532889, 0.20957827310135
-0.08522798781038901, 0.5403972146104, -2.071973446136507, 1.4959109949805085, -0.3634589153609, 0.25085224341773
-0.061479498923944005, 0.53205567816944, -2.19528128208528, 1.499713643430739, -0.2967615233373, 0.24722196151969
-0.011320118200448, 0.53113115257293, -2.314730488120309, 1.4894871749066585, -0.26163091987539, 0.23134273237595
-0.058033492421341, 0.53363952821487, -2.340975552037818, 1.495449237368228, -0.33555481920295, 0.26442275559714
-0.12398842166829, 0.60567878514236, -2.518500150983339, 1.4776883686783961, -0.32978463713112, 0.27437656420521
-0.12539209751484, 0.59168491114662, -2.656400681195331, 1.5226503136595417, -0.25655523402689, 0.25200692956861
-0.16767907597453, 0.5664233756603, -2.4467153443413587, 1.4744876650096257, -0.23748873479217, 0.22189523886978
-0.06397573838918601, 0.57431721335194, -2.385168912211877, 1.5202411581705129, -0.23682921306585, 0.2415180044565
-0.18901380718614, 0.55229500128061, -2.2174881933205364, 1.4918066527084297, -0.25285657616128, 0.26007840563403
-0.20693317716309, 0.53836977885485, -2.197805183872031, 1.5077028769140737, -0.27052320005104, 0.28068799535661
-0.24720246106761, 0.53970449230429, -1.9658270478866942, 1.4735677834224716, -0.23004949131083, 0.25920067025796
-0.078568800617464, 0.52018539938677, -1.909682862838752, 1.4423553250646433, -0.31976470821706, 0.26792559584858
-0.10734153415063, 0.53685903337241, -1.803985747575375, 1.4050259810791121, -0.40490802901327, 0.28204632174662
0.0017792614147693, 0.53187303278646, -1.649275274285272, 1.3644495682218627, -0.46763542165161, 0.30096159930412
0.046759433813494004, 0.53560121925061, -1.6671332279299196, 1.329461333946315, -0.40857500248211, 0.27510119564764
0.058870761236195, 0.54279119457814, -1.6197399434591522, 1.3564763655473875, -0.36236141266046, 0.29245727903976
0.037900909750450004, 0.54350926443844, -1.6933218322645933, 1.355705248561091, -0.33706740963091, 0.26588470343444
0.025962920138605003, 0.53822658230374, -1.6548450048949221, 1.3632564486918937, -0.35107373678815, 0.2863570222057
0.055164281318202, 0.53318258904359, -1.7669260084278382, 1.365904275666014, -0.44768533777405, 0.2895181170554
-0.014720706505240001, 0.5543118231409, -1.9272981666056213, 1.338123734925308, -0.46304989359642, 0.32916521437203
-0.09634159487866101, 0.56945346328372, -1.8177630500764348, 1.3385700118606614, -0.41272939908927, 0.3706524773879
-0.091962684661162, 0.58206558333352, -2.0087229571791747, 1.3151536429439445, -0.57408372633746, 0.33547686474023
-0.11831548087268, 0.60681308742019, -2.0672842985186746, 1.3059078781524933, -0.78896136055295, 0.3186196789997
-0.15035024400371, 0.59823466895171, -2.025399210718355, 1.2912871828513064, -0.93908659410761, 0.29246521388163
-0.16013604717019, 0.60542288930852, -2.0677709082246496, 1.299394549504262, -1.1026361838195142, 0.26206619619549
-0.16941777031339, 0.58992892237761, -1.965651862203436, 1.2821979567166748, -1.1020497832752438, 0.26903316134678
-0.17998257974034, 0.58530676409817, -1.8128625780927208, 1.2424104111003358, -1.042060813359189, 0.28375912731209
-0.18520226544235, 0.56896084290173, -1.7558264555145275, 1.2351765206143162, -1.0418144623557664, 0.25081777856396
-0.15456110249384, 0.54590947363191, -1.6980898215006435, 1.2175136064299263, -1.1141587074138104, 0.25728303502634
-0.077412566432819, 0.54820847402203, -1.8095595288054591, 1.2179267603971284, -1.1838909858320965, 0.244211148938
-0.06221166599247101, 0.56482939288295, -1.8024327281864978, 1.2082131995315848, -1.1647224695386411, 0.24045939899058
-0.07190728633804301, 0.56549980640347, -1.7140864147985304, 1.1964245824840485, -1.136024378705747, 0.21065688638041
-0.055566159470139, 0.57715175687395, -1.649864666670406, 1.227826742014173, -1.1167987419775274, 0.18653818796905
-0.08149818727027401, 0.61200438893995, -1.5797032460914013, 1.2422791191385627, -1.0955570843637974, 0.19522589593278
-0.12515732424155, 0.61061869174485, -1.6273974312094206, 1.2217580927814065, -1.1343147152362478, 0.16576971048072
-0.11302525989615, 0.6243438414525, -1.7039433168731375, 1.1568815290046373, -1.2684101975552888, 0.15722510887014
-0.026042100634272, 0.6156270152754, -1.8490715578188106, 1.162579961393712, -1.2547805364732247, 0.09990446641016201
-0.0005330202854946, 0.61514873744007, -1.9613872803786627, 1.1498942238836822, -1.2790641573101242, 0.07593064239723
0.010062781517319, 0.59373117292488, -2.003032079853458, 1.1100919308153694, -1.3216476874174847, 0.06544808730958801
-0.023156535322586002, 0.58138571551541, -2.0104728723588754, 1.088455146437587, -1.3511958987912256, 0.046853084183457
-0.066255253728738, 0.57080106194489, -1.9644085323793412, 1.044721762254151, -1.351215359471445, 0.030930567045233004
-0.08163201267639601, 0.57010516969498, -1.9719533292803582, 1.0518712363829557, -1.2947712764982233, 0.033734405216072
-0.16265636672737, 0.59396150941466, -1.786469478811585, 1.0667628448119695, -1.2452053573215154, 0.057140113462291
-0.16046498774506, 0.53276108910194, -1.711968577505241, 1.1546690629330358, -1.2222896652185202, 0.027268995132361
-0.13184239985895, 0.58650089441187, -1.7804376220115883, 1.955421391930889, -1.1875741074000388, 0.22587194095364
-0.13808281314035, 0.59932501028412, -1.4825022132769816, 2.190166719251025, -1.0295303099544766, 0.25809708115243
-0.20252740378505, 0.06949808851847801, -3.441491865216672, -0.73671057893886, -1.413572288075462, 0.42418008443368
-1.2457426984803297, -0.7334016676746, -2.987625902609529, -3.227396438641519, -1.08729770762746, 1.1995170814693963
-0.72990998220148, -0.19264676266725, -2.3360761989518966, -1.0100513274403955, -1.2363879230170836, 0.32941958534943
-0.78409582604965, 1.6843709393508772, -2.096626608596467, 4.597004188934459, -2.2809136117511692, -0.57538166033098
-0.585600729451, 2.061747189324215, -1.7997536351862409, 6.011403080688661, -2.3677391069523024, -0.44611431982666
-0.55975656502408, 0.58343271948105, -2.6703440142265604, 0.28053069497571, -0.5664914629965, -0.8158480528928
-1.1797175404349476, -0.57955625836937, -3.5659537352143023, -3.996502770968719, -0.09942275676819501, -0.98708819822079
-0.72142591886339, -0.45961026613619, -2.8246691313906935, -2.7243808392748345, -0.6408536874888, -1.0163917614170588
-0.5391779300037, 0.79222762615935, -2.3597438321209143, 3.0660669441256854, -1.1137711156675703, -0.30539365212089997
