Pichu
0.0, 0.0, 0.0, 0.0, 0.0, 0.0
0.0012291421083974, -0.005753632436787, -0.0069201216834406, 0.0034751943287053997, 0.048430704511884005, 0.015039761364191
0.0022435081422495, 0.0004434296118446, -0.0038268830173430997, -0.0032022653891925, 0.034914043430711, 0.0034985164326038
0.020320908128991, -0.0010523747142624, -0.0030169702683201997, 0.0025843086889736, 0.019567671287442003, -0.0018793090886614
0.037998014972906, -0.0027724127930694, 0.031605022414778, 0.0083192847229851, 0.0047338333154666, -0.016872596386384
0.058513162669424, -0.0051040478745456, -0.014503946584405, -0.012382016696747001, -0.010727492379599001, -0.02110848499393
0.026759026718401004, -0.0073695401990523995, -0.0070310310323573, -0.021191313219273002, -0.025531298722326002, -0.011158048639759001
0.031483045780238, -0.013515824341890002, -0.032516240149549, -0.021667956426914003, 0.011135475405325002, -0.015775634413786002
0.032898066777261, -0.013968985796289001, -0.014424404526713001, -0.0069394932035605995, 0.035166198827847, -0.022289613284909002
0.012692110567195, -0.0074623912809319, 0.026878721852536, 0.0045135085985218, 0.0052865770743608, -0.015323130408858002
0.019712109683738002, -0.0031060850540476, 0.01437780860872, 0.018344071850922003, 0.0045564620805725, -0.017178458167334
0.012942504239553001, -0.010983337156054, 0.05235366097974901, 0.011068402997156002, -0.017351868042678003, -0.02436301901145
0.035384643006206, -0.0025419256833584, 0.0002035855140807, 0.015222939785038001, -0.05969377131776601, -0.020070112145819
0.01685292579108, -0.0087793684354474, 0.0085738974535075, 0.0067585109298486995, -0.055500732345558, -0.019129587740572003
0.040660340696925, -0.012655835076472001, -0.0058509928396237995, -0.0084204084756899, -0.03598565676643, -0.019892798045077
0.04222883166321, -0.0058843942030692995, -0.0029250860137003, 0.0089173634680357, -0.031980147127394006, -0.0027497994225434
0.030371179412050003, 0.0008138613402986, 0.012945808647439001, 0.0093896442081752, -0.031513916166855005, -0.0066904369830449
0.016995963188812, -0.0005399233975813, 0.027409710207262003, 0.022191423139834, -0.035658858814006, -0.0069089216302867
-0.0030227443337535, -0.0020230633352299, 0.062174753027868006, 0.031325830533696, -0.050039825650573, -0.022238915478875
-0.017025030970108, -0.016888308686020002, 0.16612235326959, 0.013156200651817001, -0.083069874524292, -0.034787090833933006
-0.11448869316724, -0.012307900280606, 0.33746843586698, 0.043325459709506006, -0.11444434271948, -0.018338938173281
-0.05012398936417, -0.0063210702674248, 0.2387588843721, 0.037054587359188006, -0.110008921343, -0.025076665483114
0.07205607336531801, -0.013886398034602001, 0.032269446778567, 0.022901806948347002, -0.10879441899576, -0.027267103598913003
0.078297861311018, -0.011011345510101, -0.014603691496689001, 0.018875898430202, -0.11881321405205, -0.012606294345879001
0.07801925648933401, -0.0049288704053167, -0.0090132502990303, 0.024181131459056003, -0.10693070733673, -0.020441224197094002
0.06317763203988401, -0.00405950532228, -0.0002299129969737, 0.045939327111494004, -0.08411764810461, -0.022374935621902
0.045743077267843005, -0.0084778598581539, 0.045037088951357, 0.04667300696115, -0.068296194817618, -0.028292427829695002
0.069671070462093, -0.0099316815151915, 0.035882173203629006, 0.025290013653732003, -0.07033997142715101, -0.030607011531879003
0.036676764844483005, -0.011136649157028, 0.069505455463891, 0.031636308629930006, -0.084383066162901, -0.027033153105569002
0.020695971803731002, -0.009881753427336399, 0.1659728294653, 0.020940731088864, -0.09231333689554701, -0.022205996130515
-0.039031750664988006, -0.0090733779365921, 0.26284818480416, 0.028264182297658, -0.09750542710812701, -0.019564581513305
-0.020802777602314002, -0.0067645281276597, 0.26055809064538, 0.027542129905429, -0.10761068656393, -0.013454111074119
-0.012949429940247, -0.017913140989895, 0.20456242596823, 0.035696153909675, -0.12021137524195, -0.011906947735351002
0.027962140369897002, -0.024269076008099, 0.18210951646514, 0.015334032599502001, -0.12440916907527, -0.024571367210555
0.050870247113846, -0.022577755720048002, 0.11776021085121, 0.012380771104817001, -0.1559250609789, -0.01713289112892
0.024218053330882002, -0.018386673973435002, 0.14486717625634, 0.012683416974006, -0.17455625862559, -0.031124778081183004
0.028492471366573003, -0.019449214611219002, 0.13110289854477, 0.013978115127348001, -0.15280459425517, -0.030987313174867002
-0.0035206286771458, -0.014642905701930001, 0.17725127816083, 0.021862302764177003, -0.14967524305218, -0.017516357981764
-0.08671740964293101, 0.0081471353996727, 0.33149842704259, 0.033430109342985, -0.18274208941748, 0.0069453033757914
-0.14930201869179, 0.017751209983269, 0.41985394808679, 0.025098219532809003, -0.15600452918175, 0.0046015625170996
-0.08176278814717501, -0.0098918427140531, 0.35101715257341, 0.018739904613329, -0.20053483393611, 0.0041367745502071
-0.013630851110395002, -0.030385756345811, 0.25230532981546, -0.0009439432976185999, -0.26151756666975, 0.0045071045690058
-0.029610759280054, -0.032045959330225006, 0.28708995318172, 0.015716079203997, -0.27253276643784, 0.019443727832455
0.0093127762306751, -0.052340046748802, 0.21189828750609999, -0.0073677270514386, -0.27448374798895, 0.020449167129127
-0.0043558756753548, -0.049293110353644004, 0.26017907044151, -0.0023942109453069, -0.2618895006224, 0.033528282694113
-0.1252053257912, -0.045764247756541004, 0.43955292926157, -0.0060194915584007, -0.35359504030469, 0.026385970328853002
-0.30721552137931, -0.06680755041991701, 0.69077771357857, -0.075996165541306, -0.66686487841821, 0.11496320034757
-0.47770627122865, -0.08688733377261701, 0.92133194140614, -0.10040958336748, -0.91091371384623, 0.13963563573953
-0.71820201102222, -0.12106899611572, 1.2457891756261876, -0.21793276594239, -1.2228559454840866, 0.19432962889252
-0.83091745471513, -0.14714871741842, 1.5746825370307245, -0.3018577526925, -1.4041522556639805, 0.26985852905621
-0.87683278277713, -0.18700859631535, 1.7775030610280877, -0.37747017847582, -1.6006052140102704, 0.31047394327838
-0.85812482307453, -0.22369022289995, 1.9380162918790584, -0.4192052168887, -1.8228266737378551, 0.30976344582959
-0.89632331983781, -0.26119772592843, 2.0853919139037784, -0.48528407224599, -2.060642588032834, 0.28552239756651
-0.79765553264384, -0.280978436704, 2.1325150079560826, -0.52776952782688, -2.1893061386676944, 0.26744766273325
-0.61100322104216, -0.31164588974251, 2.1272072428194044, -0.57394691578778, -2.4370632631908578, 0.25506636543065
-0.4972710909143, -0.32533601109325, 2.0126140094327423, -0.55317749356891, -2.4205993249184523, 0.27024345380254
-0.09156270735746001, -0.24384257453448, 0.97943694194912, -0.40805018025168, -1.3909590545075585, 0.31275690225492
-0.08017054066350901, -0.20903968382698, 0.52483008247368, -0.38819016250861, -0.95624423108907, 0.23450497415912
0.031311563291627, -0.20711580591233, 0.65872267193671, -0.39010955193849, -0.96781772514245, 0.20157435263351
0.08249009050365701, -0.18304600616508, 0.23428481003178, -0.37831825211914, -0.63504574011025, 0.19655968552742
0.026898379852552, -0.17978218300256, -0.21332283734189, -0.38636437398577, -0.24468146174424, 0.18928081782331
0.064358255229314, -0.17282870440828, -0.2968476314373, -0.35464866420256, -0.13150917920683, 0.18067241875653
0.12779354975998, -0.17245557383478, -0.29930882742395, -0.35294063251517, -0.08444951268921701, 0.17631090756395
0.20366967258937, -0.13895937513213, -0.54947462121238, -0.30663750294686, 0.19855031381418, 0.187356373176
0.12240996665257, -0.15659323807863, -0.71956868842569, -0.33719092331478, 0.38779597486828, 0.14701590434422
0.20544501228223, -0.1592497359383, -0.63084615407444, -0.3167278487896, 0.37593394979623, 0.1447068720895
0.21188267629293, -0.16755597873793, -0.61296097479677, -0.33627003837139, 0.46938618279191, 0.14636521384134
0.25745590189841, -0.1869865311345, -0.74255944890241, -0.40474827659108, 0.55821368208699, 0.10670569733387
0.2841492116647, -0.2393594775557, -0.86213458380115, -0.49605231603904, 0.65946409119652, 0.011301932191092
0.27478941011786, -0.27271916297544, -0.89086356993845, -0.51013426667034, 0.77071544865334, -0.05774933724664501
0.29977324941369, -0.28310141756083, -0.84671644656279, -0.51927948446771, 0.72097053696017, -0.050649095239466
0.33543062124260997, -0.28822858572113, -0.88531432335904, -0.52596531349176, 0.65276178071384, -0.059296167506474005
0.33214255468601, -0.2853180859316, -1.0142714702261695, -0.52403769212729, 0.62363702263712, -0.058202440568291006
0.25079427504995, -0.28253451604691, -1.1056323477195094, -0.52027317055926, 0.71551233595666, -0.075615410307883
0.21631169682977, -0.24647016853887, -1.1764664511712413, -0.48656602876927, 0.85788347894328, -0.11501223323321
0.25269250569792, -0.23907035405832, -1.5048997211486337, -0.52359692827436, 0.83594129630951, -0.10714825332022
0.25676385334548, -0.2255450928946, -1.5887638366672805, -0.52693664372711, 0.97317506867122, -0.14523194722069
0.2492733946981, -0.17820545492607, -1.805754042677605, -0.4802028930052, 1.1507385566423647, -0.19557124975491
0.21118075660025, -0.13044747870233, -1.926699963156481, -0.39671227568384, 1.3118673405850365, -0.2477960989778
0.18396573606628, -0.13897898825705, -2.127464549870791, -0.41083377745862, 1.4781534143948107, -0.31433013949731
0.078385116449229, -0.074984572483711, -2.2321664498142675, -0.33913828507328, 1.5924791394056048, -0.32975750022924
-0.037356199195097, 0.018147903789125, -2.594964651958847, -0.2768490848604, 1.7099216441987586, -0.34570306845427
-0.13689016419126, 0.055513299885221, -2.6837190304660745, -0.15911870213883, 1.8476061515316247, -0.34558219943496
-0.11889238140763, 0.039386724309003, -2.58313718524541, -0.19702708244191, 1.8883725227775734, -0.33964128526818
-0.10355857144304, 0.013195696063189, -2.5479864864240658, -0.22738720115363, 1.8276463020414608, -0.34178550901686
-0.041008828922218, -0.031678746798765, -2.3371873799617613, -0.27156005564051, 1.3609893509003919, -0.35522782568032
-0.17684111751742, -0.061089180604155004, -1.9102138740811745, -0.29530306319457, 0.97303822635797, -0.21011629511498
-0.28502673213368, -0.068155716745828, -1.4651005444823517, -0.27588847710811, 0.9523137522198, -0.14759680120287
-0.29095279306767, -0.08288440729339801, -1.1941106927067697, -0.24827159859861, 0.90916346365939, -0.1177540195223
-0.46427082331622, -0.090776905931783, -0.74936054662456, -0.23354557571169, 0.66992349112441, -0.079269988194809
-0.72271264298365, -0.11348058599653, -0.22791012786017, -0.26493231701439, 0.30615513448108, 0.011655341656926001
-0.8963309013139, -0.14136197327811, 0.19637948074918, -0.25494592662615, 0.07891213434286601, 0.026786991460993004
-0.91622509490822, -0.1632882953335, 0.46777411490689, -0.2813587999605, -0.23337844604779, 0.05010990928631601
-0.8954301448123, -0.18526700318906, 0.68267830095754, -0.34962842146002, -0.57780493258329, 0.085152316030737
-0.86088050947129, -0.20418064350639, 0.87828404405266, -0.4186456255389, -0.86423285463532, 0.12910630084333
-0.64913884619996, -0.2233155968608, 0.91896173249601, -0.43683909354681, -1.0448567822393693, 0.10066215055707
-0.5409369799026, -0.22996516372082, 1.0347922209095257, -0.5463265095139, -1.2752293562982628, 0.09632276342972601
-0.60382096443873, -0.28637596342922, 1.0932060066008118, -0.6609070496621, -1.5812709973458339, 0.10420574526949
-0.51794670216234, -0.31336798466953, 1.1082828236446387, -0.66760086049337, -1.643899099421621, 0.14106300101791
-0.43546683042107, -0.31970782824021, 1.0894968027572987, -0.70710882233359, -1.735167339446799, 0.17844504523756
-0.5423320571314, -0.34847087313898, 1.3116627671724657, -0.84255835770638, -2.004478649714737, 0.17168602696513
-0.5084076538775, -0.36220661600646, 1.444786394940998, -0.84314773671032, -2.05324737861569, 0.19155475431942
-0.37444958427656, -0.37583822068352, 1.3699391281314897, -0.84128492823284, -2.0744200219019957, 0.20950957221322
-0.31256416182751, -0.39236879954253, 1.2772132189464678, -0.88462190029527, -2.1271031750861766, 0.21207597639266
-0.26143426849723, -0.39824319024257, 1.211911738106258, -0.87292249791258, -2.12199428761933, 0.21405278677022
-0.18064882048629, -0.35636111312937, 0.99444824646624, -0.79624404106227, -1.9249007042399902, 0.22896520803543
-0.035479036485738004, -0.33529582368101, 0.51909321375515, -0.77926390916159, -1.3609488699969794, 0.24704692419559
-0.064776452136016, -0.32549984766465, 0.18150840174107, -0.76951891936242, -1.151395829935835, 0.25764761064902
0.048259818825785006, -0.31016100126375, 0.049487223922543004, -0.71123769720547, -1.0146506147104335, 0.26587283428876
0.06013493980137, -0.27892282020556, -0.27918330611481, -0.64207238950633, -0.7963663694046, 0.2640683562481
0.061126800676274004, -0.24595756837296, -0.64792310685414, -0.56628190077873, -0.37464140687666, 0.23511211392812
0.081609719519506, -0.23208284411233, -0.73903515894561, -0.52814681903838, -0.19246350310175, 0.20130917375609
0.13495569611822, -0.23762983599109, -1.006878463780145, -0.53294998541582, 0.20270307005485, 0.14701484159736
0.05624895146551501, -0.25237504168236, -1.3435187627955902, -0.54094483215403, 0.71807974949912, 0.05990122021729301
0.12416955551089, -0.28521117995704, -1.2559405095710154, -0.56414312938285, 0.71232955195661, 0.0020258190350656
0.14710440360117, -0.29039821798669, -1.126028456769808, -0.55248261411118, 0.52892514864721, 0.043060937276941005
0.10605393923838, -0.28622601030097, -0.9893110475604, -0.52272901661212, 0.42899281714443, 0.08060458988832
0.077069695698203, -0.28902321262845, -0.91021136066425, -0.50924265997296, 0.44195305801817, 0.076669674118284
0.054716934937311, -0.27112593394158, -0.84033675500484, -0.49810200045092, 0.39844523025811, 0.079439609314781
0.06631184965912501, -0.25550173427838, -0.80761330097688, -0.47513485716607, 0.36375254796491, 0.092528933100274
0.09574847218801101, -0.25761574081058, -0.82272633417069, -0.46258313747936, 0.28813546924245, 0.078358230566998
0.09433306117673901, -0.25911860988802, -0.85590338598829, -0.44995313906633, 0.27812016605166, 0.065709599168302
0.14631607952614, -0.25847923527706, -0.92382688749101, -0.46284643279366, 0.30052725977443, 0.060915438497019005
0.13844332975761, -0.25326204165007, -0.96500712935347, -0.4708423630354, 0.33001132002094, 0.070648822241533
0.10266306729333, -0.25412556866415, -0.93702958815361, -0.47248743124266, 0.36023392778134, 0.06732266732684901
0.10577874796942, -0.25630909526411, -0.9082433172763, -0.46713671239286, 0.37181388662871, 0.065621238867083
0.090368874364617, -0.25025616189269, -0.85188560081471, -0.46022221188348, 0.35192556522502, 0.067809830113066
0.067975681291202, -0.24348478152709, -0.81837377936543, -0.45030075020502, 0.35926600562501, 0.063682654127635
0.042659686352383, -0.24307776447324, -0.77049386543373, -0.44334735801981, 0.35189625907107, 0.054494362319601
0.067170703772766, -0.24469334520328, -0.81355576721075, -0.45647457345086, 0.34496790404422, 0.06357499402979601
0.014553025532496001, -0.23911813373371, -0.86492125766915, -0.46532667217456, 0.33232530959071, 0.07568593336465501
0.038275046002033006, -0.23921760955044, -0.77850432977318, -0.45737264654636, 0.35299504923663, 0.06752219436907
0.034994155015506005, -0.23798050494233, -0.74903126127385, -0.45810131800532, 0.37598067862991, 0.075268563660407
0.022680455539649, -0.22799346444959, -0.71742611488108, -0.44670391075318, 0.36875776526409, 0.081471302875537
0.022822440437065, -0.22750396221483, -0.73424012025064, -0.50407955131165, 0.41056332822527, 0.05301135844093301
-0.0067435724092385, -0.23450402038812, -0.68726739315191, -0.53846093252631, 0.44227766873846, 0.037788608911032
0.030780308400780002, -0.21300024771725, -0.79197698859274, -0.63371833826765, 0.39685073311622, 0.003858445706451
0.069809765234078, -0.29102136873037, -1.1268512376381723, -1.0342691379078413, 0.4056292270585, -0.044784240917484
0.042304290957256005, -0.34134425563767, -1.1172736785233581, -1.0401883049003615, 0.40414263108897, -0.07678857445377
0.09107925961207701, -0.34995266262508, -1.0440738012417807, -1.023710909648079, 0.39265642196228, -0.09220849772366901
0.10212070827063, -0.3486620396428, -1.0476143611318962, -1.0085438090976788, 0.39067408470439, -0.07865672396501501
0.10146284882684, -0.33777447074054, -1.042660927324189, -0.98388846924217, 0.40418494625347, -0.077922891182921
0.09058920387689101, -0.33487215882336, -1.023383721127988, -0.96032815567705, 0.42027068705172, -0.09526503487855101
0.085786857189974, -0.330066277436, -1.0449656478971596, -0.93800824004371, 0.44003961476117, -0.098200505694797
0.079599358332524, -0.34244527443778, -1.0041745724517281, -0.92713922578975, 0.4198969163061, -0.11240522881653
0.088581551050169, -0.31965326214271, -1.0531617294966475, -0.9062412871997, 0.43175160764731, -0.09883353349932501
0.081192182035382, -0.33889676296003, -1.0554823400566788, -0.92163572862205, 0.41849530634844, -0.11706148503821
0.08495314503001601, -0.3503369390847, -1.0555132696056042, -0.92635840810846, 0.44970322575189, -0.12571522184484
0.071314000959753, -0.34409113809321, -1.0481160892999057, -0.91543651687577, 0.45794127607455, -0.11090909394105
0.09403474173166601, -0.33959341826544, -1.0364711340806447, -0.90187299866267, 0.4394120587326, -0.11926140656377
0.069165351828153, -0.33901530695646, -1.0340087884730509, -0.89109647264923, 0.43465322057835, -0.12273262869099
0.087055706395933, -0.33837773924405, -1.0356006594206282, -0.8818215757258699, 0.42198917094418, -0.12919707732428
0.063312483515024, -0.35218311569465, -0.95729641298711, -0.86206910431593, 0.43531193281794, -0.14522085308489
0.07837589420327501, -0.33123927796434, -1.0537483398208543, -0.85091692877449, 0.44683718680756, -0.13898015928595
0.082166825025486, -0.33494280122622, -1.0491277732771371, -0.87333334386713, 0.42941024008172, -0.13778322118965
0.07034947968956701, -0.34381876953986, -1.0427471429734767, -0.87953120114462, 0.44881527981257, -0.12809182271979
0.071543578458856, -0.33988020191696, -1.033649847078665, -0.87791781481329, 0.46203076076976, -0.11896911642908
0.08216218940618501, -0.3330335423044, -1.0428018599010942, -0.85952314055671, 0.45200631795151, -0.12359905596662
0.071094190163798, -0.33121914468697, -1.0949779356073188, -0.85548944077071, 0.45552322082135, -0.12187518908753
0.11792947414751, -0.3034511506971, -1.173632068980077, -0.81679597134519, 0.42198823473058, -0.12353263636587
0.08814004397398201, -0.32203827896137, -1.1542919603408246, -0.82668198839973, 0.42071744791298, -0.14135861803054
0.06642945303734, -0.32415191319915, -1.1952032004773352, -0.84885044578196, 0.48793620153189, -0.11798183994508
0.066789891466005, -0.33792575859409, -1.1201192981617427, -0.86081798719056, 0.46585126421619, -0.12457405170845
0.08919484001434001, -0.34771869855835, -1.1474989798564381, -0.86033250892372, 0.46132150500838, -0.12622444327145
0.09004516936538501, -0.34180604230495, -1.1463422157796517, -0.85748139248968, 0.48214353844234, -0.12411444463623
0.09843442121383901, -0.33722764994547, -1.1443057782679082, -0.84718796438142, 0.44925842884112, -0.11750418751761
0.07241737224274901, -0.33599345059253, -1.191034890034516, -0.84988051460566, 0.49444157694288, -0.12119363564675
0.07963089389210401, -0.33302659278971, -1.1270934456192903, -0.81976605124558, 0.45442125069342, -0.12445582575838
0.09092326166949001, -0.33932562530376, -1.083409792805416, -0.82404266479994, 0.44812491444771, -0.13434678991314
0.10356584368419999, -0.33164380321524, -1.1007507826851761, -0.83282469966468, 0.42563228603883, -0.12544122207166
0.10373747900342, -0.33459937177081, -1.0698532627294828, -0.82564306656645, 0.40280280338339, -0.1361942667566
0.08480436529436901, -0.33575078640424, -1.069030267523541, -0.82649844761365, 0.44384908455065, -0.13198947378982
0.09563126628380601, -0.32709444717295, -1.0696242516402035, -0.81944794759169, 0.43157920708636, -0.12415840397097
0.08466054573569401, -0.32643214691609, -1.070132407400171, -0.81993547989356, 0.44274428000927, -0.12306117927233
0.09067777227938201, -0.32141336836411, -1.086261674802385, -0.80951918537508, 0.45227564335863, -0.11911080957818
0.060295560086710005, -0.32180533081634, -1.047998252826792, -0.79471166798565, 0.43753522411784, -0.12730153654981
0.09685737200442801, -0.32311614788875, -1.1014463541414587, -0.80844078078538, 0.4502224047322, -0.11983102522169
0.09190501171914801, -0.32463247852462, -1.083687922068572, -0.81544006745065, 0.44192303949123, -0.11079082706894
0.088109618134801, -0.32191675172757, -1.080109526554843, -0.81632367982204, 0.42708397699751, -0.10753449715626
0.08037959144579401, -0.3224772359612, -1.0830888982874856, -0.8122124457842, 0.47871551499583, -0.10963840419239
0.08413833630846801, -0.32353602489746, -1.0473320339084033, -0.80852498698135, 0.45680920272477, -0.10045716721892
0.07261558572830701, -0.31983279016708, -1.062628733355541, -0.79761096875046, 0.46685092973999, -0.092734713712458
0.07387858143127901, -0.31518140845073, -1.0475775415851256, -0.79193224487052, 0.46600871158487, -0.10445019828673
0.062503492143597, -0.3199512263856, -1.0195099462919148, -0.78171528861388, 0.44897871230709, -0.10384082669547
0.087924568763298, -0.31805399425641, -1.079532057162575, -0.80668514055907, 0.44916853217799, -0.093761554711197
0.080204698188059, -0.32129475983294997, -1.063411819479532, -0.80761822565994, 0.42849528630314, -0.090814068853139
0.077934248658501, -0.3230764169665, -1.0726159629836989, -0.81280554530346, 0.43795022791472, -0.09237705948041801
0.08765308931311401, -0.32318348819073, -1.066754983165251, -0.81031081718002, 0.48399758113489, -0.089914688265222
0.071208399974134, -0.3173160332461, -1.061368403246203, -0.7968721495775, 0.48330418051127, -0.08488029455346001
0.077438241985227, -0.31903278773174, -1.103704481131707, -0.79876809675893, 0.47455658670289, -0.09444856290955701
0.08168947326133101, -0.31710643074491, -1.1377621516270824, -0.79435514265293, 0.47004018018146, -0.09702446217180001
0.066154929386934, -0.32158917538597, -1.0679928091144775, -0.79053814289188, 0.45806283094734, -0.10382486167525
0.08166375031660601, -0.32173794268534, -1.0806680521429974, -0.79385836361777, 0.46677954895086, -0.09470220126572301
0.059533895889543005, -0.31702797561033, -1.0247953329326138, -0.79562425414612, 0.45507696831487, -0.091616506599917
0.06848696863897001, -0.3185070212342, -1.049544723279978, -0.8004100087659, 0.48458710393043, -0.09586422886887301
0.06997163999920801, -0.31844351707927, -1.053806478491338, -0.79876884384299, 0.46923038815469, -0.08559257153654501
0.036545624333271, -0.31327767091355, -0.98299155854711, -0.78547502611478, 0.48295492011859, -0.087592429101844
0.062378895473493005, -0.31917836612331, -1.0078211691528682, -0.78357979620191, 0.47562439276516, -0.084096810684607
0.075870167979662, -0.32496173284386, -0.94786250738488, -0.7945736857065, 0.46372065641342, -0.090437277119206
0.091219457704362, -0.32138720373836, -1.067636024214186, -0.80026351905968, 0.45503060995982, -0.09022913930993101
0.074333482881949, -0.31414530309892, -1.0751266637114634, -0.79769813442886, 0.42915675405872, -0.096148035564729
0.06840676824734601, -0.32049140213854, -1.1038523598603436, -0.80298496737501, 0.45614741328334, -0.095294138522813
0.053331446379396005, -0.31176294928053, -1.0698912413211348, -0.79659591301647, 0.4576695862238, -0.090182901588541
0.049763002654168005, -0.30983850437141, -1.0537804507112278, -0.79840543617641, 0.45527444584057, -0.09266232449945401
0.042375141563614, -0.31543080501683, -1.037537285498644, -0.78407375236079, 0.42638422511574, -0.10821756930668
0.08122497816566901, -0.31694323760335, -1.1421463690641094, -0.79648889869871, 0.40705166441664, -0.10067313281365
0.07413854141258501, -0.31183260854424, -1.100488841969192, -0.79307675843213, 0.41142914804132, -0.089846543425774
0.041600005548201, -0.31551061922751, -1.095805605306879, -0.81235874562497, 0.45662431351592, -0.09090185147631401
0.039132757492574, -0.31186797076552, -1.0294284371338622, -0.7944233880534, 0.51007246103199, -0.07811478051771101
0.051124724880789, -0.30844692632447, -1.048445589535691, -0.7836808876208, 0.47020802398557, -0.07943298195628301
0.07654765791065901, -0.31228474482946, -1.0777022110497099, -0.79140024162655, 0.4542007035339, -0.081677725556656
0.041607048618005, -0.30498402661878, -0.99710073383864, -0.77336061065441, 0.41781593567126, -0.09354335504321201
0.06433957841351301, -0.30733183622927, -1.0065801158597705, -0.78232100045394, 0.4151583316569, -0.08324327216600401
0.09824006451079101, -0.31520501452679, -1.1202788340065102, -0.78035853203149, 0.4036455622836, -0.08753324944384101
0.094758217339987, -0.31854260438481, -1.1105318084294178, -0.791353645273, 0.41783006990346, -0.09396873898050001
0.092480551274684, -0.31817111700949, -1.1119682895419447, -0.78451519748113, 0.45790976772468, -0.08483601258983901
0.036670014600830005, -0.31828745392343, -1.1909376495640531, -0.78413760258988, 0.50523817225256, -0.084168530948311
0.075896780688118, -0.31051861375175, -1.09490854629301, -0.76788604017408, 0.46266593191538, -0.080558031186097
0.087667827658093, -0.31078243989919, -1.0674087157008727, -0.77390308960547, 0.4375628913629, -0.084958548627984
0.069323673231394, -0.31623118628597, -1.017753139535144, -0.76185999738107, 0.42228788587752, -0.09625047964180701
0.11053174500234, -0.31200530028014, -1.0449681642303201, -0.77047204378768, 0.38043184704821, -0.075755130096628
0.080255721150383, -0.31130555315905, -1.0138246244662281, -0.7767421324519, 0.36543488163708, -0.07788939847281201
0.07723327336494501, -0.31988318504473, -1.0396885891025873, -0.78144708705313, 0.39326651165374, -0.08523514971589001
0.080226622344633, -0.32265362179471, -1.035150408116449, -0.7798523807761, 0.42866395331652, -0.079973561297404
0.080671448407498, -0.31593702577649, -1.0484122158729758, -0.76620270107566, 0.42709697444921, -0.084278586006409
0.08501587522584701, -0.31325890996433, -1.0543699426406803, -0.75159661613057, 0.42584899368246, -0.082393658046331
0.078217732418477, -0.310958941152, -1.0190536742272591, -0.72994126156943, 0.41059458591148, -0.09621283019907201
0.10038990245391, -0.31653787459859, -1.0045390707522004, -0.74373855495322, 0.42353328573729, -0.09262802127097401
0.09460113966434401, -0.30352760809022, -1.029386963690638, -0.7478517781403899, 0.41357198374586, -0.083895089817536
0.08143947421833, -0.30848711941543, -1.053353264994715, -0.75557584370675, 0.41564961651124, -0.09610901161674501
0.099675150556756, -0.3117377609504, -1.081983043527783, -0.76305756113184, 0.43600682431354, -0.09002580535616
0.072264605592549, -0.30616653300722, -1.0720236434498376, -0.7603180790492, 0.42207161131974, -0.08313163187677501
0.080192119328322, -0.30749073296634, -1.0991345633990066, -0.75370449982263, 0.40958232906159, -0.09350225098793401
0.069986433370747, -0.30991421226103, -1.0599641780518794, -0.74887467437292, 0.3928193990251, -0.09724364672557201
0.085458836769584, -0.31201060636435, -1.0961422307977822, -0.73626597898482, 0.40984642412562, -0.096375026847704
0.05416179172726401, -0.31686479762427, -1.020256511298905, -0.74003487021285, 0.38299398047179, -0.10294984173101
0.077165231743649, -0.32213144030995, -1.0459544112981005, -0.74952210471297, 0.40809634744335, -0.099446489650009
0.059747358274613006, -0.3086310029998, -1.0415010823634896, -0.7492562487855, 0.41729359681569, -0.086675363549698
0.06994955411592, -0.30334504870316, -1.0307943490653149, -0.74373376512352, 0.41746951258983, -0.09172432366503001
0.067886177397108, -0.30202809388499, -1.0262132762137481, -0.72961547819727, 0.42705974562359, -0.09220565816638
0.07007018781252701, -0.30441771112317, -0.9860416781854, -0.71481231337044, 0.42233031086035, -0.10316373864287
0.087589708257093, -0.30901605108742, -1.0574509640547007, -0.73747947602088, 0.41767219682137, -0.09205149948312501
0.08026616762359501, -0.3011888496913, -1.0416717900346224, -0.7336373253465, 0.3932542913043, -0.08816881934425201
0.07881300679124101, -0.30492725911804, -1.03381216664507, -0.74549987060881, 0.42584161901623, -0.08683264390695
0.07686659702091801, -0.30721548766887, -1.025552868924957, -0.7499712793237, 0.44585673974931, -0.083600996438944
0.07517935935828701, -0.30080780900369, -1.025491727984865, -0.74197323194995, 0.43403449778097, -0.083313677457771
0.072933820135281, -0.29847639610362, -1.0200457730792407, -0.73404280206475, 0.44415103486425, -0.08561375233402001
0.06770016316975401, -0.29652413470216, -1.0184171290927913, -0.7218991589376, 0.447652314554, -0.08240173387811901
0.06351669549911901, -0.30166810622083, -0.99200671927636, -0.72828796138912, 0.44756904059251, -0.09457675674245901
0.08109717318591701, -0.29931966897459, -1.035968547265867, -0.73062738225935, 0.40911026842421, -0.07844205302406501
0.064909210778001, -0.30839523465947, -1.0301604371433783, -0.74524467581913, 0.39641378792033, -0.08875129131784301
0.056457520223409004, -0.31370442751139, -1.1068903363263258, -0.75343182629961, 0.48715249216602, -0.088900813717273
0.053552240039485006, -0.30604488102402, -1.0294803458987682, -0.74110460043522, 0.44892048960463, -0.086441759855193
0.059032972958312, -0.30397782452802, -1.0151678750066164, -0.74517125499167, 0.42354243749419, -0.089497719946368
0.066483839897626, -0.3072248103232, -1.02137530561889, -0.73869510301458, 0.40635228992271, -0.08997820281985401
0.07571036999918901, -0.31003435440163, -0.98463620597999, -0.72852852037256, 0.42087832531468, -0.09749558339616601
0.08928464255901601, -0.30507958231204, -1.0251674472458399, -0.73916694844991, 0.39372933268722, -0.08176229553661801
0.06742122304501201, -0.30609146964963, -1.0054441145849256, -0.74827737184698, 0.36763176233597, -0.08573248318184601
0.075427094194562, -0.31993978675521, -1.0064157684741182, -0.7519996170435, 0.38754868970946, -0.09352869699691001
0.042562106893162005, -0.31558730520335, -0.92611656167971, -0.74388217934447, 0.39764165160881, -0.084903450374344
0.014789229559119, -0.30673838612825, -0.86724167130659, -0.72256805759921, 0.41286642893453, -0.083435700404901
0.051679199025707, -0.30689406057852, -0.89578118400699, -0.7157229608440699, 0.39359197693528, -0.09534688902712701
0.077437097272556, -0.31045206179319, -0.96050261762684, -0.70541372870588, 0.37024275652432, -0.10565587686925
0.11291803923494, -0.31240982212278, -1.0926044745808552, -0.7267852065257, 0.40318151647006, -0.10299888611321
0.08296378870302, -0.31235057964148, -1.0718186289617622, -0.72978755075659, 0.37731839299095, -0.10338102651506
0.10250553151442, -0.31692269109236, -1.0674175304766509, -0.74462862866309, 0.36295036300055, -0.09927260126145
0.099683085747283, -0.31692168761686, -1.0462725778945678, -0.74568490718773, 0.39448457176168, -0.10244207956399
0.08326795561441801, -0.30831803661356, -1.0095878224327168, -0.74231008728006, 0.36873262119025, -0.09155624995879601
0.08041977163471101, -0.30694885929487, -0.99409543428734, -0.72757121056833, 0.37703809308488, -0.09617929915756401
0.060764215004394, -0.3083631077017, -0.93147172465474, -0.7254643206457, 0.3776074911432, -0.1104248199917
0.093306819969469, -0.30587897172103, -0.99477833966017, -0.72672861096378, 0.33999503290782, -0.09596956073318201
0.070219516684854, -0.30864419608992, -0.99643265552019, -0.73955431001087, 0.32885602405113, -0.09994762851161601
0.059373369994024004, -0.31648423084811, -0.95011396803153, -0.74396520737356, 0.34300805859392, -0.1034428961662
-0.089846094313881, -0.29834753086909, -0.71982468925872, -0.71480199750874, 0.36182109799608, -0.079432741508937
-0.1528814093333, -0.27765493999183, -0.59578981000689, -0.67910369863362, 0.3546062659561, -0.08322482542324501
-0.12735849290573, -0.26584653493452, -0.5651516660448, -0.70937400144515, 0.22897376164588, -0.038193543661500004
-0.18886618469601, -0.25530788074714, -0.25021019800663, -0.8052830300179, 0.056060601535052004, 0.0016407006172574
-0.47753981702086, -0.21408388337237, 0.36757676679854, -0.79165184946803, -0.11441922517581, 0.055861803266017
-0.70317762057689, -0.2104655433737, 0.73715296719387, -0.84001595002405, -0.26974290392153, 0.08554753906668301
-1.03607928690267, -0.19205128306129, 1.320330722863586, -0.85417127861816, -0.44397642548069, 0.037757866710412
-1.3975516461080884, -0.1822037585893, 1.89429402362267, -0.86495797270704, -0.56359990218482, 0.026083995164175002
-1.6276212921141733, -0.19722292009289, 2.462401829860697, -0.86531218100935, -0.65297448218623, 0.03286183345107
-1.1390714484079065, -0.26967836350164, 2.2951445409237667, -0.93184384225784, -0.79763383011879, 0.017521039259944002
-0.6338300834761, -0.32643196026963, 1.6357748758023714, -0.92260221698799, -0.79627340398823, -0.0036031369178525998
-0.38319287133639, -0.34062030215076, 0.96855936124245, -0.89385794983716, -0.79291121932402, -0.0023031144180102998
-0.30908568468303, -0.33979482141549, 0.58563646982821, -0.90294877001679, -0.73988283146845, 0.024926802811237003
-0.19815744913747, -0.3498883272108, 0.39951474024216, -0.87679457442995, -0.7701634429746, 0.0092776424678157
-0.1930628914532, -0.34287781950011, 0.36358808689742, -0.8636408647282, -0.71934085559424, 0.0076357195323693
-0.19398557675376, -0.34733481948886, 0.35012724662355, -0.870006116638, -0.72397582243958, -0.017358860700404002
-0.18007303989034, -0.35385821759183, 0.31244865669275, -0.86816396036451, -0.73287580856592, -0.010251055599546002
-0.21136033976925, -0.35559881522333, 0.37413412072579, -0.87998142505868, -0.62908593528628, -0.01083665132477
-0.14252475840971, -0.36109607692917, 0.2627746769623, -0.87681824746206, -0.60823645517664, -0.018827834200203
-0.1217540429339, -0.36454416800004, 0.22199955122502, -0.87372258876545, -0.59476361589502, -0.018681962280511
-0.11711716268072, -0.37105504381187, 0.21844067785243, -0.89436224988106, -0.60598599471272, -0.0011193610912976
-0.10228988401958, -0.34734375221527, 0.1634914836034, -0.84676927732114, -0.55088040356362, 0.0065450062131279
-0.13353034119444, -0.33992010488976, 0.040507776032038006, -0.88009020017321, -0.49498759135978, 0.0086229881556738
-0.028281389067630003, -0.34114288330497, -0.10966144970493, -0.91312823921389, -0.50062586379512, 0.016833997830097
-0.024494246878881003, -0.34855392065235, -0.08266069880368501, -0.92105943036183, -0.452745741438, 0.0062258641038970995
-0.0010772566811302, -0.34543775542457, -0.06771560487316801, -0.94277369610803, -0.45718681325062, 0.014991454369323
0.025560701712398003, -0.34487838866196, -0.14863210185382, -0.94894765550399, -0.50023425618809, 0.037011139552968
0.016255024388640002, -0.32384473168444, -0.2000193102012, -0.88963650758399, -0.465754517656, 0.025442815155288002
0.016159072386708002, -0.30425206570789, -0.22674533541801, -0.86281690473157, -0.48864056723081, 0.019874844905955
0.024074368062555, -0.31718785107176, -0.23239736584641, -0.85971572683516, -0.53913302841687, 0.020047686600244002
-0.08139242779222801, -0.29847754796721, -0.31568006474186, -0.8610751797154, -0.33458160257551, 0.048990211947226005
-0.10089868655388, -0.31829849012282, -0.21604118569649, -0.87864536322206, -0.31247913393341, 0.052047954431264004
0.0064831078731581, -0.35321086789448, -0.38298708200202, -0.92238130922057, -0.44121898201042, 0.043827647216679005
-0.0007273070508661, -0.32786618938637, -0.38943252073698, -0.88536462795943, -0.33940537791279, 0.045857346607337
-0.0027025959531590997, -0.30707063282869, -0.30786680485511, -0.84521212063802, -0.35627618913905, 0.045138617893783005
0.014653965876911002, -0.32402696664774, -0.34595243455962, -0.83730152325163, -0.41030989051186, 0.023005588539402003
0.0025484195121487, -0.32642837126257, -0.34205130574456, -0.84917523633815, -0.35603273643893, 0.033800010126717
-0.029096479736610004, -0.34198079288179, -0.29111791618874, -0.86530835817168, -0.34919608672079, 0.033634655947429
-0.015868731975503002, -0.34495044936404, -0.31528056193217, -0.86833336928853, -0.29700340670971, 0.033915409882625
0.027896685715256, -0.34344106651657, -0.34455702236101, -0.8623548800349, -0.32418328170918, 0.041548362456534
0.058127714996026, -0.34444002855807, -0.39833266705088, -0.85455454128223, -0.36585547540122, 0.035920491713011
0.065415495703933, -0.3453002660654, -0.3899583325341, -0.84250899831538, -0.3617472877442, 0.021396565924715002
0.048314770241206006, -0.34349856730285, -0.41837529178689997, -0.83773495447617, -0.36330286053002, 0.026432501445851003
0.046354325630275, -0.34856767322555, -0.42802119896645, -0.84759553548408, -0.3729276295564, 0.020416101744625003
0.037053410395664, -0.34579104742544, -0.41001506041434, -0.85169136100923, -0.30144136348066, 0.022286537953886
0.024336028722418003, -0.3484029362278, -0.43556219027993, -0.85047163395794, -0.27546836699274, 0.025314215543410002
0.021903552381411003, -0.33899623801766, -0.44479712210217, -0.84656072546279, -0.24308532272489, 0.036441383946681005
0.052715278159537006, -0.35360015799387, -0.46219164800539, -0.83788897102184, -0.32789271599183, 0.024125612180745003
0.095764658528025, -0.33239379878192, -0.4919122556618, -0.80204981223615, -0.28979908015325, 0.030745350319452
0.030164171991824, -0.32950138694954, -0.51120895299424, -0.79205428385715, -0.18266976446877, 0.033492074313856
0.068277253708194, -0.35240099674396, -0.56355639126463, -0.82058977352993, -0.25411373167479, 0.037464733439337004
0.14568945810603, -0.36191844886622, -0.73930574350661, -0.85163507365357, -0.26123547755942, 0.038003559981518005
0.14600579853653, -0.35745357115071, -0.71810167740305, -0.84260215181059, -0.28184223562723, 0.048792796941374006
0.14842610860067, -0.35583677572486, -0.78902005339876, -0.84940833867475, -0.28072475955823, 0.039434823713017
0.1198227708279, -0.34307421511524, -0.76190944210795, -0.82580974533996, -0.24417462947291, 0.039368133182476006
0.08893756986698101, -0.34097824029147, -0.66122384088103, -0.8299087227718, -0.20998410140816, 0.022829909278807
0.07817475786967201, -0.33516962852709, -0.71220851328143, -0.83123428943924, -0.20223362875709, 0.030684640715806004
0.058098607268716004, -0.350669826276, -0.66116733382128, -0.84253427804734, -0.21283774361745, 0.031082958064199
0.07329818846531301, -0.35485999254999, -0.66127522390121, -0.84975345050373, -0.20711513544115, 0.038155784622986
0.07254963404073, -0.33947346755922, -0.60989047686084, -0.84206880263402, -0.20691442693296, 0.042955538630869004
0.032433691334387005, -0.33151844532908, -0.48692496381349, -0.81716147192336, -0.20542278574897, 0.025056608857437
0.057809268520673, -0.33237539804609, -0.43820665788963, -0.82613416011595, -0.20287610993726, 0.021932798415828
0.040278614435574005, -0.33562970384987, -0.54530766119174, -0.85060771707127, -0.19857267380916, 0.044408444225919004
-0.035322211966673005, -0.33037684942333, -0.49658212907174, -0.84151634319451, -0.14243585277228, 0.050129340391161
-0.0046823333400732, -0.33378838029871, -0.4538924370406, -0.83759471919396, -0.16069245036837, 0.050459552730894
-0.0026001407947305, -0.32768544552434997, -0.4422397585075, -0.83723100386211, -0.11718011251673, 0.052451171673199
0.020598706067796003, -0.31402513621144, -0.45854539034593, -0.85070851200177, -0.15405880048145, 0.06571037295023201
0.0058458728146776, -0.31506115212745, -0.39308314371274, -0.83516894076874, -0.11688182100969, 0.074147661346881
0.027668641738152002, -0.31198526693549, -0.40668481398291, -0.85789229874766, -0.12446001732944, 0.067709499465281
-0.018029540577466002, -0.30467219124097, -0.42603365527304, -0.85047494771422, -0.095215816409164, 0.1065947009221
-0.023593789852002, -0.30330284685616, -0.33308338447046, -0.85229748163531, -0.11182057314962, 0.10111461764094
0.018318329407521, -0.27852786612842, -0.38282927936772, -0.86744091883678, -0.15521303847787, 0.12170964489568
-0.038855302967727004, -0.29438297164612, -0.35218417428944, -0.88660716584081, -0.19321757855338, 0.1216506542525
-0.09073865921743601, -0.29623978963641, -0.18414680649184, -0.8300737572755, -0.10877574125155, 0.10362582534157
0.10886277961951, -0.31752015239776, -0.70370183574193, -0.85077087577962, -0.29694819789097, 0.07656178768124801
0.06176536786186201, -0.31858065858207, -0.41453019883875, -0.83847158751524, -0.18042889143958, 0.072541285698173
0.078658313081037, -0.30339241303336, -0.70753911183736, -0.84961431153506, -0.13009760337662, 0.065711379026289
-0.021516769420232, -0.31891427386417, -0.44211008480842, -0.84874269707893, -0.080009307655863, 0.06321325895758201
0.07709211050982201, -0.33743176097724, -0.64216887022239, -0.84522123874923, -0.19613667399657, 0.05221427248762701
-0.03546716855976, -0.37202732292402, -0.3289942004408, -0.82220515060373, -0.17822747817766, 0.044913386391175
-0.084726073921787, -0.32359149201436, -0.30050832000645, -0.80586705697852, -0.18403092047604, 0.05617664676650701
-0.031068041681392003, -0.31899088596701, -0.34987438171014, -0.83837739051116, -0.25545529097655, 0.021312712724362002
0.01665813828517, -0.33317416707622, -0.41953545292223, -0.85878312923636, -0.23186300778481, 0.012589621369197002
0.013812093476791002, -0.34193764348145, -0.47503247432688, -0.85162191343123, -0.26737558967652, 0.031042571550062
-0.015620658411341002, -0.33607990587497, -0.35631310812671, -0.83856838731068, -0.24443174931994, 0.036347457908223
-0.0032167219832087, -0.31778229346575, -0.47191293467178, -0.84139584263602, -0.35607962311189, 0.047517700632777
-0.10924190228681, -0.28037088481145, -0.23448713298751, -0.82202064007857, -0.36826581252907997, 0.053553682495454
-0.23584404157696, -0.26641289546894, -0.049950056952977, -0.80008235461337, -0.23388835455807, 0.043182842991053
-0.13520593844798, -0.27687221998641, -0.28206795200018, -0.80481313490261, -0.51467778967027, 0.14723780723077
-0.45622852043677997, -0.29436179740136, 0.33072911301184, -0.76107990965114, -0.73622459369225, 0.17048932417884
-0.61570818436138, -0.27846781168247, 0.86846565611261, -0.8241829090671, -0.75372125145027, 0.09475344519313501
-0.23961697896621, -0.28756439542816, 0.41920817661378, -0.78831525298928, -0.69437995672868, 0.12710964179214
-0.29917289749338, -0.26873250907515, 0.55905607403341, -0.8953138986113099, -0.65903097782682, 0.070107653043239
-0.17014121027605, -0.28649393174196, 0.43818116921416, -0.93179656863679, -0.60784118068004, 0.0020819703966697
0.039319646018710006, -0.2996020043118, -0.25041058164621, -0.95713600309385, -0.78650862783276, 0.042882383844855
-0.22263106109437, -0.32107001193544, 0.1984017613637, -0.93587773469273, -0.74240679238262, 0.037983136682973005
-0.067465694729869, -0.31229731991829, 0.062899605367579, -0.95779030342363, -0.71064343539326, -0.034735942946519
0.058642490571019, -0.31121125394949, -0.44128304691363, -0.95909697214011, -0.57752488845853, 0.013387251342616
-0.089099418380542, -0.32425099886124, -0.14218041806666, -0.9125327112452, -0.59476046487787, -0.024332565066795
-0.0065960755177979, -0.35179765138897, 0.06540434466214601, -0.96434534256032, -0.67269085297884, -0.062543089746011
0.11486682321674, -0.32837945549251, -0.09407482045817901, -0.97375055420015, -0.61450406815657, -0.06952232856863501
0.018768284924812, -0.33778017651688, -0.28428615303735, -1.0012893006367922, -0.51737322056816, -0.04780548436498901
-0.11715009548179, -0.31802486954916, -0.13538498040281, -0.96768252352258, -0.51027737853141, -0.073222045154699
-0.024401716752986, -0.29728015315171, -0.14825200265762, -0.95245690499224, -0.48470886210089, -0.048748364426820005
0.066905439639456, -0.30804292965128, -0.4469423156006, -0.99701686611737, -0.38658013093376997, -0.047329585832330004
-0.12718128824602, -0.3117503933526, -0.12192540670038, -0.94768044796001, -0.42569435116771, -0.081349315984372
0.062149598102496005, -0.31855806537428, -0.353678586593, -1.0304497993943482, -0.61103602042052, -0.070756783484185
-0.28580110236827, -0.29290978053177, 0.5113920557747, -1.0011807176936063, -0.37844173695152, -0.017457472242666
-0.15963979488632, -0.27731063031333, 0.36104780858115, -1.0425753987747834, -0.59475029537804, -0.04630679313647101
-0.28615278463619, -0.30719011264348, 0.6182923187979, -1.0681123629090004, -0.38965111404236, -0.0008663483831802
-0.19985840062352, -0.31535082953138, 0.78313727437966, -1.0857242691233209, -0.58324328935395, -0.12471087919128
-0.26091753443631, -0.34513895649966, 0.44937489690991, -0.95507884808019, -0.50168734432926, -0.043984590958675004
-0.20688917913788, -0.35926360051935, 0.7247254592596, -1.1372599701213217, -0.45474294615181, -0.15929706924743
-0.10007384991148, -0.32892583054259, 0.12035116546701, -1.0451065448075585, -0.43585385547785, -0.129515642379
-0.16841944110744, -0.33810226215108, 0.039128153439066005, -1.0211215814422945, -0.39637625362827, -0.050799696904332
-0.13410530211948, -0.33398743502007, -0.012510929893684, -1.0070595035474208, -0.44752218017976, -0.07050331828619401
-0.032920472592938003, -0.30848694670711, -0.25608449387478, -0.99157534677318, -0.42634419366725, -0.08931482265662401
-0.0011296884964100999, -0.3187790166722, -0.29631657047937, -0.99787872482605, -0.49450591731438, -0.091099607238005
-0.038217296531154, -0.32360006852958, -0.23185231940697, -1.004459013839436, -0.42340433505078, -0.07375040118668401
-0.05628842927236401, -0.31843987143983, -0.1980706116847, -1.0090855757023218, -0.39162298611853, -0.06705728942436501
-0.028248606377922002, -0.3256945508934, -0.22200431315956, -1.032317636229107, -0.37828131554538, -0.069862439888104
-0.036527927674292006, -0.32108612025992, -0.25145413763445, -1.0118077711651023, -0.37998940918343, -0.06239054849707001
-0.0068968819957811, -0.29613967768864, -0.27036137749824, -0.97223553880559, -0.3984748597642, -0.07177804418014601
-0.0048227015624733, -0.2783348331869, -0.31735078364249, -0.95207603730253, -0.3903009503068, -0.058299818339428
-0.013779797413657001, -0.28765240884948, -0.34590996557222, -0.94694094960971, -0.37587791126006, -0.06942721389701301
0.02760704311006, -0.29872313534161, -0.41443651292886, -0.96726708489948, -0.37218763714747, -0.07613098883595
0.017902390331486003, -0.30008647492884, -0.40712492195284, -0.9799304283774, -0.34956070275206, -0.063383871934394
0.04768131504290601, -0.30095755533677, -0.4407908946897, -0.98124457362633, -0.35783662815632, -0.085666953185939
0.07025035778971901, -0.30633706262823, -0.42096838875313, -0.98490115148348, -0.37090840474282, -0.085146347944325
0.069620774673586, -0.30017936321367, -0.41453136242697, -0.96604463373729, -0.39970900912951, -0.10421507170861
0.079897056344402, -0.28335880035665, -0.38036456880337, -0.94971824077864, -0.38727939517603, -0.11819116726167
0.08252690422382801, -0.28330185053614, -0.35585376703725, -0.95068184280141, -0.33973436498162, -0.11998313045926
0.10878882573049, -0.28195424946236, -0.50509484038872, -0.9937213627958, -1.0039620465147283, 0.0033934660580587
0.13495141175761, -0.19759158100683, -0.8689882598755, -0.83478083776857, -0.74817935353984, 0.23745657409826
0.09852600908129601, -0.24693003056242, -1.309433990945542, -0.95685083054813, 0.05686591599660901, 0.12721023881989
0.25587554155499, -0.30384572922957, -1.111191486038976, -0.99116012302407, -1.314149531966538, 0.0086004479909695
0.35852386820064, -0.33214212801328, -0.84007674800374, -0.93217796616063, -2.2142067175219062, 0.055396232043244
0.23170901772303, -0.28114315995892, -1.193688978694593, -0.91639185722152, -0.76128531992965, 0.15192441858767
0.24318568357628, -0.29687518814427, -1.3157833711509448, -0.9743795135133, -0.17185472861185, 0.044622254571778
0.28351705465475, -0.30522106517029, -1.1633185349433381, -0.96819727147827, -0.14727810853782, 0.015128510284607
0.2521097616599, -0.31510768850554, -0.98120918295846, -0.96981609800268, -0.23322291979605, 0.0086646459243323
0.2438914823717, -0.3186390451791, -0.93969650414683, -0.96657277027282, -0.18502349632892, 0.018013737786624
0.27236976633364, -0.31058992687427, -0.95915713160828, -0.94059171230544, -0.22066277725166, 0.016466175599984003
0.2936205110368, -0.30151399044566, -1.0331492212190354, -0.95209053505344, -0.23427076558039, 0.0018116266111536
0.26147906468428, -0.29554799187131, -1.0159057639624782, -0.936331249752, -0.22966443981067, -0.0041072239128031
0.19820827273365, -0.28328390783609, -0.88441784226792, -0.93186146426505, -0.20025479330003, -0.021885984021279
0.18655584357581, -0.26561644897278, -0.86111372465234, -0.95045703404649, -0.20326567105939, -0.0006178741464152
0.17111383467668, -0.26341746317213, -0.81309396977066, -0.95060030307306, -0.21597601468853, 0.0028053568975023
0.19513361623764, -0.28145153739388, -0.81930143516558, -0.97785748560487, -0.21329255254413, -0.0028129728837902
0.22794576046693, -0.30998055133531, -0.90861073033831, -0.98843811330016, -0.23495619279853, -0.0041854439500192
0.24660006778057, -0.30528258998206, -0.96165417069489, -0.98283374086873, -0.24335160881829, -0.0035171698387463
0.22193364357074, -0.29962723716809, -0.96632766972222, -0.96034879085016, -0.23209620545429, -0.0034522507758252
0.22186898323927, -0.29280665435815, -0.93901574888521, -0.94269369038085, -0.23954384535423, 0.0048127699155668
0.20974791893538, -0.28548928057992, -0.92052158973235, -0.94807763942063, -0.23708593274331, -0.0051285444517124995
0.26439688632823, -0.29314625585254, -1.0840273026908107, -1.0017372441535302, -0.23901564485133, -0.0067962033289964
0.24368257096177, -0.28527554971531, -1.0732269300689923, -1.0029647573073435, -0.27692305110792, -0.013320382108867001
0.20561037727052, -0.28648105679059, -0.99192859197985, -0.97255263691134, -0.24104831919884, -0.010488133142680002
0.16019597878908, -0.28836974347762, -0.91536427906169, -0.95176904743487, -0.21804591464403, -0.004392784876644
0.09873400574954301, -0.25536562025475, -0.74720360698302, -0.94754918202976, -0.19129048342106, -0.010760794919875001
0.08703364096615801, -0.23547619672224, -0.73618655968383, -0.94127018357164, -0.21021113067672, -0.012710181838226002
0.20563389269102, -0.27269786566507, -0.89115800223031, -1.0190995632050226, -0.28094225259519, -0.0026742912023478
0.24697343719774, -0.31205140014038, -1.0072524526985507, -1.0436232304689006, -0.33538500159967, 0.0006648376307688
0.22735541618426, -0.31292062166691, -0.97743091748355, -1.0427090391279383, -0.29412275709469, 0.002641429634116
0.20688839743532, -0.29831897860235, -0.915036125418, -1.0312253830116165, -0.22833175910852, 0.021122016232864003
0.18086843664139, -0.28478156936101, -0.89607402706241, -0.98789143093597, -0.20417060467452, 0.014317670832870001
0.22431220332171, -0.28672237016945, -0.92487763928732, -0.99680738746017, -0.26654281144941, -0.0048892930867627
0.24419584892751, -0.2878830973221, -0.93177371846824, -1.0066829981788987, -0.25397491234756, -0.027755446279258
0.22779360853113, -0.27672917337686, -0.9428261993784, -1.0004047739251638, -0.23868204528587, -0.011053432763182
0.18946139504762, -0.27562455388402, -0.91667590410718, -0.99084327160858, -0.20477947547468, -0.0072893990729528
0.20316513074674, -0.27838904824694, -0.93036393040592, -0.9897128988253, -0.17954420238168, -0.010310523206017
0.21738674845644, -0.27539377838234, -0.96264329781336, -0.98556683157625, -0.19246014855616, -0.0060333483336401
0.22362346068916, -0.27285573160568, -0.94428500365374, -0.97501564510091, -0.17831876495538, -0.0071247895099822
0.19602586477597, -0.26553072444043, -0.95381516458521, -0.97250379253902, -0.1569405230873, -0.0027429271761984
0.22855045508331, -0.27047239223261, -0.93901032308925, -0.96872613124097, -0.15957188391013, -0.016535445257444003
0.19952744644322, -0.26490805611093, -0.93848452336481, -0.97289461602951, -0.15620030220118, -0.0075623089138012
0.17639627448343, -0.26956967686489, -0.94386716429006, -0.96832156480433, -0.16020404158701, -0.011268762130527
0.19006627507306, -0.26986053878213, -0.9846370465425, -0.96124103802672, -0.14311813316334, -0.0027915116016476
0.18184503878124, -0.27270781959596, -0.97588108397064, -0.96823635720417, -0.15466703747754, -0.0056301188628055995
0.18610166861148, -0.26989323592118, -0.99990414206414, -0.96243449840162, -0.16413056183201, -0.010578918485197
0.1771461197137, -0.2644575604398, -0.9840606908473, -0.95054499547828, -0.14625249488328, -0.0099336433024876
0.16757374399468, -0.26510970735431, -0.99114550989544, -0.95717542035505, -0.15324439328135, -0.015271353738323001
0.16126702894347, -0.26856422688978, -0.98233690294154, -0.9464365370844, -0.11663299950368, -0.024742615529331
0.15154701077339, -0.26799969915717, -1.0327351333630375, -0.96196529540167, -0.07609456012050701, -0.017515727951368
0.1828868479996, -0.2740828021133, -1.0194285821267515, -0.96880464227144, -0.12472086136378, -0.013327420685159
0.17390919490883, -0.27987821931123, -1.044628740584231, -0.97413504628817, -0.12307301785244, -0.021991115760366
0.17632965745554, -0.2746712687018, -1.0158993145163402, -0.96779734081605, -0.1152138578525, -0.020493122516581003
0.18842481526818, -0.27817223130093, -1.0232809748459935, -0.96481190222302, -0.13919426710903, -0.017984589481683
0.18222294780056, -0.27341332834621, -1.0173717709762315, -0.95035499685787, -0.12822390969827, -0.020584996534386002
0.17286125894329, -0.26917993545741, -1.008811446003129, -0.94078906600227, -0.14810793240842, -0.022010815592114003
0.15266870498383, -0.27100662190982, -0.9668170684966, -0.94380537928737, -0.14919636463332, -0.031439922541200004
0.16982939672442, -0.27612104174254, -1.0523949358906146, -0.96124104290445, -0.13031189334904, -0.014274536493377002
0.16172699745973, -0.27169836893598, -1.0289655138763665, -0.95809011245783, -0.1089326814868, -0.0088031279124393
0.1667269549432, -0.27481586765688, -1.0432072380056117, -0.96271210883014, -0.072916380442428, -0.013274287199922002
0.17161735914767, -0.26817036861579, -1.0121312604901047, -0.95603918453715, -0.057103391336796004, -0.013321763100463001
0.18320648017133, -0.27167077297547, -1.014161480145708, -0.94969990794487, -0.10147512869183, -0.0098083423804535
0.17355251618937, -0.26809350353105, -1.0232406066352637, -0.95480457969804, -0.10919161902971, -0.0087598049158855
0.19305635328916, -0.27042252476969, -1.041680217762068, -0.94818124213432, -0.1068575235154, -0.018374661446452
0.17081536358392, -0.272753319576, -1.0175436628733165, -0.94195077185836, -0.093108351346251, -0.028189417907575003
0.19068682684739, -0.27351183889341, -1.0344885192357482, -0.95388072340939, -0.1013008417477, -0.017865047371873003
0.1683136837214, -0.26975554473181, -1.016780085621006, -0.96253831067916, -0.10312477322569, -0.014575639714318002
0.18421353664056, -0.27491840711927, -1.0165972699716772, -0.96677912475714, -0.081688727808351, -0.017951204045321002
0.1580427476341, -0.26996499960515, -1.0046341732951583, -0.96602579156724, -0.054515331222057005, -0.01675056956777
0.1506649756389, -0.27832811167785, -0.99563801008739, -0.96308063236156, -0.08317418931366301, -0.020274689632958
0.16424989455243, -0.27402628836552, -0.96598984408646, -0.96042850349676, -0.07963415143135501, -0.024849657051684
0.15629910638484, -0.26873654828966, -0.97309462893006, -0.94525550937022, -0.095913879563064, -0.034500281126711003
0.14003134670507, -0.26840165810602, -0.92368803890674, -0.95325188457405, -0.07823260552715901, -0.03667473781989
0.18286129897096, -0.26729755227013, -0.9850327947718, -0.97483036693474, -0.07848091133076, -0.039973522499696004
0.17127687047383, -0.27638071851669, -1.0337461978397537, -0.9966505419788, -0.11179816216389, -0.029650129487416
0.22639849230331, -0.30141122356905, -1.1363895866990648, -1.042646037778867, -0.14654416781157, -0.030985611326059002
0.23146901373673, -0.29684301854951, -1.1061052981724777, -1.0282032440214222, -0.11371666395564, -0.030428575802213004
0.19965603381186, -0.27468259610871, -1.0890924355284397, -1.0081627534250985, -0.12900082759105, -0.028536491239782004
0.18681972577986, -0.26070433404735, -1.0787230442006577, -0.98645665124685, -0.10440049842792, -0.039713350470933
0.14764277394851, -0.26272605712295, -0.98592589232887, -0.96543803483748, -0.11037266661408, -0.058472760080633006
0.19597736067066, -0.27107927926749, -1.0422850312957914, -1.0021222500009874, -0.09844526849800601, -0.049436794780617
0.21629979619977, -0.27188066945526, -1.0395372569365084, -1.003602263845681, -0.12216674243763, -0.04894417877841
0.2198117596351, -0.27361443111517, -1.090600308325387, -1.0139717696859951, -0.12222609792157, -0.047747869178770004
0.21438838480309, -0.27707648351167, -1.1079351853081052, -1.0161576421684357, -0.086221771742884, -0.037697974675175
0.18574560229039, -0.27094724155578, -1.0829101735913207, -1.0213345012514132, -0.08866408308922201, -0.025657634286063002
0.20322076895321, -0.26253605593434, -1.074409706050447, -1.0113602095836083, -0.08813682882951701, -0.020192150880308003
0.21329931373854, -0.26104178015402, -1.0375034623559687, -1.0154610908881372, -0.12939758437294, -0.020864610700957003
0.21112480714544, -0.27211817206183, -1.0362593588002071, -1.0246855351280346, -0.13802070298825, -0.020684213840303
0.19751347221218, -0.27515730759328, -0.99826538137663, -1.0300446348312322, -0.14379616978613, -0.033774485659578
0.17355355339298, -0.2704054343641, -0.97042535082578, -1.035495801345719, -0.094449387226298, -0.027292614644918
0.18589546776627, -0.27373102536805, -0.97698207401237, -1.023761799177116, -0.1167135416938, -0.035570293384403005
0.16453829278178, -0.27752377269481, -0.94197377869346, -1.0148089966284923, -0.10271125788284, -0.040809664396577
0.17141190821509, -0.27607852224809, -0.88378895860327, -0.9799404384691, -0.089186193355772, -0.059654084157955006
0.15018384031565, -0.27628908262266, -0.9332964950196, -0.98310217038061, -0.11538791413818, -0.062379054529613
0.17858320273049, -0.25649875256374, -0.94569970850603, -0.99396044023472, -0.12081141236951, -0.051905594293014
0.16422881723136, -0.25084814675158, -0.89972722296507, -0.98397106767546, -0.12028411227863, -0.071144590879712
0.16673953692177, -0.25053423920953, -0.92343314716894, -0.96776705612303, -0.07743322605633, -0.073402000006531
0.14366660532466, -0.25059225833911, -0.91080869827963, -0.95729369812609, -0.062115364221261, -0.058613095242227006
0.15065260004651, -0.25290376839756, -0.92436637952605, -0.95494791245844, -0.042031979935725, -0.06650965116874301
0.1742688494412, -0.26530732478152, -0.95259134993995, -0.96715302311215, -0.040540353777234, -0.072058601043301
0.19607858670443, -0.26529632009976, -0.97132386925927, -0.96099733764321, -0.066951152363815, -0.071422903832736
0.1742627410288, -0.26092193558214, -0.95472781459486, -0.94555634397161, -0.062406185799979, -0.07768323125762701
0.18734489135742, -0.26276151628604, -0.96690177593571, -0.96933620305688, -0.051023734597956005, -0.078986963923693
0.18801270068841, -0.26291063245469, -0.97969419601716, -0.9704935641401, -0.053138895231748, -0.06776353528511901
0.16483577195995, -0.26625192729518, -0.95949951238967, -0.98667066975884, -0.06272469798287901, -0.065972030216183
0.18454489172761, -0.26551190592759, -0.98509100677944, -0.98275217601, -0.019395673077015, -0.06448176105219701
0.17379688558351, -0.26473966204193, -0.97847213747146, -0.97934749550561, -0.031564483832767005, -0.065633010128892
0.15999300326883, -0.26497631577744, -0.97539271975841, -0.98029262316364, -0.036943962053075, -0.062578144293851
0.18928852144447, -0.26091437513835, -0.98202385147415, -0.97025864720116, -0.040435833910755004, -0.071493824825651
0.16738369371238, -0.25827495769578, -0.98579392399236, -0.95577047795981, -0.039642527392616006, -0.066116226457959
0.18464125686340999, -0.26260741138341, -1.0318023265679668, -0.98249645851921, -0.034110706911708005, -0.064030746076111
0.17916449025123, -0.26448491354405, -0.99029014194275, -0.9817408283116, -0.06151710012131101, -0.062335613431045
0.16660974454884, -0.26534613303815, -0.98942333431323, -0.98866285836988, -0.07858858821692201, -0.062456345721420004
0.17305737079585, -0.2680865911548, -0.99073904611808, -1.001516404613196, -0.051573096074903006, -0.063515798677427
0.15980531872342, -0.26487590385549, -0.96347760280237, -0.99343208569325, -0.05963543038486101, -0.048043848625504
0.17274640623248, -0.26290256506334, -0.9576748521625, -0.99243667369161, -0.063162642925964, -0.049843577102142
0.16076336408817, -0.26270129684429, -0.95612417236407, -0.9830050994592, -0.061598775780296, -0.051045690309988005
0.14877901767322, -0.27009435974164, -0.9528416458754, -0.96610214819352, -0.08243369878869901, -0.062793253029487
0.17092593583354, -0.27319131706953, -1.0179992045585915, -0.98564721510852, -0.069733329896807, -0.070150340652609
0.16243461452843, -0.27468573980615, -1.0289044004998746, -0.98028489850103, -0.056798164728114005, -0.069584298649464
0.15840271821958, -0.27402062741565, -1.0053633221932268, -0.99111871865129, -0.07065479873748501, -0.055563500768099
0.16881551375301, -0.27006555876798, -0.99295451715984, -0.99256685135485, -0.007947626227976099, -0.063928027317894
0.14884985351125, -0.27047031227276, -0.9656076947422, -0.98821664493274, -0.039993264756624, -0.057168801960113
0.16258413491142, -0.27354565136345, -0.99318543764603, -0.98160991472308, -0.051796000219854005, -0.060561702405658
0.15091358300308, -0.26951756714412, -1.004453278680967, -0.98290401811492, -0.043156356745145, -0.057859751210659005
0.1522242797679, -0.27625120118044, -0.95974031652576, -0.98173512983216, -0.065590996261673, -0.07503228158448101
0.18541625470677, -0.27884720333937, -1.0741339687933642, -0.97788264708484, -0.061978089037908, -0.0750666155582
0.14513725478691, -0.28355498261634, -1.0316266596265449, -0.97783161116922, -0.054243259091013005, -0.075993058177709
0.15995813472553, -0.2933602639206, -1.030389838756476, -0.9857817916493, -0.029973154718719003, -0.07608848873632
0.15193817283027, -0.29564132411985, -1.0012705480415998, -0.98148431021505, -0.019826400112386, -0.06294021862650401
0.14859554611924, -0.28851893207213, -1.0009337568887235, -0.97008929052877, -0.030332525738898, -0.060249031572134
0.092754622233836, -0.29508317934842, -0.86812073003882, -0.94690878526508, -0.043696771655266003, -0.068730442417477
0.023308239928368002, -0.28627005384752, -0.85276906205729, -0.93412935301765, -0.0026174841296128, -0.07667303248502001
0.077377973178598, -0.28642852496971, -0.98884844512861, -0.95421028637863, -0.013042361465510001, -0.07308828830118301
0.056598729059478006, -0.28233739211481, -0.94661305972006, -0.96817610887561, -0.035199027939583, -0.08366455847712101
0.1256929047025, -0.30963658995879, -1.0565621273124737, -0.9648065730483399, -0.054254827238704006, -0.1029288304699
0.1510585793963, -0.3254129173109, -1.060582152468295, -0.97154694454821, -0.061089854546633, -0.10081369179085
0.18199805359369, -0.29872961007754, -1.1066632648997508, -0.94684440479368, -0.13546775449835, -0.10242112641887
0.16742918496311, -0.28294497838844, -1.0098909317289122, -0.92440283343751, -0.1861508376192, -0.11794902548873
0.20668418945498, -0.26609722932138, -1.0781939173769957, -0.94317287598452, -0.21351082498033, -0.10873813773851
0.19703487267984, -0.26919030962482, -1.0155963891217006, -0.94131180801812, -0.1826101309202, -0.10103466392783
0.15049620377141, -0.28313246532564, -0.97496402417059, -0.9523284764543, -0.12406733847065, -0.1245827956149
0.15788935228698, -0.29009645907446, -0.97209732418895, -0.95387278995276, -0.067812351046714, -0.11836018367163
0.17707486929468, -0.29433059022444, -0.98558375147034, -0.95107298375806, -0.091461815192517, -0.11048751057243
0.19405843205563, -0.292098591161, -1.0474981350722208, -0.9343242434157, -0.074132311792497, -0.12348350526635
0.22774467661844, -0.29586899086841, -1.064315027626292, -0.92596099276159, -0.09888591982087701, -0.13825857539321
0.21697144687059, -0.2961976343984, -1.0680164237757184, -0.93390352647352, -0.11029588184504, -0.13375804369991
0.1861232466728, -0.29660193689135, -1.0569340223128485, -0.93956185863314, -0.09823703709499301, -0.1245806550426
0.20015108992122, -0.30366152824181, -1.0397315412859944, -0.94977519206815, -0.06924642387735, -0.12766151571501
0.1903760828156, -0.30136632202013, -1.0481020611913143, -0.94472650931201, -0.075604576744142, -0.12769514180074
0.20952467826694, -0.29512160838799, -1.0509753195259752, -0.93337692720737, -0.08260421492797901, -0.12598743427801
0.20449001983832, -0.29144403571551, -1.0440030954745048, -0.92265773998428, -0.074840871417886, -0.12638193559579
0.16154577187922, -0.29143129041525, -1.094866821589378, -0.92071650972868, -0.060676619944522, -0.13368180666062
0.18681639561171, -0.2907947794121, -1.0083581710600404, -0.92559007113984, -0.030447900067567004, -0.1314517350368
0.16683684136223, -0.29079785997687, -1.0414104603334668, -0.91839376029613, -0.059567504404149006, -0.12157768376858
0.16425828821477, -0.293785173084, -1.048705664295784, -0.93569470630439, -0.05867466480898, -0.12134250182953
0.15853146446942, -0.29487023295517, -1.0232878753071255, -0.94412275006998, -0.034213018891996, -0.12402698617883
0.15719599763167, -0.29269878425992, -1.0298947585323797, -0.935744324478, -0.037905551404982, -0.12624569976883
0.18927884411851, -0.28112608562126, -1.0326829811677714, -0.94768851615947, -0.059212692222544, -0.11912563562933
0.16551537524869, -0.25624746652624, -0.99482264086856, -0.93736119989813, -0.059628511400832, -0.10100538525129
0.091965179741353, -0.23769760525108, -0.73836364027771, -0.88604204822799, -0.041494809514029, -0.09720321039377101
-0.030468143741067003, -0.2557042452353, -0.44588649486131, -0.86188809198498, -0.039802737210234, -0.063591282186037
-0.02909486282718, -0.28022076179781, -0.51336959791797, -0.90420229708316, -0.10544045808254, -0.071443028664134
0.09769036161800201, -0.28395506218702, -0.54457351251943, -0.92204366604646, -0.21771988734789, -0.06718630772214801
0.1431058533865, -0.27690339514465, -0.67357425725975, -0.92614719524632, -0.13717544940764, -0.07088686096454501
0.13893187783894, -0.28334452634972, -0.80084387479095, -0.93840515088507, -0.16023122095751, -0.06966089181575201
0.19001041105339, -0.28703149004576, -0.93587573523544, -0.92882222752112, -0.20443273435598, -0.087427716158015
0.23219158536835, -0.286704193006, -0.99626450259533, -0.94942512174368, -0.20109050361764, -0.08310013658387301
0.20456533080035, -0.27733972832001, -0.96718400028294, -0.93242166070974, -0.14978444629118, -0.07610730191022601
0.19721234557546, -0.2859249493535, -0.99896336224259, -0.95028344783969, -0.11323244498571, -0.08311020970247801
0.24360608346533, -0.29277584264505, -1.0586018791522074, -0.94851216833891, -0.10981870148434, -0.087473924311656
0.24767020928511, -0.2945804572056, -1.08515019402783, -0.9446756656427, -0.12394910964678, -0.08927255906641801
0.25437336772872, -0.29247218284255, -1.1159383105695533, -0.94730928592666, -0.09444581582934, -0.097509995073234
0.25856522145841, -0.29184387061324, -1.0732814222986353, -0.94216659655306, -0.054823134157507, -0.1045684248408
0.22081234568614, -0.27745190734279, -1.0368348369691363, -0.94211541383072, -0.049715657255927005, -0.09070763672494701
0.22753859705923, -0.28942210058591, -1.0620592457531135, -0.95236370224769, -0.044704951762743, -0.11230501022216
0.20888418068457, -0.2813496624093, -1.0706724441644175, -0.94400916426403, 0.019600816310794, -0.11122345315051
0.22141493240052, -0.28787925702316, -1.0673993521578469, -0.95986393892277, -0.023952978185210003, -0.11530889891124
0.22492243274271, -0.28303845517052, -1.0704840508139284, -0.94394245716662, -0.032950769231528, -0.11712575780383
0.2349329219463, -0.28613966401624, -1.0627934256710043, -0.9390108312071, -0.021831846629528, -0.12563527224177
0.22116399387977, -0.28148321001778, -1.052084260869361, -0.93919955908935, -0.02436391156762, -0.12048140185127
0.21502888824614, -0.29257032259142, -1.0426447884379235, -0.95466041745801, -0.0097457536886334, -0.12801485568453
0.19614471701143, -0.29855235419592, -1.0270152778700565, -0.95552188529187, 0.025233474920685003, -0.13033548063853
0.19284768499383, -0.28185601542201, -1.0173499806900548, -0.94102279501131, -2.42864203247e-05, -0.12355289237991
0.19901159089444, -0.28017345087185, -1.0141379766827938, -0.93230707652419, 0.0054026695104599, -0.1308874457394
0.19273757721231, -0.28276932921721, -0.99969937069659, -0.91935155505261, 0.023690020553907003, -0.14030709857627
0.18055061236876, -0.27786487000044, -1.028105701281743, -0.92653954813776, 0.043013321197295, -0.13011915745031
0.1103453230886, -0.27014569743569, -0.95692925695746, -0.92056727754461, 0.078114743726342, -0.1140125996083
0.14036768135416, -0.27529041644334, -0.93050862985844, -0.92409044561781, 0.07603755010009, -0.13591323238115
0.16745929797391, -0.27531595281294, -0.9572364100807, -0.91720384795902, 0.047851115603515, -0.1406412957044
0.19237433173564, -0.27810090572373, -0.9801471968067, -0.92138992831945, 0.036972379763452, -0.15812345050436
0.20060644177692, -0.27849195480505, -1.0106504981211317, -0.88987929135691, 0.09095652745945601, -0.15929163133943
0.19152118236059, -0.28943101788773, -1.0495938735802088, -0.89531818046369, 0.12433151507148, -0.16294880529034
0.1875529340294, -0.29317363054662, -0.98817559425272, -0.89400845891369, 0.1133585176177, -0.13692576434228
0.21371272953369, -0.29337142127691, -1.0546305407393504, -0.92513157290555, 0.049004871920507, -0.10869260832123
0.23578203915887, -0.31503188373332, -1.1350456253399785, -0.94816175238227, 0.054621192689944004, -0.11896134954443
0.16750923787706, -0.27667508966353, -1.063785751732351, -0.88469797225354, 0.19555426533149, -0.1307005307924
0.16370765732432, -0.2577434130194, -1.0255264354370504, -0.869828849649, 0.16100908783086, -0.12327713675761
0.22818127771925, -0.28768835473371, -1.1127252220332675, -0.9064023034301, 0.07534492651445901, -0.1465762613604
0.22681458483462, -0.28045768843701, -1.1151470236116336, -0.87413126189035, 0.10426773173706, -0.14606875788474
0.24062795076364, -0.27427659208649, -1.0847015144977354, -0.87024779644059, 0.12199308945534, -0.1536231615647
0.22013154613553, -0.26316451670699, -1.0724016745595935, -0.82980560759459, 0.12358258289195, -0.15658612964618
0.19066216639787, -0.27967594185254, -1.0687265358081162, -0.78339923329196, 0.12900054393972, -0.18799045270356
0.21011840183478, -0.27468027263401, -1.0701003811992158, -0.76046344307099, 0.20019439657037, -0.17877607270791
0.21371539910649, -0.26963829876093, -1.079568772849794, -0.7801389083174, 0.17479817010978, -0.16814489551693
0.23534267130799, -0.27554788438991, -1.1341188313365564, -0.79020879112937, 0.14676394265928, -0.16287047193086
0.23791010401535, -0.28015896183703, -1.1216362223706737, -0.80630552497647, 0.13406408521168, -0.1636932088915
0.22525470697801, -0.28638952938463, -1.1619776592176292, -0.81369980479617, 0.10823446985558, -0.15879242311437
0.21884169856314, -0.28059128071804, -1.1496741501034784, -0.81901990290096, 0.09861486881006001, -0.15717109915733
0.20998655607704, -0.28405628503391, -1.1601230759084098, -0.82567389816953, 0.13745881449369, -0.16199388428147
0.21831560536605, -0.27628378346992, -1.1439782868321169, -0.81995648648094, 0.16227177976804, -0.15512230029936
0.19088239616496, -0.27620555448834, -1.1521904373027851, -0.82014239464854, 0.16959647581011, -0.16058587803441
0.18477744217387, -0.27291479160782, -1.1507941453409762, -0.80402199820923, 0.17344022881202, -0.15628567363556
0.20205166893595, -0.27631904352559, -1.1430627271675968, -0.80293207025223, 0.17519085529174, -0.17081023188396
0.20316236545085, -0.27389267862818, -1.2055169968094737, -0.81681053079451, 0.15873598865253, -0.17268738409057
0.20463876542003, -0.2813861413172, -1.1917202093332375, -0.82769105028092, 0.11458602187801, -0.17014137582456
0.26307566501594, -0.28655927911481, -1.2568415361695613, -0.83524477048419, 0.064299592686462, -0.17777784628311
0.23744134132701, -0.28891599874513, -1.2365346243484527, -0.83794770934975, 0.14772633102234, -0.17186976721766
0.21208168619539, -0.27870253078501, -1.1758188382849784, -0.82689259857866, 0.18199634103704, -0.15955346924186
0.17322141999203, -0.27866764746921, -1.2080367447151472, -0.81791184225717, 0.23597763475009, -0.16977609057188
0.19768737080169, -0.27131876458204, -1.1241490452464855, -0.8083835804925, 0.14767246916439, -0.16789738723079
0.18983460640337, -0.2784339463989, -1.0548728745629112, -0.81893554752227, 0.1669648534573, -0.17369827387281
0.20247041111017, -0.27298012824956, -1.1266133446674043, -0.81729206597035, 0.15406891943714, -0.15908504511629
0.18199014915816, -0.27574343360936, -1.0971178699477067, -0.82978166183304, 0.11982977769265, -0.17177600778524
0.18305659680527, -0.28517332505438, -1.126956696589202, -0.83754963386575, 0.12247491761244, -0.17455846476822
0.16068027911436, -0.27323800601555, -1.05653571536497, -0.82306189291996, 0.12196025673473, -0.16851195976353
0.10301585383374, -0.26236484849438, -0.93885147754734, -0.80562594632824, 0.11937345685447, -0.16894349260914
0.10514574972919, -0.26615975133722, -0.95807392481872, -0.80099185774424, 0.15071576349472, -0.17055336168413
0.20330845600206, -0.2784062646605, -1.0463161548781792, -0.8094947336485, 0.11843150758831, -0.18088852269821
0.2613947675061, -0.2853428244507, -1.1888845040204652, -0.82719602348933, 0.06113704773468501, -0.18259839272456
0.2530882388391, -0.27916272973369, -1.2004707181488925, -0.82823003627882, 0.079839330275393, -0.17544613143119
0.24614636169115, -0.28008355409871, -1.130473808179088, -0.83241883502315, 0.11324817130881, -0.1770451816379
0.22301354084045, -0.27523931221916, -1.0963986439085003, -0.82673180421705, 0.12875357909547, -0.16600706139862
0.1945567540551, -0.26653704154285, -1.0628951788864347, -0.82339419048617, 0.12910647157818, -0.17043264555188
0.17980748362357, -0.26559052329307, -1.0241780309638562, -0.80336454892311, 0.13855883805078, -0.17627381272794
0.20682326548409, -0.27684236672202, -1.0696178266015735, -0.81195093168064, 0.12133484187431, -0.17321790641389
0.19518587600041, -0.27311016333315, -1.0819988568968084, -0.81933081783442, 0.093279643279745, -0.16708951217589
0.17742579980336, -0.2721259048997, -1.056652413185695, -0.82847256986069, 0.10125809200406, -0.1704616367603
0.1878978712925, -0.27326804705836, -1.0468527119384343, -0.83405961057416, 0.13413955652926, -0.16199126692052
0.17302497081298, -0.26830969244084, -1.0298814531312854, -0.81909492336462, 0.11059550526601, -0.16252042868479
0.18428181392234, -0.26833467708276, -1.0661118440615653, -0.81624929843537, 0.081830616296341, -0.16615835717027
0.20603661398413, -0.27144446492125, -1.0744663797905523, -0.8148082387546, 0.039632179782069, -0.16601894038109
0.20572322615379, -0.26804305833304, -1.084223687045314, -0.80757460292257, 0.022996583916019, -0.16036013146901
0.13936694444172, -0.27333008179491, -1.1107936140582504, -0.82887021336919, 0.11210104534104, -0.1656820898292
0.1639875991784, -0.27236939823045, -1.0484943290858424, -0.82712402170809, 0.11157888065823, -0.1562611496972
0.1632343447956, -0.26820704035625, -1.0487139370888507, -0.81601135843403, 0.12849225432113, -0.15616636974391
0.18199260957181, -0.26928795008644, -1.060623545209356, -0.82500286912329, 0.093888743018151, -0.15546093928874
0.19368698122029, -0.2645584128228, -1.0789750044862578, -0.80463867690316, 0.09963437551902901, -0.16380615028715
0.19370585423166, -0.26579028073898, -1.0575131012192194, -0.79619748293557, 0.096133151648417, -0.17579796666244
0.19153341006659, -0.26451302374279, -1.0822478361014705, -0.8068208544206, 0.09050312162675901, -0.16875997457076
0.18377721667042, -0.27093582750146, -1.0892495820906114, -0.81899526343952, 0.085100226820711, -0.16380166967358
0.19274444450662, -0.27028011846619, -1.1002615196304817, -0.82904249040362, 0.12526908138716, -0.15726903429739
0.18616064631325, -0.26863030396725, -1.0873404034927416, -0.81863898929895, 0.12299854539633, -0.15275451984965
0.20178275424019, -0.26356427654637, -1.1039675138827982, -0.81970422780121, 0.12183145653271, -0.15359590622253
0.21606409413602, -0.26543150408141, -1.110181397899557, -0.81468383832208, 0.10427916684291, -0.1543561054566
0.20677069502791, -0.2677794555161, -1.066457857314909, -0.8004495981096, 0.12599924413015, -0.16953027714725
0.20772523288236, -0.26822413865912, -1.1035168186083235, -0.8100586597623199, 0.10422646045664, -0.16777744622008
0.19808736314329, -0.26539357581592, -1.0856124275004924, -0.81896186726317, 0.07488524005821101, -0.15951989457778
0.18758303406826, -0.27143561359625, -1.049218391252865, -0.81286155244015, 0.09661149873165101, -0.16464435965939
0.19488495901296, -0.27628556348602, -1.0514039282211254, -0.8125861514774, 0.12503598006339, -0.1613069992434
0.19632565842895, -0.27708333361381, -1.083861772855116, -0.8110207964575, 0.13945153488575, -0.17068979069516
0.203006112015, -0.26940725352019, -1.0975576561198017, -0.81017504832273, 0.12702371610894, -0.16275831372187
0.15481760977668, -0.26538337623358, -1.0680853727305946, -0.76626003329364, 0.15186574169722, -0.18743362344382
0.17254965688414, -0.264347079363, -1.0038822012349384, -0.78449228487913, 0.19350908596856, -0.17891180508535
0.10899562621774, -0.26771731443623, -0.96574366513141, -0.80694103202371, 0.17733254601546, -0.16851645113606
0.13473981770283, -0.25261389518765, -0.88049625192353, -0.79905059510138, 0.15033539876413, -0.16077913131506
0.19471409432903, -0.2706349319764, -0.96140525602584, -0.81558630725973, 0.11675373476209, -0.17301613248078
0.22685952542261, -0.27014257832247, -1.0589576906776748, -0.82118714765893, 0.080406210773679, -0.17095417749776
0.2453977641717, -0.27364113088088, -1.0983481686954355, -0.82593931668577, 0.0902667708511, -0.17640076149631
0.17624940883767, -0.26903258437452, -1.0062413630661646, -0.80310532556646, 0.11248892350317, -0.18637383158528
0.22935280330532, -0.26806560506487, -1.0650887434039005, -0.80910760673859, 0.10618294035393, -0.18657727729234
0.21098692904134, -0.26735776401024, -1.0448989598737697, -0.81545432984627, 0.08021467518163901, -0.1846457421112
0.22394370590876, -0.2784958782424, -1.0858959895091966, -0.83332596418198, 0.060744634804486004, -0.18496494479574999
0.21871571106522, -0.27438683760711, -1.1174390836175514, -0.82784727775369, 0.041959614362275, -0.17782137992823
0.23126839094922, -0.27349844328841, -1.1185802945918293, -0.82224467348258, 0.043129323558412, -0.2041435959267
0.21447153550322, -0.27776662233976, -1.0628977909911916, -0.79135748061707, 0.046405952088225004, -0.2339060233588
0.20852487722363, -0.25427523863171, -1.1059868614858939, -0.79031380368133, 0.06196418676986001, -0.22289463115664
0.17168666930826, -0.26360613121461, -1.0768387853030474, -0.81530864758077, 0.10494779225783, -0.2293978979954
0.17619393823533, -0.27731148828173, -1.0637233433760716, -0.82352712932749, 0.1475825996605, -0.21128207781062
0.1850879062091, -0.279274745355, -1.0681575223997635, -0.82018876870208, 0.16654736346247, -0.19629844659843
0.20602162675582, -0.27486086771617, -1.1149096052901701, -0.82411557063855, 0.13403429204525, -0.2005993678955
0.23819232611737, -0.27249791967011, -1.134741359202809, -0.80611311880084, 0.13937630438041, -0.20535716065342
0.27801308702016, -0.27880530740684, -1.1899129750566242, -0.82269767073768, 0.10772726295903, -0.21447093958878
0.2577061670692, -0.27788890183224, -1.2191499442078926, -0.83153867273439, 0.076119708970491, -0.2070635716037
0.25315610753607, -0.2842415826745, -1.1794075087366136, -0.82967222915477, 0.10045108040858, -0.21317733210926
0.23064427052005, -0.27263265777599, -1.1586430977527167, -0.82957986149343, 0.13940291211735, -0.20070640067
0.23279998474903, -0.27180868392376, -1.133426587142299, -0.82190563588424, 0.12509952666086, -0.19558170033966
0.24036998920441, -0.27192047718965, -1.1567771316809, -0.81884630883338, 0.13306468600298, -0.20196144622694
0.24432698131174, -0.27648307142772, -1.186612028819479, -0.81829510475824, 0.13793582682649, -0.21197093718228
0.20834826809103, -0.2747490563223, -1.2146319516905781, -0.79563599424505, 0.18661916057959, -0.21558278680564
0.2264695232379, -0.27700774772623, -1.157945544975338, -0.80641077367303, 0.12938184767736, -0.20937957143815
0.21958995674156, -0.27872789561719, -1.140937287643631, -0.8172175520183, 0.13055357398905, -0.20548307357806
0.23227889837836, -0.27863498957258, -1.132391328211613, -0.81539856895695, 0.15277724095142, -0.20986487931361
0.23694408013491, -0.28275530471179, -1.1166282772908547, -0.81096752788161, 0.13492935429924, -0.20582872835634
