the plane
0.0, 0.0, 0.0, 0.0, 0.0, 0.0
0.038768833456092, 0.0024903113412695, -0.019346217064556002, 0.0029022445308556, 0.014972086292072001, -0.0088537543747204
0.051143911378308, 0.0010058209761238, -0.1974923782633, 0.010424603578603002, -0.013608046400730002, -0.01014313871991
0.071006317815882, 0.0068571155663182, -0.15079454481416, 0.010782410879069, 0.0043748666288414, -0.015180096388849
0.056354340104703006, 0.0076029068875457, -0.15894180518306, 0.014989680991, 0.0086769494329519, -0.019713232542041003
0.06631126511587701, 0.015598376346861, -0.19721365915876, 0.019218453768066003, 0.012415896965876002, -0.021768498636706
0.027845279655284, 0.011152877613347, -0.1978448566228, 0.027277714360139003, -0.010925669714800001, -0.024392736085012003
0.09736680892435201, 0.021158951789278003, -0.27975445808028, 0.027058505327698, -0.016041564933326, -0.021915746506720003
0.050653669990384, 0.02134701131537, -0.27495619163943, 0.033992803143985, -0.020968394020154, -0.027239382348455
0.098269751180449, 0.016529168586212003, -0.27227792379518, 0.029173301530296004, 0.0033687392121466, -0.031141965050431004
0.083531174020048, 0.016743908423403002, -0.29172824626227, 0.032937733838267, 0.012717419390586002, -0.034695549396697
0.071297772834752, 0.013040846265465, -0.30331976161704, 0.022358214117335, -0.0007756970189723, -0.044240296494358004
0.084133073122143, 0.009758873212724, -0.19332062926625, 0.029267790276405, 0.007341767890452, -0.042866208832056
0.10600331282078, 0.020593098008242, -0.30459670411266, 0.031595168845928, -0.020607482708519, -0.046784915571873004
0.085411206435029, 0.01623978530496, -0.26922514332828, 0.027959824799755003, 0.010935997630336002, -0.039386418351116004
0.11048305622717, 0.015827075277046, -0.27302273691196, 0.027858906234252002, 0.015072867035641, -0.040641088936912005
0.10718116367503, 0.0084878825879265, -0.2451470169377, 0.025403145885032, 0.014693673835336001, -0.039424462632351005
0.08565528965718701, 0.0010910770362914, -0.10664335243284, 0.021290246382933, 0.0066021158611561, -0.043071915260731
0.042102892858339, -0.014377087918021001, 0.08896147857708901, 0.0093281476918028, 0.030569816334377, -0.04143720429209
0.058905294125092, 0.0021223051989947, 0.017579030860509, 0.010272680125014, 0.016287961265449, -0.031691535711763
0.029399092353795002, 0.015168460654005001, -0.10059484034457, 0.013361823766498, 0.022151864826635, -0.027292138318485003
0.020726149886269002, 0.011577916185451, -0.2142716691605, 0.021432045174706003, 0.026268441082624, -0.038098474398397
0.050698805947478005, -0.0060618729305408, -0.13653614575053, 0.017535157312604, 0.034650757493136, -0.037761810538989006
0.0022378131888711, -0.0092657663705337, -0.0045086046375936, 0.013413453135685, 0.013352737398899, -0.036049868514300004
0.015127459053228001, -0.016028547610409002, 0.029537428358296, 0.013315322815319, 0.027327332457337, -0.038102717528735
0.067398163042429, -0.0018501486392075999, -0.19300639120582, 0.013803089633767002, -0.0063691248444906, -0.021192749538750003
0.030012599359651, -0.0022686942022646, -0.097347526221119, 0.0076517948193349, -0.0004908693326115999, -0.017920721781148
0.052098577802214004, 0.0072166955785253, -0.06960448273088, 0.0025079294098795998, -0.0012163860377743, -0.01409649659156
0.030287291018604, -0.0044771290665319, 0.013898081784073, 0.0031180640695391997, 0.0008848714065882, -0.010679468721655
0.0085624436907158, -0.0056982547288268, 0.026432269780734003, -0.0008463492785814, -0.016853395151426, -0.012291509250742001
0.0016953092667402, -0.019618355511885, 0.090959381702885, -0.0035124045226329, 0.0007939346593698, -0.010173549021583001
0.02671381454357, -0.0081973069841584, -0.11625824702061, 0.0055596326134805, -0.025398217517512003, -0.01051016522875
-0.0036459838937535, -0.0073910144645229, 0.028900472671924003, 0.0020681444943376, -0.0024093944294772, -0.0071323326093279
0.019735879192803, -0.0039114171012985, -0.008418487906307899, 0.0023550404179617, -0.012435882934933001, -0.010397160542292
-0.0094226626162919, -0.0077546878179503, 0.09811454903836701, -0.0070924902724114, -0.0076843581467595, -0.0077033785345628995
-0.04166729070121, -0.015389074554294, 0.12459693726511, -0.012038713642973, -0.033040146984144, -0.012490180325664001
-0.0037782111334080997, -0.027094752911427003, 0.10723988906154, -0.010776926845092, 0.014065320335265, -0.023700915668624003
0.12954748447196, -0.018903378832862, -0.349555806443, -0.0004981062052827, -0.022363006988301, -0.024131421711703002
0.08575929513614, -0.015981368749175003, -0.21788398993212, -0.0036167446007621, -0.011660253457328, -0.022975973530002
0.09116842671912201, -0.020192812148597, -0.21385504100333, -0.00939829536981, -0.024395993782246002, -0.026396858583078
0.056721438718998006, -0.01709815391899, -0.14433808785163, -0.0079963034568465, -0.020872802747374002, -0.026986471624997004
0.054897735683037005, -0.015816911968019, -0.22719245118008, -0.0078497091428716, -0.042001989100633005, -0.030062166573049002
0.06108551710170201, -0.012456397700142001, -0.20360760085972, -0.0013011230208611999, -0.030002999428871004, -0.035173634110235004
0.047499660219079004, -0.011417459660874001, -0.25284801682362, -0.0006380442045995, -0.028049122249523002, -0.04097071798097
0.060333617623021, -0.009449024680887, -0.22073748844239, 0.0029734941389492, -0.010393402625758, -0.040535382722823005
0.05309060213643801, -0.01089316686452, -0.2104944783356, -0.0048821831213244, -0.0057672374510802996, -0.04505459824158
0.053605642350709005, -0.0044531775901164, -0.26353967603867, 0.0056374318242075, -0.027769599383215004, -0.045582519934864
0.070467897192913, -0.0094228331024014, -0.32845671781497, 0.0039099554388016995, -0.040582986608159004, -0.052633065941961
0.090651031839014, -0.0006758458182429, -0.31053932406193, 0.010903592736279001, -0.036487929517652, -0.054654748036052005
0.064414575194323, -0.0038737406863578, -0.3066273055574, 0.015017157199324001, -0.01653665281764, -0.05355776184358801
0.07945479564359001, -0.0081644642960799, -0.26983818389466, 0.0067823246108106, -0.0039426224974680995, -0.060845028953118004
0.08242933048548101, -0.0093024701776699, -0.26256466502154, 0.0011402401856549999, -0.0021897532098185, -0.058153543809126004
0.092712215051474, -0.008057671775445899, -0.26668814767317, 0.0068649084377386, -0.021849470446691003, -0.060758863633135006
0.09856474526130601, -0.023635842517218, -0.14054593928133, -4.67272744634e-05, -0.0040179501054561995, -0.062414936491486
0.10029285657093, -0.01817531735141, -0.16804954611436, 0.0091788419907576, -0.0018905770280095, -0.052646832229429
0.049489846404649006, -0.025732571491433, -0.059281122415878004, -0.0009333688275245, 0.016387892119663003, -0.054626192226369004
0.035794395147867, -0.013946812284242001, -0.079122574771799, -0.011378368807280001, 0.012511146789509, -0.051605547527662006
0.066257728328316, -0.012949322865462002, -0.080361629867918, -0.0005332752145473, 0.015022743086288001, -0.041212517611121005
0.040822914456456, -0.015967999244324002, -0.06958367526327701, -0.0035649723058046, -0.0062479474280316, -0.046912809243924006
0.037361412944598, -0.029073877949637002, 0.013013151798168001, -0.0074018549686682995, 0.0009493398554002, -0.04434369545787201
0.046781233927011, -0.021517509051235003, -0.069150272789908, -0.0073811803321535, -0.0049257660833128, -0.042590663962208
0.038760235601595, -0.016849082373143, -0.060663236328141, -0.005686348482485, -0.0057103228650952995, -0.040315941877016
0.046869681061371, -0.017721421680291, -0.037710864831543005, -0.0046486753282144995, 0.0027267743840356, -0.036215883341958
0.041082762566752, -0.015785104026851002, -0.01669496192172, -0.0058955823352184, -0.0068978012524927995, -0.033064307137111004
0.025118249766844, -0.019152007806701, -0.044305323309826006, -0.0096651554202366, -0.024351741535549, -0.037955499090143
0.031817375771626, -0.021650314319411, 0.017844508257044003, -0.0084557591679351, -0.011127503919307, -0.037554731076089004
0.025331182106592003, -0.013486157453474002, -0.017378885722138002, -0.0093961244641865, -0.021981409553529, -0.032446289545061
0.036002759890726, -0.013223304964796002, 0.00041145618184739997, -0.0064421309776836, 0.0039943114768843, -0.034097552032654
0.048321399783445004, -0.013036274076051001, -0.017027935010561, -0.010009555473194001, 0.001922548887758, -0.031670940980053006
0.031558701991584004, -0.014722223772364, -0.04267767563506, -0.0052270081450465, -0.0093639901793502, -0.031129054705452002
0.052327433492521, -0.015649622959952002, -0.061203764455804006, -0.0094685430944439, -0.021915817297906003, -0.036386458094844004
0.04389814749281001, -0.015207561008243001, -0.020593884561265003, -0.009387761420454499, -0.016731802568505, -0.0318597954877
0.043622313103269, -0.0058777280016541, -0.0010318828028948, -0.0037789925137944, -0.021558375190412003, -0.029684232681089003
0.031426652000889004, -0.0096516178886852, 0.0018547492149835, -0.0055992956138979, 0.0023034561575398, -0.026277428816435
0.058693714150386, -0.0087041006858027, -0.036482082960105, -0.0061752787439016, 0.006313274527375, -0.032048741863496
0.055762998794364006, -0.010425915473534001, -0.07276276427409101, -0.0053475334831610995, 0.0007777674094469, -0.034120119785572
0.065845550961733, -0.011792356007049, -0.067944990487521, -0.0045843595959722, -0.017480073474128003, -0.032531026493973006
0.052718780979454004, -0.016952254697859, -0.0087629748586122, -0.008843486924368699, -0.016369719760616002, -0.034047215900569
0.061814265811471, -0.007557850864638, -0.049801461546149006, -0.0047159148370071, -0.012581080606334002, -0.033171221902783
0.031847851869226, -0.010545188976436, -0.036369183566376, -0.0056674630183765, -0.0041405227853794, -0.033092161676163
0.056545443259937, -0.0083290881108349, -0.048873799480936, -0.0048527190893695995, 0.0037357494910247, -0.036879013661256003
0.06669780973404, -0.0096261241775369, -0.10667234116618, -0.0063313067289809, -0.0033116239948831998, -0.028121772760744002
0.072819216072288, -0.006793885540879, -0.12836947156817, -0.0013647043346992, -0.019279579502501, -0.034224635081258004
0.05197377570389201, -0.0081219277648867, -0.13174778686148, -0.0012594290192703, -0.036576721563335, -0.034966600248104
0.08530546077753001, -0.000594714937893, -0.20599855729276, 0.0017651360143074, -0.025301876872870003, -0.036616949360736
0.042053452850031, -0.0002050171641808, -0.20173725636648, 0.0070217393081283995, -0.012222455267817001, -0.038424212045999
0.07577797476753301, 0.0034290390786124, -0.21069012493113, 0.0071332118657867, -0.0022632960697652, -0.042850146945311
0.08355857021042301, 0.0056617700126598, -0.24505791251328, 0.011784046106159001, 0.0003802355061728, -0.043546436606201
0.08130901549885601, 0.0033460102517465, -0.27614560028886, 0.011016826769749001, -0.020518687836699002, -0.045903706210273
0.05981645512876001, -0.0024587693149298, -0.23004789337657, 0.013873062567991002, -0.021841609204378002, -0.051327677653934006
0.09285980674110901, 0.012546276773756, -0.29331519086044, 0.017135689824384, -0.031445610152173, -0.049613713290730006
0.063270966254797, 0.008482712638454, -0.29035021198318, 0.017730088924223, -0.0043211870739308, -0.051387604086288
0.10633138193905, 0.0082683444865112, -0.26543997526498, 0.013504570356974001, -0.0030669966985054998, -0.050975163458859
0.10899341323164, 0.0030846117190731, -0.29131030808614, 0.012301894030621001, -0.005873894231651, -0.051298459254172
0.09501580536638601, -0.000122061242618, -0.26300892837825, 0.008884470279327, -0.0061808187216243, -0.054588063102707
0.05907206284567001, -0.010531923491124001, -0.033101770252344, 0.0065390756630496, 0.018257957515149, -0.048187159124403
0.069739420586738, -0.007116482000349, -0.13410079948536, 0.0029795117816646, -0.0028005940136667, -0.048094375355052
0.048901803189609, -0.012852408699137001, -0.014670332527761001, -0.0048063568559849, 0.0015740015271005, -0.039580458714310006
0.048965581169685, -0.0085752639378626, -0.06295186856938001, -0.0038443128711598998, 0.0024900866088032997, -0.028912388283189
0.05436284854262401, -0.0076293915105367, -0.083123165709562, -0.0062912541144465, 0.011607355299147, -0.034734198148237
0.041753195691401006, -0.012297170377626001, -0.036773704238739005, -0.0033759663271876, 0.011419586949523, -0.037812689405375
0.020145631918723, -0.023270223845665003, 0.05433748580664, -0.0070394247283056995, 0.0038824029288144998, -0.035547387613920005
0.06366763703450301, -0.020636492504636002, -0.09253084309765, -0.0026616695120302, 0.002721382174053, -0.0389230313545
0.05972937927417601, -0.0092619711781482, -0.12156607146435, 0.0063409423312544, -0.014091196180847, -0.027729873232167003
0.057629136750271, -0.0076721555804751, -0.07146049585880501, -0.0048613821072664995, 0.0053574518445815, -0.023943129941687003
0.040911694728208006, -0.010786357612941002, -0.039053996152905, 0.0029680566972384997, 0.0066475440410191, -0.022250534335039002
0.047558613195339, -0.013797730599356002, 0.0082304693818718, -0.008663528487935, -0.0025358178452542, -0.022223083586297
0.038799575960657, -0.018952148033666003, 0.058590081561643005, -0.010432658603662001, -0.012946735625455001, -0.024666623895915
0.060594788766528004, -0.016831031416191, -0.011162007538595, -0.0006759038195731999, -0.0027694731554404, -0.021490674553176003
0.035171102667765006, -0.013184452218763002, -0.022481922346875002, -0.000871986887542, -0.013766271303697002, -0.017194461415105
0.020549319392205, -0.014013519487050001, -0.0062788417205546, -0.0098513186310492, 0.0063271485373220995, -0.017357176733838003
0.035058223930152004, -0.013779597304227, -0.022837756347645, -0.0092183904288776, -0.0049359396559259, -0.020893836317927003
0.037465406563611005, -0.012965144031821, 0.028042179922931003, -0.010747676106535, -0.0086443719326196, -0.017334658303399
0.02634495490066, -0.021131702319863003, 0.077648496559234, -0.014018702347341, -0.019656805173498, -0.024311425156556002
0.059634701733282, -0.017818721709372, 0.015151712722005, -0.007967620014643, -0.0049740212573668, -0.021441432765016002
0.039791883966015004, -0.015859663109122003, -0.0084224164454332, -0.0054131592105552, -0.011336673635034001, -0.016923596166614003
0.053074246986968006, -0.0089965650524225, -0.019258447956226003, -0.010593384070485, 0.000684745813231, -0.01585381204313
0.021183151690141, -0.010446528665386002, -0.06364616324186301, -0.013065378430151, -0.030645537129967003, -0.025168958164519
0.057865155873157006, -0.0048346127554872, -0.08039010235840101, -0.0045014512291329, -0.044454899333565, -0.017349124006182
0.032813297661178, -0.0074199772882199, -0.13214756833736, 0.0019323363008825, -0.062985186519317, -0.02254932496238
0.074122798448724, 0.0053639798679684, -0.14674600824625, 0.010037094048202001, -0.048838120330904004, -0.028878184665171003
0.015498713558444002, 0.0073967417268605, -0.13191613749939, 0.012028580188407, -0.032769405024028, -0.025771875815256
0.063950206470455, 0.0073296232479183, -0.16528081569431, 0.011346828155808002, -0.02068501286118, -0.044513234887018006
0.046324247187980006, 0.017403336989887, -0.18556478509731, 0.011794303348481002, -0.042920225909168004, -0.046238034170155005
0.06709690940766, 0.021119120769959, -0.27195059379861, 0.014847028387327, -0.037855002480253, -0.051577924678198
0.095312176072312, 0.012127947305972001, -0.36474250366297, 0.017934658654339002, -0.042539898571234004, -0.064235700915465
0.13803749563793, 0.018528803641559, -0.3544754050241, 0.020644125691617003, -0.058823356450739, -0.060356333121491
0.09925979380388501, 0.011487758817652, -0.36514186737871, 0.025042193013457004, -0.028655272031263, -0.070530924088051
0.13657449670713, 0.009180122416835499, -0.35680915936449, 0.022448722165277, -0.02168161014089, -0.075364974613172
0.1255649113367, -0.0004803175210313, -0.35619068580476, 0.020690942906345003, -0.032316301431082, -0.079021844865059
0.14516276659653, -0.0063648985695592, -0.34697246330574, 0.01483117798015, -0.028502001495602003, -0.08379900836333401
0.11267257961584, -0.0099068478536156, -0.09764633696325901, 0.011605706432669002, -0.003830418736882, -0.075005682150175
0.12433966626202, -0.0046224177670857, -0.2196556326147, 0.0070612513446632, -0.020878847410678, -0.069554378640814
0.043133444194859004, -0.018658977441125, 0.033220482457153006, -0.0028017890166443, -0.015035305281471002, -0.05939632972078401
0.040449877625011, -0.013339099961897001, -0.065784715634555, -0.0026039925090702, -0.009230238511984, -0.046514009712515
0.058833018039134, -0.013667933675051001, -0.11573165830147, -0.0013837551562517999, -0.0029556591533337, -0.037607879192850004
0.025855945088147002, -0.021063586706177, 0.020060603982884003, -0.0051085173784855996, -0.013732267288145, -0.042127403398051
0.050278169236958006, -0.036401604351815005, 0.054087188705062, -0.0096990869408509, 0.0075516675096061, -0.042535391570561
0.08958339125713101, -0.030123444502465003, -0.18981176330477, -0.0002509297585043, -0.011679412116588002, -0.044016365074827
0.056654001402132004, -0.022090921152959003, -0.11935915271263, 0.0020218227246854, -0.0042386276315386, -0.03702664935204
0.050273213066709004, -0.013355749782822002, -0.12751345793196, -0.0036934260369054, 0.0039783067762438, -0.028448254608358002
0.049876991701879, -0.013643678967480002, -0.073398391653996, 0.0007507637139901, 0.0086508628275707, -0.023766292838994
0.040423164398525, -0.017119736317677003, -0.070812870160831, 0.0037717165840613, -0.019827865384892, -0.024094993188709002
0.052550466047169, -0.021678268787014003, 0.010803951998946001, 0.0013420336804121, -0.0055002088661965, -0.02720312562866
0.07706934915461901, -0.015565694941442, -0.14621346372705, 0.0005809933494806, -0.027883258942127002, -0.027420651243842003
0.037004101388340004, -0.014183812351626001, -0.05917795693088, 0.0021830845998532, 0.0046686134945724996, -0.025838462929348
0.057856900761420006, -0.012622727974419, -0.08563778650135401, -0.0038149073639829, -0.0032407384530506, -0.026093852442395003
0.050614676247989, -0.010168782920049, -0.033896088123892006, -0.0022220015212191, -0.004084357015545, -0.018996338257076
0.033603620848526, -0.015147207847808002, -0.07091125031424901, -0.0034023881314132, -0.031705298602929005, -0.022013296570102002
0.048701485519651005, -0.015111249674059002, 0.040801351249521, -0.0032494260625629, -0.013797054455126, -0.025034374372439
0.055824981472111006, -0.0066485498215426, -0.048001770775969003, -0.0064959648265603, -0.025165730179415, -0.023126358162024
0.032709975580171004, -0.0077092754963559, -0.0024473599153763998, -0.0052913062609247, -0.0061415219231482, -0.023814248501049
0.058248993001748, -0.010629451540908, -0.059184479218772006, -0.0072079111867948, -0.019351666622221, -0.019444840749324
0.055714219450253004, -0.011161867298981, -0.072018007604961, -0.0043333069531615, -0.021639961293259003, -0.024504310867062003
0.05408037320610801, -0.010202166052466, -0.1910557479845, -0.0003050789334851, -0.047638399480307, -0.024937903118605
0.054097329393485, -0.0010504489927295, -0.11373822424182, 0.010629793766847001, -0.047938064889845006, -0.025157571297268002
0.043542248668025, 0.0032036831345595, -0.15410359280199, 0.0050091985600747, -0.046982876318272006, -0.030119615945501003
0.061173872845389006, -0.00034759792295009997, -0.11523892699283, 0.010286063326239001, -0.016008711485057, -0.034676172630434
0.063869912254502, 0.0014042995335545, -0.13793677312152, 0.0039340369269689, -0.014830126873277002, -0.039191591663997
0.078866546905362, -0.003319993815007, -0.17409362982857, 0.0063087605370063995, -0.010439166022702001, -0.038145098015535006
0.066406387192007, -0.0060014198434508, -0.19744576468755, -0.0004960803023247999, -0.034955137449802005, -0.045361969745918
0.077482400326602, -0.0015585564015599999, -0.12296596990544, 0.0050956883147475, -0.023539857355044002, -0.040908242615894
0.07089057000153001, 0.004803187504267, -0.19263145853233, 0.0010774004691641, -0.022034613323582003, -0.038376491265831
0.09825197167085101, -0.0029092361151276, -0.16837333188003, 0.0076342137110495, -0.001712525428796, -0.043709285719132004
0.09828004220087201, -0.0022393745830393, -0.19995004267564, -0.0019417726426475999, -0.002591295761155, -0.051504905622728005
0.096490224285804, -0.0039856055250315, -0.1950677192919, -0.0007036820909939, -0.0006830636069476, -0.055602173359336
0.07434609629144501, -0.010637954350446, -0.21971174912188, -0.0009901605528125, -0.010540588145722, -0.056084644829667005
0.08996752428906, -0.0050789811103009, -0.16179845145237, 0.0011833139338965, -0.0079907754872315, -0.060637751500419
0.09515470725496901, -0.0079160009020815, -0.20074306911112, 0.004771382625124, -0.0030642835724897, -0.054483920047257
0.07682833766343401, -0.012273055988010002, -0.11029333699252, -0.0046952833591751, 0.015131746664376002, -0.055826225232853
0.073707717973263, -0.013760545978993, -0.07711493724639601, -0.0043748305763011, 0.0010399576215349999, -0.052218097984363006
0.049242559528284005, -0.021025479016802, 0.070176598601334, -0.011689333881305, -0.017992927288973, -0.044587230930162
0.035037098033029006, -0.017551157021465, 0.07373591045522801, -0.013640099655810001, -0.0037674102719767, -0.046150659109311
0.08609722564902601, -0.016301725596651002, -0.089320773630551, -0.0015566615686405, -0.01868244795381, -0.043073888710627006
0.062332342040620006, -0.015825747955718002, -0.10389997398523, -0.0009901077371216999, -0.025833765248324002, -0.037989875968668006
0.05731300680660101, -0.016218510670221002, -0.047566381480098, -0.0042905710173289, -0.010747635721497001, -0.035675951250004
0.052562950552836, -0.016388161779711002, -0.0030577215614806, -0.010193124411948001, -0.0058237109379069, -0.029848627433107
0.044143863299318006, -0.022919445670443003, 0.070380397435702, -0.010591244291458001, -0.013214553587513, -0.029167044602776002
0.034932290294190003, -0.028741775932650003, 0.078615519413174, -0.014414085496757002, -0.013971553498521002, -0.029592634125470002
0.064891233841816, -0.022320118065283, -0.0086581280205569, -0.005802222127305, 0.0012408681058199, -0.025124110043805003
0.03201922341114, -0.016399762763261, -0.016050215614088002, 0.0014487513088108, -0.013927932917599, -0.023882613348452
0.037841975216326006, -0.014932667264484, -0.0057191356062271, -0.011516517063551002, -0.0090959573836547, -0.022923925950855
0.040974575547468, -0.013092193129544, 0.0123723681019, -0.0069766593356003, -0.0032182266433217, -0.019537512264797
0.029771193272071002, -0.017469097185656, 0.053581111883581, -0.008905421779686, -0.013860822085861, -0.024715465014673
0.033081036482092, -0.02617655771067, 0.1138529851482, -0.019813170930824003, -0.0057668875676788, -0.029061819528904003
0.049235360652588, -0.017516752333035002, 0.014375184716779002, -0.0037791705166666, -0.0006064774518671, -0.025833929561836003
-0.015497787318242001, -0.017348363870943, 0.15123689156234, -0.011753306268299001, -0.036895671088959005, -0.025397903381888003
-0.11281384476906, -0.020252559006886002, 0.3215764856551, -0.025136698660041003, -0.032647379555444, -0.027748534408335003
-0.05927733042977101, -0.024655987733377002, 0.24976603747562, -0.022553932523352003, -0.0050499261348177, -0.027565796469294003
-0.10387493888596, -0.042053431432578, 0.43549745104337, -0.040884183305666004, -0.0068301404600840995, -0.027636279820263003
-0.07127359047975501, -0.05728640219581801, 0.34824302719592, -0.034359632048718, 0.021619461512107002, -0.020889353275193003
0.10512760841513, -0.03818194668384, -0.19625129431436, -0.009006636247112, 0.029591380158479, -0.030946901595688
0.18516743290798, -0.021779220325813, -0.36048045206731, 0.0053021924519449995, -0.0069148580501972, -0.021596711143225002
0.1185552317692, -0.019077520892792, -0.19558194215277, -0.0035008414649697, -0.005740413574052, -0.025323856466336003
0.05316220692121101, -0.022044546456093002, -0.079690818783252, -0.013420649096621001, -0.012606862811468, -0.025538129242216
0.075269283669237, -0.022476568988981, -0.09867365214742001, -0.0071756056778717, -0.02113841433412, -0.027394972320675
0.09677169229686701, -0.022258138505245002, -0.11742135424913, -0.0019683638382003, -0.039038236223103005, -0.027207160157924
0.096189311060189, -0.012406054876665, -0.12492392828866, -0.0049652230597782, -0.03267487444612, -0.026857992366111003
0.055370158283568005, -0.018396821861982, -0.1106533744919, -0.007610934920142, -0.021930571547119002, -0.021376691653067003
0.09382369846678501, -0.025581578175492004, -0.1570716972376, -0.016363989065642, -0.021611600319506003, -0.025568545421760003
0.065542454314963, -0.023735724526779002, -0.16469493833602, -0.011535955800255002, -0.05016897552319, -0.02321862325448
0.036585332401218, -0.011016332979756, -0.11824635700477, -0.009174939036590099, -0.072871711781043, -0.032850716852981
0.049997840599395, -0.016896545512894, -0.075207935679445, -0.0052812600650076, -0.038318756938508, -0.045487923271839
0.10540313458141, -0.011743798251901002, -0.33624221279888, 0.0021260594939077, -0.050888993615865005, -0.040521208626299
0.064614290530734, -0.0059994520100387, -0.23584663042225, 0.0040078836661291, -0.023411972144222002, -0.038170458602245
0.069880408789528, -0.0080087103977163, -0.26332889174123, 0.0092580908849385, -0.033865640743028, -0.039672688675243005
0.066616255381003, -0.010720496188093, -0.25892885449896, 0.011946064516800001, -0.041027805165054006, -0.040450715298584
0.06671270974741801, -0.012141968270061, -0.28314679595576, 0.0083238940417976, -0.08712005478592001, -0.047555106854310004
0.052918022047547, -0.014532402526618, -0.18912423780009, 0.012585771790449, -0.05420801008103401, -0.051930355229663
0.075052911893349, 0.0008890536687591999, -0.3609732260426, 0.017642137945331, -0.06595613619007301, -0.042244281326627005
0.057010397003945, -0.0070075526200815, -0.26288035554443, 0.011709317322454001, -0.044409800726648005, -0.046496072460334006
0.08212874358622001, -9.6726451854e-06, -0.29008054007789, 0.019077000726476, -0.052665588855152004, -0.049601304626598
0.039135036816440004, 0.0007387810525509, -0.18243933831426, 0.015567987925894, -0.06098815434213101, -0.041579237152405
0.0002226182755058, -0.0031051989885334, -0.12930830011774, 0.013094569196223002, -0.078364238535233, -0.044768752603213
0.041730951061278006, -0.016194562681183, -0.062807307204675, 0.011151251317293, -0.062855741238899, -0.048717599581374005
0.030392062827073, -0.010225235497036, 0.030047383855889002, 0.011891482895767, -0.027885409460333, -0.040303560041860004
0.11463788687783, -0.033036227282099005, -0.047462114029596006, -0.0024422309713321, 0.015512727148812001, -0.047234828056558
0.12106207804441, -0.030614365039047003, -0.07765992857471801, -0.0005341620217008, 0.025720913623435003, -0.05295127825645601
0.11625154356853, -0.028893786530557002, -0.12514732385497, 0.0032506931421028, 0.034037378740428004, -0.044924938770633006
0.09218315200568901, -0.027434279270583003, -0.16660507635654, 0.0015120261747865, 0.010802091675952, -0.037698499847161004
0.07357987081804601, -0.03118468317797, -0.075729760153633, -0.0015131734783947, 0.0070452573237517, -0.033900344531135
0.075424350703748, -0.025774562280485, -0.14014382677565, 0.0068636673966775, -0.0063945634425041, -0.035695410743856
0.045628309240667006, -0.022168769372508, -0.08820600649744001, 0.0042279447404057, 0.006698002214188399, -0.033836860445739005
0.047863115842356, -0.022960585089573, -0.07557984004802801, -0.0020915268063972, 0.0007154059845794, -0.025666383175499
0.052854896251180006, -0.018511116515945003, -0.021558785076662, -0.0054765921700291, 7.79026450276e-05, -0.020388407451879
0.021180140018477, -0.028413027811322003, -0.019637409298870003, -0.0068799905188922, -0.024431223316076, -0.020960791757804003
0.063098995872893, -0.031555388396834, 0.042846996643777, -0.0032146511234998, -0.0050042965986022, -0.025768485349883002
0.053667042415693006, -0.025343329971351, -0.09752508161669801, -0.0049958208229024, -0.032488630417259, -0.025074811302606
0.028799863949614004, -0.023281392798479003, 0.0090144392936472, -0.0045863739324077, -0.014254413444007002, -0.019761721546535
0.047757921124950004, -0.021558992383811003, -0.025107032690359, -0.0080754663585743, -0.018592901530665, -0.018601964148039
0.029389116143391004, -0.020809699365779002, 0.024941185935619004, -0.0071977888061666, -0.013425609364228002, -0.012606151642614001
0.030115891723374002, -0.02634188273942, -0.024310048022128, -0.0096614914202151, -0.03573332053864, -0.01731287077825
0.026167702540986004, -0.026203303328462, 0.082276297039615, -0.0076405799047447, -0.019037279994863, -0.023326747007846003
0.046003098660414, -0.022545811595899003, -0.050792300019220006, -0.0058823093744739, -0.03902799401989, -0.020912820889933
0.0098501182085141, -0.020805620031563003, 0.047325436563032, -0.009836462372387899, -0.012851075363402001, -0.022813117409818003
0.039511735700525005, -0.020660634094953, -0.0043994569131875, -0.008579200228884, -0.023500941905007, -0.018180704626006003
0.036748552839902006, -0.019696689041916002, 0.022748414839109003, -0.0093727263519704, -0.026489733554824, -0.014708400701098
0.018813536420378002, -0.018750346024066, 0.010562840019556001, -0.011890810927882, -0.050781821422209, -0.020985428259887
0.027069434842216, -0.025719815250616004, 0.11371810727084, -0.013857604982661, -0.025722663566770002, -0.026507775569446
0.040691570340936005, -0.018188609284263, -0.020289475288207, -0.0061742154001604, -0.045565923817924, -0.019386649104817
0.023435360256565, -0.021318602468774, 0.06597698419440201, -0.0084827205523048, -0.018271461545863, -0.019185134786856
0.046013118584602004, -0.01747518137432, 0.023767871475696003, -0.0075376837187427995, -0.017092408123039003, -0.016403710671561
0.022921262621873002, -0.016690811522713, 0.034223449835033004, -0.0083942816406308, -0.028061731394920002, -0.014389554060557001
0.024875045924613003, -0.018709003224102003, -0.024573766936618002, -0.011833191652051002, -0.050618809708443006, -0.019687303901235003
0.028357821472853, -0.018219279169231002, 0.046105014275967006, -0.007932833162723099, -0.033321170363549, -0.022241472416923
0.037261347570808005, -0.007440853584633, -0.067916746421276, -0.0038006817644185, -0.04866012019727901, -0.020440640137621
0.031577911961779004, -0.011134189755028001, -0.036513736405797005, 0.0008547151747058, -0.021623673391451003, -0.024239131573067
0.060154958228004006, -0.0099804683497541, -0.09852566875974501, -0.0035069050807032, -0.024905561003552002, -0.031492997220426006
0.041561536271697, -0.013556311861406002, -0.13378088371196, -0.0086770342964671, -0.028012457109085002, -0.031711590798457
0.041578882139043004, -0.013199338118454002, -0.18678292047881, -0.0068126110076283, -0.058257737653526, -0.041434283340613005
0.026616006281216003, -0.0090219173494048, -0.064189172949802, -0.0024578082168585, -0.041864861989441005, -0.044298245337895004
0.061806968001678, -0.004389253572877, -0.26354192771784, 0.010513586841544001, -0.05047454810709601, -0.047357772445303
0.042876135218874005, -0.0028970194915119, -0.20046387838717, 0.0006306719392503, -0.027240274550547002, -0.048436771015863
0.06437533073212401, -0.0063685445467263, -0.22541233186076, 0.0022632098699166, -0.01957490820205, -0.05263562389534401
0.049141645318953, -0.01159001915874, -0.29335192742478, 0.0047563075711012995, -0.016339002994577002, -0.06174785374870301
0.061289759417552006, -0.0093600755892382, -0.27274893182564, 0.0070078249801416, -0.045248268542001, -0.053338158730389
0.042440677006709004, -0.011061978945409001, -0.07817057200289801, -0.0015592073631357, -0.041884061172132, -0.061145247512142
0.0689105068049, -0.0061340828372199, -0.25165143082117, 0.0051783148843217, -0.053514051937421, -0.062214626815455004
0.057336884912788, -0.0099670103826205, -0.1985840438555, -0.0028809174446568, -0.039423227626741005, -0.054126456775694005
0.06624204480043701, -0.0065371329723843, -0.20373995300562, -0.0051375537294698, -0.029124606423995003, -0.052021510114889
0.060617363489906005, -0.020745923830329003, -0.11308390333531, -0.010415126191162001, -0.04028172550916, -0.049278866159194
-0.027619459150967002, -0.03181908229165, 0.09999382116105401, -0.012875834183565001, -0.043953118197483, -0.043055542362972
0.0040394049834577, -0.024253957925181, 0.12651684655224, -0.012058637594959001, -0.024594055962665003, -0.039400240456676006
0.070151409257208, -0.019469931569009002, -0.14998746358812, -0.003974559025657, -0.05692147411911701, -0.035654670257196
0.050802173376955, -0.01684708971972, -0.12604014179872, -0.0088996195992715, -0.048463657832904, -0.03148010596265
0.037845320673757, -0.01451814575264, -0.09633264185696301, -0.0091252506319264, -0.04422800062821, -0.030760889736635003
0.028194369377244004, -0.020360884232729002, 0.014631790616739, -0.0087777267415299, -0.028578922766775, -0.027192832141547003
0.0042090961810232995, -0.024978878595036003, 0.020087705626541, -0.013446870400611, -0.052400174373851006, -0.034716212022405005
0.02791932100655, -0.027928622196645003, 0.068783739357631, -0.0098680867774046, -0.05228512020845601, -0.026804711349988002
0.026418038492700004, -0.020061479433724, 0.0019361352057157, -0.0079495643286452, -0.054510584787859, -0.026446335490798
0.0018123661495695, -0.01658289938893, 0.056763422559930006, -0.012574752590487001, -0.036065008392768, -0.023139849495382003
0.012865320914411001, -0.015190982642145, 0.051321832474353006, -0.015225168129978001, -0.035008677888579004, -0.027375707529456002
0.021746768782635, -0.018607487732024003, 0.050372545677278, -0.015622062842234, -0.044734909861374, -0.022459091748776003
0.011525205786775001, -0.017483492881596, -0.019715304613748, -0.017215999396093, -0.06358638420226301, -0.024690912724555
0.030728410580588002, -0.018249522649062003, 0.06290193762578601, -0.013565091556302, -0.041492544023537005, -0.024813746334579
0.032877008894271004, -0.014495200229572002, -0.021445766137831, -0.016757152696833002, -0.057593750842618, -0.025065638583988
0.0096565993816731, -0.014357731855049, 0.056932268476145007, -0.017466340613636, -0.035013165481440005, -0.021146003723973003
0.035899299455759, -0.015036578059127002, 0.022126781412841003, -0.018550700661304, -0.040894066366067, -0.018454450660319
0.026124403318223, -0.014047406953288, 0.019164688047911, -0.018375848978565, -0.04390995756483, -0.015078987405621
0.032913778787229, -0.013246666013942001, 0.0028437290660915998, -0.027752686516639, -0.06212496070114901, -0.022321637340748
0.036829723430339, -0.016810953592488, 0.06923523565523501, -0.018851895102461002, -0.04743382795829101, -0.028352481517394
0.038002294423995005, -0.0046799500021618996, -0.014274401485308001, -0.013803894389568002, -0.071579825150374, -0.024037058187029003
0.014364548925719001, -0.005915944639341, 3.20340088162e-05, -0.0065354624052538, -0.051312387971915, -0.025381660536235
0.029033346535449003, -0.0067838368880464, -0.0073469954054451, -0.010535034027076002, -0.046721512937465, -0.029882726724864004
0.023628478251396003, -0.0063082230267641, -0.059675269886465, -0.0075895161002095, -0.045426541411769, -0.028136361417319
0.061307808749603, -0.010178157107168, -0.15858960201184, -0.013479597017962001, -0.068116778390106, -0.040559047541607
0.07498064727100201, -0.010377802531948001, -0.15859126313552, -0.0057383775365153, -0.05814030228313301, -0.042744271090918
0.055207076366296, -0.0030932253534597, -0.17054576319353, -0.0058437229282845, -0.0589955084019, -0.041965636012207
0.060735007301729003, -0.0048227609302626, -0.13954661079514, -0.0030739096990666, -0.034454637965241, -0.043658326841404006
0.067007179863214, -0.0078986644444725, -0.16296748921498, -0.0043481124321479, -0.025109712862658003, -0.047134838053839
0.07082889787179701, -0.007549766058453099, -0.20192589927797, -0.0042362689305094, -0.03811450318831, -0.048026960123912006
0.078777804642521, -0.013831944910781001, -0.28378828456982, -0.0047851226482793, -0.052371376515711006, -0.06069850631462401
0.09756186630746101, -0.016391275725746002, -0.20021943024044, -0.0013281291966978, -0.03649446134912, -0.058107059470014
0.10436819303074, -0.0096665197155178, -0.23915461074575, -0.0012640883784973999, -0.05202944467462801, -0.054301870485664004
0.080347182775516, -0.011668651495315001, -0.19939379598439, 0.00021609399228069998, -0.024919916202537, -0.06035297237594801
0.08150209367231401, -0.01324463772479, -0.25887603112667, 0.0050094727741091995, -0.018794554850539002, -0.065833456642389
0.084638897667643, -0.012876186872052001, -0.2018790027245, -0.0013715801779866, -0.036071451060109005, -0.059918558739878
0.073031666065731, -0.020161166925913, -0.19627450030888, -0.0072830517721805, -0.047391381939452006, -0.06381151822634601
0.069344279349108, -0.030070743380741, -0.049628327613625005, -0.0086991282839806, -0.017684300675425, -0.063347174175823
0.089846465622004, -0.025575794382306002, -0.09042641884162701, -0.014638135447828, -0.023963146231613, -0.059325289197171005
0.05964207003416801, -0.020741340514399003, -0.054633498428864, -0.014278614791694, -0.020192301329214003, -0.05156271377947701
0.064892513879966, -0.017244705570388, -0.030135714756308003, -0.018864616676531002, -0.019623937530248003, -0.046116305899851
0.05404094223646701, -0.02111127523267, -0.0050606243650042, -0.017118788135958, -0.030654841588006004, -0.044058499931175006
0.022595343012100002, -0.026895007586869003, 0.065301129120099, -0.018395437698839, -0.038883731331086004, -0.038356153218895
0.038980625784820006, -0.037191600442207005, 0.089639683721231, -0.02328507601248, -0.025661562739778, -0.042998041786874004
0.06695209731589401, -0.032218350901987006, -0.095974060877589, -0.021928938300284, -0.050521153079508004, -0.04379546167665
0.040076178357701005, -0.026641170198327003, -0.022917772917231002, -0.021226261464533002, -0.038433344129507004, -0.035490978069086
0.037179557310772, -0.020977573996321, -0.046377912986437, -0.019244453546663, -0.05080399785959901, -0.036295153496645
0.035523482634723005, -0.021916880347433002, 0.017096914342824, -0.022777883415693003, -0.040448147006254, -0.027745628117221
0.0088640571200156, -0.025325952541518003, -0.0039430153772674, -0.021716518583567, -0.06247577172810401, -0.030254919379806
0.048323607978932, -0.030248039385639, 0.066198316023307, -0.020170627668486003, -0.057564756155794004, -0.034995202982987
0.044247678002250004, -0.02575314808789, -0.055056997590765, -0.021575959307857003, -0.09001171378658701, -0.033674396215809005
0.028907308953750002, -0.023612342357654, 0.039385365975582, -0.019427581318273, -0.051489040874884005, -0.033739508239126005
0.031560412427653, -0.01827069541433, -0.009881393301215199, -0.022021625447876003, -0.04735924488697801, -0.029427992812640004
0.029409772365303004, -0.020086588487363003, 0.031424591036125, -0.023172028933938, -0.048793838633638, -0.025252579891606
0.037937606287534, -0.018923375581885, 0.021282368412916003, -0.024488409100817003, -0.077609269807682, -0.028219004719046002
0.045656816429299, -0.023868242724688002, 0.10470082872818, -0.024469216701251, -0.061848561276938004, -0.030248405078263003
0.065493326242507, -0.018742336560907, -0.023843608916367002, -0.020970253650195003, -0.07592868832857601, -0.034628843727475
0.031644638615202, -0.018782387566657, 0.029044715098040002, -0.02265268011348, -0.05018537853065701, -0.027016225508286
-0.011892856488905, -0.012705534335055, 0.10655626092839, -0.016852897443038, -0.13093950696035, -0.02820358467384
-0.21060056973254, -0.021748705130592003, 0.50506743299797, -0.046150172225345, -0.08521749141988301, -0.0072799768217189
-0.047960490683835004, -0.0077357560684798, 0.13946920884757, -0.016407724274418, -0.093591469519577, -0.010632057011958001
0.029892033657075004, 0.0002119698868872, 0.022470622889029002, 7.2353026222e-06, -0.11937162833016, -0.029266611339525003
0.049306432833172, 0.0086999750964741, -0.13002790816576, 0.009532293958609, -0.10004061616385, -0.033982731801481
0.12009984376471, -0.00030456215512539997, -0.380688409835, 0.015081651163372001, -0.08522945430102401, -0.036626362557600003
0.238013705161, -0.004755874972528, -0.55486367974137, 0.017183976785702, -0.075452649097799, -0.043127670861423
0.22890213803584, -0.0052503872834258, -0.64228202781161, 0.021218775524855002, -0.0880151313648, -0.050198639429804
0.19865355524055, -0.0032410996223267, -0.59242316248242, 0.017902194972633, -0.10909252343254, -0.050731735960417
0.14441951268141, -0.0069299172133617, -0.41111706756543, 0.008749092003067999, -0.1057618144124, -0.054934908827759005
0.17625850846388, -0.0047344846599552, -0.46905604515966, 0.015325889323949002, -0.11112167962342, -0.059593473348949
0.14792511469862, -0.0075757436749488, -0.38319045546964, 0.0087847928774826, -0.08832942679979201, -0.06011883484739
0.16291559059023, -0.009313591670019999, -0.37754726742474, 0.0082811782814634, -0.072605806931769, -0.059719007922321
0.14071314812225, -0.012195650839045, -0.34702163248455997, 0.0029454825330797, -0.087269544763187, -0.058124323883456
0.11211810058286, -0.018603060707617, -0.24286554006807, 0.0056693535123191, -0.080861783211709, -0.053800693166993006
0.09523049550583101, -0.025881681972945002, 0.0028830264260523, -0.0048974736854307, -0.069413717416097, -0.045203050133486
0.10106186959725, -0.021939701517527003, -0.10677007953065, -0.0079053466001776, -0.071233254080813, -0.046896749682328
0.09084223409158501, -0.017078081667178002, -0.16423731412767, -0.008918811977445899, -0.07371456466913201, -0.051128613037961006
0.061272913109204005, -0.016051831495663003, -0.12439326489993, -0.0089840778140563, -0.06539850352308, -0.039452659814004004
0.043751493962818, -0.017835474996838, -0.12499449087544, -0.0071777773354467, -0.066814660981401, -0.037891558066906
0.051295847426094006, -0.023341898129308, -0.060114056100818006, -0.015186778710998002, -0.076737115297554, -0.033892635855807006
0.060150958365007, -0.025793792050163, -0.0037518121796004, -0.011134642505688, -0.091233773758916, -0.035362124823329004
0.06346472006466701, -0.026173151214347, -0.051171295253161005, -0.012420269211363001, -0.09965901735943801, -0.032275693223674004
0.040320583189022006, -0.019433558663003, -0.052280967232733004, -0.01196259806251, -0.095385741944221, -0.028671399685599
0.032464514820573005, -0.015801236172417, -0.040880054345773006, -0.013265625057763, -0.08231964059508501, -0.028842874971715
0.035062772719005, -0.020077287122711, -0.048786815474843, -0.012110498665792, -0.088548553970672, -0.026443708538611003
0.04241414696024701, -0.017874127622525, -0.011095759532268, -0.01631514035398, -0.08622959022156, -0.027832708118199004
0.03603832453144, -0.024297015495968, 0.038789049565151, -0.013273287064278001, -0.1005528660564, -0.030038344380443
0.054545097653415, -0.019483420178021002, -0.019160332514958002, -0.019769579262085002, -0.098085953591365, -0.030322114546555003
0.038002578925824, -0.020737684056678002, -0.0058328426964474, -0.01889223548215, -0.09104177157090801, -0.029860729888285004
0.028933311416594002, -0.017263860702572003, -0.0012453863734814999, -0.017633696667053, -0.080074841854125, -0.033459358439134
0.050032427009802004, -0.020471642102585, -0.030086455398358, -0.020246520939211, -0.08981429068763501, -0.032874884130982
0.039772864740576, -0.020333739827129, -0.027140659017393, -0.024528363358545, -0.097124968691897, -0.038530254342071
0.022549658225471003, -0.024651062236976003, -0.08010026567838001, -0.02311873914803, -0.11631091474904, -0.040860555993074005
0.033374980123957, -0.014536034585449002, -0.014839513831123, -0.0083029789676697, -0.10891957335761, -0.034618185561068
-0.0079026958106435, -0.0080777834616388, -0.075160894314875, -0.007581180412255899, -0.10737483803562, -0.027009569669450003
0.040948032745884, -0.015641810810734, -0.091553216960501, -0.011651094974659, -0.083797297882878, -0.040525195087970006
0.06159935048469101, -0.013606005876271001, -0.12371215372426, -0.0076102422921993, -0.08741661856520001, -0.044657097078564
0.042507019915726, -0.0079050431310026, -0.14647139286069, -0.0068634837368693, -0.090088923029378, -0.034994418557952
0.06428492997825701, -0.012876352256968001, -0.25807066315767, -0.0028670596603916, -0.11742346509152, -0.040305323434719
0.07482314255125601, -0.001736466154218, -0.2990217443373, 0.011498354783408, -0.11799049446176, -0.049064686221314005
0.059563230439863, 0.0001911810314255, -0.28691954967227, 0.009522806995764299, -0.11767618464213, -0.044864122042354
0.10263327709017, -0.0026700587950829998, -0.30914547796441, 0.016435407857557, -0.10324966153645, -0.052760577899173
0.11945616249309, -0.0057538584045633, -0.35266432711363, 0.014413612326520001, -0.09315373626857301, -0.058919159119146004
0.10864499342614, -0.014090728537438, -0.3590769598195, 0.0060954477134905, -0.09020376618320601, -0.06990050808213101
0.079558755517678, -0.022170779169898, -0.36691491821211, 0.014786587018068, -0.11327032860656, -0.075026663042144
0.053785042950135004, -0.025600467001265, -0.046057739800696, 0.0093582384129801, -0.08157695434187001, -0.070533410926855
0.08351786898706301, -0.018502339085074003, -0.16802506555458, 0.0029032690283477, -0.09872494208162001, -0.06507667096644801
-0.0052531450305982, -0.022913856138283003, 0.07189323763579801, -0.015902242104184002, -0.092426020923472, -0.045118670852731003
0.039135942353479, -0.013655228414699001, -0.15774815111046, -0.0089135151177594, -0.089277481508044, -0.044587243326739
0.08537652646014701, -0.016360977646364003, -0.19293104391072, -0.00472340811133, -0.09204675152257501, -0.044651470840525
0.066318517572982, -0.02282040751709, -0.14898742564516, -0.010781401054300001, -0.099367614436732, -0.044523754960252
0.065298239259562, -0.033875591985230005, -0.08716430784968, -0.014967112673992, -0.09441903675453701, -0.051062675511073005
0.070311934515838, -0.027713416992311002, -0.14457431696604, -0.012588967995623, -0.10852761974096, -0.049440310702536
0.037504346347425006, -0.021220633776526002, -0.06250606411176901, -0.015625118381830002, -0.10052848852169, -0.040378006599392
0.038310716688831, -0.015420251259950002, -0.047043112436792, -0.013230668521813002, -0.086810492227023, -0.03696868764266
0.042985743683580005, -0.020324558972572, -0.030503465441368, -0.014293986607642, -0.090713535286392, -0.034772526087881006
0.04391989871133101, -0.016229965633877002, -0.053341884901659004, -0.01681202162276, -0.10689749748757, -0.03218732634305
0.05594064248081, -0.021337981156062003, 0.010972004816478, -0.010938587740396001, -0.09804872527203401, -0.03715299873036
0.042138341093605, -0.015919049431281, -0.040423300086273005, -0.012706234710109001, -0.10631782768559, -0.032704943785225
0.041011735226606005, -0.014724037398969, -0.0059905532673589995, -0.014628077309218002, -0.091232696284267, -0.026596009361450002
0.05538885920664, -0.012219774547400001, -0.038236514475154006, -0.014441153086133002, -0.09195285906483801, -0.026463201955101
0.038587504042494, -0.016197517740571002, -0.024298949391062002, -0.017392219378879, -0.086158522739154, -0.028717839707278002
0.055624453341044, -0.015442912218180001, -0.0064711242267589, -0.023009033987187, -0.10499271118563, -0.031096539521878002
0.051058356884493006, -0.019092501268559003, 0.06669510818391701, -0.019041336076786, -0.09445140315342501, -0.027820288914729003
0.057971591347708004, -0.012546148598293, 0.017121133722153, -0.019415172468869, -0.10341233606752, -0.034603731061317006
0.026805937492448, -0.014368253270142002, 0.028866500862222002, -0.021343581069271002, -0.08606562512981601, -0.025222297282071003
0.049183071731208006, -0.013154986793053, 0.017481230192233, -0.020742342772168, -0.09049602314117501, -0.028220647844223002
0.025833342658818002, -0.014495008594133002, -0.017685126620013, -0.023355919699253002, -0.09603129389607401, -0.024504873504332003
0.036542363537736, -0.012665626987486, -0.0043905819086354995, -0.019551602536229, -0.10729154201505, -0.028041440418760003
0.030087170349638002, -0.022030997844847, 0.11343829099802, -0.030557701516600002, -0.10849782385755, -0.028788872041589003
0.044785790862745006, -0.011855597702805, -0.0089034564626154, -0.023086381137352, -0.11130948668136, -0.029088246324028004
0.023228514109530002, -0.015154379423506002, 0.043449430337893, -0.022511837511521002, -0.10513611809313, -0.02651685255326
0.037441362819846, -0.011517867152537001, 0.021920501475525003, -0.021750764677005003, -0.10241555742781, -0.028579647358514003
0.041268721126631006, -0.014158942323679001, 0.0033568085910324, -0.021621030480233002, -0.10690897506673, -0.031254152017403
0.048335638878097005, -0.012744838319180002, 0.019265300997292, -0.021151799106384, -0.11381886642159, -0.030671071721267002
0.043360431642384005, -0.016166880644662002, 0.05222630694676501, -0.024324706601747, -0.11807981456676, -0.031672820125159006
0.046909380237830006, -0.0052269674224444, -0.023379851278443, -0.015201254246473, -0.13174151298505, -0.032740465434102
0.026648887720571002, -0.0059753822527584995, -0.039897399759769005, -0.010007778461371, -0.10756780742493, -0.028535523650417
0.05226840261822, -0.0046072978229018, -0.07826417537013401, -0.0098403048682659, -0.10909976672402, -0.035010150513751004
0.043550689766468004, -0.007878092037829, -0.1077868978608, -0.010622862673746, -0.10808225660439, -0.035055254519219
0.07755985872719201, -0.010240990402265001, -0.17556939855323, -0.009529614568215999, -0.12638841892464, -0.049589023523552
0.066362870783138, -0.017370253650271002, -0.13705012697066, -0.0068307871665263, -0.12417235508157, -0.053739137830653004
0.083945500648613, -0.0051740265375507, -0.21725313733111, -0.0026829476470341, -0.12517004402297, -0.049841680947442006
0.058593425490894004, -0.011345471716052002, -0.16783510294419, -0.0016024758184551, -0.090467582828353, -0.055474618255776
0.08023305922918601, -0.0085944062419521, -0.1972777106106, -0.0077206878288662, -0.10027065464522, -0.056412068847017
0.06504730650581, -0.0088969327382978, -0.20816613471395, -0.0085886190145808, -0.09943350686967901, -0.058137392347421005
0.066290950392091, -0.015728522269964, -0.21115937777352, -0.0087985722003893, -0.12622721128297, -0.063258283501868
0.065018369518498, -0.021653720821281003, -0.08438733312431, -0.012362897665537002, -0.10039652466915, -0.063716712301113
0.08348767671863301, -0.016342537877154003, -0.16501837061661, -0.012045269009871, -0.10445898451411, -0.060371399972661006
0.042795547020025006, -0.025135463387189003, -0.023509673447463002, -0.018836563362651, -0.09111283908551501, -0.051179574203293006
0.053207781558612006, -0.01819620684782, -0.012337833161676, -0.022816422732323, -0.09703553330337901, -0.045723941518677
0.05159686929236101, -0.016885736364068, 0.018575045884463, -0.019022735836645002, -0.098313106222032, -0.036030496847993004
0.022849269716391, -0.021515526009781002, 0.015864621493105, -0.021172170607797, -0.10172782704831, -0.037844535574028004
0.021986293521221, -0.031151914594405004, 0.050719615564822004, -0.021891703816221002, -0.08941452532572301, -0.04573888443375201
0.049134960774876, -0.021371109678529003, -0.12755313117162, -0.022262221362284, -0.12677604839151, -0.041138198300182005
0.025282322449266002, -0.020953302935348, -0.031404561132416, -0.021825125172659002, -0.10454856665798, -0.035906503708571
0.042742580213462, -0.015683453432432, 0.0026574446419087, -0.017293362175814002, -0.1028022839062, -0.033017348494992
0.031571379143908, -0.019274349795675, 0.054088160821331006, -0.019761682080416003, -0.10415858629554, -0.029408147768023002
0.012036883519295001, -0.019471123353292003, 0.062549547644593, -0.027036429315058, -0.11935864356178, -0.034653345813407004
0.0081754815231523, -0.015058473884894001, 0.16667922437316, -0.02431775022029, -0.11644953657994, -0.030761039254629002
-0.009408263535196, -0.0093997398899675, 0.14050544652586, -0.024116694979486, -0.10414221103071, -0.025300799192761
0.06015003078494301, -0.019011204028590002, 0.015691277420651, -0.024650664480357003, -0.08424021664491001, -0.026518036729505003
0.07995226222830601, -0.022045780600275, -0.064508718093086, -0.012932613962172, -0.098386139310618, -0.030114262631356
-0.20885157460355, -0.027163599287725004, 0.4460715862705, -0.041571415919805, -0.08137426783446701, 0.0095500038071137
-0.11885382276779, 0.016558251684948, 0.13680099634555, -0.0009535893717173, -0.24685245743279, 0.012113516293629
-0.15370591949041, 0.038458207226332, 0.022386949143069, 0.046486076224948006, -0.18146901673193, 0.015894519363534
0.3529582530371, 0.14489620423182, -1.0471152604683711, 0.21559409102525, -0.276674890906, 0.11253308145392
0.24864771290684, 0.15720551097004, -1.6092766319613385, 0.21962467411172, -0.31038260038631, 0.098105689623214
0.48701694517694, 0.12020877925797, -1.3165334424466744, 0.18288318287266, -0.12706862217544, 0.09182345322245
0.26505738177052, -0.053726685130875, -0.85252634410611, 0.077388871018575, 0.049761240777263, 0.065473156057648
0.082797538782811, -0.26134471205119, -0.63929957228562, 0.02018292641213, 0.13672962776637, -0.0028138736026533
0.1768797625117, -0.23318731799836, -0.52294007394659, -0.0060043409012633, 0.08485533480297701, 0.018112787409833003
0.25244009083814, -0.14158266939587, -0.71342175238512, 0.052944467552630006, 0.11186004910588, 0.037807693944312
0.13977340477778, -0.08911153605999901, -0.50962212963532, 0.074930933492983, 0.050449264706863006, 0.062453224251479006
0.11712002241668, -0.095927599456675, -0.48025639581363, 0.055402914929845004, 0.029308583671255002, 0.06825891037038301
-0.015367529746001002, -0.14847929617064, -0.059314597452927005, 0.047717049590867006, 0.027716151776104002, 0.0178684778398
-0.06283541387364901, -0.08202771139760301, -0.24561598088508, 0.07331687110444701, 0.073515689237394, 0.044315037278684
-0.161232304554, -0.08949848443809201, 0.23348494763267, 0.021100629725473, -0.010581845602291001, 0.024217334249832002
0.020137369870676002, -0.047123020258287004, -0.57913390231044, 0.10299173562065, -0.078892828665967, -0.031655339046166
-0.26740478217931, -0.036869890397466, -0.55827538687377, 0.083252797368975, -0.2553502796349, -0.04385665864814001
-0.22605993282783, -0.067069615711457, 0.16130262693594, 0.008628860233942999, -0.12362432765882, -0.051213617441862
-0.08077286387919101, -0.09759456211879101, 0.12322287268955, -0.0058780210568813995, -0.029622158610533002, -0.10482524096979
0.10852397097361, -0.11091872548593, -0.42278806358203, 0.0032851964656686, -0.07194404736243501, -0.13453664252514
0.19414304964539, -0.13709396587085, -0.43157972981893, -0.0038705174229926, -0.062476601565757, -0.13305923861319
0.09654431643055901, -0.26467158084928, -0.031667267879227, -0.056124791610644, 0.017649240432910003, -0.1680062922407
-0.11731402035388, -0.3567853102074, 0.21626011802292, -0.079150703759666, 0.07922227020490001, -0.17207250034835
-0.097695500206374, -0.30701836552188, 0.34499370886831, -0.11036816694055, 0.08286952663183901, -0.15430051114166
-0.08198006599986, -0.16334483758865, 0.26046254609978, -0.066729321074214, 0.037288004025404005, -0.078142374895457
-0.056287956041873005, -0.09166453677259101, -0.044233602498433, -0.026075085619071, -0.0054194048272876, -0.055847662050700006
-0.039810518311584005, -0.11941876314646, 0.14369046041379, -0.02457875506321, 0.015913900227678, -0.075227572230658
-0.016425919091882003, -0.06425753543224301, 0.14670380380484, -0.028789280479951003, -0.01968144075152, -0.062766800367398
-0.036516558476765, -0.039808605473867005, 0.1120309105233, -0.039453335292140006, -0.038099927406770005, -0.027523524118718
0.0041826602534699, -0.025682420766348003, -0.0089922045050799, -0.03855393670036, -0.042604421583804, -0.011711238371884002
-0.019768971954480002, -0.017544125577643, -0.017844983893727, -0.04772513390422901, -0.09778717913861001, 0.0002774052353316
-0.13488871455586, -0.036830086890292005, 0.19738834583258, -0.07364841979271701, -0.09611606454884301, -0.0065659131345255
-0.086266646244884, -0.040247853138838004, 0.13614880810682, -0.06925011162757301, -0.10057216370987, -0.003852319666773
-0.07746867833724601, -0.037581011966139, 0.10617527532951, -0.066009515515964, -0.13851335237754, -0.0060067732983751
-0.090848682907469, -0.033497612862476, 0.096668198005944, -0.057858492913579, -0.11367503571711, -0.019348025275591003
-0.032611123599991, -0.054371501760699006, -0.18849227779248, -0.062831017252369, -0.17171461899473, -0.038757859060629
0.024488789073759003, -0.096174585514637, -0.3134111951221, -0.064503248897278, -0.20733128887137, -0.06293587189190701
0.023395050944085, -0.20538283049109, -0.32879354794358, -0.050067682090225, -0.17911688099486, -0.13349815734314
-0.021917097654161003, -0.30368044054607, -0.33073123815994, -0.04880064450694101, -0.17917619543999, -0.17834746172844
-0.032153593776598, -0.31715557508174, -0.245222259426, -0.054194177173734, -0.15499364447746, -0.18249202642793
-0.037949018002725, -0.21828955875876, -0.22594510409145, -0.032864888309290005, -0.14151941500898, -0.17953796802243
0.08552190364185701, -0.10524033089339, -0.59766287010215, -0.037117332606776, -0.10955440945471, -0.12285813434697
0.088164045171083, -0.058107616641461, -0.54732729834135, -0.025323877421801002, -0.14182047737291, -0.10557251667983
0.2396342831562, -0.032617751985298, -0.80075983968841, -0.015487456868317002, -0.13889610791175, -0.08109655792997
0.26608623106709, -0.023258693382952, -0.87307226600074, -0.0029899204956617, -0.13662388972965, -0.07775506746867901
0.30452274937548, -0.017562852498986002, -0.96691184193099, 0.0093161167584636, -0.15950163246984, -0.075946393860904
0.34285305114995, -0.010625660962915002, -0.91770059089861, 0.0084887874262853, -0.14069716454791, -0.07201957456057101
0.27962734411489, -0.024684601941867, -0.68078984499285, -0.009509605753772, -0.13046329191123, -0.07005729942335301
0.080876291679444, -0.050873018332180005, -0.1539279937629, -0.039530901587165004, -0.099391740943901, -0.043268229099784006
-0.07172012787434501, -0.04134411133857201, -0.022224562286561, -0.049801015434775005, -0.04532012729108301, -0.027229955197411
0.020714679498068003, -0.044641433748733, -0.1610013620609, -0.048892504175788006, -0.027453751334249002, -0.016492477476372003
0.10596184360039, -0.04269687030302, -0.20999764911334, -0.057132276510227, -0.030937842998897003, -0.013797917806829001
0.091123384768672, -0.042089296448424005, -0.11641489119033, -0.058083996844637005, -0.025296807766117, -0.015141211542832001
0.07078214680823701, -0.043981754632182006, -0.0073650938286807, -0.062051017199223006, -0.014227378360124, -0.005721964665009
0.0479871747922, -0.054669154232756006, 0.07623317638579401, -0.06549083028423401, -0.011722170435243, -0.0049072768020963
0.058159789147664, -0.06516476361358, 0.081648152652128, -0.06965587733728501, -0.021098842464213, -0.01301769179351
0.0527380974401, -0.070170268587094, 0.10011568933434, -0.071985821236502, -0.0014580555114071, -0.015525794982918001
0.024399942494049, -0.066100493966555, 0.095959027383197, -0.075425688651766, -0.013403433522658001, -0.0087156761871888
0.03338819202355, -0.05990129658528501, 0.089357204665861, -0.07469259729157701, -0.015936146582433003, -0.012355256319803
0.022719852431647, -0.06010549470682001, 0.12113534300784, -0.07815839341134001, -0.023844004438032, -0.0042923612161934995
-0.0028491724399372998, -0.056771823475611, 0.077585997759959, -0.07315783208628901, -0.04729013812916601, -0.0022210580667333998
0.0032449916302145, -0.06609359288670201, 0.20510062340461, -0.084764663122617, -0.039743281783253, 0.00041406963357999997
0.0062439858919956, -0.063555552161036, 0.08581343375334301, -0.08129751801099101, -0.03962589819051, -0.008170282410775399
-0.036420861691286, -0.064590955326674, 0.18418084917018, -0.092400818500733, -0.031792411274370005, -0.0024854738570157
-0.012541634350636, -0.064397602339043, 0.14110469468553, -0.08572991802053101, -0.028631222446004002, -0.0005506862452625
-0.019506403100064, -0.060029213695944, 0.19292238409626, -0.093469558515333, -0.045784019878164, -0.0019230375476384
-0.058782344804246, -0.06265127453194201, 0.24418505069769, -0.098180483603668, -0.076458703624857, 0.0012733150890684
-0.077453156799535, -0.070915108582475, 0.36002652392058, -0.09714893408369, -0.06134164270729801, -0.012011801925236001
0.018986905827245, -0.073460383056745, -0.043790077823538005, -0.091156479812268, -0.058106952927751004, -0.022907195836322003
-0.019485911358531, -0.072136802678488, 0.06035719422679801, -0.085894848327226, -0.070970084838872, -0.019574907422154002
-0.029672382938993002, -0.06901274115766101, 0.10710895200663, -0.086858027092249, -0.076863893179945, -0.013529055726537
-0.0087980024027338, -0.071951340419105, 0.011620767225167, -0.089390984010231, -0.060415563390094004, -0.023904223763033004
0.016287725616741, -0.070616394805775, -0.12782201011177, -0.085884187262191, -0.071153671715137, -0.037115746315923
0.0043902187215842, -0.071162603275756, -0.06849603577048101, -0.08172477324609001, -0.054047719856897006, -0.046302585859067005
0.055131824336165, -0.061843733195516004, -0.29204205603202, -0.08359010533644501, -0.084421167183907, -0.045048696463982005
0.021911398853424, -0.06264137054005, -0.17670745029502, -0.07689323341097401, -0.067827676838739, -0.035370189158677005
0.024172670723748003, -0.060388918994759004, -0.14362764829141, -0.076927462153248, -0.059383367723036005, -0.035251646977521006
0.0001546825483712, -0.063241567122682, -0.1313574936532, -0.081649571879745, -0.071764355228908, -0.03141908815595
-0.0075618347026897995, -0.063616317578833, -0.1039653954452, -0.07929599506434801, -0.08933485139369, -0.033887130260808
-0.012113488982143001, -0.07202126299832301, 0.062686313365945, -0.077489705355924, -0.060229471261421, -0.038985494234925006
0.021613279084632002, -0.060206795768953006, -0.12878405601609, -0.08011530758754801, -0.08343935877986601, -0.028003374587099002
-0.017367661462353003, -0.07005519446073101, 0.012911834477164002, -0.076755507921101, -0.052149175189813005, -0.026839194296860002
-0.022821218686007002, -0.067492604593404, 0.051152354662022004, -0.08228721088611801, -0.066254335127407, -0.012490593964145001
-0.031636262908926, -0.067803957827338, 0.17270990222694, -0.08819559515765901, -0.065443006520554, -0.0021562282116285
-0.026008799235983003, -0.064877261401648, 0.10481475094226, -0.085317910743398, -0.074347837096694, -0.0030128960578393
-0.014089214354623, -0.07132558447715101, 0.18599746407292, -0.08453002393607001, -0.082504198528, -0.0091610970197053
-0.08837042689949101, -0.04878287683057601, 0.28378421044142, -0.084614230698396, -0.08913723139399, 0.0059694005805496
-0.12383861770963, -0.050574388789948, 0.35802173867198, -0.085654992633424, -0.05576172596369101, 0.0091704046878984
-0.099850478479481, -0.05960970906971601, 0.2958180612882, -0.08730978030699901, -0.027297894464450002, 0.0006584080063383999
-0.030358305636761004, -0.064533509662048, 0.17513067727677, -0.080615758889404, -0.015643872137379, -0.0044060713556457
0.042308532338911006, -0.067763754822695, -0.010178695741047001, -0.07030527960021, -0.017811689429955, -0.015201540144221001
0.10352182826195, -0.06502545161194301, -0.09806416916284201, -0.073724976862546, -0.029809198091757003, -0.0091325178224944
0.10187715270675, -0.062197095191805, -0.096203525900829, -0.07574283252579, -0.04151619680787701, -0.012932535752536
0.075483845262998, -0.063109134487299, -0.07860961824366301, -0.075279109033624, -0.035064073190617, -0.0071450451791896
0.081194035109835, -0.061368541769137, -0.05587166573345, -0.08552684036062301, -0.032055081864644, -0.013075987403798001
0.045378824889171006, -0.056179983431349, 0.0067764273637400995, -0.080181416619216, -0.040485241724961006, -0.0012250862676589
0.054519417658891005, -0.05760910242183401, 0.0075997722286086, -0.083793592606098, -0.064201853191097, -0.0053214315853357995
0.024141463820661003, -0.061273372973839, 0.11173191468445, -0.079068097008649, -0.053741139927966, -0.0095442416201934
0.050842755969811006, -0.055442548549341004, -0.036935032859953004, -0.08048356380770001, -0.055555458908167, -0.00923818332321
0.025139067078679002, -0.059766065196389, 0.034437166515596, -0.072276396112946, -0.038855102182526004, -0.0034842958412539
0.0011677670534301, -0.058647675561662005, -0.016254250349532002, -0.078022884288049, -0.046362522073384003, -0.0086811002881339
-0.011450802604305001, -0.058392467603962, 0.07979907652663501, -0.07430822025611901, -0.055066267817093006, -0.0018681925201451
-0.023568263653237, -0.061065320062964, 0.054660482365865, -0.075375527775909, -0.070602653406243, -0.0069612812780420995
-0.031863819729334004, -0.06596756991882201, 0.1870622931746, -0.077074863301948, -0.05894230645718, -0.014473432644159002
0.050563205037838004, -0.060897279436113005, -0.16969387288461, -0.069010050419025, -0.073363473884946, -0.015711363485325
0.040345136834671, -0.057133321543379, -0.09610311429292501, -0.072112706903263, -0.05556570541762901, -0.018642971936972
0.07912451228398601, -0.05470148361475401, -0.13144703611396, -0.07627156095451701, -0.059585698685622, -0.016024614125413002
0.027979245000165003, -0.053413052420895, -0.048446867616355006, -0.074377284505812, -0.052553049866782005, -0.014142873285662001
0.015645114400542, -0.05608518065541301, -0.060248806741235006, -0.073006176857449, -0.07305753220370301, -0.021153796269249
0.025251670001887, -0.058541119788927, 0.037075273393587, -0.07241084297873601, -0.046986788811081, -0.020714305384751
0.026377414062787003, -0.050877669239433, -0.0009633767636529, -0.07386395181433, -0.057450156664816, -0.016383816346848
0.0051969313207338, -0.05417786832038501, 0.06585029195998, -0.07360223689836201, -0.046073437335838005, -0.013786383245781
0.010385863080631, -0.056364263181841005, 0.1122282036474, -0.078309551966858, -0.052337889352454, -0.0068792428413049
-0.0083794340220024, -0.056756550860321005, 0.18810117551344, -0.08442324351552201, -0.047151364043986004, -0.0048684457781756
-0.058721461606035, -0.053934404210088, 0.21638048032555, -0.08412554559669201, -0.054322972191460005, -0.0021419603902313
-0.06369487492931701, -0.065462868405672, 0.28905677014156, -0.08896423361177201, -0.04422839503319, -0.011292745677907001
0.0005646420957782, -0.06432317129202901, 0.10110493450061, -0.08018000211711401, -0.07446094064966201, -0.0099256615316273
-0.014946811138842001, -0.061793857675759005, 0.13792319805804, -0.085674765049276, -0.06856510669863, -0.0035283847582642
-0.016720591533609, -0.05931613332740301, 0.15305959478721, -0.08290368198313701, -0.064526796885627, -0.0013030038556565999
-0.023955313532617, -0.055691878235412, 0.18158544923948, -0.085997154114075, -0.06646648484906001, 0.0048262581289877995
-0.038008676785422, -0.06209384141022901, 0.152289058462, -0.083428968389371, -0.088321302313538, 0.0003342505291119
-0.032644065510428005, -0.06367641998859701, 0.22939035193966, -0.086287713700919, -0.076335817671628, 0.004412656871871
-0.026180425512256, -0.052201200892703005, 0.16493783863005, -0.076450628735793, -0.09071048819559101, 0.006151941507444
-0.046379970978967004, -0.054926732001953006, 0.2173968868811, -0.08479752955804501, -0.068852560132624, 0.0041295271578945
-0.031677486231546, -0.056924539456858006, 0.1850716010135, -0.090247530963972, -0.072614365901461, 0.0041930575116481
-0.029909405325102, -0.057115233178054, 0.20130607748674, -0.089835874763438, -0.07480903157876201, 0.008504871115142299
-0.023382073367379002, -0.055171135006513, 0.1650802897009, -0.083079466502417, -0.096523649692401, 0.010498994157640001
-0.047547050338225004, -0.05884713126696701, 0.27387209024482, -0.08348883565680401, -0.078510979632349, 0.0028553560104781998
-0.032735432773716, -0.053758875728664, 0.15519974893384, -0.08572481065581501, -0.08532145877720301, 0.0086367706634765
-0.058772781289338, -0.051469447725228004, 0.23208912340211, -0.08629269405692001, -0.067170767784794, 0.010120385407918
-0.013819071169251, -0.053237090832310006, 0.20268076416019, -0.08174872913669101, -0.07881000025684101, 0.0067994414696334994
-0.04240670100596, -0.051150372676740004, 0.23681164386561, -0.084650228568609, -0.08119963269327801, 0.011251023584257001
-0.075883220845193, -0.050315911900825, 0.29784894237318, -0.089066782569828, -0.10839853121334, 0.013027330377414001
-0.1332884787478, -0.07821730195970901, 0.5807904926631, -0.11054335829145, -0.077827845799336, 0.0072354967142276
-0.17054027242903, -0.1105531353154, 0.53819827408814, -0.11337245850937, -0.055487607820429004, 0.02564401378501
-0.26408929646808, -0.08761823207189201, 0.65214686720497, -0.11025427916105, -0.0006972972322901, 0.065684362693584
-0.23919715053251, -0.044836840112765, 0.69950572388582, -0.1136151226426, -0.0074064092735679, 0.13850597370221
-0.34960804380587, -0.07949165139821901, 0.77119386062307, -0.14248147962733, 0.12617174285407, 0.16490813476914
-0.19329129260043, -0.08032215954119, 0.64385570372555, -0.13482691330279, 0.1348760800159, 0.173920352729
-0.19774850607165, -0.1107578705599, 0.52714493882087, -0.12528212424523, 0.10893225138018, 0.12965170941061
-0.21496497257556, -0.16295488907899, 0.69435060621558, -0.11551720499008, 0.13077682790376, 0.0771756464655
-0.3013883767617, -0.19831834502938, 1.0104112742295623, -0.15159850864274, 0.072149192843054, 0.05568582849905201
-0.70474690448502, -0.23186059787077, 1.4066235203797102, -0.21291630447804, 0.14356387222677, 0.091207499195603
-0.6770233056386, -0.31829502149794, 1.5834155389764193, -0.2380349916605, 0.18312352181132, 0.028759450508799002
-0.53563236812994, -0.32966327281583, 1.4314293726317202, -0.21849609373918, 0.07552661987898801, 0.012190101253761
-0.51433054197318, -0.33298208189983, 1.3143225954761975, -0.20438443619082, 0.031612912911523, -0.0058529429055639
-0.53261439105984, -0.33434073961215, 1.3028840970606264, -0.19281711104318, -0.016060539719331, -0.010819243377417001
-0.57680453204077, -0.36867336106293, 1.3531614871121325, -0.20666965341885, 0.0078702830442406, -0.059308754985783
-0.46662570610132, -0.40180031842988, 1.1667441021759655, -0.23500087750285, 0.0052927356986252, -0.10124311611881
-0.34667054777691, -0.41475511618548, 0.94787312049274, -0.2236984420533, 0.052745389818593, -0.1458495117049
-0.22317788399407, -0.37526585283067, 0.72000939530111, -0.20322170318993, 0.17547392678997, -0.10112284818236
-0.19230724232317, -0.3135001040217, 0.429744629714, -0.15673890336828, 0.32889353101153, 0.016637354495316
-0.13163086830382, -0.27764847942001, -0.13968586414134, -0.15832043284092, 0.34357612713633, 0.037572048057719
-0.12400850907254, -0.27209363587349, -0.014424195451630002, -0.11237967595847, 0.25919142304872, 0.040508934890919
-0.026335056684420002, -0.37312574492771, -0.1366213448582, -0.031851956410723005, 0.16602630816767, -0.10159378814606
-0.068431934060728, -0.42680558855634, 0.06937909009908401, -0.048164396388972006, 0.13176348315699, -0.14998145628602
0.032908964551597, -0.2560313371382, 0.041542272689844006, -0.026835860458050004, 0.14086593825162, -0.090028599473674
0.035125024513157, -0.09812948916043301, -0.3033878964886, 0.049779205476371005, 0.07996243778498001, -0.06082303390961401
0.012516158972670001, -0.087829250724214, -0.33308133342733, 0.047313014083773, -0.0078224411798042, -0.085936080646744
0.25621600672923, -0.11497680769393, -0.39987918026543, 0.06736592464332501, 0.015169534878434001, -0.11111698711303
0.12048769471753, -0.011563807221187002, -0.55805019884245, 0.07509483692331301, -0.028129092913817003, -0.01648378126815
0.27994388708208, -0.0075567455223484, -0.81945936556176, 0.07477716572215501, -0.06351290766186, -0.0023854281375643
0.32306894290239, 0.006458072873982, -0.86012737667773, 0.07155261320156, -0.095603214180232, 0.009407689903162
0.32483386209497, 0.017351081003923, -0.92153576638428, 0.074469475515706, -0.12423596167815, 0.036061843133809
0.095711356773298, -0.031995924913184, -0.2796623536301, -0.017524447086775002, -0.1842196100718, -0.013185061679880001
-0.046779667530165006, -0.058544919121666004, -0.15963438684941, -0.041742733765955005, -0.11105382718913, -0.024409236633667
0.16000094554576, -0.051850900003952004, -0.36897795305781, -0.048343218037515005, -0.16730989208502, -0.031296020939644
0.1026570534273, -0.064018319565812, -0.40086258858355, -0.025061797943223003, -0.15523342408922, -0.053841867152522004
0.19458189498316, -0.079800189886435, -0.36627676147688, -0.040854973878155, -0.10867598640821, -0.059610127455322
0.17502562535611, -0.09423737944084801, -0.22808613612695, -0.06874003736567101, -0.040797562758119, -0.057764087482115006
0.13915476128273, -0.082774356279656, -0.21586601404984, -0.09062886886490201, 0.017370278451119003, -0.020951289785448003
0.16163565865378, -0.065566380577718, -0.33035019134701, -0.087855279774288, 0.066000196361938, 0.011275105412161
0.20191150727685, -0.059914481530714006, -0.33439180748727, -0.08154060568238801, 0.06427453567405901, 0.0069960842414875
0.25335731075497, -0.054235443516233, -0.5593901119667, -0.08249897855254701, 0.058311187122577005, -0.029842399632501
0.29850315639221, -0.061061936176795006, -0.66190023044832, -0.065205361192746, 0.029985514289713, -0.04695556573534
0.34932610197551, -0.05884798316782101, -0.77532411591046, -0.058379968919392004, 0.017829234253330002, -0.049447580213932
0.32132460237501, -0.076582001541179, -0.55613029214291, -0.073517069083253, 0.03719742645704, -0.06831415417207701
0.15855924865391, -0.10925134743117, -0.078478363818982, -0.10441532781601, 0.029211534792057, -0.08561516505994901
-0.036939245098939005, -0.11469203387374, 0.066559437100669, -0.11903316649618, 0.06398816668349301, -0.061435252298001
0.0064224726050966, -0.11248406351013, 0.019249856917425, -0.11324405631679, 0.05774901415195301, -0.066200971904654
-0.0017146364575275, -0.10169254836449, 0.061168917580249005, -0.10866492314032, 0.0019758303163228, -0.070452986685026
0.0009030210266867, -0.106634027458, 0.06427538643798801, -0.10794151687559, 0.0091145366649081, -0.064905779579149
0.04115066296738, -0.10652543095835, 0.045023597172592, -0.1088865966601, 0.0089810140188709, -0.058151764700034005
0.023343383997571, -0.1083406612333, 0.077650360092399, -0.11055480967672, -0.025872499514208003, -0.055713346243035006
0.011758375724309001, -0.12146421682963, 0.1169839744583, -0.1101235936715, -0.025833661253164, -0.058607211047578
0.077593026234689, -0.11922414208794, -0.06302999771397101, -0.11084262698329, -0.0017546147380429, -0.051590073082897
0.099781768529364, -0.10903291807485, -0.12628655742257, -0.10575396766152, -0.038695850234336006, -0.042621545343133005
0.060750327896738, -0.10213992342948, -0.014037179707576002, -0.10826996415825, -0.029801395836083003, -0.039596621858611
0.041703004204926, -0.10285885417417, 0.033345908212578004, -0.10593166836073, -0.023245557753205002, -0.032410247362887
0.041901797342762004, -0.1022802531184, 0.034012943518358, -0.10585283493696, -0.04671606821747001, -0.036738499546571005
0.046604648371270006, -0.10566990777926, 0.065255479227146, -0.10478997233944, -0.044939165043678, -0.035529849466008005
0.049153560764825, -0.09669532671821401, 0.0098978619640779, -0.09748163287487101, -0.052214511073672004, -0.032818582452161
-0.013675062255958001, -0.09825178408832301, 0.13240163327197, -0.099326800578376, -0.050583455794898, -0.026946198268046003
-0.0093904367083902, -0.09416611700913301, 0.13216681100719, -0.10249776357424, -0.045533070054539, -0.024303588337648
-0.014550828444579, -0.09389473663731501, 0.1524221602556, -0.10190135112312, -0.053071314003809, -0.024612909579686003
-0.019311071435964, -0.09628189025187901, 0.21371392854762, -0.10770034762854, -0.060299243895967004, -0.022993806816518
-0.033686445370442006, -0.10223154853406, 0.24240579064479, -0.11131509834813, -0.063684418001669, -0.029021878185745004
0.012323701880219001, -0.10004905856684, 0.097904648731735, -0.09779325634179001, -0.04654829927974401, -0.026730184717585002
-0.019413086319311, -0.09626930720672, 0.13314524637573, -0.09633178315461001, -0.06450826167190901, -0.020560491882910002
-0.020790258289896002, -0.09591882776969701, 0.15937002049112, -0.10602793642726, -0.057058900002696006, -0.022847501672284002
-0.017393226616359, -0.094265200689975, 0.15914701222905, -0.10335106598259, -0.071685874332475, -0.018486903937939
-0.029901419882836, -0.09389146061295, 0.15133011761274, -0.10569576818993, -0.07254582712046301, -0.016688659058182002
-0.034785753881646, -0.09714770732140901, 0.09404486483898301, -0.1022723651856, -0.09976010835071601, -0.016335524896402002
-0.0024383678460101, -0.08670889979320101, 0.11552660662342, -0.097803573784894, -0.09343746213776001, -0.019643098109474
-0.016103819995740003, -0.08590897175034501, 0.030004369610244, -0.091158838187229, -0.10307786675963, -0.019107566329189002
-0.017079059455591003, -0.08210416410483101, 0.047452258938049004, -0.095074612854389, -0.07844242072217, -0.019055930534189
-0.020473201525647, -0.08611024758751601, 0.016768572961042002, -0.09532292347153301, -0.07886544388166801, -0.027273273071868002
-0.012888175294845, -0.07454998345111001, -0.0035717447414625, -0.09555777925110501, -0.085410761187814, -0.027147995215476003
-0.035005727770082005, -0.073549272787713, -0.059461763325197, -0.08605838950034801, -0.11129359231996, -0.025467203609930003
-0.028220471207852003, -0.061657569538960004, -0.095486471171093, -0.08922028159462701, -0.11823977655486, -0.029617488453621003
-0.019635743034251002, -0.060988111506057006, -0.14485208285386, -0.086296577677961, -0.12597380704588, -0.028315056958938004
-0.014685450089489, -0.059911961792905005, -0.096207926439256, -0.085940835186415, -0.10193815294262, -0.031705970821386
0.0008345623325681999, -0.061846038147521, -0.10416881687759, -0.090080847777058, -0.11093976363899, -0.032578076269931006
-0.018690075150206, -0.059455311991269, -0.074497086791234, -0.086045593446035, -0.11997443622951, -0.036235645926171005
-0.033099650073187, -0.063580839627408, 0.014516766986823, -0.086653830819316, -0.12487476720263, -0.037415215235452
-0.0007162484425845, -0.061713091800480006, -0.10648339821972, -0.086401068818761, -0.12150239863802, -0.039320231394966
-0.018578287297667, -0.066633980604029, -0.070984490810284, -0.089512619518921, -0.13019402868702, -0.037688680248246
-0.021781231650022003, -0.073759674321726, -0.023193781037551, -0.09091178374146101, -0.11120919612539, -0.035892668864976
-0.034340655482695, -0.07677481081904901, 0.061939709975144, -0.09833054888801601, -0.1126253091525, -0.024098785744601003
-0.036624864772816006, -0.07493406523583, 0.074778826729112, -0.09812101968050901, -0.11745598491726, -0.018777240611712
-0.016270742511318, -0.084735308964763, 0.19009263064835, -0.10461399628898, -0.11728482444822, -0.019808989607591
-0.012972241616023, -0.080408590287993, 0.08590132408668001, -0.10406145164645, -0.11570835581817, -0.020067951775156002
-0.029229890501764003, -0.07724719335978901, 0.07254914460156, -0.10103863366212, -0.11991425313482, -0.012326700523108
-0.047036192485371005, -0.076126720102709, 0.12460229078466, -0.09889748880976601, -0.10503452241558, -0.011553623300870002
-0.05715844198643601, -0.07360585210469, 0.16466536781614, -0.09716718065282101, -0.10418068101196, -0.007853042039877
-0.044095778223791, -0.07591164540152501, 0.18696666750745, -0.1026450626142, -0.11701110005525, -0.01298088144401
-0.055161354662540005, -0.085802057192479, 0.22125348309692, -0.10049313606053, -0.12322335923639, -0.0095756376315092
-0.052310792425585007, -0.07610448848649101, 0.13910955091152, -0.096073017033918, -0.11414255850488, -0.0062678236329121
-0.061192930383965005, -0.071209653925822, 0.15919237541072, -0.09828113265032401, -0.12548198888018, -0.0014619456696426999
-0.051419189085946004, -0.067613224569271, 0.16199192671464, -0.10377422653012, -0.1181464708422, -0.0026178854294007
-0.05297664693807701, -0.06807846893182501, 0.16814177171896, -0.10102031938322, -0.11843747618495, 0.0022586672064914
-0.057003128853496, -0.07370146259763401, 0.19765882199239, -0.10162458152287, -0.12736903617649, 0.0001270516751022
-0.064419507404731, -0.07657939948180101, 0.24993442375538, -0.10396486227649, -0.12618081758344, -0.0033535114478764998
-0.040908513011128, -0.072275819934825, 0.17470992107623, -0.10025675981492, -0.12224776056016, -0.0018786571941209
-0.063463730140108, -0.07118308736046901, 0.21027132639975, -0.10098347295414, -0.11677084359125, 0.0016627789265171
-0.052891460129165006, -0.06950185643960201, 0.18957968060051, -0.10837850599761, -0.11412340482974, -0.0008133622548785
-0.057491620310461004, -0.069988535670749, 0.17578735532671, -0.10511551866839, -0.11662746435939, -0.0005961494501818
-0.052077582768953, -0.06972860661626801, 0.21320369157758, -0.10767937477347, -0.12506892749885, 0.0020940032572088
-0.06219636335338301, -0.07688750649399201, 0.24391610892987, -0.10581537932806, -0.12866150730496, 0.001066193571822
-0.027440527883224004, -0.06903106049428101, 0.21061014770502, -0.10661830019349999, -0.12692624424081, -0.000483409874048
-0.056256946125602, -0.06731009123140101, 0.18619152638465, -0.10239541019153, -0.13444763548572, 0.0040057154264115
-0.041719273415040004, -0.06848932590477201, 0.18540299396021, -0.10020830646836, -0.12895977805135, -0.0037585547382962
-0.046287153023355, -0.06825967113147101, 0.14523464750576, -0.10752700688346, -0.1323479726109, -0.0006467521271061
-0.037177759520512006, -0.06795665720431901, 0.13086729945167, -0.10346572471246, -0.13731350361162, -0.0002821906025328
-0.047552288994210004, -0.070946597358578, 0.1068853789438, -0.09872076381651601, -0.15301321456569, -0.0065071407142641
-0.015581244331266002, -0.052292845185779, 0.076107642736036, -0.09366007835244601, -0.14527226004025, -0.0079501006881199
-0.044939397828729, -0.057517786223086, 0.07335568676731101, -0.09370901935628101, -0.14020503111792, -0.011239389689022002
-0.03127513705854, -0.056109750837496, 0.056918555518323005, -0.09471379149596201, -0.12767614992394, -0.017290428009466
-0.012537267235308002, -0.058563584504701005, 0.047476231090605, -0.09548336285649901, -0.13105469782624, -0.019018060932856
-0.010200999483339001, -0.052374463400752004, 0.011428720969222001, -0.09682184390012501, -0.14398498477703, -0.025272456027538002
-0.025148738438277002, -0.053158442409238005, 0.010364212731632001, -0.088370299526546, -0.15970671732157, -0.026935985350025
-0.064765799873511, -0.036906112698240005, 0.16533741473072, -0.085133354934861, -0.15652293760793, -0.022300858140802002
-0.12007065756023, -0.052261192098016, 0.17699149429066, -0.086454016003098, -0.09907546217385801, -0.032583083089489005
-0.0076477212333568, -0.055059586627936, -0.011480345751521001, -0.08696103372196301, -0.078792683632441, -0.041784612369060004
0.10888376108668, -0.05912705586061501, -0.27950366261928, -0.087420562109633, -0.09033641019389001, -0.04389554115588001
0.20811355498762, -0.06321984629405901, -0.47961514224267, -0.080644395828497, -0.0938201337807, -0.047851472022271004
0.26631764897138, -0.074189438638526, -0.45292940199498, -0.07642359818788201, -0.10062463988588, -0.040551494683002
0.2255494833373, -0.074695130802148, -0.34408360436787, -0.07518193574078301, -0.076504198428681, -0.040868358085213004
0.15979815891834, -0.07467950981855301, -0.19773123113595, -0.082597099918818, -0.059514716516374, -0.033157644239904
0.11539263201189, -0.068700768872148, -0.13494656324896, -0.084171393086967, -0.067480913853427, -0.028519193251779002
0.10838906985036, -0.064331810978607, -0.14667898512646, -0.08692095088104601, -0.07538680867033501, -0.024360490277294002
0.097802677882976, -0.069281351740252, -0.058936984608041004, -0.08326126814630401, -0.08210592189709301, -0.017746784903664003
0.07017637455875, -0.080846456541112, 0.015849670921620002, -0.08184058775711901, -0.08091008676069, -0.019433823095449002
0.096108097698009, -0.07425000084116, -0.12621970733551, -0.076692815157219, -0.07819776302303501, -0.017474036491830002
0.091461989902915, -0.07150559174824, -0.13396944379235, -0.07953107910582201, -0.11382282347078, -0.017683781277416002
0.07413734406788501, -0.066178423971187, -0.072577048426699, -0.08606471222945701, -0.09501034145827901, -0.012429451085951001
0.070907001497042, -0.064754524361468, -0.056249664477895006, -0.08129797412959201, -0.09984588316250201, -0.009985165244126199
0.053199870857406004, -0.06539512768054201, 0.029791251447156, -0.088423774135907, -0.09891803419448601, -0.0050132593563689
0.028306819697121004, -0.07231243446565201, 0.07756178620237701, -0.084670190658145, -0.11306912119246, -0.011268072884017
0.067761785250259, -0.07221008035795301, 0.055596677953911, -0.08596321280332901, -0.090004315898028, -0.015204810129826002
0.05836033921508701, -0.068651872997983, -0.035210794586714, -0.090527385443808, -0.12032541504765, -0.014253174288295001
0.040653814448586005, -0.068481661875715, 0.031412398589415004, -0.09132037153243101, -0.10123899490257, -0.012605286051754
0.046061475647336, -0.064924217201296, 0.013414795560168, -0.09520701166542, -0.10563913884816, -0.010231262361372001
0.032366910100416, -0.06453972274486401, 0.08044358916480501, -0.08883857056967201, -0.10173374178939, -0.0070873182995521
0.020732142696076, -0.06911891769905601, 0.021892062815158, -0.09505378794920001, -0.1243537328739, -0.012202481537632
0.031793880814295, -0.075727725043436, 0.17836197128364, -0.09826451118933201, -0.09676943189768801, -0.017097272519769002
0.054230163320086004, -0.06669038783785701, -0.028112327358968, -0.089354855056356, -0.13263997457105, -0.010318658627999001
