pichu
0.0, 0.0, 0.0, 0.0, 0.0, 0.0
0.0089696544103804, -0.0078117766567036, -0.17158506315106, 0.0031478704351572, -0.025025743796648, 0.027414119546484
-0.0010307000457684, 9.49788880545e-05, 0.044377678716599006, -0.00018494571236769998, -0.002049362144226, -0.001041074649704
-0.0080178358684096, -0.0055690683060788, -0.09090186866687801, 0.003476259254106, -0.0062633168448758, 0.024326133393501002
-0.0059572248064096, -0.0018107413571139999, -0.06163915405023301, -0.0009326084044544, -0.0059506907116936, 0.0040445589897631
-0.0085409674242339, -0.0016882445346288, 0.035606799598611, 0.0038506060368594, -0.0068068895278934, 0.030823276508145002
-0.0069652540172497, -0.0015427400046838999, -0.18834923611506, 0.0023608137893247998, -0.017910035425375, -0.0045362912446354
0.0060536236858309, -0.0043358076277692, -0.072906618333597, 0.0025759736462015, -0.017091290677163, 0.021974363786733002
-0.0028879616162514, -0.0035674701016249, -0.035050833777719004, 0.001449216848843, -0.01433242960057, 0.01395295176329
-0.0086456214593705, -0.0025010102013114, -0.028926833344499, 0.0028953849815341, -0.0083130001562355, 0.007115685676835399
-0.0044654133914388, -0.0046782359046593, -0.069666399502573, -9.88652756935e-05, -0.0094702807697448, 0.023520113005903003
0.0004176672062795, 0.0007744705980482, -0.025919513267264, 0.0031797447393072, -0.016669109981413, -0.0070805642781354
0.0023930297548479, -0.0059893735454978995, -0.047341340662107004, 0.0004280425088452, -0.018050086260994, 0.035365458112542006
-0.0050839711132894, 0.0016504273371932, -0.1245400453136, 0.0056093819305633, -0.022653127939465, -0.014824983194780001
-0.0055933225129526, -0.0077156262788859, -0.054862050731818005, 0.0020886601002039, -0.015553833258326, 0.036694330206172
-0.008222029013308799, -0.003424909188182, 0.030416019386803002, 0.000712036559187, -0.015172180300979, 0.013360323935460001
-0.010803543151621001, -0.0065789998512958, -0.09237646739303301, -0.0012351922424151999, -0.018196972274622, 0.01881140513229
-0.0088938554065355, -0.0048812633582786995, -0.063863634863297, -0.0005746922227373, -0.015311847222361001, 0.026629613439160003
-0.018515023394136, 0.0031463861575336, 0.0038524834305025, 0.003180514263044, -0.011690335244167, -0.0083354586629039
-0.0029323041875387998, -0.0027303932577671, -0.050649618861614, 0.0051849108914153, -0.014198931985970002, 0.032650818542693
-0.011992466499585, -0.0007915092789503, -0.07230678978367501, 0.0007358320293076, -0.022816201410027003, -0.011414212308046
0.0013202344324219999, -0.0083336373136371, -0.08903266984256801, 0.0012901444694569, -0.024126297440032002, 0.042755039190331
-0.010055757538466001, -0.0017112529758735, -0.078747551561999, 0.0012323727347683, -0.018691206957102, -0.010436957243787001
-0.0035694514883172, -0.0067868717786423, -0.10765862366685, 0.0026400922432207, -0.020348327553495003, 0.035506081961948
-0.0083622500305923, 6.96778678399e-05, -0.0052728620721271, 0.0038521616833306, -0.008572718846773, 0.0076923055923753
-0.0081126411997321, 0.0003216740717034, -0.06592639379749, 0.0047516659596339, -0.022336222027976003, 0.0028439439184648
-0.012613447473896, -0.0069858220116188995, -0.1606302848178, 0.0034569081108219, -0.031219784207991003, 0.027357135431173
-0.0002922592098593, -0.0008791226778737999, -0.08075174555792, 0.0015088138482693, -0.025358103621694, -0.0071564320546861
-0.016253197515728002, -0.00807717689127, -0.091169416002134, 0.0008214583091077, -0.01612849270543, 0.042434210834979
-0.0061641052130102, -0.001919964748745, -0.040817282643481, 0.0019546005477866, -0.014880304375291002, -0.008380269736269999
-0.0085267409482498, -0.0028464110818236, -0.0082135569049133, 0.0037142560138779, -0.011843258899176002, 0.03634995277691
-0.0092437058815386, -0.0019903491463519, -0.16514397227661, 0.0032869291357501998, -0.025376039412804002, -0.010942517313860001
-0.0079780399736201, -0.0025381897534415, -0.036969430830384, 0.001922265298245, -0.022547911967715002, 0.016728047818129
0.001779837188826, -0.0060909151786078, -0.16247853413613, 0.0020158416479711, -0.029736230461810002, 0.019897684776055
-0.0045937733230223, -0.0013433664856417, -0.050122755483556006, 0.0038612524883123, -0.020616781211036002, -0.0059395806680141
0.0015761333322027, -0.0054841832420948, 0.01071231423135, -0.0002108555750662, -0.012210609248538002, 0.048590868572989006
-0.015092767497264, -0.0021983460436717, -0.28216459747974, 0.0005773411683356, -0.030387528878321003, -0.02042119976613
-0.0048800341070385, -0.0077265699239714, 0.0093382049915372, 0.0039729487289928995, -0.015952095385072, 0.063479267666308
-0.0063094593065992, 0.0044935840808689, -0.06341110532364701, 0.0052509356230016, -0.020523500577917003, -0.025222097680491003
-0.0035837777667396, -0.0058346228675131995, -0.17982189089377, 0.0048390108861917, -0.024768848718839002, 0.039584426403119
-0.0002940926240547, -0.0037784854522624, -0.058357128161456, 0.002808484277305, -0.024487066250690002, 0.010590296942426
0.0008472105045307, -0.0069160808066068, -0.0031290230549638, -0.0004297116866, -0.019459620210284002, 0.038950065690983006
-0.020102340905877, 0.0013668569754862999, -0.11085051658586, 0.0023622703771492, -0.016926348726774003, -0.0053169363511293
-0.010951492342849001, -0.0039098204419746995, -0.12685456574938, 0.0014981184934278, -0.024615069454547, 0.025853873263391003
-0.0061857511218898, 0.0037735108239477, 0.00229680275592, 0.0075296234476914, -0.016206146388096, -0.010160348488061001
-0.0044146618306595995, -0.003670986917332, -0.14924449457465, -1.024785361e-05, -0.023440492601055, 0.022720028892740003
-0.0039210506283445, -0.0067928616780101, -0.17734386986094, 0.0017329927433356999, -0.036278113545031, 0.0088910438681989
0.0030704333094426, -0.0042411005161395, -0.0048930412051651, 0.0025767527142913998, -0.016872853156613, 0.033579730342
-0.015456251653316001, -0.0017917419698896, -0.1312900615646, 0.0023714196768709, -0.021337258538779002, -0.0001014870861078
0.0019962790740027, -0.0065528294632364, -0.10726507183501, 0.0003002061743942, -0.018693189580813, 0.030370098742165
-0.0050126213988555, -0.0016875599494224, 0.0073692921661194, 0.0026913320879301, -0.015054212598691, 0.0048148772446512
0.0041176716682464, -0.0037869561231926997, -0.11098096445945, 0.0035749865468037, -0.029057560004871003, 0.030571767746998
-0.010953859950059, 0.0013775215739901, -0.20561894986844, 0.0062256726044139996, -0.030347718592432002, -0.020553511019394
-0.0022962511154914, -0.0061919058224996, 0.066145651360435, -0.0012941683024934, -0.010097906310921001, 0.052229354614814004
-0.0083458601980401, -0.0025123790758585, -0.1907970326247, 0.0013383548200923, -0.023706499178635, -0.022361999254338003
0.0060234758438838, -0.0074313387254426, -0.011820960795767001, 0.0016299106691048, -0.0043755059087365, 0.055060641990304006
-0.0089222629530955, 0.0004492349648897, -0.1406301640419, 0.0051392604620155, -0.025371175556683, -0.018403607501585
-0.0053007457919577, -0.0027434364438905998, -0.0055731156623081, 0.0012676373172974, -0.0087317948613322, 0.037681819422715
-0.008767782851563299, 0.0006132877151225, -0.18170772503299, 0.0065139076017251, -0.031163385557801, -0.018490882863073002
0.0049404382523526, -0.0038150988072816, -0.030432917014364003, 0.0042302611017957, -0.016647504636355, 0.030169106246609
0.0018652146135326, -0.0037760782531256, -0.060927989308005005, 0.0012977779422198, -0.013223570430345001, -0.000249568382902
0.0040321483912619995, -0.0056764682587803, -0.16308385558842, -0.0001767686628809, -0.023748476117321, 0.025704121603946
-0.0088951799281769, -0.0022919806286464998, -0.016794357898389, 0.006810303098193, -0.018010417601261, 0.020962587843353003
-0.0043096806475765, -0.0008329792399548, -0.12039962753292, 0.00233084152605, -0.015712007172723003, 0.0023295610605641
0.0034734869063157, -0.0022303569293357, -0.10953600800343, 0.0046711859823017, -0.017644928520911003, 0.023816464863889
0.003581519292615, -0.0004982978830487, -0.037892205621079006, 0.0021082037215407, -0.017756269589469003, -0.0019048862975347
0.0060689906917210995, -0.0080751035092596, -0.12097328238037, -0.0008976728944605, -0.023236828291493, 0.039832020619242
0.0089148716052093, -0.0006086755260288999, -0.12385745859414, 0.0012138753731126, -0.013605559581038, -0.0057791094467636
-0.0012199405660731, -0.0050459370737662, -0.13142052906268, 0.0029784455512654, -0.021193035198412, 0.030225109055748003
0.0031928659440607, 0.0003168887966681, -0.036580095109503004, 0.001518033572081, -0.008850333905156299, -0.0021419042571897
0.0010339742600247, -0.0037296003740653998, -0.21495437467445, 0.0049350088430312996, -0.025688008078965003, 0.023189594335621
0.017527956006410002, 0.0004934744154268, -0.06635617579592301, 0.004904459820056, -0.017793837928531002, -0.0009241601084361
0.0011174928169132, -0.0058383753369528, -0.15199367426822, 0.0006327450476742, -0.027160147368676002, 0.020761354516387002
-0.0005624006724069, -0.0045092084361713, -0.15177987597582, 0.0037996519493522997, -0.017836430502543, 0.016252605882128002
-0.0066700175040285, -0.0032516678718023, -0.070086016926417, -9.40048609e-05, -0.016798253718996, 0.016477445858644
0.0026793784018659997, 0.0001670608215236, -0.011886713831342, 0.0054504351823051, -0.0053331606267996, 0.018180606183111
-0.0033205079096081, -0.001709745323358, -0.17125745384146, 0.0016339310675286, -0.01917389689568, -0.0016836235171837
0.0042977432444412, -0.0067077317244083, -0.09644370699995401, 0.0010637032598342, -0.020538150240612, 0.036431534208725004
0.0028778653014624, -0.0003264949900106, -0.08730281352633701, 0.0042502445478417, -0.023340982693938, -0.0090507250329104
-0.007909161159854, -0.0075416050938857, -0.21768046238295, 0.0004638241405637, -0.024914516563351002, 0.024737546843038003
-0.0055758334795335, 0.0021508064613635, -0.041327220850673, 0.0072816097111777995, -0.013942649696380002, -0.0050456433937382
0.0032787137179112, -0.0033550659732653, -0.067136116019871, 1.9770409899899998e-05, -0.014498833167787, 0.016420519047309002
-0.0020822261391324, 0.0025776729409659, -0.12415839037484, 0.0062045674949811, -0.016171361044289, -5.01062430119e-05
0.0028915429014655, -0.0023029570324627, -0.13336761599392, 0.0009170617240079, -0.022032040388158, 0.0092762717179719
0.00047697823985949996, -0.0029335706873759, -0.020851715843782002, 0.0046800769037224, -0.016185827292796003, 0.018649121260697
0.0034716198529126, -0.005853078160581, -0.21546561024849, 0.0014808129422823999, -0.026033540250344003, 0.0063142280969703
-0.0050921215150692995, -0.0063910864927875, -0.15462470119197, 0.0014981744014721, -0.02290678056153, 0.024464530191466
-0.0050020613863031, -0.0005979325127276999, -0.12422726042536, 0.0047004483236584, -0.018092551160384003, 0.0034352013407986997
0.0024753562663346, -0.0045357790683028, -0.115937324149, 0.000152022057492, -0.016421154498700002, 0.018348621140453002
0.0030209747002515, 0.0008820961469079, -0.08235003952052501, 0.0083562364939237, -0.020641881201538002, 0.0053911895767682
0.000941894042526, -0.0025483040891808, -0.10026527913179, 0.0011205452040280999, -0.021519172022866, 0.010730955296394
0.010528464945749001, -0.0034557325918731, -0.12688389917295, 0.0043010766610687996, -0.021171199082157, 0.012656564699895002
0.0003406280585407, -0.0069360769668487, -0.18373267441403, -0.0014152725042312, -0.024974761448911, 0.011678344388175001
0.018111799039249, -0.0044181945130713, -0.13204319065801, 0.0035668032772491, -0.019918895053672, 0.022970198610773002
-0.0069494257191327, -0.0025735942223656, -0.21454648475259, 0.0008600329623538, -0.018994385272403002, -0.002596735833728
0.0011648237191823, 0.0004922270910979999, -0.044921912310036005, 0.0064407426159811, -0.011975229372248, 0.016061427423560003
-0.0027810069289069, -0.0034511652929092, -0.1577080000445, 0.0006146682137146, -0.028499225556073003, 0.0063228621102597
-0.0034742242148242, -0.0010259462989299, -0.16763276774257, 0.0063293300304438, -0.026042610860274002, 0.0090771543129936
0.0024700731973433, -0.0089056466257765, -0.17016167732943, -0.002584300710132, -0.026724031054314003, 0.018607106585815002
-0.0066106574436772, -0.0011320662589536, -0.07461681479205301, 0.0027808531314449, -0.01519136775194, 0.0064391625535466
-0.010346676779429001, -0.0051426056538184, -0.12288976247097, 0.0019520060820825, -0.019542445803952, 0.020198496696624
-0.0056509158226, -0.0002800352453254, -0.20534387179033, 0.0044084413050914, -0.024708334805331002, 0.0031354274063214
0.0064289292691542994, -0.0037795519335388, -0.17060021766809, 0.0034484600240815, -0.029988520868169003, 0.010289076339338002
-0.0062300024359978, -0.0018096870807941, -0.1607362023964, 0.0025884278298674, -0.027842688488682002, 0.0049030988203607
0.0014266259738423999, -0.0013236145332196, -0.09189267701317601, 0.0061110953177985, -0.024958522734637, 0.013088353887625002
-0.0063597548023874, -0.0060864866300324, -0.12724465482057, -0.0012788541751859, -0.022343409575606002, 0.016224172892616
0.0032085973961098998, -0.0021790041052171, -0.10111126861943, 0.0047711210648287, -0.018183952420339003, 0.011376549730606
-0.0059844563057814, -0.0058969686974788, -0.19088914291847, 0.0015152869416537, -0.025190476540472, 0.019294577281856
-0.0021410275079952, 0.0009582797849409, -0.17771411143984, 0.0067601187090833995, -0.024419270193182, -0.0060392885467637
0.0064429933464018, -0.0015453676291348, -0.055750011984747, 0.003774643853222, -0.017394601352143, 0.015855423418699
0.0030389822431375, -0.0010561945378018, -0.13890931977959, 0.0038154889604375, -0.023729419780092003, 0.0078309835305959
0.0088373192772411, -0.0045369109947414, -0.14484728933912, -0.0007509418775186999, -0.022550564090409002, 0.011683930237530001
-0.0069527591287965, -0.0056105715301372995, -0.14990471250004, -0.00042435410742639997, -0.022572597911656, 0.019653933175466
0.00026535787266099997, 0.0020425325801052, -0.09058919265632401, 0.0054713997447225, -0.012314291695704001, -0.0057126391285284
-0.0060497076341073, -0.0056488707756690995, -0.1838742942923, 0.0028352033126888, -0.022741072745971, 0.023491294725562002
0.0023536612970587, 0.0017441157886253999, -0.091889459919563, 0.006511262754269, -0.017284528266822002, -0.012604905850219
0.0041444486415037, -0.0049242460695546, -0.19802069984047, 0.0029179622933665, -0.028803802237803003, 0.022988187995855003
0.0065061004329968995, -0.0041526398216398, -0.19009871138298, 0.0008860308753421, -0.028273099649459003, 0.0012368275534583
0.0047805919713940995, -0.004879984991075, -0.08536848291450601, 0.0035985076833713, -0.019360045066666002, 0.02852322894847
-0.0075541707913854, -0.0027776898166404, -0.10745066570049, 0.0011761567815872, -0.016474720971391, 0.0046741831814898
-0.0010045434038063999, -0.0030832104646164, -0.097656588097491, 0.0046251347286657, -0.014133319756087, 0.018034639236269003
-0.0015295277830324, 0.0035624481484758997, -0.12726079492581, 0.0083971873973172, -0.013829727953327, -0.0042988177818263995
0.015258651724669002, -0.0028827595510376, -0.10148029054252, -0.0001401441902875, -0.020693638953231, 0.0069155025217869995
0.005678544559158, -0.0069892201051326, -0.15828460933321, 0.0032232242231901, -0.028667920481068, 0.024559770164143003
0.0012187713605528, -0.0016011552693041, -0.20282003764849, 0.000868670831547, -0.021815548135666003, -0.0073728812396947
-0.002705204508079, -0.006502262964714, -0.059462812798922, 2.76186689e-07, -0.012979687516025, 0.030184676146929
0.011231698531965002, -0.000709915176577, -0.18428158560685, 0.0038234406486779, -0.013092022365504, -0.010707284181252
0.0093213255053371, -0.0019326802554473, -0.047719954289613, 0.0046837166501502, -0.016737795082343, 0.029388724640167
0.0020283451342132, -0.0034759991120823, -0.16339814400951, 0.0021926631548185, -0.023737554739977, -0.0064027119224009995
-0.0026568344218930997, -0.0019856538376832, -0.14821345901543, 0.0065109033020975, -0.023846611617286, 0.026971547540388004
0.003961970855345, -0.0003166268360498, -0.18865032856978, 0.0042204131112773, -0.019572330145409003, -0.0060816865107637995
0.012159919847627002, -0.004101978542698, -0.07754343929604901, 0.000876280464241, -0.014267845549340002, 0.021927437113436
8.7841854021e-06, -5.38485736932e-05, -0.17752825068109, 0.0022209054615483, -0.018111427686752002, -0.0016761827900988
0.0078243754946287, -0.0029960627422924, -0.1537876468365, 0.0006786602463814, -0.02197683000225, 0.017895546023519
0.0041720149843739, -0.0049427179313156, -0.22942444444924, 0.0009052245214112, -0.027388499295149003, 0.0044764493471245
-0.0020486399475466, -0.0015494444775273, -0.10713864340033, 0.0054069651368733995, -0.02074282916332, 0.0065570240723374
0.0004335024730886, -0.0020968428776389, -0.14633823401944, 0.0063743081252111995, -0.020945321586493003, 0.0082104828980725
0.011944670229750001, -0.004717654943439, -0.12546103822776, -0.0008380489031236, -0.02037812370164, 0.012079375496271002
0.012160087381356, -0.005239201713952, -0.16862543644388, 0.0019617418244329, -0.022962612198283, 0.018918049678917002
0.0041380161015018, -0.0019070280886652, -0.29082551091914, 0.0070546306888676, -0.021201327119908003, -0.0009972058352403
0.0012751192570232, -0.0004316683366946, -0.094455562449336, 0.005559089128856, -0.018053208672001, 0.012318613566643
-0.0003826556696063, -0.0013757259353964, -0.14722295178415, 0.0034230390148357, -0.018400583708605003, 0.000357752266996
0.0083704608578931, -0.0058742798452931, -0.20567509486667, 0.0021972591942427, -0.029590551575025003, 0.018745259482383002
0.0052753876216541, -0.0020895081361921998, -0.24148153171415, 0.0052974080073691, -0.030293886207392002, -0.0019917027325491
0.0098643697645173, -0.0029276710094306, -0.2150243719338, 0.0037844388398798, -0.022189318212186, 0.0038409336954262
-0.011021611542595, -0.00037076632941349997, -0.10354978242853, 0.0041054898661902, -0.014794043188409002, 0.0086904865817158
0.0020126235476033, 0.0008762491033099999, -0.1060814215584, 0.0023006400584471, -0.014654178528371002, -0.0077545029007226
0.0004017072315439, -0.0052823369069053, -0.1510783573593, 0.00175548714483, -0.022385146068001002, 0.02639327723063
0.0056036132978144, -0.0011929377216866, -0.28079766582077, 0.0048295863658355, -0.029510630141553, -0.023066119112912002
0.0093178747321675, -0.0066253992378002, -0.20970379167616, 0.0043264162961412, -0.029438891433990002, 0.036758811517574
0.0047577929175514, -0.0007454243895274, -0.1992912934563, 0.0009286563507584, -0.024693439519870002, -0.018633884071450002
0.0011601182051916, -0.0096899021649632, -0.11506426005143, 0.0014286002178626, -0.017604507422044002, 0.04409878744455
0.001742865180947, -0.0011688049858247, -0.24743543078733, 0.0037278320333095, -0.019545752151175003, -0.016434000111593003
-0.0053677742722730995, -0.0024963522899466998, -0.16007542451719, 0.0052878191877999995, -0.023837565467269003, 0.019426259348416002
0.003811289432026, -0.0014974017914962, -0.23781144480267, 0.0069776563559167, -0.029809426728873004, -0.0005383281599272999
0.0070200677172747, -0.0018864910443795, -0.08919676890996801, 0.0034224976860178, -0.019486414728825, 0.015272585132139001
0.0059669847095402, -0.0034706526000184, -0.1695496097214, 0.0026879126214328, -0.022110587073166002, 0.010667538750095
0.0044973701810843, -0.0021626340280063, -0.16056175121124, -0.0005051044801008, -0.017145395688144, 0.0049127237781587995
-0.0037711187305602997, -0.0072451146579622, -0.31623460101699, 0.0031690026062887997, -0.031450214545621004, 0.017163316754743002
-0.0028472024883865, 0.0010952776239927, -0.12328199205964, 0.0050320555889731, -0.016917707871548, -0.0032787884922866
0.0048303727452223, -0.0024622827444794, -0.19322050530913, 0.0074897481917948, -0.019808363201900003, 0.013593614378299002
0.0099363558620777, -0.0016790285253291, -0.18780687950132, 0.005873521704706, -0.029329636230528002, 0.0047705588232214
0.012676388544013002, -0.0067959801157503, -0.1526856884221, 0.0012990799284911, -0.023964731426535, 0.02420706045422
0.007276564859972, -0.0030951765680713, -0.23099509032993, -0.0005139887517559, -0.025846400327177003, 0.0013293713421239
0.005899237628888, -0.0058119694539385, -0.18089220771575, 0.0017205498544518, -0.021695566379221, 0.023766930428414
0.0052214943816157, -0.0004406824204321, -0.16652322829061, 0.0061101581398411995, -0.021246718297737003, 0.0005988079283269
0.0087797962725641, 6.99866741853e-05, -0.09406971589651, 0.0060347487600144, -0.018154097897194, 0.0059378325339493
0.0076801105337595, -0.0013562193773024999, -0.1967848022212, 0.004331728205705, -0.024752826235793002, 0.0045592368180628
0.022907339723829002, -0.0042518839840253, -0.18390468697348, 0.0033065013455216, -0.029647571787016002, 0.0070615122179562995
0.0078328343440399, -0.0042561058283018, -0.13559948625036, 0.0019660174963442, -0.021752190031629003, 0.017022845326252003
0.0037984648905398, -0.0015117223927545, -0.12657549298883, 0.0026737222006557, -0.014055806983827001, -0.0057064189105186
0.0025837314322605, -0.0045174860284423, -0.15342511031298, 0.0044754188189561, -0.014394105188796, 0.021741043684066003
0.0022151411401814, 0.0017586789818960999, -0.27982329215099, 0.008210564512504499, -0.022312577265568, -0.019740886735887003
0.016364955963702, -0.0045315280597309, -0.21782178036593, 0.0034347866792203, -0.027039674162887002, 0.021278763364694003
0.0075850968368717, -0.0014977700839098, -0.25370058372518, 0.0041751442299827, -0.031702913953095005, -0.010074137619337
0.0092357322518413, -0.0080970410672845, -0.18151279945952, 0.0001870071262971, -0.024225202320727002, 0.03141347359963
-0.0020143500865416, 0.0004241056954007, -0.1782112249849, 0.005857136864246, -0.02094832046795, -0.013797607503024
0.015922143808600003, -0.0041823954847884, -0.17241382298421, 0.0006953892503487, -0.011865522668485002, 0.020772794121696
0.0049528301080571996, -0.0007188599575573, -0.19634858436683, 0.0039920633916102, -0.020190273908472, -0.0018421894221923
0.015881808413528, -0.0039134371337611, -0.237434594213, 0.0035733522711427997, -0.031184990105280003, 0.0091885113244156
0.0096424550959804, -0.0029014173528548, -0.21346401797589, 0.0021267359425528, -0.031547833445178, 0.0022665805497225
0.0081280022361859, -0.0027494612600959998, -0.19982749159168, 0.0023233788770936, -0.027667289248465003, 0.002114665459914
0.006986751114088, -0.003856341809805, -0.10336832438887, 0.0034045165301574997, -0.016587172975968, 0.02762307580506
0.0081095121625941, 0.0010380646707953, -0.10462776073246, 0.0049471427792009, -0.013059838672196001, -0.013808578832836002
0.012670169065635001, -0.005708003911553, -0.2408867941172, 0.0037604768122332997, -0.024368341930063, 0.023319803077026
-0.0001581043572795, 0.005174893665365, -0.18628047712256, 0.0046926784805456, -0.021964001459676002, -0.02385134110585
0.017882009052407, -0.0047308543785355, -0.2497778006223, 0.0035730276370833, -0.025547876929991, 0.026303878088093
-0.0038626755678167, -0.001640733668047, -0.22421674781855, 0.0032186542574976, -0.033051404584003005, -0.011444702415318002
0.011275318763348, -0.0043497842337237, -0.10307046367753, 0.0031785309005268, -0.020995820620332003, 0.020900340946189002
0.0047156522238877, -0.0067285913413579, -0.27478538057588, 0.0016250858937567, -0.028536037049539, 0.0072458974043473
0.0095399564522975, -0.0013893300001623, -0.22231353508695, 0.0024742852589379, -0.02742282957343, -0.0021224379812544
-0.0034420775755248, -0.0016176102422426, -0.14301819184711, 0.006629665001987, -0.020736099405626002, 0.011140986238072002
0.0002919191245534, 0.0014357964477391, -0.18178284746375, 0.0043401985014674, -0.023873180451027, -0.015719180327611
0.0026022332104662, -0.0036629502810539, -0.18722606467812, 0.004887821706375, -0.030184534556022, 0.020500165792409
0.017878954677693, -0.002128371279677, -0.28371190313758, 0.003169522835657, -0.030045242424148, -0.015721200166134
0.0091784062330268, -0.0031340818578231, -0.15008899197971, 0.0005755880898239999, -0.022576658861942003, 0.023888390308259
-0.0001846111632858, -0.0031549723228086, -0.26458974307941, 0.0025028203549531, -0.030589845375998, -0.010379988254875001
-0.001228277740758, -0.0009052418605731, -0.11622485102597, 0.0051913495303092996, -0.020180307890041, 0.013372588002915001
0.011210765382344001, 0.0001867888885108, -0.28699551265322, 0.0058225218137884, -0.030750475131707002, -0.0075739912289737995
0.010630947169776, -0.0026546912163096, -0.23713141313003, 0.0053285704155991995, -0.033860954035753, 0.0013980698777552
0.0060210949786192, -0.0049391735271765, -0.26477228762078, 0.0038790322551003997, -0.036957208844137, 0.012075664217434001
0.0032008319750398, -0.002034033867048, -0.19149955028031, 0.0013545154931125, -0.028190211916765, -0.0002911014376564
0.0087179692842463, -0.0024703263638338, -0.13818554397508, 0.0032499939265574, -0.023834286739603004, 0.012726320744164
0.0021303035858536, -0.0013054695257986, -0.18346772566397, 0.0008796341649416, -0.024812927627743002, -0.0043758428468007
-0.0018219979449214, -0.0026400214526486, -0.24577193382502, 0.0056433034794173996, -0.034105209450479006, 0.0072467075507682
0.0056468068768746, -0.0012058373569863, -0.21031263798675, 0.0049364604420237, -0.030433349021167004, -0.0070669853241245
0.014022813438278001, -0.0003503009771787, -0.16873198141569, 0.0040233253429853, -0.028431882188005003, 0.0022594621947106
0.0049219677650087, -0.0030443866475826998, -0.20579939693095, 0.0037756053218251998, -0.030044435092756002, 0.0053401294481561
0.0093394038035534, -0.0023606842662914, -0.17697782558259, 0.0035679250598099, -0.02075053411757, 0.012877406107025001
0.0085800258324941, -0.0051521009850965995, -0.27013559120065, 0.0012394415102497, -0.027766926131626003, 0.0009711171173315
0.0037477646523033, -0.0034870752573390998, -0.16208422917565, 0.0025563191069008, -0.027563821534815004, 0.016673976330530003
0.0086656702787841, -0.0009582375545296, -0.31481281990605, 0.0072355959440635, -0.035670438589815, -0.0062517104505102
0.01197033940352, -0.0016719079780025, -0.18624812170118, 0.0044160136815698, -0.028559740714964, 0.011646824197478001
0.0044991157020749, -0.0028701905234248, -0.2205019280903, 0.0055987747550056, -0.031196071583449003, 0.0045292126998093
0.0066775845481676, -0.0034868467021828, -0.31459815312069, 0.0026968970008031, -0.032693247188444005, 0.0057639260621753
0.0060181854360592, -0.0033289782477139, -0.2011457060164, 0.0015601610375821, -0.027725493778821, 0.0077270955907482
0.0038718291027413, -0.0017375453876708, -0.15324854131992, 0.0029103498105195, -0.025743431612003, 0.0010468279652819
0.023741952235764002, -0.0013843671181569, -0.19893116124272, 0.0067813987022705, -0.025598158601509, 0.0080285976152836
0.0053300555598157, 0.001564047743475, -0.17671957027269, 0.0049011979709015, -0.020715203055424, -0.0091328045009546
0.020916252818659, -0.0043317167164723, -0.17697634295232, 0.0050134444567749, -0.027935024815717004, 0.018075998844888003
0.0056632179256099, -0.0011637085953804, -0.17661154550713, 0.001570290168689, -0.027385622783546, -0.010173015452615002
0.012589775932072, -0.008704512882338299, -0.26764851953619, 3.54116469436e-05, -0.028309092652816004, 0.036318819350133
-0.001867128053487, 0.0020571602807624998, -0.26126464500103, 0.0070464979868089, -0.025996111474808, -0.032261294249538004
0.011243147599516001, -0.0028804961860813, -0.16341071691002, 0.0039054726716547, -0.015997974954816002, 0.033741080140232
0.015283060474569002, 0.0039371206080761, -0.28308903741458, 0.0075510928144088, -0.035010020243694005, -0.028976020625229002
0.018651614185130002, -0.0066290122117132, -0.20374676380584, 0.0016767276818858, -0.035173932112913, 0.030728258293903004
0.0010039626528144, -0.0022710928409952, -0.19474944007567, 0.0026858923586786, -0.035432161414119, -0.0069236681347562
0.0096722520562668, -0.0032714521109732998, -0.23384092177273, 0.0037506688818116, -0.030041335733598, 0.016895159146945
-0.0032286445779469, 0.0011938450178135, -0.10494434314758, 0.003837918347605, -0.01725931242014, -0.0006305778034723
0.015102538601140001, -0.0025699953112697, -0.19965069513096, 0.0040251610324116, -0.025454443909010003, 0.0038056508228494
0.012768529707051002, -0.0011615442016574, -0.18183258874174, 0.0072623471603395, -0.029134075568963, 0.0045386258773466
0.0066718936509347, -7.33359067603e-05, -0.29134191957682, 0.0067181069847316, -0.03742819802022, -0.0061216284688318
0.022550355962648, -0.0023127987539115, -0.2093287139013, 0.0042247012729444, -0.030544282273471002, 0.016140466972509
0.012506203388493, -0.0036500670750093, -0.23674435353962, 0.0021963025949988998, -0.030709543554078, 0.000406241009084
0.0066699874440017, -0.0011636092597706999, -0.15278102370946, 0.0037968066574605, -0.023487797344222003, 0.010208517471412
0.016085909567746002, -0.0010048932802377, -0.33275592028063, 0.0031730388499953, -0.031328474282638005, 0.0022475776639984
0.0096381409516418, 0.0002337317646276, -0.21385121430854, 0.002945171387941, -0.030804381825229002, -0.0054205002920253995
0.0085968142139374, -0.0069670325853258, -0.26606946187787, 0.0034811908136314, -0.032365368262973, 0.026453562798881003
0.0039926494032868996, 0.001305286921094, -0.27197857832675, 0.0059843121272321, -0.033211787730725, -0.020799810628090002
0.0084751230518773, -0.0065291204360234, -0.22345057929023, 0.0037732093511883, -0.038214114285263, 0.032392548035372004
0.0084090108146304, -0.0028598207651691, -0.31164082299795, 0.0019850288193335, -0.034552735070097006, -0.019460243729484003
0.018040143565871, -0.0040717142906854, -0.18632052609055, 0.0026997088924685, -0.022963435049566, 0.029859847059606003
0.0040175909015429, 0.0049747798822126, -0.29735888446147, 0.0088043596008438, -0.035248794553691, -0.036838435444652005
0.008350011730511999, -0.0058511641629071, -0.11208988367224999, 0.0027999204333074, -0.023456700017111, 0.036897515619163004
0.0056039204248687, 8.70546959525e-05, -0.35727497512099, 0.0071948320713905, -0.043552035984092005, -0.030454732210141004
0.012223527804113002, -0.0050551659590824995, -0.27097057669128, 0.0034845410486808, -0.035483544526321, 0.031249119613378003
0.0045159476531595, -0.0016409180446115, -0.22069450995255, 0.0051639595525681, -0.036169028729822, -0.0089964891092616
0.011044300325246, -0.003499017795422, -0.2775884031991, 0.0052172831434312995, -0.034692488515032004, 0.010899330040308
0.0055180227404467, -0.0003072069393308, -0.21506448190562, 0.0046776398905063, -0.02955271282792, -0.0043092041261256
0.0043985295680637, -0.0026568622648567, -0.244573649423, 0.0051440502619295, -0.035683581009847004, 0.0019393458398104
0.0091935158476062, -0.0032101110032637, -0.2842814764492, 0.0089963725661551, -0.039740523132171, 0.013720473070097002
0.0077040684017891, -0.0005253400803125, -0.26782961395192, 0.0002804387889296, -0.04288311171272, -0.016194017508420002
0.008594910825924399, -0.008766217467700699, -0.26895425447784, 0.0015596747231757999, -0.033981733521804, 0.030072781869698
0.0074789311031911, 0.0014163793101339, -0.26448391793085, 0.004705406148685, -0.029861770638226003, -0.024187806835450004
0.0077030380437754, -0.0034396354928434, -0.20452321165845, 0.0038925097823102, -0.022700836644919002, 0.02110520098486
0.0091061224776264, 0.0011491365202364, -0.23194811989295, 0.0066070307946724, -0.031640389851811, -0.017817205719407002
0.0061423618243802, -0.0009846079570233, -0.24578645053294, 0.0062709728618867, -0.037828552986172, 0.0064963200463737
0.0091687022246537, -0.0042456951508047, -0.26967458726624, 0.0068653123938212995, -0.039835306464389, 0.0055787814017649
0.010046906851216, -0.0009667542559824, -0.22170204219266, 0.0053352313951406, -0.031948661425257, -0.0055785030680425
0.014885790875276, -0.0039732759404196, -0.21416616739597, 0.0025196395753268, -0.026943069548597, 0.013069707724646001
0.0035770209043581, -0.0022587933562141, -0.24978574626372, 0.001788933850828, -0.034310845602773005, -0.002651242761977
0.0086831629751174, -0.0021153474899799, -0.23281434407802, 0.0030704435291578, -0.029864453996601002, -0.0031448909230336
0.0022856700729709, -0.0031944953118051, -0.36085418039302, 0.0058151232208942995, -0.039280743178335006, 0.0077429879511329
0.019586896032634003, 0.0038481643200749998, -0.16380065287291, 0.0072139458257743, -0.029972239556711, -0.019430882370734003
0.014002585491726002, -0.0049078382862671, -0.19381509413792, 0.0039503423032474, -0.027163342067119, 0.024341295553206
0.024521878484297002, -0.0030859495084374, -0.33857273089724, 0.0007005941104347, -0.038836429378469005, -0.016457570669285
0.0060013367539205, -0.0074992368643408995, -0.10742096903058, 0.0038659195332327997, -0.032151906941422004, 0.039733548314325004
0.0095099033251183, 0.0031815746352015, -0.34562817441142, 0.0020242889904766997, -0.036454743309039, -0.026346391872548003
0.0034674596974524, -0.0041941229010905, -0.19564229827431, 0.0084454941000252, -0.026382765326177, 0.02588180738249
0.015978060973465002, 0.0065238263974936, -0.11170156023584, 0.0072506796163558, -0.023529103615641003, -0.032722163749773
0.022341566968855003, -0.003556047607486, -0.23635760280614, 0.0062004294057168, -0.036526178924597, 0.024346450398823
0.01319310807109, -0.0025539902732283, -0.31906395243396, 0.0021060438273681, -0.042031451662131, -0.019316057808363003
0.018329616876669, -0.0067347672386089, -0.16404433826031, 0.0023768975917791, -0.033393040335528, 0.041309834102409
-0.0001270012544274, 0.0040368214395558, -0.29269394259854997, 0.0055233398263858, -0.028351639935849004, -0.042039044411587005
0.0063297447619687, -0.0023602195677622, -0.16741020467764, 0.0064345903492546, -0.025794946218946003, 0.033183081661036
0.029234281013679003, 0.0052307687754598, -0.25388634461765, 0.0060882213844693995, -0.037554702132260004, -0.038174620645717
0.025199678476537, -0.0049206250700511, -0.18395884402048, 0.0012848715370621, -0.033762910925395004, 0.031993794625141
0.012167000351279001, -0.0005904316444580999, -0.37287985777069, 0.0059389159739978, -0.044872085603849005, -0.025692700597244003
0.0050009054766287, -0.0035569837439508, -0.068470878862571, 0.004052514124643, -0.028843655057352, 0.028283831538598002
0.011720180876896, 0.0023457952324251, -0.23105948496824, 0.0034862167614186, -0.029219646985338, -0.020281298639704
0.0081077689304423, -0.0010004654358693, -0.2360110286267, 0.0049126038030253, -0.033123443297250005, 0.0072581463218089
0.016058698077613003, 0.0025531662590367, -0.25129349496954, 0.0095991366126623, -0.032201557139167, -0.0095274616844596
0.01310116806694, 0.0016820022548615, -0.18954962324784, 0.007273480685378799, -0.032049126675207006, -0.012829757578871
0.02053488134475, -0.0035962689783411, -0.2275957549532, 0.0042050377712865, -0.039647175890655, 0.015550195363263
0.0072103192061467, 0.0004622623616945, -0.23101482949077, 0.0028384862162557, -0.038252881335332, -0.015853701774186
0.010425753586712001, -0.0064356842434122995, -0.31765641447095, 0.0028168303828735, -0.040037731813405, 0.019218813268232
0.0031928008021677, 0.0016287546018099999, -0.2382513299632, 0.0059807643313507, -0.028664978024412, -0.024647428760681003
0.0075243117510003, -0.0003655251390365, -0.22387598911515, 0.0069024502194326995, -0.036206652582635, 0.0068401592292194995
0.014463883666658002, 0.0021275621342186, -0.24672879913481, 0.0047747336327172, -0.037774338581624003, -0.018337475318179003
0.0081544910985563, -0.002744218329096, -0.26463495820408, 0.0049065554884926, -0.037392357130657, 0.013038793730444
0.023432430543083003, 0.00018694411378179999, -0.22707955648857, 0.0060986002714315994, -0.038208030859606, -0.0058536577964934
0.0040883678812528, -0.0047227243521116, -0.25260155353667, 0.0034521374794395, -0.037692615382657, 0.0086889548579504
0.012751717795986, -0.0003929918392325, -0.2641206110498, 0.0081431802972712, -0.030757006386374002, -0.0060979807210593
0.015112220382014001, -0.0020020854128881, -0.27814374313533, 0.0039030870733694, -0.039065791254455, 0.006308779807334
0.013505990441973, 0.0014361972673564, -0.14187848384669, 0.0064245346192841, -0.026677800228426002, -0.0024808798924084
0.0092487206963468, 0.0010702423609205, -0.31604536810896, 0.0063643224176029994, -0.047269607973807005, -0.012532639556428
0.0065093042128173, -0.0036613039487714, -0.23727026127042, 0.0057135791670693, -0.042924876453414, 0.020376511297795
0.010961211763991001, -0.0038346571947493, -0.28969756238712, 0.0028115895011008, -0.04186910158484, -0.013333559419317001
0.0049400533271019, -0.00215378536297, -0.12841085766141, 0.0065022220209967, -0.021488986728478, 0.026232338484023003
0.0038790987092142, 0.0049519823308669, -0.23147474761458, 0.0043010459552304, -0.03263310352075, -0.036229584383354003
0.014927235597594, -0.0029944975441537, -0.23522263545342, 0.0041826088800249, -0.032645515122777004, 0.025997442991023002
0.010599485309251, 0.0043770675319737, -0.28219428695686, 0.0065940545386763, -0.040770298593807, -0.04019712925367
0.021129077311128, -0.0072828712773444, -0.28336092293136, 0.0042104613960066, -0.043460637370907, 0.036022630072507
0.010368062437951001, -0.0017392947306948, -0.20416233890588, 0.0068680893673254, -0.035819958373317, -0.012054486639561001
0.0021477807510584, -0.0024484220303465, -0.26333426561209, 0.0051190769791733, -0.035986086739641, 0.011881611544437001
0.015967980725089002, -0.0009146537554985, -0.18423391943961, 0.0026083491635486, -0.030391369662148, 0.0053217292482915
0.0029680116724629, 0.0033050358646526, -0.19650450273537, 0.0084062714209836, -0.031244344740597004, -0.014211991180983001
0.010748791744311, 0.0020498034837361997, -0.21457325709562, 0.0066628302834161, -0.0332598163732, 0.0079322439235461
0.0076808754301771, -0.0010506544191891999, -0.26102724726784, 0.0026408880720807, -0.044604908507888, -0.018658500741727
0.012285140490406, -0.0057139985735051, -0.22285751919783, 0.0044307283747818, -0.03267530900032, 0.034971879022927005
0.022802566888767, 0.0019424275960903, -0.28862077083112, 0.0049013098176549, -0.036706345324653, -0.028100213058703003
0.021375341755428, -0.0042732898576244, -0.22474478879637, 0.0029353360881982, -0.038796484662559, 0.033805599889385
0.0047874704571222, 0.0007065477612058999, -0.1897058174986, 0.0042670317505904, -0.026192948304781003, -0.021436199574017
0.0056974653853469, 5.14691479465e-05, -0.18883323963183, 0.0057506905901125996, -0.03183824646818, 0.010168353643896
0.015733963072301002, 0.0032762801503168, -0.15272218464351, 0.007764605128264, -0.033269183417572006, -0.0076402987302479
0.026481647589233003, -0.0016777180215583, -0.24720903310487, 0.0035808453319417, -0.035940074352369004, 7.3384880028e-06
0.023145722796642003, -0.0040953110879599, -0.27741572181718, 0.003864434392038, -0.039641332659342006, 0.011786877106938001
0.020551924972710002, 0.0018533676360088, -0.24154633924087, 0.004415368328823, -0.036766598683273005, -0.022160946975836003
0.006306433556288, -0.0007193825132666, -0.16018595011423, 0.0070608305568740995, -0.025282780734608, 0.016794932412259
0.015105112269958, 0.0002346276630628, -0.29698140034656, 0.0049949037860355, -0.035376567495200004, -0.017218628276944002
0.012009207517705001, -0.0040645411094743, -0.18409715340245, 0.0068811302348305995, -0.033143060237225005, 0.022298320977478
0.031861037604573005, 0.0022777866954181, -0.19846707387239, 0.0069013298192365, -0.036324775864136, -0.012811400452572001
0.016756702848279, -0.0008577478718834, -0.31517286574769, 0.0059280346435421, -0.043098833043866004, 0.0069440920912398
0.026357420006564002, -0.0036849410552358, -0.30068778118373, 0.0030973772643346, -0.042544190202499006, 0.0016273982559344999
0.010812204746917001, 0.0010212126411144999, -0.08698997244483, 0.005332496515532, -0.024626168941769003, 0.0036682730842176998
0.0017518104754201999, -0.0001675509878768, -0.30940037867553, 0.0051147404477218, -0.029348317236036002, -0.0074218755865333
0.010373320229733, 0.00031100741556989997, -0.30337927758594, 0.0056839474213233, -0.042393342481282, -0.0012800037727131
0.019853491295068002, -0.0003049932121275, -0.21232327552083, 0.0061333289399562, -0.047388212466241, 0.00277397695539
0.023142069198042, -0.0017262779833741, -0.3178817224855, 0.0027598241894969, -0.042684094697935, -0.0048881461866895
0.0050894276721541, -0.0038636133025111, -0.30358575382231, 0.0031498668968815, -0.042335516448396004, 0.0029196573811038
0.016575248786495002, 0.00030318409717729997, -0.13364119082117, 0.0063964237753583, -0.032897716690656005, -0.0097563302915003
0.013115047365728001, 0.0003036853591659, -0.26034855518378, 0.0054327448297381, -0.029799472617289, 0.0076171962216171
0.0022832475161074, 0.0063982781444083, -0.33300728542921, 0.011418318018168, -0.043361067006952005, -0.032711711944091004
0.015994127391842, -0.0019151186021362, -0.1793824385507, 0.0047897334465085, -0.043760623319854, 0.019831340886171
0.013481168682406001, 0.0059977556973458, -0.24844052484585, 0.0092750279668741, -0.038976226997222, -0.038814411089141
0.016033023955800002, -0.0085852463305311, -0.31342554664695, 0.0012724823442523, -0.043243857462853, 0.033014162953955005
0.012235370303129002, 0.0034855160953934, -0.18435334263219, 0.0073629965150347, -0.034240937748505, -0.032795630119313
0.011305576871144, -0.0067180757193113, -0.18178688050188, 0.0015126183903174, -0.033730494720432005, 0.037081301286606
0.008484495876144799, 0.0027605602042062, -0.42926269118928, 0.0098604087688311, -0.045364592396688004, -0.042164497061337
0.021888596122913002, -0.0034547618402783, -0.17549097568387, 0.0051508758089572, -0.037637684153559, 0.037351612181279005
0.0070800353378562995, 0.0046364919424254, -0.28612556089741, 0.008946624908924, -0.045381429993691005, -0.039990574769353006
0.016695180264145, -0.0048718777464449, -0.22579804167605, 0.0040525232375426, -0.041704242868046006, 0.033263855148710005
0.014167271149876001, 0.0020648912992928, -0.36155342271509, 0.0061523077741409, -0.05228348561039901, -0.030898638447183
0.016715980779501, -0.0008092281208557, -0.22139620267711, 0.0023418363367354, -0.037845257221577, 0.013607411818460001
0.0030036692482677, 0.0014729175484117, -0.35987773179142, 0.0078213237817477, -0.041507568275588005, -0.022184226025309003
0.020213801328867003, 0.0005841691712542, -0.1415400977571, 0.0069058933671518, -0.031198437871634004, -0.0001989160053593
0.0094563782203867, 0.0031340510113435998, -0.24423921627465, 0.0079951382398433, -0.040971551036582, -0.016582135321308002
0.023441131601905002, -0.0012705631156336, -0.34873655277646, 0.0041595186491355995, -0.048036299630286, -0.0029001081846651
0.018497941870927, -0.0055567979985825, -0.23663169045656, 0.004009307528906, -0.047076103563472006, 0.015018974767785001
0.015031653444247001, 0.0001231979104841, -0.23329493442607, 0.0017164643764383, -0.040958964027296006, -0.017715542401152
0.011802715553569001, -0.0012382079877529, -0.29118649450595, 0.0053914688840163, -0.030422313977936002, 0.009396235667606
0.012366112819728001, 0.0024619602175883, -0.20874211953134, 0.0053313649380884, -0.029822989686534, -0.017120378512953
0.029372452352306, -0.0026427972083345, -0.24982922946455, 0.0055741905225843, -0.042486668501892005, 0.01754750070371
0.013925223197907, 0.000400487165501, -0.3162551931782, 0.0055876532560028, -0.043853504334050004, -0.011864194419870001
0.022485898401505, -0.0026710139718379, -0.3358657868178, 0.0042272322694862, -0.050333917283098, -0.0008017854216801999
0.0086357718361341, 0.0006115898811991, -0.1644082859846, 0.0054822027035029, -0.031145222408966004, 0.012829171628976002
0.020917967657100002, 0.0023378056159419, -0.32200867327948, 0.0051123198046127, -0.037252672271124006, -0.02403490346532
0.020768825855628, -0.0032012464643604, -0.2756346752207, 0.0043666928201733, -0.036890380148289, 0.023302476790854003
0.022897682870031, 0.0048800847790492, -0.27482237031191, 0.0083550177900781, -0.045801594242649006, -0.039396682937158006
0.020050156897235, -0.0022610612579564, -0.22840047915795, 0.0055500817447968, -0.040461267482743, 0.022879160759081002
0.0071120441547113, 0.0016897685363717, -0.31882698332639, 0.0079507470343827, -0.043434176929154, -0.02808308618583
0.03043162214654, -0.0048341785444664, -0.1854705468151, 0.0026765988840597, -0.037127628387191004, 0.024646232144637
0.014572163102499001, 0.0026657219108143, -0.30878941452426, 0.0081946630630708, -0.03912020095442, -0.028830671459763
0.022182371919268, -0.0027948408762046, -0.31730877057596, 0.0030117019135811, -0.041896557112420005, 0.0008911768367934
0.0050214627355603, 0.0019723656541873, -0.29715275582894, 0.0080507138122195, -0.041306598546858, -0.013631477471349001
0.017116408374994, 0.0016732492331804, -0.29298438925388, 0.0045150455963689, -0.046395144319975004, -0.016021782057375002
0.009658332193636399, -0.0048020858783783, -0.31535228859091, 0.0072369623437798, -0.044983589218717, 0.016971239989029
0.029574883013183003, -9.10443285068e-05, -0.26638567388357, 0.0031542695442854, -0.043386676112328, -0.021003435495634
0.019895299031355, -0.0044945803987236, -0.33852533694048, 0.0041526744705114, -0.046319945791903, 0.015061637765011002
0.016779269136085, 0.0008806247267492, -0.36082850848801, 0.0043686116176124, -0.038820947617823, -0.018332050010064
0.0099102993722264, 0.0010521153161496, -0.28938369863771, 0.0096681839914546, -0.041501056659161005, -0.0014144895228023
0.011204364181441, 0.0034711596131194998, -0.3031191550124, 0.0075349262246207, -0.041192257522214004, -0.020141142612958
0.024868519511214, -0.0010061112338073, -0.30879617248982, 0.0061141161245453, -0.05028950098505101, -0.0069684568804956
0.024493489629171, -0.003261303509366, -0.31175722078545, 0.006940434306790299, -0.050587379513661004, 0.0027518610967912998
0.020271024964974002, 0.0004219915938249, -0.30277461681462, 0.0053859966971640996, -0.045478834440908, -0.011991428338967
0.0064211800883019, -0.0029856966784492, -0.3471358224969, 0.003933019177509, -0.044021321053440005, 0.0071565552392985
0.011372597360038001, -0.000290418853189, -0.25947105176216, 0.0059469608501875, -0.038928133230732, -0.0046636423464741
0.011644765136798001, -0.0012508359383725, -0.357077995104, 0.005094691966807, -0.051895476264703005, -0.0052123325780481
0.017011080094554, -0.0003216578950549, -0.34002717177034, 0.0076863409644717, -0.053301720659520005, -0.011433468844137
0.012014290576794, 0.0021852308809323998, -0.22587319755658, 0.0084181205677826, -0.046407364346247, -0.0077914363082620995
0.024202426889959, -0.0015397092201388, -0.34115414839453, 0.0062801355718664, -0.049429953745840007, -0.0064836003335676995
0.017809778578737, -0.000671531838437, -0.25874290950801, 0.0037771416749084, -0.039317875183288005, -0.0061286578049754995
0.009343750923673, -0.0010539864876856, -0.24167272140276, 0.0049211782774775, -0.036263660862296, 0.0032613875304735
0.015001299628618, 0.0002801718600513, -0.3360728314178, 0.0054800295499847, -0.047762686960135005, -0.012713554938548002
0.0098167195298724, -0.0015401433585141, -0.32072134353185, 0.0062040173924520995, -0.048246569649593, 0.0011336689547188
0.024796949817226, 0.0014370029591604999, -0.39788155562653, 0.0073425515716392, -0.050165145994534005, -0.028426516286518003
0.023165541520348002, -0.0004517317470077, -0.18443461505376, 0.007674317877569, -0.038459344909813, 0.011492525792734002
0.019409280413026, -0.0023661996055559, -0.30953992016137, 0.0032781163790260998, -0.041338600446203, -0.012935547956557
0.01673783594655, -0.0062654942228619, -0.28786204205908, 0.0015914816950456, -0.041626127792775004, 0.019914189205035
0.0094647368208068, 0.0044202610373144, -0.28391770085243, 0.0077118674248828, -0.040026707116295, -0.033815899470164
0.013105317935368002, 0.0021964160679916, -0.28426452145528, 0.010057453668307001, -0.043096773735083006, 0.0041972862613691
0.017413579597858, 0.0026672618985592, -0.33671645339998, 0.0081183377128248, -0.044902262024411006, -0.031360359326148
0.023844668071952003, -0.0075410445517375, -0.25019545721286, 0.0001150103189591, -0.042443779300069005, 0.030254900950963004
0.016900807082156, 0.0005351904482526, -0.33618503154679, 0.0064467018221116, -0.048721922611550006, -0.025295883503303
0.021543399805543, -0.0010192684678354, -0.2852088390717, 0.0071798999023456, -0.040425161120288, 0.0071558361212997
0.0013048081482497, -0.0005721053792679, -0.31072576261132, 0.0031221560662974, -0.040350350760223, -0.012373985323473
0.017911561300846, -0.0022639990995616, -0.30195761695432, 0.0037483119432185, -0.036894982630323, -0.0024549463819939998
0.018394730931567002, -1.09002388292e-05, -0.3495114599288, 0.0071183104751772, -0.042689142530774, -0.009946947027746799
0.034223840648992004, 0.0021546539495123, -0.26107712025262, 0.0070075174469393, -0.042045291699893, -0.012763121722604001
0.021515190607359003, -0.0055438676652259, -0.34155536567137, 0.0026327134851306, -0.04858125247529001, 0.012902424367429001
0.018761427877698002, -0.0010661026530019, -0.33310279453957, 0.0059620425759704995, -0.045009579205884005, -0.012784882608279001
0.009730625915082499, -0.0003120763731218, -0.25815869382029, 0.0063646942816213995, -0.035734678172376, 0.010309665949892001
0.012161951100648001, 0.0026008541850343, -0.33964065923567, 0.0074981707042356995, -0.036705387620965, -0.029403113644575003
0.022806173683372, 0.0002162697236675, -0.2844667982289, 0.0049617522738092, -0.04027961636208, 0.013670792819704002
0.021624164596745002, -0.0004230000383874, -0.44499132847062, 0.0061903912198853, -0.053345122584875004, -0.018963561072139
0.02937478700677, -0.0017087304857117999, -0.21832422036993, 0.0049650932821608, -0.048626947913803, 0.013855839399610001
0.012182140599551, 0.0006501527008374, -0.29191840920719, 0.0052602991716933, -0.042227274935312004, -0.025630701021722
0.022998007150533, -0.0003206356755186, -0.2428425977257, 0.0056286211953436, -0.033691460076955004, 0.0051107717218188
0.021904025897351003, 0.0016726727915407, -0.34487013845963, 0.0076655544371864, -0.043099697314324004, -0.024372529667513004
0.022530207427727003, -0.0003127286215902, -0.26155040574782, 0.0028742901709253, -0.044127410578822, -0.0001223079414015
0.020759710408206, -0.0003381282658829, -0.44231418395835, 0.0060907621968023995, -0.051668620051729, -0.014729682746412
0.021774118352655, 0.0019041289663731, -0.289248355458, 0.0055177893634074, -0.041810644897121, -0.0020496240697154998
0.020905078549757, -0.003461007574723, -0.32080146366466, 0.0035517241795805, -0.048760129612920006, -0.0061493241691028
0.024554064184459, -0.000342718434982, -0.26913445940274, 0.0063132647138571, -0.041132280519139, -0.0015145228794493
0.019374488771077003, 0.0028397310195707, -0.33273751801725, 0.0072320733197367, -0.045732992489816, -0.019151002458684
0.017052669331256, -0.0028281862096255, -0.34415185767349, 0.0019699228334653, -0.046780179847173003, 0.0014955284726669
0.025830419091089, 0.0033508184528385997, -0.30990087260904, 0.0089149462743483, -0.04658928828778101, -0.020184321063399003
0.023550540930948, -0.0028716051049695, -0.31718519736295, 0.0040779358288158, -0.046396532620861006, 0.0044568640628144
0.027166435126609004, -0.0016352148482331, -0.3976824438704, 0.0052883484840527, -0.058173351751856006, -0.016741725601363
0.022529425219567002, -0.003590833303223, -0.31601653868546997, 0.0066028894183701, -0.05143529475815101, 0.013760247938957
0.014716385962916, -0.0011202611377479, -0.36311075160093, 0.003551139160984, -0.046211244262575, -0.022384009425624
0.0062141633640248, 0.0019179754004517, -0.30039850378719, 0.0077654491422487, -0.043491910453909, 0.0057034835044748
0.014630770541677001, 0.0043029603494923, -0.27114231594137, 0.006666568610098, -0.044962073638785, -0.033917460500051004
0.022653835795794, -3.46877379525e-05, -0.34408840525068, 0.0064678033604756, -0.050862098451066005, 0.0087156983739906
0.012911475711589002, -0.0024085041164671, -0.45762269251022, 0.0048548829028538, -0.065106797147053, -0.032871137586177004
0.025648715447476003, -0.0048628431864935, -0.24552364623404999, 0.0029940407044659, -0.04687272173168101, 0.028499783933723002
0.008545853684389, 0.0046179472282562, -0.3197858567362, 0.0027555822853387, -0.04491281840237701, -0.049425011590938005
0.017193882255786, -0.0036145541456597, -0.27949888329004, 0.004824101456158, -0.037279564347827004, 0.027790708948764002
0.010888659209815, 0.0076609178203944995, -0.351067667253, 0.010792987042859001, -0.045558582308441, -0.055407619126552
0.023403217884910003, -0.0075429225995270995, -0.34462102703253, 0.0045607377893288, -0.05097683241676201, 0.037665365477653
0.0060823682453734, 0.00402181024144, -0.43324788707834, 0.010479972133692, -0.056935891546389006, -0.04655478557604201
0.031366601333060004, -0.0074720877199737, -0.27135278158179, 0.0012277543023161, -0.049983310971529006, 0.036975578736084
0.010490274120213, 0.0058187462800753, -0.30141691568836, 0.0074803822272752, -0.041382633132039, -0.055617339612601006
0.027475092959224002, -0.0086557630361886, -0.33950472544189, 0.0010709822229454, -0.038633365975664004, 0.03256050415299
0.012466398657431, 0.0083915060788081, -0.33697043735069, 0.0094347509361939, -0.045022853042146004, -0.053240540517361004
0.02718694363642, -0.0012846226487492, -0.22653554259242, 0.00019971050303449998, -0.041807618332310004, 0.021307843506709
0.025279928062204002, 0.0031804979618068998, -0.4618785003589, 0.010891328338852, -0.05531360588151701, -0.042046050571066
0.024249341064434, -0.0074891577708114, -0.3089922627699, 0.0007396339453923, -0.051933639539803005, 0.019518649934064002
0.029279265413456, 0.0036115791977151, -0.28213342830338, 0.0079098736473281, -0.041430632900030004, -0.024129111729779003
0.021034887734045, -0.0042551323081011, -0.32538864738795, 0.0005985053649443999, -0.041163286498401, 0.0097100061077958
0.01670101662646, -0.0002963994437489, -0.34401133871438, 0.0079278266220767, -0.043707453975699, -0.0059208110060765
0.0066201039451017, 0.0033739711430661, -0.24632423567039, 0.0062196021914863, -0.038338955327609, -0.017545879033754
0.022687931258431, -0.0013999363603932, -0.42010336296833, 0.0066277815349586, -0.047713748071338005, 0.0005984637244708
0.032087931006352, 0.0036652760721720998, -0.29753037396975, 0.0084190720994231, -0.045903344709483006, -0.022505852181768003
0.029815038963186002, -0.0075250589943484, -0.31274097333035, 0.0027697541014144998, -0.048080036423463, 0.02116580201301
0.014672366566963002, 0.0026485517610546, -0.37941913317352, 0.0082523983705857, -0.043971400074698005, -0.028069826931843
0.020523671662964, -0.0062973668672139, -0.38421446618617, 0.0019517259845514, -0.048374909437637004, 0.016474273504917
0.015288023598483, 0.0060938754066311995, -0.23449557685066, 0.0088347016775906, -0.033677615543712, -0.031521722243860004
0.027119211755128003, 0.0002196957886199, -0.2597146905525, 0.005976619560944, -0.041009610787193, 0.001762730635019
0.028765307064234004, 0.0011129200794596, -0.36291225274256, 0.0053318777634649, -0.04777729604287401, -0.017818002757139
0.028122407264633, -0.0001005196419129, -0.36578445505258, 0.0082599903433698, -0.056239348733909005, -0.0069949126147834
0.022972270072100003, -0.0045117123292994, -0.35898498375480997, 0.003117899532964, -0.043600127220991006, 0.0084955352687954
0.015946899013622, 0.0022239144589867, -0.40069610880193, 0.0087911731754914, -0.045315272294290006, -0.03154302886041
0.011628999458532002, -0.0017980416728363999, -0.21799274876869, 0.0087932274768366, -0.030019446410670003, 0.015921919791852
0.026648586655965003, 0.0040065038202187, -0.39455399086092, 0.0050140688544358, -0.049049705274599, -0.037260949930165
0.031630419501122005, -0.0044199340834258, -0.46038188576967, 0.0063892697497504, -0.055649220939794006, 0.022169885300487
0.018171471032736003, 0.0006519414437391, -0.3861793167201, 0.006920433550946, -0.05806947986993401, -0.037166148684635004
0.017131850382506, -0.0019035584362916, -0.23483017748498, 0.0041407425402941, -0.040843107100974003, 0.021474839603335003
0.018682399153002002, 0.0007513072657023, -0.41189323997996, 0.007101079451117, -0.047839299374194004, -0.028942575371268
0.022480220602502002, -0.0006209088600345, -0.29365519832591, 0.0037211771965938, -0.035694088337384, 0.0050187598226968996
0.020233978476504003, 0.0019493616873388, -0.37752851341303, 0.0060784401322741, -0.047210031126737, -0.020239854075348
0.022965938518128, -0.0013069401999793, -0.49690088735831, 0.0053195819953199, -0.061055780053289, -0.0099902229045722
0.016025281451367, -0.000875174814203, -0.31423786638888, 0.0076908611199867, -0.051567039420266005, -0.0005932068804394
0.026862364797129, 0.00024741340905709997, -0.31010407952025, 0.0056208259636251, -0.046820150991078, -0.02042909216146
0.017532018142697, -0.0039015551869464, -0.33638588387504, 0.0044888705746604, -0.051133728733380006, 0.011803861967631
0.013576274791402, 0.0013306845658324, -0.38309137483533, 0.0057059330525307, -0.045443005279645, -0.026289258371675003
0.016512637246950002, 0.0006114554124919, -0.2634905836947, 0.0065103907152228, -0.041809728602406004, 0.0063183622239603
0.027930255623381, 0.004676286027975, -0.38242445339472, 0.009934323123791399, -0.048774206191749006, -0.033963089898170006
0.018209413334842002, -0.000771148250344, -0.23136577087508, 0.0051769148786513, -0.046632989265284, 0.010859710296459001
0.028588841643309004, -0.0024649997821601, -0.42905144601767, 0.0058836533745922, -0.05319719732841201, -0.028517736926076002
0.02801311771322, -0.0080565255001354, -0.40547912134952, 0.0019984650553819, -0.05361855760028401, 0.017725757951871
0.019205929169061, 0.0026323113155347, -0.33020893844767, 0.0078823675342862, -0.043552463942839, -0.034802338250008
0.022271603694343, -0.0015076582816096, -0.3651188506564, 0.0037277401945517, -0.047240019225026006, 0.012348342102974
0.022850267797014, 0.008628351750273, -0.35334389088487, 0.011253183276907, -0.044854402157649007, -0.049775051117691003
0.023326580899734002, -0.0029296056277539, -0.36356837557928, 0.0045062030568013, -0.053677374034753006, 0.010669849942749
0.026177503413585, -0.0024019809682247, -0.45752557980464, 0.0052572131463861, -0.063445407423762, -0.014994102221174001
0.025670560527776002, -0.0046409743336446995, -0.30131266108054, 0.00102536131519, -0.048145236583946004, 0.0080546168797357
0.014487143316508001, -0.0003699214833399, -0.30801462338211, 0.006464782942432, -0.040449977451951, -0.0049148686304735
0.024154228462142, 0.0039932486191463995, -0.32844156480824, 0.0053992402650991, -0.045188534410578005, -0.022635911880221002
0.015210950552786002, -0.000419533977436, -0.35721245286461, 0.0070543581943527, -0.046074147526658005, 0.0016314110128341
0.027044360063556, 0.0017680883424263999, -0.34481262444669, 0.0046617558074361996, -0.04892620992282801, -0.019532651849343
0.020418698986532, -0.0027451897539382, -0.35630805813563, 0.0056109603366674, -0.056549483410289, 0.0045892711752392
0.028203005092099002, -0.0013605968034764, -0.35759441414635, 0.0039229550200753, -0.051402917787437004, -0.018645151301425
0.032924092758133, -0.0051608130767083, -0.38482678402319, 0.0068979226715638, -0.050037943017550005, 0.014090878556686
0.027344564826255004, 0.0062440158249741, -0.32114040791495, 0.0066032688335902, -0.040313694107, -0.033378433236922
0.021731342721135003, 0.0003056676303453, -0.3605022683043, 0.0064376786392528, -0.048051615016475, 0.0032255153241470998
0.012424303535438, 0.0032949064340730997, -0.38868406208971, 0.0072181741234614, -0.052364407637234, -0.031667530840442
0.025874038007317003, -0.0009480267021762, -0.29162896095537, 0.0061034166510145, -0.05201700891496001, 0.0045384698512162
0.020924401580324003, 0.0012361040411126, -0.32760225452377, 0.0067716187517278, -0.05401361351072, -0.021780877114906002
0.029986381815689002, -0.0028153446953951, -0.31666390325181, 0.0018504129508068, -0.04716133465002301, 0.0024273249032547997
0.022806135889778003, 0.0001368597489526, -0.39797380719559, 0.0031839218129362, -0.05221141607608001, -0.022267526111345002
0.038623214249352, -0.0014199173636353, -0.29258509374761, 0.0047271493762568, -0.044580642048189005, 0.0019243979838691
0.014718981122769, 0.0046026894213597, -0.36296934016333, 0.0057945140693528, -0.050784937568432005, -0.018895840236067
0.025219945645964, 0.0016026802747511999, -0.37616252917283, 0.0081928126549456, -0.051384527672993, -0.013351757986382001
0.026420014198960003, 0.0026518200269683998, -0.30116257648587, 0.0071922521119581, -0.048708173887725005, -0.011869617184781
0.031802055160992, 0.0038593130942311997, -0.29220663824487, 0.007010030494342, -0.047672436924357006, -0.018218885652719
0.030391550500484, -0.0018750301906433, -0.35722411656351, 0.0051842031798971, -0.052936730800073, -0.00329012123323
0.017606798694838003, 0.0005100962963216, -0.39410333184387, 0.0061486720226165996, -0.04899002275505401, -0.028367926218692004
0.017280925027834, 0.0011826776218384, -0.34711959675768, 0.0058488599850693, -0.046660498761953, -0.0019135770146346
0.012478819373337, 0.0057805926007405, -0.33702730605578, 0.0079835457248134, -0.043861162908321004, -0.034896906294050005
0.034277936800783004, -0.004802206691957, -0.37731756218326, 0.0068935994143485, -0.058278090679891, 0.015802252593832
0.033089134128815, 0.001074222818144, -0.39590852760353, 0.0054238349444065, -0.058199924866241, -0.030383811772219
0.034921526784072, -0.00352806284621, -0.3096922465469, 0.0039091437169789, -0.049686597976326005, 0.013700518940193002
0.018067062400985, 0.0014734021424443, -0.35853282447065, 0.0058336776966298, -0.044940513848836, -0.027289320642080003
0.021547380504171, -0.0013888703070503, -0.34245282801007, 0.0036437400047265, -0.045172908716620004, -8.154628434809999e-05
0.025720275234384003, 0.0019152361236037, -0.38746324245949, 0.0089963437952368, -0.050036822985499003, -0.024654910014285002
0.024574629122575003, 0.0010750112226787, -0.38641292063928, 0.0067522993089883, -0.056261943269713004, -0.010607861909466
0.031360221090238005, 0.0004109395686517, -0.39289863652486, 0.0073028959564252, -0.061421557627843, -0.01143897600656
0.016153492990965003, 0.0025306852983741, -0.41078475506373, 0.0046247247413677, -0.058586130960652, -0.023083577113333
0.026846240182192, -0.0033674606147518, -0.32313658123134, 0.0051849592045171, -0.047187055052280005, 0.013311104472598001
