Pichu
0.0, 0.0, 0.0, 0.0, 0.0, 0.0
0.020691022958605, 0.0074740439932837, -0.1141330642236, -0.022645095739467002, -0.014613658545949001, 0.01293560312335
-0.037285218319381, 0.0022289491998593, -0.20398613633396, -0.025979344342287002, -0.020905769519079003, 0.0071777309428787
-0.013374441201466001, 0.0018527275765573, -0.14570916080209, -0.014236999904422001, -0.029666478855232003, 0.012205649426481
0.010088348471587, 0.0033048308657943, -0.14768869501195, -0.018323310436989003, -0.018856976110722002, 0.021885924905832
0.0070864322121524, 0.0038689930480972, -0.11093001498867, -0.015366346960384001, -0.016855232951605, 0.019891807108490003
0.014079111968365001, 0.0045847989974895, -0.10634282585269, -0.0076600233800269, -0.035490487911966004, 0.016689144593851003
0.0060820990485103, 0.0023744845110986, -0.13223819727141, -0.016228431240489002, -0.02638731512339, 0.020654703912842003
-0.0011234277136868, 0.00013096632718549999, -0.066574781346753, -0.0034545537191252, -0.036311496490066, 0.013436915844558
0.031853280572426, 0.0048449680152747, -0.20422862791604, -0.017334965376164, -0.045083673172726005, 0.025022214404304
-0.07270136730762801, -0.0033466535488953, -0.0056498216397531, -0.021210460980253, 0.1844928463676, 0.012193736181296001
0.15195832510123, 0.017680589468802, -0.5553283200675599, -0.020879106824817, 0.5119165187464, 0.042970896153180005
0.12790208103433, 0.0097824504004501, -0.9357491795372, -0.034468462031879005, 0.8070084779565599, 0.074765617050633
0.13974102724633, 0.0054533606745405, -0.61096867525354, 0.017963300691439, 0.359159578294, -0.0017290139102375999
-0.32569932185901, 0.018756206499754003, 0.075492374330088, 0.078438885526315, -0.25616975375184, -0.024108195301543
-0.77385911754079, -0.0037954784166886, 0.32345919572707, 0.15107907738012, -0.33055214668479, -0.04548665595371
-0.64846485077093, 0.00048672887613069996, 0.14536520958952, 0.14871393142541, -0.19414780496396, -0.057664195432024
-0.16452495455985, 0.032102087066395, -0.12700579957364, 0.21575043671147, 0.090638543923006, -0.027794775559876
0.22638976697352, 0.054702073269335, -0.67055936765187, 0.21088144255484, 0.40114905616719, 0.077860570578746
0.2961019946273, 0.066722977979794, -0.97362507032721, 0.20009912267197, 0.57776334128027, 0.13409566344772
0.26809067835236, 0.055687022579003, -0.84226301121676, 0.20513875145116, 0.34274974896731, 0.09530040131801801
-0.10765007028193, 0.031811271642189005, -0.26594812935908, 0.19836944507692, -0.16088606376676, 0.055156772536264005
-0.47858895128519, 0.029075238598912003, 0.08688344784872701, 0.19460461583131, -0.23758195050384, 0.032938888645649006
-0.42091061984258, 0.028946668042229003, 0.11239214889716, 0.20755034179963, -0.21061643577377, 0.033553608546681005
-0.16961405756619, 0.028386345868649004, -0.10037664308779, 0.18730650188993, -0.077813429214533, 0.014272384290974001
-0.10219232312675, 0.034560812673189, -0.26580721884208, 0.18414386212025, 0.017458694029408, 0.0096557579302202
0.060755893790863005, 0.038799623367301, -0.45326166932111, 0.15715424566297, 0.066257624326886, 0.03845279528603
0.12303836557577, 0.031501400646216, -0.46704838204623, 0.16702370008582, 0.05333545473174801, 0.028628678729766002
0.07171207963340101, -0.043793187072264005, -0.51915867064796, 0.25344214108642, -0.055356278500067004, -0.21147366682806
-0.11563432461075, -0.16101111882642, -0.44552601640938, 0.38419937891338, -0.050534136279329005, -0.64149055492281
0.013024056130824002, -0.094231596588877, -0.57390516521288, 0.32463383613094, 0.071227045744485, -0.40876478190445
-0.023995013772361, 0.1299208605276, -0.58243764149286, 0.1487245048491, 0.0016984103936417, 0.38927854981565
-0.06805732827279401, 0.25628404340693, -0.59275496181769, -0.10185672653336, -0.05691448189857701, 0.85762588907832
-0.12700791150333, 0.23201029572096, -0.53455661414919, -0.021553265554031, -0.062397948445226004, 0.81618233144568
-0.048171028402411005, 0.1495298729899, -0.39424048337617, 0.12334651363505, -0.001067260538991, 0.473391013823
-0.069714076237975, -0.021230024299222, -0.28147060855016, 0.3680265429812, 0.025478567094906, -0.12742517081989
-0.11479225169822, -0.14063004288954, -0.35007195337735, 0.60707660779032, -0.031145851403538004, -0.58449400014657
-0.20667231632325, -0.15953626598290999, -0.17213032911983, 0.68698959472145, -0.045094892539313, -0.6541423111339
-0.042367118105473, -0.0855600102639, -0.26473565402301, 0.72558587540205, -0.0092325691908502, -0.44390429041958
-0.060848560209597, 0.04611728672436401, -0.53058024198099, 0.77680280682403, 0.023098559961378003, 0.16982150172589
-0.16376085726691, 0.2333319210949, -0.56206051500782, 0.45168982379636, 0.07524144677366901, 0.99829699941719
-0.14267670421626, 0.28739169864808, -0.41789693592849, 0.042100429129738, 0.07410654597071101, 1.1314689064049612
-0.094376518091717, 0.22414905875339, -0.22269685069278, -0.028271581873030003, 0.034250661661065, 0.8137530533249699
-0.096425832817113, 0.1712665129357, -0.31677277515738, -0.0009829879607925, 0.041261310920100006, 0.8774785097117
-0.15014835325203, 0.061557163519846005, -0.23469848429999, 0.17230550373279, -0.027915507272, 0.69215441016089
-0.18340939413174, -0.0719974954042, -0.2340400612404, 0.39175321969498, 0.020473225909236, 0.021217335233284
0.033256601155709005, -0.13346497082785, -0.30475033058593, 0.40616179786257, 0.05596757834456, -0.5708017444592
0.097450289922864, -0.17265134567476, -0.26884834172907, 0.38529341592612, 0.04253307128158, -0.8099392717514
0.12204375251872, -0.17159595042387, -0.21784988016075, 0.36753980669753, 0.08604488207317501, -0.75327000946526
0.10478265298488, -0.083248090691624, -0.13577317848559, 0.27947426449727, 0.10500817538114, -0.3307284406726
-0.031121685851084, 0.12895784530093, -0.043778356984407005, 0.099741356803067, 0.053914957564669005, 0.53857963018891
-0.0017893853313886, 0.19951607637562, -0.15190781291084, 0.032316758384941004, 0.052955573259354, 0.81079620403544
-0.036129938716982, 0.16922845145566, -0.26791251186924, 0.046485193409744004, 0.075829495614989, 0.74858334581687
0.062397152850861004, 0.16425716345695, -0.2932561967064, 0.052118165285563005, 0.11097532052489, 0.679591263329
0.22325094050136, 0.08503046090242701, -0.79434380919898, 0.047220585880807006, 0.33870953375068, 0.41454118355882
0.21401901945609, 0.070331600171292, -1.1380977951201714, 0.086949222275174, 0.62417537024688, 0.3131562076219
0.2682529327086, 0.05938161629075601, -1.2174257591055575, 0.09458411556178101, 0.69248581310056, 0.27060942834952
0.27726931400367, 0.052725624444061, -1.1181614989664188, 0.09347617110814001, 0.49361933091606, 0.19063261811315
0.10456382198787, 0.054243782102723, -0.64083611771029, 0.11159481120017, 0.2365275167307, 0.16308782779298
-0.0099363830002532, 0.050632024602666005, -0.45886870480885, 0.14020424582802, 0.09857900456820101, 0.14094436264207
-0.19436493331246, 0.037520882693333, -0.42558500759305, 0.16475434879287, 0.09726263993337801, 0.1237185813898
-0.17888946830849, 0.040275865690110005, -0.20134272479845, 0.14859019183234, -0.035907656736138, 0.12396129548434
-0.224415371382, 0.040409183253568, -0.12563893435536, 0.14466393932103, -0.09358836434949101, 0.10731583143238
-0.079353598033089, 0.031099904249604002, -0.2962304757714, 0.098787006680008, 0.10739289208428, 0.07325654443802501
0.07380514331117201, 0.023716467465254003, -0.43806330298069, 0.002059347183544, 0.22034440346421, 0.065125289699884
0.1726966464286, 0.0054068141951486, -0.59810224057527, -0.0062655163358365, 0.24520992816012, 0.052927484049712
0.24969544265825, 2.6754370646e-06, -0.56483739595149, 0.021049326522499003, 0.23990954848445, 0.056779957942557004
0.25064851503171, 0.0001121582068909, -0.43296118879825, 0.023899625124090003, 0.23287714135284, 0.070278137790743
0.24835600034739, 0.0077234808807868, -0.41872505247543, 0.059187817941689, 0.20938481120133, 0.096426683745716
0.14737012202244, 0.0036495248033768, -0.38293744074058, 0.079723121610941, 0.23975786812555, 0.084576311247228
0.16163510100972, 0.030087679860814003, -0.43598904942225, 0.07613355294785301, 0.18247759896632, 0.1183824601149
0.1995370766156, 0.043932880865814004, -0.48004685183236, 0.086842685866237, 0.10506235724791, 0.12089517620107
0.1668472392141, 0.04484631419801, -0.33866626579238, 0.089785563611222, 0.10367766631176, 0.12776725015206
0.15472931342653, 0.036787932323236, -0.39332224979562, 0.08313381102320001, 0.14660450637386999, 0.11535583825671
0.11804784662697, 0.044225040807700004, -0.30856442792411, 0.07146166677924601, 0.11110244655325, 0.12455591952284
0.13723565286353, 0.04534364244294101, -0.25247929825153, 0.060411561814508005, 0.04610476228275601, 0.11729859609232
0.12878842964928, 0.053223739102264, -0.45615540417461, 0.080832154984374, -0.052648202184993005, 0.11427341132949
-0.059491767062615004, 0.045764948952784004, -0.16405563858929, 0.13723841898635, -0.20452426932041, 0.10914289380106
-0.40039947001268, 0.050393595665144, -0.069641344695994, 0.15419056686734, -0.15876923672344, 0.092157230861912
-0.21662002306389, 0.058936677951838004, -0.16297289736488, 0.11353440353201, -0.039120714540039, 0.09494242942467601
-0.01715897090373, 0.07745425301255601, -0.27386932796296, 0.11189269584972, 0.053680913480006004, 0.12545204253572
0.024634631932956, 0.06426817677938701, -0.39638006122299, 0.11652764657826, 0.032805126826026, 0.12088414450027
0.14484695938133, 0.080134529601688, -0.38073805030398, 0.10591088290268, 0.061899830734492005, 0.13627752486291
0.17526106510699, 0.094110811974754, -0.45409795029264, 0.11766488856075, 0.06005047736519001, 0.14994447936177
0.11917057400229, 0.07985765250053001, -0.3958629673511, 0.11651374347012, 0.070339129274821, 0.13944153341003
0.15100893555944, 0.0810564464306, -0.42261341866253, 0.1151743054806, 0.042180425032651, 0.12347702878615
0.08308425055821901, 0.064014744794923, -0.45367203387081, 0.10792104096982, 0.07163930936496, 0.095713570736958
0.12334951142238, 0.081433409465093, -0.3685033215568, 0.11721988544366, 0.027196072544978002, 0.11076833502104
0.12644416982741, 0.074015937609487, -0.44393128985432, 0.13410428985701, 0.032259834936049, 0.11370183912177
0.09641084461832301, 0.07691011530457001, -0.38390686588068, 0.11652281128517, 0.011895153359283001, 0.12341476828085
0.11796211360672999, 0.076930775781924, -0.32065058074395, 0.13123268893178, 0.0021485826469285, 0.11844204578475
0.13374138266227, 0.080496476031334, -0.22895890087356, 0.1204321338671, 0.0029503349713684, 0.12288027027124
0.10678083407758, 0.073390748378708, -0.27243739841229, 0.12483042483238, -0.019911057249104, 0.12621625567892
0.10453809870219, 0.068480556003638, -0.22773631823095, 0.13098858838644, -0.028936680479774, 0.13286197844864
0.10346950814818, 0.07427842650449201, -0.22980270241368, 0.13961864131642, -0.023641428662294003, 0.13366242087017
0.10239919060356, 0.062292981474345005, -0.27498498113116, 0.13187642392263, 0.039040987816006005, 0.11359712416845
0.079785208629853, 0.06439663073483701, -0.17272860637069, 0.12424456319446, -0.0053669320351751, 0.12718669468354
0.12354884392028, 0.06899673059213901, -0.11777824653211, 0.12844742877403, -0.023505788783023, 0.12748501463294
0.11043253236276, 0.072603893443878, -0.1818458682648, 0.12107397731197, 0.0072700530732674, 0.11647644320142
0.10190627321738, 0.07766922983045, -0.13821103840469, 0.12192474901378, -0.012752315641425002, 0.12104902797782
0.17346076890057, 0.06248068410427501, -0.23736740850184, 0.10045058211057, -0.0061092835678875, 0.11549669697849
0.1340835928671, 0.058202093065606, -0.18826644499675, 0.10257184560533, 0.016564349576206002, 0.11449625885978
0.12528260222965, 0.07403981217826801, -0.2826643684128, 0.1042082922149, 0.010980287592634001, 0.13009565618944
0.13061416398528, 0.070086882126771, -0.28971940144967, 0.12140196921641, 0.0010863290709517, 0.13394970369978
0.095573580137605, 0.07024839896643001, -0.28482267844509, 0.12538757681801, 0.026827986879127002, 0.13186544868676
0.07053350482529, 0.07105904775334, -0.24586057543476, 0.12695185368135, 0.045088300151829006, 0.13487248681499
0.06796815247702201, 0.06907410974509201, -0.19995227717603, 0.11679384636115, 0.05069643376465, 0.13084375094151
0.09782333051628701, 0.066758599501247, -0.23777668787524, 0.12860080467942, 0.043984687194590005, 0.12836892455084
0.10418636614682, 0.07220760773535301, -0.22495719337159, 0.113306718628, 0.056483092650272, 0.14043721015853
0.0800233785198, 0.07907266928678501, -0.15842495183192, 0.12518353685916, 0.037025641783451003, 0.13190291198314
0.035373277102673004, 0.079573729876556, -0.036502527956020006, 0.11411640641233, 0.043761084955657004, 0.12984442214468
0.061978927520858006, 0.080014766347703, -0.11736296362061, 0.12306686527054, -0.013976727024442002, 0.12305619054969
0.10155911460134, 0.08390071231764201, -0.15311037518305, 0.12028262539435, -0.0264852423737, 0.12627992403682
0.11169112897971, 0.087787399190016, -0.18548921615681999, 0.13093341363833, -0.04745519274413, 0.13300838255994
0.11477643404284, 0.08392673620714301, -0.19808895642738, 0.12333511302416, -0.047630144501764005, 0.13214663760799
0.11067886807929, 0.08223299730114701, -0.16364818835256, 0.11363072042952, -0.047377855065128004, 0.12288916544521
0.080701338959332, 0.083048026393195, -0.091836391053875, 0.11950979700197, -0.05611632431978301, 0.1393403587505
0.11070387040163, 0.08138144044298501, -0.11640600472484999, 0.10416100030161, -0.073147257348428, 0.12914069495452
0.01983326076338, 0.064552344445976, -0.24907821384753, 0.11151918534074, -0.041238437343861005, 0.11781708169689
0.051539327807737005, 0.072335338725542, -0.13008137287758, 0.10175004776433, -0.046866323221419, 0.14329030496967
0.09225093893568401, 0.074290880675301, -0.10156305138147, 0.11726470817092, -0.025665525193392002, 0.14471283995075
0.10672433768023, 0.07699336882362601, -0.059796521123732, 0.11210725423958, -0.033161510365035, 0.14439383198604
0.11689060530811, 0.07583544319033701, -0.07018675978706, 0.1101999042407, -0.028695903272899004, 0.14816248252798
0.10787057841679, 0.07511609883639901, -0.08882765846392801, 0.11824205305125, -0.037599595501641006, 0.14268635275975
0.11269156473802, 0.07678118740487201, -0.080228690322519, 0.12370777713043, -0.042163770041186, 0.13928355483268
0.10458547395965, 0.080396526313724, 0.0016359099909825999, 0.12074526524156, -0.051201291599307, 0.13916434817264
0.13303890359861, 0.07843066663994801, -0.11257407698245, 0.1074025615717, -0.045512078576317005, 0.12665967359174
0.08582659902158801, 0.071764263062283, -0.099206375672793, 0.1149663310058, -0.033113408812480004, 0.13417464152469
0.1183196182106, 0.078050522701369, -0.13572242338644, 0.11682766679277, -0.031194365478148002, 0.1378481568947
0.12317279814014, 0.07491893198680101, -0.17534683185169, 0.12018858888257, -0.018923032574388002, 0.1411198562776
0.084076170985209, 0.07014371020035001, -0.33407698877453, 0.12121336332332, 0.062082601526022005, 0.12983161494093
0.072742619866212, 0.07215561268044701, -0.27372680021677, 0.11526392512998, 0.034733849627937005, 0.13964709012829
0.086556603088018, 0.072847632254915, -0.15935481294697, 0.11934396209297, 0.019414111869842002, 0.14022714199647
0.10322045418397, 0.073888539614963, -0.15555078073086, 0.12670315128084, 0.014060140997378002, 0.13625127391305
0.07577353449149, 0.07541940369798901, 0.049235662043461005, 0.11678223906108, 0.015171255862487002, 0.13308955105999
0.12775450504338, 0.07744030775457901, -0.20735270312548, 0.11350644554915, 0.032672624912221004, 0.13981711655269
0.093385164360075, 0.06827646552248401, -0.12522046457507, 0.1157140981119, 0.0071625968170863, 0.12636442081327
0.10859035253311, 0.071132561740725, -0.15854245189727, 0.12653888583297, -0.0018433199475407, 0.13558853956349
0.10293723191725, 0.069061566735134, -0.14200249437171, 0.12448755040416, -0.033607743698426, 0.13770147267645
0.055338180084839005, 0.069088798163586, -0.18743338778881, 0.13009573279625, 0.0043744498815935, 0.13879157179787
0.07329797635016201, 0.072268720542948, -0.12508511480254, 0.12283790085273, -0.0075111560400342, 0.13879573057709
0.11086098170698, 0.074770255782174, -0.10493482154703, 0.1278692425848, -0.015453588763303001, 0.12522701555454
0.094053644634805, 0.07537006526034101, -0.10574323406193, 0.1248313350945, -0.047898200631859005, 0.12752965479874
0.088987461837048, 0.07690865092126001, -0.020531965691498, 0.11875332877304, -0.033341092993203, 0.12628608344668
0.08817185872416, 0.066873048263053, -0.13869062746649, 0.12631421605103, -0.06480489688187101, 0.11660199371901
0.07067091925862701, 0.06714226722777701, -0.12371785094185, 0.11960794346227, -0.053835178507571003, 0.1213507517766
0.085102101746864, 0.06745030596550601, -0.11263253705982999, 0.12989583488862, -0.049888296593388004, 0.13236406850166
0.09203582695427501, 0.070440800313569, -0.10287906063939, 0.1268625314896, -0.043515481615735006, 0.13909379045584
0.11468041143318, 0.06980992400043, -0.086789677180162, 0.1207067920744, -0.041187959897294006, 0.14240417690351
0.10842904567431, 0.068185788769329, -0.09712985830862901, 0.12937751873291, -0.029738202987835003, 0.12936382300318
0.10188928224793, 0.07140873053510101, -0.13448135428388, 0.13404413724483, -0.031246434557841003, 0.14103002446317
0.07248059260786001, 0.07121327189130301, -0.22950507971116, 0.14450059697564, 0.021013493277204, 0.12316684249273
0.08870152247808201, 0.06868149537958801, -0.23298340330711, 0.1269606648646, -0.024155004642522, 0.12394691708316
0.07824139635534001, 0.07230788532818501, -0.15728338496279, 0.11947017206501, 0.0033039146772696, 0.14022853476307
0.10507425013805, 0.07484934459883401, -0.16692990031911, 0.1194320435081, 0.020095858025243, 0.13188721143524
0.11204704415979, 0.072858547082085, -0.11716399675648, 0.12474851980602, 0.0023602340168746, 0.12779484355928
0.11957628476983, 0.072901040059291, -0.16037657888284, 0.13782433974945, 0.0060646854929345, 0.13802895107149
0.11075292500428, 0.07381060495733201, -0.046981255071553006, 0.13114246557611, 0.0009457244998662, 0.13046802267563
0.10316802386069, 0.06598901592442401, -0.22135505101095, 0.12340002154712, 0.083611167854705, 0.11301564277549
0.098029523238515, 0.074115482882649, -0.14372379270995, 0.12208607912825, 0.014834572438180002, 0.13178515492898
0.12071103967867, 0.072321145307129, 0.024719675352633003, 0.12019318437548, 0.010703042693803, 0.12062041214208
0.13359780314316, 0.07854839023106501, -0.2250310305588, 0.13530299643825, -0.03060711388577, 0.12713169551255
0.09702470269263401, 0.063778252414094, -0.052250272798114006, 0.12417674023146, -0.031858086722040005, 0.11823812835103
0.08009079873128601, 0.06745250017312701, -0.24876135328458, 0.14373458850563, 0.0092143313735789, 0.11994201549834
0.043359537567931004, 0.06531513342242301, -0.14945480461198, 0.12456268968945, -0.030275297830525003, 0.12476655487413
0.075634984563786, 0.072833122947598, -0.10635065851559, 0.13749578788584, -0.029461016546398003, 0.13561284476569
0.10887370592334, 0.06745294987971501, -0.10696400168028, 0.12305221590999, -0.036107351562495005, 0.13862510388797
0.097650073073044, 0.06796816571533401, -0.061575946448463, 0.14073896708135, -0.049606896500053003, 0.12795025533586
0.09551572505325501, 0.071881140118369, 0.0033258853975762, 0.1248787352506, -0.066091822591528, 0.13386729297234
0.09609824217078301, 0.06691970076604101, -0.11908483438611, 0.12273349252577, -0.09201449897904901, 0.12188302393123
0.07722139089155501, 0.06168546152258401, -0.07295895702843701, 0.12616960918133, -0.084818856069704, 0.13195194282846
0.08532764889501701, 0.06802878766190801, -0.14071475490236, 0.1358833837905, -0.060627541551685, 0.12684316240819
0.11285242004826, 0.068491877326725, -0.099447636517594, 0.13080584050721, -0.056860622877735, 0.13403521364704
0.118372686204, 0.06041311376758501, -0.16626862671636, 0.12938131163312, 0.027634859115849, 0.12490099929684
0.08379036020191101, 0.0667813174034, -0.13985409208355, 0.12998415794689, -0.015806301504137, 0.14408849250579
0.12658601714635, 0.06907020780352101, -0.16999840658903, 0.1345648841064, -0.0083967868794146, 0.12869792047912
0.15070295520637, 0.075331081786055, -0.22220057994922, 0.12624986615368, -0.02216933267986, 0.14659554793581
0.12068742912047, 0.06838155135952001, -0.22579587560358, 0.1379726183116, -0.011006180254111, 0.13753444492391
0.11118732083664, 0.07261732109765101, -0.19956658287078, 0.13028693949601, 0.0075483415237046995, 0.14094382834028
0.09516865130905101, 0.073571412337778, -0.21337412724902, 0.13465073498182, 0.014236692943685, 0.1403462050238
0.086666231322126, 0.063242070496362, -0.15619706484784, 0.13737376160668, 0.007606067565134799, 0.1285714375292
0.08978180907676801, 0.068530769585988, -0.28736011429599, 0.14126731471623, 0.058700627410955004, 0.12868484479444
0.060105315301710004, 0.064992610386639, -0.23142908870864, 0.13145118041934, 0.0046882058065916, 0.13838915180272
0.09404137400385601, 0.068680770515317, -0.20961886499122, 0.13666679144285, -0.0067350978276009, 0.13173523747046
0.076171806661253, 0.060330162880276005, -0.09991195909120501, 0.128550707585, -0.037788596868079005, 0.13412884184866
0.10655001924121, 0.068963399781772, -0.15407956117316, 0.12701852260669, -0.023166490237508, 0.13341167353934
0.08424516812858, 0.063522771229681, -0.20369215703295, 0.14052471647689, -0.050828480629473004, 0.13419246656091
0.08079941089246001, 0.06565185447619701, -0.14087048135658, 0.14077627010905, -0.059063431136469, 0.1322985794264
0.10690014017029, 0.063447491860827, -0.13442850394291, 0.14250192204559, -0.063390349431025, 0.13228407039106
0.06320650390002301, 0.05993791553304201, -0.18520276331578, 0.14130738127407, -0.007217942417699, 0.12249123983399
0.066047936268725, 0.062101000622824004, -0.10049850210005, 0.1352578218351, -0.057534991931037005, 0.1235784407277
0.11938414815408, 0.062342931985398004, -0.07493603802489701, 0.14168020070812, -0.043624124775517005, 0.13331316356029
0.11350862583357, 0.069537514123859, -0.016076191642062, 0.14771502705043, -0.073505444049447, 0.1293179042077
0.11437403377219, 0.069815348020326, -0.07856826490365301, 0.13017826744795, -0.09104655839931601, 0.13406690594161
0.05305425878058, 0.056866295001069, -0.18618139044817, 0.1346730737079, -0.045883887939423, 0.11004067523357
0.08078343365109701, 0.068909059009215, -0.1770505045657, 0.13500319867241, -0.072858288387402, 0.13793648692905
0.11833005573954, 0.067227104411841, -0.16329344539231, 0.13035086179905, -0.045191624139947005, 0.14178380730591
0.11413169186049, 0.06808365511814901, -0.1568533764517, 0.12482390002921, -0.02285223923606, 0.13903287260691
0.13455386622486, 0.067217450053802, -0.20518378284262, 0.12609572759753, -0.034996022159422005, 0.13189440106936
0.12347296384477, 0.070617780035998, -0.2021937460266, 0.13463109685962, -0.017833768169818, 0.13433757044023
0.099281686686133, 0.070826814388861, -0.19678741506886, 0.1424288931941, -0.028840644512356003, 0.13198295652031
0.12198201243577, 0.072345256026902, -0.2369299807664, 0.13120762947498, -0.0013657595474109, 0.13141533496048
0.07074884669784101, 0.05586584375827101, -0.2541103467947, 0.13494311525793, 0.043157356800580006, 0.11056239776816
0.06378239790498501, 0.067795958747678, -0.21213980257876, 0.1111627155341, 0.012124359280066001, 0.12997404769498
0.08808351807905601, 0.058481274352997006, -0.063938507514173, 0.12067409792551, -0.0017852254089308, 0.11584471718873
0.12006984528528, 0.066024515590633, -0.19907183756822, 0.13388632363021, -0.017107040338096003, 0.11885534554517
0.11314387676088, 0.06419097706379101, -0.13756377361518, 0.13210506399239, -0.038836682390645, 0.12969777313112
0.10368348800459, 0.06676564636991901, -0.21187448298031, 0.13485309407409, -0.024975331631031, 0.12034135953397
0.07290994514558401, 0.071048039484436, -0.04649171525041201, 0.13727175607973, -0.037072467232088, 0.12164536715103
0.09422389008562, 0.070466295795008, -0.18760720311409, 0.13212188828032, -0.060933183128129, 0.12058936714755
0.08361400346818701, 0.06545887682306101, -0.20274043008866, 0.13775662609076, -0.06468944546013, 0.11940341805382
0.085078755294203, 0.066925145545838, -0.17679804314399, 0.14127800930911, -0.06618808617475601, 0.12424315676398
0.06937882092575201, 0.059228159956226004, -0.21618442021972, 0.1524875833743, -0.015128925603523, 0.10716408593079
0.058855636620855, 0.062937180069268, -0.18950560019657, 0.13663560998741, -0.06722735658818, 0.12309434623256
0.10407323366891, 0.061407532082103006, -0.089801448784564, 0.13120804985715, -0.057399157991831005, 0.12953989777502
0.10877790407292, 0.063100707279666, -0.13906187638302, 0.13741455130841, -0.06864046645076001, 0.12860289221684
0.10258331503931, 0.06170783570850401, -0.07165309910785, 0.14141550074016, -0.08270925385045501, 0.12437067141691
0.13475496844962, 0.06185669760055801, -0.054270944828714, 0.12788243247706, -0.076077025169518, 0.11808787191701
0.10944146362505, 0.06131568797061, -0.16274714085372, 0.13709970540639, -0.087970590662461, 0.11919360042118
0.12221096411623, 0.062433434729707006, -0.14367217387505, 0.12974472575993, -0.058680156876755006, 0.13707006940354
0.09780243142552401, 0.059060479724953006, -0.1534925895989, 0.13237355848462, -0.038302810042507004, 0.12771241314665
0.1244332722874, 0.064052698963181, -0.20634480362691, 0.13052533266191, -0.044033321487365, 0.12766876551729
0.11540116265862, 0.06549713421665901, -0.21801330024099, 0.13894221430258, -0.038924799055474, 0.12588044205258
0.12512876843536, 0.06980385770400001, -0.27105506787283, 0.13388790850778, -0.037270997554166005, 0.13121575471449
0.10567392834177, 0.06557193622563001, -0.20713142062056, 0.14331349346332, -0.039369742821475005, 0.13527055823797
0.056938099399651006, 0.062863157327609, -0.28994809324194, 0.13214356775919, 0.07947409812099901, 0.12158459149677
0.085275076928086, 0.06445057312541401, -0.2777904901201, 0.12905367620544, 0.003807401998533, 0.1304331587084
0.097063261613025, 0.063568269230324, -0.14211864768121, 0.13839279772293, -0.0047645763689369, 0.12019934547205
0.10855140961405, 0.064412383005155, -0.1874400521613, 0.13464398176763, -0.012014553238432, 0.12486722094748
0.11625699734081, 0.060943809745082005, -0.16291947351843, 0.13535715394991, -0.021018774681367, 0.12097068617996
0.09486914901561501, 0.06209540799590801, -0.19966242299749, 0.13814283632, -0.012908871466547001, 0.1266476341915
0.11249334392406, 0.062831888099369, -0.18974320267003, 0.12731929013672, -0.014480737350511001, 0.12904261624834
0.084541767732732, 0.06039438437162901, -0.17369198203089, 0.14045450238113, -0.045643423753169, 0.12918709408877
0.09981134544007701, 0.06354921561105001, -0.094098004449137, 0.12850804822564, -0.031273500527287, 0.12096860415802
0.055561704374950005, 0.053167874144451004, -0.28970035796564, 0.14676696009842, -0.034278290330216, 0.10539160657365
0.046104588527456004, 0.059278103952985, -0.1980157682791, 0.14051263725033, -0.068623924665294, 0.12512589890841
0.081684580574613, 0.063826724347217, -0.13135010492202, 0.14692824689417, -0.043374221105552, 0.12609290143269
0.10230373563721, 0.056628305053425004, -0.09762758790193701, 0.14325759454671, -0.068551966840229, 0.11983002378134
0.11125349275564, 0.059658601144211, -0.11580058165729, 0.13806216520382, -0.0998061138376, 0.12690309463205
0.09704117446414001, 0.05904704673478801, -0.08958145932052201, 0.13943716116448, -0.080481115392037, 0.1242309993042
0.1108704463916, 0.06108262848682901, -0.13298617408488, 0.13391881213337, -0.06258259018616001, 0.12519478561144
0.097980985489604, 0.057545369636760005, -0.09132752664697001, 0.13035454916407, -0.06746756153785301, 0.12901198023745
0.11127700896445, 0.058971849433931, -0.09309176593832601, 0.13635934077883, -0.064084719597436, 0.12799751712986
0.10082091760138, 0.056353975105310004, -0.12670403931398, 0.14180314986461, -0.064442611636722, 0.14076326852527
0.052640024532922006, 0.055549237582929005, -0.26288977407389, 0.14394086781128, -0.032047210185441, 0.11186203660847
0.093450500031253, 0.06341630541114701, -0.19316293680655, 0.12991823192142, -0.056708063844972005, 0.13118776954395
0.086521781008357, 0.05680351227236, -0.25721702266185, 0.13907224250755, -0.0067637126476831995, 0.11935889494595
0.11397861059579, 0.06704292571525901, -0.19573082484664, 0.12475277217347, -0.042656119684769005, 0.12546602929064
0.12688618914684, 0.07232492716402, -0.19604374045781, 0.12888492236611, -0.033444202236791, 0.12765390046395
0.14259451689469, 0.06846492566420001, -0.21563019033878, 0.12288206217692, -0.026558584002338, 0.13638213634599
0.13757618793246, 0.07085259189608001, -0.23994971402521, 0.1350881732104, -0.014843445237212, 0.14634153559035
0.10711204177919, 0.06639519997608201, -0.16498899350832, 0.13137453890471, -0.0048072784943645995, 0.12824318497455
0.10488815673718, 0.067077110193708, -0.19023029473489, 0.13604463253746, -0.006275814833183, 0.1366706570236
0.10819308045274, 0.060192508335898, -0.08570655200494201, 0.1277845809159, -0.0085386658584837, 0.12228568635563
0.13317135495329, 0.067469664411098, -0.21232020873193, 0.13730971288036, -0.02238998138252, 0.12413930289987
0.11458723149544, 0.06311205179479, -0.12774719476475, 0.12609097720647, 0.0013204132687405, 0.12408129404514
0.06370181905734501, 0.060846733420041, -0.28218506607881, 0.15426309210769, 0.036227872883064005, 0.11481756553074
0.08052257941926101, 0.064562902996146, -0.16845311133924, 0.12372654864951, -0.0094491224058562, 0.1275455304869
0.11706131708621, 0.061930282265703004, -0.20762629268878, 0.13348208554846, -0.053395749012881, 0.12667848319219
0.095525683907696, 0.06705291481226501, -0.21223339777099, 0.12673458109013, -0.066741663079421, 0.13425839532458
0.09874656674178901, 0.060601966879111006, -0.12491067500112, 0.13568888729135, -0.066997226901901, 0.12297248183761
0.10409351390023, 0.066863672060293, -0.1463975967362, 0.13646732101037, -0.065922729515519, 0.12501885994072
0.10971493344772, 0.066393418333272, -0.11246593982242, 0.13815607602373, -0.060662251711057005, 0.12576085420427
0.054179302392362, 0.08717818424753801, 0.31274700374389, 0.13325414541989, -0.10426407520531, 0.11535309183427
-0.092795939590514, 0.062441565585859005, 0.038833331532106004, 0.08374920844059, -0.037831973733327, 0.13405005959455
-0.055068996509318006, 0.068852251143311, 0.29100563403587, 0.10301066046779, -0.09641183130320001, 0.12813854233512
0.14345397154358, 0.07268719181494, -0.11847489171181, 0.12008555669656, -0.09553125330012001, 0.15114203235249
0.07316977656126, 0.065257208864523, -0.1403921204885, 0.13452689290591, -0.06877745442308, 0.15762518653361
0.15091417073842, 0.07239542064040101, -0.30117162310805, 0.12533222174427, -0.04496954537121901, 0.16571249870494
0.17821023335373, 0.07761272425514501, -0.34223254437631, 0.12212551143811, -0.049823741917003006, 0.16286531487225
0.18973779469473, 0.07476948019871901, -0.47576742297291, 0.12527963397234, 0.010347977136081, 0.1574815531088
0.14428241646512, 0.075688393173322, -0.33876486600079, 0.11790444685191, 0.0008805997396786999, 0.15911806130399
0.1607208174955, 0.07829944432659801, -0.33161477949398, 0.13411250699854, -0.017758948295468, 0.16053338159204
0.15852748258276, 0.075354778263752, -0.25407043008173, 0.12400539428692, -0.026673730298191003, 0.14662404196553
0.15519757487015, 0.07661131104459101, -0.32759155933826, 0.12231666913675, -0.042642521174874, 0.15129320598707
0.15539252778947, 0.076940577792, -0.38275961631749, 0.12557544307489, -0.046200687603413004, 0.14164065842135
0.1414925566131, 0.07955847459535101, -0.31602153683282, 0.13601616208396, -0.04602603569178201, 0.14854689394831
0.11658378696733, 0.08174860312844401, -0.40245624550052, 0.12684689322519, -0.023275763403063, 0.14707812466368
0.07755301039634001, 0.079149568814217, -0.32171183608997, 0.1181273710349, -0.011087170182528, 0.14649925965234
0.09844703839077901, 0.09083944328354, -0.24003081745274, 0.12839830937092, -0.032560091595782, 0.15786477480245
0.10339613179767, 0.088848114103837, -0.21977102243212, 0.1351872957786, -0.052587547579408006, 0.14798516784389
0.12005106437746, 0.085473290418245, -0.21379674531406, 0.12006624843866, -0.057158562910678, 0.14846860589587
0.10240696135594, 0.082947174225786, -0.21116821042034, 0.12530073395438, -0.07191621299895501, 0.14735324050597
0.11157465174073, 0.084681904031812, -0.17908437485759, 0.1244402504126, -0.062575726618304, 0.14069276293927
0.11166474074555, 0.08350424831257801, -0.16487417923781, 0.13616800132372, -0.061545905713232006, 0.14213597725439
0.1351620676355, 0.08174957100428401, -0.15858546468191, 0.12908514724257, -0.061630134788619007, 0.14014537052904
0.10193985145596, 0.075823927888556, -0.21246781674649, 0.13859931275878, -0.018854318020756003, 0.13285079935739
0.09729595837273401, 0.077436711321475, -0.14767332816706, 0.12220874533992, -0.081715102708433, 0.14024841217586
0.12853926197578, 0.079455897271204, -0.11402992294639, 0.12715395925067, -0.079182408463289, 0.14223701538875
0.1267252920538, 0.08207743012198501, -0.0011795457683503, 0.11833069642109, -0.077226327603133, 0.14152154362423
0.13165621281106, 0.07799223286979201, -0.18420938764359, 0.12757369421816, -0.09039961047341201, 0.14264407374455
0.11461069106063, 0.077236678645116, -0.15692487386402, 0.12469942271509, -0.06427240840059201, 0.14819034735509
0.13752069829023, 0.07929296416875001, -0.16714336285667, 0.12520674374734, -0.053985448984523, 0.14577277021032
0.13968170940289, 0.08324428883561501, -0.19024512367772, 0.12826760352477, -0.041463515062148, 0.1431910051899
0.1664679903198, 0.079171143984248, -0.23259456362373, 0.1323290517642, -0.043984534848159, 0.14338497768724
0.1404212562821, 0.07938171761814801, -0.23182365028468, 0.12817312082347, -0.026219733482609003, 0.14563202101082
0.1386787006769, 0.076484245027937, -0.21653686373091, 0.12924974722622, -0.015635076633704, 0.13899195941301
0.11123890131045, 0.078893271001649, -0.22354191818388, 0.12765660076283, -0.001054933687271, 0.14185564428886
0.10581899300778, 0.079057931192791, -0.15049875237249, 0.11668486492129, 0.029038467710068003, 0.14046017361698
0.12772984751351, 0.07226811752293401, -0.22744068592848, 0.12202660017638, -0.012103479667265, 0.12866083238326
0.06980007952942001, 0.063790862130692, -0.30348531554348, 0.12648511867644, 0.054760485815382, 0.12574453931352
0.08504444818654901, 0.073077603277458, -0.22439867770208, 0.12869388570835, -0.029534168982374, 0.13056779685031
0.12331668293662, 0.074933187117127, -0.18359090922074, 0.13052148845315, -0.04208187164590901, 0.13837375613051
0.11338667528512, 0.072372146883295, -0.16764611062555, 0.14199135700124, -0.046974253496538006, 0.13493533309019
0.11914861896621, 0.077483541759177, -0.15473634657347, 0.1257811728294, -0.065134329056816, 0.13477499601213
0.092861490464426, 0.068973499374179, -0.09399043523743401, 0.13212862947998, -0.060136124337231006, 0.12261066460263
0.13097229651685, 0.072897510164157, -0.10659682591898, 0.12859534774612, -0.065752162480236, 0.1310917054025
0.10423938787512, 0.07163430406637, -0.16195728234996, 0.12997435290868, -0.09208359299893601, 0.13375004124975
0.11420604553977, 0.06909600543753301, -0.10433888358188, 0.13207762251784, -0.09163476649780401, 0.13984468444366
0.11445729829792, 0.06848012007534, -0.10286299666561, 0.14402026232754, -0.091169163853607, 0.13791877323331
0.11257103861561, 0.067850126401713, -0.11311853182944, 0.13365996637381, -0.081813498647038, 0.13645117069926
0.1018009981166, 0.068261804122453, -0.090865619665495, 0.13575018501892, -0.093603137210769, 0.13883275501799
0.11361172836741, 0.067516041928474, -0.10298541273098, 0.13131849729699, -0.1061771935515, 0.143265440998
0.11262098650644, 0.06745228304463301, -0.10049396339506, 0.13199829559599, -0.10401916364613, 0.13038697845625
0.11905012218745, 0.077365510775475, -0.044493804969448006, 0.13660877841028, -0.090857018516923, 0.14070770534175
0.10441027886727, 0.062291446775668, -0.32562854161762, 0.12483757000979, -0.046516256039399004, 0.11467541925126
0.07124345159430501, 0.067745384154937, -0.14462633446985, 0.11396197386391, -0.066168300809263, 0.12586034880964
0.11107215921851, 0.073260484232244, -0.24642170225023, 0.12007218207497, -0.040160383677812, 0.12991244542562
0.13202374559695, 0.081991511664842, -0.19175253563195999, 0.12662718920576, -0.039667289523395, 0.13800704951509
0.1405599669079, 0.076008245545958, -0.22701058183113, 0.12136877242773, -0.040741939738685, 0.139420049121
0.11632078326594, 0.07681468181866401, -0.17440277748262, 0.11831311333437, -0.030449470090268, 0.13369914951145
0.11684061179269, 0.07048921019069701, -0.14670463834545, 0.12136386287247, -0.025881482600306004, 0.128080785481
0.093040608743475, 0.079487762814198, -0.027676839722839002, 0.13455416440799, -0.059150519873635, 0.13067561044377
0.11526966730912, 0.080766289617198, -0.052155471117834, 0.12421586681014, -0.011928170220448, 0.12346144314154
0.13783680731839, 0.071805137325507, -0.15345167391759, 0.132297909212, -0.05815882395771001, 0.11053515079952
0.11132795349009, 0.07013250929848401, -0.1066231961118, 0.12160363535551, -0.065088778741205, 0.12150449432181
0.14692789906447, 0.071428234808452, -0.12191040934523, 0.12835937524036, -0.082904704400759, 0.12061281357034
0.10921301926226, 0.06756289206095001, -0.11560451054379, 0.1236006620447, -0.06481458553594101, 0.124603436168
0.11647495015399, 0.078021392789573, -0.13040621929505, 0.12896248288774, -0.083571510826911, 0.13185033624264
0.058844711786525006, 0.066677131220121, -0.24566313985668, 0.13644787544206, -0.028851828054681002, 0.11311942844405
0.052612272557432005, 0.072387039541602, -0.076174427917627, 0.13570467235804, -0.083106564101126, 0.12265801393652
0.10349259300176, 0.070736756198072, -0.20694666067734, 0.13095555875627, -0.056922141947743005, 0.10742461715285
0.05756880747939801, 0.070720247997168, -0.11213736352142, 0.12182950540964, -0.10475594019989, 0.12348786921294
0.11659966332527, 0.07332194979359201, -0.063698208900596, 0.129338588724, -0.09106638348583301, 0.13195362790982
0.08528102009266701, 0.067752148609263, -0.12672089293778, 0.13184372975768, -0.077819599615011, 0.12052701244336
0.09859089321539001, 0.07066060096561101, -0.049544732221042005, 0.12350981698672, -0.08012752222977901, 0.13522789160217
0.12153384629433, 0.080725773060006, -0.047123878106693, 0.12572395076375, -0.08751058243212101, 0.13929253425008
0.13768086149889, 0.07524395686962801, -0.08285541506822501, 0.12025124067268, -0.08469143149739601, 0.13106149573255
0.1308300141967, 0.075629195237329, -0.09120421348103001, 0.12121158753454, -0.081061025995576, 0.13158847258708
0.16564954349666, 0.07840100886664801, -0.073866888085064, 0.11491659881081, -0.081007170805793, 0.1276907235382
0.15504802476239, 0.07294114107650501, -0.1596218012447, 0.12021192802843, -0.07255414042005101, 0.12813908237171
0.10919050612107, 0.07662391369737001, -0.1369320548809, 0.1232973865692, -0.058988585149803006, 0.13482646751077
0.13898339640348, 0.07912534304422901, -0.18206324612532, 0.11288893847972, -0.06419569392904301, 0.14179691355137
0.095562163796476, 0.077259863042843, -0.31822484336844, 0.12996683993719, 0.0099423961844969, 0.11739871241883
0.10548314498306, 0.08218715663822501, -0.23184818337589, 0.1177088670588, 0.0028366798779286, 0.15291378332766
0.067637186531165, 0.083218201808873, -0.12827136727318, 0.12306345290718, 0.034422035004794, 0.14143963925545
0.05787708673316801, 0.09117862534165601, -0.26102771195582, 0.15247498620732, -0.034736771041521, 0.14410813820464
0.092051618196701, 0.07992214617139401, -0.35835112313617, 0.11197338041462, -0.099221493739163, 0.14849810450632
0.06321255880617001, 0.060108807645849006, -0.30133671801818, 0.10595851668323, -0.10834490832386, 0.14603264175123
0.10900163432727, 0.077234133804012, -0.26269366108687, 0.11146864057475, -0.08879260364956601, 0.15625041667935
0.08397249545247701, 0.087123255096881, -0.23344968167498, 0.12233939661491, -0.072836302991737, 0.15664025676031
0.11540037345058, 0.09234319996595901, -0.25359445778536, 0.12433113749691, -0.049603267818890004, 0.16906203289861
0.13275829191885, 0.095906726979675, -0.30331329987117, 0.12999582712147, -0.072231697890312, 0.17161967169757
0.15505439684775, 0.093707958138767, -0.34809777800118, 0.13370088858862, -0.091374059040151, 0.17389442625359
0.10980601473018, 0.09127992563208401, -0.38170201018085, 0.14347727478969, -0.083237111032124, 0.17216832329561
0.06959787854855401, 0.09109225914720401, -0.16687370468285, 0.12169072305926, -0.054972381951614004, 0.17709644088267
0.12891395762627, 0.084714863728113, -0.24094274288394, 0.12116071749741, -0.12071857135714, 0.17327255263557
0.14729427871386, 0.09062598159208801, -0.26858918586728, 0.10981553382606, -0.1382586368174, 0.18102141888753
0.09730514661484001, 0.08048723777936001, -0.4010321164052, 0.12465880604819, -0.10408374583191, 0.16836611983063
0.10143680758922, 0.10209504325717, -0.28351251324109, 0.096418129013045, -0.12203073124642, 0.18524875751279
0.06684097560147001, 0.083317563216716, -0.19324517629761, 0.15121192646327, -0.1717200295738, 0.20415932502898
-0.041910672532929, 0.024693974289413, 0.29316066441906, 0.12438237200204, -0.11701213294849, 0.17607273437718
0.09130913960813801, 0.07862707409868701, -0.25485696177101, 0.125244104128, -0.13196005033648, 0.21689080300643
0.085493673921039, 0.072829370219665, -0.16762860716557, 0.13491618257865, -0.04391354272442401, 0.16154808682593
0.15043699885631, 0.10356942607084, -0.23910405366239, 0.10836386833661, -0.08498554923042101, 0.15267603894308
0.083257620402962, 0.10591496069702, -0.28530002141335997, 0.1342564596295, -0.08895237368031, 0.1409062686854
0.032582835369531, 0.1305416376255, 0.095487018725429, 0.13400281653466, -0.07838146242279201, 0.16402655102057
0.08299332837227301, 0.073305634787534, -0.12771617618988, 0.12370895228787, -0.06493067109344601, 0.13864017213063
0.14202116232822, 0.11042007144302, -0.24648842107177, 0.10867012789245, -0.074954312584027, 0.16008065805095
0.11231905688764, 0.1096653695879, -0.30278309609046, 0.12757808470412, -0.06468449076160801, 0.13899624461009
0.059941309718877005, 0.093677585538776, -0.31643870023951, 0.13456610645586, -0.045108025796437, 0.15018740773449
0.067405761280659, 0.091521261128039, -0.27627630980415, 0.12658941487455, -0.041635570560240004, 0.14004658257248
0.050543639992815005, 0.08665463815327101, -0.24013528601686, 0.1502526710226, -0.1157228294735, 0.14540885418699
0.062596708779642, 0.09086850574401201, -0.27563686583256, 0.12259944562128, -0.077283786163132, 0.14962509836399
0.07051517344548401, 0.08527040760602601, -0.2505189311186, 0.12495295265298, -0.087700651686238, 0.14038109983785
0.084969322627249, 0.093356111505001, -0.19275579499186, 0.12495821719031, -0.08209194422386201, 0.16109826727387
0.11135914666475, 0.089685981593246, -0.19184487039085, 0.12301688495319, -0.08740527059729501, 0.16334649946662
0.14254954288588, 0.090166112858752, -0.18034649720442, 0.12584740163505, -0.15164669824014, 0.14994916912002
0.078552814762586, 0.083136037983075, -0.025527908661230003, 0.12509680429019, -0.16318536109319, 0.15548338081607
0.050647607092916005, 0.07793669172534701, -0.021995319391225003, 0.11466740748734, -0.15415656539156, 0.14257736215577
0.08106406269659501, 0.07634621808688001, -0.24721399831435, 0.11902682367673, -0.20666104001858, 0.14535096960273
0.08308307573436101, 0.070235848554263, 0.11415395164794, 0.115020080273, -0.13640728228247, 0.1372397708913
0.14926744130297, 0.08318437850043901, -0.15441734293855, 0.12249373441906, -0.15881514077896, 0.15895880157094
0.18097440285332, 0.07941107746081501, -0.33000399573864, 0.11522236586717, -0.16136005252102, 0.15854020299089
0.13622391605291, 0.08052896664877601, -0.2972728306607, 0.12157353699283, -0.13807151389719, 0.15644921885354
0.10712458625831, 0.081852941767795, -0.38038584355144, 0.11966898196784, -0.08601141641195101, 0.14580527029366
0.11167053497468, 0.09064964536299201, -0.34345409650428, 0.13397455105277, -0.10225101051552, 0.16249177041306
0.07730163794641001, 0.08566250251113201, -0.26496068228458, 0.12965375135738, -0.052445550877433, 0.14889866515167
0.09768114328137101, 0.08484917988491901, -0.31059783619175, 0.10950525322676, -0.066181719179151, 0.15990295635829
0.10024565815035, 0.076750236964937, -0.17909520335602, 0.12813184341353, -0.096582208484701, 0.14689025393037
0.07188327846383201, 0.066173258348491, -0.24744224774497, 0.12614238346752, -0.033881542773192004, 0.13586925732231
0.06675157714707, 0.078281980517844, -0.14152971220617, 0.1174904783325, -0.077139916523003, 0.14323047604621
0.11753823149234, 0.076541757868251, -0.13021563172963, 0.12968374238791, -0.08004864502387, 0.15027746723508
0.11336441844016, 0.084359560389536, -0.11856727162089, 0.12523326583674, -0.10676241699683, 0.14608805742895
0.09772243051308001, 0.08132765347086, -0.15386842654157, 0.14726565081208, -0.13391225962971, 0.14284592409467
0.10413110857546, 0.08199824611329301, 0.017104767039257, 0.13533587450148, -0.11673661734858, 0.14070666373561
0.08603299375296, 0.079114360635387, -0.16368090747919, 0.1324702316478, -0.14355683681261, 0.138581210725
0.09537146521102001, 0.079343472347998, -0.091182431000664, 0.13663088553339, -0.13867484646705, 0.14045073436471
0.09631091018476101, 0.082837842001103, -0.082382098490793, 0.14075117486877, -0.14449011070618, 0.14493994135317
0.09181512036544501, 0.08225621793653201, -0.11475607650883, 0.14312768455037, -0.14565777836536, 0.14385807817894
0.11219830052252, 0.077352332900045, -0.051834340902139, 0.13605587880446, -0.12946538757668, 0.14090431320774
0.10891292121249, 0.07927422407769501, -0.058456820089911, 0.14616949355411, -0.13466303568457, 0.13759327846059
0.10494990109115, 0.078605066188024, -0.06506912737923201, 0.14417397726767, -0.15401043909213, 0.14336368057677
0.071267365538631, 0.07430078841663601, 0.095028916322309, 0.14203848658419, -0.12022911882821, 0.12617987738265
0.09516674174570101, 0.080288599934991, -0.2110656717454, 0.14111232020917, -0.15070546900299, 0.13700685684876
0.069128258342638, 0.07707496267163101, -0.18834633997065, 0.12415547941903, -0.11479981185286, 0.1319237752563
0.10572802147205, 0.08131999039189701, -0.18166432308751, 0.13396044016904, -0.12431667540795, 0.14485143151385
0.12642760604083, 0.082951874996191, -0.15407660166935, 0.12984698393263, -0.12417708071817, 0.14698121897559
0.14020652099493, 0.08800505332460101, -0.176242251964, 0.13552494896092, -0.12745364853872, 0.15307782930636
0.12463529441101, 0.08262512953942401, -0.18611712269116, 0.13465091062074, -0.12598798527129, 0.14160238159814
0.11934037062145, 0.076182848268181, -0.18241291725718, 0.14044476165029, -0.10965593051455, 0.13693391342869
0.11089675707632, 0.076818697601746, -0.19317866795686, 0.13090824098459, -0.091321147343247, 0.1267984103458
0.08471246762045301, 0.074444447140872, -0.1996900662917, 0.13365389043016, -0.084935374273174, 0.13327250405576
0.09330487907622001, 0.078002051943414, -0.056221819812758006, 0.11904357590471, -0.025636503625718003, 0.14398486564882
0.10438580333114, 0.075798019269637, -0.18506613555302, 0.12790456185683, -0.08616610344717801, 0.1420800736882
0.08230219693455701, 0.071981278930333, -0.12014530154439, 0.1285275073424, -0.09343699857333801, 0.13212574310277
0.10492386193762, 0.07207984618988901, -0.18804465201215, 0.14124693228407, -0.12712221810536, 0.13505181686462
0.10209396120935, 0.076869357109102, -0.14008893888814, 0.13819369302395, -0.12316158525132, 0.13541302478778
0.052707670332686, 0.076016651738964, -0.19393195000262, 0.14349753241925, -0.10820500674057, 0.12534182600676
0.072370007871595, 0.076461472731744, -0.092148321013407, 0.13218702174448, -0.12141131600075, 0.12963998974166
0.09442175809999001, 0.07833867037226401, -0.048660478990199006, 0.14690328413365, -0.15012187752616, 0.14236288996089
0.096297868453563, 0.07299177709125801, -0.044390645593903, 0.14205725292578, -0.15533321676374, 0.13209610109803
0.10800749623627, 0.073188552189433, -0.09847070526070201, 0.14414756418372, -0.17314331077414, 0.13157409530559
0.099526926667477, 0.07340851538470401, -0.062360249246651005, 0.15314586737504, -0.16369879202285, 0.13776185755517
0.10337716150542, 0.07668146638926701, -0.07595711577012401, 0.15402856992096, -0.15733758252253, 0.13180409097447
0.10592181078148, 0.0727465166902, -0.054687897866161, 0.14338926152893, -0.15637272967731, 0.13783440076277
0.10094290440505, 0.07597445153893201, -0.035694965011233, 0.14918027153599, -0.15190841307971, 0.14106355038054
0.093600520904647, 0.07552693529158, -0.034454581182109, 0.14527197351523, -0.16390107887778, 0.13785762075361
0.09149849654427801, 0.072152196805429, -0.0056552493899772, 0.15492945602555, -0.17323620535998, 0.13579314993307
0.12170693429027, 0.077183072483267, -0.12997742705398, 0.13563382433497, -0.16419411481289, 0.14083854187865
0.1023636275574, 0.06771636506591601, -0.1338147605813, 0.14419201059453, -0.15528269565466, 0.1364295164996
0.10761529607464, 0.07394998282600701, -0.11890940889549, 0.14675856967626, -0.13791060052164, 0.14184164887632
0.11459909062818, 0.069417686783523, -0.14097205672932, 0.15005124016831, -0.1383202854346, 0.13625857368393
0.09794501640281601, 0.06842223627735401, -0.13690785288214, 0.15455664722097, -0.13922086880678, 0.13487127377266
0.11108679387338, 0.064859622051414, -0.12049991904423, 0.15306181154054, -0.13211076483914, 0.14010307967623
0.072808316527635, 0.061768755415855005, -0.15095753069124, 0.13817895983338999, -0.064289068268925, 0.14177490705058
0.075957731099853, 0.06224370338252801, -0.08017805686203901, 0.14840098612283, -0.095430663250679, 0.13993809137465
0.07947459861929801, 0.068896606707502, 0.059887621955382005, 0.12672326436256, -0.086104321894335, 0.13461407736585
0.10166856086506, 0.07040126183299901, -0.22126061064052, 0.14164436552766, -0.1403686003117, 0.14239563222512
0.065922721860736, 0.065884393364578, -0.13664297742185, 0.14006653581283, -0.15296476825062, 0.14262030026317
0.078562842108284, 0.066998077113711, -0.14424806536687, 0.14785023902155, -0.143829610728, 0.13864504584278
0.06950367714886001, 0.076099911906075, -0.10555162741843, 0.14964990562367, -0.15492617426818, 0.13883240873741
0.080057108342205, 0.072783677614022, -0.070683708772778, 0.15244914623363, -0.14748366922165, 0.14949158249823
0.07525714885446101, 0.073781522005507, -0.060186222966534, 0.15322918452793, -0.15392852344459, 0.14047301988771
0.06885850832747101, 0.069333217564038, -0.040082296613609, 0.15052210833749, -0.16914544792683, 0.14245323526633
0.06697274233192001, 0.06872333690861901, 0.015844824294778, 0.14359405006237, -0.16428135702938, 0.13319371207461
0.080872948933789, 0.066697060445287, -0.10602290762904, 0.15040474364818, -0.20777819264906, 0.13137126959039
0.024017762679062003, 0.06124611456343901, -0.17860180328984, 0.15337312553605, -0.16675982112745, 0.12795828857205
0.049330304695605, 0.072509789239458, -0.053158058319265004, 0.13851643662025, -0.20165769890756, 0.14311699208097
0.069953929254012, 0.06440351038023401, -0.12428126559194, 0.15084400036417, -0.13782647341268, 0.12656267567384
0.052062639012273, 0.072952735565615, -0.036433211468129, 0.13551437622851, -0.1711713217842, 0.14431672656101
0.07684519657268901, 0.073525564192119, -0.023126832396318003, 0.13154656328467, -0.16296059808516, 0.14410403692566
0.094504658020001, 0.07802289927509101, -0.024382213133524, 0.13140742583769, -0.18004648260089, 0.13254483028621
0.11036483117152, 0.088700379338759, 0.012655781651441001, 0.13451361387432, -0.17415044238208, 0.14710857613153
0.10712334845341, 0.074508226685361, -0.074407102134771, 0.13196446982057, -0.16184399718774, 0.13984565436313
0.099798411259491, 0.07788539042978701, -0.058276022004558004, 0.11839015232334, -0.14270851324426, 0.14217707188097
0.09328751796456701, 0.07547231467475801, -0.080109627078807, 0.14194090661974, -0.13056201267839, 0.14719509293328
0.08937811535966, 0.07886112984839401, -0.06096645118035501, 0.14164435768008, -0.10655308391341, 0.15219173895351
0.081256085165492, 0.07131477084599301, -0.060633827165568005, 0.143404486885, -0.10270326560065, 0.14438274233927
0.08311940697995, 0.06970802769487501, -0.09514969930134701, 0.14552863280626, -0.10997405948236, 0.14922288413075
0.067712292998358, 0.068607870340264, -0.078030776832407, 0.14190235465884, -0.10147479175801, 0.13328446076662
0.07044242221767101, 0.07209291596917501, -0.070553499764631, 0.15029325148498, -0.12004311590033, 0.14286213121509
0.07829201382860801, 0.07399726017088801, -0.041690330915183, 0.13978559081107, -0.09386526960301801, 0.13892848795946
0.07414210487105301, 0.072839527863388, -0.11564358211513, 0.15291125947283, -0.11725805606036, 0.13537889275802
0.06697913066267401, 0.07330306776743001, -0.09070141151634101, 0.1515394211072, -0.13928705553297, 0.13634820583253
0.06972491704870701, 0.075420601265444, -0.11209642648087, 0.16450658915153, -0.14060462736036, 0.13427241542353
0.062159732495586005, 0.071893001971188, -0.05719533163362701, 0.15027640438321, -0.14359873762809, 0.14013755813124
0.058701042790965004, 0.070128061138561, -0.041150434809078006, 0.15842389759865, -0.14256078254888, 0.14260954932777
0.06152381503735901, 0.072307570853832, -0.04555372215742701, 0.16285098304451, -0.14917859898143, 0.13890111862569
0.05396565755129801, 0.07185731919904001, -0.031024380717328003, 0.1599806635219, -0.17826838338357, 0.13980779777156999
0.07474655590303, 0.06946628113726201, -0.051278791422215, 0.15923497038385, -0.17992240788005, 0.13880376456324
0.042327508383709, 0.065382354244728, -0.049078811789060005, 0.15770537603593, -0.18632847215867, 0.13167572751766
0.076647868177297, 0.06899369532435, -0.043562875158264, 0.15919408849915, -0.19936871195598, 0.13790006663946
0.072367574142685, 0.07438227488063101, -0.044715560225205, 0.16066740160287, -0.19184750111904, 0.14353363206524
0.068288037829693, 0.06843106671938101, -0.03248368951344, 0.15391631553414, -0.1781204568647, 0.13466086933935
0.082428455807229, 0.07217851421241901, -0.032962946811379006, 0.16234012269835, -0.16860944288081, 0.1480438681882
0.08178172536066701, 0.06887902014342401, -0.054673793980111005, 0.15672358060777, -0.175407764434, 0.14307930515008999
0.087855300487495, 0.068896602932662, -0.05929998049315301, 0.16725137151577, -0.17026296726872, 0.14082102142648
0.09455666384526101, 0.074337987164259, -0.07832157931731, 0.14812393606908, -0.15939515051934, 0.14629958595836
0.093797112329496, 0.06932432822236001, -0.07242733405941401, 0.16490716992266, -0.15268837490239, 0.14865244138212
0.086225294714994, 0.069801757721279, -0.10259669459283, 0.15388216681407, -0.13904200333037, 0.14564243978395
0.09186624955106401, 0.06518339860355, -0.078805849624155, 0.1680532919607, -0.12521475396373, 0.1434221993957
0.07577681582102, 0.06563973211332601, -0.10363403662957, 0.16751150475251, -0.11076456844556, 0.13697953233437
0.0692505939386, 0.06697193346006501, -0.089626510216224, 0.16723038080442, -0.12308682874501, 0.14343457062469
0.081340162186777, 0.060281875378008005, -0.049889962426825, 0.15478771086804, -0.11179703299624, 0.14098247034129
0.08129895239421, 0.06399271809182301, -0.051022300366465004, 0.1644930595834, -0.11634479092697, 0.13214960178855
0.064038131046509, 0.071515391727973, 0.06822713867178, 0.16464306345152, -0.11624567241291, 0.138237569043
0.10685470754385, 0.071010608822304, -0.11735666453145, 0.14944592913925, -0.11823373141703, 0.1340198908916
0.07635131577326601, 0.059019826667803005, -0.09275875415136, 0.16483002593948, -0.1484128231611, 0.13416074525562
0.082332291397488, 0.06411485103124001, -0.082673233964402, 0.16551087359863, -0.15992090056916, 0.14193046052822
0.060707467474812, 0.06684443774267701, -0.1216589044755, 0.16527760652363, -0.16950063332289, 0.14289425704186
0.070174308737818, 0.07093073207013201, -0.07858887237734201, 0.16841232115839, -0.16660249391581, 0.1431008659321
0.061132077445613005, 0.06464686684516001, -0.042244981890143, 0.16731860452528, -0.15890552960632, 0.15020123382155
0.06617179284261801, 0.06534291131546001, -0.05437913343621, 0.16882888420843, -0.18041254378915, 0.13740717193134
0.058481754309939, 0.063047614387019, 0.013368113750649, 0.16539653316362, -0.1848042236527, 0.13887326995572
0.07878600598723301, 0.064591561073949, -0.059580971454772, 0.16140055822262, -0.18252880117367, 0.1418843646838
0.049698368593566, 0.059834373540592005, -0.080796206390462, 0.16101997730279, -0.20710016934698, 0.1336948746109
0.06364784875998601, 0.063020424052613, -0.047235683161143, 0.16141801925041, -0.20639530092375, 0.13516619415577
0.06051683337198101, 0.06554583944414201, -0.085884609794054, 0.16231711077687, -0.18875992620593, 0.14552450655668
0.076812055416522, 0.06410470483027, -0.07213563917367001, 0.15358466047243, -0.16428218878550999, 0.1427984655233
0.071145848355173, 0.063032923977696, -0.066002950918413, 0.16060178585305, -0.14658133762093, 0.14963814636273
0.090113577789817, 0.06103643723763501, -0.10892076787919, 0.15503193082318, -0.16052160273631, 0.14543843616415
0.097910044201219, 0.06530764623300901, -0.11690811810842, 0.17101407355452, -0.16386326169925, 0.13942642451539
0.09864241494570801, 0.06934118588205, -0.15357890358398, 0.16043413161864, -0.13666758092833, 0.14549819752097
0.09430042338110901, 0.061261434065223004, -0.14743577608491, 0.17517898364155, -0.13178736985631, 0.14583297622714
0.079918945309162, 0.065755013974356, -0.13419105866993, 0.169007976787, -0.12710917131009, 0.14994340073884
0.07264822904736201, 0.06121344775187901, -0.09223518927231501, 0.16632210148394, -0.11939815356859, 0.14452965153861
0.08021940477780301, 0.067845753876154, -0.07632602886461501, 0.16918401837028, -0.11548777166797, 0.14660003826218
0.073368124489325, 0.066337745813588, -0.08653438548888401, 0.15910304464033, -0.1155124716723, 0.14515566034869
0.06893795491606401, 0.070027215882452, -0.09790875977733901, 0.17076871471015, -0.12188330147864, 0.15474185259496
0.075660352683414, 0.06706405300489801, -0.1042957456391, 0.16425327967882, -0.12353803067881, 0.13931171265191
0.065357283712818, 0.07054916357307, -0.072687989266721, 0.17144622559031, -0.14935493312457, 0.1525097190047
0.08115814143192701, 0.068373331789814, -0.050937356085906, 0.15238640414334, -0.12988736858676, 0.14624755218047
0.056041103368758005, 0.06260748312079101, -0.1121559089955, 0.17201375778137, -0.14489657114794, 0.1474490770366
0.05644890611655701, 0.064273567273417, -0.091202198647978, 0.16816881866393, -0.16311266885438, 0.14969628580179
0.054871618512753004, 0.06509389429460101, -0.09490705402371201, 0.17446190222311, -0.15558878358068, 0.1447190829506
0.050546373361044006, 0.064580403255785, -0.049979643613086, 0.16625204733346, -0.16245480690932, 0.14671585592489
0.062380899226569, 0.05962984847580201, -0.036945615204321006, 0.16571641460932, -0.16733097224518, 0.1595206309789
0.06424442339894901, 0.060583222820096004, -0.067985635238448, 0.17059387334316, -0.17076669287153, 0.15214355773428
0.058135754962638, 0.059732134156537005, -0.076658905599467, 0.17954125686171, -0.18825920573765, 0.15313124082158
0.072826251948488, 0.058392204695603, -0.04670828923087501, 0.1712864805541, -0.18367682115906, 0.15942609046637
0.04033128344076, 0.049020964361504, -0.14343088348766, 0.16917799495177, -0.17092958062958, 0.14573143422261
0.0094249384931789, 0.051608168318186, -0.23230181443325, 0.1836145742542, -0.11674910163458, 0.13664094205496
0.022077398850292, 0.05897084980603701, -0.2349980155062, 0.18631735482381, -0.10872646242719, 0.14737500778007
0.040258154031675, 0.058833930111687006, -0.23234187012246, 0.17958424054926, -0.073465368695973, 0.14689869013751
0.049299862309599006, 0.054900025342494004, -0.26329612727307, 0.18254963373062, -0.050858867419503004, 0.14138641159972
0.056638348210043, 0.05780188641651501, -0.22613198624843, 0.17551139301315, -0.11060422261067, 0.14587279216816
0.06692743485706501, 0.061311587613698, -0.14303050172209, 0.17522472155084, -0.13077219160374, 0.13997659596436
0.07969031224383301, 0.068016951033879, -0.072736427571934, 0.16431261850968, -0.13371881330857, 0.1610976174414
0.08560126945363601, 0.06399574562981801, -0.14935893924545, 0.16912017807302, -0.124943023935, 0.16369974529416
0.07094554941231901, 0.061467868334119005, -0.07556957141266901, 0.16013255990917, -0.11147989776763, 0.15248325710933
0.067509094111669, 0.05879058795332601, -0.036563033536843, 0.15632306252705, -0.12629858209601, 0.15161193331768
0.081812739873274, 0.06410101792381401, -0.08119638882650501, 0.16270903617032, -0.12418638929153, 0.15178870341382
0.086784891683316, 0.06979013027507501, -0.11246943565132, 0.17078453350834, -0.13949375136235, 0.15842792644229
0.07254047823875501, 0.068873878561151, -0.11396450746485, 0.17218109867239, -0.1401109459213, 0.16212466942083
0.059608632494881006, 0.062668577920872, -0.09141413080312101, 0.17656306577636, -0.14111250505715, 0.15684955960823
0.05758299511508701, 0.07224242595479201, 0.016050343276394, 0.18678345822073, -0.16734590837453, 0.15679121665345
0.07224227816794701, 0.06542543087538501, -0.11352937725488, 0.16845580812058, -0.18851301945466, 0.15607532364278
0.055942226835269004, 0.05937295081715101, -0.08844971779305001, 0.17338687569245, -0.19091713548645, 0.14991222371353
0.06758594340648201, 0.06488886903337, -0.079868817949393, 0.17260216111621, -0.19769622117852, 0.15538749018201
0.059393507032243005, 0.06407933188635401, -0.059008075915428004, 0.17448974058077, -0.18905111253965, 0.14939990687637
0.07358372114021601, 0.069344974706781, -0.029863892823978003, 0.17164530069125, -0.18149062302352, 0.15587312068994
0.076032941996431, 0.060804482182195, -0.0057408302414512, 0.16986455458377, -0.18589372713367, 0.15041450053905
0.079963388872091, 0.06446573624309901, -0.031069049933863002, 0.17360340951902, -0.1971432122287, 0.1528625693472
0.08576459476964, 0.059713295788980006, -0.025380300341388003, 0.18613671747795, -0.17677216367387, 0.14756739939376
0.06751218235433601, 0.068183126753148, 0.023282101834015002, 0.18036707265049, -0.18200561856035, 0.1529110908411
0.09894930614948401, 0.065145208206158, -0.13317587198431, 0.16392801218675, -0.1815213037052, 0.14920771015566
0.053526657837771004, 0.059695479463595005, -0.065190292660951, 0.16612069583213, -0.1687812383888, 0.15174291851722
0.07381469278378601, 0.071528751328404, -0.11468076799102, 0.17005493684911, -0.15600596827228, 0.1538902568922
0.087850988349688, 0.067101091431775, -0.14825263987053, 0.17389480168278, -0.15787138784403, 0.15574918117015
0.08332549621473001, 0.066191502372241, -0.13523329907272, 0.16796488676357, -0.13368958150018, 0.1490904275535
0.06578802142093501, 0.064527787284251, -0.12263121394468, 0.17215257429291, -0.14180595253505, 0.14946500246791
0.05760934628005401, 0.06932488022164801, -0.08701541295246101, 0.17339683635853, -0.14122995435134, 0.14817716696699
0.049479114549981, 0.06196184759413, -0.047203655504466, 0.16778810828835, -0.12779322320711, 0.14586411962654
0.049750307808498005, 0.074195741886458, 0.059663704427451, 0.17300854225471, -0.13238693864371, 0.14833026671588
0.08364352963376301, 0.068151880913314, -0.12233612331871, 0.16448457522839, -0.12256112602334, 0.14477976444544
0.052814136589535, 0.058688129424186004, -0.1344217905211, 0.17675373375331, -0.15164886574651, 0.14182027286346
0.067905974394667, 0.061422819083596, -0.10664968505962, 0.17219685558932, -0.16247700432964, 0.15443414376068
0.053909650459039005, 0.06346549492146, -0.12747204906966, 0.17949063015986, -0.16668193133127, 0.14837962659082
0.055554327344312, 0.061783366280981, -0.09848249158231501, 0.17289563366956, -0.15592069328862, 0.14779066616127
0.047977534837681, 0.063501652973902, -0.08422267874845901, 0.18262712428571, -0.1684740973648, 0.1611809698654
0.055047607701557005, 0.061144271660611, -0.082077559508464, 0.18127592861236, -0.18733778267744, 0.15105201946522
0.058986515011666005, 0.061129318886730004, -0.06489035575146801, 0.18282484667596, -0.20467003547067, 0.14710237087913
0.045605695169205006, 0.06598872474560101, 0.08863652946966201, 0.17638601419038, -0.20705905398293, 0.14783312718555
0.020067155436155, 0.052478882030957005, -0.26198155844615, 0.1841211893577, -0.061706046749211006, 0.13413228303183
0.0021035440307252, 0.051765961468939005, -0.12453246003583, 0.17160448690987, -0.18625562210928, 0.13993802831537
0.020848421608832, 0.051671088281919006, -0.16876667811215, 0.18095242817328, -0.09947145379904501, 0.12937164412047
0.011286312689044, 0.054356066799769, -0.085384050366044, 0.17551448142739, -0.19094109184557, 0.14091766625481
0.066839849303132, 0.062022725899480005, 0.025641266859520003, 0.16944868548461, -0.17932391649783, 0.15743819852535
0.08749124413874901, 0.060150115603771, 0.029721545020812003, 0.17485287524363, -0.18660719188137, 0.15721065035314
0.083702549273064, 0.061199763258639, -0.0068842931297633, 0.17494848376349, -0.20182213078196, 0.15507877120447
0.10699264206237, 0.064333650744562, -0.026666305299798004, 0.18208937329141, -0.20540744099955, 0.15980626666869
0.09224094542393001, 0.070426401312046, 0.020248986134895, 0.17901669645467, -0.19478895555389, 0.15960182491073
0.09088571074835201, 0.065199276505296, -0.07304543220314401, 0.16819443060875, -0.19691889175699, 0.15207079282428
0.045893498978299, 0.057038278103924006, -0.17966276198927, 0.17854286390983, -0.069001518532272, 0.13443790831953
0.034098763019037005, 0.06443291351409901, -0.20377937918312, 0.17958485858056, -0.11375719580665, 0.14208439473397
0.044551807059578, 0.061729648557613, -0.13409627466699, 0.17987915413629, -0.12277766660284, 0.14328919138699
0.06623553659504801, 0.062566555213127, -0.10210501239384, 0.169060810934, -0.13643367845369, 0.14627288480833
0.07286793935649001, 0.06783284776638701, 0.025572426855625004, 0.17080182714333, -0.15312104569084, 0.1521899496399
0.08159550883425201, 0.067259375775832, -0.0049080466051924, 0.17287395583369, -0.14124483466184, 0.137519340601
0.074035790430553, 0.070615001874929, 0.04645189422486801, 0.17231679246084, -0.17206665412123, 0.14780897880441
0.10637480762834, 0.067266864531295, -0.007250302002554099, 0.1694854710281, -0.1541088259143, 0.14881719521041
0.08585473565642, 0.063601739449454, -0.043492505612107005, 0.17927682257285, -0.17860202859895, 0.13574302391475
0.07794495554790601, 0.06346619999450401, 0.010621145882188, 0.18038881183732, -0.17995177203895, 0.14803774639483
0.07170527936958601, 0.06712528466899001, -0.020005712215608002, 0.18431156985755, -0.1815015426766, 0.14484214831344
0.06775161826692401, 0.06263973143415001, 0.00042998620301799997, 0.18444794870135, -0.18798454051734, 0.14318221172467
0.077490439413292, 0.064697590077609, 0.015328290856081, 0.18105141396586, -0.19063733310939, 0.14436398004206
0.085483972832932, 0.062941718586456, 0.010937507484933, 0.18068679730747, -0.19944357486776, 0.1482924062902
0.076671550297637, 0.060346156991700005, 0.017920589073655003, 0.18870197236903, -0.20978792750561, 0.14328015493394
0.080951835594766, 0.06399078762205801, 0.09542677145108501, 0.17614402262075, -0.20437777414944, 0.13980301612463
0.057109719620150004, 0.061127015693887, -0.029511165211596004, 0.17482479233518, -0.22724283962543, 0.14303045880754
0.072126532634738, 0.058807648929665, 0.030202724315879004, 0.17931656135484, -0.22301775487731, 0.13715107013678
0.09054786419699701, 0.06271926848006301, -0.0052261460697574, 0.17490041921212, -0.2094331203385, 0.15052269807732999
0.086264868131169, 0.063663342151033, -0.0015911606988086, 0.17592396108554, -0.19394324390858, 0.14750713666264
0.084133498744087, 0.067998755517112, -0.0023300680548345, 0.17001539395950999, -0.16369393847014, 0.15272683265881
0.10959423104516, 0.06343855943349, -0.049280180492477, 0.17924795169448, -0.16638019659092, 0.15311218239301
0.10614762730636, 0.0656544241849, -0.087370108701324, 0.17688019392688, -0.16776670286272, 0.14691621843919
0.093220154316035, 0.066645772400405, -0.052334274015662006, 0.18806124571452, -0.18655640167163, 0.14151429607395
0.07606023288652701, 0.06892859459401701, -0.017991705272093, 0.16310449807962, -0.12532914122808, 0.14599555605812
0.09159580034608501, 0.06207411751569201, -0.067189857763245, 0.17738411518265, -0.14882045801826, 0.13937451252132
0.090065803849492, 0.061175812046886005, -0.018928116441612002, 0.16819212574977, -0.15898212890283, 0.13961005294733
0.06849551034676, 0.064690614164172, -0.042678946487078005, 0.17308051373593, -0.17394280622933, 0.13856389659497
0.07953109114496401, 0.06156502929515101, 0.018544109298948, 0.17874609042641, -0.16189254241876, 0.13670372719583
0.080422785120249, 0.06441663147604501, -0.044102403685969, 0.18082509114725, -0.1613847436698, 0.14057407028547
0.074024734020428, 0.06126118471623301, 0.007949168872326, 0.17499936413281, -0.15576734941102, 0.14234055280994
0.06904825850891, 0.067236688808848, -0.0034101079681557998, 0.18350285768914, -0.18802742452557, 0.14114274729598
0.07121453965382901, 0.063661436890181, 0.058724050030222005, 0.16852404076026, -0.18970220146134, 0.14296082710318
0.076281701218674, 0.065025862695037, -0.075420456396525, 0.1822721770543, -0.2159350627126, 0.13707400577252
0.069535178492566, 0.057833267920696006, -0.023473772746538002, 0.17445084999643, -0.22074497637275, 0.14065361700309
0.08720351011249501, 0.06509071221457301, -0.016141107744620003, 0.18267821675268, -0.21097278617949, 0.13788663544101
0.090003879518027, 0.059703493894587005, 0.017165269698982, 0.17420985572605, -0.20817990950719, 0.14008882350263
0.086212864330948, 0.06162339423246101, 0.025771169347968, 0.18290652261102, -0.20117412946854, 0.1401734582465
0.084961560095121, 0.058950358315508, 0.035083074900014, 0.17107070775369, -0.21734384935715, 0.14009405500715
0.069799139007514, 0.063637882400882, 0.057446975573447, 0.19061359790013999, -0.21613893336752, 0.12666161071527
0.08217247345900801, 0.05996700898843001, 0.042963267960806004, 0.16879931275599, -0.20124379308156, 0.143067533153
0.08794589915110901, 0.05779490423041501, -0.024211676877507003, 0.16974144684197, -0.20244419358325, 0.14037519377355
0.09440589610646001, 0.06555007384161, -0.012566821096103001, 0.17861617367014, -0.19659095318703, 0.14763458206219
0.10979992324424, 0.066261435792289, -0.042168761167946, 0.18377211464918, -0.19131896295632, 0.14940006732538
0.10756900147883, 0.06640294129058201, -0.070246688195076, 0.18396004404774, -0.18094881816657, 0.14442381963228
0.09450961651901801, 0.068236873840488, -0.089404057571315, 0.18215838271218, -0.16708661254189, 0.14985660218237
0.08929711309618901, 0.063884984887964, -0.07861025053413201, 0.17511175867208, -0.1747776814632, 0.14704996590521
0.08761222681645901, 0.066888329886989, -0.07573309235743901, 0.17642783887538, -0.15109338005643, 0.14129456394017
0.059998691352233006, 0.060312516542640006, 0.011605005205075, 0.17980743724476, -0.17459876786391, 0.13642288682588
0.077320491990104, 0.070341708752666, -0.014999648028606, 0.16606360765691, -0.12803566050075, 0.13439639063374
0.069713459317281, 0.061451025273865006, -0.039091743472701, 0.17789803897838, -0.15969157281968, 0.13167117662704
0.06779418956067, 0.066593617211174, -0.017332795064126, 0.1753616885229, -0.18493926775865, 0.13766867226251
0.083955616364286, 0.05702574429912, -0.022465136791249, 0.17954354367251, -0.19992671264071, 0.13094417826444
0.07908897850445101, 0.061740272945985004, -0.030640228045357, 0.18136529341383, -0.17114312941345, 0.14026634543767
-0.0037675195232708, 0.04973978513062, -0.23782599521865, 0.17635333407802, -0.036691478937322004, 0.11286410376513
0.0006263836525115, 0.06046434407371801, -0.19349823931837, 0.18207704002183, -0.10215919899195, 0.12238776273438
-0.0079925581499298, 0.059148975292985004, -0.10126566090561, 0.18866902404573, -0.15601415321825, 0.12754616259057
0.04768793225363, 0.064136999800184, -0.078204872926505, 0.16961485778692, -0.20601833577768, 0.12454297317322
0.034624814472439, 0.062254004473524006, -0.011287640541939, 0.17676766782487, -0.22506202257474, 0.13854925384118
0.069860591723539, 0.06390883902939701, 0.0083655239280256, 0.17347834923707, -0.21828353311474, 0.13500994996912
0.07892269358164501, 0.066833250857378, 0.023303697479448, 0.17531380689818, -0.22387380485074, 0.13664802367161
0.08706121985600701, 0.06418592080342, 0.07764400354640101, 0.16856683810731, -0.22508898263305, 0.12891531944947
0.09037563989536601, 0.06255460022143601, 0.071073069735959, 0.17127559266242, -0.22287203457903, 0.13610358214538
0.08096596404117501, 0.06505244943074101, -0.032787546819351004, 0.17715830743265, -0.17690859655375, 0.11861678840528
0.05588271836698001, 0.063874966474719, -0.01315077153079, 0.17245913420153, -0.21603457394918, 0.13869126444829
0.10705281742651, 0.072589829557964, 0.020095206070570002, 0.16911853320049, -0.20476971189683, 0.13946050089868
0.08674811594890601, 0.065285642533493, 0.032926820726691, 0.17447504814999, -0.20463563858198, 0.13862185974859
0.11752300923004, 0.07409196926810101, 0.0004413112941925, 0.17310705780782, -0.19178230164049, 0.14377892532961
0.10478602013591, 0.06873093994643101, -0.0092757241668393, 0.16508432742753, -0.18951283841804, 0.1359123599557
0.10660391401897, 0.069216419590508, -0.02890439938188, 0.17781048438228, -0.16279047296643, 0.14493234549361
0.098857256220159, 0.066402000921569, -0.0033023272837854, 0.18275191429758, -0.17130567526514, 0.13956655451965
0.083460981923827, 0.062742497853779, -0.036505099163113, 0.16950208815232, -0.16986206315752, 0.13603834886189
0.07225785634647401, 0.065801883569004, 0.042754343176199, 0.18422295543363, -0.17493119739074, 0.13341228231558
0.072941824104556, 0.06675436047331401, 0.15574817379066, 0.17228800527704, -0.15673346731153, 0.13252968786496
0.090901064468883, 0.07317907743217701, -0.08642733171557801, 0.16687359903688, -0.15567474779083, 0.13797390922693
0.06378330956749101, 0.061192749264756006, 0.013427545485210001, 0.17615258985918, -0.17047625160841, 0.13114328789487
0.075599456565305, 0.065492941193716, -0.0093910207683734, 0.17970240337117, -0.19693727963081, 0.1362266745585
0.056912798437161, 0.06139262014915701, 0.022081537923478, 0.17662551466572, -0.20839280627787, 0.13909363552721
0.069663866956301, 0.06174674810830501, 0.040199565808916, 0.17882367434546, -0.20834194639717, 0.14402934336126
0.066570584797795, 0.061501221975637003, 0.042185656564851, 0.17809929986945, -0.1932977533236, 0.1389198489267
0.068054469704718, 0.06049189241451901, 0.047768824477095004, 0.18298570318585, -0.2045498376275, 0.13315474346346
0.06456739780335201, 0.06413094973033101, 0.103262735345, 0.17947281875332, -0.22394098119448, 0.12597112635853
0.06576463474381901, 0.061009634578374, -0.012860453997193001, 0.17455384829248, -0.24498011650101, 0.1262938680451
0.042929490280232005, 0.058126888903809, 0.033339430973202, 0.17612953703054, -0.23881402365543, 0.13497518181978
0.068628236172347, 0.061661815387561006, 0.045564657704417005, 0.18438307198147, -0.23007583406954, 0.14340500861068
0.06409039275396701, 0.06445271384113001, 0.042176678208150006, 0.18351477502947, -0.22679220745358, 0.13904082621958
0.076552937406398, 0.06277633369074201, 0.022474932998531, 0.17756782836913, -0.20745592801597, 0.14764762428006
0.08103384022365301, 0.061735069569773, 0.0095222411259971, 0.18026820527559, -0.20272257473647, 0.15099482788236
0.064735356679709, 0.060367131344218006, -0.0063627548035787, 0.1672758505778, -0.21235372493862, 0.14083026337526
0.10723588015954, 0.06927668261547801, -0.05313155096687001, 0.17110940958238, -0.20349753285209, 0.15235709605403
0.080031617633358, 0.064956366633938, -0.064384486037241, 0.17494040535562, -0.18548924773079, 0.14807458572517
0.085429423419334, 0.07012975317914501, -0.045829098571797004, 0.1722610120994, -0.18851662382361, 0.1526415751349
0.069732673347233, 0.070178120456269, -0.034440473532166005, 0.17295200417597, -0.18022053538206, 0.1567231435331
0.059054849342155005, 0.067748224548412, -0.027621639163381003, 0.17114334089206, -0.16701632369065, 0.15343364687879
0.061816437589318006, 0.064995657229789, 0.026717697788578004, 0.16987512116136, -0.17039847734895, 0.14678161833587
0.06731679990167201, 0.072844663229298, -0.0007054369183738, 0.17710590932461, -0.17385081636146, 0.14700562391911
0.064000602533671, 0.06363351642769101, 0.030017486029298, 0.16851985921955, -0.17069287431158, 0.14178433164512
0.065631057883569, 0.067350671199041, -0.0091666441171105, 0.17607767365175, -0.18061479771747, 0.14232334450917
0.07460528790983101, 0.066103466638952, 0.16260731081747, 0.17416678767341, -0.1864478708822, 0.14245782954004
0.030472181634134003, 0.06579332178208701, -0.084749436181264, 0.17807130839596, -0.196023393735, 0.1472479100711
0.046873829167393, 0.058051545915049005, 0.052890344578103, 0.17219540478235, -0.20769116477051, 0.14115778373526
0.033438164351469006, 0.07495101150951501, -0.027413068037303003, 0.18177634064273, -0.22035102848909, 0.1503416689389
0.044167387209007, 0.06677402738370601, 0.02497695771405, 0.17702183568917, -0.22508639392022, 0.14608754250136
0.062378539238487005, 0.07026679996570401, 0.08802679707828501, 0.18911141256962, -0.21471638864805, 0.144620164625
0.037967903392326, 0.069994397280964, 0.034012391419746005, 0.18172140110161, -0.21030854768164, 0.14591983770494
0.062695553699151, 0.06231900467628, 0.09121785230620401, 0.18007956914553, -0.2233420135752, 0.13799506522195
0.062075928919216004, 0.06942571993433601, 0.15766451997999, 0.18064148655779, -0.2264891056585, 0.13925212836308
0.042659032049135, 0.067418312125902, 0.010460736862125002, 0.17873188372936, -0.25430468359186, 0.13229347735744
0.061868982546348004, 0.062599708157637, 0.045141620920280005, 0.17478224042732, -0.23979356952562, 0.14482370678982
0.053688416207219, 0.06572403175731101, 0.0088339225497601, 0.17151873759554, -0.21226662045778, 0.14414450353429
0.08480075939593, 0.07018879947265601, 0.00564233295313, 0.16622522420805, -0.21193705038026, 0.14809266299179
0.084311673466283, 0.070078597962379, 0.0027419150354167, 0.17332177553511, -0.19848781861262, 0.15458001471965
0.090667350746057, 0.07748689346291701, -0.064339469653154, 0.18098009482721, -0.18933670126007, 0.15167788921142
0.019035339487229002, 0.061166173505545006, -0.21474876040545, 0.195731966426, -0.11775517093591, 0.12742337358087
0.014625603608472001, 0.058962715961115006, -0.27619167058841, 0.1805320000341, -0.049363852989023, 0.12310519276102
-0.0021386950971278, 0.057271367552173005, -0.2097478945609, 0.19514940856004, -0.062974188704097, 0.11933688362555
0.0038432006110989997, 0.059403673133854, -0.17216192121352, 0.17915793660398, -0.078496365514635, 0.12216894764699
0.029316757984835, 0.06589125190811701, 0.031978425224671, 0.16293878785759, -0.18319436034151, 0.13077839734578
0.052225015752700006, 0.062447534276819004, 0.013416307012719002, 0.17521794980186, -0.1795627710581, 0.13273848240425
0.07032892049067001, 0.06808033776382601, 0.04527687876796101, 0.1763903620709, -0.20293639532687, 0.13585946000496
0.07005096082671701, 0.065843828561284, 0.025125524801194003, 0.182358263609, -0.21854470082658, 0.14087484050429
0.08057344662373901, 0.06526182216521001, 0.050443810773788005, 0.1791361438645, -0.22788364234298, 0.13044975487129
0.067210133214578, 0.06486668786567701, 0.048859847515359, 0.18184086851523, -0.22653089830341, 0.12803184962804
0.045679913169570006, 0.069182206818649, 0.16329766929424, 0.18777091678207, -0.23522969969465, 0.12932102118599
0.056959007801425, 0.067226904991167, 0.051282435294509, 0.17465999603338, -0.24105059862006, 0.13762551511932
0.056435983469277, 0.05798762573467801, 0.09312792108220701, 0.18110400985953, -0.24148049847815, 0.13164363636622
