Pichu
0.0, 0.0, 0.0, 0.0, 0.0, 0.0
-0.039905079087750005, 0.015442904191964, 0.25882808482602, 0.020837026442037002, -0.013636901078185002, 0.0041947715193833
-0.0022704731399783, 0.037536902797632006, 0.16426514797651, 0.027451616703684, -0.054708403167896005, -0.0051294537302943
0.0092420924367359, 0.03373143184057, 0.063650724882765, 0.018991391530014, -0.06596556505275, -0.022152378950751003
0.030669073774925, 0.049013934521178006, -0.045512792321848, 0.025709770500791002, -0.062594188948283, -0.024167325760477
0.0040612703860446, 0.046248827536184006, -0.008657107912802199, 0.022054984742458, -0.081243836280527, -0.022472445930555
0.013442683440955, 0.055978622851751, -0.035018274271299006, 0.030480652197018003, -0.11363621647374, -0.021941134813477002
0.012302978237888, 0.039421595073989006, -0.06021815913634301, 0.028956970119362, -0.09536017080943801, -0.039250262798883
0.040120172878869, 0.04770098792873401, -0.067867330502413, 0.013278239991460002, -0.021857137728397, -0.038418188696123005
0.029649155447493, 0.061462989402846, 0.0053366908746771, 0.030086774930633, -0.066133705487637, -0.024644036851808
0.002643837231355, 0.039524150915824, 0.09422275531296301, 0.035004730861863, -0.067467584224405, -0.043451968877973
0.016909516479258, 0.06665847252637701, 0.014547017241774, 0.037463053844717, -0.10521136043392, -0.067988128265868
0.0047774051410514, 0.05210321460291, -0.03878568665022, 0.10204740162102, -0.06254550487862501, -0.098873840095028
0.0067496088318029, 0.026460864482452003, -0.024766670097137, 0.06212759922055101, -0.09113735212240401, -0.1623820589535
-0.22745501334318, 0.072057495442783, -0.06326099855234, 0.011226422685627001, -0.43313968373968, -0.15146299187354
-0.93794066626119, -0.019451461809229003, 0.72363239115043, -0.051355057748034005, -2.111078431173138, 0.028031213053321003
-1.0528797360198288, -0.031720989581142, 1.6831300684932404, 0.096209779236, -2.390445789490303, -0.015930625996378
-0.45907181380597, 0.024531345887383003, 1.126185440888188, 0.079788125696477, -0.43539938117691, -0.2629820125315
0.31760447190941, 0.14323645619238, 0.77019268285077, 0.10505458728845, -0.058818317813477, -0.30241018093348
0.0006420073543899, 0.08002656194416101, 1.2484183772056527, 0.10776679162875, -0.46750114822418, -0.28204548696606
-0.43781076741866, 0.044566053688999005, 1.577606914233556, 0.14269646918134, -0.91686292597593, -0.24155708726426
-0.61083619703594, 0.025323626660397003, 2.0434635593772983, 0.19798440827039, -1.4154984135448898, -0.21638175606416
-0.78984799020882, 0.039236393430055, 2.7038798224413663, 0.32891621974524, -2.117091120360478, -0.24135373723274
0.15477258817167, 0.13420111475595, 0.88202860634967, 0.24649422618299, 0.24954375600184, -0.52522275034257
1.229221053452071, 0.32594730184725, 0.049806998801750005, 0.57232284164246, 1.2344929823403707, -0.7418318487213
0.80583624795214, 0.31560143392509, 0.32798181879871, 0.53897246462629, 0.21267952515929, -0.52257176737815
0.53697178228417, 0.17866672096194, 1.3675095051661081, 0.48425715355476, -4.478966704305485, -0.47824126623295
0.46849410255858, 0.16117651258466, 2.8379218108495783, 0.90693846908011, -6.890719691925689, -0.65761177878482
0.11734328319639, 0.16007133270686, 1.732347176165637, 0.40526638199987, -1.9673561930486378, -0.41150202827729
1.0118748997733644, 0.30672828337263, -0.7074021128343, 0.43814438417582, 1.2423398524542824, -0.79654455297406
1.4453736638792012, 0.47611741239479, -1.3218679388075183, 0.65727322233984, 2.0308864354166265, -0.79797364175615
1.2554146890984068, 0.44906763582187, -1.277721953070001, 0.49192004098379, 2.014974197614633, -0.74824857957728
0.55343544885163, 0.28853240633915, -0.38610032340374, 0.43150535267317, -1.2320383848884684, -0.41553132176333
0.82867489704127, 0.24838138896875, 1.6550096199091635, 0.71725589401941, -5.233569181867005, -0.49933366442035
0.56937837692634, 0.21012994921431, 2.5465793018968537, 1.0133145481982149, -6.704832013061202, -0.74681662051803
0.47885499263143, 0.28277260859178, 1.0032267064189875, 0.49670633647294, -0.35763255989245, -0.56051185899988
1.3566146707753148, 0.46416428582371, -0.7562939838642, 0.64583742746815, 1.631525147673066, -0.78866205783697
1.207123061013355, 0.50092137093895, -0.51582099516191, 0.71525475687627, 1.5338064161782319, -0.60929309609403
0.59755509383602, 0.33996228268068, 0.97763972111944, 0.56504536458839, -1.4724523310019895, -0.47181115178475
0.88193302931006, 0.31775327710195, 2.6012115195616694, 0.87675820746736, -5.080819544794115, -0.53029794418714
0.32962977316414, 0.32562983344512, 1.9066784211678725, 0.65926557330997, -2.246365807792096, -0.32801943454559
0.86581022055775, 0.35293923932859, 0.037764720896347005, 0.31375888350336, 1.0050757510681958, -0.63523722425697
1.420236110668026, 0.48510673553967, -0.57103076880642, 0.59207252789838, 1.5225779712858745, -0.64547508616108
0.53106971270938, 0.3832495642837, 0.40868436349000997, 0.48941758386953, -0.60052252860792, -0.28831687658685
0.95253890538339, 0.35231255409824, 1.9443280551251776, 0.79066948531227, -5.210993993548212, -0.33551970656337
0.48977841828681, 0.32325360182986, 2.0633741472661913, 0.82087397765701, -4.1173726950148435, -0.22524732511898
0.99833904537738, 0.42125919825571, -0.42685585285585, 0.46366743300784, 0.90786998877875, -0.40039604857739
1.4067697600629003, 0.48482071953113, -0.85087963021698, 0.57892245962, 1.428277561693613, -0.52485008190217
0.70877107791059, 0.40235152321721, -0.26016826101431, 0.46693241397065, 0.8938524778615, -0.36815050016592
0.65031302449836, 0.35106272086402, 1.1285905633588178, 0.56204108525605, -3.298392605611248, -0.28002042170367
0.80954217221881, 0.31454274773483, 2.5444023189647753, 1.2715436693622184, -7.6823020758986855, -0.72638362658546
0.15488021908153, 0.31200257170761, 1.3063615471882923, 0.48522836532384, -1.626618223045818, -0.29756105800214
0.78756407940157, 0.38817559892829, -0.033704262093467004, 0.33808118298807, 0.70475318797041, -0.4409171686283
1.3046754023939227, 0.55302810731056, -1.1309486236483093, 0.5929219499847, 1.743563755190146, -0.56280885029905
1.0185950097884218, 0.58086049835093, -1.144723771122974, 0.50374538493234, 1.6805939260053482, -0.4581567964119
0.40771435952686, 0.44114227139714, -0.70806596702359, 0.429860130872, -0.99295469475851, -0.23939478241299
0.92531632957034, 0.43255059024422, 1.8705267260400955, 0.8004993434645999, -5.289764945375867, -0.35246322962451
0.6410393135239, 0.41734100593955, 2.245157969142589, 0.90552425050713, -4.739640159313595, -0.33367918358535
0.7758196460429, 0.51898227691379, -0.13285666665341, 0.3642882884285, 0.56171415490371, -0.33107477315095
1.2961306640572696, 0.65121760924512, -0.9121812049768, 0.70215657665105, 1.3458767757060375, -0.4171493040159
0.64866112860464, 0.53027349684055, 0.33061800467095, 0.59608683300895, -0.83622271775095, -0.1333069233413
1.0593886998279318, 0.46868610240608, 2.566682518538184, 0.96864586307843, -5.472057845274829, -0.30744379022181
0.63061909288223, 0.43791450915365, 2.6471140745093273, 1.034095660918046, -4.964232494488857, -0.30997719116196
0.81979453820954, 0.43724297861581, 0.11931053349485, 0.34636511724704, 0.34521297229615, -0.4104637855374
1.2683304883740973, 0.52435362639864, -0.55447446963585, 0.48482315088754, 0.9206793748348, -0.47837709278829
0.44080019145751, 0.48205490856389, 0.62898513144662, 0.41114548600649, -0.76263209232894, -0.10792957936187
0.92862761472023, 0.48676455043386, 2.48912963119459, 0.99077363727001, -5.848493617659336, -0.30015728463696
0.53174031623863, 0.40060399077145, 2.9858712622247636, 1.117692737054406, -5.942339929266826, -0.48994855770958
0.63674874612875, 0.40538011964525, 0.71600554223105, 0.25716512238052, -0.021720362272389, -0.55284403374828
1.141401264079342, 0.56105509267301, -0.2050664462204, 0.49485587389606, 0.65958060807119, -0.38980060441127
0.48774709085269, 0.45297899226217, 1.247569682641827, 0.42890976725859997, -1.6955947650090872, -0.19364957597893
0.95457721809614, 0.42530496194346, 2.7493011080505565, 1.1502519094184986, -7.6215314786556725, -0.55261709861939
0.19931377876999, 0.38628280310564, 2.1726528591347485, 1.0041157526089788, -4.915139262597674, -0.36843258366374
0.76200422660786, 0.45258699886351, -0.53187070103128, 0.43514161219110997, 0.87099181626035, -0.52600643728558
1.035779748681288, 0.61660446103675, -0.79836418224981, 0.78234451263691, 0.92310640133092, -0.34322355186257
0.73641956976626, 0.49929775452923, 1.952432482049734, 0.75739014422775, -3.3704255575508753, -0.15714666028864
0.74789573709386, 0.42031619434022, 2.9349653233134747, 1.3913071848140854, -7.8819508358174994, -0.56561765225628
0.13215136224229, 0.41991464280033, 1.865062492438475, 0.89805679268398, -3.3376278264168016, -0.25605893525752
0.90900151961242, 0.46407770840214, -0.30102726031731, 0.58804313543411, 0.87783510344061, -0.55752890259201
1.0654484529775576, 0.53456268615883, -0.35945696307452, 0.75134477905485, 0.7216797068109, -0.44178479653625
0.96313031423035, 0.45616448811357, 1.8826960343910475, 0.78928901731642, -3.371965492850485, -0.32290107135364
0.87631342002588, 0.42891131796881, 2.9616242953952066, 1.3533854735469566, -7.42061908478846, -0.59497134591239
0.26378405089451, 0.45895431937976, 1.4660985807101568, 0.78952282215708, -2.2361142450485048, -0.26758769511807
0.93632956492669, 0.58065947772517, -0.73035263540622, 0.70271502550586, 1.182957457602971, -0.43891787758927
0.75033041647185, 0.73836066477145, -0.17588157187319, 0.95221963823573, 0.09895861200174401, 0.14629093340008
0.8535562642588, 0.55764656657174, 2.0678079086331245, 0.9367829659939, -4.001778569189059, -0.054250327537844006
0.72361020668803, 0.45609170645367, 3.07102038233512, 1.4517446975011536, -7.109443206816812, -0.40736934168387
0.37303846376654, 0.48687073776918, 1.58070974373629, 0.86957779712322, -1.6453507751799437, -0.14495582062937
0.97997176247691, 0.57100270625006, 0.0024355972934166, 0.82429657667546, 0.73424369513098, -0.33269510188745
1.1356371430922558, 0.58532637153055, 0.06808679249612201, 0.85140358303642, 0.7639130865245, -0.32228649976453
0.59321732899797, 0.54043753011784, 0.9438953063473, 0.87434484181162, -1.3919006231238005, -0.11344902554034
1.2512433877857763, 0.49943805063663, 2.8140044130027118, 1.649015048321553, -7.366789349733115, -0.57305653815397
0.47399659558044, 0.4619911437476, 2.5395902155053913, 1.1867312539431405, -4.633616325675616, -0.29922858667221
0.65488926039161, 0.49253419699051, 0.77533840697279, 0.56320973398469, -0.011226090856192, -0.30789548066333
1.2273336656016174, 0.6805053417509, -0.67001062841282, 1.0368334816356344, 1.1103840493063126, -0.22670373666092
0.61376118349877, 0.54472789309692, 0.55968448811511, 0.92777866793894, -0.96066868648034, -0.12463578258203
1.0019078170642173, 0.44138636798269, 2.5901698344533597, 1.2907015802555393, -5.601372535730478, -0.35918037278002
0.63373077827379, 0.3889190935421, 3.0088831331745167, 1.3812730070750305, -5.5435254363348445, -0.40341389808993
0.49830000656208, 0.47100780522526, 1.1764241099680584, 0.75223917388172, -0.634145004613, -0.32909300094258
1.1921931673751807, 0.53267796719169, 0.069044374373725, 0.86877960951446, 0.58250650575925, -0.45674002747311
0.6067127514871, 0.50019386569167, 0.90572705555228, 0.87092698588204, -0.59436257229829, -0.27131295891347
1.2011415476565543, 0.43009325731988, 2.408072040431875, 1.6166987626902605, -7.172779092969395, -0.71446276612422
