Pichu
0.0, 0.0, 0.0, 0.0, 0.0, 0.0
0.047622086313770004, -0.0037116115526436, -0.18915854980611, -0.015065924798825, -0.015077451888598001, -0.009353672926413
0.039644677130587, -0.0073046033948283, -0.088474706806448, -0.0070707460333634, -0.019419961254688003, -0.014915310514119002
0.036372956714632004, -0.0074067893469948, -0.06073955437206101, -0.01137332412696, 0.0028570743926637, -0.013459677709259
0.044241529296591, -0.0058797478524079995, -0.13962484624005, -0.0056822405853849, 0.045535593988705006, -0.0018213214960301999
0.024177927405967, -0.0051726824654944, -0.19996879116433, -0.0041895161479576, 0.017007698008779, 0.011792002434364
0.04726879238291801, -0.011324876031812, -0.074080760296442, -0.010970084424936001, -0.0073061363743149995, -0.011860754568421
0.063252298131689, 0.0001124911804048, -0.18575855550697, -0.006965898230167, 0.0008043065549046, -0.010214352452949
0.0059350565142997, -0.01418133373431, -0.081953678434786, -0.0029554482873767, 0.020901389972198002, -0.018198651635147
0.018892271269406003, -0.0018321231439137999, -0.13047088555634, -0.0070648234415751, 0.023972283070755003, -0.013818524274680001
0.043808646641889, -0.000927515762971, -0.14142169986702, -0.0066730305514269, 0.0079120108079746, -0.0086830732919567
0.049162192583842, 0.0088370470068288, -0.18889997932885, 0.0077894779593966, 0.029270480355884, 0.0070232906335061995
0.11529298941021, 0.02056036977714, -0.20835503449375, -0.03412270071053, 0.36263650586794, 0.054052920828291
0.1875346687055, 0.05766344234235501, -0.78624098088458, -0.06223803713559001, 0.52774005496819, 0.066799030167253
0.31732978182716, 0.07282895868801201, -1.0994731578482924, -0.06437972091989401, 0.77444526308719, 0.08084753943671201
0.36865909192433, 0.058819359337633007, -0.84227505687011, -0.041202222734771005, 0.52692613946872, 0.043108581398302
0.23599698211465, 0.027673392330834, -0.30137344857587, 0.0036075001033601998, 0.18457145256908, -0.07579991922352701
-0.18582107089277, -0.060416583458301004, 0.018621212337208003, 0.044731352104002, -0.072277353320471, -0.35942013184451
-0.34398759910651, -0.12329381401477, 0.024110140921505003, 0.0010929116371573, -0.1420417759808, -0.57669376086952
-0.12954264871147, -0.12316282149372, -0.08575124644748401, -0.030311139788183002, -0.1024981873864, -0.57096405231349
0.10140766887701, -0.11659208081771, -0.21932222305121, -0.060337030584901, 0.06168331172006, -0.50588370505267
0.28816813121028, -0.083479069519849, -0.57575678708995, -0.0621611831752, 0.4911962155744, -0.42716935748272
0.54019883347161, -0.041431006178864006, -1.204918817543522, -0.09952902749815001, 1.126882009453771, -0.25086811975207
0.52922740928364, 0.029703723267400003, -1.2504582112269884, -0.053367713858655005, 1.3057610548625347, -0.063981419553782
0.66000451560602, 0.24973611767517, -1.110588533375939, -0.031299900126553, 1.3029785826182578, 0.5249075779774
0.52874361432107, 0.53312154424461, -0.95946083411338, -0.11886531426435, 1.2653397343041768, 1.1783838195812217
0.5024469474687699, 0.61375872647964, -0.93745819372958, -0.19510097152708, 1.252405214531187, 1.288420526859801
0.5032769108925, 0.4485050908297, -0.69736208372371, -0.25768074379198, 1.1514041667474508, 0.91653627138698
0.45452849608219, 0.25917324909543, -0.49654226275303, -0.38429330514507, 1.04725357377232, 0.38306004244797
0.44884601934733, 0.07277770392395201, -0.41704346323392, -0.56164490578562, 0.89735804159271, -0.11861932938877
0.37540927632389, -0.09986347920077701, -0.43647575836472, -0.63135205844885, 0.80377361664278, -0.48373829307713
0.32893114188561, -0.23716313169593, -0.37527850438129, -0.65383800724579, 0.69900420180679, -0.78399446603433
0.23985085093179, -0.32895186051272, -0.42229190731317, -0.61419367474372, 0.69037596484673, -0.99901774845005
0.24240840919719, -0.36824859413466, -0.32649239725354, -0.57753240758504, 0.6359441053568899, -1.016864282573179
0.28355165789164, -0.33068892796181, -0.027985829889834002, -0.45426503004794, 0.55570184360218, -0.75356629739258
0.2157104224953, -0.22856689417808, 0.034351754634699, -0.36652005142978, 0.63078901234313, -0.35772392347142
0.11177104334338, -0.07516503087621701, 0.15801590726476, -0.27937348446229, 0.40385145438244, 0.21015325695362
0.004696684722575, 0.09065842422904401, 0.14118051107746, -0.15727055646136, 0.20000028334386, 0.63218357735277
-0.10896896633517, 0.21552986857728, 0.11389281841364, -0.056408962310098, 0.047326415419901006, 0.91753072050733
-0.17867623559631, 0.30459671648053, 0.07193812928736401, 0.047752371249738, -0.036822697573708006, 1.166540572124207
-0.20918405038758, 0.36779373388799, 0.069698586606608, 0.10302428637655, -0.015763069149141003, 1.3136022869592696
-0.096952821251699, 0.38436491031027, 0.045058584131030005, 0.08953754962329201, 0.06733616180217901, 1.2797043345040928
-0.033055555970250006, 0.38172456284624, -0.0029463131096963, 0.08714217148179901, 0.090709834833492, 1.3120294988120913
0.07007032236509801, 0.38280339862973, -0.13638272255021, 0.084374737734576, 0.10693326409985, 1.232531152390153
0.21348981318058, 0.31464071128627, -0.21425436154431, -0.023756811818499, 0.16634149125728, 0.85203648601705
0.34933827275673, 0.17615939970016, -0.35740291381169, -0.19241445025794, 0.23701345144389, 0.32529895947822
0.40358845689603, 0.0041567213031057995, -0.48479754358862, -0.35959734551653, 0.28059864038347, -0.2449628900576
0.39673276444285, -0.10369696867533, -0.55925722254673, -0.50504411485684, 0.24399012797525, -0.65803378737348
0.36753152996512, -0.18556606991602, -0.54846700198549, -0.51311501122317, 0.15476338557855, -0.81155273068018
0.42789309281541, -0.24931792667135, -0.46688712635476, -0.54009805314399, 0.060482871828978005, -0.97058766070339
0.39067831182804, -0.29163459118717, -0.40881094886332, -0.53616008232421, 0.007223449239018, -1.0304447935334602
0.329647695211, -0.32361472082723, -0.37371159085245, -0.50582466957168, -0.0045004485240251, -1.0944647446087798
0.40574689787117, -0.35241447305146, -0.51881752978159, -0.57442413446243, 0.093722031058456, -1.162645050238166
0.46532695923652, -0.38719547276523, -0.71156820134053, -0.60661365313485, 0.16910643089326, -1.2879585411100403
0.48157809391701, -0.41201052363853, -0.69326079852395, -0.68095943233716, 0.14149632431912, -1.3543667916693929
0.5868755974241, -0.45730088114645, -0.80687384661224, -0.71504207473986, 0.25208870233849, -1.4368011512462489
0.56091790764008, -0.4648549462837, -0.70385257873026, -0.64132157981258, 0.27266946397514, -1.321348670676313
0.48590321271401, -0.39710024547162, -0.49461872923262, -0.3374192875377, 0.13702792378783, -0.95549314963346
0.035371925444609, -0.20882858813215, 0.12989951838796, 0.0071245850996874, -0.19230821571287, -0.28848036225518
-0.5635455155119, -0.061767964250007, 0.52297667515394, 0.12545541790437, -0.37609708148308, 0.23863581098342
-0.93695917593718, 0.041920499560779007, 0.77283514412271, 0.08325764128002, -0.36451062890007, 0.39729994130811
-0.8174281622623, 0.14492248441459, 0.77286491126456, -0.00086394516426, -0.37773845365256997, 0.43030336162844
-0.78529007826016, 0.17839099312449, 0.75274335246218, -0.044230949145014006, -0.42874991277032, 0.41009326204901
-0.3862733191602, 0.14791892964859, 0.47731349065311, -0.17310416983064, -0.28721677305811, 0.25380255824692
0.24415048529735, 0.037636176245666, -0.1284067315428, -0.27960366849255, 0.22276450749338, -0.041753309693683
0.49672979385221, -0.023456203237574, -1.035359492444366, -0.40638850289769, 0.98187673712469, -0.14738678867738
0.42046305007846, 0.10482955564746, -1.2935829901731761, -0.31410032065668, 1.3828780276165675, 0.23243692739752
0.51355369633828, 0.13072177808914, -1.0258460265836402, -0.26161471506537, 1.310249185356206, 0.30841035613414
0.38173600740025, 0.1504864249547, -0.3889097971964, -0.21851533939125, 0.73968324749024, 0.30912398759403
0.09546669312472601, 0.18891383388711, 0.023644295031456, -0.23201681204149, 0.24721888030405, 0.38013918122099
-0.40988953173982, 0.17379509900089, 0.40847579924688, -0.16675952388152, -0.34260267375477, 0.31693155296744
-1.1213661606387566, 0.13803327299376, 0.77574079246232, -0.20089300772215, -0.50998890706391, 0.09685023392954001
-1.2325620953812684, 0.14914598610721, 0.80030942811172, -0.2234752456953, -0.44280036858526, 0.098890436173775
-0.9249692787183, 0.16391242527181, 0.82449810535848, -0.21812710136024, -0.45647277997512, 0.08722176227317201
-0.73302178566849, 0.16083981478166, 0.64176015232101, -0.25964188202813, -0.26374597730711, 0.11773190409174
-0.43338090172255, 0.10405110174913, 0.46480349324138, -0.29224330794573, 0.0001673287278069, 0.0482739219738
0.27582467356851, 0.037080369727968, -0.18488275816511, -0.35937355651477, 0.53172225256104, -0.12208039094793
0.48548854500171, 0.023573716665528002, -0.79540126181069, -0.37517960292313, 1.0378305851719891, -0.12436899263176
0.56743739108942, 0.079599065101302, -1.0670626612294767, -0.36013292314162, 1.287965952989561, -0.012670216333917001
0.57404069342202, 0.09263019131445101, -0.98940173351615, -0.32394246942074, 1.370818956641605, -0.0049044650769181
0.66046896381643, 0.09557871175580601, -0.84672696593358, -0.32164800808732, 1.282964326158051, -0.018471630256833002
0.66223170439232, 0.095171920860752, -0.95770553155219, -0.3546805860999, 1.3324511402664208, -0.026053911604504
0.61502818782675, 0.075133923323905, -0.96705832078673, -0.43045546217963, 1.489477412189892, -0.08441750246581001
0.59711474773416, -0.030271101031242004, -0.71007690408392, -0.50794791823464, 0.96600815374085, -0.3130084651663
0.29117652553138, -0.012482169791697001, -0.37487555714293, -0.45134625760526, -0.22881722383781, -0.090942381939541
-0.47973386832918, 0.043397240550221004, -0.14492559331828, -0.34952949318663, -0.95688457167581, 0.28745545428983
-0.66382518439214, 0.037128758963066, -0.06265754872529701, -0.33060899170895, -0.84245849859287, 0.31323968591467
-0.32475071431455, 0.01641722086823, 0.082809217597455, -0.32483690301411, -0.88565586242852, 0.24631738061825
-0.10783890794431, 0.0040871449586032, -0.0099565803688753, -0.32251588179545, -0.92863161946171, 0.21971408114001
0.015380156050164, 0.028273863457491003, -0.09864017823849401, -0.31494800459927, -0.93921374683411, 0.23271022272721
0.047171060059731006, 0.013812839436555, -0.046634806728562, -0.30845130187947, -0.95559742990312, 0.24122983212116
0.10084009422412, 0.020596390097758002, -0.10848077856726, -0.29801920857531, -0.99015619120562, 0.23073612790777
0.066219341803809, 0.011184237740016001, 0.1369252450686, -0.28025610902088, -0.86633975574706, 0.20769605924624
0.14818931132607, -0.0051949290769675, 0.023235224339328002, -0.30439308760157, -0.75603623500577, 0.15954569298635
0.30909332708351, -0.031217862352173, -0.19022675918229, -0.27784055968633, -0.74139517052649, 0.10965560673742
0.41843270815126, -0.040828496051463006, -0.47378703247081, -0.26509195384033, -0.70550146121561, 0.051503301297297
0.51203280738136, -0.026278645027416003, -0.47879318721279, -0.28789619076031, -0.56993739767468, 0.038235794520331004
0.53740065580302, -0.12265921270966999, -0.60859534549361, -0.36566025302677, -0.40422890080663, -0.20336018377701
0.52982883072918, -0.3808570843836, -0.6287961434006, -0.54520018558952, -0.39732919267911, -0.99977531376883
0.51026280193602, -0.48484090156660997, -0.66792253251329, -0.53495823797675, -0.34842479117077, -1.2443446038284438
0.63600498544103, -0.45547651109119, -0.56707196519201, -0.47996600124541, -0.31990017533394, -1.0916240327699105
0.61877403029989, -0.4485820266452, -0.52650319385046, -0.49678333618665, -0.32045151534251, -1.0713795734394733
0.62950634685645, -0.45067114497777, -0.49586976177511, -0.47032062087616, -0.32164522363927, -1.0679229846039784
0.60568413930022, -0.36571170748542, -0.41637885267414, -0.37276298200949, -0.28331481346126, -0.77099397210985
0.4348273133221, -0.073835911203459, -0.23486006550378, -0.07039703764924901, -0.29137804150354, 0.14573441166278
0.19788147594104, 0.22397175081645, -0.117849420013, 0.030270267183067003, -0.2370840761238, 0.99427348782102
0.20111623097569, 0.34758913041281, -0.21954416570534, 0.042685226098742, -0.27991451483905, 1.211689375792327
0.317804229893, 0.3620346311483, -0.2147991560944, 0.010091121730839, -0.28787640321258, 1.2290584132665436
0.27806357318287, 0.33982578487663, -0.2915845413293, 0.026119742562459, -0.27918157181386, 1.1608262177896165
0.060210590479680005, 0.26097065838444, -0.039720013368922, 0.015928554842797, -0.44848757135246, 0.87548146919037
0.20361180119558, 0.14044740079933, -0.21305197779709, -0.18621017737814, -0.35102071443383, 0.23710957438939
0.38863734858177, 0.047302066486621004, -0.31561327468302, -0.30448648980946, -0.33220670720542, -0.18023156522435
0.57667189506062, -0.032037174921976004, -0.57307505151371, -0.38419690172837, -0.21995571732808, -0.36173773795194
0.50344941825168, -0.089455897630941, -0.54891989395066, -0.37855960204282, -0.27365975688633, -0.46849689817059
0.47278512633155, -0.10317925542335, -0.43776083390487, -0.41123575614968, -0.27044180316601, -0.45906472746924
0.26876559848822, -0.070906566544108, -0.20534290420767, -0.37416629874007, -0.45498521448243, -0.3658787731145
0.18904421625392, -0.036111338056074, -0.11037079521772, -0.36068850152235, -0.38317882614625, -0.24218849736443
0.23137953799531, -0.026583166316982, -0.077311012201216, -0.35653841059474, -0.29184450205951, -0.22386720466227
0.34238150848167, -0.029512835210281002, -0.2051105134179, -0.35286386863163, -0.31426663474083, -0.24164798973747
0.40973361982246, -0.030796043768957, -0.32688102436128, -0.33301455890264, -0.35577751956184, -0.20853118132189
0.4450381045015, -0.026648036574829004, -0.29295530958879, -0.3186469071313, -0.350299201923, -0.18631917259839
0.46673330177914, -0.016686862451712, -0.32329028679809, -0.30745262448493, -0.33520201312289, -0.17500507904244
0.46086011006887, -0.014205671208172002, -0.31735041872214, -0.30571264095165, -0.34762285896753, -0.16586704865797
0.45249114819204, -0.0096562708864249, -0.31632038745099, -0.30886728412969, -0.34433238138537, -0.15721633560592
0.4205579457949, -0.015350362685843002, -0.23990079724858, -0.2890534676031, -0.35762364294028, -0.15136659812797
0.41707477783862, -0.0087358322497388, -0.20918844516185, -0.30921041612147, -0.34939251181052, -0.14799477482009
0.4081576828737, -0.017506935832205, -0.23531850500887, -0.29653169633778, -0.35913745808325, -0.13857964676233
0.39978254057849, -0.013190750025497001, -0.16217971932305, -0.29215775899125, -0.33459894171568, -0.13145363494357
0.39446675456283, -0.011992852887632001, -0.25139328805284, -0.29381317275937, -0.27090737630514, -0.11285688487558
0.35179939367142, -0.0015825248350989, -0.21633703812079, -0.30159725577512, -0.32601350315658, -0.10888578928828
0.39431147200468, 0.014643144012826001, -0.12230654734909, -0.28109435887766, -0.34221284340017, -0.11305211406759
0.40289444745332, 0.014737723498691001, -0.08770272991357, -0.27036899041046, -0.31310824906754, -0.10957114437187
0.37058349299851, 0.0047940669871252, -0.049914512446056006, -0.253286874936, -0.30505417145575, -0.099551331397889
0.36301144852085, 0.025529178900814003, 0.038896464417711, -0.28109014080662, -0.31734303670856, -0.08083692622944401
0.33013029277353, 0.040987819486790006, 0.06681862584642201, -0.27064064744636, -0.30456632241988, -0.049291905998486006
0.35669150600742, 0.03884962087989, 0.09156406004317101, -0.26572599360972, -0.30349439783222, -0.03285402483766
0.30660100842437, 0.033702298140178, 0.15611051540747, -0.24915139036104, -0.3768730424106, -0.052836744782779006
0.25257377895253, 0.030670573618979003, 0.043341995063560006, -0.28460265541059, -0.15009276579641, -0.04855646983305
0.30270986884257, 0.062621165861589, -0.12964853830339, -0.22816814102303, -0.29867832716495, -0.010294732200179001
0.36048629005127, 0.070602813678767, -0.097664778338826, -0.23457313248828, -0.29407410427432, -0.0066014433911959994
0.41698367255206, 0.058346353482321006, -0.10267106715574, -0.23829667239962, -0.33007895513259, -0.041722733302389
0.41751928961421, 0.051938196447335, -0.060815215923551005, -0.22570745904877, -0.32134747487329, -0.04749269077401801
0.40645554824995, 0.047602525219521005, -0.0025404495454599, -0.23612144723754, -0.31771291233527, -0.051426052192556006
0.41490689817611, 0.051463393578737006, -0.0035482872343519, -0.2226796702268, -0.3203664243227, -0.057251680540976006
0.41215396220139, 0.051112462671517006, -3.66616668865e-05, -0.23672680328645, -0.30769997099161, -0.05827511575619101
0.39909802633089, 0.045179883198065006, -0.014132737164131002, -0.22657952395122, -0.32678648901093, -0.059650511882614006
0.39944004930259, 0.035703037180974, -0.011445314425414, -0.23919258194465, -0.29092719266748, -0.066109538234043
0.40058660279741, 0.032934887163374005, -0.030800520150156004, -0.23531034506116, -0.30739012998167, -0.062340769866254
0.39186676964888, 0.034530349196919004, -0.036941422344586, -0.23881085821968, -0.30166582503982, -0.052129219964521
0.4041999327623, 0.035726204075658005, -0.07933174147397201, -0.23700285853367, -0.31493136861296, -0.05937751665881501
0.41816608920762, 0.042154638942469, -0.16657546653605, -0.23186617005883, -0.33151561669414, -0.07284076364679301
0.39640544171812, 0.058844781729021, -0.18756187566089, -0.21204702231937, -0.33145740635282, -0.06955290215488301
0.37529911668397997, 0.039647486395836005, -0.1664344667641, -0.25064932486262, -0.30252769968341, -0.07053856492813701
0.3573596739653, 0.028343202739799, -0.18747761348664, -0.24971921736046, -0.29278170333738, -0.05840583621996401
0.28778706397486997, 0.045582929972852, -0.1955046586705, -0.25438791160799, -0.34427391774441, -0.034971307405041
0.25622590267389, 0.068049480182319, -0.21341635696247999, -0.23849327298962, -0.32764365558702, -0.034936703547127
0.26416649549556, 0.056623088713771, -0.19881366063761, -0.22974465459511, -0.30331217742136, -0.059994347589632006
0.29442127825096, 0.049038145804407005, -0.17838841124323, -0.20271226712482, -0.33083607593428, -0.061989717772828
0.35067665963724, 0.041980302333046005, -0.24239783569262, -0.226774137612, -0.27403192613128, -0.045545793870438
0.33948602720235, 0.056136890669183, -0.23725291191732, -0.20648193982122, -0.31230022852848, -0.036000665750561
0.21556054012735, 0.054508914154725, -0.25483037626206, -0.24463653335995, -0.31211437356616, -0.057316256962408
0.13187449256883, 0.094633429433691, -0.09243143156071, -0.25074591386243, -0.29603141062572, -0.022232002251878002
0.23124553777666, 0.079927712964326, -0.24426690031335, -0.26349768773325, -0.33188556985624, -0.022272078453319
0.27624907405936, 0.064670663320838, -0.3035816976968, -0.27230948279569, -0.3040152470961, -0.0064547151627321
0.29397156786163, 0.03033375367004, -0.22100661546984, -0.28814164285164, -0.35068031794988, -0.034254833179383
0.3030904133135, 0.052784474634743006, -0.2326508102464, -0.26847518682028, -0.31456517062439, -0.012343257280580002
0.40033401988597, 0.06879352892727901, -0.38903927806139, -0.25922209678442, -0.33898995954295, 0.0012641890555123
0.42820996512877, 0.075909248635373, -0.4175514936902, -0.25694085751403, -0.34743993571294, 0.0076645177979013
0.42753631790197, 0.077765774504, -0.35899734040558, -0.25796226498342, -0.36227503323778, 0.0043043632250012
0.39754952738784, 0.073976898133934, -0.31120064636486, -0.25532551640998, -0.35407880659876, 0.013251446314426001
0.38016298771721, 0.060472840037279006, -0.24424113270638, -0.251199256215, -0.36722069967902, 0.0032644271377517
0.37038158626193, 0.06007349323096701, -0.33332937823051, -0.26524398045317, -0.36322083057174, 0.023173171966707002
0.33389781110326, 0.053160855976065007, -0.41193084159582, -0.27193643281865, -0.28215753756059, 0.038139436088998
0.33965596730727, 0.055579634171550006, -0.27055868183724, -0.23331897937861, -0.35747166691715, 0.028202904601270003
0.4172063797387, 0.061835257011227, -0.36700897889569, -0.24636156206008, -0.22763293411055, 0.055947884872977006
0.34294200923287, 0.05768818718483901, -0.27038144874459, -0.23970696870222, -0.34786071971121, 0.019763182118059
0.40201437120137, 0.058403223273015004, -0.25242049180728, -0.22734285316607, -0.32715401152567, 0.011721741298018002
0.41232971325896, 0.058302429607317005, -0.23469429289021, -0.22648374511117, -0.34836435940733, 0.0084402108845377
0.41081421133089, 0.05219565874906101, -0.16188276534769, -0.23037124863767, -0.35066454848075, 0.0017247323142147999
0.40695789237648, 0.053330321450777006, -0.08722891409945101, -0.24563760787028, -0.33384945645992, 0.011364447689019001
0.40120067632806, 0.05536842016791801, -0.22011673663297, -0.23781130236777, -0.34783357805047, 0.02424531541304
0.36055694079412, 0.055400531468728004, -0.2546634136977, -0.24266894661459, -0.28544767571535, 0.038018376915697004
0.37364962019902, 0.055678851229646005, -0.18259670142693, -0.24464427488627, -0.33360354467185, 0.017223281970731003
0.41075436279816, 0.05249971764895701, -0.15158737303139, -0.23776945899682, -0.34923442875979, 0.0157866291462
0.39045925909703, 0.059872128248574005, -0.16510657204626, -0.24627115829352, -0.32927409300617, 0.026886087412657002
0.40329621182549, 0.057231806870395, -0.1320257562154, -0.24131450999407, -0.3250810380442, 0.02430787289389
0.39567116005399, 0.048511855339973, -0.12428804681198, -0.22971010119173, -0.33783877209519, 0.020357282055756
0.40072955842891, 0.043015230270988004, -0.078504828130823, -0.24246276864017, -0.30962751182713, 0.019433978012843002
0.40989754247756, 0.054533759205774, -0.14053059380239, -0.22066859324156, -0.32298687820901, 0.029667139685283003
0.38183293380597, 0.040703343261871, -0.1139563326752, -0.25203681582705, -0.20472844009989, 0.025263192856276002
0.31371855874035, 0.054085680110958004, -0.11865679285042, -0.23807679346941, -0.27289038828393, 0.036953402139393
0.37370944032816, 0.048169939960672, -0.06378168481417701, -0.22389859884375, -0.31654607813412, 0.012098673435586
0.42040759674972, 0.061235579488024, -0.17729996311262, -0.23551228888514, -0.20521855034141, 0.027467304500066
0.34298431690535, 0.055126205075694004, -0.14502627560854, -0.21125100373153, -0.31156685593735, 0.025589047201464002
0.39280385968377, 0.048683560591977, -0.03734208588776, -0.21506075886629, -0.32673764785715, 0.015406165841475002
0.40467690052535, 0.052126360885815, -0.21166112236186, -0.21632309712533, -0.33021065200952, 0.021582264914547
0.38886154994778, 0.049695508644228004, -0.11768231034043, -0.21361612455055, -0.3273494648211, 0.018824060189694
0.39897639871347, 0.051947804414042, -0.16071629650893, -0.21161030562029, -0.32440146907184, 0.020753851010925
0.39954520169727, 0.04773691496243, -0.13339324659515, -0.21194572344474, -0.33492661506153, 0.019069265661479002
0.40162898485597, 0.049126674987298, -0.1473011368432, -0.21827659164637, -0.33813251048977, 0.014515238304736002
0.38875270335465, 0.043938245828043, -0.1272947490091, -0.20843215282518, -0.36325177789818, 0.011840532609612
0.40078752632726, 0.041076723287437, -0.16318769003003, -0.22701513947156, -0.34415634536704, 0.020056765332246002
0.36520592574918, 0.036171216846283, -0.10426371761207, -0.20925608944928, -0.33700594415206, 0.021897890972854002
0.39895192418008, 0.037462550626323005, -0.10711347060858, -0.21729839225698, -0.34934113043036, 0.018571750873735002
0.40782726972038, 0.044341390131725, -0.12758140717767, -0.20919453008655, -0.33798805685345, 0.020332921354310002
0.40467994523566, 0.042791590187823005, -0.10613921026331, -0.20916559343087, -0.32406015876088, 0.025697497076927003
0.39811506321415, 0.038754201803756, -0.20449370194872, -0.22211212143653, -0.21004492827802, 0.041561844183167
0.3380009144081, 0.041058266512121, -0.18041006776571, -0.21699761744105, -0.30985486216837, 0.038621148561019
0.38267392319343, 0.043821795965336, -0.18528101689559, -0.22107638990533, -0.23825989632546, 0.045282283572278
0.39481670385488, 0.037342614722939, -0.12326017693116, -0.22244042490511, -0.34024684571657, 0.031215314739338
0.39390142318984, 0.038164602556215003, -0.08801081953211301, -0.20672781921764, -0.32617901613944, 0.031711207828836005
0.38627597946208, 0.046189244998605, -0.06996150993036601, -0.21320380470531, -0.2970945652779, 0.036429692805662
0.40740315666255, 0.040971016623666, -0.10453459840642, -0.20609670797727, -0.31092139630346, 0.042610913427485006
0.40851648162671, 0.042271730961555, -0.13440268619304, -0.22431491858047, -0.22094624127467, 0.047597742422268004
0.36211698988106, 0.047375510192490006, -0.15913515818983, -0.2237338187236, -0.28715613248102, 0.053638503524569
0.37822175273508, 0.043680054531871, -0.047809549440146, -0.20310056299218, -0.33116202847448, 0.036095089164412
0.40583303896489, 0.046023722748080004, -0.06727465460833, -0.21811069166753, -0.30268774233132, 0.032330251847721
0.41167215775388, 0.04711661791964301, -0.10392533752708, -0.20335026349724, -0.31097953675607, 0.034703618486731
0.37254453312444, 0.051911821166622005, -0.15534306150135, -0.22945735356578, -0.223634750587, 0.069035943218803
0.35587019747081, 0.051543043953691005, -0.11725339039208, -0.2143437612012, -0.32195453147854, 0.029936773295630003
0.4181041079175, 0.055655524181719006, -0.17725977374336, -0.22602974220452, -0.21812042307801, 0.044132780937586005
0.34634175327413, 0.055145009405453006, -0.14167597842424, -0.20341346517798, -0.32910929533459, 0.038060165680806
0.4151401129341, 0.049180459271736005, -0.12231062473315, -0.21076285996313, -0.33173493262652, 0.037782966298882004
0.39093469230951, 0.046508908226882, -0.14980576560903, -0.2095610510615, -0.33263318235836997, 0.029061423547372
0.38554448791893, 0.052626012842945005, -0.17708535484327, -0.21562700689969, -0.24412088624444, 0.059470154075406005
0.3434037725769, 0.052615032233572, -0.18508458365912, -0.21395829068213, -0.33360589769234, 0.046577718308046
0.39230302475612, 0.055489315287853, -0.13276335779723, -0.20716075609148, -0.30863927822421, 0.034048304018243006
0.40263364173685, 0.056103368505280006, -0.14334758174979, -0.2068212364741, -0.31388900636113, 0.029838416005284002
0.40771003260725, 0.05603371020333801, -0.12790267861759, -0.19124670482691, -0.34957258210921, 0.027705113309956002
0.40626801152126, 0.04422250167385, -0.13484121946793, -0.20865000138747, -0.3611821917903, 0.026901733470586
0.40630284184171, 0.046992570617065, -0.13220235868969, -0.19872715807262, -0.34750380610247, 0.030822368802841
0.41558074888475, 0.047086090675652004, -0.1247777762931, -0.19226526516686, -0.34257685087395, 0.030324321837590002
0.4190752299455, 0.04853711070088, -0.24884798709302, -0.21182706807429, -0.23234501112579, 0.046776833960717
0.36742743117981, 0.050221547477194005, -0.22038272713664, -0.210723054835, -0.31971002305151, 0.041514816017898006
0.40117597355732, 0.046525703628888006, -0.21561907996187, -0.20768852710772, -0.25422134136098, 0.049453680721162005
0.36657269647268, 0.025488790531972002, -0.15942940341936, -0.18970725498861, -0.31658333112377, 0.064851616316798
0.32209632924901, 0.013907104082611001, -0.085473598486273, -0.17377877499965, -0.34505254082832, 0.021587369936613
0.34320528797382, 0.0040131566535587, -0.0039975486493227, -0.19357303097134, -0.3616835530963, -0.0045890985257876
0.34221812509021, -0.023522124928025002, 0.15511042176632, -0.19180510899026, -0.35148939820964, -0.0044976931214047
0.35500074226648, -0.13974617979562, 0.20890749539583, -0.14545662084596, -0.2740456338977, 0.027883455716387003
0.21286850355334, -0.29274076882754, 0.23982477315752, -0.082854931051221, -0.30519748408755, 0.12558899343625
0.46802354395785, -0.57575135624753, -0.62710146458427, 0.12049123305001, -0.43524579118662, 0.20068973562998
0.68153301641981, -0.69213157266994, -0.78043460069764, 0.0057971806883931, -0.46621213369677, 0.29451836360323
0.85080965841122, -0.34234562125198, -0.64670503952592, -0.19943458000728, -0.55555717618445, 0.42536745199918
0.81456648074517, -0.24622726020255, -0.75087292632742, -0.083187583156466, -0.55378680908202, 0.43739808203463
1.0537734853876757, -0.24836524039832, -1.7691874330512936, -0.09941982433448501, -0.73540873777647, 0.47089378056204
0.62394639466875, -0.17406274666621, -2.1972719538067045, -0.19987554440519, -0.83172904528342, 0.42706071451217
0.71479445295654, -0.16720652171737, -1.417858024709306, -0.14942544786497, -0.58081444352073, 0.33550911400238
0.82332835571608, -0.15043714121879, -1.1329622624625095, -0.19030899990898, -0.6211251052681, 0.33459112786052
0.98987346393978, -0.10725310292991, -1.4532409734180263, -0.20087608263831, -0.45786435770788, 0.30021234175999
0.89914688267438, -0.10412072906202, -1.610587100083543, -0.185151587714, -0.54650599483162, 0.30027928283617
0.92927077870308, -0.13956853991062, -1.5259601691106486, -0.2634348679513, -0.38626910053374, 0.31618601157382
1.2772603644386664, -0.16602111046887, -1.3489512688062242, -0.35532283155975, -0.311541396972, 0.24803322170723
1.3701603457670943, -0.22328141271252, -1.2877193122048296, -0.19206585857517, -0.28465978557022, 0.2876320190919
1.225179290727254, -0.14711559291714, -0.77630788660561, -0.27296655121779, -0.38751062556996, 0.27596464970804
0.99057124127452, -0.11996650472191, -0.83608842509134, -0.29442823070708, -0.31815387303102, 0.27257932725552
1.0365348638265868, -0.063246655707842, -1.059405440949097, -0.35387138575007, -0.30153236229817, 0.26361924491759
1.1598548716411587, -0.07086923338865801, -1.0133207127515835, -0.28765500333446997, -0.30980013235011, 0.36097687017023
1.2405656374574734, -0.061097037692038, -1.1676845539627734, -0.24410854341852, -0.35993741301265, 0.32459766758123
1.2195580460246482, -0.08935345915846, -0.92399647780647, -0.31813625513953, -0.26340580420232, 0.29320363675819
1.1078231135405665, -0.061643839742519003, -1.2996075556446662, -0.19027467971217, -0.3299703771727, 0.36577421816397
1.077482866874268, -0.057371686926225005, -1.0794441680960245, -0.20293685977649, -0.34925783629586, 0.33335893995262
1.0828951265187756, -0.059940327507587, -1.2089706548042354, -0.20880618776133, -0.2401732057383, 0.29738669706098
0.99173587587157, -0.13393695845446, -1.0614480552302004, -0.19988815423456, -0.32658975876202, 0.25037041091843
1.0335873350565339, -0.08475022446802201, -1.1681945485455179, -0.19264850014765, -0.31364600454025, 0.26235053365704
0.8116245079105, -0.07059267998157101, -0.63679638447598, -0.18307464293627, -0.37827075848719, 0.24707638574975
0.24125327045185, 0.016504927672726002, 0.58327138123202, -0.24113280485011, -0.37001364170974, 0.27198451663385
-0.21237711673846, 0.056438848786659, 1.2761198605578659, -0.27386007101777, -0.073903875821375, 0.33142888284644
0.34755973839945, -0.01663962945956, 0.35317402210092, -0.24673539967159, -0.11756820829162, 0.33151313957649
0.66301870061994, -0.07395379738289201, -1.3217490933562526, -0.23450809370554, -0.27983857544316, 0.27610640140172
0.84295915081099, -0.08395467723253401, -1.4109491048589529, -0.17830742405063, -0.37796436627723, 0.26503368229307
0.85682375573341, -0.08186867879348, -1.3302945185283146, -0.19930907456496, -0.30271878101917, 0.23989031990107
0.82898493030879, -0.07368359665332101, -0.68525824684028, -0.19494781264794, -0.19583966902862, 0.2363980372493
0.79593320682167, -0.05294443928841001, -0.60795778341347, -0.23663736330067, -0.27860327915274, 0.23981327088783
0.69520209943544, -0.09979524732539401, -0.53478265767382, -0.26656977698867, -0.20340917027997, 0.19894389767553
0.64612022600563, -0.10133641212279, -0.81482724381171, -0.22018273713164, -0.32058705447456, 0.19716415677075
0.83444389605597, -0.11299571284014, -0.77380501349006, -0.17581538170258, -0.24521798027838, 0.19360509781639
0.84946550378251, -0.1170910903415, -0.82691124060318, -0.14523901514283, -0.27713910769384, 0.18696430358165
0.9210957612739, -0.13122594949301, -0.90864648286159, -0.16349953429091, -0.22965917198465, 0.1622233075313
0.87944174538523, -0.13748783136799, -1.083415303054152, -0.18294043982705, -0.20251139013793, 0.14160650762056
0.9199564979388, -0.13065425356199, -1.2046366774786506, -0.18004922177591, -0.16224103532297, 0.16191234034814
0.93437710305309, -0.10926109374026, -1.2999221445550013, -0.1702877589695, -0.25988317651416, 0.15705887401217
0.97694092079945, -0.11091053162098, -1.2255247279276658, -0.14378854485765, -0.26431371942076, 0.16257082346921
0.99954031224923, -0.12321014815189, -1.2717905012651962, -0.15014173211122, -0.20461144857458, 0.16365531979303
0.93053960336596, -0.11952120416165, -1.210295102420143, -0.14979738431488, -0.27306038185107, 0.15116890737807
1.0464582786668968, -0.11423839448445, -1.3782409528773316, -0.16515515144166, -0.22660282894048, 0.14897848378158
0.97378058287722, -0.10822042006824, -1.3722152602687, -0.1484832307207, -0.33340251095615, 0.14736118105633
0.98567758832221, -0.10081351259316, -1.3113714832707812, -0.14460945649993, -0.29132070044497, 0.14407101991367
0.97100945374553, -0.10259206198498, -1.2485499760479348, -0.13665720766557, -0.27368999782567, 0.14006528725862
0.94169863026324, -0.10115172443615, -1.2391346624275046, -0.12553585908893, -0.23332370822108, 0.1510334559949
0.92922901059859, -0.10774471247684, -1.1089971895532234, -0.13939859781887, -0.26175002147242, 0.13963846630748
0.96620196966497, -0.10361147972163, -1.2584878632123844, -0.12961354662232, -0.19373261230043, 0.15489195535465
0.90197153850537, -0.10383287583684, -1.1413764558599155, -0.13480526821312, -0.26756589905678, 0.1379559127354
0.9403557170875, -0.10107606996612, -1.1088383824455053, -0.13422036240982, -0.27006452219341, 0.13631688508957
0.93101328458272, -0.10352150209706, -1.0768197709269083, -0.14631371048076, -0.27196415457861, 0.11746629539219
0.92742887229201, -0.10776051435908, -1.103891152920485, -0.13363261272199, -0.27692448278018, 0.10252173156318
0.91954044481931, -0.10656909033901, -1.0890972103218908, -0.14702879350619, -0.30752038953366, 0.1136700861058
0.9176640914161, -0.10643143573517, -1.1838730367796464, -0.16643382407736, -0.26303729320177, 0.11758215705776
0.87470152261027, -0.10996950330788, -1.0711183777919988, -0.14957957479916, -0.29333774905068, 0.10730090347774
0.93993906122974, -0.10745115932253, -1.0916811556048687, -0.15231157163626, -0.28071112884738, 0.11825799203556
0.92701741806583, -0.10706146251352, -1.091796088369882, -0.1467818819364, -0.27886077899327, 0.11506119728033
0.93842466124112, -0.10287488432767, -1.0717479107098864, -0.14299438478966, -0.27379858330428, 0.120499368338
0.92450694424727, -0.10531322246787, -1.077075381856981, -0.14050700083128, -0.3024085252501, 0.11576510170081
0.94277335395942, -0.10596976076772, -1.055355570982339, -0.16224717081446, -0.30660644071151, 0.11782509403727
0.90576810300992, -0.10485730009533, -1.039777921193744, -0.14665431463742, -0.30254253084325, 0.11646565195939
0.9025470470073, -0.096872237043868, -1.0642095716104865, -0.16767095183667, -0.20154564959356, 0.13566283353201
0.86388972810649, -0.10086320897864, -0.97171775097249, -0.14830710403072, -0.27227203265466, 0.13269802030519
0.93224967335172, -0.09745518624638701, -0.99689109678816, -0.15590250841287, -0.29068279368714, 0.12525869357962
0.72781709936242, -0.074663614729034, -0.27273046064135, -0.17672119328405, -0.34389040939761, 0.065796046005219
0.13848869295228, -0.021513529317301, 0.6783626703499, -0.22319161338584, -0.22211347888565, 0.10704122168955
0.31273162877687, -0.012555208300186001, -0.016890041800904, -0.26097709879279, -0.23608051082465, 0.10917440429681
0.34965752414261, -0.0086596861288814, 0.1505216888282, -0.2337720550553, -0.27044266571541997, 0.09197191752877601
0.69014512240268, -0.05559039039692901, -0.57624125126244, -0.27367652376103, -0.16076309324161, 0.17302327952139
0.59368721457358, -0.050113597762581, -1.4147141312809877, -0.23842897943371, -0.36990204372855, 0.19321227179219
0.7267741602462, -0.040928678186405006, -1.251752937888139, -0.22136778492683, -0.35415164018044, 0.20351832460171
0.51463729500668, -0.016707836209314, -1.052925739627357, -0.23477815635134, -0.35164957081816, 0.22464814605193
0.79823247068108, 0.0037026348557003, -0.78377377657708, -0.23811174684372, -0.38104130169381, 0.23340202864547
0.98384664860675, -0.015167984106998001, -1.492171040275967, -0.24175432035816, -0.36349621003805, 0.23899245941207
0.68958115409895, -0.0059194570969618, -1.0954236920551532, -0.22450240478843, -0.35886768782151, 0.20808032693173
0.72998995754882, -0.0093334778501615, -0.72710853882237, -0.22328295669745, -0.30532036382743, 0.20311805781559
0.83793989053616, 0.0004628493505012, -0.72099689945053, -0.26281779773946, -0.31676388195309, 0.18077340306403
0.85946572034959, -0.018250772830825, -0.76846787232639, -0.22218457688037, -0.30823565914482, 0.17576993630469
0.86550933137049, -0.025498796453105002, -0.81472997696932, -0.21159058354282, -0.30901056005017, 0.17451719498098
0.87058093041194, -0.038269589854756, -0.94071372229712, -0.22522640513831, -0.34871667776677, 0.1500764248331
0.86770633384296, -0.056823561443664, -0.94853506288812, -0.22278611064442, -0.26653219338997, 0.16342927476484
0.79178102912708, -0.06933898035550201, -0.95715201215183, -0.24350734903716, -0.32815224373424, 0.15041534351939
0.9625397374415, -0.071315737131838, -1.4009764203747357, -0.28295493696839, -0.17947399995135, 0.18283625677602
0.90396367003186, -0.07181352880104301, -1.324378395648337, -0.24471449906007, -0.28196888678463, 0.14979475852089
0.91891573117394, -0.075792240208265, -1.0691658719447956, -0.24879834895629, -0.33379381804246, 0.13417963608181
0.90811969000694, -0.09346226904115801, -1.1406756721400648, -0.263861583117, -0.28313169058794, 0.12885011309777
0.94123653883281, -0.085721535929606, -1.3366421893025064, -0.23408365349673, -0.27517572453272, 0.12011453795093
0.93773414406606, -0.09036070070551301, -1.3103264980225904, -0.25489165801609, -0.20655342048992, 0.13103197706605
0.93888911040451, -0.08718638067037501, -1.3593784091176824, -0.22610233105473, -0.25358149618308, 0.14469922780394
0.94956724041956, -0.09110261625219801, -1.2918333401343318, -0.20271060215979, -0.27883825596151, 0.12681578871767
0.93446588361349, -0.08421253482220101, -1.2790826451475836, -0.20776054012672, -0.27662866604449, 0.13304136426917
0.94124979699345, -0.085864587930242, -1.3046792442102217, -0.19785533038047, -0.243624675527, 0.13320574734671
0.92942129236641, -0.099482700317847, -1.273063011851085, -0.20613659601536, -0.33559402918817, 0.10843637882509
0.94953221118428, -0.10635649291622, -1.2514746947662836, -0.1990749245096, -0.22645255633344, 0.11223492289082
0.93207750422417, -0.11013904762868, -1.2672025908106674, -0.19660412726273, -0.33258694443295, 0.10334036308051
0.96403639985527, -0.11378673519435, -1.244492057248034, -0.17931477350739, -0.30102815303909, 0.10914687697466
0.97802883610258, -0.10970570159799, -1.1439166852346214, -0.19567454227269, -0.30555679736488, 0.10209797443597
0.98685496116026, -0.11887018887006, -1.1839789224327302, -0.19072108906906, -0.3203439025792, 0.086253572475515
0.96540755207064, -0.10262666530398, -1.0450679276877666, -0.19376960147327, -0.32151017809113, 0.11407916835739
0.96555445287026, -0.11384521170597, -1.2390707898953384, -0.22147997123798, -0.26839317256994, 0.11824973098529
0.92242460926859, -0.11862342451789, -1.214837805246208, -0.20129903082429, -0.32110875598463, 0.12355591970612
0.96249979629295, -0.11246119217404, -1.1557571398343927, -0.20445807356953, -0.30402619703095, 0.11767735471734
0.98999096508927, -0.11024645722381, -1.1556790582534628, -0.19660670220899, -0.30405295550221, 0.12545416584749
0.99290867948092, -0.10476157386565, -1.1265292077292075, -0.20286585687036, -0.31385984516705, 0.12412214592186
0.98047505766794, -0.11197728011878, -1.1562888467216714, -0.18931415160781, -0.31770769884757, 0.12242499423789
0.94800908128421, -0.09744176844253301, -0.96456129445113, -0.18635467283764, -0.32720870906823, 0.12844698290005
0.94880083390022, -0.09319676661449901, -1.0852022555515926, -0.19470197401386, -0.3174252233913, 0.13277163085058
0.90845738042339, -0.09496042740693601, -0.97917488430768, -0.18928653322971, -0.33425561414892, 0.14585807898251
0.93600776153211, -0.09279200862475101, -1.0684235413644494, -0.19037662820017, -0.36203907596009, 0.13454425087649
0.93294884104708, -0.09749124801584201, -1.1121622173813286, -0.20307232090005, -0.23404526945137, 0.13556083168511
0.90970704747207, -0.09467997842405601, -1.1753737879658608, -0.19150937362398, -0.2766835533989, 0.14448059271774
0.9563408129882, -0.094176846055981, -1.244305376735044, -0.17883275050887, -0.32721893556939, 0.12578616756431
0.9892916107589, -0.092391731684347, -1.2073271214599013, -0.17835030180667, -0.34727949769502, 0.1293230175251
0.97191856715408, -0.08781569090251701, -1.2177760288361101, -0.18615673809031, -0.32791728221553, 0.14215119685726
0.93841890901237, -0.088131840513733, -1.1644516344914222, -0.16775987216578, -0.32970582274557, 0.14446419972855
0.93029281059223, -0.09392050830010201, -1.0817068885519645, -0.17383744171115, -0.32254795048628, 0.13182943526031
0.93895238754419, -0.095919631221985, -1.117977598256807, -0.17059745385549, -0.32541404156977, 0.13326445754744
0.94986770304791, -0.10406802116094, -1.102480907900631, -0.18389058061511, -0.33119347439607, 0.10932914168734
0.92466235414934, -0.10428767395002, -1.1629428249223852, -0.17448424763978, -0.27563197002529, 0.12238324417666
0.91409885629452, -0.10831992085248, -1.1405217144922282, -0.17959895253101, -0.37508317100027, 0.12244211177673
0.95099052097953, -0.10632893531571, -1.1768593352964778, -0.19363720539364, -0.25065709817185, 0.12437758448473
0.90429115658712, -0.1100184885944, -1.1530914282173539, -0.17610432351039, -0.34234077797415, 0.11997476494061
0.99209420468297, -0.10741334263736, -1.1939344524312137, -0.19671484826583, -0.24555562282954, 0.12618809046311
0.92619992949829, -0.11147561877555, -1.1585398816111916, -0.18534942660823, -0.33390397266058, 0.11284546072584
0.98643923269149, -0.11162345389434, -1.1674998650074278, -0.19396962093288, -0.24237698662037, 0.1131420079242
0.92154544048176, -0.10711664168787, -1.162302428947337, -0.18300636832015, -0.30001295863481, 0.12115654152077
0.96385209401751, -0.1016601507851, -1.1720539650670239, -0.19897994800726, -0.32270540878938, 0.11344559640915
0.95936141208822, -0.10519188486126, -1.1479859373986532, -0.17983850201362, -0.32139187652424, 0.12697325954027
0.98039231531487, -0.096575937008953, -1.1232050040766723, -0.18452915365019, -0.31642701406241, 0.1229774004299
0.96210393774355, -0.09821915389762301, -1.1209469534357077, -0.17365751153623, -0.32452704560647, 0.12525938120236
0.95201658978602, -0.09465828438902, -1.120002098137899, -0.18302842954838, -0.30079766886058, 0.11878092341327
0.94592347304645, -0.09595264996618201, -1.1448892049200146, -0.17999124685479, -0.30064954627867, 0.1189999230835
0.97984272199852, -0.09159111037032301, -1.2035235997348368, -0.16766792382224, -0.30643757079958, 0.11620940113602
0.95698959667829, -0.096384801491547, -1.1257991927062432, -0.17033011339387, -0.30077022559299, 0.11782486483911
0.98060525877664, -0.08959065380809501, -1.243036673584699, -0.17480298740158, -0.28666493402604, 0.12575379009437
0.92404867521185, -0.09589733795392301, -1.1559235503276217, -0.17304952206859, -0.28062990827518, 0.13421718492924
0.9371870167383, -0.09466615944136501, -1.2105030790596247, -0.18172816639055, -0.18439945682072, 0.13498924123854
0.89617216085831, -0.09867783512790701, -1.187601574419506, -0.17236399760646, -0.29663886435196, 0.12418335596649
0.952984741149, -0.09698778982275601, -1.1954400003634027, -0.18447389758306, -0.28608744383967, 0.11517655380924
0.92636428119762, -0.09625330046081201, -1.1729847014141417, -0.17960078126304, -0.29886779895896, 0.12547829778128
0.94714705154135, -0.098785313338678, -1.2096461190689511, -0.1903703193019, -0.30807335850312, 0.13378647299086
0.91506136694885, -0.10508008511782, -1.1661466326544963, -0.17858138672801, -0.31020184571922, 0.12902126430894
0.96770215196667, -0.094359776187471, -1.207191757919944, -0.17422234909596, -0.32189235171653, 0.1346354106179
0.96457510969242, -0.09519501371882001, -1.2373289410118251, -0.18256934169964, -0.31202062932831, 0.13264193385766
0.96033209597213, -0.09005586744019001, -1.21922454841319, -0.18990498694793, -0.31162176508623, 0.1288216475547
0.97243305487879, -0.09968284574189301, -1.245644344613595, -0.16754445794715, -0.31731053897978, 0.1218228419561
0.95757113679958, -0.085624420026618, -1.2064150107869347, -0.17861033342739, -0.34422698993641, 0.13564376793124
0.96694540345683, -0.088735379662063, -1.311935930925683, -0.20771072469086, -0.25253534950319, 0.15021636621609
0.87942810175883, -0.08616926756329, -1.2184884565602134, -0.18720360174246, -0.32508178227033, 0.15334858776452
0.97417319172909, -0.082228752795155, -1.1921688105467858, -0.18833590120836, -0.31802736095243, 0.14558031722172
0.96494260025734, -0.082129744519105, -1.1955272550414944, -0.19067131015336, -0.33247101188536, 0.14731674391308
0.97302800953938, -0.08415239516869001, -1.1817827989055023, -0.17969775087853, -0.27784447745898, 0.15689164668906
0.93528545537977, -0.08716829725764101, -1.2004300256507157, -0.19193215428932, -0.24977030299351, 0.15666507009894
0.95041742812406, -0.079171306628492, -1.134643762061796, -0.18249887240749, -0.31402622820799, 0.16512130914922
0.97843242272921, -0.07977814869086501, -1.2121947992168922, -0.19361615328434, -0.31305256064124, 0.15256745529438
0.94698060596379, -0.07656831342773801, -1.140338433473482, -0.18074484818355, -0.31555155822777, 0.15747508216233
0.96329672076527, -0.07730733523100401, -1.1066464851043092, -0.1950320996201, -0.28845974534896, 0.157920833889
0.95847420206334, -0.07475455580053, -1.142770164077167, -0.19332631629122, -0.27887055134086, 0.1624262969718
0.9705797931866, -0.066320984678573, -1.139666667696305, -0.19501773838267, -0.28172928291807, 0.16825564827785
0.95758261543787, -0.080082425049688, -1.1083856987239835, -0.1771613697459, -0.31095446903809, 0.15291058077107
0.97643407118833, -0.08238132287623501, -1.2093638270877947, -0.19781071483441, -0.27192985068638, 0.16135396853304
0.95053894183281, -0.08000880204153801, -1.2397356371225383, -0.17939252295795, -0.23247962209884, 0.16570497651385
0.93532765042513, -0.070755927784887, -1.149910901659961, -0.19336976164039, -0.27005342814755, 0.16496552296353
0.95945230647024, -0.07445479252494201, -1.1454193498578267, -0.18666103851904, -0.2901204715789, 0.15564587095272
0.97644472025079, -0.07393801572259101, -1.185531340588388, -0.18312205923082, -0.29085051683504, 0.16334656366309
0.96405524522855, -0.073208653049249, -1.1776994729776213, -0.17906358441394, -0.27010384221537, 0.16189566675271
0.96619522156725, -0.07359504608766901, -1.1706793993617035, -0.17180190284541, -0.30783150991816, 0.16690748904324
0.96533487095994, -0.07163291691774501, -1.136190578714922, -0.18776448646815, -0.30489837570369, 0.17151696387514
0.94315032639046, -0.08029118813317401, -1.201666245203288, -0.18912712058283, -0.31540998565589, 0.16208557816698
0.94929139298824, -0.07332766216969, -1.1658920693397383, -0.18086935716886, -0.31006766729163, 0.16863905372499
0.9437229124702, -0.075817429368095, -1.18191169669226, -0.18354331920634, -0.30315153349409, 0.16265107052593
0.94998430280267, -0.068857415533774, -1.1751812043057648, -0.1850372786753, -0.32212417827172, 0.17082895220179
0.94916807455049, -0.07799604729265801, -1.2166414804101224, -0.18900132951232, -0.32928557460952, 0.16746100173365
0.95511607376412, -0.075263824988998, -1.2028221802966208, -0.18407415495526, -0.34966083530319, 0.17671195044632
0.96788308945655, -0.084530212374921, -1.2446787667490158, -0.2082784475009, -0.25093351782732, 0.18451267974427
0.90362927052234, -0.08607686274619401, -1.1911080111946508, -0.18599729466254, -0.33105798448039, 0.17531926269597
0.97632631852783, -0.077692282749694, -1.1823667545924168, -0.18714060808056, -0.3277479154087, 0.18526650214177
0.98218703013751, -0.07836189771507901, -1.204326912211895, -0.18279439847243, -0.32350332479115, 0.17454158795904
0.98396347417587, -0.07453455111024, -1.1841708945946383, -0.18733639025281, -0.33502426171673, 0.17412991860754
0.98657130545495, -0.072590801201224, -1.176455731848244, -0.18218663517643, -0.33655628768988, 0.17345313662864
0.96736425697502, -0.07982199614249001, -1.0824727913156307, -0.16426039339312, -0.32792596780657, 0.17411194893345
1.005461968660188, -0.07733899144792701, -1.2253136534830131, -0.19509605653219, -0.31547694766491, 0.16747037109605
0.96443932936777, -0.07822105060621601, -1.147847108587564, -0.17626314123845999, -0.32845061254468, 0.17531257962247
0.98491660972981, -0.07110322986728801, -1.1761516772202847, -0.17709462656125, -0.32124602469119, 0.17760598792431
0.9808004216252, -0.07520991857982401, -1.0775931134895815, -0.17719398960322, -0.30401942366961, 0.17300656598237
0.98609521817177, -0.07216321138433801, -1.1214536467393676, -0.18331000361629, -0.29074164554646, 0.17422432364264
0.9821551203636, -0.074664570748526, -1.2003964408161059, -0.19744454730629, -0.20014326766012, 0.17843230872401
0.94675964825806, -0.071391636950399, -1.2127885431120302, -0.20392584608693, -0.23228600939661, 0.18802974284584
0.9704301899251, -0.07190355644761001, -1.1497510883587787, -0.18619453261485, -0.31240711805758997, 0.17576109209006
0.98742080450712, -0.066804662169896, -1.1056108241676474, -0.1860225479871, -0.30092792444068, 0.17337520389373
1.0107043644130664, -0.071661338832289, -1.2223505113445046, -0.18743155786961, -0.31336555574938, 0.17081624001382
0.98519299464228, -0.067668671993311, -1.1179763191611545, -0.19081588038486, -0.3020427789793, 0.17305716265985
0.98871703912564, -0.071840933869704, -1.1554248571094403, -0.19747925675138, -0.30931992936934, 0.17454958708835
0.9902050637979, -0.073601336867831, -1.1626098103420628, -0.19739794299569, -0.33065602182136, 0.17433999895794
0.99417044441174, -0.07080749581479001, -1.193799927859946, -0.18948775520258, -0.32532596487722, 0.16911516036335
0.96644131964903, -0.07105699947237, -1.1627235772894908, -0.18945892217334, -0.33404071989164, 0.17136718950377
1.0010448912847063, -0.075478779116843, -1.179285141666007, -0.21123471110052, -0.32747301573943, 0.16742984538914
0.96245906890673, -0.07865303619847601, -1.1699190980614864, -0.19121673850708, -0.33639115008538, 0.17551801330408
0.97613230314872, -0.07302938783208701, -1.1430831879289454, -0.19299963673876, -0.34180427167699, 0.18128497798406
0.98014909705935, -0.07451047176391401, -1.167537359312497, -0.1971245889833, -0.33562084394746, 0.1734247616551
0.95941557281405, -0.073149171085781, -1.2259035764092001, -0.21089292119601, -0.23526391301528, 0.18844194603025
0.91302017462494, -0.069061756689684, -1.190889877574025, -0.20360620813804, -0.33440114539641, 0.18603487140737
0.97238671364451, -0.07313300094492, -1.1350100243826964, -0.18874128272736, -0.3407460554019, 0.18509836263068
1.009624561848415, -0.07054600993417101, -1.1800088898962184, -0.2020674163724, -0.32546090591163, 0.18601179342894
0.95817531954094, -0.072629189678742, -1.1201972949113013, -0.19327609878337, -0.32837912350079, 0.18722946906268
1.001484692201757, -0.063732487132709, -1.1800093550556443, -0.18660398540803, -0.31918448482545, 0.17560829216582
0.99012415362096, -0.067457541930456, -1.1546800278788971, -0.18420057312711, -0.32051263314403, 0.1769878111439
1.013182187440073, -0.06489328214871701, -1.1668417739605983, -0.18228646393709, -0.31865771831163, 0.17094145811982
1.0035133731481005, -0.06483713903410701, -1.1667029666020028, -0.18000367711694, -0.3164079165072, 0.17255878505077
0.99518972818351, -0.057641060583866005, -1.1695670847622757, -0.1863850736668, -0.30363180924612, 0.16415094275223
0.97867547362128, -0.062289403564947006, -1.1388672151706252, -0.17928998768086, -0.33073311861605, 0.16303212697804
0.98651647282305, -0.06336690614967701, -1.1196887445856787, -0.20485923970097, -0.29479306836658997, 0.17129017322316
1.0141744720489005, -0.063251912693676, -1.1682118963233719, -0.18175706594102, -0.32245715531568, 0.16407194979466
0.98701767475715, -0.064401292365225, -1.1015435123873267, -0.1865594242537, -0.31478950126953, 0.16150689260027
0.98114244089694, -0.06127246136679201, -1.1567725446250041, -0.19113356846613, -0.3111211685021, 0.16498020239891
0.98141566141082, -0.058984375602583, -1.1757172250127605, -0.18460377354878, -0.3277661034857, 0.1609184966878
0.98461470136278, -0.063029561915917, -1.2035326621622398, -0.17578765297497, -0.32712585982944997, 0.16677495949563
0.96113308632267, -0.06319467042893201, -1.1267666334612658, -0.17544805282458, -0.35274442521131, 0.16774899478936
0.99513087747694, -0.06238862132189701, -1.2125417711563555, -0.19351551447168, -0.35085300828338, 0.16110721365808
0.93115850924711, -0.07021949290629101, -1.184460271525162, -0.19065166243074, -0.31838462317367, 0.16448332771096
0.95541894441165, -0.06247715782101901, -1.1840397237792195, -0.18793680772487, -0.31847102380195, 0.17233543310419
0.97014725049965, -0.061730123252560005, -1.2023747227071562, -0.18769694817684, -0.32941041908696, 0.17031338012811
0.96164537674685, -0.069086387414608, -1.2305926527500233, -0.19558095158744, -0.27070739401093, 0.17371518353674
0.9208243216642, -0.06555144768684901, -1.2402352719955059, -0.18865383919449, -0.28752607829409, 0.1812404984661
0.93925466424223, -0.066413935890998, -1.126147242746482, -0.18107186609356, -0.33843278069981, 0.17686076454123
0.99458064078754, -0.065177086783772, -1.2376901809963319, -0.2030344882097, -0.32970089338036, 0.16773940074605
0.95643941575991, -0.06721686848354601, -1.1392444872835525, -0.19251624073762, -0.3332348301755, 0.16781626821466
1.00824084233047, -0.05979327765399001, -1.1685685063889117, -0.18455039726045, -0.3333823536767, 0.17243722850368
0.9940090807461, -0.060846113061318007, -1.1418432092424027, -0.18305593052872, -0.32408273114249, 0.17532472149604
1.0160106860481073, -0.06692062688546101, -1.1711512887620539, -0.18579257538601, -0.31319623525368, 0.17843912477191
0.99991449636136, -0.06392773064304301, -1.1509621959752037, -0.17490761063146, -0.31207507830715, 0.18536800610373
1.0031041100746674, -0.065558048639616, -1.1520919768206157, -0.18285063889695, -0.31860989344465, 0.18434731831589
1.0017340931324523, -0.068698018258913, -1.1487846845689307, -0.17479405739956, -0.31813474654388, 0.17982982416442
0.96936028117538, -0.06327550807369, -1.0392939528385983, -0.17795871438643, -0.30869754789208, 0.18594589854124
1.012345074492391, -0.059739562090302005, -1.1997419306695747, -0.1858498571267, -0.29265663925194, 0.18527778598612
0.98023290636544, -0.06910898922937801, -1.1167092329604282, -0.17488011503475, -0.31529488006788, 0.18173359468449
0.96667174951484, -0.06501592664165, -1.1775827482147085, -0.20599739469502, -0.17277111484021, 0.19592135476466
0.92875400119774, -0.06714302151913501, -1.1978665592658893, -0.18814108692853, -0.30993394533247, 0.18202970386314
0.99338777640537, -0.06453795971861301, -1.2185932135095396, -0.18776582052737, -0.3072158962749, 0.18510157851466
0.99908658889282, -0.067660218281073, -1.1930972412669765, -0.16964825609901, -0.33131118286231, 0.18644628338466
0.96127857499144, -0.06419684785349801, -1.1304273262361866, -0.17235855469235, -0.33125098410297, 0.19289790736411
0.99183717370976, -0.068899944812036, -1.2439158724928765, -0.1933578442801, -0.35603070699661, 0.18007020534224
0.95585613974272, -0.071831396639168, -1.1397843539895376, -0.18535506907489, -0.33934059708385, 0.19020070011164
0.97945188128955, -0.069560440795254, -1.1847214578210137, -0.18692208455363, -0.34606623816698, 0.18288680727132
0.99060701422423, -0.06557856374479701, -1.1793750829100436, -0.18564601046192, -0.33179348473757, 0.18495465745251
0.98318112281056, -0.065368782563722, -1.1796202397950797, -0.18466644878188, -0.35171602083365, 0.18792771310403
0.97428000206481, -0.06640919463649901, -1.187643463775399, -0.18559984333124, -0.35978359095518, 0.17805239496415
0.99539245264016, -0.06711193306013001, -1.1857149354960757, -0.18707307632952, -0.36486883144412, 0.1927784403413
0.96493967069722, -0.068970364538951, -1.1807304459838182, -0.18717980681442, -0.34460412905142, 0.18074413643514
0.96888161097516, -0.066089182674837, -1.1715603083509547, -0.18411809355262, -0.32738166069328, 0.19365482872628
0.9783281658536, -0.064859118281714, -1.2246877765602957, -0.17654999674834, -0.33819143432878, 0.19212466852468
0.98091303179817, -0.066306511420336, -1.189267092283359, -0.18654424802033, -0.33518102688399, 0.19074494223438
1.0009981020401955, -0.067460389183566, -1.1969866101005417, -0.17545232060703, -0.33481395722031, 0.18757773332832
0.98109526888831, -0.06797976849241401, -1.227452457437712, -0.18118796640408, -0.31551008631659, 0.19969780291165
0.95627835784048, -0.070306898686014, -1.2420761984760769, -0.18434144081941, -0.26026266141184, 0.18850489335395
0.95055577794503, -0.06628208152256601, -1.1889288404986822, -0.17477820039404, -0.33202635582892, 0.18447229537355
1.009651192756435, -0.06810231819065901, -1.1387034303010777, -0.18351595094107, -0.32925091547115, 0.18527791552344
1.0088814732866016, -0.066059834583386, -1.1904214752140587, -0.16971940841899, -0.3245318294791, 0.18782849603719
0.98307471822127, -0.06877475424452001, -1.079190870318323, -0.17577696292861, -0.31306530132555, 0.18053017653833
0.97747315872774, -0.063876797431337, -1.0991444241069364, -0.18310543977983, -0.2773550201524, 0.18588454049936
0.97780352933263, -0.06212862274509601, -1.1266770320069972, -0.18997695079997, -0.29679050652187, 0.18945051012625
0.99547959286546, -0.062349987014424006, -1.1430396880763176, -0.17520523802639, -0.3155778132874, 0.18528373671485
0.98414304783507, -0.063253390136594, -1.1697093330239228, -0.16579141517393, -0.32662699472462, 0.19024497713886
0.98453887330057, -0.065468255767879, -1.1512272251982478, -0.18988331235809, -0.2004005861957, 0.19465610383352
0.95278779940517, -0.065014266499705, -1.2651140508852516, -0.18147108509107, -0.30362854544545, 0.19503816796907
0.95241726401944, -0.06613252381097401, -1.1238018064775592, -0.17815930755495, -0.32304817482611, 0.18801648540796
0.98086528420329, -0.06141089219476101, -1.138488588805278, -0.18256849874419, -0.32480231979851, 0.18898670812082
0.97975824632657, -0.06125053842598201, -1.1562104501069626, -0.18556533818058, -0.32329549011537, 0.19027756439113
0.99686884892976, -0.064665182567036, -1.1764481239026645, -0.17990192577059, -0.33084301627628, 0.18846877553858
0.97121662686867, -0.06616731442095901, -1.1447008328975667, -0.17397706863207, -0.34579840667791, 0.18038911763035
0.98411759894538, -0.064802376442989, -1.1846277541196402, -0.19524119413195, -0.35262205498564, 0.18311531138922
0.98483670461971, -0.068956535842652, -1.1755621825692435, -0.17797467854169, -0.3527348871345, 0.18443942607938
0.97143617589208, -0.063273733419018, -1.1514291196277133, -0.18346597896754, -0.34916343917961, 0.18891909382165
0.99421200409661, -0.06392774393897001, -1.1790400752413157, -0.18086298451907, -0.34069522927545, 0.17933855698207
0.98487137972278, -0.06526946432963701, -1.2389194685613305, -0.20160382440127, -0.21148620068646, 0.19518536536162
0.9198183374861, -0.065594842548843, -1.2369807785087112, -0.18296370887039, -0.30785143777181, 0.20172209411979
0.98093240936674, -0.064160213138229, -1.1562378308462449, -0.17894169854546, -0.34177248854302, 0.18339931442011
0.98963750587905, -0.06738169949624001, -1.1420330407345072, -0.17967495637722, -0.34952238594326, 0.18583635186649
1.0067432069773834, -0.06498467275748901, -1.1330491349288978, -0.18904544947999, -0.35215459509716, 0.17432439795887
1.0010873247177692, -0.066078788534935, -1.1257376249262532, -0.18065536033311, -0.35898589683645, 0.18555317048735
0.99824087344635, -0.060435303351525006, -1.105502475021733, -0.17918143814885, -0.34726957115811, 0.18251857925743
1.0051297419021108, -0.06074254504305401, -1.1407963740430134, -0.18383377271114, -0.34879854102973, 0.17993994343963
0.99893765998847, -0.06114095019521101, -1.1419641214193192, -0.18644977355094, -0.33393347469625, 0.1841788216949
1.0075877745382602, -0.06323082650841201, -1.159805121083325, -0.186661117012, -0.33434958077532, 0.183902973851
0.99491395152489, -0.067721001962422, -1.134711254803494, -0.17142289605563, -0.32163117799142, 0.17687651852331
0.96680808020808, -0.06517454836783501, -1.0586495762389168, -0.16965981931799, -0.34040952643813, 0.18385145560693
1.0049934675925667, -0.064829330627408, -1.1989280568786778, -0.19256168246908, -0.32719640096808, 0.17865078837383
0.98086030604457, -0.06682759507632301, -1.1278891969559466, -0.18159861771827, -0.3320352982296, 0.17925996838463
0.9846601498396, -0.066830463535759, -1.0831657134113, -0.17811471264187, -0.31216796676761, 0.19121032197044
0.96609628103476, -0.060069428149258, -1.2551140910655099, -0.20588848582699, -0.15304290454304, 0.19837796159333
0.92061457609171, -0.067339978307492, -1.2290617759171503, -0.18804085744785, -0.2928516546612, 0.20757524936083
0.97457569749301, -0.064460105792897, -1.1921459426258088, -0.18315314457975, -0.30982454635324, 0.1874242995866
0.95922529193891, -0.071176692615925, -1.1616295487996058, -0.17196945617809, -0.33522285367923, 0.19196085554398
0.99063522502455, -0.06741730408382901, -1.180900059840801, -0.18723581834023, -0.33997207337851, 0.19000319961949
0.96304258452099, -0.07480985977570001, -1.1783275515328715, -0.17705010959633, -0.34343345035589, 0.18810673737574
0.97486061166464, -0.07019725788110201, -1.1389954884256785, -0.18491250713328, -0.33625851863296, 0.18262366663584
0.98111242981237, -0.07306905908660101, -1.1921023236260857, -0.17688231164367, -0.33870751265353, 0.19215688312892
0.97409295543547, -0.06990690925135701, -1.151557443470375, -0.17979381437256, -0.33768980767166, 0.18860537310748
0.967979886638, -0.07649353410498301, -1.1984403822803746, -0.17278435322996, -0.34124884728633, 0.18114974409507
0.97403966060155, -0.06827582957375701, -1.1148941750158556, -0.18627529743006999, -0.34378864311546, 0.18743701723772
0.97306760915836, -0.076115345860468, -1.2106054711890215, -0.17981782388231, -0.34815344696418, 0.18657734895596
0.98188280824358, -0.07275481234280601, -1.170321037721488, -0.18175463328959, -0.34059655851169, 0.18366901988966
0.98466827506817, -0.06781288102063601, -1.1607332690866996, -0.17160411770228, -0.34793847124346, 0.1872491831754
0.98110120275228, -0.07016209763187001, -1.2073079238631763, -0.17025083508916, -0.33857642396528, 0.19158327145761
0.98433180968184, -0.06887248546769101, -1.1508154107907906, -0.1611674842326, -0.3217103138637, 0.19233967106661
0.99432713486889, -0.06834972065507601, -1.1829008790273927, -0.17315397602456, -0.32286791995223, 0.17893352019136
0.99175616458874, -0.07139895738639701, -1.2011599975867673, -0.17276512384516, -0.32137497445278, 0.18822328259476
0.98710425715362, -0.065838594715659, -1.1770500723142396, -0.17204448911452, -0.31535216029692, 0.18256706346948
0.97413822085892, -0.06806709403848901, -1.2132922998600844, -0.16012569674273, -0.30683229355669, 0.17932997971556
0.97304285494033, -0.068855609498863, -1.0777762435496117, -0.16550145690395, -0.31387535388316, 0.19159672917842
1.000942357706547, -0.06788395464869701, -1.2490384851417689, -0.17333089477886, -0.30996971180301, 0.19210446803028
0.96440072672084, -0.065206635808395, -1.108719428969039, -0.16842087756385, -0.3103555632207, 0.1904072973447
0.98584194682243, -0.06818991708939001, -1.2401500601068813, -0.1857052405537, -0.14916621464585, 0.1963143065474
0.93017973428306, -0.07059102897147, -1.233928323654001, -0.17369681934915, -0.30849085958396, 0.18265783160053
0.98766603525026, -0.07164575735678701, -1.165145377252066, -0.16707260869905, -0.33295163224478, 0.18453750545951
0.99279855225298, -0.06919843251299601, -1.171883274097864, -0.16456406600559, -0.33853255961554, 0.17376890933736
0.97565137416686, -0.06864365968753901, -1.1270107472783049, -0.16545274488307, -0.37336364667927, 0.18607383392263
1.0129052838699817, -0.073052833713474, -1.1907908720154567, -0.17386707000095, -0.36294826538878, 0.188339560557
0.97836520207853, -0.070924415881743, -1.1568063073879395, -0.16931402189091, -0.36073673782568, 0.18860416723494
0.99000763043957, -0.066940849567484, -1.1164451252275422, -0.17422711607608, -0.36009830857554, 0.17877279619237
1.019422051405688, -0.06793300047961201, -1.175627252371596, -0.17129625506758, -0.35082613570756, 0.19045392877833
1.007352313315848, -0.067226769244478, -1.1296027016492165, -0.18056000385957, -0.36248263308261, 0.18262838274153
0.99279075067575, -0.06575842429422, -1.1530549147616291, -0.18161294346821, -0.36386800152777, 0.17548537616768
1.0016494478532716, -0.069279418641427, -1.1241629841290801, -0.17662465877232, -0.35601453947683, 0.18218628941597
1.0035119678812552, -0.070686619013095, -1.1792649652689133, -0.1788751158089, -0.34829484820084, 0.18350014974005
1.0103882445075192, -0.07215308873993201, -1.1504726246591372, -0.17303073210126, -0.3477389871161, 0.18940384626591
1.0097169369322132, -0.07389981586683801, -1.164235519192613, -0.17462570318963, -0.34454459042308, 0.1971141285297
1.0182714273469613, -0.070191537842096, -1.1463894494688014, -0.17030294750156, -0.33025124445458, 0.19674462330987
1.0090569906037468, -0.07717245202204401, -1.1686792549124316, -0.17009380484657, -0.32356006023577, 0.19836293100675
1.0052484865750255, -0.081195524235355, -1.1640164670162176, -0.16730016678686999, -0.32131411073712, 0.20580466208338
1.0143523312288942, -0.081941466363526, -1.195494133411552, -0.16487198983333, -0.32676504693635, 0.20453530983994
0.9906273048937, -0.08384691495481501, -1.13089217553132, -0.14860722536379, -0.36096376830059, 0.20542042161906
1.0292600028710168, -0.08194250980904501, -1.2186880774886424, -0.17708282120432, -0.32549540152679, 0.20094323967909
0.99719968042876, -0.081423103253366, -1.1617959697448423, -0.14970878650957, -0.3395885136665, 0.20970745119602
0.99266004516701, -0.08265877937081301, -1.0918834392439947, -0.1727024096248, -0.32218450372237, 0.20300443401957
1.006462739426942, -0.07835505107484701, -1.1721306881493534, -0.1660690029208, -0.34228592019273, 0.20359742059278
1.0013870612617135, -0.078525455266315, -1.17308235567585, -0.17099762063949, -0.36072198490275, 0.19539371122966
0.99453681247583, -0.08344936689422201, -1.223744835584199, -0.16268114455905, -0.38046262350626, 0.20180217156994
0.98146735586678, -0.081248829114586, -1.146468796363591, -0.16997550922898, -0.38047085820625, 0.1981608534894
0.98568290960755, -0.08083300668693401, -1.2337403526525794, -0.17217291731426, -0.38204400196952, 0.20252303559725
0.97963218175344, -0.079593575303218, -1.1811174286357542, -0.16812221464708, -0.37785843458184, 0.20147065807647
1.0096754187083157, -0.076493148305927, -1.1691456077679772, -0.17566631601407, -0.36570366919638, 0.20242811319608
1.0061163023965642, -0.07561919272114201, -1.1837629773776601, -0.16822902348473, -0.36583336474051, 0.20480333042021
1.0023897176132839, -0.075015006001014, -1.1597116000831889, -0.17073405141336, -0.35767113517926, 0.20123689921616
0.99709333235975, -0.075480424011934, -1.1571126207442304, -0.16357783259128, -0.3664768312045, 0.20278677053614
1.0035078043125498, -0.079591978507174, -1.1536599722637377, -0.18209674720683, -0.37973088392061, 0.19488689835633
1.0020276915917234, -0.077427201673397, -1.1929725081554912, -0.17118833481992, -0.38700259884764, 0.19657142908364
1.0062763353372959, -0.072953520079236, -1.175286539566728, -0.16494984096063, -0.37812506605038, 0.20186469681008
1.0000803860023253, -0.072921863657082, -1.1911415131770804, -0.16737590483118, -0.35223291290714, 0.1967979726284
1.0037161781598667, -0.07096242108912801, -1.1632877868964189, -0.16934500417631, -0.35211808128917, 0.20281751058946
1.000566547569189, -0.07078244124978901, -1.1569656846780734, -0.17259014150288, -0.35191526253071, 0.20042186432925
0.9913833864934, -0.07126060422744901, -1.1366018512567733, -0.15988899284921, -0.36064432107224, 0.20194848916334
0.99370965465505, -0.07693769036564001, -1.1461011402648804, -0.18214415325304, -0.33524723639139997, 0.20374494716058
1.0142591309744562, -0.071393391461537, -1.1983745863782609, -0.15410896122279, -0.35790488328756, 0.20793216066163
0.98063307133867, -0.07361225703075501, -1.1265606428160237, -0.16692314087758, -0.34863594703837, 0.20268922807762
0.98708662711211, -0.06938698645732101, -1.14802236162815, -0.16488355693642, -0.34588461140859, 0.20746891309894
0.99770037994398, -0.07175600427532701, -1.1712069806220295, -0.17062765779407, -0.36302771798059, 0.20300621902448
0.98893936261534, -0.07022268921454501, -1.2100114833878943, -0.15332633841643, -0.39080359781402, 0.19733438471724
0.99591518816107, -0.07274921530971501, -1.2354158608058081, -0.17926977324738, -0.38278898529183, 0.20774429339981
0.95753497000085, -0.07372929461975901, -1.1998041430501152, -0.16160280094164, -0.36996027564245, 0.20974622199157
0.99323455595509, -0.074194774330571, -1.2017839466682272, -0.17274103716642, -0.37747816833965, 0.20877124179089
0.99118218205122, -0.07362295893526201, -1.2066127264711621, -0.16476786879204, -0.38245228256209, 0.20308694432167
1.0022416810197188, -0.070783993090378, -1.2223021756003545, -0.16218197725626, -0.37956064887708, 0.20995799428097
0.98871040179345, -0.075517129453124, -1.1985802927438405, -0.15691081789416, -0.3670712568243, 0.20539149828873
0.99830814300582, -0.075175619776918, -1.2151499139809476, -0.14966845871127, -0.37476439891506, 0.21289231604578
1.003610010819778, -0.07298811354706, -1.2012473750881532, -0.14713242450273, -0.38138814183611, 0.20711352973158
0.99444840777383, -0.074368054930582, -1.1388247501528217, -0.14860363180312, -0.39070007115735, 0.20553520658572
1.0260079522390133, -0.07225384247046, -1.2173801966376114, -0.16898455517962999, -0.38406376351308, 0.2083680165538
0.98987341682493, -0.076669674459911, -1.1692049802794566, -0.15567252348193, -0.37262678871106, 0.21132309683292
1.002539033388353, -0.07288262468742801, -1.1792167855466744, -0.15421050996556, -0.36591891776479, 0.20865874902259
1.0182607112674162, -0.07079802371476, -1.1995284747679382, -0.15539180093654, -0.37625230734346, 0.21568059889034
1.0059736976818971, -0.07567001292368501, -1.1739189672098511, -0.16480135340337, -0.37878202970774, 0.21029630600549
1.0121124523795788, -0.076619976023215, -1.1903497899551196, -0.16133898689178, -0.37587248961852, 0.2093317384843
0.99592894640984, -0.074500031752044, -1.1796010216621031, -0.15363282109278, -0.35875818373731, 0.20806583800317
0.98838604383037, -0.07399928419085601, -1.1590644424871603, -0.14702419402947, -0.37426195080214, 0.20743826669893
1.0209894360219594, -0.07383904518336301, -1.2336209887239742, -0.16827196571134, -0.3576758368472, 0.21183310312006
1.0060430328871839, -0.078660104725413, -1.202479302997547, -0.15280521523113, -0.37963483537104, 0.21265549032848
0.99841452720556, -0.074015146813349, -1.142705816405531, -0.16015635436274, -0.35281100649915, 0.21200831455871
1.0038342657940917, -0.07517618460757401, -1.2234427405208883, -0.15619597332558, -0.36479858006279, 0.20850734984287
1.0036091155143871, -0.074665478566562, -1.2132700077773284, -0.15812427890058, -0.37650200069369, 0.2106483760717
0.9984490759708, -0.076331570471803, -1.214764539867637, -0.16463728564108, -0.38090110619292, 0.21128137913617
0.97916512620398, -0.079200112852636, -1.243029154062057, -0.15656584630809, -0.37665730005658, 0.21221520423401
0.97376278586011, -0.080698559866687, -1.2087644904523485, -0.16442446837036, -0.39290009622035, 0.21697674135991
0.94993531186766, -0.084761023198944, -1.315640268020826, -0.17008643327208, -0.2948732123207, 0.21099855370092
0.94147892597578, -0.07749346356134901, -1.2639210953216433, -0.16717059026408, -0.35125541881743, 0.22668050252876
0.99808942890817, -0.075906648402132, -1.2087219930657187, -0.16411934346131, -0.3614248564302, 0.21665042210626
0.99234466806204, -0.07748736196103001, -1.2069932578746023, -0.1663685383529, -0.36944194371925, 0.22231769823657
0.98750233549228, -0.07893785522381, -1.2112456699219318, -0.16102075486234, -0.38145815659813, 0.2169288618249
0.99255200328285, -0.07126574154508501, -1.170762027238201, -0.157810825722, -0.39011928886253, 0.22129504655536
1.0083348549180078, -0.074723685415588, -1.248420639557892, -0.16251702616008, -0.37622522366715, 0.22340245397475
1.010514440326583, -0.076567497466222, -1.1867614946082738, -0.17214047502413, -0.36963908869944, 0.21971449207645
1.0121704182018942, -0.07639539886403, -1.242775069755091, -0.15444702523124, -0.38242649384099, 0.22658363438298
1.0168481639258529, -0.07427835996981301, -1.2081938215840133, -0.16031877030914, -0.37138728681869, 0.21701291510675
1.007121409984734, -0.07336571162978, -1.197231589631846, -0.16662345502388, -0.33859245069858, 0.20954116016882
1.001846458170057, -0.070897019972582, -1.21715196646604, -0.15996998148848, -0.35175394580648, 0.21121795837041
1.0088122681512626, -0.070384678735311, -1.211800663644957, -0.16380736647157, -0.35435901033005, 0.21382049816285
1.021093975065257, -0.07429352527836301, -1.2298822673585295, -0.16612067905047, -0.34320823839478, 0.20899804892788
0.99160946845048, -0.07580936984823901, -1.1653918965021435, -0.14561106845536, -0.36767504865628, 0.22372209524249
1.0355130094320772, -0.072362777697346, -1.27676743288301, -0.1765304090997, -0.33581870602443, 0.2084908512708
0.98289243412571, -0.07682381206878801, -1.1842159432121542, -0.14393896589731, -0.35427776412645, 0.22112295979617
0.99357389168814, -0.06984857618020901, -1.142842740298411, -0.16298810748111, -0.33314538060085, 0.22090018267467
0.997270433058, -0.07918033655772001, -1.2152943293140217, -0.16345966516002, -0.35153186459307, 0.22097502291552
1.0032648479952355, -0.07343420738976601, -1.2291467279216968, -0.16621830054575, -0.36027242413371, 0.20534327029163
1.0009255950127045, -0.07758483533071, -1.236139518054768, -0.15528037035551, -0.37012725804836, 0.20679816158274
0.9724258444828, -0.075073032918354, -1.1991736300422726, -0.15839888113241, -0.38095906142471, 0.21031065824336
1.014929271044045, -0.07615653790934501, -1.270541810291987, -0.17012715514255, -0.37628993864109, 0.21210054272391
0.97413420078392, -0.08095215906639, -1.2220646061864597, -0.15957064698913, -0.37541468403412, 0.21441749295337
0.98722926558592, -0.076073557738663, -1.1971683439554945, -0.16870439096854, -0.37664017230204, 0.21561619951928
0.99608863551231, -0.071208742371394, -1.208440233610272, -0.16323451769281, -0.36678642544169, 0.21184925023868
1.0024632785414438, -0.07228184391629, -1.2143753961594745, -0.16463840534426, -0.36896184603018, 0.21797605463381
1.0033242665685882, -0.073384529618507, -1.2073274711869577, -0.15856856811851, -0.38535151149639, 0.20374847144135
1.015362818830025, -0.074469914527727, -1.2003790424977026, -0.16764590454521, -0.3850806962727, 0.21549745996059
1.011071620354604, -0.07243605682315, -1.269197159345562, -0.1635745347072, -0.38545892762631, 0.21524727452597
0.99634438722213, -0.073782216064723, -1.1622565467088322, -0.15361014676489, -0.3666006804051, 0.21347722951123
1.0083165888395866, -0.067978384990968, -1.2289614230675068, -0.16414507023699, -0.34891348474656, 0.20683427430487
0.9865227320616899, -0.0693983758872, -1.1384882552251112, -0.1627226940364, -0.3468166729342, 0.21315303653701
1.0182978950143968, -0.07081871161138201, -1.2067816979176222, -0.1643981402217, -0.34911190896327, 0.21468844823667
1.0023926550345696, -0.075070796659848, -1.2101585357485574, -0.15853656104403, -0.34083722186685, 0.20385526994864
0.98222325324573, -0.073592748765287, -1.1514232628280865, -0.15107289038665, -0.36167532276731, 0.21318907803577
1.0255453122917277, -0.070210008684499, -1.2575463555600792, -0.17535002226349, -0.34095797574341, 0.20979847729448
0.98037612694834, -0.072160219272261, -1.171304621788584, -0.15716371043932, -0.3637910542573, 0.21171498767945
0.99616500632435, -0.06691349874358901, -1.1388247286413353, -0.16181947368772, -0.34828509651715, 0.20831659305011
0.99473284132651, -0.07061812109276201, -1.1875728949139828, -0.16549456976875, -0.35420153013855, 0.21674651157397
1.00529037225794, -0.065113947288957, -1.1981518019416135, -0.16536850942443, -0.37014308605296, 0.20513347387393
0.98722571979202, -0.07784722487522601, -1.3118661181525066, -0.15502507165287, -0.34273186846578, 0.20232894697718
0.94829380408698, -0.071063968088393, -1.3174538590260079, -0.18910935745989, -0.25414528549103, 0.21648534008679
0.9260496116397, -0.074616214890747, -1.3059355783825919, -0.17169969856911, -0.38082232919975, 0.20370636446191
0.97504226220506, -0.06962767182028701, -1.2137354323436698, -0.1678697575094, -0.3874763932242, 0.21934791958899
1.0018706953076937, -0.067265637078167, -1.1966981174958602, -0.16721356154304, -0.3711569937162, 0.21190719407446
0.9958205958752, -0.07108184678736401, -1.210092908119905, -0.17000599966999, -0.37315575744693, 0.22129139268202
1.02550859333016, -0.064776342140652, -1.178159733727727, -0.17048831806703, -0.3693206021556, 0.22014664773375
1.0032275685289571, -0.073950647402544, -1.164612867921993, -0.16071518178388, -0.38857056253332, 0.20823583579841
1.0035899434940299, -0.068119236509652, -1.2235426478756433, -0.19022805023467, -0.37888380361987, 0.20401352454075
0.98813896341021, -0.06727480317845201, -1.1869012991915968, -0.16531641177361, -0.36652905859722, 0.21078641417481
1.0000586482085665, -0.06342940791698, -1.1949872082201547, -0.17063121461782, -0.37304503881163, 0.21667919285584
1.0250413806783398, -0.063690854155677, -1.1851779261863196, -0.15604891332982, -0.36304799543808, 0.21775679996237
1.019178107704878, -0.061618715891448, -1.1643401239737834, -0.1635223338517, -0.35113197281692, 0.21189438659043
1.008007710837051, -0.066291691604485, -1.1956507212461593, -0.16205455908935, -0.34794307139983, 0.21005569715976
1.0088266384560316, -0.062785635612591, -1.174697543816427, -0.16511101377746, -0.34051899333794, 0.20535305477918
1.0050594719622579, -0.06456780925371901, -1.2051025367504093, -0.15160638526976, -0.36203148608201, 0.21081943359029
1.0056675395919454, -0.069106764586121, -1.1731690766610345, -0.16810042526047, -0.33526290581935, 0.20981406377173
1.0153134964198647, -0.06322248890361301, -1.2014661738346935, -0.14995497750114, -0.35080133011509, 0.21301540815962
0.98974196011352, -0.061734172625151004, -1.1242487003914556, -0.15644888019957, -0.34295836498483, 0.20839938637102
0.99189422243949, -0.064590363800272, -1.161418329183716, -0.15783648803876, -0.33423414491809, 0.20904857746905
0.98203998214958, -0.069550149116106, -1.1769078210811441, -0.16353145325884, -0.35578780802522, 0.20496894787017
0.99299209117935, -0.071622388587951, -1.2020717394487437, -0.15675842761915, -0.37509807952816, 0.20151805886589
0.96324540553151, -0.068373637537011, -1.1763601366804617, -0.16207929191318, -0.39830632628065, 0.20924784909244
1.004156199177983, -0.07104047320277801, -1.2380446358189692, -0.17262316066412, -0.38440825119451, 0.21097305911243
0.95600214604621, -0.073820749951382, -1.1809066895198417, -0.1568917674973, -0.3804875934949, 0.21532523355576
0.99280809604592, -0.07039372439482401, -1.1706579967997353, -0.16144917299769, -0.37904884345551, 0.21735812046945
1.0003185309877956, -0.06773500115075301, -1.1995235077412707, -0.16618383683103, -0.37429893176697, 0.21080948985595
0.98182049280466, -0.069615592733571, -1.1755032484306094, -0.16716634445617, -0.37216211877749, 0.21565596769764
0.98552737515134, -0.070487567392369, -1.165742517611955, -0.16078594080143, -0.3817902859073, 0.20529431631753
0.99209044172192, -0.06814794256379801, -1.1544722211028318, -0.16397425603398, -0.38510294869447, 0.21551872280422
0.99700684778289, -0.070389612936172, -1.231045621512994, -0.17090876232842, -0.37695818287231, 0.2089986901827
0.99615674508702, -0.06681469576325601, -1.1543149239800692, -0.16372023420941, -0.37401424690887, 0.21134086310862
